22:04:04 §f                                  §6§lBESTIARY
22:04:04 §f                            §b§lAutomaton §7§89 §8➡§b §b10
22:04:04 
22:04:04                                   §r§6§lREWARDS
22:04:04                         §r§8+§r§a3 Automaton §r§b✯ Magic Find
22:04:04                         §r§8+§r§a3 Automaton §r§c❁ Strength
22:04:04                             §r§8+§r§62% §r§aAutomaton §r§7coins
22:04:04                     §r§8+§r§a50% §r§7chance for extra XP orbs
22:04:04                                §r§8+§r§b1 SkyBlock XP
22:04:04 
22:04:04 §3§l▬▬▬▬▬▬▬▬▬▬▬▬▬▬▬▬▬▬▬▬▬▬▬▬▬▬▬▬▬▬▬▬▬▬▬▬▬▬▬▬▬▬▬▬▬▬▬▬▬▬▬▬▬▬▬▬▬▬▬▬▬▬▬▬
22:45:11 §f                                  §6§lBESTIARY
22:45:11 §f                              §b§lZealot §7§813 §8➡§b §b14
22:45:11 
22:45:11                                   §r§6§lREWARDS
22:45:11                           §r§8+§r§a4 Zealot §r§b✯ Magic Find
22:45:11                            §r§8+§r§a4 Zealot §r§c❁ Strength
22:45:11                               §r§8+§r§62% §r§aZealot §r§7coins
22:45:11                     §r§8+§r§a50% §r§7chance for extra XP orbs
22:45:11                                §r§8+§r§b1 SkyBlock XP
22:45:11 
22:45:11 §3§l▬▬▬▬▬▬▬▬▬▬▬▬▬▬▬▬▬▬▬▬▬▬▬▬▬▬▬▬▬▬▬▬▬▬▬▬▬▬▬▬▬▬▬▬▬▬▬▬▬▬▬▬▬▬▬▬▬▬▬▬▬▬▬▬
23:28:55 §f                                  §6§lBESTIARY
23:28:55 §f                              §b§lZealot §7§814 §8➡§b §b15
23:28:55 
23:28:55                                   §r§6§lREWARDS
23:28:55                           §r§8+§r§a4 Zealot §r§b✯ Magic Find
23:28:55                            §r§8+§r§a4 Zealot §r§c❁ Strength
23:28:55                               §r§8+§r§62% §r§aZealot §r§7coins
23:28:55                     §r§8+§r§a50% §r§7chance for extra XP orbs
23:28:55                                §r§8+§r§b1 SkyBlock XP
23:28:55 
23:28:55 §3§l▬▬▬▬▬▬▬▬▬▬▬▬▬▬▬▬▬▬▬▬▬▬▬▬▬▬▬▬▬▬▬▬▬▬▬▬▬▬▬▬▬▬▬▬▬▬▬▬▬▬▬▬▬▬▬▬▬▬▬▬▬▬▬▬
23:47:48 §f                                  §6§lBESTIARY
23:47:48 §f                              §b§lZealot §7§815 §8➡§b §b16
23:47:48 
23:47:48                                   §r§6§lREWARDS
23:47:48                           §r§8+§r§a5 Zealot §r§b✯ Magic Find
23:47:48                            §r§8+§r§a5 Zealot §r§c❁ Strength
23:47:48                               §r§8+§r§62% §r§aZealot §r§7coins
23:47:48                     §r§8+§r§a50% §r§7chance for extra XP orbs
23:47:48                                §r§8+§r§b1 SkyBlock XP
23:47:48 
23:47:48 §3§l▬▬▬▬▬▬▬▬▬▬▬▬▬▬▬▬▬▬▬▬▬▬▬▬▬▬▬▬▬▬▬▬▬▬▬▬▬▬▬▬▬▬▬▬▬▬▬▬▬▬▬▬▬▬▬▬▬▬▬▬▬▬▬▬
00:17:53 §f                                  §6§lBESTIARY
00:17:53 §f                                §b§lSea Witch §7§b1
00:17:53 
00:17:53                                   §r§6§lREWARDS
00:17:53                         §r§8+§r§a2 Sea Witch §r§b✯ Magic Find
00:17:53                          §r§8+§r§a2 Sea Witch §r§c❁ Strength
00:17:53                             §r§8+§r§62% §r§aSea Witch §r§7coins
00:17:53                     §r§8+§r§a50% §r§7chance for extra XP orbs
00:17:53                                §r§8+§r§b1 SkyBlock XP
00:17:53 
00:17:53 §3§l▬▬▬▬▬▬▬▬▬▬▬▬▬▬▬▬▬▬▬▬▬▬▬▬▬▬▬▬▬▬▬▬▬▬▬▬▬▬▬▬▬▬▬▬▬▬▬▬▬▬▬▬▬▬▬▬▬▬▬▬▬▬▬▬
00:17:55 §f                                  §6§lBESTIARY
00:17:55 §f                          §b§lSea Guardian §7§81 §8➡§b §b2
00:17:55 
00:17:55                                   §r§6§lREWARDS
00:17:55                       §r§8+§r§a2 Sea Guardian §r§b✯ Magic Find
00:17:55                       §r§8+§r§a2 Sea Guardian §r§c❁ Strength
00:17:55                           §r§8+§r§62% §r§aSea Guardian §r§7coins
00:17:55                     §r§8+§r§a50% §r§7chance for extra XP orbs
00:17:55                                §r§8+§r§b1 SkyBlock XP
00:17:55 
00:17:55 §3§l▬▬▬▬▬▬▬▬▬▬▬▬▬▬▬▬▬▬▬▬▬▬▬▬▬▬▬▬▬▬▬▬▬▬▬▬▬▬▬▬▬▬▬▬▬▬▬▬▬▬▬▬▬▬▬▬▬▬▬▬▬▬▬▬
00:17:55 §f                                  §6§lBESTIARY
00:17:55 §f                               §b§lCatfish §7§81 §8➡§b §b2
00:17:55 
00:17:55                                   §r§6§lREWARDS
00:17:55                           §r§8+§r§a2 Catfish §r§b✯ Magic Find
00:17:55                           §r§8+§r§a2 Catfish §r§c❁ Strength
00:17:55                               §r§8+§r§62% §r§aCatfish §r§7coins
00:17:55                     §r§8+§r§a50% §r§7chance for extra XP orbs
00:17:55                                §r§8+§r§b1 SkyBlock XP
00:17:55 
00:17:55 §3§l▬▬▬▬▬▬▬▬▬▬▬▬▬▬▬▬▬▬▬▬▬▬▬▬▬▬▬▬▬▬▬▬▬▬▬▬▬▬▬▬▬▬▬▬▬▬▬▬▬▬▬▬▬▬▬▬▬▬▬▬▬▬▬▬
00:17:56 §f                                  §6§lBESTIARY
00:17:56 §f                             §b§lSea Witch §7§81 §8➡§b §b2
00:17:56 
00:17:56                                   §r§6§lREWARDS
00:17:56                         §r§8+§r§a2 Sea Witch §r§b✯ Magic Find
00:17:56                          §r§8+§r§a2 Sea Witch §r§c❁ Strength
00:17:56                             §r§8+§r§62% §r§aSea Witch §r§7coins
00:17:56                     §r§8+§r§a50% §r§7chance for extra XP orbs
00:17:56                                §r§8+§r§b1 SkyBlock XP
00:17:56 
00:17:56 §3§l▬▬▬▬▬▬▬▬▬▬▬▬▬▬▬▬▬▬▬▬▬▬▬▬▬▬▬▬▬▬▬▬▬▬▬▬▬▬▬▬▬▬▬▬▬▬▬▬▬▬▬▬▬▬▬▬▬▬▬▬▬▬▬▬
00:18:00 §f                                  §6§lBESTIARY
00:18:00 §f                         §b§lTrash Gobbler §7§83 §8➡§b §b4
00:18:00 
00:18:00                                   §r§6§lREWARDS
00:18:00                      §r§8+§r§a2 Trash Gobbler §r§b✯ Magic Find
00:18:00                       §r§8+§r§a2 Trash Gobbler §r§c❁ Strength
00:18:00                          §r§8+§r§62% §r§aTrash Gobbler §r§7coins
00:18:00                     §r§8+§r§a50% §r§7chance for extra XP orbs
00:18:00                                §r§8+§r§b1 SkyBlock XP
00:18:00 
00:18:00 §3§l▬▬▬▬▬▬▬▬▬▬▬▬▬▬▬▬▬▬▬▬▬▬▬▬▬▬▬▬▬▬▬▬▬▬▬▬▬▬▬▬▬▬▬▬▬▬▬▬▬▬▬▬▬▬▬▬▬▬▬▬▬▬▬▬
00:18:01 §f                                  §6§lBESTIARY
00:18:01 §f                          §b§lBayou Sludge §7§81 §8➡§b §b2
00:18:01 
00:18:01                                   §r§6§lREWARDS
00:18:01                       §r§8+§r§a2 Bayou Sludge §r§b✯ Magic Find
00:18:01                       §r§8+§r§a2 Bayou Sludge §r§c❁ Strength
00:18:01                           §r§8+§r§62% §r§aBayou Sludge §r§7coins
00:18:01                     §r§8+§r§a50% §r§7chance for extra XP orbs
00:18:01                                §r§8+§r§b1 SkyBlock XP
00:18:01 
00:18:01   §r§f                         §6§lBESTIARY MILESTONE
00:18:01   §r§f                                    §880➡§e81
00:18:01 §6§lBESTIARY MILESTONE §880➡§e81
00:18:01 §6§lBESTIARY MILESTONE §880➡§e81
00:18:01 §6§lBESTIARY MILESTONE §880➡§e81
00:18:01 §6§lBESTIARY MILESTONE §880➡§e81
00:18:01 
00:18:05 §f                                  §6§lBESTIARY
00:18:05 §f                         §b§lDumpster Diver §7§82 §8➡§b §b3
00:18:05 
00:18:05                                   §r§6§lREWARDS
00:18:05                     §r§8+§r§a2 Dumpster Diver §r§b✯ Magic Find
00:18:05                      §r§8+§r§a2 Dumpster Diver §r§c❁ Strength
00:18:05                         §r§8+§r§62% §r§aDumpster Diver §r§7coins
00:18:05                     §r§8+§r§a50% §r§7chance for extra XP orbs
00:18:05                                §r§8+§r§b1 SkyBlock XP
00:18:05 
00:18:05 §3§l▬▬▬▬▬▬▬▬▬▬▬▬▬▬▬▬▬▬▬▬▬▬▬▬▬▬▬▬▬▬▬▬▬▬▬▬▬▬▬▬▬▬▬▬▬▬▬▬▬▬▬▬▬▬▬▬▬▬▬▬▬▬▬▬
00:18:08 §f                                  §6§lBESTIARY
00:18:08 §f                          §b§lRider of the Deep §7§b1
00:18:08 
00:18:08                                   §r§6§lREWARDS
00:18:08                    §r§8+§r§a2 Rider of the Deep §r§b✯ Magic Find
00:18:08                     §r§8+§r§a2 Rider of the Deep §r§c❁ Strength
00:18:08                        §r§8+§r§62% §r§aRider of the Deep §r§7coins
00:18:08                     §r§8+§r§a50% §r§7chance for extra XP orbs
00:18:08                                §r§8+§r§b1 SkyBlock XP
00:18:08 
00:18:08 §3§l▬▬▬▬▬▬▬▬▬▬▬▬▬▬▬▬▬▬▬▬▬▬▬▬▬▬▬▬▬▬▬▬▬▬▬▬▬▬▬▬▬▬▬▬▬▬▬▬▬▬▬▬▬▬▬▬▬▬▬▬▬▬▬▬
00:19:23 §f                                  §6§lBESTIARY
00:19:23 §f                            §b§lSea Walker §7§82 §8➡§b §b3
00:19:23 
00:19:23                                   §r§6§lREWARDS
00:19:23                        §r§8+§r§a2 Sea Walker §r§b✯ Magic Find
00:19:23                         §r§8+§r§a2 Sea Walker §r§c❁ Strength
00:19:23                            §r§8+§r§62% §r§aSea Walker §r§7coins
00:19:23                     §r§8+§r§a50% §r§7chance for extra XP orbs
00:19:23                                §r§8+§r§b1 SkyBlock XP
00:19:23 
00:19:23 §3§l▬▬▬▬▬▬▬▬▬▬▬▬▬▬▬▬▬▬▬▬▬▬▬▬▬▬▬▬▬▬▬▬▬▬▬▬▬▬▬▬▬▬▬▬▬▬▬▬▬▬▬▬▬▬▬▬▬▬▬▬▬▬▬▬
00:19:26 §f                                  §6§lBESTIARY
00:19:26 §f                             §b§lSea Witch §7§82 §8➡§b §b3
00:19:26 
00:19:26                                   §r§6§lREWARDS
00:19:26                         §r§8+§r§a2 Sea Witch §r§b✯ Magic Find
00:19:26                          §r§8+§r§a2 Sea Witch §r§c❁ Strength
00:19:26                             §r§8+§r§62% §r§aSea Witch §r§7coins
00:19:26                     §r§8+§r§a50% §r§7chance for extra XP orbs
00:19:26                                §r§8+§r§b1 SkyBlock XP
00:19:26 
00:19:26 §3§l▬▬▬▬▬▬▬▬▬▬▬▬▬▬▬▬▬▬▬▬▬▬▬▬▬▬▬▬▬▬▬▬▬▬▬▬▬▬▬▬▬▬▬▬▬▬▬▬▬▬▬▬▬▬▬▬▬▬▬▬▬▬▬▬
00:19:26 §f                                  §6§lBESTIARY
00:19:26 §f                              §b§lBanshee §7§82 §8➡§b §b3
00:19:26 
00:19:26                                   §r§6§lREWARDS
00:19:26                          §r§8+§r§a2 Banshee §r§b✯ Magic Find
00:19:26                          §r§8+§r§a2 Banshee §r§c❁ Strength
00:19:26                              §r§8+§r§62% §r§aBanshee §r§7coins
00:19:26                     §r§8+§r§a50% §r§7chance for extra XP orbs
00:19:26                                §r§8+§r§b1 SkyBlock XP
00:19:26 
00:19:26 §3§l▬▬▬▬▬▬▬▬▬▬▬▬▬▬▬▬▬▬▬▬▬▬▬▬▬▬▬▬▬▬▬▬▬▬▬▬▬▬▬▬▬▬▬▬▬▬▬▬▬▬▬▬▬▬▬▬▬▬▬▬▬▬▬▬
00:19:39 §f                                  §6§lBESTIARY
00:19:39 §f                         §b§lDumpster Diver §7§83 §8➡§b §b4
00:19:39 
00:19:39                                   §r§6§lREWARDS
00:19:39                     §r§8+§r§a2 Dumpster Diver §r§b✯ Magic Find
00:19:39                      §r§8+§r§a2 Dumpster Diver §r§c❁ Strength
00:19:39                         §r§8+§r§62% §r§aDumpster Diver §r§7coins
00:19:39                     §r§8+§r§a50% §r§7chance for extra XP orbs
00:19:39                                §r§8+§r§b1 SkyBlock XP
00:19:39 
00:19:39 §3§l▬▬▬▬▬▬▬▬▬▬▬▬▬▬▬▬▬▬▬▬▬▬▬▬▬▬▬▬▬▬▬▬▬▬▬▬▬▬▬▬▬▬▬▬▬▬▬▬▬▬▬▬▬▬▬▬▬▬▬▬▬▬▬▬
00:19:48 §f                                  §6§lBESTIARY
00:19:48 §f                               §b§lCatfish §7§82 §8➡§b §b3
00:19:48 
00:19:48                                   §r§6§lREWARDS
00:19:48                           §r§8+§r§a2 Catfish §r§b✯ Magic Find
00:19:48                           §r§8+§r§a2 Catfish §r§c❁ Strength
00:19:48                               §r§8+§r§62% §r§aCatfish §r§7coins
00:19:48                     §r§8+§r§a50% §r§7chance for extra XP orbs
00:19:48                                §r§8+§r§b1 SkyBlock XP
00:19:48 
00:19:48 §3§l▬▬▬▬▬▬▬▬▬▬▬▬▬▬▬▬▬▬▬▬▬▬▬▬▬▬▬▬▬▬▬▬▬▬▬▬▬▬▬▬▬▬▬▬▬▬▬▬▬▬▬▬▬▬▬▬▬▬▬▬▬▬▬▬
00:20:01 §f                                  §6§lBESTIARY
00:20:01 §f                            §b§lSea Archer §7§82 §8➡§b §b3
00:20:01 
00:20:01                                   §r§6§lREWARDS
00:20:01                        §r§8+§r§a2 Sea Archer §r§b✯ Magic Find
00:20:01                        §r§8+§r§a2 Sea Archer §r§c❁ Strength
00:20:01                            §r§8+§r§62% §r§aSea Archer §r§7coins
00:20:01                     §r§8+§r§a50% §r§7chance for extra XP orbs
00:20:01                                §r§8+§r§b1 SkyBlock XP
00:20:01 
00:20:01 §3§l▬▬▬▬▬▬▬▬▬▬▬▬▬▬▬▬▬▬▬▬▬▬▬▬▬▬▬▬▬▬▬▬▬▬▬▬▬▬▬▬▬▬▬▬▬▬▬▬▬▬▬▬▬▬▬▬▬▬▬▬▬▬▬▬
00:20:02 §f                                  §6§lBESTIARY
00:20:02 §f                                §b§lSquid §7§81 §8➡§b §b2
00:20:02 
00:20:02                                   §r§6§lREWARDS
00:20:02                            §r§8+§r§a2 Squid §r§b✯ Magic Find
00:20:02                            §r§8+§r§a2 Squid §r§c❁ Strength
00:20:02                                §r§8+§r§62% §r§aSquid §r§7coins
00:20:02                     §r§8+§r§a50% §r§7chance for extra XP orbs
00:20:02                                §r§8+§r§b1 SkyBlock XP
00:20:02 
00:20:02 §3§l▬▬▬▬▬▬▬▬▬▬▬▬▬▬▬▬▬▬▬▬▬▬▬▬▬▬▬▬▬▬▬▬▬▬▬▬▬▬▬▬▬▬▬▬▬▬▬▬▬▬▬▬▬▬▬▬▬▬▬▬▬▬▬▬
00:20:03 §f                                  §6§lBESTIARY
00:20:03 §f                        §b§lDeep Sea Protector §7§b1
00:20:03 
00:20:03                                   §r§6§lREWARDS
00:20:03                  §r§8+§r§a2 Deep Sea Protector §r§b✯ Magic Find
00:20:03                   §r§8+§r§a2 Deep Sea Protector §r§c❁ Strength
00:20:03                      §r§8+§r§62% §r§aDeep Sea Protector §r§7coins
00:20:03                     §r§8+§r§a50% §r§7chance for extra XP orbs
00:20:03                                §r§8+§r§b1 SkyBlock XP
00:20:03 
00:20:03   §r§f                         §6§lBESTIARY MILESTONE
00:20:03   §r§f                                    §881➡§e82
00:20:03 §6§lBESTIARY MILESTONE §881➡§e82
00:20:03 §6§lBESTIARY MILESTONE §881➡§e82
00:20:03 §6§lBESTIARY MILESTONE §881➡§e82
00:20:03 §6§lBESTIARY MILESTONE §881➡§e82
00:20:03 
00:20:03 §f                                  §6§lBESTIARY
00:20:03 §f                          §b§lBayou Sludge §7§82 §8➡§b §b3
00:20:03 
00:20:03                                   §r§6§lREWARDS
00:20:03                       §r§8+§r§a2 Bayou Sludge §r§b✯ Magic Find
00:20:03                       §r§8+§r§a2 Bayou Sludge §r§c❁ Strength
00:20:03                           §r§8+§r§62% §r§aBayou Sludge §r§7coins
00:20:03                     §r§8+§r§a50% §r§7chance for extra XP orbs
00:20:03                                §r§8+§r§b1 SkyBlock XP
00:20:03 
00:20:03 §3§l▬▬▬▬▬▬▬▬▬▬▬▬▬▬▬▬▬▬▬▬▬▬▬▬▬▬▬▬▬▬▬▬▬▬▬▬▬▬▬▬▬▬▬▬▬▬▬▬▬▬▬▬▬▬▬▬▬▬▬▬▬▬▬▬
00:20:08 §f                                  §6§lBESTIARY
00:20:08 §f                                 §b§lAgarimoo §7§b1
00:20:08 
00:20:08                                   §r§6§lREWARDS
00:20:08                         §r§8+§r§a2 Agarimoo §r§b✯ Magic Find
00:20:08                          §r§8+§r§a2 Agarimoo §r§c❁ Strength
00:20:08                             §r§8+§r§62% §r§aAgarimoo §r§7coins
00:20:08                     §r§8+§r§a50% §r§7chance for extra XP orbs
00:20:08                                §r§8+§r§b1 SkyBlock XP
00:20:08 
00:20:08 §3§l▬▬▬▬▬▬▬▬▬▬▬▬▬▬▬▬▬▬▬▬▬▬▬▬▬▬▬▬▬▬▬▬▬▬▬▬▬▬▬▬▬▬▬▬▬▬▬▬▬▬▬▬▬▬▬▬▬▬▬▬▬▬▬▬
00:21:38 §f                                  §6§lBESTIARY
00:21:38 §f                         §b§lDumpster Diver §7§84 §8➡§b §b5
00:21:38 
00:21:38                                   §r§6§lREWARDS
00:21:38                     §r§8+§r§a2 Dumpster Diver §r§b✯ Magic Find
00:21:38                      §r§8+§r§a2 Dumpster Diver §r§c❁ Strength
00:21:38                         §r§8+§r§62% §r§aDumpster Diver §r§7coins
00:21:38                     §r§8+§r§a50% §r§7chance for extra XP orbs
00:21:38                                §r§8+§r§b1 SkyBlock XP
00:21:38 
00:21:38 §3§l▬▬▬▬▬▬▬▬▬▬▬▬▬▬▬▬▬▬▬▬▬▬▬▬▬▬▬▬▬▬▬▬▬▬▬▬▬▬▬▬▬▬▬▬▬▬▬▬▬▬▬▬▬▬▬▬▬▬▬▬▬▬▬▬
00:22:48 §f                                  §6§lBESTIARY
00:22:48 §f                       §b§lRider of the Deep §7§81 §8➡§b §b2
00:22:48 
00:22:48                                   §r§6§lREWARDS
00:22:48                    §r§8+§r§a2 Rider of the Deep §r§b✯ Magic Find
00:22:48                     §r§8+§r§a2 Rider of the Deep §r§c❁ Strength
00:22:48                        §r§8+§r§62% §r§aRider of the Deep §r§7coins
00:22:48                     §r§8+§r§a50% §r§7chance for extra XP orbs
00:22:48                                §r§8+§r§b1 SkyBlock XP
00:22:48 
00:22:48 §3§l▬▬▬▬▬▬▬▬▬▬▬▬▬▬▬▬▬▬▬▬▬▬▬▬▬▬▬▬▬▬▬▬▬▬▬▬▬▬▬▬▬▬▬▬▬▬▬▬▬▬▬▬▬▬▬▬▬▬▬▬▬▬▬▬
00:22:54 §f                                  §6§lBESTIARY
00:22:54 §f                          §b§lSea Guardian §7§82 §8➡§b §b3
00:22:54 
00:22:54                                   §r§6§lREWARDS
00:22:54                       §r§8+§r§a2 Sea Guardian §r§b✯ Magic Find
00:22:54                       §r§8+§r§a2 Sea Guardian §r§c❁ Strength
00:22:54                           §r§8+§r§62% §r§aSea Guardian §r§7coins
00:22:54                     §r§8+§r§a50% §r§7chance for extra XP orbs
00:22:54                                §r§8+§r§b1 SkyBlock XP
00:22:54 
00:22:54 §3§l▬▬▬▬▬▬▬▬▬▬▬▬▬▬▬▬▬▬▬▬▬▬▬▬▬▬▬▬▬▬▬▬▬▬▬▬▬▬▬▬▬▬▬▬▬▬▬▬▬▬▬▬▬▬▬▬▬▬▬▬▬▬▬▬
00:22:56 §f                                  §6§lBESTIARY
00:22:56 §f                             §b§lSea Witch §7§83 §8➡§b §b4
00:22:56 
00:22:56                                   §r§6§lREWARDS
00:22:56                         §r§8+§r§a2 Sea Witch §r§b✯ Magic Find
00:22:56                          §r§8+§r§a2 Sea Witch §r§c❁ Strength
00:22:56                             §r§8+§r§62% §r§aSea Witch §r§7coins
00:22:56                     §r§8+§r§a50% §r§7chance for extra XP orbs
00:22:56                                §r§8+§r§b1 SkyBlock XP
00:22:56 
00:22:56 §3§l▬▬▬▬▬▬▬▬▬▬▬▬▬▬▬▬▬▬▬▬▬▬▬▬▬▬▬▬▬▬▬▬▬▬▬▬▬▬▬▬▬▬▬▬▬▬▬▬▬▬▬▬▬▬▬▬▬▬▬▬▬▬▬▬
00:23:38 §f                                  §6§lBESTIARY
00:23:38 §f                            §b§lSea Walker §7§83 §8➡§b §b4
00:23:38 
00:23:38                                   §r§6§lREWARDS
00:23:38                        §r§8+§r§a2 Sea Walker §r§b✯ Magic Find
00:23:38                         §r§8+§r§a2 Sea Walker §r§c❁ Strength
00:23:38                            §r§8+§r§62% §r§aSea Walker §r§7coins
00:23:38                     §r§8+§r§a50% §r§7chance for extra XP orbs
00:23:38                                §r§8+§r§b1 SkyBlock XP
00:23:38 
00:23:38 §3§l▬▬▬▬▬▬▬▬▬▬▬▬▬▬▬▬▬▬▬▬▬▬▬▬▬▬▬▬▬▬▬▬▬▬▬▬▬▬▬▬▬▬▬▬▬▬▬▬▬▬▬▬▬▬▬▬▬▬▬▬▬▬▬▬
00:24:52 §f                                  §6§lBESTIARY
00:24:52 §f                         §b§lTrash Gobbler §7§84 §8➡§b §b5
00:24:52 
00:24:52                                   §r§6§lREWARDS
00:24:52                      §r§8+§r§a2 Trash Gobbler §r§b✯ Magic Find
00:24:52                       §r§8+§r§a2 Trash Gobbler §r§c❁ Strength
00:24:52                          §r§8+§r§62% §r§aTrash Gobbler §r§7coins
00:24:52                     §r§8+§r§a50% §r§7chance for extra XP orbs
00:24:52                                §r§8+§r§b1 SkyBlock XP
00:24:52 
00:24:52 §3§l▬▬▬▬▬▬▬▬▬▬▬▬▬▬▬▬▬▬▬▬▬▬▬▬▬▬▬▬▬▬▬▬▬▬▬▬▬▬▬▬▬▬▬▬▬▬▬▬▬▬▬▬▬▬▬▬▬▬▬▬▬▬▬▬
00:24:52 §f                                  §6§lBESTIARY
00:24:52 §f                         §b§lDumpster Diver §7§85 §8➡§b §b6
00:24:52 
00:24:52                                   §r§6§lREWARDS
00:24:52                     §r§8+§r§a3 Dumpster Diver §r§b✯ Magic Find
00:24:52                      §r§8+§r§a3 Dumpster Diver §r§c❁ Strength
00:24:52                         §r§8+§r§62% §r§aDumpster Diver §r§7coins
00:24:52                     §r§8+§r§a50% §r§7chance for extra XP orbs
00:24:52                                §r§8+§r§b1 SkyBlock XP
00:24:52 
00:24:52 §3§l▬▬▬▬▬▬▬▬▬▬▬▬▬▬▬▬▬▬▬▬▬▬▬▬▬▬▬▬▬▬▬▬▬▬▬▬▬▬▬▬▬▬▬▬▬▬▬▬▬▬▬▬▬▬▬▬▬▬▬▬▬▬▬▬
00:24:55 §f                                  §6§lBESTIARY
00:24:55 §f                            §b§lSea Archer §7§83 §8➡§b §b4
00:24:55 
00:24:55                                   §r§6§lREWARDS
00:24:55                        §r§8+§r§a2 Sea Archer §r§b✯ Magic Find
00:24:55                        §r§8+§r§a2 Sea Archer §r§c❁ Strength
00:24:55                            §r§8+§r§62% §r§aSea Archer §r§7coins
00:24:55                     §r§8+§r§a50% §r§7chance for extra XP orbs
00:24:55                                §r§8+§r§b1 SkyBlock XP
00:24:55 
00:24:55   §r§f                         §6§lBESTIARY MILESTONE
00:24:55   §r§f                                    §882➡§e83
00:24:55 §6§lBESTIARY MILESTONE §882➡§e83
00:24:55 §6§lBESTIARY MILESTONE §882➡§e83
00:24:55 §6§lBESTIARY MILESTONE §882➡§e83
00:24:55 §6§lBESTIARY MILESTONE §882➡§e83
00:24:55 
00:33:06 §f                                  §6§lBESTIARY
00:33:06 §f                          §b§lSea Guardian §7§83 §8➡§b §b4
00:33:06 
00:33:06                                   §r§6§lREWARDS
00:33:06                       §r§8+§r§a2 Sea Guardian §r§b✯ Magic Find
00:33:06                       §r§8+§r§a2 Sea Guardian §r§c❁ Strength
00:33:06                           §r§8+§r§62% §r§aSea Guardian §r§7coins
00:33:06                     §r§8+§r§a50% §r§7chance for extra XP orbs
00:33:06                                §r§8+§r§b1 SkyBlock XP
00:33:06 
00:33:06 §3§l▬▬▬▬▬▬▬▬▬▬▬▬▬▬▬▬▬▬▬▬▬▬▬▬▬▬▬▬▬▬▬▬▬▬▬▬▬▬▬▬▬▬▬▬▬▬▬▬▬▬▬▬▬▬▬▬▬▬▬▬▬▬▬▬
00:34:54 §f                                  §6§lBESTIARY
00:34:54 §f                         §b§lTrash Gobbler §7§85 §8➡§b §b6
00:34:54 
00:34:54                                   §r§6§lREWARDS
00:34:54                      §r§8+§r§a3 Trash Gobbler §r§b✯ Magic Find
00:34:54                       §r§8+§r§a3 Trash Gobbler §r§c❁ Strength
00:34:54                          §r§8+§r§62% §r§aTrash Gobbler §r§7coins
00:34:54                     §r§8+§r§a50% §r§7chance for extra XP orbs
00:34:54                                §r§8+§r§b1 SkyBlock XP
00:34:54 
00:34:54 §3§l▬▬▬▬▬▬▬▬▬▬▬▬▬▬▬▬▬▬▬▬▬▬▬▬▬▬▬▬▬▬▬▬▬▬▬▬▬▬▬▬▬▬▬▬▬▬▬▬▬▬▬▬▬▬▬▬▬▬▬▬▬▬▬▬
00:39:54 §f                                  §6§lBESTIARY
00:39:54 §f                            §b§lSea Leech §7§81 §8➡§b §b2
00:39:54 
00:39:54                                   §r§6§lREWARDS
00:39:54                        §r§8+§r§a2 Sea Leech §r§b✯ Magic Find
00:39:54                         §r§8+§r§a2 Sea Leech §r§c❁ Strength
00:39:54                            §r§8+§r§62% §r§aSea Leech §r§7coins
00:39:54                     §r§8+§r§a50% §r§7chance for extra XP orbs
00:39:54                                §r§8+§r§b1 SkyBlock XP
00:39:54 
00:39:54 §3§l▬▬▬▬▬▬▬▬▬▬▬▬▬▬▬▬▬▬▬▬▬▬▬▬▬▬▬▬▬▬▬▬▬▬▬▬▬▬▬▬▬▬▬▬▬▬▬▬▬▬▬▬▬▬▬▬▬▬▬▬▬▬▬▬
00:40:17 §f                                  §6§lBESTIARY
00:40:17 §f                             §b§lSea Witch §7§84 §8➡§b §b5
00:40:17 
00:40:17                                   §r§6§lREWARDS
00:40:17                         §r§8+§r§a2 Sea Witch §r§b✯ Magic Find
00:40:17                          §r§8+§r§a2 Sea Witch §r§c❁ Strength
00:40:17                             §r§8+§r§62% §r§aSea Witch §r§7coins
00:40:17                     §r§8+§r§a50% §r§7chance for extra XP orbs
00:40:17                                §r§8+§r§b1 SkyBlock XP
00:40:17 
00:40:17 §3§l▬▬▬▬▬▬▬▬▬▬▬▬▬▬▬▬▬▬▬▬▬▬▬▬▬▬▬▬▬▬▬▬▬▬▬▬▬▬▬▬▬▬▬▬▬▬▬▬▬▬▬▬▬▬▬▬▬▬▬▬▬▬▬▬
