21:50:07 §6[Sacks] §r§a+1,501§r§e items§r§e.§r§8 (Last 30s.)
21:50:23 §6[Sacks] §r§a+343§r§e items§r§e.§r§8 (Last 11s.)
21:50:51 §6[Sacks] §r§a+594§r§e items§r§e.§r§8 (Last 13s.)
21:51:14 §6[Sacks] §r§a+689§r§e items§r§e.§r§8 (Last 14s.)
21:51:27 §6[Sacks] §r§a+23§r§e items§r§e.§r§8 (Last 5s.)
21:52:36 §6[Sacks] §r§a+119§r§e items§r§e.§r§8 (Last 11s.)
22:06:09 §6[Sacks] §r§a+529§r§e items§r§e.§r§8 (Last 30s.)
22:06:20 §6[Sacks] §r§a+74§r§e items§r§e.§r§8 (Last 9s.)
22:07:00 §6[Sacks] §r§a+440§r§e items§r§e.§r§8 (Last 30s.)
22:07:56 §6[Sacks] §r§a+140§r§e items§r§e.§r§8 (Last 7s.)
22:10:20 §6[Sacks] §r§c-1,024§r§e items§r§e.§r§8 (Last 5s.)
22:10:48 §6[Sacks] §r§a+260§r§e items§r§e, §r§c-2,396§r§e items§r§e.§r§8 (Last 10s.)
22:12:25 §6[Sacks] §r§a+20§r§e items§r§e.§r§8 (Last 5s.)
22:12:50 §6[Sacks] §r§a+19§r§e items§r§e.§r§8 (Last 5s.)
22:13:20 §6[Sacks] §r§a+18§r§e items§r§e.§r§8 (Last 5s.)
22:13:33 §6[Sacks] §r§a+57§r§e items§r§e.§r§8 (Last 10s.)
22:13:45 §6[Sacks] §r§a+23§r§e items§r§e.§r§8 (Last 5s.)
22:14:20 §6[Sacks] §r§a+47§r§e items§r§e.§r§8 (Last 12s.)
22:14:47 §6[Sacks] §r§a+17§r§e items§r§e.§r§8 (Last 7s.)
22:14:53 §6[Sacks] §r§a+3§r§e items§r§e.§r§8 (Last 5s.)
22:15:09 §6[Sacks] §r§a+54§r§e items§r§e.§r§8 (Last 14s.)
22:15:34 §6[Sacks] §r§a+64§r§e items§r§e.§r§8 (Last 20s.)
22:15:53 §6[Sacks] §r§a+19§r§e items§r§e.§r§8 (Last 16s.)
22:16:39 §6[Sacks] §r§a+98§r§e items§r§e.§r§8 (Last 5s.)
22:17:46 §6[Sacks] §r§a+222§r§e items§r§e.§r§8 (Last 15s.)
22:21:40 §6[Sacks] §r§a+4§r§e items§r§e.§r§8 (Last 6s.)
22:25:43 §6[Sacks] §r§a+8§r§e items§r§e.§r§8 (Last 8s.)
22:34:39 §6[Sacks] §r§a+29§r§e items§r§e.§r§8 (Last 19s.)
22:34:52 §6[Sacks] §r§a+10§r§e items§r§e.§r§8 (Last 9s.)
22:35:23 §6[Sacks] §r§a+81§r§e items§r§e.§r§8 (Last 30s.)
22:35:31 §6[Sacks] §r§a+4§r§e items§r§e.§r§8 (Last 5s.)
22:35:47 §6[Sacks] §r§a+15§r§e items§r§e.§r§8 (Last 10s.)
22:36:00 §6[Sacks] §r§a+13§r§e items§r§e.§r§8 (Last 11s.)
22:36:20 §6[Sacks] §r§a+20§r§e items§r§e.§r§8 (Last 10s.)
22:36:27 §6[Sacks] §r§a+4§r§e items§r§e.§r§8 (Last 5s.)
22:37:05 §6[Sacks] §r§a+55§r§e items§r§e.§r§8 (Last 30s.)
22:37:12 §6[Sacks] §r§a+6§r§e items§r§e.§r§8 (Last 5s.)
22:37:28 §6[Sacks] §r§a+3§r§e items§r§e.§r§8 (Last 5s.)
22:38:00 §6[Sacks] §r§a+56§r§e items§r§e.§r§8 (Last 30s.)
22:38:10 §6[Sacks] §r§a+14§r§e items§r§e.§r§8 (Last 9s.)
22:38:44 §6[Sacks] §r§a+43§r§e items§r§e.§r§8 (Last 30s.)
22:40:35 §6[Sacks] §r§a+54§r§e items§r§e.§r§8 (Last 29s.)
22:41:52 §6[Sacks] §r§a+19§r§e items§r§e.§r§8 (Last 6s.)
22:42:09 §6[Sacks] §r§a+2§r§e items§r§e.§r§8 (Last 5s.)
22:42:38 §6[Sacks] §r§a+13§r§e items§r§e.§r§8 (Last 8s.)
22:42:47 §6[Sacks] §r§a+6§r§e items§r§e.§r§8 (Last 5s.)
22:43:08 §6[Sacks] §r§a+18§r§e items§r§e.§r§8 (Last 14s.)
22:43:26 §6[Sacks] §r§a+15§r§e items§r§e.§r§8 (Last 15s.)
22:44:11 §6[Sacks] §r§a+68§r§e items§r§e.§r§8 (Last 28s.)
22:44:59 §6[Sacks] §r§a+73§r§e items§r§e.§r§8 (Last 30s.)
22:45:41 §6[Sacks] §r§a+69§r§e items§r§e.§r§8 (Last 30s.)
22:45:59 §6[Sacks] §r§a+28§r§e items§r§e.§r§8 (Last 15s.)
22:46:25 §6[Sacks] §r§a+19§r§e items§r§e.§r§8 (Last 10s.)
22:46:45 §6[Sacks] §r§a+27§r§e items§r§e.§r§8 (Last 12s.)
22:47:09 §6[Sacks] §r§a+35§r§e items§r§e.§r§8 (Last 16s.)
22:47:29 §6[Sacks] §r§a+23§r§e items§r§e.§r§8 (Last 14s.)
22:47:40 §6[Sacks] §r§a+8§r§e items§r§e.§r§8 (Last 9s.)
22:47:54 §6[Sacks] §r§a+11§r§e items§r§e.§r§8 (Last 7s.)
22:48:13 §6[Sacks] §r§a+14§r§e items§r§e.§r§8 (Last 10s.)
22:48:42 §6[Sacks] §r§a+24§r§e items§r§e.§r§8 (Last 14s.)
22:58:54 §6[Sacks] §r§a+10§r§e items§r§e.§r§8 (Last 6s.)
22:59:11 §6[Sacks] §r§a+20§r§e items§r§e.§r§8 (Last 11s.)
22:59:20 §6[Sacks] §r§a+10§r§e items§r§e.§r§8 (Last 7s.)
23:12:45 §6[Sacks] §r§a+5§r§e items§r§e.§r§8 (Last 5s.)
23:18:20 §6[Sacks] §r§a+7§r§e items§r§e.§r§8 (Last 5s.)
23:19:40 §6[Sacks] §r§a+25§r§e items§r§e.§r§8 (Last 9s.)
23:20:06 §6[Sacks] §r§a+21§r§e items§r§e.§r§8 (Last 6s.)
23:20:23 §6[Sacks] §r§a+15§r§e items§r§e.§r§8 (Last 7s.)
23:20:40 §6[Sacks] §r§a+17§r§e items§r§e.§r§8 (Last 7s.)
23:20:54 §6[Sacks] §r§a+10§r§e items§r§e.§r§8 (Last 7s.)
23:21:24 §6[Sacks] §r§a+6§r§e items§r§e.§r§8 (Last 5s.)
23:21:56 §6[Sacks] §r§a+59§r§e items§r§e.§r§8 (Last 30s.)
23:22:04 §6[Sacks] §r§a+4§r§e items§r§e.§r§8 (Last 5s.)
23:22:19 §6[Sacks] §r§a+28§r§e items§r§e.§r§8 (Last 14s.)
23:22:44 §6[Sacks] §r§a+38§r§e items§r§e.§r§8 (Last 19s.)
23:22:54 §6[Sacks] §r§a+6§r§e items§r§e.§r§8 (Last 5s.)
23:23:30 §6[Sacks] §r§a+58§r§e items§r§e.§r§8 (Last 30s.)
23:23:54 §6[Sacks] §r§a+50§r§e items§r§e.§r§8 (Last 21s.)
23:24:06 §6[Sacks] §r§a+15§r§e items§r§e.§r§8 (Last 9s.)
23:24:40 §6[Sacks] §r§a+93§r§e items§r§e.§r§8 (Last 30s.)
23:24:55 §6[Sacks] §r§a+27§r§e items§r§e.§r§8 (Last 13s.)
23:25:27 §6[Sacks] §r§a+77§r§e items§r§e.§r§8 (Last 30s.)
23:26:00 §6[Sacks] §r§a+61§r§e items§r§e.§r§8 (Last 30s.)
23:26:09 §6[Sacks] §r§a+12§r§e items§r§e.§r§8 (Last 7s.)
23:26:53 §6[Sacks] §r§a+75§r§e items§r§e.§r§8 (Last 30s.)
23:27:26 §6[Sacks] §r§a+64§r§e items§r§e.§r§8 (Last 30s.)
23:27:57 §6[Sacks] §r§a+56§r§e items§r§e.§r§8 (Last 27s.)
23:28:26 §6[Sacks] §r§a+20§r§e items§r§e.§r§8 (Last 10s.)
23:28:38 §6[Sacks] §r§a+11§r§e items§r§e.§r§8 (Last 10s.)
23:29:05 §6[Sacks] §r§a+60§r§e items§r§e.§r§8 (Last 24s.)
23:29:27 §6[Sacks] §r§a+34§r§e items§r§e.§r§8 (Last 20s.)
23:30:06 §6[Sacks] §r§a+45§r§e items§r§e.§r§8 (Last 17s.)
23:30:16 §6[Sacks] §r§a+12§r§e items§r§e.§r§8 (Last 6s.)
23:30:48 §6[Sacks] §r§a+74§r§e items§r§e.§r§8 (Last 30s.)
23:31:04 §6[Sacks] §r§a+32§r§e items§r§e.§r§8 (Last 14s.)
23:31:35 §6[Sacks] §r§a+71§r§e items§r§e.§r§8 (Last 30s.)
23:32:06 §6[Sacks] §r§a+77§r§e items§r§e.§r§8 (Last 30s.)
23:32:38 §6[Sacks] §r§a+58§r§e items§r§e.§r§8 (Last 30s.)
23:32:46 §6[Sacks] §r§a+9§r§e items§r§e.§r§8 (Last 7s.)
23:33:20 §6[Sacks] §r§a+79§r§e items§r§e.§r§8 (Last 30s.)
23:33:27 §6[Sacks] §r§a+5§r§e items§r§e.§r§8 (Last 5s.)
23:33:58 §6[Sacks] §r§a+50§r§e items§r§e.§r§8 (Last 22s.)
23:34:21 §6[Sacks] §r§a+25§r§e items§r§e.§r§8 (Last 15s.)
23:34:56 §6[Sacks] §r§a+55§r§e items§r§e.§r§8 (Last 30s.)
23:35:12 §6[Sacks] §r§a+21§r§e items§r§e.§r§8 (Last 14s.)
23:35:47 §6[Sacks] §r§a+54§r§e items§r§e.§r§8 (Last 30s.)
23:36:24 §6[Sacks] §r§a+50§r§e items§r§e.§r§8 (Last 30s.)
23:36:58 §6[Sacks] §r§a+87§r§e items§r§e.§r§8 (Last 30s.)
23:37:10 §6[Sacks] §r§a+16§r§e items§r§e.§r§8 (Last 11s.)
23:39:02 §6[Sacks] §r§a+78§r§e items§r§e.§r§8 (Last 30s.)
23:39:34 §6[Sacks] §r§a+63§r§e items§r§e.§r§8 (Last 30s.)
23:40:05 §6[Sacks] §r§a+83§r§e items§r§e.§r§8 (Last 30s.)
23:40:36 §6[Sacks] §r§a+78§r§e items§r§e.§r§8 (Last 30s.)
23:41:09 §6[Sacks] §r§a+75§r§e items§r§e.§r§8 (Last 30s.)
23:41:42 §6[Sacks] §r§a+81§r§e items§r§e.§r§8 (Last 30s.)
23:42:02 §6[Sacks] §r§a+47§r§e items§r§e.§r§8 (Last 18s.)
23:42:36 §6[Sacks] §r§a+74§r§e items§r§e.§r§8 (Last 30s.)
23:42:56 §6[Sacks] §r§a+26§r§e items§r§e.§r§8 (Last 17s.)
23:43:08 §6[Sacks] §r§a+21§r§e items§r§e.§r§8 (Last 11s.)
23:43:32 §6[Sacks] §r§a+6§r§e items§r§e.§r§8 (Last 5s.)
23:45:17 §6[Sacks] §r§a+4§r§e items§r§e.§r§8 (Last 5s.)
23:47:35 §6[Sacks] §r§a+91§r§e items§r§e.§r§8 (Last 30s.)
23:48:07 §6[Sacks] §r§a+86§r§e items§r§e.§r§8 (Last 30s.)
23:48:30 §6[Sacks] §r§a+36§r§e items§r§e.§r§8 (Last 21s.)
23:48:43 §6[Sacks] §r§a+20§r§e items§r§e.§r§8 (Last 9s.)
23:48:54 §6[Sacks] §r§a+14§r§e items§r§e.§r§8 (Last 10s.)
23:49:38 §6[Sacks] §r§a+55§r§e items§r§e.§r§8 (Last 30s.)
23:50:10 §6[Sacks] §r§a+85§r§e items§r§e.§r§8 (Last 30s.)
23:50:41 §6[Sacks] §r§a+77§r§e items§r§e.§r§8 (Last 30s.)
23:51:15 §6[Sacks] §r§a+70§r§e items§r§e.§r§8 (Last 30s.)
23:51:30 §6[Sacks] §r§a+16§r§e items§r§e.§r§8 (Last 10s.)
23:51:40 §6[Sacks] §r§a+15§r§e items§r§e.§r§8 (Last 9s.)
23:52:12 §6[Sacks] §r§a+70§r§e items§r§e.§r§8 (Last 30s.)
23:52:29 §6[Sacks] §r§a+35§r§e items§r§e.§r§8 (Last 15s.)
23:53:24 §6[Sacks] §r§a+103§r§e items§r§e.§r§8 (Last 30s.)
23:53:51 §6[Sacks] §r§a+44§r§e items§r§e.§r§8 (Last 24s.)
23:54:24 §6[Sacks] §r§a+67§r§e items§r§e.§r§8 (Last 30s.)
23:54:55 §6[Sacks] §r§a+84§r§e items§r§e.§r§8 (Last 30s.)
23:55:15 §6[Sacks] §r§a+161§r§e items§r§e.§r§8 (Last 18s.)
23:55:53 §6[Sacks] §r§a+92§r§e items§r§e.§r§8 (Last 30s.)
23:56:24 §6[Sacks] §r§a+72§r§e items§r§e.§r§8 (Last 30s.)
23:56:56 §6[Sacks] §r§a+62§r§e items§r§e.§r§8 (Last 30s.)
23:57:20 §6[Sacks] §r§a+42§r§e items§r§e.§r§8 (Last 22s.)
00:16:08 §6[Sacks] §r§a+12§r§e items§r§e.§r§8 (Last 5s.)
00:18:07 §6[Sacks] §r§a+20§r§e items§r§e.§r§8 (Last 14s.)
00:18:18 §6[Sacks] §r§a+16§r§e items§r§e.§r§8 (Last 10s.)
00:18:24 §6[Sacks] §r§a+3§r§e items§r§e.§r§8 (Last 5s.)
00:19:29 §6[Sacks] §r§a+2§r§e items§r§e.§r§8 (Last 5s.)
00:19:54 §6[Sacks] §r§a+23§r§e items§r§e.§r§8 (Last 8s.)
00:20:14 §6[Sacks] §r§a+21§r§e items§r§e.§r§8 (Last 12s.)
00:20:28 §6[Sacks] §r§a+19§r§e items§r§e.§r§8 (Last 6s.)
00:22:55 §6[Sacks] §r§a+1§r§e item§r§e.§r§8 (Last 5s.)
00:23:04 §6[Sacks] §r§a+3§r§e items§r§e.§r§8 (Last 5s.)
00:23:44 §6[Sacks] §r§a+1§r§e item§r§e.§r§8 (Last 5s.)
00:25:00 §6[Sacks] §r§a+7§r§e items§r§e.§r§8 (Last 5s.)
