07:34:40 [allowed] §aYou are still radiating with §bGenerosity§r§a!
07:34:50 [allowed] §b[MVP§6+§b] awsomeprincess28§f §6joined the lobby!
07:34:55 [allowed] §b[MVP§c+§b] LadyDoriana§f §6joined the lobby!
07:34:56 [allowed] §b[MVP§d+§b] Allskylar§f §6joined the lobby!
07:34:58 [allowed] §b[MVP§3+§b] Mr_Game_Watch123§f §6joined the lobby!
07:34:58 [allowed] §b[MVP§d+§b] xChickyy§f §6joined the lobby!
07:34:59 [allowed]  §b>§c>§a>§r §r§6[MVP§0++§6] b00tz§f §6joined the lobby!§r §a<§c<§b<
07:35:03 [allowed]  §b>§c>§a>§r §r§6[MVP§0++§6] 2cdX§f §6joined the lobby!§r §a<§c<§b<
07:35:20 [allowed] §b[MVP§d+§b] perseiids§f §6joined the lobby!
07:35:22 [allowed] §b[MVP§8+§b] dyslaxic§f §6joined the lobby!
07:35:25 [allowed] §7Sending to server mini96AG...
07:35:26 [allowed] §eProfile ID: §r§a62b760d8-92b6-4501-ada0-1fd8583f5266
07:35:26 [allowed] §e§lCLICK THIS TO SUGGEST IT IN CHAT §7§l[DASHES]
07:35:26 [allowed] §e§lCLICK THIS TO SUGGEST IT IN CHAT §7§l[NO DASHES]
07:35:26 [allowed] §6HUNT §e- §a2 §eof your §atraps §ecaught something!
07:35:26 [allowed] §7[§eClick here to collect them.§7]
07:35:28 [allowed] §eLatest update: §bSkyBlock v0.23.1 §e§lCLICK
07:36:25 [allowed] §6HUNT §e- §a2 §eof your §atraps §ecaught something!
07:36:25 [allowed] §7[§eClick here to collect them.§7]
07:36:30 [allowed] §cYou can't put this item in there!
07:36:33 [allowed] §7Warping...
07:36:33 [allowed] §7Sending to server mini15CR...
07:36:34 [allowed] §6HUNT §e- §a2 §eof your §atraps §ecaught something!
07:36:34 [allowed] §7[§eClick here to collect them.§7]
07:36:44 [allowed] §7Warping you to your SkyBlock island...
07:36:44 [allowed] §7Sending to server mini186AP...
07:36:45 [allowed] §6HUNT §e- §a2 §eof your §atraps §ecaught something!
07:36:45 [allowed] §7[§eClick here to collect them.§7]
07:37:10 [allowed] §cThere are blocks in the way!
07:37:44 [allowed] §6HUNT §e- §a2 §eof your §atraps §ecaught something!
07:37:44 [allowed] §7[§eClick here to collect them.§7]
07:39:49 [allowed] §2Guild > §r§ahimej0shi §r§ejoined.
07:39:57 [allowed] §aWarped from the §r§9Blue Teleport Pad§r§a to the §r§a‎ Teleport Pad§r§a!
07:39:57 [allowed] §bhimej0shi joined SkyBlock.
07:40:00 [allowed] §3§l▬▬▬▬▬▬▬▬▬▬▬▬▬▬▬▬▬▬▬▬▬▬▬▬▬▬▬▬▬▬▬▬▬▬▬▬▬▬▬▬▬▬▬▬▬▬▬▬▬▬▬▬▬▬▬▬▬▬▬▬▬▬▬▬
07:40:00 [allowed] §6§lBESTIARY §r§b§lCreeper §7§82 §8➡§b §b3
07:40:04 [allowed] §aWarped from the §r§a‎ Teleport Pad§r§a to the §r§9Blue Teleport Pad§r§a!
07:40:07 [allowed] §aWarped from the §r§9Blue Teleport Pad§r§a to the §r§a‎ Teleport Pad§r§a!
07:40:09 [allowed] §9§m-----------------------------------------------------§r
§r§a[VIP§r§6+§r§a] himej0shi §r§ehas invited you to join their party!
§r§eYou have §r§c60 §r§eseconds to accept. §r§6Click here to join!§r
§r§9§m-----------------------------------------------------
07:40:10 [allowed] §aWarped from the §r§a‎ Teleport Pad§r§a to the §r§9Blue Teleport Pad§r§a!
07:40:11 [allowed] §9§m-----------------------------------------------------
07:40:11 [allowed] §eYou have joined §r§a[VIP§r§6+§r§a] himej0shi's §r§eparty!
07:40:11 [allowed] §9§m-----------------------------------------------------
07:41:24 [allowed] §2Guild > §a[VIP§6+§a] himej0shi§f: §rpeale sinu
07:43:07 [allowed] §cYou need the Cookie Buff active to use this feature!
07:43:49 [allowed] §2Guild > §a[VIP§6+§a] himej0shi§f: §rmul ikka reflex koguaeg vaadata kaamerasse a mul ple sees kuna data
07:44:13 [allowed]  §9§l» §ahimej0shi §eis traveling to §aPrivate Island §e§lFOLLOW
07:44:15 [allowed] §7Warping using transfer token...
07:44:15 [allowed] §cCouldn't warp you!
07:44:15 [allowed] §c§r§cCannot join this private island!
07:44:17 [allowed] §7Warping using transfer token...
07:44:17 [allowed] §cCouldn't warp you! Try again later. §r§7(WRONG_TOKEN)
07:44:19 [allowed] §7Finding player...
07:44:20 [allowed] §7Sending a visit request...
07:44:20 [allowed] §7Sending to server mini155DH...
07:44:21 [allowed] §f§m-----------------------------------------------------
§r§cYou should NEVER enter your Microsoft account details anywhere but on official Microsoft services!

§r§cExternal links from untrusted sources should be avoided.
§r§f§m-----------------------------------------------------
07:44:21 [allowed] §6HUNT §e- §a2 §eof your §atraps §ecaught something!
07:44:21 [allowed] §7[§eClick here to collect them.§7]
07:44:22 [allowed] §d§lBig Yum! §r§eYou refresh §r§c+2⫽ Ferocity §r§efor §r§a48 §r§ehours!
07:44:22 [allowed] §d§lBig Yum! §r§eYou refresh §r§a+3❈ Defense §r§efor §r§a48 §r§ehours!
07:44:23 [allowed] §d§lBig Yum! §r§eYou refresh §r§f+10✦ Speed §r§efor §r§a48 §r§ehours!
07:44:25 [allowed] §d§lBig Yum! §r§eYou refresh §r§b+5✎ Intelligence §r§efor §r§a48 §r§ehours!
07:44:25 [allowed] §d§lBig Yum! §r§eYou refresh §r§6+5☘ Mining Fortune §r§efor §r§a48 §r§ehours!
07:44:25 [allowed] §d§lBig Yum! §r§eYou refresh §r§3+1α Sea Creature Chance §r§efor §r§a48 §r§ehours!
07:44:26 [allowed] §d§lBig Yum! §r§eYou refresh §r§a+10ф Rift Time §r§efor §r§a48 §r§ehours!
07:44:26 [allowed] §d§lBig Yum! §r§eYou refresh §r§4+1♨ Vitality §r§efor §r§a48 §r§ehours!
07:44:27 [allowed] §d§lBig Yum! §r§eYou refresh §r§6+5☘ Farming Fortune §r§efor §r§a48 §r§ehours!
07:44:27 [allowed] §d§lBig Yum! §r§eYou refresh §r§b+1✯ Magic Find §r§efor §r§a48 §r§ehours!
07:44:27 [allowed] §d§lBig Yum! §r§eYou refresh §r§f+1❂ True Defense §r§efor §r§a48 §r§ehours!
07:44:28 [allowed] §d§lBig Yum! §r§eYou refresh §r§b+1❄ Cold Resistance §r§efor §r§a48 §r§ehours!
07:44:28 [allowed] §d§lBig Yum! §r§eYou refresh §r§6+5☘ Foraging Fortune §r§efor §r§a48 §r§ehours!
07:44:28 [allowed] §d§lBig Yum! §r§eYou refresh §r§c+10❤ Health §r§efor §r§a48 §r§ehours!
07:44:29 [allowed] §d§lBig Yum! §r§eYou refresh §r§d+1♣ Pet Luck §r§efor §r§a48 §r§ehours!
07:44:29 [allowed] §d§lBig Yum! §r§eYou refresh §r§c+2❁ Strength §r§efor §r§a48 §r§ehours!
07:44:31 [allowed] §d§lBig Yum! §r§eYou refresh §r§d+1♣ Pet Luck §r§efor §r§a48 §r§ehours!
07:44:33 [allowed] §d§lBig Yum! §r§eYou refresh §r§f+1❂ True Defense §r§efor §r§a48 §r§ehours!
07:44:33 [allowed] §d§lBig Yum! §r§eYou refresh §r§6+5☘ Farming Fortune §r§efor §r§a48 §r§ehours!
07:44:34 [allowed] §d§lBig Yum! §r§eYou refresh §r§4+1♨ Vitality §r§efor §r§a48 §r§ehours!
07:44:37 [allowed] §7Sending to server mini73DD...
07:44:37 [allowed]  §9§l» §ahimej0shi §eis traveling to §aDwarven Mines §e§lFOLLOW
07:44:38 [allowed] §6HUNT §e- §a2 §eof your §atraps §ecaught something!
07:44:38 [allowed] §7[§eClick here to collect them.§7]
07:44:41 [allowed] §7Warping using transfer token...
07:44:41 [allowed] §7Sending to server mini6T...
07:44:42 [allowed] §6HUNT §e- §a2 §eof your §atraps §ecaught something!
07:44:42 [allowed] §7[§eClick here to collect them.§7]
07:44:43 [allowed] §9§m-----------------------------
07:44:43 [allowed] §eParty Leader, §r§a[VIP§r§6+§r§a] himej0shi§r§e, summoned you to their server.
07:44:43 [allowed] §9§m-----------------------------
07:45:09 [allowed]  §9§l» §ahimej0shi §eis traveling to §aPrivate Island §e§lFOLLOW
07:45:33 [allowed] §aYou used your §r§6Pickobulus §r§aPickaxe Ability!
07:45:34 [allowed] §7Your §r§aPickobulus §r§7destroyed §r§e39 §r§7blocks!
07:45:40 [allowed] §6[Sacks] §r§a+233§r§e items§r§e.§r§8 (Last 5s.)
07:45:42 [allowed] §9§m-----------------------------------------------------
07:45:42 [allowed] §eThe party was transferred to §r§b[MVP§r§3+§r§b] catholicschool §r§eby §r§a[VIP§r§6+§r§a] himej0shi
07:45:42 [allowed] §9§m-----------------------------------------------------
07:45:49 [allowed] §9§m-----------------------------------------------------
07:45:49 [allowed] §cYou cannot invite that player since they're not online.
07:45:49 [allowed] §9§m-----------------------------------------------------
07:45:54 [allowed] §9§m-----------------------------
07:45:54 [allowed] §eSkyBlock Party Warp §r§7(1 player)
07:45:54 [allowed] §a✔ §r§a[VIP§r§6+§r§a] himej0shi§r§f §r§awarped to your server
07:45:54 [allowed] §9§m-----------------------------
07:45:58 [allowed] §bhimej0shi joined SkyBlock.
07:46:10 [allowed] §cWhoa! Slow down there!
07:46:19 [allowed] §cYour Pickaxe ability is on cooldown for 15s.
07:46:34 [allowed] §a§r§6Pickobulus §r§ais now available!
07:46:40 [allowed] §6[Sacks] §r§a+55§r§e items§r§e.§r§8 (Last 18s.)
07:46:46 [allowed] §7Warping you to your SkyBlock island...
07:46:46 [allowed] §7Sending to server mini239J...
07:46:47 [allowed] §6HUNT §e- §a2 §eof your §atraps §ecaught something!
07:46:47 [allowed] §7[§eClick here to collect them.§7]
07:46:51 [allowed]  §9§l» §ahimej0shi §eis traveling to §aPrivate Island §e§lFOLLOW
07:47:33 [allowed] §aSuccessfully added §r§fSilverfish §r§ato your pet menu!
07:47:41 [allowed] §7Warping...
07:47:41 [allowed] §7Sending to server mini98AR...
07:47:42 [allowed] §6HUNT §e- §a2 §eof your §atraps §ecaught something!
07:47:42 [allowed] §7[§eClick here to collect them.§7]
07:47:47 [allowed] §e[NPC] §bKat§f: §rOh, hey!
07:47:48 [allowed] §e[NPC] §bKat§f: §rI was able to upgrade your pet §aGuardian§f to §9§LRARE§f.
07:47:50 [allowed] §aSuccessfully added §r§9Guardian §r§ato your pet menu!
07:47:51 [allowed] §e[NPC] §bKat§f: §rIf you have any other pets you'd like to upgrade, you know where to find me!
07:47:58 [allowed] §7Warping...
07:48:00 [allowed] §7Warping you to your SkyBlock island...
07:48:01 [allowed] §7Sending to server mini239J...
07:48:02 [allowed] §6HUNT §e- §a2 §eof your §atraps §ecaught something!
07:48:02 [allowed] §7[§eClick here to collect them.§7]
07:48:16 [allowed] §7Finding player...
07:48:17 [allowed] §7Sending a visit request...
07:48:17 [allowed] §7Sending to server mini155DH...
07:48:18 [allowed] §6HUNT §e- §a2 §eof your §atraps §ecaught something!
07:48:18 [allowed] §7[§eClick here to collect them.§7]
07:48:18 [allowed] §f§m-----------------------------------------------------
§r§cYou should NEVER enter your Microsoft account details anywhere but on official Microsoft services!

§r§cExternal links from untrusted sources should be avoided.
§r§f§m-----------------------------------------------------
07:48:20 [allowed] §8[§r§3257§r§8] §r§a[✌] §b[MVP§a+§b] 10StarHyperion§f§r§f: so u can fill them up and empty
07:48:22 [allowed] §7Sending to server mini28CW...
07:48:23 [allowed] §6HUNT §e- §a2 §eof your §atraps §ecaught something!
07:48:23 [allowed] §7[§eClick here to collect them.§7]
07:48:41 [allowed] §6[Sacks] §r§a+376§r§e items§r§e.§r§8 (Last 14s.)
07:48:46 [allowed] §aYou used your §r§6Pickobulus §r§aPickaxe Ability!
07:48:46 [allowed] §7Your §r§aPickobulus §r§7destroyed §r§e55 §r§7blocks!
07:48:59 [allowed]  §9§l» §ahimej0shi §eis traveling to §aHub §e§lFOLLOW
07:49:07 [allowed] §6[Sacks] §r§a+845§r§e items§r§e, §r§c-405§r§e items§r§e.§r§8 (Last 24s.)
07:49:08 [allowed] §7Warping you to your SkyBlock island...
07:49:08 [allowed] §7Sending to server mini196BT...
07:49:09 [allowed] §6HUNT §e- §a2 §eof your §atraps §ecaught something!
07:49:09 [allowed] §7[§eClick here to collect them.§7]
07:49:12 [allowed] §7Warping using transfer token...
07:49:12 [allowed] §7Sending to server mini6CA...
07:49:13 [allowed] §6HUNT §e- §a2 §eof your §atraps §ecaught something!
07:49:13 [allowed] §7[§eClick here to collect them.§7]
07:49:14 [allowed] §8[§r§f78§r§8] §r§b[MVP§a+§b] Borkode§f§r§f: the turtle
07:49:14 [allowed] §8[§r§d334§r§8] §r§b§lᛝ §r§b[MVP§d+§b] LokiPlayzYT§f§r§f: no
07:49:16 [allowed] §8[§r§6419§r§8] §r§b[MVP§9+§b] Jerrysimp§f§r§f: oh yeah
07:49:18 [allowed] §8[§r§6419§r§8] §r§b[MVP§9+§b] Jerrysimp§f§r§f: i maxed that
07:49:20 [allowed] §e[NPC] §bKat§f: §rI'll get your §fSilverfish §fupgraded to §A§LUNCOMMON §fin no time!
07:49:22 [allowed] §8[§r§f78§r§8] §r§b[MVP§a+§b] Borkode§f§r§f: oh sweet
07:49:23 [allowed] §8[§r§6419§r§8] §r§b[MVP§9+§b] Jerrysimp§f§r§f: forgot abt it
07:49:24 [allowed] §8[§r§6419§r§8] §r§b[MVP§9+§b] Jerrysimp§f§r§f: lmao
07:49:24 [allowed] §e[NPC] §bKat§f: §rCome back in §e10 seconds §fto pick it up!
07:49:28 [allowed] §aYou have sent a trade request to §r§ahimej0shi§r§a.
07:49:33 [allowed] §8[§r§f78§r§8] §r§b[MVP§a+§b] Borkode§f§r§f: haha
07:49:36 [allowed] §6Trade completed with §r§a[VIP§r§6+§r§a] himej0shi§r§f§r§6!
07:49:36 [allowed]  §r§c§l- §r§864x §r§fCobblestone
07:49:36 [allowed]  §r§c§l- §r§864x §r§fCobblestone
07:49:36 [allowed]  §r§c§l- §r§864x §r§fCobblestone
07:49:36 [allowed]  §r§c§l- §r§864x §r§fCobblestone
07:49:37 [allowed] §e[NPC] §bKat§f: §rOh, hey!
07:49:38 [allowed] §aSuccessfully added §r§aSilverfish §r§ato your pet menu!
07:49:39 [allowed] §e[NPC] §bKat§f: §rI was able to upgrade your pet §fSilverfish§f to §A§LUNCOMMON§f.
07:49:39 [allowed] §8[§r§6419§r§8] §r§b[MVP§9+§b] Jerrysimp§f§r§f: i wonder how much i spent
07:49:42 [allowed] §e[NPC] §bKat§f: §rIf you have any other pets you'd like to upgrade, you know where to find me!
07:49:46 [allowed] §8[§r§f78§r§8] §r§b[MVP§a+§b] Borkode§f§r§f: i think i spent 18m
07:49:47 [allowed] §8[§r§6419§r§8] §r§b[MVP§9+§b] Jerrysimp§f§r§f: i stoped playing when i maxed it
07:49:48 [allowed] §8[§r§f78§r§8] §r§b[MVP§a+§b] Borkode§f§r§f: im not sure
07:49:52 [allowed] §8[§r§f78§r§8] §r§b[MVP§a+§b] Borkode§f§r§f: or 25m
07:49:54 [allowed] §8[§r§f78§r§8] §r§b[MVP§a+§b] Borkode§f§r§f: idk
07:50:00 [allowed] §aSuccessfully added §r§aSilverfish §r§ato your pet menu!
07:50:01 [allowed] §8[§r§6419§r§8] §r§b[MVP§9+§b] Jerrysimp§f§r§f: i had a lot of money from when slime was good
07:50:02 [allowed] §8[§r§6419§r§8] §r§b[MVP§9+§b] Jerrysimp§f§r§f: :(
07:50:02 [allowed] §aYou summoned your §r§aSilverfish§r§a!
07:50:03 [allowed] §7Finding player...
07:50:05 [allowed] §7Sending a visit request...
07:50:05 [allowed] §7Sending to server mini155DH...
07:50:06 [allowed] §6HUNT §e- §a2 §eof your §atraps §ecaught something!
07:50:06 [allowed] §7[§eClick here to collect them.§7]
07:50:06 [allowed] §f§m-----------------------------------------------------
§r§cYou should NEVER enter your Microsoft account details anywhere but on official Microsoft services!

§r§cExternal links from untrusted sources should be avoided.
§r§f§m-----------------------------------------------------
07:50:08 [allowed] §7Sending to server mini72CT...
07:50:09 [allowed] §6HUNT §e- §a2 §eof your §atraps §ecaught something!
07:50:09 [allowed] §7[§eClick here to collect them.§7]
07:50:13 [allowed]  §9§l» §ahimej0shi §eis traveling to §aDwarven Mines §e§lFOLLOW
07:50:42 [allowed] §aYour §r§aSilverfish §r§aleveled up to level §r§92§r§a!
07:50:48 [allowed] §aYour §r§aSilverfish §r§aleveled up to level §r§93§r§a!
07:50:56 [allowed] §aYour §r§aSilverfish §r§aleveled up to level §r§94§r§a!
07:51:04 [allowed] §aYour §r§aSilverfish §r§aleveled up to level §r§95§r§a!
07:51:06 [allowed] §6[Sacks] §r§a+1,417§r§e items§r§e.§r§8 (Last 30s.)
07:51:16 [allowed] §6[Sacks] §r§a+133§r§e items§r§e.§r§8 (Last 8s.)
07:51:20 [allowed] §aYour §r§aSilverfish §r§aleveled up to level §r§96§r§a!
07:51:26 [allowed] §6[Sacks] §r§a+148§r§e items§r§e.§r§8 (Last 8s.)
07:51:31 [allowed] §aYour §r§aSilverfish §r§aleveled up to level §r§97§r§a!
07:51:47 [allowed] §aYour §r§aSilverfish §r§aleveled up to level §r§98§r§a!
07:52:08 [allowed] §7Warping...
07:52:08 [allowed] §7Sending to server mini187N...
07:52:10 [allowed] §6HUNT §e- §a2 §eof your §atraps §ecaught something!
07:52:10 [allowed] §7[§eClick here to collect them.§7]
07:52:13 [allowed]  §9§l» §ahimej0shi §eis traveling to §aHub §e§lFOLLOW
07:52:29 [allowed] §e[NPC] §bKat§f: §rI'll get your §aSilverfish §fupgraded to §9§LRARE §fin no time!
07:52:33 [allowed] §e[NPC] §bKat§f: §rCome back in §e20 seconds §fto pick it up!
07:52:48 [allowed] §2Guild > §a[VIP§6+§a] himej0shi§f: §rnii tublisti neelad
07:52:49 [allowed] §e[NPC] §bKat§f: §rI'm currently taking care of your §aSilverfish§f!
07:52:52 [allowed] §e[NPC] §bKat§f: §rYou can pick it up in §e0 seconds§f.
07:52:55 [allowed] §e[NPC] §bKat§f: §rStop by once it's done, okay?
07:52:58 [allowed] §e[NPC] §bKat§f: §rOh, hey!
07:52:59 [allowed] §e[NPC] §bKat§f: §rI was able to upgrade your pet §aSilverfish§f to §9§LRARE§f.
07:53:03 [allowed] §e[NPC] §bKat§f: §rIf you have any other pets you'd like to upgrade, you know where to find me!
07:53:10 [allowed] §8Withdrawing coins...
07:53:10 [allowed] §aWithdrew §r§611k coins§r§a! There's now §r§67.9M coins §r§aleft in the account!
07:53:15 [allowed] §e[NPC] §bKat§f: §rI'll get your §9Silverfish §fupgraded to §5§LEPIC §fin no time!
07:53:19 [allowed] §e[NPC] §bKat§f: §rCome back in §e30 seconds §fto pick it up!
07:53:24 [allowed] §aYou have sent a trade request to §r§ahimej0shi§r§a.
07:53:31 [allowed] §6Trade completed with §r§a[VIP§r§6+§r§a] himej0shi§r§f§r§6!
07:53:31 [allowed]  §r§c§l- §r§810x §r§aEnchanted Cobblestone
07:53:50 [allowed] §e[NPC] §bKat§f: §rOh, hey!
07:53:52 [allowed] §e[NPC] §bKat§f: §rI was able to upgrade your pet §9Silverfish§f to §5§LEPIC§f.
07:53:55 [allowed] §e[NPC] §bKat§f: §rIf you have any other pets you'd like to upgrade, you know where to find me!
07:54:55 [allowed] §2Guild > §a[VIP§6+§a] himej0shi§f: §rma nii
07:54:56 [allowed] §e[NPC] §bKat§f: §rOh, hey!
07:54:57 [allowed] §2Guild > §a[VIP§6+§a] himej0shi§f: §rgfhdjg
07:54:57 [allowed] §e[NPC] §bKat§f: §rI was able to upgrade your pet §5Silverfish§f to §6§LLEGENDARY§f.
07:54:58 [allowed] §aSuccessfully added §r§6Silverfish §r§ato your pet menu!
07:54:59 [allowed]                           §r§3§lSKYBLOCK LEVEL UP
07:54:59 [allowed]                              §r§eLevel §r§8101 ➡ §r§8[§r§e102§r§8]
07:54:59 [allowed]                                   §r§6§lREWARDS
07:55:00 [allowed]                                  §r§8+§r§a5 §r§c❤ Health
07:55:01 [allowed] §e[NPC] §bKat§f: §rIf you have any other pets you'd like to upgrade, you know where to find me!
07:55:02 [allowed] §aYou summoned your §r§6Silverfish§r§a!
07:55:07 [allowed]  §9§l» §ahimej0shi §eis traveling to §aPrivate Island §e§lFOLLOW
07:55:12 [allowed] §eYour Mining Sack §r§eis full of §r§fCobblestone§r§e!
07:55:13 [allowed] §eYour Mining Sack §r§eis full of §r§fCobblestone§r§e!
07:55:14 [allowed] §eYour Mining Sack §r§eis full of §r§fCobblestone§r§e!
07:55:28 [allowed] §cYou don't have room in your inventory!
07:55:33 [allowed] §6[Sacks] §r§c-3,840§r§e items§r§e.§r§8 (Last 8s.)
07:55:34 [allowed]  §9§l» §ahimej0shi §eis traveling to §aPrivate Island §e§lFOLLOW
07:55:39 [allowed]  §9§l» §ahimej0shi §eis traveling to §aDwarven Mines §e§lFOLLOW
07:55:42 [allowed] §6[Sacks] §r§c-640§r§e items§r§e.§r§8 (Last 5s.)
07:55:43 [allowed] §bhimej0shi joined SkyBlock.
07:55:56 [allowed] §2Guild > §a[VIP§6+§a] himej0shi§f: §rsul täna kuidagi eriti nunnu hääl gjfhdhgdf
07:56:05 [allowed] §7Finding player...
07:56:09 [allowed] §6[Sacks] §r§c-280§r§e items§r§e.§r§8 (Last 5s.)
07:56:20 [allowed] §7Finding player...
07:56:21 [allowed] §7Sending a visit request...
07:56:21 [allowed] §7Sending to server mini155DH...
07:56:23 [allowed] §f§m-----------------------------------------------------
§r§cYou should NEVER enter your Microsoft account details anywhere but on official Microsoft services!

§r§cExternal links from untrusted sources should be avoided.
§r§f§m-----------------------------------------------------
07:56:23 [allowed] §6HUNT §e- §a2 §eof your §atraps §ecaught something!
07:56:23 [allowed] §7[§eClick here to collect them.§7]
07:56:24 [allowed] §7Warping using transfer token...
07:56:24 [allowed] §cCouldn't warp you! Try again later. §r§7(WRONG_TOKEN)
07:56:30 [allowed] §9§m-----------------------------------------------------
07:56:30 [allowed] §eThe party was transferred to §r§a[VIP§r§6+§r§a] himej0shi §r§eby §r§b[MVP§r§3+§r§b] catholicschool
07:56:30 [allowed] §9§m-----------------------------------------------------
07:56:32 [allowed] §7Sending to server mini199DF...
07:56:33 [allowed] §9§m-----------------------------
07:56:33 [allowed] §eParty Leader, §r§a[VIP§r§6+§r§a] himej0shi§r§e, summoned you to their server.
07:56:33 [allowed] §9§m-----------------------------
07:56:33 [allowed] §6HUNT §e- §a2 §eof your §atraps §ecaught something!
07:56:34 [allowed] §7[§eClick here to collect them.§7]
07:56:34 [allowed] §cCouldn't warp you! Try again later. §r§7(SERVERS_DID_NOT_ACCEPT)
07:56:38 [allowed] §9§m-----------------------------
07:56:38 [allowed] §eParty Leader, §r§a[VIP§r§6+§r§a] himej0shi§r§e, summoned you to their server.
07:56:38 [allowed] §9§m-----------------------------
07:57:15 [allowed] §aYou used your §r§6Pickobulus §r§aPickaxe Ability!
07:57:16 [allowed] §aYour §r§6Silverfish §r§aleveled up to level §r§94§r§a!
07:57:16 [allowed] §aYour §r§6Silverfish §r§aleveled up to level §r§95§r§a!
07:57:16 [allowed] §7Your §r§aPickobulus §r§7destroyed §r§e40 §r§7blocks!
07:57:36 [allowed] §aYour §r§6Silverfish §r§aleveled up to level §r§96§r§a!
07:57:47 [allowed] §6[Sacks] §r§a+1,031§r§e items§r§e.§r§8 (Last 30s.)
07:57:58 [allowed] §aYour §r§6Silverfish §r§aleveled up to level §r§97§r§a!
07:58:00 [allowed] §2Guild > §a[VIP§6+§a] himej0shi§f: §rgffhg sa olid nii nunnu as always
07:58:11 [allowed] §6[Sacks] §r§a+300§r§e items§r§e.§r§8 (Last 23s.)
07:58:16 [allowed] §a§r§6Pickobulus §r§ais now available!
07:58:18 [allowed] §aYou used your §r§6Pickobulus §r§aPickaxe Ability!
07:58:18 [allowed] §aYour §r§6Silverfish §r§aleveled up to level §r§98§r§a!
07:58:18 [allowed] §7Your §r§aPickobulus §r§7destroyed §r§e36 §r§7blocks!
07:58:40 [allowed] §6[Sacks] §r§a+601§r§e items§r§e.§r§8 (Last 22s.)
07:58:52 [allowed] §6[Sacks] §r§c-1,280§r§e items§r§e.§r§8 (Last 5s.)
07:59:18 [allowed] §a§r§6Pickobulus §r§ais now available!
07:59:54 [allowed] §2Guild > §a[VIP§6+§a] himej0shi§f: §rSO CUTEEEEEEE
07:59:55 [allowed] §2Guild > §a[VIP§6+§a] himej0shi§f: §rOMGGGG
08:00:10 [allowed] §2Guild > §a[VIP§6+§a] himej0shi§f: §ryour laugh is so fucking adorable omg
08:00:20 [allowed] §aYou used your §r§6Pickobulus §r§aPickaxe Ability!
08:00:20 [allowed] §aYour §r§6Silverfish §r§aleveled up to level §r§99§r§a!
08:00:20 [allowed] §7Your §r§aPickobulus §r§7destroyed §r§e36 §r§7blocks!
08:00:39 [allowed] §6[Sacks] §r§a+701§r§e items§r§e.§r§8 (Last 23s.)
08:01:21 [allowed] §a§r§6Pickobulus §r§ais now available!
08:01:28 [allowed] §8[§r§e99§r§8] §r§7Tafties§7§r§7: mb
08:02:59 [allowed] §aYour §r§6Silverfish §r§aleveled up to level §r§910§r§a!
08:03:04 [allowed] §6[Sacks] §r§a+25§r§e items§r§e.§r§8 (Last 5s.)
08:03:10 [allowed] §aYou used your §r§6Pickobulus §r§aPickaxe Ability!
08:03:10 [allowed] §7Your §r§aPickobulus §r§7destroyed §r§e37 §r§7blocks!
08:03:13 [allowed] §aYour §r§6Silverfish §r§aleveled up to level §r§911§r§a!
08:03:40 [allowed] §6[Sacks] §r§a+901§r§e items§r§e.§r§8 (Last 30s.)
08:03:55 [allowed] §5§l✯ §r§eA §r§5Fallen Star §r§ehas crashed at §r§bUpper Mines§r§e! Nearby ore and Powder drops are amplified!
08:04:05 [allowed] §aYour §r§6Silverfish §r§aleveled up to level §r§912§r§a!
08:04:10 [allowed] §cYour Pickaxe ability is on cooldown for 1s.
08:04:11 [allowed] §a§r§6Pickobulus §r§ais now available!
08:04:12 [allowed] §aYou used your §r§6Pickobulus §r§aPickaxe Ability!
08:04:13 [allowed] §7Your §r§aPickobulus §r§7destroyed §r§e37 §r§7blocks!
08:04:18 [allowed] §6[Sacks] §r§a+22§r§e items§r§e.§r§8 (Last 5s.)
08:04:27 [allowed] §aYour §r§6Silverfish §r§aleveled up to level §r§913§r§a!
08:05:00 [allowed]  §b⚑ §eThe §b2x Powder §eevent starts in §a20 §eseconds!
 §eThis is a passive event! §bIt's happening everywhere in the §bDwarven Mines!
08:05:03 [allowed] §6The sound of pickaxes clashing against the rock has attracted the attention of the §r§lPOWDER GHAST!
08:05:03 [allowed] §eFind the §r§6Powder Ghast§r§e near the §r§bCliffside Veins§r§e!
08:05:13 [allowed] §a§r§6Pickobulus §r§ais now available!
08:05:20 [allowed] §a§l▬▬▬▬▬▬▬▬▬▬▬▬▬▬▬▬▬▬▬▬▬▬▬▬▬▬▬▬▬▬▬▬▬▬▬▬▬▬▬▬▬▬▬▬▬▬▬▬▬▬▬▬▬▬▬▬▬▬▬▬▬▬▬▬
08:05:20 [allowed]                           §r§b§l2X POWDER STARTED!
08:05:20 [allowed]                            §r§7Passive Active Event
08:05:20 [allowed]         Everybody gets twice as much powder of all types!
08:05:20 [allowed] §a§l▬▬▬▬▬▬▬▬▬▬▬▬▬▬▬▬▬▬▬▬▬▬▬▬▬▬▬▬▬▬▬▬▬▬▬▬▬▬▬▬▬▬▬▬▬▬▬▬▬▬▬▬▬▬▬▬▬▬▬▬▬▬▬▬
08:05:21 [allowed] §aYou used your §r§6Pickobulus §r§aPickaxe Ability!
08:05:21 [allowed] §aYour §r§6Silverfish §r§aleveled up to level §r§914§r§a!
08:05:21 [allowed] §aYour §r§6Silverfish §r§aleveled up to level §r§915§r§a!
08:05:21 [allowed] §7Your §r§aPickobulus §r§7destroyed §r§e41 §r§7blocks!
08:05:27 [allowed] §6[Sacks] §r§a+246§r§e items§r§e.§r§8 (Last 5s.)
08:05:40 [allowed] §8[§r§3258§r§8] §r§6☠ §r§b[MVP§9+§b] EndLock§f§r§f: GHOST HUNTING GRINDING
08:05:43 [allowed] §8[§r§3258§r§8] §r§6☠ §r§b[MVP§9+§b] EndLock§f§r§f: join now
08:05:45 [allowed] §8[§r§3258§r§8] §r§6☠ §r§b[MVP§9+§b] EndLock§f§r§f: 2/6
08:05:48 [allowed] §8[§r§3258§r§8] §r§6☠ §r§b[MVP§9+§b] EndLock§f§r§f: super fast hunting xp
08:05:49 [allowed] §2Guild > §a[VIP§6+§a] himej0shi§f: §rkõlas nii domilt mffghh
08:05:54 [allowed] §8[§r§3258§r§8] §r§6☠ §r§b[MVP§9+§b] EndLock§f§r§f: who wants in
08:05:55 [allowed] §cWhoa! Slow down there!
08:05:56 [allowed] §cThere are blocks in the way!
08:06:15 [allowed] §cYour Pickaxe ability is on cooldown for 6s.
08:06:21 [allowed] §a§r§6Pickobulus §r§ais now available!
08:06:23 [allowed] §aYou used your §r§6Pickobulus §r§aPickaxe Ability!
08:06:24 [allowed] §aYour §r§6Silverfish §r§aleveled up to level §r§916§r§a!
08:06:24 [allowed] §7Your §r§aPickobulus §r§7destroyed §r§e43 §r§7blocks!
08:07:06 [allowed] §cYour Pickaxe ability is on cooldown for 18s.
08:07:11 [allowed] §aYour §r§6Silverfish §r§aleveled up to level §r§917§r§a!
08:07:24 [allowed] §a§r§6Pickobulus §r§ais now available!
08:07:25 [allowed] §aYou used your §r§6Pickobulus §r§aPickaxe Ability!
08:07:26 [allowed] §7Your §r§aPickobulus §r§7destroyed §r§e35 §r§7blocks!
08:07:53 [allowed] §aYour §r§6Silverfish §r§aleveled up to level §r§918§r§a!
08:08:26 [allowed] §a§r§6Pickobulus §r§ais now available!
08:08:29 [allowed] §aYou used your §r§6Pickobulus §r§aPickaxe Ability!
08:08:30 [allowed] §aYour §r§6Silverfish §r§aleveled up to level §r§919§r§a!
08:08:30 [allowed] §7Your §r§aPickobulus §r§7destroyed §r§e42 §r§7blocks!
08:08:52 [allowed] §cYour Pickaxe ability is on cooldown for 38s.
08:09:19 [allowed] §cWhoa! Slow down there!
08:09:23 [allowed] §cThere are blocks in the way!
08:09:26 [allowed] §cYour Pickaxe ability is on cooldown for 4s.
08:09:30 [allowed] §a§r§6Pickobulus §r§ais now available!
08:09:32 [allowed] §aYou used your §r§6Pickobulus §r§aPickaxe Ability!
08:09:32 [allowed] §aYour §r§6Silverfish §r§aleveled up to level §r§920§r§a!
08:09:32 [allowed] §7Your §r§aPickobulus §r§7destroyed §r§e36 §r§7blocks!
08:09:37 [allowed] §6[Sacks] §r§a+7§r§e items§r§e.§r§8 (Last 5s.)
08:09:52 [allowed] §cYour Pickaxe ability is on cooldown for 41s.
08:10:13 [allowed] §8[§r§3258§r§8] §r§6☠ §r§b[MVP§9+§b] EndLock§f§r§f: ff
08:10:20 [allowed] §2Guild > §a[VIP§6+§a] himej0shi§f: §rmiks ma
08:10:22 [allowed] §2Guild > §a[VIP§6+§a] himej0shi§f: §rafghgfdhfgdhgdf
08:10:24 [allowed] §cYour Pickaxe ability is on cooldown for 8s.
08:10:33 [allowed] §a§r§6Pickobulus §r§ais now available!
08:10:33 [allowed] §2Guild > §a[VIP§6+§a] himej0shi§f: §rsa oled mind harjutanud ymber
08:10:35 [allowed] §aYou used your §r§6Pickobulus §r§aPickaxe Ability!
08:10:35 [allowed] §aYour §r§6Silverfish §r§aleveled up to level §r§921§r§a!
08:10:35 [allowed] §7Your §r§aPickobulus §r§7destroyed §r§e37 §r§7blocks!
08:10:37 [allowed] §2Guild > §a[VIP§6+§a] himej0shi§f: §ron command kõvask
08:10:39 [allowed] §2Guild > §a[VIP§6+§a] himej0shi§f: §rkõvaks
08:10:40 [allowed] §6[Sacks] §r§a+33§r§e items§r§e.§r§8 (Last 5s.)
08:11:36 [allowed] §a§r§6Pickobulus §r§ais now available!
08:11:38 [allowed] §aYou used your §r§6Pickobulus §r§aPickaxe Ability!
08:11:38 [allowed] §aYour §r§6Silverfish §r§aleveled up to level §r§922§r§a!
08:11:38 [allowed] §7Your §r§aPickobulus §r§7destroyed §r§e21 §r§7blocks!
08:12:14 [allowed] §7Warping you to your SkyBlock island...
08:12:15 [allowed] §7Sending to server mini18V...
08:12:16 [allowed] §6HUNT §e- §a2 §eof your §atraps §ecaught something!
08:12:16 [allowed] §7[§eClick here to collect them.§7]
08:13:01 [allowed] §2Guild > §a[VIP§6+§a] himej0shi§f: §rkuke ja palli piin
08:13:15 [allowed] §cWhoa! Slow down there!
08:13:15 [allowed] §6HUNT §e- §a2 §eof your §atraps §ecaught something!
08:13:15 [allowed] §7[§eClick here to collect them.§7]
08:13:30 [allowed] §cThere are blocks in the way!
08:13:57 [allowed] §7Finding player...
08:13:59 [allowed] §7Sending a visit request...
08:13:59 [allowed] §7Sending to server mini155DH...
08:14:00 [allowed] §f§m-----------------------------------------------------
§r§cYou should NEVER enter your Microsoft account details anywhere but on official Microsoft services!

§r§cExternal links from untrusted sources should be avoided.
§r§f§m-----------------------------------------------------
08:14:00 [allowed] §6HUNT §e- §a2 §eof your §atraps §ecaught something!
08:14:00 [allowed] §7[§eClick here to collect them.§7]
08:14:01 [allowed] §cThis ability is disabled while guesting!
08:14:02 [allowed] §7Sending to server mini25AD...
08:14:03 [allowed] §6HUNT §e- §a2 §eof your §atraps §ecaught something!
08:14:03 [allowed] §7[§eClick here to collect them.§7]
08:14:44 [allowed] §aYou used your §r§6Pickobulus §r§aPickaxe Ability!
08:14:44 [allowed] §7Your §r§aPickobulus §r§7destroyed §r§e32 §r§7blocks!
08:14:45 [allowed] §9§m-----------------------------
08:14:45 [allowed] §eParty Leader, §r§a[VIP§r§6+§r§a] himej0shi§r§e, summoned you to their server.
08:14:45 [allowed] §9§m-----------------------------
08:14:45 [allowed] §7Sending to server mini199DF...
08:14:46 [allowed] §6HUNT §e- §a2 §eof your §atraps §ecaught something!
08:14:46 [allowed] §7[§eClick here to collect them.§7]
08:15:08 [allowed] §cThere are blocks in the way!
08:15:16 [allowed] §8[§r§f79§r§8] §r§7▒ §r§b[MVP§6+§b] TaterHunter§f§r§f: anybody else laggin?
08:15:18 [allowed] §6The sound of pickaxes clashing against the rock has attracted the attention of the §r§lPOWDER GHAST!
08:15:18 [allowed] §eFind the §r§6Powder Ghast§r§e near the §r§bRampart's Quarry§r§e!
08:15:25 [allowed] §cYour Pickaxe ability is on cooldown for 19s.
08:15:29 [allowed] §8[§r§2185§r§8] §r§7ᛃ §r§b[MVP§d+§b] DoominatiC§f§r§f: not me
08:15:48 [allowed] §aYour §r§6Silverfish §r§aleveled up to level §r§923§r§a!
08:16:00 [allowed] §6[Sacks] §r§a+535§r§e items§r§e.§r§8 (Last 30s.)
08:16:17 [allowed] §6[Sacks] §r§a+215§r§e items§r§e.§r§8 (Last 16s.)
08:16:49 [allowed] §aYou used your §r§6Pickobulus §r§aPickaxe Ability!
08:16:49 [allowed] §7Your §r§aPickobulus §r§7destroyed §r§e38 §r§7blocks!
08:16:57 [allowed] §6[Sacks] §r§a+1,035§r§e items§r§e.§r§8 (Last 30s.)
08:17:05 [allowed] §6[Sacks] §r§a+60§r§e items§r§e.§r§8 (Last 7s.)
08:17:08 [allowed] §aYour §r§6Silverfish §r§aleveled up to level §r§924§r§a!
08:17:14 [allowed] §6[Sacks] §r§a+60§r§e items§r§e.§r§8 (Last 7s.)
08:17:27 [allowed] §6[Sacks] §r§a+90§r§e items§r§e.§r§8 (Last 10s.)
08:17:41 [allowed] §cYour Pickaxe ability is on cooldown for 8s.
08:17:47 [allowed] §6[Sacks] §r§a+15§r§e items§r§e.§r§8 (Last 5s.)
08:17:50 [allowed] §a§r§6Pickobulus §r§ais now available!
08:17:51 [allowed] §aYou used your §r§6Pickobulus §r§aPickaxe Ability!
08:17:51 [allowed] §7Your §r§aPickobulus §r§7destroyed §r§e36 §r§7blocks!
08:17:55 [allowed]  §9§l» §ahimej0shi §eis traveling to §aPrivate Island §e§lFOLLOW
08:18:05 [allowed] §6[Sacks] §r§a+720§r§e items§r§e.§r§8 (Last 15s.)
08:18:11 [allowed] §cYour Pickaxe ability is on cooldown for 40s.
08:18:38 [allowed] §6[Sacks] §r§a+445§r§e items§r§e.§r§8 (Last 30s.)
08:18:45 [allowed] §cYour Pickaxe ability is on cooldown for 6s.
08:18:52 [allowed] §a§r§6Pickobulus §r§ais now available!
08:18:53 [allowed] §aYou used your §r§6Pickobulus §r§aPickaxe Ability!
08:18:53 [allowed] §aYour §r§6Silverfish §r§aleveled up to level §r§925§r§a!
08:18:53 [allowed] §7Your §r§aPickobulus §r§7destroyed §r§e27 §r§7blocks!
08:18:59 [allowed] §6[Sacks] §r§a+645§r§e items§r§e.§r§8 (Last 20s.)
08:19:18 [allowed] §cYour Pickaxe ability is on cooldown for 36s.
08:19:37 [allowed] §6[Sacks] §r§a+655§r§e items§r§e.§r§8 (Last 30s.)
08:19:44 [allowed] §6[Sacks] §r§a+5§r§e items§r§e.§r§8 (Last 5s.)
08:19:53 [allowed] §a§r§6Pickobulus §r§ais now available!
08:19:55 [allowed] §aYou used your §r§6Pickobulus §r§aPickaxe Ability!
08:19:55 [allowed] §7Your §r§aPickobulus §r§7destroyed §r§e27 §r§7blocks!
08:20:08 [allowed] §6[Sacks] §r§c-6,720§r§e items§r§e.§r§8 (Last 7s.)
08:20:19 [allowed] §6[Sacks] §r§a+90§r§e items§r§e.§r§8 (Last 10s.)
08:20:30 [allowed] §a§l▬▬▬▬▬▬▬▬▬▬▬▬▬▬▬▬▬▬▬▬▬▬▬▬▬▬▬▬▬▬▬▬▬▬▬▬▬▬▬▬▬▬▬▬▬▬▬▬▬▬▬▬▬▬▬▬▬▬▬▬▬▬▬▬
08:20:30 [allowed]                            §r§b§l2X POWDER ENDED!
08:20:30 [allowed]                            §r§7Passive Active Event
08:20:30 [allowed]    Powder amount is back to normal, but there will be another
08:20:30 [allowed] §f                                 event soon!
08:20:30 [allowed] §a§l▬▬▬▬▬▬▬▬▬▬▬▬▬▬▬▬▬▬▬▬▬▬▬▬▬▬▬▬▬▬▬▬▬▬▬▬▬▬▬▬▬▬▬▬▬▬▬▬▬▬▬▬▬▬▬▬▬▬▬▬▬▬▬▬
08:20:42 [allowed] §aYour §r§6Silverfish §r§aleveled up to level §r§926§r§a!
08:20:52 [allowed] §6[Sacks] §r§a+295§r§e items§r§e.§r§8 (Last 23s.)
08:20:55 [allowed] §a§r§6Pickobulus §r§ais now available!
08:21:02 [allowed] §aYou used your §r§6Pickobulus §r§aPickaxe Ability!
08:21:02 [allowed] §7Your §r§aPickobulus §r§7destroyed §r§e32 §r§7blocks!
08:21:16 [allowed]  §9§l» §ahimej0shi §eis traveling to §aDungeon Hub §e§lFOLLOW
08:21:25 [allowed] §6[Sacks] §r§a+972§r§e items§r§e.§r§8 (Last 30s.)
08:21:27 [allowed] §cYour Pickaxe ability is on cooldown for 35s.
08:21:47 [allowed]  §9§l» §ahimej0shi §eis traveling to §aPrivate Island §e§lFOLLOW
08:21:58 [allowed] §6[Sacks] §r§a+515§r§e items§r§e.§r§8 (Last 30s.)
08:22:02 [allowed] §a§r§6Pickobulus §r§ais now available!
08:22:08 [allowed] §aYou used your §r§6Pickobulus §r§aPickaxe Ability!
08:22:09 [allowed] §aYour §r§6Silverfish §r§aleveled up to level §r§927§r§a!
08:22:09 [allowed] §7Your §r§aPickobulus §r§7destroyed §r§e36 §r§7blocks!
08:22:18 [allowed]  §9§l» §ahimej0shi §eis traveling to §aPrivate Island §e§lFOLLOW
08:22:22 [allowed]  §9§l» §ahimej0shi §eis traveling to §aDwarven Mines §e§lFOLLOW
08:22:25 [allowed] §7Warping using transfer token...
08:22:25 [allowed] §7Sending to server mini79DP...
08:22:27 [allowed] §6HUNT §e- §a2 §eof your §atraps §ecaught something!
08:22:27 [allowed] §7[§eClick here to collect them.§7]
08:22:38 [allowed] §6[Sacks] §r§c-1,600§r§e items§r§e.§r§8 (Last 5s.)
08:23:17 [allowed] §cThere are blocks in the way!
08:23:50 [allowed] §6[Sacks] §r§a+470§r§e items§r§e.§r§8 (Last 30s.)
08:23:58 [allowed] §aYou used your §r§6Pickobulus §r§aPickaxe Ability!
08:23:59 [allowed] §3§l▬▬▬▬▬▬▬▬▬▬▬▬▬▬▬▬▬▬▬▬▬▬▬▬▬▬▬▬▬▬▬▬▬▬▬▬▬▬▬▬▬▬▬▬▬▬▬▬▬▬▬▬▬▬▬▬▬▬▬▬▬▬▬▬
08:23:59 [allowed]   §r§b§lSKILL LEVEL UP §3Mining §821➜§322
08:23:59 [allowed]   §r§a§lREWARDS
08:23:59 [allowed]    §r§eSpelunker 22
08:23:59 [allowed]    §r  §7§fGrants §a+§884➜§a88§f §6☘ Mining Fortune§f, which increases your
08:23:59 [allowed]    §r  §fchance for multiple ore drops.
08:23:59 [allowed]    §r§7§8+§a2 §a❈ Defense
08:23:59 [allowed]    §r§7§9Dragon Claw §7Reforge
08:23:59 [allowed]    §r§7§9Optical Lens §7Reforge
08:23:59 [allowed]    §r§7§9Diamond Atom §7Reforge
08:23:59 [allowed]    §r§7§8+§6150,000 §7Coins
08:23:59 [allowed]    §r§7§8+§b10 SkyBlock XP
08:23:59 [allowed] §3§l▬▬▬▬▬▬▬▬▬▬▬▬▬▬▬▬▬▬▬▬▬▬▬▬▬▬▬▬▬▬▬▬▬▬▬▬▬▬▬▬▬▬▬▬▬▬▬▬▬▬▬▬▬▬▬▬▬▬▬▬▬▬▬▬
08:23:59 [allowed] §7Your §r§aPickobulus §r§7destroyed §r§e40 §r§7blocks!
08:24:30 [allowed] §6[Sacks] §r§a+960§r§e items§r§e.§r§8 (Last 30s.)
08:24:36 [allowed] §6[Sacks] §r§a+15§r§e items§r§e.§r§8 (Last 5s.)
08:24:56 [allowed] §a§l▬▬▬▬▬▬▬▬▬▬▬▬▬▬▬▬▬▬▬▬▬▬▬▬▬▬▬▬▬▬▬▬▬▬▬▬▬▬▬▬▬▬▬▬▬▬▬▬▬▬▬▬▬▬▬▬▬▬▬▬▬▬▬▬
08:24:56 [allowed]                            §r§b§l2X POWDER ENDED!
08:24:56 [allowed]                            §r§7Passive Active Event
08:24:56 [allowed]    Powder amount is back to normal, but there will be another
08:24:56 [allowed] §f                                 event soon!
08:24:56 [allowed]      §r§cYou already claimed rewards for this event on another
08:24:56 [allowed] §c§r§f                                    §r§cserver!
08:24:56 [allowed] §a§l▬▬▬▬▬▬▬▬▬▬▬▬▬▬▬▬▬▬▬▬▬▬▬▬▬▬▬▬▬▬▬▬▬▬▬▬▬▬▬▬▬▬▬▬▬▬▬▬▬▬▬▬▬▬▬▬▬▬▬▬▬▬▬▬
08:24:59 [allowed] §a§r§6Pickobulus §r§ais now available!
08:25:04 [allowed] §cYou have not unlocked this bag!
08:25:58 [allowed] §6[Sacks] §r§a+816§r§e items§r§e, §r§c-931§r§e items§r§e.§r§8 (Last 29s.)
08:26:32 [allowed] §6[Sacks] §r§a+1,346§r§e items§r§e.§r§8 (Last 30s.)
08:26:43 [allowed] §aYour §r§6Silverfish §r§aleveled up to level §r§928§r§a!
08:27:03 [allowed] §6[Sacks] §r§a+1,136§r§e items§r§e.§r§8 (Last 30s.)
08:27:05 [allowed] §5§l✯ §r§eA §r§5Fallen Star §r§ehas crashed at §r§bGreat Ice Wall§r§e! Nearby ore and Powder drops are amplified!
08:27:24 [allowed] §aYou used your §r§6Pickobulus §r§aPickaxe Ability!
08:27:24 [allowed] §7Your §r§aPickobulus §r§7destroyed §r§e35 §r§7blocks!
08:27:50 [allowed] §6[Sacks] §r§a+348§r§e items§r§e.§r§8 (Last 25s.)
08:27:54 [allowed] §cThere are blocks in the way!
08:27:56 [allowed] §2Guild > §a[VIP§6+§a] himej0shi§f: §rsöön su VITTU!
08:28:09 [allowed] §cWhoa! Slow down there!
08:28:18 [allowed] §e[NPC] Fetchur§f: §rhi i need your help maybe
08:28:20 [allowed] §e[NPC] Fetchur§f: §rim looking for some stuff, dont remember the name tbh
08:28:21 [allowed] §e[NPC] Fetchur§f: §rits explosive but more than usual
08:28:21 [allowed] §e[NPC] Fetchur§f: Superboom TNT
08:28:23 [allowed] §e[NPC] Fetchur§f: §ri need 1 pls
08:28:25 [allowed] §a§r§6Pickobulus §r§ais now available!
08:28:27 [allowed] §e[NPC] Fetchur§f: §rthanks thats probably what i needed
08:28:27 [allowed] §aYou received these rewards:
08:28:27 [allowed]   §r§8+§r§620,000 Coins
08:28:27 [allowed]   §r§8+§r§21,000 Mithril Powder
08:28:28 [allowed] §e[NPC] Fetchur§f: §rtake some gifts!
08:28:36 [allowed] §2Guild > §a[VIP§6+§a] himej0shi§f: §rlõhnab imelikult, millal sa viimati pesemas käisid? oh well kuna see sina siis ill bare with it :3c
08:28:51 [allowed] §aYou used your §r§6Pickobulus §r§aPickaxe Ability!
08:28:51 [allowed] §aYour §r§6Silverfish §r§aleveled up to level §r§929§r§a!
08:28:52 [allowed] §7Your §r§aPickobulus §r§7destroyed §r§e41 §r§7blocks!
08:29:22 [allowed] §6[Sacks] §r§a+448§r§e items§r§e.§r§8 (Last 30s.)
08:29:27 [allowed] §aYour §r§6Silverfish §r§aleveled up to level §r§930§r§a!
08:29:28 [allowed]  §6⚑ §eThe §6Raffle §eevent starts in §a20 §eseconds!
 §aClick here §eto teleport to §bGarry §eand prepare!
08:29:32 [allowed] §6[Sacks] §r§a+22§r§e items§r§e.§r§8 (Last 9s.)
08:29:38 [allowed] §6[Sacks] §r§a+3§r§e items§r§e.§r§8 (Last 5s.)
08:29:48 [allowed] §a§l▬▬▬▬▬▬▬▬▬▬▬▬▬▬▬▬▬▬▬▬▬▬▬▬▬▬▬▬▬▬▬▬▬▬▬▬▬▬▬▬▬▬▬▬▬▬▬▬▬▬▬▬▬▬▬▬▬▬▬▬▬▬▬▬
08:29:48 [allowed]                             §r§6§lRAFFLE STARTED!
08:29:48 [allowed]                                  §r§7Mining Event
08:29:48 [allowed]               Bring §r§6tickets §r§ffrom the ground to the box!
08:29:48 [allowed]                 3 §r§elucky §r§fplayers win §r§6exclusive §r§frewards!
08:29:48 [allowed]             More tickets = more §r§echances §r§f& more §r§6rewards§r§f!
08:29:48 [allowed]                  Go to §r§bRoyal Palace §r§7(or talk to Garry)
08:29:48 [allowed] §a§l▬▬▬▬▬▬▬▬▬▬▬▬▬▬▬▬▬▬▬▬▬▬▬▬▬▬▬▬▬▬▬▬▬▬▬▬▬▬▬▬▬▬▬▬▬▬▬▬▬▬▬▬▬▬▬▬▬▬▬▬▬▬▬▬
08:29:51 [allowed] §a§r§6Pickobulus §r§ais now available!
08:31:22 [allowed] §cThere are blocks in the way!
08:32:19 [allowed] §c§lRAFFLE CLOSING! §r§7in 10 seconds
08:32:29 [allowed] §eYou registered §r§a163 tickets §r§ein the raffle event!
08:32:33 [allowed] §eYou registered §r§a1 ticket §r§ein the raffle event!
08:32:50 [allowed] §a§l▬▬▬▬▬▬▬▬▬▬▬▬▬▬▬▬▬▬▬▬▬▬▬▬▬▬▬▬▬▬▬▬▬▬▬▬▬▬▬▬▬▬▬▬▬▬▬▬▬▬▬▬▬▬▬▬▬▬▬▬▬▬▬▬
08:32:50 [allowed]                               §r§6§lRAFFLE ENDED!
08:32:50 [allowed]                                  §r§7Mining Event
08:32:50 [allowed]                                 §r§fLucky Winners
08:32:50 [allowed]                               §r§b[MVP§r§a+§r§b] Tokawoka§r§f
08:32:50 [allowed]                            §r§b[MVP§r§3+§r§b] catholicschool§r§f
08:32:50 [allowed]                             §r§b[MVP§r§9+§r§b] BoxedBonzo§r§f
08:32:50 [allowed]             §r§a§lNICE! §r§fPlayers pooled a total of §r§61,668 §r§ftickets!
08:32:50 [allowed]              §r§a§lCOOL! §r§fYou personally collected §r§a164 §r§ftickets!
08:32:50 [allowed]                                    Rewards
08:32:50 [allowed]                         §r§8+§r§320,000 Mining Experience
08:32:50 [allowed]                                §r§8+§r§5200 HOTM Exp
08:32:50 [allowed]                            §r§8+§r§219,920 Mithril Powder
08:32:50 [allowed]                             §r§8+§r§9Dwarven Treasure
08:32:50 [allowed]                              §r§8+§r§9Titanium Minecart
08:32:50 [allowed] §a§l▬▬▬▬▬▬▬▬▬▬▬▬▬▬▬▬▬▬▬▬▬▬▬▬▬▬▬▬▬▬▬▬▬▬▬▬▬▬▬▬▬▬▬▬▬▬▬▬▬▬▬▬▬▬▬▬▬▬▬▬▬▬▬▬
08:32:52 [allowed] §aYour §r§6Silverfish §r§aleveled up to level §r§933§r§a!
08:33:13 [allowed] §6[Sacks] §r§a+1,445§r§e items§r§e.§r§8 (Last 27s.)
08:33:20 [allowed] §aYou used your §r§6Pickobulus §r§aPickaxe Ability!
08:33:20 [allowed] §a§lMITHRIL MINER §r§eCommission Complete! Visit the King §r§eto claim your rewards!
08:33:20 [allowed] §aYour §r§6Silverfish §r§aleveled up to level §r§934§r§a!
08:33:20 [allowed] §7Your §r§aPickobulus §r§7destroyed §r§e52 §r§7blocks!
08:33:26 [allowed] §6[Sacks] §r§a+283§r§e items§r§e.§r§8 (Last 5s.)
08:33:40 [allowed] §aWalk Speed Cap set to: §r§e1000
08:33:45 [allowed] §cThere are blocks in the way!
08:33:57 [allowed] §aWalk Speed Cap set to: §r§e700
08:34:03 [allowed] §cThis ability is on cooldown for 5s.
08:34:04 [allowed] §cThere are blocks in the way!
08:34:20 [allowed] §a§r§6Pickobulus §r§ais now available!
08:34:27 [allowed] §aWalk Speed Cap set to: §r§e400
08:35:34 [allowed] §aYou used your §r§6Pickobulus §r§aPickaxe Ability!
08:35:34 [allowed] §7Your §r§aPickobulus §r§7destroyed §r§e33 §r§7blocks!
08:36:04 [allowed] §6[Sacks] §r§a+373§r§e items§r§e.§r§8 (Last 29s.)
08:36:32 [allowed] §aYour §r§6Silverfish §r§aleveled up to level §r§935§r§a!
08:36:34 [allowed] §a§r§6Pickobulus §r§ais now available!
08:37:12 [allowed] §aYou used your §r§6Pickobulus §r§aPickaxe Ability!
08:37:12 [allowed] §7Your §r§aPickobulus §r§7destroyed §r§e39 §r§7blocks!
08:37:27 [allowed] §6[Sacks] §r§a+298§r§e items§r§e.§r§8 (Last 14s.)
08:37:55 [allowed] §6[Sacks] §r§a+80§r§e items§r§e.§r§8 (Last 22s.)
08:38:02 [allowed] §6[Sacks] §r§a+9§r§e items§r§e.§r§8 (Last 6s.)
08:38:06 [allowed] §aYour §r§6Silverfish §r§aleveled up to level §r§936§r§a!
08:38:13 [allowed] §a§r§6Pickobulus §r§ais now available!
08:38:13 [allowed] §aYou used your §r§6Pickobulus §r§aPickaxe Ability!
08:38:13 [allowed] §7Your §r§aPickobulus §r§7destroyed §r§e47 §r§7blocks!
08:38:35 [allowed] §6[Sacks] §r§a+407§r§e items§r§e.§r§8 (Last 30s.)
08:38:46 [allowed] §6[Sacks] §r§a+21§r§e items§r§e.§r§8 (Last 10s.)
08:39:13 [allowed] §6[Sacks] §r§a+100§r§e items§r§e.§r§8 (Last 24s.)
08:39:13 [allowed] §a§r§6Pickobulus §r§ais now available!
08:39:33 [allowed] §6[Sacks] §r§a+89§r§e items§r§e.§r§8 (Last 18s.)
08:40:33 [allowed] §aYour §r§6Silverfish §r§aleveled up to level §r§937§r§a!
08:40:39 [allowed] §aYou used your §r§6Pickobulus §r§aPickaxe Ability!
08:40:39 [allowed] §a§lLAVA SPRINGS MITHRIL §r§eCommission Complete! Visit the King §r§eto claim your rewards!
08:40:40 [allowed] §7Your §r§aPickobulus §r§7destroyed §r§e44 §r§7blocks!
08:40:47 [allowed] §6[Sacks] §r§a+371§r§e items§r§e.§r§8 (Last 26s.)
08:41:07 [allowed] §6[Sacks] §r§a+272§r§e items§r§e.§r§8 (Last 10s.)
08:41:40 [allowed] §a§r§6Pickobulus §r§ais now available!
08:42:20 [allowed] §a§l+5 Kill Combo §r§b+3% §r§b✯ Magic Find
08:42:28 [allowed] §a§l+10 Kill Combo §r§8+§r§610 §r§7coins per kill
08:42:30 [allowed] §aThe Goblin was carrying a bag of coins! +§r§63,418 Coins§r§a!
08:42:36 [allowed] §9§l+15 Kill Combo §r§b+3% §r§b✯ Magic Find
08:42:39 [allowed] §5§l+20 Kill Combo §r§8§r§3+15☯ Combat Wisdom
08:42:43 [allowed] §cYour Kill Combo has expired! You reached a 20 Kill Combo!
08:42:55 [allowed] §a§l+5 Kill Combo §r§b+3% §r§b✯ Magic Find
08:43:01 [allowed] §a§l+10 Kill Combo §r§8+§r§610 §r§7coins per kill
08:43:10 [allowed] §9§l+15 Kill Combo §r§b+3% §r§b✯ Magic Find
08:43:13 [allowed] §cYour Kill Combo has expired! You reached a 15 Kill Combo!
08:43:35 [allowed] §6§lRARE DROP! §r§9Goblin Chestplate §r§b(+§r§b34% §r§b✯ Magic Find§r§b)
08:43:37 [allowed] §a§l+5 Kill Combo §r§b+3% §r§b✯ Magic Find
08:43:43 [allowed] §a§l+10 Kill Combo §r§8+§r§610 §r§7coins per kill
08:43:48 [allowed] §cYour Kill Combo has expired! You reached a 10 Kill Combo!
08:44:05 [allowed] §c ☠ §r§7You were killed by Knifethrower§r§7§r§7.
08:44:05 [allowed] §cYou died and lost 87,880.5 coins!
08:44:14 [allowed] §8Depositing coins...
08:44:14 [allowed] §aDeposited §r§687.9k coins§r§a! There's now §r§68M coins §r§ain the account!
08:45:23 [allowed] §a§l+5 Kill Combo §r§b+3% §r§b✯ Magic Find
08:45:26 [allowed] §a§l+10 Kill Combo §r§8+§r§610 §r§7coins per kill
08:45:34 [allowed] §6§lRARE DROP! §r§9Goblin Egg §r§b(+§r§b35% §r§b✯ Magic Find§r§b)
08:45:37 [allowed] §9§l+15 Kill Combo §r§b+3% §r§b✯ Magic Find
08:45:38 [allowed] §6§lRARE DROP! §r§9Goblin Egg §r§b(+§r§b36% §r§b✯ Magic Find§r§b)
08:45:39 [allowed] §5§l+20 Kill Combo §r§8§r§3+15☯ Combat Wisdom
08:45:45 [allowed] §5§l+25 Kill Combo §r§b+3% §r§b✯ Magic Find
08:45:50 [allowed] §6§l+30 Kill Combo §r§8+§r§610 §r§7coins per kill
08:45:54 [allowed] §cYour Kill Combo has expired! You reached a 32 Kill Combo!
08:46:02 [allowed] §a§l+5 Kill Combo §r§b+3% §r§b✯ Magic Find
08:46:09 [allowed] §cYour Kill Combo has expired! You reached a 5 Kill Combo!
08:46:12 [allowed] §6§lRARE DROP! §r§9Goblin Egg §r§b(+§r§b34% §r§b✯ Magic Find§r§b)
08:46:15 [allowed] §a§l+5 Kill Combo §r§b+3% §r§b✯ Magic Find
08:46:18 [allowed] §a§l+10 Kill Combo §r§8+§r§610 §r§7coins per kill
08:46:24 [allowed] §a§lGOBLIN SLAYER §r§eCommission Complete! Visit the King §r§eto claim your rewards!
08:46:27 [allowed] §9§l+15 Kill Combo §r§b+3% §r§b✯ Magic Find
