02:22:34 §f                                  §6§lBESTIARY
02:22:34 §f                          §b§lGlacite Walker §7§86 §8➡§b §b7
02:22:34 
02:22:34                                   §r§6§lREWARDS
02:22:34                      §r§8+§r§a3 Glacite Walker §r§b✯ Magic Find
02:22:34                       §r§8+§r§a3 Glacite Walker §r§c❁ Strength
02:22:34                          §r§8+§r§62% §r§aGlacite Walker §r§7coins
02:22:34                     §r§8+§r§a50% §r§7chance for extra XP orbs
02:22:34                                §r§8+§r§b1 SkyBlock XP
02:22:34 
02:22:34 §3§l▬▬▬▬▬▬▬▬▬▬▬▬▬▬▬▬▬▬▬▬▬▬▬▬▬▬▬▬▬▬▬▬▬▬▬▬▬▬▬▬▬▬▬▬▬▬▬▬▬▬▬▬▬▬▬▬▬▬▬▬▬▬▬▬
02:43:54 §f                                  §6§lBESTIARY
02:43:54 §f                               §b§lSludge §7§82 §8➡§b §b3
02:43:54 
02:43:54                                   §r§6§lREWARDS
02:43:54                           §r§8+§r§a2 Sludge §r§b✯ Magic Find
02:43:54                            §r§8+§r§a2 Sludge §r§c❁ Strength
02:43:54                               §r§8+§r§62% §r§aSludge §r§7coins
02:43:54                     §r§8+§r§a50% §r§7chance for extra XP orbs
02:43:54                                §r§8+§r§b1 SkyBlock XP
02:43:54 
02:43:54 §3§l▬▬▬▬▬▬▬▬▬▬▬▬▬▬▬▬▬▬▬▬▬▬▬▬▬▬▬▬▬▬▬▬▬▬▬▬▬▬▬▬▬▬▬▬▬▬▬▬▬▬▬▬▬▬▬▬▬▬▬▬▬▬▬▬
02:57:59 §f                                  §6§lBESTIARY
02:57:59 §f                                §b§lGrunt §7§81 §8➡§b §b2
02:57:59 
02:57:59                                   §r§6§lREWARDS
02:57:59                           §r§8+§r§a2 Grunt §r§b✯ Magic Find
02:57:59                            §r§8+§r§a2 Grunt §r§c❁ Strength
02:57:59                               §r§8+§r§62% §r§aGrunt §r§7coins
02:57:59                     §r§8+§r§a50% §r§7chance for extra XP orbs
02:57:59                                §r§8+§r§b1 SkyBlock XP
02:57:59 
02:57:59 §3§l▬▬▬▬▬▬▬▬▬▬▬▬▬▬▬▬▬▬▬▬▬▬▬▬▬▬▬▬▬▬▬▬▬▬▬▬▬▬▬▬▬▬▬▬▬▬▬▬▬▬▬▬▬▬▬▬▬▬▬▬▬▬▬▬
03:14:36 §f                                  §6§lBESTIARY
03:14:36 §f                               §b§lSludge §7§83 §8➡§b §b4
03:14:36 
03:14:36                                   §r§6§lREWARDS
03:14:36                           §r§8+§r§a2 Sludge §r§b✯ Magic Find
03:14:36                            §r§8+§r§a2 Sludge §r§c❁ Strength
03:14:36                               §r§8+§r§62% §r§aSludge §r§7coins
03:14:36                     §r§8+§r§a50% §r§7chance for extra XP orbs
03:14:36                                §r§8+§r§b1 SkyBlock XP
03:14:36 
03:14:36 §3§l▬▬▬▬▬▬▬▬▬▬▬▬▬▬▬▬▬▬▬▬▬▬▬▬▬▬▬▬▬▬▬▬▬▬▬▬▬▬▬▬▬▬▬▬▬▬▬▬▬▬▬▬▬▬▬▬▬▬▬▬▬▬▬▬
03:17:31 §f                                  §6§lBESTIARY
03:17:31 §f                               §b§lSludge §7§84 §8➡§b §b5
03:17:31 
03:17:31                                   §r§6§lREWARDS
03:17:31                           §r§8+§r§a2 Sludge §r§b✯ Magic Find
03:17:31                            §r§8+§r§a2 Sludge §r§c❁ Strength
03:17:31                               §r§8+§r§62% §r§aSludge §r§7coins
03:17:31                     §r§8+§r§a50% §r§7chance for extra XP orbs
03:17:31                                §r§8+§r§b1 SkyBlock XP
03:17:31 
03:17:31 §3§l▬▬▬▬▬▬▬▬▬▬▬▬▬▬▬▬▬▬▬▬▬▬▬▬▬▬▬▬▬▬▬▬▬▬▬▬▬▬▬▬▬▬▬▬▬▬▬▬▬▬▬▬▬▬▬▬▬▬▬▬▬▬▬▬
03:24:11 §f                                  §6§lBESTIARY
03:24:11 §f                               §b§lSludge §7§85 §8➡§b §b6
03:24:11 
03:24:11                                   §r§6§lREWARDS
03:24:11                           §r§8+§r§a3 Sludge §r§b✯ Magic Find
03:24:11                            §r§8+§r§a3 Sludge §r§c❁ Strength
03:24:11                               §r§8+§r§62% §r§aSludge §r§7coins
03:24:11                     §r§8+§r§a50% §r§7chance for extra XP orbs
03:24:11                                §r§8+§r§b1 SkyBlock XP
03:24:11 
03:24:11 §3§l▬▬▬▬▬▬▬▬▬▬▬▬▬▬▬▬▬▬▬▬▬▬▬▬▬▬▬▬▬▬▬▬▬▬▬▬▬▬▬▬▬▬▬▬▬▬▬▬▬▬▬▬▬▬▬▬▬▬▬▬▬▬▬▬
03:26:49 §f                                  §6§lBESTIARY
03:26:49 §f                             §b§lKey Guardian §7§b1
03:26:49 
03:26:49                                   §r§6§lREWARDS
03:26:49                       §r§8+§r§a2 Key Guardian §r§b✯ Magic Find
03:26:49                       §r§8+§r§a2 Key Guardian §r§c❁ Strength
03:26:49                           §r§8+§r§62% §r§aKey Guardian §r§7coins
03:26:49                     §r§8+§r§a50% §r§7chance for extra XP orbs
03:26:49                                §r§8+§r§b1 SkyBlock XP
03:26:49 
03:26:49 §3§l▬▬▬▬▬▬▬▬▬▬▬▬▬▬▬▬▬▬▬▬▬▬▬▬▬▬▬▬▬▬▬▬▬▬▬▬▬▬▬▬▬▬▬▬▬▬▬▬▬▬▬▬▬▬▬▬▬▬▬▬▬▬▬▬
03:38:10 §f                                  §6§lBESTIARY
03:38:10 §f                                §b§lButterfly §7§b1
03:38:10 
03:38:10                                   §r§6§lREWARDS
03:38:10                         §r§8+§r§a2 §r§eButterfly §r§b✯ Magic Find
03:38:10                          §r§8+§r§a2 §r§eButterfly §r§c❁ Strength
03:38:10                             §r§8+§r§62% §r§a§r§eButterfly §r§7coins
03:38:10                     §r§8+§r§a50% §r§7chance for extra XP orbs
03:38:10                                §r§8+§r§b1 SkyBlock XP
03:38:10 
03:38:10 §3§l▬▬▬▬▬▬▬▬▬▬▬▬▬▬▬▬▬▬▬▬▬▬▬▬▬▬▬▬▬▬▬▬▬▬▬▬▬▬▬▬▬▬▬▬▬▬▬▬▬▬▬▬▬▬▬▬▬▬▬▬▬▬▬▬
03:38:24 §f                                  §6§lBESTIARY
03:38:24 §f                             §b§lAutomaton §7§81 §8➡§b §b2
03:38:24 
03:38:24                                   §r§6§lREWARDS
03:38:24                         §r§8+§r§a2 Automaton §r§b✯ Magic Find
03:38:24                         §r§8+§r§a2 Automaton §r§c❁ Strength
03:38:24                             §r§8+§r§62% §r§aAutomaton §r§7coins
03:38:24                     §r§8+§r§a50% §r§7chance for extra XP orbs
03:38:24                                §r§8+§r§b1 SkyBlock XP
03:38:24 
03:38:24   §r§f                         §6§lBESTIARY MILESTONE
03:38:24   §r§f                                    §870➡§e71
03:38:24 §6§lBESTIARY MILESTONE §870➡§e71
03:38:24 §6§lBESTIARY MILESTONE §870➡§e71
03:38:24 §6§lBESTIARY MILESTONE §870➡§e71
03:38:24 §6§lBESTIARY MILESTONE §870➡§e71
03:38:24 
03:38:26 §f                                  §6§lBESTIARY
03:38:26 §f                             §b§lButterfly §7§81 §8➡§b §b2
03:38:26 
03:38:26                                   §r§6§lREWARDS
03:38:26                         §r§8+§r§a2 §r§eButterfly §r§b✯ Magic Find
03:38:26                          §r§8+§r§a2 §r§eButterfly §r§c❁ Strength
03:38:26                             §r§8+§r§62% §r§a§r§eButterfly §r§7coins
03:38:26                     §r§8+§r§a50% §r§7chance for extra XP orbs
03:38:26                                §r§8+§r§b1 SkyBlock XP
03:38:26 
03:38:26 §3§l▬▬▬▬▬▬▬▬▬▬▬▬▬▬▬▬▬▬▬▬▬▬▬▬▬▬▬▬▬▬▬▬▬▬▬▬▬▬▬▬▬▬▬▬▬▬▬▬▬▬▬▬▬▬▬▬▬▬▬▬▬▬▬▬
03:39:41 §f                                  §6§lBESTIARY
03:39:41 §f                             §b§lAutomaton §7§82 §8➡§b §b3
03:39:41 
03:39:41                                   §r§6§lREWARDS
03:39:41                         §r§8+§r§a2 Automaton §r§b✯ Magic Find
03:39:41                         §r§8+§r§a2 Automaton §r§c❁ Strength
03:39:41                             §r§8+§r§62% §r§aAutomaton §r§7coins
03:39:41                     §r§8+§r§a50% §r§7chance for extra XP orbs
03:39:41                                §r§8+§r§b1 SkyBlock XP
03:39:41 
03:39:41 §3§l▬▬▬▬▬▬▬▬▬▬▬▬▬▬▬▬▬▬▬▬▬▬▬▬▬▬▬▬▬▬▬▬▬▬▬▬▬▬▬▬▬▬▬▬▬▬▬▬▬▬▬▬▬▬▬▬▬▬▬▬▬▬▬▬
03:41:38 §f                                  §6§lBESTIARY
03:41:38 §f                             §b§lAutomaton §7§83 §8➡§b §b4
03:41:38 
03:41:38                                   §r§6§lREWARDS
03:41:38                         §r§8+§r§a2 Automaton §r§b✯ Magic Find
03:41:38                         §r§8+§r§a2 Automaton §r§c❁ Strength
03:41:38                             §r§8+§r§62% §r§aAutomaton §r§7coins
03:41:38                     §r§8+§r§a50% §r§7chance for extra XP orbs
03:41:38                                §r§8+§r§b1 SkyBlock XP
03:41:38 
03:41:38 §3§l▬▬▬▬▬▬▬▬▬▬▬▬▬▬▬▬▬▬▬▬▬▬▬▬▬▬▬▬▬▬▬▬▬▬▬▬▬▬▬▬▬▬▬▬▬▬▬▬▬▬▬▬▬▬▬▬▬▬▬▬▬▬▬▬
03:44:31 §f                                  §6§lBESTIARY
03:44:31 §f                             §b§lAutomaton §7§84 §8➡§b §b5
03:44:31 
03:44:31                                   §r§6§lREWARDS
03:44:31                         §r§8+§r§a2 Automaton §r§b✯ Magic Find
03:44:31                         §r§8+§r§a2 Automaton §r§c❁ Strength
03:44:31                             §r§8+§r§62% §r§aAutomaton §r§7coins
03:44:31                     §r§8+§r§a50% §r§7chance for extra XP orbs
03:44:31                                §r§8+§r§b1 SkyBlock XP
03:44:31 
03:44:31 §3§l▬▬▬▬▬▬▬▬▬▬▬▬▬▬▬▬▬▬▬▬▬▬▬▬▬▬▬▬▬▬▬▬▬▬▬▬▬▬▬▬▬▬▬▬▬▬▬▬▬▬▬▬▬▬▬▬▬▬▬▬▬▬▬▬
06:07:03 §f                                  §6§lBESTIARY
06:07:03 §f                              §b§lOld Wolf §7§84 §8➡§b §b5
06:07:03 
06:07:03                                   §r§6§lREWARDS
06:07:03                          §r§8+§r§a2 Old Wolf §r§b✯ Magic Find
06:07:03                           §r§8+§r§a2 Old Wolf §r§c❁ Strength
06:07:03                              §r§8+§r§62% §r§aOld Wolf §r§7coins
06:07:03                     §r§8+§r§a50% §r§7chance for extra XP orbs
06:07:03                                §r§8+§r§b1 SkyBlock XP
06:07:03 
06:07:03 §3§l▬▬▬▬▬▬▬▬▬▬▬▬▬▬▬▬▬▬▬▬▬▬▬▬▬▬▬▬▬▬▬▬▬▬▬▬▬▬▬▬▬▬▬▬▬▬▬▬▬▬▬▬▬▬▬▬▬▬▬▬▬▬▬▬
06:17:24 §f                                  §6§lBESTIARY
06:17:24 §f                            §b§lEnderman §7§815 §8➡§b §b16
06:17:24 
06:17:24                                   §r§6§lREWARDS
06:17:24                         §r§8+§r§a5 Enderman §r§b✯ Magic Find
06:17:24                          §r§8+§r§a5 Enderman §r§c❁ Strength
06:17:24                             §r§8+§r§62% §r§aEnderman §r§7coins
06:17:24                     §r§8+§r§a50% §r§7chance for extra XP orbs
06:17:24                                §r§8+§r§b1 SkyBlock XP
06:17:24 
06:17:24 §3§l▬▬▬▬▬▬▬▬▬▬▬▬▬▬▬▬▬▬▬▬▬▬▬▬▬▬▬▬▬▬▬▬▬▬▬▬▬▬▬▬▬▬▬▬▬▬▬▬▬▬▬▬▬▬▬▬▬▬▬▬▬▬▬▬
07:09:48 §f                                  §6§lBESTIARY
07:09:48 §f                           §b§lEndermite §7§814 §8➡§b §b15
07:09:48 
07:09:48                                   §r§6§lREWARDS
07:09:48                         §r§8+§r§a4 Endermite §r§b✯ Magic Find
07:09:48                          §r§8+§r§a4 Endermite §r§c❁ Strength
07:09:48                             §r§8+§r§62% §r§aEndermite §r§7coins
07:09:48                     §r§8+§r§a50% §r§7chance for extra XP orbs
07:09:48                                §r§8+§r§b1 SkyBlock XP
07:09:48 
07:09:48 §3§l▬▬▬▬▬▬▬▬▬▬▬▬▬▬▬▬▬▬▬▬▬▬▬▬▬▬▬▬▬▬▬▬▬▬▬▬▬▬▬▬▬▬▬▬▬▬▬▬▬▬▬▬▬▬▬▬▬▬▬▬▬▬▬▬
07:11:59 §f                                  §6§lBESTIARY
07:11:59 §f                     §b§lObsidian Defender §7§811 §8➡§b §b12
07:11:59 
07:11:59                                   §r§6§lREWARDS
07:11:59                    §r§8+§r§a4 Obsidian Defender §r§b✯ Magic Find
07:11:59                    §r§8+§r§a4 Obsidian Defender §r§c❁ Strength
07:11:59                        §r§8+§r§62% §r§aObsidian Defender §r§7coins
07:11:59                     §r§8+§r§a50% §r§7chance for extra XP orbs
07:11:59                                §r§8+§r§b1 SkyBlock XP
07:11:59 
07:11:59 §3§l▬▬▬▬▬▬▬▬▬▬▬▬▬▬▬▬▬▬▬▬▬▬▬▬▬▬▬▬▬▬▬▬▬▬▬▬▬▬▬▬▬▬▬▬▬▬▬▬▬▬▬▬▬▬▬▬▬▬▬▬▬▬▬▬
07:15:26 §f                                  §6§lBESTIARY
07:15:26 §f                               §b§lSeer §7§812 §8➡§b §b13
07:15:26 
07:15:26                                   §r§6§lREWARDS
07:15:26                            §r§8+§r§a4 Seer §r§b✯ Magic Find
07:15:26                             §r§8+§r§a4 Seer §r§c❁ Strength
07:15:26                                §r§8+§r§62% §r§aSeer §r§7coins
07:15:26                     §r§8+§r§a50% §r§7chance for extra XP orbs
07:15:26                                §r§8+§r§b1 SkyBlock XP
07:15:26 
07:15:26 §3§l▬▬▬▬▬▬▬▬▬▬▬▬▬▬▬▬▬▬▬▬▬▬▬▬▬▬▬▬▬▬▬▬▬▬▬▬▬▬▬▬▬▬▬▬▬▬▬▬▬▬▬▬▬▬▬▬▬▬▬▬▬▬▬▬
07:26:24 §f                                  §6§lBESTIARY
07:26:24 §f                         §b§lZombie Knight §7§810 §8➡§b §b11
07:26:24 
07:26:24                                   §r§6§lREWARDS
07:26:24                       §r§8+§r§a4 Zombie Knight §r§b✯ Magic Find
07:26:24                       §r§8+§r§a4 Zombie Knight §r§c❁ Strength
07:26:24                           §r§8+§r§62% §r§aZombie Knight §r§7coins
07:26:24                     §r§8+§r§a50% §r§7chance for extra XP orbs
07:26:24                                §r§8+§r§b1 SkyBlock XP
07:26:24 
07:26:24   §r§f                         §6§lBESTIARY MILESTONE
07:26:24   §r§f                                    §871➡§e72
07:26:24 §6§lBESTIARY MILESTONE §871➡§e72
07:26:24 §6§lBESTIARY MILESTONE §871➡§e72
07:26:24 §6§lBESTIARY MILESTONE §871➡§e72
07:26:24 §6§lBESTIARY MILESTONE §871➡§e72
07:26:24 
07:26:27 §f                                  §6§lBESTIARY
07:26:27 §f                      §b§lSuper Tank Zombie §7§87 §8➡§b §b8
07:26:27 
07:26:27                                   §r§6§lREWARDS
07:26:27                   §r§8+§r§a3 Super Tank Zombie §r§b✯ Magic Find
07:26:27                    §r§8+§r§a3 Super Tank Zombie §r§c❁ Strength
07:26:27                       §r§8+§r§62% §r§aSuper Tank Zombie §r§7coins
07:26:27                     §r§8+§r§a50% §r§7chance for extra XP orbs
07:26:27                                §r§8+§r§b1 SkyBlock XP
07:26:27 
07:26:27 §3§l▬▬▬▬▬▬▬▬▬▬▬▬▬▬▬▬▬▬▬▬▬▬▬▬▬▬▬▬▬▬▬▬▬▬▬▬▬▬▬▬▬▬▬▬▬▬▬▬▬▬▬▬▬▬▬▬▬▬▬▬▬▬▬▬
07:30:37 §f                                  §6§lBESTIARY
07:30:37 §f                       §b§lShadow Assassin §7§89 §8➡§b §b10
07:30:37 
07:30:37                                   §r§6§lREWARDS
07:30:37                  §r§8+§r§a3 §r§d§lShadow Assassin §r§b✯ Magic Find
07:30:37                   §r§8+§r§a3 §r§d§lShadow Assassin §r§c❁ Strength
07:30:37                      §r§8+§r§62% §r§a§r§d§lShadow Assassin §r§7coins
07:30:37                     §r§8+§r§a50% §r§7chance for extra XP orbs
07:30:37                                §r§8+§r§b1 SkyBlock XP
07:30:37 
07:30:37 §3§l▬▬▬▬▬▬▬▬▬▬▬▬▬▬▬▬▬▬▬▬▬▬▬▬▬▬▬▬▬▬▬▬▬▬▬▬▬▬▬▬▬▬▬▬▬▬▬▬▬▬▬▬▬▬▬▬▬▬▬▬▬▬▬▬
07:37:09 §f                                  §6§lBESTIARY
07:37:09 §f                             §b§lKing Midas §7§84 §8➡§b §b5
07:37:09 
07:37:09                                   §r§6§lREWARDS
07:37:09                       §r§8+§r§a2 §r§d§lKing Midas §r§b✯ Magic Find
07:37:09                        §r§8+§r§a2 §r§d§lKing Midas §r§c❁ Strength
07:37:09                           §r§8+§r§62% §r§a§r§d§lKing Midas §r§7coins
07:37:09                     §r§8+§r§a50% §r§7chance for extra XP orbs
07:37:09                                §r§8+§r§b1 SkyBlock XP
07:37:09 
07:37:09 §3§l▬▬▬▬▬▬▬▬▬▬▬▬▬▬▬▬▬▬▬▬▬▬▬▬▬▬▬▬▬▬▬▬▬▬▬▬▬▬▬▬▬▬▬▬▬▬▬▬▬▬▬▬▬▬▬▬▬▬▬▬▬▬▬▬
07:39:28 §f                                  §6§lBESTIARY
07:39:28 §f                               §b§lSniper §7§85 §8➡§b §b6
07:39:28 
07:39:28                                   §r§6§lREWARDS
07:39:28                           §r§8+§r§a3 Sniper §r§b✯ Magic Find
07:39:28                            §r§8+§r§a3 Sniper §r§c❁ Strength
07:39:28                               §r§8+§r§62% §r§aSniper §r§7coins
07:39:28                     §r§8+§r§a50% §r§7chance for extra XP orbs
07:39:28                                §r§8+§r§b1 SkyBlock XP
07:39:28 
07:39:28 §3§l▬▬▬▬▬▬▬▬▬▬▬▬▬▬▬▬▬▬▬▬▬▬▬▬▬▬▬▬▬▬▬▬▬▬▬▬▬▬▬▬▬▬▬▬▬▬▬▬▬▬▬▬▬▬▬▬▬▬▬▬▬▬▬▬
07:39:50 §f                                  §6§lBESTIARY
07:39:50 §f                          §b§lSuper Archer §7§84 §8➡§b §b5
07:39:50 
07:39:50                                   §r§6§lREWARDS
07:39:50                      §r§8+§r§a2 Super Archer §r§b✯ Magic Find
07:39:50                       §r§8+§r§a2 Super Archer §r§c❁ Strength
07:39:50                          §r§8+§r§62% §r§aSuper Archer §r§7coins
07:39:50                     §r§8+§r§a50% §r§7chance for extra XP orbs
07:39:50                                §r§8+§r§b1 SkyBlock XP
07:39:50 
07:39:50 §3§l▬▬▬▬▬▬▬▬▬▬▬▬▬▬▬▬▬▬▬▬▬▬▬▬▬▬▬▬▬▬▬▬▬▬▬▬▬▬▬▬▬▬▬▬▬▬▬▬▬▬▬▬▬▬▬▬▬▬▬▬▬▬▬▬
07:44:29 §f                                  §6§lBESTIARY
07:44:29 §f                                 §b§lFels §7§83 §8➡§b §b4
07:44:29 
07:44:29                                   §r§6§lREWARDS
07:44:29                            §r§8+§r§a2 Fels §r§b✯ Magic Find
07:44:29                             §r§8+§r§a2 Fels §r§c❁ Strength
07:44:29                                §r§8+§r§62% §r§aFels §r§7coins
07:44:29                     §r§8+§r§a50% §r§7chance for extra XP orbs
07:44:29                                §r§8+§r§b1 SkyBlock XP
07:44:29 
07:44:29 §3§l▬▬▬▬▬▬▬▬▬▬▬▬▬▬▬▬▬▬▬▬▬▬▬▬▬▬▬▬▬▬▬▬▬▬▬▬▬▬▬▬▬▬▬▬▬▬▬▬▬▬▬▬▬▬▬▬▬▬▬▬▬▬▬▬
07:44:40 §f                                  §6§lBESTIARY
07:44:40 §f                                 §b§lFels §7§84 §8➡§b §b5
07:44:40 
07:44:40                                   §r§6§lREWARDS
07:44:40                            §r§8+§r§a2 Fels §r§b✯ Magic Find
07:44:40                             §r§8+§r§a2 Fels §r§c❁ Strength
07:44:40                                §r§8+§r§62% §r§aFels §r§7coins
07:44:40                     §r§8+§r§a50% §r§7chance for extra XP orbs
07:44:40                                §r§8+§r§b1 SkyBlock XP
07:44:40 
07:44:40 §3§l▬▬▬▬▬▬▬▬▬▬▬▬▬▬▬▬▬▬▬▬▬▬▬▬▬▬▬▬▬▬▬▬▬▬▬▬▬▬▬▬▬▬▬▬▬▬▬▬▬▬▬▬▬▬▬▬▬▬▬▬▬▬▬▬
07:48:15 §f                                  §6§lBESTIARY
07:48:15 §f                                  §b§lBat §7§88 §8➡§b §b9
07:48:15 
07:48:15                                   §r§6§lREWARDS
07:48:15                             §r§8+§r§a3 Bat §r§b✯ Magic Find
07:48:15                              §r§8+§r§a3 Bat §r§c❁ Strength
07:48:15                                 §r§8+§r§62% §r§aBat §r§7coins
07:48:15                     §r§8+§r§a50% §r§7chance for extra XP orbs
07:48:15                                §r§8+§r§b1 SkyBlock XP
07:48:15 
07:48:15 §3§l▬▬▬▬▬▬▬▬▬▬▬▬▬▬▬▬▬▬▬▬▬▬▬▬▬▬▬▬▬▬▬▬▬▬▬▬▬▬▬▬▬▬▬▬▬▬▬▬▬▬▬▬▬▬▬▬▬▬▬▬▬▬▬▬
08:08:14 §f                                  §6§lBESTIARY
08:08:14 §f                                 §b§lFels §7§85 §8➡§b §b6
08:08:14 
08:08:14                                   §r§6§lREWARDS
08:08:14                            §r§8+§r§a3 Fels §r§b✯ Magic Find
08:08:14                             §r§8+§r§a3 Fels §r§c❁ Strength
08:08:14                                §r§8+§r§62% §r§aFels §r§7coins
08:08:14                     §r§8+§r§a50% §r§7chance for extra XP orbs
08:08:14                                §r§8+§r§b1 SkyBlock XP
08:08:14 
08:08:14 §3§l▬▬▬▬▬▬▬▬▬▬▬▬▬▬▬▬▬▬▬▬▬▬▬▬▬▬▬▬▬▬▬▬▬▬▬▬▬▬▬▬▬▬▬▬▬▬▬▬▬▬▬▬▬▬▬▬▬▬▬▬▬▬▬▬
08:12:05 §f                                  §6§lBESTIARY
08:12:05 §f                            §b§lSkeletor §7§812 §8➡§b §b13
08:12:05 
08:12:05                                   §r§6§lREWARDS
08:12:05                          §r§8+§r§a4 Skeletor §r§b✯ Magic Find
08:12:05                          §r§8+§r§a4 Skeletor §r§c❁ Strength
08:12:05                              §r§8+§r§62% §r§aSkeletor §r§7coins
08:12:05                     §r§8+§r§a50% §r§7chance for extra XP orbs
08:12:05                                §r§8+§r§b1 SkyBlock XP
08:12:05 
08:12:05   §r§f                         §6§lBESTIARY MILESTONE
08:12:05   §r§f                                    §872➡§e73
08:12:05 §6§lBESTIARY MILESTONE §872➡§e73
08:12:05 §6§lBESTIARY MILESTONE §872➡§e73
08:12:05 §6§lBESTIARY MILESTONE §872➡§e73
08:12:05 §6§lBESTIARY MILESTONE §872➡§e73
08:12:05 
08:14:30 §f                                  §6§lBESTIARY
08:14:30 §f                      §b§lSuper Tank Zombie §7§88 §8➡§b §b9
08:14:30 
08:14:30                                   §r§6§lREWARDS
08:14:30                   §r§8+§r§a3 Super Tank Zombie §r§b✯ Magic Find
08:14:30                    §r§8+§r§a3 Super Tank Zombie §r§c❁ Strength
08:14:30                       §r§8+§r§62% §r§aSuper Tank Zombie §r§7coins
08:14:30                     §r§8+§r§a50% §r§7chance for extra XP orbs
08:14:30                                §r§8+§r§b1 SkyBlock XP
08:14:30 
08:14:30 §3§l▬▬▬▬▬▬▬▬▬▬▬▬▬▬▬▬▬▬▬▬▬▬▬▬▬▬▬▬▬▬▬▬▬▬▬▬▬▬▬▬▬▬▬▬▬▬▬▬▬▬▬▬▬▬▬▬▬▬▬▬▬▬▬▬
08:20:32 §f                                  §6§lBESTIARY
08:20:32 §f                            §b§lEarthworm §7§86 §8➡§b §b7
08:20:32 
08:20:32                                   §r§6§lREWARDS
08:20:32                           §r§6+0.4☘ Farming Fortune
08:20:32                            §r§8+§r§62% §r§aEarthworm §r§7coins
08:20:32                     §r§8+§r§a50% §r§7chance for extra XP orbs
08:20:32                                §r§8+§r§b1 SkyBlock XP
08:20:32 
08:20:32 §3§l▬▬▬▬▬▬▬▬▬▬▬▬▬▬▬▬▬▬▬▬▬▬▬▬▬▬▬▬▬▬▬▬▬▬▬▬▬▬▬▬▬▬▬▬▬▬▬▬▬▬▬▬▬▬▬▬▬▬▬▬▬▬▬▬
08:52:17 §f                                  §6§lBESTIARY
08:52:17 §f                                 §b§lFels §7§86 §8➡§b §b7
08:52:17 
08:52:17                                   §r§6§lREWARDS
08:52:17                            §r§8+§r§a3 Fels §r§b✯ Magic Find
08:52:17                             §r§8+§r§a3 Fels §r§c❁ Strength
08:52:17                                §r§8+§r§62% §r§aFels §r§7coins
08:52:17                     §r§8+§r§a50% §r§7chance for extra XP orbs
08:52:17                                §r§8+§r§b1 SkyBlock XP
08:52:17 
08:52:17 §3§l▬▬▬▬▬▬▬▬▬▬▬▬▬▬▬▬▬▬▬▬▬▬▬▬▬▬▬▬▬▬▬▬▬▬▬▬▬▬▬▬▬▬▬▬▬▬▬▬▬▬▬▬▬▬▬▬▬▬▬▬▬▬▬▬
11:45:11 §f                                  §6§lBESTIARY
11:45:11 §f                                     §b§lBal §7§b1
11:45:11 
11:45:11                                   §r§6§lREWARDS
11:45:11                             §r§8+§r§a2 §r§c§lBal §r§b✯ Magic Find
11:45:11                             §r§8+§r§a2 §r§c§lBal §r§c❁ Strength
11:45:11                                 §r§8+§r§62% §r§a§r§c§lBal §r§7coins
11:45:11                     §r§8+§r§a50% §r§7chance for extra XP orbs
11:45:11                                §r§8+§r§b1 SkyBlock XP
11:45:11 
11:45:11 §3§l▬▬▬▬▬▬▬▬▬▬▬▬▬▬▬▬▬▬▬▬▬▬▬▬▬▬▬▬▬▬▬▬▬▬▬▬▬▬▬▬▬▬▬▬▬▬▬▬▬▬▬▬▬▬▬▬▬▬▬▬▬▬▬▬
11:51:28 §f                                  §6§lBESTIARY
11:51:28 §f                                §b§lGrunt §7§82 §8➡§b §b3
11:51:28 
11:51:28                                   §r§6§lREWARDS
11:51:28                           §r§8+§r§a2 Grunt §r§b✯ Magic Find
11:51:28                            §r§8+§r§a2 Grunt §r§c❁ Strength
11:51:28                               §r§8+§r§62% §r§aGrunt §r§7coins
11:51:28                     §r§8+§r§a50% §r§7chance for extra XP orbs
11:51:28                                §r§8+§r§b1 SkyBlock XP
11:51:28 
11:51:28 §3§l▬▬▬▬▬▬▬▬▬▬▬▬▬▬▬▬▬▬▬▬▬▬▬▬▬▬▬▬▬▬▬▬▬▬▬▬▬▬▬▬▬▬▬▬▬▬▬▬▬▬▬▬▬▬▬▬▬▬▬▬▬▬▬▬
11:52:01 §f                                  §6§lBESTIARY
11:52:01 §f                             §b§lButterfly §7§82 §8➡§b §b3
11:52:01 
11:52:01                                   §r§6§lREWARDS
11:52:01                         §r§8+§r§a2 §r§eButterfly §r§b✯ Magic Find
11:52:01                          §r§8+§r§a2 §r§eButterfly §r§c❁ Strength
11:52:01                             §r§8+§r§62% §r§a§r§eButterfly §r§7coins
11:52:01                     §r§8+§r§a50% §r§7chance for extra XP orbs
11:52:01                                §r§8+§r§b1 SkyBlock XP
11:52:01 
11:52:01 §3§l▬▬▬▬▬▬▬▬▬▬▬▬▬▬▬▬▬▬▬▬▬▬▬▬▬▬▬▬▬▬▬▬▬▬▬▬▬▬▬▬▬▬▬▬▬▬▬▬▬▬▬▬▬▬▬▬▬▬▬▬▬▬▬▬
12:05:29 §f                                  §6§lBESTIARY
12:05:29 §f                             §b§lAutomaton §7§85 §8➡§b §b6
12:05:29 
12:05:29                                   §r§6§lREWARDS
12:05:29                         §r§8+§r§a3 Automaton §r§b✯ Magic Find
12:05:29                         §r§8+§r§a3 Automaton §r§c❁ Strength
12:05:29                             §r§8+§r§62% §r§aAutomaton §r§7coins
12:05:29                     §r§8+§r§a50% §r§7chance for extra XP orbs
12:05:29                                §r§8+§r§b1 SkyBlock XP
12:05:29 
12:05:29 §3§l▬▬▬▬▬▬▬▬▬▬▬▬▬▬▬▬▬▬▬▬▬▬▬▬▬▬▬▬▬▬▬▬▬▬▬▬▬▬▬▬▬▬▬▬▬▬▬▬▬▬▬▬▬▬▬▬▬▬▬▬▬▬▬▬
12:12:18 §f                                  §6§lBESTIARY
12:12:18 §f                                §b§lGrunt §7§83 §8➡§b §b4
12:12:18 
12:12:18                                   §r§6§lREWARDS
12:12:18                           §r§8+§r§a2 Grunt §r§b✯ Magic Find
12:12:18                            §r§8+§r§a2 Grunt §r§c❁ Strength
12:12:18                               §r§8+§r§62% §r§aGrunt §r§7coins
12:12:18                     §r§8+§r§a50% §r§7chance for extra XP orbs
12:12:18                                §r§8+§r§b1 SkyBlock XP
12:12:18 
12:12:18 §3§l▬▬▬▬▬▬▬▬▬▬▬▬▬▬▬▬▬▬▬▬▬▬▬▬▬▬▬▬▬▬▬▬▬▬▬▬▬▬▬▬▬▬▬▬▬▬▬▬▬▬▬▬▬▬▬▬▬▬▬▬▬▬▬▬
12:18:37 §f                                  §6§lBESTIARY
12:18:37 §f                             §b§lAutomaton §7§86 §8➡§b §b7
12:18:37 
12:18:37                                   §r§6§lREWARDS
12:18:37                         §r§8+§r§a3 Automaton §r§b✯ Magic Find
12:18:37                         §r§8+§r§a3 Automaton §r§c❁ Strength
12:18:37                             §r§8+§r§62% §r§aAutomaton §r§7coins
12:18:37                     §r§8+§r§a50% §r§7chance for extra XP orbs
12:18:37                                §r§8+§r§b1 SkyBlock XP
12:18:37 
12:18:37 §3§l▬▬▬▬▬▬▬▬▬▬▬▬▬▬▬▬▬▬▬▬▬▬▬▬▬▬▬▬▬▬▬▬▬▬▬▬▬▬▬▬▬▬▬▬▬▬▬▬▬▬▬▬▬▬▬▬▬▬▬▬▬▬▬▬
