06:53:41 §aYou reforged your §r§5Ender Helmet §r§ainto a §r§5Titanic Ender Helmet§r§a!
06:53:42 §aYou reforged your §r§5Titanic Ender Helmet §r§ainto a §r§5Light Ender Helmet§r§a!
06:53:43 §aYou reforged your §r§5Light Ender Helmet §r§ainto a §r§5Pure Ender Helmet§r§a!
06:53:43 §aYou reforged your §r§5Pure Ender Helmet §r§ainto a §r§5Titanic Ender Helmet§r§a!
06:53:44 §aYou reforged your §r§5Titanic Ender Helmet §r§ainto a §r§5Light Ender Helmet§r§a!
06:53:44 §aYou reforged your §r§5Light Ender Helmet §r§ainto a §r§5Heavy Ender Helmet§r§a!
06:53:45 §aYou reforged your §r§5Heavy Ender Helmet §r§ainto a §r§5Titanic Ender Helmet§r§a!
06:53:46 §aYou reforged your §r§5Titanic Ender Helmet §r§ainto a §r§5Wise Ender Helmet§r§a!
06:53:47 §aYou reforged your §r§5Wise Ender Helmet §r§ainto a §r§5Light Ender Helmet§r§a!
06:53:47 §aYou reforged your §r§5Light Ender Helmet §r§ainto a §r§5Mythic Ender Helmet§r§a!
06:53:48 §aYou reforged your §r§5Mythic Ender Helmet §r§ainto a §r§5Smart Ender Helmet§r§a!
06:53:48 §aYou reforged your §r§5Smart Ender Helmet §r§ainto a §r§5Clean Ender Helmet§r§a!
06:54:38 §aYou reforged your §r§5Clean Ender Helmet §r§ainto a §r§5Titanic Ender Helmet§r§a!
06:54:39 §aYou reforged your §r§5Titanic Ender Helmet §r§ainto a §r§5Clean Ender Helmet§r§a!
06:54:39 §aYou reforged your §r§5Clean Ender Helmet §r§ainto a §r§5Mythic Ender Helmet§r§a!
06:54:40 §aYou reforged your §r§5Mythic Ender Helmet §r§ainto a §r§5Light Ender Helmet§r§a!
06:54:40 §aYou reforged your §r§5Light Ender Helmet §r§ainto a §r§5Clean Ender Helmet§r§a!
06:54:41 §aYou reforged your §r§5Clean Ender Helmet §r§ainto a §r§5Light Ender Helmet§r§a!
06:54:43 §aYou reforged your §r§5Light Ender Helmet §r§ainto a §r§5Wise Ender Helmet§r§a!
06:54:43 §aYou reforged your §r§5Wise Ender Helmet §r§ainto a §r§5Titanic Ender Helmet§r§a!
06:54:44 §aYou reforged your §r§5Titanic Ender Helmet §r§ainto a §r§5Smart Ender Helmet§r§a!
06:54:44 §aYou reforged your §r§5Smart Ender Helmet §r§ainto a §r§5Titanic Ender Helmet§r§a!
06:54:45 §aYou reforged your §r§5Titanic Ender Helmet §r§ainto a §r§5Smart Ender Helmet§r§a!
06:54:45 §aYou reforged your §r§5Smart Ender Helmet §r§ainto a §r§5Wise Ender Helmet§r§a!
06:54:46 §aYou reforged your §r§5Wise Ender Helmet §r§ainto a §r§5Clean Ender Helmet§r§a!
06:54:46 §aYou reforged your §r§5Clean Ender Helmet §r§ainto a §r§5Mythic Ender Helmet§r§a!
06:54:47 §aYou reforged your §r§5Mythic Ender Helmet §r§ainto a §r§5Light Ender Helmet§r§a!
06:54:48 §aYou reforged your §r§5Light Ender Helmet §r§ainto a §r§5Heavy Ender Helmet§r§a!
06:54:48 §aYou reforged your §r§5Heavy Ender Helmet §r§ainto a §r§5Smart Ender Helmet§r§a!
06:54:50 §aYou reforged your §r§5Smart Ender Helmet §r§ainto a §r§5Clean Ender Helmet§r§a!
06:54:50 §aYou reforged your §r§5Clean Ender Helmet §r§ainto a §r§5Wise Ender Helmet§r§a!
06:54:51 §aYou reforged your §r§5Wise Ender Helmet §r§ainto a §r§5Titanic Ender Helmet§r§a!
06:54:51 §aYou reforged your §r§5Titanic Ender Helmet §r§ainto a §r§5Light Ender Helmet§r§a!
06:54:52 §aYou reforged your §r§5Light Ender Helmet §r§ainto a §r§5Titanic Ender Helmet§r§a!
06:54:52 §aYou reforged your §r§5Titanic Ender Helmet §r§ainto a §r§5Pure Ender Helmet§r§a!
06:54:53 §aYou reforged your §r§5Pure Ender Helmet §r§ainto a §r§5Fierce Ender Helmet§r§a!
06:55:03 §aYou reforged your §r§5Ender Chestplate §r§ainto a §r§5Smart Ender Chestplate§r§a!
06:55:03 §aYou reforged your §r§5Smart Ender Chestplate §r§ainto a §r§5Fierce Ender Chestplate§r§a!
06:55:08 §aYou reforged your §r§5Ender Leggings §r§ainto a §r§5Heavy Ender Leggings§r§a!
06:55:08 §aYou reforged your §r§5Heavy Ender Leggings §r§ainto a §r§5Titanic Ender Leggings§r§a!
06:55:10 §aYou reforged your §r§5Titanic Ender Leggings §r§ainto a §r§5Pure Ender Leggings§r§a!
06:55:10 §aYou reforged your §r§5Pure Ender Leggings §r§ainto a §r§5Fierce Ender Leggings§r§a!
06:55:20 §aYou reforged your §r§5Ender Boots §r§ainto a §r§5Smart Ender Boots§r§a!
06:55:30 §aYou reforged your §r§5Smart Ender Boots §r§ainto a §r§5Mythic Ender Boots§r§a!
06:55:31 §aYou reforged your §r§5Mythic Ender Boots §r§ainto a §r§5Heavy Ender Boots§r§a!
06:55:31 §aYou reforged your §r§5Heavy Ender Boots §r§ainto a §r§5Titanic Ender Boots§r§a!
06:55:32 §aYou reforged your §r§5Titanic Ender Boots §r§ainto a §r§5Heavy Ender Boots§r§a!
06:55:33 §aYou reforged your §r§5Heavy Ender Boots §r§ainto a §r§5Titanic Ender Boots§r§a!
06:55:34 §aYou reforged your §r§5Titanic Ender Boots §r§ainto a §r§5Light Ender Boots§r§a!
06:55:34 §aYou reforged your §r§5Light Ender Boots §r§ainto a §r§5Clean Ender Boots§r§a!
06:55:36 §aYou reforged your §r§5Clean Ender Boots §r§ainto a §r§5Fierce Ender Boots§r§a!
08:46:57 §aYou reforged your §r§5Clean Skeletor Leggings §r§6✪✪✪ §r§ainto a §r§5Titanic Skeletor Leggings §r§6✪✪✪§r§a!
08:46:58 §aYou reforged your §r§5Titanic Skeletor Leggings §r§6✪✪✪ §r§ainto a §r§5Heavy Skeletor Leggings §r§6✪✪✪§r§a!
11:33:19 §aYou reforged your §r§5Heavy Skeletor Leggings §r§6✪✪✪ §r§ainto a §r§5Titanic Skeletor Leggings §r§6✪✪✪§r§a!
11:33:20 §aYou reforged your §r§5Titanic Skeletor Leggings §r§6✪✪✪ §r§ainto a §r§5Heavy Skeletor Leggings §r§6✪✪✪§r§a!
11:33:21 §aYou reforged your §r§5Heavy Skeletor Leggings §r§6✪✪✪ §r§ainto a §r§5Fierce Skeletor Leggings §r§6✪✪✪§r§a!
