02:22:18 §6[Sacks] §r§a+4§r§e items§r§e.§r§8 (Last 5s.)
02:23:29 §6[Sacks] §r§a+12§r§e items§r§e.§r§8 (Last 5s.)
02:25:21 §6[Sacks] §r§a+287§r§e items§r§e.§r§8 (Last 13s.)
02:26:42 §6[Sacks] §r§a+495§r§e items§r§e.§r§8 (Last 30s.)
02:27:10 §6[Sacks] §r§a+54§r§e items§r§e.§r§8 (Last 27s.)
02:28:26 §6[Sacks] §r§a+528§r§e items§r§e.§r§8 (Last 30s.)
02:29:00 §6[Sacks] §r§a+413§r§e items§r§e.§r§8 (Last 30s.)
02:29:31 §6[Sacks] §r§a+232§r§e items§r§e.§r§8 (Last 30s.)
02:30:02 §6[Sacks] §r§a+518§r§e items§r§e.§r§8 (Last 30s.)
02:30:14 §6[Sacks] §r§a+48§r§e items§r§e.§r§8 (Last 11s.)
02:30:32 §6[Sacks] §r§a+165§r§e items§r§e.§r§8 (Last 8s.)
02:31:01 §6[Sacks] §r§a+174§r§e items§r§e.§r§8 (Last 8s.)
02:31:55 §6[Sacks] §r§a+614§r§e items§r§e.§r§8 (Last 30s.)
02:32:08 §6[Sacks] §r§a+59§r§e items§r§e.§r§8 (Last 12s.)
02:32:45 §6[Sacks] §r§a+325§r§e items§r§e.§r§8 (Last 30s.)
02:33:07 §6[Sacks] §r§a+101§r§e items§r§e.§r§8 (Last 21s.)
02:33:26 §6[Sacks] §r§a+13§r§e items§r§e.§r§8 (Last 8s.)
02:33:41 §6[Sacks] §r§a+232§r§e items§r§e.§r§8 (Last 11s.)
02:34:11 §6[Sacks] §r§a+182§r§e items§r§e.§r§8 (Last 7s.)
02:34:35 §6[Sacks] §r§a+296§r§e items§r§e.§r§8 (Last 11s.)
02:35:12 §6[Sacks] §r§a+341§r§e items§r§e.§r§8 (Last 5s.)
02:35:19 §6[Sacks] §r§a+6§r§e items§r§e.§r§8 (Last 5s.)
02:35:53 §6[Sacks] §r§a+189§r§e items§r§e.§r§8 (Last 30s.)
02:36:24 §6[Sacks] §r§a+324§r§e items§r§e.§r§8 (Last 30s.)
02:36:49 §6[Sacks] §r§a+100§r§e items§r§e.§r§8 (Last 24s.)
02:37:47 §6[Sacks] §r§a+148§r§e items§r§e.§r§8 (Last 7s.)
02:39:05 §6[Sacks] §r§a+388§r§e items§r§e.§r§8 (Last 30s.)
02:39:37 §6[Sacks] §r§a+211§r§e items§r§e.§r§8 (Last 30s.)
02:40:09 §6[Sacks] §r§a+580§r§e items§r§e.§r§8 (Last 30s.)
02:40:22 §6[Sacks] §r§a+171§r§e items§r§e.§r§8 (Last 8s.)
02:40:59 §6[Sacks] §r§c-15,172§r§e items§r§e.§r§8 (Last 11s.)
02:43:35 §6[Sacks] §r§a+35§r§e items§r§e.§r§8 (Last 5s.)
02:45:15 §6[Sacks] §r§a+14§r§e items§r§e.§r§8 (Last 5s.)
02:49:07 §6[Sacks] §r§a+160§r§e items§r§e.§r§8 (Last 5s.)
02:49:14 §6[Sacks] §r§a+8§r§e items§r§e.§r§8 (Last 5s.)
02:50:22 §6[Sacks] §r§a+13§r§e items§r§e.§r§8 (Last 6s.)
02:52:16 §6[Sacks] §r§a+66§r§e items§r§e.§r§8 (Last 15s.)
02:52:25 §6[Sacks] §r§a+29§r§e items§r§e.§r§8 (Last 7s.)
02:53:00 §6[Sacks] §r§a+310§r§e items§r§e.§r§8 (Last 5s.)
02:53:07 §6[Sacks] §r§a+24§r§e items§r§e.§r§8 (Last 5s.)
02:55:56 §6[Sacks] §r§a+307§r§e items§r§e.§r§8 (Last 9s.)
02:56:28 §6[Sacks] §r§a+142§r§e items§r§e.§r§8 (Last 30s.)
02:56:35 §6[Sacks] §r§a+15§r§e items§r§e.§r§8 (Last 5s.)
02:57:07 §6[Sacks] §r§a+556§r§e items§r§e.§r§8 (Last 30s.)
02:57:38 §6[Sacks] §r§a+134§r§e items§r§e.§r§8 (Last 30s.)
02:57:50 §6[Sacks] §r§a+21§r§e items§r§e.§r§8 (Last 6s.)
02:58:30 §6[Sacks] §r§a+331§r§e items§r§e.§r§8 (Last 30s.)
02:58:46 §6[Sacks] §r§a+48§r§e items§r§e.§r§8 (Last 14s.)
02:58:58 §6[Sacks] §r§a+18§r§e items§r§e.§r§8 (Last 6s.)
02:59:10 §6[Sacks] §r§a+727§r§e items§r§e.§r§8 (Last 11s.)
03:00:29 §6[Sacks] §r§a+1,174§r§e items§r§e.§r§8 (Last 30s.)
03:00:36 §6[Sacks] §r§a+9§r§e items§r§e.§r§8 (Last 5s.)
03:00:56 §6[Sacks] §r§a+62§r§e items§r§e.§r§8 (Last 13s.)
03:01:11 §6[Sacks] §r§a+27§r§e items§r§e.§r§8 (Last 8s.)
03:01:21 §6[Sacks] §r§a+371§r§e items§r§e.§r§8 (Last 9s.)
03:01:49 §6[Sacks] §r§a+124§r§e items§r§e.§r§8 (Last 24s.)
03:02:54 §6[Sacks] §r§a+683§r§e items§r§e.§r§8 (Last 30s.)
03:03:06 §6[Sacks] §r§a+51§r§e items§r§e.§r§8 (Last 11s.)
03:03:37 §6[Sacks] §r§a+305§r§e items§r§e.§r§8 (Last 21s.)
03:03:52 §6[Sacks] §r§a+637§r§e items§r§e.§r§8 (Last 11s.)
03:04:08 §6[Sacks] §r§a+32§r§e items§r§e.§r§8 (Last 5s.)
03:04:47 §6[Sacks] §r§a+168§r§e items§r§e.§r§8 (Last 30s.)
03:05:38 §6[Sacks] §r§a+190§r§e items§r§e.§r§8 (Last 30s.)
03:05:58 §6[Sacks] §r§a+410§r§e items§r§e.§r§8 (Last 17s.)
03:06:32 §6[Sacks] §r§a+183§r§e items§r§e.§r§8 (Last 30s.)
03:07:05 §6[Sacks] §r§a+793§r§e items§r§e.§r§8 (Last 30s.)
03:07:28 §6[Sacks] §r§a+111§r§e items§r§e.§r§8 (Last 22s.)
03:09:25 §6[Sacks] §r§a+2§r§e items§r§e.§r§8 (Last 5s.)
03:10:07 §6[Sacks] §r§a+4§r§e items§r§e.§r§8 (Last 7s.)
03:10:20 §6[Sacks] §r§a+299§r§e items§r§e.§r§8 (Last 8s.)
03:10:50 §6[Sacks] §r§c-1,280§r§e items§r§e.§r§8 (Last 5s.)
03:10:58 §6[Sacks] §r§a+1,280§r§e items§r§e.§r§8 (Last 5s.)
03:11:10 §6[Sacks] §r§a+1§r§e item§r§e.§r§8 (Last 5s.)
03:16:30 §6[Sacks] §r§a+64§r§e items§r§e.§r§8 (Last 5s.)
03:21:18 §6[Sacks] §r§a+57§r§e items§r§e.§r§8 (Last 5s.)
03:26:36 §6[Sacks] §r§a+64§r§e items§r§e.§r§8 (Last 5s.)
03:29:04 §6[Sacks] §r§a+134§r§e items§r§e.§r§8 (Last 10s.)
03:30:21 §6[Sacks] §r§a+324§r§e items§r§e.§r§8 (Last 5s.)
03:34:36 §6[Sacks] §r§a+378§r§e items§r§e.§r§8 (Last 5s.)
03:37:12 §6[Sacks] §r§a+65§r§e items§r§e.§r§8 (Last 5s.)
03:37:56 §6[Sacks] §r§a+15§r§e items§r§e.§r§8 (Last 5s.)
03:38:10 §6[Sacks] §r§a+32§r§e items§r§e.§r§8 (Last 10s.)
03:38:32 §6[Sacks] §r§a+122§r§e items§r§e.§r§8 (Last 21s.)
03:38:42 §6[Sacks] §r§a+40§r§e items§r§e.§r§8 (Last 6s.)
03:38:51 §6[Sacks] §r§a+23§r§e items§r§e.§r§8 (Last 5s.)
03:39:06 §6[Sacks] §r§a+19§r§e items§r§e.§r§8 (Last 5s.)
03:39:39 §6[Sacks] §r§a+132§r§e items§r§e.§r§8 (Last 19s.)
03:39:56 §6[Sacks] §r§a+59§r§e items§r§e.§r§8 (Last 14s.)
03:40:21 §6[Sacks] §r§a+28§r§e items§r§e.§r§8 (Last 5s.)
03:40:35 §6[Sacks] §r§a+15§r§e items§r§e.§r§8 (Last 5s.)
03:41:28 §6[Sacks] §r§a+56§r§e items§r§e.§r§8 (Last 7s.)
03:41:36 §6[Sacks] §r§a+51§r§e items§r§e.§r§8 (Last 7s.)
03:41:46 §6[Sacks] §r§a+64§r§e items§r§e.§r§8 (Last 9s.)
03:41:54 §6[Sacks] §r§a+18§r§e items§r§e.§r§8 (Last 5s.)
03:42:10 §6[Sacks] §r§a+35§r§e items§r§e.§r§8 (Last 7s.)
03:42:52 §6[Sacks] §r§a+188§r§e items§r§e.§r§8 (Last 30s.)
03:43:01 §6[Sacks] §r§a+46§r§e items§r§e.§r§8 (Last 6s.)
03:44:21 §6[Sacks] §r§a+153§r§e items§r§e.§r§8 (Last 19s.)
03:44:29 §6[Sacks] §r§a+46§r§e items§r§e.§r§8 (Last 7s.)
03:44:39 §6[Sacks] §r§a+84§r§e items§r§e.§r§8 (Last 8s.)
03:44:46 §6[Sacks] §r§a+18§r§e items§r§e.§r§8 (Last 5s.)
03:49:38 §6[Sacks] §r§a+5§r§e items§r§e.§r§8 (Last 11s.)
03:50:49 §6[Sacks] §r§a+6§r§e items§r§e.§r§8 (Last 13s.)
03:51:40 §6[Sacks] §r§a+23§r§e items§r§e.§r§8 (Last 10s.)
03:51:47 §6[Sacks] §r§a+1§r§e item§r§e.§r§8 (Last 5s.)
03:52:24 §6[Sacks] §r§a+154§r§e items§r§e.§r§8 (Last 19s.)
03:52:32 §6[Sacks] §r§a+12§r§e items§r§e.§r§8 (Last 6s.)
03:53:30 §6[Sacks] §r§a+109§r§e items§r§e.§r§8 (Last 16s.)
03:53:38 §6[Sacks] §r§a+2§r§e items§r§e.§r§8 (Last 5s.)
03:53:45 §6[Sacks] §r§a+1§r§e item§r§e.§r§8 (Last 5s.)
03:53:52 §6[Sacks] §r§a+2§r§e items§r§e.§r§8 (Last 6s.)
03:53:59 §6[Sacks] §r§a+4§r§e items§r§e.§r§8 (Last 6s.)
03:54:15 §6[Sacks] §r§a+3§r§e items§r§e.§r§8 (Last 6s.)
03:54:24 §6[Sacks] §r§a+1§r§e item§r§e.§r§8 (Last 5s.)
03:54:46 §6[Sacks] §r§a+1§r§e item§r§e.§r§8 (Last 5s.)
03:56:11 §6[Sacks] §r§a+27§r§e items§r§e.§r§8 (Last 29s.)
03:56:32 §6[Sacks] §r§a+8§r§e items§r§e.§r§8 (Last 19s.)
03:56:45 §6[Sacks] §r§a+8§r§e items§r§e.§r§8 (Last 11s.)
03:57:09 §6[Sacks] §r§a+9§r§e items§r§e.§r§8 (Last 19s.)
03:57:33 §6[Sacks] §r§a+14§r§e items§r§e.§r§8 (Last 20s.)
03:58:01 §6[Sacks] §r§a+15§r§e items§r§e.§r§8 (Last 26s.)
03:58:17 §6[Sacks] §r§a+47§r§e items§r§e.§r§8 (Last 14s.)
03:58:38 §6[Sacks] §r§a+2§r§e items§r§e.§r§8 (Last 5s.)
03:59:19 §6[Sacks] §r§a+20§r§e items§r§e.§r§8 (Last 30s.)
03:59:50 §6[Sacks] §r§a+218§r§e items§r§e.§r§8 (Last 30s.)
04:00:13 §6[Sacks] §r§a+41§r§e items§r§e.§r§8 (Last 22s.)
04:01:03 §6[Sacks] §r§a+29§r§e items§r§e.§r§8 (Last 30s.)
04:01:34 §6[Sacks] §r§a+75§r§e items§r§e.§r§8 (Last 30s.)
04:02:05 §6[Sacks] §r§a+265§r§e items§r§e.§r§8 (Last 30s.)
04:02:12 §6[Sacks] §r§a+16§r§e items§r§e.§r§8 (Last 6s.)
04:02:40 §6[Sacks] §r§a+135§r§e items§r§e.§r§8 (Last 19s.)
04:03:35 §6[Sacks] §r§a+15§r§e items§r§e.§r§8 (Last 25s.)
04:03:44 §6[Sacks] §r§a+2§r§e items§r§e.§r§8 (Last 6s.)
04:05:16 §6[Sacks] §r§a+11§r§e items§r§e.§r§8 (Last 21s.)
04:05:24 §6[Sacks] §r§a+2§r§e items§r§e.§r§8 (Last 5s.)
04:05:33 §6[Sacks] §r§a+3§r§e items§r§e.§r§8 (Last 5s.)
04:05:47 §6[Sacks] §r§a+7§r§e items§r§e.§r§8 (Last 10s.)
04:06:08 §6[Sacks] §r§a+13§r§e items§r§e.§r§8 (Last 20s.)
04:06:21 §6[Sacks] §r§a+4§r§e items§r§e.§r§8 (Last 9s.)
04:06:45 §6[Sacks] §r§a+4§r§e items§r§e.§r§8 (Last 13s.)
04:06:56 §6[Sacks] §r§a+3§r§e items§r§e.§r§8 (Last 9s.)
04:07:24 §6[Sacks] §r§a+8§r§e items§r§e.§r§8 (Last 14s.)
04:08:52 §6[Sacks] §r§a+3§r§e items§r§e.§r§8 (Last 12s.)
04:09:01 §6[Sacks] §r§a+4§r§e items§r§e.§r§8 (Last 5s.)
04:09:44 §6[Sacks] §r§a+4§r§e items§r§e.§r§8 (Last 9s.)
04:09:52 §6[Sacks] §r§a+1§r§e item§r§e.§r§8 (Last 5s.)
04:10:03 §6[Sacks] §r§a+4§r§e items§r§e.§r§8 (Last 6s.)
04:10:42 §6[Sacks] §r§a+4§r§e items§r§e.§r§8 (Last 8s.)
04:10:50 §6[Sacks] §r§a+1§r§e item§r§e.§r§8 (Last 5s.)
04:11:00 §6[Sacks] §r§a+1§r§e item§r§e.§r§8 (Last 5s.)
04:11:08 §6[Sacks] §r§a+1§r§e item§r§e.§r§8 (Last 5s.)
04:11:23 §6[Sacks] §r§a+6§r§e items§r§e.§r§8 (Last 14s.)
04:11:48 §6[Sacks] §r§a+1§r§e item§r§e.§r§8 (Last 5s.)
04:12:30 §6[Sacks] §r§a+3§r§e items§r§e.§r§8 (Last 6s.)
04:13:10 §6[Sacks] §r§a+28§r§e items§r§e.§r§8 (Last 30s.)
04:13:29 §6[Sacks] §r§a+6§r§e items§r§e.§r§8 (Last 16s.)
04:13:52 §6[Sacks] §r§a+16§r§e items§r§e.§r§8 (Last 22s.)
04:14:57 §6[Sacks] §r§a+24§r§e items§r§e.§r§8 (Last 30s.)
04:15:24 §6[Sacks] §r§a+13§r§e items§r§e.§r§8 (Last 24s.)
04:15:45 §6[Sacks] §r§a+6§r§e items§r§e.§r§8 (Last 14s.)
04:15:57 §6[Sacks] §r§a+1§r§e item§r§e.§r§8 (Last 5s.)
04:16:32 §6[Sacks] §r§a+133§r§e items§r§e.§r§8 (Last 30s.)
04:16:58 §6[Sacks] §r§a+14§r§e items§r§e.§r§8 (Last 17s.)
04:17:18 §6[Sacks] §r§a+13§r§e items§r§e.§r§8 (Last 19s.)
04:17:38 §6[Sacks] §r§a+4§r§e items§r§e.§r§8 (Last 12s.)
04:18:06 §6[Sacks] §r§a+16§r§e items§r§e.§r§8 (Last 27s.)
04:18:50 §6[Sacks] §r§a+25§r§e items§r§e.§r§8 (Last 30s.)
04:19:21 §6[Sacks] §r§a+34§r§e items§r§e.§r§8 (Last 30s.)
04:19:52 §6[Sacks] §r§a+33§r§e items§r§e.§r§8 (Last 30s.)
04:20:06 §6[Sacks] §r§a+4§r§e items§r§e.§r§8 (Last 7s.)
04:20:17 §6[Sacks] §r§a+3§r§e items§r§e.§r§8 (Last 8s.)
04:20:26 §6[Sacks] §r§a+3§r§e items§r§e.§r§8 (Last 6s.)
04:20:42 §6[Sacks] §r§a+5§r§e items§r§e.§r§8 (Last 10s.)
04:20:48 §6[Sacks] §r§a+1§r§e item§r§e.§r§8 (Last 5s.)
04:20:55 §6[Sacks] §r§a+1§r§e item§r§e.§r§8 (Last 5s.)
04:21:21 §6[Sacks] §r§a+14§r§e items§r§e.§r§8 (Last 22s.)
04:43:04 §6[Sacks] §r§a+431§r§e items§r§e.§r§8 (Last 15s.)
05:10:43 §6[Sacks] §r§c-1,216§r§e items§r§e.§r§8 (Last 5s.)
05:11:35 §6[Sacks] §r§a+1,203§r§e items§r§e.§r§8 (Last 5s.)
05:13:14 §6[Sacks] §r§a+3,896§r§e items§r§e.§r§8 (Last 28s.)
05:13:29 §6[Sacks] §r§a+584§r§e items§r§e.§r§8 (Last 14s.)
06:01:44 §6[Sacks] §r§a+4,873§r§e items§r§e.§r§8 (Last 30s.)
06:02:04 §6[Sacks] §r§a+1,416§r§e items§r§e.§r§8 (Last 19s.)
06:06:15 §6[Sacks] §r§a+1§r§e item§r§e.§r§8 (Last 5s.)
06:06:30 §6[Sacks] §r§a+6§r§e items§r§e.§r§8 (Last 9s.)
06:06:36 §6[Sacks] §r§a+2§r§e items§r§e.§r§8 (Last 5s.)
06:06:48 §6[Sacks] §r§a+6§r§e items§r§e.§r§8 (Last 10s.)
06:06:58 §6[Sacks] §r§a+7§r§e items§r§e.§r§8 (Last 7s.)
06:07:08 §6[Sacks] §r§a+4§r§e items§r§e.§r§8 (Last 5s.)
06:07:31 §6[Sacks] §r§a+11§r§e items§r§e.§r§8 (Last 20s.)
06:08:11 §6[Sacks] §r§a+12§r§e items§r§e.§r§8 (Last 26s.)
06:08:42 §6[Sacks] §r§a+7§r§e items§r§e.§r§8 (Last 9s.)
06:09:03 §6[Sacks] §r§a+13§r§e items§r§e.§r§8 (Last 19s.)
06:09:10 §6[Sacks] §r§a+1§r§e item§r§e.§r§8 (Last 5s.)
06:09:27 §6[Sacks] §r§a+11§r§e items§r§e.§r§8 (Last 16s.)
06:10:04 §6[Sacks] §r§a+13§r§e items§r§e.§r§8 (Last 30s.)
06:10:24 §6[Sacks] §r§a+19§r§e items§r§e.§r§8 (Last 19s.)
06:10:33 §6[Sacks] §r§a+1§r§e item§r§e.§r§8 (Last 5s.)
06:10:43 §6[Sacks] §r§a+2§r§e items§r§e.§r§8 (Last 8s.)
06:12:07 §6[Sacks] §r§a+12§r§e items§r§e.§r§8 (Last 19s.)
06:14:11 §6[Sacks] §r§a+11§r§e items§r§e.§r§8 (Last 18s.)
06:14:23 §6[Sacks] §r§a+1§r§e item§r§e.§r§8 (Last 5s.)
06:14:29 §6[Sacks] §r§a+1§r§e item§r§e.§r§8 (Last 5s.)
06:14:41 §6[Sacks] §r§a+8§r§e items§r§e.§r§8 (Last 10s.)
06:14:48 §6[Sacks] §r§a+3§r§e items§r§e.§r§8 (Last 6s.)
06:14:55 §6[Sacks] §r§a+2§r§e items§r§e.§r§8 (Last 5s.)
06:15:36 §6[Sacks] §r§a+1§r§e item§r§e.§r§8 (Last 5s.)
06:16:13 §6[Sacks] §r§a+2§r§e items§r§e.§r§8 (Last 5s.)
06:16:19 §6[Sacks] §r§a+2§r§e items§r§e.§r§8 (Last 5s.)
06:17:31 §6[Sacks] §r§a+10§r§e items§r§e.§r§8 (Last 9s.)
06:17:52 §6[Sacks] §r§a+21§r§e items§r§e.§r§8 (Last 11s.)
06:18:05 §6[Sacks] §r§a+7§r§e items§r§e.§r§8 (Last 11s.)
06:18:22 §6[Sacks] §r§a+9§r§e items§r§e.§r§8 (Last 10s.)
06:18:53 §6[Sacks] §r§a+47§r§e items§r§e.§r§8 (Last 30s.)
06:19:01 §6[Sacks] §r§a+4§r§e items§r§e.§r§8 (Last 5s.)
06:19:28 §6[Sacks] §r§a+24§r§e items§r§e.§r§8 (Last 18s.)
06:19:40 §6[Sacks] §r§a+15§r§e items§r§e.§r§8 (Last 10s.)
06:19:48 §6[Sacks] §r§a+7§r§e items§r§e.§r§8 (Last 6s.)
06:20:15 §6[Sacks] §r§a+45§r§e items§r§e.§r§8 (Last 22s.)
06:20:27 §6[Sacks] §r§a+3§r§e items§r§e.§r§8 (Last 5s.)
06:20:37 §6[Sacks] §r§a+12§r§e items§r§e.§r§8 (Last 8s.)
06:21:07 §6[Sacks] §r§a+72§r§e items§r§e.§r§8 (Last 27s.)
06:21:16 §6[Sacks] §r§a+7§r§e items§r§e.§r§8 (Last 8s.)
06:21:24 §6[Sacks] §r§a+9§r§e items§r§e.§r§8 (Last 7s.)
06:21:35 §6[Sacks] §r§a+17§r§e items§r§e.§r§8 (Last 9s.)
06:21:43 §6[Sacks] §r§a+4§r§e items§r§e.§r§8 (Last 5s.)
06:22:17 §6[Sacks] §r§a+80§r§e items§r§e.§r§8 (Last 30s.)
06:22:31 §6[Sacks] §r§a+28§r§e items§r§e.§r§8 (Last 12s.)
06:22:53 §6[Sacks] §r§a+34§r§e items§r§e.§r§8 (Last 21s.)
06:23:08 §6[Sacks] §r§a+7§r§e items§r§e.§r§8 (Last 7s.)
06:23:33 §6[Sacks] §r§a+9§r§e items§r§e.§r§8 (Last 7s.)
06:23:43 §6[Sacks] §r§a+4§r§e items§r§e.§r§8 (Last 5s.)
06:24:16 §6[Sacks] §r§a+48§r§e items§r§e.§r§8 (Last 29s.)
06:26:29 §6[Sacks] §r§a+22§r§e items§r§e.§r§8 (Last 13s.)
06:29:22 §6[Sacks] §r§a+33§r§e items§r§e.§r§8 (Last 13s.)
06:32:00 §6[Sacks] §r§a+15§r§e items§r§e.§r§8 (Last 5s.)
06:43:01 §6[Sacks] §r§a+425§r§e items§r§e.§r§8 (Last 5s.)
06:43:31 §6[Sacks] §r§a+345§r§e items§r§e.§r§8 (Last 29s.)
06:43:38 §6[Sacks] §r§a+25§r§e items§r§e.§r§8 (Last 5s.)
06:44:01 §6[Sacks] §r§a+170§r§e items§r§e.§r§8 (Last 12s.)
06:44:24 §6[Sacks] §r§a+273§r§e items§r§e.§r§8 (Last 18s.)
06:44:35 §6[Sacks] §r§c-870§r§e items§r§e.§r§8 (Last 5s.)
06:47:10 §6[Sacks] §r§a+911§r§e items§r§e.§r§8 (Last 30s.)
06:47:24 §6[Sacks] §r§a+160§r§e items§r§e.§r§8 (Last 13s.)
06:47:57 §6[Sacks] §r§a+1,005§r§e items§r§e.§r§8 (Last 30s.)
06:48:29 §6[Sacks] §r§a+480§r§e items§r§e.§r§8 (Last 30s.)
06:48:35 §6[Sacks] §r§a+30§r§e items§r§e.§r§8 (Last 5s.)
06:49:40 §6[Sacks] §r§a+506§r§e items§r§e.§r§8 (Last 5s.)
06:49:46 §6[Sacks] §r§c-1,088§r§e items§r§e.§r§8 (Last 5s.)
06:52:10 §6[Sacks] §r§a+31§r§e items§r§e.§r§8 (Last 22s.)
06:57:54 §6[Sacks] §r§a+28§r§e items§r§e.§r§8 (Last 15s.)
06:58:07 §6[Sacks] §r§a+20§r§e items§r§e.§r§8 (Last 12s.)
06:58:39 §6[Sacks] §r§a+136§r§e items§r§e.§r§8 (Last 30s.)
06:58:57 §6[Sacks] §r§a+28§r§e items§r§e.§r§8 (Last 17s.)
06:59:15 §6[Sacks] §r§a+30§r§e items§r§e.§r§8 (Last 16s.)
06:59:28 §6[Sacks] §r§a+22§r§e items§r§e.§r§8 (Last 11s.)
06:59:37 §6[Sacks] §r§a+8§r§e items§r§e.§r§8 (Last 5s.)
06:59:50 §6[Sacks] §r§a+10§r§e items§r§e.§r§8 (Last 9s.)
07:00:18 §6[Sacks] §r§a+40§r§e items§r§e.§r§8 (Last 24s.)
07:00:51 §6[Sacks] §r§a+45§r§e items§r§e.§r§8 (Last 30s.)
07:01:11 §6[Sacks] §r§a+34§r§e items§r§e.§r§8 (Last 19s.)
07:01:43 §6[Sacks] §r§a+57§r§e items§r§e.§r§8 (Last 30s.)
07:01:56 §6[Sacks] §r§a+13§r§e items§r§e.§r§8 (Last 11s.)
07:02:04 §6[Sacks] §r§a+7§r§e items§r§e.§r§8 (Last 7s.)
07:02:10 §6[Sacks] §r§a+3§r§e items§r§e.§r§8 (Last 5s.)
07:02:22 §6[Sacks] §r§a+10§r§e items§r§e.§r§8 (Last 9s.)
07:03:03 §6[Sacks] §r§a+50§r§e items§r§e.§r§8 (Last 24s.)
07:03:09 §6[Sacks] §r§a+4§r§e items§r§e.§r§8 (Last 5s.)
07:03:15 §6[Sacks] §r§a+6§r§e items§r§e.§r§8 (Last 5s.)
07:03:32 §6[Sacks] §r§a+11§r§e items§r§e.§r§8 (Last 7s.)
07:03:51 §6[Sacks] §r§a+6§r§e items§r§e.§r§8 (Last 5s.)
07:04:05 §6[Sacks] §r§a+2§r§e items§r§e.§r§8 (Last 5s.)
07:05:26 §6[Sacks] §r§a+29§r§e items§r§e.§r§8 (Last 13s.)
07:05:34 §6[Sacks] §r§a+4§r§e items§r§e.§r§8 (Last 5s.)
07:06:18 §6[Sacks] §r§a+28§r§e items§r§e.§r§8 (Last 6s.)
07:06:40 §6[Sacks] §r§a+8§r§e items§r§e.§r§8 (Last 11s.)
07:06:51 §6[Sacks] §r§a+2§r§e items§r§e.§r§8 (Last 5s.)
07:07:14 §6[Sacks] §r§a+4§r§e items§r§e.§r§8 (Last 5s.)
07:07:23 §6[Sacks] §r§a+4§r§e items§r§e.§r§8 (Last 5s.)
07:07:34 §6[Sacks] §r§a+6§r§e items§r§e.§r§8 (Last 5s.)
07:07:51 §6[Sacks] §r§a+25§r§e items§r§e.§r§8 (Last 8s.)
07:07:59 §6[Sacks] §r§a+21§r§e items§r§e.§r§8 (Last 5s.)
07:08:32 §6[Sacks] §r§a+106§r§e items§r§e.§r§8 (Last 30s.)
07:09:04 §6[Sacks] §r§a+107§r§e items§r§e.§r§8 (Last 30s.)
07:09:38 §6[Sacks] §r§a+78§r§e items§r§e.§r§8 (Last 30s.)
07:09:54 §6[Sacks] §r§a+22§r§e items§r§e.§r§8 (Last 12s.)
07:10:11 §6[Sacks] §r§a+42§r§e items§r§e.§r§8 (Last 16s.)
07:10:44 §6[Sacks] §r§a+67§r§e items§r§e.§r§8 (Last 30s.)
07:11:13 §6[Sacks] §r§a+54§r§e items§r§e.§r§8 (Last 22s.)
07:11:23 §6[Sacks] §r§a+26§r§e items§r§e.§r§8 (Last 8s.)
07:11:35 §6[Sacks] §r§a+12§r§e items§r§e.§r§8 (Last 11s.)
07:12:07 §6[Sacks] §r§a+59§r§e items§r§e.§r§8 (Last 30s.)
07:12:13 §6[Sacks] §r§a+7§r§e items§r§e.§r§8 (Last 5s.)
07:12:35 §6[Sacks] §r§a+55§r§e items§r§e.§r§8 (Last 18s.)
07:12:59 §6[Sacks] §r§a+7§r§e items§r§e.§r§8 (Last 5s.)
07:13:13 §6[Sacks] §r§a+16§r§e items§r§e.§r§8 (Last 8s.)
07:13:35 §6[Sacks] §r§a+49§r§e items§r§e.§r§8 (Last 19s.)
07:14:31 §6[Sacks] §r§a+47§r§e items§r§e.§r§8 (Last 9s.)
07:14:37 §6[Sacks] §r§a+5§r§e items§r§e.§r§8 (Last 5s.)
07:14:47 §6[Sacks] §r§a+21§r§e items§r§e.§r§8 (Last 8s.)
07:14:58 §6[Sacks] §r§a+18§r§e items§r§e.§r§8 (Last 8s.)
07:15:05 §6[Sacks] §r§a+7§r§e items§r§e.§r§8 (Last 5s.)
07:15:38 §6[Sacks] §r§a+100§r§e items§r§e.§r§8 (Last 30s.)
07:16:10 §6[Sacks] §r§a+70§r§e items§r§e.§r§8 (Last 28s.)
07:16:24 §6[Sacks] §r§a+43§r§e items§r§e.§r§8 (Last 13s.)
07:16:37 §6[Sacks] §r§a+26§r§e items§r§e.§r§8 (Last 12s.)
07:16:50 §6[Sacks] §r§a+7§r§e items§r§e.§r§8 (Last 11s.)
07:37:14 §6[Sacks] §r§a+1§r§e item§r§e.§r§8 (Last 5s.)
07:37:26 §6[Sacks] §r§a+1§r§e item§r§e.§r§8 (Last 5s.)
07:48:05 §6[Sacks] §r§a+1§r§e item§r§e.§r§8 (Last 5s.)
08:01:42 §6[Sacks] §r§a+288§r§e items§r§e.§r§8 (Last 12s.)
08:01:53 §6[Sacks] §r§a+246§r§e items§r§e.§r§8 (Last 6s.)
08:20:54 §6[Sacks] §r§a+67§r§e items§r§e, §r§c-5§r§e items§r§e.§r§8 (Last 5s.)
08:21:26 §6[Sacks] §r§a+7,250§r§e items§r§e, §r§c-594§r§e items§r§e.§r§8 (Last 30s.)
08:21:57 §6[Sacks] §r§a+627§r§e items§r§e, §r§c-626§r§e items§r§e.§r§8 (Last 30s.)
08:22:28 §6[Sacks] §r§a+622§r§e items§r§e, §r§c-622§r§e items§r§e.§r§8 (Last 30s.)
08:22:59 §6[Sacks] §r§a+532§r§e items§r§e, §r§c-532§r§e items§r§e.§r§8 (Last 30s.)
08:23:31 §6[Sacks] §r§a+616§r§e items§r§e, §r§c-617§r§e items§r§e.§r§8 (Last 30s.)
08:24:02 §6[Sacks] §r§a+594§r§e items§r§e, §r§c-593§r§e items§r§e.§r§8 (Last 30s.)
08:24:33 §6[Sacks] §r§a+626§r§e items§r§e, §r§c-626§r§e items§r§e.§r§8 (Last 30s.)
08:25:04 §6[Sacks] §r§a+614§r§e items§r§e, §r§c-614§r§e items§r§e.§r§8 (Last 30s.)
08:25:29 §6[Sacks] §r§a+394§r§e items§r§e, §r§c-394§r§e items§r§e.§r§8 (Last 24s.)
08:26:02 §6[Sacks] §r§a+523§r§e items§r§e, §r§c-523§r§e items§r§e.§r§8 (Last 30s.)
08:26:33 §6[Sacks] §r§a+625§r§e items§r§e, §r§c-626§r§e items§r§e.§r§8 (Last 30s.)
08:27:04 §6[Sacks] §r§a+624§r§e items§r§e, §r§c-623§r§e items§r§e.§r§8 (Last 30s.)
08:27:35 §6[Sacks] §r§a+603§r§e items§r§e, §r§c-603§r§e items§r§e.§r§8 (Last 30s.)
08:28:07 §6[Sacks] §r§a+586§r§e items§r§e, §r§c-587§r§e items§r§e.§r§8 (Last 30s.)
08:28:21 §6[Sacks] §r§a+129§r§e items§r§e, §r§c-128§r§e items§r§e.§r§8 (Last 13s.)
08:28:53 §6[Sacks] §r§a+583§r§e items§r§e, §r§c-583§r§e items§r§e.§r§8 (Last 30s.)
08:29:18 §6[Sacks] §r§a+1,023§r§e items§r§e, §r§c-7,679§r§e items§r§e.§r§8 (Last 12s.)
08:39:02 §6[Sacks] §r§a+1§r§e item§r§e.§r§8 (Last 5s.)
11:05:53 §6[Sacks] §r§a+4§r§e items§r§e.§r§8 (Last 6s.)
11:06:12 §6[Sacks] §r§a+4§r§e items§r§e.§r§8 (Last 7s.)
11:11:39 §6[Sacks] §r§a+2§r§e items§r§e.§r§8 (Last 8s.)
11:11:48 §6[Sacks] §r§a+1§r§e item§r§e.§r§8 (Last 5s.)
11:12:06 §6[Sacks] §r§a+1§r§e item§r§e.§r§8 (Last 5s.)
11:12:14 §6[Sacks] §r§a+1§r§e item§r§e.§r§8 (Last 5s.)
11:12:28 §6[Sacks] §r§a+1§r§e item§r§e.§r§8 (Last 5s.)
11:12:41 §6[Sacks] §r§a+1§r§e item§r§e.§r§8 (Last 5s.)
11:13:08 §6[Sacks] §r§a+1§r§e item§r§e.§r§8 (Last 5s.)
11:13:17 §6[Sacks] §r§a+2§r§e items§r§e.§r§8 (Last 8s.)
11:13:30 §6[Sacks] §r§a+2§r§e items§r§e.§r§8 (Last 10s.)
11:13:40 §6[Sacks] §r§a+1§r§e item§r§e.§r§8 (Last 5s.)
11:13:58 §6[Sacks] §r§a+1§r§e item§r§e.§r§8 (Last 5s.)
11:14:08 §6[Sacks] §r§a+1§r§e item§r§e.§r§8 (Last 5s.)
11:14:26 §6[Sacks] §r§a+1§r§e item§r§e.§r§8 (Last 5s.)
11:15:03 §6[Sacks] §r§a+2§r§e items§r§e.§r§8 (Last 9s.)
11:15:19 §6[Sacks] §r§a+1§r§e item§r§e.§r§8 (Last 5s.)
11:15:31 §6[Sacks] §r§a+1§r§e item§r§e.§r§8 (Last 5s.)
11:16:44 §6[Sacks] §r§c-20§r§e items§r§e.§r§8 (Last 5s.)
11:25:23 §6[Sacks] §r§a+1§r§e item§r§e.§r§8 (Last 5s.)
11:25:29 §6[Sacks] §r§a+1§r§e item§r§e.§r§8 (Last 5s.)
11:25:55 §6[Sacks] §r§a+6§r§e items§r§e.§r§8 (Last 14s.)
11:26:01 §6[Sacks] §r§a+1§r§e item§r§e.§r§8 (Last 5s.)
11:26:10 §6[Sacks] §r§a+1§r§e item§r§e.§r§8 (Last 5s.)
11:26:24 §6[Sacks] §r§a+2§r§e items§r§e.§r§8 (Last 7s.)
11:26:38 §6[Sacks] §r§a+5§r§e items§r§e.§r§8 (Last 13s.)
11:26:52 §6[Sacks] §r§a+3§r§e items§r§e.§r§8 (Last 6s.)
11:27:06 §6[Sacks] §r§a+1§r§e item§r§e.§r§8 (Last 5s.)
11:27:13 §6[Sacks] §r§a+1§r§e item§r§e.§r§8 (Last 5s.)
11:27:22 §6[Sacks] §r§c-22§r§e items§r§e.§r§8 (Last 8s.)
11:29:32 §6[Sacks] §r§a+1§r§e item§r§e.§r§8 (Last 5s.)
11:29:38 §6[Sacks] §r§c-1§r§e item§r§e.§r§8 (Last 5s.)
11:35:40 §6[Sacks] §r§a+931§r§e items§r§e.§r§8 (Last 30s.)
11:36:09 §6[Sacks] §r§a+408§r§e items§r§e.§r§8 (Last 28s.)
11:36:42 §6[Sacks] §r§a+1,000§r§e items§r§e.§r§8 (Last 30s.)
11:37:12 §6[Sacks] §r§a+531§r§e items§r§e.§r§8 (Last 28s.)
11:37:25 §6[Sacks] §r§a+385§r§e items§r§e.§r§8 (Last 11s.)
11:37:55 §6[Sacks] §r§a+479§r§e items§r§e.§r§8 (Last 20s.)
11:41:50 §6[Sacks] §r§a+16§r§e items§r§e.§r§8 (Last 5s.)
11:42:47 §6[Sacks] §r§a+30§r§e items§r§e.§r§8 (Last 11s.)
11:43:10 §6[Sacks] §r§a+2§r§e items§r§e.§r§8 (Last 5s.)
11:43:33 §6[Sacks] §r§a+4§r§e items§r§e.§r§8 (Last 5s.)
11:44:07 §6[Sacks] §r§a+89§r§e items§r§e.§r§8 (Last 30s.)
11:44:21 §6[Sacks] §r§a+6§r§e items§r§e.§r§8 (Last 12s.)
11:44:56 §6[Sacks] §r§a+47§r§e items§r§e.§r§8 (Last 23s.)
11:45:35 §6[Sacks] §r§a+47§r§e items§r§e.§r§8 (Last 19s.)
11:46:35 §6[Sacks] §r§a+70§r§e items§r§e.§r§8 (Last 8s.)
11:47:09 §6[Sacks] §r§a+510§r§e items§r§e.§r§8 (Last 30s.)
11:47:22 §6[Sacks] §r§a+135§r§e items§r§e.§r§8 (Last 12s.)
11:47:38 §6[Sacks] §r§a+195§r§e items§r§e.§r§8 (Last 11s.)
11:47:57 §6[Sacks] §r§a+2§r§e items§r§e.§r§8 (Last 5s.)
11:48:34 §6[Sacks] §r§a+4§r§e items§r§e.§r§8 (Last 5s.)
11:48:43 §6[Sacks] §r§a+2§r§e items§r§e.§r§8 (Last 5s.)
11:48:54 §6[Sacks] §r§a+1§r§e item§r§e.§r§8 (Last 5s.)
11:49:03 §6[Sacks] §r§a+4§r§e items§r§e.§r§8 (Last 5s.)
11:49:11 §6[Sacks] §r§a+4§r§e items§r§e.§r§8 (Last 5s.)
11:49:32 §6[Sacks] §r§a+2§r§e items§r§e.§r§8 (Last 5s.)
11:49:43 §6[Sacks] §r§a+2§r§e items§r§e.§r§8 (Last 5s.)
11:49:57 §6[Sacks] §r§a+4§r§e items§r§e.§r§8 (Last 5s.)
11:50:28 §6[Sacks] §r§a+2§r§e items§r§e.§r§8 (Last 5s.)
11:51:33 §6[Sacks] §r§a+83§r§e items§r§e.§r§8 (Last 11s.)
11:51:54 §6[Sacks] §r§a+76§r§e items§r§e.§r§8 (Last 8s.)
11:52:07 §6[Sacks] §r§a+32§r§e items§r§e.§r§8 (Last 5s.)
11:53:22 §6[Sacks] §r§a+15§r§e items§r§e.§r§8 (Last 5s.)
11:53:45 §6[Sacks] §r§a+110§r§e items§r§e.§r§8 (Last 22s.)
11:53:52 §6[Sacks] §r§a+25§r§e items§r§e.§r§8 (Last 5s.)
11:54:04 §6[Sacks] §r§a+61§r§e items§r§e.§r§8 (Last 11s.)
11:54:22 §6[Sacks] §r§a+28§r§e items§r§e.§r§8 (Last 5s.)
11:55:17 §6[Sacks] §r§a+33§r§e items§r§e.§r§8 (Last 6s.)
11:55:53 §6[Sacks] §r§a+61§r§e items§r§e.§r§8 (Last 7s.)
11:56:05 §6[Sacks] §r§a+64§r§e items§r§e.§r§8 (Last 10s.)
11:56:36 §6[Sacks] §r§a+77§r§e items§r§e.§r§8 (Last 9s.)
11:56:56 §6[Sacks] §r§a+66§r§e items§r§e.§r§8 (Last 12s.)
11:57:18 §6[Sacks] §r§a+100§r§e items§r§e.§r§8 (Last 18s.)
11:57:34 §6[Sacks] §r§a+74§r§e items§r§e.§r§8 (Last 8s.)
11:57:43 §6[Sacks] §r§a+18§r§e items§r§e.§r§8 (Last 5s.)
11:58:26 §6[Sacks] §r§a+6§r§e items§r§e.§r§8 (Last 7s.)
11:58:36 §6[Sacks] §r§a+66§r§e items§r§e.§r§8 (Last 5s.)
11:59:45 §6[Sacks] §r§a+533§r§e items§r§e.§r§8 (Last 30s.)
12:00:16 §6[Sacks] §r§a+492§r§e items§r§e.§r§8 (Last 30s.)
12:00:27 §6[Sacks] §r§a+65§r§e items§r§e.§r§8 (Last 10s.)
12:00:52 §6[Sacks] §r§a+46§r§e items§r§e.§r§8 (Last 7s.)
12:01:10 §6[Sacks] §r§a+48§r§e items§r§e.§r§8 (Last 8s.)
12:01:16 §6[Sacks] §r§a+18§r§e items§r§e.§r§8 (Last 5s.)
12:01:44 §6[Sacks] §r§a+112§r§e items§r§e.§r§8 (Last 15s.)
12:03:00 §6[Sacks] §r§a+14§r§e items§r§e.§r§8 (Last 8s.)
12:04:23 §6[Sacks] §r§a+409§r§e items§r§e.§r§8 (Last 30s.)
12:04:46 §6[Sacks] §r§a+356§r§e items§r§e.§r§8 (Last 22s.)
12:04:58 §6[Sacks] §r§a+28§r§e items§r§e.§r§8 (Last 5s.)
12:05:14 §6[Sacks] §r§a+48§r§e items§r§e.§r§8 (Last 11s.)
12:05:41 §6[Sacks] §r§a+153§r§e items§r§e.§r§8 (Last 24s.)
12:05:51 §6[Sacks] §r§a+69§r§e items§r§e.§r§8 (Last 8s.)
12:06:27 §6[Sacks] §r§a+142§r§e items§r§e.§r§8 (Last 20s.)
12:06:44 §6[Sacks] §r§a+58§r§e items§r§e.§r§8 (Last 9s.)
12:07:46 §6[Sacks] §r§a+291§r§e items§r§e.§r§8 (Last 30s.)
12:07:58 §6[Sacks] §r§a+46§r§e items§r§e.§r§8 (Last 7s.)
12:08:15 §6[Sacks] §r§a+69§r§e items§r§e.§r§8 (Last 9s.)
12:08:53 §6[Sacks] §r§a+126§r§e items§r§e.§r§8 (Last 17s.)
12:09:27 §6[Sacks] §r§a+87§r§e items§r§e.§r§8 (Last 7s.)
12:09:49 §6[Sacks] §r§a+59§r§e items§r§e.§r§8 (Last 8s.)
12:10:09 §6[Sacks] §r§a+76§r§e items§r§e.§r§8 (Last 12s.)
12:10:22 §6[Sacks] §r§a+15§r§e items§r§e.§r§8 (Last 5s.)
12:10:45 §6[Sacks] §r§a+15§r§e items§r§e.§r§8 (Last 5s.)
12:10:54 §6[Sacks] §r§a+58§r§e items§r§e.§r§8 (Last 6s.)
12:11:03 §6[Sacks] §r§a+46§r§e items§r§e.§r§8 (Last 6s.)
12:11:11 §6[Sacks] §r§a+33§r§e items§r§e.§r§8 (Last 5s.)
12:11:53 §6[Sacks] §r§a+34§r§e items§r§e.§r§8 (Last 5s.)
12:12:12 §6[Sacks] §r§a+34§r§e items§r§e.§r§8 (Last 5s.)
12:12:24 §6[Sacks] §r§a+30§r§e items§r§e.§r§8 (Last 5s.)
12:12:56 §6[Sacks] §r§a+19§r§e items§r§e.§r§8 (Last 6s.)
12:13:02 §6[Sacks] §r§a+48§r§e items§r§e.§r§8 (Last 5s.)
12:13:17 §6[Sacks] §r§a+134§r§e items§r§e.§r§8 (Last 12s.)
12:13:45 §6[Sacks] §r§a+71§r§e items§r§e.§r§8 (Last 11s.)
12:14:09 §6[Sacks] §r§a+105§r§e items§r§e.§r§8 (Last 12s.)
12:14:37 §6[Sacks] §r§a+146§r§e items§r§e.§r§8 (Last 22s.)
12:14:56 §6[Sacks] §r§a+73§r§e items§r§e.§r§8 (Last 17s.)
12:15:11 §6[Sacks] §r§a+36§r§e items§r§e.§r§8 (Last 7s.)
12:16:02 §6[Sacks] §r§a+13§r§e items§r§e.§r§8 (Last 5s.)
12:17:35 §6[Sacks] §r§a+240§r§e items§r§e.§r§8 (Last 30s.)
12:17:41 §6[Sacks] §r§a+15§r§e items§r§e.§r§8 (Last 5s.)
12:18:08 §6[Sacks] §r§a+122§r§e items§r§e.§r§8 (Last 16s.)
12:18:43 §6[Sacks] §r§a+173§r§e items§r§e.§r§8 (Last 14s.)
12:18:53 §6[Sacks] §r§a+15§r§e items§r§e.§r§8 (Last 5s.)
12:20:07 §6[Sacks] §r§a+250§r§e items§r§e, §r§c-250§r§e items§r§e.§r§8 (Last 7s.)
12:20:53 §6[Sacks] §r§c-250§r§e items§r§e.§r§8 (Last 5s.)
12:21:01 §6[Sacks] §r§a+58§r§e items§r§e.§r§8 (Last 5s.)
12:25:43 §6[Sacks] §r§a+74§r§e items§r§e.§r§8 (Last 11s.)
12:26:05 §6[Sacks] §r§a+122§r§e items§r§e.§r§8 (Last 13s.)
12:26:13 §6[Sacks] §r§a+51§r§e items§r§e.§r§8 (Last 6s.)
12:26:25 §6[Sacks] §r§a+28§r§e items§r§e.§r§8 (Last 5s.)
12:26:42 §6[Sacks] §r§a+33§r§e items§r§e.§r§8 (Last 5s.)
12:26:55 §6[Sacks] §r§a+18§r§e items§r§e.§r§8 (Last 5s.)
12:27:21 §6[Sacks] §r§a+33§r§e items§r§e.§r§8 (Last 7s.)
12:29:05 §6[Sacks] §r§a+123§r§e items§r§e.§r§8 (Last 15s.)
12:29:30 §6[Sacks] §r§a+42§r§e items§r§e.§r§8 (Last 6s.)
12:29:40 §6[Sacks] §r§a+51§r§e items§r§e.§r§8 (Last 8s.)
12:29:53 §6[Sacks] §r§a+71§r§e items§r§e.§r§8 (Last 11s.)
12:30:03 §6[Sacks] §r§a+18§r§e items§r§e.§r§8 (Last 5s.)
12:30:09 §6[Sacks] §r§a+18§r§e items§r§e.§r§8 (Last 5s.)
12:30:30 §6[Sacks] §r§a+51§r§e items§r§e.§r§8 (Last 7s.)
12:30:43 §6[Sacks] §r§a+56§r§e items§r§e.§r§8 (Last 12s.)
12:30:53 §6[Sacks] §r§a+28§r§e items§r§e.§r§8 (Last 5s.)
12:31:08 §6[Sacks] §r§a+64§r§e items§r§e.§r§8 (Last 11s.)
12:33:02 §6[Sacks] §r§a+288§r§e items§r§e.§r§8 (Last 30s.)
12:33:09 §6[Sacks] §r§a+15§r§e items§r§e.§r§8 (Last 5s.)
12:33:29 §6[Sacks] §r§a+99§r§e items§r§e.§r§8 (Last 15s.)
12:33:37 §6[Sacks] §r§a+15§r§e items§r§e.§r§8 (Last 5s.)
12:33:59 §6[Sacks] §r§a+53§r§e items§r§e.§r§8 (Last 6s.)
12:34:30 §6[Sacks] §r§a+251§r§e items§r§e.§r§8 (Last 30s.)
12:34:45 §6[Sacks] §r§a+28§r§e items§r§e.§r§8 (Last 5s.)
12:34:58 §6[Sacks] §r§a+18§r§e items§r§e.§r§8 (Last 5s.)
12:35:11 §6[Sacks] §r§a+43§r§e items§r§e.§r§8 (Last 10s.)
12:36:10 §6[Sacks] §r§a+30§r§e items§r§e.§r§8 (Last 6s.)
12:36:30 §6[Sacks] §r§a+53§r§e items§r§e.§r§8 (Last 8s.)
12:36:45 §6[Sacks] §r§a+85§r§e items§r§e.§r§8 (Last 13s.)
12:37:03 §6[Sacks] §r§a+24§r§e items§r§e.§r§8 (Last 5s.)
12:37:09 §6[Sacks] §r§a+28§r§e items§r§e.§r§8 (Last 5s.)
12:37:24 §6[Sacks] §r§a+15§r§e items§r§e.§r§8 (Last 5s.)
12:37:30 §6[Sacks] §r§a+36§r§e items§r§e.§r§8 (Last 5s.)
12:37:42 §6[Sacks] §r§a+88§r§e items§r§e.§r§8 (Last 10s.)
12:37:55 §6[Sacks] §r§a+48§r§e items§r§e.§r§8 (Last 11s.)
12:38:03 §6[Sacks] §r§a+15§r§e items§r§e.§r§8 (Last 5s.)
12:38:24 §6[Sacks] §r§a+46§r§e items§r§e.§r§8 (Last 10s.)
12:38:38 §6[Sacks] §r§a+92§r§e items§r§e.§r§8 (Last 12s.)
12:38:57 §6[Sacks] §r§a+76§r§e items§r§e.§r§8 (Last 16s.)
12:39:07 §6[Sacks] §r§a+23§r§e items§r§e.§r§8 (Last 5s.)
