05:14:31 §f                §7You have §33,897 §7materials stashed away!
05:14:31 §f              §8(This totals 2 types of materials stashed!)
05:14:31 §f                §3§l>>> §3§lCLICK HERE§b to pick them up! §3§l<<<
05:15:31 §f                §7You have §39,016 §7materials stashed away!
05:15:31 §f              §8(This totals 2 types of materials stashed!)
05:15:31 §f                §3§l>>> §3§lCLICK HERE§b to pick them up! §3§l<<<
05:16:32 §f                §7You have §39,016 §7materials stashed away!
05:16:32 §f              §8(This totals 2 types of materials stashed!)
05:16:32 §f                §3§l>>> §3§lCLICK HERE§b to pick them up! §3§l<<<
05:17:33 §f               §7You have §312,261 §7materials stashed away!
05:17:33 §f              §8(This totals 2 types of materials stashed!)
05:17:33 §f                §3§l>>> §3§lCLICK HERE§b to pick them up! §3§l<<<
05:18:33 §f               §7You have §312,261 §7materials stashed away!
05:18:33 §f              §8(This totals 2 types of materials stashed!)
05:18:33 §f                §3§l>>> §3§lCLICK HERE§b to pick them up! §3§l<<<
05:19:34 §f               §7You have §312,261 §7materials stashed away!
05:19:34 §f              §8(This totals 2 types of materials stashed!)
05:19:34 §f                §3§l>>> §3§lCLICK HERE§b to pick them up! §3§l<<<
05:20:35 §f               §7You have §312,261 §7materials stashed away!
05:20:35 §f              §8(This totals 2 types of materials stashed!)
05:20:35 §f                §3§l>>> §3§lCLICK HERE§b to pick them up! §3§l<<<
05:21:35 §f               §7You have §312,261 §7materials stashed away!
05:21:35 §f              §8(This totals 2 types of materials stashed!)
05:21:35 §f                §3§l>>> §3§lCLICK HERE§b to pick them up! §3§l<<<
05:22:36 §f               §7You have §312,261 §7materials stashed away!
05:22:36 §f              §8(This totals 2 types of materials stashed!)
05:22:36 §f                §3§l>>> §3§lCLICK HERE§b to pick them up! §3§l<<<
05:23:36 §f               §7You have §312,261 §7materials stashed away!
05:23:36 §f              §8(This totals 2 types of materials stashed!)
05:23:36 §f                §3§l>>> §3§lCLICK HERE§b to pick them up! §3§l<<<
05:24:37 §f               §7You have §312,261 §7materials stashed away!
05:24:37 §f              §8(This totals 2 types of materials stashed!)
05:24:37 §f                §3§l>>> §3§lCLICK HERE§b to pick them up! §3§l<<<
05:25:38 §f               §7You have §312,261 §7materials stashed away!
05:25:38 §f              §8(This totals 2 types of materials stashed!)
05:25:38 §f                §3§l>>> §3§lCLICK HERE§b to pick them up! §3§l<<<
05:26:38 §f               §7You have §312,261 §7materials stashed away!
05:26:38 §f              §8(This totals 2 types of materials stashed!)
05:26:38 §f                §3§l>>> §3§lCLICK HERE§b to pick them up! §3§l<<<
05:27:39 §f               §7You have §312,261 §7materials stashed away!
05:27:39 §f              §8(This totals 2 types of materials stashed!)
05:27:39 §f                §3§l>>> §3§lCLICK HERE§b to pick them up! §3§l<<<
05:28:39 §f               §7You have §312,261 §7materials stashed away!
05:28:39 §f              §8(This totals 2 types of materials stashed!)
05:28:39 §f                §3§l>>> §3§lCLICK HERE§b to pick them up! §3§l<<<
05:29:40 §f               §7You have §312,261 §7materials stashed away!
05:29:40 §f              §8(This totals 2 types of materials stashed!)
05:29:40 §f                §3§l>>> §3§lCLICK HERE§b to pick them up! §3§l<<<
05:30:40 §f               §7You have §312,261 §7materials stashed away!
05:30:40 §f              §8(This totals 2 types of materials stashed!)
05:30:40 §f                §3§l>>> §3§lCLICK HERE§b to pick them up! §3§l<<<
05:31:41 §f               §7You have §312,261 §7materials stashed away!
05:31:41 §f              §8(This totals 2 types of materials stashed!)
05:31:41 §f                §3§l>>> §3§lCLICK HERE§b to pick them up! §3§l<<<
05:34:43 §f               §7You have §313,460 §7materials stashed away!
05:34:43 §f              §8(This totals 2 types of materials stashed!)
05:34:43 §f                §3§l>>> §3§lCLICK HERE§b to pick them up! §3§l<<<
05:35:44 §f               §7You have §315,539 §7materials stashed away!
05:35:44 §f              §8(This totals 2 types of materials stashed!)
05:35:44 §f                §3§l>>> §3§lCLICK HERE§b to pick them up! §3§l<<<
05:36:44 §f               §7You have §315,539 §7materials stashed away!
05:36:44 §f              §8(This totals 2 types of materials stashed!)
05:36:44 §f                §3§l>>> §3§lCLICK HERE§b to pick them up! §3§l<<<
05:37:45 §f               §7You have §319,566 §7materials stashed away!
05:37:45 §f              §8(This totals 2 types of materials stashed!)
05:37:45 §f                §3§l>>> §3§lCLICK HERE§b to pick them up! §3§l<<<
05:38:27 §f               §7You have §319,566 §7materials stashed away!
05:38:27 §f              §8(This totals 2 types of materials stashed!)
05:38:27 §f                §3§l>>> §3§lCLICK HERE§b to pick them up! §3§l<<<
05:39:27 §f               §7You have §319,566 §7materials stashed away!
05:39:27 §f              §8(This totals 2 types of materials stashed!)
05:39:27 §f                §3§l>>> §3§lCLICK HERE§b to pick them up! §3§l<<<
05:39:45 §f               §7You have §319,566 §7materials stashed away!
05:39:45 §f              §8(This totals 2 types of materials stashed!)
05:39:45 §f                §3§l>>> §3§lCLICK HERE§b to pick them up! §3§l<<<
05:41:04 §f               §7You have §319,990 §7materials stashed away!
05:41:04 §f              §8(This totals 2 types of materials stashed!)
05:41:04 §f                §3§l>>> §3§lCLICK HERE§b to pick them up! §3§l<<<
05:42:05 §f               §7You have §325,427 §7materials stashed away!
05:42:05 §f              §8(This totals 2 types of materials stashed!)
05:42:05 §f                §3§l>>> §3§lCLICK HERE§b to pick them up! §3§l<<<
05:43:20 §f               §7You have §331,843 §7materials stashed away!
05:43:20 §f              §8(This totals 2 types of materials stashed!)
05:43:20 §f                §3§l>>> §3§lCLICK HERE§b to pick them up! §3§l<<<
05:44:20 §f               §7You have §339,157 §7materials stashed away!
05:44:20 §f              §8(This totals 2 types of materials stashed!)
05:44:20 §f                §3§l>>> §3§lCLICK HERE§b to pick them up! §3§l<<<
05:45:01 §f               §7You have §342,738 §7materials stashed away!
05:45:01 §f              §8(This totals 2 types of materials stashed!)
05:45:01 §f                §3§l>>> §3§lCLICK HERE§b to pick them up! §3§l<<<
05:46:02 §f               §7You have §345,200 §7materials stashed away!
05:46:02 §f              §8(This totals 2 types of materials stashed!)
05:46:02 §f                §3§l>>> §3§lCLICK HERE§b to pick them up! §3§l<<<
05:47:03 §f               §7You have §351,389 §7materials stashed away!
05:47:03 §f              §8(This totals 2 types of materials stashed!)
05:47:03 §f                §3§l>>> §3§lCLICK HERE§b to pick them up! §3§l<<<
05:48:03 §f               §7You have §355,829 §7materials stashed away!
05:48:03 §f              §8(This totals 2 types of materials stashed!)
05:48:03 §f                §3§l>>> §3§lCLICK HERE§b to pick them up! §3§l<<<
05:49:04 §f               §7You have §345,653 §7materials stashed away!
05:49:04 §f              §8(This totals 2 types of materials stashed!)
05:49:04 §f                §3§l>>> §3§lCLICK HERE§b to pick them up! §3§l<<<
05:49:31 §f               §7You have §345,653 §7materials stashed away!
05:49:31 §f              §8(This totals 2 types of materials stashed!)
05:49:31 §f                §3§l>>> §3§lCLICK HERE§b to pick them up! §3§l<<<
05:50:31 §f               §7You have §349,987 §7materials stashed away!
05:50:31 §f              §8(This totals 2 types of materials stashed!)
05:50:31 §f                §3§l>>> §3§lCLICK HERE§b to pick them up! §3§l<<<
05:51:31 §f               §7You have §354,061 §7materials stashed away!
05:51:31 §f              §8(This totals 2 types of materials stashed!)
05:51:31 §f                §3§l>>> §3§lCLICK HERE§b to pick them up! §3§l<<<
05:52:44 §f               §7You have §361,717 §7materials stashed away!
05:52:44 §f              §8(This totals 2 types of materials stashed!)
05:52:44 §f                §3§l>>> §3§lCLICK HERE§b to pick them up! §3§l<<<
05:53:44 §f               §7You have §363,933 §7materials stashed away!
05:53:44 §f              §8(This totals 2 types of materials stashed!)
05:53:44 §f                §3§l>>> §3§lCLICK HERE§b to pick them up! §3§l<<<
05:54:45 §f               §7You have §350,648 §7materials stashed away!
05:54:45 §f              §8(This totals 2 types of materials stashed!)
05:54:45 §f                §3§l>>> §3§lCLICK HERE§b to pick them up! §3§l<<<
05:55:46 §f               §7You have §340,152 §7materials stashed away!
05:55:46 §f              §8(This totals 2 types of materials stashed!)
05:55:46 §f                §3§l>>> §3§lCLICK HERE§b to pick them up! §3§l<<<
05:56:47 §f               §7You have §326,943 §7materials stashed away!
05:56:47 §f               §8(This totals 1 type of material stashed!)
05:56:47 §f                §3§l>>> §3§lCLICK HERE§b to pick them up! §3§l<<<
05:57:48 §f               §7You have §313,567 §7materials stashed away!
05:57:48 §f               §8(This totals 1 type of material stashed!)
05:57:48 §f                §3§l>>> §3§lCLICK HERE§b to pick them up! §3§l<<<
05:58:48 §f                §7You have §32,111 §7materials stashed away!
05:58:48 §f               §8(This totals 1 type of material stashed!)
05:58:48 §f                §3§l>>> §3§lCLICK HERE§b to pick them up! §3§l<<<
05:59:35 §f                §7You have §31,215 §7materials stashed away!
05:59:35 §f               §8(This totals 1 type of material stashed!)
05:59:35 §f                §3§l>>> §3§lCLICK HERE§b to pick them up! §3§l<<<
