02:17:56 Trying to load config from config\skyhanni\config.json
02:17:56 load-config-now
02:17:57 Loaded config from file
02:17:57 Trying to load sacks from config\skyhanni\sacks.json
02:17:57 load-sacks-now
02:17:57 Loaded sacks from file
02:17:57 Trying to load friends from config\skyhanni\friends.json
02:17:57 load-friends-now
02:17:57 Loaded friends from file
02:17:57 Trying to load known_features from config\skyhanni\known_features.json
02:17:57 load-known_features-now
02:17:57 Loaded known_features from file
02:17:57 Trying to load jacob_contests from config\skyhanni\jacob_contests.json
02:17:57 Setting jacob_contests to be blank as it did not exist. It will be saved once something is written to it
02:17:57 Trying to load visual_words from config\skyhanni\visual_words.json
02:17:57 Setting visual_words to be blank as it did not exist. It will be saved once something is written to it
02:17:57 Trying to load pets from config\skyhanni\pets.json
02:17:57 load-pets-now
02:17:57 Loaded pets from file
02:17:57 Trying to load storage from config\skyhanni\storage.json
02:17:57 load-storage-now
02:17:57 Loaded storage from file
02:18:30 saveConfig: Updated known feature flags
02:18:30 Saving known_features file
02:18:30 Saved known_features file successfully
02:18:30 saveConfig: Updated known feature flags
02:18:30 Saving known_features file
02:18:30 Saved known_features file successfully
02:18:57 saveConfig: auto-save-60s
02:18:57 Saving config file
02:18:57 Saved config file successfully
02:18:57 saveConfig: auto-save-60s
02:18:57 Saving config file
02:18:57 Saved config file successfully
02:19:04 saveConfig: shutdown-hook
02:19:04 Saving config file
