21:11:07 §e[SkyHanni] Reloaded 7,560 items in the NEU repo
21:11:36 §e[SkyHanni] Looks like you updated SkyHanni.
21:11:36 §e[SkyHanni] Click here to configure the newly introduced options, or run /shdefaultoptions 4.11.0 4.12.0.
21:11:36 §e[SkyHanni] Click here to see the changelog.
21:11:52 §e[SkyHanni] §bNo Bits Available! §eClick to buy booster cookies on the bazaar.
21:11:52 §e[SkyHanni] You have gained §b355 §eBits.
21:19:00 §cHitman Rabbit! §d§lNEW §9§lRARE §9Orlando §7(§6+4 §7and §6+0.004x c/s!§7)
21:19:05 §cHitman Rabbit! §7Duplicate §aSeinfield §7(§6+§65.4M §6Chocolate§7)
21:19:05 §cHitman Rabbit! §d§lNEW §f§lCOMMON §fDuchess §7(§6+1 §7and §6+0.002x c/s!§7)
21:19:05 §cHitman Rabbit! §d§lNEW §f§lCOMMON §fBertha §7(§6+1 §7and §6+0.002x c/s!§7)
21:36:40 §e[SkyHanni] §eRemoved invalid Account Upgrade information.
21:41:29 §6§lBESTIARY §r§b§lMagma Cube §7§85 §8➡§b §b6
21:44:32 §6§lBESTIARY MILESTONE §888➡§e89
21:44:32 §6§lBESTIARY MILESTONE §888➡§e89
21:44:32 §6§lBESTIARY MILESTONE §888➡§e89
21:44:32 §6§lBESTIARY MILESTONE §888➡§e89
21:44:32 §6§lBESTIARY MILESTONE §888➡§e89
22:09:33 §6§lBESTIARY §r§b§lVanquisher §7§b1
22:11:08 §6§lBESTIARY §r§b§lFlaming Spider §7§b1
22:13:02 §6§lBESTIARY §r§b§lFlaming Spider §7§81 §8➡§b §b2
22:14:49 §6§lBESTIARY §r§b§lMagma Cube Rider §7§b1
22:17:03 §6§lBESTIARY §r§b§lFlaming Spider §7§82 §8➡§b §b3
22:18:57 §e[SkyHanni] §cYour Time Tower just expired and has 2 charges remaining. Click here to open the Chocolate Factory Menu.
