22:56:19 [allowed] §aYou are still radiating with §bGenerosity§r§a!
22:56:19 [allowed] §b[MVP§9+§b] washingmachine§f §6joined the lobby!
22:56:27 [allowed] §7[§7H§7U§7N§7] §7Glaglax§7§r§7: GO FUCK OFF
22:56:33 [allowed] §7[§7H§7U§7N§7] §7Glaglax§7§r§7: SAY MY NAME
22:56:33 [allowed] §7Sending to server mini31B...
22:56:34 [allowed] §2Guild > §r§ahimej0shi §r§ejoined.
22:56:35 [allowed] §eProfile ID: §r§a62b760d8-92b6-4501-ada0-1fd8583f5266
22:56:35 [allowed] §e§lCLICK THIS TO SUGGEST IT IN CHAT §7§l[DASHES]
22:56:35 [allowed] §e§lCLICK THIS TO SUGGEST IT IN CHAT §7§l[NO DASHES]
22:56:36 [allowed] §eLatest update: §bSkyBlock v0.23.2 §e§lCLICK
22:56:39 [allowed] §bNew day! §r§eYour §r§2Lottery §r§ebuff changed!
22:56:39 [allowed] §eNew buff§r§r§r: §r§fGain §r§a+50 §r§6☘ Mangrove Fortune§r§f.
22:56:40 [allowed] §bhimej0shi joined SkyBlock.
22:56:53 [allowed] §e[SkyHanni] You have gained §b357 §eBits.
22:57:01 [allowed]  §b§l» §ahimej0shi §eis traveling to §aPrivate Island §e§lFOLLOW
22:57:05 [allowed] §7Warping you to your SkyBlock island...
22:57:05 [allowed] §7Sending to server mini193CQ...
22:57:12 [allowed]  §b§l» §ahimej0shi §eis traveling to §aThe End §e§lFOLLOW
22:57:24 [allowed] §aYou summoned your §r§9Guardian§r§a!
22:58:13 [allowed] §eYou claimed the §r§eChronomatron §r§erewards!
22:58:13 [allowed]  §r§8+§r§312,500 Enchanting Exp
22:58:13 [allowed] §8 +§r§d1 Superpairs click
22:58:41 [allowed]  §b§l» §ahimej0shi §eis traveling to §aPrivate Island §e§lFOLLOW
22:58:45 [allowed]  §b§l» §ahimej0shi §eis traveling to §aThe End §e§lFOLLOW
22:58:58 [allowed] §eYou claimed the §r§6Ultrasequencer §r§erewards!
22:58:58 [allowed]  §r§8+§r§328,000 Enchanting Exp
22:58:58 [allowed] §8 +§r§d2 Superpairs clicks
22:59:32 [allowed] §eYou claimed the §r§eSuperpairs §r§erewards!
22:59:32 [allowed] §aYour §r§9Guardian §r§aleveled up to level §r§982§r§a!
22:59:32 [allowed] §8 +§r§3100k Enchanting Exp
22:59:32 [allowed] §aYour §r§9Guardian §r§aleveled up to level §r§983§r§a!
22:59:32 [allowed]  §r§8+§r§350k Enchanting Exp
22:59:32 [allowed]  §r§8+§r§390k Enchanting Exp
22:59:32 [allowed] §aYour §r§9Guardian §r§aleveled up to level §r§984§r§a!
22:59:32 [allowed] §3§l▬▬▬▬▬▬▬▬▬▬▬▬▬▬▬▬▬▬▬▬▬▬▬▬▬▬▬▬▬▬▬▬▬▬▬▬▬▬▬▬▬▬▬▬▬▬▬▬▬▬▬▬▬▬▬▬▬▬▬▬▬▬▬▬
22:59:32 [allowed]   §r§b§lSKILL LEVEL UP §3Enchanting §827➜§328
22:59:32 [allowed]   §r§a§lREWARDS
22:59:32 [allowed]    §r§eConjurer 28
22:59:32 [allowed]    §r  §7§fGain §8135➜§a140%§f more experience orbs from any source.
22:59:32 [allowed]    §r§7§8+§a0.5% §c๑ Ability Damage
22:59:32 [allowed]    §r§7§8+§a2 §b✎ Intelligence
22:59:32 [allowed]    §r§7§a§d§lHabanero Tactics Enchantment
22:59:32 [allowed]    §r§7§aTitan Killer Enchantment
22:59:32 [allowed]    §r§7§a§d§lDuplex Enchantment
22:59:32 [allowed]    §r§7§8+§6300,000 §7Coins
22:59:32 [allowed]    §r§7§8+§b20 SkyBlock XP
22:59:32 [allowed] §3§l▬▬▬▬▬▬▬▬▬▬▬▬▬▬▬▬▬▬▬▬▬▬▬▬▬▬▬▬▬▬▬▬▬▬▬▬▬▬▬▬▬▬▬▬▬▬▬▬▬▬▬▬▬▬▬▬▬▬▬▬▬▬▬▬
22:59:32 [allowed]  §r§8+§r§385k Enchanting Exp
22:59:35 [allowed]  §b§l» §ahimej0shi §eis traveling to §aPrivate Island §e§lFOLLOW
22:59:36 [allowed] §aYou summoned your §r§6Enderman§r§a!
22:59:40 [allowed]  §b§l» §ahimej0shi §eis traveling to §aSpider's Den §e§lFOLLOW
22:59:41 [allowed] §7Warping...
22:59:41 [allowed] §7Sending to server mini78CS...
22:59:46 [allowed] §8[§r§3276§r§8] §r§6§lᛝ §r§a[VIP§6+§a] xlDestinyyylx§f§r§f: crimson heml is never better for damage than warden
22:59:48 [allowed] §7Sending to server mini10A...
22:59:57 [allowed] §7Sending to server mini1DP...
23:00:02 [allowed]  §b§l» §ahimej0shi §eis traveling to §aThe End §e§lFOLLOW
23:00:05 [allowed] §7Sending to server mini155CT...
23:00:06 [allowed] §bhimej0shi joined SkyBlock.
23:00:09 [allowed] §7Warping using transfer token...
23:00:09 [allowed] §7Sending to server mini67DE...
23:00:27 [allowed] §a§l+5 Kill Combo §r§b+3% §r§b✯ Magic Find
23:00:32 [allowed] §cThere are blocks in the way!
23:00:36 [allowed] §a§l+10 Kill Combo §r§8+§r§610 §r§7coins per kill
23:00:38 [allowed] §cThere are blocks in the way!
23:00:43 [allowed] §cThere are blocks in the way!
23:00:43 [allowed] §9§l+15 Kill Combo §r§b+3% §r§b✯ Magic Find
23:00:52 [allowed] §5§l+20 Kill Combo §r§8§r§3+15☯ Combat Wisdom
23:00:56 [allowed] §cThere are blocks in the way!
23:01:00 [allowed] §cYour Kill Combo has expired! You reached a 23 Kill Combo!
23:01:08 [allowed] §cThere are blocks in the way!
23:01:15 [allowed] §cThere are blocks in the way!
23:01:15 [allowed] §a§l+5 Kill Combo §r§b+3% §r§b✯ Magic Find
23:01:20 [allowed] §cThere are blocks in the way!
23:01:22 [allowed] §a§l+10 Kill Combo §r§8+§r§610 §r§7coins per kill
23:01:27 [allowed] §cThere are blocks in the way!
23:01:29 [allowed] §9§l+15 Kill Combo §r§b+3% §r§b✯ Magic Find
23:01:31 [allowed] §cThere are blocks in the way!
23:01:35 [allowed] §5§l+20 Kill Combo §r§8§r§3+15☯ Combat Wisdom
23:01:36 [allowed] §cThere are blocks in the way!
23:01:40 [allowed] §4[WATCHDOG ANNOUNCEMENT]
23:01:40 [allowed] Watchdog has banned §r§c§l8,392§r§f players in the last 7 days.
23:01:40 [allowed] Staff have banned an additional §r§c§l9,113§r§f in the last 7 days.
23:01:40 [allowed] §cBlacklisted modifications are a bannable offense!
23:01:42 [allowed] §cYour Kill Combo has expired! You reached a 23 Kill Combo!
23:01:42 [allowed] §cThere are blocks in the way!
23:01:48 [allowed] §a§l+5 Kill Combo §r§b+3% §r§b✯ Magic Find
23:01:52 [allowed] §cThere are blocks in the way!
23:01:57 [allowed] §a§l+10 Kill Combo §r§8+§r§610 §r§7coins per kill
23:01:59 [allowed] §cThere are blocks in the way!
23:02:06 [allowed] §9§l+15 Kill Combo §r§b+3% §r§b✯ Magic Find
23:02:09 [allowed] §c§lYou feel a tremor from beneath the earth!
23:02:12 [allowed] §5§lCHARM§7 You charmed a §aBruiser§7 and captured its §9Shard§7.
23:02:12 [allowed] §cThere are blocks in the way!
23:02:14 [allowed] §5§l+20 Kill Combo §r§8§r§3+15☯ Combat Wisdom
23:02:20 [allowed] §cYour Kill Combo has expired! You reached a 23 Kill Combo!
23:02:21 [allowed] §cThere are blocks in the way!
23:02:27 [allowed] §a§l+5 Kill Combo §r§b+3% §r§b✯ Magic Find
23:02:28 [allowed] §cThere are blocks in the way!
23:02:34 [allowed] §a§l+10 Kill Combo §r§8+§r§610 §r§7coins per kill
23:02:42 [allowed] §cThere are blocks in the way!
23:02:44 [allowed] §9§l+15 Kill Combo §r§b+3% §r§b✯ Magic Find
23:02:50 [allowed] §cThere are blocks in the way!
23:02:53 [allowed] §5§l+20 Kill Combo §r§8§r§3+15☯ Combat Wisdom
23:02:56 [allowed] §cYour Kill Combo has expired! You reached a 20 Kill Combo!
23:02:56 [allowed] §cThere are blocks in the way!
23:03:00 [allowed] §a§l+5 Kill Combo §r§b+3% §r§b✯ Magic Find
23:03:02 [allowed] §cThere are blocks in the way!
23:03:09 [allowed] §cThere are blocks in the way!
23:03:10 [allowed] §a§l+10 Kill Combo §r§8+§r§610 §r§7coins per kill
23:03:14 [allowed] §cThere are blocks in the way!
23:03:16 [allowed] §9§l+15 Kill Combo §r§b+3% §r§b✯ Magic Find
23:03:24 [allowed] §5§l+20 Kill Combo §r§8§r§3+15☯ Combat Wisdom
23:03:32 [allowed] §cThere are blocks in the way!
23:03:33 [allowed] §5§l+25 Kill Combo §r§b+3% §r§b✯ Magic Find
23:03:36 [allowed] §cYour Kill Combo has expired! You reached a 26 Kill Combo!
23:03:42 [allowed] §cThere are blocks in the way!
23:03:46 [allowed] §a§l+5 Kill Combo §r§b+3% §r§b✯ Magic Find
23:03:54 [allowed] §a§l+10 Kill Combo §r§8+§r§610 §r§7coins per kill
23:03:57 [allowed] §cThere are blocks in the way!
23:04:00 [allowed] §9§l+15 Kill Combo §r§b+3% §r§b✯ Magic Find
23:04:05 [allowed] §cYour Kill Combo has expired! You reached a 16 Kill Combo!
23:04:08 [allowed] §cThere are blocks in the way!
23:04:12 [allowed] §cThere are blocks in the way!
23:04:14 [allowed] §a§l+5 Kill Combo §r§b+3% §r§b✯ Magic Find
23:04:18 [allowed] §cThere are blocks in the way!
23:04:27 [allowed] §a§l+10 Kill Combo §r§8+§r§610 §r§7coins per kill
23:04:31 [allowed] §cThere are blocks in the way!
23:04:31 [allowed] §cYour Kill Combo has expired! You reached a 10 Kill Combo!
23:04:33 [allowed] §6§lRARE DROP! §r§5Crystal Fragment
23:04:43 [allowed] §a§l+5 Kill Combo §r§b+3% §r§b✯ Magic Find
23:04:50 [allowed] §cThere are blocks in the way!
23:04:51 [allowed] §cYour Kill Combo has expired! You reached a 7 Kill Combo!
23:04:55 [allowed] §cThere are blocks in the way!
23:05:06 [allowed] §a§l+5 Kill Combo §r§b+3% §r§b✯ Magic Find
23:05:06 [allowed] §cGod Potion expires in §r§e60s§r§c
23:05:07 [allowed] §cThere are blocks in the way!
23:05:15 [allowed] §cThere are blocks in the way!
23:05:17 [allowed] §a§l+10 Kill Combo §r§8+§r§610 §r§7coins per kill
23:05:21 [allowed] §cThere are blocks in the way!
23:05:23 [allowed] §9§l+15 Kill Combo §r§b+3% §r§b✯ Magic Find
23:05:28 [allowed] §5§l+20 Kill Combo §r§8§r§3+15☯ Combat Wisdom
23:05:31 [allowed] §cYour Kill Combo has expired! You reached a 20 Kill Combo!
23:05:33 [allowed] §cThere are blocks in the way!
23:05:35 [allowed] §cThere are blocks in the way!
23:05:38 [allowed] §a§l+5 Kill Combo §r§b+3% §r§b✯ Magic Find
23:05:44 [allowed] §cThere are blocks in the way!
23:05:46 [allowed] §a§l+10 Kill Combo §r§8+§r§610 §r§7coins per kill
23:05:50 [allowed] §cThere are blocks in the way!
23:05:52 [allowed] §9§l+15 Kill Combo §r§b+3% §r§b✯ Magic Find
23:05:56 [allowed] §cThere are blocks in the way!
23:05:56 [allowed] §cGod Potion expires in §r§e10s§r§c
23:06:01 [allowed] §cGod Potion expires in §r§e5s§r§c
23:06:02 [allowed] §cGod Potion expires in §r§e4s§r§c
23:06:03 [allowed] §cGod Potion expires in §r§e3s§r§c
23:06:03 [allowed] §5§l+20 Kill Combo §r§8§r§3+15☯ Combat Wisdom
23:06:04 [allowed] §cGod Potion expires in §r§e2s§r§c
23:06:05 [allowed] §cThere are blocks in the way!
23:06:05 [allowed] §cGod Potion expires in §r§e1s§r§c
23:06:06 [allowed] §cGod Potion has expired!
23:06:08 [allowed] §cThere are blocks in the way!
23:06:13 [allowed] §cYour Kill Combo has expired! You reached a 23 Kill Combo!
23:06:17 [allowed] §6§lRARE DROP! §r§aEnchanted End Stone
23:06:26 [allowed] §a§l+5 Kill Combo §r§b+3% §r§b✯ Magic Find
23:06:27 [allowed] §cThere are blocks in the way!
23:06:32 [allowed] §cThere are blocks in the way!
23:06:33 [allowed] §6§lRARE DROP! §r§aEnchanted End Stone
23:06:39 [allowed] §cThere are blocks in the way!
23:06:41 [allowed] §a§l+10 Kill Combo §r§8+§r§610 §r§7coins per kill
23:06:46 [allowed] §cThere are blocks in the way!
23:06:49 [allowed] §9§l+15 Kill Combo §r§b+3% §r§b✯ Magic Find
23:06:51 [allowed] §cThere are blocks in the way!
23:06:55 [allowed] §cThere are blocks in the way!
23:06:56 [allowed] §cYour Kill Combo has expired! You reached a 17 Kill Combo!
23:07:01 [allowed] §cThere are blocks in the way!
23:07:07 [allowed] §a§l+5 Kill Combo §r§b+3% §r§b✯ Magic Find
23:07:07 [allowed] §6§lRARE DROP! §r§aEnchanted Eye of Ender
23:07:19 [allowed] §a§l+10 Kill Combo §r§8+§r§610 §r§7coins per kill
23:07:21 [allowed] §6§lRARE DROP! §r§aEnchanted Ender Pearl
23:07:29 [allowed] §9§l+15 Kill Combo §r§b+3% §r§b✯ Magic Find
23:07:38 [allowed] §cYour Kill Combo has expired! You reached a 18 Kill Combo!
23:07:40 [allowed] §cThere are blocks in the way!
23:07:46 [allowed] §cThere are blocks in the way!
23:07:48 [allowed] §c ☠ §r§7You were killed by Zealot Bruiser§r§7§r§7.
23:08:22 [allowed] §a§l+5 Kill Combo §r§b+3% §r§b✯ Magic Find
23:08:31 [allowed] §a§l+10 Kill Combo §r§8+§r§610 §r§7coins per kill
23:08:37 [allowed] §cThere are blocks in the way!
23:08:46 [allowed] §9§l+15 Kill Combo §r§b+3% §r§b✯ Magic Find
23:08:46 [allowed] §5§lCHARM§7 You charmed a §aBruiser§7 and captured its §9Shard§7.
23:08:52 [allowed] §cThere are blocks in the way!
23:08:59 [allowed] §cYour Kill Combo has expired! You reached a 19 Kill Combo!
23:09:03 [allowed] §cThere are blocks in the way!
23:09:09 [allowed] §a§l+5 Kill Combo §r§b+3% §r§b✯ Magic Find
23:09:15 [allowed] §cThere are blocks in the way!
23:09:18 [allowed] §a§l+10 Kill Combo §r§8+§r§610 §r§7coins per kill
23:09:22 [allowed] §cThere are blocks in the way!
23:09:30 [allowed] §9§l+15 Kill Combo §r§b+3% §r§b✯ Magic Find
23:09:34 [allowed] §cYour Kill Combo has expired! You reached a 15 Kill Combo!
23:09:43 [allowed] §cThere are blocks in the way!
23:09:45 [allowed] §a§l+5 Kill Combo §r§b+3% §r§b✯ Magic Find
23:09:49 [allowed] §c§lThe ground begins to shake as an Endstone Protector rises from below!
23:09:55 [allowed] §cThere are blocks in the way!
23:09:56 [allowed] §a§l+10 Kill Combo §r§8+§r§610 §r§7coins per kill
23:10:01 [allowed] §6§lRARE DROP! §r§aEnchanted Obsidian
23:10:07 [allowed] §9§l+15 Kill Combo §r§b+3% §r§b✯ Magic Find
23:10:07 [allowed] §cThere are blocks in the way!
23:10:09 [allowed] §c§lBEWARE - An Endstone Protector has risen!
23:10:12 [allowed] §cThere are blocks in the way!
23:10:15 [allowed] §5§l+20 Kill Combo §r§8§r§3+15☯ Combat Wisdom
23:10:18 [allowed] §cThere are blocks in the way!
23:10:19 [allowed] §cYour Kill Combo has expired! You reached a 21 Kill Combo!
23:10:28 [allowed] §a§l+5 Kill Combo §r§b+3% §r§b✯ Magic Find
23:10:32 [allowed] §cThere are blocks in the way!
23:10:42 [allowed] §a§l+10 Kill Combo §r§8+§r§610 §r§7coins per kill
23:10:44 [allowed] §cThere are blocks in the way!
23:10:55 [allowed] §9§l+15 Kill Combo §r§b+3% §r§b✯ Magic Find
23:11:02 [allowed] §cThere are blocks in the way!
23:11:09 [allowed] §e§lLOOT SHARE §r§r§r§fYou received loot for assisting §r§bBenZyler§r§f!
23:11:11 [allowed] §5§l+20 Kill Combo §r§8§r§3+15☯ Combat Wisdom
23:11:12 [allowed] §cThere are blocks in the way!
23:11:14 [allowed] §cYour Kill Combo has expired! You reached a 20 Kill Combo!
23:11:19 [allowed] §c ☠ §r§7You were killed by Zealot Bruiser§r§7§r§7.
23:11:34 [allowed] §a§l▬▬▬▬▬▬▬▬▬▬▬▬▬▬▬▬▬▬▬▬▬▬▬▬▬▬▬▬▬▬▬▬▬▬▬▬▬▬▬▬▬▬▬▬▬▬▬▬▬▬▬▬▬▬▬▬▬▬▬▬▬▬▬▬
23:11:34 [allowed]                     §r§6§lENDSTONE PROTECTOR DOWN!
23:11:34 [allowed]                 §r§b[MVP§r§9+§r§b] MrSanddman§r§f §r§7dealt the final blow.
23:11:34 [allowed]           §r§e§l1st Damager §r§7- §r§b[MVP§r§9+§r§b] MrSanddman§r§f §r§7- §r§e3,622,446
23:11:34 [allowed]               §r§6§l2nd Damager §r§7- §r§a[VIP] GemPixel§r§f §r§7- §r§e664,720
23:11:34 [allowed]          §r§c§l3rd Damager §r§7- §r§a[VIP§r§6+§r§a] eusoulegal830§r§f §r§7- §r§e249,467
23:11:34 [allowed]                       §r§eYour Damage: §r§a0 §r§7(Position #16)
23:11:34 [allowed]                       §r§eZealots Contributed: §r§a279§r§e/100
23:11:34 [allowed] §a§l▬▬▬▬▬▬▬▬▬▬▬▬▬▬▬▬▬▬▬▬▬▬▬▬▬▬▬▬▬▬▬▬▬▬▬▬▬▬▬▬▬▬▬▬▬▬▬▬▬▬▬▬▬▬▬▬▬▬▬▬▬▬▬▬
23:11:37 [allowed] §6§lRARE DROP! §r§aEnchanted Ender Pearl
23:11:54 [allowed] §cThere are blocks in the way!
23:11:56 [allowed] §a§l+5 Kill Combo §r§b+3% §r§b✯ Magic Find
23:12:11 [allowed] §cYour Kill Combo has expired! You reached a 9 Kill Combo!
23:12:17 [allowed] §cThere are blocks in the way!
23:12:32 [allowed] §7You sent §aan §6Endstone Protector Shard §7to your §aHunting Box§7.
23:12:41 [allowed] §cThere are blocks in the way!
23:12:44 [allowed] §7Warping you to your SkyBlock island...
23:12:45 [allowed] §7Sending to server mini253P...
23:12:49 [allowed]  §b§l» §ahimej0shi §eis traveling to §aPrivate Island §e§lFOLLOW
23:12:56 [allowed] §7Warping...
23:12:56 [allowed] §7Sending to server mini1015Q...
23:13:01 [allowed]  §b§l» §ahimej0shi §eis traveling to §aThe End §e§lFOLLOW
23:13:03 [allowed] §7Warping you to your SkyBlock island...
23:13:03 [allowed] §7Sending to server mini253P...
23:13:08 [allowed]  §b§l» §ahimej0shi §eis traveling to §aSpider's Den §e§lFOLLOW
23:13:14 [allowed]  §b§l» §ahimej0shi §eis traveling to §aThe End §e§lFOLLOW
23:13:18 [allowed] §bhimej0shi joined SkyBlock.
23:13:21 [allowed]  §b§l» §ahimej0shi §eis traveling to §aSpider's Den §e§lFOLLOW
23:13:22 [allowed] §cYou don't have enough items to craft that tier! You need §r§68 §r§cmore. §r§7(0/8)
23:13:24 [allowed] §cYou don't have enough items to craft that tier! You need §r§6512 §r§cmore. §r§7(0/512)
23:13:27 [allowed]  §b§l» §ahimej0shi §eis traveling to §aThe End §e§lFOLLOW
23:13:33 [allowed]  §b§l» §ahimej0shi §eis traveling to §aSpider's Den §e§lFOLLOW
23:13:40 [allowed]  §b§l» §ahimej0shi §eis traveling to §aThe End §e§lFOLLOW
23:13:43 [allowed] §aYou have upgraded your Minion to Tier IV
23:13:47 [allowed]  §b§l» §ahimej0shi §eis traveling to §aSpider's Den §e§lFOLLOW
23:13:52 [allowed]  §b§l» §ahimej0shi §eis traveling to §aThe End §e§lFOLLOW
23:14:00 [allowed] §aYou have upgraded your Minion to Tier V
23:14:01 [allowed]  §b§l» §ahimej0shi §eis traveling to §aSpider's Den §e§lFOLLOW
23:14:06 [allowed]  §b§l» §ahimej0shi §eis traveling to §aThe End §e§lFOLLOW
23:14:14 [allowed] §aYou have upgraded your Minion to Tier V
23:14:18 [allowed]  §b§l» §ahimej0shi §eis traveling to §aPrivate Island §e§lFOLLOW
23:14:29 [allowed] §7Warping...
23:14:29 [allowed] §7Sending to server mini266N...
23:14:32 [allowed]  §b§l» §ahimej0shi §eis traveling to §aHub §e§lFOLLOW
23:14:36 [allowed] §bhimej0shi joined SkyBlock.
23:14:39 [allowed] §aYou bought §r§cGod Potion§r§a!
23:14:41 [allowed] §a§lSIP! §r§eThe §r§cGod Potion §r§egrants you powers for §r§914h 9m§r§e!
23:14:43 [allowed] §7Warping...
23:14:43 [allowed] §7Sending to server mini38T...
23:14:50 [allowed] §7Sending to server mini13BJ...
23:14:53 [allowed]  §b§l» §ahimej0shi §eis traveling to §aSpider's Den §e§lFOLLOW
23:14:56 [allowed] §7Sending to server mini73AM...
23:14:57 [allowed] §bhimej0shi joined SkyBlock.
23:15:07 [allowed] §7Sending to server mini201J...
23:15:09 [allowed]  §b§l» §ahimej0shi §eis traveling to §aThe End §e§lFOLLOW
23:15:13 [allowed] §7Sending to server mini15BN...
23:15:21 [allowed] §7Warping using transfer token...
23:15:21 [allowed] §7Sending to server mini73AM...
23:15:28 [allowed] §8[§r§f52§r§8] §r§7justjumpFrr§7§r§7: im so mad
23:15:36 [allowed] §8[§r§f52§r§8] §r§7justjumpFrr§7§r§7: i dropped my sword by accident
23:15:51 [allowed] §cThere are blocks in the way!
23:15:52 [allowed] §a§l+5 Kill Combo §r§b+3% §r§b✯ Magic Find
23:15:54 [allowed] §e§lLOOT SHARE §r§r§r§fYou received loot for assisting §r§aWhypster§r§f!
23:15:55 [allowed] §cThere are blocks in the way!
23:16:02 [allowed] §cThere are blocks in the way!
23:16:03 [allowed] §a§l+10 Kill Combo §r§8+§r§610 §r§7coins per kill
23:16:08 [allowed] §cYour Kill Combo has expired! You reached a 10 Kill Combo!
23:16:17 [allowed] §7Warping you to your SkyBlock island...
23:16:17 [allowed] §7Sending to server mini181T...
23:16:23 [allowed] §7Warping...
23:16:23 [allowed] §7Sending to server mini73AM...
23:16:33 [allowed] §7Sending to server mini19T...
23:16:48 [allowed] §7Sending to server mini73AM...
23:16:55 [allowed] §7Sending to server mini99AS...
23:16:57 [allowed]  §b§l» §ahimej0shi §eis traveling to §aSpider's Den §e§lFOLLOW
23:16:59 [allowed] §e[SkyHanni] The Broodmother was killed!
23:17:02 [allowed]  §b§l» §ahimej0shi §eis traveling to §aThe End §e§lFOLLOW
23:17:03 [allowed] §7Sending to server mini99AB...
23:17:12 [allowed]  §b§l» §ahimej0shi §eis traveling to §aSpider's Den §e§lFOLLOW
23:17:16 [allowed] §cThere are blocks in the way!
23:17:16 [allowed] §cThere are blocks in the way!
23:17:18 [allowed]  §b§l» §ahimej0shi §eis traveling to §aThe End §e§lFOLLOW
23:17:23 [allowed] §7Sending to server mini99AS...
23:17:32 [allowed] §7Sending to server mini63CR...
23:17:45 [allowed] §8[§r§3258§r§8] §r§7❤ §r§b[MVP§9+§b] oddfairy§f§r§f: wtf is ur luck rn
23:17:49 [allowed] §cThere are blocks in the way!
23:17:55 [allowed] §a§l+5 Kill Combo §r§b+3% §r§b✯ Magic Find
23:17:57 [allowed] §cYou need to kill Voidgloom Seraph III §r§cto damage this!
23:17:57 [allowed] §eVisit Maddox in the Hub's tavern to complete Slayer quests!
23:18:03 [allowed] §cThere are blocks in the way!
23:18:04 [allowed] §a§l+10 Kill Combo §r§8+§r§610 §r§7coins per kill
23:18:08 [allowed] §7Warping you to your SkyBlock island...
23:18:09 [allowed] §7Sending to server mini1023S...
23:18:12 [allowed] §7Warping...
23:18:12 [allowed] §7Sending to server mini100DW...
23:18:23 [allowed] §7Sending to server mini154BU...
23:18:31 [allowed] §7Sending to server mini27BV...
23:18:42 [allowed] §8[§r§6401§r§8] §r§7ф §r§a[VIP] Blaziation§f§r§f: [Skyblocker] Slayer has been killed in 26.06s! PERSONAL BEST!
23:18:53 [allowed] §cThere are blocks in the way!
23:18:59 [allowed] §cThere are blocks in the way!
23:19:00 [allowed] §a§l+5 Kill Combo §r§b+3% §r§b✯ Magic Find
23:19:03 [allowed] §8[§r§a123§r§8] §r§7panuv§7§r§7: blaziation can u get into party for a sec? pleaseee
23:19:09 [allowed] §cYour Kill Combo has expired! You reached a 7 Kill Combo!
23:19:11 [allowed] §8[§r§6401§r§8] §r§7ф §r§a[VIP] Blaziation§f§r§f: what why
23:19:16 [allowed] §8[§r§a123§r§8] §r§7panuv§7§r§7: i have a question
23:19:19 [allowed] §9§m-----------------------------------------------------§r
§r§a[VIP§r§6+§r§a] himej0shi §r§ehas invited you to join their party!
§r§eYou have §r§c60 §r§eseconds to accept. §r§6Click here to join!§r
§r§9§m-----------------------------------------------------
23:19:21 [allowed] §9§m-----------------------------------------------------
23:19:21 [allowed] §eYou have joined §r§a[VIP§r§6+§r§a] himej0shi's §r§eparty!
23:19:21 [allowed] §9§m-----------------------------------------------------
23:19:22 [allowed] §9§m-----------------------------
23:19:22 [allowed] §eParty Leader, §r§a[VIP§r§6+§r§a] himej0shi§r§e, summoned you to their server.
23:19:22 [allowed] §9§m-----------------------------
23:19:22 [allowed] §7Sending to server mini100DW...
23:19:48 [allowed] §cThere are blocks in the way!
23:20:09 [allowed] §a§l+5 Kill Combo §r§b+3% §r§b✯ Magic Find
23:20:12 [allowed] §cThere are blocks in the way!
23:20:23 [allowed] §cYour Kill Combo has expired! You reached a 8 Kill Combo!
23:20:37 [allowed] §cThere are blocks in the way!
23:20:42 [allowed] §cThere are blocks in the way!
23:20:52 [allowed] §a§l+5 Kill Combo §r§b+3% §r§b✯ Magic Find
23:20:52 [allowed] §cThere are blocks in the way!
23:20:55 [allowed] §6§lRARE DROP! §r§aEnchanted End Stone
23:20:59 [allowed] §cThere are blocks in the way!
23:21:00 [allowed] §a§l+10 Kill Combo §r§8+§r§610 §r§7coins per kill
23:21:09 [allowed] §9§l+15 Kill Combo §r§b+3% §r§b✯ Magic Find
23:21:13 [allowed] §cThere are blocks in the way!
23:21:17 [allowed] §cYour Kill Combo has expired! You reached a 17 Kill Combo!
23:21:19 [allowed] §cThere are blocks in the way!
23:21:24 [allowed] §cThere are blocks in the way!
23:21:31 [allowed] §7Warping you to your SkyBlock island...
23:21:31 [allowed] §7Sending to server mini191F...
23:21:39 [allowed] §8Depositing coins...
23:21:39 [allowed] §aDeposited §r§6602.2k coins§r§a! There's now §r§63.7M coins §r§ain the account!
23:21:44 [allowed] §7Warping...
23:21:44 [allowed] §7Sending to server mini26G...
23:21:49 [allowed]  §9§l» §ahimej0shi §eis traveling to §aThe End §e§lFOLLOW
23:21:50 [allowed] §5☬ §r§dThe Dragon Egg has spawned!
23:21:51 [allowed] §5☬ §r§b__Philipp____ §r§dplaced a Summoning Eye! §r§7(§r§e1§r§7/§r§a8§r§7)
23:21:52 [allowed] §5☬ §r§b__Philipp____ §r§dplaced a Summoning Eye! §r§7(§r§e2§r§7/§r§a8§r§7)
23:21:53 [allowed] §5☬ §r§b__Philipp____ §r§dplaced a Summoning Eye! §r§7(§r§e3§r§7/§r§a8§r§7)
23:21:53 [allowed] §5☬ §r§b__Philipp____ §r§dplaced a Summoning Eye! §r§7(§r§e4§r§7/§r§a8§r§7)
23:21:57 [allowed] §5☬ §r§b__Philipp____ §r§dplaced a Summoning Eye! §r§7(§r§e5§r§7/§r§a8§r§7)
23:21:57 [allowed] §c§lSACRIFICE! §r§7EntityGamerYT§r§7 §r§eturned §r§5Ender Necklace §r§einto §r§d3 Dragon Essence§r§e!
23:21:57 [allowed] §c§lBONUS LOOT! §r§eThey also received §r§83x §r§aEnchanted Ender Pearl §r§efrom their sacrifice!
23:21:58 [allowed] §5☬ §r§b__Philipp____ §r§dplaced a Summoning Eye! §r§7(§r§e6§r§7/§r§a8§r§7)
23:21:59 [allowed] §5☬ §r§b__Philipp____ §r§dplaced a Summoning Eye! §r§7(§r§e7§r§7/§r§a8§r§7)
23:21:59 [allowed] §5☬ §r§b__Philipp____ §r§dplaced a Summoning Eye! Brace yourselves! §r§7(§r§a8§r§7/§r§a8§r§7)
23:22:00 [allowed] §cThere are blocks in the way!
23:22:09 [allowed] §5☬ §r§d§lThe §r§c§lYoung Dragon§r§d§l has spawned!
23:22:16 [allowed] §5☬ §r§7EntityGamerYT §r§ddestroyed an §r§5Ender Crystal§r§d!
23:22:18 [allowed] §5☬ §r§amottosenpoika §r§ddestroyed an §r§5Ender Crystal§r§d!
23:22:21 [allowed] §5☬ §r§azBxlly_FNA §r§ddestroyed an §r§5Ender Crystal§r§d!
23:22:22 [allowed] §5☬ §r§amottosenpoika §r§ddestroyed an §r§5Ender Crystal§r§d!
23:22:24 [allowed] §5☬ §r§amottosenpoika §r§ddestroyed an §r§5Ender Crystal§r§d!
23:22:25 [allowed] §a§l▬▬▬▬▬▬▬▬▬▬▬▬▬▬▬▬▬▬▬▬▬▬▬▬▬▬▬▬▬▬▬▬▬▬▬▬▬▬▬▬▬▬▬▬▬▬▬▬▬▬▬▬▬▬▬▬▬▬▬▬▬▬▬▬
23:22:25 [allowed]                           §r§6§lYOUNG DRAGON DOWN!
23:22:25 [allowed]                    §r§a[VIP] nickn0ck§r§f §r§7dealt the final blow.
23:22:25 [allowed]            §r§e§l1st Damager §r§7- §r§a[VIP§r§6+§r§a] zBxlly_FNA§r§f §r§7- §r§e3,443,976
23:22:25 [allowed]              §r§6§l2nd Damager §r§7- §r§a[VIP] nickn0ck§r§f §r§7- §r§e2,413,791
23:22:25 [allowed]           §r§c§l3rd Damager §r§7- §r§b[MVP§r§4+§r§b] Robby_Jr_§r§f §r§7- §r§e1,997,429
23:22:25 [allowed]                       §r§eYour Damage: §r§a0 §r§7(Position #22)
23:22:25 [allowed] §a§l▬▬▬▬▬▬▬▬▬▬▬▬▬▬▬▬▬▬▬▬▬▬▬▬▬▬▬▬▬▬▬▬▬▬▬▬▬▬▬▬▬▬▬▬▬▬▬▬▬▬▬▬▬▬▬▬▬▬▬▬▬▬▬▬
23:22:31 [allowed] §8[§r§5368§r§8] §r§7Σ §r§b[MVP§2+§b] Moggusy§f§r§f: bro what is this
23:22:32 [allowed] §7Warping you to your SkyBlock island...
23:22:33 [allowed] §7Sending to server mini99CE...
23:22:33 [allowed] §8[§r§5367§r§8] §r§6〣 §r§b[MVP§c+§b] __Philipp____§f§r§f: bro wtf
23:22:49 [allowed] §7Warping...
23:22:49 [allowed] §7Sending to server mini26G...
23:22:59 [allowed] §7Sending to server mini62CT...
23:23:02 [allowed] §4☄ §r§7OreOYTT §r§eplaced an §r§9Arachne's Calling§r§e! (§r§a3§r§e/§r§a4§r§e)
23:23:04 [allowed] §4☄ §r§7OreOYTT §r§eplaced an §r§9Arachne's Calling§r§e! Something is awakening! §r§e(§r§a4§r§e/§r§a4§r§e)
23:23:07 [allowed] §7Sending to server mini26G...
23:23:15 [allowed] §7Sending to server mini10A...
23:23:15 [allowed] §4☄ §r§7lemaxem25O §r§eplaced an §r§9Arachne's Calling§r§e! (§r§a1§r§e/§r§a4§r§e)
23:23:17 [allowed] §e[SkyHanni] The Broodmother was killed!
23:23:17 [allowed] §4☄ §r§7lemaxem25O §r§eplaced an §r§9Arachne's Calling§r§e! (§r§a2§r§e/§r§a4§r§e)
23:23:17 [allowed] §e[SkyHanni] The Broodmother was killed!
23:23:23 [allowed] §7Sending to server mini26G...
23:23:26 [allowed] §5☬ §r§dThe Dragon Egg has spawned!
23:23:31 [allowed] §7Sending to server mini10A...
23:23:34 [allowed] §e[SkyHanni] The Broodmother was killed!
23:23:34 [allowed] §8[§r§b231§r§8] §r§6§lᛝ §r§a[VIP] LifeandDeath11§f§r§f: why cant i put me meter on wasp or do i need lvl 8 for that
23:23:40 [allowed] §7Sending to server mini73AM...
23:23:58 [allowed] §cThere are blocks in the way!
23:24:02 [allowed] §cThere are blocks in the way!
23:24:09 [allowed] §cThere are blocks in the way!
23:24:28 [allowed] §6You used Syphon on §r§aBruiser Shard§r§6!
23:24:28 [allowed] §a+1 Ender Ruler Attribute §r§7(Level 7) - 7 more to upgrade!
23:24:28 [allowed] §6You used Syphon on §r§aBruiser Shard§r§6!
23:24:28 [allowed] §a+1 Ender Ruler Attribute §r§7(Level 7) - 6 more to upgrade!
23:24:28 [allowed] §6You used Syphon on §r§aBruiser Shard§r§6!
23:24:28 [allowed] §a+1 Ender Ruler Attribute §r§7(Level 7) - 5 more to upgrade!
23:24:29 [allowed] §6You used Syphon on §r§aBruiser Shard§r§6!
23:24:29 [allowed] §a+1 Ender Ruler Attribute §r§7(Level 7) - 4 more to upgrade!
23:24:29 [allowed] §6You used Syphon on §r§aBruiser Shard§r§6!
23:24:29 [allowed] §a+1 Ender Ruler Attribute §r§7(Level 7) - 3 more to upgrade!
23:24:29 [allowed] §6You used Syphon on §r§aBruiser Shard§r§6!
23:24:29 [allowed] §a+1 Ender Ruler Attribute §r§7(Level 7) - 2 more to upgrade!
23:24:30 [allowed] §6You used Syphon on §r§aBruiser Shard§r§6!
23:24:30 [allowed] §a+1 Ender Ruler Attribute §r§7(Level 7) - 1 more to upgrade!
23:24:30 [allowed] §6You used Syphon on §r§aBruiser Shard§r§6!
23:24:30 [allowed] §a+1 Ender Ruler Attribute §r§7(Level 8) - 12 more to upgrade!
23:24:30 [allowed] §3§l▬▬▬▬▬▬▬▬▬▬▬▬▬▬▬▬▬▬▬▬▬▬▬▬▬▬▬▬▬▬▬▬▬▬▬▬▬▬▬▬▬▬▬▬▬▬▬▬▬▬▬▬▬▬▬▬▬▬▬▬▬▬▬▬
23:24:30 [allowed]   §r§b§lATTRIBUTE LEVEL UP §3§6Ender Ruler §87➜§38
23:24:30 [allowed]   §r§a§lREWARDS
23:24:30 [allowed]     §r§7§8+§b1 SkyBlock XP
23:24:30 [allowed] §3§l▬▬▬▬▬▬▬▬▬▬▬▬▬▬▬▬▬▬▬▬▬▬▬▬▬▬▬▬▬▬▬▬▬▬▬▬▬▬▬▬▬▬▬▬▬▬▬▬▬▬▬▬▬▬▬▬▬▬▬▬▬▬▬▬
23:24:32 [allowed]                           §r§3§lSKYBLOCK LEVEL UP
23:24:32 [allowed]                              §r§eLevel §r§8117 ➡ §r§8[§r§e118§r§8]
23:24:32 [allowed]                                   §r§6§lREWARDS
23:24:32 [allowed]                                  §r§8+§r§a5 §r§c❤ Health
23:24:52 [allowed] §7Warping you to your SkyBlock island...
23:24:53 [allowed] §7Sending to server mini17J...
23:24:58 [allowed] §7Warping...
23:24:58 [allowed] §7Sending to server mini6M...
23:25:13 [allowed] §cThere are blocks in the way!
23:25:13 [allowed] §cThere are blocks in the way!
23:25:21 [allowed] §cThere are blocks in the way!
23:25:23 [allowed] §8[§6409§8] §6❁ §r§6[MVP§6++§6] UncsCatGirl§f§7 is holding §r§8[§9Extremely Real Shuriken§7 x43§8]
23:25:25 [allowed] §8[§r§6409§r§8] §r§6❁ §r§6[MVP§6++§6] UncsCatGirl§f§r§f: u using theseE?
23:25:28 [allowed] §cThere are blocks in the way!
23:25:29 [allowed] §a§l+5 Kill Combo §r§b+3% §r§b✯ Magic Find
23:25:32 [allowed] §8[§r§b239§r§8] §r§6ꀾ §r§a[VIP] DJ_Owen§f§r§f: :skull: i forgot those exist
23:25:34 [allowed] §a§l+10 Kill Combo §r§8+§r§610 §r§7coins per kill
23:25:37 [allowed] §cThere are blocks in the way!
23:25:41 [allowed] §cYour Kill Combo has expired! You reached a 11 Kill Combo!
23:25:44 [allowed] §8[§r§6409§r§8] §r§6❁ §r§6[MVP§6++§6] UncsCatGirl§f§r§f: xD
23:25:46 [allowed] §7Warping you to your SkyBlock island...
23:25:46 [allowed] §7Sending to server mini181BA...
23:26:03 [allowed] §7Warping...
23:26:03 [allowed] §7Sending to server mini26G...
23:26:11 [allowed] §7Warping you to your SkyBlock island...
23:26:11 [allowed] §7Sending to server mini181BA...
23:26:11 [allowed] §c§lThe ground begins to shake as an Endstone Protector rises from below!
23:26:12 [allowed] §cYou were kicked while joining that server!
23:26:12 [allowed] §cCouldn't find which world to put you in!
23:26:18 [allowed] §cSomething went wrong! (Warp timeout)
23:26:18 [allowed] §cA kick occurred in your connection, so you were put in the SkyBlock lobby!
23:26:18 [allowed] send:lobby
23:26:18 [allowed] §aYou are still radiating with §bGenerosity§r§a!
23:26:21 [allowed]   §r§f§l➤ §r§6You have reached your Hype limit! Add Hype to Prototype Lobby minigames by right-clicking with the Hype Diamond!
23:26:23 [allowed]  §b>§c>§a>§r §r§6[MVP§2++§6] CatgirlDemxn§f §6joined the lobby!§r §a<§c<§b<
23:26:25 [allowed] §b[MVP§2+§b] patchank§f §6joined the lobby!
23:26:26 [allowed] §b[MVP§2+§b] NICOSTAR91§f §6joined the lobby!
23:26:27 [allowed] §b[MVP§d+§b] twixxie__§f §6joined the lobby!
23:26:30 [allowed] §b[MVP§c+§b] blopkytsy§f §6joined the lobby!
23:26:32 [allowed] §b[MVP§d+§b] ElimsIsHere§f §6joined the lobby!
23:26:38 [allowed] §b[MVP§f+§b] TheNekros§f §6joined the lobby!
23:26:39 [allowed] §b[MVP§e+§b] skentex_TTV§f §6joined the lobby!
23:26:42 [allowed] §b[MVP§c+§b] Wasawala§f §6joined the lobby!
23:26:42 [allowed] §b[MVP§d+§b] llllint§f §6joined the lobby!
23:26:43 [allowed] §b[MVP§c+§b] whytrix§f §6joined the lobby!
23:26:43 [allowed] §b[MVP§a+§b] TTVItsDyon§f §6joined the lobby!
23:26:43 [allowed] §b[MVP§c+§b] CaillouFurtif§f §6joined the lobby!
23:26:44 [allowed] §a§lParkour challenge started!
23:26:44 [allowed] §aUse §r§e/parkour checkpoint§r§a to teleport to the last checkpoint or §r§e/parkour cancel§r§a to cancel!
23:26:45 [allowed] §b[MVP§d+§b] qpfq_§f §6joined the lobby!
23:26:45 [allowed] §b[MVP§c+§b] yibaaslvoa2014ki§f §6joined the lobby!
23:26:46 [allowed]  §b>§c>§a>§r §r§6[MVP§f++§6] si6x§f §6joined the lobby!§r §a<§c<§b<
23:26:48 [allowed] §b[MVP§c+§b] FifthWit§f §6joined the lobby!
23:26:49 [allowed] §b[MVP§2+§b] Peparimov§f §6joined the lobby!
23:26:49 [allowed] §7Sending to server mini26G...
23:26:49 [allowed] §cYou were kicked while joining that server!
23:26:49 [allowed] §cYou tried to rejoin too fast, please try again in a moment!
23:26:49 [allowed]  §b>§c>§a>§r §r§b[MVP§2++§b] Money_Talks_§f §6joined the lobby!§r §a<§c<§b<
23:26:50 [allowed] §b[MVP§9+§b] Montyratz§f §6joined the lobby!
23:26:52 [allowed] §a§lReset your timer to 00:00! Get to the finish line!
23:26:53 [allowed] §b[MVP§f+§b] dzre§f §6joined the lobby!
23:26:54 [allowed] §b[MVP§c+§b] ronenshilansky§f §6joined the lobby!
23:26:59 [allowed] §b[MVP§c+§b] El_Montagna§f §6joined the lobby!
23:26:59 [allowed] §b[MVP§2+§b] Henk_Blub§f §6joined the lobby!
23:27:04 [allowed] §b[MVP§c+§b] FederalSocialist§f §6joined the lobby!
23:27:05 [allowed] §b[MVP§c+§b] Flaawless§f §6joined the lobby!
23:27:06 [allowed] §b[MVP§c+§b] Isoos§f §6joined the lobby!
23:27:16 [allowed] §b[MVP§c+§b] TrueTreeLover§f §6joined the lobby!
23:27:17 [allowed] §b[MVP§c+§b] AlterEgoLM§f §6joined the lobby!
23:27:23 [allowed] §b[MVP§9+§b] Horchiee§f §6joined the lobby!
23:27:24 [allowed] §a§lReset your timer to 00:00! Get to the finish line!
23:27:24 [allowed] §b[MVP§c+§b] ABagOfPowder§f §6joined the lobby!
23:27:26 [allowed] §b[MVP§f+§b] shine5§f §6joined the lobby!
23:27:28 [allowed] §b[MVP§c+§b] NeoW1seGD§f §6joined the lobby!
23:27:29 [allowed] §b[MVP§2+§b] ThiccNeko§f §6joined the lobby!
23:27:30 [allowed] §b[MVP§d+§b] IchFahreGolf§f §6joined the lobby!
23:27:36 [allowed] §b[MVP§c+§b] FloorVI§f §6joined the lobby!
23:27:36 [allowed] §b[MVP§c+§b] FifthWit§f §6joined the lobby!
23:27:37 [allowed] §b[MVP§c+§b] DoShade§f §6joined the lobby!
23:27:38 [allowed] §b[MVP§6+§b] Strawbrrrr§f §6joined the lobby!
23:27:40 [allowed] §b[MVP§c+§b] FazeDemollisher§f §6joined the lobby!
23:27:44 [allowed]  §b>§c>§a>§r §r§6[MVP§c++§6] WLsniper§f §6joined the lobby!§r §a<§c<§b<
23:27:46 [allowed] §a§lYou reached §r§e§lCheckpoint #1§r§a§l after §r§e§l00:22.096§r§a§l.
23:27:46 [allowed] §7You finished this part of the parkour in §r§600:22.096§r§7.
23:27:52 [allowed] §7Sending to server mini26G...
23:27:55 [allowed] §eLatest update: §bSkyBlock v0.23.2 §e§lCLICK
23:28:00 [allowed] §7Sending to server mini200DQ...
23:28:09 [allowed] §7Sending to server mini26G...
23:28:14 [allowed]  §9§l» §ahimej0shi §eis traveling to §aSpider's Den §e§lFOLLOW
23:28:16 [allowed] §e[SkyHanni] You have gained §b357 §eBits.
23:28:20 [allowed] §7Sending to server mini200DQ...
23:28:22 [allowed] §8[§r§c462§r§8] §r§7〣 §r§b[MVP§0+§b] Hexagy§f§r§f: MinnieJen you should shoot the egg sacks above the boss
23:28:24 [allowed] §4☄ §r§7SIUwibu §r§eplaced an §r§9Arachne's Calling§r§e! (§r§a1§r§e/§r§a4§r§e)
23:28:25 [allowed]  §9§l» §ahimej0shi §eis traveling to §aThe End §e§lFOLLOW
23:28:26 [allowed] §7Sending to server mini26G...
23:28:35 [allowed] §7Sending to server mini200DQ...
23:28:37 [allowed] §4☄ §r§7SIUwibu §r§eplaced an §r§9Arachne's Calling§r§e! (§r§a2§r§e/§r§a4§r§e)
23:28:39 [allowed] §4☄ §r§7SIUwibu §r§eplaced an §r§9Arachne's Calling§r§e! (§r§a3§r§e/§r§a4§r§e)
23:28:40 [allowed]  §9§l» §ahimej0shi §eis traveling to §aSpider's Den §e§lFOLLOW
23:28:42 [allowed] §4☄ §r§7SIUwibu §r§eplaced an §r§9Arachne's Calling§r§e! Something is awakening! §r§e(§r§a4§r§e/§r§a4§r§e)
23:28:43 [allowed] §7Warping you to your SkyBlock island...
23:28:43 [allowed] §7Sending to server mini78DB...
23:28:46 [allowed] §7Warping...
23:28:46 [allowed] §7Sending to server mini26G...
23:28:49 [allowed]  §9§l» §ahimej0shi §eis traveling to §aThe End §e§lFOLLOW
23:28:50 [allowed] §7Warping you to your SkyBlock island...
23:28:50 [allowed] §7Sending to server mini78DB...
23:29:00 [allowed]  §9§l» §ahimej0shi §eis traveling to §aSpider's Den §e§lFOLLOW
23:29:03 [allowed] §7Warping...
23:29:03 [allowed] §7Sending to server mini144DN...
23:29:06 [allowed]  §9§l» §ahimej0shi §eis traveling to §aThe End §e§lFOLLOW
23:29:47 [allowed] §cThere are blocks in the way!
23:29:47 [allowed] §cThere are blocks in the way!
23:29:47 [allowed] §cThere are blocks in the way!
23:30:10 [allowed] §7Warping you to your SkyBlock island...
23:30:10 [allowed] §7Sending to server mini26BN...
23:30:53 [allowed] §7Warping...
23:30:53 [allowed] §7Sending to server mini73AM...
23:31:19 [allowed] §7Warping you to your SkyBlock island...
23:31:19 [allowed] §7Sending to server mini19CT...
23:31:50 [allowed] §7Warping...
23:31:50 [allowed] §7Sending to server mini73AM...
23:31:59 [allowed] §7Sending to server mini87J...
23:32:11 [allowed] §7Sending to server mini73AM...
23:32:20 [allowed] §7Sending to server mini160D...
23:32:28 [allowed] §7Sending to server mini73AM...
23:32:34 [allowed] §7Sending to server mini74BQ...
23:32:42 [allowed] §7Sending to server mini73AM...
23:32:59 [allowed] §7Warping you to your SkyBlock island...
23:32:59 [allowed] §7Sending to server mini146BQ...
23:33:06 [allowed] §7Warping...
23:33:06 [allowed] §7Sending to server mini73AM...
23:33:13 [allowed] §7Sending to server mini99AS...
23:33:24 [allowed] §7Sending to server mini73AM...
23:33:41 [allowed] §cThere are blocks in the way!
23:33:48 [allowed] §a§l+5 Kill Combo §r§b+3% §r§b✯ Magic Find
23:33:49 [allowed] §cThere are blocks in the way!
23:33:55 [allowed] §a§l+10 Kill Combo §r§8+§r§610 §r§7coins per kill
23:33:56 [allowed] §cThere are blocks in the way!
23:34:04 [allowed] §cThere are blocks in the way!
23:34:06 [allowed] §9§l+15 Kill Combo §r§b+3% §r§b✯ Magic Find
23:34:09 [allowed] §e§lLOOT SHARE §r§r§r§fYou received loot for assisting §r§7Davinciangry§r§f!
23:34:09 [allowed] §6§lRARE DROP! §r§aEnchanted Ender Pearl §r§b(+§r§b177% §r§b✯ Magic Find§r§b)
23:34:09 [allowed] §cThere are blocks in the way!
23:34:13 [allowed] §cThere are blocks in the way!
23:34:18 [allowed] §cYour Kill Combo has expired! You reached a 19 Kill Combo!
23:34:22 [allowed] §7Warping you to your SkyBlock island...
23:34:22 [allowed] §7Sending to server mini29DE...
23:34:24 [allowed] §cYou cannot drop items yet!
23:34:25 [allowed] §cYou cannot drop items yet!
23:34:25 [allowed] §cYou cannot drop items yet!
23:34:25 [allowed] §cYou cannot drop items yet!
23:34:26 [allowed] §cYou cannot drop items yet!
23:34:26 [allowed] §cYou cannot drop items yet!
23:34:26 [allowed] §cYou cannot drop items yet!
23:34:26 [allowed] §cYou cannot drop items yet!
23:34:27 [allowed] §cYou cannot drop items yet!
23:34:27 [allowed] §cYou cannot drop items yet!
23:34:27 [allowed] §cYou cannot drop items yet!
23:34:32 [allowed] §7Warping...
23:34:32 [allowed] §7Sending to server mini73AM...
23:34:38 [allowed]  §9§l» §ahimej0shi §eis traveling to §aPrivate Island §e§lFOLLOW
23:34:42 [allowed] §7Sending to server mini155CT...
23:34:43 [allowed]  §9§l» §ahimej0shi §eis traveling to §aSpider's Den §e§lFOLLOW
23:34:49 [allowed] §4☄ §r§bMr_Swartz §r§eplaced an Arachne Crystal! Something is awakening!
23:35:01 [allowed] §7Warping...
23:35:01 [allowed] §7Sending to server mini38T...
23:35:09 [allowed]  §9§l» §ahimej0shi §eis traveling to §aThe End §e§lFOLLOW
23:35:10 [allowed] §cThere are blocks in the way!
23:35:16 [allowed] §c§lSACRIFICE! §r§7Aechrall§r§7 §r§eturned §r§5Ender Leggings §r§einto §r§d3 Dragon Essence§r§e!
23:35:16 [allowed] §c§lBONUS LOOT! §r§eThey also received §r§85x §r§aEnchanted Ender Pearl §r§efrom their sacrifice!
23:35:24 [allowed] §e§lLOOT SHARE §r§r§r§fYou received loot for assisting §r§bMortimerPL§r§f!
23:35:25 [allowed] §7Warping you to your SkyBlock island...
23:35:26 [allowed] §7Sending to server mini66CN...
23:35:34 [allowed] §7Warping...
23:35:34 [allowed] §7Sending to server mini26G...
23:35:41 [allowed] §7Sending to server mini155CT...
23:35:52 [allowed] §7Warping...
23:35:52 [allowed] §7Sending to server mini38T...
23:35:58 [allowed] §c§lYou feel a tremor from beneath the earth!
23:35:59 [allowed] §cThere are blocks in the way!
23:36:00 [allowed] §cThere are blocks in the way!
23:36:10 [allowed] §cThere are blocks in the way!
23:36:17 [allowed] §a§l+5 Kill Combo §r§b+3% §r§b✯ Magic Find
23:36:25 [allowed] §a§l+10 Kill Combo §r§8+§r§610 §r§7coins per kill
23:36:29 [allowed] §6§lRARE DROP! §r§aEnchanted Ender Pearl
23:36:30 [allowed] §cThere are blocks in the way!
23:36:33 [allowed] §9§l+15 Kill Combo §r§b+3% §r§b✯ Magic Find
23:36:35 [allowed] §cThere are blocks in the way!
23:36:43 [allowed] §cYour Kill Combo has expired! You reached a 18 Kill Combo!
23:36:52 [allowed] §7Warping you to your SkyBlock island...
23:36:52 [allowed] §7Sending to server mini98U...
23:37:14 [allowed] §7Warping...
23:37:14 [allowed] §7Sending to server mini250A...
23:37:30 [allowed] §8[§r§f61§r§8] §r§a[VIP§6+§a] Tecno_night§f§r§f: just used 30 øyes
23:37:39 [allowed] §8[§r§e81§r§8] §r§b[MVP§f+§b] MrMemeBoy§f§r§f: well
23:37:40 [allowed] §8[§r§4480§r§8] §r§b♔ §r§b[MVP§d+§b] Regocike§f§r§f: where the tps at
23:37:44 [allowed] §7Warping you to your SkyBlock island...
23:37:44 [allowed] §7Sending to server mini195AE...
23:37:44 [allowed] §8[§r§e81§r§8] §r§b[MVP§f+§b] MrMemeBoy§f§r§f: fr
23:37:53 [allowed] §cThere are blocks in the way!
23:38:05 [allowed] §7Warping...
23:38:05 [allowed] §7Sending to server mini38T...
23:38:24 [allowed] §7Sending to server mini19T...
23:38:36 [allowed] §7Warping...
23:38:36 [allowed] §7Sending to server mini38T...
23:39:02 [allowed] §7Warping...
23:39:06 [allowed] §7Warping...
23:39:06 [allowed] §7Sending to server mini96CW...
23:39:45 [allowed] §7Warping...
23:39:45 [allowed] §7Sending to server mini38T...
23:39:50 [allowed] §cThere are blocks in the way!
23:39:50 [allowed] §cThere are blocks in the way!
23:39:50 [allowed] §cThere are blocks in the way!
23:39:56 [allowed] §a§l+5 Kill Combo §r§b+3% §r§b✯ Magic Find
23:39:57 [allowed] §8[§r§2178§r§8] §r§6⛂ §r§a[VIP] CobraFaruk§f§r§f: F
23:39:59 [allowed] §7Warping you to your SkyBlock island...
23:40:00 [allowed] §7Sending to server mini148CH...
23:40:04 [allowed] §5Rabbit Dog §r§7has been promoted to §r§7[138§r§7] §r§5Manager§r§7!
23:40:05 [allowed] §6Rabbit Bro §r§7has been promoted to §r§7[178§r§7] §r§6Director§r§7!
23:40:06 [allowed] §d§lTIME TOWER! §r§7Your §r§6Chocolate Factory §r§7production has increased by §r§6+1.2x §r§7for §r§a1h§r§7!
23:40:07 [allowed] §5Rabbit Cousin §r§7has been promoted to §r§7[164§r§7] §r§5Manager§r§7!
23:40:08 [allowed] §5Rabbit Daddy §r§7has been promoted to §r§7[150§r§7] §r§5Manager§r§7!
23:40:09 [allowed] §5Rabbit Sis §r§7has been promoted to §r§7[156§r§7] §r§5Manager§r§7!
23:40:09 [allowed] §5Rabbit Dog §r§7has been promoted to §r§7[139§r§7] §r§5Manager§r§7!
23:40:10 [allowed] §5Rabbit Uncle §r§7has been promoted to §r§7[142§r§7] §r§5Manager§r§7!
23:40:10 [allowed] §5Rabbit Uncle §r§7has been promoted to §r§7[143§r§7] §r§5Manager§r§7!
23:40:30 [allowed] §6Rabbit Bro §r§7has been promoted to §r§7[179§r§7] §r§6Director§r§7!
23:40:30 [allowed] §5Rabbit Uncle §r§7has been promoted to §r§7[144§r§7] §r§5Manager§r§7!
23:40:31 [allowed] §5Rabbit Granny §r§7has been promoted to §r§7[146§r§7] §r§5Manager§r§7!
23:40:41 [allowed] §6§lShop Milestone Rabbit! §d§lNEW §f§lCOMMON §fAlpha §7(§6+1 §7and §6+0.002x c/s!§7)
23:40:41 [allowed] §6§lShop Milestone Rabbit! §d§lNEW §a§lUNCOMMON §aBeta §7(§6+2 §7and §6+0.003x c/s!§7)
23:40:42 [allowed] §6§lShop Milestone Rabbit! §d§lNEW §9§lRARE §9Gamma §7(§6+4 §7and §6+0.004x c/s!§7)
23:40:43 [allowed] §6§lShop Milestone Rabbit! §d§lNEW §5§lEPIC §5Delta §7(§6+10 §7and §6+0.005x c/s!§7)
23:40:44 [allowed] §cYou must spend 100M Chocolate in the Chocolate Shop!
23:41:11 [allowed] §5Rabbit Cousin §r§7has been promoted to §r§7[165§r§7] §r§5Manager§r§7!
23:41:12 [allowed] §5Rabbit Daddy §r§7has been promoted to §r§7[151§r§7] §r§5Manager§r§7!
23:41:12 [allowed] §5Rabbit Sis §r§7has been promoted to §r§7[157§r§7] §r§5Manager§r§7!
23:41:13 [allowed] §5Rabbit Dog §r§7has been promoted to §r§7[140§r§7] §r§5Manager§r§7!
23:41:24 [allowed] §6Rabbit Bro §r§7has been promoted to §r§7[180§r§7] §r§6Director§r§7!
23:41:25 [allowed] §5Rabbit Granny §r§7has been promoted to §r§7[147§r§7] §r§5Manager§r§7!
23:41:25 [allowed] §5Rabbit Cousin §r§7has been promoted to §r§7[166§r§7] §r§5Manager§r§7!
23:41:26 [allowed] §5Rabbit Daddy §r§7has been promoted to §r§7[152§r§7] §r§5Manager§r§7!
23:41:27 [allowed] §5Rabbit Sis §r§7has been promoted to §r§7[158§r§7] §r§5Manager§r§7!
23:41:27 [allowed] §5Rabbit Dog §r§7has been promoted to §r§7[141§r§7] §r§5Manager§r§7!
23:41:28 [allowed] §5Rabbit Granny §r§7has been promoted to §r§7[148§r§7] §r§5Manager§r§7!
23:41:29 [allowed] §5Rabbit Cousin §r§7has been promoted to §r§7[167§r§7] §r§5Manager§r§7!
23:41:30 [allowed] §cYou don't have enough Chocolate!
23:41:35 [allowed] §7Your §r§aRabbit Barn §r§7capacity has been increased to §r§a156 Rabbits§r§7!
23:41:35 [allowed] §7Your §r§aRabbit Barn §r§7capacity has been increased to §r§a158 Rabbits§r§7!
23:41:36 [allowed] §7Your §r§aRabbit Barn §r§7capacity has been increased to §r§a160 Rabbits§r§7!
23:41:36 [allowed] §7Your §r§aRabbit Barn §r§7capacity has been increased to §r§a162 Rabbits§r§7!
23:41:36 [allowed] §7Your §r§aRabbit Barn §r§7capacity has been increased to §r§a164 Rabbits§r§7!
23:41:36 [allowed] §7Your §r§aRabbit Barn §r§7capacity has been increased to §r§a166 Rabbits§r§7!
23:41:37 [allowed] §7Your §r§aRabbit Barn §r§7capacity has been increased to §r§a168 Rabbits§r§7!
23:41:37 [allowed] §7Your §r§aRabbit Barn §r§7capacity has been increased to §r§a170 Rabbits§r§7!
23:41:37 [allowed] §7Your §r§aRabbit Barn §r§7capacity has been increased to §r§a172 Rabbits§r§7!
23:41:37 [allowed] §7Your §r§aRabbit Barn §r§7capacity has been increased to §r§a174 Rabbits§r§7!
23:41:37 [allowed] §7Your §r§aRabbit Barn §r§7capacity has been increased to §r§a176 Rabbits§r§7!
23:41:37 [allowed] §7Your §r§aRabbit Barn §r§7capacity has been increased to §r§a178 Rabbits§r§7!
23:41:37 [allowed] §7Your §r§aRabbit Barn §r§7capacity has been increased to §r§a180 Rabbits§r§7!
23:41:37 [allowed] §7Your §r§aRabbit Barn §r§7capacity has been increased to §r§a182 Rabbits§r§7!
23:41:37 [allowed] §7Your §r§aRabbit Barn §r§7capacity has been increased to §r§a184 Rabbits§r§7!
23:41:38 [allowed] §7Your §r§aRabbit Barn §r§7capacity has been increased to §r§a186 Rabbits§r§7!
23:41:38 [allowed] §7Your §r§aRabbit Barn §r§7capacity has been increased to §r§a188 Rabbits§r§7!
23:41:38 [allowed] §7Your §r§aRabbit Barn §r§7capacity has been increased to §r§a190 Rabbits§r§7!
23:41:38 [allowed] §7Your §r§aRabbit Barn §r§7capacity has been increased to §r§a192 Rabbits§r§7!
23:41:38 [allowed] §7Your §r§aRabbit Barn §r§7capacity has been increased to §r§a194 Rabbits§r§7!
23:41:38 [allowed] §cYou don't have enough Chocolate!
23:41:38 [allowed] §cYou don't have enough Chocolate!
23:41:39 [allowed] §cYou don't have enough Chocolate!
23:41:39 [allowed] §cYou don't have enough Chocolate!
23:41:39 [allowed] §cYou don't have enough Chocolate!
23:41:39 [allowed] §cYou don't have enough Chocolate!
23:41:40 [allowed] §cYou don't have enough Chocolate!
23:41:40 [allowed] §cYou don't have enough Chocolate!
23:41:40 [allowed] §cYou don't have enough Chocolate!
23:41:40 [allowed] §cYou don't have enough Chocolate!
23:41:41 [allowed] §cYou don't have enough Chocolate!
23:42:03 [allowed] §7Warping...
23:42:04 [allowed] §7Sending to server mini38T...
23:42:18 [allowed] §5☬ §r§bDexterLive §r§dplaced a Summoning Eye! §r§7(§r§e1§r§7/§r§a8§r§7)
23:42:19 [allowed] §5☬ §r§bDexterLive §r§dplaced a Summoning Eye! §r§7(§r§e2§r§7/§r§a8§r§7)
23:42:22 [allowed] §7Sending to server mini141DU...
23:42:22 [allowed] §5☬ §r§bLAURIN8 §r§dplaced a Summoning Eye! §r§7(§r§e3§r§7/§r§a8§r§7)
23:42:38 [allowed] §7Warping...
23:42:38 [allowed] §7Sending to server mini38T...
23:42:39 [allowed] §5☬ §r§bDegeneriert §r§dplaced a Summoning Eye! Brace yourselves! §r§7(§r§a8§r§7/§r§a8§r§7)
23:42:47 [allowed] §7Sending to server mini10CM...
23:42:56 [allowed] §7Sending to server mini38T...
23:43:16 [allowed] §cThere are blocks in the way!
23:43:18 [allowed] §8[§r§f60§r§8] §r§7EliteGamer07101§7§r§7: are you doing more?
23:43:21 [allowed] §cThere are blocks in the way!
23:43:30 [allowed] §cThere are blocks in the way!
23:43:34 [allowed] §a§l+5 Kill Combo §r§b+3% §r§b✯ Magic Find
23:43:41 [allowed] §cYour Kill Combo has expired! You reached a 5 Kill Combo!
23:43:42 [allowed] §cThere are blocks in the way!
23:43:42 [allowed] §cThere are blocks in the way!
23:43:50 [allowed] §5☬ §r§dThe Dragon Egg has spawned!
23:43:53 [allowed] §7Warping you to your SkyBlock island...
23:43:53 [allowed] §7Sending to server mini77AR...
23:45:06 [allowed] §7Warping...
23:45:06 [allowed] §7Sending to server mini38T...
23:45:12 [allowed] §2Guild > §a[VIP§6+§a] himej0shi§f: §rmfghh
23:45:24 [allowed] §cThere are blocks in the way!
23:45:38 [allowed] §7Warping you to your SkyBlock island...
23:45:38 [allowed] §7Sending to server mini189DU...
23:46:05 [allowed] §7Warping...
23:46:05 [allowed] §7Sending to server mini38T...
23:46:14 [allowed] §7Sending to server mini200DQ...
23:46:18 [allowed] §8[§r§a135§r§8] §r§b[MVP§c+§b] Portal141§f§r§f: anyone wanna buy a recombed dreadlord sword
23:46:21 [allowed] §4☄ §r§bPortal141 §r§eplaced an §r§9Arachne's Calling§r§e! (§r§a1§r§e/§r§a4§r§e)
