22:56:19 [EMPTY] §f §r§r§r§f §r§r§r§1 §r§r§r§0 §r§r§r§2 §r§r§r§f §r§r§r§f §r§r§r§2 §r§r§r§0 §r§r§r§4 §r§r§r§3 §r§r§r§9 §r§r§r§2 §r§r§r§0 §r§r§r§0 §r§r§r§3 §r§r§r§9 §r§r§r§2 §r§r§r§0 §r§r§r§0 §r§r§r§3 §r§r§r§9 §r§r§r§2 §r§r§r§0 §r§r§r§0 
22:56:34 [EMPTY] §8 §r§8 §r§1 §r§3 §r§3 §r§7 §r§8 
22:56:36 [EMPTY] 
22:56:36 [WELCOME] §eWelcome to §r§aHypixel SkyBlock§r§e!
22:56:36 [EMPTY] 
22:56:38 [PROFILE_JOIN] §aYou are playing on profile: §eLemon§b (Co-op)
22:56:38 [PROFILE_JOIN] §8Profile ID: 62b760d8-92b6-4501-ada0-1fd8583f5266
22:57:06 [EMPTY] §8 §r§8 §r§1 §r§3 §r§3 §r§7 §r§8 
22:57:09 [PROFILE_JOIN] §aYou are playing on profile: §eLemon§b (Co-op)
22:57:09 [PROFILE_JOIN] §8Profile ID: 62b760d8-92b6-4501-ada0-1fd8583f5266
22:57:11 [LOTTERY] §bNew day! §r§eYour §r§2Lottery §r§ebuff changed!
22:57:11 [LOTTERY] §eNew buff§r§r§r: §r§fGain §r§a+50 §r§6☘ Mangrove Fortune§r§f.
22:57:11 [LOTTERY] §8§oYou can disable this messaging by toggling Lottery in your /hotf!
22:59:32 [EMPTY] 
22:59:42 [EMPTY] §8 §r§8 §r§1 §r§3 §r§3 §r§7 §r§8 
22:59:45 [PROFILE_JOIN] §aYou are playing on profile: §eLemon§b (Co-op)
22:59:45 [PROFILE_JOIN] §8Profile ID: 62b760d8-92b6-4501-ada0-1fd8583f5266
22:59:46 [LOTTERY] §bNew day! §r§eYour §r§2Lottery §r§ebuff changed!
22:59:46 [LOTTERY] §eNew buff§r§r§r: §r§fGain §r§a+50 §r§6☘ Mangrove Fortune§r§f.
22:59:46 [LOTTERY] §8§oYou can disable this messaging by toggling Lottery in your /hotf!
22:59:49 [EMPTY] §8 §r§8 §r§1 §r§3 §r§3 §r§7 §r§8 
22:59:52 [PROFILE_JOIN] §aYou are playing on profile: §eLemon§b (Co-op)
22:59:52 [PROFILE_JOIN] §8Profile ID: 62b760d8-92b6-4501-ada0-1fd8583f5266
22:59:54 [LOTTERY] §bNew day! §r§eYour §r§2Lottery §r§ebuff changed!
22:59:54 [LOTTERY] §eNew buff§r§r§r: §r§fGain §r§a+50 §r§6☘ Mangrove Fortune§r§f.
22:59:54 [LOTTERY] §8§oYou can disable this messaging by toggling Lottery in your /hotf!
22:59:57 [EMPTY] §8 §r§8 §r§1 §r§3 §r§3 §r§7 §r§8 
23:00:01 [PROFILE_JOIN] §aYou are playing on profile: §eLemon§b (Co-op)
23:00:01 [PROFILE_JOIN] §8Profile ID: 62b760d8-92b6-4501-ada0-1fd8583f5266
23:00:02 [LOTTERY] §bNew day! §r§eYour §r§2Lottery §r§ebuff changed!
23:00:02 [LOTTERY] §eNew buff§r§r§r: §r§fGain §r§a+50 §r§6☘ Mangrove Fortune§r§f.
23:00:02 [LOTTERY] §8§oYou can disable this messaging by toggling Lottery in your /hotf!
23:00:05 [EMPTY] §8 §r§8 §r§1 §r§3 §r§3 §r§7 §r§8 
23:00:08 [PROFILE_JOIN] §aYou are playing on profile: §eLemon§b (Co-op)
23:00:08 [PROFILE_JOIN] §8Profile ID: 62b760d8-92b6-4501-ada0-1fd8583f5266
23:00:09 [EMPTY] §8 §r§8 §r§1 §r§3 §r§3 §r§7 §r§8 
23:00:12 [PROFILE_JOIN] §aYou are playing on profile: §eLemon§b (Co-op)
23:00:12 [PROFILE_JOIN] §8Profile ID: 62b760d8-92b6-4501-ada0-1fd8583f5266
23:00:14 [LOTTERY] §bNew day! §r§eYour §r§2Lottery §r§ebuff changed!
23:00:14 [LOTTERY] §eNew buff§r§r§r: §r§fGain §r§a+50 §r§6☘ Mangrove Fortune§r§f.
23:00:14 [LOTTERY] §8§oYou can disable this messaging by toggling Lottery in your /hotf!
23:00:55 [SACKS_CHANGE] §6[Sacks] §r§a+92§r§e items§r§e.§r§8 (Last 30s.)
23:01:02 [SACKS_CHANGE] §6[Sacks] §r§a+8§r§e items§r§e.§r§8 (Last 6s.)
23:01:39 [SACKS_CHANGE] §6[Sacks] §r§a+102§r§e items§r§e.§r§8 (Last 30s.)
23:01:40 [EMPTY] 
23:01:40 [EMPTY] §c
23:02:13 [SACKS_CHANGE] §6[Sacks] §r§a+79§r§e items§r§e.§r§8 (Last 30s.)
23:02:21 [GUILD_EXP] §aYou earned §r§2175 GEXP §r§afrom playing SkyBlock!
23:02:44 [SACKS_CHANGE] §6[Sacks] §r§a+89§r§e items§r§e.§r§8 (Last 30s.)
23:03:18 [SACKS_CHANGE] §6[Sacks] §r§a+110§r§e items§r§e.§r§8 (Last 30s.)
23:03:52 [SACKS_CHANGE] §6[Sacks] §r§a+82§r§e items§r§e.§r§8 (Last 30s.)
23:04:19 [SACKS_CHANGE] §6[Sacks] §r§a+57§r§e items§r§e.§r§8 (Last 24s.)
23:04:50 [SACKS_CHANGE] §6[Sacks] §r§a+65§r§e items§r§e.§r§8 (Last 30s.)
23:05:26 [SACKS_CHANGE] §6[Sacks] §r§a+83§r§e items§r§e.§r§8 (Last 30s.)
23:05:57 [SACKS_CHANGE] §6[Sacks] §r§a+89§r§e items§r§e.§r§8 (Last 30s.)
23:06:30 [SACKS_CHANGE] §6[Sacks] §r§a+59§r§e items§r§e.§r§8 (Last 30s.)
23:07:03 [SACKS_CHANGE] §6[Sacks] §r§a+64§r§e items§r§e.§r§8 (Last 30s.)
23:07:22 [GUILD_EXP] §aYou earned §r§2750 GEXP §r§afrom playing SkyBlock!
23:07:35 [SACKS_CHANGE] §6[Sacks] §r§a+73§r§e items§r§e.§r§8 (Last 30s.)
23:07:56 [SACKS_CHANGE] §6[Sacks] §r§a+23§r§e items§r§e.§r§8 (Last 16s.)
23:08:18 [SACKS_CHANGE] §6[Sacks] §r§a+14§r§e items§r§e.§r§8 (Last 8s.)
23:08:49 [SACKS_CHANGE] §6[Sacks] §r§a+60§r§e items§r§e.§r§8 (Last 30s.)
23:09:20 [SACKS_CHANGE] §6[Sacks] §r§a+56§r§e items§r§e.§r§8 (Last 30s.)
23:09:52 [SACKS_CHANGE] §6[Sacks] §r§a+60§r§e items§r§e.§r§8 (Last 30s.)
23:10:24 [SACKS_CHANGE] §6[Sacks] §r§a+79§r§e items§r§e.§r§8 (Last 30s.)
23:10:56 [SACKS_CHANGE] §6[Sacks] §r§a+47§r§e items§r§e.§r§8 (Last 30s.)
23:11:20 [SACKS_CHANGE] §6[Sacks] §r§a+28§r§e items§r§e.§r§8 (Last 21s.)
23:11:34 [EMPTY] 
23:11:34 [EMPTY] 
23:11:34 [EMPTY] 
23:11:34 [EMPTY] 
23:11:43 [SACKS_CHANGE] §6[Sacks] §r§a+7§r§e items§r§e.§r§8 (Last 5s.)
23:12:10 [SACKS_CHANGE] §6[Sacks] §r§a+36§r§e items§r§e.§r§8 (Last 22s.)
23:12:23 [GUILD_EXP] §aYou earned §r§2750 GEXP §r§afrom playing SkyBlock!
23:12:35 [SACKS_CHANGE] §6[Sacks] §r§a+17§r§e items§r§e.§r§8 (Last 23s.)
23:12:44 [SACKS_CHANGE] §6[Sacks] §r§a+8§r§e items§r§e.§r§8 (Last 7s.)
23:12:46 [EMPTY] §8 §r§8 §r§1 §r§3 §r§3 §r§7 §r§8 
23:12:48 [PROFILE_JOIN] §aYou are playing on profile: §eLemon§b (Co-op)
23:12:48 [PROFILE_JOIN] §8Profile ID: 62b760d8-92b6-4501-ada0-1fd8583f5266
23:12:50 [LOTTERY] §bNew day! §r§eYour §r§2Lottery §r§ebuff changed!
23:12:50 [LOTTERY] §eNew buff§r§r§r: §r§fGain §r§a+50 §r§6☘ Mangrove Fortune§r§f.
23:12:50 [LOTTERY] §8§oYou can disable this messaging by toggling Lottery in your /hotf!
23:12:57 [EMPTY] §8 §r§8 §r§1 §r§3 §r§3 §r§7 §r§8 
23:13:00 [PROFILE_JOIN] §aYou are playing on profile: §eLemon§b (Co-op)
23:13:00 [PROFILE_JOIN] §8Profile ID: 62b760d8-92b6-4501-ada0-1fd8583f5266
23:13:03 [LOTTERY] §bNew day! §r§eYour §r§2Lottery §r§ebuff changed!
23:13:03 [LOTTERY] §eNew buff§r§r§r: §r§fGain §r§a+50 §r§6☘ Mangrove Fortune§r§f.
23:13:03 [LOTTERY] §8§oYou can disable this messaging by toggling Lottery in your /hotf!
23:13:03 [EMPTY] §8 §r§8 §r§1 §r§3 §r§3 §r§7 §r§8 
23:13:07 [PROFILE_JOIN] §aYou are playing on profile: §eLemon§b (Co-op)
23:13:07 [PROFILE_JOIN] §8Profile ID: 62b760d8-92b6-4501-ada0-1fd8583f5266
23:13:08 [LOTTERY] §bNew day! §r§eYour §r§2Lottery §r§ebuff changed!
23:13:08 [LOTTERY] §eNew buff§r§r§r: §r§fGain §r§a+50 §r§6☘ Mangrove Fortune§r§f.
23:13:08 [LOTTERY] §8§oYou can disable this messaging by toggling Lottery in your /hotf!
23:13:20 [SACKS_CHANGE] §6[Sacks] §r§a+1,022§r§e items§r§e.§r§8 (Last 11s.)
23:13:39 [SACKS_CHANGE] §6[Sacks] §r§c-790§r§e items§r§e.§r§8 (Last 5s.)
23:14:30 [EMPTY] §8 §r§8 §r§1 §r§3 §r§3 §r§7 §r§8 
23:14:33 [PROFILE_JOIN] §aYou are playing on profile: §eLemon§b (Co-op)
23:14:33 [PROFILE_JOIN] §8Profile ID: 62b760d8-92b6-4501-ada0-1fd8583f5266
23:14:35 [LOTTERY] §bNew day! §r§eYour §r§2Lottery §r§ebuff changed!
23:14:35 [LOTTERY] §eNew buff§r§r§r: §r§fGain §r§a+50 §r§6☘ Mangrove Fortune§r§f.
23:14:35 [LOTTERY] §8§oYou can disable this messaging by toggling Lottery in your /hotf!
23:14:43 [EMPTY] §8 §r§8 §r§1 §r§3 §r§3 §r§7 §r§8 
23:14:46 [PROFILE_JOIN] §aYou are playing on profile: §eLemon§b (Co-op)
23:14:46 [PROFILE_JOIN] §8Profile ID: 62b760d8-92b6-4501-ada0-1fd8583f5266
23:14:48 [LOTTERY] §bNew day! §r§eYour §r§2Lottery §r§ebuff changed!
23:14:48 [LOTTERY] §eNew buff§r§r§r: §r§fGain §r§a+50 §r§6☘ Mangrove Fortune§r§f.
23:14:48 [LOTTERY] §8§oYou can disable this messaging by toggling Lottery in your /hotf!
23:14:50 [EMPTY] §8 §r§8 §r§1 §r§3 §r§3 §r§7 §r§8 
23:14:53 [PROFILE_JOIN] §aYou are playing on profile: §eLemon§b (Co-op)
23:14:53 [PROFILE_JOIN] §8Profile ID: 62b760d8-92b6-4501-ada0-1fd8583f5266
23:14:55 [LOTTERY] §bNew day! §r§eYour §r§2Lottery §r§ebuff changed!
23:14:55 [LOTTERY] §eNew buff§r§r§r: §r§fGain §r§a+50 §r§6☘ Mangrove Fortune§r§f.
23:14:55 [LOTTERY] §8§oYou can disable this messaging by toggling Lottery in your /hotf!
23:14:56 [EMPTY] §8 §r§8 §r§1 §r§3 §r§3 §r§7 §r§8 
23:15:00 [PROFILE_JOIN] §aYou are playing on profile: §eLemon§b (Co-op)
23:15:00 [PROFILE_JOIN] §8Profile ID: 62b760d8-92b6-4501-ada0-1fd8583f5266
23:15:01 [LOTTERY] §bNew day! §r§eYour §r§2Lottery §r§ebuff changed!
23:15:01 [LOTTERY] §eNew buff§r§r§r: §r§fGain §r§a+50 §r§6☘ Mangrove Fortune§r§f.
23:15:01 [LOTTERY] §8§oYou can disable this messaging by toggling Lottery in your /hotf!
23:15:05 [LOTTERY] §bNew day! §r§eYour §r§2Lottery §r§ebuff changed!
23:15:05 [LOTTERY] §eNew buff§r§r§r: §r§fGain §r§a+50 §r§6☘ Mangrove Fortune§r§f.
23:15:05 [LOTTERY] §8§oYou can disable this messaging by toggling Lottery in your /hotf!
23:15:07 [EMPTY] §8 §r§8 §r§1 §r§3 §r§3 §r§7 §r§8 
23:15:10 [PROFILE_JOIN] §aYou are playing on profile: §eLemon§b (Co-op)
23:15:10 [PROFILE_JOIN] §8Profile ID: 62b760d8-92b6-4501-ada0-1fd8583f5266
23:15:12 [LOTTERY] §bNew day! §r§eYour §r§2Lottery §r§ebuff changed!
23:15:12 [LOTTERY] §eNew buff§r§r§r: §r§fGain §r§a+50 §r§6☘ Mangrove Fortune§r§f.
23:15:12 [LOTTERY] §8§oYou can disable this messaging by toggling Lottery in your /hotf!
23:15:13 [EMPTY] §8 §r§8 §r§1 §r§3 §r§3 §r§7 §r§8 
23:15:16 [PROFILE_JOIN] §aYou are playing on profile: §eLemon§b (Co-op)
23:15:16 [PROFILE_JOIN] §8Profile ID: 62b760d8-92b6-4501-ada0-1fd8583f5266
23:15:18 [LOTTERY] §bNew day! §r§eYour §r§2Lottery §r§ebuff changed!
23:15:18 [LOTTERY] §eNew buff§r§r§r: §r§fGain §r§a+50 §r§6☘ Mangrove Fortune§r§f.
23:15:18 [LOTTERY] §8§oYou can disable this messaging by toggling Lottery in your /hotf!
23:15:22 [EMPTY] §8 §r§8 §r§1 §r§3 §r§3 §r§7 §r§8 
23:15:25 [PROFILE_JOIN] §aYou are playing on profile: §eLemon§b (Co-op)
23:15:25 [PROFILE_JOIN] §8Profile ID: 62b760d8-92b6-4501-ada0-1fd8583f5266
23:15:27 [LOTTERY] §bNew day! §r§eYour §r§2Lottery §r§ebuff changed!
23:15:27 [LOTTERY] §eNew buff§r§r§r: §r§fGain §r§a+50 §r§6☘ Mangrove Fortune§r§f.
23:15:27 [LOTTERY] §8§oYou can disable this messaging by toggling Lottery in your /hotf!
23:16:09 [SACKS_CHANGE] §6[Sacks] §r§a+50§r§e items§r§e.§r§8 (Last 23s.)
23:16:17 [EMPTY] §8 §r§8 §r§1 §r§3 §r§3 §r§7 §r§8 
23:16:20 [PROFILE_JOIN] §aYou are playing on profile: §eLemon§b (Co-op)
23:16:21 [PROFILE_JOIN] §8Profile ID: 62b760d8-92b6-4501-ada0-1fd8583f5266
23:16:22 [LOTTERY] §bNew day! §r§eYour §r§2Lottery §r§ebuff changed!
23:16:22 [LOTTERY] §eNew buff§r§r§r: §r§fGain §r§a+50 §r§6☘ Mangrove Fortune§r§f.
23:16:22 [LOTTERY] §8§oYou can disable this messaging by toggling Lottery in your /hotf!
23:16:24 [EMPTY] §8 §r§8 §r§1 §r§3 §r§3 §r§7 §r§8 
23:16:27 [PROFILE_JOIN] §aYou are playing on profile: §eLemon§b (Co-op)
23:16:27 [PROFILE_JOIN] §8Profile ID: 62b760d8-92b6-4501-ada0-1fd8583f5266
23:16:29 [LOTTERY] §bNew day! §r§eYour §r§2Lottery §r§ebuff changed!
23:16:29 [LOTTERY] §eNew buff§r§r§r: §r§fGain §r§a+50 §r§6☘ Mangrove Fortune§r§f.
23:16:29 [LOTTERY] §8§oYou can disable this messaging by toggling Lottery in your /hotf!
23:16:33 [EMPTY] §8 §r§8 §r§1 §r§3 §r§3 §r§7 §r§8 
23:16:37 [PROFILE_JOIN] §aYou are playing on profile: §eLemon§b (Co-op)
23:16:37 [PROFILE_JOIN] §8Profile ID: 62b760d8-92b6-4501-ada0-1fd8583f5266
23:16:38 [LOTTERY] §bNew day! §r§eYour §r§2Lottery §r§ebuff changed!
23:16:38 [LOTTERY] §eNew buff§r§r§r: §r§fGain §r§a+50 §r§6☘ Mangrove Fortune§r§f.
23:16:38 [LOTTERY] §8§oYou can disable this messaging by toggling Lottery in your /hotf!
23:16:48 [EMPTY] §8 §r§8 §r§1 §r§3 §r§3 §r§7 §r§8 
23:16:51 [PROFILE_JOIN] §aYou are playing on profile: §eLemon§b (Co-op)
23:16:51 [PROFILE_JOIN] §8Profile ID: 62b760d8-92b6-4501-ada0-1fd8583f5266
23:16:53 [LOTTERY] §bNew day! §r§eYour §r§2Lottery §r§ebuff changed!
23:16:53 [LOTTERY] §eNew buff§r§r§r: §r§fGain §r§a+50 §r§6☘ Mangrove Fortune§r§f.
23:16:53 [LOTTERY] §8§oYou can disable this messaging by toggling Lottery in your /hotf!
23:16:55 [EMPTY] §8 §r§8 §r§1 §r§3 §r§3 §r§7 §r§8 
23:16:59 [PROFILE_JOIN] §aYou are playing on profile: §eLemon§b (Co-op)
23:16:59 [PROFILE_JOIN] §8Profile ID: 62b760d8-92b6-4501-ada0-1fd8583f5266
23:17:00 [LOTTERY] §bNew day! §r§eYour §r§2Lottery §r§ebuff changed!
23:17:00 [LOTTERY] §eNew buff§r§r§r: §r§fGain §r§a+50 §r§6☘ Mangrove Fortune§r§f.
23:17:00 [LOTTERY] §8§oYou can disable this messaging by toggling Lottery in your /hotf!
23:17:04 [EMPTY] §8 §r§8 §r§1 §r§3 §r§3 §r§7 §r§8 
23:17:07 [PROFILE_JOIN] §aYou are playing on profile: §eLemon§b (Co-op)
23:17:07 [PROFILE_JOIN] §8Profile ID: 62b760d8-92b6-4501-ada0-1fd8583f5266
23:17:10 [LOTTERY] §bNew day! §r§eYour §r§2Lottery §r§ebuff changed!
23:17:10 [LOTTERY] §eNew buff§r§r§r: §r§fGain §r§a+50 §r§6☘ Mangrove Fortune§r§f.
23:17:10 [LOTTERY] §8§oYou can disable this messaging by toggling Lottery in your /hotf!
23:17:24 [EMPTY] §8 §r§8 §r§1 §r§3 §r§3 §r§7 §r§8 
23:17:27 [PROFILE_JOIN] §aYou are playing on profile: §eLemon§b (Co-op)
23:17:27 [PROFILE_JOIN] §8Profile ID: 62b760d8-92b6-4501-ada0-1fd8583f5266
23:17:29 [LOTTERY] §bNew day! §r§eYour §r§2Lottery §r§ebuff changed!
23:17:29 [LOTTERY] §eNew buff§r§r§r: §r§fGain §r§a+50 §r§6☘ Mangrove Fortune§r§f.
23:17:29 [LOTTERY] §8§oYou can disable this messaging by toggling Lottery in your /hotf!
23:17:32 [EMPTY] §8 §r§8 §r§1 §r§3 §r§3 §r§7 §r§8 
23:17:35 [PROFILE_JOIN] §aYou are playing on profile: §eLemon§b (Co-op)
23:17:35 [PROFILE_JOIN] §8Profile ID: 62b760d8-92b6-4501-ada0-1fd8583f5266
23:17:37 [LOTTERY] §bNew day! §r§eYour §r§2Lottery §r§ebuff changed!
23:17:37 [LOTTERY] §eNew buff§r§r§r: §r§fGain §r§a+50 §r§6☘ Mangrove Fortune§r§f.
23:17:37 [LOTTERY] §8§oYou can disable this messaging by toggling Lottery in your /hotf!
23:18:09 [EMPTY] §8 §r§8 §r§1 §r§3 §r§3 §r§7 §r§8 
23:18:12 [PROFILE_JOIN] §aYou are playing on profile: §eLemon§b (Co-op)
23:18:12 [PROFILE_JOIN] §8Profile ID: 62b760d8-92b6-4501-ada0-1fd8583f5266
23:18:13 [EMPTY] §8 §r§8 §r§1 §r§3 §r§3 §r§7 §r§8 
23:18:16 [PROFILE_JOIN] §aYou are playing on profile: §eLemon§b (Co-op)
23:18:16 [PROFILE_JOIN] §8Profile ID: 62b760d8-92b6-4501-ada0-1fd8583f5266
23:18:18 [LOTTERY] §bNew day! §r§eYour §r§2Lottery §r§ebuff changed!
23:18:18 [LOTTERY] §eNew buff§r§r§r: §r§fGain §r§a+50 §r§6☘ Mangrove Fortune§r§f.
23:18:18 [LOTTERY] §8§oYou can disable this messaging by toggling Lottery in your /hotf!
23:18:24 [EMPTY] §8 §r§8 §r§1 §r§3 §r§3 §r§7 §r§8 
23:18:27 [PROFILE_JOIN] §aYou are playing on profile: §eLemon§b (Co-op)
23:18:27 [PROFILE_JOIN] §8Profile ID: 62b760d8-92b6-4501-ada0-1fd8583f5266
23:18:29 [LOTTERY] §bNew day! §r§eYour §r§2Lottery §r§ebuff changed!
23:18:29 [LOTTERY] §eNew buff§r§r§r: §r§fGain §r§a+50 §r§6☘ Mangrove Fortune§r§f.
23:18:29 [LOTTERY] §8§oYou can disable this messaging by toggling Lottery in your /hotf!
23:18:31 [EMPTY] §8 §r§8 §r§1 §r§3 §r§3 §r§7 §r§8 
23:18:34 [PROFILE_JOIN] §aYou are playing on profile: §eLemon§b (Co-op)
23:18:34 [PROFILE_JOIN] §8Profile ID: 62b760d8-92b6-4501-ada0-1fd8583f5266
23:18:36 [LOTTERY] §bNew day! §r§eYour §r§2Lottery §r§ebuff changed!
23:18:36 [LOTTERY] §eNew buff§r§r§r: §r§fGain §r§a+50 §r§6☘ Mangrove Fortune§r§f.
23:18:36 [LOTTERY] §8§oYou can disable this messaging by toggling Lottery in your /hotf!
23:19:08 [SACKS_CHANGE] §6[Sacks] §r§a+35§r§e items§r§e.§r§8 (Last 18s.)
23:19:18 [SACKS_CHANGE] §6[Sacks] §r§a+12§r§e items§r§e.§r§8 (Last 5s.)
23:19:22 [EMPTY] §8 §r§8 §r§1 §r§3 §r§3 §r§7 §r§8 
23:19:26 [PROFILE_JOIN] §aYou are playing on profile: §eLemon§b (Co-op)
23:19:26 [PROFILE_JOIN] §8Profile ID: 62b760d8-92b6-4501-ada0-1fd8583f5266
23:19:28 [LOTTERY] §bNew day! §r§eYour §r§2Lottery §r§ebuff changed!
23:19:28 [LOTTERY] §eNew buff§r§r§r: §r§fGain §r§a+50 §r§6☘ Mangrove Fortune§r§f.
23:19:28 [LOTTERY] §8§oYou can disable this messaging by toggling Lottery in your /hotf!
23:19:48 [SACKS_CHANGE] §6[Sacks] §r§a+4§r§e items§r§e.§r§8 (Last 5s.)
23:20:21 [SACKS_CHANGE] §6[Sacks] §r§a+41§r§e items§r§e.§r§8 (Last 18s.)
23:20:46 [SACKS_CHANGE] §6[Sacks] §r§a+11§r§e items§r§e.§r§8 (Last 8s.)
23:21:20 [SACKS_CHANGE] §6[Sacks] §r§a+56§r§e items§r§e.§r§8 (Last 28s.)
23:21:32 [EMPTY] §8 §r§8 §r§1 §r§3 §r§3 §r§7 §r§8 
23:21:35 [PROFILE_JOIN] §aYou are playing on profile: §eLemon§b (Co-op)
23:21:35 [PROFILE_JOIN] §8Profile ID: 62b760d8-92b6-4501-ada0-1fd8583f5266
23:21:37 [LOTTERY] §bNew day! §r§eYour §r§2Lottery §r§ebuff changed!
23:21:37 [LOTTERY] §eNew buff§r§r§r: §r§fGain §r§a+50 §r§6☘ Mangrove Fortune§r§f.
23:21:37 [LOTTERY] §8§oYou can disable this messaging by toggling Lottery in your /hotf!
23:21:44 [EMPTY] §8 §r§8 §r§1 §r§3 §r§3 §r§7 §r§8 
23:21:47 [PROFILE_JOIN] §aYou are playing on profile: §eLemon§b (Co-op)
23:21:47 [PROFILE_JOIN] §8Profile ID: 62b760d8-92b6-4501-ada0-1fd8583f5266
23:21:49 [LOTTERY] §bNew day! §r§eYour §r§2Lottery §r§ebuff changed!
23:21:49 [LOTTERY] §eNew buff§r§r§r: §r§fGain §r§a+50 §r§6☘ Mangrove Fortune§r§f.
23:21:49 [LOTTERY] §8§oYou can disable this messaging by toggling Lottery in your /hotf!
23:22:06 [SACKS_CHANGE] §6[Sacks] §r§a+5§r§e items§r§e.§r§8 (Last 5s.)
23:22:25 [EMPTY] 
23:22:25 [EMPTY] 
23:22:25 [EMPTY] 
23:22:25 [EMPTY] 
23:22:33 [EMPTY] §8 §r§8 §r§1 §r§3 §r§3 §r§7 §r§8 
23:22:36 [PROFILE_JOIN] §aYou are playing on profile: §eLemon§b (Co-op)
23:22:36 [PROFILE_JOIN] §8Profile ID: 62b760d8-92b6-4501-ada0-1fd8583f5266
23:22:38 [LOTTERY] §bNew day! §r§eYour §r§2Lottery §r§ebuff changed!
23:22:38 [LOTTERY] §eNew buff§r§r§r: §r§fGain §r§a+50 §r§6☘ Mangrove Fortune§r§f.
23:22:38 [LOTTERY] §8§oYou can disable this messaging by toggling Lottery in your /hotf!
23:22:50 [EMPTY] §8 §r§8 §r§1 §r§3 §r§3 §r§7 §r§8 
23:22:53 [PROFILE_JOIN] §aYou are playing on profile: §eLemon§b (Co-op)
23:22:53 [PROFILE_JOIN] §8Profile ID: 62b760d8-92b6-4501-ada0-1fd8583f5266
23:22:55 [LOTTERY] §bNew day! §r§eYour §r§2Lottery §r§ebuff changed!
23:22:55 [LOTTERY] §eNew buff§r§r§r: §r§fGain §r§a+50 §r§6☘ Mangrove Fortune§r§f.
23:22:55 [LOTTERY] §8§oYou can disable this messaging by toggling Lottery in your /hotf!
23:23:00 [EMPTY] §8 §r§8 §r§1 §r§3 §r§3 §r§7 §r§8 
23:23:03 [PROFILE_JOIN] §aYou are playing on profile: §eLemon§b (Co-op)
23:23:03 [PROFILE_JOIN] §8Profile ID: 62b760d8-92b6-4501-ada0-1fd8583f5266
23:23:05 [LOTTERY] §bNew day! §r§eYour §r§2Lottery §r§ebuff changed!
23:23:05 [LOTTERY] §eNew buff§r§r§r: §r§fGain §r§a+50 §r§6☘ Mangrove Fortune§r§f.
23:23:05 [LOTTERY] §8§oYou can disable this messaging by toggling Lottery in your /hotf!
23:23:08 [EMPTY] §8 §r§8 §r§1 §r§3 §r§3 §r§7 §r§8 
23:23:11 [PROFILE_JOIN] §aYou are playing on profile: §eLemon§b (Co-op)
23:23:11 [PROFILE_JOIN] §8Profile ID: 62b760d8-92b6-4501-ada0-1fd8583f5266
23:23:13 [LOTTERY] §bNew day! §r§eYour §r§2Lottery §r§ebuff changed!
23:23:13 [LOTTERY] §eNew buff§r§r§r: §r§fGain §r§a+50 §r§6☘ Mangrove Fortune§r§f.
23:23:13 [LOTTERY] §8§oYou can disable this messaging by toggling Lottery in your /hotf!
23:23:15 [EMPTY] §8 §r§8 §r§1 §r§3 §r§3 §r§7 §r§8 
23:23:19 [PROFILE_JOIN] §aYou are playing on profile: §eLemon§b (Co-op)
23:23:19 [PROFILE_JOIN] §8Profile ID: 62b760d8-92b6-4501-ada0-1fd8583f5266
23:23:20 [LOTTERY] §bNew day! §r§eYour §r§2Lottery §r§ebuff changed!
23:23:20 [LOTTERY] §eNew buff§r§r§r: §r§fGain §r§a+50 §r§6☘ Mangrove Fortune§r§f.
23:23:20 [LOTTERY] §8§oYou can disable this messaging by toggling Lottery in your /hotf!
23:23:23 [EMPTY] §8 §r§8 §r§1 §r§3 §r§3 §r§7 §r§8 
23:23:26 [PROFILE_JOIN] §aYou are playing on profile: §eLemon§b (Co-op)
23:23:26 [PROFILE_JOIN] §8Profile ID: 62b760d8-92b6-4501-ada0-1fd8583f5266
23:23:28 [LOTTERY] §bNew day! §r§eYour §r§2Lottery §r§ebuff changed!
23:23:28 [LOTTERY] §eNew buff§r§r§r: §r§fGain §r§a+50 §r§6☘ Mangrove Fortune§r§f.
23:23:28 [LOTTERY] §8§oYou can disable this messaging by toggling Lottery in your /hotf!
23:23:31 [EMPTY] §8 §r§8 §r§1 §r§3 §r§3 §r§7 §r§8 
23:23:34 [PROFILE_JOIN] §aYou are playing on profile: §eLemon§b (Co-op)
23:23:34 [PROFILE_JOIN] §8Profile ID: 62b760d8-92b6-4501-ada0-1fd8583f5266
23:23:36 [LOTTERY] §bNew day! §r§eYour §r§2Lottery §r§ebuff changed!
23:23:36 [LOTTERY] §eNew buff§r§r§r: §r§fGain §r§a+50 §r§6☘ Mangrove Fortune§r§f.
23:23:36 [LOTTERY] §8§oYou can disable this messaging by toggling Lottery in your /hotf!
23:23:40 [EMPTY] §8 §r§8 §r§1 §r§3 §r§3 §r§7 §r§8 
23:23:44 [PROFILE_JOIN] §aYou are playing on profile: §eLemon§b (Co-op)
23:23:44 [PROFILE_JOIN] §8Profile ID: 62b760d8-92b6-4501-ada0-1fd8583f5266
23:23:45 [LOTTERY] §bNew day! §r§eYour §r§2Lottery §r§ebuff changed!
23:23:45 [LOTTERY] §eNew buff§r§r§r: §r§fGain §r§a+50 §r§6☘ Mangrove Fortune§r§f.
23:23:45 [LOTTERY] §8§oYou can disable this messaging by toggling Lottery in your /hotf!
23:24:10 [SACKS_CHANGE] §6[Sacks] §r§a+20§r§e items§r§e.§r§8 (Last 11s.)
23:24:25 [SACKS_CHANGE] §6[Sacks] §r§a+6§r§e items§r§e.§r§8 (Last 7s.)
23:24:30 [EMPTY] 
23:24:32 [EMPTY]  
23:24:32 [EMPTY]  
23:24:32 [EMPTY]  
23:24:50 [SACKS_CHANGE] §6[Sacks] §r§a+8§r§e items§r§e.§r§8 (Last 9s.)
23:24:53 [EMPTY] §8 §r§8 §r§1 §r§3 §r§3 §r§7 §r§8 
23:24:56 [PROFILE_JOIN] §aYou are playing on profile: §eLemon§b (Co-op)
23:24:56 [PROFILE_JOIN] §8Profile ID: 62b760d8-92b6-4501-ada0-1fd8583f5266
23:24:58 [LOTTERY] §bNew day! §r§eYour §r§2Lottery §r§ebuff changed!
23:24:58 [LOTTERY] §eNew buff§r§r§r: §r§fGain §r§a+50 §r§6☘ Mangrove Fortune§r§f.
23:24:58 [LOTTERY] §8§oYou can disable this messaging by toggling Lottery in your /hotf!
23:24:59 [EMPTY] §8 §r§8 §r§1 §r§3 §r§3 §r§7 §r§8 
23:25:02 [PROFILE_JOIN] §aYou are playing on profile: §eLemon§b (Co-op)
23:25:02 [PROFILE_JOIN] §8Profile ID: 62b760d8-92b6-4501-ada0-1fd8583f5266
23:25:04 [LOTTERY] §bNew day! §r§eYour §r§2Lottery §r§ebuff changed!
23:25:04 [LOTTERY] §eNew buff§r§r§r: §r§fGain §r§a+50 §r§6☘ Mangrove Fortune§r§f.
23:25:04 [LOTTERY] §8§oYou can disable this messaging by toggling Lottery in your /hotf!
23:25:47 [EMPTY] §8 §r§8 §r§1 §r§3 §r§3 §r§7 §r§8 
23:25:50 [PROFILE_JOIN] §aYou are playing on profile: §eLemon§b (Co-op)
23:25:50 [PROFILE_JOIN] §8Profile ID: 62b760d8-92b6-4501-ada0-1fd8583f5266
23:25:51 [LOTTERY] §bNew day! §r§eYour §r§2Lottery §r§ebuff changed!
23:25:51 [LOTTERY] §eNew buff§r§r§r: §r§fGain §r§a+50 §r§6☘ Mangrove Fortune§r§f.
23:25:51 [LOTTERY] §8§oYou can disable this messaging by toggling Lottery in your /hotf!
23:26:03 [EMPTY] §8 §r§8 §r§1 §r§3 §r§3 §r§7 §r§8 
23:26:06 [PROFILE_JOIN] §aYou are playing on profile: §eLemon§b (Co-op)
23:26:06 [PROFILE_JOIN] §8Profile ID: 62b760d8-92b6-4501-ada0-1fd8583f5266
23:26:08 [LOTTERY] §bNew day! §r§eYour §r§2Lottery §r§ebuff changed!
23:26:08 [LOTTERY] §eNew buff§r§r§r: §r§fGain §r§a+50 §r§6☘ Mangrove Fortune§r§f.
23:26:08 [LOTTERY] §8§oYou can disable this messaging by toggling Lottery in your /hotf!
23:26:18 [EMPTY] §f §r§r§r§f §r§r§r§1 §r§r§r§0 §r§r§r§2 §r§r§r§f §r§r§r§f §r§r§r§2 §r§r§r§0 §r§r§r§4 §r§r§r§3 §r§r§r§9 §r§r§r§2 §r§r§r§0 §r§r§r§0 §r§r§r§3 §r§r§r§9 §r§r§r§2 §r§r§r§0 §r§r§r§0 §r§r§r§3 §r§r§r§9 §r§r§r§2 §r§r§r§0 §r§r§r§0 
23:27:52 [EMPTY] §8 §r§8 §r§1 §r§3 §r§3 §r§7 §r§8 
23:27:55 [EMPTY] 
23:27:55 [WELCOME] §eWelcome to §r§aHypixel SkyBlock§r§e!
23:27:55 [EMPTY] 
23:27:56 [PROFILE_JOIN] §aYou are playing on profile: §eLemon§b (Co-op)
23:27:56 [PROFILE_JOIN] §8Profile ID: 62b760d8-92b6-4501-ada0-1fd8583f5266
23:27:57 [LOTTERY] §bNew day! §r§eYour §r§2Lottery §r§ebuff changed!
23:27:57 [LOTTERY] §eNew buff§r§r§r: §r§fGain §r§a+50 §r§6☘ Mangrove Fortune§r§f.
23:27:57 [LOTTERY] §8§oYou can disable this messaging by toggling Lottery in your /hotf!
23:28:00 [EMPTY] §8 §r§8 §r§1 §r§3 §r§3 §r§7 §r§8 
23:28:03 [PROFILE_JOIN] §aYou are playing on profile: §eLemon§b (Co-op)
23:28:03 [PROFILE_JOIN] §8Profile ID: 62b760d8-92b6-4501-ada0-1fd8583f5266
23:28:05 [LOTTERY] §bNew day! §r§eYour §r§2Lottery §r§ebuff changed!
23:28:05 [LOTTERY] §eNew buff§r§r§r: §r§fGain §r§a+50 §r§6☘ Mangrove Fortune§r§f.
23:28:05 [LOTTERY] §8§oYou can disable this messaging by toggling Lottery in your /hotf!
23:28:09 [EMPTY] §8 §r§8 §r§1 §r§3 §r§3 §r§7 §r§8 
23:28:12 [PROFILE_JOIN] §aYou are playing on profile: §eLemon§b (Co-op)
23:28:12 [PROFILE_JOIN] §8Profile ID: 62b760d8-92b6-4501-ada0-1fd8583f5266
23:28:14 [LOTTERY] §bNew day! §r§eYour §r§2Lottery §r§ebuff changed!
23:28:14 [LOTTERY] §eNew buff§r§r§r: §r§fGain §r§a+50 §r§6☘ Mangrove Fortune§r§f.
23:28:14 [LOTTERY] §8§oYou can disable this messaging by toggling Lottery in your /hotf!
23:28:20 [EMPTY] §8 §r§8 §r§1 §r§3 §r§3 §r§7 §r§8 
23:28:23 [PROFILE_JOIN] §aYou are playing on profile: §eLemon§b (Co-op)
23:28:23 [PROFILE_JOIN] §8Profile ID: 62b760d8-92b6-4501-ada0-1fd8583f5266
23:28:25 [LOTTERY] §bNew day! §r§eYour §r§2Lottery §r§ebuff changed!
23:28:25 [LOTTERY] §eNew buff§r§r§r: §r§fGain §r§a+50 §r§6☘ Mangrove Fortune§r§f.
23:28:25 [LOTTERY] §8§oYou can disable this messaging by toggling Lottery in your /hotf!
23:28:27 [EMPTY] §8 §r§8 §r§1 §r§3 §r§3 §r§7 §r§8 
23:28:31 [PROFILE_JOIN] §aYou are playing on profile: §eLemon§b (Co-op)
23:28:31 [PROFILE_JOIN] §8Profile ID: 62b760d8-92b6-4501-ada0-1fd8583f5266
23:28:32 [LOTTERY] §bNew day! §r§eYour §r§2Lottery §r§ebuff changed!
23:28:32 [LOTTERY] §eNew buff§r§r§r: §r§fGain §r§a+50 §r§6☘ Mangrove Fortune§r§f.
23:28:32 [LOTTERY] §8§oYou can disable this messaging by toggling Lottery in your /hotf!
23:28:35 [EMPTY] §8 §r§8 §r§1 §r§3 §r§3 §r§7 §r§8 
23:28:39 [PROFILE_JOIN] §aYou are playing on profile: §eLemon§b (Co-op)
23:28:39 [PROFILE_JOIN] §8Profile ID: 62b760d8-92b6-4501-ada0-1fd8583f5266
23:28:40 [LOTTERY] §bNew day! §r§eYour §r§2Lottery §r§ebuff changed!
23:28:40 [LOTTERY] §eNew buff§r§r§r: §r§fGain §r§a+50 §r§6☘ Mangrove Fortune§r§f.
23:28:40 [LOTTERY] §8§oYou can disable this messaging by toggling Lottery in your /hotf!
23:28:43 [EMPTY] §8 §r§8 §r§1 §r§3 §r§3 §r§7 §r§8 
23:28:46 [PROFILE_JOIN] §aYou are playing on profile: §eLemon§b (Co-op)
23:28:46 [PROFILE_JOIN] §8Profile ID: 62b760d8-92b6-4501-ada0-1fd8583f5266
23:28:47 [EMPTY] §8 §r§8 §r§1 §r§3 §r§3 §r§7 §r§8 
23:28:50 [PROFILE_JOIN] §aYou are playing on profile: §eLemon§b (Co-op)
23:28:50 [PROFILE_JOIN] §8Profile ID: 62b760d8-92b6-4501-ada0-1fd8583f5266
23:28:51 [EMPTY] §8 §r§8 §r§1 §r§3 §r§3 §r§7 §r§8 
23:28:54 [PROFILE_JOIN] §aYou are playing on profile: §eLemon§b (Co-op)
23:28:54 [PROFILE_JOIN] §8Profile ID: 62b760d8-92b6-4501-ada0-1fd8583f5266
23:28:56 [LOTTERY] §bNew day! §r§eYour §r§2Lottery §r§ebuff changed!
23:28:56 [LOTTERY] §eNew buff§r§r§r: §r§fGain §r§a+50 §r§6☘ Mangrove Fortune§r§f.
23:28:56 [LOTTERY] §8§oYou can disable this messaging by toggling Lottery in your /hotf!
23:29:04 [EMPTY] §8 §r§8 §r§1 §r§3 §r§3 §r§7 §r§8 
23:29:07 [PROFILE_JOIN] §aYou are playing on profile: §eLemon§b (Co-op)
23:29:07 [PROFILE_JOIN] §8Profile ID: 62b760d8-92b6-4501-ada0-1fd8583f5266
23:29:09 [LOTTERY] §bNew day! §r§eYour §r§2Lottery §r§ebuff changed!
23:29:09 [LOTTERY] §eNew buff§r§r§r: §r§fGain §r§a+50 §r§6☘ Mangrove Fortune§r§f.
23:29:09 [LOTTERY] §8§oYou can disable this messaging by toggling Lottery in your /hotf!
23:30:04 [SACKS_CHANGE] §6[Sacks] §r§a+3§r§e items§r§e.§r§8 (Last 5s.)
23:30:11 [EMPTY] §8 §r§8 §r§1 §r§3 §r§3 §r§7 §r§8 
23:30:14 [PROFILE_JOIN] §aYou are playing on profile: §eLemon§b (Co-op)
23:30:14 [PROFILE_JOIN] §8Profile ID: 62b760d8-92b6-4501-ada0-1fd8583f5266
23:30:15 [LOTTERY] §bNew day! §r§eYour §r§2Lottery §r§ebuff changed!
23:30:15 [LOTTERY] §eNew buff§r§r§r: §r§fGain §r§a+50 §r§6☘ Mangrove Fortune§r§f.
23:30:15 [LOTTERY] §8§oYou can disable this messaging by toggling Lottery in your /hotf!
23:30:53 [EMPTY] §8 §r§8 §r§1 §r§3 §r§3 §r§7 §r§8 
23:30:56 [PROFILE_JOIN] §aYou are playing on profile: §eLemon§b (Co-op)
23:30:56 [PROFILE_JOIN] §8Profile ID: 62b760d8-92b6-4501-ada0-1fd8583f5266
23:30:58 [LOTTERY] §bNew day! §r§eYour §r§2Lottery §r§ebuff changed!
23:30:58 [LOTTERY] §eNew buff§r§r§r: §r§fGain §r§a+50 §r§6☘ Mangrove Fortune§r§f.
23:30:58 [LOTTERY] §8§oYou can disable this messaging by toggling Lottery in your /hotf!
23:31:19 [EMPTY] §8 §r§8 §r§1 §r§3 §r§3 §r§7 §r§8 
23:31:23 [PROFILE_JOIN] §aYou are playing on profile: §eLemon§b (Co-op)
23:31:23 [PROFILE_JOIN] §8Profile ID: 62b760d8-92b6-4501-ada0-1fd8583f5266
23:31:24 [LOTTERY] §bNew day! §r§eYour §r§2Lottery §r§ebuff changed!
23:31:24 [LOTTERY] §eNew buff§r§r§r: §r§fGain §r§a+50 §r§6☘ Mangrove Fortune§r§f.
23:31:24 [LOTTERY] §8§oYou can disable this messaging by toggling Lottery in your /hotf!
23:31:50 [EMPTY] §8 §r§8 §r§1 §r§3 §r§3 §r§7 §r§8 
23:31:53 [PROFILE_JOIN] §aYou are playing on profile: §eLemon§b (Co-op)
23:31:53 [PROFILE_JOIN] §8Profile ID: 62b760d8-92b6-4501-ada0-1fd8583f5266
23:31:55 [LOTTERY] §bNew day! §r§eYour §r§2Lottery §r§ebuff changed!
23:31:55 [LOTTERY] §eNew buff§r§r§r: §r§fGain §r§a+50 §r§6☘ Mangrove Fortune§r§f.
23:31:55 [LOTTERY] §8§oYou can disable this messaging by toggling Lottery in your /hotf!
23:32:00 [EMPTY] §8 §r§8 §r§1 §r§3 §r§3 §r§7 §r§8 
23:32:03 [PROFILE_JOIN] §aYou are playing on profile: §eLemon§b (Co-op)
23:32:03 [PROFILE_JOIN] §8Profile ID: 62b760d8-92b6-4501-ada0-1fd8583f5266
23:32:05 [LOTTERY] §bNew day! §r§eYour §r§2Lottery §r§ebuff changed!
23:32:05 [LOTTERY] §eNew buff§r§r§r: §r§fGain §r§a+50 §r§6☘ Mangrove Fortune§r§f.
23:32:05 [LOTTERY] §8§oYou can disable this messaging by toggling Lottery in your /hotf!
23:32:11 [EMPTY] §8 §r§8 §r§1 §r§3 §r§3 §r§7 §r§8 
23:32:15 [PROFILE_JOIN] §aYou are playing on profile: §eLemon§b (Co-op)
23:32:15 [PROFILE_JOIN] §8Profile ID: 62b760d8-92b6-4501-ada0-1fd8583f5266
23:32:16 [LOTTERY] §bNew day! §r§eYour §r§2Lottery §r§ebuff changed!
23:32:16 [LOTTERY] §eNew buff§r§r§r: §r§fGain §r§a+50 §r§6☘ Mangrove Fortune§r§f.
23:32:16 [LOTTERY] §8§oYou can disable this messaging by toggling Lottery in your /hotf!
23:32:21 [EMPTY] §8 §r§8 §r§1 §r§3 §r§3 §r§7 §r§8 
23:32:24 [PROFILE_JOIN] §aYou are playing on profile: §eLemon§b (Co-op)
23:32:24 [PROFILE_JOIN] §8Profile ID: 62b760d8-92b6-4501-ada0-1fd8583f5266
23:32:26 [LOTTERY] §bNew day! §r§eYour §r§2Lottery §r§ebuff changed!
23:32:26 [LOTTERY] §eNew buff§r§r§r: §r§fGain §r§a+50 §r§6☘ Mangrove Fortune§r§f.
23:32:26 [LOTTERY] §8§oYou can disable this messaging by toggling Lottery in your /hotf!
23:32:28 [EMPTY] §8 §r§8 §r§1 §r§3 §r§3 §r§7 §r§8 
23:32:31 [PROFILE_JOIN] §aYou are playing on profile: §eLemon§b (Co-op)
23:32:31 [PROFILE_JOIN] §8Profile ID: 62b760d8-92b6-4501-ada0-1fd8583f5266
23:32:33 [LOTTERY] §bNew day! §r§eYour §r§2Lottery §r§ebuff changed!
23:32:33 [LOTTERY] §eNew buff§r§r§r: §r§fGain §r§a+50 §r§6☘ Mangrove Fortune§r§f.
23:32:33 [LOTTERY] §8§oYou can disable this messaging by toggling Lottery in your /hotf!
23:32:35 [EMPTY] §8 §r§8 §r§1 §r§3 §r§3 §r§7 §r§8 
23:32:38 [PROFILE_JOIN] §aYou are playing on profile: §eLemon§b (Co-op)
23:32:38 [PROFILE_JOIN] §8Profile ID: 62b760d8-92b6-4501-ada0-1fd8583f5266
23:32:40 [LOTTERY] §bNew day! §r§eYour §r§2Lottery §r§ebuff changed!
23:32:40 [LOTTERY] §eNew buff§r§r§r: §r§fGain §r§a+50 §r§6☘ Mangrove Fortune§r§f.
23:32:40 [LOTTERY] §8§oYou can disable this messaging by toggling Lottery in your /hotf!
23:32:42 [EMPTY] §8 §r§8 §r§1 §r§3 §r§3 §r§7 §r§8 
23:32:46 [PROFILE_JOIN] §aYou are playing on profile: §eLemon§b (Co-op)
23:32:46 [PROFILE_JOIN] §8Profile ID: 62b760d8-92b6-4501-ada0-1fd8583f5266
23:32:47 [LOTTERY] §bNew day! §r§eYour §r§2Lottery §r§ebuff changed!
23:32:47 [LOTTERY] §eNew buff§r§r§r: §r§fGain §r§a+50 §r§6☘ Mangrove Fortune§r§f.
23:32:47 [LOTTERY] §8§oYou can disable this messaging by toggling Lottery in your /hotf!
23:32:59 [EMPTY] §8 §r§8 §r§1 §r§3 §r§3 §r§7 §r§8 
23:33:02 [PROFILE_JOIN] §aYou are playing on profile: §eLemon§b (Co-op)
23:33:02 [PROFILE_JOIN] §8Profile ID: 62b760d8-92b6-4501-ada0-1fd8583f5266
23:33:04 [LOTTERY] §bNew day! §r§eYour §r§2Lottery §r§ebuff changed!
23:33:04 [LOTTERY] §eNew buff§r§r§r: §r§fGain §r§a+50 §r§6☘ Mangrove Fortune§r§f.
23:33:04 [LOTTERY] §8§oYou can disable this messaging by toggling Lottery in your /hotf!
23:33:06 [EMPTY] §8 §r§8 §r§1 §r§3 §r§3 §r§7 §r§8 
23:33:09 [PROFILE_JOIN] §aYou are playing on profile: §eLemon§b (Co-op)
23:33:09 [PROFILE_JOIN] §8Profile ID: 62b760d8-92b6-4501-ada0-1fd8583f5266
23:33:11 [LOTTERY] §bNew day! §r§eYour §r§2Lottery §r§ebuff changed!
23:33:11 [LOTTERY] §eNew buff§r§r§r: §r§fGain §r§a+50 §r§6☘ Mangrove Fortune§r§f.
23:33:11 [LOTTERY] §8§oYou can disable this messaging by toggling Lottery in your /hotf!
23:33:14 [EMPTY] §8 §r§8 §r§1 §r§3 §r§3 §r§7 §r§8 
23:33:17 [PROFILE_JOIN] §aYou are playing on profile: §eLemon§b (Co-op)
23:33:17 [PROFILE_JOIN] §8Profile ID: 62b760d8-92b6-4501-ada0-1fd8583f5266
23:33:18 [LOTTERY] §bNew day! §r§eYour §r§2Lottery §r§ebuff changed!
23:33:18 [LOTTERY] §eNew buff§r§r§r: §r§fGain §r§a+50 §r§6☘ Mangrove Fortune§r§f.
23:33:18 [LOTTERY] §8§oYou can disable this messaging by toggling Lottery in your /hotf!
23:33:25 [EMPTY] §8 §r§8 §r§1 §r§3 §r§3 §r§7 §r§8 
23:33:28 [PROFILE_JOIN] §aYou are playing on profile: §eLemon§b (Co-op)
23:33:28 [PROFILE_JOIN] §8Profile ID: 62b760d8-92b6-4501-ada0-1fd8583f5266
23:33:30 [LOTTERY] §bNew day! §r§eYour §r§2Lottery §r§ebuff changed!
23:33:30 [LOTTERY] §eNew buff§r§r§r: §r§fGain §r§a+50 §r§6☘ Mangrove Fortune§r§f.
23:33:30 [LOTTERY] §8§oYou can disable this messaging by toggling Lottery in your /hotf!
23:34:13 [SACKS_CHANGE] §6[Sacks] §r§a+91§r§e items§r§e.§r§8 (Last 30s.)
23:34:19 [SACKS_CHANGE] §6[Sacks] §r§a+5§r§e items§r§e.§r§8 (Last 5s.)
23:34:23 [EMPTY] §8 §r§8 §r§1 §r§3 §r§3 §r§7 §r§8 
23:34:26 [PROFILE_JOIN] §aYou are playing on profile: §eLemon§b (Co-op)
23:34:26 [PROFILE_JOIN] §8Profile ID: 62b760d8-92b6-4501-ada0-1fd8583f5266
23:34:28 [LOTTERY] §bNew day! §r§eYour §r§2Lottery §r§ebuff changed!
23:34:28 [LOTTERY] §eNew buff§r§r§r: §r§fGain §r§a+50 §r§6☘ Mangrove Fortune§r§f.
23:34:28 [LOTTERY] §8§oYou can disable this messaging by toggling Lottery in your /hotf!
23:34:33 [EMPTY] §8 §r§8 §r§1 §r§3 §r§3 §r§7 §r§8 
23:34:36 [PROFILE_JOIN] §aYou are playing on profile: §eLemon§b (Co-op)
23:34:36 [PROFILE_JOIN] §8Profile ID: 62b760d8-92b6-4501-ada0-1fd8583f5266
23:34:37 [LOTTERY] §bNew day! §r§eYour §r§2Lottery §r§ebuff changed!
23:34:37 [LOTTERY] §eNew buff§r§r§r: §r§fGain §r§a+50 §r§6☘ Mangrove Fortune§r§f.
23:34:37 [LOTTERY] §8§oYou can disable this messaging by toggling Lottery in your /hotf!
23:34:42 [EMPTY] §8 §r§8 §r§1 §r§3 §r§3 §r§7 §r§8 
23:34:46 [PROFILE_JOIN] §aYou are playing on profile: §eLemon§b (Co-op)
23:34:46 [PROFILE_JOIN] §8Profile ID: 62b760d8-92b6-4501-ada0-1fd8583f5266
23:34:47 [LOTTERY] §bNew day! §r§eYour §r§2Lottery §r§ebuff changed!
23:34:47 [LOTTERY] §eNew buff§r§r§r: §r§fGain §r§a+50 §r§6☘ Mangrove Fortune§r§f.
23:34:47 [LOTTERY] §8§oYou can disable this messaging by toggling Lottery in your /hotf!
23:35:01 [LOTTERY] §bNew day! §r§eYour §r§2Lottery §r§ebuff changed!
23:35:01 [LOTTERY] §eNew buff§r§r§r: §r§fGain §r§a+50 §r§6☘ Fig Fortune§r§f.
23:35:01 [LOTTERY] §8§oYou can disable this messaging by toggling Lottery in your /hotf!
23:35:01 [EMPTY] §8 §r§8 §r§1 §r§3 §r§3 §r§7 §r§8 
23:35:04 [PROFILE_JOIN] §aYou are playing on profile: §eLemon§b (Co-op)
23:35:04 [PROFILE_JOIN] §8Profile ID: 62b760d8-92b6-4501-ada0-1fd8583f5266
23:35:06 [LOTTERY] §bNew day! §r§eYour §r§2Lottery §r§ebuff changed!
23:35:06 [LOTTERY] §eNew buff§r§r§r: §r§fGain §r§a+50 §r§6☘ Fig Fortune§r§f.
23:35:06 [LOTTERY] §8§oYou can disable this messaging by toggling Lottery in your /hotf!
23:35:26 [EMPTY] §8 §r§8 §r§1 §r§3 §r§3 §r§7 §r§8 
23:35:29 [PROFILE_JOIN] §aYou are playing on profile: §eLemon§b (Co-op)
23:35:29 [PROFILE_JOIN] §8Profile ID: 62b760d8-92b6-4501-ada0-1fd8583f5266
23:35:31 [LOTTERY] §bNew day! §r§eYour §r§2Lottery §r§ebuff changed!
23:35:31 [LOTTERY] §eNew buff§r§r§r: §r§fGain §r§a+50 §r§6☘ Fig Fortune§r§f.
23:35:31 [LOTTERY] §8§oYou can disable this messaging by toggling Lottery in your /hotf!
23:35:34 [EMPTY] §8 §r§8 §r§1 §r§3 §r§3 §r§7 §r§8 
23:35:38 [PROFILE_JOIN] §aYou are playing on profile: §eLemon§b (Co-op)
23:35:38 [PROFILE_JOIN] §8Profile ID: 62b760d8-92b6-4501-ada0-1fd8583f5266
23:35:39 [LOTTERY] §bNew day! §r§eYour §r§2Lottery §r§ebuff changed!
23:35:39 [LOTTERY] §eNew buff§r§r§r: §r§fGain §r§a+50 §r§6☘ Fig Fortune§r§f.
23:35:39 [LOTTERY] §8§oYou can disable this messaging by toggling Lottery in your /hotf!
23:35:42 [EMPTY] §8 §r§8 §r§1 §r§3 §r§3 §r§7 §r§8 
23:35:45 [PROFILE_JOIN] §aYou are playing on profile: §eLemon§b (Co-op)
23:35:45 [PROFILE_JOIN] §8Profile ID: 62b760d8-92b6-4501-ada0-1fd8583f5266
23:35:46 [LOTTERY] §bNew day! §r§eYour §r§2Lottery §r§ebuff changed!
23:35:46 [LOTTERY] §eNew buff§r§r§r: §r§fGain §r§a+50 §r§6☘ Fig Fortune§r§f.
23:35:46 [LOTTERY] §8§oYou can disable this messaging by toggling Lottery in your /hotf!
23:35:52 [EMPTY] §8 §r§8 §r§1 §r§3 §r§3 §r§7 §r§8 
23:35:55 [PROFILE_JOIN] §aYou are playing on profile: §eLemon§b (Co-op)
23:35:55 [PROFILE_JOIN] §8Profile ID: 62b760d8-92b6-4501-ada0-1fd8583f5266
23:35:57 [LOTTERY] §bNew day! §r§eYour §r§2Lottery §r§ebuff changed!
23:35:57 [LOTTERY] §eNew buff§r§r§r: §r§fGain §r§a+50 §r§6☘ Fig Fortune§r§f.
23:35:57 [LOTTERY] §8§oYou can disable this messaging by toggling Lottery in your /hotf!
23:36:41 [SACKS_CHANGE] §6[Sacks] §r§a+79§r§e items§r§e.§r§8 (Last 30s.)
23:36:53 [EMPTY] §8 §r§8 §r§1 §r§3 §r§3 §r§7 §r§8 
23:36:56 [PROFILE_JOIN] §aYou are playing on profile: §eLemon§b (Co-op)
23:36:56 [PROFILE_JOIN] §8Profile ID: 62b760d8-92b6-4501-ada0-1fd8583f5266
23:36:58 [LOTTERY] §bNew day! §r§eYour §r§2Lottery §r§ebuff changed!
23:36:58 [LOTTERY] §eNew buff§r§r§r: §r§fGain §r§a+50 §r§6☘ Fig Fortune§r§f.
23:36:58 [LOTTERY] §8§oYou can disable this messaging by toggling Lottery in your /hotf!
23:37:15 [EMPTY] §8 §r§8 §r§1 §r§3 §r§3 §r§7 §r§8 
23:37:21 [PROFILE_JOIN] §aYou are playing on profile: §eLemon§b (Co-op)
23:37:21 [PROFILE_JOIN] §8Profile ID: 62b760d8-92b6-4501-ada0-1fd8583f5266
23:37:24 [LOTTERY] §bNew day! §r§eYour §r§2Lottery §r§ebuff changed!
23:37:24 [LOTTERY] §eNew buff§r§r§r: §r§fGain §r§a+50 §r§6☘ Fig Fortune§r§f.
23:37:24 [LOTTERY] §8§oYou can disable this messaging by toggling Lottery in your /hotf!
23:37:45 [EMPTY] §8 §r§8 §r§1 §r§3 §r§3 §r§7 §r§8 
23:37:48 [PROFILE_JOIN] §aYou are playing on profile: §eLemon§b (Co-op)
23:37:48 [PROFILE_JOIN] §8Profile ID: 62b760d8-92b6-4501-ada0-1fd8583f5266
23:37:50 [LOTTERY] §bNew day! §r§eYour §r§2Lottery §r§ebuff changed!
23:37:50 [LOTTERY] §eNew buff§r§r§r: §r§fGain §r§a+50 §r§6☘ Fig Fortune§r§f.
23:37:50 [LOTTERY] §8§oYou can disable this messaging by toggling Lottery in your /hotf!
23:38:05 [EMPTY] §8 §r§8 §r§1 §r§3 §r§3 §r§7 §r§8 
23:38:08 [PROFILE_JOIN] §aYou are playing on profile: §eLemon§b (Co-op)
23:38:08 [PROFILE_JOIN] §8Profile ID: 62b760d8-92b6-4501-ada0-1fd8583f5266
23:38:10 [LOTTERY] §bNew day! §r§eYour §r§2Lottery §r§ebuff changed!
23:38:10 [LOTTERY] §eNew buff§r§r§r: §r§fGain §r§a+50 §r§6☘ Fig Fortune§r§f.
23:38:10 [LOTTERY] §8§oYou can disable this messaging by toggling Lottery in your /hotf!
23:38:25 [EMPTY] §8 §r§8 §r§1 §r§3 §r§3 §r§7 §r§8 
23:38:28 [PROFILE_JOIN] §aYou are playing on profile: §eLemon§b (Co-op)
23:38:28 [PROFILE_JOIN] §8Profile ID: 62b760d8-92b6-4501-ada0-1fd8583f5266
23:38:30 [LOTTERY] §bNew day! §r§eYour §r§2Lottery §r§ebuff changed!
23:38:30 [LOTTERY] §eNew buff§r§r§r: §r§fGain §r§a+50 §r§6☘ Fig Fortune§r§f.
23:38:30 [LOTTERY] §8§oYou can disable this messaging by toggling Lottery in your /hotf!
23:38:36 [EMPTY] §8 §r§8 §r§1 §r§3 §r§3 §r§7 §r§8 
23:38:39 [PROFILE_JOIN] §aYou are playing on profile: §eLemon§b (Co-op)
23:38:39 [PROFILE_JOIN] §8Profile ID: 62b760d8-92b6-4501-ada0-1fd8583f5266
23:38:41 [LOTTERY] §bNew day! §r§eYour §r§2Lottery §r§ebuff changed!
23:38:41 [LOTTERY] §eNew buff§r§r§r: §r§fGain §r§a+50 §r§6☘ Fig Fortune§r§f.
23:38:41 [LOTTERY] §8§oYou can disable this messaging by toggling Lottery in your /hotf!
23:38:43 [GUILD_EXP] §aYou earned §r§2125 GEXP §r§afrom playing SkyBlock!
23:38:48 [SACKS_CHANGE] §6[Sacks] §r§a+2§r§e items§r§e.§r§8 (Last 5s.)
23:38:57 [SACKS_CHANGE] §6[Sacks] §r§a+9§r§e items§r§e.§r§8 (Last 8s.)
23:39:06 [EMPTY] §8 §r§8 §r§1 §r§3 §r§3 §r§7 §r§8 
23:39:10 [PROFILE_JOIN] §aYou are playing on profile: §eLemon§b (Co-op)
23:39:10 [PROFILE_JOIN] §8Profile ID: 62b760d8-92b6-4501-ada0-1fd8583f5266
23:39:11 [LOTTERY] §bNew day! §r§eYour §r§2Lottery §r§ebuff changed!
23:39:11 [LOTTERY] §eNew buff§r§r§r: §r§fGain §r§a+50 §r§6☘ Fig Fortune§r§f.
23:39:11 [LOTTERY] §8§oYou can disable this messaging by toggling Lottery in your /hotf!
23:39:46 [EMPTY] §8 §r§8 §r§1 §r§3 §r§3 §r§7 §r§8 
23:39:49 [PROFILE_JOIN] §aYou are playing on profile: §eLemon§b (Co-op)
23:39:49 [PROFILE_JOIN] §8Profile ID: 62b760d8-92b6-4501-ada0-1fd8583f5266
23:39:51 [LOTTERY] §bNew day! §r§eYour §r§2Lottery §r§ebuff changed!
23:39:51 [LOTTERY] §eNew buff§r§r§r: §r§fGain §r§a+50 §r§6☘ Fig Fortune§r§f.
23:39:51 [LOTTERY] §8§oYou can disable this messaging by toggling Lottery in your /hotf!
23:40:00 [EMPTY] §8 §r§8 §r§1 §r§3 §r§3 §r§7 §r§8 
23:40:03 [PROFILE_JOIN] §aYou are playing on profile: §eLemon§b (Co-op)
23:40:03 [PROFILE_JOIN] §8Profile ID: 62b760d8-92b6-4501-ada0-1fd8583f5266
23:40:05 [LOTTERY] §bNew day! §r§eYour §r§2Lottery §r§ebuff changed!
23:40:05 [LOTTERY] §eNew buff§r§r§r: §r§fGain §r§a+50 §r§6☘ Fig Fortune§r§f.
23:40:05 [LOTTERY] §8§oYou can disable this messaging by toggling Lottery in your /hotf!
23:40:41 [COMPACT_HOPPITY] §D§LHOPPITY'S HUNT §7You found §fAlpha §7(§F§LCOMMON§7)!
23:40:41 [COMPACT_HOPPITY] §d§lNEW RABBIT! §6+1 Chocolate §7and §6+0.002x Chocolate §7per second!
23:40:41 [COMPACT_HOPPITY] §D§LHOPPITY'S HUNT §7You found §aBeta §7(§A§LUNCOMMON§7)!
23:40:41 [COMPACT_HOPPITY] §d§lNEW RABBIT! §6+2 Chocolate §7and §6+0.003x Chocolate §7per second!
23:40:42 [COMPACT_HOPPITY] §D§LHOPPITY'S HUNT §7You found §9Gamma §7(§9§LRARE§7)!
23:40:42 [COMPACT_HOPPITY] §d§lNEW RABBIT! §6+4 Chocolate §7and §6+0.004x Chocolate §7per second!
23:40:43 [COMPACT_HOPPITY] §D§LHOPPITY'S HUNT §7You found §5Delta §7(§5§LEPIC§7)!
23:40:43 [COMPACT_HOPPITY] §d§lNEW RABBIT! §6+10 Chocolate §7and §6+0.005x Chocolate §7per second!
23:42:04 [EMPTY] §8 §r§8 §r§1 §r§3 §r§3 §r§7 §r§8 
23:42:07 [PROFILE_JOIN] §aYou are playing on profile: §eLemon§b (Co-op)
23:42:07 [PROFILE_JOIN] §8Profile ID: 62b760d8-92b6-4501-ada0-1fd8583f5266
23:42:09 [LOTTERY] §bNew day! §r§eYour §r§2Lottery §r§ebuff changed!
23:42:09 [LOTTERY] §eNew buff§r§r§r: §r§fGain §r§a+50 §r§6☘ Fig Fortune§r§f.
23:42:09 [LOTTERY] §8§oYou can disable this messaging by toggling Lottery in your /hotf!
23:42:22 [EMPTY] §8 §r§8 §r§1 §r§3 §r§3 §r§7 §r§8 
23:42:25 [PROFILE_JOIN] §aYou are playing on profile: §eLemon§b (Co-op)
23:42:25 [PROFILE_JOIN] §8Profile ID: 62b760d8-92b6-4501-ada0-1fd8583f5266
23:42:27 [LOTTERY] §bNew day! §r§eYour §r§2Lottery §r§ebuff changed!
23:42:27 [LOTTERY] §eNew buff§r§r§r: §r§fGain §r§a+50 §r§6☘ Fig Fortune§r§f.
23:42:27 [LOTTERY] §8§oYou can disable this messaging by toggling Lottery in your /hotf!
23:42:39 [EMPTY] §8 §r§8 §r§1 §r§3 §r§3 §r§7 §r§8 
23:42:42 [PROFILE_JOIN] §aYou are playing on profile: §eLemon§b (Co-op)
23:42:42 [PROFILE_JOIN] §8Profile ID: 62b760d8-92b6-4501-ada0-1fd8583f5266
23:42:44 [LOTTERY] §bNew day! §r§eYour §r§2Lottery §r§ebuff changed!
23:42:44 [LOTTERY] §eNew buff§r§r§r: §r§fGain §r§a+50 §r§6☘ Fig Fortune§r§f.
23:42:44 [LOTTERY] §8§oYou can disable this messaging by toggling Lottery in your /hotf!
23:42:47 [EMPTY] §8 §r§8 §r§1 §r§3 §r§3 §r§7 §r§8 
23:42:50 [PROFILE_JOIN] §aYou are playing on profile: §eLemon§b (Co-op)
23:42:50 [PROFILE_JOIN] §8Profile ID: 62b760d8-92b6-4501-ada0-1fd8583f5266
23:42:52 [LOTTERY] §bNew day! §r§eYour §r§2Lottery §r§ebuff changed!
23:42:52 [LOTTERY] §eNew buff§r§r§r: §r§fGain §r§a+50 §r§6☘ Fig Fortune§r§f.
23:42:52 [LOTTERY] §8§oYou can disable this messaging by toggling Lottery in your /hotf!
23:42:56 [EMPTY] §8 §r§8 §r§1 §r§3 §r§3 §r§7 §r§8 
23:42:59 [PROFILE_JOIN] §aYou are playing on profile: §eLemon§b (Co-op)
23:42:59 [PROFILE_JOIN] §8Profile ID: 62b760d8-92b6-4501-ada0-1fd8583f5266
23:43:01 [LOTTERY] §bNew day! §r§eYour §r§2Lottery §r§ebuff changed!
23:43:01 [LOTTERY] §eNew buff§r§r§r: §r§fGain §r§a+50 §r§6☘ Fig Fortune§r§f.
23:43:01 [LOTTERY] §8§oYou can disable this messaging by toggling Lottery in your /hotf!
23:43:28 [SACKS_CHANGE] §6[Sacks] §r§a+8§r§e items§r§e.§r§8 (Last 10s.)
23:43:40 [SACKS_CHANGE] §6[Sacks] §r§a+13§r§e items§r§e.§r§8 (Last 9s.)
23:43:48 [GUILD_EXP] §aYou earned §r§238 GEXP §r§afrom playing SkyBlock!
23:43:51 [SACKS_CHANGE] §6[Sacks] §r§a+6§r§e items§r§e.§r§8 (Last 5s.)
23:43:53 [EMPTY] §8 §r§8 §r§1 §r§3 §r§3 §r§7 §r§8 
23:43:56 [PROFILE_JOIN] §aYou are playing on profile: §eLemon§b (Co-op)
23:43:56 [PROFILE_JOIN] §8Profile ID: 62b760d8-92b6-4501-ada0-1fd8583f5266
23:43:58 [LOTTERY] §bNew day! §r§eYour §r§2Lottery §r§ebuff changed!
23:43:58 [LOTTERY] §eNew buff§r§r§r: §r§fGain §r§a+50 §r§6☘ Fig Fortune§r§f.
23:43:58 [LOTTERY] §8§oYou can disable this messaging by toggling Lottery in your /hotf!
23:45:06 [EMPTY] §8 §r§8 §r§1 §r§3 §r§3 §r§7 §r§8 
23:45:09 [PROFILE_JOIN] §aYou are playing on profile: §eLemon§b (Co-op)
23:45:09 [PROFILE_JOIN] §8Profile ID: 62b760d8-92b6-4501-ada0-1fd8583f5266
23:45:11 [LOTTERY] §bNew day! §r§eYour §r§2Lottery §r§ebuff changed!
23:45:11 [LOTTERY] §eNew buff§r§r§r: §r§fGain §r§a+50 §r§6☘ Fig Fortune§r§f.
23:45:11 [LOTTERY] §8§oYou can disable this messaging by toggling Lottery in your /hotf!
23:45:31 [SACKS_CHANGE] §6[Sacks] §r§a+7§r§e items§r§e.§r§8 (Last 6s.)
23:45:38 [EMPTY] §8 §r§8 §r§1 §r§3 §r§3 §r§7 §r§8 
23:45:41 [PROFILE_JOIN] §aYou are playing on profile: §eLemon§b (Co-op)
23:45:41 [PROFILE_JOIN] §8Profile ID: 62b760d8-92b6-4501-ada0-1fd8583f5266
23:45:43 [LOTTERY] §bNew day! §r§eYour §r§2Lottery §r§ebuff changed!
23:45:43 [LOTTERY] §eNew buff§r§r§r: §r§fGain §r§a+50 §r§6☘ Fig Fortune§r§f.
23:45:43 [LOTTERY] §8§oYou can disable this messaging by toggling Lottery in your /hotf!
23:46:05 [EMPTY] §8 §r§8 §r§1 §r§3 §r§3 §r§7 §r§8 
23:46:09 [PROFILE_JOIN] §aYou are playing on profile: §eLemon§b (Co-op)
23:46:09 [PROFILE_JOIN] §8Profile ID: 62b760d8-92b6-4501-ada0-1fd8583f5266
23:46:10 [LOTTERY] §bNew day! §r§eYour §r§2Lottery §r§ebuff changed!
23:46:10 [LOTTERY] §eNew buff§r§r§r: §r§fGain §r§a+50 §r§6☘ Fig Fortune§r§f.
23:46:10 [LOTTERY] §8§oYou can disable this messaging by toggling Lottery in your /hotf!
23:46:14 [EMPTY] §8 §r§8 §r§1 §r§3 §r§3 §r§7 §r§8 
23:46:17 [PROFILE_JOIN] §aYou are playing on profile: §eLemon§b (Co-op)
23:46:17 [PROFILE_JOIN] §8Profile ID: 62b760d8-92b6-4501-ada0-1fd8583f5266
23:46:19 [LOTTERY] §bNew day! §r§eYour §r§2Lottery §r§ebuff changed!
23:46:19 [LOTTERY] §eNew buff§r§r§r: §r§fGain §r§a+50 §r§6☘ Fig Fortune§r§f.
23:46:19 [LOTTERY] §8§oYou can disable this messaging by toggling Lottery in your /hotf!
