10:14:47 New visitor detected: '§9Old Man Garry'
10:14:47 New visitor detected: '§9Iron Forger'
10:14:47 New visitor detected: '§aArthur'
10:14:47 New visitor detected: '§aEmissary Carlton'
10:14:47 New visitor detected: '§aOringo'
10:23:47 New visitor detected: '§aHornum'
11:24:36 New visitor detected: '§9Iron Forger'
11:24:36 New visitor detected: '§aArthur'
11:24:36 New visitor detected: '§aEmissary Carlton'
11:24:36 New visitor detected: '§aHornum'
11:27:21 New visitor detected: '§aHornum'
12:00:47 New visitor detected: '§9Iron Forger'
12:00:47 New visitor detected: '§aArthur'
12:00:47 New visitor detected: '§aEmissary Carlton'
12:00:47 New visitor detected: '§aHornum'
12:03:08 New visitor detected: '§9Iron Forger'
12:03:08 New visitor detected: '§aArthur'
12:03:08 New visitor detected: '§aEmissary Carlton'
12:03:08 New visitor detected: '§aHornum'
12:03:26 New visitor detected: '§aFriendly Hiker'
