14:06:30 §eOne or more items didn't fit in your inventory and were added to your material stash! §6Click here §eto pick them up!
14:06:30 §eOne or more items didn't fit in your inventory and were added to your item stash! §6Click here §eto pick them up!
14:06:30 §eOne or more items didn't fit in your inventory and were added to your material stash! §6Click here §eto pick them up!
14:06:30 §eOne or more items didn't fit in your inventory and were added to your item stash! §6Click here §eto pick them up!
14:06:30 §eOne or more items didn't fit in your inventory and were added to your material stash! §6Click here §eto pick them up!
14:06:30 §eOne or more items didn't fit in your inventory and were added to your item stash! §6Click here §eto pick them up!
14:06:31 §eOne or more items didn't fit in your inventory and were added to your material stash! §6Click here §eto pick them up!
14:06:31 §eOne or more items didn't fit in your inventory and were added to your item stash! §6Click here §eto pick them up!
14:06:31 §eOne or more items didn't fit in your inventory and were added to your material stash! §6Click here §eto pick them up!
14:06:31 §eOne or more items didn't fit in your inventory and were added to your item stash! §6Click here §eto pick them up!
14:06:31 §eOne or more items didn't fit in your inventory and were added to your material stash! §6Click here §eto pick them up!
14:06:31 §eOne or more items didn't fit in your inventory and were added to your item stash! §6Click here §eto pick them up!
14:06:31 §eOne or more items didn't fit in your inventory and were added to your material stash! §6Click here §eto pick them up!
14:06:31 §eOne or more items didn't fit in your inventory and were added to your item stash! §6Click here §eto pick them up!
14:06:31 §eOne or more items didn't fit in your inventory and were added to your material stash! §6Click here §eto pick them up!
14:06:31 §eOne or more items didn't fit in your inventory and were added to your item stash! §6Click here §eto pick them up!
14:06:31 §eOne or more items didn't fit in your inventory and were added to your material stash! §6Click here §eto pick them up!
14:06:31 §eOne or more items didn't fit in your inventory and were added to your item stash! §6Click here §eto pick them up!
14:06:35 §eOne or more items didn't fit in your inventory and were added to your material stash! §6Click here §eto pick them up!
14:06:35 §eOne or more items didn't fit in your inventory and were added to your item stash! §6Click here §eto pick them up!
14:06:35 §eOne or more items didn't fit in your inventory and were added to your material stash! §6Click here §eto pick them up!
14:06:35 §eOne or more items didn't fit in your inventory and were added to your item stash! §6Click here §eto pick them up!
14:06:35 §eOne or more items didn't fit in your inventory and were added to your material stash! §6Click here §eto pick them up!
14:06:35 §eOne or more items didn't fit in your inventory and were added to your item stash! §6Click here §eto pick them up!
14:06:35 §eOne or more items didn't fit in your inventory and were added to your material stash! §6Click here §eto pick them up!
14:06:35 §eOne or more items didn't fit in your inventory and were added to your item stash! §6Click here §eto pick them up!
14:06:35 §eOne or more items didn't fit in your inventory and were added to your material stash! §6Click here §eto pick them up!
14:06:35 §eOne or more items didn't fit in your inventory and were added to your item stash! §6Click here §eto pick them up!
14:06:35 §eOne or more items didn't fit in your inventory and were added to your material stash! §6Click here §eto pick them up!
14:06:35 §eOne or more items didn't fit in your inventory and were added to your item stash! §6Click here §eto pick them up!
14:06:35 §eOne or more items didn't fit in your inventory and were added to your material stash! §6Click here §eto pick them up!
14:06:35 §eOne or more items didn't fit in your inventory and were added to your item stash! §6Click here §eto pick them up!
14:06:35 §eOne or more items didn't fit in your inventory and were added to your material stash! §6Click here §eto pick them up!
14:06:35 §eOne or more items didn't fit in your inventory and were added to your item stash! §6Click here §eto pick them up!
14:06:35 §eOne or more items didn't fit in your inventory and were added to your material stash! §6Click here §eto pick them up!
14:06:35 §eOne or more items didn't fit in your inventory and were added to your item stash! §6Click here §eto pick them up!
14:06:36 §eOne or more items didn't fit in your inventory and were added to your material stash! §6Click here §eto pick them up!
14:06:36 §eOne or more items didn't fit in your inventory and were added to your item stash! §6Click here §eto pick them up!
14:06:36 §eOne or more items didn't fit in your inventory and were added to your material stash! §6Click here §eto pick them up!
14:06:36 §eOne or more items didn't fit in your inventory and were added to your item stash! §6Click here §eto pick them up!
14:06:36 §eOne or more items didn't fit in your inventory and were added to your material stash! §6Click here §eto pick them up!
14:06:36 §eOne or more items didn't fit in your inventory and were added to your item stash! §6Click here §eto pick them up!
14:06:36 §eOne or more items didn't fit in your inventory and were added to your material stash! §6Click here §eto pick them up!
14:06:36 §eOne or more items didn't fit in your inventory and were added to your item stash! §6Click here §eto pick them up!
14:06:36 §eOne or more items didn't fit in your inventory and were added to your material stash! §6Click here §eto pick them up!
14:06:36 §eOne or more items didn't fit in your inventory and were added to your item stash! §6Click here §eto pick them up!
14:06:37 §eOne or more items didn't fit in your inventory and were added to your material stash! §6Click here §eto pick them up!
14:06:37 §eOne or more items didn't fit in your inventory and were added to your item stash! §6Click here §eto pick them up!
14:06:37 §eOne or more items didn't fit in your inventory and were added to your material stash! §6Click here §eto pick them up!
14:06:37 §eOne or more items didn't fit in your inventory and were added to your item stash! §6Click here §eto pick them up!
14:06:37 §eOne or more items didn't fit in your inventory and were added to your material stash! §6Click here §eto pick them up!
14:06:37 §eOne or more items didn't fit in your inventory and were added to your item stash! §6Click here §eto pick them up!
14:06:37 §eOne or more items didn't fit in your inventory and were added to your material stash! §6Click here §eto pick them up!
14:06:37 §eOne or more items didn't fit in your inventory and were added to your item stash! §6Click here §eto pick them up!
14:06:38 §eOne or more items didn't fit in your inventory and were added to your material stash! §6Click here §eto pick them up!
14:06:38 §eOne or more items didn't fit in your inventory and were added to your item stash! §6Click here §eto pick them up!
14:06:38 §eOne or more items didn't fit in your inventory and were added to your material stash! §6Click here §eto pick them up!
14:06:38 §eOne or more items didn't fit in your inventory and were added to your item stash! §6Click here §eto pick them up!
14:06:42 §eOne or more items didn't fit in your inventory and were added to your material stash! §6Click here §eto pick them up!
14:06:42 §eOne or more items didn't fit in your inventory and were added to your item stash! §6Click here §eto pick them up!
14:06:42 §eOne or more items didn't fit in your inventory and were added to your material stash! §6Click here §eto pick them up!
14:06:42 §eOne or more items didn't fit in your inventory and were added to your item stash! §6Click here §eto pick them up!
14:06:42 §eOne or more items didn't fit in your inventory and were added to your material stash! §6Click here §eto pick them up!
14:06:42 §eOne or more items didn't fit in your inventory and were added to your item stash! §6Click here §eto pick them up!
14:06:42 §eOne or more items didn't fit in your inventory and were added to your material stash! §6Click here §eto pick them up!
14:06:42 §eOne or more items didn't fit in your inventory and were added to your item stash! §6Click here §eto pick them up!
14:06:42 §eOne or more items didn't fit in your inventory and were added to your material stash! §6Click here §eto pick them up!
14:06:42 §eOne or more items didn't fit in your inventory and were added to your item stash! §6Click here §eto pick them up!
14:06:42 §eOne or more items didn't fit in your inventory and were added to your material stash! §6Click here §eto pick them up!
14:06:42 §eOne or more items didn't fit in your inventory and were added to your item stash! §6Click here §eto pick them up!
14:06:42 §eOne or more items didn't fit in your inventory and were added to your material stash! §6Click here §eto pick them up!
14:06:42 §eOne or more items didn't fit in your inventory and were added to your item stash! §6Click here §eto pick them up!
14:06:43 §eOne or more items didn't fit in your inventory and were added to your material stash! §6Click here §eto pick them up!
14:06:43 §eOne or more items didn't fit in your inventory and were added to your item stash! §6Click here §eto pick them up!
14:06:43 §eOne or more items didn't fit in your inventory and were added to your material stash! §6Click here §eto pick them up!
14:06:43 §eOne or more items didn't fit in your inventory and were added to your item stash! §6Click here §eto pick them up!
14:06:44 §eOne or more items didn't fit in your inventory and were added to your material stash! §6Click here §eto pick them up!
14:06:44 §eOne or more items didn't fit in your inventory and were added to your item stash! §6Click here §eto pick them up!
14:06:44 §eOne or more items didn't fit in your inventory and were added to your material stash! §6Click here §eto pick them up!
14:06:44 §eOne or more items didn't fit in your inventory and were added to your item stash! §6Click here §eto pick them up!
14:06:44 §eOne or more items didn't fit in your inventory and were added to your material stash! §6Click here §eto pick them up!
14:06:44 §eOne or more items didn't fit in your inventory and were added to your item stash! §6Click here §eto pick them up!
14:06:44 §eOne or more items didn't fit in your inventory and were added to your material stash! §6Click here §eto pick them up!
14:06:44 §eOne or more items didn't fit in your inventory and were added to your item stash! §6Click here §eto pick them up!
14:06:44 §eOne or more items didn't fit in your inventory and were added to your material stash! §6Click here §eto pick them up!
14:06:44 §eOne or more items didn't fit in your inventory and were added to your item stash! §6Click here §eto pick them up!
14:06:44 §eOne or more items didn't fit in your inventory and were added to your material stash! §6Click here §eto pick them up!
14:06:44 §eOne or more items didn't fit in your inventory and were added to your item stash! §6Click here §eto pick them up!
14:06:44 §eOne or more items didn't fit in your inventory and were added to your material stash! §6Click here §eto pick them up!
14:06:44 §eOne or more items didn't fit in your inventory and were added to your item stash! §6Click here §eto pick them up!
14:06:44 §eOne or more items didn't fit in your inventory and were added to your material stash! §6Click here §eto pick them up!
14:06:44 §eOne or more items didn't fit in your inventory and were added to your item stash! §6Click here §eto pick them up!
14:06:47 §eOne or more items didn't fit in your inventory and were added to your material stash! §6Click here §eto pick them up!
14:06:47 §eOne or more items didn't fit in your inventory and were added to your item stash! §6Click here §eto pick them up!
14:06:47 §eOne or more items didn't fit in your inventory and were added to your material stash! §6Click here §eto pick them up!
14:06:47 §eOne or more items didn't fit in your inventory and were added to your item stash! §6Click here §eto pick them up!
14:06:47 §eOne or more items didn't fit in your inventory and were added to your material stash! §6Click here §eto pick them up!
14:06:47 §eOne or more items didn't fit in your inventory and were added to your item stash! §6Click here §eto pick them up!
14:06:47 §eOne or more items didn't fit in your inventory and were added to your material stash! §6Click here §eto pick them up!
14:06:47 §eOne or more items didn't fit in your inventory and were added to your item stash! §6Click here §eto pick them up!
14:06:47 §eOne or more items didn't fit in your inventory and were added to your material stash! §6Click here §eto pick them up!
14:06:47 §eOne or more items didn't fit in your inventory and were added to your item stash! §6Click here §eto pick them up!
14:06:47 §eOne or more items didn't fit in your inventory and were added to your material stash! §6Click here §eto pick them up!
14:06:47 §eOne or more items didn't fit in your inventory and were added to your item stash! §6Click here §eto pick them up!
14:06:47 §eOne or more items didn't fit in your inventory and were added to your material stash! §6Click here §eto pick them up!
14:06:47 §eOne or more items didn't fit in your inventory and were added to your item stash! §6Click here §eto pick them up!
14:06:47 §eOne or more items didn't fit in your inventory and were added to your material stash! §6Click here §eto pick them up!
14:06:47 §eOne or more items didn't fit in your inventory and were added to your item stash! §6Click here §eto pick them up!
14:06:47 §eOne or more items didn't fit in your inventory and were added to your material stash! §6Click here §eto pick them up!
14:06:47 §eOne or more items didn't fit in your inventory and were added to your item stash! §6Click here §eto pick them up!
14:06:48 §eOne or more items didn't fit in your inventory and were added to your material stash! §6Click here §eto pick them up!
14:06:48 §eOne or more items didn't fit in your inventory and were added to your item stash! §6Click here §eto pick them up!
14:06:48 §eOne or more items didn't fit in your inventory and were added to your material stash! §6Click here §eto pick them up!
14:06:48 §eOne or more items didn't fit in your inventory and were added to your item stash! §6Click here §eto pick them up!
14:06:49 §eOne or more items didn't fit in your inventory and were added to your material stash! §6Click here §eto pick them up!
14:06:49 §eOne or more items didn't fit in your inventory and were added to your item stash! §6Click here §eto pick them up!
14:06:49 §eOne or more items didn't fit in your inventory and were added to your material stash! §6Click here §eto pick them up!
14:06:49 §eOne or more items didn't fit in your inventory and were added to your item stash! §6Click here §eto pick them up!
14:06:50 §eOne or more items didn't fit in your inventory and were added to your material stash! §6Click here §eto pick them up!
14:06:50 §eOne or more items didn't fit in your inventory and were added to your item stash! §6Click here §eto pick them up!
14:06:50 §eOne or more items didn't fit in your inventory and were added to your material stash! §6Click here §eto pick them up!
14:06:50 §eOne or more items didn't fit in your inventory and were added to your item stash! §6Click here §eto pick them up!
14:06:50 §eOne or more items didn't fit in your inventory and were added to your material stash! §6Click here §eto pick them up!
14:06:50 §eOne or more items didn't fit in your inventory and were added to your item stash! §6Click here §eto pick them up!
14:06:50 §eOne or more items didn't fit in your inventory and were added to your material stash! §6Click here §eto pick them up!
14:06:50 §eOne or more items didn't fit in your inventory and were added to your item stash! §6Click here §eto pick them up!
14:06:50 §eOne or more items didn't fit in your inventory and were added to your material stash! §6Click here §eto pick them up!
14:06:50 §eOne or more items didn't fit in your inventory and were added to your item stash! §6Click here §eto pick them up!
14:06:50 §eOne or more items didn't fit in your inventory and were added to your material stash! §6Click here §eto pick them up!
14:06:50 §eOne or more items didn't fit in your inventory and were added to your item stash! §6Click here §eto pick them up!
14:06:50 §eOne or more items didn't fit in your inventory and were added to your material stash! §6Click here §eto pick them up!
14:06:50 §eOne or more items didn't fit in your inventory and were added to your item stash! §6Click here §eto pick them up!
14:06:51 §eOne or more items didn't fit in your inventory and were added to your item stash! §6Click here §eto pick them up!
14:06:51 §eOne or more items didn't fit in your inventory and were added to your material stash! §6Click here §eto pick them up!
14:06:51 §eOne or more items didn't fit in your inventory and were added to your item stash! §6Click here §eto pick them up!
14:06:51 §eOne or more items didn't fit in your inventory and were added to your material stash! §6Click here §eto pick them up!
14:06:51 §eOne or more items didn't fit in your inventory and were added to your item stash! §6Click here §eto pick them up!
14:06:52 §f                     §7You have §a1 §7item stashed away!
14:06:52 §f                  §6§l>>> §6§lCLICK HERE§e to pick it up! §6§l<<<
14:06:52 §f                §7You have §32,800 §7materials stashed away!
14:06:52 §f               §8(This totals 1 type of material stashed!)
14:06:52 §f                §3§l>>> §3§lCLICK HERE§b to pick them up! §3§l<<<
14:06:55 §eOne or more items didn't fit in your inventory and were added to your material stash! §6Click here §eto pick them up!
14:06:55 §eOne or more items didn't fit in your inventory and were added to your item stash! §6Click here §eto pick them up!
14:06:55 §eOne or more items didn't fit in your inventory and were added to your material stash! §6Click here §eto pick them up!
14:06:55 §eOne or more items didn't fit in your inventory and were added to your item stash! §6Click here §eto pick them up!
14:06:55 §eOne or more items didn't fit in your inventory and were added to your material stash! §6Click here §eto pick them up!
14:06:55 §eOne or more items didn't fit in your inventory and were added to your item stash! §6Click here §eto pick them up!
14:06:55 §eOne or more items didn't fit in your inventory and were added to your material stash! §6Click here §eto pick them up!
14:06:55 §eOne or more items didn't fit in your inventory and were added to your item stash! §6Click here §eto pick them up!
14:06:55 §eOne or more items didn't fit in your inventory and were added to your material stash! §6Click here §eto pick them up!
14:06:55 §eOne or more items didn't fit in your inventory and were added to your item stash! §6Click here §eto pick them up!
14:06:56 §eOne or more items didn't fit in your inventory and were added to your material stash! §6Click here §eto pick them up!
14:06:56 §eOne or more items didn't fit in your inventory and were added to your item stash! §6Click here §eto pick them up!
14:06:56 §eOne or more items didn't fit in your inventory and were added to your material stash! §6Click here §eto pick them up!
14:06:56 §eOne or more items didn't fit in your inventory and were added to your item stash! §6Click here §eto pick them up!
14:06:56 §eOne or more items didn't fit in your inventory and were added to your material stash! §6Click here §eto pick them up!
14:06:56 §eOne or more items didn't fit in your inventory and were added to your item stash! §6Click here §eto pick them up!
14:06:57 §eOne or more items didn't fit in your inventory and were added to your material stash! §6Click here §eto pick them up!
14:06:57 §eOne or more items didn't fit in your inventory and were added to your item stash! §6Click here §eto pick them up!
14:06:57 §eOne or more items didn't fit in your inventory and were added to your material stash! §6Click here §eto pick them up!
14:06:57 §eOne or more items didn't fit in your inventory and were added to your item stash! §6Click here §eto pick them up!
14:06:57 §eOne or more items didn't fit in your inventory and were added to your material stash! §6Click here §eto pick them up!
14:06:57 §eOne or more items didn't fit in your inventory and were added to your item stash! §6Click here §eto pick them up!
