13:59:45 §9§l▬▬▬▬▬▬▬▬▬▬▬▬▬▬▬▬▬▬▬▬▬▬▬▬▬▬▬▬▬▬▬▬▬▬▬▬▬▬▬▬▬▬▬▬▬▬▬▬▬▬▬▬▬▬▬▬▬▬▬▬▬▬▬▬
13:59:45                                  §r§9§lTREE GIFT
13:59:45 
13:59:45                  §r§7You helped cut §r§a100% §r§7of the §r§aFig Tree§r§7.
13:59:45 §f                       §e+5 rewards gained! §8(hover)
13:59:45 
13:59:45                                 §r§d§lBONUS GIFT
13:59:45                           §r§7§r§aStretching Sticks §r§8(§r§a20%§r§8)
13:59:45 §9§l▬▬▬▬▬▬▬▬▬▬▬▬▬▬▬▬▬▬▬▬▬▬▬▬▬▬▬▬▬▬▬▬▬▬▬▬▬▬▬▬▬▬▬▬▬▬▬▬▬▬▬▬▬▬▬▬▬▬▬▬▬▬▬▬
14:00:05 §9§l▬▬▬▬▬▬▬▬▬▬▬▬▬▬▬▬▬▬▬▬▬▬▬▬▬▬▬▬▬▬▬▬▬▬▬▬▬▬▬▬▬▬▬▬▬▬▬▬▬▬▬▬▬▬▬▬▬▬▬▬▬▬▬▬
14:00:05                                  §r§9§lTREE GIFT
14:00:05 
14:00:05                  §r§7You helped cut §r§a100% §r§7of the §r§aFig Tree§r§7.
14:00:05 §f                       §e+5 rewards gained! §8(hover)
14:00:05 
14:00:05                                 §r§d§lBONUS GIFT
14:00:05                           §r§7§r§aStretching Sticks §r§8(§r§a20%§r§8)
14:00:05 §9§l▬▬▬▬▬▬▬▬▬▬▬▬▬▬▬▬▬▬▬▬▬▬▬▬▬▬▬▬▬▬▬▬▬▬▬▬▬▬▬▬▬▬▬▬▬▬▬▬▬▬▬▬▬▬▬▬▬▬▬▬▬▬▬▬
14:00:21 §9§l▬▬▬▬▬▬▬▬▬▬▬▬▬▬▬▬▬▬▬▬▬▬▬▬▬▬▬▬▬▬▬▬▬▬▬▬▬▬▬▬▬▬▬▬▬▬▬▬▬▬▬▬▬▬▬▬▬▬▬▬▬▬▬▬
14:00:21                                  §r§9§lTREE GIFT
14:00:21 
14:00:21                   §r§7You helped cut §r§c5.8% §r§7of the §r§aFig Tree§r§7.
14:00:21                             §r§e+0 rewards gained!
14:00:21 §9§l▬▬▬▬▬▬▬▬▬▬▬▬▬▬▬▬▬▬▬▬▬▬▬▬▬▬▬▬▬▬▬▬▬▬▬▬▬▬▬▬▬▬▬▬▬▬▬▬▬▬▬▬▬▬▬▬▬▬▬▬▬▬▬▬
14:00:23 §9§l▬▬▬▬▬▬▬▬▬▬▬▬▬▬▬▬▬▬▬▬▬▬▬▬▬▬▬▬▬▬▬▬▬▬▬▬▬▬▬▬▬▬▬▬▬▬▬▬▬▬▬▬▬▬▬▬▬▬▬▬▬▬▬▬
14:00:23                                  §r§9§lTREE GIFT
14:00:23 
14:00:23                  §r§7You helped cut §r§a100% §r§7of the §r§aFig Tree§r§7.
14:00:23 §f                       §e+5 rewards gained! §8(hover)
14:00:23                      §r§7A §r§dPhanpyre §r§7fell from the Tree!
14:00:23 §9§l▬▬▬▬▬▬▬▬▬▬▬▬▬▬▬▬▬▬▬▬▬▬▬▬▬▬▬▬▬▬▬▬▬▬▬▬▬▬▬▬▬▬▬▬▬▬▬▬▬▬▬▬▬▬▬▬▬▬▬▬▬▬▬▬
14:00:38 §9§l▬▬▬▬▬▬▬▬▬▬▬▬▬▬▬▬▬▬▬▬▬▬▬▬▬▬▬▬▬▬▬▬▬▬▬▬▬▬▬▬▬▬▬▬▬▬▬▬▬▬▬▬▬▬▬▬▬▬▬▬▬▬▬▬
14:00:38                                  §r§9§lTREE GIFT
14:00:38 
14:00:38                  §r§7You helped cut §r§a100% §r§7of the §r§aFig Tree§r§7.
14:00:38 §f                       §e+5 rewards gained! §8(hover)
14:00:38 §9§l▬▬▬▬▬▬▬▬▬▬▬▬▬▬▬▬▬▬▬▬▬▬▬▬▬▬▬▬▬▬▬▬▬▬▬▬▬▬▬▬▬▬▬▬▬▬▬▬▬▬▬▬▬▬▬▬▬▬▬▬▬▬▬▬
14:01:09 §9§l▬▬▬▬▬▬▬▬▬▬▬▬▬▬▬▬▬▬▬▬▬▬▬▬▬▬▬▬▬▬▬▬▬▬▬▬▬▬▬▬▬▬▬▬▬▬▬▬▬▬▬▬▬▬▬▬▬▬▬▬▬▬▬▬
14:01:09                                  §r§9§lTREE GIFT
14:01:09 
14:01:09                  §r§7You helped cut §r§a100% §r§7of the §r§aFig Tree§r§7.
14:01:09 §f                       §e+5 rewards gained! §8(hover)
14:01:09 
14:01:09                                 §r§d§lBONUS GIFT
14:01:09                           §r§7§r§aStretching Sticks §r§8(§r§a20%§r§8)
14:01:09 §9§l▬▬▬▬▬▬▬▬▬▬▬▬▬▬▬▬▬▬▬▬▬▬▬▬▬▬▬▬▬▬▬▬▬▬▬▬▬▬▬▬▬▬▬▬▬▬▬▬▬▬▬▬▬▬▬▬▬▬▬▬▬▬▬▬
14:02:32 §9§l▬▬▬▬▬▬▬▬▬▬▬▬▬▬▬▬▬▬▬▬▬▬▬▬▬▬▬▬▬▬▬▬▬▬▬▬▬▬▬▬▬▬▬▬▬▬▬▬▬▬▬▬▬▬▬▬▬▬▬▬▬▬▬▬
14:02:32                                  §r§9§lTREE GIFT
14:02:32 
14:02:32                  §r§7You helped cut §r§a100% §r§7of the §r§aFig Tree§r§7.
14:02:32 §f                       §e+5 rewards gained! §8(hover)
14:02:32 
14:02:32                                 §r§d§lBONUS GIFT
14:02:32                           §r§7§r§aStretching Sticks §r§8(§r§a20%§r§8)
14:02:32 §9§l▬▬▬▬▬▬▬▬▬▬▬▬▬▬▬▬▬▬▬▬▬▬▬▬▬▬▬▬▬▬▬▬▬▬▬▬▬▬▬▬▬▬▬▬▬▬▬▬▬▬▬▬▬▬▬▬▬▬▬▬▬▬▬▬
14:02:49 §9§l▬▬▬▬▬▬▬▬▬▬▬▬▬▬▬▬▬▬▬▬▬▬▬▬▬▬▬▬▬▬▬▬▬▬▬▬▬▬▬▬▬▬▬▬▬▬▬▬▬▬▬▬▬▬▬▬▬▬▬▬▬▬▬▬
14:02:49                                  §r§9§lTREE GIFT
14:02:49 
14:02:49                  §r§7You helped cut §r§a100% §r§7of the §r§aFig Tree§r§7.
14:02:49 §f                       §e+5 rewards gained! §8(hover)
14:02:49 §9§l▬▬▬▬▬▬▬▬▬▬▬▬▬▬▬▬▬▬▬▬▬▬▬▬▬▬▬▬▬▬▬▬▬▬▬▬▬▬▬▬▬▬▬▬▬▬▬▬▬▬▬▬▬▬▬▬▬▬▬▬▬▬▬▬
14:03:24 §9§l▬▬▬▬▬▬▬▬▬▬▬▬▬▬▬▬▬▬▬▬▬▬▬▬▬▬▬▬▬▬▬▬▬▬▬▬▬▬▬▬▬▬▬▬▬▬▬▬▬▬▬▬▬▬▬▬▬▬▬▬▬▬▬▬
14:03:24                                  §r§9§lTREE GIFT
14:03:24 
14:03:24                  §r§7You helped cut §r§a100% §r§7of the §r§aFig Tree§r§7.
14:03:24 §f                       §e+5 rewards gained! §8(hover)
14:03:24 
14:03:24                                 §r§d§lBONUS GIFT
14:03:24                           §r§7§r§aStretching Sticks §r§8(§r§a20%§r§8)
14:03:24 §9§l▬▬▬▬▬▬▬▬▬▬▬▬▬▬▬▬▬▬▬▬▬▬▬▬▬▬▬▬▬▬▬▬▬▬▬▬▬▬▬▬▬▬▬▬▬▬▬▬▬▬▬▬▬▬▬▬▬▬▬▬▬▬▬▬
14:03:29 §9§l▬▬▬▬▬▬▬▬▬▬▬▬▬▬▬▬▬▬▬▬▬▬▬▬▬▬▬▬▬▬▬▬▬▬▬▬▬▬▬▬▬▬▬▬▬▬▬▬▬▬▬▬▬▬▬▬▬▬▬▬▬▬▬▬
14:03:29                                  §r§9§lTREE GIFT
14:03:29 
14:03:29                  §r§7You helped cut §r§a100% §r§7of the §r§aFig Tree§r§7.
14:03:29 §f                       §e+5 rewards gained! §8(hover)
14:03:29 
14:03:29                                 §r§d§lBONUS GIFT
14:03:29                           §r§7§r§aStretching Sticks §r§8(§r§a20%§r§8)
14:03:29 §9§l▬▬▬▬▬▬▬▬▬▬▬▬▬▬▬▬▬▬▬▬▬▬▬▬▬▬▬▬▬▬▬▬▬▬▬▬▬▬▬▬▬▬▬▬▬▬▬▬▬▬▬▬▬▬▬▬▬▬▬▬▬▬▬▬
14:03:37 §9§l▬▬▬▬▬▬▬▬▬▬▬▬▬▬▬▬▬▬▬▬▬▬▬▬▬▬▬▬▬▬▬▬▬▬▬▬▬▬▬▬▬▬▬▬▬▬▬▬▬▬▬▬▬▬▬▬▬▬▬▬▬▬▬▬
14:03:37                                  §r§9§lTREE GIFT
14:03:37 
14:03:37                  §r§7You helped cut §r§a100% §r§7of the §r§aFig Tree§r§7.
14:03:37 §f                       §e+5 rewards gained! §8(hover)
14:03:37 
14:03:37                                 §r§d§lBONUS GIFT
14:03:37                           §r§7§r§aStretching Sticks §r§8(§r§a20%§r§8)
14:03:37 §9§l▬▬▬▬▬▬▬▬▬▬▬▬▬▬▬▬▬▬▬▬▬▬▬▬▬▬▬▬▬▬▬▬▬▬▬▬▬▬▬▬▬▬▬▬▬▬▬▬▬▬▬▬▬▬▬▬▬▬▬▬▬▬▬▬
14:03:45 §9§l▬▬▬▬▬▬▬▬▬▬▬▬▬▬▬▬▬▬▬▬▬▬▬▬▬▬▬▬▬▬▬▬▬▬▬▬▬▬▬▬▬▬▬▬▬▬▬▬▬▬▬▬▬▬▬▬▬▬▬▬▬▬▬▬
14:03:45                                  §r§9§lTREE GIFT
14:03:45 
14:03:45                  §r§7You helped cut §r§a100% §r§7of the §r§aFig Tree§r§7.
14:03:45 §f                       §e+5 rewards gained! §8(hover)
14:03:45 
14:03:45                                 §r§d§lBONUS GIFT
14:03:45                           §r§7§r§aStretching Sticks §r§8(§r§a20%§r§8)
14:03:45                      §r§7A §r§dPhanpyre §r§7fell from the Tree!
14:03:45 §9§l▬▬▬▬▬▬▬▬▬▬▬▬▬▬▬▬▬▬▬▬▬▬▬▬▬▬▬▬▬▬▬▬▬▬▬▬▬▬▬▬▬▬▬▬▬▬▬▬▬▬▬▬▬▬▬▬▬▬▬▬▬▬▬▬
14:04:02 §9§l▬▬▬▬▬▬▬▬▬▬▬▬▬▬▬▬▬▬▬▬▬▬▬▬▬▬▬▬▬▬▬▬▬▬▬▬▬▬▬▬▬▬▬▬▬▬▬▬▬▬▬▬▬▬▬▬▬▬▬▬▬▬▬▬
14:04:02                                  §r§9§lTREE GIFT
14:04:02 
14:04:02                  §r§7You helped cut §r§a100% §r§7of the §r§aFig Tree§r§7.
14:04:02 §f                       §e+5 rewards gained! §8(hover)
14:04:02 
14:04:02                                 §r§d§lBONUS GIFT
14:04:02                           §r§7§r§aStretching Sticks §r§8(§r§a20%§r§8)
14:04:02 §9§l▬▬▬▬▬▬▬▬▬▬▬▬▬▬▬▬▬▬▬▬▬▬▬▬▬▬▬▬▬▬▬▬▬▬▬▬▬▬▬▬▬▬▬▬▬▬▬▬▬▬▬▬▬▬▬▬▬▬▬▬▬▬▬▬
14:04:11 §9§l▬▬▬▬▬▬▬▬▬▬▬▬▬▬▬▬▬▬▬▬▬▬▬▬▬▬▬▬▬▬▬▬▬▬▬▬▬▬▬▬▬▬▬▬▬▬▬▬▬▬▬▬▬▬▬▬▬▬▬▬▬▬▬▬
14:04:11                                  §r§9§lTREE GIFT
14:04:11 
14:04:11                  §r§7You helped cut §r§a100% §r§7of the §r§aFig Tree§r§7.
14:04:11 §f                       §e+5 rewards gained! §8(hover)
14:04:11 
14:04:11                                 §r§d§lBONUS GIFT
14:04:11                           §r§7§r§aStretching Sticks §r§8(§r§a20%§r§8)
14:04:11                             §r§7§r§fSweep Booster §r§8(§r§a1%§r§8)
14:04:11                      §r§7A §r§dPhanflare §r§7fell from the Tree!
14:04:11 §9§l▬▬▬▬▬▬▬▬▬▬▬▬▬▬▬▬▬▬▬▬▬▬▬▬▬▬▬▬▬▬▬▬▬▬▬▬▬▬▬▬▬▬▬▬▬▬▬▬▬▬▬▬▬▬▬▬▬▬▬▬▬▬▬▬
14:04:18 §9§l▬▬▬▬▬▬▬▬▬▬▬▬▬▬▬▬▬▬▬▬▬▬▬▬▬▬▬▬▬▬▬▬▬▬▬▬▬▬▬▬▬▬▬▬▬▬▬▬▬▬▬▬▬▬▬▬▬▬▬▬▬▬▬▬
14:04:18                                  §r§9§lTREE GIFT
14:04:18 
14:04:18                  §r§7You helped cut §r§a100% §r§7of the §r§aFig Tree§r§7.
14:04:18 §f                       §e+5 rewards gained! §8(hover)
14:04:18 
14:04:18                                 §r§d§lBONUS GIFT
14:04:18                           §r§7§r§aStretching Sticks §r§8(§r§a20%§r§8)
14:04:18 §9§l▬▬▬▬▬▬▬▬▬▬▬▬▬▬▬▬▬▬▬▬▬▬▬▬▬▬▬▬▬▬▬▬▬▬▬▬▬▬▬▬▬▬▬▬▬▬▬▬▬▬▬▬▬▬▬▬▬▬▬▬▬▬▬▬
14:04:26 §9§l▬▬▬▬▬▬▬▬▬▬▬▬▬▬▬▬▬▬▬▬▬▬▬▬▬▬▬▬▬▬▬▬▬▬▬▬▬▬▬▬▬▬▬▬▬▬▬▬▬▬▬▬▬▬▬▬▬▬▬▬▬▬▬▬
14:04:26                                  §r§9§lTREE GIFT
14:04:26 
14:04:26                  §r§7You helped cut §r§a100% §r§7of the §r§aFig Tree§r§7.
14:04:26 §f                       §e+5 rewards gained! §8(hover)
14:04:26 
14:04:26                                 §r§d§lBONUS GIFT
14:04:26                           §r§7§r§aStretching Sticks §r§8(§r§a20%§r§8)
14:04:26 §9§l▬▬▬▬▬▬▬▬▬▬▬▬▬▬▬▬▬▬▬▬▬▬▬▬▬▬▬▬▬▬▬▬▬▬▬▬▬▬▬▬▬▬▬▬▬▬▬▬▬▬▬▬▬▬▬▬▬▬▬▬▬▬▬▬
14:04:30 §9§l▬▬▬▬▬▬▬▬▬▬▬▬▬▬▬▬▬▬▬▬▬▬▬▬▬▬▬▬▬▬▬▬▬▬▬▬▬▬▬▬▬▬▬▬▬▬▬▬▬▬▬▬▬▬▬▬▬▬▬▬▬▬▬▬
14:04:30                                  §r§9§lTREE GIFT
14:04:30 
14:04:30                  §r§7You helped cut §r§a100% §r§7of the §r§aFig Tree§r§7.
14:04:30 §f                       §e+5 rewards gained! §8(hover)
14:04:30 §9§l▬▬▬▬▬▬▬▬▬▬▬▬▬▬▬▬▬▬▬▬▬▬▬▬▬▬▬▬▬▬▬▬▬▬▬▬▬▬▬▬▬▬▬▬▬▬▬▬▬▬▬▬▬▬▬▬▬▬▬▬▬▬▬▬
14:05:10 §9§l▬▬▬▬▬▬▬▬▬▬▬▬▬▬▬▬▬▬▬▬▬▬▬▬▬▬▬▬▬▬▬▬▬▬▬▬▬▬▬▬▬▬▬▬▬▬▬▬▬▬▬▬▬▬▬▬▬▬▬▬▬▬▬▬
14:05:10                                  §r§9§lTREE GIFT
14:05:10 
14:05:10                  §r§7You helped cut §r§a100% §r§7of the §r§aFig Tree§r§7.
14:05:10 §f                       §e+5 rewards gained! §8(hover)
14:05:10 
14:05:10                                 §r§d§lBONUS GIFT
14:05:10                           §r§7§r§aStretching Sticks §r§8(§r§a20%§r§8)
14:05:10 §9§l▬▬▬▬▬▬▬▬▬▬▬▬▬▬▬▬▬▬▬▬▬▬▬▬▬▬▬▬▬▬▬▬▬▬▬▬▬▬▬▬▬▬▬▬▬▬▬▬▬▬▬▬▬▬▬▬▬▬▬▬▬▬▬▬
14:05:18 §9§l▬▬▬▬▬▬▬▬▬▬▬▬▬▬▬▬▬▬▬▬▬▬▬▬▬▬▬▬▬▬▬▬▬▬▬▬▬▬▬▬▬▬▬▬▬▬▬▬▬▬▬▬▬▬▬▬▬▬▬▬▬▬▬▬
14:05:18                                  §r§9§lTREE GIFT
14:05:18 
14:05:18                  §r§7You helped cut §r§a100% §r§7of the §r§aFig Tree§r§7.
14:05:18 §f                       §e+5 rewards gained! §8(hover)
14:05:18 
14:05:18                                 §r§d§lBONUS GIFT
14:05:18                           §r§7§r§aStretching Sticks §r§8(§r§a20%§r§8)
14:05:18 §9§l▬▬▬▬▬▬▬▬▬▬▬▬▬▬▬▬▬▬▬▬▬▬▬▬▬▬▬▬▬▬▬▬▬▬▬▬▬▬▬▬▬▬▬▬▬▬▬▬▬▬▬▬▬▬▬▬▬▬▬▬▬▬▬▬
14:05:33 §9§l▬▬▬▬▬▬▬▬▬▬▬▬▬▬▬▬▬▬▬▬▬▬▬▬▬▬▬▬▬▬▬▬▬▬▬▬▬▬▬▬▬▬▬▬▬▬▬▬▬▬▬▬▬▬▬▬▬▬▬▬▬▬▬▬
14:05:33                                  §r§9§lTREE GIFT
14:05:33 
14:05:33                  §r§7You helped cut §r§a100% §r§7of the §r§aFig Tree§r§7.
14:05:33 §f                       §e+5 rewards gained! §8(hover)
14:05:33 §9§l▬▬▬▬▬▬▬▬▬▬▬▬▬▬▬▬▬▬▬▬▬▬▬▬▬▬▬▬▬▬▬▬▬▬▬▬▬▬▬▬▬▬▬▬▬▬▬▬▬▬▬▬▬▬▬▬▬▬▬▬▬▬▬▬
14:06:15 §9§l▬▬▬▬▬▬▬▬▬▬▬▬▬▬▬▬▬▬▬▬▬▬▬▬▬▬▬▬▬▬▬▬▬▬▬▬▬▬▬▬▬▬▬▬▬▬▬▬▬▬▬▬▬▬▬▬▬▬▬▬▬▬▬▬
14:06:15                                  §r§9§lTREE GIFT
14:06:15 
14:06:15                  §r§7You helped cut §r§a100% §r§7of the §r§aFig Tree§r§7.
14:06:15 §f                       §e+5 rewards gained! §8(hover)
14:06:15                      §r§7A §r§dPhanflare §r§7fell from the Tree!
14:06:15 §9§l▬▬▬▬▬▬▬▬▬▬▬▬▬▬▬▬▬▬▬▬▬▬▬▬▬▬▬▬▬▬▬▬▬▬▬▬▬▬▬▬▬▬▬▬▬▬▬▬▬▬▬▬▬▬▬▬▬▬▬▬▬▬▬▬
14:06:31 §9§l▬▬▬▬▬▬▬▬▬▬▬▬▬▬▬▬▬▬▬▬▬▬▬▬▬▬▬▬▬▬▬▬▬▬▬▬▬▬▬▬▬▬▬▬▬▬▬▬▬▬▬▬▬▬▬▬▬▬▬▬▬▬▬▬
14:06:31                                  §r§9§lTREE GIFT
14:06:31 
14:06:31                  §r§7You helped cut §r§a100% §r§7of the §r§aFig Tree§r§7.
14:06:31 §f                       §e+5 rewards gained! §8(hover)
14:06:31 
14:06:31                                 §r§d§lBONUS GIFT
14:06:31                           §r§7§r§aStretching Sticks §r§8(§r§a20%§r§8)
14:06:31 §9§l▬▬▬▬▬▬▬▬▬▬▬▬▬▬▬▬▬▬▬▬▬▬▬▬▬▬▬▬▬▬▬▬▬▬▬▬▬▬▬▬▬▬▬▬▬▬▬▬▬▬▬▬▬▬▬▬▬▬▬▬▬▬▬▬
14:06:37 §9§l▬▬▬▬▬▬▬▬▬▬▬▬▬▬▬▬▬▬▬▬▬▬▬▬▬▬▬▬▬▬▬▬▬▬▬▬▬▬▬▬▬▬▬▬▬▬▬▬▬▬▬▬▬▬▬▬▬▬▬▬▬▬▬▬
14:06:37                                  §r§9§lTREE GIFT
14:06:37 
14:06:37                  §r§7You helped cut §r§a100% §r§7of the §r§aFig Tree§r§7.
14:06:37 §f                       §e+5 rewards gained! §8(hover)
14:06:37 §9§l▬▬▬▬▬▬▬▬▬▬▬▬▬▬▬▬▬▬▬▬▬▬▬▬▬▬▬▬▬▬▬▬▬▬▬▬▬▬▬▬▬▬▬▬▬▬▬▬▬▬▬▬▬▬▬▬▬▬▬▬▬▬▬▬
14:06:44 §9§l▬▬▬▬▬▬▬▬▬▬▬▬▬▬▬▬▬▬▬▬▬▬▬▬▬▬▬▬▬▬▬▬▬▬▬▬▬▬▬▬▬▬▬▬▬▬▬▬▬▬▬▬▬▬▬▬▬▬▬▬▬▬▬▬
14:06:44                                  §r§9§lTREE GIFT
14:06:44 
14:06:44                  §r§7You helped cut §r§a100% §r§7of the §r§aFig Tree§r§7.
14:06:44 §f                       §e+5 rewards gained! §8(hover)
14:06:44 §9§l▬▬▬▬▬▬▬▬▬▬▬▬▬▬▬▬▬▬▬▬▬▬▬▬▬▬▬▬▬▬▬▬▬▬▬▬▬▬▬▬▬▬▬▬▬▬▬▬▬▬▬▬▬▬▬▬▬▬▬▬▬▬▬▬
14:06:51 §9§l▬▬▬▬▬▬▬▬▬▬▬▬▬▬▬▬▬▬▬▬▬▬▬▬▬▬▬▬▬▬▬▬▬▬▬▬▬▬▬▬▬▬▬▬▬▬▬▬▬▬▬▬▬▬▬▬▬▬▬▬▬▬▬▬
14:06:51                                  §r§9§lTREE GIFT
14:06:51 
14:06:51                  §r§7You helped cut §r§a100% §r§7of the §r§aFig Tree§r§7.
14:06:51 §f                       §e+5 rewards gained! §8(hover)
14:06:51 
14:06:51                                 §r§d§lBONUS GIFT
14:06:51                           §r§7§r§aStretching Sticks §r§8(§r§a20%§r§8)
14:06:51                             §r§7§r§fSweep Booster §r§8(§r§a1%§r§8)
14:06:51                      §r§7A §r§dPhanpyre §r§7fell from the Tree!
14:06:51 §9§l▬▬▬▬▬▬▬▬▬▬▬▬▬▬▬▬▬▬▬▬▬▬▬▬▬▬▬▬▬▬▬▬▬▬▬▬▬▬▬▬▬▬▬▬▬▬▬▬▬▬▬▬▬▬▬▬▬▬▬▬▬▬▬▬
14:07:26 §9§l▬▬▬▬▬▬▬▬▬▬▬▬▬▬▬▬▬▬▬▬▬▬▬▬▬▬▬▬▬▬▬▬▬▬▬▬▬▬▬▬▬▬▬▬▬▬▬▬▬▬▬▬▬▬▬▬▬▬▬▬▬▬▬▬
14:07:26                                  §r§9§lTREE GIFT
14:07:26 
14:07:26                  §r§7You helped cut §r§a100% §r§7of the §r§aFig Tree§r§7.
14:07:26 §f                       §e+5 rewards gained! §8(hover)
14:07:26 
14:07:26                                 §r§d§lBONUS GIFT
14:07:26                           §r§7§r§aStretching Sticks §r§8(§r§a20%§r§8)
14:07:26 §9§l▬▬▬▬▬▬▬▬▬▬▬▬▬▬▬▬▬▬▬▬▬▬▬▬▬▬▬▬▬▬▬▬▬▬▬▬▬▬▬▬▬▬▬▬▬▬▬▬▬▬▬▬▬▬▬▬▬▬▬▬▬▬▬▬
14:07:39 §9§l▬▬▬▬▬▬▬▬▬▬▬▬▬▬▬▬▬▬▬▬▬▬▬▬▬▬▬▬▬▬▬▬▬▬▬▬▬▬▬▬▬▬▬▬▬▬▬▬▬▬▬▬▬▬▬▬▬▬▬▬▬▬▬▬
14:07:39                                  §r§9§lTREE GIFT
14:07:39 
14:07:39                  §r§7You helped cut §r§a100% §r§7of the §r§aFig Tree§r§7.
14:07:39 §f                       §e+5 rewards gained! §8(hover)
14:07:39 
14:07:39                                 §r§d§lBONUS GIFT
14:07:39                           §r§7§r§aStretching Sticks §r§8(§r§a20%§r§8)
14:07:39                      §r§7A §r§dPhanpyre §r§7fell from the Tree!
14:07:39 §9§l▬▬▬▬▬▬▬▬▬▬▬▬▬▬▬▬▬▬▬▬▬▬▬▬▬▬▬▬▬▬▬▬▬▬▬▬▬▬▬▬▬▬▬▬▬▬▬▬▬▬▬▬▬▬▬▬▬▬▬▬▬▬▬▬
14:07:48 §9§l▬▬▬▬▬▬▬▬▬▬▬▬▬▬▬▬▬▬▬▬▬▬▬▬▬▬▬▬▬▬▬▬▬▬▬▬▬▬▬▬▬▬▬▬▬▬▬▬▬▬▬▬▬▬▬▬▬▬▬▬▬▬▬▬
14:07:48                                  §r§9§lTREE GIFT
14:07:48 
14:07:48                  §r§7You helped cut §r§a100% §r§7of the §r§aFig Tree§r§7.
14:07:48 §f                       §e+5 rewards gained! §8(hover)
14:07:48                      §r§7A §r§dPhanflare §r§7fell from the Tree!
14:07:48 §9§l▬▬▬▬▬▬▬▬▬▬▬▬▬▬▬▬▬▬▬▬▬▬▬▬▬▬▬▬▬▬▬▬▬▬▬▬▬▬▬▬▬▬▬▬▬▬▬▬▬▬▬▬▬▬▬▬▬▬▬▬▬▬▬▬
14:08:03 §9§l▬▬▬▬▬▬▬▬▬▬▬▬▬▬▬▬▬▬▬▬▬▬▬▬▬▬▬▬▬▬▬▬▬▬▬▬▬▬▬▬▬▬▬▬▬▬▬▬▬▬▬▬▬▬▬▬▬▬▬▬▬▬▬▬
14:08:03                                  §r§9§lTREE GIFT
14:08:03 
14:08:03                  §r§7You helped cut §r§a100% §r§7of the §r§aFig Tree§r§7.
14:08:03 §f                       §e+5 rewards gained! §8(hover)
14:08:03 
14:08:03                                 §r§d§lBONUS GIFT
14:08:03                           §r§7§r§aStretching Sticks §r§8(§r§a20%§r§8)
14:08:03                      §r§7§r§fForaging Wisdom Booster §r§8(§r§a0.5%§r§8)
14:08:03                      §r§7A §r§dPhanpyre §r§7fell from the Tree!
14:08:03 §9§l▬▬▬▬▬▬▬▬▬▬▬▬▬▬▬▬▬▬▬▬▬▬▬▬▬▬▬▬▬▬▬▬▬▬▬▬▬▬▬▬▬▬▬▬▬▬▬▬▬▬▬▬▬▬▬▬▬▬▬▬▬▬▬▬
14:08:19 §9§l▬▬▬▬▬▬▬▬▬▬▬▬▬▬▬▬▬▬▬▬▬▬▬▬▬▬▬▬▬▬▬▬▬▬▬▬▬▬▬▬▬▬▬▬▬▬▬▬▬▬▬▬▬▬▬▬▬▬▬▬▬▬▬▬
14:08:19                                  §r§9§lTREE GIFT
14:08:19 
14:08:19                  §r§7You helped cut §r§a100% §r§7of the §r§aFig Tree§r§7.
14:08:19 §f                       §e+5 rewards gained! §8(hover)
14:08:19 
14:08:19                                 §r§d§lBONUS GIFT
14:08:19                           §r§7§r§aStretching Sticks §r§8(§r§a20%§r§8)
14:08:19 §9§l▬▬▬▬▬▬▬▬▬▬▬▬▬▬▬▬▬▬▬▬▬▬▬▬▬▬▬▬▬▬▬▬▬▬▬▬▬▬▬▬▬▬▬▬▬▬▬▬▬▬▬▬▬▬▬▬▬▬▬▬▬▬▬▬
14:08:25 §9§l▬▬▬▬▬▬▬▬▬▬▬▬▬▬▬▬▬▬▬▬▬▬▬▬▬▬▬▬▬▬▬▬▬▬▬▬▬▬▬▬▬▬▬▬▬▬▬▬▬▬▬▬▬▬▬▬▬▬▬▬▬▬▬▬
14:08:25                                  §r§9§lTREE GIFT
14:08:25 
14:08:25                  §r§7You helped cut §r§a100% §r§7of the §r§aFig Tree§r§7.
14:08:25 §f                       §e+5 rewards gained! §8(hover)
14:08:25                      §r§7A §r§dPhanpyre §r§7fell from the Tree!
14:08:25 §9§l▬▬▬▬▬▬▬▬▬▬▬▬▬▬▬▬▬▬▬▬▬▬▬▬▬▬▬▬▬▬▬▬▬▬▬▬▬▬▬▬▬▬▬▬▬▬▬▬▬▬▬▬▬▬▬▬▬▬▬▬▬▬▬▬
14:08:39 §9§l▬▬▬▬▬▬▬▬▬▬▬▬▬▬▬▬▬▬▬▬▬▬▬▬▬▬▬▬▬▬▬▬▬▬▬▬▬▬▬▬▬▬▬▬▬▬▬▬▬▬▬▬▬▬▬▬▬▬▬▬▬▬▬▬
14:08:39                                  §r§9§lTREE GIFT
14:08:39 
14:08:39                  §r§7You helped cut §r§a100% §r§7of the §r§aFig Tree§r§7.
14:08:39 §f                       §e+5 rewards gained! §8(hover)
14:08:39 
14:08:39                                 §r§d§lBONUS GIFT
14:08:39                           §r§7§r§aStretching Sticks §r§8(§r§a20%§r§8)
14:08:39 §9§l▬▬▬▬▬▬▬▬▬▬▬▬▬▬▬▬▬▬▬▬▬▬▬▬▬▬▬▬▬▬▬▬▬▬▬▬▬▬▬▬▬▬▬▬▬▬▬▬▬▬▬▬▬▬▬▬▬▬▬▬▬▬▬▬
14:08:49 §9§l▬▬▬▬▬▬▬▬▬▬▬▬▬▬▬▬▬▬▬▬▬▬▬▬▬▬▬▬▬▬▬▬▬▬▬▬▬▬▬▬▬▬▬▬▬▬▬▬▬▬▬▬▬▬▬▬▬▬▬▬▬▬▬▬
14:08:49                                  §r§9§lTREE GIFT
14:08:49 
14:08:49                  §r§7You helped cut §r§a100% §r§7of the §r§aFig Tree§r§7.
14:08:49 §f                       §e+5 rewards gained! §8(hover)
14:08:49 
14:08:49                                 §r§d§lBONUS GIFT
14:08:49                           §r§7§r§aStretching Sticks §r§8(§r§a20%§r§8)
14:08:49                             §r§7§r§fSweep Booster §r§8(§r§a1%§r§8)
14:08:49 §9§l▬▬▬▬▬▬▬▬▬▬▬▬▬▬▬▬▬▬▬▬▬▬▬▬▬▬▬▬▬▬▬▬▬▬▬▬▬▬▬▬▬▬▬▬▬▬▬▬▬▬▬▬▬▬▬▬▬▬▬▬▬▬▬▬
14:09:22 §9§l▬▬▬▬▬▬▬▬▬▬▬▬▬▬▬▬▬▬▬▬▬▬▬▬▬▬▬▬▬▬▬▬▬▬▬▬▬▬▬▬▬▬▬▬▬▬▬▬▬▬▬▬▬▬▬▬▬▬▬▬▬▬▬▬
14:09:22                                  §r§9§lTREE GIFT
14:09:22 
14:09:22                  §r§7You helped cut §r§a100% §r§7of the §r§aFig Tree§r§7.
14:09:22 §f                       §e+5 rewards gained! §8(hover)
14:09:22 
14:09:22                                 §r§d§lBONUS GIFT
14:09:22                           §r§7§r§aStretching Sticks §r§8(§r§a20%§r§8)
14:09:22 §9§l▬▬▬▬▬▬▬▬▬▬▬▬▬▬▬▬▬▬▬▬▬▬▬▬▬▬▬▬▬▬▬▬▬▬▬▬▬▬▬▬▬▬▬▬▬▬▬▬▬▬▬▬▬▬▬▬▬▬▬▬▬▬▬▬
14:09:43 §9§l▬▬▬▬▬▬▬▬▬▬▬▬▬▬▬▬▬▬▬▬▬▬▬▬▬▬▬▬▬▬▬▬▬▬▬▬▬▬▬▬▬▬▬▬▬▬▬▬▬▬▬▬▬▬▬▬▬▬▬▬▬▬▬▬
14:09:43                                  §r§9§lTREE GIFT
14:09:43 
14:09:43                  §r§7You helped cut §r§a100% §r§7of the §r§aFig Tree§r§7.
14:09:43 §f                       §e+5 rewards gained! §8(hover)
14:09:43 §9§l▬▬▬▬▬▬▬▬▬▬▬▬▬▬▬▬▬▬▬▬▬▬▬▬▬▬▬▬▬▬▬▬▬▬▬▬▬▬▬▬▬▬▬▬▬▬▬▬▬▬▬▬▬▬▬▬▬▬▬▬▬▬▬▬
14:09:52 §9§l▬▬▬▬▬▬▬▬▬▬▬▬▬▬▬▬▬▬▬▬▬▬▬▬▬▬▬▬▬▬▬▬▬▬▬▬▬▬▬▬▬▬▬▬▬▬▬▬▬▬▬▬▬▬▬▬▬▬▬▬▬▬▬▬
14:09:52                                  §r§9§lTREE GIFT
14:09:52 
14:09:52                  §r§7You helped cut §r§a100% §r§7of the §r§aFig Tree§r§7.
14:09:52 §f                       §e+5 rewards gained! §8(hover)
14:09:52 §9§l▬▬▬▬▬▬▬▬▬▬▬▬▬▬▬▬▬▬▬▬▬▬▬▬▬▬▬▬▬▬▬▬▬▬▬▬▬▬▬▬▬▬▬▬▬▬▬▬▬▬▬▬▬▬▬▬▬▬▬▬▬▬▬▬
14:10:00 §9§l▬▬▬▬▬▬▬▬▬▬▬▬▬▬▬▬▬▬▬▬▬▬▬▬▬▬▬▬▬▬▬▬▬▬▬▬▬▬▬▬▬▬▬▬▬▬▬▬▬▬▬▬▬▬▬▬▬▬▬▬▬▬▬▬
14:10:00                                  §r§9§lTREE GIFT
14:10:00 
14:10:00                  §r§7You helped cut §r§a100% §r§7of the §r§aFig Tree§r§7.
14:10:00 §f                       §e+5 rewards gained! §8(hover)
14:10:00 
14:10:00                                 §r§d§lBONUS GIFT
14:10:00                           §r§7§r§aStretching Sticks §r§8(§r§a20%§r§8)
14:10:00                      §r§7A §r§dPhanflare §r§7fell from the Tree!
14:10:00 §9§l▬▬▬▬▬▬▬▬▬▬▬▬▬▬▬▬▬▬▬▬▬▬▬▬▬▬▬▬▬▬▬▬▬▬▬▬▬▬▬▬▬▬▬▬▬▬▬▬▬▬▬▬▬▬▬▬▬▬▬▬▬▬▬▬
