07:42:54 [EMPTY] §f §r§r§r§f §r§r§r§1 §r§r§r§0 §r§r§r§2 §r§r§r§f §r§r§r§f §r§r§r§2 §r§r§r§0 §r§r§r§4 §r§r§r§3 §r§r§r§9 §r§r§r§2 §r§r§r§0 §r§r§r§0 §r§r§r§3 §r§r§r§9 §r§r§r§2 §r§r§r§0 §r§r§r§0 §r§r§r§3 §r§r§r§9 §r§r§r§2 §r§r§r§0 §r§r§r§0 
07:45:18 [EMPTY] §8 §r§8 §r§1 §r§3 §r§3 §r§7 §r§8 
07:45:21 [EMPTY] 
07:45:21 [WELCOME] §eWelcome to §r§aHypixel SkyBlock§r§e!
07:45:21 [EMPTY] 
07:45:21 [PROFILE_JOIN] §aYou are playing on profile: §eLemon§b (Co-op)
07:45:21 [PROFILE_JOIN] §8Profile ID: 62b760d8-92b6-4501-ada0-1fd8583f5266
07:45:23 [LOTTERY] §bNew day! §r§eYour §r§2Lottery §r§ebuff changed!
07:45:23 [LOTTERY] §eNew buff§r§r§r: §r§fGain §r§a+5% §r§2∮ Sweep§r§f.
07:45:23 [LOTTERY] §8§oYou can disable this messaging by toggling Lottery in your /hotf!
07:45:37 [SACKS_CHANGE] §6[Sacks] §r§a+11§r§e items§r§e.§r§8 (Last 6s.)
07:45:43 [EMPTY] §8 §r§8 §r§1 §r§3 §r§3 §r§7 §r§8 
07:45:47 [PROFILE_JOIN] §aYou are playing on profile: §eLemon§b (Co-op)
07:45:47 [PROFILE_JOIN] §8Profile ID: 62b760d8-92b6-4501-ada0-1fd8583f5266
07:45:48 [LOTTERY] §bNew day! §r§eYour §r§2Lottery §r§ebuff changed!
07:45:48 [LOTTERY] §eNew buff§r§r§r: §r§fGain §r§a+5% §r§2∮ Sweep§r§f.
07:45:48 [LOTTERY] §8§oYou can disable this messaging by toggling Lottery in your /hotf!
07:46:34 [SACKS_CHANGE] §6[Sacks] §r§a+92§r§e items§r§e.§r§8 (Last 30s.)
07:47:07 [SACKS_CHANGE] §6[Sacks] §r§a+95§r§e items§r§e.§r§8 (Last 30s.)
07:47:40 [SACKS_CHANGE] §6[Sacks] §r§a+116§r§e items§r§e.§r§8 (Last 30s.)
07:47:55 [SACKS_CHANGE] §6[Sacks] §r§a+36§r§e items§r§e.§r§8 (Last 14s.)
07:48:30 [SACKS_CHANGE] §6[Sacks] §r§a+56§r§e items§r§e.§r§8 (Last 28s.)
07:49:01 [SACKS_CHANGE] §6[Sacks] §r§a+50§r§e items§r§e.§r§8 (Last 27s.)
07:49:13 [SACKS_CHANGE] §6[Sacks] §r§a+3§r§e items§r§e.§r§8 (Last 5s.)
07:49:17 [GUILD_EXP] §aYou earned §r§2358 GEXP §r§a+ §r§e1,074 Event EXP §r§afrom playing SkyBlock!
07:49:24 [SACKS_CHANGE] §6[Sacks] §r§a+14§r§e items§r§e.§r§8 (Last 10s.)
07:49:48 [SACKS_CHANGE] §6[Sacks] §r§a+40§r§e items§r§e.§r§8 (Last 20s.)
07:50:11 [SACKS_CHANGE] §6[Sacks] §r§a+25§r§e items§r§e.§r§8 (Last 15s.)
07:50:49 [SACKS_CHANGE] §6[Sacks] §r§a+58§r§e items§r§e.§r§8 (Last 30s.)
07:51:23 [SACKS_CHANGE] §6[Sacks] §r§a+70§r§e items§r§e.§r§8 (Last 30s.)
07:51:40 [SACKS_CHANGE] §6[Sacks] §r§a+17§r§e items§r§e.§r§8 (Last 8s.)
07:51:53 [SACKS_CHANGE] §6[Sacks] §r§a+10§r§e items§r§e.§r§8 (Last 8s.)
07:52:20 [SACKS_CHANGE] §6[Sacks] §r§a+45§r§e items§r§e.§r§8 (Last 23s.)
07:52:53 [SACKS_CHANGE] §6[Sacks] §r§a+62§r§e items§r§e.§r§8 (Last 30s.)
07:53:07 [SACKS_CHANGE] §6[Sacks] §r§a+20§r§e items§r§e.§r§8 (Last 13s.)
07:53:22 [SACKS_CHANGE] §6[Sacks] §r§a+7§r§e items§r§e.§r§8 (Last 12s.)
07:54:08 [SACKS_CHANGE] §6[Sacks] §r§a+1§r§e item§r§e.§r§8 (Last 5s.)
07:54:21 [GUILD_EXP] §aYou earned §r§2750 GEXP §r§a+ §r§e2,250 Event EXP §r§afrom playing SkyBlock!
07:54:44 [EMPTY] §8 §r§8 §r§1 §r§3 §r§3 §r§7 §r§8 
07:54:48 [PROFILE_JOIN] §aYou are playing on profile: §eLemon§b (Co-op)
07:54:48 [PROFILE_JOIN] §8Profile ID: 62b760d8-92b6-4501-ada0-1fd8583f5266
07:54:49 [LOTTERY] §bNew day! §r§eYour §r§2Lottery §r§ebuff changed!
07:54:49 [LOTTERY] §eNew buff§r§r§r: §r§fGain §r§a+5% §r§2∮ Sweep§r§f.
07:54:49 [LOTTERY] §8§oYou can disable this messaging by toggling Lottery in your /hotf!
07:54:59 [LOTTERY] §bNew day! §r§eYour §r§2Lottery §r§ebuff changed!
07:54:59 [LOTTERY] §eNew buff§r§r§r: §r§fGain §r§a+50 §r§6☘ Fig Fortune§r§f.
07:54:59 [LOTTERY] §8§oYou can disable this messaging by toggling Lottery in your /hotf!
07:55:33 [SACKS_CHANGE] §6[Sacks] §r§a+660§r§e items§r§e, §r§c-13,201§r§e items§r§e.§r§8 (Last 25s.)
07:55:53 [SACKS_CHANGE] §6[Sacks] §r§a+1,250§r§e items§r§e.§r§8 (Last 15s.)
07:56:17 [SACKS_CHANGE] §6[Sacks] §r§a+348§r§e items§r§e, §r§c-6,959§r§e items§r§e.§r§8 (Last 20s.)
07:59:45 [GUILD_EXP] §aYou earned §r§2133 GEXP §r§a+ §r§e399 Event EXP §r§afrom playing SkyBlock!
08:07:30 [SACKS_CHANGE] §6[Sacks] §r§a+471§r§e items§r§e, §r§c-448§r§e items§r§e.§r§8 (Last 9s.)
08:08:00 [SACKS_CHANGE] §6[Sacks] §r§a+27§r§e items§r§e.§r§8 (Last 15s.)
08:09:07 [SACKS_CHANGE] §6[Sacks] §r§a+1,523§r§e items§r§e.§r§8 (Last 11s.)
08:09:47 [GUILD_EXP] §aYou earned §r§2153 GEXP §r§a+ §r§e459 Event EXP §r§afrom playing SkyBlock!
08:09:51 [SACKS_CHANGE] §6[Sacks] §r§c-21§r§e items§r§e.§r§8 (Last 5s.)
08:10:19 [SACKS_CHANGE] §6[Sacks] §r§c-368§r§e items§r§e.§r§8 (Last 5s.)
08:14:28 [STASH_COMPACT] §eOne or more items didn't fit in your inventory and were added to your material stash! §6Click here §eto pick them up!
08:14:28 [STASH_COMPACT] §eOne or more items didn't fit in your inventory and were added to your item stash! §6Click here §eto pick them up!
08:14:48 [GUILD_EXP] §aYou earned §r§2471 GEXP §r§a+ §r§e1,413 Event EXP §r§afrom playing SkyBlock!
08:14:52 [EMPTY]  
08:14:52 [STASH_COMPACT] §f                 §7You have §349 §7materials stashed away!
08:14:52 [STASH_COMPACT] §f               §8(This totals 1 type of material stashed!)
08:14:52 [STASH_COMPACT] §f                §3§l>>> §3§lCLICK HERE§b to pick them up! §3§l<<<
08:14:52 [EMPTY]   
08:14:59 [LOTTERY] §bNew day! §r§eYour §r§2Lottery §r§ebuff changed!
08:14:59 [LOTTERY] §eNew buff§r§r§r: §r§fGain §r§a+5% §r§2∮ Sweep§r§f.
08:14:59 [LOTTERY] §8§oYou can disable this messaging by toggling Lottery in your /hotf!
08:15:37 [SACKS_CHANGE] §6[Sacks] §r§a+447§r§e items§r§e.§r§8 (Last 12s.)
08:16:04 [SACKS_CHANGE] §6[Sacks] §r§c-83§r§e items§r§e.§r§8 (Last 5s.)
08:16:40 [SACKS_CHANGE] §6[Sacks] §r§a+1,411§r§e items§r§e.§r§8 (Last 19s.)
08:17:31 [SACKS_CHANGE] §6[Sacks] §r§c-1,792§r§e items§r§e.§r§8 (Last 5s.)
08:17:53 [SACKS_CHANGE] §6[Sacks] §r§a+149§r§e items§r§e, §r§c-11,565§r§e items§r§e.§r§8 (Last 10s.)
08:18:08 [SACKS_CHANGE] §6[Sacks] §r§a+11§r§e items§r§e.§r§8 (Last 5s.)
08:19:48 [GUILD_EXP] §aYou earned §r§2503 GEXP §r§a+ §r§e1,509 Event EXP §r§afrom playing SkyBlock!
08:30:30 [SACKS_CHANGE] §6[Sacks] §r§a+19§r§e items§r§e.§r§8 (Last 18s.)
08:34:51 [GUILD_EXP] §aYou earned §r§2133 GEXP §r§a+ §r§e399 Event EXP §r§afrom playing SkyBlock!
08:35:00 [LOTTERY] §bNew day! §r§eYour §r§2Lottery §r§ebuff changed!
08:35:00 [LOTTERY] §eNew buff§r§r§r: §r§fGain §r§a+50 §r§6☘ Mangrove Fortune§r§f.
08:35:00 [LOTTERY] §8§oYou can disable this messaging by toggling Lottery in your /hotf!
08:39:47 [EMPTY] §8 §r§8 §r§1 §r§3 §r§3 §r§7 §r§8 
08:39:50 [PROFILE_JOIN] §aYou are playing on profile: §eLemon§b (Co-op)
08:39:50 [PROFILE_JOIN] §8Profile ID: 62b760d8-92b6-4501-ada0-1fd8583f5266
08:39:52 [LOTTERY] §bNew day! §r§eYour §r§2Lottery §r§ebuff changed!
08:39:52 [LOTTERY] §eNew buff§r§r§r: §r§fGain §r§a+50 §r§6☘ Mangrove Fortune§r§f.
08:39:52 [LOTTERY] §8§oYou can disable this messaging by toggling Lottery in your /hotf!
08:41:03 [SACKS_CHANGE] §6[Sacks] §r§a+36§r§e items§r§e.§r§8 (Last 20s.)
08:41:31 [EMPTY] §8 §r§8 §r§1 §r§3 §r§3 §r§7 §r§8 
08:41:34 [PROFILE_JOIN] §aYou are playing on profile: §eLemon§b (Co-op)
08:41:34 [PROFILE_JOIN] §8Profile ID: 62b760d8-92b6-4501-ada0-1fd8583f5266
08:41:36 [LOTTERY] §bNew day! §r§eYour §r§2Lottery §r§ebuff changed!
08:41:36 [LOTTERY] §eNew buff§r§r§r: §r§fGain §r§a+50 §r§6☘ Mangrove Fortune§r§f.
08:41:36 [LOTTERY] §8§oYou can disable this messaging by toggling Lottery in your /hotf!
08:41:44 [EMPTY] §8 §r§8 §r§1 §r§3 §r§3 §r§7 §r§8 
08:41:47 [PROFILE_JOIN] §aYou are playing on profile: §eLemon§b (Co-op)
08:41:47 [PROFILE_JOIN] §8Profile ID: 62b760d8-92b6-4501-ada0-1fd8583f5266
08:41:49 [LOTTERY] §bNew day! §r§eYour §r§2Lottery §r§ebuff changed!
08:41:49 [LOTTERY] §eNew buff§r§r§r: §r§fGain §r§a+50 §r§6☘ Mangrove Fortune§r§f.
08:41:49 [LOTTERY] §8§oYou can disable this messaging by toggling Lottery in your /hotf!
08:42:02 [SACKS_CHANGE] §6[Sacks] §r§a+4§r§e items§r§e.§r§8 (Last 5s.)
08:42:08 [EMPTY] 
08:42:08 [EMPTY] 
08:42:08 [EMPTY] 
08:42:08 [EMPTY] 
08:42:13 [SACKS_CHANGE] §6[Sacks] §r§a+3§r§e items§r§e.§r§8 (Last 5s.)
08:42:35 [SACKS_CHANGE] §6[Sacks] §r§a+32§r§e items§r§e.§r§8 (Last 17s.)
08:42:55 [SACKS_CHANGE] §6[Sacks] §r§a+51§r§e items§r§e.§r§8 (Last 19s.)
08:43:14 [SACKS_CHANGE] §6[Sacks] §r§a+50§r§e items§r§e.§r§8 (Last 18s.)
08:45:15 [EMPTY] §f §r§r§r§f §r§r§r§1 §r§r§r§0 §r§r§r§2 §r§r§r§f §r§r§r§f §r§r§r§2 §r§r§r§0 §r§r§r§4 §r§r§r§3 §r§r§r§9 §r§r§r§2 §r§r§r§0 §r§r§r§0 §r§r§r§3 §r§r§r§9 §r§r§r§2 §r§r§r§0 §r§r§r§0 §r§r§r§3 §r§r§r§9 §r§r§r§2 §r§r§r§0 §r§r§r§0 
08:45:39 [EMPTY] §8 §r§8 §r§1 §r§3 §r§3 §r§7 §r§8 
08:45:41 [EMPTY] 
08:45:41 [WELCOME] §eWelcome to §r§aHypixel SkyBlock§r§e!
08:45:41 [EMPTY] 
08:45:42 [PROFILE_JOIN] §aYou are playing on profile: §eLemon§b (Co-op)
08:45:42 [PROFILE_JOIN] §8Profile ID: 62b760d8-92b6-4501-ada0-1fd8583f5266
08:45:43 [LOTTERY] §bNew day! §r§eYour §r§2Lottery §r§ebuff changed!
08:45:44 [LOTTERY] §eNew buff§r§r§r: §r§fGain §r§a+50 §r§6☘ Mangrove Fortune§r§f.
08:45:44 [LOTTERY] §8§oYou can disable this messaging by toggling Lottery in your /hotf!
08:46:13 [EMPTY] §8 §r§8 §r§1 §r§3 §r§3 §r§7 §r§8 
08:46:17 [PROFILE_JOIN] §aYou are playing on profile: §eLemon§b (Co-op)
08:46:17 [PROFILE_JOIN] §8Profile ID: 62b760d8-92b6-4501-ada0-1fd8583f5266
08:46:18 [LOTTERY] §bNew day! §r§eYour §r§2Lottery §r§ebuff changed!
08:46:18 [LOTTERY] §eNew buff§r§r§r: §r§fGain §r§a+50 §r§6☘ Mangrove Fortune§r§f.
08:46:18 [LOTTERY] §8§oYou can disable this messaging by toggling Lottery in your /hotf!
08:46:23 [EMPTY] §8 §r§8 §r§1 §r§3 §r§3 §r§7 §r§8 
08:46:26 [PROFILE_JOIN] §aYou are playing on profile: §eLemon§b (Co-op)
08:46:26 [PROFILE_JOIN] §8Profile ID: 62b760d8-92b6-4501-ada0-1fd8583f5266
08:47:04 [EMPTY] §8 §r§8 §r§1 §r§3 §r§3 §r§7 §r§8 
08:47:07 [PROFILE_JOIN] §aYou are playing on profile: §eLemon§b (Co-op)
08:47:07 [PROFILE_JOIN] §8Profile ID: 62b760d8-92b6-4501-ada0-1fd8583f5266
08:47:09 [LOTTERY] §bNew day! §r§eYour §r§2Lottery §r§ebuff changed!
08:47:09 [LOTTERY] §eNew buff§r§r§r: §r§fGain §r§a+50 §r§6☘ Mangrove Fortune§r§f.
08:47:09 [LOTTERY] §8§oYou can disable this messaging by toggling Lottery in your /hotf!
08:47:24 [EMPTY] §8 §r§8 §r§1 §r§3 §r§3 §r§7 §r§8 
08:47:27 [PROFILE_JOIN] §aYou are playing on profile: §eLemon§b (Co-op)
08:47:27 [PROFILE_JOIN] §8Profile ID: 62b760d8-92b6-4501-ada0-1fd8583f5266
08:47:29 [LOTTERY] §bNew day! §r§eYour §r§2Lottery §r§ebuff changed!
08:47:29 [LOTTERY] §eNew buff§r§r§r: §r§fGain §r§a+50 §r§6☘ Mangrove Fortune§r§f.
08:47:29 [LOTTERY] §8§oYou can disable this messaging by toggling Lottery in your /hotf!
08:47:36 [EMPTY] §8 §r§8 §r§1 §r§3 §r§3 §r§7 §r§8 
08:47:40 [PROFILE_JOIN] §aYou are playing on profile: §eLemon§b (Co-op)
08:47:40 [PROFILE_JOIN] §8Profile ID: 62b760d8-92b6-4501-ada0-1fd8583f5266
08:47:41 [LOTTERY] §bNew day! §r§eYour §r§2Lottery §r§ebuff changed!
08:47:41 [LOTTERY] §eNew buff§r§r§r: §r§fGain §r§a+50 §r§6☘ Mangrove Fortune§r§f.
08:47:41 [LOTTERY] §8§oYou can disable this messaging by toggling Lottery in your /hotf!
08:48:24 [SACKS_CHANGE] §6[Sacks] §r§a+90§r§e items§r§e.§r§8 (Last 30s.)
08:48:59 [SACKS_CHANGE] §6[Sacks] §r§a+102§r§e items§r§e.§r§8 (Last 30s.)
08:49:23 [SACKS_CHANGE] §6[Sacks] §r§a+79§r§e items§r§e.§r§8 (Last 22s.)
08:49:24 [EMPTY] §8 §r§8 §r§1 §r§3 §r§3 §r§7 §r§8 
08:49:27 [PROFILE_JOIN] §aYou are playing on profile: §eLemon§b (Co-op)
08:49:27 [PROFILE_JOIN] §8Profile ID: 62b760d8-92b6-4501-ada0-1fd8583f5266
08:49:28 [LOTTERY] §bNew day! §r§eYour §r§2Lottery §r§ebuff changed!
08:49:29 [LOTTERY] §eNew buff§r§r§r: §r§fGain §r§a+50 §r§6☘ Mangrove Fortune§r§f.
08:49:29 [LOTTERY] §8§oYou can disable this messaging by toggling Lottery in your /hotf!
08:54:24 [GUILD_EXP] §aYou earned §r§273 GEXP §r§a+ §r§e219 Event EXP §r§afrom playing SkyBlock!
08:55:00 [LOTTERY] §bNew day! §r§eYour §r§2Lottery §r§ebuff changed!
08:55:00 [LOTTERY] §eNew buff§r§r§r: §r§fGain §r§a+5% §r§2∮ Sweep§r§f.
08:55:00 [LOTTERY] §8§oYou can disable this messaging by toggling Lottery in your /hotf!
09:01:40 [EMPTY] 
09:01:40 [EMPTY] §c
09:14:59 [LOTTERY] §bNew day! §r§eYour §r§2Lottery §r§ebuff changed!
09:14:59 [LOTTERY] §eNew buff§r§r§r: §r§fGain §r§a+50 §r§6☘ Mangrove Fortune§r§f.
09:14:59 [LOTTERY] §8§oYou can disable this messaging by toggling Lottery in your /hotf!
09:23:09 [EMPTY] §8 §r§8 §r§1 §r§3 §r§3 §r§7 §r§8 
09:23:12 [PROFILE_JOIN] §aYou are playing on profile: §eLemon§b (Co-op)
09:23:12 [PROFILE_JOIN] §8Profile ID: 62b760d8-92b6-4501-ada0-1fd8583f5266
09:23:14 [LOTTERY] §bNew day! §r§eYour §r§2Lottery §r§ebuff changed!
09:23:14 [LOTTERY] §eNew buff§r§r§r: §r§fGain §r§a+50 §r§6☘ Mangrove Fortune§r§f.
09:23:14 [LOTTERY] §8§oYou can disable this messaging by toggling Lottery in your /hotf!
09:23:59 [SACKS_CHANGE] §6[Sacks] §r§a+94§r§e items§r§e.§r§8 (Last 30s.)
09:24:22 [SACKS_CHANGE] §6[Sacks] §r§a+45§r§e items§r§e.§r§8 (Last 18s.)
09:24:45 [SACKS_CHANGE] §6[Sacks] §r§a+33§r§e items§r§e.§r§8 (Last 19s.)
09:24:57 [SACKS_CHANGE] §6[Sacks] §r§a+8§r§e items§r§e.§r§8 (Last 6s.)
09:25:10 [SACKS_CHANGE] §6[Sacks] §r§a+29§r§e items§r§e.§r§8 (Last 10s.)
09:25:22 [SACKS_CHANGE] §6[Sacks] §r§a+24§r§e items§r§e.§r§8 (Last 10s.)
09:25:56 [SACKS_CHANGE] §6[Sacks] §r§a+68§r§e items§r§e.§r§8 (Last 27s.)
09:26:29 [SACKS_CHANGE] §6[Sacks] §r§a+42§r§e items§r§e.§r§8 (Last 19s.)
09:26:29 [GUILD_EXP] §aYou earned §r§2328 GEXP §r§a+ §r§e984 Event EXP §r§afrom playing SkyBlock!
09:27:01 [SACKS_CHANGE] §6[Sacks] §r§a+105§r§e items§r§e.§r§8 (Last 30s.)
09:27:34 [SACKS_CHANGE] §6[Sacks] §r§a+87§r§e items§r§e.§r§8 (Last 30s.)
09:27:53 [SACKS_CHANGE] §6[Sacks] §r§a+30§r§e items§r§e.§r§8 (Last 16s.)
09:28:09 [SACKS_CHANGE] §6[Sacks] §r§a+27§r§e items§r§e.§r§8 (Last 12s.)
09:28:15 [SACKS_CHANGE] §6[Sacks] §r§a+3§r§e items§r§e.§r§8 (Last 5s.)
09:28:52 [SACKS_CHANGE] §6[Sacks] §r§a+92§r§e items§r§e.§r§8 (Last 30s.)
09:29:00 [EMPTY] 
09:29:00 [EMPTY] 
09:29:00 [EMPTY] 
09:29:00 [EMPTY] 
09:29:25 [SACKS_CHANGE] §6[Sacks] §r§a+63§r§e items§r§e.§r§8 (Last 30s.)
09:29:35 [SACKS_CHANGE] §6[Sacks] §r§a+11§r§e items§r§e.§r§8 (Last 6s.)
09:30:09 [SACKS_CHANGE] §6[Sacks] §r§a+105§r§e items§r§e.§r§8 (Last 30s.)
09:30:37 [SACKS_CHANGE] §6[Sacks] §r§a+67§r§e items§r§e.§r§8 (Last 26s.)
09:31:12 [SACKS_CHANGE] §6[Sacks] §r§a+87§r§e items§r§e.§r§8 (Last 30s.)
09:31:26 [SACKS_CHANGE] §6[Sacks] §r§a+17§r§e items§r§e.§r§8 (Last 11s.)
09:31:33 [GUILD_EXP] §aYou earned §r§2750 GEXP §r§a+ §r§e2,250 Event EXP §r§afrom playing SkyBlock!
09:31:48 [SACKS_CHANGE] §6[Sacks] §r§a+53§r§e items§r§e.§r§8 (Last 19s.)
09:32:22 [SACKS_CHANGE] §6[Sacks] §r§a+106§r§e items§r§e.§r§8 (Last 30s.)
09:32:30 [EMPTY] 
09:32:53 [SACKS_CHANGE] §6[Sacks] §r§a+91§r§e items§r§e.§r§8 (Last 30s.)
09:33:02 [SACKS_CHANGE] §6[Sacks] §r§a+15§r§e items§r§e.§r§8 (Last 8s.)
09:33:28 [SACKS_CHANGE] §6[Sacks] §r§a+62§r§e items§r§e.§r§8 (Last 23s.)
09:34:40 [SACKS_CHANGE] §6[Sacks] §r§a+93§r§e items§r§e.§r§8 (Last 30s.)
09:34:49 [SACKS_CHANGE] §6[Sacks] §r§a+14§r§e items§r§e.§r§8 (Last 8s.)
09:34:59 [LOTTERY] §bNew day! §r§eYour §r§2Lottery §r§ebuff changed!
09:34:59 [LOTTERY] §eNew buff§r§r§r: §r§fGain §r§a+50 §r§6☘ Fig Fortune§r§f.
09:34:59 [LOTTERY] §8§oYou can disable this messaging by toggling Lottery in your /hotf!
09:35:23 [SACKS_CHANGE] §6[Sacks] §r§a+99§r§e items§r§e.§r§8 (Last 30s.)
09:35:57 [EMPTY] 
09:35:57 [EMPTY] 
09:35:57 [EMPTY] 
09:35:57 [EMPTY] 
09:36:01 [SACKS_CHANGE] §6[Sacks] §r§a+30§r§e items§r§e.§r§8 (Last 18s.)
09:36:30 [SACKS_CHANGE] §6[Sacks] §r§a+55§r§e items§r§e.§r§8 (Last 24s.)
09:36:37 [GUILD_EXP] §aYou earned §r§2715 GEXP §r§a+ §r§e2,145 Event EXP §r§afrom playing SkyBlock!
09:36:58 [SACKS_CHANGE] §6[Sacks] §r§a+10§r§e items§r§e.§r§8 (Last 5s.)
09:38:38 [SACKS_CHANGE] §6[Sacks] §r§a+22§r§e items§r§e.§r§8 (Last 9s.)
09:38:44 [SACKS_CHANGE] §6[Sacks] §r§a+6§r§e items§r§e.§r§8 (Last 5s.)
09:38:54 [SACKS_CHANGE] §6[Sacks] §r§a+20§r§e items§r§e.§r§8 (Last 8s.)
09:39:28 [SACKS_CHANGE] §6[Sacks] §r§a+89§r§e items§r§e.§r§8 (Last 30s.)
09:39:48 [SACKS_CHANGE] §6[Sacks] §r§a+33§r§e items§r§e.§r§8 (Last 13s.)
09:40:10 [SACKS_CHANGE] §6[Sacks] §r§a+9§r§e items§r§e.§r§8 (Last 6s.)
09:41:05 [SACKS_CHANGE] §6[Sacks] §r§a+62§r§e items§r§e.§r§8 (Last 30s.)
09:41:45 [GUILD_EXP] §aYou earned §r§2531 GEXP §r§a+ §r§e1,593 Event EXP §r§afrom playing SkyBlock!
09:41:45 [SACKS_CHANGE] §6[Sacks] §r§a+82§r§e items§r§e.§r§8 (Last 26s.)
09:41:59 [SACKS_CHANGE] §6[Sacks] §r§a+9§r§e items§r§e.§r§8 (Last 8s.)
09:42:23 [SACKS_CHANGE] §6[Sacks] §r§a+38§r§e items§r§e.§r§8 (Last 20s.)
09:42:59 [SACKS_CHANGE] §6[Sacks] §r§a+64§r§e items§r§e.§r§8 (Last 30s.)
09:43:24 [SACKS_CHANGE] §6[Sacks] §r§a+35§r§e items§r§e.§r§8 (Last 19s.)
09:43:39 [SACKS_CHANGE] §6[Sacks] §r§a+18§r§e items§r§e.§r§8 (Last 9s.)
09:44:13 [SACKS_CHANGE] §6[Sacks] §r§a+108§r§e items§r§e.§r§8 (Last 30s.)
09:44:54 [SACKS_CHANGE] §6[Sacks] §r§a+84§r§e items§r§e.§r§8 (Last 30s.)
09:45:17 [SACKS_CHANGE] §6[Sacks] §r§a+47§r§e items§r§e.§r§8 (Last 19s.)
09:45:51 [SACKS_CHANGE] §6[Sacks] §r§a+117§r§e items§r§e.§r§8 (Last 30s.)
09:46:18 [SACKS_CHANGE] §6[Sacks] §r§a+67§r§e items§r§e.§r§8 (Last 25s.)
09:46:50 [SACKS_CHANGE] §6[Sacks] §r§a+78§r§e items§r§e.§r§8 (Last 30s.)
09:46:51 [GUILD_EXP] §aYou earned §r§2750 GEXP §r§a+ §r§e2,250 Event EXP §r§afrom playing SkyBlock!
09:47:21 [SACKS_CHANGE] §6[Sacks] §r§a+88§r§e items§r§e.§r§8 (Last 30s.)
09:47:55 [SACKS_CHANGE] §6[Sacks] §r§a+80§r§e items§r§e.§r§8 (Last 30s.)
09:48:26 [SACKS_CHANGE] §6[Sacks] §r§a+97§r§e items§r§e.§r§8 (Last 30s.)
09:49:01 [SACKS_CHANGE] §6[Sacks] §r§a+88§r§e items§r§e.§r§8 (Last 30s.)
09:49:12 [SACKS_CHANGE] §6[Sacks] §r§a+12§r§e items§r§e.§r§8 (Last 7s.)
09:49:26 [SACKS_CHANGE] §6[Sacks] §r§a+20§r§e items§r§e.§r§8 (Last 11s.)
09:49:47 [SACKS_CHANGE] §6[Sacks] §r§a+50§r§e items§r§e.§r§8 (Last 20s.)
09:50:20 [SACKS_CHANGE] §6[Sacks] §r§a+118§r§e items§r§e.§r§8 (Last 30s.)
09:50:39 [SACKS_CHANGE] §6[Sacks] §r§a+51§r§e items§r§e.§r§8 (Last 18s.)
09:51:05 [SACKS_CHANGE] §6[Sacks] §r§a+48§r§e items§r§e.§r§8 (Last 24s.)
09:51:28 [SACKS_CHANGE] §6[Sacks] §r§a+63§r§e items§r§e.§r§8 (Last 21s.)
09:51:55 [GUILD_EXP] §aYou earned §r§2750 GEXP §r§a+ §r§e2,250 Event EXP §r§afrom playing SkyBlock!
09:52:01 [SACKS_CHANGE] §6[Sacks] §r§a+47§r§e items§r§e.§r§8 (Last 20s.)
09:52:11 [SACKS_CHANGE] §6[Sacks] §r§a+16§r§e items§r§e.§r§8 (Last 8s.)
09:52:32 [SACKS_CHANGE] §6[Sacks] §r§a+46§r§e items§r§e.§r§8 (Last 18s.)
09:52:47 [SACKS_CHANGE] §6[Sacks] §r§a+21§r§e items§r§e.§r§8 (Last 10s.)
09:53:19 [SACKS_CHANGE] §6[Sacks] §r§a+95§r§e items§r§e.§r§8 (Last 30s.)
09:53:52 [SACKS_CHANGE] §6[Sacks] §r§a+96§r§e items§r§e.§r§8 (Last 30s.)
09:54:07 [SACKS_CHANGE] §6[Sacks] §r§a+30§r§e items§r§e.§r§8 (Last 13s.)
09:54:35 [SACKS_CHANGE] §6[Sacks] §r§a+32§r§e items§r§e.§r§8 (Last 17s.)
09:54:47 [SACKS_CHANGE] §6[Sacks] §r§a+10§r§e items§r§e.§r§8 (Last 5s.)
09:55:00 [LOTTERY] §bNew day! §r§eYour §r§2Lottery §r§ebuff changed!
09:55:00 [LOTTERY] §eNew buff§r§r§r: §r§fGain §r§a+50 §r§6☘ Fig Fortune§r§f.
09:55:00 [LOTTERY] §8§oYou can disable this messaging by toggling Lottery in your /hotf!
09:55:08 [SACKS_CHANGE] §6[Sacks] §r§a+49§r§e items§r§e.§r§8 (Last 18s.)
09:55:43 [SACKS_CHANGE] §6[Sacks] §r§a+96§r§e items§r§e.§r§8 (Last 30s.)
09:55:57 [SACKS_CHANGE] §6[Sacks] §r§a+26§r§e items§r§e.§r§8 (Last 12s.)
09:56:06 [SACKS_CHANGE] §6[Sacks] §r§a+16§r§e items§r§e.§r§8 (Last 7s.)
09:56:40 [SACKS_CHANGE] §6[Sacks] §r§a+104§r§e items§r§e.§r§8 (Last 30s.)
09:57:01 [GUILD_EXP] §aYou earned §r§2750 GEXP §r§a+ §r§e2,250 Event EXP §r§afrom playing SkyBlock!
09:57:12 [SACKS_CHANGE] §6[Sacks] §r§a+82§r§e items§r§e.§r§8 (Last 30s.)
09:57:44 [SACKS_CHANGE] §6[Sacks] §r§a+73§r§e items§r§e.§r§8 (Last 27s.)
09:58:02 [SACKS_CHANGE] §6[Sacks] §r§a+35§r§e items§r§e.§r§8 (Last 15s.)
09:58:33 [SACKS_CHANGE] §6[Sacks] §r§a+65§r§e items§r§e.§r§8 (Last 30s.)
09:59:07 [SACKS_CHANGE] §6[Sacks] §r§a+78§r§e items§r§e.§r§8 (Last 30s.)
09:59:22 [SACKS_CHANGE] §6[Sacks] §r§a+35§r§e items§r§e.§r§8 (Last 13s.)
09:59:50 [SACKS_CHANGE] §6[Sacks] §r§a+66§r§e items§r§e.§r§8 (Last 25s.)
10:00:24 [SACKS_CHANGE] §6[Sacks] §r§a+100§r§e items§r§e.§r§8 (Last 30s.)
10:01:02 [SACKS_CHANGE] §6[Sacks] §r§a+83§r§e items§r§e.§r§8 (Last 30s.)
10:01:10 [SACKS_CHANGE] §6[Sacks] §r§a+8§r§e items§r§e.§r§8 (Last 7s.)
10:01:18 [SACKS_CHANGE] §6[Sacks] §r§a+8§r§e items§r§e.§r§8 (Last 6s.)
10:01:34 [SACKS_CHANGE] §6[Sacks] §r§a+22§r§e items§r§e.§r§8 (Last 10s.)
10:01:57 [SACKS_CHANGE] §6[Sacks] §r§a+31§r§e items§r§e.§r§8 (Last 19s.)
10:02:06 [SACKS_CHANGE] §6[Sacks] §r§a+14§r§e items§r§e.§r§8 (Last 8s.)
10:02:06 [GUILD_EXP] §aYou earned §r§2750 GEXP §r§a+ §r§e2,250 Event EXP §r§afrom playing SkyBlock!
10:02:28 [SACKS_CHANGE] §6[Sacks] §r§a+45§r§e items§r§e.§r§8 (Last 18s.)
10:02:35 [SACKS_CHANGE] §6[Sacks] §r§a+9§r§e items§r§e.§r§8 (Last 6s.)
10:03:02 [EMPTY] 
10:03:02 [EMPTY] 
10:03:02 [EMPTY] 
10:03:02 [EMPTY] 
10:03:04 [SACKS_CHANGE] §6[Sacks] §r§a+64§r§e items§r§e.§r§8 (Last 25s.)
10:03:36 [SACKS_CHANGE] §6[Sacks] §r§a+91§r§e items§r§e.§r§8 (Last 30s.)
10:04:07 [SACKS_CHANGE] §6[Sacks] §r§a+65§r§e items§r§e.§r§8 (Last 30s.)
10:04:39 [SACKS_CHANGE] §6[Sacks] §r§a+75§r§e items§r§e.§r§8 (Last 30s.)
10:05:06 [SACKS_CHANGE] §6[Sacks] §r§a+57§r§e items§r§e.§r§8 (Last 25s.)
10:05:16 [SACKS_CHANGE] §6[Sacks] §r§a+10§r§e items§r§e.§r§8 (Last 7s.)
10:05:30 [SACKS_CHANGE] §6[Sacks] §r§a+26§r§e items§r§e.§r§8 (Last 9s.)
10:06:02 [SACKS_CHANGE] §6[Sacks] §r§a+65§r§e items§r§e.§r§8 (Last 30s.)
10:06:11 [SACKS_CHANGE] §6[Sacks] §r§a+15§r§e items§r§e.§r§8 (Last 8s.)
10:06:25 [SACKS_CHANGE] §6[Sacks] §r§a+11§r§e items§r§e.§r§8 (Last 7s.)
10:06:55 [SACKS_CHANGE] §6[Sacks] §r§a+61§r§e items§r§e.§r§8 (Last 26s.)
10:07:10 [EMPTY]  
10:07:10 [BESTIARY] §f                                  §6§lBESTIARY
10:07:10 [BESTIARY] §f                              §b§lZealot §7§820 §8➡§b §b21
10:07:10 [BESTIARY] 
10:07:10 [BESTIARY]                                   §r§6§lREWARDS
10:07:10 [BESTIARY]                           §r§8+§r§a6 Zealot §r§b✯ Magic Find
10:07:10 [BESTIARY]                            §r§8+§r§a6 Zealot §r§c❁ Strength
10:07:10 [BESTIARY]                               §r§8+§r§62% §r§aZealot §r§7coins
10:07:10 [BESTIARY]                     §r§8+§r§a50% §r§7chance for extra XP orbs
10:07:10 [BESTIARY]                                §r§8+§r§b1 SkyBlock XP
10:07:10 [BESTIARY] 
10:07:10 [BESTIARY] §3§l▬▬▬▬▬▬▬▬▬▬▬▬▬▬▬▬▬▬▬▬▬▬▬▬▬▬▬▬▬▬▬▬▬▬▬▬▬▬▬▬▬▬▬▬▬▬▬▬▬▬▬▬▬▬▬▬▬▬▬▬▬▬▬▬
10:07:11 [GUILD_EXP] §aYou earned §r§2750 GEXP §r§a+ §r§e2,250 Event EXP §r§afrom playing SkyBlock!
10:07:26 [SACKS_CHANGE] §6[Sacks] §r§a+65§r§e items§r§e.§r§8 (Last 30s.)
10:07:40 [SACKS_CHANGE] §6[Sacks] §r§a+24§r§e items§r§e.§r§8 (Last 12s.)
10:07:53 [SACKS_CHANGE] §6[Sacks] §r§a+17§r§e items§r§e.§r§8 (Last 10s.)
10:08:25 [SACKS_CHANGE] §6[Sacks] §r§a+79§r§e items§r§e.§r§8 (Last 30s.)
10:08:56 [SACKS_CHANGE] §6[Sacks] §r§a+71§r§e items§r§e.§r§8 (Last 28s.)
10:09:06 [SACKS_CHANGE] §6[Sacks] §r§a+1§r§e item§r§e.§r§8 (Last 5s.)
10:09:24 [SACKS_CHANGE] §6[Sacks] §r§a+3§r§e items§r§e.§r§8 (Last 5s.)
10:09:35 [SACKS_CHANGE] §6[Sacks] §r§a+20§r§e items§r§e.§r§8 (Last 9s.)
10:09:52 [SACKS_CHANGE] §6[Sacks] §r§a+10§r§e items§r§e.§r§8 (Last 6s.)
10:10:06 [SACKS_CHANGE] §6[Sacks] §r§a+15§r§e items§r§e.§r§8 (Last 9s.)
10:10:29 [SACKS_CHANGE] §6[Sacks] §r§a+38§r§e items§r§e.§r§8 (Last 18s.)
10:10:42 [SACKS_CHANGE] §6[Sacks] §r§a+26§r§e items§r§e.§r§8 (Last 10s.)
10:11:10 [SACKS_CHANGE] §6[Sacks] §r§a+67§r§e items§r§e.§r§8 (Last 26s.)
10:11:42 [SACKS_CHANGE] §6[Sacks] §r§a+82§r§e items§r§e.§r§8 (Last 30s.)
10:12:00 [SACKS_CHANGE] §6[Sacks] §r§a+27§r§e items§r§e.§r§8 (Last 16s.)
10:12:16 [GUILD_EXP] §aYou earned §r§2750 GEXP §r§a+ §r§e2,250 Event EXP §r§afrom playing SkyBlock!
10:12:31 [SACKS_CHANGE] §6[Sacks] §r§a+71§r§e items§r§e.§r§8 (Last 30s.)
10:13:03 [SACKS_CHANGE] §6[Sacks] §r§a+74§r§e items§r§e.§r§8 (Last 30s.)
10:13:15 [SACKS_CHANGE] §6[Sacks] §r§a+21§r§e items§r§e.§r§8 (Last 11s.)
10:13:47 [SACKS_CHANGE] §6[Sacks] §r§a+91§r§e items§r§e.§r§8 (Last 30s.)
10:13:58 [SACKS_CHANGE] §6[Sacks] §r§a+15§r§e items§r§e.§r§8 (Last 6s.)
10:14:45 [SACKS_CHANGE] §6[Sacks] §r§a+137§r§e items§r§e.§r§8 (Last 30s.)
10:15:00 [LOTTERY] §bNew day! §r§eYour §r§2Lottery §r§ebuff changed!
10:15:00 [LOTTERY] §eNew buff§r§r§r: §r§fGain §r§a+50 §r§6☘ Fig Fortune§r§f.
10:15:00 [LOTTERY] §8§oYou can disable this messaging by toggling Lottery in your /hotf!
10:15:11 [SACKS_CHANGE] §6[Sacks] §r§a+63§r§e items§r§e.§r§8 (Last 24s.)
10:15:32 [SACKS_CHANGE] §6[Sacks] §r§a+19§r§e items§r§e.§r§8 (Last 7s.)
10:15:50 [SACKS_CHANGE] §6[Sacks] §r§a+46§r§e items§r§e.§r§8 (Last 17s.)
10:16:22 [SACKS_CHANGE] §6[Sacks] §r§a+112§r§e items§r§e.§r§8 (Last 30s.)
10:16:32 [SACKS_CHANGE] §6[Sacks] §r§a+15§r§e items§r§e.§r§8 (Last 8s.)
10:16:46 [SACKS_CHANGE] §6[Sacks] §r§a+8§r§e items§r§e.§r§8 (Last 6s.)
10:17:10 [SACKS_CHANGE] §6[Sacks] §r§a+45§r§e items§r§e.§r§8 (Last 21s.)
10:17:17 [SACKS_CHANGE] §6[Sacks] §r§a+7§r§e items§r§e.§r§8 (Last 6s.)
10:17:21 [GUILD_EXP] §aYou earned §r§2900 GEXP §r§a+ §r§e2,250 Event EXP §r§afrom playing SkyBlock!
10:17:35 [SACKS_CHANGE] §6[Sacks] §r§a+36§r§e items§r§e.§r§8 (Last 15s.)
10:17:59 [SACKS_CHANGE] §6[Sacks] §r§a+30§r§e items§r§e.§r§8 (Last 19s.)
10:18:10 [SACKS_CHANGE] §6[Sacks] §r§a+13§r§e items§r§e.§r§8 (Last 9s.)
10:18:43 [SACKS_CHANGE] §6[Sacks] §r§a+78§r§e items§r§e.§r§8 (Last 30s.)
10:18:53 [SACKS_CHANGE] §6[Sacks] §r§a+16§r§e items§r§e.§r§8 (Last 9s.)
10:19:10 [SACKS_CHANGE] §6[Sacks] §r§a+39§r§e items§r§e.§r§8 (Last 15s.)
10:19:26 [SACKS_CHANGE] §6[Sacks] §r§a+21§r§e items§r§e.§r§8 (Last 14s.)
10:19:49 [SACKS_CHANGE] §6[Sacks] §r§a+48§r§e items§r§e.§r§8 (Last 20s.)
10:20:04 [SACKS_CHANGE] §6[Sacks] §r§a+8§r§e items§r§e.§r§8 (Last 6s.)
10:20:30 [SACKS_CHANGE] §6[Sacks] §r§a+40§r§e items§r§e.§r§8 (Last 24s.)
10:21:07 [SACKS_CHANGE] §6[Sacks] §r§a+80§r§e items§r§e.§r§8 (Last 30s.)
10:21:27 [SACKS_CHANGE] §6[Sacks] §r§a+38§r§e items§r§e.§r§8 (Last 14s.)
10:22:08 [SACKS_CHANGE] §6[Sacks] §r§a+100§r§e items§r§e.§r§8 (Last 30s.)
10:22:14 [SACKS_CHANGE] §6[Sacks] §r§a+4§r§e items§r§e.§r§8 (Last 5s.)
10:22:27 [GUILD_EXP] §aYou earned §r§2600 GEXP §r§a+ §r§e2,250 Event EXP §r§afrom playing SkyBlock!
10:22:48 [SACKS_CHANGE] §6[Sacks] §r§a+67§r§e items§r§e.§r§8 (Last 30s.)
10:23:00 [SACKS_CHANGE] §6[Sacks] §r§a+23§r§e items§r§e.§r§8 (Last 10s.)
10:23:33 [SACKS_CHANGE] §6[Sacks] §r§a+102§r§e items§r§e.§r§8 (Last 30s.)
10:24:06 [SACKS_CHANGE] §6[Sacks] §r§a+77§r§e items§r§e.§r§8 (Last 30s.)
10:24:39 [SACKS_CHANGE] §6[Sacks] §r§a+76§r§e items§r§e.§r§8 (Last 30s.)
10:24:59 [SACKS_CHANGE] §6[Sacks] §r§a+49§r§e items§r§e.§r§8 (Last 17s.)
10:25:14 [SACKS_CHANGE] §6[Sacks] §r§a+43§r§e items§r§e.§r§8 (Last 14s.)
10:25:38 [SACKS_CHANGE] §6[Sacks] §r§a+54§r§e items§r§e.§r§8 (Last 22s.)
10:25:58 [SACKS_CHANGE] §6[Sacks] §r§a+29§r§e items§r§e.§r§8 (Last 15s.)
10:26:08 [SACKS_CHANGE] §6[Sacks] §r§a+19§r§e items§r§e.§r§8 (Last 8s.)
10:26:29 [SACKS_CHANGE] §6[Sacks] §r§a+32§r§e items§r§e.§r§8 (Last 13s.)
10:26:37 [SACKS_CHANGE] §6[Sacks] §r§a+1§r§e item§r§e.§r§8 (Last 5s.)
10:26:50 [SACKS_CHANGE] §6[Sacks] §r§a+5§r§e items§r§e.§r§8 (Last 9s.)
10:27:17 [SACKS_CHANGE] §6[Sacks] §r§a+4§r§e items§r§e.§r§8 (Last 5s.)
10:27:28 [SACKS_CHANGE] §6[Sacks] §r§a+9§r§e items§r§e.§r§8 (Last 7s.)
10:27:31 [GUILD_EXP] §aYou earned §r§2750 GEXP §r§a+ §r§e2,250 Event EXP §r§afrom playing SkyBlock!
10:29:31 [EMPTY] 
10:29:31 [EMPTY] 
10:29:31 [EMPTY] 
10:29:59 [SACKS_CHANGE] §6[Sacks] §r§a+9§r§e items§r§e.§r§8 (Last 5s.)
10:32:36 [GUILD_EXP] §aYou earned §r§2388 GEXP §r§a+ §r§e1,164 Event EXP §r§afrom playing SkyBlock!
10:35:00 [LOTTERY] §bNew day! §r§eYour §r§2Lottery §r§ebuff changed!
10:35:00 [LOTTERY] §eNew buff§r§r§r: §r§fGain §r§a+5% §r§2∮ Sweep§r§f.
10:35:00 [LOTTERY] §8§oYou can disable this messaging by toggling Lottery in your /hotf!
10:35:33 [EMPTY] 
10:35:33 [EMPTY] 
10:35:33 [EMPTY] 
10:35:33 [EMPTY] 
10:36:30 [EMPTY] 
10:36:30 [EMPTY] 
10:36:30 [EMPTY] 
10:36:30 [EMPTY] 
10:36:33 [SACKS_CHANGE] §6[Sacks] §r§a+1§r§e item§r§e.§r§8 (Last 5s.)
10:37:30 [SACKS_CHANGE] §6[Sacks] §r§a+10§r§e items§r§e.§r§8 (Last 5s.)
10:43:51 [EMPTY] 
10:43:51 [EMPTY] 
10:43:51 [EMPTY] 
10:43:51 [EMPTY] 
10:44:51 [SACKS_CHANGE] §6[Sacks] §r§a+10§r§e items§r§e.§r§8 (Last 5s.)
10:44:58 [EMPTY] §8 §r§8 §r§1 §r§3 §r§3 §r§7 §r§8 
10:45:01 [PROFILE_JOIN] §aYou are playing on profile: §eLemon§b (Co-op)
10:45:01 [PROFILE_JOIN] §8Profile ID: 62b760d8-92b6-4501-ada0-1fd8583f5266
10:45:03 [LOTTERY] §bNew day! §r§eYour §r§2Lottery §r§ebuff changed!
10:45:03 [LOTTERY] §eNew buff§r§r§r: §r§fGain §r§a+5% §r§2∮ Sweep§r§f.
10:45:03 [LOTTERY] §8§oYou can disable this messaging by toggling Lottery in your /hotf!
10:49:57 [SACKS_CHANGE] §6[Sacks] §r§a+184§r§e items§r§e, §r§c-184§r§e items§r§e.§r§8 (Last 11s.)
10:49:59 [GUILD_EXP] §aYou earned §r§2230 GEXP §r§a+ §r§e690 Event EXP §r§afrom playing SkyBlock!
10:54:59 [LOTTERY] §bNew day! §r§eYour §r§2Lottery §r§ebuff changed!
10:54:59 [LOTTERY] §eNew buff§r§r§r: §r§fGain §r§a+5% §r§2∮ Sweep§r§f.
10:54:59 [LOTTERY] §8§oYou can disable this messaging by toggling Lottery in your /hotf!
10:55:00 [GUILD_EXP] §aYou earned §r§2218 GEXP §r§a+ §r§e654 Event EXP §r§afrom playing SkyBlock!
10:55:19 [EMPTY] §8 §r§8 §r§1 §r§3 §r§3 §r§7 §r§8 
10:55:22 [PROFILE_JOIN] §aYou are playing on profile: §eLemon§b (Co-op)
10:55:22 [PROFILE_JOIN] §8Profile ID: 62b760d8-92b6-4501-ada0-1fd8583f5266
10:59:22 [GUILD_EXP] §aYou earned §r§2203 GEXP §r§a+ §r§e609 Event EXP §r§afrom playing SkyBlock!
10:59:30 [EMPTY] §8 §r§8 §r§1 §r§3 §r§3 §r§7 §r§8 
10:59:33 [PROFILE_JOIN] §aYou are playing on profile: §eLemon§b (Co-op)
10:59:33 [PROFILE_JOIN] §8Profile ID: 62b760d8-92b6-4501-ada0-1fd8583f5266
10:59:35 [LOTTERY] §bNew day! §r§eYour §r§2Lottery §r§ebuff changed!
10:59:35 [LOTTERY] §eNew buff§r§r§r: §r§fGain §r§a+5% §r§2∮ Sweep§r§f.
10:59:35 [LOTTERY] §8§oYou can disable this messaging by toggling Lottery in your /hotf!
11:01:40 [EMPTY] 
11:01:40 [EMPTY] §c
11:14:33 [GUILD_EXP] §aYou earned §r§260 GEXP §r§a+ §r§e180 Event EXP §r§afrom playing SkyBlock!
11:14:59 [LOTTERY] §bNew day! §r§eYour §r§2Lottery §r§ebuff changed!
11:14:59 [LOTTERY] §eNew buff§r§r§r: §r§fGain §r§a+50 §r§6☘ Fig Fortune§r§f.
11:14:59 [LOTTERY] §8§oYou can disable this messaging by toggling Lottery in your /hotf!
11:23:15 [EMPTY] §8 §r§8 §r§1 §r§3 §r§3 §r§7 §r§8 
11:23:18 [PROFILE_JOIN] §aYou are playing on profile: §eLemon§b (Co-op)
11:23:18 [PROFILE_JOIN] §8Profile ID: 62b760d8-92b6-4501-ada0-1fd8583f5266
11:23:20 [LOTTERY] §bNew day! §r§eYour §r§2Lottery §r§ebuff changed!
11:23:20 [LOTTERY] §eNew buff§r§r§r: §r§fGain §r§a+50 §r§6☘ Fig Fortune§r§f.
11:23:20 [LOTTERY] §8§oYou can disable this messaging by toggling Lottery in your /hotf!
11:23:30 [EMPTY] §8 §r§8 §r§1 §r§3 §r§3 §r§7 §r§8 
11:23:33 [PROFILE_JOIN] §aYou are playing on profile: §eLemon§b (Co-op)
11:23:33 [PROFILE_JOIN] §8Profile ID: 62b760d8-92b6-4501-ada0-1fd8583f5266
11:23:35 [LOTTERY] §bNew day! §r§eYour §r§2Lottery §r§ebuff changed!
11:23:35 [LOTTERY] §eNew buff§r§r§r: §r§fGain §r§a+50 §r§6☘ Fig Fortune§r§f.
11:23:35 [LOTTERY] §8§oYou can disable this messaging by toggling Lottery in your /hotf!
11:24:15 [SACKS_CHANGE] §6[Sacks] §r§a+605§r§e items§r§e.§r§8 (Last 23s.)
11:24:48 [SACKS_CHANGE] §6[Sacks] §r§a+995§r§e items§r§e.§r§8 (Last 30s.)
11:24:54 [SACKS_CHANGE] §6[Sacks] §r§a+9§r§e items§r§e.§r§8 (Last 5s.)
11:25:27 [SACKS_CHANGE] §6[Sacks] §r§a+982§r§e items§r§e.§r§8 (Last 30s.)
11:25:34 [SACKS_CHANGE] §6[Sacks] §r§a+82§r§e items§r§e.§r§8 (Last 6s.)
11:25:58 [SACKS_CHANGE] §6[Sacks] §r§a+499§r§e items§r§e.§r§8 (Last 23s.)
11:26:29 [SACKS_CHANGE] §6[Sacks] §r§a+884§r§e items§r§e.§r§8 (Last 30s.)
11:27:00 [SACKS_CHANGE] §6[Sacks] §r§a+841§r§e items§r§e.§r§8 (Last 30s.)
11:27:30 [SACKS_CHANGE] §6[Sacks] §r§a+912§r§e items§r§e.§r§8 (Last 30s.)
11:27:42 [SACKS_CHANGE] §6[Sacks] §r§a+73§r§e items§r§e.§r§8 (Last 6s.)
11:28:14 [SACKS_CHANGE] §6[Sacks] §r§a+912§r§e items§r§e.§r§8 (Last 30s.)
11:28:21 [GUILD_EXP] §aYou earned §r§2570 GEXP §r§a+ §r§e1,710 Event EXP §r§afrom playing SkyBlock!
11:28:45 [SACKS_CHANGE] §6[Sacks] §r§a+824§r§e items§r§e.§r§8 (Last 30s.)
11:29:17 [SACKS_CHANGE] §6[Sacks] §r§a+865§r§e items§r§e.§r§8 (Last 30s.)
11:29:29 [SACKS_CHANGE] §6[Sacks] §r§a+329§r§e items§r§e.§r§8 (Last 11s.)
11:33:23 [GUILD_EXP] §aYou earned §r§2380 GEXP §r§a+ §r§e1,140 Event EXP §r§afrom playing SkyBlock!
11:34:59 [LOTTERY] §bNew day! §r§eYour §r§2Lottery §r§ebuff changed!
11:34:59 [LOTTERY] §eNew buff§r§r§r: §r§fGain §r§a+50 §r§6☘ Mangrove Fortune§r§f.
11:34:59 [LOTTERY] §8§oYou can disable this messaging by toggling Lottery in your /hotf!
11:39:11 [SACKS_CHANGE] §6[Sacks] §r§a+397§r§e items§r§e.§r§8 (Last 14s.)
11:40:22 [SACKS_CHANGE] §6[Sacks] §r§a+196§r§e items§r§e.§r§8 (Last 10s.)
11:41:38 [SACKS_CHANGE] §6[Sacks] §r§a+387§r§e items§r§e.§r§8 (Last 15s.)
11:41:59 [SACKS_CHANGE] §6[Sacks] §r§a+196§r§e items§r§e.§r§8 (Last 9s.)
11:42:53 [SACKS_CHANGE] §6[Sacks] §r§a+875§r§e items§r§e.§r§8 (Last 30s.)
11:43:00 [SACKS_CHANGE] §6[Sacks] §r§a+66§r§e items§r§e.§r§8 (Last 6s.)
11:43:31 [GUILD_EXP] §aYou earned §r§2351 GEXP §r§a+ §r§e1,053 Event EXP §r§afrom playing SkyBlock!
11:43:53 [SACKS_CHANGE] §6[Sacks] §r§a+543§r§e items§r§e.§r§8 (Last 25s.)
11:44:08 [SACKS_CHANGE] §6[Sacks] §r§a+201§r§e items§r§e.§r§8 (Last 6s.)
11:44:25 [SACKS_CHANGE] §6[Sacks] §r§a+187§r§e items§r§e.§r§8 (Last 14s.)
11:44:36 [SACKS_CHANGE] §6[Sacks] §r§a+37§r§e items§r§e.§r§8 (Last 6s.)
11:45:09 [SACKS_CHANGE] §6[Sacks] §r§a+786§r§e items§r§e.§r§8 (Last 30s.)
11:45:32 [SACKS_CHANGE] §6[Sacks] §r§a+187§r§e items§r§e.§r§8 (Last 7s.)
11:46:45 [SACKS_CHANGE] §6[Sacks] §r§a+603§r§e items§r§e.§r§8 (Last 25s.)
11:46:57 [SACKS_CHANGE] §6[Sacks] §r§a+153§r§e items§r§e.§r§8 (Last 9s.)
11:47:10 [EMPTY] §8 §r§8 §r§1 §r§3 §r§3 §r§7 §r§8 
11:47:13 [PROFILE_JOIN] §aYou are playing on profile: §eLemon§b (Co-op)
11:47:13 [PROFILE_JOIN] §8Profile ID: 62b760d8-92b6-4501-ada0-1fd8583f5266
11:47:15 [LOTTERY] §bNew day! §r§eYour §r§2Lottery §r§ebuff changed!
11:47:15 [LOTTERY] §eNew buff§r§r§r: §r§fGain §r§a+50 §r§6☘ Mangrove Fortune§r§f.
11:47:15 [LOTTERY] §8§oYou can disable this messaging by toggling Lottery in your /hotf!
11:47:26 [EMPTY] §8 §r§8 §r§1 §r§3 §r§3 §r§7 §r§8 
11:47:29 [PROFILE_JOIN] §aYou are playing on profile: §eLemon§b (Co-op)
11:47:29 [PROFILE_JOIN] §8Profile ID: 62b760d8-92b6-4501-ada0-1fd8583f5266
11:47:31 [LOTTERY] §bNew day! §r§eYour §r§2Lottery §r§ebuff changed!
11:47:31 [LOTTERY] §eNew buff§r§r§r: §r§fGain §r§a+50 §r§6☘ Mangrove Fortune§r§f.
11:47:31 [LOTTERY] §8§oYou can disable this messaging by toggling Lottery in your /hotf!
11:47:35 [EMPTY] §8 §r§8 §r§1 §r§3 §r§3 §r§7 §r§8 
11:47:38 [PROFILE_JOIN] §aYou are playing on profile: §eLemon§b (Co-op)
11:47:38 [PROFILE_JOIN] §8Profile ID: 62b760d8-92b6-4501-ada0-1fd8583f5266
11:47:40 [LOTTERY] §bNew day! §r§eYour §r§2Lottery §r§ebuff changed!
11:47:40 [LOTTERY] §eNew buff§r§r§r: §r§fGain §r§a+50 §r§6☘ Mangrove Fortune§r§f.
11:47:40 [LOTTERY] §8§oYou can disable this messaging by toggling Lottery in your /hotf!
11:48:11 [SACKS_CHANGE] §6[Sacks] §r§a+109§r§e items§r§e.§r§8 (Last 5s.)
11:48:27 [SACKS_CHANGE] §6[Sacks] §r§a+180§r§e items§r§e.§r§8 (Last 9s.)
11:48:33 [SACKS_CHANGE] §6[Sacks] §r§a+21§r§e items§r§e.§r§8 (Last 5s.)
11:48:59 [SACKS_CHANGE] §6[Sacks] §r§a+567§r§e items§r§e.§r§8 (Last 23s.)
11:49:16 [SACKS_CHANGE] §6[Sacks] §r§a+167§r§e items§r§e.§r§8 (Last 12s.)
11:49:45 [SACKS_CHANGE] §6[Sacks] §r§a+685§r§e items§r§e.§r§8 (Last 25s.)
11:50:18 [SACKS_CHANGE] §6[Sacks] §r§a+474§r§e items§r§e.§r§8 (Last 24s.)
11:50:45 [SACKS_CHANGE] §6[Sacks] §r§a+325§r§e items§r§e.§r§8 (Last 13s.)
11:51:30 [SACKS_CHANGE] §6[Sacks] §r§a+101§r§e items§r§e.§r§8 (Last 7s.)
11:52:10 [SACKS_CHANGE] §6[Sacks] §r§a+956§r§e items§r§e.§r§8 (Last 30s.)
11:52:23 [GUILD_EXP] §aYou earned §r§2498 GEXP §r§a+ §r§e1,494 Event EXP §r§afrom playing SkyBlock!
11:52:42 [SACKS_CHANGE] §6[Sacks] §r§a+683§r§e items§r§e.§r§8 (Last 30s.)
11:52:56 [SACKS_CHANGE] §6[Sacks] §r§a+46§r§e items§r§e.§r§8 (Last 6s.)
11:53:10 [SACKS_CHANGE] §6[Sacks] §r§a+208§r§e items§r§e.§r§8 (Last 10s.)
11:53:45 [SACKS_CHANGE] §6[Sacks] §r§a+590§r§e items§r§e.§r§8 (Last 23s.)
11:53:55 [SACKS_CHANGE] §6[Sacks] §r§a+96§r§e items§r§e.§r§8 (Last 7s.)
11:54:16 [EMPTY] §8 §r§8 §r§1 §r§3 §r§3 §r§7 §r§8 
11:54:19 [PROFILE_JOIN] §aYou are playing on profile: §eLemon§b (Co-op)
11:54:19 [PROFILE_JOIN] §8Profile ID: 62b760d8-92b6-4501-ada0-1fd8583f5266
11:54:21 [LOTTERY] §bNew day! §r§eYour §r§2Lottery §r§ebuff changed!
11:54:21 [LOTTERY] §eNew buff§r§r§r: §r§fGain §r§a+50 §r§6☘ Mangrove Fortune§r§f.
11:54:21 [LOTTERY] §8§oYou can disable this messaging by toggling Lottery in your /hotf!
11:54:59 [LOTTERY] §bNew day! §r§eYour §r§2Lottery §r§ebuff changed!
11:54:59 [LOTTERY] §eNew buff§r§r§r: §r§fGain §r§a+50 §r§6☘ Mangrove Fortune§r§f.
11:54:59 [LOTTERY] §8§oYou can disable this messaging by toggling Lottery in your /hotf!
11:56:01 [SACKS_CHANGE] §6[Sacks] §r§c-1,728§r§e items§r§e.§r§8 (Last 5s.)
11:56:23 [SACKS_CHANGE] §6[Sacks] §r§a+137§r§e items§r§e, §r§c-17,671§r§e items§r§e.§r§8 (Last 16s.)
11:56:36 [SACKS_CHANGE] §6[Sacks] §r§a+1§r§e item§r§e.§r§8 (Last 5s.)
11:59:01 [SACKS_CHANGE] §6[Sacks] §r§a+2§r§e items§r§e.§r§8 (Last 5s.)
11:59:16 [GUILD_EXP] §aYou earned §r§2256 GEXP §r§a+ §r§e768 Event EXP §r§afrom playing SkyBlock!
12:04:18 [GUILD_EXP] §aYou earned §r§273 GEXP §r§a+ §r§e219 Event EXP §r§afrom playing SkyBlock!
12:14:59 [LOTTERY] §bNew day! §r§eYour §r§2Lottery §r§ebuff changed!
12:14:59 [LOTTERY] §eNew buff§r§r§r: §r§fGain §r§a+5% §r§2∮ Sweep§r§f.
12:14:59 [LOTTERY] §8§oYou can disable this messaging by toggling Lottery in your /hotf!
12:34:58 [LOTTERY] §bNew day! §r§eYour §r§2Lottery §r§ebuff changed!
12:34:58 [LOTTERY] §eNew buff§r§r§r: §r§fGain §r§a+50 §r§6☘ Mangrove Fortune§r§f.
12:34:58 [LOTTERY] §8§oYou can disable this messaging by toggling Lottery in your /hotf!
12:48:38 [EMPTY] §8 §r§8 §r§1 §r§3 §r§3 §r§7 §r§8 
12:48:41 [PROFILE_JOIN] §aYou are playing on profile: §eLemon§b (Co-op)
12:48:41 [PROFILE_JOIN] §8Profile ID: 62b760d8-92b6-4501-ada0-1fd8583f5266
12:48:43 [LOTTERY] §bNew day! §r§eYour §r§2Lottery §r§ebuff changed!
12:48:43 [LOTTERY] §eNew buff§r§r§r: §r§fGain §r§a+50 §r§6☘ Mangrove Fortune§r§f.
12:48:43 [LOTTERY] §8§oYou can disable this messaging by toggling Lottery in your /hotf!
12:52:28 [GUILD_EXP] §aYou earned §r§2223 GEXP §r§a+ §r§e669 Event EXP §r§afrom playing SkyBlock!
12:53:44 [EMPTY] 
12:53:44 [EMPTY] 
12:53:49 [EMPTY] 
12:53:49 [EMPTY] 
12:53:49 [EMPTY] 
12:53:51 [EMPTY] 
12:53:51 [EMPTY] 
12:54:46 [EMPTY] 
12:54:46 [EMPTY] 
12:54:54 [EMPTY] 
12:54:54 [EMPTY] 
12:54:54 [EMPTY] 
12:54:56 [EMPTY] 
12:54:56 [EMPTY] 
12:54:59 [LOTTERY] §bNew day! §r§eYour §r§2Lottery §r§ebuff changed!
12:54:59 [LOTTERY] §eNew buff§r§r§r: §r§fGain §r§a+5% §r§2∮ Sweep§r§f.
12:54:59 [LOTTERY] §8§oYou can disable this messaging by toggling Lottery in your /hotf!
12:55:59 [EMPTY] 
12:55:59 [EMPTY] 
12:56:02 [EMPTY] 
12:56:02 [EMPTY] 
12:56:02 [EMPTY] 
12:56:04 [EMPTY] 
12:56:04 [EMPTY] 
12:57:05 [EMPTY] 
12:57:05 [EMPTY] 
12:57:05 [EMPTY] 
12:57:07 [EMPTY] 
12:57:07 [EMPTY] 
12:57:13 [EMPTY] 
12:57:13 [EMPTY] 
12:57:13 [EMPTY] 
12:57:33 [GUILD_EXP] §aYou earned §r§2505 GEXP §r§a+ §r§e1,515 Event EXP §r§afrom playing SkyBlock!
12:58:10 [EMPTY] §8 §r§8 §r§1 §r§3 §r§3 §r§7 §r§8 
12:58:12 [PROFILE_JOIN] §aYou are playing on profile: §eLemon§b (Co-op)
12:58:12 [PROFILE_JOIN] §8Profile ID: 62b760d8-92b6-4501-ada0-1fd8583f5266
12:58:14 [LOTTERY] §bNew day! §r§eYour §r§2Lottery §r§ebuff changed!
12:58:14 [LOTTERY] §eNew buff§r§r§r: §r§fGain §r§a+5% §r§2∮ Sweep§r§f.
12:58:14 [LOTTERY] §8§oYou can disable this messaging by toggling Lottery in your /hotf!
13:01:40 [EMPTY] 
13:01:40 [EMPTY] §c
13:01:49 [RARE_DROPS] §6§lRARE REWARD! §r§bdarkarcanax §r§efound a §r§9Scarf's Studies §r§ein their Emerald Chest§r§e!
13:02:57 [GUILD_EXP] §aYou earned §r§2486 GEXP §r§a+ §r§e1,458 Event EXP §r§afrom playing SkyBlock!
13:02:59 [EMPTY] 
13:02:59 [EMPTY] 
13:02:59 [EMPTY] 
13:06:14 [RARE_DROPS] §6§lRARE REWARD! §r§aPav3lup §r§efound a §r§5Fuming Potato Book §r§ein their Obsidian Chest§r§e!
13:06:31 [EMPTY] §8 §r§8 §r§1 §r§3 §r§3 §r§7 §r§8 
13:06:34 [PROFILE_JOIN] §aYou are playing on profile: §eLemon§b (Co-op)
13:06:34 [PROFILE_JOIN] §8Profile ID: 62b760d8-92b6-4501-ada0-1fd8583f5266
13:06:36 [LOTTERY] §bNew day! §r§eYour §r§2Lottery §r§ebuff changed!
13:06:36 [LOTTERY] §eNew buff§r§r§r: §r§fGain §r§a+5% §r§2∮ Sweep§r§f.
13:06:36 [LOTTERY] §8§oYou can disable this messaging by toggling Lottery in your /hotf!
13:06:45 [EMPTY] §8 §r§8 §r§1 §r§3 §r§3 §r§7 §r§8 
13:06:49 [PROFILE_JOIN] §aYou are playing on profile: §eLemon§b (Co-op)
13:06:49 [PROFILE_JOIN] §8Profile ID: 62b760d8-92b6-4501-ada0-1fd8583f5266
13:06:50 [LOTTERY] §bNew day! §r§eYour §r§2Lottery §r§ebuff changed!
13:06:50 [LOTTERY] §eNew buff§r§r§r: §r§fGain §r§a+5% §r§2∮ Sweep§r§f.
13:06:50 [LOTTERY] §8§oYou can disable this messaging by toggling Lottery in your /hotf!
13:08:51 [GUILD_EXP] §aYou earned §r§2128 GEXP §r§a+ §r§e384 Event EXP §r§afrom playing SkyBlock!
13:10:38 [RARE_DROPS] §6§lRARE REWARD! §r§aOLAMxo §r§efound a §r§5Fuming Potato Book §r§ein their Obsidian Chest§r§e!
13:13:52 [GUILD_EXP] §aYou earned §r§2728 GEXP §r§a+ §r§e2,184 Event EXP §r§afrom playing SkyBlock!
13:14:06 [EMPTY] 
13:14:06 [EMPTY] 
13:14:06 [EMPTY] 
13:14:59 [LOTTERY] §bNew day! §r§eYour §r§2Lottery §r§ebuff changed!
13:14:59 [LOTTERY] §eNew buff§r§r§r: §r§fGain §r§a+50 §r§6☘ Mangrove Fortune§r§f.
13:14:59 [LOTTERY] §8§oYou can disable this messaging by toggling Lottery in your /hotf!
13:15:04 [EMPTY] §8 §r§8 §r§1 §r§3 §r§3 §r§7 §r§8 
13:15:07 [PROFILE_JOIN] §aYou are playing on profile: §eLemon§b (Co-op)
13:15:07 [PROFILE_JOIN] §8Profile ID: 62b760d8-92b6-4501-ada0-1fd8583f5266
13:15:08 [LOTTERY] §bNew day! §r§eYour §r§2Lottery §r§ebuff changed!
13:15:08 [LOTTERY] §eNew buff§r§r§r: §r§fGain §r§a+50 §r§6☘ Mangrove Fortune§r§f.
13:15:08 [LOTTERY] §8§oYou can disable this messaging by toggling Lottery in your /hotf!
13:15:20 [EMPTY] §8 §r§8 §r§1 §r§3 §r§3 §r§7 §r§8 
13:15:23 [PROFILE_JOIN] §aYou are playing on profile: §eLemon§b (Co-op)
13:15:23 [PROFILE_JOIN] §8Profile ID: 62b760d8-92b6-4501-ada0-1fd8583f5266
13:15:25 [LOTTERY] §bNew day! §r§eYour §r§2Lottery §r§ebuff changed!
13:15:25 [LOTTERY] §eNew buff§r§r§r: §r§fGain §r§a+50 §r§6☘ Mangrove Fortune§r§f.
13:15:25 [LOTTERY] §8§oYou can disable this messaging by toggling Lottery in your /hotf!
13:16:58 [EMPTY] 
13:16:58 [EMPTY] 
13:16:58 [EMPTY] 
13:19:00 [GUILD_EXP] §aYou earned §r§2383 GEXP §r§a+ §r§e1,149 Event EXP §r§afrom playing SkyBlock!
13:20:22 [RARE_DROPS] §6§lRARE REWARD! §r§bQuezZy112 §r§efound a §r§5Fuming Potato Book §r§ein their Obsidian Chest§r§e!
13:21:15 [RARE_DROPS] §6§lRARE REWARD! §r§bIm7k7k §r§efound a §r§5Shadow Assassin Chestplate §r§ein their Bedrock Chest§r§e!
13:21:56 [EMPTY] 
13:21:56 [EMPTY] 
13:21:56 [EMPTY] 
13:22:46 [EMPTY] 
13:22:46 [EMPTY] 
13:22:46 [EMPTY] 
13:24:02 [GUILD_EXP] §aYou earned §r§2530 GEXP §r§a+ §r§e1,590 Event EXP §r§afrom playing SkyBlock!
13:25:07 [EMPTY] 
13:25:07 [EMPTY] 
13:25:07 [EMPTY] 
13:27:15 [RARE_DROPS] §6§lRARE REWARD! §r§bIm7k7k §r§efound a §r§5Fuming Potato Book §r§ein their Obsidian Chest§r§e!
13:28:51 [EMPTY] 
13:28:51 [EMPTY] 
13:28:51 [EMPTY] 
13:29:04 [GUILD_EXP] §aYou earned §r§2400 GEXP §r§a+ §r§e1,200 Event EXP §r§afrom playing SkyBlock!
13:29:53 [EMPTY] 
13:29:53 [EMPTY] 
13:29:53 [EMPTY] 
13:32:58 [EMPTY] §8 §r§8 §r§1 §r§3 §r§3 §r§7 §r§8 
13:33:01 [PROFILE_JOIN] §aYou are playing on profile: §eLemon§b (Co-op)
13:33:01 [PROFILE_JOIN] §8Profile ID: 62b760d8-92b6-4501-ada0-1fd8583f5266
13:33:03 [LOTTERY] §bNew day! §r§eYour §r§2Lottery §r§ebuff changed!
13:33:03 [LOTTERY] §eNew buff§r§r§r: §r§fGain §r§a+50 §r§6☘ Mangrove Fortune§r§f.
13:33:03 [LOTTERY] §8§oYou can disable this messaging by toggling Lottery in your /hotf!
13:34:59 [LOTTERY] §bNew day! §r§eYour §r§2Lottery §r§ebuff changed!
13:34:59 [LOTTERY] §eNew buff§r§r§r: §r§fGain §r§a+50 §r§6☘ Mangrove Fortune§r§f.
13:34:59 [LOTTERY] §8§oYou can disable this messaging by toggling Lottery in your /hotf!
13:35:27 [EMPTY] §8 §r§8 §r§1 §r§3 §r§3 §r§7 §r§8 
13:35:31 [PROFILE_JOIN] §aYou are playing on profile: §eLemon§b (Co-op)
13:35:31 [PROFILE_JOIN] §8Profile ID: 62b760d8-92b6-4501-ada0-1fd8583f5266
13:35:32 [LOTTERY] §bNew day! §r§eYour §r§2Lottery §r§ebuff changed!
13:35:32 [LOTTERY] §eNew buff§r§r§r: §r§fGain §r§a+50 §r§6☘ Mangrove Fortune§r§f.
13:35:32 [LOTTERY] §8§oYou can disable this messaging by toggling Lottery in your /hotf!
13:36:50 [EMPTY] 
13:36:50 [EMPTY] 
13:36:50 [EMPTY] 
13:38:16 [GUILD_EXP] §aYou earned §r§2208 GEXP §r§a+ §r§e624 Event EXP §r§afrom playing SkyBlock!
13:38:32 [RARE_DROPS] §6§lRARE REWARD! §r§adarkmangoes §r§efound a §r§9Scarf's Studies §r§ein their Emerald Chest§r§e!
13:38:35 [RARE_DROPS] §6§lRARE REWARD! §r§adarkmangoes §r§efound a §r§5Fuming Potato Book §r§ein their Obsidian Chest§r§e!
13:38:42 [RARE_DROPS] §6§lRARE REWARD! §r§avoluv §r§efound a §r§5Fuming Potato Book §r§ein their Obsidian Chest§r§e!
13:39:34 [EMPTY] §8 §r§8 §r§1 §r§3 §r§3 §r§7 §r§8 
13:39:37 [PROFILE_JOIN] §aYou are playing on profile: §eLemon§b (Co-op)
13:39:37 [PROFILE_JOIN] §8Profile ID: 62b760d8-92b6-4501-ada0-1fd8583f5266
13:39:39 [LOTTERY] §bNew day! §r§eYour §r§2Lottery §r§ebuff changed!
13:39:39 [LOTTERY] §eNew buff§r§r§r: §r§fGain §r§a+50 §r§6☘ Mangrove Fortune§r§f.
13:39:39 [LOTTERY] §8§oYou can disable this messaging by toggling Lottery in your /hotf!
13:41:29 [SACKS_CHANGE] §6[Sacks] §r§a+60§r§e items§r§e.§r§8 (Last 5s.)
13:41:30 [EMPTY] §8 §r§8 §r§1 §r§3 §r§3 §r§7 §r§8 
13:41:33 [PROFILE_JOIN] §aYou are playing on profile: §eLemon§b (Co-op)
13:41:33 [PROFILE_JOIN] §8Profile ID: 62b760d8-92b6-4501-ada0-1fd8583f5266
13:41:35 [LOTTERY] §bNew day! §r§eYour §r§2Lottery §r§ebuff changed!
13:41:35 [LOTTERY] §eNew buff§r§r§r: §r§fGain §r§a+50 §r§6☘ Mangrove Fortune§r§f.
13:41:35 [LOTTERY] §8§oYou can disable this messaging by toggling Lottery in your /hotf!
13:43:41 [GUILD_EXP] §aYou earned §r§2133 GEXP §r§a+ §r§e399 Event EXP §r§afrom playing SkyBlock!
13:48:43 [GUILD_EXP] §aYou earned §r§275 GEXP §r§a+ §r§e225 Event EXP §r§afrom playing SkyBlock!
13:49:16 [EMPTY] §8 §r§8 §r§1 §r§3 §r§3 §r§7 §r§8 
13:49:20 [PROFILE_JOIN] §aYou are playing on profile: §eLemon§b (Co-op)
13:49:20 [PROFILE_JOIN] §8Profile ID: 62b760d8-92b6-4501-ada0-1fd8583f5266
13:49:21 [LOTTERY] §bNew day! §r§eYour §r§2Lottery §r§ebuff changed!
13:49:21 [LOTTERY] §eNew buff§r§r§r: §r§fGain §r§a+50 §r§6☘ Mangrove Fortune§r§f.
13:49:21 [LOTTERY] §8§oYou can disable this messaging by toggling Lottery in your /hotf!
13:50:58 [SACKS_CHANGE] §6[Sacks] §r§c-28§r§e items§r§e.§r§8 (Last 8s.)
13:51:06 [GUILD_EXP] §aYou earned §r§230 GEXP §r§a+ §r§e90 Event EXP §r§afrom playing SkyBlock!
13:51:32 [SACKS_CHANGE] §6[Sacks] §r§c-194§r§e items§r§e.§r§8 (Last 5s.)
13:51:39 [SACKS_CHANGE] §6[Sacks] §r§a+194§r§e items§r§e.§r§8 (Last 5s.)
13:52:07 [EMPTY] §8 §r§8 §r§1 §r§3 §r§3 §r§7 §r§8 
13:52:10 [PROFILE_JOIN] §aYou are playing on profile: §eLemon§b (Co-op)
13:52:10 [PROFILE_JOIN] §8Profile ID: 62b760d8-92b6-4501-ada0-1fd8583f5266
13:52:21 [TREE_GIFT] §9§l▬▬▬▬▬▬▬▬▬▬▬▬▬▬▬▬▬▬▬▬▬▬▬▬▬▬▬▬▬▬▬▬▬▬▬▬▬▬▬▬▬▬▬▬▬▬▬▬▬▬▬▬▬▬▬▬▬▬▬▬▬▬▬▬
13:52:21 [TREE_GIFT]                                  §r§9§lTREE GIFT
13:52:21 [TREE_GIFT] 
13:52:21 [TREE_GIFT]                  §r§7You helped cut §r§a100% §r§7of the §r§aFig Tree§r§7.
13:52:21 [TREE_GIFT] §f                       §e+5 rewards gained! §8(hover)
13:52:21 [TREE_GIFT] 
13:52:21 [TREE_GIFT]                                 §r§d§lBONUS GIFT
13:52:21 [TREE_GIFT]                           §r§7§r§aStretching Sticks §r§8(§r§a20%§r§8)
13:52:21 [TREE_GIFT] §9§l▬▬▬▬▬▬▬▬▬▬▬▬▬▬▬▬▬▬▬▬▬▬▬▬▬▬▬▬▬▬▬▬▬▬▬▬▬▬▬▬▬▬▬▬▬▬▬▬▬▬▬▬▬▬▬▬▬▬▬▬▬▬▬▬
13:52:26 [SACKS_CHANGE] §6[Sacks] §r§a+724§r§e items§r§e.§r§8 (Last 10s.)
