19:39:58 [allowed] §aYou are still radiating with §bGenerosity§r§a!
19:39:58 [EMPTY] §f §r§r§r§f §r§r§r§1 §r§r§r§0 §r§r§r§2 §r§r§r§f §r§r§r§f §r§r§r§2 §r§r§r§0 §r§r§r§4 §r§r§r§3 §r§r§r§9 §r§r§r§2 §r§r§r§0 §r§r§r§0 §r§r§r§3 §r§r§r§9 §r§r§r§2 §r§r§r§0 §r§r§r§0 §r§r§r§3 §r§r§r§9 §r§r§r§2 §r§r§r§0 §r§r§r§0 
19:40:00 [allowed]   §r§f§l➤ §r§6You have reached your Hype limit! Add Hype to Prototype Lobby minigames by right-clicking with the Hype Diamond!
19:40:04 [allowed] §7Sending to server mini149H...
19:40:05 [EMPTY] §8 §r§8 §r§1 §r§3 §r§3 §r§7 §r§8 
19:40:06 [EMPTY]  
19:40:06 [allowed] §f       §7You have §31 §7pending §3Bestiary Milestone §7to be claimed!
19:40:06 [allowed] §f                    §6§l>>> §6§lCLICK HERE§e to claim it! §6§l<<<
19:40:06 [EMPTY]   
19:40:07 [EMPTY] 
19:40:07 [WELCOME] §eWelcome to §r§aHypixel SkyBlock§r§e!
19:40:07 [EMPTY] 
19:40:07 [allowed] §eLatest update: §bSkyBlock v0.23.2 §e§lCLICK
19:40:08 [PROFILE_JOIN] §aYou are playing on profile: §eLemon§b (Co-op)
19:40:08 [PROFILE_JOIN] §8Profile ID: 62b760d8-92b6-4501-ada0-1fd8583f5266
19:40:10 [LOTTERY] §bNew day! §r§eYour §r§2Lottery §r§ebuff changed!
19:40:10 [LOTTERY] §eNew buff§r§r§r: §r§fGain §r§a+50 §r§6☘ Mangrove Fortune§r§f.
19:40:10 [LOTTERY] §8§oYou can disable this messaging by toggling Lottery in your /hotf!
19:40:11 [allowed] §3§l▬▬▬▬▬▬▬▬▬▬▬▬▬▬▬▬▬▬▬▬▬▬▬▬▬▬▬▬▬▬▬▬▬▬▬▬▬▬▬▬▬▬▬▬▬▬▬▬▬▬▬▬▬▬▬▬▬▬▬▬▬▬▬▬
19:40:11 [EMPTY]  
19:40:11 [allowed]                          §r§6§lBESTIARY MILESTONE
19:40:11 [allowed]                                    §r§887 §r§8➡§r§e §r§e88
19:40:11 [EMPTY]  
19:40:11 [allowed]                                    §r§6§lREWARD
19:40:11 [allowed]                                  §r§8+§r§a1 §r§c❤ Health
19:40:11 [EMPTY]  
19:40:11 [allowed] §3§l▬▬▬▬▬▬▬▬▬▬▬▬▬▬▬▬▬▬▬▬▬▬▬▬▬▬▬▬▬▬▬▬▬▬▬▬▬▬▬▬▬▬▬▬▬▬▬▬▬▬▬▬▬▬▬▬▬▬▬▬▬▬▬▬
19:40:42 [allowed] §7Warping...
19:40:42 [allowed] §7Sending to server mini92CF...
19:40:42 [EMPTY] §8 §r§8 §r§1 §r§3 §r§3 §r§7 §r§8 
19:40:46 [PROFILE_JOIN] §aYou are playing on profile: §eLemon§b (Co-op)
19:40:46 [PROFILE_JOIN] §8Profile ID: 62b760d8-92b6-4501-ada0-1fd8583f5266
19:40:47 [LOTTERY] §bNew day! §r§eYour §r§2Lottery §r§ebuff changed!
19:40:47 [LOTTERY] §eNew buff§r§r§r: §r§fGain §r§a+50 §r§6☘ Mangrove Fortune§r§f.
19:40:47 [LOTTERY] §8§oYou can disable this messaging by toggling Lottery in your /hotf!
19:40:50 [allowed] §3§lCRACK! §r§bThe explosion from §r§c§r§4Mount Jerry §r§bforced long lost items to resurface in the §r§3Glacial Cave§r§b!
19:40:53 [allowed] §3§lFROZEN TREASURE! §r§fYou found §r§fWhite Gift§r§f!
19:41:01 [allowed] §3§lFROZEN TREASURE! §r§fYou found §r§fWhite Gift§r§f!
19:41:05 [allowed] §3§lFROZEN TREASURE! §r§fYou found §r§fWhite Gift§r§f!
19:41:08 [allowed] §3§lFROZEN TREASURE! §r§fYou found §r§fWhite Gift§r§f!
19:41:11 [allowed] §3§lFROZEN TREASURE! §r§fYou found §r§aGreen Gift§r§f!
19:41:16 [allowed] §3§lFROZEN TREASURE! §r§fYou found §r§aGreen Gift§r§f!
19:41:19 [allowed] §3§lFROZEN TREASURE! §r§fYou found §r§fPacked Ice§r§f!
19:41:20 [allowed] §3§lFROZEN TREASURE! §r§fYou found §r§5Glacial Fragment§r§f!
19:41:20 [allowed] §3§lFROZEN TREASURE! §r§fYou found §r§aGreen Gift§r§f!
19:41:22 [allowed] §3§lFROZEN TREASURE! §r§fYou found §r§aIce Bait§r§f!
19:41:22 [SACKS_CHANGE] §6[Sacks] §r§a+638§r§e items§r§e.§r§8 (Last 30s.)
19:41:23 [allowed] §3§lFROZEN TREASURE! §r§fYou found §r§fWhite Gift§r§f!
19:41:25 [allowed] §3§lFROZEN TREASURE! §r§fYou found §r§fWhite Gift§r§f!
19:41:25 [allowed] §3§lFROZEN TREASURE! §r§fYou found §r§fPacked Ice§r§f!
19:41:28 [allowed] §3§lFROZEN TREASURE! §r§fYou found §r§fPacked Ice§r§f!
19:41:28 [allowed] §3§lFROZEN TREASURE! §r§fYou found §r§fWhite Gift§r§f!
19:41:31 [allowed] §3§lFROZEN TREASURE! §r§fYou found §r§aGreen Gift§r§f!
19:41:32 [allowed] §3§lFROZEN TREASURE! §r§fYou found §r§aGreen Gift§r§f!
19:41:34 [allowed] §e§l▬▬▬▬▬▬▬▬▬▬▬▬▬▬▬▬▬▬▬▬▬▬▬▬▬▬▬▬▬▬▬▬▬▬▬▬▬▬▬▬▬▬▬▬▬▬▬▬▬▬▬▬▬▬▬▬▬▬▬▬▬▬▬▬
19:41:34 [allowed]   §r§6§lCOLLECTION LEVEL UP §eIce §8X➜§eXI
19:41:34 [EMPTY] 
19:41:34 [allowed]   §r§a§lREWARDS
19:41:34 [allowed]     §r§7§5Glacial Scythe §7Recipe
19:41:34 [allowed]     §r§7§8+§b4 SkyBlock XP
19:41:34 [allowed] §e§l▬▬▬▬▬▬▬▬▬▬▬▬▬▬▬▬▬▬▬▬▬▬▬▬▬▬▬▬▬▬▬▬▬▬▬▬▬▬▬▬▬▬▬▬▬▬▬▬▬▬▬▬▬▬▬▬▬▬▬▬▬▬▬▬
19:41:37 [allowed] §3§lFROZEN TREASURE! §r§fYou found §r§fWhite Gift§r§f!
19:41:43 [SACKS_CHANGE] §6[Sacks] §r§a+484§r§e items§r§e.§r§8 (Last 19s.)
19:41:56 [allowed] §3§lFROZEN TREASURE! §r§fYou found §r§fWhite Gift§r§f!
19:41:57 [allowed] §3§lFROZEN TREASURE! §r§fYou found §r§fGlacial Talisman§r§f!
19:42:03 [allowed] §3§lFROZEN TREASURE! §r§fYou found §r§aIce Bait§r§f!
19:42:08 [SACKS_CHANGE] §6[Sacks] §r§a+246§r§e items§r§e.§r§8 (Last 14s.)
19:42:15 [GUILD_EXP] §aYou earned §r§255 GEXP §r§afrom playing SkyBlock!
