19:39:58 [allowed] §aYou are still radiating with §bGenerosity§r§a!
19:40:00 [allowed]   §r§f§l➤ §r§6You have reached your Hype limit! Add Hype to Prototype Lobby minigames by right-clicking with the Hype Diamond!
19:40:04 [allowed] §7Sending to server mini149H...
19:40:06 [allowed] §f       §7You have §31 §7pending §3Bestiary Milestone §7to be claimed!
19:40:06 [allowed] §f                    §6§l>>> §6§lCLICK HERE§e to claim it! §6§l<<<
19:40:07 [allowed] §eLatest update: §bSkyBlock v0.23.2 §e§lCLICK
19:40:11 [allowed] §3§l▬▬▬▬▬▬▬▬▬▬▬▬▬▬▬▬▬▬▬▬▬▬▬▬▬▬▬▬▬▬▬▬▬▬▬▬▬▬▬▬▬▬▬▬▬▬▬▬▬▬▬▬▬▬▬▬▬▬▬▬▬▬▬▬
19:40:11 [allowed]                          §r§6§lBESTIARY MILESTONE
19:40:11 [allowed]                                    §r§887 §r§8➡§r§e §r§e88
19:40:11 [allowed]                                    §r§6§lREWARD
19:40:11 [allowed]                                  §r§8+§r§a1 §r§c❤ Health
19:40:11 [allowed] §3§l▬▬▬▬▬▬▬▬▬▬▬▬▬▬▬▬▬▬▬▬▬▬▬▬▬▬▬▬▬▬▬▬▬▬▬▬▬▬▬▬▬▬▬▬▬▬▬▬▬▬▬▬▬▬▬▬▬▬▬▬▬▬▬▬
19:40:42 [allowed] §7Warping...
19:40:42 [allowed] §7Sending to server mini92CF...
19:40:50 [allowed] §3§lCRACK! §r§bThe explosion from §r§c§r§4Mount Jerry §r§bforced long lost items to resurface in the §r§3Glacial Cave§r§b!
19:40:53 [allowed] §3§lFROZEN TREASURE! §r§fYou found §r§fWhite Gift§r§f!
19:41:01 [allowed] §3§lFROZEN TREASURE! §r§fYou found §r§fWhite Gift§r§f!
19:41:05 [allowed] §3§lFROZEN TREASURE! §r§fYou found §r§fWhite Gift§r§f!
19:41:08 [allowed] §3§lFROZEN TREASURE! §r§fYou found §r§fWhite Gift§r§f!
19:41:11 [allowed] §3§lFROZEN TREASURE! §r§fYou found §r§aGreen Gift§r§f!
19:41:16 [allowed] §3§lFROZEN TREASURE! §r§fYou found §r§aGreen Gift§r§f!
19:41:19 [allowed] §3§lFROZEN TREASURE! §r§fYou found §r§fPacked Ice§r§f!
19:41:20 [allowed] §3§lFROZEN TREASURE! §r§fYou found §r§5Glacial Fragment§r§f!
19:41:20 [allowed] §3§lFROZEN TREASURE! §r§fYou found §r§aGreen Gift§r§f!
19:41:22 [allowed] §3§lFROZEN TREASURE! §r§fYou found §r§aIce Bait§r§f!
19:41:23 [allowed] §3§lFROZEN TREASURE! §r§fYou found §r§fWhite Gift§r§f!
19:41:25 [allowed] §3§lFROZEN TREASURE! §r§fYou found §r§fWhite Gift§r§f!
19:41:25 [allowed] §3§lFROZEN TREASURE! §r§fYou found §r§fPacked Ice§r§f!
19:41:28 [allowed] §3§lFROZEN TREASURE! §r§fYou found §r§fPacked Ice§r§f!
19:41:28 [allowed] §3§lFROZEN TREASURE! §r§fYou found §r§fWhite Gift§r§f!
19:41:31 [allowed] §3§lFROZEN TREASURE! §r§fYou found §r§aGreen Gift§r§f!
19:41:32 [allowed] §3§lFROZEN TREASURE! §r§fYou found §r§aGreen Gift§r§f!
19:41:34 [allowed] §e§l▬▬▬▬▬▬▬▬▬▬▬▬▬▬▬▬▬▬▬▬▬▬▬▬▬▬▬▬▬▬▬▬▬▬▬▬▬▬▬▬▬▬▬▬▬▬▬▬▬▬▬▬▬▬▬▬▬▬▬▬▬▬▬▬
19:41:34 [allowed]   §r§6§lCOLLECTION LEVEL UP §eIce §8X➜§eXI
19:41:34 [allowed]   §r§a§lREWARDS
19:41:34 [allowed]     §r§7§5Glacial Scythe §7Recipe
19:41:34 [allowed]     §r§7§8+§b4 SkyBlock XP
19:41:34 [allowed] §e§l▬▬▬▬▬▬▬▬▬▬▬▬▬▬▬▬▬▬▬▬▬▬▬▬▬▬▬▬▬▬▬▬▬▬▬▬▬▬▬▬▬▬▬▬▬▬▬▬▬▬▬▬▬▬▬▬▬▬▬▬▬▬▬▬
19:41:37 [allowed] §3§lFROZEN TREASURE! §r§fYou found §r§fWhite Gift§r§f!
19:41:56 [allowed] §3§lFROZEN TREASURE! §r§fYou found §r§fWhite Gift§r§f!
19:41:57 [allowed] §3§lFROZEN TREASURE! §r§fYou found §r§fGlacial Talisman§r§f!
19:42:03 [allowed] §3§lFROZEN TREASURE! §r§fYou found §r§aIce Bait§r§f!
