19:39:58 [EMPTY] §f §r§r§r§f §r§r§r§1 §r§r§r§0 §r§r§r§2 §r§r§r§f §r§r§r§f §r§r§r§2 §r§r§r§0 §r§r§r§4 §r§r§r§3 §r§r§r§9 §r§r§r§2 §r§r§r§0 §r§r§r§0 §r§r§r§3 §r§r§r§9 §r§r§r§2 §r§r§r§0 §r§r§r§0 §r§r§r§3 §r§r§r§9 §r§r§r§2 §r§r§r§0 §r§r§r§0 
19:40:05 [EMPTY] §8 §r§8 §r§1 §r§3 §r§3 §r§7 §r§8 
19:40:06 [EMPTY]  
19:40:06 [EMPTY]   
19:40:07 [EMPTY] 
19:40:07 [WELCOME] §eWelcome to §r§aHypixel SkyBlock§r§e!
19:40:07 [EMPTY] 
19:40:08 [PROFILE_JOIN] §aYou are playing on profile: §eLemon§b (Co-op)
19:40:08 [PROFILE_JOIN] §8Profile ID: 62b760d8-92b6-4501-ada0-1fd8583f5266
19:40:10 [LOTTERY] §bNew day! §r§eYour §r§2Lottery §r§ebuff changed!
19:40:10 [LOTTERY] §eNew buff§r§r§r: §r§fGain §r§a+50 §r§6☘ Mangrove Fortune§r§f.
19:40:10 [LOTTERY] §8§oYou can disable this messaging by toggling Lottery in your /hotf!
19:40:11 [EMPTY]  
19:40:11 [EMPTY]  
19:40:11 [EMPTY]  
19:40:42 [EMPTY] §8 §r§8 §r§1 §r§3 §r§3 §r§7 §r§8 
19:40:46 [PROFILE_JOIN] §aYou are playing on profile: §eLemon§b (Co-op)
19:40:46 [PROFILE_JOIN] §8Profile ID: 62b760d8-92b6-4501-ada0-1fd8583f5266
19:40:47 [LOTTERY] §bNew day! §r§eYour §r§2Lottery §r§ebuff changed!
19:40:47 [LOTTERY] §eNew buff§r§r§r: §r§fGain §r§a+50 §r§6☘ Mangrove Fortune§r§f.
19:40:47 [LOTTERY] §8§oYou can disable this messaging by toggling Lottery in your /hotf!
19:41:22 [SACKS_CHANGE] §6[Sacks] §r§a+638§r§e items§r§e.§r§8 (Last 30s.)
19:41:34 [EMPTY] 
19:41:43 [SACKS_CHANGE] §6[Sacks] §r§a+484§r§e items§r§e.§r§8 (Last 19s.)
19:42:08 [SACKS_CHANGE] §6[Sacks] §r§a+246§r§e items§r§e.§r§8 (Last 14s.)
19:42:15 [GUILD_EXP] §aYou earned §r§255 GEXP §r§afrom playing SkyBlock!
