02:39:28 [allowed] §aYou are still radiating with §bGenerosity§r§a!
02:39:28 [EMPTY] §f §r§r§r§f §r§r§r§1 §r§r§r§0 §r§r§r§2 §r§r§r§f §r§r§r§f §r§r§r§2 §r§r§r§0 §r§r§r§4 §r§r§r§3 §r§r§r§9 §r§r§r§2 §r§r§r§0 §r§r§r§0 §r§r§r§3 §r§r§r§9 §r§r§r§2 §r§r§r§0 §r§r§r§0 §r§r§r§3 §r§r§r§9 §r§r§r§2 §r§r§r§0 §r§r§r§0 
02:39:31 [allowed]   §r§f§l➤ §r§6You have reached your Hype limit! Add Hype to Prototype Lobby minigames by right-clicking with the Hype Diamond!
02:39:32 [allowed] §2Guild > §a[VIP§6+§a] himej0shi§f: §rhaiiiiiii
02:39:33 [allowed] §b[MVP§a+§b] rsaezzg§f §6joined the lobby!
02:39:34 [allowed] §b[MVP§c+§b] Second_Orange§f §6joined the lobby!
02:39:35 [allowed] §b[MVP§2+§b] Fulcrin§f §6joined the lobby!
02:39:35 [allowed] §b[MVP§c+§b] hoited§f §6joined the lobby!
02:39:37 [allowed] §b[MVP§c+§b] Chaos1448§f §6joined the lobby!
02:39:43 [allowed] §b[MVP§f+§b] MigDaora§f §6joined the lobby!
02:39:43 [allowed] §2Guild > §b[MVP§3+§b] catholicschool§f: §ridk i just had on e in my inv for some reaosn so i placed it
02:39:43 [allowed] §b[MVP§f+§b] aviori812§f §6joined the lobby!
02:39:46 [allowed] §b[MVP§c+§b] SoleDesert48426§f §6joined the lobby!
02:39:47 [allowed] §7Sending to server mini16DV...
02:39:47 [EMPTY] §8 §r§8 §r§1 §r§3 §r§3 §r§7 §r§8 
02:39:47 [allowed] §2Guild > §a[VIP§6+§a] himej0shi§f: §rfgdhhgfddf
02:39:47 [allowed] §aSince you've been away you earned §r§60 coins §r§aas interest in your personal bank account!
02:39:48 [allowed] §eProfile ID: §r§a62b760d8-92b6-4501-ada0-1fd8583f5266
02:39:48 [allowed] §e§lCLICK THIS TO SUGGEST IT IN CHAT §7§l[DASHES]
02:39:48 [allowed] §e§lCLICK THIS TO SUGGEST IT IN CHAT §7§l[NO DASHES]
02:39:48 [allowed] §6HUNT §e- §a3 §eof your §atraps §ecaught something!
02:39:48 [allowed] §7[§eClick here to collect them.§7]
02:39:50 [EMPTY] 
02:39:50 [WELCOME] §eWelcome to §r§aHypixel SkyBlock§r§e!
02:39:50 [EMPTY] 
02:39:50 [allowed] §eLatest update: §bSkyBlock v0.23.1 §e§lCLICK
02:39:51 [PROFILE_JOIN] §aYou are playing on profile: §eLemon§b (Co-op)
02:39:51 [PROFILE_JOIN] §8Profile ID: 62b760d8-92b6-4501-ada0-1fd8583f5266
02:40:06 [allowed] §2Guild > §a[VIP§6+§a] himej0shi§f: §ri need to get 3 axolotl and 1 flexbone!
02:40:07 [allowed] §e[SkyHanni] You have gained §b306 §eBits.
02:40:13 [allowed] §2Guild > §b[MVP§3+§b] catholicschool§f: §rwowa
02:40:18 [allowed] §2Guild > §b[MVP§3+§b] catholicschool§f: §rill come fish for flexbone 2
02:40:22 [allowed] §2Guild > §a[VIP§6+§a] himej0shi§f: §rokii lesgo!
02:40:28 [allowed] §2Guild > §a[VIP§6+§a] himej0shi§f: §rpean angler armori ostma ennem doe
02:40:29 [allowed] §aYour §r§6Reindeer §r§aleveled up to level §r§92§r§a!
02:40:30 [allowed]  §b§l» §ahimej0shi §eis traveling to §aDungeon Hub §e§lFOLLOW
02:40:35 [allowed]  §b§l» §ahimej0shi §eis traveling to §aPrivate Island §e§lFOLLOW
02:40:37 [SACKS_CHANGE] §6[Sacks] §r§a+797§r§e items§r§e.§r§8 (Last 8s.)
02:41:00 [allowed] §9§m-----------------------------------------------------§r
§r§a[VIP§r§6+§r§a] himej0shi §r§ehas invited you to join their party!
§r§eYou have §r§c60 §r§eseconds to accept. §r§6Click here to join!§r
§r§9§m-----------------------------------------------------
02:41:03 [allowed] §9§m-----------------------------------------------------
02:41:03 [allowed] §eYou have joined §r§a[VIP§r§6+§r§a] himej0shi's §r§eparty!
02:41:03 [allowed] §9§m-----------------------------------------------------
02:41:05 [allowed]  §9§l» §ahimej0shi §eis traveling to §aHub §e§lFOLLOW
02:41:16 [allowed] §7Warping using transfer token...
02:41:16 [allowed] §7Sending to server mini84V...
02:41:17 [EMPTY] §8 §r§8 §r§1 §r§3 §r§3 §r§7 §r§8 
02:41:20 [PROFILE_JOIN] §aYou are playing on profile: §eLemon§b (Co-op)
02:41:20 [PROFILE_JOIN] §8Profile ID: 62b760d8-92b6-4501-ada0-1fd8583f5266
02:41:21 [allowed] §2Guild > §b[MVP§3+§b] catholicschool§f: §rmeet me at the museum
02:42:05 [allowed]  §9§l» §ahimej0shi §eis traveling to §aGalatea §e§lFOLLOW
02:42:26 [allowed] §2Guild > §b[MVP§3+§b] catholicschool§f: §roh ok
02:42:28 [allowed] §7Warping using transfer token...
02:42:28 [allowed] §cCouldn't warp you! Try again later. §r§7(WRONG_TOKEN)
02:42:30 [allowed] §2Guild > §a[VIP§6+§a] himej0shi§f: §r?
02:42:30 [GUILD_EXP] §aYou earned §r§23 GEXP §r§afrom playing SkyBlock!
02:42:32 [allowed] §7Warping...
02:42:32 [allowed] §7Sending to server mini30AC...
02:42:33 [allowed] §2Guild > §a[VIP§6+§a] himej0shi§f: §rohhh
02:42:33 [EMPTY] §8 §r§8 §r§1 §r§3 §r§3 §r§7 §r§8 
02:42:35 [allowed]  §9§l» §ahimej0shi §eis traveling to §aHub §e§lFOLLOW
02:42:36 [PROFILE_JOIN] §aYou are playing on profile: §eLemon§b (Co-op)
02:42:36 [PROFILE_JOIN] §8Profile ID: 62b760d8-92b6-4501-ada0-1fd8583f5266
02:42:39 [allowed] §bhimej0shi joined SkyBlock.
02:42:39 [allowed] §2Guild > §a[VIP§6+§a] himej0shi§f: §rsry mai näinud
02:42:40 [allowed] §2Guild > §a[VIP§6+§a] himej0shi§f: §rlähme
02:42:48 [allowed] §2Guild > §b[MVP§3+§b] catholicschool§f: §rmkm
02:42:54 [allowed] §2Guild > §a[VIP§6+§a] himej0shi§f: §rähh
02:42:56 [allowed] §2Guild > §a[VIP§6+§a] himej0shi§f: §rlähmeee :#
02:43:02 [allowed] §2Guild > §b[MVP§3+§b] catholicschool§f: §ryou can upgrade the angler equipment from itesm from fishing chests
02:43:07 [allowed]  §9§l» §ahimej0shi §eis traveling to §aPrivate Island §e§lFOLLOW
02:43:08 [allowed] §2Guild > §b[MVP§3+§b] catholicschool§f: §rprismarine necklace
02:43:12 [allowed] §2Guild > §b[MVP§3+§b] catholicschool§f: §rclownfish cloak
02:43:15 [allowed] §2Guild > §b[MVP§3+§b] catholicschool§f: §rsponge belt
02:43:18 [allowed] §2Guild > §b[MVP§3+§b] catholicschool§f: §rclay bracelet
02:43:33 [allowed] §aYou despawned your §r§6Reindeer§r§a!
02:43:39 [allowed] §2Guild > §a[VIP§6+§a] himej0shi§f: §rooo ty
02:43:44 [allowed] §2Guild > §b[MVP§3+§b] catholicschool§f: §rnpp
02:43:44 [allowed]  §9§l» §ahimej0shi §eis traveling to §aHub §e§lFOLLOW
02:43:47 [allowed] §bhimej0shi joined SkyBlock.
02:43:48 [allowed] §2Guild > §b[MVP§3+§b] catholicschool§f: §raja kas sa selle reindeer peti ostsis?
02:43:56 [allowed] §2Guild > §a[VIP§6+§a] himej0shi§f: §rmkm polnud north stare
02:44:01 [allowed] §2Guild > §b[MVP§3+§b] catholicschool§f: §raaa
02:44:03 [allowed] §2Guild > §b[MVP§3+§b] catholicschool§f: §ruh oh
02:44:07 [allowed] §2Guild > §b[MVP§3+§b] catholicschool§f: §rfishing pet
02:44:10 [allowed] §2Guild > §a[VIP§6+§a] himej0shi§f: §rkyll varsti saab
02:44:12 [allowed] §2Guild > §a[VIP§6+§a] himej0shi§f: §raa
02:44:14 [allowed] §2Guild > §a[VIP§6+§a] himej0shi§f: §rdam
02:44:26 [allowed] §7Warping you to your SkyBlock island...
02:44:26 [allowed] §7Sending to server mini68CP...
02:44:27 [EMPTY] §8 §r§8 §r§1 §r§3 §r§3 §r§7 §r§8 
02:44:28 [allowed] §6HUNT §e- §a3 §eof your §atraps §ecaught something!
02:44:28 [allowed] §7[§eClick here to collect them.§7]
02:44:30 [PROFILE_JOIN] §aYou are playing on profile: §eLemon§b (Co-op)
02:44:30 [PROFILE_JOIN] §8Profile ID: 62b760d8-92b6-4501-ada0-1fd8583f5266
02:44:57 [allowed]  §9§l» §ahimej0shi §eis traveling to §aPrivate Island §e§lFOLLOW
02:45:27 [allowed] §6HUNT §e- §a3 §eof your §atraps §ecaught something!
02:45:27 [allowed] §7[§eClick here to collect them.§7]
02:45:32 [allowed] §cYour inventory does not have enough free space to add all items!
02:45:57 [allowed] §2Guild > §a[VIP§6+§a] himej0shi§f: §rai ma clownfishi oma teha ei saa
02:46:47 [allowed] §2Guild > §a[VIP§6+§a] himej0shi§f: §ryayyyy tyy
02:46:53 [allowed] §2Guild > §b[MVP§3+§b] catholicschool§f: §rsaid clownfish ka?
02:47:00 [allowed] §2Guild > §a[VIP§6+§a] himej0shi§f: §rmhm!
02:47:02 [allowed] §2Guild > §b[MVP§3+§b] catholicschool§f: §ryayyy
02:47:33 [allowed] §2Guild > §b[MVP§3+§b] catholicschool§f: §rmake some fish bait too
02:47:38 [allowed] §2Guild > §a[VIP§6+§a] himej0shi§f: §rmul on!
02:47:44 [allowed] §2Guild > §b[MVP§3+§b] catholicschool§f: §r:O
02:47:45 [allowed] §2Guild > §b[MVP§3+§b] catholicschool§f: §rtubli
02:48:15 [allowed] §aYou summoned your §r§9Guardian§r§a!
02:49:28 [GUILD_EXP] §aYou earned §r§2480 GEXP §r§afrom playing SkyBlock!
02:50:04 [allowed] §eYou claimed the §r§eChronomatron §r§erewards!
02:50:04 [allowed]  §r§8+§r§322,500 Enchanting Exp
02:50:04 [allowed] §aYour §r§9Guardian §r§aleveled up to level §r§961§r§a!
02:50:04 [allowed] §8 +§r§d2 Superpairs clicks
02:51:18 [allowed] §eYou claimed the §r§6Ultrasequencer §r§erewards!
02:51:18 [allowed]  §r§8+§r§338,500 Enchanting Exp
02:51:18 [allowed] §aYour §r§9Guardian §r§aleveled up to level §r§962§r§a!
02:51:18 [allowed] §8 +§r§d2 Superpairs clicks
02:51:22 [allowed]  §9§l» §ahimej0shi §eis traveling to §aHub §e§lFOLLOW
02:51:25 [allowed]  §9§l» §ahimej0shi §eis traveling to §aPrivate Island §e§lFOLLOW
02:51:28 [allowed]  §9§l» §ahimej0shi §eis traveling to §aSpider's Den §e§lFOLLOW
02:51:36 [allowed] §cYour Minecraft level is too low to start this experiment!
02:51:46 [allowed] §cYour Minecraft level is too low to start this experiment!
02:52:18 [allowed]  §9§l» §ahimej0shi §eis traveling to §aHub §e§lFOLLOW
02:52:38 [allowed] §eYou claimed the §r§eSuperpairs §r§erewards!
02:52:38 [allowed] §aYour §r§9Guardian §r§aleveled up to level §r§965§r§a!
02:52:38 [allowed] §8 +§r§3100k Enchanting Exp
02:52:38 [allowed] §aYour §r§9Guardian §r§aleveled up to level §r§966§r§a!
02:52:38 [allowed]  §r§8+§r§348k Enchanting Exp
02:52:38 [allowed]  §r§8+§r§9Titanic Experience Bottle
02:52:38 [allowed] §aYour §r§9Guardian §r§aleveled up to level §r§967§r§a!
02:52:38 [allowed]  §r§8+§r§344k Enchanting Exp
02:52:38 [allowed] §3§l▬▬▬▬▬▬▬▬▬▬▬▬▬▬▬▬▬▬▬▬▬▬▬▬▬▬▬▬▬▬▬▬▬▬▬▬▬▬▬▬▬▬▬▬▬▬▬▬▬▬▬▬▬▬▬▬▬▬▬▬▬▬▬▬
02:52:38 [allowed]   §r§b§lSKILL LEVEL UP §3Enchanting §825➜§326
02:52:38 [EMPTY] 
02:52:38 [allowed]   §r§a§lREWARDS
02:52:38 [allowed]    §r§eConjurer 26
02:52:38 [allowed]    §r  §7§fGain §8125➜§a130%§f more experience orbs from any source.
02:52:38 [allowed]    §r§7§8+§a0.5% §c๑ Ability Damage
02:52:38 [allowed]    §r§7§8+§a2 §b✎ Intelligence
02:52:38 [allowed]    §r§7§aVicious Enchantment
02:52:38 [allowed]    §r§7§8+§6250,000 §7Coins
02:52:38 [allowed]    §r§7§8+§b20 SkyBlock XP
02:52:38 [allowed] §3§l▬▬▬▬▬▬▬▬▬▬▬▬▬▬▬▬▬▬▬▬▬▬▬▬▬▬▬▬▬▬▬▬▬▬▬▬▬▬▬▬▬▬▬▬▬▬▬▬▬▬▬▬▬▬▬▬▬▬▬▬▬▬▬▬
02:52:38 [allowed]  §r§8+§r§337k Enchanting Exp
02:52:38 [allowed] §aYour §r§9Guardian §r§aleveled up to level §r§968§r§a!
02:52:38 [allowed]  §r§8+§r§328k Enchanting Exp
02:52:44 [allowed] §2Guild > §b[MVP§3+§b] catholicschool§f: §renchanting 26!
02:52:48 [allowed] §2Guild > §a[VIP§6+§a] himej0shi§f: §rniceee
02:52:54 [allowed] §2Guild > §a[VIP§6+§a] himej0shi§f: §rkas kuskilt saab clay osta ka?
02:52:56 [allowed] §aYou summoned your §r§6Reindeer§r§a!
02:53:03 [allowed] §2Guild > §b[MVP§3+§b] catholicschool§f: §rvistt mitte
02:53:05 [allowed] §2Guild > §b[MVP§3+§b] catholicschool§f: §rmille jaoks?
02:53:09 [allowed] §2Guild > §a[VIP§6+§a] himej0shi§f: §r3 clay block puuudu
02:53:20 [allowed] §2Guild > §b[MVP§3+§b] catholicschool§f: §ra sa saad tradeda seeds into clay in trades
02:53:23 [allowed] §2Guild > §a[VIP§6+§a] himej0shi§f: §rclay bracelet
02:53:28 [allowed] §2Guild > §b[MVP§3+§b] catholicschool§f: §rand you can just mine our minions blocks
02:53:32 [allowed] §2Guild > §a[VIP§6+§a] himej0shi§f: §raaa
02:53:33 [allowed]  §9§l» §ahimej0shi §eis traveling to §aPrivate Island §e§lFOLLOW
02:53:36 [allowed] §2Guild > §b[MVP§3+§b] catholicschool§f: §ralso the minions are full of clay
02:53:55 [allowed] §7Warping...
02:53:57 [allowed] §7Warping...
02:53:58 [allowed] §7Sending to server mini71E...
02:53:58 [EMPTY] §8 §r§8 §r§1 §r§3 §r§3 §r§7 §r§8 
02:54:01 [PROFILE_JOIN] §aYou are playing on profile: §eLemon§b (Co-op)
02:54:01 [PROFILE_JOIN] §8Profile ID: 62b760d8-92b6-4501-ada0-1fd8583f5266
02:54:02 [allowed] §2Guild > §a[VIP§6+§a] himej0shi§f: §rkas mul chatid saadavad ära ka?
02:54:03 [allowed] §8Depositing coins...
02:54:03 [allowed] §aDeposited §r§6265.9k coins§r§a! There's now §r§61.1M coins §r§ain the account!
02:54:12 [allowed] §2Guild > §b[MVP§3+§b] catholicschool§f: §rwdym
02:54:18 [allowed] §2Guild > §b[MVP§3+§b] catholicschool§f: §rhello?
02:54:20 [allowed] §2Guild > §a[VIP§6+§a] himej0shi§f: §rvahel lihtsalt näitab mu teksti
02:54:29 [allowed] §2Guild > §a[VIP§6+§a] himej0shi§f: §raga mitte et ma krijutanud oleks
02:54:37 [allowed] §2Guild > §b[MVP§3+§b] catholicschool§f: §rwhat :sob:
02:54:40 [allowed] §2Guild > §a[VIP§6+§a] himej0shi§f: §rsaatsin discord
02:55:40 [allowed] §cThere are blocks in the way!
02:55:50 [allowed] §2Guild > §a[VIP§6+§a] himej0shi§f: §ryayyy sain tehtud
02:55:59 [allowed] §2Guild > §b[MVP§3+§b] catholicschool§f: §ryippiee
02:56:08 [allowed] §aYou bought §r§cGod Potion§r§a!
02:56:14 [allowed] §a§lSLURP! §r§eThe §r§cGod Potion §r§egrants you powers for §r§913h 55m§r§e!
02:56:25 [allowed] §2Guild > §b[MVP§3+§b] catholicschool§f: §rma otsin uhe god poti
02:56:36 [allowed] §2Guild > §a[VIP§6+§a] himej0shi§f: §rpalju too on ja kaua ta kestabki
02:56:44 [allowed] §2Guild > §b[MVP§3+§b] catholicschool§f: §r13 h
02:56:48 [allowed] §2Guild > §b[MVP§3+§b] catholicschool§f: §r1500bit
02:56:51 [allowed] §2Guild > §a[VIP§6+§a] himej0shi§f: §ro okii
02:56:51 [allowed] §7Warping you to your SkyBlock island...
02:56:51 [allowed] §7Sending to server mini68CP...
02:56:51 [EMPTY] §8 §r§8 §r§1 §r§3 §r§3 §r§7 §r§8 
02:56:52 [allowed] §6HUNT §e- §a3 §eof your §atraps §ecaught something!
02:56:52 [allowed] §7[§eClick here to collect them.§7]
02:56:55 [PROFILE_JOIN] §aYou are playing on profile: §eLemon§b (Co-op)
02:56:55 [PROFILE_JOIN] §8Profile ID: 62b760d8-92b6-4501-ada0-1fd8583f5266
02:57:05 [allowed] §2Guild > §b[MVP§3+§b] catholicschool§f: §rarvasin et mingi fishing speed pot ka seal fhgfhg niiet
02:57:07 [allowed] §aYou caught a §aSalmon §aShard!
02:57:07 [allowed] §aYou caught a §fTadgang §aShard!
02:57:07 [allowed] §aYou caught a §fTadgang §aShard!
02:57:07 [allowed] §c§lDAVID§r§7: You reached §r§aMilestone 27 §r§7in §r§aFishing Hunts§r§7!
02:57:07 [allowed] §7You gained §r§c+3❤ Health
02:57:07 [allowed] §aYour §r§6Reindeer §r§aleveled up to level §r§925§r§a!
02:57:07 [allowed] §c§lDAVID§r§7: You reached §r§aMilestone 21 §r§7in §r§aTrap Hunts§r§7!
02:57:07 [allowed] §7You gained §r§8+§r§350,000 Hunting Exp
02:57:12 [allowed] §7Warping...
02:57:13 [allowed] §7Sending to server mini186DV...
02:57:13 [EMPTY] §8 §r§8 §r§1 §r§3 §r§3 §r§7 §r§8 
02:57:16 [PROFILE_JOIN] §aYou are playing on profile: §eLemon§b (Co-op)
02:57:16 [PROFILE_JOIN] §8Profile ID: 62b760d8-92b6-4501-ada0-1fd8583f5266
02:57:23 [allowed] §2Guild > §a[VIP§6+§a] himej0shi§f: §renchantin rodi
02:57:31 [allowed] §2Guild > §b[MVP§3+§b] catholicschool§f: §raja exp table jaoks voiksid guardian peti rareks teha js ss tolle ajal seda asutada
02:57:32 [allowed] §2Guild > §b[MVP§3+§b] catholicschool§f: §rglgl
02:57:37 [allowed] §2Guild > §b[MVP§3+§b] catholicschool§f: §ra ma peaks ka
02:57:38 [allowed] §2Guild > §a[VIP§6+§a] himej0shi§f: §raa okii
02:57:42 [allowed] §aYou placed a Trap near a Shard location! §r§8(§r§b3§r§7/§r§b5 §r§7traps placed§r§8)
02:57:48 [allowed] §aYou placed a Trap near a Shard location! §r§8(§r§b4§r§7/§r§b5 §r§7traps placed§r§8)
02:57:53 [allowed] §aYou placed a Trap near a Shard location! §r§8(§r§b5§r§7/§r§b5 §r§7traps placed§r§8)
02:57:55 [allowed] §7Warping you to your SkyBlock island...
02:57:55 [allowed] §7Sending to server mini68CP...
02:57:55 [EMPTY] §8 §r§8 §r§1 §r§3 §r§3 §r§7 §r§8 
02:57:58 [PROFILE_JOIN] §aYou are playing on profile: §eLemon§b (Co-op)
02:57:58 [PROFILE_JOIN] §8Profile ID: 62b760d8-92b6-4501-ada0-1fd8583f5266
02:58:15 [allowed] §2Guild > §b[MVP§3+§b] catholicschool§f: §ri need some xp
02:58:16 [allowed] §2Guild > §a[VIP§6+§a] himej0shi§f: §rkas flexnbone on trasure v junk
02:58:20 [allowed] §2Guild > §b[MVP§3+§b] catholicschool§f: §rtreasure i think
02:58:26 [allowed] §2Guild > §a[VIP§6+§a] himej0shi§f: §roki ss junk sinker ei pane
02:58:29 [allowed] §aYou enchanted your §r§fFishing Rod §r§awith Caster V§r§a!
02:58:47 [allowed] §aYou enchanted your §r§fFishing Rod §r§awith Luck of the Sea V§r§a!
02:58:58 [allowed] §aYou enchanted your §r§fFishing Rod §r§awith Blessing V§r§a!
02:59:18 [allowed] §aYou enchanted your §r§fFishing Rod §r§awith Looting III§r§a!
02:59:27 [allowed] §7Warping...
02:59:27 [allowed] §7Sending to server mini92DT...
02:59:27 [EMPTY] §8 §r§8 §r§1 §r§3 §r§3 §r§7 §r§8 
02:59:31 [PROFILE_JOIN] §aYou are playing on profile: §eLemon§b (Co-op)
02:59:31 [PROFILE_JOIN] §8Profile ID: 62b760d8-92b6-4501-ada0-1fd8583f5266
02:59:32 [allowed]  §9§l» §ahimej0shi §eis traveling to §aGalatea §e§lFOLLOW
02:59:35 [allowed] §bhimej0shi joined SkyBlock.
02:59:38 [SACKS_CHANGE] §6[Sacks] §r§a+6§r§e items§r§e.§r§8 (Last 9s.)
02:59:52 [allowed] §2Guild > §a[VIP§6+§a] himej0shi§f: §rlemmik koht
02:59:56 [allowed] §2Guild > §b[MVP§3+§b] catholicschool§f: §rmhm
03:00:04 [allowed] §2Guild > §b[MVP§3+§b] catholicschool§f: §rumm kas sa naed selle tuubi kes vees on nametagi?
03:00:06 [allowed] §2Guild > §a[VIP§6+§a] himej0shi§f: §rnasus top see on mu teema
03:00:10 [allowed] §aYou caught a §fVerdant §aShard!
03:00:10 [allowed] §aYou caught §7x2 §fVerdant §aShards§a!
03:00:11 [allowed] §2Guild > §a[VIP§6+§a] himej0shi§f: §rironman moment
03:00:11 [allowed] §aYou caught §7x2 §fVerdant §aShards§a!
03:00:17 [allowed] §2Guild > §b[MVP§3+§b] catholicschool§f: §ra
03:00:19 [allowed] §2Guild > §b[MVP§3+§b] catholicschool§f: §ri dont see it
03:00:23 [allowed] §2Guild > §a[VIP§6+§a] himej0shi§f: §rhdfgfgg
03:00:25 [allowed] §2Guild > §a[VIP§6+§a] himej0shi§f: §rhack
03:00:42 [allowed] §2Guild > §b[MVP§3+§b] catholicschool§f: §rsinu oma ka ei nae
03:00:44 [allowed] §2Guild > §a[VIP§6+§a] himej0shi§f: §rwow kadus ära
03:00:46 [allowed] §2Guild > §a[VIP§6+§a] himej0shi§f: §rgjhfdjhgf
03:00:47 [allowed] §2Guild > §a[VIP§6+§a] himej0shi§f: §rmm
03:00:48 [allowed] §2Guild > §a[VIP§6+§a] himej0shi§f: §rrelog?
03:00:50 [allowed] §d§lHOPPITY'S HUNT §r§dA §r§6Chocolate Breakfast Egg §r§dhas appeared!
03:01:02 [allowed] §2Guild > §b[MVP§3+§b] catholicschool§f: §rsee oli eile ka nii aga ma arvasin et selleparast et ma jerr islandil olin
03:01:31 [allowed] §8[§r§2183§r§8] §r§7⸎ §r§b[MVP§c+§b] earthshakerplays§f§r§f: do any of yall just randomly jump like twice as high every once in a while?
03:01:34 [EMPTY] 
03:01:34 [allowed] §4[WATCHDOG ANNOUNCEMENT]
03:01:34 [allowed] Watchdog has banned §r§c§l8,674§r§f players in the last 7 days.
03:01:34 [allowed] Staff have banned an additional §r§c§l8,764§r§f in the last 7 days.
03:01:34 [allowed] §cBlacklisted modifications are a bannable offense!
03:01:34 [EMPTY] §c
03:01:54 [GUILD_EXP] §aYou earned §r§2178 GEXP §r§afrom playing SkyBlock!
03:02:15 [allowed] §2Guild > §b[MVP§3+§b] catholicschool§f: §ra sain
03:02:17 [allowed] §2Guild > §a[VIP§6+§a] himej0shi§f: §ryayyy
03:02:23 [allowed] §2Guild > §b[MVP§3+§b] catholicschool§f: §rmillegi see customplayermodels keybing G for gestures
03:02:29 [allowed] §2Guild > §b[MVP§3+§b] catholicschool§f: §rseal mingi kast for toggling nametags
03:02:32 [allowed] §aYou caught §7x2 §fAzure §aShards§a!
03:03:00 [allowed] §2Guild > §a[VIP§6+§a] himej0shi§f: §rnniii energeetiline tita
03:03:07 [allowed] §2Guild > §b[MVP§3+§b] catholicschool§f: §rbnuy
03:03:10 [allowed] §2Guild > §a[VIP§6+§a] himej0shi§f: §rjaaa
03:03:13 [allowed] §2Guild > §a[VIP§6+§a] himej0shi§f: §rnasus top see on mu teema
03:03:18 [SACKS_CHANGE] §6[Sacks] §r§a+40§r§e items§r§e.§r§8 (Last 5s.)
03:03:22 [allowed] §2Guild > §b[MVP§3+§b] catholicschool§f: §ryes yes grandma nasus top
03:03:26 [allowed] §2Guild > §a[VIP§6+§a] himej0shi§f: §rhgfddhgdfgh
03:03:31 [SACKS_CHANGE] §6[Sacks] §r§a+40§r§e items§r§e.§r§8 (Last 5s.)
03:03:37 [allowed] §5⛃ §r§5§lGOOD §r§2§lJUNK§r§5§l CATCH! §r§fYou caught a §r§aRusty Coin§r§f!
03:03:42 [allowed] §2Guild > §a[VIP§6+§a] himej0shi§f: §rsul junk sinker peal?
03:03:43 [allowed] §2Guild > §b[MVP§3+§b] catholicschool§f: §rdoes that midlane champ even work in toplane?
03:03:45 [allowed] §2Guild > §b[MVP§3+§b] catholicschool§f: §rmkm
03:03:50 [allowed] §2Guild > §b[MVP§3+§b] catholicschool§f: §ra wtf
03:03:54 [SACKS_CHANGE] §6[Sacks] §r§a+40§r§e items§r§e.§r§8 (Last 5s.)
03:03:55 [allowed] §2Guild > §b[MVP§3+§b] catholicschool§f: §rlugesin valesti enne
03:03:59 [allowed] §7Warping...
03:03:59 [allowed] §7Sending to server mini142C...
03:03:59 [EMPTY] §8 §r§8 §r§1 §r§3 §r§3 §r§7 §r§8 
03:04:02 [PROFILE_JOIN] §aYou are playing on profile: §eLemon§b (Co-op)
03:04:02 [PROFILE_JOIN] §8Profile ID: 62b760d8-92b6-4501-ada0-1fd8583f5266
03:04:02 [allowed] §2Guild > §a[VIP§6+§a] himej0shi§f: §rghfdhdf juhtuub
03:04:05 [allowed] §2Guild > §b[MVP§3+§b] catholicschool§f: §rtyy hfghfgh
03:04:11 [allowed] §2Guild > §a[VIP§6+§a] himej0shi§f: §rnpp nägin et said rusty coin
03:04:13 [allowed] §cThere are blocks in the way!
03:04:21 [allowed] §7Sending to server mini151CV...
03:04:22 [EMPTY] §8 §r§8 §r§1 §r§3 §r§3 §r§7 §r§8 
03:04:25 [PROFILE_JOIN] §aYou are playing on profile: §eLemon§b (Co-op)
03:04:25 [PROFILE_JOIN] §8Profile ID: 62b760d8-92b6-4501-ada0-1fd8583f5266
03:04:40 [allowed] §2Guild > §b[MVP§3+§b] catholicschool§f: §roh i have 4 rusty coin i can get somerthing nice for myself
03:04:48 [allowed] §2Guild > §a[VIP§6+§a] himej0shi§f: §rgloryhole
03:04:49 [allowed] §8Withdrawing coins...
03:04:49 [allowed] §aWithdrew §r§650k coins§r§a! There's now §r§61M coins §r§aleft in the account!
03:04:54 [allowed] §2Guild > §b[MVP§3+§b] catholicschool§f: §ri am yeah
03:04:57 [allowed] §aYou removed the §r§9Junk Sinker §r§afrom your §r§fFishing Rod§r§a!
03:04:57 [allowed] §2Guild > §a[VIP§6+§a] himej0shi§f: §rfhdgdfg
03:05:10 [allowed] §2Guild > §b[MVP§3+§b] catholicschool§f: §rokii nyyd junk sinker for museum ka
03:05:13 [allowed] §2Guild > §a[VIP§6+§a] himej0shi§f: §ryayy
03:05:15 [allowed] §e[NPC] §2Junker Joel§f: §r§fBring any §2Junk §fyou find while fishing with your §9Junk Sinker §fto me, and I'll let ya trade it in for something more worth your time!
03:05:38 [allowed] §2Guild > §a[VIP§6+§a] himej0shi§f: §ri need bingo rod
03:06:05 [allowed] §2Guild > §a[VIP§6+§a] himej0shi§f: §rfishing speed 39 hahahaah nii harjumatu
03:06:10 [allowed] §aYou bought §r§aBackwater Helmet§r§a!
03:06:17 [allowed] §2Guild > §b[MVP§3+§b] catholicschool§f: §rmhmmm
03:06:19 [allowed] §2Guild > §b[MVP§3+§b] catholicschool§f: §rfghgf warppp!!
03:06:23 [allowed] §9§m-----------------------------
03:06:23 [allowed] §eParty Leader, §r§a[VIP§r§6+§r§a] himej0shi§r§e, summoned you to their server.
03:06:23 [allowed] §9§m-----------------------------
03:06:23 [allowed] §7Sending to server mini92DT...
03:06:23 [EMPTY] §8 §r§8 §r§1 §r§3 §r§3 §r§7 §r§8 
03:06:27 [PROFILE_JOIN] §aYou are playing on profile: §eLemon§b (Co-op)
03:06:27 [PROFILE_JOIN] §8Profile ID: 62b760d8-92b6-4501-ada0-1fd8583f5266
03:06:29 [allowed] §2Guild > §b[MVP§3+§b] catholicschool§f: §rmul 59
03:06:29 [allowed] §2Guild > §a[VIP§6+§a] himej0shi§f: §ryes mom
03:06:33 [allowed] §2Guild > §a[VIP§6+§a] himej0shi§f: §rwoah pro
03:06:39 [allowed] §d§lHOPPITY'S HUNT §r§dA §r§9Chocolate Lunch Egg §r§dhas appeared!
03:06:42 [allowed] §2Guild > §a[VIP§6+§a] himej0shi§f: §rhea müts
03:06:47 [allowed] §2Guild > §b[MVP§3+§b] catholicschool§f: §rthank you daughter
03:06:50 [allowed] §2Guild > §a[VIP§6+§a] himej0shi§f: §rnpp
03:06:50 [allowed] §aYour §r§6Reindeer §r§aleveled up to level §r§926§r§a!
03:06:50 [allowed] §5⛃ §r§5§lGOOD CATCH! §r§fYou caught §r§627,313 Coins§r§f!
03:06:55 [GUILD_EXP] §aYou earned §r§2166 GEXP §r§afrom playing SkyBlock!
03:07:08 [SACKS_CHANGE] §6[Sacks] §r§a+40§r§e items§r§e.§r§8 (Last 5s.)
03:07:19 [SACKS_CHANGE] §6[Sacks] §r§a+40§r§e items§r§e.§r§8 (Last 5s.)
03:07:20 [allowed] §aYou summoned your §r§9Frog§r§a!
03:07:35 [SACKS_CHANGE] §6[Sacks] §r§a+40§r§e items§r§e.§r§8 (Last 5s.)
03:07:47 [SACKS_CHANGE] §6[Sacks] §r§a+40§r§e items§r§e.§r§8 (Last 5s.)
03:07:48 [allowed] §aYou caught a §fVerdant §aShard!
03:07:48 [allowed] §aYou caught a §fVerdant §aShard!
03:07:49 [allowed] §aYou caught an §fAzure §aShard!
03:07:49 [allowed] §aYou caught an §fAzure §aShard!
03:07:51 [allowed] §2Guild > §a[VIP§6+§a] himej0shi§f: §rflexbone!
03:07:54 [allowed] §2Guild > §b[MVP§3+§b] catholicschool§f: §rWHAT
03:07:56 [allowed] §aYou caught a §fVerdant §aShard!
03:07:57 [allowed] §2Guild > §a[VIP§6+§a] himej0shi§f: §rhghfddfghgdfh
03:07:59 [allowed] §aYou caught §7x2 §fVerdant §aShards§a!
03:08:03 [allowed] §2Guild > §b[MVP§3+§b] catholicschool§f: §roh my days ur luck
03:08:05 [allowed] §aYou caught a §fVerdant §aShard!
03:08:05 [allowed] §aYour §r§9Frog §r§aleveled up to level §r§92§r§a!
03:08:08 [allowed] §2Guild > §a[VIP§6+§a] himej0shi§f: §rtoo ainult good catch
03:08:10 [allowed] §2Guild > §a[VIP§6+§a] himej0shi§f: §ret see pole nii hull
03:08:18 [allowed] §2Guild > §b[MVP§3+§b] catholicschool§f: §rnice
03:08:23 [allowed] §2Guild > §a[VIP§6+§a] himej0shi§f: §rkivi langes südamelt sain pikenduse türale
03:08:32 [SACKS_CHANGE] §6[Sacks] §r§a+40§r§e items§r§e.§r§8 (Last 5s.)
03:08:44 [SACKS_CHANGE] §6[Sacks] §r§a+40§r§e items§r§e.§r§8 (Last 5s.)
03:08:44 [allowed] §2Guild > §b[MVP§3+§b] catholicschool§f: §rnasus top
03:08:49 [allowed] §2Guild > §a[VIP§6+§a] himej0shi§f: §rja
03:09:03 [SACKS_CHANGE] §6[Sacks] §r§a+40§r§e items§r§e.§r§8 (Last 5s.)
03:09:03 [allowed] §2Guild > §a[VIP§6+§a] himej0shi§f: §rfishin niikaua kui sa saad
03:09:13 [allowed] §2Guild > §b[MVP§3+§b] catholicschool§f: §rei pea fhgfhg
03:09:25 [SACKS_CHANGE] §6[Sacks] §r§a+40§r§e items§r§e.§r§8 (Last 5s.)
03:09:39 [SACKS_CHANGE] §6[Sacks] §r§a+40§r§e items§r§e.§r§8 (Last 5s.)
03:09:42 [allowed] §2Guild > §a[VIP§6+§a] himej0shi§f: §rsee töötab? :D
03:09:45 [allowed] §2Guild > §b[MVP§3+§b] catholicschool§f: §rmkm fhgfhg
03:09:52 [SACKS_CHANGE] §6[Sacks] §r§a+40§r§e items§r§e.§r§8 (Last 5s.)
03:10:05 [SACKS_CHANGE] §6[Sacks] §r§a+40§r§e items§r§e.§r§8 (Last 5s.)
03:10:16 [SACKS_CHANGE] §6[Sacks] §r§a+40§r§e items§r§e.§r§8 (Last 5s.)
03:10:21 [allowed] §e[SkyHanni] You have gained §b306 §eBits.
03:10:31 [SACKS_CHANGE] §6[Sacks] §r§a+40§r§e items§r§e.§r§8 (Last 5s.)
03:11:11 [allowed] §ahimej0shi §ahas sent you a trade request. §bClick here §ato accept!
03:11:21 [allowed] §cThe /trade request from §r§a[VIP§r§6+§r§a] himej0shi§r§f §r§cexpired!
03:11:23 [allowed] §2Guild > §a[VIP§6+§a] himej0shi§f: §raia aga tore ikka
03:11:28 [allowed] §ahimej0shi §ahas sent you a trade request. §bClick here §ato accept!
03:11:38 [allowed] §cThe /trade request from §r§a[VIP§r§6+§r§a] himej0shi§r§f §r§cexpired!
03:11:50 [SACKS_CHANGE] §6[Sacks] §r§a+40§r§e items§r§e.§r§8 (Last 5s.)
03:11:51 [allowed] §2Guild > §a[VIP§6+§a] himej0shi§f: §rhgdfhdgfdfghdfhg
03:11:53 [allowed] §2Guild > §a[VIP§6+§a] himej0shi§f: §rnii agressiivne pai
03:11:56 [GUILD_EXP] §aYou earned §r§2374 GEXP §r§afrom playing SkyBlock!
03:12:03 [SACKS_CHANGE] §6[Sacks] §r§a+40§r§e items§r§e.§r§8 (Last 5s.)
03:12:04 [allowed] §2Guild > §b[MVP§3+§b] catholicschool§f: §rew wtf
03:12:04 [allowed] §2Guild > §a[VIP§6+§a] himej0shi§f: §rmoid
03:12:17 [allowed] §2Guild > §a[VIP§6+§a] himej0shi§f: §rrõve
03:12:18 [allowed] §2Guild > §b[MVP§3+§b] catholicschool§f: §rcuteness aggression
03:12:19 [allowed] §2Guild > §a[VIP§6+§a] himej0shi§f: §rpervert
03:12:21 [allowed] §2Guild > §a[VIP§6+§a] himej0shi§f: §rgfdhhdfgh
03:12:22 [allowed] §2Guild > §a[VIP§6+§a] himej0shi§f: §rawwww
03:12:24 [allowed] §2Guild > §b[MVP§3+§b] catholicschool§f: §rik righttt that so cking scary
03:12:25 [allowed] §2Guild > §a[VIP§6+§a] himej0shi§f: §rnunu
03:12:29 [allowed] §d§lHOPPITY'S HUNT §r§dA §r§aChocolate Dinner Egg §r§dhas appeared!
03:12:39 [SACKS_CHANGE] §6[Sacks] §r§a+40§r§e items§r§e.§r§8 (Last 5s.)
03:12:49 [SACKS_CHANGE] §6[Sacks] §r§a+40§r§e items§r§e.§r§8 (Last 5s.)
03:12:59 [allowed] §2Guild > §a[VIP§6+§a] himej0shi§f: §rmis pot efectid sul on
03:13:03 [SACKS_CHANGE] §6[Sacks] §r§a+40§r§e items§r§e.§r§8 (Last 5s.)
03:13:05 [allowed] §2Guild > §b[MVP§3+§b] catholicschool§f: §rkoik
03:13:11 [allowed] §2Guild > §a[VIP§6+§a] himej0shi§f: §rtohoh
03:13:14 [SACKS_CHANGE] §6[Sacks] §r§a+40§r§e items§r§e.§r§8 (Last 5s.)
03:13:15 [allowed] §2Guild > §b[MVP§3+§b] catholicschool§f: §ryo ucan see them in cookie tab
03:13:20 [allowed] §2Guild > §b[MVP§3+§b] catholicschool§f: §rand select what u want dont want
03:13:29 [SACKS_CHANGE] §6[Sacks] §r§a+40§r§e items§r§e.§r§8 (Last 5s.)
03:13:40 [SACKS_CHANGE] §6[Sacks] §r§a+40§r§e items§r§e.§r§8 (Last 5s.)
03:13:55 [SACKS_CHANGE] §6[Sacks] §r§a+40§r§e items§r§e.§r§8 (Last 5s.)
03:14:03 [allowed] §2Guild > §a[VIP§6+§a] himej0shi§f: §raa kas see 4k biti ongi kõik mis saab 4 päevag awow
03:14:06 [allowed] §2Guild > §a[VIP§6+§a] himej0shi§f: §rscam
03:14:06 [SACKS_CHANGE] §6[Sacks] §r§a+40§r§e items§r§e.§r§8 (Last 5s.)
03:14:15 [allowed] §2Guild > §b[MVP§3+§b] catholicschool§f: §rmhm
03:14:22 [SACKS_CHANGE] §6[Sacks] §r§a+40§r§e items§r§e.§r§8 (Last 5s.)
03:14:25 [allowed] §2Guild > §a[VIP§6+§a] himej0shi§f: §rflexbone!
03:14:28 [allowed] §2Guild > §b[MVP§3+§b] catholicschool§f: §rwtff
03:14:30 [allowed] §2Guild > §a[VIP§6+§a] himej0shi§f: §rhgdfdhgfgdfhdfgh
03:14:31 [allowed] §e[NPC] §bAgatha§f: §rYou reached the §f§lCOMMON §fBracket in my contest!
03:14:35 [allowed] §e[NPC] §bAgatha§f: §rYou earned a total of §b97 §fpoints!
03:14:37 [allowed] §e[NPC] §bAgatha§f: §rCome see me at §2Murkwater Loch §for §r§eClick Here§r§f to claim your rewards!
03:15:05 [SACKS_CHANGE] §6[Sacks] §r§a+80§r§e items§r§e.§r§8 (Last 8s.)
03:15:17 [SACKS_CHANGE] §6[Sacks] §r§a+40§r§e items§r§e.§r§8 (Last 5s.)
03:15:31 [SACKS_CHANGE] §6[Sacks] §r§a+40§r§e items§r§e.§r§8 (Last 5s.)
03:15:50 [SACKS_CHANGE] §6[Sacks] §r§a+40§r§e items§r§e.§r§8 (Last 5s.)
03:16:17 [SACKS_CHANGE] §6[Sacks] §r§a+40§r§e items§r§e.§r§8 (Last 5s.)
03:16:33 [SACKS_CHANGE] §6[Sacks] §r§a+40§r§e items§r§e.§r§8 (Last 5s.)
03:16:41 [allowed] §d§lSOUL! §fYou found a §r§dFairy Soul§r§f!
03:16:56 [GUILD_EXP] §aYou earned §r§2583 GEXP §r§afrom playing SkyBlock!
03:17:00 [SACKS_CHANGE] §6[Sacks] §r§a+40§r§e items§r§e.§r§8 (Last 5s.)
03:17:54 [allowed] §2Guild > §a[VIP§6+§a] himej0shi§f: §rsiuke jänkuke ikkak
03:18:04 [SACKS_CHANGE] §6[Sacks] §r§a+64§r§e items§r§e.§r§8 (Last 5s.)
03:18:07 [allowed] §2Guild > §b[MVP§3+§b] catholicschool§f: §rmia
03:18:22 [SACKS_CHANGE] §6[Sacks] §r§a+80§r§e items§r§e.§r§8 (Last 6s.)
03:18:44 [allowed] §aYou caught §7x2 §fVerdant §aShards§a!
03:18:44 [allowed] §aYou caught an §fAzure §aShard!
03:18:46 [allowed] §aYou caught a §fVerdant §aShard!
03:18:47 [SACKS_CHANGE] §6[Sacks] §r§a+40§r§e items§r§e.§r§8 (Last 5s.)
03:19:02 [allowed] §aYour §r§9Frog §r§aleveled up to level §r§93§r§a!
03:19:02 [allowed] §5⛃ §r§5§lGOOD CATCH! §r§fYou caught §r§fMangrove Log §r§8x100§r§f!
03:19:08 [SACKS_CHANGE] §6[Sacks] §r§a+64§r§e items§r§e.§r§8 (Last 5s.)
03:19:12 [allowed] §aYour §r§9Frog §r§aleveled up to level §r§94§r§a!
03:19:12 [allowed] §6⛃ §r§6§lGREAT CATCH! §r§fYou caught §r§9Enchanted Mangrove Log §r§8x2§r§f!
03:19:18 [SACKS_CHANGE] §6[Sacks] §r§a+2§r§e items§r§e.§r§8 (Last 5s.)
03:19:29 [allowed] §2Guild > §a[VIP§6+§a] himej0shi§f: §rmuuseumiga saab bit% ka juurde nägin
03:19:31 [SACKS_CHANGE] §6[Sacks] §r§a+40§r§e items§r§e.§r§8 (Last 5s.)
03:19:39 [allowed] §2Guild > §b[MVP§3+§b] catholicschool§f: §ra woow
03:19:41 [SACKS_CHANGE] §6[Sacks] §r§a+40§r§e items§r§e.§r§8 (Last 5s.)
03:19:47 [allowed] §2Guild > §a[VIP§6+§a] himej0shi§f: §rbeacon fakeout
03:19:47 [allowed] §2Guild > §a[VIP§6+§a] himej0shi§f: §rsmh
03:19:48 [allowed] §5⛃ §r§5§lGOOD CATCH! §r§fYou caught a Verdant Shard§r§f!
03:19:56 [allowed] §2Guild > §b[MVP§3+§b] catholicschool§f: §rhfghgf void disabled selle ju :Sob:
03:20:03 [SACKS_CHANGE] §6[Sacks] §r§a+40§r§e items§r§e.§r§8 (Last 5s.)
03:20:05 [allowed] §2Guild > §a[VIP§6+§a] himej0shi§f: §rei!!
03:20:16 [allowed] §2Guild > §b[MVP§3+§b] catholicschool§f: §rmiks
03:20:17 [SACKS_CHANGE] §6[Sacks] §r§a+40§r§e items§r§e.§r§8 (Last 5s.)
03:20:26 [allowed] §2Guild > §a[VIP§6+§a] himej0shi§f: §rnanale meeldib lõbus hääl
03:20:28 [SACKS_CHANGE] §6[Sacks] §r§a+40§r§e items§r§e.§r§8 (Last 5s.)
03:20:30 [allowed] §2Guild > §b[MVP§3+§b] catholicschool§f: §rdfhgfdhg awwww
03:20:32 [allowed] §2Guild > §b[MVP§3+§b] catholicschool§f: §rDING
03:20:35 [allowed] §2Guild > §a[VIP§6+§a] himej0shi§f: §rjaa
03:20:39 [SACKS_CHANGE] §6[Sacks] §r§a+40§r§e items§r§e.§r§8 (Last 5s.)
03:20:49 [allowed] §d§lHOPPITY'S HUNT §r§dA §r§6Chocolate Brunch Egg §r§dhas appeared!
03:20:51 [SACKS_CHANGE] §6[Sacks] §r§a+40§r§e items§r§e.§r§8 (Last 5s.)
03:21:01 [allowed] §aYou caught a §fVerdant §aShard!
03:21:05 [SACKS_CHANGE] §6[Sacks] §r§a+40§r§e items§r§e.§r§8 (Last 5s.)
03:21:18 [allowed] §aYou caught a §fVerdant §aShard!
03:21:21 [SACKS_CHANGE] §6[Sacks] §r§a+40§r§e items§r§e.§r§8 (Last 5s.)
03:21:41 [SACKS_CHANGE] §6[Sacks] §r§a+40§r§e items§r§e.§r§8 (Last 5s.)
03:21:42 [allowed] §2Guild > §a[VIP§6+§a] himej0shi§f: §rkyll kohe saad flexbone
03:21:52 [allowed] §2Guild > §b[MVP§3+§b] catholicschool§f: §ro-o
03:21:52 [SACKS_CHANGE] §6[Sacks] §r§a+40§r§e items§r§e.§r§8 (Last 5s.)
03:21:57 [GUILD_EXP] §aYou earned §r§2523 GEXP §r§afrom playing SkyBlock!
03:22:04 [SACKS_CHANGE] §6[Sacks] §r§a+40§r§e items§r§e.§r§8 (Last 5s.)
03:22:11 [allowed] §aYour §r§9Frog §r§aleveled up to level §r§95§r§a!
03:22:11 [allowed] §6⛃ §r§6§lGREAT CATCH! §r§fYou caught §r§9Enchanted Fig Log §r§8x2§r§f!
03:22:17 [SACKS_CHANGE] §6[Sacks] §r§a+2§r§e items§r§e.§r§8 (Last 5s.)
03:22:27 [SACKS_CHANGE] §6[Sacks] §r§a+40§r§e items§r§e.§r§8 (Last 5s.)
03:22:38 [SACKS_CHANGE] §6[Sacks] §r§a+40§r§e items§r§e.§r§8 (Last 5s.)
03:22:51 [SACKS_CHANGE] §6[Sacks] §r§a+40§r§e items§r§e.§r§8 (Last 5s.)
03:23:07 [allowed] §2Guild > §a[VIP§6+§a] himej0shi§f: §rtäna tahax black souls ka mängiad :heart_eyes:
03:23:07 [SACKS_CHANGE] §6[Sacks] §r§a+40§r§e items§r§e.§r§8 (Last 5s.)
03:23:13 [allowed] §2Guild > §b[MVP§3+§b] catholicschool§f: §rfghgfh
03:23:16 [allowed] §2Guild > §b[MVP§3+§b] catholicschool§f: §rokii
03:23:21 [allowed] §2Guild > §a[VIP§6+§a] himej0shi§f: §rigatsen enda waifusid
03:23:50 [allowed] §2Guild > §b[MVP§3+§b] catholicschool§f: §rare you interested in carnal acts?
03:23:50 [SACKS_CHANGE] §6[Sacks] §r§a+40§r§e items§r§e.§r§8 (Last 5s.)
03:23:52 [allowed] §2Guild > §a[VIP§6+§a] himej0shi§f: §rhjgfdhjdfk
03:23:55 [allowed] §2Guild > §a[VIP§6+§a] himej0shi§f: §ra ma alustan otsast peale siis
03:24:02 [allowed] §2Guild > §b[MVP§3+§b] catholicschool§f: §ra ookii
03:24:03 [SACKS_CHANGE] §6[Sacks] §r§a+40§r§e items§r§e.§r§8 (Last 5s.)
03:24:18 [SACKS_CHANGE] §6[Sacks] §r§a+40§r§e items§r§e.§r§8 (Last 5s.)
03:24:33 [SACKS_CHANGE] §6[Sacks] §r§a+40§r§e items§r§e.§r§8 (Last 5s.)
03:24:38 [allowed] §2Guild > §b[MVP§3+§b] catholicschool§f: §rigakord kui sa nendesse valgedesse foggidesse lahed
03:24:44 [allowed] §2Guild > §b[MVP§3+§b] catholicschool§f: §rsee +1 progress
03:24:44 [SACKS_CHANGE] §6[Sacks] §r§a+40§r§e items§r§e.§r§8 (Last 5s.)
03:24:48 [allowed] §2Guild > §b[MVP§3+§b] catholicschool§f: §rnagu code
03:24:55 [SACKS_CHANGE] §6[Sacks] §r§a+40§r§e items§r§e.§r§8 (Last 5s.)
03:25:00 [allowed] §2Guild > §b[MVP§3+§b] catholicschool§f: §rniiet moned asjad juhtuvad aind ss kui sul madal progress
03:25:01 [allowed] §aYour §r§9Frog §r§aleveled up to level §r§96§r§a!
03:25:01 [allowed] §6⛃ §r§6§lGREAT CATCH! §r§fYou caught §r§9Enchanted Fig Log §r§8x2§r§f!
03:25:04 [allowed] §2Guild > §a[VIP§6+§a] himej0shi§f: §raa okii
03:25:07 [SACKS_CHANGE] §6[Sacks] §r§a+2§r§e items§r§e.§r§8 (Last 5s.)
03:25:14 [allowed] §2Guild > §a[VIP§6+§a] himej0shi§f: §rvery replayable!!
03:25:16 [allowed] §5⛃ §r§5§lGOOD CATCH! §r§fYou caught a §r§aFlexbone§r§f!
03:25:17 [EMPTY] 
03:25:17 [allowed]   §5§lHINA TASK COMPLETE
03:25:17 [allowed]     §r§7Fish a Flexbone in the Tomb Floodway.
03:25:17 [EMPTY] 
03:25:17 [allowed]     §r§a§lREWARD
03:25:17 [allowed]     §r§7§8+§33,000 §7Fishing Experience
03:25:17 [EMPTY] 
03:25:17 [allowed]   §6§lCLICK TO CLAIM
03:25:17 [EMPTY] 
03:25:18 [allowed] §2Guild > §b[MVP§3+§b] catholicschool§f: §rmhm
03:25:20 [allowed] §2Guild > §b[MVP§3+§b] catholicschool§f: §roh got it
03:25:24 [allowed] §2Guild > §a[VIP§6+§a] himej0shi§f: §ryayyy
03:25:27 [allowed] §2Guild > §a[VIP§6+§a] himej0shi§f: §rHUGGIES
03:25:30 [allowed] §ahimej0shi §ahas sent you a trade request. §bClick here §ato accept!
03:25:30 [allowed] §ahimej0shi §ahas sent you a trade request. §bClick here §ato accept!
03:25:37 [allowed] §2Guild > §b[MVP§3+§b] catholicschool§f: §rainuke asi mida tean on bs2 hest et ei tohi raakida uhe npcga puu all see tahtis
03:25:40 [allowed] §2Guild > §b[MVP§3+§b] catholicschool§f: §rhughug
03:25:40 [allowed] §cThe /trade request from §r§a[VIP§r§6+§r§a] himej0shi§r§f §r§cexpired!
03:25:40 [allowed] §cThe /trade request from §r§a[VIP§r§6+§r§a] himej0shi§r§f §r§cexpired!
03:25:43 [allowed] §cThere are blocks in the way!
03:25:46 [allowed] §cThere are blocks in the way!
03:25:47 [allowed] §cThere are blocks in the way!
03:25:47 [allowed] §cThere are blocks in the way!
03:25:48 [allowed] §cThere are blocks in the way!
03:25:48 [allowed] §cThere are blocks in the way!
03:25:53 [allowed] §2Guild > §a[VIP§6+§a] himej0shi§f: §rhgdfhgfd asshole game design :sob:
03:25:59 [allowed] §aYour §r§9Frog §r§aleveled up to level §r§910§r§a!
03:26:02 [allowed] §2Guild > §b[MVP§3+§b] catholicschool§f: §rbs2?
03:26:08 [allowed] §2Guild > §a[VIP§6+§a] himej0shi§f: §rsee npc asi jep
03:26:10 [allowed] §2Guild > §b[MVP§3+§b] catholicschool§f: §ri dotn think so everything is optional
03:26:18 [allowed] §2Guild > §b[MVP§3+§b] catholicschool§f: §ryou can talk to them then reload save and go on
03:26:21 [allowed] §2Guild > §b[MVP§3+§b] catholicschool§f: §rlol
03:26:29 [allowed] §2Guild > §a[VIP§6+§a] himej0shi§f: §rtru
03:26:39 [allowed] §a§l▬▬▬▬▬▬▬▬▬▬▬▬▬▬▬▬▬▬▬▬▬▬▬▬▬▬▬▬▬▬▬▬▬▬▬▬▬▬▬▬▬▬▬▬▬▬▬▬▬▬▬▬▬▬▬▬▬▬▬▬▬▬▬▬
03:26:39 [allowed]   §r§a§lHEART OF THE FOREST §f§lTIER 5
03:26:39 [EMPTY] 
03:26:39 [allowed]   §r§a§lREWARDS
03:26:39 [allowed]     §r§7§8+§a2 §aToken of the Forest
03:26:39 [allowed]     §r§7§8+§b90 SkyBlock XP
03:26:39 [allowed] §a§l▬▬▬▬▬▬▬▬▬▬▬▬▬▬▬▬▬▬▬▬▬▬▬▬▬▬▬▬▬▬▬▬▬▬▬▬▬▬▬▬▬▬▬▬▬▬▬▬▬▬▬▬▬▬▬▬▬▬▬▬▬▬▬▬
03:26:39 [allowed] §aYour §r§9Frog §r§aleveled up to level §r§936§r§a!
03:26:39 [allowed] §d§l▬▬▬▬▬▬▬▬▬▬▬▬▬▬▬▬▬▬▬▬▬▬▬▬▬▬▬▬▬▬▬▬▬▬▬▬▬▬▬▬▬▬▬▬▬▬▬▬▬▬▬▬▬▬▬▬▬▬▬▬▬▬▬▬
03:26:39 [allowed]   §r§5§lHINA CHAPTER §r§d§r§8IV➜§r§dV
03:26:39 [EMPTY] 
03:26:39 [allowed]   §r§a§lREWARDS
03:26:39 [allowed]     §r§7§8+§a5,000 HOTF EXP
03:26:39 [allowed]     §r§7§8+§33,000 Forest Whispers
03:26:39 [allowed]     §r§7§8+§350,000 §7Foraging Experience
03:26:39 [allowed]     §r§7§8+§37,500 §7Hunting Experience
03:26:39 [allowed]     §r§7§8+§f20x §dForest Essence
03:26:39 [allowed]     §r§7§8+§b25 SkyBlock XP
03:26:39 [allowed]     §r§7§8+§a3 §fHideonleaf Shard
03:26:39 [allowed]     §r§7§8+§a3 §fCoralot Shard
03:26:39 [allowed]     §r§7§8+§a1 §aSparrow Shard
03:26:39 [allowed] §d§l▬▬▬▬▬▬▬▬▬▬▬▬▬▬▬▬▬▬▬▬▬▬▬▬▬▬▬▬▬▬▬▬▬▬▬▬▬▬▬▬▬▬▬▬▬▬▬▬▬▬▬▬▬▬▬▬▬▬▬▬▬▬▬▬
03:26:39 [EMPTY] 
03:26:39 [allowed]   §5§lHINA TASK COMPLETE
03:26:39 [allowed]     §r§7Obtain 100 Mangrove Tree Gifts.
03:26:39 [EMPTY] 
03:26:39 [allowed]     §r§a§lREWARD
03:26:39 [allowed]     §r§7§8+§320,000 Forest Whispers
03:26:39 [EMPTY] 
03:26:39 [allowed]   §6§lCLICK TO CLAIM
03:26:39 [EMPTY] 
03:26:39 [EMPTY] 
03:26:39 [allowed]   §5§lHINA TASK COMPLETE
03:26:39 [allowed]     §r§7Obtain 5 Shards using a Huntrap.
03:26:39 [EMPTY] 
03:26:39 [allowed]     §r§a§lREWARD
03:26:39 [allowed]     §r§7§8+§31,500 §7Hunting Experience
03:26:39 [EMPTY] 
03:26:39 [allowed]   §6§lCLICK TO CLAIM
03:26:39 [EMPTY] 
03:26:39 [EMPTY] 
03:26:39 [allowed]   §5§lHINA TASK COMPLETE
03:26:39 [allowed]     §r§7Reach HOTF Tier 4.
03:26:39 [EMPTY] 
03:26:39 [allowed]     §r§a§lREWARD
03:26:39 [allowed]     §r§7§8+§35,000 §7Foraging Experience
03:26:39 [EMPTY] 
03:26:39 [allowed]   §6§lCLICK TO CLAIM
03:26:39 [EMPTY] 
03:26:40 [allowed] §d§lHOPPITY'S HUNT §r§dA §r§9Chocolate Déjeuner Egg §r§dhas appeared!
03:26:41 [EMPTY]  
03:26:41 [allowed]                           §r§3§lSKYBLOCK LEVEL UP
03:26:41 [allowed]                              §r§eLevel §r§8107 ➡ §r§8[§r§e108§r§8]
03:26:41 [EMPTY]  
03:26:41 [allowed]                                   §r§6§lREWARDS
03:26:41 [allowed]                                  §r§8+§r§a5 §r§c❤ Health
03:26:41 [EMPTY]  
03:26:53 [allowed] §aYour §r§9Frog §r§aleveled up to level §r§937§r§a!
03:26:57 [GUILD_EXP] §aYou earned §r§2166 GEXP §r§afrom playing SkyBlock!
03:27:11 [allowed] §2Guild > §b[MVP§3+§b] catholicschool§f: §rwth secret starbound temple
03:27:21 [allowed] §2Guild > §a[VIP§6+§a] himej0shi§f: §rkus
03:27:23 [allowed] §2Guild > §b[MVP§3+§b] catholicschool§f: §rsee vist see kus see jade dragon on niiet ,, sea lumies collection for items!!
03:27:24 [allowed] §2Guild > §b[MVP§3+§b] catholicschool§f: §ridk
03:27:26 [allowed] §2Guild > §b[MVP§3+§b] catholicschool§f: §raa
03:27:27 [allowed] §2Guild > §b[MVP§3+§b] catholicschool§f: §rhina quest
03:27:50 [allowed] §2Guild > §b[MVP§3+§b] catholicschool§f: §robtain 100 shards using lushlilac niiet eat some salt arldy
03:28:07 [allowed] §2Guild > §a[VIP§6+§a] himej0shi§f: §raa okiii
03:28:12 [allowed] §2Guild > §a[VIP§6+§a] himej0shi§f: §rma pean paar axolotl saama ennem
03:28:12 [allowed] §2Guild > §b[MVP§3+§b] catholicschool§f: §r3 different boostesrs on the same item i didnt know theres a 3rd one :Sob:
03:28:15 [allowed] §2Guild > §b[MVP§3+§b] catholicschool§f: §rmhm
03:28:26 [allowed] §2Guild > §a[VIP§6+§a] himej0shi§f: §rmul see lushlilac veel 22h
03:28:32 [allowed] §2Guild > §a[VIP§6+§a] himej0shi§f: §rkuna see ei ole on kui sa offline
03:28:41 [allowed] §2Guild > §a[VIP§6+§a] himej0shi§f: §rsoovid teen sulle ühe?
03:28:43 [allowed] §2Guild > §b[MVP§3+§b] catholicschool§f: §raa nice
03:28:54 [allowed] §2Guild > §b[MVP§3+§b] catholicschool§f: §ruuh sa void anda mis sea lumies sul on prgu ma teen ulejaanud ise
03:29:07 [allowed] §2Guild > §b[MVP§3+§b] catholicschool§f: §rchapter 6 pretty hard
03:29:12 [allowed] §2Guild > §a[VIP§6+§a] himej0shi§f: §r21 sea lumies :Sob:
03:29:16 [SACKS_CHANGE] §6[Sacks] §r§a+2§r§e items§r§e.§r§8 (Last 5s.)
03:29:25 [allowed] §2Guild > §a[VIP§6+§a] himej0shi§f: §rkus sa
03:29:27 [allowed] §2Guild > §b[MVP§3+§b] catholicschool§f: §rfhgfh okii ple vaja
03:29:30 [allowed] §ahimej0shi §ahas sent you a trade request. §bClick here §ato accept!
03:29:30 [allowed] §ahimej0shi §ahas sent you a trade request. §bClick here §ato accept!
03:29:40 [allowed] §cThe /trade request from §r§a[VIP§r§6+§r§a] himej0shi§r§f §r§cexpired!
03:29:42 [allowed] §6Trade completed with §r§a[VIP§r§6+§r§a] himej0shi§r§f§r§6!
03:29:42 [allowed]  §r§a§l+ §r§821x §r§fSea Lumies
03:29:42 [allowed]  §r§c§l- §r§64k coins
03:29:44 [allowed] §2Guild > §a[VIP§6+§a] himej0shi§f: §rhgdffghdfhg
03:29:45 [allowed] §2Guild > §a[VIP§6+§a] himej0shi§f: §rtyyy
03:29:45 [allowed] §2Guild > §b[MVP§3+§b] catholicschool§f: §rtyy
03:29:46 [allowed] §2Guild > §a[VIP§6+§a] himej0shi§f: §rgood deal
03:29:52 [allowed] §2Guild > §b[MVP§3+§b] catholicschool§f: §rmhm!
03:29:54 [SACKS_CHANGE] §6[Sacks] §r§a+21§r§e items§r§e.§r§8 (Last 5s.)
03:30:00 [allowed] §2Guild > §a[VIP§6+§a] himej0shi§f: §rawww
03:30:01 [allowed] §2Guild > §a[VIP§6+§a] himej0shi§f: §rväike tita
03:30:11 [allowed] §2Guild > §a[VIP§6+§a] himej0shi§f: §rtahad armorit?
03:30:16 [allowed] §2Guild > §b[MVP§3+§b] catholicschool§f: §rple vist vaja
03:30:21 [allowed] §2Guild > §a[VIP§6+§a] himej0shi§f: §roki
03:30:30 [allowed] §2Guild > §a[VIP§6+§a] himej0shi§f: §ro ot vaatan recipe
03:30:32 [allowed] §2Guild > §a[VIP§6+§a] himej0shi§f: §rvõin teha
03:30:47 [allowed] §2Guild > §b[MVP§3+§b] catholicschool§f: §ra tee endale oma set ja ss tahaks enda oma tagasi fhghf
03:30:53 [allowed] §aYou set your selected arrow type to §r§9Explosive Arrow§r§a!
03:30:57 [allowed] §aYou set your selected arrow type to §r§fNone§r§a!
03:30:57 [allowed] §aYou set your selected arrow type to §r§fFlint Arrow§r§a!
03:31:04 [allowed] §2Guild > §a[VIP§6+§a] himej0shi§f: §rmhm oot ma pean korra kodus käime
03:31:06 [allowed]  §9§l» §ahimej0shi §eis traveling to §aPrivate Island §e§lFOLLOW
03:31:16 [allowed] §2Guild > §b[MVP§3+§b] catholicschool§f: §rmul 5 figstone ja 3 mangocore
03:31:28 [allowed] §9§m-----------------------------------------------------
03:31:28 [allowed] §eThe party was transferred to §r§b[MVP§r§3+§r§b] catholicschool §r§eby §r§a[VIP§r§6+§r§a] himej0shi
03:31:28 [allowed] §9§m-----------------------------------------------------
03:31:32 [allowed] §9§m-----------------------------
03:31:32 [allowed] §eSkyBlock Party Warp §r§7(1 player)
03:31:32 [allowed] §a✔ §r§a[VIP§r§6+§r§a] himej0shi§r§f §r§awarped to your server
03:31:32 [allowed] §9§m-----------------------------
03:31:35 [allowed] §bhimej0shi joined SkyBlock.
03:31:42 [allowed] §2Guild > §a[VIP§6+§a] himej0shi§f: §rgive pwease
03:31:48 [SACKS_CHANGE] §6[Sacks] §r§a+438§r§e items§r§e, §r§c-845§r§e items§r§e.§r§8 (Last 12s.)
03:31:58 [GUILD_EXP] §aYou earned §r§2371 GEXP §r§afrom playing SkyBlock!
03:31:58 [SACKS_CHANGE] §6[Sacks] §r§c-8§r§e items§r§e.§r§8 (Last 6s.)
03:31:59 [allowed] §aYou have sent a trade request to §r§ahimej0shi§r§a.
03:32:06 [allowed] §6Trade completed with §r§a[VIP§r§6+§r§a] himej0shi§r§f§r§6!
03:32:06 [allowed]  §r§c§l- §r§87x §r§5Figstone
03:32:06 [allowed]  §r§c§l- §r§83x §r§5Mangcore
03:32:06 [allowed]  §r§c§l- §r§823x §r§9Enchanted Fig Log
03:32:06 [allowed]  §r§c§l- §r§864x §r§9Enchanted Fig Log
03:32:12 [allowed] §2Guild > §b[MVP§3+§b] catholicschool§f: §roli enchanted figi niiet tegin sellest ka figstone
03:32:30 [allowed] §d§lHOPPITY'S HUNT §r§dA §r§aChocolate Supper Egg §r§dhas appeared!
03:32:39 [SACKS_CHANGE] §6[Sacks] §r§a+4§r§e items§r§e.§r§8 (Last 6s.)
03:32:43 [allowed] §2Guild > §a[VIP§6+§a] himej0shi§f: §root mul yks sack kadunud :Sob:
03:32:49 [allowed] §2Guild > §b[MVP§3+§b] catholicschool§f: §rfghgfhf
03:32:51 [allowed] §2Guild > §a[VIP§6+§a] himej0shi§f: §ra leidsin
03:32:58 [allowed] §2Guild > §b[MVP§3+§b] catholicschool§f: §roh sind kyll
03:33:05 [SACKS_CHANGE] §6[Sacks] §r§a+2§r§e items§r§e.§r§8 (Last 5s.)
03:33:40 [SACKS_CHANGE] §6[Sacks] §r§a+48§r§e items§r§e.§r§8 (Last 21s.)
03:33:42 [allowed] §2Guild > §a[VIP§6+§a] himej0shi§f: §rmul 12 figstone jhgfdhjgdf
03:33:47 [SACKS_CHANGE] §6[Sacks] §r§a+6§r§e items§r§e.§r§8 (Last 6s.)
03:33:47 [allowed] §2Guild > §b[MVP§3+§b] catholicschool§f: §rnice
03:33:50 [allowed] §2Guild > §a[VIP§6+§a] himej0shi§f: §ra ma võin armori sulle prg anda
03:34:10 [allowed] §2Guild > §b[MVP§3+§b] catholicschool§f: §rple vaja kui sul replacement pole
03:34:10 [SACKS_CHANGE] §6[Sacks] §r§a+32§r§e items§r§e.§r§8 (Last 13s.)
03:34:18 [allowed] §2Guild > §a[VIP§6+§a] himej0shi§f: §rvõin fige siis farmida
03:34:20 [allowed] §2Guild > §a[VIP§6+§a] himej0shi§f: §rsaan endale teha
03:34:22 [allowed] §2Guild > §b[MVP§3+§b] catholicschool§f: §rmhm
03:34:29 [allowed] §2Guild > §a[VIP§6+§a] himej0shi§f: §ra ennem teen need axolotlid
03:34:31 [allowed] §e[NPC] §bAgatha§f: §rYou reached the §a§lUNCOMMON §fBracket in my contest!
03:34:34 [allowed] §e[NPC] §bAgatha§f: §rYou earned a total of §b211 §fpoints!
03:34:35 [allowed] §2Guild > §b[MVP§3+§b] catholicschool§f: §rja muidugi
03:34:37 [SACKS_CHANGE] §6[Sacks] §r§a+62§r§e items§r§e.§r§8 (Last 21s.)
03:34:37 [allowed] §e[NPC] §bAgatha§f: §rCome see me at §2Murkwater Loch §for §r§eClick Here§r§f to claim your rewards!
03:34:45 [allowed] §aYour §r§9Frog §r§aleveled up to level §r§939§r§a!
03:34:45 [allowed] §aYour §r§9Frog §r§aleveled up to level §r§941§r§a!
03:34:45 [allowed] §aYour §r§9Frog §r§aleveled up to level §r§942§r§a!
03:34:45 [allowed] §aYour §r§9Frog §r§aleveled up to level §r§945§r§a!
03:34:45 [allowed] §aYour §r§9Frog §r§aleveled up to level §r§948§r§a!
03:34:45 [allowed] §aYour §r§9Frog §r§aleveled up to level §r§950§r§a!
03:34:45 [allowed] §aYour §r§9Frog §r§aleveled up to level §r§951§r§a!
03:34:45 [allowed]   §r§6§lSTARLYN CONTEST REWARDS CLAIMED
03:34:45 [allowed]   §r§a§lREWARDS
03:34:45 [allowed]     §r§7§aAgatha's Coupon §8x130
03:34:45 [allowed]     §r§7§8+§346,000 Forest Whispers
03:34:45 [allowed]     §r§7§8+§f195x §dForest Essence
03:34:45 [allowed]     §r§7§8+§3170,000 §7Foraging Experience
03:34:45 [allowed]     §r§7§8+§a5,550 HOTF EXP
03:34:46 [SACKS_CHANGE] §6[Sacks] §r§a+8§r§e items§r§e.§r§8 (Last 6s.)
03:34:46 [EMPTY] 
03:34:46 [allowed]   §5§lHINA TASK COMPLETE
03:34:46 [allowed]     §r§7Reach LEGENDARY in Agatha's Contest.
03:34:46 [EMPTY] 
03:34:46 [allowed]     §r§a§lREWARD
03:34:46 [allowed]     §r§7§8+§35,000 §7Foraging Experience
03:34:46 [EMPTY] 
03:34:46 [allowed]   §6§lCLICK TO CLAIM
03:34:46 [EMPTY] 
03:34:56 [SACKS_CHANGE] §6[Sacks] §r§a+16§r§e items§r§e.§r§8 (Last 8s.)
03:35:08 [SACKS_CHANGE] §6[Sacks] §r§a+26§r§e items§r§e.§r§8 (Last 9s.)
03:35:20 [allowed] §aYou caught §7x2 §fVerdant §aShards§a!
03:35:20 [allowed] §aYou caught a §fVerdant §aShard!
03:35:21 [allowed] §aYou caught an §fAzure §aShard!
03:35:21 [SACKS_CHANGE] §6[Sacks] §r§a+40§r§e items§r§e.§r§8 (Last 12s.)
03:35:23 [allowed] §aYou caught a §fVerdant §aShard!
03:35:25 [allowed] §aYou caught a §fVerdant §aShard!
03:35:28 [allowed] §aYou caught a §fVerdant §aShard!
03:35:32 [SACKS_CHANGE] §6[Sacks] §r§a+2§r§e items§r§e.§r§8 (Last 5s.)
03:35:33 [allowed] §aYou caught §7x2 §fVerdant §aShards§a!
03:35:43 [SACKS_CHANGE] §6[Sacks] §r§a+24§r§e items§r§e.§r§8 (Last 6s.)
03:35:46 [allowed] §2Guild > §b[MVP§3+§b] catholicschool§f: §ri really really want a mech suit
03:35:55 [allowed] §2Guild > §a[VIP§6+§a] himej0shi§f: §roo
03:35:57 [SACKS_CHANGE] §6[Sacks] §r§a+8§r§e items§r§e.§r§8 (Last 7s.)
03:35:57 [allowed] §2Guild > §a[VIP§6+§a] himej0shi§f: §rsee oleks nunnu
03:35:58 [allowed] §2Guild > §b[MVP§3+§b] catholicschool§f: §ri used to research mech development in engineering
03:36:06 [allowed] §2Guild > §a[VIP§6+§a] himej0shi§f: §rväga gundam
03:36:08 [allowed] §c[Important] §r§eThis server will restart soon: §r§bScheduled Reboot
03:36:08 [allowed] §eYou have §a60 seconds §eto warp out! §a§l§nCLICK§e to warp now!
03:36:15 [allowed] §2Guild > §b[MVP§3+§b] catholicschool§f: §rbut noone wants to make on for humans cause theres no point
03:36:24 [allowed] §2Guild > §b[MVP§3+§b] catholicschool§f: §rits all like drones and bluetooth
03:36:26 [allowed] §aYou caught a §fVerdant §aShard!
03:36:27 [allowed] §aYou caught a §fVerdant §aShard!
03:36:28 [allowed] §aYou caught a §fVerdant §aShard!
03:36:29 [allowed] §2Guild > §a[VIP§6+§a] himej0shi§f: §rkindlasti jaapanis on midagi tehtud :D
03:36:37 [allowed] §2Guild > §b[MVP§3+§b] catholicschool§f: §raa on kyll inimestele tehtud neid
03:36:38 [allowed] §2Guild > §a[VIP§6+§a] himej0shi§f: §rma vahetan serverit
03:36:39 [allowed]  §9§l» §ahimej0shi §eis traveling to §aHub §e§lFOLLOW
03:36:42 [allowed] §2Guild > §b[MVP§3+§b] catholicschool§f: §raga need nagu millionaire wants to have fun
03:36:45 [allowed]  §9§l» §ahimej0shi §eis traveling to §aGalatea §e§lFOLLOW
03:36:48 [allowed] §7Warping using transfer token...
03:36:48 [allowed] §7Sending to server mini195R...
03:36:48 [EMPTY] §8 §r§8 §r§1 §r§3 §r§3 §r§7 §r§8 
03:36:52 [PROFILE_JOIN] §aYou are playing on profile: §eLemon§b (Co-op)
03:36:52 [PROFILE_JOIN] §8Profile ID: 62b760d8-92b6-4501-ada0-1fd8583f5266
03:36:57 [allowed] §2Guild > §a[VIP§6+§a] himej0shi§f: §rironman
03:37:06 [allowed] §2Guild > §b[MVP§3+§b] catholicschool§f: §rarmored core
03:37:12 [allowed] §2Guild > §b[MVP§3+§b] catholicschool§f: §rthe core is armored
03:37:15 [allowed] §aYou caught a §fVerdant §aShard!
03:37:30 [allowed] §cThere are blocks in the way!
03:37:32 [SACKS_CHANGE] §6[Sacks] §r§a+48§r§e items§r§e.§r§8 (Last 9s.)
03:37:36 [allowed] §2Guild > §a[VIP§6+§a] himej0shi§f: §ri think u need a mech w a big ass schythe
03:37:41 [allowed] §2Guild > §b[MVP§3+§b] catholicschool§f: §rYEAHH
03:37:51 [allowed] §2Guild > §b[MVP§3+§b] catholicschool§f: §rbut also missile launchers
03:37:56 [allowed] §2Guild > §a[VIP§6+§a] himej0shi§f: §rfr
03:38:49 [allowed] §2Guild > §b[MVP§3+§b] catholicschool§f: §rfun fact! some mission in armored core have you lose millions of dollars in damages or ammonition use, really highlights how stupidly pointless all that war is and humanity is just slowly becoming nothing but barren wasteland jsut cause we cant get over ou
03:39:03 [allowed] §2Guild > §b[MVP§3+§b] catholicschool§f: §rjust like real life!
03:39:07 [allowed] §2Guild > §a[VIP§6+§a] himej0shi§f: §rjaa
03:39:13 [allowed] §2Guild > §a[VIP§6+§a] himej0shi§f: §rwars make big money tho!!
03:39:15 [SACKS_CHANGE] §6[Sacks] §r§a+24§r§e items§r§e.§r§8 (Last 7s.)
03:39:18 [allowed] §2Guild > §a[VIP§6+§a] himej0shi§f: §rfor israel mainly :SOb:
03:39:29 [allowed] §2Guild > §b[MVP§3+§b] catholicschool§f: §rprivate arms dealers
03:39:31 [allowed] §2Guild > §a[VIP§6+§a] himej0shi§f: §rya
03:39:43 [allowed] §2Guild > §a[VIP§6+§a] himej0shi§f: §rpahad inimesed
03:39:48 [allowed] §2Guild > §b[MVP§3+§b] catholicschool§f: §raga ka vaga targad
03:39:50 [allowed] §2Guild > §b[MVP§3+§b] catholicschool§f: §rkahjuks
03:39:51 [GUILD_EXP] §aYou earned §r§2188 GEXP §r§afrom playing SkyBlock!
03:39:52 [allowed] §2Guild > §a[VIP§6+§a] himej0shi§f: §rei taha mõelda sellele gfjhdkdkjfhg
03:40:09 [SACKS_CHANGE] §6[Sacks] §r§a+40§r§e items§r§e.§r§8 (Last 10s.)
03:40:15 [allowed] §2Guild > §b[MVP§3+§b] catholicschool§f: §rsee pressure resitance suht op ma saan nii kaua vee all olla fhghfg
03:40:19 [allowed] §2Guild > §a[VIP§6+§a] himej0shi§f: §rjaaa
03:40:23 [allowed] §2Guild > §a[VIP§6+§a] himej0shi§f: §rnunnu outfit
03:40:29 [allowed] §2Guild > §b[MVP§3+§b] catholicschool§f: §rtyy!
03:40:45 [SACKS_CHANGE] §6[Sacks] §r§a+72§r§e items§r§e.§r§8 (Last 18s.)
03:40:46 [allowed] §aYou caught a §fVerdant §aShard!
03:40:49 [allowed] §d§lHOPPITY'S HUNT §r§dA §r§6Chocolate Breakfast Egg §r§dhas appeared!
03:40:56 [allowed] §e[SkyHanni] §bNo Bits Available! §eClick to buy booster cookies on the bazaar.
03:40:56 [allowed] §e[SkyHanni] You have gained §b285 §eBits.
03:40:58 [allowed] §c ☠ §r§7You fainted from pressure§r§7.
03:40:58 [allowed] §e[NPC] §bNemo§f: §rAh, you're awake... §f§o*inhales*§f... I pulled you from the depths just in time.
03:41:02 [allowed] §e[NPC] §bNemo§f: §rThe pressure down there is... §f§o*exhales*§f... unforgiving.
03:41:03 [SACKS_CHANGE] §6[Sacks] §r§a+40§r§e items§r§e.§r§8 (Last 16s.)
03:41:04 [allowed] §2Guild > §b[MVP§3+§b] catholicschool§f: §roh wow
03:41:06 [allowed] §e[NPC] §bNemo§f: §rVisit my shop for §3⚶ Respiration§f ...§f§o*inhales*§f... and §9❍ Pressure Resistance §fgear.
03:41:10 [allowed] §e[NPC] §bNemo§f: §rIt’s essential for... §f§o*exhales*§f... surviving down there.
03:41:12 [allowed] §2Guild > §b[MVP§3+§b] catholicschool§f: §rno bits avalibel! click to buy booster cookies on the bazaar
03:41:28 [allowed] §2Guild > §a[VIP§6+§a] himej0shi§f: §rhfjgkdhdfjk
03:41:32 [SACKS_CHANGE] §6[Sacks] §r§a+8§r§e items§r§e, §r§c-575§r§e items§r§e.§r§8 (Last 10s.)
03:41:33 [allowed] §2Guild > §a[VIP§6+§a] himej0shi§f: §rwe need to buy more now!!
03:41:37 [allowed] §2Guild > §b[MVP§3+§b] catholicschool§f: §ryep!
03:41:39 [SACKS_CHANGE] §6[Sacks] §r§a+98§r§e items§r§e.§r§8 (Last 5s.)
03:41:45 [allowed] §aYou caught an §fAzure §aShard!
03:41:45 [allowed] §c§lDAVID§r§7: You reached §r§aMilestone 25 §r§7in §r§aCombat Hunts§r§7!
03:41:45 [allowed] §7You gained §r§c+2❁ Strength
03:41:46 [allowed] §2Guild > §a[VIP§6+§a] himej0shi§f: §rmul 25/100 lushlilac stuff tehtud
03:41:46 [allowed] §aYou caught an §fAzure §aShard!
03:41:50 [SACKS_CHANGE] §6[Sacks] §r§a+40§r§e items§r§e.§r§8 (Last 9s.)
03:41:58 [allowed] §2Guild > §b[MVP§3+§b] catholicschool§f: §rwow
03:42:03 [allowed] §2Guild > §b[MVP§3+§b] catholicschool§f: §rsee saab pikk chapter olema
03:42:03 [SACKS_CHANGE] §6[Sacks] §r§a+48§r§e items§r§e.§r§8 (Last 12s.)
03:42:07 [allowed] §2Guild > §a[VIP§6+§a] himej0shi§f: §ryeppp sitaks
03:42:11 [allowed]  §9§l» §ahimej0shi §eis traveling to §aPrivate Island §e§lFOLLOW
03:42:11 [SACKS_CHANGE] §6[Sacks] §r§a+8§r§e items§r§e.§r§8 (Last 5s.)
03:42:25 [SACKS_CHANGE] §6[Sacks] §r§a+44§r§e items§r§e.§r§8 (Last 13s.)
03:42:27 [allowed] §2Guild > §b[MVP§3+§b] catholicschool§f: §rbut i dont dislike the underwater stuff aside from lumies
03:42:36 [allowed] §2Guild > §a[VIP§6+§a] himej0shi§f: §rmhm samaa
03:42:37 [allowed] §aYou caught §7x2 §fVerdant §aShards§a!
03:42:42 [allowed] §2Guild > §a[VIP§6+§a] himej0shi§f: §rimo ujnderwater explore seal lahe
03:42:43 [allowed] §cThe water prevents you from teleporting!
03:42:44 [SACKS_CHANGE] §6[Sacks] §r§a+48§r§e items§r§e.§r§8 (Last 13s.)
03:42:48 [allowed] §aYou caught §7x2 §fVerdant §aShards§a!
03:42:48 [allowed] §aYou caught an §fAzure §aShard!
03:42:49 [allowed] §aYou caught an §fAzure §aShard!
03:42:51 [allowed] §2Guild > §b[MVP§3+§b] catholicschool§f: §rmhmm
03:42:52 [SACKS_CHANGE] §6[Sacks] §r§a+32§r§e items§r§e.§r§8 (Last 7s.)
03:42:55 [allowed] §cThe water prevents you from teleporting!
03:42:55 [allowed] §cThe water prevents you from teleporting!
03:43:00 [allowed] §2Guild > §a[VIP§6+§a] himej0shi§f: §rwarp pwaese
03:43:04 [allowed] §2Guild > §b[MVP§3+§b] catholicschool§f: §rAAA
03:43:04 [SACKS_CHANGE] §6[Sacks] §r§a+32§r§e items§r§e.§r§8 (Last 10s.)
03:43:09 [allowed] §2Guild > §b[MVP§3+§b] catholicschool§f: §rMA PEAKS DEPTH STIREDER PANEMA ENDALE
03:43:11 [allowed] §7Warping you to your SkyBlock island...
03:43:11 [allowed] §7Sending to server mini238J...
03:43:11 [EMPTY] §8 §r§8 §r§1 §r§3 §r§3 §r§7 §r§8 
03:43:14 [allowed] §2Guild > §a[VIP§6+§a] himej0shi§f: §rjaaa gfkdhgjdf
03:43:15 [PROFILE_JOIN] §aYou are playing on profile: §eLemon§b (Co-op)
03:43:15 [PROFILE_JOIN] §8Profile ID: 62b760d8-92b6-4501-ada0-1fd8583f5266
03:43:19 [allowed] §2Guild > §a[VIP§6+§a] himej0shi§f: §rwow ma ple ka pannud
03:43:20 [allowed] §2Guild > §a[VIP§6+§a] himej0shi§f: §rty
03:43:22 [allowed] §aYou enchanted your §r§aSnorkeling Shoes §r§awith Depth Strider III§r§a!
03:43:26 [allowed]  §9§l» §ahimej0shi §eis traveling to §aGalatea §e§lFOLLOW
03:43:44 [allowed] §2Guild > §b[MVP§3+§b] catholicschool§f: §rhelmetil respiration ka
03:43:59 [allowed] §aYou enchanted your §r§aSnorkeling Visor §r§awith Respiration III§r§a!
03:44:10 [allowed] §7Warping...
03:44:10 [allowed] §7Sending to server mini267N...
03:44:11 [EMPTY] §8 §r§8 §r§1 §r§3 §r§3 §r§7 §r§8 
03:44:12 [allowed] §cYou must be admin or higher to use this command!
03:44:14 [allowed] §2Guild > §a[VIP§6+§a] himej0shi§f: §rteen need lavamonsterid ära
03:44:15 [PROFILE_JOIN] §aYou are playing on profile: §eLemon§b (Co-op)
03:44:15 [PROFILE_JOIN] §8Profile ID: 62b760d8-92b6-4501-ada0-1fd8583f5266
03:44:18 [allowed]  §9§l» §ahimej0shi §eis traveling to §aGalatea §e§lFOLLOW
03:44:23 [allowed] §2Guild > §b[MVP§3+§b] catholicschool§f: §rsa saad slash enchating table teha btw
03:44:28 [allowed] §2Guild > §b[MVP§3+§b] catholicschool§f: §ra mis see?
03:44:33 [allowed] §2Guild > §a[VIP§6+§a] himej0shi§f: §rtule ma näitan
03:44:56 [allowed] §2Guild > §b[MVP§3+§b] catholicschool§f: §ra need ma tean
03:44:57 [allowed] §cThere are blocks in the way!
03:45:00 [allowed] §2Guild > §a[VIP§6+§a] himej0shi§f: §ra okii
03:45:04 [allowed] §2Guild > §b[MVP§3+§b] catholicschool§f: §rlihtsalt kill?
03:45:09 [allowed] §2Guild > §a[VIP§6+§a] himej0shi§f: §rytles et pyydma peab
03:45:11 [allowed] §2Guild > §a[VIP§6+§a] himej0shi§f: §ridk kuidas
03:45:15 [allowed] §2Guild > §b[MVP§3+§b] catholicschool§f: §rblackhole
03:45:17 [allowed] §2Guild > §a[VIP§6+§a] himej0shi§f: §raa
03:45:49 [allowed] §3§l▬▬▬▬▬▬▬▬▬▬▬▬▬▬▬▬▬▬▬▬▬▬▬▬▬▬▬▬▬▬▬▬▬▬▬▬▬▬▬▬▬▬▬▬▬▬▬▬▬▬▬▬▬▬▬▬▬▬▬▬▬▬▬▬
03:45:49 [EMPTY]  
03:45:49 [BESTIARY] §f                                  §6§lBESTIARY
03:45:49 [BESTIARY] §f                             §b§lStridersurfer §7§b1
03:45:49 [BESTIARY] 
03:45:49 [BESTIARY]                                   §r§6§lREWARDS
03:45:49 [BESTIARY]                      §r§8+§r§a2 Stridersurfer §r§b✯ Magic Find
03:45:49 [BESTIARY]                       §r§8+§r§a2 Stridersurfer §r§c❁ Strength
03:45:49 [BESTIARY]                          §r§8+§r§62% §r§aStridersurfer §r§7coins
03:45:49 [BESTIARY]                     §r§8+§r§a50% §r§7chance for extra XP orbs
03:45:49 [BESTIARY]                                §r§8+§r§b1 SkyBlock XP
03:45:49 [BESTIARY] 
03:45:49 [allowed] §6§lBESTIARY §r§b§lStridersurfer §7§b1
03:45:49 [BESTIARY] §3§l▬▬▬▬▬▬▬▬▬▬▬▬▬▬▬▬▬▬▬▬▬▬▬▬▬▬▬▬▬▬▬▬▬▬▬▬▬▬▬▬▬▬▬▬▬▬▬▬▬▬▬▬▬▬▬▬▬▬▬▬▬▬▬▬
03:45:49 [allowed] §aYou caught a §aStridersurfer §aShard!
03:46:00 [allowed] §2Guild > §b[MVP§3+§b] catholicschool§f: §rgill membrane diver seti jaoks ka vaja
03:46:05 [allowed] §2Guild > §a[VIP§6+§a] himej0shi§f: §rmul natuke on
03:46:23 [allowed] §cThere are blocks in the way!
03:46:32 [allowed] §2Guild > §a[VIP§6+§a] himej0shi§f: §rohh tyy
03:46:32 [allowed] §e§lLOOT SHARE §fYou received §b2 §aStridersurfer §fShards for assisting §ahimej0shi§f!
03:46:41 [allowed] §d§lHOPPITY'S HUNT §r§dA §r§9Chocolate Lunch Egg §r§dhas appeared!
03:46:57 [allowed] §aYou caught a §aStridersurfer §aShard!
03:46:59 [allowed] §2Guild > §a[VIP§6+§a] himej0shi§f: §ryayy
03:47:03 [allowed] §2Guild > §a[VIP§6+§a] himej0shi§f: §rI like to eat pasta, do you prefer nachos?
03:47:14 [allowed] §e§lLOOT SHARE §fYou received a §aStridersurfer §fShard for assisting §ahimej0shi§f!
03:47:19 [allowed] §2Guild > §a[VIP§6+§a] himej0shi§f: §romfg
03:47:27 [allowed] §3§l▬▬▬▬▬▬▬▬▬▬▬▬▬▬▬▬▬▬▬▬▬▬▬▬▬▬▬▬▬▬▬▬▬▬▬▬▬▬▬▬▬▬▬▬▬▬▬▬▬▬▬▬▬▬▬▬▬▬▬▬▬▬▬▬
03:47:27 [EMPTY]  
03:47:27 [BESTIARY] §f                                  §6§lBESTIARY
03:47:27 [BESTIARY] §f                          §b§lStridersurfer §7§81 §8➡§b §b2
03:47:27 [BESTIARY] 
03:47:27 [BESTIARY]                                   §r§6§lREWARDS
03:47:27 [BESTIARY]                      §r§8+§r§a2 Stridersurfer §r§b✯ Magic Find
03:47:27 [BESTIARY]                       §r§8+§r§a2 Stridersurfer §r§c❁ Strength
03:47:27 [BESTIARY]                          §r§8+§r§62% §r§aStridersurfer §r§7coins
03:47:27 [BESTIARY]                     §r§8+§r§a50% §r§7chance for extra XP orbs
03:47:27 [BESTIARY]                                §r§8+§r§b1 SkyBlock XP
03:47:27 [BESTIARY] 
03:47:27 [allowed] §6§lBESTIARY §r§b§lStridersurfer §7§81 §8➡§b §b2
03:47:27 [BESTIARY] §3§l▬▬▬▬▬▬▬▬▬▬▬▬▬▬▬▬▬▬▬▬▬▬▬▬▬▬▬▬▬▬▬▬▬▬▬▬▬▬▬▬▬▬▬▬▬▬▬▬▬▬▬▬▬▬▬▬▬▬▬▬▬▬▬▬
03:47:27 [allowed] §aYou caught §7x2 §aStridersurfer §aShards§a!
03:47:28 [EMPTY] 
03:47:28 [allowed]   §5§lHINA TASK COMPLETE
03:47:28 [allowed]     §r§7Catch Stridersurfer Shards.
03:47:28 [EMPTY] 
03:47:28 [allowed]     §r§a§lREWARD
03:47:28 [allowed]     §r§7§8+§31,500 §7Hunting Experience
03:47:28 [EMPTY] 
03:47:28 [allowed]   §6§lCLICK TO CLAIM
03:47:28 [EMPTY] 
03:47:30 [allowed] §2Guild > §b[MVP§3+§b] catholicschool§f: §rfhgfhg
03:47:32 [allowed] §2Guild > §a[VIP§6+§a] himej0shi§f: §rteemegi assistid ss easy koos teha
03:47:35 [allowed] §aYou caught a §aStridersurfer §aShard!
03:47:37 [allowed] §e§lLOOT SHARE §fYou received a §aStridersurfer §fShard for assisting §ahimej0shi§f!
03:47:45 [allowed] §2Guild > §b[MVP§3+§b] catholicschool§f: §rmhm ma sain juba tehtud
03:47:49 [GUILD_EXP] §aYou earned §r§2330 GEXP §r§afrom playing SkyBlock!
03:47:56 [allowed] §2Guild > §a[VIP§6+§a] himej0shi§f: §rMA KUKKUSIN
03:48:01 [allowed] §2Guild > §b[MVP§3+§b] catholicschool§f: §rhhfghfh juhtub
03:48:13 [allowed] §2Guild > §b[MVP§3+§b] catholicschool§f: §ra su blackhole ei saa neid suckkida kui sa pole vahemalt uhekorra loound
03:48:22 [allowed] §2Guild > §a[VIP§6+§a] himej0shi§f: §rkukkusin jälle
03:48:25 [allowed] §cThere are blocks in the way!
03:48:28 [allowed] §2Guild > §a[VIP§6+§a] himej0shi§f: §rgive nana a bit hgjfkdjhdfg kyll jõuian tagasi
03:48:29 [allowed] §2Guild > §b[MVP§3+§b] catholicschool§f: §rhowww sull aote :Sob:
03:48:35 [allowed] §2Guild > §a[VIP§6+§a] himej0shi§f: §rma missin seda koguaeg
03:48:46 [allowed] §2Guild > §b[MVP§3+§b] catholicschool§f: §rma spammangi kuna tean et see missib nkn
03:49:07 [allowed] §2Guild > §b[MVP§3+§b] catholicschool§f: §rsulle ootab siin 4 1hp
03:49:12 [allowed] §3§l▬▬▬▬▬▬▬▬▬▬▬▬▬▬▬▬▬▬▬▬▬▬▬▬▬▬▬▬▬▬▬▬▬▬▬▬▬▬▬▬▬▬▬▬▬▬▬▬▬▬▬▬▬▬▬▬▬▬▬▬▬▬▬▬
03:49:12 [EMPTY]  
03:49:12 [BESTIARY] §f                                  §6§lBESTIARY
03:49:12 [BESTIARY] §f                          §b§lStridersurfer §7§82 §8➡§b §b3
03:49:12 [BESTIARY] 
03:49:12 [BESTIARY]                                   §r§6§lREWARDS
03:49:12 [BESTIARY]                      §r§8+§r§a2 Stridersurfer §r§b✯ Magic Find
03:49:12 [BESTIARY]                       §r§8+§r§a2 Stridersurfer §r§c❁ Strength
03:49:12 [BESTIARY]                          §r§8+§r§62% §r§aStridersurfer §r§7coins
03:49:12 [BESTIARY]                     §r§8+§r§a50% §r§7chance for extra XP orbs
03:49:12 [BESTIARY]                                §r§8+§r§b1 SkyBlock XP
03:49:12 [BESTIARY] 
03:49:12 [allowed] §6§lBESTIARY §r§b§lStridersurfer §7§82 §8➡§b §b3
03:49:12 [BESTIARY] §3§l▬▬▬▬▬▬▬▬▬▬▬▬▬▬▬▬▬▬▬▬▬▬▬▬▬▬▬▬▬▬▬▬▬▬▬▬▬▬▬▬▬▬▬▬▬▬▬▬▬▬▬▬▬▬▬▬▬▬▬▬▬▬▬▬
03:49:12 [allowed] §aYou caught a §aStridersurfer §aShard!
03:49:19 [allowed] §e§lLOOT SHARE §fYou received §b2 §aStridersurfer §fShards for assisting §ahimej0shi§f!
03:49:22 [allowed] §aYou caught a §fPhanflare §aShard!
03:49:24 [allowed] §aYou caught a §aStridersurfer §aShard!
03:49:33 [allowed] §2Guild > §a[VIP§6+§a] himej0shi§f: §rim getting c
03:49:41 [allowed] §aYou caught §7x2 §aStridersurfer §aShards§a!
03:49:55 [allowed] §2Guild > §b[MVP§3+§b] catholicschool§f: §rhgfhgfh
03:49:59 [allowed] §e§lLOOT SHARE §fYou received a §aStridersurfer §fShard for assisting §ahimej0shi§f!
03:50:00 [allowed] §cYou can't move your Black Hole while a monster is being captured!
03:50:00 [allowed] §cYou can't move your Black Hole while a monster is being captured!
03:50:00 [allowed] §cYou can't move your Black Hole while a monster is being captured!
03:50:01 [allowed] §cYou can't move your Black Hole while a monster is being captured!
03:50:01 [allowed] §cYou can't move your Black Hole while a monster is being captured!
03:50:01 [allowed] §cYou can't move your Black Hole while a monster is being captured!
03:50:01 [allowed] §cYou can't move your Black Hole while a monster is being captured!
03:50:02 [allowed] §cYou can't move your Black Hole while a monster is being captured!
03:50:02 [allowed] §cYou can't move your Black Hole while a monster is being captured!
03:50:02 [allowed] §cYou can't move your Black Hole while a monster is being captured!
03:50:02 [allowed] §cYou can't move your Black Hole while a monster is being captured!
03:50:02 [allowed] §cYou can't move your Black Hole while a monster is being captured!
03:50:02 [allowed] §cYou can't move your Black Hole while a monster is being captured!
03:50:03 [allowed] §cYou can't move your Black Hole while a monster is being captured!
03:50:03 [allowed] §cYou can't move your Black Hole while a monster is being captured!
03:50:03 [allowed] §aYou caught a §aStridersurfer §aShard!
03:50:03 [allowed] §cThis ability is on cooldown for 2s.
03:50:03 [allowed] §cThis ability is on cooldown for 2s.
03:50:07 [allowed] §e§lLOOT SHARE §fYou received a §aStridersurfer §fShard for assisting §ahimej0shi§f!
03:50:09 [allowed] §2Guild > §b[MVP§3+§b] catholicschool§f: §rsaid assisti ?
03:50:11 [allowed] §cThis ability is on cooldown for 2s.
03:50:16 [allowed] §2Guild > §a[VIP§6+§a] himej0shi§f: §rmhm
03:50:22 [allowed] §ahimej0shi §r§cis currently Hunting this monster with a Huntaxe. Don’t kill it!
03:50:28 [allowed] §cThere are blocks in the way!
03:50:31 [allowed] §e§lLOOT SHARE §fYou received a §aStridersurfer §fShard for assisting §ahimej0shi§f!
03:50:59 [allowed] §e§lLOOT SHARE §fYou received a §aStridersurfer §fShard for assisting §ahimej0shi§f!
03:51:02 [allowed] §2Guild > §a[VIP§6+§a] himej0shi§f: §rdone
03:51:06 [allowed] §e§lLOOT SHARE §fYou received §b2 §aStridersurfer §fShards for assisting §ahimej0shi§f!
03:51:06 [allowed] §2Guild > §b[MVP§3+§b] catholicschool§f: §ryayy
03:51:06 [allowed] §cThere are blocks in the way!
03:51:07 [allowed] §cThere are blocks in the way!
03:51:18 [allowed] §c ☠ §r§7You fell into the void§r§7.
03:51:20 [allowed] §2Guild > §b[MVP§3+§b] catholicschool§f: §rfast teleport
03:51:21 [allowed] §e§lLOOT SHARE §fYou received a §aStridersurfer §fShard for assisting §ahimej0shi§f!
03:51:23 [allowed] §2Guild > §a[VIP§6+§a] himej0shi§f: §rfr
03:51:33 [allowed] §2Guild > §b[MVP§3+§b] catholicschool§f: §rwho tf is brian?
03:51:38 [allowed] §7Warping you to your SkyBlock island...
03:51:38 [allowed] §7Sending to server mini144AB...
03:51:38 [EMPTY] §8 §r§8 §r§1 §r§3 §r§3 §r§7 §r§8 
03:51:40 [allowed] §2Guild > §a[VIP§6+§a] himej0shi§f: §rbrian is dead
03:51:41 [PROFILE_JOIN] §aYou are playing on profile: §eLemon§b (Co-op)
03:51:41 [PROFILE_JOIN] §8Profile ID: 62b760d8-92b6-4501-ada0-1fd8583f5266
03:51:43 [allowed] §9§m-----------------------------------------------------
03:51:43 [allowed] §cThat player does not exist.
03:51:43 [allowed] §9§m-----------------------------------------------------
03:51:45 [allowed] §2Guild > §b[MVP§3+§b] catholicschool§f: §r1sec
03:51:51 [allowed] §9§m-----------------------------------------------------
03:51:51 [allowed] §eThe party was transferred to §r§a[VIP§r§6+§r§a] himej0shi §r§eby §r§b[MVP§r§3+§r§b] catholicschool
03:51:51 [allowed] §9§m-----------------------------------------------------
03:51:53 [allowed] §9§m-----------------------------
03:51:53 [allowed] §eParty Leader, §r§a[VIP§r§6+§r§a] himej0shi§r§e, summoned you to their server.
03:51:53 [allowed] §9§m-----------------------------
03:51:54 [allowed] §7Sending to server mini267N...
03:51:54 [EMPTY] §8 §r§8 §r§1 §r§3 §r§3 §r§7 §r§8 
03:51:57 [PROFILE_JOIN] §aYou are playing on profile: §eLemon§b (Co-op)
03:51:57 [PROFILE_JOIN] §8Profile ID: 62b760d8-92b6-4501-ada0-1fd8583f5266
03:51:58 [allowed] §2Guild > §b[MVP§3+§b] catholicschool§f: §rthat 1 sec was after i transfer
03:51:58 [allowed] §2Guild > §a[VIP§6+§a] himej0shi§f: §rv
03:51:59 [allowed] §7Warping you to your SkyBlock island...
03:51:59 [allowed] §7Sending to server mini144AB...
03:52:00 [EMPTY] §8 §r§8 §r§1 §r§3 §r§3 §r§7 §r§8 
03:52:01 [allowed] §2Guild > §a[VIP§6+§a] himej0shi§f: §rhjsgdfhjdfgs aa
03:52:03 [PROFILE_JOIN] §aYou are playing on profile: §eLemon§b (Co-op)
03:52:03 [PROFILE_JOIN] §8Profile ID: 62b760d8-92b6-4501-ada0-1fd8583f5266
03:52:29 [allowed] §2Guild > §b[MVP§3+§b] catholicschool§f: §ra kuidas foraging wisdom booster saab
03:52:37 [allowed] §2Guild > §b[MVP§3+§b] catholicschool§f: §rtahtendab fortune!!!!!
03:52:38 [allowed] §2Guild > §a[VIP§6+§a] himej0shi§f: §rmul neid cherstides sitaks
03:52:42 [allowed] §2Guild > §a[VIP§6+§a] himej0shi§f: §raa
03:52:47 [allowed] §2Guild > §a[VIP§6+§a] himej0shi§f: §rmdea
03:52:55 [allowed] §2Guild > §b[MVP§3+§b] catholicschool§f: §rwarp
03:52:57 [allowed] Unknown command. Type "/help" for help. ('/pw')
03:52:59 [allowed] §2Guild > §a[VIP§6+§a] himej0shi§f: §rv
03:52:59 [allowed] Unknown command. Type "/help" for help. ('pwarp')
03:53:00 [allowed] §9§m-----------------------------------------------------
03:53:00 [allowed] §cYou are not this party's leader!
03:53:00 [allowed] §9§m-----------------------------------------------------
03:53:00 [allowed] §9§m-----------------------------
03:53:00 [allowed] §eParty Leader, §r§a[VIP§r§6+§r§a] himej0shi§r§e, summoned you to their server.
03:53:00 [allowed] §9§m-----------------------------
03:53:01 [allowed] §7Sending to server mini267N...
03:53:01 [EMPTY] §8 §r§8 §r§1 §r§3 §r§3 §r§7 §r§8 
03:53:04 [PROFILE_JOIN] §aYou are playing on profile: §eLemon§b (Co-op)
03:53:04 [PROFILE_JOIN] §8Profile ID: 62b760d8-92b6-4501-ada0-1fd8583f5266
03:53:10 [allowed] §7§oYou caught yourself an invisibug! The shard was sent to your Hunting Box!
03:53:10 [allowed] §aYou caught an §9Invisibug §aShard!
03:53:24 [allowed] §2Guild > §a[VIP§6+§a] himej0shi§f: §rteen fige prg et armorit val is saata
03:53:29 [allowed] §8Withdrawing coins...
03:53:29 [allowed] §aWithdrew §r§6300k coins§r§a! There's now §r§6742k coins §r§aleft in the account!
03:53:30 [allowed] §2Guild > §b[MVP§3+§b] catholicschool§f: §rmhm
03:53:35 [allowed] §aYou bought §r§aViper §r§afor §r§6100,000 Coins§r§a!
03:53:35 [allowed] §aYou bought §r§aViper §r§afor §r§6100,000 Coins§r§a!
03:53:36 [allowed] §aYou bought §r§aViper §r§afor §r§6100,000 Coins§r§a!
03:53:36 [allowed] §cYou don't have enough Coins!
03:53:38 [allowed] §7You sent §aa §aViper Shard §7to your §aHunting Box§7.
03:53:39 [allowed] §7You sent §aa §aViper Shard §7to your §aHunting Box§7.
03:53:40 [allowed] §7You sent §aa §aViper Shard §7to your §aHunting Box§7.
03:53:56 [allowed] §aYou caught §7x2 §fBirries §aShards§a!
03:53:59 [SACKS_CHANGE] §6[Sacks] §r§a+18§r§e items§r§e.§r§8 (Last 12s.)
03:54:02 [allowed] §cThere are blocks in the way!
03:54:02 [allowed] §cThere are blocks in the way!
03:54:06 [allowed] §cYou can't use the Auction House while playing on your current profile type!
03:54:11 [allowed] §e[SkyHanni] §eTo edit hidden GUI elements:
 §7- §e1. Set a key in /sh edit.
 §7- §e2. Click that key while the GUI element is visible.
03:54:32 [allowed] §e[NPC] §bAgatha§f: §rYou reached the §a§lUNCOMMON §fBracket in my contest!
03:54:35 [allowed] §e[NPC] §bAgatha§f: §rYou earned a total of §b429 §fpoints!
03:54:38 [allowed] §e[NPC] §bAgatha§f: §rCome see me at §2Murkwater Loch §for §r§eClick Here§r§f to claim your rewards!
03:54:41 [allowed] §e[NPC] §dCoral§f: §rYou found a new Fish!
03:54:43 [allowed] §e[NPC] §dCoral§f: §rGreat. Let's add it to the collection! The Fish Family is coming together swimmingly!
03:54:49 [allowed] §e[NPC] §dCoral§f: §rBut hold on... for that I would need to make your Fish §dco-op soulbound§f.
03:54:53 [allowed] §e[NPC] §dCoral§f: §rWhich means you will not be able to trade it anymore.
03:54:57 [allowed] §e[NPC] §dCoral§f: §rAre you alright with that?
03:54:57 [allowed] §eSelect an option: §r§a§l[YES] §r§c§l[NO] 
03:54:59 [allowed] §eYour §r§cRabbit the Fish §r§eis now §r§dco-op soulbound§r§e!
03:54:59 [allowed] §aYour §r§9Frog §r§aleveled up to level §r§952§r§a!
03:54:59 [allowed] §e[NPC] §dCoral§f: §rPerfect, in that case I won't ask you that question again.
03:55:04 [allowed] §cYou can only absorb melee weapons!
03:55:07 [allowed] §cThere are blocks in the way!
03:55:07 [allowed] §c[SkyHanni 4.8.0 1.21.5]: DelayedRun task crashed while executing§c. Click here to copy the error into the clipboard.
03:55:27 [allowed] §2Guild > §b[MVP§3+§b] catholicschool§f: §raaa koik need punasd ;the fish; itemid peab selle coralile naitama
03:55:32 [allowed] §2Guild > §b[MVP§3+§b] catholicschool§f: §rspecial fish museum pmst
03:55:43 [allowed] §7Warping you to your SkyBlock island...
03:55:44 [allowed] §2Guild > §a[VIP§6+§a] himej0shi§f: §raaa okii
03:55:44 [allowed] §7Sending to server mini16BD...
03:55:44 [EMPTY] §8 §r§8 §r§1 §r§3 §r§3 §r§7 §r§8 
03:55:45 [allowed] §2Guild > §a[VIP§6+§a] himej0shi§f: §rtyy
03:55:47 [PROFILE_JOIN] §aYou are playing on profile: §eLemon§b (Co-op)
03:55:47 [PROFILE_JOIN] §8Profile ID: 62b760d8-92b6-4501-ada0-1fd8583f5266
03:55:50 [allowed] §2Guild > §b[MVP§3+§b] catholicschool§f: §rannab respirationit
03:55:52 [allowed] §2Guild > §b[MVP§3+§b] catholicschool§f: §rja sb xp
03:55:57 [allowed] §2Guild > §a[VIP§6+§a] himej0shi§f: §rkus ta on
03:56:27 [allowed] §2Guild > §b[MVP§3+§b] catholicschool§f: §rsee witch ouse
03:56:29 [allowed] §2Guild > §b[MVP§3+§b] catholicschool§f: §rhouse
03:56:31 [allowed] §2Guild > §a[VIP§6+§a] himej0shi§f: §ra okii
03:56:33 [allowed] §2Guild > §b[MVP§3+§b] catholicschool§f: §rbehind bank
03:56:38 [allowed] §2Guild > §b[MVP§3+§b] catholicschool§f: §rand reptile collector lady
03:56:42 [allowed] §2Guild > §a[VIP§6+§a] himej0shi§f: §rytle kui warpin ss saame koos ära anda sinna
03:56:59 [allowed] §7Warping...
03:56:59 [allowed] §7Sending to server mini71E...
03:56:59 [EMPTY] §8 §r§8 §r§1 §r§3 §r§3 §r§7 §r§8 
03:57:03 [PROFILE_JOIN] §aYou are playing on profile: §eLemon§b (Co-op)
03:57:03 [PROFILE_JOIN] §8Profile ID: 62b760d8-92b6-4501-ada0-1fd8583f5266
03:57:29 [allowed] §2Guild > §b[MVP§3+§b] catholicschool§f: §roki void
03:57:32 [allowed] §9§m-----------------------------
03:57:32 [allowed] §eParty Leader, §r§a[VIP§r§6+§r§a] himej0shi§r§e, summoned you to their server.
03:57:32 [allowed] §9§m-----------------------------
03:57:32 [allowed] §7Sending to server mini267N...
03:57:32 [EMPTY] §8 §r§8 §r§1 §r§3 §r§3 §r§7 §r§8 
03:57:36 [PROFILE_JOIN] §aYou are playing on profile: §eLemon§b (Co-op)
03:57:36 [PROFILE_JOIN] §8Profile ID: 62b760d8-92b6-4501-ada0-1fd8583f5266
03:57:43 [allowed] §cThere are blocks in the way!
03:57:47 [allowed] §e[NPC] §dCoral§f: §rA new Fish! How delightful.
03:57:47 [allowed] §eYour §r§cTree the Fish §r§eis now §r§dco-op soulbound§r§e!
03:57:50 [allowed] §e[NPC] §dCoral§f: §rAs a token of my appreciation, I've given you §310,000 Fishing Exp§f, §3+2⚶ Respiration§f, and §b3 SkyBlock XP§f!
03:57:56 [allowed] §cYou can only absorb melee weapons!
03:57:58 [allowed] §e[NPC] §dCoral§f: §rA new Fish! How delightful.
03:57:58 [allowed] §eYour §r§cNope the Fish §r§eis now §r§dco-op soulbound§r§e!
03:57:59 [allowed] §eYour §r§cShrimp the Fish §r§eis now §r§dco-op soulbound§r§e!
03:58:00 [allowed] §eYour §r§cBerry the Fish §r§eis now §r§dco-op soulbound§r§e!
03:58:00 [allowed] §3§l▬▬▬▬▬▬▬▬▬▬▬▬▬▬▬▬▬▬▬▬▬▬▬▬▬▬▬▬▬▬▬▬▬▬▬▬▬▬▬▬▬▬▬▬▬▬▬▬▬▬▬▬▬▬▬▬▬▬▬▬▬▬▬▬
03:58:00 [allowed]   §r§b§lSKILL LEVEL UP §3Fishing §817➜§318
03:58:00 [EMPTY] 
03:58:00 [allowed]   §r§a§lREWARDS
03:58:00 [allowed]    §r§7§5Tiger Shark§3 Sea Creature
03:58:00 [allowed]    §r§7§5Deep Sea Protector§3 Sea Creature
03:58:00 [allowed]    §r§eTreasure Hunter 18
03:58:00 [allowed]    §r  §7§fGrants §a+§81.7➜§a1.8§f §6⛃ Treasure Chance§f.
03:58:00 [allowed]    §r§7§8+§a3 §c❤ Health
03:58:00 [allowed]    §r§7§8+§665,000 §7Coins
03:58:00 [allowed]    §r§7§8+§b10 SkyBlock XP
03:58:00 [allowed] §3§l▬▬▬▬▬▬▬▬▬▬▬▬▬▬▬▬▬▬▬▬▬▬▬▬▬▬▬▬▬▬▬▬▬▬▬▬▬▬▬▬▬▬▬▬▬▬▬▬▬▬▬▬▬▬▬▬▬▬▬▬▬▬▬▬
03:58:01 [allowed] §eYour §r§cGift the Fish §r§eis now §r§dco-op soulbound§r§e!
03:58:01 [allowed] §aYour §r§9Frog §r§aleveled up to level §r§953§r§a!
03:58:01 [allowed] §e[NPC] §dCoral§f: §rAs a token of my appreciation, I've given you §310,000 Fishing Exp§f, §3+2⚶ Respiration§f, and §b3 SkyBlock XP§f!
03:58:01 [allowed] §2Guild > §a[VIP§6+§a] himej0shi§f: §ryapper
03:58:01 [allowed] §e[NPC] §dCoral§f: §rA new Fish! How delightful.
03:58:01 [allowed] §eYour §r§cCandy the Fish §r§eis now §r§dco-op soulbound§r§e!
03:58:02 [allowed] §cYou have already shown this Fish to Coral!
03:58:03 [GUILD_EXP] §aYou earned §r§2211 GEXP §r§afrom playing SkyBlock!
03:58:04 [allowed] §e[NPC] §dCoral§f: §rAs a token of my appreciation, I've given you §315,000 Fishing Exp§f, §3+2⚶ Respiration§f, and §b3 SkyBlock XP§f!
03:58:06 [allowed] §cYou have already shown this Fish to Coral!
03:58:06 [allowed] §cYou have already shown this Fish to Coral!
03:58:08 [allowed] §cYou have already shown this Fish to Coral!
03:58:11 [allowed] §cYou have already shown this Fish to Coral!
03:58:11 [allowed] §cYou have already shown this Fish to Coral!
03:58:12 [allowed] §cYou have already shown this Fish to Coral!
03:58:13 [allowed] §cYou have already shown this Fish to Coral!
03:58:14 [allowed] §cYou have already shown this Fish to Coral!
03:58:14 [allowed] §cYou have already shown this Fish to Coral!
03:58:20 [allowed] §2Guild > §b[MVP§3+§b] catholicschool§f: §rissad kuidas yappib
03:58:28 [allowed] §aYou have sent a trade request to §r§ahimej0shi§r§a.
03:58:46 [allowed] §c§lCANCELLED! §r§7Server too laggy!
03:58:47 [allowed] §c§lCANCELLED! §r§7Server too laggy!
03:58:50 [allowed] §6Trade completed with §r§a[VIP§r§6+§r§a] himej0shi§r§f§r§6!
03:58:50 [allowed]  §r§c§l- §r§81x §r§cRabbit the Fish
03:58:50 [allowed]  §r§c§l- §r§81x §r§cTree the Fish
03:58:50 [allowed]  §r§c§l- §r§81x §r§cNope the Fish
03:58:50 [allowed]  §r§c§l- §r§81x §r§cSinging Fish
03:58:50 [allowed]  §r§c§l- §r§81x §r§cCandy the Fish
03:58:50 [allowed]  §r§c§l- §r§81x §r§cShrimp the Fish
03:58:50 [allowed]  §r§c§l- §r§81x §r§cBerry the Fish
03:58:50 [allowed]  §r§c§l- §r§81x §r§cGift the Fish
03:58:50 [allowed]  §r§c§l- §r§82x §r§aAgatha's Coupon
03:58:50 [allowed]  §r§c§l- §r§864x §r§aAgatha's Coupon
03:58:50 [allowed]  §r§c§l- §r§864x §r§aAgatha's Coupon
03:58:50 [allowed]  §r§a§l+ §r§840x §r§aAgatha's Coupon
03:58:53 [allowed] §2Guild > §a[VIP§6+§a] himej0shi§f: §rty sweetie!
03:58:56 [allowed] §2Guild > §b[MVP§3+§b] catholicschool§f: §rnp
03:59:03 [allowed] §cThere are blocks in the way!
03:59:03 [allowed] §cThere are blocks in the way!
03:59:04 [allowed] §cThere are blocks in the way!
03:59:28 [allowed] §5§lFUSION! §r§7You obtained §r§fMist Shard §r§8x2§r§7! §r§d§lNEW!
03:59:45 [allowed] §5§lFUSION! §r§7You obtained §r§fMist Shard §r§8x2§r§7!
03:59:46 [EMPTY] 
03:59:46 [allowed]   §5§lHINA TASK COMPLETE
03:59:46 [allowed]     §r§7Fuse into Elemental Shards.
03:59:46 [EMPTY] 
03:59:46 [allowed]     §r§a§lREWARD
03:59:46 [allowed]     §r§7§8+§31,500 §7Hunting Experience
03:59:46 [EMPTY] 
03:59:46 [allowed]   §6§lCLICK TO CLAIM
03:59:46 [EMPTY] 
03:59:47 [allowed]  §9§l» §ahimej0shi §eis traveling to §aPrivate Island §e§lFOLLOW
04:00:02 [allowed] §5§lFUSION! §r§7You obtained a §r§fBezal Shard§r§7! §r§d§lNEW!
04:00:07 [allowed] §5§lFUSION! §r§7You obtained §r§fFlash Shard §r§8x2§r§7! §r§d§lNEW!
04:00:11 [allowed] §5§lFUSION! §r§7You obtained §r§fMist Shard §r§8x2§r§7!
04:00:13 [allowed] §6You used Syphon on 27 Shards!
04:00:13 [allowed] §a+1 Blazing Resistance Attribute §r§7(Level 1) - 3 more to upgrade!
04:00:13 [allowed] §a+3 Bucket Lover Attribute §r§7(Level 4) - 4 more to upgrade!
04:00:13 [allowed] §a+2 Light Elemental Attribute §r§7(Level 2) - 3 more to upgrade!
04:00:13 [allowed] §a+1 Fig Collector Attribute §r§7(Level 1) - 2 more to upgrade!
04:00:13 [allowed] §a+1 Hunter's Fang Attribute §r§7(Level 2) - 2 more to upgrade!
04:00:13 [allowed] §a+8 Magmatic Ruler Attribute §r§7(Level 4) - 4 more to upgrade!
04:00:13 [allowed] §a+1 Lost and Found Attribute §r§7(Level 5) - 5 more to upgrade!
04:00:13 [allowed] §a+6 Fog Elemental Attribute §r§7(Level 2) - 3 more to upgrade!
04:00:13 [allowed] §a+3 Mossy Box Attribute §r§7(Level 5) - 1 more to upgrade!
04:00:13 [allowed] §a+1 Fancy Visit Attribute §r§7(Level 5) - 4 more to upgrade!
04:00:13 [allowed] §3§l▬▬▬▬▬▬▬▬▬▬▬▬▬▬▬▬▬▬▬▬▬▬▬▬▬▬▬▬▬▬▬▬▬▬▬▬▬▬▬▬▬▬▬▬▬▬▬▬▬▬▬▬▬▬▬▬▬▬▬▬▬▬▬▬
04:00:13 [allowed]   §r§b§lATTRIBUTE LEVEL UP
04:00:13 [EMPTY] 
04:00:13 [allowed]   §r§6Blazing Resistance §31
04:00:13 [allowed]   §r§6Fig Collector §31
04:00:13 [allowed]   §r§6Magmatic Ruler §82➜§34
04:00:13 [allowed]   §r§6Fog Elemental §32
04:00:13 [allowed]   §r§6Fancy Visit §84➜§35
04:00:13 [EMPTY] 
04:00:13 [allowed]   §r§a§lREWARDS
04:00:13 [allowed]     §r§7§8+§b7 SkyBlock XP
04:00:13 [allowed] §3§l▬▬▬▬▬▬▬▬▬▬▬▬▬▬▬▬▬▬▬▬▬▬▬▬▬▬▬▬▬▬▬▬▬▬▬▬▬▬▬▬▬▬▬▬▬▬▬▬▬▬▬▬▬▬▬▬▬▬▬▬▬▬▬▬
04:00:17 [allowed] §5§lFUSION! §r§7You obtained a §r§fSea Archer Shard§r§7! §r§d§lNEW!
04:00:20 [allowed] §5§lFUSION! §r§7You obtained a §r§fSea Archer Shard§r§7!
04:00:26 [allowed] §9§m-----------------------------------------------------
04:00:26 [allowed] §eThe party was transferred to §r§b[MVP§r§3+§r§b] catholicschool §r§eby §r§a[VIP§r§6+§r§a] himej0shi
04:00:26 [allowed] §9§m-----------------------------------------------------
04:00:28 [allowed] §2Guild > §a[VIP§6+§a] himej0shi§f: §rpowease
04:00:28 [allowed] §aYou caught a §fBirries §aShard!
04:00:29 [allowed] §9§m-----------------------------
04:00:29 [allowed] §eSkyBlock Party Warp §r§7(1 player)
04:00:29 [allowed] §a✔ §r§a[VIP§r§6+§r§a] himej0shi§r§f §r§awarped to your server
04:00:29 [allowed] §9§m-----------------------------
04:00:29 [allowed] §2Guild > §a[VIP§6+§a] himej0shi§f: §rpwease
04:00:32 [allowed] §2Guild > §a[VIP§6+§a] himej0shi§f: §rtyyy
04:00:32 [allowed] §bhimej0shi joined SkyBlock.
04:00:47 [allowed] §aYou caught a §fVerdant §aShard!
04:00:50 [allowed] §d§lHOPPITY'S HUNT §r§dA §r§6Chocolate Brunch Egg §r§dhas appeared!
04:00:51 [allowed] §aYou caught a §fVerdant §aShard!
04:00:51 [allowed] §aYou caught an §fAzure §aShard!
04:00:52 [allowed] §aYou caught a §fVerdant §aShard!
04:00:53 [allowed] §aYou caught a §fVerdant §aShard!
04:00:53 [allowed] §c§lDAVID§r§7: You reached §r§aMilestone 28 §r§7in §r§aFishing Hunts§r§7!
04:00:53 [allowed] §7You gained §r§c+3❤ Health
04:00:56 [allowed] §aYou caught a §fVerdant §aShard!
04:00:58 [allowed] §aYou caught a §fVerdant §aShard!
04:01:10 [allowed] §aYou caught a §fVerdant §aShard!
04:01:30 [allowed] §aYou caught a §fVerdant §aShard!
04:01:34 [allowed] §aYou caught a §fVerdant §aShard!
04:01:51 [allowed] §d§lSOUL! §fYou found a §r§dFairy Soul§r§f!
04:01:53 [allowed] §2Guild > §a[VIP§6+§a] himej0shi§f: §raa spike saab aint turbo fishing netiga
04:02:05 [allowed] §2Guild > §b[MVP§3+§b] catholicschool§f: §rwow
04:02:12 [allowed] §cThere are blocks in the way!
04:02:12 [allowed] §cThere are blocks in the way!
04:02:12 [allowed] §cThere are blocks in the way!
04:02:31 [allowed] §aYou caught §7x2 §fVerdant §aShards§a!
04:02:33 [allowed] §aYou caught a §fVerdant §aShard!
04:02:39 [allowed] §aYou caught an §fAzure §aShard!
04:02:40 [allowed] §aYou caught §7x2 §fVerdant §aShards§a!
04:02:41 [allowed] §aYou caught a §fVerdant §aShard!
04:02:42 [allowed] §aYou caught a §fVerdant §aShard!
04:02:43 [allowed] §aYou caught an §fAzure §aShard!
04:02:49 [allowed] §cThere are blocks in the way!
04:03:05 [allowed] §5§lFUSION! §r§7You obtained a §r§fSea Archer Shard§r§7!
04:03:07 [allowed] §5§lFUSION! §r§7You obtained a §r§fSea Archer Shard§r§7!
04:03:11 [GUILD_EXP] §aYou earned §r§2548 GEXP §r§afrom playing SkyBlock!
04:03:16 [allowed] §c§lDAVID§r§7: You reached §r§aMilestone 15 §r§7in §r§aAttribute Menu§r§7!
04:03:16 [allowed] §7You gained §r§2+3∮ Sweep
04:03:16 [allowed] §6You used Syphon on 7 Shards!
04:03:16 [allowed] §a+3 Forest Strength Attribute §r§7(Level 8) - 17 more to upgrade!
04:03:16 [allowed] §a+4 Monster Bait Attribute §r§7(Level 2) - 5 more to upgrade!
04:03:16 [allowed] §3§l▬▬▬▬▬▬▬▬▬▬▬▬▬▬▬▬▬▬▬▬▬▬▬▬▬▬▬▬▬▬▬▬▬▬▬▬▬▬▬▬▬▬▬▬▬▬▬▬▬▬▬▬▬▬▬▬▬▬▬▬▬▬▬▬
04:03:16 [allowed]   §r§b§lATTRIBUTE LEVEL UP
04:03:16 [EMPTY] 
04:03:16 [allowed]   §r§6Forest Strength §87➜§38
04:03:16 [allowed]   §r§6Monster Bait §32
04:03:16 [EMPTY] 
04:03:16 [allowed]   §r§a§lREWARDS
04:03:16 [allowed]     §r§7§8+§b3 SkyBlock XP
04:03:16 [allowed] §3§l▬▬▬▬▬▬▬▬▬▬▬▬▬▬▬▬▬▬▬▬▬▬▬▬▬▬▬▬▬▬▬▬▬▬▬▬▬▬▬▬▬▬▬▬▬▬▬▬▬▬▬▬▬▬▬▬▬▬▬▬▬▬▬▬
04:03:45 [SACKS_CHANGE] §6[Sacks] §r§a+4§r§e items§r§e.§r§8 (Last 7s.)
04:03:53 [allowed] §aYou bought §r§fForaging Fortune Booster §r§afor §r§650,000 Coins§r§a!
04:03:54 [allowed] §cYou don't have enough Coins!
04:04:01 [allowed] §8Withdrawing coins...
04:04:01 [allowed] §aWithdrew §r§6742k coins§r§a! There's now §r§60 coins §r§aleft in the account!
04:04:09 [allowed] §aYou bought §r§fForaging Fortune Booster §r§afor §r§650,000 Coins§r§a!
04:04:10 [allowed] §aYou bought §r§fForaging Fortune Booster §r§afor §r§650,000 Coins§r§a!
04:04:10 [allowed] §aYou bought §r§fForaging Fortune Booster §r§afor §r§650,000 Coins§r§a!
04:04:14 [allowed] §aYou bought §r§fForaging Fortune Booster §r§afor §r§650,000 Coins§r§a!
04:04:14 [allowed] §aYou bought §r§fForaging Fortune Booster §r§afor §r§650,000 Coins§r§a!
04:04:15 [allowed] §aYou bought §r§fForaging Fortune Booster §r§afor §r§650,000 Coins§r§a!
04:04:15 [allowed] §aYou bought §r§fForaging Fortune Booster §r§afor §r§650,000 Coins§r§a!
