02:39:28 [EMPTY] §f §r§r§r§f §r§r§r§1 §r§r§r§0 §r§r§r§2 §r§r§r§f §r§r§r§f §r§r§r§2 §r§r§r§0 §r§r§r§4 §r§r§r§3 §r§r§r§9 §r§r§r§2 §r§r§r§0 §r§r§r§0 §r§r§r§3 §r§r§r§9 §r§r§r§2 §r§r§r§0 §r§r§r§0 §r§r§r§3 §r§r§r§9 §r§r§r§2 §r§r§r§0 §r§r§r§0 
02:39:47 [EMPTY] §8 §r§8 §r§1 §r§3 §r§3 §r§7 §r§8 
02:39:50 [EMPTY] 
02:39:50 [WELCOME] §eWelcome to §r§aHypixel SkyBlock§r§e!
02:39:50 [EMPTY] 
02:39:51 [PROFILE_JOIN] §aYou are playing on profile: §eLemon§b (Co-op)
02:39:51 [PROFILE_JOIN] §8Profile ID: 62b760d8-92b6-4501-ada0-1fd8583f5266
02:40:37 [SACKS_CHANGE] §6[Sacks] §r§a+797§r§e items§r§e.§r§8 (Last 8s.)
02:41:17 [EMPTY] §8 §r§8 §r§1 §r§3 §r§3 §r§7 §r§8 
02:41:20 [PROFILE_JOIN] §aYou are playing on profile: §eLemon§b (Co-op)
02:41:20 [PROFILE_JOIN] §8Profile ID: 62b760d8-92b6-4501-ada0-1fd8583f5266
02:42:30 [GUILD_EXP] §aYou earned §r§23 GEXP §r§afrom playing SkyBlock!
02:42:33 [EMPTY] §8 §r§8 §r§1 §r§3 §r§3 §r§7 §r§8 
02:42:36 [PROFILE_JOIN] §aYou are playing on profile: §eLemon§b (Co-op)
02:42:36 [PROFILE_JOIN] §8Profile ID: 62b760d8-92b6-4501-ada0-1fd8583f5266
02:44:27 [EMPTY] §8 §r§8 §r§1 §r§3 §r§3 §r§7 §r§8 
02:44:30 [PROFILE_JOIN] §aYou are playing on profile: §eLemon§b (Co-op)
02:44:30 [PROFILE_JOIN] §8Profile ID: 62b760d8-92b6-4501-ada0-1fd8583f5266
02:49:28 [GUILD_EXP] §aYou earned §r§2480 GEXP §r§afrom playing SkyBlock!
02:52:38 [EMPTY] 
02:53:58 [EMPTY] §8 §r§8 §r§1 §r§3 §r§3 §r§7 §r§8 
02:54:01 [PROFILE_JOIN] §aYou are playing on profile: §eLemon§b (Co-op)
02:54:01 [PROFILE_JOIN] §8Profile ID: 62b760d8-92b6-4501-ada0-1fd8583f5266
02:56:51 [EMPTY] §8 §r§8 §r§1 §r§3 §r§3 §r§7 §r§8 
02:56:55 [PROFILE_JOIN] §aYou are playing on profile: §eLemon§b (Co-op)
02:56:55 [PROFILE_JOIN] §8Profile ID: 62b760d8-92b6-4501-ada0-1fd8583f5266
02:57:13 [EMPTY] §8 §r§8 §r§1 §r§3 §r§3 §r§7 §r§8 
02:57:16 [PROFILE_JOIN] §aYou are playing on profile: §eLemon§b (Co-op)
02:57:16 [PROFILE_JOIN] §8Profile ID: 62b760d8-92b6-4501-ada0-1fd8583f5266
02:57:55 [EMPTY] §8 §r§8 §r§1 §r§3 §r§3 §r§7 §r§8 
02:57:58 [PROFILE_JOIN] §aYou are playing on profile: §eLemon§b (Co-op)
02:57:58 [PROFILE_JOIN] §8Profile ID: 62b760d8-92b6-4501-ada0-1fd8583f5266
02:59:27 [EMPTY] §8 §r§8 §r§1 §r§3 §r§3 §r§7 §r§8 
02:59:31 [PROFILE_JOIN] §aYou are playing on profile: §eLemon§b (Co-op)
02:59:31 [PROFILE_JOIN] §8Profile ID: 62b760d8-92b6-4501-ada0-1fd8583f5266
02:59:38 [SACKS_CHANGE] §6[Sacks] §r§a+6§r§e items§r§e.§r§8 (Last 9s.)
03:01:34 [EMPTY] 
03:01:34 [EMPTY] §c
03:01:54 [GUILD_EXP] §aYou earned §r§2178 GEXP §r§afrom playing SkyBlock!
03:03:18 [SACKS_CHANGE] §6[Sacks] §r§a+40§r§e items§r§e.§r§8 (Last 5s.)
03:03:31 [SACKS_CHANGE] §6[Sacks] §r§a+40§r§e items§r§e.§r§8 (Last 5s.)
03:03:54 [SACKS_CHANGE] §6[Sacks] §r§a+40§r§e items§r§e.§r§8 (Last 5s.)
03:03:59 [EMPTY] §8 §r§8 §r§1 §r§3 §r§3 §r§7 §r§8 
03:04:02 [PROFILE_JOIN] §aYou are playing on profile: §eLemon§b (Co-op)
03:04:02 [PROFILE_JOIN] §8Profile ID: 62b760d8-92b6-4501-ada0-1fd8583f5266
03:04:22 [EMPTY] §8 §r§8 §r§1 §r§3 §r§3 §r§7 §r§8 
03:04:25 [PROFILE_JOIN] §aYou are playing on profile: §eLemon§b (Co-op)
03:04:25 [PROFILE_JOIN] §8Profile ID: 62b760d8-92b6-4501-ada0-1fd8583f5266
03:06:23 [EMPTY] §8 §r§8 §r§1 §r§3 §r§3 §r§7 §r§8 
03:06:27 [PROFILE_JOIN] §aYou are playing on profile: §eLemon§b (Co-op)
03:06:27 [PROFILE_JOIN] §8Profile ID: 62b760d8-92b6-4501-ada0-1fd8583f5266
03:06:55 [GUILD_EXP] §aYou earned §r§2166 GEXP §r§afrom playing SkyBlock!
03:07:08 [SACKS_CHANGE] §6[Sacks] §r§a+40§r§e items§r§e.§r§8 (Last 5s.)
03:07:19 [SACKS_CHANGE] §6[Sacks] §r§a+40§r§e items§r§e.§r§8 (Last 5s.)
03:07:35 [SACKS_CHANGE] §6[Sacks] §r§a+40§r§e items§r§e.§r§8 (Last 5s.)
03:07:47 [SACKS_CHANGE] §6[Sacks] §r§a+40§r§e items§r§e.§r§8 (Last 5s.)
03:08:32 [SACKS_CHANGE] §6[Sacks] §r§a+40§r§e items§r§e.§r§8 (Last 5s.)
03:08:44 [SACKS_CHANGE] §6[Sacks] §r§a+40§r§e items§r§e.§r§8 (Last 5s.)
03:09:03 [SACKS_CHANGE] §6[Sacks] §r§a+40§r§e items§r§e.§r§8 (Last 5s.)
03:09:25 [SACKS_CHANGE] §6[Sacks] §r§a+40§r§e items§r§e.§r§8 (Last 5s.)
03:09:39 [SACKS_CHANGE] §6[Sacks] §r§a+40§r§e items§r§e.§r§8 (Last 5s.)
03:09:52 [SACKS_CHANGE] §6[Sacks] §r§a+40§r§e items§r§e.§r§8 (Last 5s.)
03:10:05 [SACKS_CHANGE] §6[Sacks] §r§a+40§r§e items§r§e.§r§8 (Last 5s.)
03:10:16 [SACKS_CHANGE] §6[Sacks] §r§a+40§r§e items§r§e.§r§8 (Last 5s.)
03:10:31 [SACKS_CHANGE] §6[Sacks] §r§a+40§r§e items§r§e.§r§8 (Last 5s.)
03:11:50 [SACKS_CHANGE] §6[Sacks] §r§a+40§r§e items§r§e.§r§8 (Last 5s.)
03:11:56 [GUILD_EXP] §aYou earned §r§2374 GEXP §r§afrom playing SkyBlock!
03:12:03 [SACKS_CHANGE] §6[Sacks] §r§a+40§r§e items§r§e.§r§8 (Last 5s.)
03:12:39 [SACKS_CHANGE] §6[Sacks] §r§a+40§r§e items§r§e.§r§8 (Last 5s.)
03:12:49 [SACKS_CHANGE] §6[Sacks] §r§a+40§r§e items§r§e.§r§8 (Last 5s.)
03:13:03 [SACKS_CHANGE] §6[Sacks] §r§a+40§r§e items§r§e.§r§8 (Last 5s.)
03:13:14 [SACKS_CHANGE] §6[Sacks] §r§a+40§r§e items§r§e.§r§8 (Last 5s.)
03:13:29 [SACKS_CHANGE] §6[Sacks] §r§a+40§r§e items§r§e.§r§8 (Last 5s.)
03:13:40 [SACKS_CHANGE] §6[Sacks] §r§a+40§r§e items§r§e.§r§8 (Last 5s.)
03:13:55 [SACKS_CHANGE] §6[Sacks] §r§a+40§r§e items§r§e.§r§8 (Last 5s.)
03:14:06 [SACKS_CHANGE] §6[Sacks] §r§a+40§r§e items§r§e.§r§8 (Last 5s.)
03:14:22 [SACKS_CHANGE] §6[Sacks] §r§a+40§r§e items§r§e.§r§8 (Last 5s.)
03:15:05 [SACKS_CHANGE] §6[Sacks] §r§a+80§r§e items§r§e.§r§8 (Last 8s.)
03:15:17 [SACKS_CHANGE] §6[Sacks] §r§a+40§r§e items§r§e.§r§8 (Last 5s.)
03:15:31 [SACKS_CHANGE] §6[Sacks] §r§a+40§r§e items§r§e.§r§8 (Last 5s.)
03:15:50 [SACKS_CHANGE] §6[Sacks] §r§a+40§r§e items§r§e.§r§8 (Last 5s.)
03:16:17 [SACKS_CHANGE] §6[Sacks] §r§a+40§r§e items§r§e.§r§8 (Last 5s.)
03:16:33 [SACKS_CHANGE] §6[Sacks] §r§a+40§r§e items§r§e.§r§8 (Last 5s.)
03:16:56 [GUILD_EXP] §aYou earned §r§2583 GEXP §r§afrom playing SkyBlock!
03:17:00 [SACKS_CHANGE] §6[Sacks] §r§a+40§r§e items§r§e.§r§8 (Last 5s.)
03:18:04 [SACKS_CHANGE] §6[Sacks] §r§a+64§r§e items§r§e.§r§8 (Last 5s.)
03:18:22 [SACKS_CHANGE] §6[Sacks] §r§a+80§r§e items§r§e.§r§8 (Last 6s.)
03:18:47 [SACKS_CHANGE] §6[Sacks] §r§a+40§r§e items§r§e.§r§8 (Last 5s.)
03:19:08 [SACKS_CHANGE] §6[Sacks] §r§a+64§r§e items§r§e.§r§8 (Last 5s.)
03:19:18 [SACKS_CHANGE] §6[Sacks] §r§a+2§r§e items§r§e.§r§8 (Last 5s.)
03:19:31 [SACKS_CHANGE] §6[Sacks] §r§a+40§r§e items§r§e.§r§8 (Last 5s.)
03:19:41 [SACKS_CHANGE] §6[Sacks] §r§a+40§r§e items§r§e.§r§8 (Last 5s.)
03:20:03 [SACKS_CHANGE] §6[Sacks] §r§a+40§r§e items§r§e.§r§8 (Last 5s.)
03:20:17 [SACKS_CHANGE] §6[Sacks] §r§a+40§r§e items§r§e.§r§8 (Last 5s.)
03:20:28 [SACKS_CHANGE] §6[Sacks] §r§a+40§r§e items§r§e.§r§8 (Last 5s.)
03:20:39 [SACKS_CHANGE] §6[Sacks] §r§a+40§r§e items§r§e.§r§8 (Last 5s.)
03:20:51 [SACKS_CHANGE] §6[Sacks] §r§a+40§r§e items§r§e.§r§8 (Last 5s.)
03:21:05 [SACKS_CHANGE] §6[Sacks] §r§a+40§r§e items§r§e.§r§8 (Last 5s.)
03:21:21 [SACKS_CHANGE] §6[Sacks] §r§a+40§r§e items§r§e.§r§8 (Last 5s.)
03:21:41 [SACKS_CHANGE] §6[Sacks] §r§a+40§r§e items§r§e.§r§8 (Last 5s.)
03:21:52 [SACKS_CHANGE] §6[Sacks] §r§a+40§r§e items§r§e.§r§8 (Last 5s.)
03:21:57 [GUILD_EXP] §aYou earned §r§2523 GEXP §r§afrom playing SkyBlock!
03:22:04 [SACKS_CHANGE] §6[Sacks] §r§a+40§r§e items§r§e.§r§8 (Last 5s.)
03:22:17 [SACKS_CHANGE] §6[Sacks] §r§a+2§r§e items§r§e.§r§8 (Last 5s.)
03:22:27 [SACKS_CHANGE] §6[Sacks] §r§a+40§r§e items§r§e.§r§8 (Last 5s.)
03:22:38 [SACKS_CHANGE] §6[Sacks] §r§a+40§r§e items§r§e.§r§8 (Last 5s.)
03:22:51 [SACKS_CHANGE] §6[Sacks] §r§a+40§r§e items§r§e.§r§8 (Last 5s.)
03:23:07 [SACKS_CHANGE] §6[Sacks] §r§a+40§r§e items§r§e.§r§8 (Last 5s.)
03:23:50 [SACKS_CHANGE] §6[Sacks] §r§a+40§r§e items§r§e.§r§8 (Last 5s.)
03:24:03 [SACKS_CHANGE] §6[Sacks] §r§a+40§r§e items§r§e.§r§8 (Last 5s.)
03:24:18 [SACKS_CHANGE] §6[Sacks] §r§a+40§r§e items§r§e.§r§8 (Last 5s.)
03:24:33 [SACKS_CHANGE] §6[Sacks] §r§a+40§r§e items§r§e.§r§8 (Last 5s.)
03:24:44 [SACKS_CHANGE] §6[Sacks] §r§a+40§r§e items§r§e.§r§8 (Last 5s.)
03:24:55 [SACKS_CHANGE] §6[Sacks] §r§a+40§r§e items§r§e.§r§8 (Last 5s.)
03:25:07 [SACKS_CHANGE] §6[Sacks] §r§a+2§r§e items§r§e.§r§8 (Last 5s.)
03:25:17 [EMPTY] 
03:25:17 [EMPTY] 
03:25:17 [EMPTY] 
03:25:17 [EMPTY] 
03:26:39 [EMPTY] 
03:26:39 [EMPTY] 
03:26:39 [EMPTY] 
03:26:39 [EMPTY] 
03:26:39 [EMPTY] 
03:26:39 [EMPTY] 
03:26:39 [EMPTY] 
03:26:39 [EMPTY] 
03:26:39 [EMPTY] 
03:26:39 [EMPTY] 
03:26:39 [EMPTY] 
03:26:39 [EMPTY] 
03:26:39 [EMPTY] 
03:26:39 [EMPTY] 
03:26:41 [EMPTY]  
03:26:41 [EMPTY]  
03:26:41 [EMPTY]  
03:26:57 [GUILD_EXP] §aYou earned §r§2166 GEXP §r§afrom playing SkyBlock!
03:29:16 [SACKS_CHANGE] §6[Sacks] §r§a+2§r§e items§r§e.§r§8 (Last 5s.)
03:29:54 [SACKS_CHANGE] §6[Sacks] §r§a+21§r§e items§r§e.§r§8 (Last 5s.)
03:31:48 [SACKS_CHANGE] §6[Sacks] §r§a+438§r§e items§r§e, §r§c-845§r§e items§r§e.§r§8 (Last 12s.)
03:31:58 [GUILD_EXP] §aYou earned §r§2371 GEXP §r§afrom playing SkyBlock!
03:31:58 [SACKS_CHANGE] §6[Sacks] §r§c-8§r§e items§r§e.§r§8 (Last 6s.)
03:32:39 [SACKS_CHANGE] §6[Sacks] §r§a+4§r§e items§r§e.§r§8 (Last 6s.)
03:33:05 [SACKS_CHANGE] §6[Sacks] §r§a+2§r§e items§r§e.§r§8 (Last 5s.)
03:33:40 [SACKS_CHANGE] §6[Sacks] §r§a+48§r§e items§r§e.§r§8 (Last 21s.)
03:33:47 [SACKS_CHANGE] §6[Sacks] §r§a+6§r§e items§r§e.§r§8 (Last 6s.)
03:34:10 [SACKS_CHANGE] §6[Sacks] §r§a+32§r§e items§r§e.§r§8 (Last 13s.)
03:34:37 [SACKS_CHANGE] §6[Sacks] §r§a+62§r§e items§r§e.§r§8 (Last 21s.)
03:34:46 [SACKS_CHANGE] §6[Sacks] §r§a+8§r§e items§r§e.§r§8 (Last 6s.)
03:34:46 [EMPTY] 
03:34:46 [EMPTY] 
03:34:46 [EMPTY] 
03:34:46 [EMPTY] 
03:34:56 [SACKS_CHANGE] §6[Sacks] §r§a+16§r§e items§r§e.§r§8 (Last 8s.)
03:35:08 [SACKS_CHANGE] §6[Sacks] §r§a+26§r§e items§r§e.§r§8 (Last 9s.)
03:35:21 [SACKS_CHANGE] §6[Sacks] §r§a+40§r§e items§r§e.§r§8 (Last 12s.)
03:35:32 [SACKS_CHANGE] §6[Sacks] §r§a+2§r§e items§r§e.§r§8 (Last 5s.)
03:35:43 [SACKS_CHANGE] §6[Sacks] §r§a+24§r§e items§r§e.§r§8 (Last 6s.)
03:35:57 [SACKS_CHANGE] §6[Sacks] §r§a+8§r§e items§r§e.§r§8 (Last 7s.)
03:36:48 [EMPTY] §8 §r§8 §r§1 §r§3 §r§3 §r§7 §r§8 
03:36:52 [PROFILE_JOIN] §aYou are playing on profile: §eLemon§b (Co-op)
03:36:52 [PROFILE_JOIN] §8Profile ID: 62b760d8-92b6-4501-ada0-1fd8583f5266
03:37:32 [SACKS_CHANGE] §6[Sacks] §r§a+48§r§e items§r§e.§r§8 (Last 9s.)
03:39:15 [SACKS_CHANGE] §6[Sacks] §r§a+24§r§e items§r§e.§r§8 (Last 7s.)
03:39:51 [GUILD_EXP] §aYou earned §r§2188 GEXP §r§afrom playing SkyBlock!
03:40:09 [SACKS_CHANGE] §6[Sacks] §r§a+40§r§e items§r§e.§r§8 (Last 10s.)
03:40:45 [SACKS_CHANGE] §6[Sacks] §r§a+72§r§e items§r§e.§r§8 (Last 18s.)
03:41:03 [SACKS_CHANGE] §6[Sacks] §r§a+40§r§e items§r§e.§r§8 (Last 16s.)
03:41:32 [SACKS_CHANGE] §6[Sacks] §r§a+8§r§e items§r§e, §r§c-575§r§e items§r§e.§r§8 (Last 10s.)
03:41:39 [SACKS_CHANGE] §6[Sacks] §r§a+98§r§e items§r§e.§r§8 (Last 5s.)
03:41:50 [SACKS_CHANGE] §6[Sacks] §r§a+40§r§e items§r§e.§r§8 (Last 9s.)
03:42:03 [SACKS_CHANGE] §6[Sacks] §r§a+48§r§e items§r§e.§r§8 (Last 12s.)
03:42:11 [SACKS_CHANGE] §6[Sacks] §r§a+8§r§e items§r§e.§r§8 (Last 5s.)
03:42:25 [SACKS_CHANGE] §6[Sacks] §r§a+44§r§e items§r§e.§r§8 (Last 13s.)
03:42:44 [SACKS_CHANGE] §6[Sacks] §r§a+48§r§e items§r§e.§r§8 (Last 13s.)
03:42:52 [SACKS_CHANGE] §6[Sacks] §r§a+32§r§e items§r§e.§r§8 (Last 7s.)
03:43:04 [SACKS_CHANGE] §6[Sacks] §r§a+32§r§e items§r§e.§r§8 (Last 10s.)
03:43:11 [EMPTY] §8 §r§8 §r§1 §r§3 §r§3 §r§7 §r§8 
03:43:15 [PROFILE_JOIN] §aYou are playing on profile: §eLemon§b (Co-op)
03:43:15 [PROFILE_JOIN] §8Profile ID: 62b760d8-92b6-4501-ada0-1fd8583f5266
03:44:11 [EMPTY] §8 §r§8 §r§1 §r§3 §r§3 §r§7 §r§8 
03:44:15 [PROFILE_JOIN] §aYou are playing on profile: §eLemon§b (Co-op)
03:44:15 [PROFILE_JOIN] §8Profile ID: 62b760d8-92b6-4501-ada0-1fd8583f5266
03:45:49 [EMPTY]  
03:45:49 [BESTIARY] §f                                  §6§lBESTIARY
03:45:49 [BESTIARY] §f                             §b§lStridersurfer §7§b1
03:45:49 [BESTIARY] 
03:45:49 [BESTIARY]                                   §r§6§lREWARDS
03:45:49 [BESTIARY]                      §r§8+§r§a2 Stridersurfer §r§b✯ Magic Find
03:45:49 [BESTIARY]                       §r§8+§r§a2 Stridersurfer §r§c❁ Strength
03:45:49 [BESTIARY]                          §r§8+§r§62% §r§aStridersurfer §r§7coins
03:45:49 [BESTIARY]                     §r§8+§r§a50% §r§7chance for extra XP orbs
03:45:49 [BESTIARY]                                §r§8+§r§b1 SkyBlock XP
03:45:49 [BESTIARY] 
03:45:49 [BESTIARY] §3§l▬▬▬▬▬▬▬▬▬▬▬▬▬▬▬▬▬▬▬▬▬▬▬▬▬▬▬▬▬▬▬▬▬▬▬▬▬▬▬▬▬▬▬▬▬▬▬▬▬▬▬▬▬▬▬▬▬▬▬▬▬▬▬▬
03:47:27 [EMPTY]  
03:47:27 [BESTIARY] §f                                  §6§lBESTIARY
03:47:27 [BESTIARY] §f                          §b§lStridersurfer §7§81 §8➡§b §b2
03:47:27 [BESTIARY] 
03:47:27 [BESTIARY]                                   §r§6§lREWARDS
03:47:27 [BESTIARY]                      §r§8+§r§a2 Stridersurfer §r§b✯ Magic Find
03:47:27 [BESTIARY]                       §r§8+§r§a2 Stridersurfer §r§c❁ Strength
03:47:27 [BESTIARY]                          §r§8+§r§62% §r§aStridersurfer §r§7coins
03:47:27 [BESTIARY]                     §r§8+§r§a50% §r§7chance for extra XP orbs
03:47:27 [BESTIARY]                                §r§8+§r§b1 SkyBlock XP
03:47:27 [BESTIARY] 
03:47:27 [BESTIARY] §3§l▬▬▬▬▬▬▬▬▬▬▬▬▬▬▬▬▬▬▬▬▬▬▬▬▬▬▬▬▬▬▬▬▬▬▬▬▬▬▬▬▬▬▬▬▬▬▬▬▬▬▬▬▬▬▬▬▬▬▬▬▬▬▬▬
03:47:28 [EMPTY] 
03:47:28 [EMPTY] 
03:47:28 [EMPTY] 
03:47:28 [EMPTY] 
03:47:49 [GUILD_EXP] §aYou earned §r§2330 GEXP §r§afrom playing SkyBlock!
03:49:12 [EMPTY]  
03:49:12 [BESTIARY] §f                                  §6§lBESTIARY
03:49:12 [BESTIARY] §f                          §b§lStridersurfer §7§82 §8➡§b §b3
03:49:12 [BESTIARY] 
03:49:12 [BESTIARY]                                   §r§6§lREWARDS
03:49:12 [BESTIARY]                      §r§8+§r§a2 Stridersurfer §r§b✯ Magic Find
03:49:12 [BESTIARY]                       §r§8+§r§a2 Stridersurfer §r§c❁ Strength
03:49:12 [BESTIARY]                          §r§8+§r§62% §r§aStridersurfer §r§7coins
03:49:12 [BESTIARY]                     §r§8+§r§a50% §r§7chance for extra XP orbs
03:49:12 [BESTIARY]                                §r§8+§r§b1 SkyBlock XP
03:49:12 [BESTIARY] 
03:49:12 [BESTIARY] §3§l▬▬▬▬▬▬▬▬▬▬▬▬▬▬▬▬▬▬▬▬▬▬▬▬▬▬▬▬▬▬▬▬▬▬▬▬▬▬▬▬▬▬▬▬▬▬▬▬▬▬▬▬▬▬▬▬▬▬▬▬▬▬▬▬
03:51:38 [EMPTY] §8 §r§8 §r§1 §r§3 §r§3 §r§7 §r§8 
03:51:41 [PROFILE_JOIN] §aYou are playing on profile: §eLemon§b (Co-op)
03:51:41 [PROFILE_JOIN] §8Profile ID: 62b760d8-92b6-4501-ada0-1fd8583f5266
03:51:54 [EMPTY] §8 §r§8 §r§1 §r§3 §r§3 §r§7 §r§8 
03:51:57 [PROFILE_JOIN] §aYou are playing on profile: §eLemon§b (Co-op)
03:51:57 [PROFILE_JOIN] §8Profile ID: 62b760d8-92b6-4501-ada0-1fd8583f5266
03:52:00 [EMPTY] §8 §r§8 §r§1 §r§3 §r§3 §r§7 §r§8 
03:52:03 [PROFILE_JOIN] §aYou are playing on profile: §eLemon§b (Co-op)
03:52:03 [PROFILE_JOIN] §8Profile ID: 62b760d8-92b6-4501-ada0-1fd8583f5266
03:53:01 [EMPTY] §8 §r§8 §r§1 §r§3 §r§3 §r§7 §r§8 
03:53:04 [PROFILE_JOIN] §aYou are playing on profile: §eLemon§b (Co-op)
03:53:04 [PROFILE_JOIN] §8Profile ID: 62b760d8-92b6-4501-ada0-1fd8583f5266
03:53:59 [SACKS_CHANGE] §6[Sacks] §r§a+18§r§e items§r§e.§r§8 (Last 12s.)
03:55:44 [EMPTY] §8 §r§8 §r§1 §r§3 §r§3 §r§7 §r§8 
03:55:47 [PROFILE_JOIN] §aYou are playing on profile: §eLemon§b (Co-op)
03:55:47 [PROFILE_JOIN] §8Profile ID: 62b760d8-92b6-4501-ada0-1fd8583f5266
03:56:59 [EMPTY] §8 §r§8 §r§1 §r§3 §r§3 §r§7 §r§8 
03:57:03 [PROFILE_JOIN] §aYou are playing on profile: §eLemon§b (Co-op)
03:57:03 [PROFILE_JOIN] §8Profile ID: 62b760d8-92b6-4501-ada0-1fd8583f5266
03:57:32 [EMPTY] §8 §r§8 §r§1 §r§3 §r§3 §r§7 §r§8 
03:57:36 [PROFILE_JOIN] §aYou are playing on profile: §eLemon§b (Co-op)
03:57:36 [PROFILE_JOIN] §8Profile ID: 62b760d8-92b6-4501-ada0-1fd8583f5266
03:58:00 [EMPTY] 
03:58:03 [GUILD_EXP] §aYou earned §r§2211 GEXP §r§afrom playing SkyBlock!
03:59:46 [EMPTY] 
03:59:46 [EMPTY] 
03:59:46 [EMPTY] 
03:59:46 [EMPTY] 
04:00:13 [EMPTY] 
04:00:13 [EMPTY] 
04:03:11 [GUILD_EXP] §aYou earned §r§2548 GEXP §r§afrom playing SkyBlock!
04:03:16 [EMPTY] 
04:03:16 [EMPTY] 
04:03:45 [SACKS_CHANGE] §6[Sacks] §r§a+4§r§e items§r§e.§r§8 (Last 7s.)
