12:05:16 Removed old visitor: '§9Old Man Garry'
12:05:16 Removed old visitor: '§9Iron Forger'
12:05:16 Removed old visitor: '§aArthur'
12:05:16 Removed old visitor: '§aFriendly Hiker'
12:05:16 Removed old visitor: '§9Tammy'
12:05:28 Removed old visitor: '§9Old Man Garry'
12:05:28 Removed old visitor: '§9Iron Forger'
12:05:28 Removed old visitor: '§aArthur'
12:05:28 Removed old visitor: '§aFriendly Hiker'
12:05:28 Removed old visitor: '§9Tammy'
12:27:34 Removed old visitor: '§9Iron Forger'
12:27:34 Removed old visitor: '§aArthur'
12:27:34 Removed old visitor: '§aFriendly Hiker'
12:27:34 Removed old visitor: '§9Tammy'
12:35:05 Removed old visitor: '§9Old Man Garry'
12:35:05 Removed old visitor: '§9Iron Forger'
12:35:05 Removed old visitor: '§aArthur'
12:35:05 Removed old visitor: '§aFriendly Hiker'
12:35:05 Removed old visitor: '§9Tammy'
12:44:49 Removed old visitor: '§9Tammy'
