14:25:24 §f                                  §6§lBESTIARY
14:25:24 §f                                 §b§lBal §7§89 §8➡§b §b10
14:25:24 
14:25:24                                   §r§6§lREWARDS
14:25:24                             §r§8+§r§a3 §r§c§lBal §r§b✯ Magic Find
14:25:24                             §r§8+§r§a3 §r§c§lBal §r§c❁ Strength
14:25:24                                 §r§8+§r§62% §r§a§r§c§lBal §r§7coins
14:25:24                     §r§8+§r§a50% §r§7chance for extra XP orbs
14:25:24                                §r§8+§r§b1 SkyBlock XP
14:25:24 
14:25:24 §3§l▬▬▬▬▬▬▬▬▬▬▬▬▬▬▬▬▬▬▬▬▬▬▬▬▬▬▬▬▬▬▬▬▬▬▬▬▬▬▬▬▬▬▬▬▬▬▬▬▬▬▬▬▬▬▬▬▬▬▬▬▬▬▬▬
14:27:07 §f                                  §6§lBESTIARY
14:27:07 §f                                §b§lGrunt §7§86 §8➡§b §b7
14:27:07 
14:27:07                                   §r§6§lREWARDS
14:27:07                           §r§8+§r§a3 Grunt §r§b✯ Magic Find
14:27:07                            §r§8+§r§a3 Grunt §r§c❁ Strength
14:27:07                               §r§8+§r§62% §r§aGrunt §r§7coins
14:27:07                     §r§8+§r§a50% §r§7chance for extra XP orbs
14:27:07                                §r§8+§r§b1 SkyBlock XP
14:27:07 
14:27:07 §3§l▬▬▬▬▬▬▬▬▬▬▬▬▬▬▬▬▬▬▬▬▬▬▬▬▬▬▬▬▬▬▬▬▬▬▬▬▬▬▬▬▬▬▬▬▬▬▬▬▬▬▬▬▬▬▬▬▬▬▬▬▬▬▬▬
15:03:34 §f                                  §6§lBESTIARY
15:03:34 §f                                §b§lThyst §7§85 §8➡§b §b6
15:03:34 
15:03:34                                   §r§6§lREWARDS
15:03:34                           §r§8+§r§a3 Thyst §r§b✯ Magic Find
15:03:34                            §r§8+§r§a3 Thyst §r§c❁ Strength
15:03:34                               §r§8+§r§62% §r§aThyst §r§7coins
15:03:34                     §r§8+§r§a50% §r§7chance for extra XP orbs
15:03:34                                §r§8+§r§b1 SkyBlock XP
15:03:34 
15:03:34 §3§l▬▬▬▬▬▬▬▬▬▬▬▬▬▬▬▬▬▬▬▬▬▬▬▬▬▬▬▬▬▬▬▬▬▬▬▬▬▬▬▬▬▬▬▬▬▬▬▬▬▬▬▬▬▬▬▬▬▬▬▬▬▬▬▬
15:16:45 §f                                  §6§lBESTIARY
15:16:45 §f                             §b§lButterfly §7§83 §8➡§b §b4
15:16:45 
15:16:45                                   §r§6§lREWARDS
15:16:45                         §r§8+§r§a2 §r§eButterfly §r§b✯ Magic Find
15:16:45                          §r§8+§r§a2 §r§eButterfly §r§c❁ Strength
15:16:45                             §r§8+§r§62% §r§a§r§eButterfly §r§7coins
15:16:45                     §r§8+§r§a50% §r§7chance for extra XP orbs
15:16:45                                §r§8+§r§b1 SkyBlock XP
15:16:45 
15:16:45 §3§l▬▬▬▬▬▬▬▬▬▬▬▬▬▬▬▬▬▬▬▬▬▬▬▬▬▬▬▬▬▬▬▬▬▬▬▬▬▬▬▬▬▬▬▬▬▬▬▬▬▬▬▬▬▬▬▬▬▬▬▬▬▬▬▬
15:25:35 §f                                  §6§lBESTIARY
15:25:35 §f                               §b§lSludge §7§88 §8➡§b §b9
15:25:35 
15:25:35                                   §r§6§lREWARDS
15:25:35                           §r§8+§r§a3 Sludge §r§b✯ Magic Find
15:25:35                            §r§8+§r§a3 Sludge §r§c❁ Strength
15:25:35                               §r§8+§r§62% §r§aSludge §r§7coins
15:25:35                     §r§8+§r§a50% §r§7chance for extra XP orbs
15:25:35                                §r§8+§r§b1 SkyBlock XP
15:25:35 
15:25:35 §3§l▬▬▬▬▬▬▬▬▬▬▬▬▬▬▬▬▬▬▬▬▬▬▬▬▬▬▬▬▬▬▬▬▬▬▬▬▬▬▬▬▬▬▬▬▬▬▬▬▬▬▬▬▬▬▬▬▬▬▬▬▬▬▬▬
15:34:04 §f                                  §6§lBESTIARY
15:34:04 §f                            §b§lEnderman §7§818 §8➡§b §b19
15:34:04 
15:34:04                                   §r§6§lREWARDS
15:34:04                         §r§8+§r§a5 Enderman §r§b✯ Magic Find
15:34:04                          §r§8+§r§a5 Enderman §r§c❁ Strength
15:34:04                             §r§8+§r§62% §r§aEnderman §r§7coins
15:34:04                     §r§8+§r§a50% §r§7chance for extra XP orbs
15:34:04                                §r§8+§r§b1 SkyBlock XP
15:34:04 
15:34:04 §3§l▬▬▬▬▬▬▬▬▬▬▬▬▬▬▬▬▬▬▬▬▬▬▬▬▬▬▬▬▬▬▬▬▬▬▬▬▬▬▬▬▬▬▬▬▬▬▬▬▬▬▬▬▬▬▬▬▬▬▬▬▬▬▬▬
15:38:15 §f                                  §6§lBESTIARY
15:38:15 §f                           §b§lEndermite §7§816 §8➡§b §b17
15:38:15 
15:38:15                                   §r§6§lREWARDS
15:38:15                         §r§8+§r§a5 Endermite §r§b✯ Magic Find
15:38:15                          §r§8+§r§a5 Endermite §r§c❁ Strength
15:38:15                             §r§8+§r§62% §r§aEndermite §r§7coins
15:38:15                     §r§8+§r§a50% §r§7chance for extra XP orbs
15:38:15                                §r§8+§r§b1 SkyBlock XP
15:38:15 
15:38:15 §3§l▬▬▬▬▬▬▬▬▬▬▬▬▬▬▬▬▬▬▬▬▬▬▬▬▬▬▬▬▬▬▬▬▬▬▬▬▬▬▬▬▬▬▬▬▬▬▬▬▬▬▬▬▬▬▬▬▬▬▬▬▬▬▬▬
15:49:39 §f                                  §6§lBESTIARY
15:49:39 §f                        §b§lGoblin Raiders §7§810 §8➡§b §b11
15:49:39 
15:49:39                                   §r§6§lREWARDS
15:49:39                      §r§8+§r§a4 Goblin Raiders §r§b✯ Magic Find
15:49:39                       §r§8+§r§a4 Goblin Raiders §r§c❁ Strength
15:49:39                          §r§8+§r§62% §r§aGoblin Raiders §r§7coins
15:49:39                     §r§8+§r§a50% §r§7chance for extra XP orbs
15:49:39                                §r§8+§r§b1 SkyBlock XP
15:49:39 
15:49:39   §r§f                         §6§lBESTIARY MILESTONE
15:49:39   §r§f                                    §879➡§e80
15:49:39 §6§lBESTIARY MILESTONE §879➡§e80
15:49:39 §6§lBESTIARY MILESTONE §879➡§e80
15:49:39 §6§lBESTIARY MILESTONE §879➡§e80
15:49:39 §6§lBESTIARY MILESTONE §879➡§e80
15:49:39 
