14:11:12 §f §r§r§r§f §r§r§r§1 §r§r§r§0 §r§r§r§2 §r§r§r§f §r§r§r§f §r§r§r§2 §r§r§r§0 §r§r§r§4 §r§r§r§3 §r§r§r§9 §r§r§r§2 §r§r§r§0 §r§r§r§0 §r§r§r§3 §r§r§r§9 §r§r§r§2 §r§r§r§0 §r§r§r§0 §r§r§r§3 §r§r§r§9 §r§r§r§2 §r§r§r§0 §r§r§r§0 
14:11:18 §8 §r§8 §r§1 §r§3 §r§3 §r§7 §r§8 
14:11:19  
14:11:19   
14:11:20 
14:11:21 
14:12:24                                         
14:12:33 §8 §r§8 §r§1 §r§3 §r§3 §r§7 §r§8 
14:12:33  
14:12:33   
14:12:45  
14:12:45  
14:12:45  
14:20:01 
14:20:25 
14:22:26 
14:24:16                                         
14:25:24  
14:27:07  
14:34:46 
14:41:51 §8 §r§8 §r§1 §r§3 §r§3 §r§7 §r§8 
14:41:54 §8 §r§8 §r§1 §r§3 §r§3 §r§7 §r§8 
14:42:08 §8 §r§8 §r§1 §r§3 §r§3 §r§7 §r§8 
14:43:04 §8 §r§8 §r§1 §r§3 §r§3 §r§7 §r§8 
14:43:07 §8 §r§8 §r§1 §r§3 §r§3 §r§7 §r§8 
14:47:06                                         
14:47:20 §8 §r§8 §r§1 §r§3 §r§3 §r§7 §r§8 
14:49:16 §8 §r§8 §r§1 §r§3 §r§3 §r§7 §r§8 
14:49:20 §8 §r§8 §r§1 §r§3 §r§3 §r§7 §r§8 
14:50:29 §8 §r§8 §r§1 §r§3 §r§3 §r§7 §r§8 
14:52:26 §8 §r§8 §r§1 §r§3 §r§3 §r§7 §r§8 
14:52:29 §8 §r§8 §r§1 §r§3 §r§3 §r§7 §r§8 
14:55:45 §8 §r§8 §r§1 §r§3 §r§3 §r§7 §r§8 
14:56:50 §8 §r§8 §r§1 §r§3 §r§3 §r§7 §r§8 
14:57:10 §8 §r§8 §r§1 §r§3 §r§3 §r§7 §r§8 
14:57:16 §8 §r§8 §r§1 §r§3 §r§3 §r§7 §r§8 
14:57:52 §8 §r§8 §r§1 §r§3 §r§3 §r§7 §r§8 
14:58:13 §8 §r§8 §r§1 §r§3 §r§3 §r§7 §r§8 
14:59:57 
15:00:46 
15:01:37 
15:01:37 §c
15:03:34  
15:03:47 
15:03:59 
15:06:42 
15:07:28  
15:07:28   
15:07:45 
15:07:55 
15:08:15 
15:08:30  
15:08:30   
15:13:28 
15:14:32 
15:15:06                                         
15:16:45  
15:16:52 
15:21:54 §8 §r§8 §r§1 §r§3 §r§3 §r§7 §r§8 
15:22:02 §8 §r§8 §r§1 §r§3 §r§3 §r§7 §r§8 
15:22:13 §8 §r§8 §r§1 §r§3 §r§3 §r§7 §r§8 
15:22:21 §8 §r§8 §r§1 §r§3 §r§3 §r§7 §r§8 
15:22:26 §8 §r§8 §r§1 §r§3 §r§3 §r§7 §r§8 
15:22:35 
15:24:01 
15:24:12                                         
15:25:29 
15:25:35  
15:28:34 
15:30:39 §8 §r§8 §r§1 §r§3 §r§3 §r§7 §r§8 
15:32:23 §8 §r§8 §r§1 §r§3 §r§3 §r§7 §r§8 
15:32:38 §8 §r§8 §r§1 §r§3 §r§3 §r§7 §r§8 
15:32:59 §8 §r§8 §r§1 §r§3 §r§3 §r§7 §r§8 
15:34:04  
15:38:15  
15:47:51 §8 §r§8 §r§1 §r§3 §r§3 §r§7 §r§8 
15:47:59 §8 §r§8 §r§1 §r§3 §r§3 §r§7 §r§8 
15:49:23                                         
15:49:23                                         
15:49:39  
15:54:19 
15:54:19 
16:05:51 §8 §r§8 §r§1 §r§3 §r§3 §r§7 §r§8 
16:05:52  
16:05:52   
16:06:08 §8 §r§8 §r§1 §r§3 §r§3 §r§7 §r§8 
16:06:08  
16:06:08   
16:06:13  
16:06:13  
16:06:13  
16:08:04 §8 §r§8 §r§1 §r§3 §r§3 §r§7 §r§8 
16:08:37 §8 §r§8 §r§1 §r§3 §r§3 §r§7 §r§8 
16:09:58 §8 §r§8 §r§1 §r§3 §r§3 §r§7 §r§8 
16:10:26 §8 §r§8 §r§1 §r§3 §r§3 §r§7 §r§8 
16:10:48 §8 §r§8 §r§1 §r§3 §r§3 §r§7 §r§8 
16:16:26  
16:16:26  
16:16:26  
16:22:33 §8 §r§8 §r§1 §r§3 §r§3 §r§7 §r§8 
16:24:19 §8 §r§8 §r§1 §r§3 §r§3 §r§7 §r§8 
16:24:23 §8 §r§8 §r§1 §r§3 §r§3 §r§7 §r§8 
17:01:37 
17:01:37 §c
17:20:23 §8 §r§8 §r§1 §r§3 §r§3 §r§7 §r§8 
17:20:31 §8 §r§8 §r§1 §r§3 §r§3 §r§7 §r§8 
17:20:35 §8 §r§8 §r§1 §r§3 §r§3 §r§7 §r§8 
17:20:56 §8 §r§8 §r§1 §r§3 §r§3 §r§7 §r§8 
17:21:01 §8 §r§8 §r§1 §r§3 §r§3 §r§7 §r§8 
17:25:52 §8 §r§8 §r§1 §r§3 §r§3 §r§7 §r§8 
17:26:17 §8 §r§8 §r§1 §r§3 §r§3 §r§7 §r§8 
17:26:30 §8 §r§8 §r§1 §r§3 §r§3 §r§7 §r§8 
17:28:41 
17:28:45 
17:31:11 
17:31:22 
17:31:55 
17:35:29 
17:35:52 
17:36:04 
17:36:58 
17:40:06 
17:42:19 
17:42:29 
17:42:45 
17:44:08                                         
17:45:46 
17:51:58 
17:55:23  
17:55:23   
17:56:24  
17:56:24   
17:57:24  
17:57:24   
17:58:24  
17:58:24   
17:59:25  
17:59:25   
18:00:09 
18:00:26  
18:00:26   
18:01:27  
18:01:27   
18:02:20 
18:02:28  
18:02:28   
18:03:29  
18:03:29   
18:04:01 
18:04:10                                         
18:04:30  
18:04:30   
18:05:18 
18:05:31  
18:05:31   
18:06:32  
18:06:32   
18:07:00 
18:07:31 
18:07:33  
18:07:33   
18:07:42 
18:08:34  
18:08:34   
18:09:34  
18:09:34   
18:10:13 
18:10:35  
18:10:35   
18:11:11 
18:11:24 
18:11:36  
18:11:36   
18:11:42 
18:12:37  
18:12:37   
18:13:38  
18:13:38   
18:14:32 
18:14:39  
18:14:39   
18:15:40  
18:15:40   
18:16:41  
18:16:41   
18:17:21 
18:17:42  
18:17:42   
18:17:48 
18:18:43  
18:18:43   
18:19:44  
18:19:44   
18:19:53 
18:20:18 
18:20:45  
18:20:45   
18:21:46  
18:21:46   
18:22:27 
18:22:47  
18:22:47   
18:23:47  
18:23:47   
18:24:04                                         
18:24:48  
18:24:48   
18:25:50  
18:25:50   
18:26:51  
18:26:51   
18:27:52  
18:27:52   
18:28:26 
18:28:37 
18:28:53  
18:28:53   
18:28:56 
18:29:06 
18:29:36 
18:29:54  
18:29:54   
18:30:34 
18:30:46 
18:30:55  
18:30:55   
18:31:56  
18:31:56   
18:32:23 §8 §r§8 §r§1 §r§3 §r§3 §r§7 §r§8 
18:32:28  
18:32:28   
18:33:28  
18:33:28   
18:42:11 §8 §r§8 §r§1 §r§3 §r§3 §r§7 §r§8 
18:43:18 §8 §r§8 §r§1 §r§3 §r§3 §r§7 §r§8 
18:45:46 §8 §r§8 §r§1 §r§3 §r§3 §r§7 §r§8 
18:55:49 §8 §r§8 §r§1 §r§3 §r§3 §r§7 §r§8 
18:59:11 §8 §r§8 §r§1 §r§3 §r§3 §r§7 §r§8 
18:59:23 §f §r§r§r§f §r§r§r§1 §r§r§r§0 §r§r§r§2 §r§r§r§f §r§r§r§f §r§r§r§2 §r§r§r§0 §r§r§r§4 §r§r§r§3 §r§r§r§9 §r§r§r§2 §r§r§r§0 §r§r§r§0 §r§r§r§3 §r§r§r§9 §r§r§r§2 §r§r§r§0 §r§r§r§0 §r§r§r§3 §r§r§r§9 §r§r§r§2 §r§r§r§0 §r§r§r§0 
18:59:42 §8 §r§8 §r§1 §r§3 §r§3 §r§7 §r§8 
18:59:44 
18:59:44 
18:59:50 §8 §r§8 §r§1 §r§3 §r§3 §r§7 §r§8 
19:01:38 
19:01:38 §c
19:15:46 §8 §r§8 §r§1 §r§3 §r§3 §r§7 §r§8 
19:17:45 §8 §r§8 §r§1 §r§3 §r§3 §r§7 §r§8 
19:18:54 §8 §r§8 §r§1 §r§3 §r§3 §r§7 §r§8 
19:21:58 §8 §r§8 §r§1 §r§3 §r§3 §r§7 §r§8 
19:23:14 §8 §r§8 §r§1 §r§3 §r§3 §r§7 §r§8 
19:23:40 §8 §r§8 §r§1 §r§3 §r§3 §r§7 §r§8 
19:25:52 
19:26:48                                         
19:31:54 
19:32:07 
19:33:56 
19:36:58 §8 §r§8 §r§1 §r§3 §r§3 §r§7 §r§8 
19:37:43 §8 §r§8 §r§1 §r§3 §r§3 §r§7 §r§8 
