14:17:51 §6[Sacks] §r§a+23§r§e items§r§e.§r§8 (Last 5s.)
14:18:08 §6[Sacks] §r§a+68§r§e items§r§e.§r§8 (Last 15s.)
14:18:28 §6[Sacks] §r§a+76§r§e items§r§e.§r§8 (Last 12s.)
14:18:43 §6[Sacks] §r§a+34§r§e items§r§e.§r§8 (Last 6s.)
14:18:58 §6[Sacks] §r§a+22§r§e items§r§e.§r§8 (Last 5s.)
14:19:17 §6[Sacks] §r§a+164§r§e items§r§e.§r§8 (Last 15s.)
14:19:53 §6[Sacks] §r§a+2,596§r§e items§r§e.§r§8 (Last 30s.)
14:20:01 §6[Sacks] §r§a+57§r§e items§r§e.§r§8 (Last 5s.)
14:20:09 §6[Sacks] §r§a+46§r§e items§r§e.§r§8 (Last 5s.)
14:20:24 §6[Sacks] §r§a+104§r§e items§r§e.§r§8 (Last 10s.)
14:20:30 §6[Sacks] §r§a+56§r§e items§r§e.§r§8 (Last 5s.)
14:21:04 §6[Sacks] §r§a+2,425§r§e items§r§e.§r§8 (Last 30s.)
14:21:21 §6[Sacks] §r§a+59§r§e items§r§e.§r§8 (Last 12s.)
14:22:08 §6[Sacks] §r§a+131§r§e items§r§e.§r§8 (Last 20s.)
14:22:26 §6[Sacks] §r§a+77§r§e items§r§e.§r§8 (Last 17s.)
14:22:48 §6[Sacks] §r§a+46§r§e items§r§e.§r§8 (Last 5s.)
14:23:03 §6[Sacks] §r§a+28§r§e items§r§e.§r§8 (Last 7s.)
14:23:12 §6[Sacks] §r§a+38§r§e items§r§e.§r§8 (Last 7s.)
14:23:51 §6[Sacks] §r§a+15§r§e items§r§e.§r§8 (Last 5s.)
14:24:09 §6[Sacks] §r§a+150§r§e items§r§e.§r§8 (Last 15s.)
14:24:31 §6[Sacks] §r§a+155§r§e items§r§e.§r§8 (Last 20s.)
14:24:58 §6[Sacks] §r§a+337§r§e items§r§e.§r§8 (Last 26s.)
14:25:30 §6[Sacks] §r§a+304§r§e items§r§e.§r§8 (Last 28s.)
14:25:45 §6[Sacks] §r§a+123§r§e items§r§e.§r§8 (Last 13s.)
14:26:00 §6[Sacks] §r§a+15§r§e items§r§e.§r§8 (Last 5s.)
14:26:11 §6[Sacks] §r§a+38§r§e items§r§e.§r§8 (Last 10s.)
14:26:18 §6[Sacks] §r§a+23§r§e items§r§e.§r§8 (Last 5s.)
14:26:37 §6[Sacks] §r§a+137§r§e items§r§e.§r§8 (Last 17s.)
14:26:56 §6[Sacks] §r§a+118§r§e items§r§e.§r§8 (Last 17s.)
14:27:21 §6[Sacks] §r§a+222§r§e items§r§e.§r§8 (Last 19s.)
14:27:34 §6[Sacks] §r§a+23§r§e items§r§e.§r§8 (Last 5s.)
14:27:51 §6[Sacks] §r§a+129§r§e items§r§e.§r§8 (Last 10s.)
14:28:14 §6[Sacks] §r§a+15§r§e items§r§e.§r§8 (Last 5s.)
14:28:40 §6[Sacks] §r§a+189§r§e items§r§e.§r§8 (Last 20s.)
14:28:56 §6[Sacks] §r§a+160§r§e items§r§e.§r§8 (Last 14s.)
14:29:02 §6[Sacks] §r§a+15§r§e items§r§e.§r§8 (Last 5s.)
14:29:55 §6[Sacks] §r§a+53§r§e items§r§e.§r§8 (Last 6s.)
14:30:06 §6[Sacks] §r§a+65§r§e items§r§e.§r§8 (Last 9s.)
14:30:12 §6[Sacks] §r§a+23§r§e items§r§e.§r§8 (Last 5s.)
14:30:35 §6[Sacks] §r§a+216§r§e items§r§e.§r§8 (Last 19s.)
14:31:41 §6[Sacks] §r§a+38§r§e items§r§e.§r§8 (Last 9s.)
14:31:55 §6[Sacks] §r§a+53§r§e items§r§e.§r§8 (Last 5s.)
14:32:18 §6[Sacks] §r§a+30§r§e items§r§e.§r§8 (Last 5s.)
14:32:34 §6[Sacks] §r§a+143§r§e items§r§e.§r§8 (Last 14s.)
14:33:19 §6[Sacks] §r§a+61§r§e items§r§e.§r§8 (Last 10s.)
14:33:25 §6[Sacks] §r§a+46§r§e items§r§e.§r§8 (Last 5s.)
14:33:45 §6[Sacks] §r§a+38§r§e items§r§e.§r§8 (Last 5s.)
14:34:10 §6[Sacks] §r§a+164§r§e items§r§e.§r§8 (Last 22s.)
14:34:27 §6[Sacks] §r§a+50§r§e items§r§e.§r§8 (Last 7s.)
14:34:56 §6[Sacks] §r§a+187§r§e items§r§e.§r§8 (Last 18s.)
14:35:07 §6[Sacks] §r§a+74§r§e items§r§e.§r§8 (Last 8s.)
14:35:22 §6[Sacks] §r§a+91§r§e items§r§e.§r§8 (Last 13s.)
14:35:33 §6[Sacks] §r§a+30§r§e items§r§e.§r§8 (Last 7s.)
14:36:14 §6[Sacks] §r§a+68§r§e items§r§e.§r§8 (Last 10s.)
14:36:22 §6[Sacks] §r§a+27§r§e items§r§e.§r§8 (Last 5s.)
14:36:30 §6[Sacks] §r§a+68§r§e items§r§e.§r§8 (Last 7s.)
14:36:40 §6[Sacks] §r§a+30§r§e items§r§e.§r§8 (Last 5s.)
14:36:50 §6[Sacks] §r§a+50§r§e items§r§e.§r§8 (Last 9s.)
14:37:02 §6[Sacks] §r§a+46§r§e items§r§e.§r§8 (Last 8s.)
14:37:19 §6[Sacks] §r§a+122§r§e items§r§e.§r§8 (Last 10s.)
14:37:27 §6[Sacks] §r§a+23§r§e items§r§e.§r§8 (Last 5s.)
14:37:46 §6[Sacks] §r§a+73§r§e items§r§e.§r§8 (Last 9s.)
14:37:58 §6[Sacks] §r§a+38§r§e items§r§e.§r§8 (Last 8s.)
14:38:44 §6[Sacks] §r§a+191§r§e items§r§e.§r§8 (Last 29s.)
14:39:06 §6[Sacks] §r§a+52§r§e items§r§e.§r§8 (Last 10s.)
14:39:36 §6[Sacks] §r§a+88§r§e items§r§e.§r§8 (Last 5s.)
14:39:42 §6[Sacks] §r§a+23§r§e items§r§e.§r§8 (Last 5s.)
14:40:27 §6[Sacks] §r§a+236§r§e items§r§e.§r§8 (Last 23s.)
14:40:40 §6[Sacks] §r§a+87§r§e items§r§e.§r§8 (Last 8s.)
14:40:49 §6[Sacks] §r§a+19§r§e items§r§e.§r§8 (Last 5s.)
14:43:56 §6[Sacks] §r§a+2,334§r§e items§r§e, §r§c-3,230§r§e items§r§e.§r§8 (Last 15s.)
14:44:11 §6[Sacks] §r§a+289§r§e items§r§e, §r§c-960§r§e items§r§e.§r§8 (Last 10s.)
14:44:25 §6[Sacks] §r§a+11§r§e items§r§e, §r§c-545§r§e items§r§e.§r§8 (Last 10s.)
14:44:46 §6[Sacks] §r§a+151§r§e items§r§e.§r§8 (Last 5s.)
14:44:55 §6[Sacks] §r§c-511§r§e items§r§e.§r§8 (Last 5s.)
14:45:05 §6[Sacks] §r§a+3§r§e items§r§e.§r§8 (Last 5s.)
14:45:24 §6[Sacks] §r§a+112§r§e items§r§e, §r§c-1,024§r§e items§r§e.§r§8 (Last 7s.)
14:45:43 §6[Sacks] §r§a+14§r§e items§r§e, §r§c-1,011§r§e items§r§e.§r§8 (Last 10s.)
14:46:04 §6[Sacks] §r§a+293§r§e items§r§e, §r§c-13,504§r§e items§r§e.§r§8 (Last 17s.)
14:46:24 §6[Sacks] §r§a+32§r§e items§r§e, §r§c-2,996§r§e items§r§e.§r§8 (Last 7s.)
14:53:31 §6[Sacks] §r§a+351§r§e items§r§e.§r§8 (Last 7s.)
14:54:10 §6[Sacks] §r§a+456§r§e items§r§e.§r§8 (Last 21s.)
14:54:18 §6[Sacks] §r§a+9§r§e items§r§e.§r§8 (Last 5s.)
14:55:21 §6[Sacks] §r§a+741§r§e items§r§e.§r§8 (Last 30s.)
14:56:18 §6[Sacks] §r§a+31§r§e items§r§e.§r§8 (Last 5s.)
14:59:24 §6[Sacks] §r§a+38§r§e items§r§e.§r§8 (Last 5s.)
15:00:02 §6[Sacks] §r§a+32§r§e items§r§e.§r§8 (Last 5s.)
15:02:55 §6[Sacks] §r§c-1,664§r§e items§r§e.§r§8 (Last 5s.)
15:03:17 §6[Sacks] §r§a+507§r§e items§r§e, §r§c-128§r§e items§r§e.§r§8 (Last 7s.)
15:03:56 §6[Sacks] §r§a+2,027§r§e items§r§e.§r§8 (Last 30s.)
15:04:05 §6[Sacks] §r§a+81§r§e items§r§e.§r§8 (Last 6s.)
15:04:31 §6[Sacks] §r§a+641§r§e items§r§e.§r§8 (Last 21s.)
15:05:43 §6[Sacks] §r§a+322§r§e items§r§e.§r§8 (Last 11s.)
15:06:20 §6[Sacks] §r§a+1,767§r§e items§r§e.§r§8 (Last 20s.)
15:06:34 §6[Sacks] §r§a+906§r§e items§r§e.§r§8 (Last 11s.)
15:06:51 §6[Sacks] §r§a+41§r§e items§r§e.§r§8 (Last 9s.)
15:07:30 §6[Sacks] §r§a+100§r§e items§r§e.§r§8 (Last 5s.)
15:07:51 §6[Sacks] §r§a+24§r§e items§r§e.§r§8 (Last 5s.)
15:08:03 §6[Sacks] §r§a+44§r§e items§r§e.§r§8 (Last 7s.)
15:08:20 §6[Sacks] §r§a+64§r§e items§r§e.§r§8 (Last 5s.)
15:09:02 §6[Sacks] §r§a+6§r§e items§r§e.§r§8 (Last 12s.)
15:09:35 §6[Sacks] §r§a+1,099§r§e items§r§e, §r§c-20,224§r§e items§r§e.§r§8 (Last 30s.)
15:10:45 §6[Sacks] §r§a+571§r§e items§r§e.§r§8 (Last 6s.)
15:14:37 §6[Sacks] §r§a+1,053§r§e items§r§e.§r§8 (Last 25s.)
15:14:56 §6[Sacks] §r§a+465§r§e items§r§e.§r§8 (Last 11s.)
15:16:43 §6[Sacks] §r§a+61§r§e items§r§e.§r§8 (Last 9s.)
15:16:51 §6[Sacks] §r§a+17§r§e items§r§e.§r§8 (Last 5s.)
15:16:58 §6[Sacks] §r§a+96§r§e items§r§e.§r§8 (Last 5s.)
15:19:17 §6[Sacks] §r§a+23§r§e items§r§e.§r§8 (Last 5s.)
15:19:30 §6[Sacks] §r§a+144§r§e items§r§e.§r§8 (Last 5s.)
15:19:51 §6[Sacks] §r§a+28§r§e items§r§e.§r§8 (Last 5s.)
15:21:18 §6[Sacks] §r§a+19§r§e items§r§e.§r§8 (Last 5s.)
15:21:44 §6[Sacks] §r§a+43§r§e items§r§e.§r§8 (Last 10s.)
15:25:15 §6[Sacks] §r§a+125§r§e items§r§e.§r§8 (Last 5s.)
15:25:28 §6[Sacks] §r§a+514§r§e items§r§e.§r§8 (Last 10s.)
15:25:38 §6[Sacks] §r§a+264§r§e items§r§e.§r§8 (Last 9s.)
15:25:56 §6[Sacks] §r§a+797§r§e items§r§e.§r§8 (Last 9s.)
15:26:30 §6[Sacks] §r§a+571§r§e items§r§e.§r§8 (Last 12s.)
15:26:49 §6[Sacks] §r§a+392§r§e items§r§e.§r§8 (Last 15s.)
15:27:20 §6[Sacks] §r§a+3,615§r§e items§r§e.§r§8 (Last 30s.)
15:27:33 §6[Sacks] §r§a+154§r§e items§r§e.§r§8 (Last 6s.)
15:28:07 §6[Sacks] §r§a+256§r§e items§r§e.§r§8 (Last 11s.)
15:28:28 §6[Sacks] §r§a+759§r§e items§r§e.§r§8 (Last 20s.)
15:28:40 §6[Sacks] §r§a+14§r§e items§r§e.§r§8 (Last 5s.)
15:29:20 §6[Sacks] §r§a+22§r§e items§r§e.§r§8 (Last 5s.)
15:29:44 §6[Sacks] §r§a+321§r§e items§r§e.§r§8 (Last 5s.)
15:33:11 §6[Sacks] §r§a+6§r§e items§r§e.§r§8 (Last 7s.)
15:33:30 §6[Sacks] §r§a+2§r§e items§r§e.§r§8 (Last 5s.)
15:33:57 §6[Sacks] §r§a+70§r§e items§r§e.§r§8 (Last 24s.)
15:34:14 §6[Sacks] §r§a+27§r§e items§r§e.§r§8 (Last 12s.)
15:34:47 §6[Sacks] §r§a+71§r§e items§r§e.§r§8 (Last 30s.)
15:35:20 §6[Sacks] §r§a+62§r§e items§r§e.§r§8 (Last 30s.)
15:35:28 §6[Sacks] §r§a+4§r§e items§r§e.§r§8 (Last 5s.)
15:36:00 §6[Sacks] §r§a+108§r§e items§r§e.§r§8 (Last 30s.)
15:36:31 §6[Sacks] §r§a+87§r§e items§r§e.§r§8 (Last 30s.)
15:36:40 §6[Sacks] §r§a+3§r§e items§r§e.§r§8 (Last 7s.)
15:36:58 §6[Sacks] §r§a+24§r§e items§r§e.§r§8 (Last 13s.)
15:37:12 §6[Sacks] §r§a+14§r§e items§r§e.§r§8 (Last 11s.)
15:37:41 §6[Sacks] §r§a+45§r§e items§r§e.§r§8 (Last 27s.)
15:38:13 §6[Sacks] §r§a+59§r§e items§r§e.§r§8 (Last 30s.)
15:38:45 §6[Sacks] §r§a+47§r§e items§r§e.§r§8 (Last 30s.)
15:39:17 §6[Sacks] §r§a+75§r§e items§r§e.§r§8 (Last 30s.)
15:39:48 §6[Sacks] §r§a+65§r§e items§r§e.§r§8 (Last 30s.)
15:40:18 §6[Sacks] §r§a+53§r§e items§r§e.§r§8 (Last 28s.)
15:40:55 §6[Sacks] §r§a+100§r§e items§r§e.§r§8 (Last 30s.)
15:41:36 §6[Sacks] §r§a+73§r§e items§r§e.§r§8 (Last 30s.)
15:41:49 §6[Sacks] §r§a+21§r§e items§r§e.§r§8 (Last 12s.)
15:42:14 §6[Sacks] §r§a+36§r§e items§r§e.§r§8 (Last 19s.)
15:42:52 §6[Sacks] §r§a+101§r§e items§r§e.§r§8 (Last 30s.)
15:43:23 §6[Sacks] §r§a+58§r§e items§r§e.§r§8 (Last 30s.)
15:43:37 §6[Sacks] §r§a+10§r§e items§r§e.§r§8 (Last 12s.)
15:44:13 §6[Sacks] §r§a+44§r§e items§r§e.§r§8 (Last 30s.)
15:44:50 §6[Sacks] §r§a+87§r§e items§r§e.§r§8 (Last 30s.)
15:45:03 §6[Sacks] §r§a+15§r§e items§r§e.§r§8 (Last 9s.)
15:45:25 §6[Sacks] §r§a+25§r§e items§r§e.§r§8 (Last 13s.)
15:45:43 §6[Sacks] §r§a+3§r§e items§r§e.§r§8 (Last 5s.)
15:45:58 §6[Sacks] §r§a+6§r§e items§r§e.§r§8 (Last 5s.)
15:46:12 §6[Sacks] §r§a+9§r§e items§r§e.§r§8 (Last 10s.)
15:46:32 §6[Sacks] §r§a+4§r§e items§r§e.§r§8 (Last 5s.)
15:46:54 §6[Sacks] §r§a+1§r§e item§r§e.§r§8 (Last 5s.)
15:47:11 §6[Sacks] §r§a+13§r§e items§r§e.§r§8 (Last 15s.)
15:47:29 §6[Sacks] §r§a+8§r§e items§r§e.§r§8 (Last 10s.)
15:48:55 §6[Sacks] §r§a+3,037§r§e items§r§e.§r§8 (Last 30s.)
15:49:24 §6[Sacks] §r§a+1,755§r§e items§r§e.§r§8 (Last 27s.)
15:49:50 §6[Sacks] §r§a+1§r§e item§r§e.§r§8 (Last 5s.)
15:50:29 §6[Sacks] §r§a+1§r§e item§r§e.§r§8 (Last 5s.)
15:50:37 §6[Sacks] §r§a+1§r§e item§r§e.§r§8 (Last 5s.)
15:50:43 §6[Sacks] §r§a+1§r§e item§r§e.§r§8 (Last 5s.)
15:50:55 §6[Sacks] §r§a+1§r§e item§r§e.§r§8 (Last 5s.)
15:52:42 §6[Sacks] §r§a+2§r§e items§r§e.§r§8 (Last 5s.)
15:55:13 §6[Sacks] §r§a+238§r§e items§r§e.§r§8 (Last 7s.)
16:05:05 §6[Sacks] §r§c-1,088§r§e items§r§e.§r§8 (Last 5s.)
16:05:36 §6[Sacks] §r§a+244§r§e items§r§e, §r§c-6,292§r§e items§r§e.§r§8 (Last 15s.)
16:12:23 §6[Sacks] §r§a+3,040§r§e items§r§e, §r§c-299§r§e items§r§e.§r§8 (Last 21s.)
16:12:33 §6[Sacks] §r§c-933§r§e items§r§e.§r§8 (Last 5s.)
16:12:58 §6[Sacks] §r§a+265§r§e items§r§e, §r§c-1,892§r§e items§r§e.§r§8 (Last 9s.)
16:13:31 §6[Sacks] §r§a+7,082§r§e items§r§e, §r§c-607§r§e items§r§e.§r§8 (Last 30s.)
16:14:02 §6[Sacks] §r§a+622§r§e items§r§e, §r§c-622§r§e items§r§e.§r§8 (Last 30s.)
16:14:33 §6[Sacks] §r§a+621§r§e items§r§e, §r§c-621§r§e items§r§e.§r§8 (Last 30s.)
16:14:56 §6[Sacks] §r§a+356§r§e items§r§e, §r§c-356§r§e items§r§e.§r§8 (Last 22s.)
16:15:31 §6[Sacks] §r§a+501§r§e items§r§e, §r§c-501§r§e items§r§e.§r§8 (Last 30s.)
16:16:02 §6[Sacks] §r§a+622§r§e items§r§e, §r§c-622§r§e items§r§e.§r§8 (Last 30s.)
16:16:09 §6[Sacks] §r§a+31§r§e items§r§e, §r§c-31§r§e items§r§e.§r§8 (Last 6s.)
16:16:38 §6[Sacks] §r§a+129§r§e items§r§e, §r§c-129§r§e items§r§e.§r§8 (Last 13s.)
16:17:13 §6[Sacks] §r§a+154§r§e items§r§e, §r§c-154§r§e items§r§e.§r§8 (Last 13s.)
16:17:25 §6[Sacks] §r§a+119§r§e items§r§e, §r§c-119§r§e items§r§e.§r§8 (Last 11s.)
16:18:31 §6[Sacks] §r§a+122§r§e items§r§e, §r§c-122§r§e items§r§e.§r§8 (Last 11s.)
16:19:03 §6[Sacks] §r§a+2,358§r§e items§r§e, §r§c-7,055§r§e items§r§e.§r§8 (Last 30s.)
16:19:34 §6[Sacks] §r§a+5,309§r§e items§r§e, §r§c-612§r§e items§r§e.§r§8 (Last 30s.)
16:19:46 §6[Sacks] §r§a+136§r§e items§r§e, §r§c-136§r§e items§r§e.§r§8 (Last 11s.)
16:20:18 §6[Sacks] §r§c-6,719§r§e items§r§e.§r§8 (Last 10s.)
16:20:54 §6[Sacks] §r§a+3,378§r§e items§r§e, §r§c-253§r§e items§r§e.§r§8 (Last 18s.)
16:22:03 §6[Sacks] §r§a+4,088§r§e items§r§e, §r§c-495§r§e items§r§e.§r§8 (Last 30s.)
16:22:11 §6[Sacks] §r§c-742§r§e items§r§e.§r§8 (Last 5s.)
16:24:47 §6[Sacks] §r§a+182§r§e items§r§e.§r§8 (Last 5s.)
16:25:16 §6[Sacks] §r§a+553§r§e items§r§e.§r§8 (Last 23s.)
16:25:36 §6[Sacks] §r§a+392§r§e items§r§e.§r§8 (Last 18s.)
16:26:08 §6[Sacks] §r§a+767§r§e items§r§e.§r§8 (Last 30s.)
16:26:17 §6[Sacks] §r§a+143§r§e items§r§e.§r§8 (Last 5s.)
16:26:56 §6[Sacks] §r§a+700§r§e items§r§e.§r§8 (Last 30s.)
16:27:15 §6[Sacks] §r§a+432§r§e items§r§e.§r§8 (Last 17s.)
16:27:22 §6[Sacks] §r§c-1,152§r§e items§r§e.§r§8 (Last 5s.)
16:27:41 §6[Sacks] §r§a+192§r§e items§r§e, §r§c-2,017§r§e items§r§e.§r§8 (Last 12s.)
16:28:11 §6[Sacks] §r§a+706§r§e items§r§e.§r§8 (Last 29s.)
16:28:50 §6[Sacks] §r§a+219§r§e items§r§e.§r§8 (Last 10s.)
16:29:15 §6[Sacks] §r§a+217§r§e items§r§e.§r§8 (Last 11s.)
16:29:59 §6[Sacks] §r§a+252§r§e items§r§e.§r§8 (Last 12s.)
16:36:18 §6[Sacks] §r§a+172§r§e items§r§e.§r§8 (Last 9s.)
16:36:39 §6[Sacks] §r§a+202§r§e items§r§e.§r§8 (Last 9s.)
16:37:10 §6[Sacks] §r§a+119§r§e items§r§e.§r§8 (Last 7s.)
16:37:31 §6[Sacks] §r§a+182§r§e items§r§e.§r§8 (Last 10s.)
16:37:49 §6[Sacks] §r§a+397§r§e items§r§e.§r§8 (Last 15s.)
16:38:20 §6[Sacks] §r§a+994§r§e items§r§e.§r§8 (Last 30s.)
16:38:52 §6[Sacks] §r§a+868§r§e items§r§e.§r§8 (Last 30s.)
16:40:34 §6[Sacks] §r§a+873§r§e items§r§e.§r§8 (Last 30s.)
16:41:03 §6[Sacks] §r§a+589§r§e items§r§e.§r§8 (Last 25s.)
16:41:54 §6[Sacks] §r§a+620§r§e items§r§e.§r§8 (Last 25s.)
16:42:28 §6[Sacks] §r§a+396§r§e items§r§e.§r§8 (Last 17s.)
16:43:11 §6[Sacks] §r§a+608§r§e items§r§e.§r§8 (Last 21s.)
16:43:26 §6[Sacks] §r§a+230§r§e items§r§e.§r§8 (Last 11s.)
16:44:01 §6[Sacks] §r§a+590§r§e items§r§e.§r§8 (Last 22s.)
16:45:02 §6[Sacks] §r§a+116§r§e items§r§e, §r§c-8,479§r§e items§r§e.§r§8 (Last 14s.)
16:47:21 §6[Sacks] §r§a+238§r§e items§r§e.§r§8 (Last 13s.)
16:47:55 §6[Sacks] §r§a+987§r§e items§r§e.§r§8 (Last 30s.)
16:50:06 §6[Sacks] §r§a+139§r§e items§r§e.§r§8 (Last 5s.)
16:50:30 §6[Sacks] §r§a+144§r§e items§r§e.§r§8 (Last 9s.)
16:51:35 §6[Sacks] §r§a+1,002§r§e items§r§e.§r§8 (Last 30s.)
16:52:07 §6[Sacks] §r§a+916§r§e items§r§e.§r§8 (Last 30s.)
16:52:37 §6[Sacks] §r§a+970§r§e items§r§e.§r§8 (Last 30s.)
16:53:03 §6[Sacks] §r§a+637§r§e items§r§e.§r§8 (Last 24s.)
16:53:45 §6[Sacks] §r§a+1,098§r§e items§r§e.§r§8 (Last 30s.)
16:54:17 §6[Sacks] §r§a+986§r§e items§r§e.§r§8 (Last 30s.)
16:54:49 §6[Sacks] §r§a+954§r§e items§r§e.§r§8 (Last 30s.)
16:55:20 §6[Sacks] §r§a+1,039§r§e items§r§e.§r§8 (Last 30s.)
16:55:53 §6[Sacks] §r§a+805§r§e items§r§e.§r§8 (Last 30s.)
16:56:34 §6[Sacks] §r§a+926§r§e items§r§e.§r§8 (Last 30s.)
16:57:36 §6[Sacks] §r§a+270§r§e items§r§e.§r§8 (Last 12s.)
16:57:45 §6[Sacks] §r§a+92§r§e items§r§e.§r§8 (Last 5s.)
16:58:19 §6[Sacks] §r§a+460§r§e items§r§e.§r§8 (Last 19s.)
16:58:47 §6[Sacks] §r§a+191§r§e items§r§e.§r§8 (Last 9s.)
16:59:06 §6[Sacks] §r§a+73§r§e items§r§e.§r§8 (Last 7s.)
17:01:02 §6[Sacks] §r§a+1,084§r§e items§r§e.§r§8 (Last 30s.)
17:01:25 §6[Sacks] §r§a+528§r§e items§r§e.§r§8 (Last 22s.)
17:01:59 §6[Sacks] §r§a+197§r§e items§r§e.§r§8 (Last 9s.)
17:05:59 §6[Sacks] §r§a+182§r§e items§r§e.§r§8 (Last 9s.)
17:06:17 §6[Sacks] §r§a+439§r§e items§r§e.§r§8 (Last 17s.)
17:06:58 §6[Sacks] §r§a+697§r§e items§r§e.§r§8 (Last 25s.)
17:07:39 §6[Sacks] §r§a+821§r§e items§r§e.§r§8 (Last 30s.)
17:09:01 §6[Sacks] §r§a+813§r§e items§r§e.§r§8 (Last 30s.)
17:09:54 §6[Sacks] §r§a+962§r§e items§r§e.§r§8 (Last 30s.)
17:10:21 §6[Sacks] §r§a+555§r§e items§r§e.§r§8 (Last 22s.)
17:10:41 §6[Sacks] §r§a+157§r§e items§r§e.§r§8 (Last 8s.)
17:10:51 §6[Sacks] §r§a+123§r§e items§r§e.§r§8 (Last 7s.)
17:11:49 §6[Sacks] §r§a+400§r§e items§r§e.§r§8 (Last 15s.)
17:12:28 §6[Sacks] §r§a+578§r§e items§r§e.§r§8 (Last 25s.)
17:13:22 §6[Sacks] §r§a+221§r§e items§r§e.§r§8 (Last 11s.)
17:13:35 §6[Sacks] §r§a+216§r§e items§r§e.§r§8 (Last 9s.)
17:14:49 §6[Sacks] §r§a+355§r§e items§r§e.§r§8 (Last 13s.)
17:14:55 §6[Sacks] §r§a+1§r§e item§r§e.§r§8 (Last 5s.)
17:15:04 §6[Sacks] §r§a+1§r§e item§r§e.§r§8 (Last 5s.)
17:15:15 §6[Sacks] §r§a+1§r§e item§r§e.§r§8 (Last 5s.)
17:15:51 §6[Sacks] §r§a+3§r§e items§r§e.§r§8 (Last 11s.)
17:15:59 §6[Sacks] §r§a+1§r§e item§r§e.§r§8 (Last 5s.)
17:16:51 §6[Sacks] §r§a+1§r§e item§r§e.§r§8 (Last 5s.)
17:17:01 §6[Sacks] §r§a+1§r§e item§r§e.§r§8 (Last 5s.)
17:17:57 §6[Sacks] §r§a+2§r§e items§r§e.§r§8 (Last 10s.)
17:18:23 §6[Sacks] §r§a+1§r§e item§r§e.§r§8 (Last 5s.)
17:18:33 §6[Sacks] §r§a+1§r§e item§r§e.§r§8 (Last 5s.)
17:18:42 §6[Sacks] §r§a+2§r§e items§r§e.§r§8 (Last 8s.)
17:18:50 §6[Sacks] §r§a+1§r§e item§r§e.§r§8 (Last 5s.)
17:18:55 §6[Sacks] §r§a+1§r§e item§r§e.§r§8 (Last 5s.)
17:19:01 §6[Sacks] §r§a+1§r§e item§r§e.§r§8 (Last 5s.)
17:19:21 §6[Sacks] §r§a+4§r§e items§r§e.§r§8 (Last 18s.)
17:19:27 §6[Sacks] §r§a+1§r§e item§r§e.§r§8 (Last 5s.)
17:19:33 §6[Sacks] §r§a+1§r§e item§r§e.§r§8 (Last 5s.)
17:19:54 §6[Sacks] §r§a+126§r§e items§r§e, §r§c-20,160§r§e items§r§e.§r§8 (Last 15s.)
17:20:11 §6[Sacks] §r§c-150§r§e items§r§e.§r§8 (Last 5s.)
17:21:43 §6[Sacks] §r§a+435§r§e items§r§e.§r§8 (Last 15s.)
17:21:56 §6[Sacks] §r§a+176§r§e items§r§e.§r§8 (Last 6s.)
17:23:45 §6[Sacks] §r§a+19§r§e items§r§e.§r§8 (Last 6s.)
17:25:49 §6[Sacks] §r§a+2,552§r§e items§r§e.§r§8 (Last 30s.)
17:28:51 §6[Sacks] §r§a+89§r§e items§r§e.§r§8 (Last 5s.)
17:30:42 §6[Sacks] §r§a+49§r§e items§r§e.§r§8 (Last 7s.)
17:31:07 §6[Sacks] §r§a+110§r§e items§r§e.§r§8 (Last 22s.)
17:31:38 §6[Sacks] §r§a+1,864§r§e items§r§e.§r§8 (Last 27s.)
17:31:55 §6[Sacks] §r§a+55§r§e items§r§e.§r§8 (Last 5s.)
17:32:05 §6[Sacks] §r§a+453§r§e items§r§e.§r§8 (Last 9s.)
17:32:41 §6[Sacks] §r§a+1,408§r§e items§r§e.§r§8 (Last 20s.)
17:35:10 §6[Sacks] §r§a+241§r§e items§r§e.§r§8 (Last 8s.)
17:35:44 §6[Sacks] §r§a+1,113§r§e items§r§e.§r§8 (Last 30s.)
17:36:12 §6[Sacks] §r§a+637§r§e items§r§e.§r§8 (Last 27s.)
17:36:27 §6[Sacks] §r§a+59§r§e items§r§e.§r§8 (Last 6s.)
17:36:43 §6[Sacks] §r§a+692§r§e items§r§e.§r§8 (Last 14s.)
17:37:06 §6[Sacks] §r§a+492§r§e items§r§e.§r§8 (Last 22s.)
17:37:35 §6[Sacks] §r§a+328§r§e items§r§e.§r§8 (Last 22s.)
17:37:53 §6[Sacks] §r§a+190§r§e items§r§e.§r§8 (Last 12s.)
17:38:14 §6[Sacks] §r§a+79§r§e items§r§e.§r§8 (Last 9s.)
17:38:33 §6[Sacks] §r§a+73§r§e items§r§e.§r§8 (Last 7s.)
17:38:54 §6[Sacks] §r§a+59§r§e items§r§e.§r§8 (Last 11s.)
17:39:01 §6[Sacks] §r§a+33§r§e items§r§e.§r§8 (Last 5s.)
17:39:14 §6[Sacks] §r§a+99§r§e items§r§e.§r§8 (Last 11s.)
17:39:28 §6[Sacks] §r§a+15§r§e items§r§e.§r§8 (Last 5s.)
17:39:40 §6[Sacks] §r§a+18§r§e items§r§e.§r§8 (Last 5s.)
17:39:52 §6[Sacks] §r§a+28§r§e items§r§e.§r§8 (Last 5s.)
17:40:01 §6[Sacks] §r§a+18§r§e items§r§e.§r§8 (Last 5s.)
17:40:09 §6[Sacks] §r§a+12§r§e items§r§e.§r§8 (Last 5s.)
17:40:34 §6[Sacks] §r§a+20§r§e items§r§e.§r§8 (Last 5s.)
17:41:00 §6[Sacks] §r§a+1,467§r§e items§r§e.§r§8 (Last 24s.)
17:41:23 §6[Sacks] §r§a+557§r§e items§r§e.§r§8 (Last 12s.)
17:41:37 §6[Sacks] §r§a+53§r§e items§r§e.§r§8 (Last 10s.)
17:42:26 §6[Sacks] §r§a+564§r§e items§r§e.§r§8 (Last 15s.)
17:42:47 §6[Sacks] §r§a+589§r§e items§r§e.§r§8 (Last 17s.)
17:43:01 §6[Sacks] §r§a+159§r§e items§r§e.§r§8 (Last 7s.)
17:43:32 §6[Sacks] §r§a+45§r§e items§r§e.§r§8 (Last 5s.)
17:43:50 §6[Sacks] §r§a+40§r§e items§r§e.§r§8 (Last 5s.)
17:44:14 §6[Sacks] §r§a+1§r§e item§r§e.§r§8 (Last 5s.)
17:44:23 §6[Sacks] §r§a+1§r§e item§r§e.§r§8 (Last 5s.)
17:44:52 §6[Sacks] §r§c-64§r§e items§r§e.§r§8 (Last 5s.)
17:49:27 §6[Sacks] §r§a+1,113§r§e items§r§e.§r§8 (Last 27s.)
17:49:40 §6[Sacks] §r§a+95§r§e items§r§e.§r§8 (Last 8s.)
17:51:21 §6[Sacks] §r§a+38§r§e items§r§e.§r§8 (Last 5s.)
17:52:04 §6[Sacks] §r§a+56§r§e items§r§e.§r§8 (Last 5s.)
17:55:45 §6[Sacks] §r§a+430§r§e items§r§e.§r§8 (Last 5s.)
17:57:03 §6[Sacks] §r§a+150§r§e items§r§e.§r§8 (Last 5s.)
17:57:20 §6[Sacks] §r§a+3§r§e items§r§e.§r§8 (Last 5s.)
17:57:55 §6[Sacks] §r§a+1§r§e item§r§e.§r§8 (Last 5s.)
17:58:08 §6[Sacks] §r§a+267§r§e items§r§e.§r§8 (Last 7s.)
17:59:07 §6[Sacks] §r§a+1§r§e item§r§e.§r§8 (Last 5s.)
18:00:03 §6[Sacks] §r§a+295§r§e items§r§e.§r§8 (Last 7s.)
18:00:15 §6[Sacks] §r§a+49§r§e items§r§e.§r§8 (Last 5s.)
18:01:20 §6[Sacks] §r§a+1§r§e item§r§e.§r§8 (Last 5s.)
18:01:30 §6[Sacks] §r§a+5§r§e items§r§e.§r§8 (Last 9s.)
18:02:03 §6[Sacks] §r§a+299§r§e items§r§e.§r§8 (Last 30s.)
18:02:15 §6[Sacks] §r§a+48§r§e items§r§e.§r§8 (Last 10s.)
18:02:34 §6[Sacks] §r§a+1§r§e item§r§e.§r§8 (Last 5s.)
18:02:44 §6[Sacks] §r§a+152§r§e items§r§e.§r§8 (Last 8s.)
18:03:35 §6[Sacks] §r§a+377§r§e items§r§e.§r§8 (Last 17s.)
18:04:31 §6[Sacks] §r§a+139§r§e items§r§e.§r§8 (Last 9s.)
18:04:37 §6[Sacks] §r§a+1§r§e item§r§e.§r§8 (Last 5s.)
18:06:50 §6[Sacks] §r§a+1§r§e item§r§e.§r§8 (Last 5s.)
18:06:58 §6[Sacks] §r§a+408§r§e items§r§e.§r§8 (Last 7s.)
18:07:42 §6[Sacks] §r§a+205§r§e items§r§e.§r§8 (Last 15s.)
18:07:49 §6[Sacks] §r§a+129§r§e items§r§e.§r§8 (Last 6s.)
18:07:55 §6[Sacks] §r§a+1§r§e item§r§e.§r§8 (Last 5s.)
18:08:06 §6[Sacks] §r§a+15§r§e items§r§e.§r§8 (Last 5s.)
18:08:22 §6[Sacks] §r§a+147§r§e items§r§e.§r§8 (Last 8s.)
18:08:32 §6[Sacks] §r§a+1§r§e item§r§e.§r§8 (Last 5s.)
18:10:12 §6[Sacks] §r§a+216§r§e items§r§e.§r§8 (Last 9s.)
18:10:18 §6[Sacks] §r§a+17§r§e items§r§e.§r§8 (Last 5s.)
18:10:35 §6[Sacks] §r§a+1§r§e item§r§e.§r§8 (Last 5s.)
18:10:43 §6[Sacks] §r§a+1§r§e item§r§e.§r§8 (Last 5s.)
18:10:57 §6[Sacks] §r§a+1§r§e item§r§e.§r§8 (Last 5s.)
18:11:05 §6[Sacks] §r§a+1§r§e item§r§e.§r§8 (Last 5s.)
18:11:11 §6[Sacks] §r§a+1§r§e item§r§e.§r§8 (Last 5s.)
18:11:17 §6[Sacks] §r§a+18§r§e items§r§e.§r§8 (Last 5s.)
18:11:23 §6[Sacks] §r§a+1§r§e item§r§e.§r§8 (Last 5s.)
18:11:34 §6[Sacks] §r§a+17§r§e items§r§e.§r§8 (Last 9s.)
18:11:40 §6[Sacks] §r§a+1§r§e item§r§e.§r§8 (Last 5s.)
18:12:00 §6[Sacks] §r§a+65§r§e items§r§e.§r§8 (Last 18s.)
18:12:26 §6[Sacks] §r§a+63§r§e items§r§e.§r§8 (Last 17s.)
18:12:33 §6[Sacks] §r§a+11§r§e items§r§e.§r§8 (Last 6s.)
18:12:57 §6[Sacks] §r§a+1§r§e item§r§e.§r§8 (Last 5s.)
18:14:14 §6[Sacks] §r§a+1§r§e item§r§e.§r§8 (Last 5s.)
18:14:25 §6[Sacks] §r§a+306§r§e items§r§e.§r§8 (Last 9s.)
18:14:37 §6[Sacks] §r§a+32§r§e items§r§e.§r§8 (Last 5s.)
18:14:52 §6[Sacks] §r§a+1§r§e item§r§e.§r§8 (Last 5s.)
18:15:05 §6[Sacks] §r§a+1§r§e item§r§e.§r§8 (Last 5s.)
18:15:14 §6[Sacks] §r§a+1§r§e item§r§e.§r§8 (Last 5s.)
18:15:31 §6[Sacks] §r§a+38§r§e items§r§e.§r§8 (Last 6s.)
18:15:58 §6[Sacks] §r§a+30§r§e items§r§e.§r§8 (Last 5s.)
18:16:58 §6[Sacks] §r§a+76§r§e items§r§e.§r§8 (Last 9s.)
18:17:04 §6[Sacks] §r§a+12§r§e items§r§e.§r§8 (Last 5s.)
18:17:16 §6[Sacks] §r§a+4§r§e items§r§e.§r§8 (Last 6s.)
18:17:45 §6[Sacks] §r§a+1§r§e item§r§e.§r§8 (Last 5s.)
18:17:53 §6[Sacks] §r§a+57§r§e items§r§e.§r§8 (Last 5s.)
18:18:00 §6[Sacks] §r§a+1§r§e item§r§e.§r§8 (Last 5s.)
18:18:07 §6[Sacks] §r§a+1§r§e item§r§e.§r§8 (Last 5s.)
18:18:37 §6[Sacks] §r§a+15§r§e items§r§e.§r§8 (Last 5s.)
18:19:21 §6[Sacks] §r§a+1§r§e item§r§e.§r§8 (Last 5s.)
18:19:30 §6[Sacks] §r§a+1§r§e item§r§e.§r§8 (Last 5s.)
18:19:43 §6[Sacks] §r§a+2§r§e items§r§e.§r§8 (Last 10s.)
18:19:50 §6[Sacks] §r§a+1§r§e item§r§e.§r§8 (Last 5s.)
18:19:58 §6[Sacks] §r§a+48§r§e items§r§e.§r§8 (Last 5s.)
18:20:15 §6[Sacks] §r§a+337§r§e items§r§e.§r§8 (Last 12s.)
18:20:23 §6[Sacks] §r§a+41§r§e items§r§e.§r§8 (Last 5s.)
18:20:34 §6[Sacks] §r§a+2§r§e items§r§e.§r§8 (Last 9s.)
18:20:41 §6[Sacks] §r§a+1§r§e item§r§e.§r§8 (Last 5s.)
18:20:47 §6[Sacks] §r§a+1§r§e item§r§e.§r§8 (Last 5s.)
18:21:18 §6[Sacks] §r§a+295§r§e items§r§e.§r§8 (Last 30s.)
18:21:27 §6[Sacks] §r§a+60§r§e items§r§e.§r§8 (Last 5s.)
18:21:44 §6[Sacks] §r§a+9§r§e items§r§e.§r§8 (Last 5s.)
18:21:59 §6[Sacks] §r§a+6§r§e items§r§e.§r§8 (Last 5s.)
18:22:06 §6[Sacks] §r§a+10§r§e items§r§e.§r§8 (Last 5s.)
18:22:17 §6[Sacks] §r§a+219§r§e items§r§e.§r§8 (Last 10s.)
18:22:23 §6[Sacks] §r§a+251§r§e items§r§e.§r§8 (Last 5s.)
18:22:54 §6[Sacks] §r§a+646§r§e items§r§e.§r§8 (Last 26s.)
18:23:04 §6[Sacks] §r§a+11§r§e items§r§e.§r§8 (Last 9s.)
18:23:19 §6[Sacks] §r§a+100§r§e items§r§e.§r§8 (Last 13s.)
18:23:36 §6[Sacks] §r§a+93§r§e items§r§e.§r§8 (Last 9s.)
18:23:47 §6[Sacks] §r§a+26§r§e items§r§e.§r§8 (Last 10s.)
18:24:10 §6[Sacks] §r§a+1§r§e item§r§e.§r§8 (Last 5s.)
18:24:24 §6[Sacks] §r§a+2§r§e items§r§e.§r§8 (Last 9s.)
18:24:31 §6[Sacks] §r§a+1§r§e item§r§e.§r§8 (Last 5s.)
18:24:41 §6[Sacks] §r§a+1§r§e item§r§e.§r§8 (Last 5s.)
18:24:47 §6[Sacks] §r§a+1§r§e item§r§e.§r§8 (Last 5s.)
18:25:00 §6[Sacks] §r§a+13§r§e items§r§e.§r§8 (Last 10s.)
18:25:26 §6[Sacks] §r§a+204§r§e items§r§e.§r§8 (Last 23s.)
18:25:57 §6[Sacks] §r§a+10§r§e items§r§e.§r§8 (Last 10s.)
18:26:02 §6[Sacks] §r§a+1§r§e item§r§e.§r§8 (Last 5s.)
18:26:15 §6[Sacks] §r§a+3§r§e items§r§e.§r§8 (Last 12s.)
18:28:25 §6[Sacks] §r§a+81§r§e items§r§e.§r§8 (Last 13s.)
18:28:36 §6[Sacks] §r§a+1§r§e item§r§e.§r§8 (Last 5s.)
18:28:50 §6[Sacks] §r§a+1§r§e item§r§e.§r§8 (Last 5s.)
18:28:55 §6[Sacks] §r§a+1§r§e item§r§e.§r§8 (Last 5s.)
18:29:01 §6[Sacks] §r§a+25§r§e items§r§e.§r§8 (Last 5s.)
18:29:15 §6[Sacks] §r§a+9§r§e items§r§e.§r§8 (Last 8s.)
18:29:21 §6[Sacks] §r§a+1§r§e item§r§e.§r§8 (Last 5s.)
18:29:28 §6[Sacks] §r§a+21§r§e items§r§e.§r§8 (Last 5s.)
18:29:41 §6[Sacks] §r§a+8§r§e items§r§e.§r§8 (Last 5s.)
18:30:02 §6[Sacks] §r§a+1§r§e item§r§e.§r§8 (Last 5s.)
18:30:09 §6[Sacks] §r§a+1§r§e item§r§e.§r§8 (Last 5s.)
18:30:21 §6[Sacks] §r§a+10§r§e items§r§e.§r§8 (Last 11s.)
18:30:27 §6[Sacks] §r§a+1§r§e item§r§e.§r§8 (Last 5s.)
18:30:33 §6[Sacks] §r§a+1§r§e item§r§e.§r§8 (Last 5s.)
18:30:40 §6[Sacks] §r§a+32§r§e items§r§e.§r§8 (Last 6s.)
18:30:46 §6[Sacks] §r§a+1§r§e item§r§e.§r§8 (Last 5s.)
18:30:59 §6[Sacks] §r§a+69§r§e items§r§e.§r§8 (Last 12s.)
18:31:06 §6[Sacks] §r§a+1§r§e item§r§e.§r§8 (Last 5s.)
18:31:13 §6[Sacks] §r§a+1§r§e item§r§e.§r§8 (Last 5s.)
18:31:28 §6[Sacks] §r§a+82§r§e items§r§e.§r§8 (Last 13s.)
18:31:40 §6[Sacks] §r§a+916§r§e items§r§e.§r§8 (Last 10s.)
18:31:48 §6[Sacks] §r§a+1§r§e item§r§e.§r§8 (Last 5s.)
18:32:04 §6[Sacks] §r§a+1§r§e item§r§e.§r§8 (Last 5s.)
18:32:12 §6[Sacks] §r§a+1§r§e item§r§e.§r§8 (Last 5s.)
18:32:17 §6[Sacks] §r§a+1§r§e item§r§e.§r§8 (Last 5s.)
18:32:42 §6[Sacks] §r§a+4§r§e items§r§e.§r§8 (Last 16s.)
18:33:03 §6[Sacks] §r§a+4§r§e items§r§e.§r§8 (Last 19s.)
18:34:07 §6[Sacks] §r§a+32§r§e items§r§e, §r§c-18,240§r§e items§r§e.§r§8 (Last 30s.)
18:34:24 §6[Sacks] §r§a+546§r§e items§r§e, §r§c-2,126§r§e items§r§e.§r§8 (Last 16s.)
18:43:28 §6[Sacks] §r§a+2§r§e items§r§e.§r§8 (Last 5s.)
19:19:02 §6[Sacks] §r§a+2§r§e items§r§e.§r§8 (Last 5s.)
19:25:02 §6[Sacks] §r§a+1,443§r§e items§r§e.§r§8 (Last 23s.)
19:25:36 §6[Sacks] §r§a+2,836§r§e items§r§e.§r§8 (Last 30s.)
19:25:46 §6[Sacks] §r§a+52§r§e items§r§e, §r§c-64§r§e items§r§e.§r§8 (Last 9s.)
19:26:06 §6[Sacks] §r§a+238§r§e items§r§e.§r§8 (Last 13s.)
19:32:00 §6[Sacks] §r§a+50§r§e items§r§e.§r§8 (Last 5s.)
19:32:13 §6[Sacks] §r§a+56§r§e items§r§e.§r§8 (Last 5s.)
19:35:04 §6[Sacks] §r§a+27§r§e items§r§e.§r§8 (Last 5s.)
19:35:11 §6[Sacks] §r§a+15§r§e items§r§e.§r§8 (Last 5s.)
19:35:18 §6[Sacks] §r§a+18§r§e items§r§e.§r§8 (Last 5s.)
19:35:46 §6[Sacks] §r§a+109§r§e items§r§e.§r§8 (Last 14s.)
19:35:52 §6[Sacks] §r§a+15§r§e items§r§e.§r§8 (Last 5s.)
19:36:00 §6[Sacks] §r§a+30§r§e items§r§e.§r§8 (Last 6s.)
19:36:17 §6[Sacks] §r§a+61§r§e items§r§e.§r§8 (Last 9s.)
19:36:42 §6[Sacks] §r§a+160§r§e items§r§e.§r§8 (Last 22s.)
