15:07:28 §f                §7You have §31,872 §7materials stashed away!
15:07:28 §f               §8(This totals 1 type of material stashed!)
15:07:28 §f                §3§l>>> §3§lCLICK HERE§b to pick them up! §3§l<<<
15:07:45 §eOne or more items didn't fit in your inventory and were added to your material stash! §6Click here §eto pick them up!
15:07:45 §eOne or more items didn't fit in your inventory and were added to your item stash! §6Click here §eto pick them up!
15:08:30 §f                §7You have §33,192 §7materials stashed away!
15:08:30 §f              §8(This totals 2 types of materials stashed!)
15:08:30 §f                §3§l>>> §3§lCLICK HERE§b to pick them up! §3§l<<<
17:55:23 §f                §7You have §31,260 §7materials stashed away!
17:55:23 §f               §8(This totals 1 type of material stashed!)
17:55:23 §f                §3§l>>> §3§lCLICK HERE§b to pick them up! §3§l<<<
17:56:24 §f                §7You have §32,719 §7materials stashed away!
17:56:24 §f               §8(This totals 1 type of material stashed!)
17:56:24 §f                §3§l>>> §3§lCLICK HERE§b to pick them up! §3§l<<<
17:57:24 §f                §7You have §35,232 §7materials stashed away!
17:57:24 §f               §8(This totals 1 type of material stashed!)
17:57:24 §f                §3§l>>> §3§lCLICK HERE§b to pick them up! §3§l<<<
17:58:24 §f                §7You have §35,232 §7materials stashed away!
17:58:24 §f               §8(This totals 1 type of material stashed!)
17:58:24 §f                §3§l>>> §3§lCLICK HERE§b to pick them up! §3§l<<<
17:59:25 §f                §7You have §35,232 §7materials stashed away!
17:59:25 §f               §8(This totals 1 type of material stashed!)
17:59:25 §f                §3§l>>> §3§lCLICK HERE§b to pick them up! §3§l<<<
18:00:26 §f                §7You have §35,232 §7materials stashed away!
18:00:26 §f               §8(This totals 1 type of material stashed!)
18:00:26 §f                §3§l>>> §3§lCLICK HERE§b to pick them up! §3§l<<<
18:01:27 §f                §7You have §35,232 §7materials stashed away!
18:01:27 §f               §8(This totals 1 type of material stashed!)
18:01:27 §f                §3§l>>> §3§lCLICK HERE§b to pick them up! §3§l<<<
18:02:28 §f                §7You have §35,232 §7materials stashed away!
18:02:28 §f               §8(This totals 1 type of material stashed!)
18:02:28 §f                §3§l>>> §3§lCLICK HERE§b to pick them up! §3§l<<<
18:03:29 §f                §7You have §35,232 §7materials stashed away!
18:03:29 §f               §8(This totals 1 type of material stashed!)
18:03:29 §f                §3§l>>> §3§lCLICK HERE§b to pick them up! §3§l<<<
18:04:30 §f                §7You have §35,232 §7materials stashed away!
18:04:30 §f               §8(This totals 1 type of material stashed!)
18:04:30 §f                §3§l>>> §3§lCLICK HERE§b to pick them up! §3§l<<<
18:05:31 §f                §7You have §35,232 §7materials stashed away!
18:05:31 §f               §8(This totals 1 type of material stashed!)
18:05:31 §f                §3§l>>> §3§lCLICK HERE§b to pick them up! §3§l<<<
18:06:32 §f                §7You have §35,232 §7materials stashed away!
18:06:32 §f               §8(This totals 1 type of material stashed!)
18:06:32 §f                §3§l>>> §3§lCLICK HERE§b to pick them up! §3§l<<<
18:07:33 §f                §7You have §35,232 §7materials stashed away!
18:07:33 §f               §8(This totals 1 type of material stashed!)
18:07:33 §f                §3§l>>> §3§lCLICK HERE§b to pick them up! §3§l<<<
18:08:34 §f                §7You have §35,232 §7materials stashed away!
18:08:34 §f               §8(This totals 1 type of material stashed!)
18:08:34 §f                §3§l>>> §3§lCLICK HERE§b to pick them up! §3§l<<<
18:09:34 §f                §7You have §35,232 §7materials stashed away!
18:09:34 §f               §8(This totals 1 type of material stashed!)
18:09:34 §f                §3§l>>> §3§lCLICK HERE§b to pick them up! §3§l<<<
18:10:35 §f                §7You have §35,232 §7materials stashed away!
18:10:35 §f               §8(This totals 1 type of material stashed!)
18:10:35 §f                §3§l>>> §3§lCLICK HERE§b to pick them up! §3§l<<<
18:11:36 §f                §7You have §35,232 §7materials stashed away!
18:11:36 §f               §8(This totals 1 type of material stashed!)
18:11:36 §f                §3§l>>> §3§lCLICK HERE§b to pick them up! §3§l<<<
18:12:37 §f                §7You have §35,232 §7materials stashed away!
18:12:37 §f               §8(This totals 1 type of material stashed!)
18:12:37 §f                §3§l>>> §3§lCLICK HERE§b to pick them up! §3§l<<<
18:13:38 §f                §7You have §35,232 §7materials stashed away!
18:13:38 §f               §8(This totals 1 type of material stashed!)
18:13:38 §f                §3§l>>> §3§lCLICK HERE§b to pick them up! §3§l<<<
18:14:39 §f                §7You have §35,232 §7materials stashed away!
18:14:39 §f               §8(This totals 1 type of material stashed!)
18:14:39 §f                §3§l>>> §3§lCLICK HERE§b to pick them up! §3§l<<<
18:15:40 §f                §7You have §35,232 §7materials stashed away!
18:15:40 §f               §8(This totals 1 type of material stashed!)
18:15:40 §f                §3§l>>> §3§lCLICK HERE§b to pick them up! §3§l<<<
18:16:41 §f                §7You have §35,232 §7materials stashed away!
18:16:41 §f               §8(This totals 1 type of material stashed!)
18:16:41 §f                §3§l>>> §3§lCLICK HERE§b to pick them up! §3§l<<<
18:17:42 §f                §7You have §35,232 §7materials stashed away!
18:17:42 §f               §8(This totals 1 type of material stashed!)
18:17:42 §f                §3§l>>> §3§lCLICK HERE§b to pick them up! §3§l<<<
18:18:43 §f                §7You have §35,232 §7materials stashed away!
18:18:43 §f               §8(This totals 1 type of material stashed!)
18:18:43 §f                §3§l>>> §3§lCLICK HERE§b to pick them up! §3§l<<<
18:19:44 §f                §7You have §35,232 §7materials stashed away!
18:19:44 §f               §8(This totals 1 type of material stashed!)
18:19:44 §f                §3§l>>> §3§lCLICK HERE§b to pick them up! §3§l<<<
18:20:45 §f                §7You have §35,232 §7materials stashed away!
18:20:45 §f               §8(This totals 1 type of material stashed!)
18:20:45 §f                §3§l>>> §3§lCLICK HERE§b to pick them up! §3§l<<<
18:21:46 §f                §7You have §35,232 §7materials stashed away!
18:21:46 §f               §8(This totals 1 type of material stashed!)
18:21:46 §f                §3§l>>> §3§lCLICK HERE§b to pick them up! §3§l<<<
18:22:47 §f                §7You have §35,232 §7materials stashed away!
18:22:47 §f               §8(This totals 1 type of material stashed!)
18:22:47 §f                §3§l>>> §3§lCLICK HERE§b to pick them up! §3§l<<<
18:23:47 §f                §7You have §35,232 §7materials stashed away!
18:23:47 §f               §8(This totals 1 type of material stashed!)
18:23:47 §f                §3§l>>> §3§lCLICK HERE§b to pick them up! §3§l<<<
18:24:48 §f                §7You have §35,244 §7materials stashed away!
18:24:48 §f               §8(This totals 1 type of material stashed!)
18:24:48 §f                §3§l>>> §3§lCLICK HERE§b to pick them up! §3§l<<<
18:25:50 §f                §7You have §35,507 §7materials stashed away!
18:25:50 §f               §8(This totals 1 type of material stashed!)
18:25:50 §f                §3§l>>> §3§lCLICK HERE§b to pick them up! §3§l<<<
18:26:51 §f                §7You have §34,675 §7materials stashed away!
18:26:51 §f               §8(This totals 1 type of material stashed!)
18:26:51 §f                §3§l>>> §3§lCLICK HERE§b to pick them up! §3§l<<<
18:27:52 §f                §7You have §34,675 §7materials stashed away!
18:27:52 §f               §8(This totals 1 type of material stashed!)
18:27:52 §f                §3§l>>> §3§lCLICK HERE§b to pick them up! §3§l<<<
18:28:53 §f                §7You have §34,675 §7materials stashed away!
18:28:53 §f               §8(This totals 1 type of material stashed!)
18:28:53 §f                §3§l>>> §3§lCLICK HERE§b to pick them up! §3§l<<<
18:29:54 §f                §7You have §34,675 §7materials stashed away!
18:29:54 §f               §8(This totals 1 type of material stashed!)
18:29:54 §f                §3§l>>> §3§lCLICK HERE§b to pick them up! §3§l<<<
18:30:55 §f                §7You have §34,675 §7materials stashed away!
18:30:55 §f               §8(This totals 1 type of material stashed!)
18:30:55 §f                §3§l>>> §3§lCLICK HERE§b to pick them up! §3§l<<<
18:31:56 §f                §7You have §34,675 §7materials stashed away!
18:31:56 §f               §8(This totals 1 type of material stashed!)
18:31:56 §f                §3§l>>> §3§lCLICK HERE§b to pick them up! §3§l<<<
18:32:28 §f                §7You have §34,227 §7materials stashed away!
18:32:28 §f               §8(This totals 1 type of material stashed!)
18:32:28 §f                §3§l>>> §3§lCLICK HERE§b to pick them up! §3§l<<<
18:33:28 §f                 §7You have §3195 §7materials stashed away!
18:33:28 §f               §8(This totals 1 type of material stashed!)
18:33:28 §f                §3§l>>> §3§lCLICK HERE§b to pick them up! §3§l<<<
