13:59:14 [allowed] §b§m--------------§r§f  §r§aGuild: Message Of The Day  §r§b§m--------------
13:59:14 [allowed] §b| §r§f1 Corinthians 7:34:"The unmarried woman or virgin is concerned about the Lord's affairs: Her aim is to be devoted to the Lord in both body and spirit."
13:59:14 [allowed] §b§m-----------------------------------------------------
13:59:14 [allowed] §aYou are still radiating with §bGenerosity§r§a!
13:59:14 [EMPTY] §f §r§r§r§f §r§r§r§1 §r§r§r§0 §r§r§r§2 §r§r§r§f §r§r§r§f §r§r§r§2 §r§r§r§0 §r§r§r§4 §r§r§r§3 §r§r§r§9 §r§r§r§2 §r§r§r§0 §r§r§r§0 §r§r§r§3 §r§r§r§9 §r§r§r§2 §r§r§r§0 §r§r§r§0 §r§r§r§3 §r§r§r§9 §r§r§r§2 §r§r§r§0 §r§r§r§0 
13:59:17 [allowed]   §r§f§l➤ §r§6You have reached your Hype limit! Add Hype to Prototype Lobby minigames by right-clicking with the Hype Diamond!
13:59:21 [allowed] §2Guild > §b[MVP§3+§b] catholicschool§f: §rhaiiiii
13:59:22 [allowed] §b[MVP§2+§b] wormsmakedirt§f §6joined the lobby!
13:59:23 [allowed] §7Sending to server mini188CW...
13:59:24 [EMPTY] §8 §r§8 §r§1 §r§3 §r§3 §r§7 §r§8 
13:59:25 [allowed] §e§l▬▬▬▬▬▬▬▬▬▬▬▬▬▬▬▬▬▬▬▬▬▬▬▬▬▬▬▬▬▬▬▬▬▬▬▬▬▬▬▬▬▬▬▬▬▬▬▬▬▬▬▬▬▬▬▬▬▬▬▬▬▬▬▬
13:59:25 [allowed]   §r§6§lCOLLECTION LEVEL UP §eLily Pad §8IV➜§eVII
13:59:25 [allowed]    §r§b§lCO-OP » §r§7Unlocked while you were offline
13:59:25 [EMPTY] 
13:59:25 [allowed]   §r§a§lREWARDS
13:59:25 [allowed]     §r§7§9Rod of Champions §7Recipe
13:59:25 [allowed]     §r§7§8+§b4 SkyBlock XP
13:59:25 [allowed] §e§l▬▬▬▬▬▬▬▬▬▬▬▬▬▬▬▬▬▬▬▬▬▬▬▬▬▬▬▬▬▬▬▬▬▬▬▬▬▬▬▬▬▬▬▬▬▬▬▬▬▬▬▬▬▬▬▬▬▬▬▬▬▬▬▬
13:59:25 [allowed] §2Guild > §a[VIP§6+§a] himej0shi§f: §rHAIIIIIIIIIIIIIII
13:59:26 [EMPTY] 
13:59:26 [WELCOME] §eWelcome to §r§aHypixel SkyBlock§r§e!
13:59:26 [EMPTY] 
13:59:26 [allowed] §eLatest update: §bSkyBlock v0.23.2 §e§lCLICK
13:59:26 [allowed] §2Guild > §a[VIP§6+§a] himej0shi§f: §rWBBB
13:59:28 [PROFILE_JOIN] §aYou are playing on profile: §eLemon§b (Co-op)
13:59:28 [PROFILE_JOIN] §8Profile ID: 62b760d8-92b6-4501-ada0-1fd8583f5266
13:59:29 [allowed] §bNew day! §r§eYour §r§2Lottery §r§ebuff changed!
13:59:29 [allowed] §eNew buff§r§r§r: §r§fGain §r§a+50 §r§6☘ Mangrove Fortune§r§f.
13:59:31 [allowed] §2Guild > §b[MVP§3+§b] catholicschool§f: §rigatsesin
13:59:34 [allowed] §2Guild > §a[VIP§6+§a] himej0shi§f: §rMINA KAAAAAAAAAAA
13:59:45 [TREE_GIFT] §9§l▬▬▬▬▬▬▬▬▬▬▬▬▬▬▬▬▬▬▬▬▬▬▬▬▬▬▬▬▬▬▬▬▬▬▬▬▬▬▬▬▬▬▬▬▬▬▬▬▬▬▬▬▬▬▬▬▬▬▬▬▬▬▬▬
13:59:45 [TREE_GIFT]                                  §r§9§lTREE GIFT
13:59:45 [TREE_GIFT] 
13:59:45 [TREE_GIFT]                  §r§7You helped cut §r§a100% §r§7of the §r§aFig Tree§r§7.
13:59:45 [TREE_GIFT] §f                       §e+5 rewards gained! §8(hover)
13:59:45 [TREE_GIFT] 
13:59:45 [TREE_GIFT]                                 §r§d§lBONUS GIFT
13:59:45 [TREE_GIFT]                           §r§7§r§aStretching Sticks §r§8(§r§a20%§r§8)
13:59:45 [allowed] §9Fig Tree Gift. §7You helped cut §a100.0% §7and gained §e5 rewards§a!
13:59:45 [TREE_GIFT] §9§l▬▬▬▬▬▬▬▬▬▬▬▬▬▬▬▬▬▬▬▬▬▬▬▬▬▬▬▬▬▬▬▬▬▬▬▬▬▬▬▬▬▬▬▬▬▬▬▬▬▬▬▬▬▬▬▬▬▬▬▬▬▬▬▬
13:59:51 [SACKS_CHANGE] §6[Sacks] §r§a+793§r§e items§r§e.§r§8 (Last 18s.)
14:00:05 [TREE_GIFT] §9§l▬▬▬▬▬▬▬▬▬▬▬▬▬▬▬▬▬▬▬▬▬▬▬▬▬▬▬▬▬▬▬▬▬▬▬▬▬▬▬▬▬▬▬▬▬▬▬▬▬▬▬▬▬▬▬▬▬▬▬▬▬▬▬▬
14:00:05 [TREE_GIFT]                                  §r§9§lTREE GIFT
14:00:05 [TREE_GIFT] 
14:00:05 [TREE_GIFT]                  §r§7You helped cut §r§a100% §r§7of the §r§aFig Tree§r§7.
14:00:05 [TREE_GIFT] §f                       §e+5 rewards gained! §8(hover)
14:00:05 [TREE_GIFT] 
14:00:05 [TREE_GIFT]                                 §r§d§lBONUS GIFT
14:00:05 [TREE_GIFT]                           §r§7§r§aStretching Sticks §r§8(§r§a20%§r§8)
14:00:05 [allowed] §9Fig Tree Gift. §7You helped cut §a100.0% §7and gained §e5 rewards§a!
14:00:05 [TREE_GIFT] §9§l▬▬▬▬▬▬▬▬▬▬▬▬▬▬▬▬▬▬▬▬▬▬▬▬▬▬▬▬▬▬▬▬▬▬▬▬▬▬▬▬▬▬▬▬▬▬▬▬▬▬▬▬▬▬▬▬▬▬▬▬▬▬▬▬
14:00:07 [allowed] §2Guild > §a[VIP§6+§a] himej0shi§f: §rteen meile mõlemale grippersid lõpuks ka ära ghjfhkdfgj
14:00:11 [SACKS_CHANGE] §6[Sacks] §r§a+769§r§e items§r§e.§r§8 (Last 15s.)
14:00:14 [allowed] §2Guild > §b[MVP§3+§b] catholicschool§f: §rhfghfgh molemale?!
14:00:17 [allowed] §2Guild > §a[VIP§6+§a] himej0shi§f: §rjaa
14:00:18 [allowed] §2Guild > §b[MVP§3+§b] catholicschool§f: §rselelga laheb vaga kaua
14:00:21 [TREE_GIFT] §9§l▬▬▬▬▬▬▬▬▬▬▬▬▬▬▬▬▬▬▬▬▬▬▬▬▬▬▬▬▬▬▬▬▬▬▬▬▬▬▬▬▬▬▬▬▬▬▬▬▬▬▬▬▬▬▬▬▬▬▬▬▬▬▬▬
14:00:21 [TREE_GIFT]                                  §r§9§lTREE GIFT
14:00:21 [TREE_GIFT] 
14:00:21 [TREE_GIFT]                   §r§7You helped cut §r§c5.8% §r§7of the §r§aFig Tree§r§7.
14:00:21 [TREE_GIFT]                             §r§e+0 rewards gained!
14:00:21 [allowed] §9Fig Tree Gift. §7You helped cut §c5.8% §7and gained §e0 rewards§a!
14:00:21 [TREE_GIFT] §9§l▬▬▬▬▬▬▬▬▬▬▬▬▬▬▬▬▬▬▬▬▬▬▬▬▬▬▬▬▬▬▬▬▬▬▬▬▬▬▬▬▬▬▬▬▬▬▬▬▬▬▬▬▬▬▬▬▬▬▬▬▬▬▬▬
14:00:22 [allowed] §2Guild > §a[VIP§6+§a] himej0shi§f: §rkuna sa aitad mind koguaeg ss ma aitan sind kaa
14:00:23 [TREE_GIFT] §9§l▬▬▬▬▬▬▬▬▬▬▬▬▬▬▬▬▬▬▬▬▬▬▬▬▬▬▬▬▬▬▬▬▬▬▬▬▬▬▬▬▬▬▬▬▬▬▬▬▬▬▬▬▬▬▬▬▬▬▬▬▬▬▬▬
14:00:23 [TREE_GIFT]                                  §r§9§lTREE GIFT
14:00:23 [TREE_GIFT] 
14:00:23 [TREE_GIFT]                  §r§7You helped cut §r§a100% §r§7of the §r§aFig Tree§r§7.
14:00:23 [TREE_GIFT] §f                       §e+5 rewards gained! §8(hover)
14:00:23 [TREE_GIFT]                      §r§7A §r§dPhanpyre §r§7fell from the Tree!
14:00:23 [allowed] §9Fig Tree Gift. §7You helped cut §a100.0% §7and gained §e5 rewards§a!
14:00:23 [TREE_GIFT] §9§l▬▬▬▬▬▬▬▬▬▬▬▬▬▬▬▬▬▬▬▬▬▬▬▬▬▬▬▬▬▬▬▬▬▬▬▬▬▬▬▬▬▬▬▬▬▬▬▬▬▬▬▬▬▬▬▬▬▬▬▬▬▬▬▬
14:00:29 [allowed] §2Guild > §b[MVP§3+§b] catholicschool§f: §rawwwaitaaa
14:00:29 [SACKS_CHANGE] §6[Sacks] §r§a+787§r§e items§r§e.§r§8 (Last 9s.)
14:00:34 [allowed] §2Guild > §b[MVP§3+§b] catholicschool§f: §rmul vist uks mangocore prgu :sob:
14:00:38 [TREE_GIFT] §9§l▬▬▬▬▬▬▬▬▬▬▬▬▬▬▬▬▬▬▬▬▬▬▬▬▬▬▬▬▬▬▬▬▬▬▬▬▬▬▬▬▬▬▬▬▬▬▬▬▬▬▬▬▬▬▬▬▬▬▬▬▬▬▬▬
14:00:38 [TREE_GIFT]                                  §r§9§lTREE GIFT
14:00:38 [TREE_GIFT] 
14:00:38 [TREE_GIFT]                  §r§7You helped cut §r§a100% §r§7of the §r§aFig Tree§r§7.
14:00:38 [TREE_GIFT] §f                       §e+5 rewards gained! §8(hover)
14:00:38 [allowed] §9Fig Tree Gift. §7You helped cut §a100.0% §7and gained §e5 rewards§a!
14:00:38 [TREE_GIFT] §9§l▬▬▬▬▬▬▬▬▬▬▬▬▬▬▬▬▬▬▬▬▬▬▬▬▬▬▬▬▬▬▬▬▬▬▬▬▬▬▬▬▬▬▬▬▬▬▬▬▬▬▬▬▬▬▬▬▬▬▬▬▬▬▬▬
14:00:40 [allowed] §2Guild > §a[VIP§6+§a] himej0shi§f: §rmul 3
14:00:46 [GUILD_EXP] §aYou earned §r§238 GEXP §r§a+ §r§e114 Event EXP §r§afrom playing SkyBlock!
14:00:59 [allowed] §2Guild > §b[MVP§3+§b] catholicschool§f: §rwow
14:01:01 [allowed] §cThere are blocks in the way!
14:01:02 [SACKS_CHANGE] §6[Sacks] §r§a+2,242§r§e items§r§e.§r§8 (Last 25s.)
14:01:05 [allowed]  §b§l» §ahimej0shi §eis traveling to §aHub §e§lFOLLOW
14:01:09 [TREE_GIFT] §9§l▬▬▬▬▬▬▬▬▬▬▬▬▬▬▬▬▬▬▬▬▬▬▬▬▬▬▬▬▬▬▬▬▬▬▬▬▬▬▬▬▬▬▬▬▬▬▬▬▬▬▬▬▬▬▬▬▬▬▬▬▬▬▬▬
14:01:09 [TREE_GIFT]                                  §r§9§lTREE GIFT
14:01:09 [TREE_GIFT] 
14:01:09 [TREE_GIFT]                  §r§7You helped cut §r§a100% §r§7of the §r§aFig Tree§r§7.
14:01:09 [TREE_GIFT] §f                       §e+5 rewards gained! §8(hover)
14:01:09 [TREE_GIFT] 
14:01:09 [TREE_GIFT]                                 §r§d§lBONUS GIFT
14:01:09 [TREE_GIFT]                           §r§7§r§aStretching Sticks §r§8(§r§a20%§r§8)
14:01:09 [allowed] §9Fig Tree Gift. §7You helped cut §a100.0% §7and gained §e5 rewards§a!
14:01:09 [TREE_GIFT] §9§l▬▬▬▬▬▬▬▬▬▬▬▬▬▬▬▬▬▬▬▬▬▬▬▬▬▬▬▬▬▬▬▬▬▬▬▬▬▬▬▬▬▬▬▬▬▬▬▬▬▬▬▬▬▬▬▬▬▬▬▬▬▬▬▬
14:01:18 [SACKS_CHANGE] §6[Sacks] §r§a+74§r§e items§r§e.§r§8 (Last 12s.)
14:01:26 [allowed] §aYou caught a §fPhanpyre §aShard!
14:01:35 [allowed] §d§lTIME TOWER! §r§7Your §r§6Chocolate Factory §r§7production has increased by §r§6+1.2x §r§7for §r§a1h§r§7!
14:01:36 [allowed] §5Rabbit Uncle §r§7has been promoted to §r§7[147§r§7] §r§5Manager§r§7!
14:01:36 [allowed] §5Rabbit Dog §r§7has been promoted to §r§7[144§r§7] §r§5Manager§r§7!
14:01:37 [allowed] §5Rabbit Granny §r§7has been promoted to §r§7[151§r§7] §r§5Manager§r§7!
14:01:37 [allowed] §5Rabbit Cousin §r§7has been promoted to §r§7[170§r§7] §r§5Manager§r§7!
14:01:38 [allowed] §5Rabbit Daddy §r§7has been promoted to §r§7[156§r§7] §r§5Manager§r§7!
14:01:39 [allowed] §5Rabbit Sis §r§7has been promoted to §r§7[162§r§7] §r§5Manager§r§7!
14:01:40 [allowed] §9§m-----------------------------------------------------§r
§r§a[VIP§r§6+§r§a] himej0shi §r§ehas invited you to join their party!
§r§eYou have §r§c60 §r§eseconds to accept. §r§6Click here to join!§r
§r§9§m-----------------------------------------------------
14:01:41 [allowed] §5Rabbit Uncle §r§7has been promoted to §r§7[148§r§7] §r§5Manager§r§7!
14:01:42 [allowed] §9§m-----------------------------------------------------
14:01:42 [allowed] §eYou have joined §r§a[VIP§r§6+§r§a] himej0shi's §r§eparty!
14:01:42 [allowed] §9§m-----------------------------------------------------
14:01:43 [allowed] §9§m-----------------------------------------------------
14:01:43 [allowed] §eThe party was transferred to §r§b[MVP§r§3+§r§b] catholicschool §r§eby §r§a[VIP§r§6+§r§a] himej0shi
14:01:43 [allowed] §9§m-----------------------------------------------------
14:01:45 [allowed] §9§m-----------------------------
14:01:45 [allowed] §eSkyBlock Party Warp §r§7(1 player)
14:01:45 [allowed] §a✔ §r§a[VIP§r§6+§r§a] himej0shi§r§f §r§awarped to your server
14:01:45 [allowed] §9§m-----------------------------
14:01:48 [allowed] §2Guild > §a[VIP§6+§a] himej0shi§f: §rTYYYYYYY
14:01:49 [allowed] §bhimej0shi joined SkyBlock.
14:01:51 [allowed] §5Rabbit Cousin §r§7has been promoted to §r§7[171§r§7] §r§5Manager§r§7!
14:01:52 [allowed] §cYou don't have enough Chocolate!
14:01:52 [allowed] §5Rabbit Cousin §r§7has been promoted to §r§7[172§r§7] §r§5Manager§r§7!
14:01:54 [allowed] §2Guild > §b[MVP§3+§b] catholicschool§f: §rnp:3
14:02:32 [TREE_GIFT] §9§l▬▬▬▬▬▬▬▬▬▬▬▬▬▬▬▬▬▬▬▬▬▬▬▬▬▬▬▬▬▬▬▬▬▬▬▬▬▬▬▬▬▬▬▬▬▬▬▬▬▬▬▬▬▬▬▬▬▬▬▬▬▬▬▬
14:02:32 [TREE_GIFT]                                  §r§9§lTREE GIFT
14:02:32 [TREE_GIFT] 
14:02:32 [TREE_GIFT]                  §r§7You helped cut §r§a100% §r§7of the §r§aFig Tree§r§7.
14:02:32 [TREE_GIFT] §f                       §e+5 rewards gained! §8(hover)
14:02:32 [TREE_GIFT] 
14:02:32 [TREE_GIFT]                                 §r§d§lBONUS GIFT
14:02:32 [TREE_GIFT]                           §r§7§r§aStretching Sticks §r§8(§r§a20%§r§8)
14:02:32 [allowed] §9Fig Tree Gift. §7You helped cut §a100.0% §7and gained §e5 rewards§a!
14:02:32 [TREE_GIFT] §9§l▬▬▬▬▬▬▬▬▬▬▬▬▬▬▬▬▬▬▬▬▬▬▬▬▬▬▬▬▬▬▬▬▬▬▬▬▬▬▬▬▬▬▬▬▬▬▬▬▬▬▬▬▬▬▬▬▬▬▬▬▬▬▬▬
14:02:38 [SACKS_CHANGE] §6[Sacks] §r§a+777§r§e items§r§e.§r§8 (Last 8s.)
14:02:40 [allowed] §cThere are blocks in the way!
14:02:42 [allowed] §7§oYou caught yourself an invisibug! The shard was sent to your Hunting Box!
14:02:42 [allowed] §aYou caught §7x2 §9Invisibug §aShards§a!
14:02:43 [allowed] §7§oYou caught yourself an invisibug! The shard was sent to your Hunting Box!
14:02:43 [allowed] §aYou caught an §9Invisibug §aShard!
14:02:49 [TREE_GIFT] §9§l▬▬▬▬▬▬▬▬▬▬▬▬▬▬▬▬▬▬▬▬▬▬▬▬▬▬▬▬▬▬▬▬▬▬▬▬▬▬▬▬▬▬▬▬▬▬▬▬▬▬▬▬▬▬▬▬▬▬▬▬▬▬▬▬
14:02:49 [TREE_GIFT]                                  §r§9§lTREE GIFT
14:02:49 [TREE_GIFT] 
14:02:49 [TREE_GIFT]                  §r§7You helped cut §r§a100% §r§7of the §r§aFig Tree§r§7.
14:02:49 [TREE_GIFT] §f                       §e+5 rewards gained! §8(hover)
14:02:49 [allowed] §9Fig Tree Gift. §7You helped cut §a100.0% §7and gained §e5 rewards§a!
14:02:49 [TREE_GIFT] §9§l▬▬▬▬▬▬▬▬▬▬▬▬▬▬▬▬▬▬▬▬▬▬▬▬▬▬▬▬▬▬▬▬▬▬▬▬▬▬▬▬▬▬▬▬▬▬▬▬▬▬▬▬▬▬▬▬▬▬▬▬▬▬▬▬
14:02:52 [allowed] §aYou caught §7x2 §fMudworm §aShards§a!
14:02:54 [SACKS_CHANGE] §6[Sacks] §r§a+767§r§e items§r§e.§r§8 (Last 8s.)
14:03:18 [EMPTY] 
14:03:18 [allowed]   §r§a§lBEACON REWARDS
14:03:18 [allowed]     §r§9Enchanted Fig Log
14:03:18 [allowed]     §r§9Enchanted Mangrove Log
14:03:18 [EMPTY] 
14:03:18 [allowed] §aYou adjusted the frequency of the Beacon!
14:03:18 [allowed] §bMoonglade Beacon§r§7 grants everyone on the island §r§6+40☘ Fig Fortune §r§7and §r§6+40☘ Mangrove Fortune§r§7!
14:03:20 [allowed] §cThere are blocks in the way!
14:03:24 [TREE_GIFT] §9§l▬▬▬▬▬▬▬▬▬▬▬▬▬▬▬▬▬▬▬▬▬▬▬▬▬▬▬▬▬▬▬▬▬▬▬▬▬▬▬▬▬▬▬▬▬▬▬▬▬▬▬▬▬▬▬▬▬▬▬▬▬▬▬▬
14:03:24 [TREE_GIFT]                                  §r§9§lTREE GIFT
14:03:24 [TREE_GIFT] 
14:03:24 [TREE_GIFT]                  §r§7You helped cut §r§a100% §r§7of the §r§aFig Tree§r§7.
14:03:24 [TREE_GIFT] §f                       §e+5 rewards gained! §8(hover)
14:03:24 [TREE_GIFT] 
14:03:24 [TREE_GIFT]                                 §r§d§lBONUS GIFT
14:03:24 [TREE_GIFT]                           §r§7§r§aStretching Sticks §r§8(§r§a20%§r§8)
14:03:24 [allowed] §9Fig Tree Gift. §7You helped cut §a100.0% §7and gained §e5 rewards§a!
14:03:24 [TREE_GIFT] §9§l▬▬▬▬▬▬▬▬▬▬▬▬▬▬▬▬▬▬▬▬▬▬▬▬▬▬▬▬▬▬▬▬▬▬▬▬▬▬▬▬▬▬▬▬▬▬▬▬▬▬▬▬▬▬▬▬▬▬▬▬▬▬▬▬
14:03:29 [TREE_GIFT] §9§l▬▬▬▬▬▬▬▬▬▬▬▬▬▬▬▬▬▬▬▬▬▬▬▬▬▬▬▬▬▬▬▬▬▬▬▬▬▬▬▬▬▬▬▬▬▬▬▬▬▬▬▬▬▬▬▬▬▬▬▬▬▬▬▬
14:03:29 [TREE_GIFT]                                  §r§9§lTREE GIFT
14:03:29 [TREE_GIFT] 
14:03:29 [TREE_GIFT]                  §r§7You helped cut §r§a100% §r§7of the §r§aFig Tree§r§7.
14:03:29 [TREE_GIFT] §f                       §e+5 rewards gained! §8(hover)
14:03:29 [TREE_GIFT] 
14:03:29 [TREE_GIFT]                                 §r§d§lBONUS GIFT
14:03:29 [TREE_GIFT]                           §r§7§r§aStretching Sticks §r§8(§r§a20%§r§8)
14:03:29 [allowed] §9Fig Tree Gift. §7You helped cut §a100.0% §7and gained §e5 rewards§a!
14:03:29 [TREE_GIFT] §9§l▬▬▬▬▬▬▬▬▬▬▬▬▬▬▬▬▬▬▬▬▬▬▬▬▬▬▬▬▬▬▬▬▬▬▬▬▬▬▬▬▬▬▬▬▬▬▬▬▬▬▬▬▬▬▬▬▬▬▬▬▬▬▬▬
14:03:33 [allowed] §cThere are blocks in the way!
14:03:37 [TREE_GIFT] §9§l▬▬▬▬▬▬▬▬▬▬▬▬▬▬▬▬▬▬▬▬▬▬▬▬▬▬▬▬▬▬▬▬▬▬▬▬▬▬▬▬▬▬▬▬▬▬▬▬▬▬▬▬▬▬▬▬▬▬▬▬▬▬▬▬
14:03:37 [TREE_GIFT]                                  §r§9§lTREE GIFT
14:03:37 [TREE_GIFT] 
14:03:37 [TREE_GIFT]                  §r§7You helped cut §r§a100% §r§7of the §r§aFig Tree§r§7.
14:03:37 [TREE_GIFT] §f                       §e+5 rewards gained! §8(hover)
14:03:37 [TREE_GIFT] 
14:03:37 [TREE_GIFT]                                 §r§d§lBONUS GIFT
14:03:37 [TREE_GIFT]                           §r§7§r§aStretching Sticks §r§8(§r§a20%§r§8)
14:03:37 [allowed] §9Fig Tree Gift. §7You helped cut §a100.0% §7and gained §e5 rewards§a!
14:03:37 [TREE_GIFT] §9§l▬▬▬▬▬▬▬▬▬▬▬▬▬▬▬▬▬▬▬▬▬▬▬▬▬▬▬▬▬▬▬▬▬▬▬▬▬▬▬▬▬▬▬▬▬▬▬▬▬▬▬▬▬▬▬▬▬▬▬▬▬▬▬▬
14:03:45 [TREE_GIFT] §9§l▬▬▬▬▬▬▬▬▬▬▬▬▬▬▬▬▬▬▬▬▬▬▬▬▬▬▬▬▬▬▬▬▬▬▬▬▬▬▬▬▬▬▬▬▬▬▬▬▬▬▬▬▬▬▬▬▬▬▬▬▬▬▬▬
14:03:45 [TREE_GIFT]                                  §r§9§lTREE GIFT
14:03:45 [TREE_GIFT] 
14:03:45 [TREE_GIFT]                  §r§7You helped cut §r§a100% §r§7of the §r§aFig Tree§r§7.
14:03:45 [TREE_GIFT] §f                       §e+5 rewards gained! §8(hover)
14:03:45 [TREE_GIFT] 
14:03:45 [TREE_GIFT]                                 §r§d§lBONUS GIFT
14:03:45 [TREE_GIFT]                           §r§7§r§aStretching Sticks §r§8(§r§a20%§r§8)
14:03:45 [TREE_GIFT]                      §r§7A §r§dPhanpyre §r§7fell from the Tree!
14:03:45 [allowed] §9Fig Tree Gift. §7You helped cut §a100.0% §7and gained §e5 rewards§a!
14:03:45 [TREE_GIFT] §9§l▬▬▬▬▬▬▬▬▬▬▬▬▬▬▬▬▬▬▬▬▬▬▬▬▬▬▬▬▬▬▬▬▬▬▬▬▬▬▬▬▬▬▬▬▬▬▬▬▬▬▬▬▬▬▬▬▬▬▬▬▬▬▬▬
14:03:49 [SACKS_CHANGE] §6[Sacks] §r§a+3,919§r§e items§r§e.§r§8 (Last 30s.)
14:03:52 [allowed] §cYou reeled too early! §r§fPhanpyre §r§cescaped!
14:04:02 [TREE_GIFT] §9§l▬▬▬▬▬▬▬▬▬▬▬▬▬▬▬▬▬▬▬▬▬▬▬▬▬▬▬▬▬▬▬▬▬▬▬▬▬▬▬▬▬▬▬▬▬▬▬▬▬▬▬▬▬▬▬▬▬▬▬▬▬▬▬▬
14:04:02 [TREE_GIFT]                                  §r§9§lTREE GIFT
14:04:02 [TREE_GIFT] 
14:04:02 [TREE_GIFT]                  §r§7You helped cut §r§a100% §r§7of the §r§aFig Tree§r§7.
14:04:02 [TREE_GIFT] §f                       §e+5 rewards gained! §8(hover)
14:04:02 [TREE_GIFT] 
14:04:02 [TREE_GIFT]                                 §r§d§lBONUS GIFT
14:04:02 [TREE_GIFT]                           §r§7§r§aStretching Sticks §r§8(§r§a20%§r§8)
14:04:02 [allowed] §9Fig Tree Gift. §7You helped cut §a100.0% §7and gained §e5 rewards§a!
14:04:02 [TREE_GIFT] §9§l▬▬▬▬▬▬▬▬▬▬▬▬▬▬▬▬▬▬▬▬▬▬▬▬▬▬▬▬▬▬▬▬▬▬▬▬▬▬▬▬▬▬▬▬▬▬▬▬▬▬▬▬▬▬▬▬▬▬▬▬▬▬▬▬
14:04:11 [TREE_GIFT] §9§l▬▬▬▬▬▬▬▬▬▬▬▬▬▬▬▬▬▬▬▬▬▬▬▬▬▬▬▬▬▬▬▬▬▬▬▬▬▬▬▬▬▬▬▬▬▬▬▬▬▬▬▬▬▬▬▬▬▬▬▬▬▬▬▬
14:04:11 [TREE_GIFT]                                  §r§9§lTREE GIFT
14:04:11 [TREE_GIFT] 
14:04:11 [TREE_GIFT]                  §r§7You helped cut §r§a100% §r§7of the §r§aFig Tree§r§7.
14:04:11 [TREE_GIFT] §f                       §e+5 rewards gained! §8(hover)
14:04:11 [TREE_GIFT] 
14:04:11 [TREE_GIFT]                                 §r§d§lBONUS GIFT
14:04:11 [TREE_GIFT]                           §r§7§r§aStretching Sticks §r§8(§r§a20%§r§8)
14:04:11 [TREE_GIFT]                             §r§7§r§fSweep Booster §r§8(§r§a1%§r§8)
14:04:11 [TREE_GIFT]                      §r§7A §r§dPhanflare §r§7fell from the Tree!
14:04:11 [allowed] §9Fig Tree Gift. §7You helped cut §a100.0% §7and gained §e5 rewards§a!
14:04:11 [allowed] §f - §fSweep Booster
14:04:11 [TREE_GIFT] §9§l▬▬▬▬▬▬▬▬▬▬▬▬▬▬▬▬▬▬▬▬▬▬▬▬▬▬▬▬▬▬▬▬▬▬▬▬▬▬▬▬▬▬▬▬▬▬▬▬▬▬▬▬▬▬▬▬▬▬▬▬▬▬▬▬
14:04:18 [TREE_GIFT] §9§l▬▬▬▬▬▬▬▬▬▬▬▬▬▬▬▬▬▬▬▬▬▬▬▬▬▬▬▬▬▬▬▬▬▬▬▬▬▬▬▬▬▬▬▬▬▬▬▬▬▬▬▬▬▬▬▬▬▬▬▬▬▬▬▬
14:04:18 [TREE_GIFT]                                  §r§9§lTREE GIFT
14:04:18 [TREE_GIFT] 
14:04:18 [TREE_GIFT]                  §r§7You helped cut §r§a100% §r§7of the §r§aFig Tree§r§7.
14:04:18 [TREE_GIFT] §f                       §e+5 rewards gained! §8(hover)
14:04:18 [TREE_GIFT] 
14:04:18 [TREE_GIFT]                                 §r§d§lBONUS GIFT
14:04:18 [TREE_GIFT]                           §r§7§r§aStretching Sticks §r§8(§r§a20%§r§8)
14:04:18 [allowed] §9Fig Tree Gift. §7You helped cut §a100.0% §7and gained §e5 rewards§a!
14:04:18 [TREE_GIFT] §9§l▬▬▬▬▬▬▬▬▬▬▬▬▬▬▬▬▬▬▬▬▬▬▬▬▬▬▬▬▬▬▬▬▬▬▬▬▬▬▬▬▬▬▬▬▬▬▬▬▬▬▬▬▬▬▬▬▬▬▬▬▬▬▬▬
14:04:26 [TREE_GIFT] §9§l▬▬▬▬▬▬▬▬▬▬▬▬▬▬▬▬▬▬▬▬▬▬▬▬▬▬▬▬▬▬▬▬▬▬▬▬▬▬▬▬▬▬▬▬▬▬▬▬▬▬▬▬▬▬▬▬▬▬▬▬▬▬▬▬
14:04:26 [TREE_GIFT]                                  §r§9§lTREE GIFT
14:04:26 [TREE_GIFT] 
14:04:26 [TREE_GIFT]                  §r§7You helped cut §r§a100% §r§7of the §r§aFig Tree§r§7.
14:04:26 [TREE_GIFT] §f                       §e+5 rewards gained! §8(hover)
14:04:26 [TREE_GIFT] 
14:04:26 [TREE_GIFT]                                 §r§d§lBONUS GIFT
14:04:26 [TREE_GIFT]                           §r§7§r§aStretching Sticks §r§8(§r§a20%§r§8)
14:04:26 [allowed] §9Fig Tree Gift. §7You helped cut §a100.0% §7and gained §e5 rewards§a!
14:04:26 [TREE_GIFT] §9§l▬▬▬▬▬▬▬▬▬▬▬▬▬▬▬▬▬▬▬▬▬▬▬▬▬▬▬▬▬▬▬▬▬▬▬▬▬▬▬▬▬▬▬▬▬▬▬▬▬▬▬▬▬▬▬▬▬▬▬▬▬▬▬▬
14:04:29 [SACKS_CHANGE] §6[Sacks] §r§a+4,851§r§e items§r§e.§r§8 (Last 30s.)
14:04:30 [TREE_GIFT] §9§l▬▬▬▬▬▬▬▬▬▬▬▬▬▬▬▬▬▬▬▬▬▬▬▬▬▬▬▬▬▬▬▬▬▬▬▬▬▬▬▬▬▬▬▬▬▬▬▬▬▬▬▬▬▬▬▬▬▬▬▬▬▬▬▬
14:04:30 [TREE_GIFT]                                  §r§9§lTREE GIFT
14:04:30 [TREE_GIFT] 
14:04:30 [TREE_GIFT]                  §r§7You helped cut §r§a100% §r§7of the §r§aFig Tree§r§7.
14:04:30 [TREE_GIFT] §f                       §e+5 rewards gained! §8(hover)
14:04:30 [allowed] §9Fig Tree Gift. §7You helped cut §a100.0% §7and gained §e5 rewards§a!
14:04:30 [TREE_GIFT] §9§l▬▬▬▬▬▬▬▬▬▬▬▬▬▬▬▬▬▬▬▬▬▬▬▬▬▬▬▬▬▬▬▬▬▬▬▬▬▬▬▬▬▬▬▬▬▬▬▬▬▬▬▬▬▬▬▬▬▬▬▬▬▬▬▬
14:04:44 [allowed] §cYou looked away! §r§fPhanflare §r§cescaped!
14:04:45 [SACKS_CHANGE] §6[Sacks] §r§a+1,911§r§e items§r§e.§r§8 (Last 15s.)
14:04:46 [allowed] §cYou didn't reel! §r§fPhanflare §r§cescaped!
14:04:52 [allowed] §cYou looked away! §r§fPhanflare §r§cescaped!
14:05:10 [TREE_GIFT] §9§l▬▬▬▬▬▬▬▬▬▬▬▬▬▬▬▬▬▬▬▬▬▬▬▬▬▬▬▬▬▬▬▬▬▬▬▬▬▬▬▬▬▬▬▬▬▬▬▬▬▬▬▬▬▬▬▬▬▬▬▬▬▬▬▬
14:05:10 [TREE_GIFT]                                  §r§9§lTREE GIFT
14:05:10 [TREE_GIFT] 
14:05:10 [TREE_GIFT]                  §r§7You helped cut §r§a100% §r§7of the §r§aFig Tree§r§7.
14:05:10 [TREE_GIFT] §f                       §e+5 rewards gained! §8(hover)
14:05:10 [TREE_GIFT] 
14:05:10 [TREE_GIFT]                                 §r§d§lBONUS GIFT
14:05:10 [TREE_GIFT]                           §r§7§r§aStretching Sticks §r§8(§r§a20%§r§8)
14:05:10 [allowed] §9Fig Tree Gift. §7You helped cut §a100.0% §7and gained §e5 rewards§a!
14:05:10 [TREE_GIFT] §9§l▬▬▬▬▬▬▬▬▬▬▬▬▬▬▬▬▬▬▬▬▬▬▬▬▬▬▬▬▬▬▬▬▬▬▬▬▬▬▬▬▬▬▬▬▬▬▬▬▬▬▬▬▬▬▬▬▬▬▬▬▬▬▬▬
14:05:18 [TREE_GIFT] §9§l▬▬▬▬▬▬▬▬▬▬▬▬▬▬▬▬▬▬▬▬▬▬▬▬▬▬▬▬▬▬▬▬▬▬▬▬▬▬▬▬▬▬▬▬▬▬▬▬▬▬▬▬▬▬▬▬▬▬▬▬▬▬▬▬
14:05:18 [TREE_GIFT]                                  §r§9§lTREE GIFT
14:05:18 [TREE_GIFT] 
14:05:18 [TREE_GIFT]                  §r§7You helped cut §r§a100% §r§7of the §r§aFig Tree§r§7.
14:05:18 [TREE_GIFT] §f                       §e+5 rewards gained! §8(hover)
14:05:18 [TREE_GIFT] 
14:05:18 [TREE_GIFT]                                 §r§d§lBONUS GIFT
14:05:18 [TREE_GIFT]                           §r§7§r§aStretching Sticks §r§8(§r§a20%§r§8)
14:05:18 [allowed] §9Fig Tree Gift. §7You helped cut §a100.0% §7and gained §e5 rewards§a!
14:05:18 [TREE_GIFT] §9§l▬▬▬▬▬▬▬▬▬▬▬▬▬▬▬▬▬▬▬▬▬▬▬▬▬▬▬▬▬▬▬▬▬▬▬▬▬▬▬▬▬▬▬▬▬▬▬▬▬▬▬▬▬▬▬▬▬▬▬▬▬▬▬▬
14:05:24 [SACKS_CHANGE] §6[Sacks] §r§a+1,572§r§e items§r§e.§r§8 (Last 28s.)
14:05:33 [TREE_GIFT] §9§l▬▬▬▬▬▬▬▬▬▬▬▬▬▬▬▬▬▬▬▬▬▬▬▬▬▬▬▬▬▬▬▬▬▬▬▬▬▬▬▬▬▬▬▬▬▬▬▬▬▬▬▬▬▬▬▬▬▬▬▬▬▬▬▬
14:05:33 [TREE_GIFT]                                  §r§9§lTREE GIFT
14:05:33 [TREE_GIFT] 
14:05:33 [TREE_GIFT]                  §r§7You helped cut §r§a100% §r§7of the §r§aFig Tree§r§7.
14:05:33 [TREE_GIFT] §f                       §e+5 rewards gained! §8(hover)
14:05:33 [allowed] §9Fig Tree Gift. §7You helped cut §a100.0% §7and gained §e5 rewards§a!
14:05:33 [TREE_GIFT] §9§l▬▬▬▬▬▬▬▬▬▬▬▬▬▬▬▬▬▬▬▬▬▬▬▬▬▬▬▬▬▬▬▬▬▬▬▬▬▬▬▬▬▬▬▬▬▬▬▬▬▬▬▬▬▬▬▬▬▬▬▬▬▬▬▬
14:05:39 [SACKS_CHANGE] §6[Sacks] §r§a+748§r§e items§r§e.§r§8 (Last 8s.)
14:05:44 [allowed] §aYou caught a §fPhanflare §aShard!
14:05:47 [GUILD_EXP] §aYou earned §r§2670 GEXP §r§a+ §r§e2,010 Event EXP §r§afrom playing SkyBlock!
14:06:13 [allowed] §2Guild > §a[VIP§6+§a] himej0shi§f: §romnom nerks
14:06:15 [TREE_GIFT] §9§l▬▬▬▬▬▬▬▬▬▬▬▬▬▬▬▬▬▬▬▬▬▬▬▬▬▬▬▬▬▬▬▬▬▬▬▬▬▬▬▬▬▬▬▬▬▬▬▬▬▬▬▬▬▬▬▬▬▬▬▬▬▬▬▬
14:06:15 [TREE_GIFT]                                  §r§9§lTREE GIFT
14:06:15 [TREE_GIFT] 
14:06:15 [TREE_GIFT]                  §r§7You helped cut §r§a100% §r§7of the §r§aFig Tree§r§7.
14:06:15 [TREE_GIFT] §f                       §e+5 rewards gained! §8(hover)
14:06:15 [TREE_GIFT]                      §r§7A §r§dPhanflare §r§7fell from the Tree!
14:06:15 [allowed] §9Fig Tree Gift. §7You helped cut §a100.0% §7and gained §e5 rewards§a!
14:06:15 [TREE_GIFT] §9§l▬▬▬▬▬▬▬▬▬▬▬▬▬▬▬▬▬▬▬▬▬▬▬▬▬▬▬▬▬▬▬▬▬▬▬▬▬▬▬▬▬▬▬▬▬▬▬▬▬▬▬▬▬▬▬▬▬▬▬▬▬▬▬▬
14:06:18 [allowed] §2Guild > §b[MVP§3+§b] catholicschool§f: §rawwww head isuuuuu
14:06:21 [SACKS_CHANGE] §6[Sacks] §r§a+305§r§e items§r§e.§r§8 (Last 9s.)
14:06:22 [allowed] §2Guild > §a[VIP§6+§a] himej0shi§f: §rtyyyyyy
14:06:30 [STASH_COMPACT] §eOne or more items didn't fit in your inventory and were added to your material stash! §6Click here §eto pick them up!
14:06:30 [STASH_COMPACT] §eOne or more items didn't fit in your inventory and were added to your item stash! §6Click here §eto pick them up!
14:06:30 [STASH_COMPACT] §eOne or more items didn't fit in your inventory and were added to your material stash! §6Click here §eto pick them up!
14:06:30 [STASH_COMPACT] §eOne or more items didn't fit in your inventory and were added to your item stash! §6Click here §eto pick them up!
14:06:30 [STASH_COMPACT] §eOne or more items didn't fit in your inventory and were added to your material stash! §6Click here §eto pick them up!
14:06:30 [STASH_COMPACT] §eOne or more items didn't fit in your inventory and were added to your item stash! §6Click here §eto pick them up!
14:06:31 [STASH_COMPACT] §eOne or more items didn't fit in your inventory and were added to your material stash! §6Click here §eto pick them up!
14:06:31 [STASH_COMPACT] §eOne or more items didn't fit in your inventory and were added to your item stash! §6Click here §eto pick them up!
14:06:31 [STASH_COMPACT] §eOne or more items didn't fit in your inventory and were added to your material stash! §6Click here §eto pick them up!
14:06:31 [STASH_COMPACT] §eOne or more items didn't fit in your inventory and were added to your item stash! §6Click here §eto pick them up!
14:06:31 [STASH_COMPACT] §eOne or more items didn't fit in your inventory and were added to your material stash! §6Click here §eto pick them up!
14:06:31 [STASH_COMPACT] §eOne or more items didn't fit in your inventory and were added to your item stash! §6Click here §eto pick them up!
14:06:31 [TREE_GIFT] §9§l▬▬▬▬▬▬▬▬▬▬▬▬▬▬▬▬▬▬▬▬▬▬▬▬▬▬▬▬▬▬▬▬▬▬▬▬▬▬▬▬▬▬▬▬▬▬▬▬▬▬▬▬▬▬▬▬▬▬▬▬▬▬▬▬
14:06:31 [TREE_GIFT]                                  §r§9§lTREE GIFT
14:06:31 [TREE_GIFT] 
14:06:31 [TREE_GIFT]                  §r§7You helped cut §r§a100% §r§7of the §r§aFig Tree§r§7.
14:06:31 [TREE_GIFT] §f                       §e+5 rewards gained! §8(hover)
14:06:31 [TREE_GIFT] 
14:06:31 [TREE_GIFT]                                 §r§d§lBONUS GIFT
14:06:31 [TREE_GIFT]                           §r§7§r§aStretching Sticks §r§8(§r§a20%§r§8)
14:06:31 [allowed] §9Fig Tree Gift. §7You helped cut §a100.0% §7and gained §e5 rewards§a!
14:06:31 [TREE_GIFT] §9§l▬▬▬▬▬▬▬▬▬▬▬▬▬▬▬▬▬▬▬▬▬▬▬▬▬▬▬▬▬▬▬▬▬▬▬▬▬▬▬▬▬▬▬▬▬▬▬▬▬▬▬▬▬▬▬▬▬▬▬▬▬▬▬▬
14:06:31 [STASH_COMPACT] §eOne or more items didn't fit in your inventory and were added to your material stash! §6Click here §eto pick them up!
14:06:31 [STASH_COMPACT] §eOne or more items didn't fit in your inventory and were added to your item stash! §6Click here §eto pick them up!
14:06:31 [STASH_COMPACT] §eOne or more items didn't fit in your inventory and were added to your material stash! §6Click here §eto pick them up!
14:06:31 [STASH_COMPACT] §eOne or more items didn't fit in your inventory and were added to your item stash! §6Click here §eto pick them up!
14:06:31 [STASH_COMPACT] §eOne or more items didn't fit in your inventory and were added to your material stash! §6Click here §eto pick them up!
14:06:31 [STASH_COMPACT] §eOne or more items didn't fit in your inventory and were added to your item stash! §6Click here §eto pick them up!
14:06:35 [STASH_COMPACT] §eOne or more items didn't fit in your inventory and were added to your material stash! §6Click here §eto pick them up!
14:06:35 [STASH_COMPACT] §eOne or more items didn't fit in your inventory and were added to your item stash! §6Click here §eto pick them up!
14:06:35 [STASH_COMPACT] §eOne or more items didn't fit in your inventory and were added to your material stash! §6Click here §eto pick them up!
14:06:35 [STASH_COMPACT] §eOne or more items didn't fit in your inventory and were added to your item stash! §6Click here §eto pick them up!
14:06:35 [STASH_COMPACT] §eOne or more items didn't fit in your inventory and were added to your material stash! §6Click here §eto pick them up!
14:06:35 [STASH_COMPACT] §eOne or more items didn't fit in your inventory and were added to your item stash! §6Click here §eto pick them up!
14:06:35 [STASH_COMPACT] §eOne or more items didn't fit in your inventory and were added to your material stash! §6Click here §eto pick them up!
14:06:35 [STASH_COMPACT] §eOne or more items didn't fit in your inventory and were added to your item stash! §6Click here §eto pick them up!
14:06:35 [STASH_COMPACT] §eOne or more items didn't fit in your inventory and were added to your material stash! §6Click here §eto pick them up!
14:06:35 [STASH_COMPACT] §eOne or more items didn't fit in your inventory and were added to your item stash! §6Click here §eto pick them up!
14:06:35 [STASH_COMPACT] §eOne or more items didn't fit in your inventory and were added to your material stash! §6Click here §eto pick them up!
14:06:35 [STASH_COMPACT] §eOne or more items didn't fit in your inventory and were added to your item stash! §6Click here §eto pick them up!
14:06:35 [STASH_COMPACT] §eOne or more items didn't fit in your inventory and were added to your material stash! §6Click here §eto pick them up!
14:06:35 [STASH_COMPACT] §eOne or more items didn't fit in your inventory and were added to your item stash! §6Click here §eto pick them up!
14:06:35 [STASH_COMPACT] §eOne or more items didn't fit in your inventory and were added to your material stash! §6Click here §eto pick them up!
14:06:35 [STASH_COMPACT] §eOne or more items didn't fit in your inventory and were added to your item stash! §6Click here §eto pick them up!
14:06:35 [STASH_COMPACT] §eOne or more items didn't fit in your inventory and were added to your material stash! §6Click here §eto pick them up!
14:06:35 [STASH_COMPACT] §eOne or more items didn't fit in your inventory and were added to your item stash! §6Click here §eto pick them up!
14:06:36 [SACKS_CHANGE] §6[Sacks] §r§a+6§r§e items§r§e.§r§8 (Last 5s.)
14:06:36 [STASH_COMPACT] §eOne or more items didn't fit in your inventory and were added to your material stash! §6Click here §eto pick them up!
14:06:36 [STASH_COMPACT] §eOne or more items didn't fit in your inventory and were added to your item stash! §6Click here §eto pick them up!
14:06:36 [STASH_COMPACT] §eOne or more items didn't fit in your inventory and were added to your material stash! §6Click here §eto pick them up!
14:06:36 [STASH_COMPACT] §eOne or more items didn't fit in your inventory and were added to your item stash! §6Click here §eto pick them up!
14:06:36 [STASH_COMPACT] §eOne or more items didn't fit in your inventory and were added to your material stash! §6Click here §eto pick them up!
14:06:36 [STASH_COMPACT] §eOne or more items didn't fit in your inventory and were added to your item stash! §6Click here §eto pick them up!
14:06:36 [STASH_COMPACT] §eOne or more items didn't fit in your inventory and were added to your material stash! §6Click here §eto pick them up!
14:06:36 [STASH_COMPACT] §eOne or more items didn't fit in your inventory and were added to your item stash! §6Click here §eto pick them up!
14:06:36 [STASH_COMPACT] §eOne or more items didn't fit in your inventory and were added to your material stash! §6Click here §eto pick them up!
14:06:36 [STASH_COMPACT] §eOne or more items didn't fit in your inventory and were added to your item stash! §6Click here §eto pick them up!
14:06:37 [STASH_COMPACT] §eOne or more items didn't fit in your inventory and were added to your material stash! §6Click here §eto pick them up!
14:06:37 [STASH_COMPACT] §eOne or more items didn't fit in your inventory and were added to your item stash! §6Click here §eto pick them up!
14:06:37 [TREE_GIFT] §9§l▬▬▬▬▬▬▬▬▬▬▬▬▬▬▬▬▬▬▬▬▬▬▬▬▬▬▬▬▬▬▬▬▬▬▬▬▬▬▬▬▬▬▬▬▬▬▬▬▬▬▬▬▬▬▬▬▬▬▬▬▬▬▬▬
14:06:37 [TREE_GIFT]                                  §r§9§lTREE GIFT
14:06:37 [TREE_GIFT] 
14:06:37 [TREE_GIFT]                  §r§7You helped cut §r§a100% §r§7of the §r§aFig Tree§r§7.
14:06:37 [TREE_GIFT] §f                       §e+5 rewards gained! §8(hover)
14:06:37 [allowed] §9Fig Tree Gift. §7You helped cut §a100.0% §7and gained §e5 rewards§a!
14:06:37 [TREE_GIFT] §9§l▬▬▬▬▬▬▬▬▬▬▬▬▬▬▬▬▬▬▬▬▬▬▬▬▬▬▬▬▬▬▬▬▬▬▬▬▬▬▬▬▬▬▬▬▬▬▬▬▬▬▬▬▬▬▬▬▬▬▬▬▬▬▬▬
14:06:37 [STASH_COMPACT] §eOne or more items didn't fit in your inventory and were added to your material stash! §6Click here §eto pick them up!
14:06:37 [STASH_COMPACT] §eOne or more items didn't fit in your inventory and were added to your item stash! §6Click here §eto pick them up!
14:06:37 [STASH_COMPACT] §eOne or more items didn't fit in your inventory and were added to your material stash! §6Click here §eto pick them up!
14:06:37 [STASH_COMPACT] §eOne or more items didn't fit in your inventory and were added to your item stash! §6Click here §eto pick them up!
14:06:37 [STASH_COMPACT] §eOne or more items didn't fit in your inventory and were added to your material stash! §6Click here §eto pick them up!
14:06:37 [STASH_COMPACT] §eOne or more items didn't fit in your inventory and were added to your item stash! §6Click here §eto pick them up!
14:06:38 [STASH_COMPACT] §eOne or more items didn't fit in your inventory and were added to your material stash! §6Click here §eto pick them up!
14:06:38 [STASH_COMPACT] §eOne or more items didn't fit in your inventory and were added to your item stash! §6Click here §eto pick them up!
14:06:38 [STASH_COMPACT] §eOne or more items didn't fit in your inventory and were added to your material stash! §6Click here §eto pick them up!
14:06:38 [STASH_COMPACT] §eOne or more items didn't fit in your inventory and were added to your item stash! §6Click here §eto pick them up!
14:06:42 [STASH_COMPACT] §eOne or more items didn't fit in your inventory and were added to your material stash! §6Click here §eto pick them up!
14:06:42 [STASH_COMPACT] §eOne or more items didn't fit in your inventory and were added to your item stash! §6Click here §eto pick them up!
14:06:42 [STASH_COMPACT] §eOne or more items didn't fit in your inventory and were added to your material stash! §6Click here §eto pick them up!
14:06:42 [STASH_COMPACT] §eOne or more items didn't fit in your inventory and were added to your item stash! §6Click here §eto pick them up!
14:06:42 [STASH_COMPACT] §eOne or more items didn't fit in your inventory and were added to your material stash! §6Click here §eto pick them up!
14:06:42 [STASH_COMPACT] §eOne or more items didn't fit in your inventory and were added to your item stash! §6Click here §eto pick them up!
14:06:42 [STASH_COMPACT] §eOne or more items didn't fit in your inventory and were added to your material stash! §6Click here §eto pick them up!
14:06:42 [STASH_COMPACT] §eOne or more items didn't fit in your inventory and were added to your item stash! §6Click here §eto pick them up!
14:06:42 [STASH_COMPACT] §eOne or more items didn't fit in your inventory and were added to your material stash! §6Click here §eto pick them up!
14:06:42 [STASH_COMPACT] §eOne or more items didn't fit in your inventory and were added to your item stash! §6Click here §eto pick them up!
14:06:42 [STASH_COMPACT] §eOne or more items didn't fit in your inventory and were added to your material stash! §6Click here §eto pick them up!
14:06:42 [STASH_COMPACT] §eOne or more items didn't fit in your inventory and were added to your item stash! §6Click here §eto pick them up!
14:06:42 [STASH_COMPACT] §eOne or more items didn't fit in your inventory and were added to your material stash! §6Click here §eto pick them up!
14:06:42 [STASH_COMPACT] §eOne or more items didn't fit in your inventory and were added to your item stash! §6Click here §eto pick them up!
14:06:43 [SACKS_CHANGE] §6[Sacks] §r§a+3§r§e items§r§e.§r§8 (Last 5s.)
14:06:43 [STASH_COMPACT] §eOne or more items didn't fit in your inventory and were added to your material stash! §6Click here §eto pick them up!
14:06:43 [STASH_COMPACT] §eOne or more items didn't fit in your inventory and were added to your item stash! §6Click here §eto pick them up!
14:06:43 [STASH_COMPACT] §eOne or more items didn't fit in your inventory and were added to your material stash! §6Click here §eto pick them up!
14:06:43 [STASH_COMPACT] §eOne or more items didn't fit in your inventory and were added to your item stash! §6Click here §eto pick them up!
14:06:44 [STASH_COMPACT] §eOne or more items didn't fit in your inventory and were added to your material stash! §6Click here §eto pick them up!
14:06:44 [STASH_COMPACT] §eOne or more items didn't fit in your inventory and were added to your item stash! §6Click here §eto pick them up!
14:06:44 [STASH_COMPACT] §eOne or more items didn't fit in your inventory and were added to your material stash! §6Click here §eto pick them up!
14:06:44 [STASH_COMPACT] §eOne or more items didn't fit in your inventory and were added to your item stash! §6Click here §eto pick them up!
14:06:44 [STASH_COMPACT] §eOne or more items didn't fit in your inventory and were added to your material stash! §6Click here §eto pick them up!
14:06:44 [STASH_COMPACT] §eOne or more items didn't fit in your inventory and were added to your item stash! §6Click here §eto pick them up!
14:06:44 [STASH_COMPACT] §eOne or more items didn't fit in your inventory and were added to your material stash! §6Click here §eto pick them up!
14:06:44 [STASH_COMPACT] §eOne or more items didn't fit in your inventory and were added to your item stash! §6Click here §eto pick them up!
14:06:44 [TREE_GIFT] §9§l▬▬▬▬▬▬▬▬▬▬▬▬▬▬▬▬▬▬▬▬▬▬▬▬▬▬▬▬▬▬▬▬▬▬▬▬▬▬▬▬▬▬▬▬▬▬▬▬▬▬▬▬▬▬▬▬▬▬▬▬▬▬▬▬
14:06:44 [TREE_GIFT]                                  §r§9§lTREE GIFT
14:06:44 [TREE_GIFT] 
14:06:44 [TREE_GIFT]                  §r§7You helped cut §r§a100% §r§7of the §r§aFig Tree§r§7.
14:06:44 [TREE_GIFT] §f                       §e+5 rewards gained! §8(hover)
14:06:44 [allowed] §9Fig Tree Gift. §7You helped cut §a100.0% §7and gained §e5 rewards§a!
14:06:44 [TREE_GIFT] §9§l▬▬▬▬▬▬▬▬▬▬▬▬▬▬▬▬▬▬▬▬▬▬▬▬▬▬▬▬▬▬▬▬▬▬▬▬▬▬▬▬▬▬▬▬▬▬▬▬▬▬▬▬▬▬▬▬▬▬▬▬▬▬▬▬
14:06:44 [STASH_COMPACT] §eOne or more items didn't fit in your inventory and were added to your material stash! §6Click here §eto pick them up!
14:06:44 [STASH_COMPACT] §eOne or more items didn't fit in your inventory and were added to your item stash! §6Click here §eto pick them up!
14:06:44 [STASH_COMPACT] §eOne or more items didn't fit in your inventory and were added to your material stash! §6Click here §eto pick them up!
14:06:44 [STASH_COMPACT] §eOne or more items didn't fit in your inventory and were added to your item stash! §6Click here §eto pick them up!
14:06:44 [STASH_COMPACT] §eOne or more items didn't fit in your inventory and were added to your material stash! §6Click here §eto pick them up!
14:06:44 [STASH_COMPACT] §eOne or more items didn't fit in your inventory and were added to your item stash! §6Click here §eto pick them up!
14:06:44 [STASH_COMPACT] §eOne or more items didn't fit in your inventory and were added to your material stash! §6Click here §eto pick them up!
14:06:44 [STASH_COMPACT] §eOne or more items didn't fit in your inventory and were added to your item stash! §6Click here §eto pick them up!
14:06:47 [STASH_COMPACT] §eOne or more items didn't fit in your inventory and were added to your material stash! §6Click here §eto pick them up!
14:06:47 [STASH_COMPACT] §eOne or more items didn't fit in your inventory and were added to your item stash! §6Click here §eto pick them up!
14:06:47 [allowed]  §b§l» §6nr1pir §eis traveling to §aHub §e§lFOLLOW
14:06:47 [STASH_COMPACT] §eOne or more items didn't fit in your inventory and were added to your material stash! §6Click here §eto pick them up!
14:06:47 [STASH_COMPACT] §eOne or more items didn't fit in your inventory and were added to your item stash! §6Click here §eto pick them up!
14:06:47 [STASH_COMPACT] §eOne or more items didn't fit in your inventory and were added to your material stash! §6Click here §eto pick them up!
14:06:47 [STASH_COMPACT] §eOne or more items didn't fit in your inventory and were added to your item stash! §6Click here §eto pick them up!
14:06:47 [STASH_COMPACT] §eOne or more items didn't fit in your inventory and were added to your material stash! §6Click here §eto pick them up!
14:06:47 [STASH_COMPACT] §eOne or more items didn't fit in your inventory and were added to your item stash! §6Click here §eto pick them up!
14:06:47 [STASH_COMPACT] §eOne or more items didn't fit in your inventory and were added to your material stash! §6Click here §eto pick them up!
14:06:47 [STASH_COMPACT] §eOne or more items didn't fit in your inventory and were added to your item stash! §6Click here §eto pick them up!
14:06:47 [STASH_COMPACT] §eOne or more items didn't fit in your inventory and were added to your material stash! §6Click here §eto pick them up!
14:06:47 [STASH_COMPACT] §eOne or more items didn't fit in your inventory and were added to your item stash! §6Click here §eto pick them up!
14:06:47 [STASH_COMPACT] §eOne or more items didn't fit in your inventory and were added to your material stash! §6Click here §eto pick them up!
14:06:47 [STASH_COMPACT] §eOne or more items didn't fit in your inventory and were added to your item stash! §6Click here §eto pick them up!
14:06:47 [STASH_COMPACT] §eOne or more items didn't fit in your inventory and were added to your material stash! §6Click here §eto pick them up!
14:06:47 [STASH_COMPACT] §eOne or more items didn't fit in your inventory and were added to your item stash! §6Click here §eto pick them up!
14:06:47 [STASH_COMPACT] §eOne or more items didn't fit in your inventory and were added to your material stash! §6Click here §eto pick them up!
14:06:47 [STASH_COMPACT] §eOne or more items didn't fit in your inventory and were added to your item stash! §6Click here §eto pick them up!
14:06:48 [STASH_COMPACT] §eOne or more items didn't fit in your inventory and were added to your material stash! §6Click here §eto pick them up!
14:06:48 [STASH_COMPACT] §eOne or more items didn't fit in your inventory and were added to your item stash! §6Click here §eto pick them up!
14:06:48 [STASH_COMPACT] §eOne or more items didn't fit in your inventory and were added to your material stash! §6Click here §eto pick them up!
14:06:48 [STASH_COMPACT] §eOne or more items didn't fit in your inventory and were added to your item stash! §6Click here §eto pick them up!
14:06:49 [STASH_COMPACT] §eOne or more items didn't fit in your inventory and were added to your material stash! §6Click here §eto pick them up!
14:06:49 [STASH_COMPACT] §eOne or more items didn't fit in your inventory and were added to your item stash! §6Click here §eto pick them up!
14:06:49 [STASH_COMPACT] §eOne or more items didn't fit in your inventory and were added to your material stash! §6Click here §eto pick them up!
14:06:49 [STASH_COMPACT] §eOne or more items didn't fit in your inventory and were added to your item stash! §6Click here §eto pick them up!
14:06:50 [STASH_COMPACT] §eOne or more items didn't fit in your inventory and were added to your material stash! §6Click here §eto pick them up!
14:06:50 [STASH_COMPACT] §eOne or more items didn't fit in your inventory and were added to your item stash! §6Click here §eto pick them up!
14:06:50 [STASH_COMPACT] §eOne or more items didn't fit in your inventory and were added to your material stash! §6Click here §eto pick them up!
14:06:50 [STASH_COMPACT] §eOne or more items didn't fit in your inventory and were added to your item stash! §6Click here §eto pick them up!
14:06:50 [SACKS_CHANGE] §6[Sacks] §r§a+2§r§e items§r§e.§r§8 (Last 5s.)
14:06:50 [STASH_COMPACT] §eOne or more items didn't fit in your inventory and were added to your material stash! §6Click here §eto pick them up!
14:06:50 [STASH_COMPACT] §eOne or more items didn't fit in your inventory and were added to your item stash! §6Click here §eto pick them up!
14:06:50 [STASH_COMPACT] §eOne or more items didn't fit in your inventory and were added to your material stash! §6Click here §eto pick them up!
14:06:50 [STASH_COMPACT] §eOne or more items didn't fit in your inventory and were added to your item stash! §6Click here §eto pick them up!
14:06:50 [STASH_COMPACT] §eOne or more items didn't fit in your inventory and were added to your material stash! §6Click here §eto pick them up!
14:06:50 [STASH_COMPACT] §eOne or more items didn't fit in your inventory and were added to your item stash! §6Click here §eto pick them up!
14:06:50 [STASH_COMPACT] §eOne or more items didn't fit in your inventory and were added to your material stash! §6Click here §eto pick them up!
14:06:50 [STASH_COMPACT] §eOne or more items didn't fit in your inventory and were added to your item stash! §6Click here §eto pick them up!
14:06:50 [STASH_COMPACT] §eOne or more items didn't fit in your inventory and were added to your material stash! §6Click here §eto pick them up!
14:06:50 [STASH_COMPACT] §eOne or more items didn't fit in your inventory and were added to your item stash! §6Click here §eto pick them up!
14:06:51 [TREE_GIFT] §9§l▬▬▬▬▬▬▬▬▬▬▬▬▬▬▬▬▬▬▬▬▬▬▬▬▬▬▬▬▬▬▬▬▬▬▬▬▬▬▬▬▬▬▬▬▬▬▬▬▬▬▬▬▬▬▬▬▬▬▬▬▬▬▬▬
14:06:51 [TREE_GIFT]                                  §r§9§lTREE GIFT
14:06:51 [TREE_GIFT] 
14:06:51 [TREE_GIFT]                  §r§7You helped cut §r§a100% §r§7of the §r§aFig Tree§r§7.
14:06:51 [TREE_GIFT] §f                       §e+5 rewards gained! §8(hover)
14:06:51 [TREE_GIFT] 
14:06:51 [TREE_GIFT]                                 §r§d§lBONUS GIFT
14:06:51 [TREE_GIFT]                           §r§7§r§aStretching Sticks §r§8(§r§a20%§r§8)
14:06:51 [TREE_GIFT]                             §r§7§r§fSweep Booster §r§8(§r§a1%§r§8)
14:06:51 [TREE_GIFT]                      §r§7A §r§dPhanpyre §r§7fell from the Tree!
14:06:51 [allowed] §9Fig Tree Gift. §7You helped cut §a100.0% §7and gained §e5 rewards§a!
14:06:51 [allowed] §f - §fSweep Booster
14:06:51 [TREE_GIFT] §9§l▬▬▬▬▬▬▬▬▬▬▬▬▬▬▬▬▬▬▬▬▬▬▬▬▬▬▬▬▬▬▬▬▬▬▬▬▬▬▬▬▬▬▬▬▬▬▬▬▬▬▬▬▬▬▬▬▬▬▬▬▬▬▬▬
14:06:51 [STASH_COMPACT] §eOne or more items didn't fit in your inventory and were added to your item stash! §6Click here §eto pick them up!
14:06:51 [STASH_COMPACT] §eOne or more items didn't fit in your inventory and were added to your material stash! §6Click here §eto pick them up!
14:06:51 [STASH_COMPACT] §eOne or more items didn't fit in your inventory and were added to your item stash! §6Click here §eto pick them up!
14:06:51 [STASH_COMPACT] §eOne or more items didn't fit in your inventory and were added to your material stash! §6Click here §eto pick them up!
14:06:51 [STASH_COMPACT] §eOne or more items didn't fit in your inventory and were added to your item stash! §6Click here §eto pick them up!
14:06:52 [EMPTY]  
14:06:52 [STASH_COMPACT] §f                     §7You have §a1 §7item stashed away!
14:06:52 [allowed] §e[SkyHanni] §eYou have §61 §eitem in stash. §eClick to §6pickup §eyour stash!
14:06:52 [STASH_COMPACT] §f                  §6§l>>> §6§lCLICK HERE§e to pick it up! §6§l<<<
14:06:52 [EMPTY]   
14:06:52 [EMPTY]  
14:06:52 [STASH_COMPACT] §f                §7You have §32,800 §7materials stashed away!
14:06:52 [STASH_COMPACT] §f               §8(This totals 1 type of material stashed!)
14:06:52 [allowed] §e[SkyHanni] §bYou have §32.8k §bmaterials in stash, §btotalling §31 type§b. §bClick to §3pickup §byour stash!
14:06:52 [STASH_COMPACT] §f                §3§l>>> §3§lCLICK HERE§b to pick them up! §3§l<<<
14:06:52 [EMPTY]   
14:06:53 [allowed] §cThere are blocks in the way!
14:06:55 [STASH_COMPACT] §eOne or more items didn't fit in your inventory and were added to your material stash! §6Click here §eto pick them up!
14:06:55 [STASH_COMPACT] §eOne or more items didn't fit in your inventory and were added to your item stash! §6Click here §eto pick them up!
14:06:55 [STASH_COMPACT] §eOne or more items didn't fit in your inventory and were added to your material stash! §6Click here §eto pick them up!
14:06:55 [STASH_COMPACT] §eOne or more items didn't fit in your inventory and were added to your item stash! §6Click here §eto pick them up!
14:06:55 [STASH_COMPACT] §eOne or more items didn't fit in your inventory and were added to your material stash! §6Click here §eto pick them up!
14:06:55 [STASH_COMPACT] §eOne or more items didn't fit in your inventory and were added to your item stash! §6Click here §eto pick them up!
14:06:55 [STASH_COMPACT] §eOne or more items didn't fit in your inventory and were added to your material stash! §6Click here §eto pick them up!
14:06:55 [STASH_COMPACT] §eOne or more items didn't fit in your inventory and were added to your item stash! §6Click here §eto pick them up!
14:06:55 [STASH_COMPACT] §eOne or more items didn't fit in your inventory and were added to your material stash! §6Click here §eto pick them up!
14:06:55 [STASH_COMPACT] §eOne or more items didn't fit in your inventory and were added to your item stash! §6Click here §eto pick them up!
14:06:56 [SACKS_CHANGE] §6[Sacks] §r§a+3§r§e items§r§e.§r§8 (Last 5s.)
14:06:56 [STASH_COMPACT] §eOne or more items didn't fit in your inventory and were added to your material stash! §6Click here §eto pick them up!
14:06:56 [STASH_COMPACT] §eOne or more items didn't fit in your inventory and were added to your item stash! §6Click here §eto pick them up!
14:06:56 [STASH_COMPACT] §eOne or more items didn't fit in your inventory and were added to your material stash! §6Click here §eto pick them up!
14:06:56 [STASH_COMPACT] §eOne or more items didn't fit in your inventory and were added to your item stash! §6Click here §eto pick them up!
14:06:56 [STASH_COMPACT] §eOne or more items didn't fit in your inventory and were added to your material stash! §6Click here §eto pick them up!
14:06:56 [STASH_COMPACT] §eOne or more items didn't fit in your inventory and were added to your item stash! §6Click here §eto pick them up!
14:06:57 [STASH_COMPACT] §eOne or more items didn't fit in your inventory and were added to your material stash! §6Click here §eto pick them up!
14:06:57 [STASH_COMPACT] §eOne or more items didn't fit in your inventory and were added to your item stash! §6Click here §eto pick them up!
14:06:57 [STASH_COMPACT] §eOne or more items didn't fit in your inventory and were added to your material stash! §6Click here §eto pick them up!
14:06:57 [STASH_COMPACT] §eOne or more items didn't fit in your inventory and were added to your item stash! §6Click here §eto pick them up!
14:06:57 [STASH_COMPACT] §eOne or more items didn't fit in your inventory and were added to your material stash! §6Click here §eto pick them up!
14:06:57 [STASH_COMPACT] §eOne or more items didn't fit in your inventory and were added to your item stash! §6Click here §eto pick them up!
14:07:02 [allowed] §cYou cannot pick these items up while in an inventory.
14:07:03 [allowed] §cCommand Failed: This command is on cooldown! Try again in §r§6about a second§r§c!
14:07:04 [allowed] §eFrom stash: §r§fSweep Booster
14:07:04 [allowed] §eYou picked up §r§aall §r§eitems from your item stash!
14:07:04 [allowed] §eFrom stash: §r§fFig Log
14:07:04 [allowed] §eFrom stash: §r§fFig Log
14:07:04 [allowed] §eFrom stash: §r§fFig Log
14:07:04 [allowed] §eFrom stash: §r§fFig Log
14:07:04 [allowed] §eFrom stash: §r§fFig Log
14:07:04 [allowed] §eFrom stash: §r§fFig Log
14:07:04 [allowed] §eFrom stash: §r§fFig Log
14:07:04 [allowed] §eFrom stash: §r§fFig Log
14:07:04 [allowed] §eFrom stash: §r§fFig Log
14:07:04 [allowed] §eFrom stash: §r§fFig Log
14:07:04 [allowed] §eFrom stash: §r§fFig Log
14:07:04 [allowed] §eFrom stash: §r§fFig Log
14:07:04 [allowed] §eFrom stash: §r§fFig Log
14:07:04 [allowed] §eFrom stash: §r§fFig Log
14:07:04 [allowed] §eFrom stash: §r§fFig Log
14:07:04 [allowed] §eFrom stash: §r§fFig Log
14:07:04 [allowed] §eFrom stash: §r§fFig Log
14:07:04 [allowed] §eFrom stash: §r§fFig Log
14:07:04 [allowed] §eFrom stash: §r§fFig Log
14:07:04 [allowed] §eFrom stash: §r§fFig Log
14:07:04 [allowed] §eYou picked up §r§a640 §r§eitems from your material stash!
14:07:04 [allowed] §eYou still have §a2,090 materials §etotalling §b1 §etypes of materials in there!
14:07:12 [allowed] §bCo-op > §6[MVP§2++§6] nr1pir§f: §rhypixel chat you xraying n
14:07:14 [SACKS_CHANGE] §6[Sacks] §r§a+11§r§e items§r§e.§r§8 (Last 9s.)
14:07:26 [TREE_GIFT] §9§l▬▬▬▬▬▬▬▬▬▬▬▬▬▬▬▬▬▬▬▬▬▬▬▬▬▬▬▬▬▬▬▬▬▬▬▬▬▬▬▬▬▬▬▬▬▬▬▬▬▬▬▬▬▬▬▬▬▬▬▬▬▬▬▬
14:07:26 [TREE_GIFT]                                  §r§9§lTREE GIFT
14:07:26 [TREE_GIFT] 
14:07:26 [TREE_GIFT]                  §r§7You helped cut §r§a100% §r§7of the §r§aFig Tree§r§7.
14:07:26 [TREE_GIFT] §f                       §e+5 rewards gained! §8(hover)
14:07:26 [TREE_GIFT] 
14:07:26 [TREE_GIFT]                                 §r§d§lBONUS GIFT
14:07:26 [TREE_GIFT]                           §r§7§r§aStretching Sticks §r§8(§r§a20%§r§8)
14:07:26 [allowed] §9Fig Tree Gift. §7You helped cut §a100.0% §7and gained §e5 rewards§a!
14:07:26 [TREE_GIFT] §9§l▬▬▬▬▬▬▬▬▬▬▬▬▬▬▬▬▬▬▬▬▬▬▬▬▬▬▬▬▬▬▬▬▬▬▬▬▬▬▬▬▬▬▬▬▬▬▬▬▬▬▬▬▬▬▬▬▬▬▬▬▬▬▬▬
14:07:28 [allowed] §eFrom stash: §r§fFig Log
14:07:28 [allowed] §eFrom stash: §r§fFig Log
14:07:28 [allowed] §eFrom stash: §r§fFig Log
14:07:28 [allowed] §eFrom stash: §r§fFig Log
14:07:28 [allowed] §eFrom stash: §r§fFig Log
14:07:28 [allowed] §eFrom stash: §r§fFig Log
14:07:28 [allowed] §eFrom stash: §r§fFig Log
14:07:28 [allowed] §eFrom stash: §r§fFig Log
14:07:28 [allowed] §eFrom stash: §r§fFig Log
14:07:28 [allowed] §eFrom stash: §r§fFig Log
14:07:28 [allowed] §eFrom stash: §r§fFig Log
14:07:28 [allowed] §eFrom stash: §r§fFig Log
14:07:28 [allowed] §eFrom stash: §r§fFig Log
14:07:28 [allowed] §eFrom stash: §r§fFig Log
14:07:28 [allowed] §eFrom stash: §r§fFig Log
14:07:28 [allowed] §eFrom stash: §r§fFig Log
14:07:28 [allowed] §eFrom stash: §r§fFig Log
14:07:28 [allowed] §eFrom stash: §r§fFig Log
14:07:28 [allowed] §eFrom stash: §r§fFig Log
14:07:28 [allowed] §eFrom stash: §r§fFig Log
14:07:28 [allowed] §eFrom stash: §r§fFig Log
14:07:28 [allowed] §eYou picked up §r§a1344 §r§eitems from your material stash!
14:07:28 [allowed] §eYou still have §a746 materials §etotalling §b1 §etypes of materials in there!
14:07:31 [allowed] §eFrom stash: §r§fFig Log
14:07:31 [allowed] §eFrom stash: §r§fFig Log
14:07:31 [allowed] §eFrom stash: §r§fFig Log
14:07:31 [allowed] §eFrom stash: §r§fFig Log
14:07:31 [allowed] §eFrom stash: §r§fFig Log
14:07:31 [allowed] §eFrom stash: §r§fFig Log
14:07:31 [allowed] §eFrom stash: §r§fFig Log
14:07:31 [allowed] §eFrom stash: §r§fFig Log
14:07:31 [allowed] §eFrom stash: §r§fFig Log
14:07:31 [allowed] §eFrom stash: §r§fFig Log
14:07:31 [allowed] §eFrom stash: §r§fFig Log
14:07:31 [allowed] §eFrom stash: §r§fFig Log
14:07:31 [allowed] §eYou picked up §r§aall §r§eitems from your material stash!
14:07:37 [SACKS_CHANGE] §6[Sacks] §r§a+29§r§e items§r§e.§r§8 (Last 22s.)
14:07:38 [allowed] §bCo-op > §a[VIP§6+§a] himej0shi§f: §r?
14:07:39 [TREE_GIFT] §9§l▬▬▬▬▬▬▬▬▬▬▬▬▬▬▬▬▬▬▬▬▬▬▬▬▬▬▬▬▬▬▬▬▬▬▬▬▬▬▬▬▬▬▬▬▬▬▬▬▬▬▬▬▬▬▬▬▬▬▬▬▬▬▬▬
14:07:39 [TREE_GIFT]                                  §r§9§lTREE GIFT
14:07:39 [TREE_GIFT] 
14:07:39 [TREE_GIFT]                  §r§7You helped cut §r§a100% §r§7of the §r§aFig Tree§r§7.
14:07:39 [TREE_GIFT] §f                       §e+5 rewards gained! §8(hover)
14:07:39 [TREE_GIFT] 
14:07:39 [TREE_GIFT]                                 §r§d§lBONUS GIFT
14:07:39 [TREE_GIFT]                           §r§7§r§aStretching Sticks §r§8(§r§a20%§r§8)
14:07:39 [TREE_GIFT]                      §r§7A §r§dPhanpyre §r§7fell from the Tree!
14:07:39 [allowed] §9Fig Tree Gift. §7You helped cut §a100.0% §7and gained §e5 rewards§a!
14:07:39 [TREE_GIFT] §9§l▬▬▬▬▬▬▬▬▬▬▬▬▬▬▬▬▬▬▬▬▬▬▬▬▬▬▬▬▬▬▬▬▬▬▬▬▬▬▬▬▬▬▬▬▬▬▬▬▬▬▬▬▬▬▬▬▬▬▬▬▬▬▬▬
14:07:43 [allowed] §bCo-op > §6[MVP§2++§6] nr1pir§f: §rthose who know:
14:07:45 [SACKS_CHANGE] §6[Sacks] §r§a+8§r§e items§r§e.§r§8 (Last 7s.)
14:07:46 [allowed] §bCo-op > §6[MVP§2++§6] nr1pir§f: §rhypixel lore
14:07:48 [TREE_GIFT] §9§l▬▬▬▬▬▬▬▬▬▬▬▬▬▬▬▬▬▬▬▬▬▬▬▬▬▬▬▬▬▬▬▬▬▬▬▬▬▬▬▬▬▬▬▬▬▬▬▬▬▬▬▬▬▬▬▬▬▬▬▬▬▬▬▬
14:07:48 [TREE_GIFT]                                  §r§9§lTREE GIFT
14:07:48 [TREE_GIFT] 
14:07:48 [TREE_GIFT]                  §r§7You helped cut §r§a100% §r§7of the §r§aFig Tree§r§7.
14:07:48 [TREE_GIFT] §f                       §e+5 rewards gained! §8(hover)
14:07:48 [TREE_GIFT]                      §r§7A §r§dPhanflare §r§7fell from the Tree!
14:07:48 [allowed] §9Fig Tree Gift. §7You helped cut §a100.0% §7and gained §e5 rewards§a!
14:07:48 [TREE_GIFT] §9§l▬▬▬▬▬▬▬▬▬▬▬▬▬▬▬▬▬▬▬▬▬▬▬▬▬▬▬▬▬▬▬▬▬▬▬▬▬▬▬▬▬▬▬▬▬▬▬▬▬▬▬▬▬▬▬▬▬▬▬▬▬▬▬▬
14:07:54 [SACKS_CHANGE] §6[Sacks] §r§a+7§r§e items§r§e.§r§8 (Last 8s.)
14:08:02 [allowed] §bCo-op > §a[VIP§6+§a] himej0shi§f: §rconcerning!!
14:08:03 [TREE_GIFT] §9§l▬▬▬▬▬▬▬▬▬▬▬▬▬▬▬▬▬▬▬▬▬▬▬▬▬▬▬▬▬▬▬▬▬▬▬▬▬▬▬▬▬▬▬▬▬▬▬▬▬▬▬▬▬▬▬▬▬▬▬▬▬▬▬▬
14:08:03 [TREE_GIFT]                                  §r§9§lTREE GIFT
14:08:03 [TREE_GIFT] 
14:08:03 [TREE_GIFT]                  §r§7You helped cut §r§a100% §r§7of the §r§aFig Tree§r§7.
14:08:03 [TREE_GIFT] §f                       §e+5 rewards gained! §8(hover)
14:08:03 [TREE_GIFT] 
14:08:03 [TREE_GIFT]                                 §r§d§lBONUS GIFT
14:08:03 [TREE_GIFT]                           §r§7§r§aStretching Sticks §r§8(§r§a20%§r§8)
14:08:03 [TREE_GIFT]                      §r§7§r§fForaging Wisdom Booster §r§8(§r§a0.5%§r§8)
14:08:03 [TREE_GIFT]                      §r§7A §r§dPhanpyre §r§7fell from the Tree!
14:08:03 [allowed] §9Fig Tree Gift. §7You helped cut §a100.0% §7and gained §e5 rewards§a!
14:08:03 [allowed] §f - §fForaging Wisdom Booster
14:08:03 [TREE_GIFT] §9§l▬▬▬▬▬▬▬▬▬▬▬▬▬▬▬▬▬▬▬▬▬▬▬▬▬▬▬▬▬▬▬▬▬▬▬▬▬▬▬▬▬▬▬▬▬▬▬▬▬▬▬▬▬▬▬▬▬▬▬▬▬▬▬▬
14:08:08 [SACKS_CHANGE] §6[Sacks] §r§a+14§r§e items§r§e.§r§8 (Last 13s.)
14:08:11 [allowed] §9§m-----------------------------------------------------
14:08:11 [allowed] §6Party Members (2)
14:08:11 [EMPTY] 
14:08:11 [allowed] §eParty Leader: §r§b[MVP§r§3+§r§b] catholicschool §r§a●
14:08:11 [EMPTY] 
14:08:11 [allowed] §eParty Moderators: §r§a[VIP§r§6+§r§a] himej0shi§r§a ● 
14:08:11 [allowed] §9§m-----------------------------------------------------
14:08:19 [TREE_GIFT] §9§l▬▬▬▬▬▬▬▬▬▬▬▬▬▬▬▬▬▬▬▬▬▬▬▬▬▬▬▬▬▬▬▬▬▬▬▬▬▬▬▬▬▬▬▬▬▬▬▬▬▬▬▬▬▬▬▬▬▬▬▬▬▬▬▬
14:08:19 [TREE_GIFT]                                  §r§9§lTREE GIFT
14:08:19 [TREE_GIFT] 
14:08:19 [TREE_GIFT]                  §r§7You helped cut §r§a100% §r§7of the §r§aFig Tree§r§7.
14:08:19 [TREE_GIFT] §f                       §e+5 rewards gained! §8(hover)
14:08:19 [TREE_GIFT] 
14:08:19 [TREE_GIFT]                                 §r§d§lBONUS GIFT
14:08:19 [TREE_GIFT]                           §r§7§r§aStretching Sticks §r§8(§r§a20%§r§8)
14:08:19 [allowed] §9Fig Tree Gift. §7You helped cut §a100.0% §7and gained §e5 rewards§a!
14:08:19 [TREE_GIFT] §9§l▬▬▬▬▬▬▬▬▬▬▬▬▬▬▬▬▬▬▬▬▬▬▬▬▬▬▬▬▬▬▬▬▬▬▬▬▬▬▬▬▬▬▬▬▬▬▬▬▬▬▬▬▬▬▬▬▬▬▬▬▬▬▬▬
14:08:25 [TREE_GIFT] §9§l▬▬▬▬▬▬▬▬▬▬▬▬▬▬▬▬▬▬▬▬▬▬▬▬▬▬▬▬▬▬▬▬▬▬▬▬▬▬▬▬▬▬▬▬▬▬▬▬▬▬▬▬▬▬▬▬▬▬▬▬▬▬▬▬
14:08:25 [TREE_GIFT]                                  §r§9§lTREE GIFT
14:08:25 [TREE_GIFT] 
14:08:25 [TREE_GIFT]                  §r§7You helped cut §r§a100% §r§7of the §r§aFig Tree§r§7.
14:08:25 [TREE_GIFT] §f                       §e+5 rewards gained! §8(hover)
14:08:25 [TREE_GIFT]                      §r§7A §r§dPhanpyre §r§7fell from the Tree!
14:08:25 [allowed] §9Fig Tree Gift. §7You helped cut §a100.0% §7and gained §e5 rewards§a!
14:08:25 [TREE_GIFT] §9§l▬▬▬▬▬▬▬▬▬▬▬▬▬▬▬▬▬▬▬▬▬▬▬▬▬▬▬▬▬▬▬▬▬▬▬▬▬▬▬▬▬▬▬▬▬▬▬▬▬▬▬▬▬▬▬▬▬▬▬▬▬▬▬▬
14:08:29 [allowed]  §b§l» §6nr1pir §eis traveling to §aPrivate Island §e§lFOLLOW
14:08:31 [SACKS_CHANGE] §6[Sacks] §r§a+22§r§e items§r§e.§r§8 (Last 15s.)
14:08:33 [allowed]  §b§l» §6nr1pir §eis traveling to §aBackwater Bayou §e§lFOLLOW
14:08:37 [allowed] §bnr1pir joined SkyBlock.
14:08:39 [TREE_GIFT] §9§l▬▬▬▬▬▬▬▬▬▬▬▬▬▬▬▬▬▬▬▬▬▬▬▬▬▬▬▬▬▬▬▬▬▬▬▬▬▬▬▬▬▬▬▬▬▬▬▬▬▬▬▬▬▬▬▬▬▬▬▬▬▬▬▬
14:08:39 [TREE_GIFT]                                  §r§9§lTREE GIFT
14:08:39 [TREE_GIFT] 
14:08:39 [TREE_GIFT]                  §r§7You helped cut §r§a100% §r§7of the §r§aFig Tree§r§7.
14:08:39 [TREE_GIFT] §f                       §e+5 rewards gained! §8(hover)
14:08:39 [TREE_GIFT] 
14:08:39 [TREE_GIFT]                                 §r§d§lBONUS GIFT
14:08:39 [TREE_GIFT]                           §r§7§r§aStretching Sticks §r§8(§r§a20%§r§8)
14:08:39 [allowed] §9Fig Tree Gift. §7You helped cut §a100.0% §7and gained §e5 rewards§a!
14:08:39 [TREE_GIFT] §9§l▬▬▬▬▬▬▬▬▬▬▬▬▬▬▬▬▬▬▬▬▬▬▬▬▬▬▬▬▬▬▬▬▬▬▬▬▬▬▬▬▬▬▬▬▬▬▬▬▬▬▬▬▬▬▬▬▬▬▬▬▬▬▬▬
14:08:47 [allowed]  §b§l» §6nr1pir §eis traveling to §aPrivate Island §e§lFOLLOW
14:08:49 [TREE_GIFT] §9§l▬▬▬▬▬▬▬▬▬▬▬▬▬▬▬▬▬▬▬▬▬▬▬▬▬▬▬▬▬▬▬▬▬▬▬▬▬▬▬▬▬▬▬▬▬▬▬▬▬▬▬▬▬▬▬▬▬▬▬▬▬▬▬▬
14:08:49 [TREE_GIFT]                                  §r§9§lTREE GIFT
14:08:49 [TREE_GIFT] 
14:08:49 [TREE_GIFT]                  §r§7You helped cut §r§a100% §r§7of the §r§aFig Tree§r§7.
14:08:49 [TREE_GIFT] §f                       §e+5 rewards gained! §8(hover)
14:08:49 [TREE_GIFT] 
14:08:49 [TREE_GIFT]                                 §r§d§lBONUS GIFT
14:08:49 [TREE_GIFT]                           §r§7§r§aStretching Sticks §r§8(§r§a20%§r§8)
14:08:49 [TREE_GIFT]                             §r§7§r§fSweep Booster §r§8(§r§a1%§r§8)
14:08:49 [allowed] §9Fig Tree Gift. §7You helped cut §a100.0% §7and gained §e5 rewards§a!
14:08:49 [allowed] §f - §fSweep Booster
14:08:49 [TREE_GIFT] §9§l▬▬▬▬▬▬▬▬▬▬▬▬▬▬▬▬▬▬▬▬▬▬▬▬▬▬▬▬▬▬▬▬▬▬▬▬▬▬▬▬▬▬▬▬▬▬▬▬▬▬▬▬▬▬▬▬▬▬▬▬▬▬▬▬
14:08:54 [allowed]  §b§l» §6nr1pir §eis traveling to §aBackwater Bayou §e§lFOLLOW
14:08:55 [SACKS_CHANGE] §6[Sacks] §r§a+29§r§e items§r§e.§r§8 (Last 19s.)
14:09:01 [allowed] §aYou caught §7x2 §fPhanflare §aShards§a!
14:09:07 [allowed] §aYou caught a §fPhanpyre §aShard!
14:09:13 [allowed] §aYou caught a §fPhanpyre §aShard!
14:09:22 [TREE_GIFT] §9§l▬▬▬▬▬▬▬▬▬▬▬▬▬▬▬▬▬▬▬▬▬▬▬▬▬▬▬▬▬▬▬▬▬▬▬▬▬▬▬▬▬▬▬▬▬▬▬▬▬▬▬▬▬▬▬▬▬▬▬▬▬▬▬▬
14:09:22 [TREE_GIFT]                                  §r§9§lTREE GIFT
14:09:22 [TREE_GIFT] 
14:09:22 [TREE_GIFT]                  §r§7You helped cut §r§a100% §r§7of the §r§aFig Tree§r§7.
14:09:22 [TREE_GIFT] §f                       §e+5 rewards gained! §8(hover)
14:09:22 [TREE_GIFT] 
14:09:22 [TREE_GIFT]                                 §r§d§lBONUS GIFT
14:09:22 [TREE_GIFT]                           §r§7§r§aStretching Sticks §r§8(§r§a20%§r§8)
14:09:22 [allowed] §9Fig Tree Gift. §7You helped cut §a100.0% §7and gained §e5 rewards§a!
14:09:22 [TREE_GIFT] §9§l▬▬▬▬▬▬▬▬▬▬▬▬▬▬▬▬▬▬▬▬▬▬▬▬▬▬▬▬▬▬▬▬▬▬▬▬▬▬▬▬▬▬▬▬▬▬▬▬▬▬▬▬▬▬▬▬▬▬▬▬▬▬▬▬
14:09:28 [SACKS_CHANGE] §6[Sacks] §r§a+14§r§e items§r§e.§r§8 (Last 9s.)
14:09:35 [allowed] §aYou caught a §fPhanflare §aShard!
14:09:38 [allowed] §cThere are blocks in the way!
14:09:43 [TREE_GIFT] §9§l▬▬▬▬▬▬▬▬▬▬▬▬▬▬▬▬▬▬▬▬▬▬▬▬▬▬▬▬▬▬▬▬▬▬▬▬▬▬▬▬▬▬▬▬▬▬▬▬▬▬▬▬▬▬▬▬▬▬▬▬▬▬▬▬
14:09:43 [TREE_GIFT]                                  §r§9§lTREE GIFT
14:09:43 [TREE_GIFT] 
14:09:43 [TREE_GIFT]                  §r§7You helped cut §r§a100% §r§7of the §r§aFig Tree§r§7.
14:09:43 [TREE_GIFT] §f                       §e+5 rewards gained! §8(hover)
14:09:43 [allowed] §9Fig Tree Gift. §7You helped cut §a100.0% §7and gained §e5 rewards§a!
14:09:43 [TREE_GIFT] §9§l▬▬▬▬▬▬▬▬▬▬▬▬▬▬▬▬▬▬▬▬▬▬▬▬▬▬▬▬▬▬▬▬▬▬▬▬▬▬▬▬▬▬▬▬▬▬▬▬▬▬▬▬▬▬▬▬▬▬▬▬▬▬▬▬
14:09:48 [allowed] §2Guild > §b[MVP§3+§b] catholicschool§f: §rngl i need a small break from sb
14:09:48 [SACKS_CHANGE] §6[Sacks] §r§a+8§r§e items§r§e.§r§8 (Last 8s.)
14:09:52 [TREE_GIFT] §9§l▬▬▬▬▬▬▬▬▬▬▬▬▬▬▬▬▬▬▬▬▬▬▬▬▬▬▬▬▬▬▬▬▬▬▬▬▬▬▬▬▬▬▬▬▬▬▬▬▬▬▬▬▬▬▬▬▬▬▬▬▬▬▬▬
14:09:52 [TREE_GIFT]                                  §r§9§lTREE GIFT
14:09:52 [TREE_GIFT] 
14:09:52 [TREE_GIFT]                  §r§7You helped cut §r§a100% §r§7of the §r§aFig Tree§r§7.
14:09:52 [TREE_GIFT] §f                       §e+5 rewards gained! §8(hover)
14:09:52 [allowed] §9Fig Tree Gift. §7You helped cut §a100.0% §7and gained §e5 rewards§a!
14:09:52 [TREE_GIFT] §9§l▬▬▬▬▬▬▬▬▬▬▬▬▬▬▬▬▬▬▬▬▬▬▬▬▬▬▬▬▬▬▬▬▬▬▬▬▬▬▬▬▬▬▬▬▬▬▬▬▬▬▬▬▬▬▬▬▬▬▬▬▬▬▬▬
14:09:53 [allowed] §2Guild > §a[VIP§6+§a] himej0shi§f: §rokiii
14:10:00 [TREE_GIFT] §9§l▬▬▬▬▬▬▬▬▬▬▬▬▬▬▬▬▬▬▬▬▬▬▬▬▬▬▬▬▬▬▬▬▬▬▬▬▬▬▬▬▬▬▬▬▬▬▬▬▬▬▬▬▬▬▬▬▬▬▬▬▬▬▬▬
14:10:00 [TREE_GIFT]                                  §r§9§lTREE GIFT
14:10:00 [TREE_GIFT] 
14:10:00 [TREE_GIFT]                  §r§7You helped cut §r§a100% §r§7of the §r§aFig Tree§r§7.
14:10:00 [TREE_GIFT] §f                       §e+5 rewards gained! §8(hover)
14:10:00 [TREE_GIFT] 
14:10:00 [TREE_GIFT]                                 §r§d§lBONUS GIFT
14:10:00 [TREE_GIFT]                           §r§7§r§aStretching Sticks §r§8(§r§a20%§r§8)
14:10:00 [TREE_GIFT]                      §r§7A §r§dPhanflare §r§7fell from the Tree!
14:10:00 [allowed] §9Fig Tree Gift. §7You helped cut §a100.0% §7and gained §e5 rewards§a!
14:10:00 [TREE_GIFT] §9§l▬▬▬▬▬▬▬▬▬▬▬▬▬▬▬▬▬▬▬▬▬▬▬▬▬▬▬▬▬▬▬▬▬▬▬▬▬▬▬▬▬▬▬▬▬▬▬▬▬▬▬▬▬▬▬▬▬▬▬▬▬▬▬▬
14:10:00 [allowed] §2Guild > §a[VIP§6+§a] himej0shi§f: §rsooviksid black souls v midagi muud?
14:10:05 [SACKS_CHANGE] §6[Sacks] §r§a+16§r§e items§r§e.§r§8 (Last 15s.)
14:10:06 [allowed] §2Guild > §b[MVP§3+§b] catholicschool§f: §rhiljem black souls
14:10:10 [allowed] §cYou looked away! §r§fPhanflare §r§cescaped!
14:10:12 [allowed] §2Guild > §a[VIP§6+§a] himej0shi§f: §rokiiii
14:10:22 [allowed] §2Guild > §b[MVP§3+§b] catholicschool§f: §rokiii cyaa fhjghfghfg
14:10:26 [allowed] §2Guild > §a[VIP§6+§a] himej0shi§f: §rokiiiiiiiiiiiiiiiiiiiii
14:10:29 [allowed] §2Guild > §a[VIP§6+§a] himej0shi§f: §rTAUUU
14:10:31 [allowed] §2Guild > §a[VIP§6+§a] himej0shi§f: §r:33
14:10:33 [allowed] §2Guild > §b[MVP§3+§b] catholicschool§f: §rtsaukiii
14:10:35 [allowed] §2Guild > §a[VIP§6+§a] himej0shi§f: §ra muidu
14:10:43 [allowed] §2Guild > §a[VIP§6+§a] himej0shi§f: §rpaha olla? või lihtsalt väsinud
14:10:48 [GUILD_EXP] §aYou earned §r§2750 GEXP §r§a+ §r§e2,250 Event EXP §r§afrom playing SkyBlock!
14:10:52 [allowed] §2Guild > §b[MVP§3+§b] catholicschool§f: §rmolemad
14:10:56 [allowed] §2Guild > §a[VIP§6+§a] himej0shi§f: §rähhh vaesekene
14:11:11 [allowed] §2Guild > §a[VIP§6+§a] himej0shi§f: §rpaipai kallikene
14:11:21 [allowed] §2Guild > §b[MVP§3+§b] catholicschool§f: §rmhmm
14:11:28 [allowed] §2Guild > §b[MVP§3+§b] catholicschool§f: §rokiii baii
14:11:30 [allowed] §2Guild > §a[VIP§6+§a] himej0shi§f: §rtauu
