13:59:14 [EMPTY] §f §r§r§r§f §r§r§r§1 §r§r§r§0 §r§r§r§2 §r§r§r§f §r§r§r§f §r§r§r§2 §r§r§r§0 §r§r§r§4 §r§r§r§3 §r§r§r§9 §r§r§r§2 §r§r§r§0 §r§r§r§0 §r§r§r§3 §r§r§r§9 §r§r§r§2 §r§r§r§0 §r§r§r§0 §r§r§r§3 §r§r§r§9 §r§r§r§2 §r§r§r§0 §r§r§r§0 
13:59:24 [EMPTY] §8 §r§8 §r§1 §r§3 §r§3 §r§7 §r§8 
13:59:25 [EMPTY] 
13:59:26 [EMPTY] 
13:59:26 [WELCOME] §eWelcome to §r§aHypixel SkyBlock§r§e!
13:59:26 [EMPTY] 
13:59:28 [PROFILE_JOIN] §aYou are playing on profile: §eLemon§b (Co-op)
13:59:28 [PROFILE_JOIN] §8Profile ID: 62b760d8-92b6-4501-ada0-1fd8583f5266
13:59:45 [TREE_GIFT] §9§l▬▬▬▬▬▬▬▬▬▬▬▬▬▬▬▬▬▬▬▬▬▬▬▬▬▬▬▬▬▬▬▬▬▬▬▬▬▬▬▬▬▬▬▬▬▬▬▬▬▬▬▬▬▬▬▬▬▬▬▬▬▬▬▬
13:59:45 [TREE_GIFT]                                  §r§9§lTREE GIFT
13:59:45 [TREE_GIFT] 
13:59:45 [TREE_GIFT]                  §r§7You helped cut §r§a100% §r§7of the §r§aFig Tree§r§7.
13:59:45 [TREE_GIFT] §f                       §e+5 rewards gained! §8(hover)
13:59:45 [TREE_GIFT] 
13:59:45 [TREE_GIFT]                                 §r§d§lBONUS GIFT
13:59:45 [TREE_GIFT]                           §r§7§r§aStretching Sticks §r§8(§r§a20%§r§8)
13:59:45 [TREE_GIFT] §9§l▬▬▬▬▬▬▬▬▬▬▬▬▬▬▬▬▬▬▬▬▬▬▬▬▬▬▬▬▬▬▬▬▬▬▬▬▬▬▬▬▬▬▬▬▬▬▬▬▬▬▬▬▬▬▬▬▬▬▬▬▬▬▬▬
13:59:51 [SACKS_CHANGE] §6[Sacks] §r§a+793§r§e items§r§e.§r§8 (Last 18s.)
14:00:05 [TREE_GIFT] §9§l▬▬▬▬▬▬▬▬▬▬▬▬▬▬▬▬▬▬▬▬▬▬▬▬▬▬▬▬▬▬▬▬▬▬▬▬▬▬▬▬▬▬▬▬▬▬▬▬▬▬▬▬▬▬▬▬▬▬▬▬▬▬▬▬
14:00:05 [TREE_GIFT]                                  §r§9§lTREE GIFT
14:00:05 [TREE_GIFT] 
14:00:05 [TREE_GIFT]                  §r§7You helped cut §r§a100% §r§7of the §r§aFig Tree§r§7.
14:00:05 [TREE_GIFT] §f                       §e+5 rewards gained! §8(hover)
14:00:05 [TREE_GIFT] 
14:00:05 [TREE_GIFT]                                 §r§d§lBONUS GIFT
14:00:05 [TREE_GIFT]                           §r§7§r§aStretching Sticks §r§8(§r§a20%§r§8)
14:00:05 [TREE_GIFT] §9§l▬▬▬▬▬▬▬▬▬▬▬▬▬▬▬▬▬▬▬▬▬▬▬▬▬▬▬▬▬▬▬▬▬▬▬▬▬▬▬▬▬▬▬▬▬▬▬▬▬▬▬▬▬▬▬▬▬▬▬▬▬▬▬▬
14:00:11 [SACKS_CHANGE] §6[Sacks] §r§a+769§r§e items§r§e.§r§8 (Last 15s.)
14:00:21 [TREE_GIFT] §9§l▬▬▬▬▬▬▬▬▬▬▬▬▬▬▬▬▬▬▬▬▬▬▬▬▬▬▬▬▬▬▬▬▬▬▬▬▬▬▬▬▬▬▬▬▬▬▬▬▬▬▬▬▬▬▬▬▬▬▬▬▬▬▬▬
14:00:21 [TREE_GIFT]                                  §r§9§lTREE GIFT
14:00:21 [TREE_GIFT] 
14:00:21 [TREE_GIFT]                   §r§7You helped cut §r§c5.8% §r§7of the §r§aFig Tree§r§7.
14:00:21 [TREE_GIFT]                             §r§e+0 rewards gained!
14:00:21 [TREE_GIFT] §9§l▬▬▬▬▬▬▬▬▬▬▬▬▬▬▬▬▬▬▬▬▬▬▬▬▬▬▬▬▬▬▬▬▬▬▬▬▬▬▬▬▬▬▬▬▬▬▬▬▬▬▬▬▬▬▬▬▬▬▬▬▬▬▬▬
14:00:23 [TREE_GIFT] §9§l▬▬▬▬▬▬▬▬▬▬▬▬▬▬▬▬▬▬▬▬▬▬▬▬▬▬▬▬▬▬▬▬▬▬▬▬▬▬▬▬▬▬▬▬▬▬▬▬▬▬▬▬▬▬▬▬▬▬▬▬▬▬▬▬
14:00:23 [TREE_GIFT]                                  §r§9§lTREE GIFT
14:00:23 [TREE_GIFT] 
14:00:23 [TREE_GIFT]                  §r§7You helped cut §r§a100% §r§7of the §r§aFig Tree§r§7.
14:00:23 [TREE_GIFT] §f                       §e+5 rewards gained! §8(hover)
14:00:23 [TREE_GIFT]                      §r§7A §r§dPhanpyre §r§7fell from the Tree!
14:00:23 [TREE_GIFT] §9§l▬▬▬▬▬▬▬▬▬▬▬▬▬▬▬▬▬▬▬▬▬▬▬▬▬▬▬▬▬▬▬▬▬▬▬▬▬▬▬▬▬▬▬▬▬▬▬▬▬▬▬▬▬▬▬▬▬▬▬▬▬▬▬▬
14:00:29 [SACKS_CHANGE] §6[Sacks] §r§a+787§r§e items§r§e.§r§8 (Last 9s.)
14:00:38 [TREE_GIFT] §9§l▬▬▬▬▬▬▬▬▬▬▬▬▬▬▬▬▬▬▬▬▬▬▬▬▬▬▬▬▬▬▬▬▬▬▬▬▬▬▬▬▬▬▬▬▬▬▬▬▬▬▬▬▬▬▬▬▬▬▬▬▬▬▬▬
14:00:38 [TREE_GIFT]                                  §r§9§lTREE GIFT
14:00:38 [TREE_GIFT] 
14:00:38 [TREE_GIFT]                  §r§7You helped cut §r§a100% §r§7of the §r§aFig Tree§r§7.
14:00:38 [TREE_GIFT] §f                       §e+5 rewards gained! §8(hover)
14:00:38 [TREE_GIFT] §9§l▬▬▬▬▬▬▬▬▬▬▬▬▬▬▬▬▬▬▬▬▬▬▬▬▬▬▬▬▬▬▬▬▬▬▬▬▬▬▬▬▬▬▬▬▬▬▬▬▬▬▬▬▬▬▬▬▬▬▬▬▬▬▬▬
14:00:46 [GUILD_EXP] §aYou earned §r§238 GEXP §r§a+ §r§e114 Event EXP §r§afrom playing SkyBlock!
14:01:02 [SACKS_CHANGE] §6[Sacks] §r§a+2,242§r§e items§r§e.§r§8 (Last 25s.)
14:01:09 [TREE_GIFT] §9§l▬▬▬▬▬▬▬▬▬▬▬▬▬▬▬▬▬▬▬▬▬▬▬▬▬▬▬▬▬▬▬▬▬▬▬▬▬▬▬▬▬▬▬▬▬▬▬▬▬▬▬▬▬▬▬▬▬▬▬▬▬▬▬▬
14:01:09 [TREE_GIFT]                                  §r§9§lTREE GIFT
14:01:09 [TREE_GIFT] 
14:01:09 [TREE_GIFT]                  §r§7You helped cut §r§a100% §r§7of the §r§aFig Tree§r§7.
14:01:09 [TREE_GIFT] §f                       §e+5 rewards gained! §8(hover)
14:01:09 [TREE_GIFT] 
14:01:09 [TREE_GIFT]                                 §r§d§lBONUS GIFT
14:01:09 [TREE_GIFT]                           §r§7§r§aStretching Sticks §r§8(§r§a20%§r§8)
14:01:09 [TREE_GIFT] §9§l▬▬▬▬▬▬▬▬▬▬▬▬▬▬▬▬▬▬▬▬▬▬▬▬▬▬▬▬▬▬▬▬▬▬▬▬▬▬▬▬▬▬▬▬▬▬▬▬▬▬▬▬▬▬▬▬▬▬▬▬▬▬▬▬
14:01:18 [SACKS_CHANGE] §6[Sacks] §r§a+74§r§e items§r§e.§r§8 (Last 12s.)
14:02:32 [TREE_GIFT] §9§l▬▬▬▬▬▬▬▬▬▬▬▬▬▬▬▬▬▬▬▬▬▬▬▬▬▬▬▬▬▬▬▬▬▬▬▬▬▬▬▬▬▬▬▬▬▬▬▬▬▬▬▬▬▬▬▬▬▬▬▬▬▬▬▬
14:02:32 [TREE_GIFT]                                  §r§9§lTREE GIFT
14:02:32 [TREE_GIFT] 
14:02:32 [TREE_GIFT]                  §r§7You helped cut §r§a100% §r§7of the §r§aFig Tree§r§7.
14:02:32 [TREE_GIFT] §f                       §e+5 rewards gained! §8(hover)
14:02:32 [TREE_GIFT] 
14:02:32 [TREE_GIFT]                                 §r§d§lBONUS GIFT
14:02:32 [TREE_GIFT]                           §r§7§r§aStretching Sticks §r§8(§r§a20%§r§8)
14:02:32 [TREE_GIFT] §9§l▬▬▬▬▬▬▬▬▬▬▬▬▬▬▬▬▬▬▬▬▬▬▬▬▬▬▬▬▬▬▬▬▬▬▬▬▬▬▬▬▬▬▬▬▬▬▬▬▬▬▬▬▬▬▬▬▬▬▬▬▬▬▬▬
14:02:38 [SACKS_CHANGE] §6[Sacks] §r§a+777§r§e items§r§e.§r§8 (Last 8s.)
14:02:49 [TREE_GIFT] §9§l▬▬▬▬▬▬▬▬▬▬▬▬▬▬▬▬▬▬▬▬▬▬▬▬▬▬▬▬▬▬▬▬▬▬▬▬▬▬▬▬▬▬▬▬▬▬▬▬▬▬▬▬▬▬▬▬▬▬▬▬▬▬▬▬
14:02:49 [TREE_GIFT]                                  §r§9§lTREE GIFT
14:02:49 [TREE_GIFT] 
14:02:49 [TREE_GIFT]                  §r§7You helped cut §r§a100% §r§7of the §r§aFig Tree§r§7.
14:02:49 [TREE_GIFT] §f                       §e+5 rewards gained! §8(hover)
14:02:49 [TREE_GIFT] §9§l▬▬▬▬▬▬▬▬▬▬▬▬▬▬▬▬▬▬▬▬▬▬▬▬▬▬▬▬▬▬▬▬▬▬▬▬▬▬▬▬▬▬▬▬▬▬▬▬▬▬▬▬▬▬▬▬▬▬▬▬▬▬▬▬
14:02:54 [SACKS_CHANGE] §6[Sacks] §r§a+767§r§e items§r§e.§r§8 (Last 8s.)
14:03:18 [EMPTY] 
14:03:18 [EMPTY] 
14:03:24 [TREE_GIFT] §9§l▬▬▬▬▬▬▬▬▬▬▬▬▬▬▬▬▬▬▬▬▬▬▬▬▬▬▬▬▬▬▬▬▬▬▬▬▬▬▬▬▬▬▬▬▬▬▬▬▬▬▬▬▬▬▬▬▬▬▬▬▬▬▬▬
14:03:24 [TREE_GIFT]                                  §r§9§lTREE GIFT
14:03:24 [TREE_GIFT] 
14:03:24 [TREE_GIFT]                  §r§7You helped cut §r§a100% §r§7of the §r§aFig Tree§r§7.
14:03:24 [TREE_GIFT] §f                       §e+5 rewards gained! §8(hover)
14:03:24 [TREE_GIFT] 
14:03:24 [TREE_GIFT]                                 §r§d§lBONUS GIFT
14:03:24 [TREE_GIFT]                           §r§7§r§aStretching Sticks §r§8(§r§a20%§r§8)
14:03:24 [TREE_GIFT] §9§l▬▬▬▬▬▬▬▬▬▬▬▬▬▬▬▬▬▬▬▬▬▬▬▬▬▬▬▬▬▬▬▬▬▬▬▬▬▬▬▬▬▬▬▬▬▬▬▬▬▬▬▬▬▬▬▬▬▬▬▬▬▬▬▬
14:03:29 [TREE_GIFT] §9§l▬▬▬▬▬▬▬▬▬▬▬▬▬▬▬▬▬▬▬▬▬▬▬▬▬▬▬▬▬▬▬▬▬▬▬▬▬▬▬▬▬▬▬▬▬▬▬▬▬▬▬▬▬▬▬▬▬▬▬▬▬▬▬▬
14:03:29 [TREE_GIFT]                                  §r§9§lTREE GIFT
14:03:29 [TREE_GIFT] 
14:03:29 [TREE_GIFT]                  §r§7You helped cut §r§a100% §r§7of the §r§aFig Tree§r§7.
14:03:29 [TREE_GIFT] §f                       §e+5 rewards gained! §8(hover)
14:03:29 [TREE_GIFT] 
14:03:29 [TREE_GIFT]                                 §r§d§lBONUS GIFT
14:03:29 [TREE_GIFT]                           §r§7§r§aStretching Sticks §r§8(§r§a20%§r§8)
14:03:29 [TREE_GIFT] §9§l▬▬▬▬▬▬▬▬▬▬▬▬▬▬▬▬▬▬▬▬▬▬▬▬▬▬▬▬▬▬▬▬▬▬▬▬▬▬▬▬▬▬▬▬▬▬▬▬▬▬▬▬▬▬▬▬▬▬▬▬▬▬▬▬
14:03:37 [TREE_GIFT] §9§l▬▬▬▬▬▬▬▬▬▬▬▬▬▬▬▬▬▬▬▬▬▬▬▬▬▬▬▬▬▬▬▬▬▬▬▬▬▬▬▬▬▬▬▬▬▬▬▬▬▬▬▬▬▬▬▬▬▬▬▬▬▬▬▬
14:03:37 [TREE_GIFT]                                  §r§9§lTREE GIFT
14:03:37 [TREE_GIFT] 
14:03:37 [TREE_GIFT]                  §r§7You helped cut §r§a100% §r§7of the §r§aFig Tree§r§7.
14:03:37 [TREE_GIFT] §f                       §e+5 rewards gained! §8(hover)
14:03:37 [TREE_GIFT] 
14:03:37 [TREE_GIFT]                                 §r§d§lBONUS GIFT
14:03:37 [TREE_GIFT]                           §r§7§r§aStretching Sticks §r§8(§r§a20%§r§8)
14:03:37 [TREE_GIFT] §9§l▬▬▬▬▬▬▬▬▬▬▬▬▬▬▬▬▬▬▬▬▬▬▬▬▬▬▬▬▬▬▬▬▬▬▬▬▬▬▬▬▬▬▬▬▬▬▬▬▬▬▬▬▬▬▬▬▬▬▬▬▬▬▬▬
14:03:45 [TREE_GIFT] §9§l▬▬▬▬▬▬▬▬▬▬▬▬▬▬▬▬▬▬▬▬▬▬▬▬▬▬▬▬▬▬▬▬▬▬▬▬▬▬▬▬▬▬▬▬▬▬▬▬▬▬▬▬▬▬▬▬▬▬▬▬▬▬▬▬
14:03:45 [TREE_GIFT]                                  §r§9§lTREE GIFT
14:03:45 [TREE_GIFT] 
14:03:45 [TREE_GIFT]                  §r§7You helped cut §r§a100% §r§7of the §r§aFig Tree§r§7.
14:03:45 [TREE_GIFT] §f                       §e+5 rewards gained! §8(hover)
14:03:45 [TREE_GIFT] 
14:03:45 [TREE_GIFT]                                 §r§d§lBONUS GIFT
14:03:45 [TREE_GIFT]                           §r§7§r§aStretching Sticks §r§8(§r§a20%§r§8)
14:03:45 [TREE_GIFT]                      §r§7A §r§dPhanpyre §r§7fell from the Tree!
14:03:45 [TREE_GIFT] §9§l▬▬▬▬▬▬▬▬▬▬▬▬▬▬▬▬▬▬▬▬▬▬▬▬▬▬▬▬▬▬▬▬▬▬▬▬▬▬▬▬▬▬▬▬▬▬▬▬▬▬▬▬▬▬▬▬▬▬▬▬▬▬▬▬
14:03:49 [SACKS_CHANGE] §6[Sacks] §r§a+3,919§r§e items§r§e.§r§8 (Last 30s.)
14:04:02 [TREE_GIFT] §9§l▬▬▬▬▬▬▬▬▬▬▬▬▬▬▬▬▬▬▬▬▬▬▬▬▬▬▬▬▬▬▬▬▬▬▬▬▬▬▬▬▬▬▬▬▬▬▬▬▬▬▬▬▬▬▬▬▬▬▬▬▬▬▬▬
14:04:02 [TREE_GIFT]                                  §r§9§lTREE GIFT
14:04:02 [TREE_GIFT] 
14:04:02 [TREE_GIFT]                  §r§7You helped cut §r§a100% §r§7of the §r§aFig Tree§r§7.
14:04:02 [TREE_GIFT] §f                       §e+5 rewards gained! §8(hover)
14:04:02 [TREE_GIFT] 
14:04:02 [TREE_GIFT]                                 §r§d§lBONUS GIFT
14:04:02 [TREE_GIFT]                           §r§7§r§aStretching Sticks §r§8(§r§a20%§r§8)
14:04:02 [TREE_GIFT] §9§l▬▬▬▬▬▬▬▬▬▬▬▬▬▬▬▬▬▬▬▬▬▬▬▬▬▬▬▬▬▬▬▬▬▬▬▬▬▬▬▬▬▬▬▬▬▬▬▬▬▬▬▬▬▬▬▬▬▬▬▬▬▬▬▬
14:04:11 [TREE_GIFT] §9§l▬▬▬▬▬▬▬▬▬▬▬▬▬▬▬▬▬▬▬▬▬▬▬▬▬▬▬▬▬▬▬▬▬▬▬▬▬▬▬▬▬▬▬▬▬▬▬▬▬▬▬▬▬▬▬▬▬▬▬▬▬▬▬▬
14:04:11 [TREE_GIFT]                                  §r§9§lTREE GIFT
14:04:11 [TREE_GIFT] 
14:04:11 [TREE_GIFT]                  §r§7You helped cut §r§a100% §r§7of the §r§aFig Tree§r§7.
14:04:11 [TREE_GIFT] §f                       §e+5 rewards gained! §8(hover)
14:04:11 [TREE_GIFT] 
14:04:11 [TREE_GIFT]                                 §r§d§lBONUS GIFT
14:04:11 [TREE_GIFT]                           §r§7§r§aStretching Sticks §r§8(§r§a20%§r§8)
14:04:11 [TREE_GIFT]                             §r§7§r§fSweep Booster §r§8(§r§a1%§r§8)
14:04:11 [TREE_GIFT]                      §r§7A §r§dPhanflare §r§7fell from the Tree!
14:04:11 [TREE_GIFT] §9§l▬▬▬▬▬▬▬▬▬▬▬▬▬▬▬▬▬▬▬▬▬▬▬▬▬▬▬▬▬▬▬▬▬▬▬▬▬▬▬▬▬▬▬▬▬▬▬▬▬▬▬▬▬▬▬▬▬▬▬▬▬▬▬▬
14:04:18 [TREE_GIFT] §9§l▬▬▬▬▬▬▬▬▬▬▬▬▬▬▬▬▬▬▬▬▬▬▬▬▬▬▬▬▬▬▬▬▬▬▬▬▬▬▬▬▬▬▬▬▬▬▬▬▬▬▬▬▬▬▬▬▬▬▬▬▬▬▬▬
14:04:18 [TREE_GIFT]                                  §r§9§lTREE GIFT
14:04:18 [TREE_GIFT] 
14:04:18 [TREE_GIFT]                  §r§7You helped cut §r§a100% §r§7of the §r§aFig Tree§r§7.
14:04:18 [TREE_GIFT] §f                       §e+5 rewards gained! §8(hover)
14:04:18 [TREE_GIFT] 
14:04:18 [TREE_GIFT]                                 §r§d§lBONUS GIFT
14:04:18 [TREE_GIFT]                           §r§7§r§aStretching Sticks §r§8(§r§a20%§r§8)
14:04:18 [TREE_GIFT] §9§l▬▬▬▬▬▬▬▬▬▬▬▬▬▬▬▬▬▬▬▬▬▬▬▬▬▬▬▬▬▬▬▬▬▬▬▬▬▬▬▬▬▬▬▬▬▬▬▬▬▬▬▬▬▬▬▬▬▬▬▬▬▬▬▬
14:04:26 [TREE_GIFT] §9§l▬▬▬▬▬▬▬▬▬▬▬▬▬▬▬▬▬▬▬▬▬▬▬▬▬▬▬▬▬▬▬▬▬▬▬▬▬▬▬▬▬▬▬▬▬▬▬▬▬▬▬▬▬▬▬▬▬▬▬▬▬▬▬▬
14:04:26 [TREE_GIFT]                                  §r§9§lTREE GIFT
14:04:26 [TREE_GIFT] 
14:04:26 [TREE_GIFT]                  §r§7You helped cut §r§a100% §r§7of the §r§aFig Tree§r§7.
14:04:26 [TREE_GIFT] §f                       §e+5 rewards gained! §8(hover)
14:04:26 [TREE_GIFT] 
14:04:26 [TREE_GIFT]                                 §r§d§lBONUS GIFT
14:04:26 [TREE_GIFT]                           §r§7§r§aStretching Sticks §r§8(§r§a20%§r§8)
14:04:26 [TREE_GIFT] §9§l▬▬▬▬▬▬▬▬▬▬▬▬▬▬▬▬▬▬▬▬▬▬▬▬▬▬▬▬▬▬▬▬▬▬▬▬▬▬▬▬▬▬▬▬▬▬▬▬▬▬▬▬▬▬▬▬▬▬▬▬▬▬▬▬
14:04:29 [SACKS_CHANGE] §6[Sacks] §r§a+4,851§r§e items§r§e.§r§8 (Last 30s.)
14:04:30 [TREE_GIFT] §9§l▬▬▬▬▬▬▬▬▬▬▬▬▬▬▬▬▬▬▬▬▬▬▬▬▬▬▬▬▬▬▬▬▬▬▬▬▬▬▬▬▬▬▬▬▬▬▬▬▬▬▬▬▬▬▬▬▬▬▬▬▬▬▬▬
14:04:30 [TREE_GIFT]                                  §r§9§lTREE GIFT
14:04:30 [TREE_GIFT] 
14:04:30 [TREE_GIFT]                  §r§7You helped cut §r§a100% §r§7of the §r§aFig Tree§r§7.
14:04:30 [TREE_GIFT] §f                       §e+5 rewards gained! §8(hover)
14:04:30 [TREE_GIFT] §9§l▬▬▬▬▬▬▬▬▬▬▬▬▬▬▬▬▬▬▬▬▬▬▬▬▬▬▬▬▬▬▬▬▬▬▬▬▬▬▬▬▬▬▬▬▬▬▬▬▬▬▬▬▬▬▬▬▬▬▬▬▬▬▬▬
14:04:45 [SACKS_CHANGE] §6[Sacks] §r§a+1,911§r§e items§r§e.§r§8 (Last 15s.)
14:05:10 [TREE_GIFT] §9§l▬▬▬▬▬▬▬▬▬▬▬▬▬▬▬▬▬▬▬▬▬▬▬▬▬▬▬▬▬▬▬▬▬▬▬▬▬▬▬▬▬▬▬▬▬▬▬▬▬▬▬▬▬▬▬▬▬▬▬▬▬▬▬▬
14:05:10 [TREE_GIFT]                                  §r§9§lTREE GIFT
14:05:10 [TREE_GIFT] 
14:05:10 [TREE_GIFT]                  §r§7You helped cut §r§a100% §r§7of the §r§aFig Tree§r§7.
14:05:10 [TREE_GIFT] §f                       §e+5 rewards gained! §8(hover)
14:05:10 [TREE_GIFT] 
14:05:10 [TREE_GIFT]                                 §r§d§lBONUS GIFT
14:05:10 [TREE_GIFT]                           §r§7§r§aStretching Sticks §r§8(§r§a20%§r§8)
14:05:10 [TREE_GIFT] §9§l▬▬▬▬▬▬▬▬▬▬▬▬▬▬▬▬▬▬▬▬▬▬▬▬▬▬▬▬▬▬▬▬▬▬▬▬▬▬▬▬▬▬▬▬▬▬▬▬▬▬▬▬▬▬▬▬▬▬▬▬▬▬▬▬
14:05:18 [TREE_GIFT] §9§l▬▬▬▬▬▬▬▬▬▬▬▬▬▬▬▬▬▬▬▬▬▬▬▬▬▬▬▬▬▬▬▬▬▬▬▬▬▬▬▬▬▬▬▬▬▬▬▬▬▬▬▬▬▬▬▬▬▬▬▬▬▬▬▬
14:05:18 [TREE_GIFT]                                  §r§9§lTREE GIFT
14:05:18 [TREE_GIFT] 
14:05:18 [TREE_GIFT]                  §r§7You helped cut §r§a100% §r§7of the §r§aFig Tree§r§7.
14:05:18 [TREE_GIFT] §f                       §e+5 rewards gained! §8(hover)
14:05:18 [TREE_GIFT] 
14:05:18 [TREE_GIFT]                                 §r§d§lBONUS GIFT
14:05:18 [TREE_GIFT]                           §r§7§r§aStretching Sticks §r§8(§r§a20%§r§8)
14:05:18 [TREE_GIFT] §9§l▬▬▬▬▬▬▬▬▬▬▬▬▬▬▬▬▬▬▬▬▬▬▬▬▬▬▬▬▬▬▬▬▬▬▬▬▬▬▬▬▬▬▬▬▬▬▬▬▬▬▬▬▬▬▬▬▬▬▬▬▬▬▬▬
14:05:24 [SACKS_CHANGE] §6[Sacks] §r§a+1,572§r§e items§r§e.§r§8 (Last 28s.)
14:05:33 [TREE_GIFT] §9§l▬▬▬▬▬▬▬▬▬▬▬▬▬▬▬▬▬▬▬▬▬▬▬▬▬▬▬▬▬▬▬▬▬▬▬▬▬▬▬▬▬▬▬▬▬▬▬▬▬▬▬▬▬▬▬▬▬▬▬▬▬▬▬▬
14:05:33 [TREE_GIFT]                                  §r§9§lTREE GIFT
14:05:33 [TREE_GIFT] 
14:05:33 [TREE_GIFT]                  §r§7You helped cut §r§a100% §r§7of the §r§aFig Tree§r§7.
14:05:33 [TREE_GIFT] §f                       §e+5 rewards gained! §8(hover)
14:05:33 [TREE_GIFT] §9§l▬▬▬▬▬▬▬▬▬▬▬▬▬▬▬▬▬▬▬▬▬▬▬▬▬▬▬▬▬▬▬▬▬▬▬▬▬▬▬▬▬▬▬▬▬▬▬▬▬▬▬▬▬▬▬▬▬▬▬▬▬▬▬▬
14:05:39 [SACKS_CHANGE] §6[Sacks] §r§a+748§r§e items§r§e.§r§8 (Last 8s.)
14:05:47 [GUILD_EXP] §aYou earned §r§2670 GEXP §r§a+ §r§e2,010 Event EXP §r§afrom playing SkyBlock!
14:06:15 [TREE_GIFT] §9§l▬▬▬▬▬▬▬▬▬▬▬▬▬▬▬▬▬▬▬▬▬▬▬▬▬▬▬▬▬▬▬▬▬▬▬▬▬▬▬▬▬▬▬▬▬▬▬▬▬▬▬▬▬▬▬▬▬▬▬▬▬▬▬▬
14:06:15 [TREE_GIFT]                                  §r§9§lTREE GIFT
14:06:15 [TREE_GIFT] 
14:06:15 [TREE_GIFT]                  §r§7You helped cut §r§a100% §r§7of the §r§aFig Tree§r§7.
14:06:15 [TREE_GIFT] §f                       §e+5 rewards gained! §8(hover)
14:06:15 [TREE_GIFT]                      §r§7A §r§dPhanflare §r§7fell from the Tree!
14:06:15 [TREE_GIFT] §9§l▬▬▬▬▬▬▬▬▬▬▬▬▬▬▬▬▬▬▬▬▬▬▬▬▬▬▬▬▬▬▬▬▬▬▬▬▬▬▬▬▬▬▬▬▬▬▬▬▬▬▬▬▬▬▬▬▬▬▬▬▬▬▬▬
14:06:21 [SACKS_CHANGE] §6[Sacks] §r§a+305§r§e items§r§e.§r§8 (Last 9s.)
14:06:30 [STASH_COMPACT] §eOne or more items didn't fit in your inventory and were added to your material stash! §6Click here §eto pick them up!
14:06:30 [STASH_COMPACT] §eOne or more items didn't fit in your inventory and were added to your item stash! §6Click here §eto pick them up!
14:06:30 [STASH_COMPACT] §eOne or more items didn't fit in your inventory and were added to your material stash! §6Click here §eto pick them up!
14:06:30 [STASH_COMPACT] §eOne or more items didn't fit in your inventory and were added to your item stash! §6Click here §eto pick them up!
14:06:30 [STASH_COMPACT] §eOne or more items didn't fit in your inventory and were added to your material stash! §6Click here §eto pick them up!
14:06:30 [STASH_COMPACT] §eOne or more items didn't fit in your inventory and were added to your item stash! §6Click here §eto pick them up!
14:06:31 [STASH_COMPACT] §eOne or more items didn't fit in your inventory and were added to your material stash! §6Click here §eto pick them up!
14:06:31 [STASH_COMPACT] §eOne or more items didn't fit in your inventory and were added to your item stash! §6Click here §eto pick them up!
14:06:31 [STASH_COMPACT] §eOne or more items didn't fit in your inventory and were added to your material stash! §6Click here §eto pick them up!
14:06:31 [STASH_COMPACT] §eOne or more items didn't fit in your inventory and were added to your item stash! §6Click here §eto pick them up!
14:06:31 [STASH_COMPACT] §eOne or more items didn't fit in your inventory and were added to your material stash! §6Click here §eto pick them up!
14:06:31 [STASH_COMPACT] §eOne or more items didn't fit in your inventory and were added to your item stash! §6Click here §eto pick them up!
14:06:31 [TREE_GIFT] §9§l▬▬▬▬▬▬▬▬▬▬▬▬▬▬▬▬▬▬▬▬▬▬▬▬▬▬▬▬▬▬▬▬▬▬▬▬▬▬▬▬▬▬▬▬▬▬▬▬▬▬▬▬▬▬▬▬▬▬▬▬▬▬▬▬
14:06:31 [TREE_GIFT]                                  §r§9§lTREE GIFT
14:06:31 [TREE_GIFT] 
14:06:31 [TREE_GIFT]                  §r§7You helped cut §r§a100% §r§7of the §r§aFig Tree§r§7.
14:06:31 [TREE_GIFT] §f                       §e+5 rewards gained! §8(hover)
14:06:31 [TREE_GIFT] 
14:06:31 [TREE_GIFT]                                 §r§d§lBONUS GIFT
14:06:31 [TREE_GIFT]                           §r§7§r§aStretching Sticks §r§8(§r§a20%§r§8)
14:06:31 [TREE_GIFT] §9§l▬▬▬▬▬▬▬▬▬▬▬▬▬▬▬▬▬▬▬▬▬▬▬▬▬▬▬▬▬▬▬▬▬▬▬▬▬▬▬▬▬▬▬▬▬▬▬▬▬▬▬▬▬▬▬▬▬▬▬▬▬▬▬▬
14:06:31 [STASH_COMPACT] §eOne or more items didn't fit in your inventory and were added to your material stash! §6Click here §eto pick them up!
14:06:31 [STASH_COMPACT] §eOne or more items didn't fit in your inventory and were added to your item stash! §6Click here §eto pick them up!
14:06:31 [STASH_COMPACT] §eOne or more items didn't fit in your inventory and were added to your material stash! §6Click here §eto pick them up!
14:06:31 [STASH_COMPACT] §eOne or more items didn't fit in your inventory and were added to your item stash! §6Click here §eto pick them up!
14:06:31 [STASH_COMPACT] §eOne or more items didn't fit in your inventory and were added to your material stash! §6Click here §eto pick them up!
14:06:31 [STASH_COMPACT] §eOne or more items didn't fit in your inventory and were added to your item stash! §6Click here §eto pick them up!
14:06:35 [STASH_COMPACT] §eOne or more items didn't fit in your inventory and were added to your material stash! §6Click here §eto pick them up!
14:06:35 [STASH_COMPACT] §eOne or more items didn't fit in your inventory and were added to your item stash! §6Click here §eto pick them up!
14:06:35 [STASH_COMPACT] §eOne or more items didn't fit in your inventory and were added to your material stash! §6Click here §eto pick them up!
14:06:35 [STASH_COMPACT] §eOne or more items didn't fit in your inventory and were added to your item stash! §6Click here §eto pick them up!
14:06:35 [STASH_COMPACT] §eOne or more items didn't fit in your inventory and were added to your material stash! §6Click here §eto pick them up!
14:06:35 [STASH_COMPACT] §eOne or more items didn't fit in your inventory and were added to your item stash! §6Click here §eto pick them up!
14:06:35 [STASH_COMPACT] §eOne or more items didn't fit in your inventory and were added to your material stash! §6Click here §eto pick them up!
14:06:35 [STASH_COMPACT] §eOne or more items didn't fit in your inventory and were added to your item stash! §6Click here §eto pick them up!
14:06:35 [STASH_COMPACT] §eOne or more items didn't fit in your inventory and were added to your material stash! §6Click here §eto pick them up!
14:06:35 [STASH_COMPACT] §eOne or more items didn't fit in your inventory and were added to your item stash! §6Click here §eto pick them up!
14:06:35 [STASH_COMPACT] §eOne or more items didn't fit in your inventory and were added to your material stash! §6Click here §eto pick them up!
14:06:35 [STASH_COMPACT] §eOne or more items didn't fit in your inventory and were added to your item stash! §6Click here §eto pick them up!
14:06:35 [STASH_COMPACT] §eOne or more items didn't fit in your inventory and were added to your material stash! §6Click here §eto pick them up!
14:06:35 [STASH_COMPACT] §eOne or more items didn't fit in your inventory and were added to your item stash! §6Click here §eto pick them up!
14:06:35 [STASH_COMPACT] §eOne or more items didn't fit in your inventory and were added to your material stash! §6Click here §eto pick them up!
14:06:35 [STASH_COMPACT] §eOne or more items didn't fit in your inventory and were added to your item stash! §6Click here §eto pick them up!
14:06:35 [STASH_COMPACT] §eOne or more items didn't fit in your inventory and were added to your material stash! §6Click here §eto pick them up!
14:06:35 [STASH_COMPACT] §eOne or more items didn't fit in your inventory and were added to your item stash! §6Click here §eto pick them up!
14:06:36 [SACKS_CHANGE] §6[Sacks] §r§a+6§r§e items§r§e.§r§8 (Last 5s.)
14:06:36 [STASH_COMPACT] §eOne or more items didn't fit in your inventory and were added to your material stash! §6Click here §eto pick them up!
14:06:36 [STASH_COMPACT] §eOne or more items didn't fit in your inventory and were added to your item stash! §6Click here §eto pick them up!
14:06:36 [STASH_COMPACT] §eOne or more items didn't fit in your inventory and were added to your material stash! §6Click here §eto pick them up!
14:06:36 [STASH_COMPACT] §eOne or more items didn't fit in your inventory and were added to your item stash! §6Click here §eto pick them up!
14:06:36 [STASH_COMPACT] §eOne or more items didn't fit in your inventory and were added to your material stash! §6Click here §eto pick them up!
14:06:36 [STASH_COMPACT] §eOne or more items didn't fit in your inventory and were added to your item stash! §6Click here §eto pick them up!
14:06:36 [STASH_COMPACT] §eOne or more items didn't fit in your inventory and were added to your material stash! §6Click here §eto pick them up!
14:06:36 [STASH_COMPACT] §eOne or more items didn't fit in your inventory and were added to your item stash! §6Click here §eto pick them up!
14:06:36 [STASH_COMPACT] §eOne or more items didn't fit in your inventory and were added to your material stash! §6Click here §eto pick them up!
14:06:36 [STASH_COMPACT] §eOne or more items didn't fit in your inventory and were added to your item stash! §6Click here §eto pick them up!
14:06:37 [STASH_COMPACT] §eOne or more items didn't fit in your inventory and were added to your material stash! §6Click here §eto pick them up!
14:06:37 [STASH_COMPACT] §eOne or more items didn't fit in your inventory and were added to your item stash! §6Click here §eto pick them up!
14:06:37 [TREE_GIFT] §9§l▬▬▬▬▬▬▬▬▬▬▬▬▬▬▬▬▬▬▬▬▬▬▬▬▬▬▬▬▬▬▬▬▬▬▬▬▬▬▬▬▬▬▬▬▬▬▬▬▬▬▬▬▬▬▬▬▬▬▬▬▬▬▬▬
14:06:37 [TREE_GIFT]                                  §r§9§lTREE GIFT
14:06:37 [TREE_GIFT] 
14:06:37 [TREE_GIFT]                  §r§7You helped cut §r§a100% §r§7of the §r§aFig Tree§r§7.
14:06:37 [TREE_GIFT] §f                       §e+5 rewards gained! §8(hover)
14:06:37 [TREE_GIFT] §9§l▬▬▬▬▬▬▬▬▬▬▬▬▬▬▬▬▬▬▬▬▬▬▬▬▬▬▬▬▬▬▬▬▬▬▬▬▬▬▬▬▬▬▬▬▬▬▬▬▬▬▬▬▬▬▬▬▬▬▬▬▬▬▬▬
14:06:37 [STASH_COMPACT] §eOne or more items didn't fit in your inventory and were added to your material stash! §6Click here §eto pick them up!
14:06:37 [STASH_COMPACT] §eOne or more items didn't fit in your inventory and were added to your item stash! §6Click here §eto pick them up!
14:06:37 [STASH_COMPACT] §eOne or more items didn't fit in your inventory and were added to your material stash! §6Click here §eto pick them up!
14:06:37 [STASH_COMPACT] §eOne or more items didn't fit in your inventory and were added to your item stash! §6Click here §eto pick them up!
14:06:37 [STASH_COMPACT] §eOne or more items didn't fit in your inventory and were added to your material stash! §6Click here §eto pick them up!
14:06:37 [STASH_COMPACT] §eOne or more items didn't fit in your inventory and were added to your item stash! §6Click here §eto pick them up!
14:06:38 [STASH_COMPACT] §eOne or more items didn't fit in your inventory and were added to your material stash! §6Click here §eto pick them up!
14:06:38 [STASH_COMPACT] §eOne or more items didn't fit in your inventory and were added to your item stash! §6Click here §eto pick them up!
14:06:38 [STASH_COMPACT] §eOne or more items didn't fit in your inventory and were added to your material stash! §6Click here §eto pick them up!
14:06:38 [STASH_COMPACT] §eOne or more items didn't fit in your inventory and were added to your item stash! §6Click here §eto pick them up!
14:06:42 [STASH_COMPACT] §eOne or more items didn't fit in your inventory and were added to your material stash! §6Click here §eto pick them up!
14:06:42 [STASH_COMPACT] §eOne or more items didn't fit in your inventory and were added to your item stash! §6Click here §eto pick them up!
14:06:42 [STASH_COMPACT] §eOne or more items didn't fit in your inventory and were added to your material stash! §6Click here §eto pick them up!
14:06:42 [STASH_COMPACT] §eOne or more items didn't fit in your inventory and were added to your item stash! §6Click here §eto pick them up!
14:06:42 [STASH_COMPACT] §eOne or more items didn't fit in your inventory and were added to your material stash! §6Click here §eto pick them up!
14:06:42 [STASH_COMPACT] §eOne or more items didn't fit in your inventory and were added to your item stash! §6Click here §eto pick them up!
14:06:42 [STASH_COMPACT] §eOne or more items didn't fit in your inventory and were added to your material stash! §6Click here §eto pick them up!
14:06:42 [STASH_COMPACT] §eOne or more items didn't fit in your inventory and were added to your item stash! §6Click here §eto pick them up!
14:06:42 [STASH_COMPACT] §eOne or more items didn't fit in your inventory and were added to your material stash! §6Click here §eto pick them up!
14:06:42 [STASH_COMPACT] §eOne or more items didn't fit in your inventory and were added to your item stash! §6Click here §eto pick them up!
14:06:42 [STASH_COMPACT] §eOne or more items didn't fit in your inventory and were added to your material stash! §6Click here §eto pick them up!
14:06:42 [STASH_COMPACT] §eOne or more items didn't fit in your inventory and were added to your item stash! §6Click here §eto pick them up!
14:06:42 [STASH_COMPACT] §eOne or more items didn't fit in your inventory and were added to your material stash! §6Click here §eto pick them up!
14:06:42 [STASH_COMPACT] §eOne or more items didn't fit in your inventory and were added to your item stash! §6Click here §eto pick them up!
14:06:43 [SACKS_CHANGE] §6[Sacks] §r§a+3§r§e items§r§e.§r§8 (Last 5s.)
14:06:43 [STASH_COMPACT] §eOne or more items didn't fit in your inventory and were added to your material stash! §6Click here §eto pick them up!
14:06:43 [STASH_COMPACT] §eOne or more items didn't fit in your inventory and were added to your item stash! §6Click here §eto pick them up!
14:06:43 [STASH_COMPACT] §eOne or more items didn't fit in your inventory and were added to your material stash! §6Click here §eto pick them up!
14:06:43 [STASH_COMPACT] §eOne or more items didn't fit in your inventory and were added to your item stash! §6Click here §eto pick them up!
14:06:44 [STASH_COMPACT] §eOne or more items didn't fit in your inventory and were added to your material stash! §6Click here §eto pick them up!
14:06:44 [STASH_COMPACT] §eOne or more items didn't fit in your inventory and were added to your item stash! §6Click here §eto pick them up!
14:06:44 [STASH_COMPACT] §eOne or more items didn't fit in your inventory and were added to your material stash! §6Click here §eto pick them up!
14:06:44 [STASH_COMPACT] §eOne or more items didn't fit in your inventory and were added to your item stash! §6Click here §eto pick them up!
14:06:44 [STASH_COMPACT] §eOne or more items didn't fit in your inventory and were added to your material stash! §6Click here §eto pick them up!
14:06:44 [STASH_COMPACT] §eOne or more items didn't fit in your inventory and were added to your item stash! §6Click here §eto pick them up!
14:06:44 [STASH_COMPACT] §eOne or more items didn't fit in your inventory and were added to your material stash! §6Click here §eto pick them up!
14:06:44 [STASH_COMPACT] §eOne or more items didn't fit in your inventory and were added to your item stash! §6Click here §eto pick them up!
14:06:44 [TREE_GIFT] §9§l▬▬▬▬▬▬▬▬▬▬▬▬▬▬▬▬▬▬▬▬▬▬▬▬▬▬▬▬▬▬▬▬▬▬▬▬▬▬▬▬▬▬▬▬▬▬▬▬▬▬▬▬▬▬▬▬▬▬▬▬▬▬▬▬
14:06:44 [TREE_GIFT]                                  §r§9§lTREE GIFT
14:06:44 [TREE_GIFT] 
14:06:44 [TREE_GIFT]                  §r§7You helped cut §r§a100% §r§7of the §r§aFig Tree§r§7.
14:06:44 [TREE_GIFT] §f                       §e+5 rewards gained! §8(hover)
14:06:44 [TREE_GIFT] §9§l▬▬▬▬▬▬▬▬▬▬▬▬▬▬▬▬▬▬▬▬▬▬▬▬▬▬▬▬▬▬▬▬▬▬▬▬▬▬▬▬▬▬▬▬▬▬▬▬▬▬▬▬▬▬▬▬▬▬▬▬▬▬▬▬
14:06:44 [STASH_COMPACT] §eOne or more items didn't fit in your inventory and were added to your material stash! §6Click here §eto pick them up!
14:06:44 [STASH_COMPACT] §eOne or more items didn't fit in your inventory and were added to your item stash! §6Click here §eto pick them up!
14:06:44 [STASH_COMPACT] §eOne or more items didn't fit in your inventory and were added to your material stash! §6Click here §eto pick them up!
14:06:44 [STASH_COMPACT] §eOne or more items didn't fit in your inventory and were added to your item stash! §6Click here §eto pick them up!
14:06:44 [STASH_COMPACT] §eOne or more items didn't fit in your inventory and were added to your material stash! §6Click here §eto pick them up!
14:06:44 [STASH_COMPACT] §eOne or more items didn't fit in your inventory and were added to your item stash! §6Click here §eto pick them up!
14:06:44 [STASH_COMPACT] §eOne or more items didn't fit in your inventory and were added to your material stash! §6Click here §eto pick them up!
14:06:44 [STASH_COMPACT] §eOne or more items didn't fit in your inventory and were added to your item stash! §6Click here §eto pick them up!
14:06:47 [STASH_COMPACT] §eOne or more items didn't fit in your inventory and were added to your material stash! §6Click here §eto pick them up!
14:06:47 [STASH_COMPACT] §eOne or more items didn't fit in your inventory and were added to your item stash! §6Click here §eto pick them up!
14:06:47 [STASH_COMPACT] §eOne or more items didn't fit in your inventory and were added to your material stash! §6Click here §eto pick them up!
14:06:47 [STASH_COMPACT] §eOne or more items didn't fit in your inventory and were added to your item stash! §6Click here §eto pick them up!
14:06:47 [STASH_COMPACT] §eOne or more items didn't fit in your inventory and were added to your material stash! §6Click here §eto pick them up!
14:06:47 [STASH_COMPACT] §eOne or more items didn't fit in your inventory and were added to your item stash! §6Click here §eto pick them up!
14:06:47 [STASH_COMPACT] §eOne or more items didn't fit in your inventory and were added to your material stash! §6Click here §eto pick them up!
14:06:47 [STASH_COMPACT] §eOne or more items didn't fit in your inventory and were added to your item stash! §6Click here §eto pick them up!
14:06:47 [STASH_COMPACT] §eOne or more items didn't fit in your inventory and were added to your material stash! §6Click here §eto pick them up!
14:06:47 [STASH_COMPACT] §eOne or more items didn't fit in your inventory and were added to your item stash! §6Click here §eto pick them up!
14:06:47 [STASH_COMPACT] §eOne or more items didn't fit in your inventory and were added to your material stash! §6Click here §eto pick them up!
14:06:47 [STASH_COMPACT] §eOne or more items didn't fit in your inventory and were added to your item stash! §6Click here §eto pick them up!
14:06:47 [STASH_COMPACT] §eOne or more items didn't fit in your inventory and were added to your material stash! §6Click here §eto pick them up!
14:06:47 [STASH_COMPACT] §eOne or more items didn't fit in your inventory and were added to your item stash! §6Click here §eto pick them up!
14:06:47 [STASH_COMPACT] §eOne or more items didn't fit in your inventory and were added to your material stash! §6Click here §eto pick them up!
14:06:47 [STASH_COMPACT] §eOne or more items didn't fit in your inventory and were added to your item stash! §6Click here §eto pick them up!
14:06:47 [STASH_COMPACT] §eOne or more items didn't fit in your inventory and were added to your material stash! §6Click here §eto pick them up!
14:06:47 [STASH_COMPACT] §eOne or more items didn't fit in your inventory and were added to your item stash! §6Click here §eto pick them up!
14:06:48 [STASH_COMPACT] §eOne or more items didn't fit in your inventory and were added to your material stash! §6Click here §eto pick them up!
14:06:48 [STASH_COMPACT] §eOne or more items didn't fit in your inventory and were added to your item stash! §6Click here §eto pick them up!
14:06:48 [STASH_COMPACT] §eOne or more items didn't fit in your inventory and were added to your material stash! §6Click here §eto pick them up!
14:06:48 [STASH_COMPACT] §eOne or more items didn't fit in your inventory and were added to your item stash! §6Click here §eto pick them up!
14:06:49 [STASH_COMPACT] §eOne or more items didn't fit in your inventory and were added to your material stash! §6Click here §eto pick them up!
14:06:49 [STASH_COMPACT] §eOne or more items didn't fit in your inventory and were added to your item stash! §6Click here §eto pick them up!
14:06:49 [STASH_COMPACT] §eOne or more items didn't fit in your inventory and were added to your material stash! §6Click here §eto pick them up!
14:06:49 [STASH_COMPACT] §eOne or more items didn't fit in your inventory and were added to your item stash! §6Click here §eto pick them up!
14:06:50 [STASH_COMPACT] §eOne or more items didn't fit in your inventory and were added to your material stash! §6Click here §eto pick them up!
14:06:50 [STASH_COMPACT] §eOne or more items didn't fit in your inventory and were added to your item stash! §6Click here §eto pick them up!
14:06:50 [STASH_COMPACT] §eOne or more items didn't fit in your inventory and were added to your material stash! §6Click here §eto pick them up!
14:06:50 [STASH_COMPACT] §eOne or more items didn't fit in your inventory and were added to your item stash! §6Click here §eto pick them up!
14:06:50 [SACKS_CHANGE] §6[Sacks] §r§a+2§r§e items§r§e.§r§8 (Last 5s.)
14:06:50 [STASH_COMPACT] §eOne or more items didn't fit in your inventory and were added to your material stash! §6Click here §eto pick them up!
14:06:50 [STASH_COMPACT] §eOne or more items didn't fit in your inventory and were added to your item stash! §6Click here §eto pick them up!
14:06:50 [STASH_COMPACT] §eOne or more items didn't fit in your inventory and were added to your material stash! §6Click here §eto pick them up!
14:06:50 [STASH_COMPACT] §eOne or more items didn't fit in your inventory and were added to your item stash! §6Click here §eto pick them up!
14:06:50 [STASH_COMPACT] §eOne or more items didn't fit in your inventory and were added to your material stash! §6Click here §eto pick them up!
14:06:50 [STASH_COMPACT] §eOne or more items didn't fit in your inventory and were added to your item stash! §6Click here §eto pick them up!
14:06:50 [STASH_COMPACT] §eOne or more items didn't fit in your inventory and were added to your material stash! §6Click here §eto pick them up!
14:06:50 [STASH_COMPACT] §eOne or more items didn't fit in your inventory and were added to your item stash! §6Click here §eto pick them up!
14:06:50 [STASH_COMPACT] §eOne or more items didn't fit in your inventory and were added to your material stash! §6Click here §eto pick them up!
14:06:50 [STASH_COMPACT] §eOne or more items didn't fit in your inventory and were added to your item stash! §6Click here §eto pick them up!
14:06:51 [TREE_GIFT] §9§l▬▬▬▬▬▬▬▬▬▬▬▬▬▬▬▬▬▬▬▬▬▬▬▬▬▬▬▬▬▬▬▬▬▬▬▬▬▬▬▬▬▬▬▬▬▬▬▬▬▬▬▬▬▬▬▬▬▬▬▬▬▬▬▬
14:06:51 [TREE_GIFT]                                  §r§9§lTREE GIFT
14:06:51 [TREE_GIFT] 
14:06:51 [TREE_GIFT]                  §r§7You helped cut §r§a100% §r§7of the §r§aFig Tree§r§7.
14:06:51 [TREE_GIFT] §f                       §e+5 rewards gained! §8(hover)
14:06:51 [TREE_GIFT] 
14:06:51 [TREE_GIFT]                                 §r§d§lBONUS GIFT
14:06:51 [TREE_GIFT]                           §r§7§r§aStretching Sticks §r§8(§r§a20%§r§8)
14:06:51 [TREE_GIFT]                             §r§7§r§fSweep Booster §r§8(§r§a1%§r§8)
14:06:51 [TREE_GIFT]                      §r§7A §r§dPhanpyre §r§7fell from the Tree!
14:06:51 [TREE_GIFT] §9§l▬▬▬▬▬▬▬▬▬▬▬▬▬▬▬▬▬▬▬▬▬▬▬▬▬▬▬▬▬▬▬▬▬▬▬▬▬▬▬▬▬▬▬▬▬▬▬▬▬▬▬▬▬▬▬▬▬▬▬▬▬▬▬▬
14:06:51 [STASH_COMPACT] §eOne or more items didn't fit in your inventory and were added to your item stash! §6Click here §eto pick them up!
14:06:51 [STASH_COMPACT] §eOne or more items didn't fit in your inventory and were added to your material stash! §6Click here §eto pick them up!
14:06:51 [STASH_COMPACT] §eOne or more items didn't fit in your inventory and were added to your item stash! §6Click here §eto pick them up!
14:06:51 [STASH_COMPACT] §eOne or more items didn't fit in your inventory and were added to your material stash! §6Click here §eto pick them up!
14:06:51 [STASH_COMPACT] §eOne or more items didn't fit in your inventory and were added to your item stash! §6Click here §eto pick them up!
14:06:52 [EMPTY]  
14:06:52 [STASH_COMPACT] §f                     §7You have §a1 §7item stashed away!
14:06:52 [STASH_COMPACT] §f                  §6§l>>> §6§lCLICK HERE§e to pick it up! §6§l<<<
14:06:52 [EMPTY]   
14:06:52 [EMPTY]  
14:06:52 [STASH_COMPACT] §f                §7You have §32,800 §7materials stashed away!
14:06:52 [STASH_COMPACT] §f               §8(This totals 1 type of material stashed!)
14:06:52 [STASH_COMPACT] §f                §3§l>>> §3§lCLICK HERE§b to pick them up! §3§l<<<
14:06:52 [EMPTY]   
14:06:55 [STASH_COMPACT] §eOne or more items didn't fit in your inventory and were added to your material stash! §6Click here §eto pick them up!
14:06:55 [STASH_COMPACT] §eOne or more items didn't fit in your inventory and were added to your item stash! §6Click here §eto pick them up!
14:06:55 [STASH_COMPACT] §eOne or more items didn't fit in your inventory and were added to your material stash! §6Click here §eto pick them up!
14:06:55 [STASH_COMPACT] §eOne or more items didn't fit in your inventory and were added to your item stash! §6Click here §eto pick them up!
14:06:55 [STASH_COMPACT] §eOne or more items didn't fit in your inventory and were added to your material stash! §6Click here §eto pick them up!
14:06:55 [STASH_COMPACT] §eOne or more items didn't fit in your inventory and were added to your item stash! §6Click here §eto pick them up!
14:06:55 [STASH_COMPACT] §eOne or more items didn't fit in your inventory and were added to your material stash! §6Click here §eto pick them up!
14:06:55 [STASH_COMPACT] §eOne or more items didn't fit in your inventory and were added to your item stash! §6Click here §eto pick them up!
14:06:55 [STASH_COMPACT] §eOne or more items didn't fit in your inventory and were added to your material stash! §6Click here §eto pick them up!
14:06:55 [STASH_COMPACT] §eOne or more items didn't fit in your inventory and were added to your item stash! §6Click here §eto pick them up!
14:06:56 [SACKS_CHANGE] §6[Sacks] §r§a+3§r§e items§r§e.§r§8 (Last 5s.)
14:06:56 [STASH_COMPACT] §eOne or more items didn't fit in your inventory and were added to your material stash! §6Click here §eto pick them up!
14:06:56 [STASH_COMPACT] §eOne or more items didn't fit in your inventory and were added to your item stash! §6Click here §eto pick them up!
14:06:56 [STASH_COMPACT] §eOne or more items didn't fit in your inventory and were added to your material stash! §6Click here §eto pick them up!
14:06:56 [STASH_COMPACT] §eOne or more items didn't fit in your inventory and were added to your item stash! §6Click here §eto pick them up!
14:06:56 [STASH_COMPACT] §eOne or more items didn't fit in your inventory and were added to your material stash! §6Click here §eto pick them up!
14:06:56 [STASH_COMPACT] §eOne or more items didn't fit in your inventory and were added to your item stash! §6Click here §eto pick them up!
14:06:57 [STASH_COMPACT] §eOne or more items didn't fit in your inventory and were added to your material stash! §6Click here §eto pick them up!
14:06:57 [STASH_COMPACT] §eOne or more items didn't fit in your inventory and were added to your item stash! §6Click here §eto pick them up!
14:06:57 [STASH_COMPACT] §eOne or more items didn't fit in your inventory and were added to your material stash! §6Click here §eto pick them up!
14:06:57 [STASH_COMPACT] §eOne or more items didn't fit in your inventory and were added to your item stash! §6Click here §eto pick them up!
14:06:57 [STASH_COMPACT] §eOne or more items didn't fit in your inventory and were added to your material stash! §6Click here §eto pick them up!
14:06:57 [STASH_COMPACT] §eOne or more items didn't fit in your inventory and were added to your item stash! §6Click here §eto pick them up!
14:07:14 [SACKS_CHANGE] §6[Sacks] §r§a+11§r§e items§r§e.§r§8 (Last 9s.)
14:07:26 [TREE_GIFT] §9§l▬▬▬▬▬▬▬▬▬▬▬▬▬▬▬▬▬▬▬▬▬▬▬▬▬▬▬▬▬▬▬▬▬▬▬▬▬▬▬▬▬▬▬▬▬▬▬▬▬▬▬▬▬▬▬▬▬▬▬▬▬▬▬▬
14:07:26 [TREE_GIFT]                                  §r§9§lTREE GIFT
14:07:26 [TREE_GIFT] 
14:07:26 [TREE_GIFT]                  §r§7You helped cut §r§a100% §r§7of the §r§aFig Tree§r§7.
14:07:26 [TREE_GIFT] §f                       §e+5 rewards gained! §8(hover)
14:07:26 [TREE_GIFT] 
14:07:26 [TREE_GIFT]                                 §r§d§lBONUS GIFT
14:07:26 [TREE_GIFT]                           §r§7§r§aStretching Sticks §r§8(§r§a20%§r§8)
14:07:26 [TREE_GIFT] §9§l▬▬▬▬▬▬▬▬▬▬▬▬▬▬▬▬▬▬▬▬▬▬▬▬▬▬▬▬▬▬▬▬▬▬▬▬▬▬▬▬▬▬▬▬▬▬▬▬▬▬▬▬▬▬▬▬▬▬▬▬▬▬▬▬
14:07:37 [SACKS_CHANGE] §6[Sacks] §r§a+29§r§e items§r§e.§r§8 (Last 22s.)
14:07:39 [TREE_GIFT] §9§l▬▬▬▬▬▬▬▬▬▬▬▬▬▬▬▬▬▬▬▬▬▬▬▬▬▬▬▬▬▬▬▬▬▬▬▬▬▬▬▬▬▬▬▬▬▬▬▬▬▬▬▬▬▬▬▬▬▬▬▬▬▬▬▬
14:07:39 [TREE_GIFT]                                  §r§9§lTREE GIFT
14:07:39 [TREE_GIFT] 
14:07:39 [TREE_GIFT]                  §r§7You helped cut §r§a100% §r§7of the §r§aFig Tree§r§7.
14:07:39 [TREE_GIFT] §f                       §e+5 rewards gained! §8(hover)
14:07:39 [TREE_GIFT] 
14:07:39 [TREE_GIFT]                                 §r§d§lBONUS GIFT
14:07:39 [TREE_GIFT]                           §r§7§r§aStretching Sticks §r§8(§r§a20%§r§8)
14:07:39 [TREE_GIFT]                      §r§7A §r§dPhanpyre §r§7fell from the Tree!
14:07:39 [TREE_GIFT] §9§l▬▬▬▬▬▬▬▬▬▬▬▬▬▬▬▬▬▬▬▬▬▬▬▬▬▬▬▬▬▬▬▬▬▬▬▬▬▬▬▬▬▬▬▬▬▬▬▬▬▬▬▬▬▬▬▬▬▬▬▬▬▬▬▬
14:07:45 [SACKS_CHANGE] §6[Sacks] §r§a+8§r§e items§r§e.§r§8 (Last 7s.)
14:07:48 [TREE_GIFT] §9§l▬▬▬▬▬▬▬▬▬▬▬▬▬▬▬▬▬▬▬▬▬▬▬▬▬▬▬▬▬▬▬▬▬▬▬▬▬▬▬▬▬▬▬▬▬▬▬▬▬▬▬▬▬▬▬▬▬▬▬▬▬▬▬▬
14:07:48 [TREE_GIFT]                                  §r§9§lTREE GIFT
14:07:48 [TREE_GIFT] 
14:07:48 [TREE_GIFT]                  §r§7You helped cut §r§a100% §r§7of the §r§aFig Tree§r§7.
14:07:48 [TREE_GIFT] §f                       §e+5 rewards gained! §8(hover)
14:07:48 [TREE_GIFT]                      §r§7A §r§dPhanflare §r§7fell from the Tree!
14:07:48 [TREE_GIFT] §9§l▬▬▬▬▬▬▬▬▬▬▬▬▬▬▬▬▬▬▬▬▬▬▬▬▬▬▬▬▬▬▬▬▬▬▬▬▬▬▬▬▬▬▬▬▬▬▬▬▬▬▬▬▬▬▬▬▬▬▬▬▬▬▬▬
14:07:54 [SACKS_CHANGE] §6[Sacks] §r§a+7§r§e items§r§e.§r§8 (Last 8s.)
14:08:03 [TREE_GIFT] §9§l▬▬▬▬▬▬▬▬▬▬▬▬▬▬▬▬▬▬▬▬▬▬▬▬▬▬▬▬▬▬▬▬▬▬▬▬▬▬▬▬▬▬▬▬▬▬▬▬▬▬▬▬▬▬▬▬▬▬▬▬▬▬▬▬
14:08:03 [TREE_GIFT]                                  §r§9§lTREE GIFT
14:08:03 [TREE_GIFT] 
14:08:03 [TREE_GIFT]                  §r§7You helped cut §r§a100% §r§7of the §r§aFig Tree§r§7.
14:08:03 [TREE_GIFT] §f                       §e+5 rewards gained! §8(hover)
14:08:03 [TREE_GIFT] 
14:08:03 [TREE_GIFT]                                 §r§d§lBONUS GIFT
14:08:03 [TREE_GIFT]                           §r§7§r§aStretching Sticks §r§8(§r§a20%§r§8)
14:08:03 [TREE_GIFT]                      §r§7§r§fForaging Wisdom Booster §r§8(§r§a0.5%§r§8)
14:08:03 [TREE_GIFT]                      §r§7A §r§dPhanpyre §r§7fell from the Tree!
14:08:03 [TREE_GIFT] §9§l▬▬▬▬▬▬▬▬▬▬▬▬▬▬▬▬▬▬▬▬▬▬▬▬▬▬▬▬▬▬▬▬▬▬▬▬▬▬▬▬▬▬▬▬▬▬▬▬▬▬▬▬▬▬▬▬▬▬▬▬▬▬▬▬
14:08:08 [SACKS_CHANGE] §6[Sacks] §r§a+14§r§e items§r§e.§r§8 (Last 13s.)
14:08:11 [EMPTY] 
14:08:11 [EMPTY] 
14:08:19 [TREE_GIFT] §9§l▬▬▬▬▬▬▬▬▬▬▬▬▬▬▬▬▬▬▬▬▬▬▬▬▬▬▬▬▬▬▬▬▬▬▬▬▬▬▬▬▬▬▬▬▬▬▬▬▬▬▬▬▬▬▬▬▬▬▬▬▬▬▬▬
14:08:19 [TREE_GIFT]                                  §r§9§lTREE GIFT
14:08:19 [TREE_GIFT] 
14:08:19 [TREE_GIFT]                  §r§7You helped cut §r§a100% §r§7of the §r§aFig Tree§r§7.
14:08:19 [TREE_GIFT] §f                       §e+5 rewards gained! §8(hover)
14:08:19 [TREE_GIFT] 
14:08:19 [TREE_GIFT]                                 §r§d§lBONUS GIFT
14:08:19 [TREE_GIFT]                           §r§7§r§aStretching Sticks §r§8(§r§a20%§r§8)
14:08:19 [TREE_GIFT] §9§l▬▬▬▬▬▬▬▬▬▬▬▬▬▬▬▬▬▬▬▬▬▬▬▬▬▬▬▬▬▬▬▬▬▬▬▬▬▬▬▬▬▬▬▬▬▬▬▬▬▬▬▬▬▬▬▬▬▬▬▬▬▬▬▬
14:08:25 [TREE_GIFT] §9§l▬▬▬▬▬▬▬▬▬▬▬▬▬▬▬▬▬▬▬▬▬▬▬▬▬▬▬▬▬▬▬▬▬▬▬▬▬▬▬▬▬▬▬▬▬▬▬▬▬▬▬▬▬▬▬▬▬▬▬▬▬▬▬▬
14:08:25 [TREE_GIFT]                                  §r§9§lTREE GIFT
14:08:25 [TREE_GIFT] 
14:08:25 [TREE_GIFT]                  §r§7You helped cut §r§a100% §r§7of the §r§aFig Tree§r§7.
14:08:25 [TREE_GIFT] §f                       §e+5 rewards gained! §8(hover)
14:08:25 [TREE_GIFT]                      §r§7A §r§dPhanpyre §r§7fell from the Tree!
14:08:25 [TREE_GIFT] §9§l▬▬▬▬▬▬▬▬▬▬▬▬▬▬▬▬▬▬▬▬▬▬▬▬▬▬▬▬▬▬▬▬▬▬▬▬▬▬▬▬▬▬▬▬▬▬▬▬▬▬▬▬▬▬▬▬▬▬▬▬▬▬▬▬
14:08:31 [SACKS_CHANGE] §6[Sacks] §r§a+22§r§e items§r§e.§r§8 (Last 15s.)
14:08:39 [TREE_GIFT] §9§l▬▬▬▬▬▬▬▬▬▬▬▬▬▬▬▬▬▬▬▬▬▬▬▬▬▬▬▬▬▬▬▬▬▬▬▬▬▬▬▬▬▬▬▬▬▬▬▬▬▬▬▬▬▬▬▬▬▬▬▬▬▬▬▬
14:08:39 [TREE_GIFT]                                  §r§9§lTREE GIFT
14:08:39 [TREE_GIFT] 
14:08:39 [TREE_GIFT]                  §r§7You helped cut §r§a100% §r§7of the §r§aFig Tree§r§7.
14:08:39 [TREE_GIFT] §f                       §e+5 rewards gained! §8(hover)
14:08:39 [TREE_GIFT] 
14:08:39 [TREE_GIFT]                                 §r§d§lBONUS GIFT
14:08:39 [TREE_GIFT]                           §r§7§r§aStretching Sticks §r§8(§r§a20%§r§8)
14:08:39 [TREE_GIFT] §9§l▬▬▬▬▬▬▬▬▬▬▬▬▬▬▬▬▬▬▬▬▬▬▬▬▬▬▬▬▬▬▬▬▬▬▬▬▬▬▬▬▬▬▬▬▬▬▬▬▬▬▬▬▬▬▬▬▬▬▬▬▬▬▬▬
14:08:49 [TREE_GIFT] §9§l▬▬▬▬▬▬▬▬▬▬▬▬▬▬▬▬▬▬▬▬▬▬▬▬▬▬▬▬▬▬▬▬▬▬▬▬▬▬▬▬▬▬▬▬▬▬▬▬▬▬▬▬▬▬▬▬▬▬▬▬▬▬▬▬
14:08:49 [TREE_GIFT]                                  §r§9§lTREE GIFT
14:08:49 [TREE_GIFT] 
14:08:49 [TREE_GIFT]                  §r§7You helped cut §r§a100% §r§7of the §r§aFig Tree§r§7.
14:08:49 [TREE_GIFT] §f                       §e+5 rewards gained! §8(hover)
14:08:49 [TREE_GIFT] 
14:08:49 [TREE_GIFT]                                 §r§d§lBONUS GIFT
14:08:49 [TREE_GIFT]                           §r§7§r§aStretching Sticks §r§8(§r§a20%§r§8)
14:08:49 [TREE_GIFT]                             §r§7§r§fSweep Booster §r§8(§r§a1%§r§8)
14:08:49 [TREE_GIFT] §9§l▬▬▬▬▬▬▬▬▬▬▬▬▬▬▬▬▬▬▬▬▬▬▬▬▬▬▬▬▬▬▬▬▬▬▬▬▬▬▬▬▬▬▬▬▬▬▬▬▬▬▬▬▬▬▬▬▬▬▬▬▬▬▬▬
14:08:55 [SACKS_CHANGE] §6[Sacks] §r§a+29§r§e items§r§e.§r§8 (Last 19s.)
14:09:22 [TREE_GIFT] §9§l▬▬▬▬▬▬▬▬▬▬▬▬▬▬▬▬▬▬▬▬▬▬▬▬▬▬▬▬▬▬▬▬▬▬▬▬▬▬▬▬▬▬▬▬▬▬▬▬▬▬▬▬▬▬▬▬▬▬▬▬▬▬▬▬
14:09:22 [TREE_GIFT]                                  §r§9§lTREE GIFT
14:09:22 [TREE_GIFT] 
14:09:22 [TREE_GIFT]                  §r§7You helped cut §r§a100% §r§7of the §r§aFig Tree§r§7.
14:09:22 [TREE_GIFT] §f                       §e+5 rewards gained! §8(hover)
14:09:22 [TREE_GIFT] 
14:09:22 [TREE_GIFT]                                 §r§d§lBONUS GIFT
14:09:22 [TREE_GIFT]                           §r§7§r§aStretching Sticks §r§8(§r§a20%§r§8)
14:09:22 [TREE_GIFT] §9§l▬▬▬▬▬▬▬▬▬▬▬▬▬▬▬▬▬▬▬▬▬▬▬▬▬▬▬▬▬▬▬▬▬▬▬▬▬▬▬▬▬▬▬▬▬▬▬▬▬▬▬▬▬▬▬▬▬▬▬▬▬▬▬▬
14:09:28 [SACKS_CHANGE] §6[Sacks] §r§a+14§r§e items§r§e.§r§8 (Last 9s.)
14:09:43 [TREE_GIFT] §9§l▬▬▬▬▬▬▬▬▬▬▬▬▬▬▬▬▬▬▬▬▬▬▬▬▬▬▬▬▬▬▬▬▬▬▬▬▬▬▬▬▬▬▬▬▬▬▬▬▬▬▬▬▬▬▬▬▬▬▬▬▬▬▬▬
14:09:43 [TREE_GIFT]                                  §r§9§lTREE GIFT
14:09:43 [TREE_GIFT] 
14:09:43 [TREE_GIFT]                  §r§7You helped cut §r§a100% §r§7of the §r§aFig Tree§r§7.
14:09:43 [TREE_GIFT] §f                       §e+5 rewards gained! §8(hover)
14:09:43 [TREE_GIFT] §9§l▬▬▬▬▬▬▬▬▬▬▬▬▬▬▬▬▬▬▬▬▬▬▬▬▬▬▬▬▬▬▬▬▬▬▬▬▬▬▬▬▬▬▬▬▬▬▬▬▬▬▬▬▬▬▬▬▬▬▬▬▬▬▬▬
14:09:48 [SACKS_CHANGE] §6[Sacks] §r§a+8§r§e items§r§e.§r§8 (Last 8s.)
14:09:52 [TREE_GIFT] §9§l▬▬▬▬▬▬▬▬▬▬▬▬▬▬▬▬▬▬▬▬▬▬▬▬▬▬▬▬▬▬▬▬▬▬▬▬▬▬▬▬▬▬▬▬▬▬▬▬▬▬▬▬▬▬▬▬▬▬▬▬▬▬▬▬
14:09:52 [TREE_GIFT]                                  §r§9§lTREE GIFT
14:09:52 [TREE_GIFT] 
14:09:52 [TREE_GIFT]                  §r§7You helped cut §r§a100% §r§7of the §r§aFig Tree§r§7.
14:09:52 [TREE_GIFT] §f                       §e+5 rewards gained! §8(hover)
14:09:52 [TREE_GIFT] §9§l▬▬▬▬▬▬▬▬▬▬▬▬▬▬▬▬▬▬▬▬▬▬▬▬▬▬▬▬▬▬▬▬▬▬▬▬▬▬▬▬▬▬▬▬▬▬▬▬▬▬▬▬▬▬▬▬▬▬▬▬▬▬▬▬
14:10:00 [TREE_GIFT] §9§l▬▬▬▬▬▬▬▬▬▬▬▬▬▬▬▬▬▬▬▬▬▬▬▬▬▬▬▬▬▬▬▬▬▬▬▬▬▬▬▬▬▬▬▬▬▬▬▬▬▬▬▬▬▬▬▬▬▬▬▬▬▬▬▬
14:10:00 [TREE_GIFT]                                  §r§9§lTREE GIFT
14:10:00 [TREE_GIFT] 
14:10:00 [TREE_GIFT]                  §r§7You helped cut §r§a100% §r§7of the §r§aFig Tree§r§7.
14:10:00 [TREE_GIFT] §f                       §e+5 rewards gained! §8(hover)
14:10:00 [TREE_GIFT] 
14:10:00 [TREE_GIFT]                                 §r§d§lBONUS GIFT
14:10:00 [TREE_GIFT]                           §r§7§r§aStretching Sticks §r§8(§r§a20%§r§8)
14:10:00 [TREE_GIFT]                      §r§7A §r§dPhanflare §r§7fell from the Tree!
14:10:00 [TREE_GIFT] §9§l▬▬▬▬▬▬▬▬▬▬▬▬▬▬▬▬▬▬▬▬▬▬▬▬▬▬▬▬▬▬▬▬▬▬▬▬▬▬▬▬▬▬▬▬▬▬▬▬▬▬▬▬▬▬▬▬▬▬▬▬▬▬▬▬
14:10:05 [SACKS_CHANGE] §6[Sacks] §r§a+16§r§e items§r§e.§r§8 (Last 15s.)
14:10:48 [GUILD_EXP] §aYou earned §r§2750 GEXP §r§a+ §r§e2,250 Event EXP §r§afrom playing SkyBlock!
