13:56:13 §e[SkyHanni] Reloaded 7,559 items in the NEU repo
13:59:45 §9Fig Tree Gift. §7You helped cut §a100.0% §7and gained §e5 rewards§a!
14:00:05 §9Fig Tree Gift. §7You helped cut §a100.0% §7and gained §e5 rewards§a!
14:00:21 §9Fig Tree Gift. §7You helped cut §c5.8% §7and gained §e0 rewards§a!
14:00:23 §9Fig Tree Gift. §7You helped cut §a100.0% §7and gained §e5 rewards§a!
14:00:38 §9Fig Tree Gift. §7You helped cut §a100.0% §7and gained §e5 rewards§a!
14:01:09 §9Fig Tree Gift. §7You helped cut §a100.0% §7and gained §e5 rewards§a!
14:02:32 §9Fig Tree Gift. §7You helped cut §a100.0% §7and gained §e5 rewards§a!
14:02:49 §9Fig Tree Gift. §7You helped cut §a100.0% §7and gained §e5 rewards§a!
14:03:24 §9Fig Tree Gift. §7You helped cut §a100.0% §7and gained §e5 rewards§a!
14:03:29 §9Fig Tree Gift. §7You helped cut §a100.0% §7and gained §e5 rewards§a!
14:03:37 §9Fig Tree Gift. §7You helped cut §a100.0% §7and gained §e5 rewards§a!
14:03:45 §9Fig Tree Gift. §7You helped cut §a100.0% §7and gained §e5 rewards§a!
14:04:02 §9Fig Tree Gift. §7You helped cut §a100.0% §7and gained §e5 rewards§a!
14:04:11 §9Fig Tree Gift. §7You helped cut §a100.0% §7and gained §e5 rewards§a!
14:04:11 §f - §fSweep Booster
14:04:18 §9Fig Tree Gift. §7You helped cut §a100.0% §7and gained §e5 rewards§a!
14:04:26 §9Fig Tree Gift. §7You helped cut §a100.0% §7and gained §e5 rewards§a!
14:04:30 §9Fig Tree Gift. §7You helped cut §a100.0% §7and gained §e5 rewards§a!
14:05:10 §9Fig Tree Gift. §7You helped cut §a100.0% §7and gained §e5 rewards§a!
14:05:18 §9Fig Tree Gift. §7You helped cut §a100.0% §7and gained §e5 rewards§a!
14:05:33 §9Fig Tree Gift. §7You helped cut §a100.0% §7and gained §e5 rewards§a!
14:06:15 §9Fig Tree Gift. §7You helped cut §a100.0% §7and gained §e5 rewards§a!
14:06:31 §9Fig Tree Gift. §7You helped cut §a100.0% §7and gained §e5 rewards§a!
14:06:37 §9Fig Tree Gift. §7You helped cut §a100.0% §7and gained §e5 rewards§a!
14:06:44 §9Fig Tree Gift. §7You helped cut §a100.0% §7and gained §e5 rewards§a!
14:06:51 §9Fig Tree Gift. §7You helped cut §a100.0% §7and gained §e5 rewards§a!
14:06:51 §f - §fSweep Booster
14:06:52 §e[SkyHanni] §eYou have §61 §eitem in stash. §eClick to §6pickup §eyour stash!
14:06:52 §e[SkyHanni] §bYou have §32.8k §bmaterials in stash, §btotalling §31 type§b. §bClick to §3pickup §byour stash!
14:07:26 §9Fig Tree Gift. §7You helped cut §a100.0% §7and gained §e5 rewards§a!
14:07:39 §9Fig Tree Gift. §7You helped cut §a100.0% §7and gained §e5 rewards§a!
14:07:48 §9Fig Tree Gift. §7You helped cut §a100.0% §7and gained §e5 rewards§a!
14:08:03 §9Fig Tree Gift. §7You helped cut §a100.0% §7and gained §e5 rewards§a!
14:08:03 §f - §fForaging Wisdom Booster
14:08:19 §9Fig Tree Gift. §7You helped cut §a100.0% §7and gained §e5 rewards§a!
14:08:25 §9Fig Tree Gift. §7You helped cut §a100.0% §7and gained §e5 rewards§a!
14:08:39 §9Fig Tree Gift. §7You helped cut §a100.0% §7and gained §e5 rewards§a!
14:08:49 §9Fig Tree Gift. §7You helped cut §a100.0% §7and gained §e5 rewards§a!
14:08:49 §f - §fSweep Booster
14:09:22 §9Fig Tree Gift. §7You helped cut §a100.0% §7and gained §e5 rewards§a!
14:09:43 §9Fig Tree Gift. §7You helped cut §a100.0% §7and gained §e5 rewards§a!
14:09:52 §9Fig Tree Gift. §7You helped cut §a100.0% §7and gained §e5 rewards§a!
14:10:00 §9Fig Tree Gift. §7You helped cut §a100.0% §7and gained §e5 rewards§a!
