07:01:28 [EMPTY] §f §r§r§r§f §r§r§r§1 §r§r§r§0 §r§r§r§2 §r§r§r§f §r§r§r§f §r§r§r§2 §r§r§r§0 §r§r§r§4 §r§r§r§3 §r§r§r§9 §r§r§r§2 §r§r§r§0 §r§r§r§0 §r§r§r§3 §r§r§r§9 §r§r§r§2 §r§r§r§0 §r§r§r§0 §r§r§r§3 §r§r§r§9 §r§r§r§2 §r§r§r§0 §r§r§r§0 
07:01:37 [EMPTY] 
07:01:37 [EMPTY] §c
07:02:05 [EMPTY] §8 §r§8 §r§1 §r§3 §r§3 §r§7 §r§8 
07:02:07 [EMPTY] 
07:02:07 [WELCOME] §eWelcome to §r§aHypixel SkyBlock§r§e!
07:02:07 [EMPTY] 
07:02:08 [PROFILE_JOIN] §aYou are playing on profile: §eLemon§b (Co-op)
07:02:08 [PROFILE_JOIN] §8Profile ID: 62b760d8-92b6-4501-ada0-1fd8583f5266
07:02:19 [SACKS_CHANGE] §6[Sacks] §r§a+6§r§e items§r§e.§r§8 (Last 5s.)
07:02:32 [SACKS_CHANGE] §6[Sacks] §r§a+14§r§e items§r§e.§r§8 (Last 5s.)
07:02:44 [EMPTY] §f §r§r§r§f §r§r§r§1 §r§r§r§0 §r§r§r§2 §r§r§r§f §r§r§r§f §r§r§r§2 §r§r§r§0 §r§r§r§4 §r§r§r§3 §r§r§r§9 §r§r§r§2 §r§r§r§0 §r§r§r§0 §r§r§r§3 §r§r§r§9 §r§r§r§2 §r§r§r§0 §r§r§r§0 §r§r§r§3 §r§r§r§9 §r§r§r§2 §r§r§r§0 §r§r§r§0 
07:04:51 [EMPTY] §f §r§r§r§f §r§r§r§1 §r§r§r§0 §r§r§r§2 §r§r§r§f §r§r§r§f §r§r§r§2 §r§r§r§0 §r§r§r§4 §r§r§r§3 §r§r§r§9 §r§r§r§2 §r§r§r§0 §r§r§r§0 §r§r§r§3 §r§r§r§9 §r§r§r§2 §r§r§r§0 §r§r§r§0 §r§r§r§3 §r§r§r§9 §r§r§r§2 §r§r§r§0 §r§r§r§0 
07:06:57 [EMPTY] §f §r§r§r§f §r§r§r§1 §r§r§r§0 §r§r§r§2 §r§r§r§f §r§r§r§f §r§r§r§2 §r§r§r§0 §r§r§r§4 §r§r§r§3 §r§r§r§9 §r§r§r§2 §r§r§r§0 §r§r§r§0 §r§r§r§3 §r§r§r§9 §r§r§r§2 §r§r§r§0 §r§r§r§0 §r§r§r§3 §r§r§r§9 §r§r§r§2 §r§r§r§0 §r§r§r§0 
07:09:03 [EMPTY] §f §r§r§r§f §r§r§r§1 §r§r§r§0 §r§r§r§2 §r§r§r§f §r§r§r§f §r§r§r§2 §r§r§r§0 §r§r§r§4 §r§r§r§3 §r§r§r§9 §r§r§r§2 §r§r§r§0 §r§r§r§0 §r§r§r§3 §r§r§r§9 §r§r§r§2 §r§r§r§0 §r§r§r§0 §r§r§r§3 §r§r§r§9 §r§r§r§2 §r§r§r§0 §r§r§r§0 
07:11:09 [EMPTY] §f §r§r§r§f §r§r§r§1 §r§r§r§0 §r§r§r§2 §r§r§r§f §r§r§r§f §r§r§r§2 §r§r§r§0 §r§r§r§4 §r§r§r§3 §r§r§r§9 §r§r§r§2 §r§r§r§0 §r§r§r§0 §r§r§r§3 §r§r§r§9 §r§r§r§2 §r§r§r§0 §r§r§r§0 §r§r§r§3 §r§r§r§9 §r§r§r§2 §r§r§r§0 §r§r§r§0 
07:11:59 [EMPTY] §8 §r§8 §r§1 §r§3 §r§3 §r§7 §r§8 
07:12:01 [EMPTY] 
07:12:01 [WELCOME] §eWelcome to §r§aHypixel SkyBlock§r§e!
07:12:01 [EMPTY] 
07:12:02 [PROFILE_JOIN] §aYou are playing on profile: §eLemon§b (Co-op)
07:12:02 [PROFILE_JOIN] §8Profile ID: 62b760d8-92b6-4501-ada0-1fd8583f5266
07:12:20 [EMPTY] §8 §r§8 §r§1 §r§3 §r§3 §r§7 §r§8 
07:12:23 [PROFILE_JOIN] §aYou are playing on profile: §eLemon§b (Co-op)
07:12:23 [PROFILE_JOIN] §8Profile ID: 62b760d8-92b6-4501-ada0-1fd8583f5266
07:12:25 [EMPTY] §8 §r§8 §r§1 §r§3 §r§3 §r§7 §r§8 
07:12:28 [PROFILE_JOIN] §aYou are playing on profile: §eLemon§b (Co-op)
07:12:28 [PROFILE_JOIN] §8Profile ID: 62b760d8-92b6-4501-ada0-1fd8583f5266
07:12:50 [SACKS_CHANGE] §6[Sacks] §r§a+35§r§e items§r§e.§r§8 (Last 6s.)
07:15:18 [EMPTY] 
07:15:20 [EMPTY]  
07:15:20 [EMPTY]  
07:15:20 [EMPTY]  
07:15:37 [EMPTY] §8 §r§8 §r§1 §r§3 §r§3 §r§7 §r§8 
07:15:40 [PROFILE_JOIN] §aYou are playing on profile: §eLemon§b (Co-op)
07:15:40 [PROFILE_JOIN] §8Profile ID: 62b760d8-92b6-4501-ada0-1fd8583f5266
07:16:19 [SACKS_CHANGE] §6[Sacks] §r§a+6§r§e items§r§e.§r§8 (Last 5s.)
07:16:33 [SACKS_CHANGE] §6[Sacks] §r§a+3§r§e items§r§e.§r§8 (Last 5s.)
07:16:34 [EMPTY] §8 §r§8 §r§1 §r§3 §r§3 §r§7 §r§8 
07:16:37 [PROFILE_JOIN] §aYou are playing on profile: §eLemon§b (Co-op)
07:16:37 [PROFILE_JOIN] §8Profile ID: 62b760d8-92b6-4501-ada0-1fd8583f5266
07:17:37 [EMPTY] §8 §r§8 §r§1 §r§3 §r§3 §r§7 §r§8 
07:17:41 [PROFILE_JOIN] §aYou are playing on profile: §eLemon§b (Co-op)
07:17:41 [PROFILE_JOIN] §8Profile ID: 62b760d8-92b6-4501-ada0-1fd8583f5266
07:17:44 [EMPTY] §8 §r§8 §r§1 §r§3 §r§3 §r§7 §r§8 
07:17:47 [PROFILE_JOIN] §aYou are playing on profile: §eLemon§b (Co-op)
07:17:47 [PROFILE_JOIN] §8Profile ID: 62b760d8-92b6-4501-ada0-1fd8583f5266
07:18:00 [GUILD_EXP] §aYou earned §r§258 GEXP §r§a+ §r§e174 Event EXP §r§afrom playing SkyBlock!
07:23:01 [GUILD_EXP] §aYou earned §r§2131 GEXP §r§a+ §r§e393 Event EXP §r§afrom playing SkyBlock!
