06:20:27 Removed old visitor: '§9Iron Forger'
06:20:27 Removed old visitor: '§aRyu'
06:20:27 Removed old visitor: '§aDuke'
06:20:27 Removed old visitor: '§aArthur'
06:40:05 Removed old visitor: '§9Iron Forger'
06:40:05 Removed old visitor: '§aRyu'
06:40:05 Removed old visitor: '§aDuke'
06:40:05 Removed old visitor: '§aArthur'
07:03:39 Removed old visitor: '§9Iron Forger'
07:03:39 Removed old visitor: '§aRyu'
07:03:39 Removed old visitor: '§aDuke'
07:03:39 Removed old visitor: '§aArthur'
07:03:42 Removed old visitor: '§9Iron Forger'
07:03:42 Removed old visitor: '§aRyu'
08:21:07 Removed old visitor: '§9Iron Forger'
08:21:07 Removed old visitor: '§aRyu'
08:21:07 Removed old visitor: '§aDuke'
08:21:07 Removed old visitor: '§aArthur'
08:58:05 Removed old visitor: '§aDuke'
09:00:12 Removed old visitor: '§aEmissary Carlton'
09:04:53 Removed old visitor: '§9Iron Forger'
09:04:53 Removed old visitor: '§aRyu'
09:04:53 Removed old visitor: '§aArthur'
09:04:53 Removed old visitor: '§aEmissary Carlton'
09:08:27 Removed old visitor: '§9Iron Forger'
09:08:27 Removed old visitor: '§aRyu'
09:08:27 Removed old visitor: '§aArthur'
09:08:27 Removed old visitor: '§aEmissary Carlton'
09:08:42 Removed old visitor: '§aRyu'
09:10:34 Removed old visitor: '§9Iron Forger'
09:10:34 Removed old visitor: '§aArthur'
09:10:34 Removed old visitor: '§aEmissary Carlton'
09:10:34 Removed old visitor: '§aLeo'
09:23:20 Removed old visitor: '§9Old Man Garry'
09:23:20 Removed old visitor: '§9Iron Forger'
09:23:20 Removed old visitor: '§aArthur'
09:23:20 Removed old visitor: '§aEmissary Carlton'
09:23:20 Removed old visitor: '§aLeo'
09:27:59 Removed old visitor: '§9Iron Forger'
09:27:59 Removed old visitor: '§aArthur'
09:27:59 Removed old visitor: '§aEmissary Carlton'
09:27:59 Removed old visitor: '§aLeo'
09:28:02 Removed old visitor: '§9Iron Forger'
09:28:32 Removed old visitor: '§9Old Man Garry'
09:28:32 Removed old visitor: '§9Iron Forger'
09:28:32 Removed old visitor: '§aArthur'
09:28:32 Removed old visitor: '§aEmissary Carlton'
09:28:32 Removed old visitor: '§aLeo'
09:28:53 Removed old visitor: '§aLeo'
