02:18:47 DWARVEN_MINES
02:40:38 PRIVATE_ISLAND
02:41:29 HUB
02:42:25 PRIVATE_ISLAND
02:42:52 NONE
02:42:52 PRIVATE_ISLAND_GUEST
02:42:55 NONE
02:42:56 DWARVEN_MINES
02:43:16 NONE
02:43:17 CRYSTAL_HOLLOWS
02:47:02 PRIVATE_ISLAND
02:47:20 CRYSTAL_HOLLOWS
03:45:04 PRIVATE_ISLAND
03:47:57 GARDEN
04:25:16 PRIVATE_ISLAND
04:25:20 GARDEN
04:25:42 NONE
04:25:43 PRIVATE_ISLAND
04:26:05 GARDEN
04:30:50 PRIVATE_ISLAND
04:47:22 GARDEN
04:55:01 NONE
04:55:02 HUB
04:57:22 PRIVATE_ISLAND
05:06:51 HUB
05:07:11 NONE
05:07:12 GARDEN
05:11:39 PRIVATE_ISLAND
05:12:42 HUB
05:32:33 NONE
05:34:23 HUB
05:38:05 GARDEN
05:39:41 PRIVATE_ISLAND
05:40:19 NONE
05:40:19 HUB
05:42:33 NONE
05:42:34 THE_FARMING_ISLANDS
05:44:23 NONE
05:44:24 HUB
05:49:29 THE_FARMING_ISLANDS
05:52:07 NONE
05:52:07 HUB
05:59:31 PRIVATE_ISLAND
06:00:53 NONE
06:00:54 HUB
06:02:21 PRIVATE_ISLAND
06:03:40 NONE
06:03:41 HUB
06:04:38 PRIVATE_ISLAND
06:04:41 NONE
06:04:41 HUB
06:05:29 HUB
06:12:23 HUB
06:13:01 HUB
06:13:04 NONE
06:13:05 HUB
06:13:08 HUB
06:13:20 HUB
06:15:04 NONE
06:15:04 HUB
06:15:56 HUB
06:16:05 NONE
06:16:06 GALATEA
06:16:30 NONE
06:16:31 PRIVATE_ISLAND_GUEST
06:17:16 THE_END
06:19:04 NONE
06:19:04 THE_END
06:26:34 HUB
06:29:03 NONE
06:29:03 THE_END
06:29:23 NONE
06:29:24 HUB
06:31:14 THE_END
06:32:08 PRIVATE_ISLAND
06:33:41 HUB
06:36:50 PRIVATE_ISLAND
06:39:03 NONE
06:39:04 THE_END
06:39:22 NONE
06:39:23 HUB
06:40:20 PRIVATE_ISLAND
06:40:58 HUB
06:41:40 NONE
06:41:40 GOLD_MINES
06:42:15 NONE
06:42:15 DEEP_CAVERNS
06:42:29 DWARVEN_MINES
06:44:55 HUB
06:45:45 NONE
06:45:45 GOLD_MINES
06:46:02 DEEP_CAVERNS
06:46:14 DWARVEN_MINES
06:50:06 HUB
06:51:05 PRIVATE_ISLAND
06:51:39 THE_END
06:52:22 PRIVATE_ISLAND
06:53:03 DUNGEON_HUB
06:54:01 PRIVATE_ISLAND
06:54:09 HUB
06:54:32 DUNGEON_HUB
06:55:55 PRIVATE_ISLAND
06:57:25 THE_END
07:17:13 PRIVATE_ISLAND
07:18:59 HUB
07:20:11 PRIVATE_ISLAND_GUEST
07:20:13 THE_END
07:22:05 PRIVATE_ISLAND
07:22:43 NONE
07:22:43 DUNGEON_HUB
07:25:09 CATACOMBS
07:35:09 DUNGEON_HUB
07:36:40 CATACOMBS
07:50:32 DUNGEON_HUB
07:51:57 PRIVATE_ISLAND
08:04:01 NONE
08:04:01 DUNGEON_HUB
08:05:14 NONE
08:05:15 CATACOMBS
08:17:19 DUNGEON_HUB
08:18:34 PRIVATE_ISLAND
08:19:48 GARDEN
08:29:00 HUB
08:29:36 PRIVATE_ISLAND
08:30:07 NONE
08:30:08 DUNGEON_HUB
08:30:42 HUB
08:31:04 DUNGEON_HUB
08:37:40 NONE
08:37:41 CATACOMBS
08:45:57 DUNGEON_HUB
08:47:51 PRIVATE_ISLAND
08:48:03 DUNGEON_HUB
08:49:08 NONE
08:49:09 CATACOMBS
08:59:29 DUNGEON_HUB
11:05:15 DUNGEON_HUB
11:05:31 PRIVATE_ISLAND
11:05:41 GALATEA
11:06:23 PRIVATE_ISLAND
11:08:54 HUB
11:11:28 WINTER
11:33:12 NONE
11:33:12 DUNGEON_HUB
11:33:30 PRIVATE_ISLAND
11:34:21 PRIVATE_ISLAND_GUEST
11:34:26 NONE
11:34:27 DWARVEN_MINES
11:40:18 NONE
11:40:19 CRYSTAL_HOLLOWS
11:40:41 NONE
11:40:42 PRIVATE_ISLAND
11:40:47 CRYSTAL_HOLLOWS
11:40:48 NONE
11:40:48 CRYSTAL_HOLLOWS
11:40:58 PRIVATE_ISLAND
11:41:03 NONE
11:41:04 GARDEN
11:41:10 NONE
11:41:11 CRYSTAL_HOLLOWS
12:20:41 NONE
12:20:42 PRIVATE_ISLAND
12:21:57 CRYSTAL_HOLLOWS
