17:56:40 [allowed] §aYou are still radiating with §bGenerosity§r§a!
17:56:40 [EMPTY] §f §r§r§r§f §r§r§r§1 §r§r§r§0 §r§r§r§2 §r§r§r§f §r§r§r§f §r§r§r§2 §r§r§r§0 §r§r§r§4 §r§r§r§3 §r§r§r§9 §r§r§r§2 §r§r§r§0 §r§r§r§0 §r§r§r§3 §r§r§r§9 §r§r§r§2 §r§r§r§0 §r§r§r§0 §r§r§r§3 §r§r§r§9 §r§r§r§2 §r§r§r§0 §r§r§r§0 
17:56:52 [allowed] §aSending you to mega13B!
17:56:52 [EMPTY] §8 §r§8 §r§1 §r§3 §r§3 §r§7 §r§8 
17:56:52 [allowed] §eThe game is starting in §r§b85 §r§eseconds!
17:56:52 [allowed] §e§r§bcatholicschool§r§r§r§e has joined (§r§b79§r§r§r§e/§r§b100§r§r§r§e)!§r§e
17:56:53 [allowed] §7[§7S§7H§7A§7] §a[VIP§6+§a] thejesse571§f§r§f: yea im gay
17:56:54 [allowed] §e§r§b_Spathodea_§r§r§r§e has joined (§r§b80§r§r§r§e/§r§b100§r§r§r§e)!§r§e
17:56:55 [allowed] §7[§7S§7H§7A§7] §b[MVP§0+§b] lucasmolen§f§r§f: he broke his leg
17:56:56 [allowed] §7[§7P§7H§7X§7] §b[MVP§e+§b] SOTAKATHEGOAT§f§r§f: *with you
17:57:01 [allowed] §b[§bP§bH§bX§6: 6,711§b] §b[MVP§d+§b] Yexiaobaibai§f§r§f: wow
17:57:03 [allowed] §7[§7D§7R§7E§7] §b[MVP§0+§b] Miyn§f§r§f: gl MaxPower
17:57:03 [allowed] §e§r§7CuteIcySpooky§r§r§r§e has joined (§r§b81§r§r§r§e/§r§b100§r§r§r§e)!§r§e
17:57:03 [allowed] §cYou must be in SkyBlock to join this channel!
17:57:05 [allowed] §7[§7H§7B§7R§7] §b[MVP§4+§b] Hilderos§f§r§f: Miyn :(
17:57:07 [allowed] §e§r§7Gregor_15§r§r§r§e has quit!§r§e
17:57:08 [allowed] §9§m-----------------------------------------------------§r
§r                          §r §6Friends (Page 1 of 1) §r
§r§6§lnr1pir §eis in Limbo§r
§r§a§lhimej0shi §cis currently offline§r
§r§7getkankerirl §cis currently offline§r
§r
§r
§r
§r
§r
§r§9§m-----------------------------------------------------
17:57:10 [allowed] §e§r§7heesupark§r§r§r§e has joined (§r§b81§r§r§r§e/§r§b100§r§r§r§e)!§r§e
17:57:10 [allowed] §e§r§7yeonsuuuu28§r§r§r§e has joined (§r§b82§r§r§r§e/§r§b100§r§r§r§e)!§r§e
17:57:13 [allowed] §7[§7D§7R§7E§7] §a[VIP§6+§a] uwu_walls§f§r§f: mamba out!
17:57:16 [allowed] §dTo §r§6[MVP§r§2++§r§6] nr1pir§r§7: §r§7omg plp in my gmae
17:57:17 [allowed] §7[§7D§7R§7E§7] §b[MVP§0+§b] Miyn§f§r§f: gg MaxPower made it!
17:57:18 [allowed] §7[§7D§7R§7E§7] §a[VIP§6+§a] uwu_walls§f§r§f: uwu
17:57:19 [allowed] §e§r§7heesupark§r§r§r§e has quit!§r§e
17:57:20 [allowed] §e§r§7yeonsuuuu28§r§r§r§e has quit!§r§e
17:57:22 [allowed] §a§lTeleporting you to the lobby in 3 seconds... Right-click again to cancel the teleport!
17:57:25 [allowed] §e§r§7vicilokoO§r§r§r§e has joined (§r§b81§r§r§r§e/§r§b100§r§r§r§e)!§r§e
17:57:25 [allowed] §e§r§7Blkaut§r§r§r§e has joined (§r§b82§r§r§r§e/§r§b100§r§r§r§e)!§r§e
17:57:25 [allowed] §e§r§7BellaNyxx§r§r§r§e has joined (§r§b83§r§r§r§e/§r§b100§r§r§r§e)!§r§e
17:57:25 [allowed] §e§r§7DonaMercedes§r§r§r§e has joined (§r§b84§r§r§r§e/§r§b100§r§r§r§e)!§r§e
17:57:25 [allowed] §aYou are still radiating with §bGenerosity§r§a!
17:57:25 [EMPTY] §f §r§r§r§f §r§r§r§1 §r§r§r§0 §r§r§r§2 §r§r§r§f §r§r§r§f §r§r§r§2 §r§r§r§0 §r§r§r§4 §r§r§r§3 §r§r§r§9 §r§r§r§2 §r§r§r§0 §r§r§r§0 §r§r§r§3 §r§r§r§9 §r§r§r§2 §r§r§r§0 §r§r§r§0 §r§r§r§3 §r§r§r§9 §r§r§r§2 §r§r§r§0 §r§r§r§0 
17:57:29 [allowed] §7Sending to server mini39M...
17:57:29 [EMPTY] §8 §r§8 §r§1 §r§3 §r§3 §r§7 §r§8 
17:57:31 [EMPTY] 
17:57:31 [WELCOME] §eWelcome to §r§aHypixel SkyBlock§r§e!
17:57:31 [EMPTY] 
17:57:31 [allowed] §eLatest update: §bSkyBlock v0.23.2 §e§lCLICK
17:57:32 [PROFILE_JOIN] §aYou are playing on profile: §eLemon§b (Co-op)
17:57:32 [PROFILE_JOIN] §8Profile ID: 62b760d8-92b6-4501-ada0-1fd8583f5266
17:57:34 [LOTTERY] §bNew day! §r§eYour §r§2Lottery §r§ebuff changed!
17:57:34 [LOTTERY] §eNew buff§r§r§r: §r§fGain §r§a+5% §r§2∮ Sweep§r§f.
17:57:34 [LOTTERY] §8§oYou can disable this messaging by toggling Lottery in your /hotf!
17:57:40 [allowed] §7Warping you to your SkyBlock island...
17:57:40 [allowed] §7Sending to server mini74AB...
17:57:41 [EMPTY] §8 §r§8 §r§1 §r§3 §r§3 §r§7 §r§8 
17:57:41 [allowed] §aYou gained §r§b322.2 Combat §r§aexperience from minions!
17:57:41 [allowed] §aYour §r§6Mithril Golem §r§aleveled up to level §r§933§r§a!
17:57:41 [allowed] §aYou gained §r§b17,131.8 Mining §r§aexperience from minions!
17:57:41 [allowed] §aYou gained §r§b1,611.5 Fishing §r§aexperience from minions!
17:57:41 [allowed] §aYou gained §r§b196.9 Farming §r§aexperience from minions!
17:57:44 [PROFILE_JOIN] §aYou are playing on profile: §eLemon§b (Co-op)
17:57:44 [PROFILE_JOIN] §8Profile ID: 62b760d8-92b6-4501-ada0-1fd8583f5266
17:57:46 [LOTTERY] §bNew day! §r§eYour §r§2Lottery §r§ebuff changed!
17:57:46 [LOTTERY] §eNew buff§r§r§r: §r§fGain §r§a+5% §r§2∮ Sweep§r§f.
17:57:46 [LOTTERY] §8§oYou can disable this messaging by toggling Lottery in your /hotf!
17:59:00 [allowed] §8Depositing coins...
17:59:00 [allowed] §aDeposited §r§61.9M coins§r§a! There's now §r§616.7M coins §r§ain the account!
17:59:10 [allowed] §7Finding player...
17:59:11 [allowed] §7Sending a visit request...
17:59:11 [allowed] §7Sending to server mini194U...
17:59:11 [EMPTY] §8 §r§8 §r§1 §r§3 §r§3 §r§7 §r§8 
17:59:12 [allowed] §f§m-----------------------------------------------------
§r§cYou should NEVER enter your Microsoft account details anywhere but on official Microsoft services!

§r§cExternal links from untrusted sources should be avoided.
§r§f§m-----------------------------------------------------
17:59:14 [allowed] §7Sending to server mini1001D...
17:59:15 [EMPTY] §8 §r§8 §r§1 §r§3 §r§3 §r§7 §r§8 
17:59:18 [PROFILE_JOIN] §aYou are playing on profile: §eLemon§b (Co-op)
17:59:18 [PROFILE_JOIN] §8Profile ID: 62b760d8-92b6-4501-ada0-1fd8583f5266
17:59:20 [LOTTERY] §bNew day! §r§eYour §r§2Lottery §r§ebuff changed!
17:59:20 [LOTTERY] §eNew buff§r§r§r: §r§fGain §r§a+5% §r§2∮ Sweep§r§f.
17:59:20 [LOTTERY] §8§oYou can disable this messaging by toggling Lottery in your /hotf!
17:59:49 [SACKS_CHANGE] §6[Sacks] §r§a+8§r§e items§r§e.§r§8 (Last 14s.)
17:59:51 [allowed] §3§l▬▬▬▬▬▬▬▬▬▬▬▬▬▬▬▬▬▬▬▬▬▬▬▬▬▬▬▬▬▬▬▬▬▬▬▬▬▬▬▬▬▬▬▬▬▬▬▬▬▬▬▬▬▬▬▬▬▬▬▬▬▬▬▬
17:59:51 [EMPTY]  
17:59:51 [BESTIARY] §f                                  §6§lBESTIARY
17:59:51 [BESTIARY] §f                           §b§lStar Sentry §7§82 §8➡§b §b3
17:59:51 [BESTIARY] 
17:59:51 [BESTIARY]                                   §r§6§lREWARDS
17:59:51 [BESTIARY]                       §r§8+§r§a2 §r§5Star Sentry §r§b✯ Magic Find
17:59:51 [BESTIARY]                        §r§8+§r§a2 §r§5Star Sentry §r§c❁ Strength
17:59:51 [BESTIARY]                           §r§8+§r§62% §r§a§r§5Star Sentry §r§7coins
17:59:51 [BESTIARY]                     §r§8+§r§a50% §r§7chance for extra XP orbs
17:59:51 [BESTIARY]                                §r§8+§r§b1 SkyBlock XP
17:59:51 [BESTIARY] 
17:59:51 [allowed] §6§lBESTIARY §r§b§lStar Sentry §7§82 §8➡§b §b3
17:59:51 [BESTIARY] §3§l▬▬▬▬▬▬▬▬▬▬▬▬▬▬▬▬▬▬▬▬▬▬▬▬▬▬▬▬▬▬▬▬▬▬▬▬▬▬▬▬▬▬▬▬▬▬▬▬▬▬▬▬▬▬▬▬▬▬▬▬▬▬▬▬
18:00:02 [SACKS_CHANGE] §6[Sacks] §r§a+12§r§e items§r§e.§r§8 (Last 10s.)
18:00:11 [SACKS_CHANGE] §6[Sacks] §r§a+5§r§e items§r§e.§r§8 (Last 5s.)
18:00:30 [allowed] §3§l▬▬▬▬▬▬▬▬▬▬▬▬▬▬▬▬▬▬▬▬▬▬▬▬▬▬▬▬▬▬▬▬▬▬▬▬▬▬▬▬▬▬▬▬▬▬▬▬▬▬▬▬▬▬▬▬▬▬▬▬▬▬▬▬
18:00:30 [EMPTY]  
18:00:30 [BESTIARY] §f                                  §6§lBESTIARY
18:00:30 [BESTIARY] §f                           §b§lStar Sentry §7§83 §8➡§b §b4
18:00:30 [BESTIARY] 
18:00:30 [BESTIARY]                                   §r§6§lREWARDS
18:00:30 [BESTIARY]                       §r§8+§r§a2 §r§5Star Sentry §r§b✯ Magic Find
18:00:30 [BESTIARY]                        §r§8+§r§a2 §r§5Star Sentry §r§c❁ Strength
18:00:30 [BESTIARY]                           §r§8+§r§62% §r§a§r§5Star Sentry §r§7coins
18:00:30 [BESTIARY]                     §r§8+§r§a50% §r§7chance for extra XP orbs
18:00:30 [BESTIARY]                                §r§8+§r§b1 SkyBlock XP
18:00:30 [BESTIARY] 
18:00:30 [allowed] §6§lBESTIARY §r§b§lStar Sentry §7§83 §8➡§b §b4
18:00:30 [BESTIARY] §3§l▬▬▬▬▬▬▬▬▬▬▬▬▬▬▬▬▬▬▬▬▬▬▬▬▬▬▬▬▬▬▬▬▬▬▬▬▬▬▬▬▬▬▬▬▬▬▬▬▬▬▬▬▬▬▬▬▬▬▬▬▬▬▬▬
18:00:35 [allowed] §2Guild > §r§ahimej0shi §r§ejoined.
18:00:41 [allowed] §bhimej0shi joined SkyBlock.
18:00:42 [allowed] §bhimej0shi left SkyBlock.
18:00:42 [SACKS_CHANGE] §6[Sacks] §r§a+43§r§e items§r§e.§r§8 (Last 30s.)
18:00:45 [allowed] §bhimej0shi joined SkyBlock.
18:00:46 [allowed]  §b§l» §ahimej0shi §eis traveling to §aPrivate Island §e§lFOLLOW
18:01:00 [SACKS_CHANGE] §6[Sacks] §r§a+13§r§e items§r§e.§r§8 (Last 11s.)
18:01:26 [allowed] §2Guild > §r§ahimej0shi §r§eleft.
18:01:32 [SACKS_CHANGE] §6[Sacks] §r§a+11§r§e items§r§e.§r§8 (Last 9s.)
18:01:46 [allowed] §3§l▬▬▬▬▬▬▬▬▬▬▬▬▬▬▬▬▬▬▬▬▬▬▬▬▬▬▬▬▬▬▬▬▬▬▬▬▬▬▬▬▬▬▬▬▬▬▬▬▬▬▬▬▬▬▬▬▬▬▬▬▬▬▬▬
18:01:46 [EMPTY]  
18:01:46 [BESTIARY] §f                                  §6§lBESTIARY
18:01:46 [BESTIARY] §f                           §b§lStar Sentry §7§84 §8➡§b §b5
18:01:46 [BESTIARY] 
18:01:46 [BESTIARY]                                   §r§6§lREWARDS
18:01:46 [BESTIARY]                       §r§8+§r§a2 §r§5Star Sentry §r§b✯ Magic Find
18:01:46 [BESTIARY]                        §r§8+§r§a2 §r§5Star Sentry §r§c❁ Strength
18:01:46 [BESTIARY]                           §r§8+§r§62% §r§a§r§5Star Sentry §r§7coins
18:01:46 [BESTIARY]                     §r§8+§r§a50% §r§7chance for extra XP orbs
18:01:46 [BESTIARY]                                §r§8+§r§b1 SkyBlock XP
18:01:46 [BESTIARY] 
18:01:46 [allowed] §6§lBESTIARY §r§b§lStar Sentry §7§84 §8➡§b §b5
18:01:46 [BESTIARY] §3§l▬▬▬▬▬▬▬▬▬▬▬▬▬▬▬▬▬▬▬▬▬▬▬▬▬▬▬▬▬▬▬▬▬▬▬▬▬▬▬▬▬▬▬▬▬▬▬▬▬▬▬▬▬▬▬▬▬▬▬▬▬▬▬▬
18:01:58 [SACKS_CHANGE] §6[Sacks] §r§a+28§r§e items§r§e.§r§8 (Last 19s.)
18:02:04 [GUILD_EXP] §aYou earned §r§2225 GEXP §r§a+ §r§e675 Event EXP §r§afrom playing SkyBlock!
18:02:06 [allowed] §aSuccessfully added §r§6Ammonite §r§ato your pet menu!
18:02:43 [allowed]  §d⚑ §eThe §dBetter Together §eevent starts in §a20 §eseconds!
 §eThis is a passive event! §bIt's happening everywhere in the §bDwarven Mines!
18:03:03 [allowed] §a§l▬▬▬▬▬▬▬▬▬▬▬▬▬▬▬▬▬▬▬▬▬▬▬▬▬▬▬▬▬▬▬▬▬▬▬▬▬▬▬▬▬▬▬▬▬▬▬▬▬▬▬▬▬▬▬▬▬▬▬▬▬▬▬▬
18:03:03 [allowed]                     §r§d§lBETTER TOGETHER STARTED!
18:03:03 [allowed]                            §r§7Passive Active Event
18:03:03 [EMPTY]                                         
18:03:03 [allowed]   The §r§dBetter Together §r§ffestival is underway! While this event is
18:03:03 [allowed] §f    §r§factive, gain §r§6+250⸕ Mining Speed §r§fand §r§6+20☘ Mining Fortune
18:03:03 [allowed] §6§r§f    §r§f§r§ffor each player in the same zone as you! §r§7(Max 5 players)
18:03:03 [allowed] §a§l▬▬▬▬▬▬▬▬▬▬▬▬▬▬▬▬▬▬▬▬▬▬▬▬▬▬▬▬▬▬▬▬▬▬▬▬▬▬▬▬▬▬▬▬▬▬▬▬▬▬▬▬▬▬▬▬▬▬▬▬▬▬▬▬
18:03:04 [allowed] §7§oYou can hear cooperative chattering coming from town...
18:03:04 [allowed] §7§oThe Better Together festival is active for 20 minutes!
18:03:04 [SACKS_CHANGE] §6[Sacks] §r§a+1§r§e item§r§e.§r§8 (Last 5s.)
18:03:19 [allowed] §aYou used your §r§6Pickobulus §r§aPickaxe Ability!
18:03:20 [allowed] §7Your §r§aPickobulus §r§7destroyed §r§e21 §r§7blocks!
18:03:50 [SACKS_CHANGE] §6[Sacks] §r§a+2,677§r§e items§r§e.§r§8 (Last 30s.)
18:03:56 [allowed] §aYour §r§6Mithril Golem §r§aleveled up to level §r§934§r§a!
18:04:19 [allowed] §a§r§6Pickobulus §r§ais now available!
18:04:20 [SACKS_CHANGE] §6[Sacks] §r§a+2,056§r§e items§r§e.§r§8 (Last 29s.)
18:04:23 [allowed] §aYou used your §r§6Pickobulus §r§aPickaxe Ability!
18:04:23 [allowed] §7Your §r§aPickobulus §r§7destroyed §r§e28 §r§7blocks!
18:04:55 [SACKS_CHANGE] §6[Sacks] §r§a+3,107§r§e items§r§e.§r§8 (Last 30s.)
18:05:24 [allowed] §a§r§6Pickobulus §r§ais now available!
18:05:26 [allowed] §aYou used your §r§6Pickobulus §r§aPickaxe Ability!
18:05:26 [SACKS_CHANGE] §6[Sacks] §r§a+124§r§e items§r§e.§r§8 (Last 30s.)
18:05:26 [allowed] §aYour §r§6Mithril Golem §r§aleveled up to level §r§935§r§a!
18:05:26 [allowed] §7Your §r§aPickobulus §r§7destroyed §r§e21 §r§7blocks!
18:05:58 [SACKS_CHANGE] §6[Sacks] §r§a+23§r§e items§r§e.§r§8 (Last 30s.)
18:06:27 [allowed] §a§r§6Pickobulus §r§ais now available!
18:06:28 [allowed] §aYou used your §r§6Pickobulus §r§aPickaxe Ability!
18:06:29 [allowed] §7Your §r§aPickobulus §r§7destroyed §r§e15 §r§7blocks!
18:06:30 [SACKS_CHANGE] §6[Sacks] §r§a+22§r§e items§r§e.§r§8 (Last 30s.)
18:06:42 [allowed] §aYour §r§6Mithril Golem §r§aleveled up to level §r§936§r§a!
18:07:02 [SACKS_CHANGE] §6[Sacks] §r§a+16§r§e items§r§e.§r§8 (Last 30s.)
18:07:08 [GUILD_EXP] §aYou earned §r§2393 GEXP §r§a+ §r§e1,179 Event EXP §r§afrom playing SkyBlock!
18:07:18 [allowed] §cYour Pickaxe ability is on cooldown for 11s.
18:07:19 [allowed] §cYour Pickaxe ability is on cooldown for 10s.
18:07:29 [allowed] §a§r§6Pickobulus §r§ais now available!
18:07:31 [allowed] §aYou used your §r§6Pickobulus §r§aPickaxe Ability!
18:07:31 [allowed] §7Your §r§aPickobulus §r§7destroyed §r§e15 §r§7blocks!
18:07:35 [SACKS_CHANGE] §6[Sacks] §r§a+20§r§e items§r§e.§r§8 (Last 30s.)
18:08:06 [SACKS_CHANGE] §6[Sacks] §r§a+16§r§e items§r§e.§r§8 (Last 30s.)
18:08:25 [allowed] §aYour §r§6Mithril Golem §r§aleveled up to level §r§937§r§a!
18:08:32 [allowed] §a§r§6Pickobulus §r§ais now available!
18:08:34 [allowed] §aYou used your §r§6Pickobulus §r§aPickaxe Ability!
18:08:35 [allowed] §7Your §r§aPickobulus §r§7destroyed §r§e17 §r§7blocks!
18:08:42 [SACKS_CHANGE] §6[Sacks] §r§a+20§r§e items§r§e.§r§8 (Last 30s.)
18:09:13 [SACKS_CHANGE] §6[Sacks] §r§a+17§r§e items§r§e.§r§8 (Last 30s.)
18:09:35 [allowed] §a§r§6Pickobulus §r§ais now available!
18:09:44 [SACKS_CHANGE] §6[Sacks] §r§a+18§r§e items§r§e.§r§8 (Last 30s.)
18:10:38 [allowed] §aYou used your §r§6Pickobulus §r§aPickaxe Ability!
18:10:38 [allowed] §7Your §r§aPickobulus §r§7destroyed §r§e21 §r§7blocks!
18:10:51 [allowed] §aYour §r§6Mithril Golem §r§aleveled up to level §r§938§r§a!
18:11:09 [SACKS_CHANGE] §6[Sacks] §r§a+22§r§e items§r§e.§r§8 (Last 30s.)
18:11:38 [allowed] §a§r§6Pickobulus §r§ais now available!
18:11:40 [SACKS_CHANGE] §6[Sacks] §r§a+15§r§e items§r§e.§r§8 (Last 30s.)
18:11:46 [allowed] §aYou used your §r§6Pickobulus §r§aPickaxe Ability!
18:11:47 [allowed] §7Your §r§aPickobulus §r§7destroyed §r§e21 §r§7blocks!
18:12:11 [SACKS_CHANGE] §6[Sacks] §r§a+22§r§e items§r§e.§r§8 (Last 30s.)
18:12:17 [allowed] §8[§r§e98§r§8] §r§b[MVP§f+§b] Paraciet§f§r§f: Ciobreliuks switch pls
18:12:27 [allowed] §8[§r§e98§r§8] §r§b[MVP§f+§b] Paraciet§f§r§f: gracias
18:12:43 [SACKS_CHANGE] §6[Sacks] §r§a+20§r§e items§r§e.§r§8 (Last 30s.)
18:12:44 [allowed] §aYour §r§6Mithril Golem §r§aleveled up to level §r§939§r§a!
18:12:47 [allowed] §8[§r§e98§r§8] §r§b[MVP§f+§b] Paraciet§f§r§f: holyt shit
18:12:47 [allowed] §a§r§6Pickobulus §r§ais now available!
18:12:48 [allowed] §aYou used your §r§6Pickobulus §r§aPickaxe Ability!
18:12:49 [allowed] §7Your §r§aPickobulus §r§7destroyed §r§e16 §r§7blocks!
18:13:14 [SACKS_CHANGE] §6[Sacks] §r§a+23§r§e items§r§e.§r§8 (Last 30s.)
18:13:17 [allowed] §cYour Pickaxe ability is on cooldown for 32s.
18:13:47 [SACKS_CHANGE] §6[Sacks] §r§a+19§r§e items§r§e.§r§8 (Last 30s.)
18:13:49 [allowed] §a§r§6Pickobulus §r§ais now available!
18:13:50 [allowed] §aYou used your §r§6Pickobulus §r§aPickaxe Ability!
18:13:51 [allowed] §7Your §r§aPickobulus §r§7destroyed §r§e18 §r§7blocks!
18:14:20 [SACKS_CHANGE] §6[Sacks] §r§a+24§r§e items§r§e.§r§8 (Last 30s.)
18:14:27 [SACKS_CHANGE] §6[Sacks] §r§a+1§r§e item§r§e.§r§8 (Last 5s.)
18:14:51 [allowed] §a§r§6Pickobulus §r§ais now available!
18:15:01 [LOTTERY] §bNew day! §r§eYour §r§2Lottery §r§ebuff changed!
18:15:01 [LOTTERY] §eNew buff§r§r§r: §r§fGain §r§a+50 §r§6☘ Mangrove Fortune§r§f.
18:15:01 [LOTTERY] §8§oYou can disable this messaging by toggling Lottery in your /hotf!
18:17:09 [allowed] §e§lLOOT SHARE §fYou received §b2 §9Star Sentry §fShards for assisting §bembernxck§f!
18:18:26 [allowed] §aYou used your §r§6Pickobulus §r§aPickaxe Ability!
18:18:27 [allowed] §aYour §r§6Mithril Golem §r§aleveled up to level §r§940§r§a!
18:18:27 [allowed] §7Your §r§aPickobulus §r§7destroyed §r§e26 §r§7blocks!
18:18:48 [SACKS_CHANGE] §6[Sacks] §r§a+21§r§e items§r§e.§r§8 (Last 30s.)
18:18:59 [SACKS_CHANGE] §6[Sacks] §r§a+3§r§e items§r§e.§r§8 (Last 9s.)
18:19:09 [SACKS_CHANGE] §6[Sacks] §r§a+3§r§e items§r§e.§r§8 (Last 9s.)
18:19:27 [allowed] §a§r§6Pickobulus §r§ais now available!
18:19:28 [allowed] §aYou used your §r§6Pickobulus §r§aPickaxe Ability!
18:19:28 [allowed] §7Your §r§aPickobulus §r§7destroyed §r§e24 §r§7blocks!
18:19:52 [SACKS_CHANGE] §6[Sacks] §r§a+22§r§e items§r§e.§r§8 (Last 30s.)
18:20:26 [SACKS_CHANGE] §6[Sacks] §r§a+13§r§e items§r§e.§r§8 (Last 30s.)
18:20:29 [allowed] §a§r§6Pickobulus §r§ais now available!
18:20:33 [allowed] §aYou used your §r§6Pickobulus §r§aPickaxe Ability!
18:20:33 [allowed] §7Your §r§aPickobulus §r§7destroyed §r§e15 §r§7blocks!
18:20:57 [SACKS_CHANGE] §6[Sacks] §r§a+21§r§e items§r§e.§r§8 (Last 30s.)
18:21:16 [allowed] §a§l▬▬▬▬▬▬▬▬▬▬▬▬▬▬▬▬▬▬▬▬▬▬▬▬▬▬▬▬▬▬▬▬▬▬▬▬▬▬▬▬▬▬▬▬▬▬▬▬▬▬▬▬▬▬▬▬▬▬▬▬▬▬▬▬
18:21:16 [allowed]                       §r§d§lBETTER TOGETHER ENDED!
18:21:16 [allowed]                            §r§7Passive Active Event
18:21:16 [EMPTY] 
18:21:16 [allowed]    The festival has ended, but the Dwarven cooperative spirit
18:21:16 [allowed] §f                                 never dies.
18:21:16 [allowed] §a§l▬▬▬▬▬▬▬▬▬▬▬▬▬▬▬▬▬▬▬▬▬▬▬▬▬▬▬▬▬▬▬▬▬▬▬▬▬▬▬▬▬▬▬▬▬▬▬▬▬▬▬▬▬▬▬▬▬▬▬▬▬▬▬▬
18:21:19 [allowed] §aYour §r§6Mithril Golem §r§aleveled up to level §r§941§r§a!
18:21:31 [SACKS_CHANGE] §6[Sacks] §r§a+14§r§e items§r§e.§r§8 (Last 30s.)
18:21:34 [allowed] §a§r§6Pickobulus §r§ais now available!
18:21:38 [allowed] §aYou used your §r§6Pickobulus §r§aPickaxe Ability!
18:21:38 [allowed] §7Your §r§aPickobulus §r§7destroyed §r§e20 §r§7blocks!
18:21:39 [allowed] §8[§r§a143§r§8] §r§6§lᛝ §r§b[MVP§6+§b] SH_Unli§f§r§f: letteri?
18:21:47 [allowed] §8[§r§a143§r§8] §r§6§lᛝ §r§b[MVP§6+§b] SH_Unli§f§r§f: could you mine this one?
18:21:53 [SACKS_CHANGE] §6[Sacks] §r§a+12§r§e items§r§e.§r§8 (Last 20s.)
18:22:01 [allowed] §8[§r§e90§r§8] §r§b[MVP§a+§b] TheLetteri§f§r§f: akr
18:22:03 [allowed] §8[§r§e90§r§8] §r§b[MVP§a+§b] TheLetteri§f§r§f: alr*
18:22:05 [allowed] §8[§r§a143§r§8] §r§6§lᛝ §r§b[MVP§6+§b] SH_Unli§f§r§f: ly <3
18:22:12 [SACKS_CHANGE] §6[Sacks] §r§a+1§r§e item§r§e.§r§8 (Last 5s.)
18:22:34 [allowed] §6The sound of pickaxes clashing against the rock has attracted the attention of the §r§lPOWDER GHAST!
18:22:34 [allowed] §eFind the §r§6Powder Ghast§r§e near the §r§bDivan's Gateway§r§e!
18:22:40 [allowed] §a§r§6Pickobulus §r§ais now available!
18:22:40 [SACKS_CHANGE] §6[Sacks] §r§a+3§r§e items§r§e.§r§8 (Last 8s.)
18:22:46 [allowed]  §b⚑ §eThe §bMithril Gourmand §eevent starts in §a20 §eseconds!
 §aClick here §eto teleport to §bGarry §eand prepare!
18:23:02 [allowed] §aYou used your §r§6Pickobulus §r§aPickaxe Ability!
18:23:02 [allowed] §7Your §r§aPickobulus §r§7destroyed §r§e17 §r§7blocks!
18:23:06 [allowed] §a§l▬▬▬▬▬▬▬▬▬▬▬▬▬▬▬▬▬▬▬▬▬▬▬▬▬▬▬▬▬▬▬▬▬▬▬▬▬▬▬▬▬▬▬▬▬▬▬▬▬▬▬▬▬▬▬▬▬▬▬▬▬▬▬▬
18:23:06 [allowed]                     §r§b§lMITHRIL GOURMAND STARTED!
18:23:06 [allowed]                                  §r§7Mining Event
18:23:06 [EMPTY]                                         
18:23:06 [allowed]       Don Expresso wants some §r§aTasty Mithril §r§ffrom the §r§bGoblin
18:23:06 [allowed] §b§r§f  §r§bBurrows§r§f. Bring §r§c200 §r§f§r§aTasty Mithril §r§fto him at the §r§bDwarven Village§r§f!
18:23:06 [allowed]       Bring §r§c10 §r§fpersonally and you'll receive §r§6extra rewards§r§f.
18:23:06 [EMPTY]                                         
18:23:06 [allowed]                Go to §r§bGoblin Burrows §r§7(or talk to Garry)
18:23:06 [allowed] §a§l▬▬▬▬▬▬▬▬▬▬▬▬▬▬▬▬▬▬▬▬▬▬▬▬▬▬▬▬▬▬▬▬▬▬▬▬▬▬▬▬▬▬▬▬▬▬▬▬▬▬▬▬▬▬▬▬▬▬▬▬▬▬▬▬
18:23:22 [SACKS_CHANGE] §6[Sacks] §r§a+17§r§e items§r§e.§r§8 (Last 29s.)
18:23:36 [SACKS_CHANGE] §6[Sacks] §r§a+5§r§e items§r§e.§r§8 (Last 12s.)
18:23:46 [allowed] §cYour Pickaxe ability is on cooldown for 16s.
18:23:54 [allowed] §8[§r§79§r§8] §r§7MR_noobMAN§7§r§7: ?
18:24:02 [allowed] §a§r§6Pickobulus §r§ais now available!
18:24:04 [allowed] §aYou used your §r§6Pickobulus §r§aPickaxe Ability!
18:24:05 [allowed] §7Your §r§aPickobulus §r§7destroyed §r§e20 §r§7blocks!
18:24:09 [allowed] §8[§r§78§r§8] §r§7MoehreGG§7§r§7: i have no helmwt but a chestplate
18:24:19 [SACKS_CHANGE] §6[Sacks] §r§a+18§r§e items§r§e.§r§8 (Last 30s.)
18:24:34 [allowed] §8[§r§78§r§8] §r§7MoehreGG§7§r§7: pls
18:24:36 [allowed] §8[§r§79§r§8] §r§7MR_noobMAN§7§r§7: nah im good
18:24:41 [allowed] §8[§r§79§r§8] §r§7MR_noobMAN§7§r§7: sry
18:24:44 [allowed] §cYou don't have room in your inventory!
18:24:45 [allowed] §8[§r§78§r§8] §r§7MoehreGG§7§r§7: shut up
18:24:46 [allowed] §cThis menu has been throttled! Please slow down...
18:24:50 [SACKS_CHANGE] §6[Sacks] §r§a+126§r§e items§r§e, §r§c-20,160§r§e items§r§e.§r§8 (Last 9s.)
18:25:05 [allowed] §a§r§6Pickobulus §r§ais now available!
18:25:06 [SACKS_CHANGE] §6[Sacks] §r§a+152§r§e items§r§e.§r§8 (Last 5s.)
18:25:16 [allowed] §aYou used your §r§6Pickobulus §r§aPickaxe Ability!
18:25:16 [allowed] §7Your §r§aPickobulus §r§7destroyed §r§e38 §r§7blocks!
18:25:38 [SACKS_CHANGE] §6[Sacks] §r§a+2,520§r§e items§r§e, §r§c-603§r§e items§r§e.§r§8 (Last 30s.)
18:25:49 [allowed] §aYour §r§6Mithril Golem §r§aleveled up to level §r§942§r§a!
18:25:54 [allowed] §cYour Pickaxe ability is on cooldown for 23s.
18:26:01 [allowed] §5§l✯ §r§eA §r§5Fallen Star §r§ehas crashed at §r§bCliffside Veins§r§e! Nearby ore and Powder drops are amplified!
18:26:09 [SACKS_CHANGE] §6[Sacks] §r§a+1,755§r§e items§r§e.§r§8 (Last 30s.)
18:26:16 [allowed] §a§r§6Pickobulus §r§ais now available!
18:26:18 [allowed] §aYou used your §r§6Pickobulus §r§aPickaxe Ability!
18:26:18 [allowed] §7Your §r§aPickobulus §r§7destroyed §r§e17 §r§7blocks!
18:26:40 [SACKS_CHANGE] §6[Sacks] §r§a+2,674§r§e items§r§e.§r§8 (Last 30s.)
18:27:12 [SACKS_CHANGE] §6[Sacks] §r§a+2,394§r§e items§r§e.§r§8 (Last 30s.)
18:27:13 [allowed] §cYour Pickaxe ability is on cooldown for 5s.
18:27:19 [allowed] §a§r§6Pickobulus §r§ais now available!
18:27:22 [allowed] §aYou used your §r§6Pickobulus §r§aPickaxe Ability!
18:27:22 [allowed] §7Your §r§aPickobulus §r§7destroyed §r§e26 §r§7blocks!
18:27:35 [allowed] §a§l▬▬▬▬▬▬▬▬▬▬▬▬▬▬▬▬▬▬▬▬▬▬▬▬▬▬▬▬▬▬▬▬▬▬▬▬▬▬▬▬▬▬▬▬▬▬▬▬▬▬▬▬▬▬▬▬▬▬▬▬▬▬▬▬
18:27:35 [allowed]                       §r§b§lMITHRIL GOURMAND ENDED!
18:27:35 [allowed]                                  §r§7Mining Event
18:27:35 [allowed]                           §r§cYou didn't participate...
18:27:35 [allowed] §a§l▬▬▬▬▬▬▬▬▬▬▬▬▬▬▬▬▬▬▬▬▬▬▬▬▬▬▬▬▬▬▬▬▬▬▬▬▬▬▬▬▬▬▬▬▬▬▬▬▬▬▬▬▬▬▬▬▬▬▬▬▬▬▬▬
18:27:43 [SACKS_CHANGE] §6[Sacks] §r§a+2,790§r§e items§r§e.§r§8 (Last 30s.)
18:27:54 [allowed] §cYour Pickaxe ability is on cooldown for 29s.
18:28:14 [SACKS_CHANGE] §6[Sacks] §r§a+2,385§r§e items§r§e.§r§8 (Last 30s.)
18:28:23 [allowed] §a§r§6Pickobulus §r§ais now available!
18:28:23 [allowed] §aYou used your §r§6Pickobulus §r§aPickaxe Ability!
18:28:23 [allowed] §7Your §r§aPickobulus §r§7destroyed §r§e21 §r§7blocks!
18:28:35 [allowed] §aYour §r§6Mithril Golem §r§aleveled up to level §r§943§r§a!
18:28:46 [SACKS_CHANGE] §6[Sacks] §r§a+3,393§r§e items§r§e.§r§8 (Last 30s.)
18:29:17 [SACKS_CHANGE] §6[Sacks] §r§a+2,160§r§e items§r§e.§r§8 (Last 30s.)
18:29:24 [allowed] §a§r§6Pickobulus §r§ais now available!
18:29:25 [allowed] §aYou used your §r§6Pickobulus §r§aPickaxe Ability!
18:29:25 [allowed] §7Your §r§aPickobulus §r§7destroyed §r§e35 §r§7blocks!
18:29:49 [SACKS_CHANGE] §6[Sacks] §r§a+302§r§e items§r§e.§r§8 (Last 30s.)
18:30:21 [SACKS_CHANGE] §6[Sacks] §r§a+18§r§e items§r§e.§r§8 (Last 30s.)
18:30:26 [allowed] §a§r§6Pickobulus §r§ais now available!
18:30:27 [allowed] §aYou used your §r§6Pickobulus §r§aPickaxe Ability!
18:30:27 [allowed] §7Your §r§aPickobulus §r§7destroyed §r§e20 §r§7blocks!
18:30:53 [SACKS_CHANGE] §6[Sacks] §r§a+21§r§e items§r§e.§r§8 (Last 30s.)
18:31:19 [allowed] §cYour Pickaxe ability is on cooldown for 8s.
18:31:24 [SACKS_CHANGE] §6[Sacks] §r§a+15§r§e items§r§e.§r§8 (Last 30s.)
18:31:27 [allowed] §a§r§6Pickobulus §r§ais now available!
18:31:30 [allowed] §aYour §r§6Mithril Golem §r§aleveled up to level §r§944§r§a!
18:31:33 [allowed] §aYou used your §r§6Pickobulus §r§aPickaxe Ability!
18:31:33 [allowed] §7Your §r§aPickobulus §r§7destroyed §r§e21 §r§7blocks!
18:31:56 [SACKS_CHANGE] §6[Sacks] §r§a+20§r§e items§r§e.§r§8 (Last 30s.)
18:32:27 [SACKS_CHANGE] §6[Sacks] §r§a+17§r§e items§r§e.§r§8 (Last 30s.)
18:32:34 [allowed] §a§r§6Pickobulus §r§ais now available!
18:32:36 [allowed] §aYou used your §r§6Pickobulus §r§aPickaxe Ability!
18:32:36 [allowed] §7Your §r§aPickobulus §r§7destroyed §r§e21 §r§7blocks!
18:32:57 [SACKS_CHANGE] §6[Sacks] §r§a+19§r§e items§r§e.§r§8 (Last 30s.)
18:33:31 [SACKS_CHANGE] §6[Sacks] §r§a+18§r§e items§r§e.§r§8 (Last 30s.)
18:33:37 [allowed] §a§r§6Pickobulus §r§ais now available!
18:33:38 [allowed] §aYou used your §r§6Pickobulus §r§aPickaxe Ability!
18:33:38 [allowed] §7Your §r§aPickobulus §r§7destroyed §r§e19 §r§7blocks!
18:34:03 [SACKS_CHANGE] §6[Sacks] §r§a+16§r§e items§r§e.§r§8 (Last 30s.)
18:34:18 [allowed] §6The sound of pickaxes clashing against the rock has attracted the attention of the §r§lPOWDER GHAST!
18:34:18 [allowed] §eFind the §r§6Powder Ghast§r§e near the §r§bRampart's Quarry§r§e!
18:34:37 [allowed] §aYour §r§6Mithril Golem §r§aleveled up to level §r§945§r§a!
18:34:39 [allowed] §a§r§6Pickobulus §r§ais now available!
18:34:41 [SACKS_CHANGE] §6[Sacks] §r§a+18§r§e items§r§e.§r§8 (Last 30s.)
18:34:45 [allowed] §aYou used your §r§6Pickobulus §r§aPickaxe Ability!
18:34:45 [allowed] §7Your §r§aPickobulus §r§7destroyed §r§e16 §r§7blocks!
18:35:01 [LOTTERY] §bNew day! §r§eYour §r§2Lottery §r§ebuff changed!
18:35:01 [LOTTERY] §eNew buff§r§r§r: §r§fGain §r§a+50 §r§6☘ Mangrove Fortune§r§f.
18:35:01 [LOTTERY] §8§oYou can disable this messaging by toggling Lottery in your /hotf!
18:35:14 [SACKS_CHANGE] §6[Sacks] §r§a+24§r§e items§r§e.§r§8 (Last 30s.)
18:35:46 [allowed] §a§r§6Pickobulus §r§ais now available!
18:35:46 [SACKS_CHANGE] §6[Sacks] §r§a+17§r§e items§r§e.§r§8 (Last 30s.)
18:35:52 [allowed] §aYou used your §r§6Pickobulus §r§aPickaxe Ability!
18:35:52 [allowed] §7Your §r§aPickobulus §r§7destroyed §r§e21 §r§7blocks!
18:36:17 [SACKS_CHANGE] §6[Sacks] §r§a+21§r§e items§r§e.§r§8 (Last 30s.)
18:36:48 [SACKS_CHANGE] §6[Sacks] §r§a+17§r§e items§r§e.§r§8 (Last 30s.)
18:36:53 [allowed] §a§r§6Pickobulus §r§ais now available!
18:36:56 [allowed] §aYou used your §r§6Pickobulus §r§aPickaxe Ability!
18:36:56 [allowed] §7Your §r§aPickobulus §r§7destroyed §r§e14 §r§7blocks!
18:37:19 [SACKS_CHANGE] §6[Sacks] §r§a+21§r§e items§r§e.§r§8 (Last 30s.)
18:37:40 [allowed] §cYour Pickaxe ability is on cooldown for 16s.
18:37:46 [allowed] §aYour §r§6Mithril Golem §r§aleveled up to level §r§946§r§a!
18:37:51 [SACKS_CHANGE] §6[Sacks] §r§a+18§r§e items§r§e.§r§8 (Last 30s.)
18:37:57 [allowed] §a§r§6Pickobulus §r§ais now available!
18:38:08 [allowed] §aYou used your §r§6Pickobulus §r§aPickaxe Ability!
18:38:08 [allowed] §7Your §r§aPickobulus §r§7destroyed §r§e20 §r§7blocks!
18:38:24 [SACKS_CHANGE] §6[Sacks] §r§a+22§r§e items§r§e.§r§8 (Last 30s.)
18:38:56 [SACKS_CHANGE] §6[Sacks] §r§a+14§r§e items§r§e.§r§8 (Last 30s.)
18:39:08 [allowed] §a§r§6Pickobulus §r§ais now available!
18:39:11 [allowed] §aYou used your §r§6Pickobulus §r§aPickaxe Ability!
18:39:11 [allowed] §7Your §r§aPickobulus §r§7destroyed §r§e16 §r§7blocks!
18:39:28 [SACKS_CHANGE] §6[Sacks] §r§a+22§r§e items§r§e.§r§8 (Last 30s.)
18:39:59 [SACKS_CHANGE] §6[Sacks] §r§a+18§r§e items§r§e.§r§8 (Last 30s.)
18:40:11 [allowed] §a§r§6Pickobulus §r§ais now available!
18:40:13 [allowed] §aYou used your §r§6Pickobulus §r§aPickaxe Ability!
18:40:13 [allowed] §7Your §r§aPickobulus §r§7destroyed §r§e18 §r§7blocks!
18:40:32 [SACKS_CHANGE] §6[Sacks] §r§a+22§r§e items§r§e.§r§8 (Last 30s.)
18:41:06 [SACKS_CHANGE] §6[Sacks] §r§a+18§r§e items§r§e.§r§8 (Last 30s.)
18:41:13 [allowed] §a§r§6Pickobulus §r§ais now available!
18:41:13 [allowed] §aYour §r§6Mithril Golem §r§aleveled up to level §r§947§r§a!
18:41:15 [allowed] §aYou used your §r§6Pickobulus §r§aPickaxe Ability!
18:41:15 [allowed] §7Your §r§aPickobulus §r§7destroyed §r§e22 §r§7blocks!
18:41:35 [allowed] §5§l✯ §r§eA §r§5Fallen Star §r§ehas crashed at §r§bRoyal Mines§r§e! Nearby ore and Powder drops are amplified!
18:41:38 [SACKS_CHANGE] §6[Sacks] §r§a+21§r§e items§r§e.§r§8 (Last 30s.)
18:42:10 [SACKS_CHANGE] §6[Sacks] §r§a+17§r§e items§r§e.§r§8 (Last 30s.)
18:42:15 [allowed] §a§r§6Pickobulus §r§ais now available!
18:42:19 [SACKS_CHANGE] §6[Sacks] §r§a+3§r§e items§r§e.§r§8 (Last 8s.)
18:42:47 [allowed]  §d⚑ §eThe §dBetter Together §eevent starts in §a20 §eseconds!
 §eThis is a passive event! §bIt's happening everywhere in the §bDwarven Mines!
18:43:07 [allowed] §a§l▬▬▬▬▬▬▬▬▬▬▬▬▬▬▬▬▬▬▬▬▬▬▬▬▬▬▬▬▬▬▬▬▬▬▬▬▬▬▬▬▬▬▬▬▬▬▬▬▬▬▬▬▬▬▬▬▬▬▬▬▬▬▬▬
18:43:07 [allowed]                     §r§d§lBETTER TOGETHER STARTED!
18:43:07 [allowed]                            §r§7Passive Active Event
18:43:07 [EMPTY]                                         
18:43:07 [allowed]   The §r§dBetter Together §r§ffestival is underway! While this event is
18:43:07 [allowed] §f    §r§factive, gain §r§6+250⸕ Mining Speed §r§fand §r§6+20☘ Mining Fortune
18:43:07 [allowed] §6§r§f    §r§f§r§ffor each player in the same zone as you! §r§7(Max 5 players)
18:43:07 [allowed] §a§l▬▬▬▬▬▬▬▬▬▬▬▬▬▬▬▬▬▬▬▬▬▬▬▬▬▬▬▬▬▬▬▬▬▬▬▬▬▬▬▬▬▬▬▬▬▬▬▬▬▬▬▬▬▬▬▬▬▬▬▬▬▬▬▬
18:43:07 [allowed] §7§oYou can hear cooperative chattering coming from town...
18:43:07 [allowed] §7§oThe Better Together festival is active for 20 minutes!
18:45:18 [allowed] §8[§r§713§r§8] §r§a[VIP] rezik_playz§f§r§f: yo
18:45:21 [allowed] §8[§r§d345§r§8] §r§7⥈ §r§b[MVP§2+§b] Mommy_Rawr§f§r§f: ?
18:45:40 [allowed] §8[§r§713§r§8] §r§a[VIP] rezik_playz§f§r§f: nvm
18:46:41 [allowed] §6The sound of pickaxes clashing against the rock has attracted the attention of the §r§lPOWDER GHAST!
18:46:41 [allowed] §eFind the §r§6Powder Ghast§r§e near the §r§bDivan's Gateway§r§e!
18:47:49 [allowed] §8[§r§713§r§8] §r§a[VIP] rezik_playz§f§r§f: hi
18:49:33 [allowed] §8[§r§6417§r§8] §r§6§lӃ §r§b[MVP§6+§b] CreativePixel§f§r§f: heart of the mountain tier 10
18:49:36 [allowed] §8[§r§6417§r§8] §r§6§lӃ §r§b[MVP§6+§b] CreativePixel§f§r§f: Level 414 ➡ [417]
18:49:45 [allowed] §8[§r§2181§r§8] §r§7⚠ §r§a[VIP§6+§a] QingJiuAxe§f§r§f: gg
18:55:01 [LOTTERY] §bNew day! §r§eYour §r§2Lottery §r§ebuff changed!
18:55:01 [LOTTERY] §eNew buff§r§r§r: §r§fGain §r§a+50 §r§6☘ Mangrove Fortune§r§f.
18:55:01 [LOTTERY] §8§oYou can disable this messaging by toggling Lottery in your /hotf!
18:57:08 [allowed] §5§l✯ §r§eA §r§5Fallen Star §r§ehas crashed at §r§bCliffside Veins§r§e! Nearby ore and Powder drops are amplified!
19:00:57 [allowed] §8[§r§d331§r§8] §r§6♫ §r§b[MVP§d+§b] StellarSol§f§r§f: good, hated that skin
19:01:06 [allowed] §8[§r§d331§r§8] §r§6♫ §r§b[MVP§d+§b] StellarSol§f§r§f: almost as bad as Frog Dye
19:01:18 [allowed] §a§l▬▬▬▬▬▬▬▬▬▬▬▬▬▬▬▬▬▬▬▬▬▬▬▬▬▬▬▬▬▬▬▬▬▬▬▬▬▬▬▬▬▬▬▬▬▬▬▬▬▬▬▬▬▬▬▬▬▬▬▬▬▬▬▬
19:01:18 [allowed]                       §r§d§lBETTER TOGETHER ENDED!
19:01:18 [allowed]                            §r§7Passive Active Event
19:01:18 [EMPTY] 
19:01:18 [allowed]    The festival has ended, but the Dwarven cooperative spirit
19:01:18 [allowed] §f                                 never dies.
19:01:18 [allowed] §a§l▬▬▬▬▬▬▬▬▬▬▬▬▬▬▬▬▬▬▬▬▬▬▬▬▬▬▬▬▬▬▬▬▬▬▬▬▬▬▬▬▬▬▬▬▬▬▬▬▬▬▬▬▬▬▬▬▬▬▬▬▬▬▬▬
19:01:18 [allowed] §8[§r§a143§r§8] §r§6§lᛝ §r§b[MVP§6+§b] SH_Unli§f§r§f: fr#
19:01:23 [allowed] §8[§r§d338§r§8] §r§5§l࿇ §r§b[MVP§d+§b] _Alithea_§f§r§f: the only good skin was black cat girl skin
19:01:29 [allowed] §8[§r§d331§r§8] §r§6♫ §r§b[MVP§d+§b] StellarSol§f§r§f: ONG
19:01:34 [allowed] §8[§r§f51§r§8] §r§a[VIP] Swooksi§f§r§f: bro/
19:01:40 [allowed] §8[§r§d331§r§8] §r§6♫ §r§b[MVP§d+§b] StellarSol§f§r§f: and my lovely Black Sentinel Warden Helm
19:01:47 [EMPTY] 
19:01:47 [allowed] §4[WATCHDOG ANNOUNCEMENT]
19:01:47 [allowed] Watchdog has banned §r§c§l7,909§r§f players in the last 7 days.
19:01:47 [allowed] Staff have banned an additional §r§c§l9,460§r§f in the last 7 days.
19:01:47 [allowed] §cBlacklisted modifications are a bannable offense!
19:01:47 [EMPTY] §c
19:02:46 [allowed]  §6⚑ §eThe §6Raffle §eevent starts in §a20 §eseconds!
 §aClick here §eto teleport to §bGarry §eand prepare!
19:03:07 [allowed] §a§l▬▬▬▬▬▬▬▬▬▬▬▬▬▬▬▬▬▬▬▬▬▬▬▬▬▬▬▬▬▬▬▬▬▬▬▬▬▬▬▬▬▬▬▬▬▬▬▬▬▬▬▬▬▬▬▬▬▬▬▬▬▬▬▬
19:03:07 [allowed]                             §r§6§lRAFFLE STARTED!
19:03:07 [allowed]                                  §r§7Mining Event
19:03:07 [EMPTY]                                         
19:03:07 [allowed]               Bring §r§6tickets §r§ffrom the ground to the box!
19:03:07 [allowed]                 3 §r§elucky §r§fplayers win §r§6exclusive §r§frewards!
19:03:07 [allowed]             More tickets = more §r§echances §r§f& more §r§6rewards§r§f!
19:03:07 [EMPTY]                                         
19:03:07 [allowed]                  Go to §r§bRoyal Palace §r§7(or talk to Garry)
19:03:07 [allowed] §a§l▬▬▬▬▬▬▬▬▬▬▬▬▬▬▬▬▬▬▬▬▬▬▬▬▬▬▬▬▬▬▬▬▬▬▬▬▬▬▬▬▬▬▬▬▬▬▬▬▬▬▬▬▬▬▬▬▬▬▬▬▬▬▬▬
19:05:38 [allowed] §c§lRAFFLE CLOSING! §r§7in 10 seconds
19:05:46 [allowed] §aYou used your §r§6Pickobulus §r§aPickaxe Ability!
19:05:46 [allowed] §7Your §r§aPickobulus §r§7destroyed §r§e24 §r§7blocks!
19:06:08 [allowed] §a§l▬▬▬▬▬▬▬▬▬▬▬▬▬▬▬▬▬▬▬▬▬▬▬▬▬▬▬▬▬▬▬▬▬▬▬▬▬▬▬▬▬▬▬▬▬▬▬▬▬▬▬▬▬▬▬▬▬▬▬▬▬▬▬▬
19:06:08 [allowed]                               §r§6§lRAFFLE ENDED!
19:06:08 [allowed]                                  §r§7Mining Event
19:06:08 [allowed]                           §r§cYou didn't participate...
19:06:08 [allowed] §a§l▬▬▬▬▬▬▬▬▬▬▬▬▬▬▬▬▬▬▬▬▬▬▬▬▬▬▬▬▬▬▬▬▬▬▬▬▬▬▬▬▬▬▬▬▬▬▬▬▬▬▬▬▬▬▬▬▬▬▬▬▬▬▬▬
19:06:17 [SACKS_CHANGE] §6[Sacks] §r§a+20§r§e items§r§e.§r§8 (Last 30s.)
19:06:46 [allowed] §a§r§6Pickobulus §r§ais now available!
19:06:48 [allowed] §aYou used your §r§6Pickobulus §r§aPickaxe Ability!
19:06:48 [allowed] §7Your §r§aPickobulus §r§7destroyed §r§e18 §r§7blocks!
19:06:49 [allowed] §6A Golden Goblin has spawned!
19:06:50 [SACKS_CHANGE] §6[Sacks] §r§a+21§r§e items§r§e.§r§8 (Last 30s.)
19:07:01 [allowed] §aYou received §r§2200 ᠅ Mithril Powder §r§afrom killing a §r§6§lGolden Goblin§r§a!
19:07:01 [allowed]   §r§7+§r§63 Gold Essence
19:07:01 [allowed] §3§l▬▬▬▬▬▬▬▬▬▬▬▬▬▬▬▬▬▬▬▬▬▬▬▬▬▬▬▬▬▬▬▬▬▬▬▬▬▬▬▬▬▬▬▬▬▬▬▬▬▬▬▬▬▬▬▬▬▬▬▬▬▬▬▬
19:07:01 [EMPTY]  
19:07:01 [BESTIARY] §f                                  §6§lBESTIARY
19:07:01 [BESTIARY] §f                         §b§lGolden Goblin §7§89 §8➡§b §b10
19:07:01 [BESTIARY] 
19:07:01 [BESTIARY]                                   §r§6§lREWARDS
19:07:01 [BESTIARY]                       §r§8+§r§a3 Golden Goblin §r§b✯ Magic Find
19:07:01 [BESTIARY]                       §r§8+§r§a3 Golden Goblin §r§c❁ Strength
19:07:01 [BESTIARY]                           §r§8+§r§62% §r§aGolden Goblin §r§7coins
19:07:01 [BESTIARY]                     §r§8+§r§a50% §r§7chance for extra XP orbs
19:07:01 [BESTIARY]                                §r§8+§r§b1 SkyBlock XP
19:07:01 [BESTIARY] 
19:07:01 [BESTIARY]   §r§f                         §6§lBESTIARY MILESTONE
19:07:01 [BESTIARY]   §r§f                                    §889➡§e90
19:07:01 [allowed] §6§lBESTIARY MILESTONE §889➡§e90
19:07:01 [BESTIARY] §6§lBESTIARY MILESTONE §889➡§e90
19:07:01 [BESTIARY] §6§lBESTIARY MILESTONE §889➡§e90
19:07:01 [BESTIARY] §6§lBESTIARY MILESTONE §889➡§e90
19:07:01 [BESTIARY] §6§lBESTIARY MILESTONE §889➡§e90
19:07:01 [BESTIARY] 
19:07:01 [allowed] §3§l▬▬▬▬▬▬▬▬▬▬▬▬▬▬▬▬▬▬▬▬▬▬▬▬▬▬▬▬▬▬▬▬▬▬▬▬▬▬▬▬▬▬▬▬▬▬▬▬▬▬▬▬▬▬▬▬▬▬▬▬▬▬▬▬
19:07:32 [SACKS_CHANGE] §6[Sacks] §r§a+15§r§e items§r§e.§r§8 (Last 30s.)
19:07:37 [allowed] §6A Golden Goblin has spawned!
19:07:41 [SACKS_CHANGE] §6[Sacks] §r§a+3§r§e items§r§e.§r§8 (Last 8s.)
19:07:45 [allowed] §aYou received §r§2200 ᠅ Mithril Powder §r§afrom killing a §r§6§lGolden Goblin§r§a!
19:07:45 [allowed]   §r§7+§r§62 Gold Essence
19:07:47 [allowed] §cThere are blocks in the way!
19:07:48 [allowed] §a§r§6Pickobulus §r§ais now available!
19:07:50 [SACKS_CHANGE] §6[Sacks] §r§a+5§r§e items§r§e.§r§8 (Last 5s.)
19:07:51 [allowed] §aYou used your §r§6Pickobulus §r§aPickaxe Ability!
19:07:52 [allowed] §7Your §r§aPickobulus §r§7destroyed §r§e26 §r§7blocks!
19:07:53 [allowed] §6A Golden Goblin has spawned!
19:07:59 [SACKS_CHANGE] §6[Sacks] §r§a+8§r§e items§r§e.§r§8 (Last 8s.)
19:08:01 [allowed] §aYou received §r§2200 ᠅ Mithril Powder §r§afrom killing a §r§6§lGolden Goblin§r§a!
19:08:01 [allowed]   §r§7+§r§63 Gold Essence
19:08:06 [SACKS_CHANGE] §6[Sacks] §r§a+5§r§e items§r§e.§r§8 (Last 5s.)
19:08:28 [SACKS_CHANGE] §6[Sacks] §r§a+5§r§e items§r§e.§r§8 (Last 12s.)
19:08:52 [allowed] §a§r§6Pickobulus §r§ais now available!
19:08:54 [allowed] §aYou used your §r§6Pickobulus §r§aPickaxe Ability!
19:08:54 [allowed] §7Your §r§aPickobulus §r§7destroyed §r§e16 §r§7blocks!
19:09:01 [SACKS_CHANGE] §6[Sacks] §r§a+16§r§e items§r§e.§r§8 (Last 30s.)
19:09:21 [allowed] §aYour §r§6Mithril Golem §r§aleveled up to level §r§948§r§a!
19:09:33 [SACKS_CHANGE] §6[Sacks] §r§a+17§r§e items§r§e.§r§8 (Last 30s.)
19:09:54 [allowed] §a§r§6Pickobulus §r§ais now available!
19:09:59 [allowed] §aYou used your §r§6Pickobulus §r§aPickaxe Ability!
19:09:59 [allowed] §7Your §r§aPickobulus §r§7destroyed §r§e24 §r§7blocks!
19:10:04 [SACKS_CHANGE] §6[Sacks] §r§a+21§r§e items§r§e.§r§8 (Last 30s.)
19:10:30 [SACKS_CHANGE] §6[Sacks] §r§a+8§r§e items§r§e.§r§8 (Last 21s.)
19:10:37 [allowed] §6The sound of pickaxes clashing against the rock has attracted the attention of the §r§lPOWDER GHAST!
19:10:37 [allowed] §eFind the §r§6Powder Ghast§r§e near the §r§bDivan's Gateway§r§e!
19:10:59 [allowed] §a§r§6Pickobulus §r§ais now available!
19:11:01 [allowed] §aYou used your §r§6Pickobulus §r§aPickaxe Ability!
19:11:01 [SACKS_CHANGE] §6[Sacks] §r§a+16§r§e items§r§e.§r§8 (Last 30s.)
19:11:02 [allowed] §7Your §r§aPickobulus §r§7destroyed §r§e23 §r§7blocks!
19:11:33 [SACKS_CHANGE] §6[Sacks] §r§a+19§r§e items§r§e.§r§8 (Last 30s.)
19:12:02 [allowed] §a§r§6Pickobulus §r§ais now available!
19:12:03 [allowed] §aYou used your §r§6Pickobulus §r§aPickaxe Ability!
19:12:03 [allowed] §7Your §r§aPickobulus §r§7destroyed §r§e38 §r§7blocks!
19:12:04 [SACKS_CHANGE] §6[Sacks] §r§a+100§r§e items§r§e.§r§8 (Last 30s.)
19:12:36 [SACKS_CHANGE] §6[Sacks] §r§a+16§r§e items§r§e.§r§8 (Last 30s.)
19:12:48 [GUILD_EXP] §aYou earned §r§2266 GEXP §r§a+ §r§e798 Event EXP §r§afrom playing SkyBlock!
19:13:03 [allowed] §a§r§6Pickobulus §r§ais now available!
19:13:05 [allowed] §aYou used your §r§6Pickobulus §r§aPickaxe Ability!
19:13:05 [allowed] §7Your §r§aPickobulus §r§7destroyed §r§e13 §r§7blocks!
19:13:08 [SACKS_CHANGE] §6[Sacks] §r§a+19§r§e items§r§e.§r§8 (Last 30s.)
19:13:34 [allowed] §aYour §r§6Mithril Golem §r§aleveled up to level §r§949§r§a!
19:13:39 [SACKS_CHANGE] §6[Sacks] §r§a+19§r§e items§r§e.§r§8 (Last 30s.)
19:14:05 [allowed] §a§r§6Pickobulus §r§ais now available!
19:14:07 [allowed] §aYou used your §r§6Pickobulus §r§aPickaxe Ability!
19:14:07 [allowed] §7Your §r§aPickobulus §r§7destroyed §r§e19 §r§7blocks!
19:14:10 [SACKS_CHANGE] §6[Sacks] §r§a+22§r§e items§r§e.§r§8 (Last 30s.)
19:14:42 [SACKS_CHANGE] §6[Sacks] §r§a+18§r§e items§r§e.§r§8 (Last 30s.)
19:15:00 [LOTTERY] §bNew day! §r§eYour §r§2Lottery §r§ebuff changed!
19:15:00 [LOTTERY] §eNew buff§r§r§r: §r§fGain §r§a+50 §r§6☘ Fig Fortune§r§f.
19:15:00 [LOTTERY] §8§oYou can disable this messaging by toggling Lottery in your /hotf!
19:15:07 [allowed] §a§r§6Pickobulus §r§ais now available!
19:15:11 [allowed] §aYou used your §r§6Pickobulus §r§aPickaxe Ability!
19:15:11 [allowed] §7Your §r§aPickobulus §r§7destroyed §r§e24 §r§7blocks!
19:15:15 [SACKS_CHANGE] §6[Sacks] §r§a+23§r§e items§r§e.§r§8 (Last 30s.)
19:15:47 [SACKS_CHANGE] §6[Sacks] §r§a+17§r§e items§r§e.§r§8 (Last 30s.)
19:16:12 [allowed] §a§r§6Pickobulus §r§ais now available!
19:16:13 [allowed] §aYou used your §r§6Pickobulus §r§aPickaxe Ability!
19:16:14 [allowed] §7Your §r§aPickobulus §r§7destroyed §r§e20 §r§7blocks!
19:16:19 [SACKS_CHANGE] §6[Sacks] §r§a+22§r§e items§r§e.§r§8 (Last 30s.)
19:16:34 [SACKS_CHANGE] §6[Sacks] §r§a+6§r§e items§r§e.§r§8 (Last 14s.)
19:17:14 [allowed] §a§r§6Pickobulus §r§ais now available!
19:17:16 [SACKS_CHANGE] §6[Sacks] §r§a+17§r§e items§r§e.§r§8 (Last 30s.)
19:17:24 [SACKS_CHANGE] §6[Sacks] §r§a+1§r§e item§r§e.§r§8 (Last 5s.)
19:17:40 [SACKS_CHANGE] §6[Sacks] §r§a+4§r§e items§r§e.§r§8 (Last 11s.)
19:17:55 [SACKS_CHANGE] §6[Sacks] §r§a+1§r§e item§r§e.§r§8 (Last 5s.)
19:22:44 [allowed]  §9⚑ §eThe §9Gone with the Wind §eevent starts in §a20 §eseconds!
 §eThis is a passive event! §bIt's happening everywhere in the §bDwarven Mines!
19:23:04 [allowed] §a§l▬▬▬▬▬▬▬▬▬▬▬▬▬▬▬▬▬▬▬▬▬▬▬▬▬▬▬▬▬▬▬▬▬▬▬▬▬▬▬▬▬▬▬▬▬▬▬▬▬▬▬▬▬▬▬▬▬▬▬▬▬▬▬▬
19:23:04 [allowed]                    §r§9§lGONE WITH THE WIND STARTED!
19:23:04 [allowed]                            §r§7Passive Active Event
19:23:04 [EMPTY]                                         
19:23:04 [allowed]   The cavern is windy today! Mining in the direction of the wind
19:23:04 [allowed] §f                      will give §r§6+600⸕ Mining Speed§r§f.
19:23:04 [allowed] §a§l▬▬▬▬▬▬▬▬▬▬▬▬▬▬▬▬▬▬▬▬▬▬▬▬▬▬▬▬▬▬▬▬▬▬▬▬▬▬▬▬▬▬▬▬▬▬▬▬▬▬▬▬▬▬▬▬▬▬▬▬▬▬▬▬
19:25:05 [allowed] §aThe wind has changed direction!
19:26:09 [allowed] §6The sound of pickaxes clashing against the rock has attracted the attention of the §r§lPOWDER GHAST!
19:26:09 [allowed] §eFind the §r§6Powder Ghast§r§e near the §r§bDivan's Gateway§r§e!
19:28:47 [allowed] §aThe wind has changed direction!
19:28:55 [allowed] §5§l✯ §r§eA §r§5Fallen Star §r§ehas crashed at §r§bCliffside Veins§r§e! Nearby ore and Powder drops are amplified!
19:29:38 [allowed] §aThe wind has changed direction!
19:30:23 [allowed] §aThe wind has changed direction!
19:31:44 [allowed] §aThe wind has changed direction!
19:34:05 [allowed] §aThe wind has changed direction!
19:34:25 [allowed] §aYou used your §r§6Pickobulus §r§aPickaxe Ability!
19:34:25 [allowed] §7Your §r§aPickobulus §r§7destroyed §r§e30 §r§7blocks!
19:34:36 [allowed] §aThe wind has changed direction!
19:34:44 [SACKS_CHANGE] §6[Sacks] §r§a+72§r§e items§r§e.§r§8 (Last 18s.)
19:35:00 [LOTTERY] §bNew day! §r§eYour §r§2Lottery §r§ebuff changed!
19:35:00 [LOTTERY] §eNew buff§r§r§r: §r§fGain §r§a+50 §r§6☘ Fig Fortune§r§f.
19:35:00 [LOTTERY] §8§oYou can disable this messaging by toggling Lottery in your /hotf!
19:35:06 [allowed] §aThe wind has changed direction!
19:35:26 [allowed] §a§r§6Pickobulus §r§ais now available!
19:36:11 [allowed] §6The sound of pickaxes clashing against the rock has attracted the attention of the §r§lPOWDER GHAST!
19:36:11 [allowed] §eFind the §r§6Powder Ghast§r§e near the §r§bCliffside Veins§r§e!
19:37:08 [allowed] §aThe wind has changed direction!
19:37:23 [allowed] §aYour §r§6Mithril Golem §r§aleveled up to level §r§950§r§a!
19:37:30 [SACKS_CHANGE] §6[Sacks] §r§a+11§r§e items§r§e.§r§8 (Last 23s.)
19:37:44 [SACKS_CHANGE] §6[Sacks] §r§a+4§r§e items§r§e.§r§8 (Last 12s.)
19:38:09 [allowed] §aThe wind has changed direction!
19:38:40 [allowed] §aThe wind has changed direction!
19:38:41 [allowed] §aYou used your §r§6Pickobulus §r§aPickaxe Ability!
19:38:41 [allowed] §7Your §r§aPickobulus §r§7destroyed §r§e17 §r§7blocks!
19:39:01 [SACKS_CHANGE] §6[Sacks] §r§a+16§r§e items§r§e.§r§8 (Last 28s.)
19:39:07 [allowed] §aYou unlocked §r§eTreasure of the Earth I§r§a!
19:39:42 [allowed] §a§r§6Pickobulus §r§ais now available!
19:39:43 [SACKS_CHANGE] §6[Sacks] §r§a+10§r§e items§r§e.§r§8 (Last 25s.)
19:40:03 [allowed] §cGod Potion expires in §r§e30 Minutes§r§c
19:40:11 [allowed] §aThe wind has changed direction!
19:40:42 [allowed] §aThe wind has changed direction!
19:41:05 [SACKS_CHANGE] §6[Sacks] §r§a+6§r§e items§r§e.§r§8 (Last 20s.)
19:41:17 [allowed] §a§l▬▬▬▬▬▬▬▬▬▬▬▬▬▬▬▬▬▬▬▬▬▬▬▬▬▬▬▬▬▬▬▬▬▬▬▬▬▬▬▬▬▬▬▬▬▬▬▬▬▬▬▬▬▬▬▬▬▬▬▬▬▬▬▬
19:41:17 [allowed]                      §r§9§lGONE WITH THE WIND ENDED!
19:41:17 [allowed]                            §r§7Passive Active Event
19:41:17 [EMPTY] 
19:41:17 [allowed]      The wind has died down leading to normal mining speeds.
19:41:17 [allowed] §a§l▬▬▬▬▬▬▬▬▬▬▬▬▬▬▬▬▬▬▬▬▬▬▬▬▬▬▬▬▬▬▬▬▬▬▬▬▬▬▬▬▬▬▬▬▬▬▬▬▬▬▬▬▬▬▬▬▬▬▬▬▬▬▬▬
19:42:06 [SACKS_CHANGE] §6[Sacks] §r§a+3§r§e items§r§e.§r§8 (Last 12s.)
19:42:36 [SACKS_CHANGE] §6[Sacks] §r§a+6§r§e items§r§e.§r§8 (Last 18s.)
19:42:47 [allowed]  §c⚑ §eThe §cGoblin Raid §eevent starts in §a20 §eseconds!
 §aClick here §eto teleport to §bGarry §eand prepare!
19:43:08 [allowed] §a§l▬▬▬▬▬▬▬▬▬▬▬▬▬▬▬▬▬▬▬▬▬▬▬▬▬▬▬▬▬▬▬▬▬▬▬▬▬▬▬▬▬▬▬▬▬▬▬▬▬▬▬▬▬▬▬▬▬▬▬▬▬▬▬▬
19:43:08 [allowed]                         §r§c§lGOBLIN RAID STARTED!
19:43:08 [allowed]                                  §r§7Mining Event
19:43:08 [EMPTY]                                         
19:43:08 [allowed]                         Kill all §r§c1,000 §r§fgoblins to §r§awin§r§f!
19:43:08 [allowed]        Earn §r§6extra rewards §r§fby slaying at least §r§c25 §r§fyourself!
19:43:08 [EMPTY]                                         
19:43:08 [allowed]                Go to §r§bGoblin Burrows §r§7(or talk to Garry)
19:43:08 [allowed] §a§l▬▬▬▬▬▬▬▬▬▬▬▬▬▬▬▬▬▬▬▬▬▬▬▬▬▬▬▬▬▬▬▬▬▬▬▬▬▬▬▬▬▬▬▬▬▬▬▬▬▬▬▬▬▬▬▬▬▬▬▬▬▬▬▬
19:43:08 [GUILD_EXP] §aYou earned §r§2121 GEXP §r§a+ §r§e363 Event EXP §r§afrom playing SkyBlock!
19:43:11 [SACKS_CHANGE] §6[Sacks] §r§a+4§r§e items§r§e.§r§8 (Last 11s.)
19:44:11 [allowed] §aYou used your §r§6Pickobulus §r§aPickaxe Ability!
19:44:11 [allowed] §7Your §r§aPickobulus §r§7destroyed §r§e19 §r§7blocks!
19:44:33 [SACKS_CHANGE] §6[Sacks] §r§a+14§r§e items§r§e.§r§8 (Last 21s.)
19:45:06 [SACKS_CHANGE] §6[Sacks] §r§a+14§r§e items§r§e.§r§8 (Last 30s.)
19:45:12 [SACKS_CHANGE] §6[Sacks] §r§a+1§r§e item§r§e.§r§8 (Last 5s.)
19:45:13 [allowed] §a§r§6Pickobulus §r§ais now available!
19:46:15 [SACKS_CHANGE] §6[Sacks] §r§a+15§r§e items§r§e.§r§8 (Last 30s.)
19:46:42 [allowed] §a§l▬▬▬▬▬▬▬▬▬▬▬▬▬▬▬▬▬▬▬▬▬▬▬▬▬▬▬▬▬▬▬▬▬▬▬▬▬▬▬▬▬▬▬▬▬▬▬▬▬▬▬▬▬▬▬▬▬▬▬▬▬▬▬▬
19:46:42 [allowed]                           §r§c§lGOBLIN RAID ENDED!
19:46:42 [allowed]                                  §r§7Mining Event
19:46:42 [allowed]                           §r§cYou didn't participate...
19:46:42 [allowed] §a§l▬▬▬▬▬▬▬▬▬▬▬▬▬▬▬▬▬▬▬▬▬▬▬▬▬▬▬▬▬▬▬▬▬▬▬▬▬▬▬▬▬▬▬▬▬▬▬▬▬▬▬▬▬▬▬▬▬▬▬▬▬▬▬▬
19:47:15 [SACKS_CHANGE] §6[Sacks] §r§a+13§r§e items§r§e.§r§8 (Last 30s.)
19:47:51 [SACKS_CHANGE] §6[Sacks] §r§a+15§r§e items§r§e.§r§8 (Last 30s.)
19:48:08 [SACKS_CHANGE] §6[Sacks] §r§a+7§r§e items§r§e.§r§8 (Last 15s.)
19:49:00 [SACKS_CHANGE] §6[Sacks] §r§a+8§r§e items§r§e.§r§8 (Last 22s.)
19:49:47 [SACKS_CHANGE] §6[Sacks] §r§a+15§r§e items§r§e.§r§8 (Last 30s.)
19:50:29 [SACKS_CHANGE] §6[Sacks] §r§a+6§r§e items§r§e.§r§8 (Last 18s.)
19:50:47 [allowed] §aYour §r§6Mithril Golem §r§aleveled up to level §r§951§r§a!
19:51:01 [SACKS_CHANGE] §6[Sacks] §r§a+14§r§e items§r§e.§r§8 (Last 30s.)
19:51:32 [allowed] §6A Golden Goblin has spawned!
19:51:32 [SACKS_CHANGE] §6[Sacks] §r§a+15§r§e items§r§e.§r§8 (Last 30s.)
19:51:37 [allowed] §aYou received §r§2200 ᠅ Mithril Powder §r§afrom killing a §r§6§lGolden Goblin§r§a!
19:51:37 [allowed]   §r§7+§r§62 Gold Essence
19:51:40 [allowed] §aYou used your §r§6Pickobulus §r§aPickaxe Ability!
19:51:40 [allowed] §7Your §r§aPickobulus §r§7destroyed §r§e35 §r§7blocks!
19:52:06 [SACKS_CHANGE] §6[Sacks] §r§a+110§r§e items§r§e.§r§8 (Last 28s.)
19:52:40 [allowed] §a§r§6Pickobulus §r§ais now available!
19:52:45 [allowed] §aYou used your §r§6Pickobulus §r§aPickaxe Ability!
19:52:45 [allowed] §7Your §r§aPickobulus §r§7destroyed §r§e21 §r§7blocks!
19:52:51 [SACKS_CHANGE] §6[Sacks] §r§a+5§r§e items§r§e.§r§8 (Last 5s.)
19:53:17 [GUILD_EXP] §aYou earned §r§283 GEXP §r§a+ §r§e249 Event EXP §r§afrom playing SkyBlock!
19:53:47 [allowed] §a§r§6Pickobulus §r§ais now available!
19:53:49 [allowed] §aYou used your §r§6Pickobulus §r§aPickaxe Ability!
19:53:50 [allowed] §7Your §r§aPickobulus §r§7destroyed §r§e21 §r§7blocks!
19:53:50 [allowed] §cYour Pickaxe ability is on cooldown for 60s.
19:53:56 [SACKS_CHANGE] §6[Sacks] §r§a+5§r§e items§r§e.§r§8 (Last 5s.)
19:54:50 [allowed] §a§r§6Pickobulus §r§ais now available!
19:55:00 [LOTTERY] §bNew day! §r§eYour §r§2Lottery §r§ebuff changed!
19:55:00 [LOTTERY] §eNew buff§r§r§r: §r§fGain §r§a+50 §r§6☘ Fig Fortune§r§f.
19:55:00 [LOTTERY] §8§oYou can disable this messaging by toggling Lottery in your /hotf!
19:59:31 [allowed] §aYou used your §r§6Pickobulus §r§aPickaxe Ability!
19:59:31 [allowed] §7Your §r§aPickobulus §r§7destroyed §r§e16 §r§7blocks!
