06:51:35 [allowed] §aYou are still radiating with §bGenerosity§r§a!
06:51:36 [EMPTY] §f §r§r§r§f §r§r§r§1 §r§r§r§0 §r§r§r§2 §r§r§r§f §r§r§r§f §r§r§r§2 §r§r§r§0 §r§r§r§4 §r§r§r§3 §r§r§r§9 §r§r§r§2 §r§r§r§0 §r§r§r§0 §r§r§r§3 §r§r§r§9 §r§r§r§2 §r§r§r§0 §r§r§r§0 §r§r§r§3 §r§r§r§9 §r§r§r§2 §r§r§r§0 §r§r§r§0 
06:51:38 [allowed]   §r§f§l➤ §r§6You have reached your Hype limit! Add Hype to Prototype Lobby minigames by right-clicking with the Hype Diamond!
06:51:42 [allowed] §b[MVP§d+§b] UndeadIceKing§f §6joined the lobby!
06:51:47 [allowed] §b[MVP§9+§b] no412§f §6joined the lobby!
06:51:51 [allowed] §b[MVP§e+§b] ExRedGuard§f §6joined the lobby!
06:51:53 [allowed] §b[MVP§2+§b] ReidMyBooks§f §6joined the lobby!
06:52:06 [allowed] §b[MVP§c+§b] tyofire§f §6joined the lobby!
06:52:11 [allowed] §b[MVP§5+§b] SillyBoyNick§f §6joined the lobby!
06:52:12 [allowed] §b[MVP§d+§b] Gephel§f §6joined the lobby!
06:52:16 [allowed]  §b>§c>§a>§r §r§6[MVP§d++§6] calileah§f §6joined the lobby!§r §a<§c<§b<
06:52:17 [allowed] §b[MVP§6+§b] Stlosare§f §6joined the lobby!
06:52:19 [allowed] §b[MVP§0+§b] Wizard101§f §6joined the lobby!
06:52:20 [allowed] §b[MVP§9+§b] Eguine§f §6joined the lobby!
06:52:25 [allowed] §b[MVP§d+§b] Itz_Desky§f §6joined the lobby!
06:52:26 [allowed] §b[MVP§c+§b] yoav3577§f §6joined the lobby!
06:52:36 [allowed] §b[MVP§c+§b] va1q§f §6joined the lobby!
06:52:36 [allowed]  §b>§c>§a>§r §r§6[MVP§f++§6] WhiteGift§f §6joined the lobby!§r §a<§c<§b<
06:52:36 [allowed] §b[MVP§c+§b] Dark_Lord_Udo§f §6joined the lobby!
06:52:45 [allowed] §b[MVP§c+§b] CoiledCarton587§f §6joined the lobby!
06:52:49 [allowed] §b[MVP§d+§b] Infernnoo§f §6joined the lobby!
06:52:50 [allowed] §b[MVP§1+§b] Trbne§f §6joined the lobby!
06:52:52 [allowed] §b[MVP§3+§b] JokeJokeJoke§f §6joined the lobby!
06:52:53 [allowed]  §b>§c>§a>§r §r§6[MVP§4++§6] Chronab§f §6joined the lobby!§r §a<§c<§b<
06:52:53 [allowed] §b[MVP§d+§b] ItsAAAmonkey§f §6joined the lobby!
06:52:55 [allowed] §b[MVP§d+§b] Mairene§f §6joined the lobby!
