17:16:10 [allowed] §aYou are still radiating with §bGenerosity§r§a!
17:16:10 [EMPTY] §f §r§r§r§f §r§r§r§1 §r§r§r§0 §r§r§r§2 §r§r§r§f §r§r§r§f §r§r§r§2 §r§r§r§0 §r§r§r§4 §r§r§r§3 §r§r§r§9 §r§r§r§2 §r§r§r§0 §r§r§r§0 §r§r§r§3 §r§r§r§9 §r§r§r§2 §r§r§r§0 §r§r§r§0 §r§r§r§3 §r§r§r§9 §r§r§r§2 §r§r§r§0 §r§r§r§0 
17:16:11 [allowed] §b[MVP§2+§b] Gavin1210§f §6joined the lobby!
17:16:12 [allowed]   §r§f§l➤ §r§6You have reached your Hype limit! Add Hype to Prototype Lobby minigames by right-clicking with the Hype Diamond!
17:16:15 [allowed] §b[MVP§c+§b] Zyyraks§f §6joined the lobby!
17:16:18 [allowed] §aYou have successfully claimed §r§32,200 §r§3Hypixel §r§3Experience§r§a and §r§63,000 §r§6Arcade §r§6Coins§r§a!
17:16:19 [allowed] 
§r§6Click the link to visit our website and claim your reward: §r§bhttps://rewards.hypixel.net/claim-reward/346cd1c9§r

17:16:23 [allowed] §b[MVP§c+§b] zMeezyy§f §6joined the lobby!
17:16:29 [allowed]  §b>§c>§a>§r §r§6[MVP§4++§6] qcbell§f §6joined the lobby!§r §a<§c<§b<
17:16:31 [allowed] §b[MVP§2+§b] bmw1018§f §6joined the lobby!
17:16:31 [allowed] §a-----------------------------------------------------
17:16:31 [allowed] You have claimed a §r§f§l[Common Mystery Dust] §r§freward card!
17:16:31 [allowed] Check back tomorrow to claim your next reward, or use
17:16:31 [allowed] §eReward Tokens §r§fat the Delivery Man to try again!
17:16:31 [allowed] §a-----------------------------------------------------
17:16:32 [allowed] §b[MVP§6+§b] Matcraft§f §6joined the lobby!
17:16:34 [allowed] §b[MVP§4+§b] 3SkyblockPotatos§f §6joined the lobby!
17:16:39 [allowed] §b[MVP§c+§b] Oreosfc§f §6joined the lobby!
17:16:40 [allowed] §b[MVP§c+§b] OGSKYETHAN§f §6joined the lobby!
17:16:43 [allowed] §7Sending to server mini88AF...
17:16:43 [EMPTY] §8 §r§8 §r§1 §r§3 §r§3 §r§7 §r§8 
17:16:44 [allowed] §eProfile ID: §r§a62b760d8-92b6-4501-ada0-1fd8583f5266
17:16:44 [allowed] §e§lCLICK THIS TO SUGGEST IT IN CHAT §7§l[DASHES]
17:16:44 [allowed] §e§lCLICK THIS TO SUGGEST IT IN CHAT §7§l[NO DASHES]
17:16:45 [allowed] §6HUNT §e- §a3 §eof your §atraps §ecaught something!
17:16:45 [allowed] §7[§eClick here to collect them.§7]
17:16:46 [EMPTY] 
17:16:46 [WELCOME] §eWelcome to §r§aHypixel SkyBlock§r§e!
17:16:46 [EMPTY] 
17:16:46 [allowed] §eLatest update: §bSkyBlock v0.23.1 §e§lCLICK
17:16:47 [PROFILE_JOIN] §aYou are playing on profile: §eLemon§b (Co-op)
17:16:47 [PROFILE_JOIN] §8Profile ID: 62b760d8-92b6-4501-ada0-1fd8583f5266
17:16:52 [allowed] §7Warping you to your SkyBlock island...
17:16:52 [allowed] §7Sending to server mini37BM...
17:16:52 [EMPTY] §8 §r§8 §r§1 §r§3 §r§3 §r§7 §r§8 
17:16:53 [allowed] §6HUNT §e- §a3 §eof your §atraps §ecaught something!
17:16:53 [allowed] §7[§eClick here to collect them.§7]
17:16:56 [PROFILE_JOIN] §aYou are playing on profile: §eLemon§b (Co-op)
17:16:56 [PROFILE_JOIN] §8Profile ID: 62b760d8-92b6-4501-ada0-1fd8583f5266
17:16:57 [allowed] §e[SkyHanni] You have gained §b324 §eBits.
17:17:52 [allowed] §6HUNT §e- §a3 §eof your §atraps §ecaught something!
17:17:52 [allowed] §7[§eClick here to collect them.§7]
17:19:04 [allowed] §aYou caught a §fPhanpyre §aShard!
17:19:04 [allowed] §c§lDAVID§r§7: You reached §r§aMilestone 20 §r§7in §r§aTrap Hunts§r§7!
17:19:04 [allowed] §7You gained §r§8+§r§350,000 Hunting Exp
17:19:04 [allowed] §aYou caught a §fTadgang §aShard!
17:19:04 [allowed] §aYou caught a §aSalmon §aShard!
17:19:10 [allowed] §7Warping...
17:19:10 [allowed] §7Sending to server mini27CA...
17:19:11 [EMPTY] §8 §r§8 §r§1 §r§3 §r§3 §r§7 §r§8 
17:19:14 [PROFILE_JOIN] §aYou are playing on profile: §eLemon§b (Co-op)
17:19:14 [PROFILE_JOIN] §8Profile ID: 62b760d8-92b6-4501-ada0-1fd8583f5266
17:19:27 [allowed] §aYou placed a Trap near a Shard location! §r§8(§r§b3§r§7/§r§b5 §r§7traps placed§r§8)
17:19:29 [SACKS_CHANGE] §6[Sacks] §r§a+6§r§e items§r§e.§r§8 (Last 8s.)
17:19:32 [allowed] §aYou placed a Trap near a Shard location! §r§8(§r§b4§r§7/§r§b5 §r§7traps placed§r§8)
17:19:35 [allowed] §e[NPC] §bSwoop§f: §rWow! I forgot to tell you, monsters around here can only take damage from Axes!
17:19:37 [allowed] §aYou placed a Trap near a Shard location! §r§8(§r§b5§r§7/§r§b5 §r§7traps placed§r§8)
17:19:58 [SACKS_CHANGE] §6[Sacks] §r§a+4§r§e items§r§e.§r§8 (Last 6s.)
17:20:01 [allowed] §6You used Syphon on 5 Shards!
17:20:01 [allowed] §a+3 Ender Resistance Attribute §r§7(Level 2) - 2 more to upgrade!
17:20:01 [allowed] §a+1 Lost and Found Attribute §r§7(Level 5) - 6 more to upgrade!
17:20:01 [allowed] §a+1 Unity is Strength Attribute §r§7(Level 5) - 7 more to upgrade!
17:20:01 [allowed] §3§l▬▬▬▬▬▬▬▬▬▬▬▬▬▬▬▬▬▬▬▬▬▬▬▬▬▬▬▬▬▬▬▬▬▬▬▬▬▬▬▬▬▬▬▬▬▬▬▬▬▬▬▬▬▬▬▬▬▬▬▬▬▬▬▬
17:20:01 [allowed]   §r§b§lATTRIBUTE LEVEL UP
17:20:01 [EMPTY] 
17:20:01 [allowed]   §r§6Lost and Found §84➜§35
17:20:01 [EMPTY] 
17:20:01 [allowed]   §r§a§lREWARDS
17:20:01 [allowed]     §r§7§8+§b1 SkyBlock XP
17:20:01 [allowed] §3§l▬▬▬▬▬▬▬▬▬▬▬▬▬▬▬▬▬▬▬▬▬▬▬▬▬▬▬▬▬▬▬▬▬▬▬▬▬▬▬▬▬▬▬▬▬▬▬▬▬▬▬▬▬▬▬▬▬▬▬▬▬▬▬▬
17:20:03 [allowed] §7Warping you to your SkyBlock island...
17:20:03 [allowed] §7Sending to server mini1DG...
17:20:04 [EMPTY] §8 §r§8 §r§1 §r§3 §r§3 §r§7 §r§8 
17:20:07 [PROFILE_JOIN] §aYou are playing on profile: §eLemon§b (Co-op)
17:20:07 [PROFILE_JOIN] §8Profile ID: 62b760d8-92b6-4501-ada0-1fd8583f5266
17:20:44 [allowed] §cThis block is already occupied!
17:20:45 [allowed] §cThis block is already occupied!
17:20:48 [SACKS_CHANGE] §6[Sacks] §r§a+931§r§e items§r§e.§r§8 (Last 9s.)
17:21:36 [SACKS_CHANGE] §6[Sacks] §r§c-1,600§r§e items§r§e.§r§8 (Last 5s.)
17:21:46 [SACKS_CHANGE] §6[Sacks] §r§c-927§r§e items§r§e.§r§8 (Last 5s.)
17:22:51 [allowed] §cYour inventory does not have enough free space to add all items!
17:23:20 [allowed] §cYour inventory does not have enough free space to add all items!
17:24:28 [allowed] §aYou have upgraded your Minion to Tier VI
17:24:40 [allowed] §aYou have upgraded your Minion to Tier VI
17:24:45 [allowed] §aYou have upgraded your Minion to Tier VI
17:24:50 [allowed] §aYou have upgraded your Minion to Tier VI
17:24:57 [allowed] §aYou have upgraded your Minion to Tier VI
17:25:00 [allowed] §aYou have upgraded your Minion to Tier VI
17:25:03 [allowed] §aYou have upgraded your Minion to Tier VI
17:25:05 [GUILD_EXP] §aYou earned §r§2495 GEXP §r§a+ §r§e1,485 Event EXP §r§afrom playing SkyBlock!
17:30:06 [GUILD_EXP] §aYou earned §r§2383 GEXP §r§a+ §r§e1,149 Event EXP §r§afrom playing SkyBlock!
17:34:21 [allowed] §aWarped from the §r§9Blue Teleport Pad§r§a to the §r§a‎ Teleport Pad§r§a!
17:34:25 [allowed] §aWarped from the §r§a‎ Teleport Pad§r§a to the §r§9Blue Teleport Pad§r§a!
17:35:07 [GUILD_EXP] §aYou earned §r§2375 GEXP §r§a+ §r§e1,125 Event EXP §r§afrom playing SkyBlock!
17:35:18 [allowed] §aYou summoned your §r§6Silverfish§r§a!
17:35:51 [allowed] §7Warping...
17:35:51 [allowed] §7Sending to server mini20DP...
17:35:51 [EMPTY] §8 §r§8 §r§1 §r§3 §r§3 §r§7 §r§8 
17:35:55 [PROFILE_JOIN] §aYou are playing on profile: §eLemon§b (Co-op)
17:35:55 [PROFILE_JOIN] §8Profile ID: 62b760d8-92b6-4501-ada0-1fd8583f5266
17:35:56 [allowed] §C§LSEASON OF JERRY §cMount Jerry §fis going to erupt in §c2 §fdays! Go to §r§cJerry's Workshop§r §fto save the Jerrys and their Gifts! §r§e§lCLICK HERE §eto join!
17:36:09 [allowed] §eYou selected the §r§aInspired §r§epower for your §r§aAccessory Bag§r§e!
17:36:56 [allowed] §7Warping...
17:36:56 [allowed] §7Sending to server mini237U...
17:36:56 [EMPTY] §8 §r§8 §r§1 §r§3 §r§3 §r§7 §r§8 
17:37:01 [PROFILE_JOIN] §aYou are playing on profile: §eLemon§b (Co-op)
17:37:01 [PROFILE_JOIN] §8Profile ID: 62b760d8-92b6-4501-ada0-1fd8583f5266
17:37:35 [allowed]  §r§f☃ §r§7You mounted a §r§fSnow Cannon§r§7!
17:37:35 [allowed]     §r§e§lRIGHT-CLICK §r§ato shoot. Move cursor to aim.
17:37:38 [allowed]  §r§f☃ §r§cThe Snow Cannon is reloading!
17:37:39 [allowed]  §r§f☃ §r§cThe Snow Cannon is reloading!
17:37:44 [allowed]  §r§f☃ §r§cThe Snow Cannon is reloading!
17:40:24 [allowed] §8[§r§f67§r§8] §r§7JuMaGoCo7§7§r§7: Hi, I'm giving free cookies in my island, feel free to visit if you wish some (donations apreciated)
17:41:06 [GUILD_EXP] §aYou earned §r§2140 GEXP §r§a+ §r§e420 Event EXP §r§afrom playing SkyBlock!
17:42:54 [allowed]  §r§f☃ §r§7§r§7KV_Malsy §r§7mounted a §r§fSnow Cannon§r§7!
17:44:22 [allowed]  §r§f☃ §r§7§r§7sergiooooota §r§7mounted a §r§fSnow Cannon§r§7!
17:44:56 [allowed] §8[§r§5382§r§8] §r§b[MVP§0+§b] DHL16§f§r§f: 7HUB
17:45:19 [allowed] §8[§r§b227§r§8] §r§7☠ §r§b[MVP§d+§b] ficingboogo§f§r§f: is there anyone fishing that can let me steal kills
17:45:24 [allowed]  §r§f☃ §r§7§r§7Rim13577 §r§7mounted a §r§fSnow Cannon§r§7!
17:45:54 [allowed]  §r§f☃ §r§7§r§aSlav1c420 §r§7mounted a §r§fSnow Cannon§r§7!
17:47:03 [allowed] §8[§r§720§r§8] §r§7♦ §r§7sergiooooota§7§r§7: a
17:47:37 [allowed] §e[SkyHanni] You have gained §b306 §eBits.
17:48:03 [allowed] §8[§r§e80§r§8] §r§7▒ §r§7Antonhsus§7§r§7: fucking lag!
17:49:08 [allowed] §8[§r§e80§r§8] §r§7▒ §r§7Antonhsus§7§r§7: this is not fucking fair how the fuck am i suppose to win the race when when i start it it is laggier than living in australia
17:49:19 [allowed] §8[§r§b227§r§8] §r§7☠ §r§b[MVP§d+§b] ficingboogo§f§r§f: where is the race
17:49:41 [allowed] §8[§r§e80§r§8] §r§7▒ §r§7Antonhsus§7§r§7: FUCK THIS
17:50:33 [allowed] §8[§r§b227§r§8] §r§7☠ §r§b[MVP§d+§b] ficingboogo§f§r§f: why dont I see the circles
17:50:57 [allowed] §8[§r§714§r§8] §r§a[VIP] Lopeater8198§f§r§f: Do you have all particles on?
17:51:53 [allowed] §8[§r§e80§r§8] §r§7▒ §r§7Antonhsus§7§r§7: from all the yars i have been playing skyblock this fucking chicken is the hardest thing i have come across
17:52:12 [allowed] §8[§r§b227§r§8] §r§7☠ §r§b[MVP§d+§b] ficingboogo§f§r§f: ty for that
17:52:16 [allowed] §8[§r§b227§r§8] §r§7☠ §r§b[MVP§d+§b] ficingboogo§f§r§f: I didnt have for some reason
17:52:40 [allowed] §8[§r§e80§r§8] §r§7▒ §r§7Antonhsus§7§r§7: I FUCKING DID IT
17:54:22 [allowed] §8[§r§e80§r§8] §r§7▒ §r§7Antonhsus§7§r§7: guys when you swear in chat the lag disapears
17:55:23 [allowed] §c§lSEASON OF JERRY §r§cMount Jerry §r§fis going to erupt in §r§c1 §r§fday!
17:55:44 [allowed] §8[§r§e80§r§8] §r§7▒ §r§7Antonhsus§7§r§7: bro the mountain is goint to bust
17:56:00 [allowed] §8[§d358§8] §b§lᛝ §r§a[VIP] Minecraft_0938§f§7 is holding §r§8[§7[Lvl 1] §5Baby Yeti§8]
17:56:03 [allowed] §8[§r§d358§r§8] §r§b§lᛝ §r§a[VIP] Minecraft_0938§f§r§f: lol
17:56:53 [allowed] ☃ §r§7You dismounted the §r§fSnow Cannon§r§7!
17:56:54 [allowed]  §r§f☃ §r§7§r§aAMtheHATEmachine §r§7mounted a §r§fSnow Cannon§r§7!
17:57:07 [allowed] §cYou will no longer see chat!
17:57:07 [allowed] §aYou will now see chat!
17:58:12 [allowed] §8[§r§e80§r§8] §r§7▒ §r§7Antonhsus§7§r§7: fuck you!
18:00:42 [allowed] §8[§r§e80§r§8] §r§7▒ §r§7Antonhsus§7§r§7: the fucking chicken wont go up
18:01:24 [GUILD_EXP] §aYou earned §r§2158 GEXP §r§a+ §r§e474 Event EXP §r§afrom playing SkyBlock!
18:02:11 [allowed] §8[§r§b228§r§8] §r§7☠ §r§b[MVP§d+§b] ficingboogo§f§r§f: does chicken race give only rare acc or more
18:02:18 [allowed] §8[§r§e80§r§8] §r§7▒ §r§7Antonhsus§7§r§7: i am going to comin susid* because of this chicken
18:02:21 [allowed] §8[§r§e80§r§8] §r§7▒ §r§7Antonhsus§7§r§7: yes it does
18:02:53 [allowed] §8[§r§e80§r§8] §r§7▒ §r§7Antonhsus§7§r§7: it gives the frozen chicken and fried frzen chicken acc
18:03:19 [allowed]  §r§f☃ §r§7§r§b007yongyu §r§7mounted a §r§fSnow Cannon§r§7!
18:03:25 [allowed]  §r§f☃ §r§7§r§6xJordiii_ §r§7mounted a §r§fSnow Cannon§r§7!
18:04:06 [allowed] §8[§r§738§r§8] §r§a[VIP] CosmicKatana93§f§r§f: How do I make money from this?
18:04:13 [allowed] §8[§r§b217§r§8] §r§a[VIP] CrabKing2112§f§r§f: you dont
18:04:14 [allowed]  §r§f☃ §r§7§r§aCosmicKatana93 §r§7mounted a §r§fSnow Cannon§r§7!
18:04:48 [allowed]  §r§f☃ §r§7§r§aDuckington88 §r§7mounted a §r§fSnow Cannon§r§7!
18:05:03 [allowed]  §r§f☃ §r§7§r§bowowsalakau §r§7mounted a §r§fSnow Cannon§r§7!
18:05:23 [allowed] §8[§r§f71§r§8] §r§7§lᛝ §r§b[MVP§c+§b] 007yongyu§f§r§f: time to make money
18:06:53 [EMPTY] 
18:06:53 [allowed] §c§lWOAH! §r§cA §r§4Reindrake §r§cwas summoned from the depths!
18:06:53 [EMPTY] 
18:07:00 [allowed]  §r§f☃ §r§7§r§aDuckington88 §r§7mounted a §r§fSnow Cannon§r§7!
18:07:03 [allowed] §8[§r§3251§r§8] §r§7⸙ §r§a[VIP§6+§a] Gaster322§f§r§f: geee
18:07:55 [SACKS_CHANGE] §6[Sacks] §r§a+1§r§e item§r§e.§r§8 (Last 5s.)
18:08:10 [SACKS_CHANGE] §6[Sacks] §r§a+4§r§e items§r§e.§r§8 (Last 13s.)
18:08:25 [SACKS_CHANGE] §6[Sacks] §r§a+2§r§e items§r§e.§r§8 (Last 9s.)
18:08:40 [SACKS_CHANGE] §6[Sacks] §r§a+1§r§e item§r§e.§r§8 (Last 5s.)
18:08:52 [EMPTY] 
18:08:52 [allowed] §c§lDEFEATED! §r§cA §r§4Reindrake §r§cwas slain and dropped all its loot!
18:08:52 [EMPTY] 
18:08:53 [allowed]  §r§f☃ §r§7§r§aRenkomenko §r§7mounted a §r§fSnow Cannon§r§7!
18:08:53 [SACKS_CHANGE] §6[Sacks] §r§a+2§r§e items§r§e.§r§8 (Last 7s.)
18:09:16 [allowed] §8[§r§2185§r§8] §r§b[MVP] Alanoliveira224§f§r§f: i thoguht that this dragon was bugged it toke so long to die
18:09:30 [allowed] §8[§r§b217§r§8] §r§a[VIP] CrabKing2112§f§r§f: wtf
18:09:58 [allowed] §8[§r§a140§r§8] §r§7firestar04§7§r§7: 666 north stars o_O
18:10:20 [allowed]  §r§f☃ §r§7§r§7firestar04 §r§7mounted a §r§fSnow Cannon§r§7!
18:10:32 [allowed]  §r§f☃ §r§9Frosty the Snow Cannon §r§fSnowballs: 1,000§r§7/§r§f1,000
18:10:33 [allowed]  §r§f☃ §r§9Frosty the Snow Cannon §r§fSnowballs: 1,000§r§7/§r§f1,000
18:10:34 [allowed]  §r§f☃ §r§9Frosty the Snow Cannon §r§fSnowballs: 1,000§r§7/§r§f1,000
18:10:42 [allowed]  §r§f☃ §r§7§r§7firestar04 §r§7mounted a §r§fSnow Cannon§r§7!
18:11:21 [allowed]  §r§f☃ §r§7§r§7firestar04 §r§7mounted a §r§fSnow Cannon§r§7!
18:11:33 [GUILD_EXP] §aYou earned §r§2328 GEXP §r§a+ §r§e819 Event EXP §r§afrom playing SkyBlock!
18:11:55 [allowed]  §r§f☃ §r§7§r§7firestar04 §r§7mounted a §r§fSnow Cannon§r§7!
18:12:11 [allowed]  §r§f☃ §r§7§r§7firestar04 §r§7mounted a §r§fSnow Cannon§r§7!
18:12:15 [allowed] §cOnly sold in December!
18:12:44 [allowed] §aYou summoned your §r§6Reindeer§r§a!
18:13:00 [allowed] §3§lCRACK! §r§bThe explosion from §r§c§r§4Mount Jerry §r§bforced long lost items to resurface in the §r§3Glacial Cave§r§b!
18:13:04 [allowed] §3§lFROZEN TREASURE! §r§fYou found §r§fWhite Gift§r§f!
18:13:10 [SACKS_CHANGE] §6[Sacks] §r§a+1§r§e item§r§e.§r§8 (Last 5s.)
18:13:21 [allowed] §3§lFROZEN TREASURE! §r§fYou found §r§5Glacial Fragment§r§f!
18:13:22 [allowed] §3§lFROZEN TREASURE! §r§fYou found §r§aIce Bait§r§f!
18:13:27 [SACKS_CHANGE] §6[Sacks] §r§a+1§r§e item§r§e.§r§8 (Last 5s.)
18:13:53 [allowed] §aYou used your §r§6Pickobulus §r§aPickaxe Ability!
18:13:53 [allowed] §3§lFROZEN TREASURE! §r§fYou found §r§fWhite Gift§r§f!
18:13:54 [allowed] §7Your §r§aPickobulus §r§7destroyed §r§e26 §r§7blocks!
18:13:54 [allowed] §cYour Pickaxe ability is on cooldown for 60s.
18:13:54 [allowed] §3§lFROZEN TREASURE! §r§fYou found §r§fWhite Gift§r§f!
18:13:55 [allowed] §cYour Pickaxe ability is on cooldown for 59s.
18:13:57 [allowed] §3§lFROZEN TREASURE! §r§fYou found §r§aIce Bait§r§f!
18:14:01 [SACKS_CHANGE] §6[Sacks] §r§a+2§r§e items§r§e.§r§8 (Last 6s.)
18:14:13 [allowed] §d§lSOUL! §fYou found a §r§dFairy Soul§r§f!
18:14:13 [allowed] §dYou have already found that Fairy Soul!
18:14:13 [allowed] §dYou have already found that Fairy Soul!
18:14:13 [allowed] §dYou have already found that Fairy Soul!
18:14:13 [allowed] §dYou have already found that Fairy Soul!
18:14:25 [allowed] §3§lFROZEN TREASURE! §r§fYou found §r§aIce Bait§r§f!
18:14:30 [allowed] §3§lFROZEN TREASURE! §r§fYou found §r§fWhite Gift§r§f!
18:14:36 [SACKS_CHANGE] §6[Sacks] §r§a+1§r§e item§r§e.§r§8 (Last 5s.)
18:14:38 [allowed] §e[NPC] Mees§f: §r§fI wonder where Hendrik is now...
18:14:41 [allowed] §3§lFROZEN TREASURE! §r§fYou found §r§fWhite Gift§r§f!
18:14:44 [allowed] §e[NPC] Dirk§f: §r§fThe volcano really seems to bring out more treasure in these walls.
18:14:46 [SACKS_CHANGE] §6[Sacks] §r§a+1§r§e item§r§e.§r§8 (Last 5s.)
18:14:51 [allowed] §3§lFROZEN TREASURE! §r§fYou found §r§5Glacial Fragment§r§f!
18:14:55 [allowed] §a§r§6Pickobulus §r§ais now available!
18:14:56 [allowed] §aYou used your §r§6Pickobulus §r§aPickaxe Ability!
18:14:56 [allowed] §7Your §r§aPickobulus §r§7destroyed §r§e23 §r§7blocks!
18:14:57 [SACKS_CHANGE] §6[Sacks] §r§a+1§r§e item§r§e.§r§8 (Last 5s.)
18:14:59 [allowed] §3§lFROZEN TREASURE! §r§fYou found §r§aGreen Gift§r§f!
18:15:01 [allowed] §7The volcano is agitated...
18:15:03 [allowed]  §r§f☃ §r§7§r§7firestar04 §r§7mounted a §r§fSnow Cannon§r§7!
18:15:05 [SACKS_CHANGE] §6[Sacks] §r§a+1§r§e item§r§e.§r§8 (Last 5s.)
18:15:34 [allowed] §3§lCRACK! §r§bThe explosion from §r§c§r§4Mount Jerry §r§bforced long lost items to resurface in the §r§3Glacial Cave§r§b!
18:15:37 [allowed] §3§lFROZEN TREASURE! §r§fYou found §r§fPacked Ice§r§f!
18:15:43 [SACKS_CHANGE] §6[Sacks] §r§a+32§r§e items§r§e.§r§8 (Last 5s.)
18:15:49 [allowed] §3§lFROZEN TREASURE! §r§fYou found §r§9§r§cRed Gift§r§f!
18:15:49 [allowed] §3§lFROZEN TREASURE! §r§fYou found §r§fWhite Gift§r§f!
18:15:51 [allowed] §7The volcano will erupt in 24 minutes!
18:15:55 [allowed] §3§lFROZEN TREASURE! §r§fYou found §r§5Glacial Fragment§r§f!
18:15:56 [allowed] §3§lFROZEN TREASURE! §r§fYou found §r§aIce Bait§r§f!
18:15:57 [allowed] §a§r§6Pickobulus §r§ais now available!
18:15:58 [allowed] §3§lFROZEN TREASURE! §r§fYou found §r§5Glacial Fragment§r§f!
18:16:04 [SACKS_CHANGE] §6[Sacks] §r§a+4§r§e items§r§e.§r§8 (Last 14s.)
18:16:05 [allowed] §3§lFROZEN TREASURE! §r§fYou found §r§fPacked Ice§r§f!
18:16:07 [allowed] §3§lFROZEN TREASURE! §r§fYou found §r§fPacked Ice§r§f!
18:16:11 [allowed] §aYou used your §r§6Pickobulus §r§aPickaxe Ability!
18:16:12 [allowed] §3§lFROZEN TREASURE! §r§fYou found §r§fWhite Gift§r§f!
18:16:12 [allowed] §7Your §r§aPickobulus §r§7destroyed §r§e12 §r§7blocks!
18:16:13 [allowed] §3§lFROZEN TREASURE! §r§fYou found §r§fPacked Ice§r§f!
18:16:13 [allowed] §3§lFROZEN TREASURE! §r§fYou found §r§fWhite Gift§r§f!
18:16:16 [allowed] §3§lFROZEN TREASURE! §r§fYou found §r§fWhite Gift§r§f!
18:16:21 [SACKS_CHANGE] §6[Sacks] §r§a+99§r§e items§r§e.§r§8 (Last 16s.)
18:16:22 [allowed] §3§lFROZEN TREASURE! §r§fYou found §r§fWhite Gift§r§f!
18:16:28 [SACKS_CHANGE] §6[Sacks] §r§a+1§r§e item§r§e.§r§8 (Last 5s.)
18:16:40 [allowed] §3§lFROZEN TREASURE! §r§fYou found §r§fWhite Gift§r§f!
18:16:41 [GUILD_EXP] §aYou earned §r§2503 GEXP §r§a+ §r§e1,674 Event EXP §r§afrom playing SkyBlock!
18:16:45 [SACKS_CHANGE] §6[Sacks] §r§a+1§r§e item§r§e.§r§8 (Last 5s.)
18:16:45 [allowed] §3§lFROZEN TREASURE! §r§fYou found §r§fWhite Gift§r§f!
18:16:48 [allowed] §3§lFROZEN TREASURE! §r§fYou found §r§aIce Bait§r§f!
18:16:49 [allowed] §8[§r§725§r§8] §r§a[VIP] LHM_Jackzz§f§r§f: what do we do
18:16:51 [SACKS_CHANGE] §6[Sacks] §r§a+1§r§e item§r§e.§r§8 (Last 5s.)
18:16:55 [allowed] §e§l▬▬▬▬▬▬▬▬▬▬▬▬▬▬▬▬▬▬▬▬▬▬▬▬▬▬▬▬▬▬▬▬▬▬▬▬▬▬▬▬▬▬▬▬▬▬▬▬▬▬▬▬▬▬▬▬▬▬▬▬▬▬▬▬
18:16:55 [allowed]   §r§6§lCOLLECTION LEVEL UP §eIce §8V➜§eVI
18:16:55 [EMPTY] 
18:16:55 [allowed]   §r§a§lREWARDS
18:16:55 [allowed]     §r§7§aGlacial Ring §7Recipe
18:16:55 [allowed]     §r§7§8+§b4 SkyBlock XP
18:16:55 [allowed] §e§l▬▬▬▬▬▬▬▬▬▬▬▬▬▬▬▬▬▬▬▬▬▬▬▬▬▬▬▬▬▬▬▬▬▬▬▬▬▬▬▬▬▬▬▬▬▬▬▬▬▬▬▬▬▬▬▬▬▬▬▬▬▬▬▬
18:16:55 [allowed] §3§lFROZEN TREASURE! §r§fYou found §r§aEnchanted Ice§r§f!
18:16:56 [allowed] §8[§r§b228§r§8] §r§7⚠ §r§a[VIP] Duckington88§f§r§f: wait for the volcano to erupt
18:16:59 [allowed] §8[§r§b228§r§8] §r§7⚠ §r§a[VIP] Duckington88§f§r§f: to play the event
18:17:01 [allowed] §3§lFROZEN TREASURE! §r§fYou found §r§fWhite Gift§r§f!
18:17:03 [allowed] §8[§r§725§r§8] §r§a[VIP] LHM_Jackzz§f§r§f: okat
18:17:04 [allowed] §8[§r§b228§r§8] §r§7⚠ §r§a[VIP] Duckington88§f§r§f: which happens in 18 mins
18:17:06 [SACKS_CHANGE] §6[Sacks] §r§a+5§r§e items§r§e.§r§8 (Last 10s.)
18:17:08 [allowed] §3§lFROZEN TREASURE! §r§fYou found §r§aIce Bait§r§f!
18:17:08 [allowed] §8[§r§725§r§8] §r§a[VIP] LHM_Jackzz§f§r§f: do we get coins or sm?
18:17:11 [allowed] §cYour Pickaxe ability is on cooldown for 1s.
18:17:11 [allowed] §8[§r§b228§r§8] §r§7⚠ §r§a[VIP] Duckington88§f§r§f: it gives you gifts and other stuff
18:17:12 [allowed] §3§lFROZEN TREASURE! §r§fYou found §r§fWhite Gift§r§f!
18:17:12 [allowed] §a§r§6Pickobulus §r§ais now available!
18:17:17 [allowed] §8[§r§b228§r§8] §r§7⚠ §r§a[VIP] Duckington88§f§r§f: generally good to participate
18:17:18 [SACKS_CHANGE] §6[Sacks] §r§a+1§r§e item§r§e.§r§8 (Last 5s.)
18:17:18 [allowed] §aYou used your §r§6Pickobulus §r§aPickaxe Ability!
18:17:18 [allowed] §8[§r§b209§r§8] §r§6⛂ §r§b[MVP§6+§b] owowsalakau§f§r§f: good stuffs
18:17:19 [allowed] §3§lFROZEN TREASURE! §r§fYou found §r§aGreen Gift§r§f!
18:17:19 [allowed] §7Your §r§aPickobulus §r§7destroyed §r§e16 §r§7blocks!
18:17:20 [allowed] §8[§r§725§r§8] §r§a[VIP] LHM_Jackzz§f§r§f: okay ty
18:17:22 [allowed] §3§lFROZEN TREASURE! §r§fYou found §r§aGreen Gift§r§f!
18:17:25 [allowed] §8[§r§a140§r§8] §r§7firestar04§7§r§7: you get volcanic rocks
18:17:28 [SACKS_CHANGE] §6[Sacks] §r§a+2§r§e items§r§e.§r§8 (Last 8s.)
18:17:30 [allowed] §8[§r§b209§r§8] §r§6⛂ §r§b[MVP§6+§b] owowsalakau§f§r§f: make sure u have a snow blaster
18:17:31 [allowed] §3§lFROZEN TREASURE! §r§fYou found §r§aIce Bait§r§f!
18:17:31 [allowed] §8[§r§a140§r§8] §r§7firestar04§7§r§7: worth 2.2mil each
18:17:33 [allowed] §8[§r§b228§r§8] §r§7⚠ §r§a[VIP] Duckington88§f§r§f: yeah
18:17:34 [allowed] §8[§r§a140§r§8] §r§7firestar04§7§r§7: you got 4 or 5
18:17:35 [allowed] §8[§r§b209§r§8] §r§6⛂ §r§b[MVP§6+§b] owowsalakau§f§r§f: and snowsuit armor
18:17:38 [allowed] §8[§r§725§r§8] §r§a[VIP] LHM_Jackzz§f§r§f: YOOO BET
18:17:44 [allowed] §8[§r§725§r§8] §r§a[VIP] LHM_Jackzz§f§r§f: I NEED THAT ONEY FOR A
18:17:45 [allowed] §8[§r§2177§r§8] §r§6§lᛝ §r§a[VIP§6+§a] Flaymont§f§r§f: its 5 waves and one gives you volcanic rock that is worth 2m on bazaar
18:17:50 [allowed] §3§lFROZEN TREASURE! §r§fYou found §r§fWhite Gift§r§f!
18:17:51 [allowed] §8[§r§a140§r§8] §r§7firestar04§7§r§7: i don't have snowsuit...
18:17:52 [allowed] §3§lFROZEN TREASURE! §r§fYou found §r§fWhite Gift§r§f!
18:17:53 [allowed] §8[§r§725§r§8] §r§a[VIP] LHM_Jackzz§f§r§f: I need that for a god pot im broke
18:17:55 [allowed] §3§lFROZEN TREASURE! §r§fYou found §r§fWhite Gift§r§f!
18:17:55 [allowed] §8[§r§a140§r§8] §r§7firestar04§7§r§7: why is it so good?
18:17:56 [allowed] §3§lFROZEN TREASURE! §r§fYou found §r§fWhite Gift§r§f!
18:17:58 [allowed] §8[§r§2177§r§8] §r§6§lᛝ §r§a[VIP§6+§a] Flaymont§f§r§f: so you can get 10m from only this rocks
18:18:00 [allowed] §e§l▬▬▬▬▬▬▬▬▬▬▬▬▬▬▬▬▬▬▬▬▬▬▬▬▬▬▬▬▬▬▬▬▬▬▬▬▬▬▬▬▬▬▬▬▬▬▬▬▬▬▬▬▬▬▬▬▬▬▬▬▬▬▬▬
18:18:00 [allowed]   §r§6§lCOLLECTION LEVEL UP §eIce §8VI➜§eVII
18:18:00 [EMPTY] 
18:18:00 [allowed]   §r§a§lREWARDS
18:18:00 [allowed]     §r§7§9Enchanted Packed Ice §7Recipe
18:18:00 [allowed]     §r§7§9Ice Cube §7Recipe
18:18:00 [allowed]     §r§7§8+§b4 SkyBlock XP
18:18:00 [allowed] §e§l▬▬▬▬▬▬▬▬▬▬▬▬▬▬▬▬▬▬▬▬▬▬▬▬▬▬▬▬▬▬▬▬▬▬▬▬▬▬▬▬▬▬▬▬▬▬▬▬▬▬▬▬▬▬▬▬▬▬▬▬▬▬▬▬
18:18:00 [allowed] §3§lFROZEN TREASURE! §r§fYou found §r§9Enchanted Packed Ice§r§f!
18:18:06 [SACKS_CHANGE] §6[Sacks] §r§a+5§r§e items§r§e.§r§8 (Last 14s.)
18:18:07 [allowed] §8[§r§725§r§8] §r§a[VIP] LHM_Jackzz§f§r§f: ey thanks for letting me knoiw
18:18:08 [allowed] §e[SkyHanni] You have gained §b306 §eBits.
18:18:08 [allowed] §3§lFROZEN TREASURE! §r§fYou found §r§aIce Bait§r§f!
18:18:11 [allowed] §3§lFROZEN TREASURE! §r§fYou found §r§fWhite Gift§r§f!
18:18:12 [allowed] §8[§r§2177§r§8] §r§6§lᛝ §r§a[VIP§6+§a] Flaymont§f§r§f: np bro
18:18:14 [allowed] §3§lFROZEN TREASURE! §r§fYou found §r§aIce Bait§r§f!
18:18:15 [allowed] §8[§r§b209§r§8] §r§6⛂ §r§b[MVP§6+§b] owowsalakau§f§r§f: cuz u need the full set to spam unlimited snowballs
18:18:16 [allowed] §3§lFROZEN TREASURE! §r§fYou found §r§fWhite Gift§r§f!
18:18:19 [allowed] §8[§r§725§r§8] §r§a[VIP] LHM_Jackzz§f§r§f: starts in 18 mins?
18:18:19 [allowed] §a§r§6Pickobulus §r§ais now available!
18:18:21 [allowed] §3§lFROZEN TREASURE! §r§fYou found §r§fWhite Gift§r§f!
18:18:22 [allowed] §8[§r§b228§r§8] §r§7⚠ §r§a[VIP] Duckington88§f§r§f: yep
18:18:22 [allowed] §3§lFROZEN TREASURE! §r§fYou found §r§aIce Bait§r§f!
18:18:25 [allowed] §8[§r§b209§r§8] §r§6⛂ §r§b[MVP§6+§b] owowsalakau§f§r§f: snowballs are how u damage in this mode
18:18:25 [allowed] §8[§r§725§r§8] §r§a[VIP] LHM_Jackzz§f§r§f: okay
18:18:27 [SACKS_CHANGE] §6[Sacks] §r§a+3§r§e items§r§e.§r§8 (Last 15s.)
18:18:27 [allowed] §8[§r§b228§r§8] §r§7⚠ §r§a[VIP] Duckington88§f§r§f: you can buy the blaster from the npc
18:18:29 [allowed] §3§lFROZEN TREASURE! §r§fYou found §r§aIce Bait§r§f!
18:18:30 [allowed] §8[§r§b228§r§8] §r§7⚠ §r§a[VIP] Duckington88§f§r§f: if im not wrong
18:18:31 [allowed] §3§lFROZEN TREASURE! §r§fYou found §r§aIce Bait§r§f!
18:18:33 [allowed] §3§lFROZEN TREASURE! §r§fYou found §r§fWhite Gift§r§f!
18:18:35 [allowed] §8[§b209§8] §6⛂ §r§b[MVP§6+§b] owowsalakau§f§7 is holding §r§8[§5Frosty the Snow Blaster§8]
18:18:35 [allowed] §8[§r§3251§r§8] §r§7⸙ §r§a[VIP§6+§a] Gaster322§f§r§f: imagine being that poor on sb not affording a god pot
18:18:37 [allowed] §8[§r§725§r§8] §r§a[VIP] LHM_Jackzz§f§r§f: yeah for 1k coins
18:18:38 [SACKS_CHANGE] §6[Sacks] §r§a+1§r§e item§r§e.§r§8 (Last 5s.)
18:18:41 [allowed] §3§lFROZEN TREASURE! §r§fYou found §r§fWhite Gift§r§f!
18:18:42 [allowed] §3§lFROZEN TREASURE! §r§fYou found §r§aGreen Gift§r§f!
18:18:47 [allowed] §8[§r§725§r§8] §r§a[VIP] LHM_Jackzz§f§r§f: yeah bro i just bought the uh\
18:18:47 [SACKS_CHANGE] §6[Sacks] §r§a+2§r§e items§r§e.§r§8 (Last 6s.)
18:18:52 [allowed] §3§lFROZEN TREASURE! §r§fYou found §r§aIce Bait§r§f!
18:18:53 [allowed] §8[§r§725§r§8] §r§a[VIP] LHM_Jackzz§f§r§f: aspect of the void
18:18:56 [allowed] §3§lFROZEN TREASURE! §r§fYou found §r§fWhite Gift§r§f!
18:18:59 [allowed] §8[§r§2177§r§8] §r§6§lᛝ §r§a[VIP§6+§a] Flaymont§f§r§f: i opened today 15k gifts and got 36m lol
18:19:00 [allowed] §8[§r§725§r§8] §r§a[VIP] LHM_Jackzz§f§r§f: so i have ike 500j
18:19:02 [SACKS_CHANGE] §6[Sacks] §r§a+1§r§e item§r§e.§r§8 (Last 5s.)
18:19:08 [allowed] §8[§r§2177§r§8] §r§6§lᛝ §r§a[VIP§6+§a] Flaymont§f§r§f: it took 1h to open them
18:19:09 [allowed] §8[§r§725§r§8] §r§a[VIP] LHM_Jackzz§f§r§f: why is bro so rich
18:19:12 [allowed] §3§lFROZEN TREASURE! §r§fYou found §r§fWhite Gift§r§f!
18:19:17 [allowed] §3§lFROZEN TREASURE! §r§fYou found §r§fPacked Ice§r§f!
18:19:22 [allowed] §3§lFROZEN TREASURE! §r§fYou found §r§fWhite Gift§r§f!
18:19:24 [allowed] §3§lFROZEN TREASURE! §r§fYou found §r§fPacked Ice§r§f!
18:19:25 [allowed] §3§lFROZEN TREASURE! §r§fYou found §r§aIce Bait§r§f!
18:19:26 [allowed] §3§lFROZEN TREASURE! §r§fYou found §r§aIce Bait§r§f!
18:19:27 [allowed] §3§lFROZEN TREASURE! §r§fYou found §r§fWhite Gift§r§f!
18:19:29 [allowed] §3§lFROZEN TREASURE! §r§fYou found §r§5Glacial Fragment§r§f!
18:19:30 [allowed] §3§lFROZEN TREASURE! §r§fYou found §r§fWhite Gift§r§f!
18:19:34 [allowed] §3§lFROZEN TREASURE! §r§fYou found §r§fWhite Gift§r§f!
18:19:38 [allowed] §3§lFROZEN TREASURE! §r§fYou found §r§fPacked Ice§r§f!
18:19:39 [allowed] §3§lFROZEN TREASURE! §r§fYou found §r§fWhite Gift§r§f!
18:19:43 [SACKS_CHANGE] §6[Sacks] §r§a+103§r§e items§r§e.§r§8 (Last 30s.)
18:19:50 [allowed] §3§lFROZEN TREASURE! §r§fYou found §r§fWhite Gift§r§f!
18:19:51 [allowed] §3§lFROZEN TREASURE! §r§fYou found §r§aIce Bait§r§f!
18:19:52 [allowed] §3§lFROZEN TREASURE! §r§fYou found §r§aEnchanted Ice§r§f!
18:19:57 [allowed] §8[§r§725§r§8] §r§a[VIP] LHM_Jackzz§f§r§f: can u add me i needa rejoin
18:19:58 [SACKS_CHANGE] §6[Sacks] §r§a+15§r§e items§r§e.§r§8 (Last 8s.)
18:20:04 [allowed] §3§lFROZEN TREASURE! §r§fYou found §r§aGreen Gift§r§f!
18:20:07 [allowed] §3§lFROZEN TREASURE! §r§fYou found §r§aGreen Gift§r§f!
18:20:08 [allowed] §3§lFROZEN TREASURE! §r§fYou found §r§5Glacial Fragment§r§f!
18:20:10 [allowed] §3§lFROZEN TREASURE! §r§fYou found §r§aGlowy Chum Bait§r§f!
18:20:11 [allowed] §3§lFROZEN TREASURE! §r§fYou found §r§fWhite Gift§r§f!
18:20:14 [allowed] §8[§r§725§r§8] §r§a[VIP] LHM_Jackzz§f§r§f: alr
18:20:17 [SACKS_CHANGE] §6[Sacks] §r§a+4§r§e items§r§e.§r§8 (Last 11s.)
18:20:18 [allowed] §3§lFROZEN TREASURE! §r§fYou found §r§5Glacial Fragment§r§f!
18:20:21 [allowed] §3§lFROZEN TREASURE! §r§fYou found §r§aIce Bait§r§f!
18:20:23 [SACKS_CHANGE] §6[Sacks] §r§a+1§r§e item§r§e.§r§8 (Last 5s.)
18:20:30 [allowed] §3§lFROZEN TREASURE! §r§fYou found §r§aGreen Gift§r§f!
18:20:32 [allowed] §3§lFROZEN TREASURE! §r§fYou found §r§fWhite Gift§r§f!
18:20:33 [allowed] §3§lFROZEN TREASURE! §r§fYou found §r§5Glacial Fragment§r§f!
18:20:35 [allowed] §3§lFROZEN TREASURE! §r§fYou found §r§aEnchanted Ice§r§f!
18:20:38 [allowed] §3§lFROZEN TREASURE! §r§fYou found §r§fWhite Gift§r§f!
18:20:41 [allowed] §3§lFROZEN TREASURE! §r§fYou found §r§aGreen Gift§r§f!
18:20:43 [allowed] §c§lSANTA GIFT! §r§7Tray_says_hi§r§7 §r§egifted §r§cGift the Fish §r§eto §r§7jeffguy03§r§7§r§e!
18:20:45 [allowed] §3§lFROZEN TREASURE! §r§fYou found §r§fWhite Gift§r§f!
18:20:50 [allowed] §3§lFROZEN TREASURE! §r§fYou found §r§fWhite Gift§r§f!
18:20:51 [allowed] §3§lFROZEN TREASURE! §r§fYou found §r§fPacked Ice§r§f!
18:20:57 [SACKS_CHANGE] §6[Sacks] §r§a+47§r§e items§r§e.§r§8 (Last 26s.)
18:21:10 [allowed] §8[§r§725§r§8] §r§a[VIP] LHM_Jackzz§f§r§f: brb
18:21:14 [allowed] §3§lFROZEN TREASURE! §r§fYou found §r§fWhite Gift§r§f!
18:21:17 [allowed] §3§lFROZEN TREASURE! §r§fYou found §r§fWhite Gift§r§f!
18:21:18 [allowed] §3§lFROZEN TREASURE! §r§fYou found §r§aIce Bait§r§f!
18:21:19 [allowed] §3§lFROZEN TREASURE! §r§fYou found §r§fWhite Gift§r§f!
18:21:20 [allowed] §3§lFROZEN TREASURE! §r§fYou found §r§fWhite Gift§r§f!
18:21:21 [allowed] §3§lFROZEN TREASURE! §r§fYou found §r§fWhite Gift§r§f!
18:21:22 [allowed] §3§lFROZEN TREASURE! §r§fYou found §r§5Glacial Fragment§r§f!
18:21:25 [allowed] §3§lFROZEN TREASURE! §r§fYou found §r§fWhite Gift§r§f!
18:21:30 [allowed] §3§lFROZEN TREASURE! §r§fYou found §r§aIce Bait§r§f!
18:21:30 [SACKS_CHANGE] §6[Sacks] §r§a+7§r§e items§r§e.§r§8 (Last 15s.)
18:21:30 [allowed] §3§lFROZEN TREASURE! §r§fYou found §r§fPacked Ice§r§f!
18:21:31 [allowed] §3§lFROZEN TREASURE! §r§fYou found §r§aIce Bait§r§f!
18:21:34 [allowed] §3§lFROZEN TREASURE! §r§fYou found §r§fWhite Gift§r§f!
18:21:37 [allowed] §3§lFROZEN TREASURE! §r§fYou found §r§fWhite Gift§r§f!
18:21:40 [allowed] §3§lFROZEN TREASURE! §r§fYou found §r§fWhite Gift§r§f!
18:21:46 [SACKS_CHANGE] §6[Sacks] §r§a+35§r§e items§r§e.§r§8 (Last 14s.)
18:21:47 [GUILD_EXP] §aYou earned §r§2750 GEXP §r§a+ §r§e2,250 Event EXP §r§afrom playing SkyBlock!
18:21:48 [allowed] §3§lFROZEN TREASURE! §r§fYou found §r§aIce Bait§r§f!
18:21:51 [allowed] §3§lFROZEN TREASURE! §r§fYou found §r§aIce Bait§r§f!
18:21:56 [allowed] §3§lFROZEN TREASURE! §r§fYou found §r§aGreen Gift§r§f!
18:22:00 [allowed] §3§lFROZEN TREASURE! §r§fYou found §r§aIce Bait§r§f!
18:22:02 [SACKS_CHANGE] §6[Sacks] §r§a+1§r§e item§r§e.§r§8 (Last 5s.)
18:22:08 [allowed] §3§lFROZEN TREASURE! §r§fYou found §r§aIce Bait§r§f!
18:22:10 [allowed] §3§lFROZEN TREASURE! §r§fYou found §r§fWhite Gift§r§f!
18:22:12 [allowed] §3§lFROZEN TREASURE! §r§fYou found §r§fWhite Gift§r§f!
18:22:13 [allowed] §3§lFROZEN TREASURE! §r§fYou found §r§fWhite Gift§r§f!
18:22:16 [allowed] §3§lFROZEN TREASURE! §r§fYou found §r§5Glacial Fragment§r§f!
18:22:21 [SACKS_CHANGE] §6[Sacks] §r§a+4§r§e items§r§e.§r§8 (Last 10s.)
18:22:23 [allowed] §3§lFROZEN TREASURE! §r§fYou found §r§aGreen Gift§r§f!
18:22:28 [allowed] §3§lFROZEN TREASURE! §r§fYou found §r§fWhite Gift§r§f!
18:22:29 [allowed] §3§lFROZEN TREASURE! §r§fYou found §r§fWhite Gift§r§f!
18:22:34 [SACKS_CHANGE] §6[Sacks] §r§a+3§r§e items§r§e.§r§8 (Last 11s.)
18:22:41 [allowed] §3§lFROZEN TREASURE! §r§fYou found §r§aGreen Gift§r§f!
18:22:47 [SACKS_CHANGE] §6[Sacks] §r§a+1§r§e item§r§e.§r§8 (Last 5s.)
18:22:47 [allowed] §3§lFROZEN TREASURE! §r§fYou found §r§fWhite Gift§r§f!
18:22:48 [allowed] §3§lFROZEN TREASURE! §r§fYou found §r§aGreen Gift§r§f!
18:22:50 [allowed] §3§lFROZEN TREASURE! §r§fYou found §r§fWhite Gift§r§f!
18:22:56 [SACKS_CHANGE] §6[Sacks] §r§a+3§r§e items§r§e.§r§8 (Last 8s.)
18:22:57 [allowed] §e§l▬▬▬▬▬▬▬▬▬▬▬▬▬▬▬▬▬▬▬▬▬▬▬▬▬▬▬▬▬▬▬▬▬▬▬▬▬▬▬▬▬▬▬▬▬▬▬▬▬▬▬▬▬▬▬▬▬▬▬▬▬▬▬▬
18:22:57 [allowed]   §r§6§lCOLLECTION LEVEL UP §eIce §8VII➜§eVIII
18:22:57 [EMPTY] 
18:22:57 [allowed]   §r§a§lREWARDS
18:22:57 [allowed]     §r§7§9Glacial Artifact §7Recipe
18:22:57 [allowed]     §r§7§8+§b4 SkyBlock XP
18:22:57 [allowed] §e§l▬▬▬▬▬▬▬▬▬▬▬▬▬▬▬▬▬▬▬▬▬▬▬▬▬▬▬▬▬▬▬▬▬▬▬▬▬▬▬▬▬▬▬▬▬▬▬▬▬▬▬▬▬▬▬▬▬▬▬▬▬▬▬▬
18:22:57 [allowed] §3§lFROZEN TREASURE! §r§fYou found §r§9Enchanted Packed Ice§r§f!
18:22:59 [EMPTY]  
18:22:59 [allowed]                           §r§3§lSKYBLOCK LEVEL UP
18:22:59 [allowed]                              §r§eLevel §r§8106 ➡ §r§8[§r§e107§r§8]
18:22:59 [EMPTY]  
18:22:59 [allowed]                                   §r§6§lREWARDS
18:22:59 [allowed]                                  §r§8+§r§a5 §r§c❤ Health
18:22:59 [EMPTY]  
18:23:01 [allowed] §3§lFROZEN TREASURE! §r§fYou found §r§aEnchanted Ice§r§f!
18:23:02 [allowed] §3§lFROZEN TREASURE! §r§fYou found §r§aGreen Gift§r§f!
18:23:03 [allowed] §3§lFROZEN TREASURE! §r§fYou found §r§aIce Bait§r§f!
18:23:08 [SACKS_CHANGE] §6[Sacks] §r§a+12§r§e items§r§e.§r§8 (Last 10s.)
18:23:20 [allowed] §3§lFROZEN TREASURE! §r§fYou found §r§aIce Bait§r§f!
18:23:21 [allowed] §3§lFROZEN TREASURE! §r§fYou found §r§aIce Bait§r§f!
18:23:31 [allowed] §3§lFROZEN TREASURE! §r§fYou found §r§fWhite Gift§r§f!
18:23:32 [allowed] §3§lFROZEN TREASURE! §r§fYou found §r§aIce Bait§r§f!
18:23:35 [allowed] §3§lFROZEN TREASURE! §r§fYou found §r§fPacked Ice§r§f!
18:23:41 [SACKS_CHANGE] §6[Sacks] §r§a+33§r§e items§r§e.§r§8 (Last 9s.)
18:23:42 [allowed] §3§lFROZEN TREASURE! §r§fYou found §r§aIce Bait§r§f!
18:23:43 [allowed] §3§lFROZEN TREASURE! §r§fYou found §r§aIce Bait§r§f!
18:23:48 [allowed] §3§lFROZEN TREASURE! §r§fYou found §r§aIce Bait§r§f!
18:23:50 [allowed] §3§lFROZEN TREASURE! §r§fYou found §r§aIce Bait§r§f!
18:23:55 [allowed] §aYou used your §r§6Pickobulus §r§aPickaxe Ability!
18:23:55 [allowed] §3§lFROZEN TREASURE! §r§fYou found §r§aGreen Gift§r§f!
18:23:55 [allowed] §7Your §r§aPickobulus §r§7destroyed §r§e15 §r§7blocks!
18:23:59 [allowed] §8[§r§2177§r§8] §r§6§lᛝ §r§a[VIP§6+§a] Flaymont§f§r§f: we need to lock in guys
18:23:59 [allowed] §3§lFROZEN TREASURE! §r§fYou found §r§aGreen Gift§r§f!
18:24:01 [allowed] §3§lFROZEN TREASURE! §r§fYou found §r§aIce Bait§r§f!
18:24:02 [allowed] §3§lFROZEN TREASURE! §r§fYou found §r§fWhite Gift§r§f!
18:24:03 [allowed] §3§lFROZEN TREASURE! §r§fYou found §r§aIce Bait§r§f!
18:24:04 [allowed] §8[§r§9298§r§8] §r§b§lᛝ §r§b[MVP§d+§b] trinketss§f§r§f: fr fr
18:24:08 [allowed] §3§lFROZEN TREASURE! §r§fYou found §r§fWhite Gift§r§f!
18:24:13 [SACKS_CHANGE] §6[Sacks] §r§a+4§r§e items§r§e.§r§8 (Last 17s.)
18:24:15 [allowed] §8[§r§725§r§8] §r§a[VIP] LHM_Jackzz§f§r§f: if i lock in can i get a cookie
18:24:21 [allowed] §3§lFROZEN TREASURE! §r§fYou found §r§aIce Bait§r§f!
18:24:23 [allowed] §8[§r§2177§r§8] §r§6§lᛝ §r§a[VIP§6+§a] Flaymont§f§r§f: im iman :(
18:24:27 [allowed] §3§lFROZEN TREASURE! §r§fYou found §r§aGreen Gift§r§f!
18:24:30 [allowed] §3§lFROZEN TREASURE! §r§fYou found §r§aIce Bait§r§f!
18:24:32 [SACKS_CHANGE] §6[Sacks] §r§a+1§r§e item§r§e.§r§8 (Last 5s.)
18:24:36 [allowed] §3§lFROZEN TREASURE! §r§fYou found §r§aGreen Gift§r§f!
18:24:41 [allowed] §3§lFROZEN TREASURE! §r§fYou found §r§fPacked Ice§r§f!
18:24:44 [allowed] §3§lFROZEN TREASURE! §r§fYou found §r§5Glacial Fragment§r§f!
18:24:49 [allowed] §3§lFROZEN TREASURE! §r§fYou found §r§fWhite Gift§r§f!
18:24:49 [allowed] §3§lFROZEN TREASURE! §r§fYou found §r§aGreen Gift§r§f!
18:24:50 [allowed] §3§lFROZEN TREASURE! §r§fYou found §r§aIce Bait§r§f!
18:24:51 [allowed] §3§lFROZEN TREASURE! §r§fYou found §r§5Glacial Fragment§r§f!
18:24:54 [allowed] §3§lFROZEN TREASURE! §r§fYou found §r§aIce Bait§r§f!
18:24:56 [allowed] §a§r§6Pickobulus §r§ais now available!
18:24:57 [SACKS_CHANGE] §6[Sacks] §r§a+37§r§e items§r§e.§r§8 (Last 20s.)
18:24:58 [allowed] §aYou used your §r§6Pickobulus §r§aPickaxe Ability!
18:24:58 [allowed] §7Your §r§aPickobulus §r§7destroyed §r§e22 §r§7blocks!
18:25:07 [allowed] §3§lFROZEN TREASURE! §r§fYou found §r§aEnchanted Ice§r§f!
18:25:13 [SACKS_CHANGE] §6[Sacks] §r§a+13§r§e items§r§e.§r§8 (Last 5s.)
18:25:14 [allowed] §3§lFROZEN TREASURE! §r§fYou found §r§aIce Bait§r§f!
18:25:22 [allowed] §3§lFROZEN TREASURE! §r§fYou found §r§aIce Bait§r§f!
18:25:26 [allowed] §3§lFROZEN TREASURE! §r§fYou found §r§fWhite Gift§r§f!
18:25:30 [allowed] §cYour Pickaxe ability is on cooldown for 28s.
18:25:31 [allowed] §3§lFROZEN TREASURE! §r§fYou found §r§aIce Bait§r§f!
18:25:32 [SACKS_CHANGE] §6[Sacks] §r§a+1§r§e item§r§e.§r§8 (Last 5s.)
18:25:44 [allowed] §8[§r§725§r§8] §r§a[VIP] LHM_Jackzz§f§r§f: oh thanks
18:25:49 [allowed] §3§lFROZEN TREASURE! §r§fYou found §r§5Glacial Fragment§r§f!
18:25:52 [allowed] §3§lFROZEN TREASURE! §r§fYou found §r§fPacked Ice§r§f!
18:25:57 [allowed] §3§lFROZEN TREASURE! §r§fYou found §r§aGreen Gift§r§f!
18:25:59 [allowed] §a§r§6Pickobulus §r§ais now available!
18:26:03 [SACKS_CHANGE] §6[Sacks] §r§a+34§r§e items§r§e.§r§8 (Last 13s.)
18:26:05 [allowed] §3§lFROZEN TREASURE! §r§fYou found §r§aIce Bait§r§f!
18:26:08 [allowed] §3§lFROZEN TREASURE! §r§fYou found §r§fPacked Ice§r§f!
18:26:13 [allowed] §3§lFROZEN TREASURE! §r§fYou found §r§aEnchanted Ice§r§f!
18:26:18 [allowed] §3§lFROZEN TREASURE! §r§fYou found §r§aGreen Gift§r§f!
18:26:21 [allowed] §3§lFROZEN TREASURE! §r§fYou found §r§fWhite Gift§r§f!
18:26:25 [allowed] §3§lFROZEN TREASURE! §r§fYou found §r§fPacked Ice§r§f!
18:26:27 [allowed] §3§lFROZEN TREASURE! §r§fYou found §r§fWhite Gift§r§f!
18:26:28 [allowed] §3§lFROZEN TREASURE! §r§fYou found §r§fWhite Gift§r§f!
18:26:33 [SACKS_CHANGE] §6[Sacks] §r§a+83§r§e items§r§e.§r§8 (Last 25s.)
18:26:33 [allowed] §3§lFROZEN TREASURE! §r§fYou found §r§aIce Bait§r§f!
18:26:35 [allowed] §3§lFROZEN TREASURE! §r§fYou found §r§aGreen Gift§r§f!
18:26:38 [allowed] §3§lFROZEN TREASURE! §r§fYou found §r§fWhite Gift§r§f!
18:26:41 [allowed] §3§lFROZEN TREASURE! §r§fYou found §r§aGreen Gift§r§f!
18:26:42 [allowed] §3§lFROZEN TREASURE! §r§fYou found §r§aIce Bait§r§f!
18:26:47 [SACKS_CHANGE] §6[Sacks] §r§a+3§r§e items§r§e.§r§8 (Last 11s.)
18:26:52 [GUILD_EXP] §aYou earned §r§2750 GEXP §r§a+ §r§e928 Event EXP §r§afrom playing SkyBlock!
18:26:59 [allowed] §3§lFROZEN TREASURE! §r§fYou found §r§fWhite Gift§r§f!
18:27:03 [allowed] §3§lFROZEN TREASURE! §r§fYou found §r§aIce Bait§r§f!
18:27:04 [SACKS_CHANGE] §6[Sacks] §r§a+1§r§e item§r§e.§r§8 (Last 5s.)
18:27:09 [allowed] §3§lFROZEN TREASURE! §r§fYou found §r§fWhite Gift§r§f!
18:27:15 [SACKS_CHANGE] §6[Sacks] §r§a+1§r§e item§r§e.§r§8 (Last 5s.)
18:27:17 [allowed] §3§lFROZEN TREASURE! §r§fYou found §r§fPacked Ice§r§f!
18:27:22 [allowed]  §r§f☃ §r§7§r§7firestar04 §r§7mounted a §r§fSnow Cannon§r§7!
18:27:23 [SACKS_CHANGE] §6[Sacks] §r§a+32§r§e items§r§e.§r§8 (Last 5s.)
18:27:23 [allowed] §3§lFROZEN TREASURE! §r§fYou found §r§fWhite Gift§r§f!
18:27:28 [allowed] §3§lFROZEN TREASURE! §r§fYou found §r§fPacked Ice§r§f!
18:27:30 [allowed] §3§lFROZEN TREASURE! §r§fYou found §r§fWhite Gift§r§f!
18:27:34 [allowed] §3§lFROZEN TREASURE! §r§fYou found §r§aGreen Gift§r§f!
18:27:36 [allowed] §3§lFROZEN TREASURE! §r§fYou found §r§aEnchanted Ice§r§f!
18:27:41 [allowed] §3§lFROZEN TREASURE! §r§fYou found §r§fWhite Gift§r§f!
18:27:43 [allowed] §3§lFROZEN TREASURE! §r§fYou found §r§aGreen Gift§r§f!
18:27:48 [allowed] §3§lFROZEN TREASURE! §r§fYou found §r§aGreen Gift§r§f!
18:27:52 [allowed] §3§lFROZEN TREASURE! §r§fYou found §r§aIce Bait§r§f!
18:27:54 [SACKS_CHANGE] §6[Sacks] §r§a+50§r§e items§r§e.§r§8 (Last 30s.)
18:27:56 [allowed] §3§lFROZEN TREASURE! §r§fYou found §r§aGreen Gift§r§f!
18:28:01 [SACKS_CHANGE] §6[Sacks] §r§a+1§r§e item§r§e.§r§8 (Last 5s.)
18:28:03 [allowed] §3§lFROZEN TREASURE! §r§fYou found §r§fWhite Gift§r§f!
18:28:09 [SACKS_CHANGE] §6[Sacks] §r§a+1§r§e item§r§e.§r§8 (Last 5s.)
18:28:10 [allowed] §3§lFROZEN TREASURE! §r§fYou found §r§aIce Bait§r§f!
18:28:18 [allowed] §3§lFROZEN TREASURE! §r§fYou found §r§aIce Bait§r§f!
18:28:18 [allowed] §3§lFROZEN TREASURE! §r§fYou found §r§fPacked Ice§r§f!
18:28:24 [SACKS_CHANGE] §6[Sacks] §r§a+32§r§e items§r§e.§r§8 (Last 5s.)
18:28:26 [allowed] §8[§r§725§r§8] §r§a[VIP] LHM_Jackzz§f§r§f: guys is there a way to store things remotely?
18:28:30 [allowed] §8[§r§725§r§8] §r§a[VIP] LHM_Jackzz§f§r§f: i havea full inv
18:28:31 [allowed] §3§lFROZEN TREASURE! §r§fYou found §r§fWhite Gift§r§f!
18:28:34 [allowed] §3§lFROZEN TREASURE! §r§fYou found §r§aIce Bait§r§f!
18:28:37 [SACKS_CHANGE] §6[Sacks] §r§a+1§r§e item§r§e.§r§8 (Last 5s.)
18:28:41 [allowed] §8[§r§9298§r§8] §r§b§lᛝ §r§b[MVP§d+§b] trinketss§f§r§f: ender chests backpacks
18:28:48 [allowed] §8[§r§b228§r§8] §r§7⚠ §r§a[VIP] Duckington88§f§r§f: sacks / ender chests / backpacks
18:28:48 [allowed] §3§lFROZEN TREASURE! §r§fYou found §r§fWhite Gift§r§f!
18:28:49 [allowed]  §r§f☃ §r§7§r§7KV_Malsy §r§7mounted a §r§fSnow Cannon§r§7!
18:28:50 [allowed] §3§lFROZEN TREASURE! §r§fYou found §r§aGreen Gift§r§f!
18:28:55 [allowed] §3§lFROZEN TREASURE! §r§fYou found §r§aIce Bait§r§f!
18:28:55 [SACKS_CHANGE] §6[Sacks] §r§a+2§r§e items§r§e.§r§8 (Last 6s.)
18:28:56 [allowed] §8[§r§b228§r§8] §r§7⚠ §r§a[VIP] Duckington88§f§r§f: i think sacks is the cheapest for your stage tbh
18:28:57 [allowed] §3§lFROZEN TREASURE! §r§fYou found §r§fPacked Ice§r§f!
18:29:00 [allowed] §8[§r§b228§r§8] §r§7⚠ §r§a[VIP] Duckington88§f§r§f: but you need collection to craft
18:29:01 [allowed] §3§lFROZEN TREASURE! §r§fYou found §r§fWhite Gift§r§f!
18:29:03 [EMPTY] 
18:29:03 [allowed] §c§lWOAH! §r§cA §r§4Reindrake §r§cwas summoned from the depths!
18:29:03 [EMPTY] 
18:29:07 [SACKS_CHANGE] §6[Sacks] §r§a+33§r§e items§r§e.§r§8 (Last 9s.)
18:29:07 [allowed] §3§lFROZEN TREASURE! §r§fYou found §r§fWhite Gift§r§f!
18:29:11 [allowed] §3§lFROZEN TREASURE! §r§fYou found §r§aGreen Gift§r§f!
18:29:12 [allowed] §3§lFROZEN TREASURE! §r§fYou found §r§fWhite Gift§r§f!
18:29:19 [SACKS_CHANGE] §6[Sacks] §r§a+3§r§e items§r§e.§r§8 (Last 10s.)
18:29:35 [SACKS_CHANGE] §6[Sacks] §r§a+4§r§e items§r§e.§r§8 (Last 9s.)
18:29:49 [SACKS_CHANGE] §6[Sacks] §r§a+5§r§e items§r§e.§r§8 (Last 12s.)
18:30:02 [SACKS_CHANGE] §6[Sacks] §r§a+2§r§e items§r§e.§r§8 (Last 6s.)
18:30:12 [SACKS_CHANGE] §6[Sacks] §r§a+2§r§e items§r§e.§r§8 (Last 6s.)
18:30:23 [allowed]  §r§f☃ §r§7§r§btrinketss §r§7mounted a §r§fSnow Cannon§r§7!
18:30:23 [SACKS_CHANGE] §6[Sacks] §r§a+4§r§e items§r§e.§r§8 (Last 10s.)
18:30:32 [allowed]  §r§f☃ §r§7§r§7Thecrazycat39 §r§7mounted a §r§fSnow Cannon§r§7!
18:30:43 [SACKS_CHANGE] §6[Sacks] §r§a+2§r§e items§r§e.§r§8 (Last 9s.)
18:30:52 [SACKS_CHANGE] §6[Sacks] §r§a+1§r§e item§r§e.§r§8 (Last 5s.)
18:30:57 [EMPTY] 
18:30:57 [allowed] §c§lDEFEATED! §r§cA §r§4Reindrake §r§cwas slain and dropped all its loot!
18:30:57 [EMPTY] 
18:30:59 [SACKS_CHANGE] §6[Sacks] §r§a+1§r§e item§r§e.§r§8 (Last 5s.)
