17:16:10 [EMPTY] §f §r§r§r§f §r§r§r§1 §r§r§r§0 §r§r§r§2 §r§r§r§f §r§r§r§f §r§r§r§2 §r§r§r§0 §r§r§r§4 §r§r§r§3 §r§r§r§9 §r§r§r§2 §r§r§r§0 §r§r§r§0 §r§r§r§3 §r§r§r§9 §r§r§r§2 §r§r§r§0 §r§r§r§0 §r§r§r§3 §r§r§r§9 §r§r§r§2 §r§r§r§0 §r§r§r§0 
17:16:43 [EMPTY] §8 §r§8 §r§1 §r§3 §r§3 §r§7 §r§8 
17:16:46 [EMPTY] 
17:16:46 [WELCOME] §eWelcome to §r§aHypixel SkyBlock§r§e!
17:16:46 [EMPTY] 
17:16:47 [PROFILE_JOIN] §aYou are playing on profile: §eLemon§b (Co-op)
17:16:47 [PROFILE_JOIN] §8Profile ID: 62b760d8-92b6-4501-ada0-1fd8583f5266
17:16:52 [EMPTY] §8 §r§8 §r§1 §r§3 §r§3 §r§7 §r§8 
17:16:56 [PROFILE_JOIN] §aYou are playing on profile: §eLemon§b (Co-op)
17:16:56 [PROFILE_JOIN] §8Profile ID: 62b760d8-92b6-4501-ada0-1fd8583f5266
17:19:11 [EMPTY] §8 §r§8 §r§1 §r§3 §r§3 §r§7 §r§8 
17:19:14 [PROFILE_JOIN] §aYou are playing on profile: §eLemon§b (Co-op)
17:19:14 [PROFILE_JOIN] §8Profile ID: 62b760d8-92b6-4501-ada0-1fd8583f5266
17:19:29 [SACKS_CHANGE] §6[Sacks] §r§a+6§r§e items§r§e.§r§8 (Last 8s.)
17:19:58 [SACKS_CHANGE] §6[Sacks] §r§a+4§r§e items§r§e.§r§8 (Last 6s.)
17:20:01 [EMPTY] 
17:20:01 [EMPTY] 
17:20:04 [EMPTY] §8 §r§8 §r§1 §r§3 §r§3 §r§7 §r§8 
17:20:07 [PROFILE_JOIN] §aYou are playing on profile: §eLemon§b (Co-op)
17:20:07 [PROFILE_JOIN] §8Profile ID: 62b760d8-92b6-4501-ada0-1fd8583f5266
17:20:48 [SACKS_CHANGE] §6[Sacks] §r§a+931§r§e items§r§e.§r§8 (Last 9s.)
17:21:36 [SACKS_CHANGE] §6[Sacks] §r§c-1,600§r§e items§r§e.§r§8 (Last 5s.)
17:21:46 [SACKS_CHANGE] §6[Sacks] §r§c-927§r§e items§r§e.§r§8 (Last 5s.)
17:25:05 [GUILD_EXP] §aYou earned §r§2495 GEXP §r§a+ §r§e1,485 Event EXP §r§afrom playing SkyBlock!
17:30:06 [GUILD_EXP] §aYou earned §r§2383 GEXP §r§a+ §r§e1,149 Event EXP §r§afrom playing SkyBlock!
17:35:07 [GUILD_EXP] §aYou earned §r§2375 GEXP §r§a+ §r§e1,125 Event EXP §r§afrom playing SkyBlock!
17:35:51 [EMPTY] §8 §r§8 §r§1 §r§3 §r§3 §r§7 §r§8 
17:35:55 [PROFILE_JOIN] §aYou are playing on profile: §eLemon§b (Co-op)
17:35:55 [PROFILE_JOIN] §8Profile ID: 62b760d8-92b6-4501-ada0-1fd8583f5266
17:36:56 [EMPTY] §8 §r§8 §r§1 §r§3 §r§3 §r§7 §r§8 
17:37:01 [PROFILE_JOIN] §aYou are playing on profile: §eLemon§b (Co-op)
17:37:01 [PROFILE_JOIN] §8Profile ID: 62b760d8-92b6-4501-ada0-1fd8583f5266
17:41:06 [GUILD_EXP] §aYou earned §r§2140 GEXP §r§a+ §r§e420 Event EXP §r§afrom playing SkyBlock!
18:01:24 [GUILD_EXP] §aYou earned §r§2158 GEXP §r§a+ §r§e474 Event EXP §r§afrom playing SkyBlock!
18:06:53 [EMPTY] 
18:06:53 [EMPTY] 
18:07:55 [SACKS_CHANGE] §6[Sacks] §r§a+1§r§e item§r§e.§r§8 (Last 5s.)
18:08:10 [SACKS_CHANGE] §6[Sacks] §r§a+4§r§e items§r§e.§r§8 (Last 13s.)
18:08:25 [SACKS_CHANGE] §6[Sacks] §r§a+2§r§e items§r§e.§r§8 (Last 9s.)
18:08:40 [SACKS_CHANGE] §6[Sacks] §r§a+1§r§e item§r§e.§r§8 (Last 5s.)
18:08:52 [EMPTY] 
18:08:52 [EMPTY] 
18:08:53 [SACKS_CHANGE] §6[Sacks] §r§a+2§r§e items§r§e.§r§8 (Last 7s.)
18:11:33 [GUILD_EXP] §aYou earned §r§2328 GEXP §r§a+ §r§e819 Event EXP §r§afrom playing SkyBlock!
18:13:10 [SACKS_CHANGE] §6[Sacks] §r§a+1§r§e item§r§e.§r§8 (Last 5s.)
18:13:27 [SACKS_CHANGE] §6[Sacks] §r§a+1§r§e item§r§e.§r§8 (Last 5s.)
18:14:01 [SACKS_CHANGE] §6[Sacks] §r§a+2§r§e items§r§e.§r§8 (Last 6s.)
18:14:36 [SACKS_CHANGE] §6[Sacks] §r§a+1§r§e item§r§e.§r§8 (Last 5s.)
18:14:46 [SACKS_CHANGE] §6[Sacks] §r§a+1§r§e item§r§e.§r§8 (Last 5s.)
18:14:57 [SACKS_CHANGE] §6[Sacks] §r§a+1§r§e item§r§e.§r§8 (Last 5s.)
18:15:05 [SACKS_CHANGE] §6[Sacks] §r§a+1§r§e item§r§e.§r§8 (Last 5s.)
18:15:43 [SACKS_CHANGE] §6[Sacks] §r§a+32§r§e items§r§e.§r§8 (Last 5s.)
18:16:04 [SACKS_CHANGE] §6[Sacks] §r§a+4§r§e items§r§e.§r§8 (Last 14s.)
18:16:21 [SACKS_CHANGE] §6[Sacks] §r§a+99§r§e items§r§e.§r§8 (Last 16s.)
18:16:28 [SACKS_CHANGE] §6[Sacks] §r§a+1§r§e item§r§e.§r§8 (Last 5s.)
18:16:41 [GUILD_EXP] §aYou earned §r§2503 GEXP §r§a+ §r§e1,674 Event EXP §r§afrom playing SkyBlock!
18:16:45 [SACKS_CHANGE] §6[Sacks] §r§a+1§r§e item§r§e.§r§8 (Last 5s.)
18:16:51 [SACKS_CHANGE] §6[Sacks] §r§a+1§r§e item§r§e.§r§8 (Last 5s.)
18:16:55 [EMPTY] 
18:17:06 [SACKS_CHANGE] §6[Sacks] §r§a+5§r§e items§r§e.§r§8 (Last 10s.)
18:17:18 [SACKS_CHANGE] §6[Sacks] §r§a+1§r§e item§r§e.§r§8 (Last 5s.)
18:17:28 [SACKS_CHANGE] §6[Sacks] §r§a+2§r§e items§r§e.§r§8 (Last 8s.)
18:18:00 [EMPTY] 
18:18:06 [SACKS_CHANGE] §6[Sacks] §r§a+5§r§e items§r§e.§r§8 (Last 14s.)
18:18:27 [SACKS_CHANGE] §6[Sacks] §r§a+3§r§e items§r§e.§r§8 (Last 15s.)
18:18:38 [SACKS_CHANGE] §6[Sacks] §r§a+1§r§e item§r§e.§r§8 (Last 5s.)
18:18:47 [SACKS_CHANGE] §6[Sacks] §r§a+2§r§e items§r§e.§r§8 (Last 6s.)
18:19:02 [SACKS_CHANGE] §6[Sacks] §r§a+1§r§e item§r§e.§r§8 (Last 5s.)
18:19:43 [SACKS_CHANGE] §6[Sacks] §r§a+103§r§e items§r§e.§r§8 (Last 30s.)
18:19:58 [SACKS_CHANGE] §6[Sacks] §r§a+15§r§e items§r§e.§r§8 (Last 8s.)
18:20:17 [SACKS_CHANGE] §6[Sacks] §r§a+4§r§e items§r§e.§r§8 (Last 11s.)
18:20:23 [SACKS_CHANGE] §6[Sacks] §r§a+1§r§e item§r§e.§r§8 (Last 5s.)
18:20:57 [SACKS_CHANGE] §6[Sacks] §r§a+47§r§e items§r§e.§r§8 (Last 26s.)
18:21:30 [SACKS_CHANGE] §6[Sacks] §r§a+7§r§e items§r§e.§r§8 (Last 15s.)
18:21:46 [SACKS_CHANGE] §6[Sacks] §r§a+35§r§e items§r§e.§r§8 (Last 14s.)
18:21:47 [GUILD_EXP] §aYou earned §r§2750 GEXP §r§a+ §r§e2,250 Event EXP §r§afrom playing SkyBlock!
18:22:02 [SACKS_CHANGE] §6[Sacks] §r§a+1§r§e item§r§e.§r§8 (Last 5s.)
18:22:21 [SACKS_CHANGE] §6[Sacks] §r§a+4§r§e items§r§e.§r§8 (Last 10s.)
18:22:34 [SACKS_CHANGE] §6[Sacks] §r§a+3§r§e items§r§e.§r§8 (Last 11s.)
18:22:47 [SACKS_CHANGE] §6[Sacks] §r§a+1§r§e item§r§e.§r§8 (Last 5s.)
18:22:56 [SACKS_CHANGE] §6[Sacks] §r§a+3§r§e items§r§e.§r§8 (Last 8s.)
18:22:57 [EMPTY] 
18:22:59 [EMPTY]  
18:22:59 [EMPTY]  
18:22:59 [EMPTY]  
18:23:08 [SACKS_CHANGE] §6[Sacks] §r§a+12§r§e items§r§e.§r§8 (Last 10s.)
18:23:41 [SACKS_CHANGE] §6[Sacks] §r§a+33§r§e items§r§e.§r§8 (Last 9s.)
18:24:13 [SACKS_CHANGE] §6[Sacks] §r§a+4§r§e items§r§e.§r§8 (Last 17s.)
18:24:32 [SACKS_CHANGE] §6[Sacks] §r§a+1§r§e item§r§e.§r§8 (Last 5s.)
18:24:57 [SACKS_CHANGE] §6[Sacks] §r§a+37§r§e items§r§e.§r§8 (Last 20s.)
18:25:13 [SACKS_CHANGE] §6[Sacks] §r§a+13§r§e items§r§e.§r§8 (Last 5s.)
18:25:32 [SACKS_CHANGE] §6[Sacks] §r§a+1§r§e item§r§e.§r§8 (Last 5s.)
18:26:03 [SACKS_CHANGE] §6[Sacks] §r§a+34§r§e items§r§e.§r§8 (Last 13s.)
18:26:33 [SACKS_CHANGE] §6[Sacks] §r§a+83§r§e items§r§e.§r§8 (Last 25s.)
18:26:47 [SACKS_CHANGE] §6[Sacks] §r§a+3§r§e items§r§e.§r§8 (Last 11s.)
18:26:52 [GUILD_EXP] §aYou earned §r§2750 GEXP §r§a+ §r§e928 Event EXP §r§afrom playing SkyBlock!
18:27:04 [SACKS_CHANGE] §6[Sacks] §r§a+1§r§e item§r§e.§r§8 (Last 5s.)
18:27:15 [SACKS_CHANGE] §6[Sacks] §r§a+1§r§e item§r§e.§r§8 (Last 5s.)
18:27:23 [SACKS_CHANGE] §6[Sacks] §r§a+32§r§e items§r§e.§r§8 (Last 5s.)
18:27:54 [SACKS_CHANGE] §6[Sacks] §r§a+50§r§e items§r§e.§r§8 (Last 30s.)
18:28:01 [SACKS_CHANGE] §6[Sacks] §r§a+1§r§e item§r§e.§r§8 (Last 5s.)
18:28:09 [SACKS_CHANGE] §6[Sacks] §r§a+1§r§e item§r§e.§r§8 (Last 5s.)
18:28:24 [SACKS_CHANGE] §6[Sacks] §r§a+32§r§e items§r§e.§r§8 (Last 5s.)
18:28:37 [SACKS_CHANGE] §6[Sacks] §r§a+1§r§e item§r§e.§r§8 (Last 5s.)
18:28:55 [SACKS_CHANGE] §6[Sacks] §r§a+2§r§e items§r§e.§r§8 (Last 6s.)
18:29:03 [EMPTY] 
18:29:03 [EMPTY] 
18:29:07 [SACKS_CHANGE] §6[Sacks] §r§a+33§r§e items§r§e.§r§8 (Last 9s.)
18:29:19 [SACKS_CHANGE] §6[Sacks] §r§a+3§r§e items§r§e.§r§8 (Last 10s.)
18:29:35 [SACKS_CHANGE] §6[Sacks] §r§a+4§r§e items§r§e.§r§8 (Last 9s.)
18:29:49 [SACKS_CHANGE] §6[Sacks] §r§a+5§r§e items§r§e.§r§8 (Last 12s.)
18:30:02 [SACKS_CHANGE] §6[Sacks] §r§a+2§r§e items§r§e.§r§8 (Last 6s.)
18:30:12 [SACKS_CHANGE] §6[Sacks] §r§a+2§r§e items§r§e.§r§8 (Last 6s.)
18:30:23 [SACKS_CHANGE] §6[Sacks] §r§a+4§r§e items§r§e.§r§8 (Last 10s.)
18:30:43 [SACKS_CHANGE] §6[Sacks] §r§a+2§r§e items§r§e.§r§8 (Last 9s.)
18:30:52 [SACKS_CHANGE] §6[Sacks] §r§a+1§r§e item§r§e.§r§8 (Last 5s.)
18:30:57 [EMPTY] 
18:30:57 [EMPTY] 
18:30:59 [SACKS_CHANGE] §6[Sacks] §r§a+1§r§e item§r§e.§r§8 (Last 5s.)
