17:41:56 §f §r§r§r§f §r§r§r§1 §r§r§r§0 §r§r§r§2 §r§r§r§f §r§r§r§f §r§r§r§2 §r§r§r§0 §r§r§r§4 §r§r§r§3 §r§r§r§9 §r§r§r§2 §r§r§r§0 §r§r§r§0 §r§r§r§3 §r§r§r§9 §r§r§r§2 §r§r§r§0 §r§r§r§0 §r§r§r§3 §r§r§r§9 §r§r§r§2 §r§r§r§0 §r§r§r§0 
17:42:04 §8 §r§8 §r§1 §r§3 §r§3 §r§7 §r§8 
17:42:05 
17:42:05 
17:44:27 §8 §r§8 §r§1 §r§3 §r§3 §r§7 §r§8 
17:44:50 
17:44:50 
17:45:43 
17:45:43 
17:50:52 
17:50:52 
17:51:31 §8 §r§8 §r§1 §r§3 §r§3 §r§7 §r§8 
17:58:11 
18:00:25 
18:01:25  
18:01:25   
18:01:25  
18:01:25   
18:05:26  
18:05:26   
18:06:26  
18:06:26   
18:09:06 
18:10:27  
18:10:27   
18:10:27  
18:10:27   
18:11:27  
18:11:27   
18:11:27  
18:11:27   
18:14:27  
18:14:27   
18:14:27  
18:14:27   
18:15:27  
18:15:27   
18:15:27  
18:15:27   
18:16:27  
18:16:27   
18:16:27  
18:16:27   
18:17:28  
18:17:28   
18:17:28  
18:17:28   
18:18:28  
18:18:28   
18:18:28  
18:18:28   
18:19:28  
18:19:28   
18:19:28  
18:19:28   
18:19:40 
18:19:42  
18:19:42  
18:19:42  
18:20:28  
18:20:28   
18:20:28  
18:20:28   
18:21:28  
18:21:28   
18:21:28  
18:21:28   
18:22:28  
18:22:28   
18:22:28  
18:22:28   
18:23:28  
18:23:28   
18:23:28  
18:23:28   
18:24:28  
18:24:28   
18:24:28  
18:24:28   
18:25:29  
18:25:29   
18:25:29  
18:25:29   
18:26:02 §8 §r§8 §r§1 §r§3 §r§3 §r§7 §r§8 
18:26:05 
18:26:14 §8 §r§8 §r§1 §r§3 §r§3 §r§7 §r§8 
18:26:20  
18:26:20   
18:26:20  
18:26:20   
18:26:40 §8 §r§8 §r§1 §r§3 §r§3 §r§7 §r§8 
18:26:55  
18:26:55   
18:26:55  
18:26:56   
18:29:41 
18:29:41 
18:31:53 
18:31:53 
18:55:35 
18:55:35 
18:57:14 §8 §r§8 §r§1 §r§3 §r§3 §r§7 §r§8 
18:57:43 §8 §r§8 §r§1 §r§3 §r§3 §r§7 §r§8 
18:59:36 
18:59:36 
18:59:36  
19:01:41 
19:01:41 §c
19:03:35  
19:03:51  
19:04:00  
19:04:15  
19:04:29  
19:04:59  
19:05:02  
19:05:10  
19:05:10  
19:06:16 
19:06:16 
19:07:26 
19:07:26 
19:07:26  
19:11:21 
19:11:21 
19:12:22 
19:12:22 
19:22:18 
19:22:18 
19:25:14 
19:25:14 
19:26:07 
19:26:07 
19:29:49 
19:29:49 
19:30:45 
19:30:45 
19:35:16 
19:35:16 
19:36:30 
19:36:30 
