17:42:08 §bNew day! §r§eYour §r§2Lottery §r§ebuff changed!
17:42:08 §eNew buff§r§r§r: §r§fGain §r§a+50 §r§6☘ Fig Fortune§r§f.
17:42:08 §8§oYou can disable this messaging by toggling Lottery in your /hotf!
17:44:32 §bNew day! §r§eYour §r§2Lottery §r§ebuff changed!
17:44:32 §eNew buff§r§r§r: §r§fGain §r§a+50 §r§6☘ Fig Fortune§r§f.
17:44:32 §8§oYou can disable this messaging by toggling Lottery in your /hotf!
17:51:35 §bNew day! §r§eYour §r§2Lottery §r§ebuff changed!
17:51:35 §eNew buff§r§r§r: §r§fGain §r§a+50 §r§6☘ Fig Fortune§r§f.
17:51:35 §8§oYou can disable this messaging by toggling Lottery in your /hotf!
17:55:01 §bNew day! §r§eYour §r§2Lottery §r§ebuff changed!
17:55:01 §eNew buff§r§r§r: §r§fGain §r§a+50 §r§6☘ Fig Fortune§r§f.
17:55:01 §8§oYou can disable this messaging by toggling Lottery in your /hotf!
18:15:01 §bNew day! §r§eYour §r§2Lottery §r§ebuff changed!
18:15:01 §eNew buff§r§r§r: §r§fGain §r§a+50 §r§6☘ Fig Fortune§r§f.
18:15:01 §8§oYou can disable this messaging by toggling Lottery in your /hotf!
18:26:06 §bNew day! §r§eYour §r§2Lottery §r§ebuff changed!
18:26:06 §eNew buff§r§r§r: §r§fGain §r§a+50 §r§6☘ Fig Fortune§r§f.
18:26:06 §8§oYou can disable this messaging by toggling Lottery in your /hotf!
18:26:44 §bNew day! §r§eYour §r§2Lottery §r§ebuff changed!
18:26:44 §eNew buff§r§r§r: §r§fGain §r§a+50 §r§6☘ Fig Fortune§r§f.
18:26:44 §8§oYou can disable this messaging by toggling Lottery in your /hotf!
18:35:00 §bNew day! §r§eYour §r§2Lottery §r§ebuff changed!
18:35:00 §eNew buff§r§r§r: §r§fGain §r§a+5% §r§2∮ Sweep§r§f.
18:35:00 §8§oYou can disable this messaging by toggling Lottery in your /hotf!
18:55:01 §bNew day! §r§eYour §r§2Lottery §r§ebuff changed!
18:55:01 §eNew buff§r§r§r: §r§fGain §r§a+5% §r§2∮ Sweep§r§f.
18:55:01 §8§oYou can disable this messaging by toggling Lottery in your /hotf!
18:57:19 §bNew day! §r§eYour §r§2Lottery §r§ebuff changed!
18:57:19 §eNew buff§r§r§r: §r§fGain §r§a+5% §r§2∮ Sweep§r§f.
18:57:19 §8§oYou can disable this messaging by toggling Lottery in your /hotf!
18:57:48 §bNew day! §r§eYour §r§2Lottery §r§ebuff changed!
18:57:48 §eNew buff§r§r§r: §r§fGain §r§a+5% §r§2∮ Sweep§r§f.
18:57:48 §8§oYou can disable this messaging by toggling Lottery in your /hotf!
19:15:00 §bNew day! §r§eYour §r§2Lottery §r§ebuff changed!
19:15:00 §eNew buff§r§r§r: §r§fGain §r§a+5% §r§2∮ Sweep§r§f.
19:15:00 §8§oYou can disable this messaging by toggling Lottery in your /hotf!
19:35:01 §bNew day! §r§eYour §r§2Lottery §r§ebuff changed!
19:35:01 §eNew buff§r§r§r: §r§fGain §r§a+50 §r§6☘ Mangrove Fortune§r§f.
19:35:01 §8§oYou can disable this messaging by toggling Lottery in your /hotf!
