20:50:01 §e[SkyHanni] Reloaded 7,560 items in the NEU repo
20:57:13 §6§lBESTIARY §r§b§lSea Witch §7§85 §8➡§b §b6
20:58:20 §6§lBESTIARY §r§b§lAgarimoo §7§81 §8➡§b §b2
20:59:00 §6§lBESTIARY §r§b§lWater Hydra §7§b1
20:59:03 §6§lBESTIARY §r§b§lDumpster Diver §7§88 §8➡§b §b9
20:59:15 §6§lBESTIARY §r§b§lAgarimoo §7§82 §8➡§b §b3
20:59:47 §6§lBESTIARY §r§b§lSnapping Turtle §7§b1
20:59:58 §6§lBESTIARY §r§b§lCatfish §7§85 §8➡§b §b6
21:00:30 §6§lBESTIARY §r§b§lWater Hydra §7§81 §8➡§b §b2
21:00:42 §6§lBESTIARY §r§b§lGuardian Defender §7§82 §8➡§b §b3
21:01:07 §6§lBESTIARY MILESTONE §890➡§e91
21:01:07 §6§lBESTIARY MILESTONE §890➡§e91
21:01:07 §6§lBESTIARY MILESTONE §890➡§e91
21:01:07 §6§lBESTIARY MILESTONE §890➡§e91
21:01:07 §6§lBESTIARY MILESTONE §890➡§e91
21:01:50 §6§lBESTIARY §r§b§lAgarimoo §7§83 §8➡§b §b4
21:04:09 §6§lBESTIARY §r§b§lAgarimoo §7§84 §8➡§b §b5
21:04:46 §6§lBESTIARY §r§b§lTrash Gobbler §7§89 §8➡§b §b10
21:05:25 §6§lBESTIARY §r§b§lFrog Man §7§b1
21:06:10 §6§lBESTIARY §r§b§lRider of the Deep §7§85 §8➡§b §b6
21:06:35 §6§lBESTIARY §r§b§lBanshee §7§87 §8➡§b §b8
21:26:58 §6§lBESTIARY §r§b§lMagma Cube §7§87 §8➡§b §b8
21:38:00 §6§lBESTIARY §r§b§lMagma Cube §7§88 §8➡§b §b9
21:42:55 §6§lBESTIARY §r§b§lMatcho §7§b1
21:45:18 §e[SkyHanni] Low on arrows §e(100 left)
22:00:23 §6§lBESTIARY MILESTONE §891➡§e92
22:00:23 §6§lBESTIARY MILESTONE §891➡§e92
22:00:23 §6§lBESTIARY MILESTONE §891➡§e92
22:00:23 §6§lBESTIARY MILESTONE §891➡§e92
22:00:23 §6§lBESTIARY MILESTONE §891➡§e92
22:14:58 §6§lBESTIARY §r§b§lMagma Cube §7§89 §8➡§b §b10
22:19:40 §e[SkyHanni] It took §b§e9s§e to kill §aVoidgloom Seraph 1.
22:24:02 §e[SkyHanni] It took §b§e3s§e to kill §4Voidgloom Seraph 4.
22:26:52 §e[SkyHanni] It took §b§e11s§e to kill §aVoidgloom Seraph 1.
22:31:08 §e[SkyHanni] It took §b§e54s§e to kill §4Voidgloom Seraph 4.
22:32:55 §e[SkyHanni] It took §b§e31s§e to kill §eVoidgloom Seraph 2.
22:33:40 §e[SkyHanni] It took §b§e12s§e to kill §aVoidgloom Seraph 1.
22:35:13 §e[SkyHanni] It took §b§e11s§e to kill §aVoidgloom Seraph 1.
22:35:35 §e[SkyHanni] It took §b§e16s§e to kill §eVoidgloom Seraph 2.
22:37:25 §e[SkyHanni] It took §b§e31s§e to kill §eVoidgloom Seraph 2.
22:38:10 §e[SkyHanni] It took §b§e44s§e to kill §eVoidgloom Seraph 2.
22:38:17 §e[SkyHanni] It took §b§e13s§e to kill §aVoidgloom Seraph 1.
22:39:27 §e[SkyHanni] It took §b§e12s§e to kill §aVoidgloom Seraph 1.
22:41:01 §e[SkyHanni] It took §b§e56s§e to kill §eVoidgloom Seraph 2.
22:43:29 §e[SkyHanni] It took §b§e13s§e to kill §aVoidgloom Seraph 1.
22:43:29 §e[SkyHanni] It took §b§e52s§e to kill §eVoidgloom Seraph 2.
22:44:41 §e[SkyHanni] It took §b§e6s§e to kill §aVoidgloom Seraph 1.
22:46:39 §e[SkyHanni] It took §b§e41s§e to kill §eVoidgloom Seraph 2.
22:49:01 §e[SkyHanni] It took §b§e12s§e to kill §aVoidgloom Seraph 1.
22:49:06 §e[SkyHanni] It took §b§e34s§e to kill §4Voidgloom Seraph 4.
22:50:08 §e[SkyHanni] It took §b§e6s§e to kill §aVoidgloom Seraph 1.
22:51:11 §e[SkyHanni] It took §b§e42s§e to kill §eVoidgloom Seraph 2.
22:52:20 §e[SkyHanni] It took §b§e9s§e to kill §eVoidgloom Seraph 2.
22:52:26 §e[SkyHanni] It took §b§e9s§e to kill §aVoidgloom Seraph 1.
22:53:42 §e[SkyHanni] It took §b§e1m 3s§e to kill §eVoidgloom Seraph 2.
22:54:39 §e[SkyHanni] It took §b§e25s§e to kill §aVoidgloom Seraph 1.
23:07:40 §e[SkyHanni] It took §b§e8s§e to kill §aVoidgloom Seraph 1.
23:18:12 §6§lBESTIARY §r§b§lSpider §7§82 §8➡§b §b3
23:18:13 §6§lBESTIARY §r§b§lSkeleton §7§82 §8➡§b §b3
23:28:51 §e[SkyHanni] It took §b§e27s§e to kill §aVoidgloom Seraph 1.
23:31:11 §6§lBESTIARY §r§b§lMushroom Cow §7§b1
23:32:30 §6§lBESTIARY §r§b§lMushroom Cow §7§81 §8➡§b §b2
23:33:50 §6§lBESTIARY §r§b§lMushroom Cow §7§82 §8➡§b §b3
23:36:57 §6§lBESTIARY §r§b§lMushroom Cow §7§83 §8➡§b §b4
23:46:59 §6§lBESTIARY §r§b§lMushroom Cow §7§84 §8➡§b §b5
23:54:21 §6§lBESTIARY §r§b§lSoul of the Alpha §7§81 §8➡§b §b2
23:54:40 §6§lBESTIARY MILESTONE §892➡§e93
23:54:40 §6§lBESTIARY MILESTONE §892➡§e93
23:54:40 §6§lBESTIARY MILESTONE §892➡§e93
23:54:40 §6§lBESTIARY MILESTONE §892➡§e93
23:54:40 §6§lBESTIARY MILESTONE §892➡§e93
23:55:00 §6§lBESTIARY §r§b§lHowling Spirit §7§83 §8➡§b §b4
23:55:15 §6§lBESTIARY §r§b§lSoul of the Alpha §7§82 §8➡§b §b3
23:56:46 §6§lBESTIARY §r§b§lSoul of the Alpha §7§83 §8➡§b §b4
23:56:47 §6§lBESTIARY §r§b§lHowling Spirit §7§84 §8➡§b §b5
23:57:12 §6§lBESTIARY §r§b§lPack Spirit §7§85 §8➡§b §b6
23:58:37 §6§lBESTIARY §r§b§lSoul of the Alpha §7§84 §8➡§b §b5
23:59:09 §e[SkyHanni] Low on arrows §e(100 left)
00:00:03 §e[SkyHanni] Low on arrows §e(93 left)
00:00:35 §e[SkyHanni] Low on arrows §e(87 left)
00:00:35 §6§lBESTIARY §r§b§lHowling Spirit §7§85 §8➡§b §b6
00:00:53 §6§lBESTIARY §r§b§lSoul of the Alpha §7§85 §8➡§b §b6
00:01:14 §e[SkyHanni] Low on arrows §e(83 left)
00:01:31 §6§lBESTIARY §r§b§lPack Spirit §7§86 §8➡§b §b7
00:02:59 §6§lBESTIARY MILESTONE §893➡§e94
00:02:59 §6§lBESTIARY MILESTONE §893➡§e94
00:02:59 §6§lBESTIARY MILESTONE §893➡§e94
00:02:59 §6§lBESTIARY MILESTONE §893➡§e94
00:02:59 §6§lBESTIARY MILESTONE §893➡§e94
