21:45:11 [EMPTY] §f §r§r§r§f §r§r§r§1 §r§r§r§0 §r§r§r§2 §r§r§r§f §r§r§r§f §r§r§r§2 §r§r§r§0 §r§r§r§4 §r§r§r§3 §r§r§r§9 §r§r§r§2 §r§r§r§0 §r§r§r§0 §r§r§r§3 §r§r§r§9 §r§r§r§2 §r§r§r§0 §r§r§r§0 §r§r§r§3 §r§r§r§9 §r§r§r§2 §r§r§r§0 §r§r§r§0 
21:45:32 [EVENT] ▬▬▬▬▬▬▬▬▬▬▬▬▬▬▬▬▬▬▬▬▬▬▬▬▬▬▬▬▬▬▬▬▬▬▬▬▬▬▬▬▬▬▬▬▬▬▬▬▬▬▬▬▬▬▬▬▬▬▬▬▬▬▬▬
21:45:32 [EVENT]                                 §r§a§k#§r§6 LEVEL UP! §r§a§k#
21:45:32 [EMPTY] 
21:45:32 [EMPTY] 
21:45:32 [EMPTY] 
21:45:32 [EVENT] ▬▬▬▬▬▬▬▬▬▬▬▬▬▬▬▬▬▬▬▬▬▬▬▬▬▬▬▬▬▬▬▬▬▬▬▬▬▬▬▬▬▬▬▬▬▬▬▬▬▬▬▬▬▬▬▬▬▬▬▬▬▬▬▬
21:46:09 [EMPTY] §8 §r§8 §r§1 §r§3 §r§3 §r§7 §r§8 
21:46:12 [EMPTY] 
21:46:12 [WELCOME] §eWelcome to §r§aHypixel SkyBlock§r§e!
21:46:12 [EMPTY] 
21:46:12 [PROFILE_JOIN] §aYou are playing on profile: §eLemon§b (Co-op)
21:46:12 [PROFILE_JOIN] §8Profile ID: 62b760d8-92b6-4501-ada0-1fd8583f5266
21:46:18 [EMPTY]                                         
21:46:18 [EMPTY]                                         
21:47:20 [EMPTY] §8 §r§8 §r§1 §r§3 §r§3 §r§7 §r§8 
21:47:24 [PROFILE_JOIN] §aYou are playing on profile: §eLemon§b (Co-op)
21:47:24 [PROFILE_JOIN] §8Profile ID: 62b760d8-92b6-4501-ada0-1fd8583f5266
21:47:31 [EMPTY] §8 §r§8 §r§1 §r§3 §r§3 §r§7 §r§8 
21:47:34 [PROFILE_JOIN] §aYou are playing on profile: §eLemon§b (Co-op)
21:47:34 [PROFILE_JOIN] §8Profile ID: 62b760d8-92b6-4501-ada0-1fd8583f5266
21:47:36 [EMPTY] §8 §r§8 §r§1 §r§3 §r§3 §r§7 §r§8 
21:47:39 [PROFILE_JOIN] §aYou are playing on profile: §eLemon§b (Co-op)
21:47:39 [PROFILE_JOIN] §8Profile ID: 62b760d8-92b6-4501-ada0-1fd8583f5266
21:47:55 [EMPTY] §8 §r§8 §r§1 §r§3 §r§3 §r§7 §r§8 
21:47:58 [EMPTY] §8 §r§8 §r§1 §r§3 §r§3 §r§7 §r§8 
21:48:02 [PROFILE_JOIN] §aYou are playing on profile: §eLemon§b (Co-op)
21:48:02 [PROFILE_JOIN] §8Profile ID: 62b760d8-92b6-4501-ada0-1fd8583f5266
21:48:07 [EMPTY] §8 §r§8 §r§1 §r§3 §r§3 §r§7 §r§8 
21:48:16 [PROFILE_JOIN] §aYou are playing on profile: §eLemon§b (Co-op)
21:48:16 [PROFILE_JOIN] §8Profile ID: 62b760d8-92b6-4501-ada0-1fd8583f5266
21:48:58 [EMPTY] 
21:50:07 [SACKS_CHANGE] §6[Sacks] §r§a+1,501§r§e items§r§e.§r§8 (Last 30s.)
21:50:23 [SACKS_CHANGE] §6[Sacks] §r§a+343§r§e items§r§e.§r§8 (Last 11s.)
21:50:51 [SACKS_CHANGE] §6[Sacks] §r§a+594§r§e items§r§e.§r§8 (Last 13s.)
21:51:14 [SACKS_CHANGE] §6[Sacks] §r§a+689§r§e items§r§e.§r§8 (Last 14s.)
21:51:27 [SACKS_CHANGE] §6[Sacks] §r§a+23§r§e items§r§e.§r§8 (Last 5s.)
21:52:36 [SACKS_CHANGE] §6[Sacks] §r§a+119§r§e items§r§e.§r§8 (Last 11s.)
21:58:15 [GUILD_EXP] §aYou earned §r§2436 GEXP §r§afrom playing SkyBlock!
22:04:04 [EMPTY]  
22:04:04 [BESTIARY] §f                                  §6§lBESTIARY
22:04:04 [BESTIARY] §f                            §b§lAutomaton §7§89 §8➡§b §b10
22:04:04 [BESTIARY] 
22:04:04 [BESTIARY]                                   §r§6§lREWARDS
22:04:04 [BESTIARY]                         §r§8+§r§a3 Automaton §r§b✯ Magic Find
22:04:04 [BESTIARY]                         §r§8+§r§a3 Automaton §r§c❁ Strength
22:04:04 [BESTIARY]                             §r§8+§r§62% §r§aAutomaton §r§7coins
22:04:04 [BESTIARY]                     §r§8+§r§a50% §r§7chance for extra XP orbs
22:04:04 [BESTIARY]                                §r§8+§r§b1 SkyBlock XP
22:04:04 [BESTIARY] 
22:04:04 [BESTIARY] §3§l▬▬▬▬▬▬▬▬▬▬▬▬▬▬▬▬▬▬▬▬▬▬▬▬▬▬▬▬▬▬▬▬▬▬▬▬▬▬▬▬▬▬▬▬▬▬▬▬▬▬▬▬▬▬▬▬▬▬▬▬▬▬▬▬
22:05:25 [EMPTY]                                         
22:06:09 [SACKS_CHANGE] §6[Sacks] §r§a+529§r§e items§r§e.§r§8 (Last 30s.)
22:06:20 [SACKS_CHANGE] §6[Sacks] §r§a+74§r§e items§r§e.§r§8 (Last 9s.)
22:07:00 [SACKS_CHANGE] §6[Sacks] §r§a+440§r§e items§r§e.§r§8 (Last 30s.)
22:07:09 [EMPTY] 
22:07:33 [EMPTY] 
22:07:41 [GUILD_EXP] §aYou earned §r§2105 GEXP §r§afrom playing SkyBlock!
22:07:56 [SACKS_CHANGE] §6[Sacks] §r§a+140§r§e items§r§e.§r§8 (Last 7s.)
22:10:20 [SACKS_CHANGE] §6[Sacks] §r§c-1,024§r§e items§r§e.§r§8 (Last 5s.)
22:10:48 [SACKS_CHANGE] §6[Sacks] §r§a+260§r§e items§r§e, §r§c-2,396§r§e items§r§e.§r§8 (Last 10s.)
22:12:25 [SACKS_CHANGE] §6[Sacks] §r§a+20§r§e items§r§e.§r§8 (Last 5s.)
22:12:50 [SACKS_CHANGE] §6[Sacks] §r§a+19§r§e items§r§e.§r§8 (Last 5s.)
22:13:20 [SACKS_CHANGE] §6[Sacks] §r§a+18§r§e items§r§e.§r§8 (Last 5s.)
22:13:33 [SACKS_CHANGE] §6[Sacks] §r§a+57§r§e items§r§e.§r§8 (Last 10s.)
22:13:45 [SACKS_CHANGE] §6[Sacks] §r§a+23§r§e items§r§e.§r§8 (Last 5s.)
22:14:20 [SACKS_CHANGE] §6[Sacks] §r§a+47§r§e items§r§e.§r§8 (Last 12s.)
22:14:25 [GUILD_EXP] §aYou earned §r§2443 GEXP §r§afrom playing SkyBlock!
22:14:47 [SACKS_CHANGE] §6[Sacks] §r§a+17§r§e items§r§e.§r§8 (Last 7s.)
22:14:53 [SACKS_CHANGE] §6[Sacks] §r§a+3§r§e items§r§e.§r§8 (Last 5s.)
22:15:09 [SACKS_CHANGE] §6[Sacks] §r§a+54§r§e items§r§e.§r§8 (Last 14s.)
22:15:34 [SACKS_CHANGE] §6[Sacks] §r§a+64§r§e items§r§e.§r§8 (Last 20s.)
22:15:53 [EMPTY] 
22:15:53 [SACKS_CHANGE] §6[Sacks] §r§a+19§r§e items§r§e.§r§8 (Last 16s.)
22:16:34 [EMPTY] 
22:16:39 [SACKS_CHANGE] §6[Sacks] §r§a+98§r§e items§r§e.§r§8 (Last 5s.)
22:17:04 [EMPTY] 
22:17:46 [SACKS_CHANGE] §6[Sacks] §r§a+222§r§e items§r§e.§r§8 (Last 15s.)
22:18:09 [EMPTY] §8 §r§8 §r§1 §r§3 §r§3 §r§7 §r§8 
22:18:12 [PROFILE_JOIN] §aYou are playing on profile: §eLemon§b (Co-op)
22:18:12 [PROFILE_JOIN] §8Profile ID: 62b760d8-92b6-4501-ada0-1fd8583f5266
22:19:35 [EMPTY] §f §r§r§r§f §r§r§r§1 §r§r§r§0 §r§r§r§2 §r§r§r§f §r§r§r§f §r§r§r§2 §r§r§r§0 §r§r§r§4 §r§r§r§3 §r§r§r§9 §r§r§r§2 §r§r§r§0 §r§r§r§0 §r§r§r§3 §r§r§r§9 §r§r§r§2 §r§r§r§0 §r§r§r§0 §r§r§r§3 §r§r§r§9 §r§r§r§2 §r§r§r§0 §r§r§r§0 
22:20:41 [EMPTY] §8 §r§8 §r§1 §r§3 §r§3 §r§7 §r§8 
22:20:44 [EMPTY] 
22:20:44 [WELCOME] §eWelcome to §r§aHypixel SkyBlock§r§e!
22:20:44 [EMPTY] 
22:20:44 [PROFILE_JOIN] §aYou are playing on profile: §eLemon§b (Co-op)
22:20:44 [PROFILE_JOIN] §8Profile ID: 62b760d8-92b6-4501-ada0-1fd8583f5266
22:20:51 [EMPTY] §8 §r§8 §r§1 §r§3 §r§3 §r§7 §r§8 
22:20:54 [PROFILE_JOIN] §aYou are playing on profile: §eLemon§b (Co-op)
22:20:54 [PROFILE_JOIN] §8Profile ID: 62b760d8-92b6-4501-ada0-1fd8583f5266
22:21:40 [SACKS_CHANGE] §6[Sacks] §r§a+4§r§e items§r§e.§r§8 (Last 6s.)
22:23:08 [EMPTY] 
22:23:11 [EMPTY] 
22:23:12 [EMPTY] 
22:23:14 [EMPTY] 
22:23:15 [EMPTY] 
22:23:16 [EMPTY] 
22:23:21 [EMPTY] 
22:23:39 [EMPTY] 
22:23:45 [EMPTY] 
22:24:11 [EMPTY] 
22:25:13 [EMPTY] §8 §r§8 §r§1 §r§3 §r§3 §r§7 §r§8 
22:25:16 [PROFILE_JOIN] §aYou are playing on profile: §eLemon§b (Co-op)
22:25:16 [PROFILE_JOIN] §8Profile ID: 62b760d8-92b6-4501-ada0-1fd8583f5266
22:25:43 [SACKS_CHANGE] §6[Sacks] §r§a+8§r§e items§r§e.§r§8 (Last 8s.)
22:28:22 [EMPTY] §8 §r§8 §r§1 §r§3 §r§3 §r§7 §r§8 
22:28:26 [PROFILE_JOIN] §aYou are playing on profile: §eLemon§b (Co-op)
22:28:26 [PROFILE_JOIN] §8Profile ID: 62b760d8-92b6-4501-ada0-1fd8583f5266
22:28:28 [EMPTY] §8 §r§8 §r§1 §r§3 §r§3 §r§7 §r§8 
22:28:31 [PROFILE_JOIN] §aYou are playing on profile: §eLemon§b (Co-op)
22:28:31 [PROFILE_JOIN] §8Profile ID: 62b760d8-92b6-4501-ada0-1fd8583f5266
22:28:34 [EMPTY] §8 §r§8 §r§1 §r§3 §r§3 §r§7 §r§8 
22:28:37 [PROFILE_JOIN] §aYou are playing on profile: §eLemon§b (Co-op)
22:28:37 [PROFILE_JOIN] §8Profile ID: 62b760d8-92b6-4501-ada0-1fd8583f5266
22:28:51 [EMPTY] §8 §r§8 §r§1 §r§3 §r§3 §r§7 §r§8 
22:28:54 [PROFILE_JOIN] §aYou are playing on profile: §eLemon§b (Co-op)
22:28:54 [PROFILE_JOIN] §8Profile ID: 62b760d8-92b6-4501-ada0-1fd8583f5266
22:28:55 [EMPTY] §8 §r§8 §r§1 §r§3 §r§3 §r§7 §r§8 
22:28:58 [PROFILE_JOIN] §aYou are playing on profile: §eLemon§b (Co-op)
22:28:58 [PROFILE_JOIN] §8Profile ID: 62b760d8-92b6-4501-ada0-1fd8583f5266
22:29:03 [EMPTY] §8 §r§8 §r§1 §r§3 §r§3 §r§7 §r§8 
22:29:07 [PROFILE_JOIN] §aYou are playing on profile: §eLemon§b (Co-op)
22:29:07 [PROFILE_JOIN] §8Profile ID: 62b760d8-92b6-4501-ada0-1fd8583f5266
22:29:07 [EMPTY] §8 §r§8 §r§1 §r§3 §r§3 §r§7 §r§8 
22:29:10 [PROFILE_JOIN] §aYou are playing on profile: §eLemon§b (Co-op)
22:29:10 [PROFILE_JOIN] §8Profile ID: 62b760d8-92b6-4501-ada0-1fd8583f5266
22:29:17 [EMPTY] §8 §r§8 §r§1 §r§3 §r§3 §r§7 §r§8 
22:29:20 [EMPTY] §8 §r§8 §r§1 §r§3 §r§3 §r§7 §r§8 
22:29:23 [PROFILE_JOIN] §aYou are playing on profile: §eLemon§b (Co-op)
22:29:23 [PROFILE_JOIN] §8Profile ID: 62b760d8-92b6-4501-ada0-1fd8583f5266
22:29:44 [EMPTY] §8 §r§8 §r§1 §r§3 §r§3 §r§7 §r§8 
22:29:47 [PROFILE_JOIN] §aYou are playing on profile: §eLemon§b (Co-op)
22:29:47 [PROFILE_JOIN] §8Profile ID: 62b760d8-92b6-4501-ada0-1fd8583f5266
22:29:49 [EMPTY] §8 §r§8 §r§1 §r§3 §r§3 §r§7 §r§8 
22:29:52 [PROFILE_JOIN] §aYou are playing on profile: §eLemon§b (Co-op)
22:29:52 [PROFILE_JOIN] §8Profile ID: 62b760d8-92b6-4501-ada0-1fd8583f5266
22:29:55 [EMPTY] §8 §r§8 §r§1 §r§3 §r§3 §r§7 §r§8 
22:29:59 [PROFILE_JOIN] §aYou are playing on profile: §eLemon§b (Co-op)
22:29:59 [PROFILE_JOIN] §8Profile ID: 62b760d8-92b6-4501-ada0-1fd8583f5266
22:30:01 [EMPTY] §8 §r§8 §r§1 §r§3 §r§3 §r§7 §r§8 
22:30:05 [PROFILE_JOIN] §aYou are playing on profile: §eLemon§b (Co-op)
22:30:05 [PROFILE_JOIN] §8Profile ID: 62b760d8-92b6-4501-ada0-1fd8583f5266
22:30:11 [EMPTY] §8 §r§8 §r§1 §r§3 §r§3 §r§7 §r§8 
22:30:15 [PROFILE_JOIN] §aYou are playing on profile: §eLemon§b (Co-op)
22:30:15 [PROFILE_JOIN] §8Profile ID: 62b760d8-92b6-4501-ada0-1fd8583f5266
22:30:15 [EMPTY] §8 §r§8 §r§1 §r§3 §r§3 §r§7 §r§8 
22:30:19 [PROFILE_JOIN] §aYou are playing on profile: §eLemon§b (Co-op)
22:30:19 [PROFILE_JOIN] §8Profile ID: 62b760d8-92b6-4501-ada0-1fd8583f5266
22:30:31 [EMPTY] §8 §r§8 §r§1 §r§3 §r§3 §r§7 §r§8 
22:30:35 [PROFILE_JOIN] §aYou are playing on profile: §eLemon§b (Co-op)
22:30:35 [PROFILE_JOIN] §8Profile ID: 62b760d8-92b6-4501-ada0-1fd8583f5266
22:30:35 [EMPTY] §8 §r§8 §r§1 §r§3 §r§3 §r§7 §r§8 
22:30:39 [PROFILE_JOIN] §aYou are playing on profile: §eLemon§b (Co-op)
22:30:39 [PROFILE_JOIN] §8Profile ID: 62b760d8-92b6-4501-ada0-1fd8583f5266
22:30:44 [EMPTY] §8 §r§8 §r§1 §r§3 §r§3 §r§7 §r§8 
22:30:48 [PROFILE_JOIN] §aYou are playing on profile: §eLemon§b (Co-op)
22:30:48 [PROFILE_JOIN] §8Profile ID: 62b760d8-92b6-4501-ada0-1fd8583f5266
22:30:49 [EMPTY] §8 §r§8 §r§1 §r§3 §r§3 §r§7 §r§8 
22:30:52 [PROFILE_JOIN] §aYou are playing on profile: §eLemon§b (Co-op)
22:30:52 [PROFILE_JOIN] §8Profile ID: 62b760d8-92b6-4501-ada0-1fd8583f5266
22:30:57 [EMPTY] §8 §r§8 §r§1 §r§3 §r§3 §r§7 §r§8 
22:31:01 [PROFILE_JOIN] §aYou are playing on profile: §eLemon§b (Co-op)
22:31:01 [PROFILE_JOIN] §8Profile ID: 62b760d8-92b6-4501-ada0-1fd8583f5266
22:31:04 [EMPTY] §8 §r§8 §r§1 §r§3 §r§3 §r§7 §r§8 
22:31:08 [PROFILE_JOIN] §aYou are playing on profile: §eLemon§b (Co-op)
22:31:08 [PROFILE_JOIN] §8Profile ID: 62b760d8-92b6-4501-ada0-1fd8583f5266
22:32:09 [EMPTY] §8 §r§8 §r§1 §r§3 §r§3 §r§7 §r§8 
22:32:13 [PROFILE_JOIN] §aYou are playing on profile: §eLemon§b (Co-op)
22:32:13 [PROFILE_JOIN] §8Profile ID: 62b760d8-92b6-4501-ada0-1fd8583f5266
22:32:14 [EMPTY] §8 §r§8 §r§1 §r§3 §r§3 §r§7 §r§8 
22:32:17 [PROFILE_JOIN] §aYou are playing on profile: §eLemon§b (Co-op)
22:32:17 [PROFILE_JOIN] §8Profile ID: 62b760d8-92b6-4501-ada0-1fd8583f5266
22:32:25 [EMPTY] §8 §r§8 §r§1 §r§3 §r§3 §r§7 §r§8 
22:32:28 [PROFILE_JOIN] §aYou are playing on profile: §eLemon§b (Co-op)
22:32:28 [PROFILE_JOIN] §8Profile ID: 62b760d8-92b6-4501-ada0-1fd8583f5266
22:32:29 [EMPTY] §8 §r§8 §r§1 §r§3 §r§3 §r§7 §r§8 
22:32:32 [PROFILE_JOIN] §aYou are playing on profile: §eLemon§b (Co-op)
22:32:32 [PROFILE_JOIN] §8Profile ID: 62b760d8-92b6-4501-ada0-1fd8583f5266
22:32:39 [EMPTY] §8 §r§8 §r§1 §r§3 §r§3 §r§7 §r§8 
22:32:42 [PROFILE_JOIN] §aYou are playing on profile: §eLemon§b (Co-op)
22:32:42 [PROFILE_JOIN] §8Profile ID: 62b760d8-92b6-4501-ada0-1fd8583f5266
22:32:43 [EMPTY] §8 §r§8 §r§1 §r§3 §r§3 §r§7 §r§8 
22:32:47 [PROFILE_JOIN] §aYou are playing on profile: §eLemon§b (Co-op)
22:32:47 [PROFILE_JOIN] §8Profile ID: 62b760d8-92b6-4501-ada0-1fd8583f5266
22:33:14 [EMPTY] §8 §r§8 §r§1 §r§3 §r§3 §r§7 §r§8 
22:33:17 [PROFILE_JOIN] §aYou are playing on profile: §eLemon§b (Co-op)
22:33:17 [PROFILE_JOIN] §8Profile ID: 62b760d8-92b6-4501-ada0-1fd8583f5266
22:33:20 [EMPTY] §8 §r§8 §r§1 §r§3 §r§3 §r§7 §r§8 
22:33:23 [PROFILE_JOIN] §aYou are playing on profile: §eLemon§b (Co-op)
22:33:23 [PROFILE_JOIN] §8Profile ID: 62b760d8-92b6-4501-ada0-1fd8583f5266
22:33:29 [EMPTY] §8 §r§8 §r§1 §r§3 §r§3 §r§7 §r§8 
22:33:32 [PROFILE_JOIN] §aYou are playing on profile: §eLemon§b (Co-op)
22:33:32 [PROFILE_JOIN] §8Profile ID: 62b760d8-92b6-4501-ada0-1fd8583f5266
22:34:39 [SACKS_CHANGE] §6[Sacks] §r§a+29§r§e items§r§e.§r§8 (Last 19s.)
22:34:52 [SACKS_CHANGE] §6[Sacks] §r§a+10§r§e items§r§e.§r§8 (Last 9s.)
22:35:23 [SACKS_CHANGE] §6[Sacks] §r§a+81§r§e items§r§e.§r§8 (Last 30s.)
22:35:31 [SACKS_CHANGE] §6[Sacks] §r§a+4§r§e items§r§e.§r§8 (Last 5s.)
22:35:47 [SACKS_CHANGE] §6[Sacks] §r§a+15§r§e items§r§e.§r§8 (Last 10s.)
22:36:00 [SACKS_CHANGE] §6[Sacks] §r§a+13§r§e items§r§e.§r§8 (Last 11s.)
22:36:20 [SACKS_CHANGE] §6[Sacks] §r§a+20§r§e items§r§e.§r§8 (Last 10s.)
22:36:27 [SACKS_CHANGE] §6[Sacks] §r§a+4§r§e items§r§e.§r§8 (Last 5s.)
22:36:48 [GUILD_EXP] §aYou earned §r§2325 GEXP §r§afrom playing SkyBlock!
22:37:05 [SACKS_CHANGE] §6[Sacks] §r§a+55§r§e items§r§e.§r§8 (Last 30s.)
22:37:12 [SACKS_CHANGE] §6[Sacks] §r§a+6§r§e items§r§e.§r§8 (Last 5s.)
22:37:28 [SACKS_CHANGE] §6[Sacks] §r§a+3§r§e items§r§e.§r§8 (Last 5s.)
22:38:00 [SACKS_CHANGE] §6[Sacks] §r§a+56§r§e items§r§e.§r§8 (Last 30s.)
22:38:10 [SACKS_CHANGE] §6[Sacks] §r§a+14§r§e items§r§e.§r§8 (Last 9s.)
22:38:44 [SACKS_CHANGE] §6[Sacks] §r§a+43§r§e items§r§e.§r§8 (Last 30s.)
22:38:56 [EMPTY] §8 §r§8 §r§1 §r§3 §r§3 §r§7 §r§8 
22:38:59 [PROFILE_JOIN] §aYou are playing on profile: §eLemon§b (Co-op)
22:38:59 [PROFILE_JOIN] §8Profile ID: 62b760d8-92b6-4501-ada0-1fd8583f5266
22:39:09 [EMPTY] §8 §r§8 §r§1 §r§3 §r§3 §r§7 §r§8 
22:39:13 [PROFILE_JOIN] §aYou are playing on profile: §eLemon§b (Co-op)
22:39:13 [PROFILE_JOIN] §8Profile ID: 62b760d8-92b6-4501-ada0-1fd8583f5266
22:39:18 [EMPTY] §8 §r§8 §r§1 §r§3 §r§3 §r§7 §r§8 
22:39:21 [PROFILE_JOIN] §aYou are playing on profile: §eLemon§b (Co-op)
22:39:21 [PROFILE_JOIN] §8Profile ID: 62b760d8-92b6-4501-ada0-1fd8583f5266
22:39:25 [EMPTY] §8 §r§8 §r§1 §r§3 §r§3 §r§7 §r§8 
22:39:29 [PROFILE_JOIN] §aYou are playing on profile: §eLemon§b (Co-op)
22:39:29 [PROFILE_JOIN] §8Profile ID: 62b760d8-92b6-4501-ada0-1fd8583f5266
22:40:35 [SACKS_CHANGE] §6[Sacks] §r§a+54§r§e items§r§e.§r§8 (Last 29s.)
22:41:14 [GUILD_EXP] §aYou earned §r§295 GEXP §r§afrom playing SkyBlock!
22:41:24 [EMPTY] 
22:41:24 [EMPTY] 
22:41:24 [EMPTY] 
22:41:24 [EMPTY] 
22:41:52 [SACKS_CHANGE] §6[Sacks] §r§a+19§r§e items§r§e.§r§8 (Last 6s.)
22:42:09 [SACKS_CHANGE] §6[Sacks] §r§a+2§r§e items§r§e.§r§8 (Last 5s.)
22:42:38 [SACKS_CHANGE] §6[Sacks] §r§a+13§r§e items§r§e.§r§8 (Last 8s.)
22:42:47 [SACKS_CHANGE] §6[Sacks] §r§a+6§r§e items§r§e.§r§8 (Last 5s.)
22:43:08 [SACKS_CHANGE] §6[Sacks] §r§a+18§r§e items§r§e.§r§8 (Last 14s.)
22:43:26 [SACKS_CHANGE] §6[Sacks] §r§a+15§r§e items§r§e.§r§8 (Last 15s.)
22:44:11 [SACKS_CHANGE] §6[Sacks] §r§a+68§r§e items§r§e.§r§8 (Last 28s.)
22:44:59 [SACKS_CHANGE] §6[Sacks] §r§a+73§r§e items§r§e.§r§8 (Last 30s.)
22:45:11 [EMPTY]  
22:45:11 [BESTIARY] §f                                  §6§lBESTIARY
22:45:11 [BESTIARY] §f                              §b§lZealot §7§813 §8➡§b §b14
22:45:11 [BESTIARY] 
22:45:11 [BESTIARY]                                   §r§6§lREWARDS
22:45:11 [BESTIARY]                           §r§8+§r§a4 Zealot §r§b✯ Magic Find
22:45:11 [BESTIARY]                            §r§8+§r§a4 Zealot §r§c❁ Strength
22:45:11 [BESTIARY]                               §r§8+§r§62% §r§aZealot §r§7coins
22:45:11 [BESTIARY]                     §r§8+§r§a50% §r§7chance for extra XP orbs
22:45:11 [BESTIARY]                                §r§8+§r§b1 SkyBlock XP
22:45:11 [BESTIARY] 
22:45:11 [BESTIARY] §3§l▬▬▬▬▬▬▬▬▬▬▬▬▬▬▬▬▬▬▬▬▬▬▬▬▬▬▬▬▬▬▬▬▬▬▬▬▬▬▬▬▬▬▬▬▬▬▬▬▬▬▬▬▬▬▬▬▬▬▬▬▬▬▬▬
22:45:41 [SACKS_CHANGE] §6[Sacks] §r§a+69§r§e items§r§e.§r§8 (Last 30s.)
22:45:59 [SACKS_CHANGE] §6[Sacks] §r§a+28§r§e items§r§e.§r§8 (Last 15s.)
22:46:17 [GUILD_EXP] §aYou earned §r§2700 GEXP §r§afrom playing SkyBlock!
22:46:25 [SACKS_CHANGE] §6[Sacks] §r§a+19§r§e items§r§e.§r§8 (Last 10s.)
22:46:45 [SACKS_CHANGE] §6[Sacks] §r§a+27§r§e items§r§e.§r§8 (Last 12s.)
22:47:09 [SACKS_CHANGE] §6[Sacks] §r§a+35§r§e items§r§e.§r§8 (Last 16s.)
22:47:29 [SACKS_CHANGE] §6[Sacks] §r§a+23§r§e items§r§e.§r§8 (Last 14s.)
22:47:40 [SACKS_CHANGE] §6[Sacks] §r§a+8§r§e items§r§e.§r§8 (Last 9s.)
22:47:54 [SACKS_CHANGE] §6[Sacks] §r§a+11§r§e items§r§e.§r§8 (Last 7s.)
22:48:13 [SACKS_CHANGE] §6[Sacks] §r§a+14§r§e items§r§e.§r§8 (Last 10s.)
22:48:42 [SACKS_CHANGE] §6[Sacks] §r§a+24§r§e items§r§e.§r§8 (Last 14s.)
22:48:58 [EMPTY] §8 §r§8 §r§1 §r§3 §r§3 §r§7 §r§8 
22:49:02 [PROFILE_JOIN] §aYou are playing on profile: §eLemon§b (Co-op)
22:49:02 [PROFILE_JOIN] §8Profile ID: 62b760d8-92b6-4501-ada0-1fd8583f5266
22:49:10 [EMPTY] §8 §r§8 §r§1 §r§3 §r§3 §r§7 §r§8 
22:49:13 [PROFILE_JOIN] §aYou are playing on profile: §eLemon§b (Co-op)
22:49:13 [PROFILE_JOIN] §8Profile ID: 62b760d8-92b6-4501-ada0-1fd8583f5266
22:49:13 [EMPTY] §8 §r§8 §r§1 §r§3 §r§3 §r§7 §r§8 
22:49:17 [PROFILE_JOIN] §aYou are playing on profile: §eLemon§b (Co-op)
22:49:17 [PROFILE_JOIN] §8Profile ID: 62b760d8-92b6-4501-ada0-1fd8583f5266
22:49:20 [EMPTY] §8 §r§8 §r§1 §r§3 §r§3 §r§7 §r§8 
22:49:23 [EMPTY] §8 §r§8 §r§1 §r§3 §r§3 §r§7 §r§8 
22:49:26 [PROFILE_JOIN] §aYou are playing on profile: §eLemon§b (Co-op)
22:49:27 [PROFILE_JOIN] §8Profile ID: 62b760d8-92b6-4501-ada0-1fd8583f5266
22:53:59 [GUILD_EXP] §aYou earned §r§258 GEXP §r§afrom playing SkyBlock!
22:58:28 [EMPTY] §8 §r§8 §r§1 §r§3 §r§3 §r§7 §r§8 
22:58:31 [PROFILE_JOIN] §aYou are playing on profile: §eLemon§b (Co-op)
22:58:31 [PROFILE_JOIN] §8Profile ID: 62b760d8-92b6-4501-ada0-1fd8583f5266
22:58:54 [SACKS_CHANGE] §6[Sacks] §r§a+10§r§e items§r§e.§r§8 (Last 6s.)
22:59:11 [SACKS_CHANGE] §6[Sacks] §r§a+20§r§e items§r§e.§r§8 (Last 11s.)
22:59:20 [SACKS_CHANGE] §6[Sacks] §r§a+10§r§e items§r§e.§r§8 (Last 7s.)
22:59:21 [EMPTY] §8 §r§8 §r§1 §r§3 §r§3 §r§7 §r§8 
22:59:24 [PROFILE_JOIN] §aYou are playing on profile: §eLemon§b (Co-op)
22:59:24 [PROFILE_JOIN] §8Profile ID: 62b760d8-92b6-4501-ada0-1fd8583f5266
23:01:39 [EMPTY] 
23:01:39 [EMPTY] §c
23:11:28 [EMPTY] §8 §r§8 §r§1 §r§3 §r§3 §r§7 §r§8 
23:11:31 [PROFILE_JOIN] §aYou are playing on profile: §eLemon§b (Co-op)
23:11:31 [PROFILE_JOIN] §8Profile ID: 62b760d8-92b6-4501-ada0-1fd8583f5266
23:11:34 [EMPTY] §8 §r§8 §r§1 §r§3 §r§3 §r§7 §r§8 
23:11:37 [PROFILE_JOIN] §aYou are playing on profile: §eLemon§b (Co-op)
23:11:37 [PROFILE_JOIN] §8Profile ID: 62b760d8-92b6-4501-ada0-1fd8583f5266
23:11:53 [EMPTY] §8 §r§8 §r§1 §r§3 §r§3 §r§7 §r§8 
23:11:56 [PROFILE_JOIN] §aYou are playing on profile: §eLemon§b (Co-op)
23:11:56 [PROFILE_JOIN] §8Profile ID: 62b760d8-92b6-4501-ada0-1fd8583f5266
23:11:58 [EMPTY] §8 §r§8 §r§1 §r§3 §r§3 §r§7 §r§8 
23:12:01 [PROFILE_JOIN] §aYou are playing on profile: §eLemon§b (Co-op)
23:12:01 [PROFILE_JOIN] §8Profile ID: 62b760d8-92b6-4501-ada0-1fd8583f5266
23:12:04 [EMPTY] §8 §r§8 §r§1 §r§3 §r§3 §r§7 §r§8 
23:12:07 [PROFILE_JOIN] §aYou are playing on profile: §eLemon§b (Co-op)
23:12:07 [PROFILE_JOIN] §8Profile ID: 62b760d8-92b6-4501-ada0-1fd8583f5266
23:12:08 [EMPTY] §8 §r§8 §r§1 §r§3 §r§3 §r§7 §r§8 
23:12:11 [PROFILE_JOIN] §aYou are playing on profile: §eLemon§b (Co-op)
23:12:11 [PROFILE_JOIN] §8Profile ID: 62b760d8-92b6-4501-ada0-1fd8583f5266
23:12:18 [EMPTY] §8 §r§8 §r§1 §r§3 §r§3 §r§7 §r§8 
23:12:21 [PROFILE_JOIN] §aYou are playing on profile: §eLemon§b (Co-op)
23:12:21 [PROFILE_JOIN] §8Profile ID: 62b760d8-92b6-4501-ada0-1fd8583f5266
23:12:45 [SACKS_CHANGE] §6[Sacks] §r§a+5§r§e items§r§e.§r§8 (Last 5s.)
23:12:47 [EMPTY] §8 §r§8 §r§1 §r§3 §r§3 §r§7 §r§8 
23:12:51 [PROFILE_JOIN] §aYou are playing on profile: §eLemon§b (Co-op)
23:12:51 [PROFILE_JOIN] §8Profile ID: 62b760d8-92b6-4501-ada0-1fd8583f5266
23:12:54 [EMPTY] §8 §r§8 §r§1 §r§3 §r§3 §r§7 §r§8 
23:12:57 [PROFILE_JOIN] §aYou are playing on profile: §eLemon§b (Co-op)
23:12:57 [PROFILE_JOIN] §8Profile ID: 62b760d8-92b6-4501-ada0-1fd8583f5266
23:13:02 [EMPTY] §8 §r§8 §r§1 §r§3 §r§3 §r§7 §r§8 
23:13:05 [PROFILE_JOIN] §aYou are playing on profile: §eLemon§b (Co-op)
23:13:05 [PROFILE_JOIN] §8Profile ID: 62b760d8-92b6-4501-ada0-1fd8583f5266
23:13:24 [EMPTY] §8 §r§8 §r§1 §r§3 §r§3 §r§7 §r§8 
23:13:27 [PROFILE_JOIN] §aYou are playing on profile: §eLemon§b (Co-op)
23:13:27 [PROFILE_JOIN] §8Profile ID: 62b760d8-92b6-4501-ada0-1fd8583f5266
23:13:32 [EMPTY] §8 §r§8 §r§1 §r§3 §r§3 §r§7 §r§8 
23:13:36 [PROFILE_JOIN] §aYou are playing on profile: §eLemon§b (Co-op)
23:13:36 [PROFILE_JOIN] §8Profile ID: 62b760d8-92b6-4501-ada0-1fd8583f5266
23:17:27 [EMPTY] §8 §r§8 §r§1 §r§3 §r§3 §r§7 §r§8 
23:17:30 [PROFILE_JOIN] §aYou are playing on profile: §eLemon§b (Co-op)
23:17:31 [PROFILE_JOIN] §8Profile ID: 62b760d8-92b6-4501-ada0-1fd8583f5266
23:17:39 [EMPTY] §8 §r§8 §r§1 §r§3 §r§3 §r§7 §r§8 
23:17:43 [PROFILE_JOIN] §aYou are playing on profile: §eLemon§b (Co-op)
23:17:43 [PROFILE_JOIN] §8Profile ID: 62b760d8-92b6-4501-ada0-1fd8583f5266
23:17:55 [EMPTY] §8 §r§8 §r§1 §r§3 §r§3 §r§7 §r§8 
23:17:58 [PROFILE_JOIN] §aYou are playing on profile: §eLemon§b (Co-op)
23:17:58 [PROFILE_JOIN] §8Profile ID: 62b760d8-92b6-4501-ada0-1fd8583f5266
23:18:20 [SACKS_CHANGE] §6[Sacks] §r§a+7§r§e items§r§e.§r§8 (Last 5s.)
23:18:21 [EMPTY] §8 §r§8 §r§1 §r§3 §r§3 §r§7 §r§8 
23:18:25 [PROFILE_JOIN] §aYou are playing on profile: §eLemon§b (Co-op)
23:18:25 [PROFILE_JOIN] §8Profile ID: 62b760d8-92b6-4501-ada0-1fd8583f5266
23:18:29 [EMPTY] §8 §r§8 §r§1 §r§3 §r§3 §r§7 §r§8 
23:18:33 [PROFILE_JOIN] §aYou are playing on profile: §eLemon§b (Co-op)
23:18:33 [PROFILE_JOIN] §8Profile ID: 62b760d8-92b6-4501-ada0-1fd8583f5266
23:18:52 [EMPTY] §8 §r§8 §r§1 §r§3 §r§3 §r§7 §r§8 
23:18:55 [PROFILE_JOIN] §aYou are playing on profile: §eLemon§b (Co-op)
23:18:55 [PROFILE_JOIN] §8Profile ID: 62b760d8-92b6-4501-ada0-1fd8583f5266
23:19:04 [EMPTY] §8 §r§8 §r§1 §r§3 §r§3 §r§7 §r§8 
23:19:07 [PROFILE_JOIN] §aYou are playing on profile: §eLemon§b (Co-op)
23:19:07 [PROFILE_JOIN] §8Profile ID: 62b760d8-92b6-4501-ada0-1fd8583f5266
23:19:40 [SACKS_CHANGE] §6[Sacks] §r§a+25§r§e items§r§e.§r§8 (Last 9s.)
23:19:52 [EMPTY] 
23:19:52 [EMPTY] 
23:19:52 [EMPTY] 
23:19:52 [EMPTY] 
23:20:06 [SACKS_CHANGE] §6[Sacks] §r§a+21§r§e items§r§e.§r§8 (Last 6s.)
23:20:23 [SACKS_CHANGE] §6[Sacks] §r§a+15§r§e items§r§e.§r§8 (Last 7s.)
23:20:40 [SACKS_CHANGE] §6[Sacks] §r§a+17§r§e items§r§e.§r§8 (Last 7s.)
23:20:54 [SACKS_CHANGE] §6[Sacks] §r§a+10§r§e items§r§e.§r§8 (Last 7s.)
23:21:24 [SACKS_CHANGE] §6[Sacks] §r§a+6§r§e items§r§e.§r§8 (Last 5s.)
23:21:24 [GUILD_EXP] §aYou earned §r§2118 GEXP §r§afrom playing SkyBlock!
23:21:56 [SACKS_CHANGE] §6[Sacks] §r§a+59§r§e items§r§e.§r§8 (Last 30s.)
23:22:04 [SACKS_CHANGE] §6[Sacks] §r§a+4§r§e items§r§e.§r§8 (Last 5s.)
23:22:19 [SACKS_CHANGE] §6[Sacks] §r§a+28§r§e items§r§e.§r§8 (Last 14s.)
23:22:41 [EMPTY] 
23:22:41 [EMPTY] 
23:22:41 [EMPTY] 
23:22:41 [EMPTY] 
23:22:44 [SACKS_CHANGE] §6[Sacks] §r§a+38§r§e items§r§e.§r§8 (Last 19s.)
23:22:54 [SACKS_CHANGE] §6[Sacks] §r§a+6§r§e items§r§e.§r§8 (Last 5s.)
23:23:30 [SACKS_CHANGE] §6[Sacks] §r§a+58§r§e items§r§e.§r§8 (Last 30s.)
23:23:54 [SACKS_CHANGE] §6[Sacks] §r§a+50§r§e items§r§e.§r§8 (Last 21s.)
23:24:06 [SACKS_CHANGE] §6[Sacks] §r§a+15§r§e items§r§e.§r§8 (Last 9s.)
23:24:28 [EMPTY] 
23:24:28 [EMPTY] 
23:24:28 [EMPTY] 
23:24:28 [EMPTY] 
23:24:40 [SACKS_CHANGE] §6[Sacks] §r§a+93§r§e items§r§e.§r§8 (Last 30s.)
23:24:55 [SACKS_CHANGE] §6[Sacks] §r§a+27§r§e items§r§e.§r§8 (Last 13s.)
23:25:27 [SACKS_CHANGE] §6[Sacks] §r§a+77§r§e items§r§e.§r§8 (Last 30s.)
23:26:00 [SACKS_CHANGE] §6[Sacks] §r§a+61§r§e items§r§e.§r§8 (Last 30s.)
23:26:09 [SACKS_CHANGE] §6[Sacks] §r§a+12§r§e items§r§e.§r§8 (Last 7s.)
23:26:12 [EMPTY] 
23:26:12 [EMPTY] 
23:26:12 [EMPTY] 
23:26:12 [EMPTY] 
23:26:40 [GUILD_EXP] §aYou earned §r§2750 GEXP §r§afrom playing SkyBlock!
23:26:53 [SACKS_CHANGE] §6[Sacks] §r§a+75§r§e items§r§e.§r§8 (Last 30s.)
23:27:26 [SACKS_CHANGE] §6[Sacks] §r§a+64§r§e items§r§e.§r§8 (Last 30s.)
23:27:57 [SACKS_CHANGE] §6[Sacks] §r§a+56§r§e items§r§e.§r§8 (Last 27s.)
23:28:26 [SACKS_CHANGE] §6[Sacks] §r§a+20§r§e items§r§e.§r§8 (Last 10s.)
23:28:38 [SACKS_CHANGE] §6[Sacks] §r§a+11§r§e items§r§e.§r§8 (Last 10s.)
23:28:55 [EMPTY]  
23:28:55 [BESTIARY] §f                                  §6§lBESTIARY
23:28:55 [BESTIARY] §f                              §b§lZealot §7§814 §8➡§b §b15
23:28:55 [BESTIARY] 
23:28:55 [BESTIARY]                                   §r§6§lREWARDS
23:28:55 [BESTIARY]                           §r§8+§r§a4 Zealot §r§b✯ Magic Find
23:28:55 [BESTIARY]                            §r§8+§r§a4 Zealot §r§c❁ Strength
23:28:55 [BESTIARY]                               §r§8+§r§62% §r§aZealot §r§7coins
23:28:55 [BESTIARY]                     §r§8+§r§a50% §r§7chance for extra XP orbs
23:28:55 [BESTIARY]                                §r§8+§r§b1 SkyBlock XP
23:28:55 [BESTIARY] 
23:28:55 [BESTIARY] §3§l▬▬▬▬▬▬▬▬▬▬▬▬▬▬▬▬▬▬▬▬▬▬▬▬▬▬▬▬▬▬▬▬▬▬▬▬▬▬▬▬▬▬▬▬▬▬▬▬▬▬▬▬▬▬▬▬▬▬▬▬▬▬▬▬
23:29:05 [SACKS_CHANGE] §6[Sacks] §r§a+60§r§e items§r§e.§r§8 (Last 24s.)
23:29:27 [SACKS_CHANGE] §6[Sacks] §r§a+34§r§e items§r§e.§r§8 (Last 20s.)
23:30:06 [SACKS_CHANGE] §6[Sacks] §r§a+45§r§e items§r§e.§r§8 (Last 17s.)
23:30:16 [SACKS_CHANGE] §6[Sacks] §r§a+12§r§e items§r§e.§r§8 (Last 6s.)
23:30:48 [SACKS_CHANGE] §6[Sacks] §r§a+74§r§e items§r§e.§r§8 (Last 30s.)
23:31:04 [SACKS_CHANGE] §6[Sacks] §r§a+32§r§e items§r§e.§r§8 (Last 14s.)
23:31:35 [SACKS_CHANGE] §6[Sacks] §r§a+71§r§e items§r§e.§r§8 (Last 30s.)
23:31:44 [GUILD_EXP] §aYou earned §r§2750 GEXP §r§afrom playing SkyBlock!
23:32:06 [SACKS_CHANGE] §6[Sacks] §r§a+77§r§e items§r§e.§r§8 (Last 30s.)
23:32:24 [EMPTY] 
23:32:24 [EMPTY] 
23:32:24 [EMPTY] 
23:32:24 [EMPTY] 
23:32:38 [SACKS_CHANGE] §6[Sacks] §r§a+58§r§e items§r§e.§r§8 (Last 30s.)
23:32:46 [SACKS_CHANGE] §6[Sacks] §r§a+9§r§e items§r§e.§r§8 (Last 7s.)
23:33:20 [SACKS_CHANGE] §6[Sacks] §r§a+79§r§e items§r§e.§r§8 (Last 30s.)
23:33:27 [SACKS_CHANGE] §6[Sacks] §r§a+5§r§e items§r§e.§r§8 (Last 5s.)
23:33:58 [SACKS_CHANGE] §6[Sacks] §r§a+50§r§e items§r§e.§r§8 (Last 22s.)
23:34:21 [SACKS_CHANGE] §6[Sacks] §r§a+25§r§e items§r§e.§r§8 (Last 15s.)
23:34:56 [SACKS_CHANGE] §6[Sacks] §r§a+55§r§e items§r§e.§r§8 (Last 30s.)
23:35:12 [SACKS_CHANGE] §6[Sacks] §r§a+21§r§e items§r§e.§r§8 (Last 14s.)
23:35:47 [SACKS_CHANGE] §6[Sacks] §r§a+54§r§e items§r§e.§r§8 (Last 30s.)
23:36:24 [SACKS_CHANGE] §6[Sacks] §r§a+50§r§e items§r§e.§r§8 (Last 30s.)
23:36:48 [GUILD_EXP] §aYou earned §r§2750 GEXP §r§afrom playing SkyBlock!
23:36:58 [SACKS_CHANGE] §6[Sacks] §r§a+87§r§e items§r§e.§r§8 (Last 30s.)
23:37:10 [SACKS_CHANGE] §6[Sacks] §r§a+16§r§e items§r§e.§r§8 (Last 11s.)
23:39:02 [SACKS_CHANGE] §6[Sacks] §r§a+78§r§e items§r§e.§r§8 (Last 30s.)
23:39:34 [SACKS_CHANGE] §6[Sacks] §r§a+63§r§e items§r§e.§r§8 (Last 30s.)
23:40:05 [SACKS_CHANGE] §6[Sacks] §r§a+83§r§e items§r§e.§r§8 (Last 30s.)
23:40:36 [SACKS_CHANGE] §6[Sacks] §r§a+78§r§e items§r§e.§r§8 (Last 30s.)
23:41:09 [SACKS_CHANGE] §6[Sacks] §r§a+75§r§e items§r§e.§r§8 (Last 30s.)
23:41:42 [SACKS_CHANGE] §6[Sacks] §r§a+81§r§e items§r§e.§r§8 (Last 30s.)
23:41:53 [GUILD_EXP] §aYou earned §r§2613 GEXP §r§afrom playing SkyBlock!
23:42:02 [SACKS_CHANGE] §6[Sacks] §r§a+47§r§e items§r§e.§r§8 (Last 18s.)
23:42:36 [SACKS_CHANGE] §6[Sacks] §r§a+74§r§e items§r§e.§r§8 (Last 30s.)
23:42:56 [SACKS_CHANGE] §6[Sacks] §r§a+26§r§e items§r§e.§r§8 (Last 17s.)
23:43:08 [SACKS_CHANGE] §6[Sacks] §r§a+21§r§e items§r§e.§r§8 (Last 11s.)
23:43:32 [SACKS_CHANGE] §6[Sacks] §r§a+6§r§e items§r§e.§r§8 (Last 5s.)
23:43:57 [EMPTY] 
23:43:58 [EMPTY] 
23:43:59 [EMPTY] 
23:44:00 [EMPTY] 
23:44:02 [EMPTY] 
23:45:17 [SACKS_CHANGE] §6[Sacks] §r§a+4§r§e items§r§e.§r§8 (Last 5s.)
23:46:57 [GUILD_EXP] §aYou earned §r§2548 GEXP §r§afrom playing SkyBlock!
23:47:35 [SACKS_CHANGE] §6[Sacks] §r§a+91§r§e items§r§e.§r§8 (Last 30s.)
23:47:48 [EMPTY]  
23:47:48 [BESTIARY] §f                                  §6§lBESTIARY
23:47:48 [BESTIARY] §f                              §b§lZealot §7§815 §8➡§b §b16
23:47:48 [BESTIARY] 
23:47:48 [BESTIARY]                                   §r§6§lREWARDS
23:47:48 [BESTIARY]                           §r§8+§r§a5 Zealot §r§b✯ Magic Find
23:47:48 [BESTIARY]                            §r§8+§r§a5 Zealot §r§c❁ Strength
23:47:48 [BESTIARY]                               §r§8+§r§62% §r§aZealot §r§7coins
23:47:48 [BESTIARY]                     §r§8+§r§a50% §r§7chance for extra XP orbs
23:47:48 [BESTIARY]                                §r§8+§r§b1 SkyBlock XP
23:47:48 [BESTIARY] 
23:47:48 [BESTIARY] §3§l▬▬▬▬▬▬▬▬▬▬▬▬▬▬▬▬▬▬▬▬▬▬▬▬▬▬▬▬▬▬▬▬▬▬▬▬▬▬▬▬▬▬▬▬▬▬▬▬▬▬▬▬▬▬▬▬▬▬▬▬▬▬▬▬
23:48:07 [SACKS_CHANGE] §6[Sacks] §r§a+86§r§e items§r§e.§r§8 (Last 30s.)
23:48:30 [SACKS_CHANGE] §6[Sacks] §r§a+36§r§e items§r§e.§r§8 (Last 21s.)
23:48:43 [SACKS_CHANGE] §6[Sacks] §r§a+20§r§e items§r§e.§r§8 (Last 9s.)
23:48:54 [SACKS_CHANGE] §6[Sacks] §r§a+14§r§e items§r§e.§r§8 (Last 10s.)
23:49:38 [SACKS_CHANGE] §6[Sacks] §r§a+55§r§e items§r§e.§r§8 (Last 30s.)
23:50:10 [SACKS_CHANGE] §6[Sacks] §r§a+85§r§e items§r§e.§r§8 (Last 30s.)
23:50:41 [SACKS_CHANGE] §6[Sacks] §r§a+77§r§e items§r§e.§r§8 (Last 30s.)
23:51:15 [SACKS_CHANGE] §6[Sacks] §r§a+70§r§e items§r§e.§r§8 (Last 30s.)
23:51:30 [SACKS_CHANGE] §6[Sacks] §r§a+16§r§e items§r§e.§r§8 (Last 10s.)
23:51:40 [SACKS_CHANGE] §6[Sacks] §r§a+15§r§e items§r§e.§r§8 (Last 9s.)
23:52:01 [GUILD_EXP] §aYou earned §r§2703 GEXP §r§afrom playing SkyBlock!
23:52:12 [SACKS_CHANGE] §6[Sacks] §r§a+70§r§e items§r§e.§r§8 (Last 30s.)
23:52:29 [SACKS_CHANGE] §6[Sacks] §r§a+35§r§e items§r§e.§r§8 (Last 15s.)
23:53:24 [SACKS_CHANGE] §6[Sacks] §r§a+103§r§e items§r§e.§r§8 (Last 30s.)
23:53:51 [SACKS_CHANGE] §6[Sacks] §r§a+44§r§e items§r§e.§r§8 (Last 24s.)
23:54:24 [SACKS_CHANGE] §6[Sacks] §r§a+67§r§e items§r§e.§r§8 (Last 30s.)
23:54:55 [SACKS_CHANGE] §6[Sacks] §r§a+84§r§e items§r§e.§r§8 (Last 30s.)
23:55:15 [SACKS_CHANGE] §6[Sacks] §r§a+161§r§e items§r§e.§r§8 (Last 18s.)
23:55:53 [SACKS_CHANGE] §6[Sacks] §r§a+92§r§e items§r§e.§r§8 (Last 30s.)
23:56:24 [SACKS_CHANGE] §6[Sacks] §r§a+72§r§e items§r§e.§r§8 (Last 30s.)
23:56:56 [SACKS_CHANGE] §6[Sacks] §r§a+62§r§e items§r§e.§r§8 (Last 30s.)
23:57:07 [GUILD_EXP] §aYou earned §r§2748 GEXP §r§afrom playing SkyBlock!
23:57:20 [SACKS_CHANGE] §6[Sacks] §r§a+42§r§e items§r§e.§r§8 (Last 22s.)
23:57:33 [EMPTY] §8 §r§8 §r§1 §r§3 §r§3 §r§7 §r§8 
23:57:36 [PROFILE_JOIN] §aYou are playing on profile: §eLemon§b (Co-op)
23:57:36 [PROFILE_JOIN] §8Profile ID: 62b760d8-92b6-4501-ada0-1fd8583f5266
23:58:25 [EMPTY] §8 §r§8 §r§1 §r§3 §r§3 §r§7 §r§8 
23:58:29 [PROFILE_JOIN] §aYou are playing on profile: §eLemon§b (Co-op)
23:58:29 [PROFILE_JOIN] §8Profile ID: 62b760d8-92b6-4501-ada0-1fd8583f5266
23:59:52 [REFORGE_HIDE] §aYou reforged your §r§5Legendary Hyper Cleaver §r§6✪✪✪✪✪ §r§ainto a §r§5Gentle Hyper Cleaver §r§6✪✪✪✪✪§r§a!
23:59:55 [REFORGE_HIDE] §aYou reforged your §r§5Gentle Hyper Cleaver §r§6✪✪✪✪✪ §r§ainto a §r§5Sharp Hyper Cleaver §r§6✪✪✪✪✪§r§a!
23:59:56 [REFORGE_HIDE] §aYou reforged your §r§5Sharp Hyper Cleaver §r§6✪✪✪✪✪ §r§ainto a §r§5Odd Hyper Cleaver §r§6✪✪✪✪✪§r§a!
00:00:01 [REFORGE_HIDE] §aYou reforged your §r§5Odd Hyper Cleaver §r§6✪✪✪✪✪ §r§ainto a §r§5Heroic Hyper Cleaver §r§6✪✪✪✪✪§r§a!
00:00:02 [REFORGE_HIDE] §aYou reforged your §r§5Heroic Hyper Cleaver §r§6✪✪✪✪✪ §r§ainto a §r§5Gentle Hyper Cleaver §r§6✪✪✪✪✪§r§a!
00:00:04 [REFORGE_HIDE] §aYou reforged your §r§5Gentle Hyper Cleaver §r§6✪✪✪✪✪ §r§ainto a §r§5Legendary Hyper Cleaver §r§6✪✪✪✪✪§r§a!
00:00:06 [REFORGE_HIDE] §aYou reforged your §r§5Legendary Hyper Cleaver §r§6✪✪✪✪✪ §r§ainto a §r§5Sharp Hyper Cleaver §r§6✪✪✪✪✪§r§a!
00:00:06 [REFORGE_HIDE] §aYou reforged your §r§5Sharp Hyper Cleaver §r§6✪✪✪✪✪ §r§ainto a §r§5Gentle Hyper Cleaver §r§6✪✪✪✪✪§r§a!
00:00:07 [REFORGE_HIDE] §aYou reforged your §r§5Gentle Hyper Cleaver §r§6✪✪✪✪✪ §r§ainto a §r§5Sharp Hyper Cleaver §r§6✪✪✪✪✪§r§a!
00:00:09 [REFORGE_HIDE] §aYou reforged your §r§5Sharp Hyper Cleaver §r§6✪✪✪✪✪ §r§ainto a §r§5Odd Hyper Cleaver §r§6✪✪✪✪✪§r§a!
00:00:10 [REFORGE_HIDE] §aYou reforged your §r§5Odd Hyper Cleaver §r§6✪✪✪✪✪ §r§ainto a §r§5Fast Hyper Cleaver §r§6✪✪✪✪✪§r§a!
00:00:10 [REFORGE_HIDE] §aYou reforged your §r§5Fast Hyper Cleaver §r§6✪✪✪✪✪ §r§ainto a §r§5Legendary Hyper Cleaver §r§6✪✪✪✪✪§r§a!
00:00:11 [REFORGE_HIDE] §aYou reforged your §r§5Legendary Hyper Cleaver §r§6✪✪✪✪✪ §r§ainto a §r§5Gentle Hyper Cleaver §r§6✪✪✪✪✪§r§a!
00:00:12 [REFORGE_HIDE] §aYou reforged your §r§5Gentle Hyper Cleaver §r§6✪✪✪✪✪ §r§ainto a §r§5Odd Hyper Cleaver §r§6✪✪✪✪✪§r§a!
00:00:12 [REFORGE_HIDE] §aYou reforged your §r§5Odd Hyper Cleaver §r§6✪✪✪✪✪ §r§ainto a §r§5Heroic Hyper Cleaver §r§6✪✪✪✪✪§r§a!
00:00:13 [REFORGE_HIDE] §aYou reforged your §r§5Heroic Hyper Cleaver §r§6✪✪✪✪✪ §r§ainto a §r§5Spicy Hyper Cleaver §r§6✪✪✪✪✪§r§a!
00:00:48 [RARE_DROPS] §6§lRARE REWARD! §r§7llsgander §r§efound a §r§5Adaptive Blade §r§ein their Obsidian Chest§r§e!
00:01:48 [RARE_DROPS] §6§lRARE REWARD! §r§bRNGForTheWin §r§efound a §r§5Fuming Potato Book §r§ein their Obsidian Chest§r§e!
00:04:04 [GUILD_EXP] §aYou earned §r§2145 GEXP §r§afrom playing SkyBlock!
00:06:41 [EMPTY] §8 §r§8 §r§1 §r§3 §r§3 §r§7 §r§8 
00:06:45 [PROFILE_JOIN] §aYou are playing on profile: §eLemon§b (Co-op)
00:06:45 [PROFILE_JOIN] §8Profile ID: 62b760d8-92b6-4501-ada0-1fd8583f5266
00:08:34 [EMPTY] §8 §r§8 §r§1 §r§3 §r§3 §r§7 §r§8 
00:08:38 [PROFILE_JOIN] §aYou are playing on profile: §eLemon§b (Co-op)
00:08:38 [PROFILE_JOIN] §8Profile ID: 62b760d8-92b6-4501-ada0-1fd8583f5266
00:09:56 [EMPTY] §8 §r§8 §r§1 §r§3 §r§3 §r§7 §r§8 
00:09:59 [PROFILE_JOIN] §aYou are playing on profile: §eLemon§b (Co-op)
00:09:59 [PROFILE_JOIN] §8Profile ID: 62b760d8-92b6-4501-ada0-1fd8583f5266
00:11:03 [EMPTY] §8 §r§8 §r§1 §r§3 §r§3 §r§7 §r§8 
00:11:06 [PROFILE_JOIN] §aYou are playing on profile: §eLemon§b (Co-op)
00:11:06 [PROFILE_JOIN] §8Profile ID: 62b760d8-92b6-4501-ada0-1fd8583f5266
00:13:40 [GUILD_EXP] §aYou earned §r§290 GEXP §r§afrom playing SkyBlock!
00:16:08 [SACKS_CHANGE] §6[Sacks] §r§a+12§r§e items§r§e.§r§8 (Last 5s.)
00:17:53 [EMPTY]  
00:17:53 [BESTIARY] §f                                  §6§lBESTIARY
00:17:53 [BESTIARY] §f                                §b§lSea Witch §7§b1
00:17:53 [BESTIARY] 
00:17:53 [BESTIARY]                                   §r§6§lREWARDS
00:17:53 [BESTIARY]                         §r§8+§r§a2 Sea Witch §r§b✯ Magic Find
00:17:53 [BESTIARY]                          §r§8+§r§a2 Sea Witch §r§c❁ Strength
00:17:53 [BESTIARY]                             §r§8+§r§62% §r§aSea Witch §r§7coins
00:17:53 [BESTIARY]                     §r§8+§r§a50% §r§7chance for extra XP orbs
00:17:53 [BESTIARY]                                §r§8+§r§b1 SkyBlock XP
00:17:53 [BESTIARY] 
00:17:53 [BESTIARY] §3§l▬▬▬▬▬▬▬▬▬▬▬▬▬▬▬▬▬▬▬▬▬▬▬▬▬▬▬▬▬▬▬▬▬▬▬▬▬▬▬▬▬▬▬▬▬▬▬▬▬▬▬▬▬▬▬▬▬▬▬▬▬▬▬▬
00:17:55 [EMPTY]  
00:17:55 [BESTIARY] §f                                  §6§lBESTIARY
00:17:55 [BESTIARY] §f                          §b§lSea Guardian §7§81 §8➡§b §b2
00:17:55 [BESTIARY] 
00:17:55 [BESTIARY]                                   §r§6§lREWARDS
00:17:55 [BESTIARY]                       §r§8+§r§a2 Sea Guardian §r§b✯ Magic Find
00:17:55 [BESTIARY]                       §r§8+§r§a2 Sea Guardian §r§c❁ Strength
00:17:55 [BESTIARY]                           §r§8+§r§62% §r§aSea Guardian §r§7coins
00:17:55 [BESTIARY]                     §r§8+§r§a50% §r§7chance for extra XP orbs
00:17:55 [BESTIARY]                                §r§8+§r§b1 SkyBlock XP
00:17:55 [BESTIARY] 
00:17:55 [BESTIARY] §3§l▬▬▬▬▬▬▬▬▬▬▬▬▬▬▬▬▬▬▬▬▬▬▬▬▬▬▬▬▬▬▬▬▬▬▬▬▬▬▬▬▬▬▬▬▬▬▬▬▬▬▬▬▬▬▬▬▬▬▬▬▬▬▬▬
00:17:55 [EMPTY]  
00:17:55 [BESTIARY] §f                                  §6§lBESTIARY
00:17:55 [BESTIARY] §f                               §b§lCatfish §7§81 §8➡§b §b2
00:17:55 [BESTIARY] 
00:17:55 [BESTIARY]                                   §r§6§lREWARDS
00:17:55 [BESTIARY]                           §r§8+§r§a2 Catfish §r§b✯ Magic Find
00:17:55 [BESTIARY]                           §r§8+§r§a2 Catfish §r§c❁ Strength
00:17:55 [BESTIARY]                               §r§8+§r§62% §r§aCatfish §r§7coins
00:17:55 [BESTIARY]                     §r§8+§r§a50% §r§7chance for extra XP orbs
00:17:55 [BESTIARY]                                §r§8+§r§b1 SkyBlock XP
00:17:55 [BESTIARY] 
00:17:55 [BESTIARY] §3§l▬▬▬▬▬▬▬▬▬▬▬▬▬▬▬▬▬▬▬▬▬▬▬▬▬▬▬▬▬▬▬▬▬▬▬▬▬▬▬▬▬▬▬▬▬▬▬▬▬▬▬▬▬▬▬▬▬▬▬▬▬▬▬▬
00:17:56 [EMPTY]  
00:17:56 [BESTIARY] §f                                  §6§lBESTIARY
00:17:56 [BESTIARY] §f                             §b§lSea Witch §7§81 §8➡§b §b2
00:17:56 [BESTIARY] 
00:17:56 [BESTIARY]                                   §r§6§lREWARDS
00:17:56 [BESTIARY]                         §r§8+§r§a2 Sea Witch §r§b✯ Magic Find
00:17:56 [BESTIARY]                          §r§8+§r§a2 Sea Witch §r§c❁ Strength
00:17:56 [BESTIARY]                             §r§8+§r§62% §r§aSea Witch §r§7coins
00:17:56 [BESTIARY]                     §r§8+§r§a50% §r§7chance for extra XP orbs
00:17:56 [BESTIARY]                                §r§8+§r§b1 SkyBlock XP
00:17:56 [BESTIARY] 
00:17:56 [BESTIARY] §3§l▬▬▬▬▬▬▬▬▬▬▬▬▬▬▬▬▬▬▬▬▬▬▬▬▬▬▬▬▬▬▬▬▬▬▬▬▬▬▬▬▬▬▬▬▬▬▬▬▬▬▬▬▬▬▬▬▬▬▬▬▬▬▬▬
00:18:00 [EMPTY]  
00:18:00 [BESTIARY] §f                                  §6§lBESTIARY
00:18:00 [BESTIARY] §f                         §b§lTrash Gobbler §7§83 §8➡§b §b4
00:18:00 [BESTIARY] 
00:18:00 [BESTIARY]                                   §r§6§lREWARDS
00:18:00 [BESTIARY]                      §r§8+§r§a2 Trash Gobbler §r§b✯ Magic Find
00:18:00 [BESTIARY]                       §r§8+§r§a2 Trash Gobbler §r§c❁ Strength
00:18:00 [BESTIARY]                          §r§8+§r§62% §r§aTrash Gobbler §r§7coins
00:18:00 [BESTIARY]                     §r§8+§r§a50% §r§7chance for extra XP orbs
00:18:00 [BESTIARY]                                §r§8+§r§b1 SkyBlock XP
00:18:00 [BESTIARY] 
00:18:00 [BESTIARY] §3§l▬▬▬▬▬▬▬▬▬▬▬▬▬▬▬▬▬▬▬▬▬▬▬▬▬▬▬▬▬▬▬▬▬▬▬▬▬▬▬▬▬▬▬▬▬▬▬▬▬▬▬▬▬▬▬▬▬▬▬▬▬▬▬▬
00:18:01 [EMPTY]  
00:18:01 [BESTIARY] §f                                  §6§lBESTIARY
00:18:01 [BESTIARY] §f                          §b§lBayou Sludge §7§81 §8➡§b §b2
00:18:01 [BESTIARY] 
00:18:01 [BESTIARY]                                   §r§6§lREWARDS
00:18:01 [BESTIARY]                       §r§8+§r§a2 Bayou Sludge §r§b✯ Magic Find
00:18:01 [BESTIARY]                       §r§8+§r§a2 Bayou Sludge §r§c❁ Strength
00:18:01 [BESTIARY]                           §r§8+§r§62% §r§aBayou Sludge §r§7coins
00:18:01 [BESTIARY]                     §r§8+§r§a50% §r§7chance for extra XP orbs
00:18:01 [BESTIARY]                                §r§8+§r§b1 SkyBlock XP
00:18:01 [BESTIARY] 
00:18:01 [BESTIARY]   §r§f                         §6§lBESTIARY MILESTONE
00:18:01 [BESTIARY]   §r§f                                    §880➡§e81
00:18:01 [BESTIARY] §6§lBESTIARY MILESTONE §880➡§e81
00:18:01 [BESTIARY] §6§lBESTIARY MILESTONE §880➡§e81
00:18:01 [BESTIARY] §6§lBESTIARY MILESTONE §880➡§e81
00:18:01 [BESTIARY] §6§lBESTIARY MILESTONE §880➡§e81
00:18:01 [BESTIARY] 
00:18:05 [EMPTY]  
00:18:05 [BESTIARY] §f                                  §6§lBESTIARY
00:18:05 [BESTIARY] §f                         §b§lDumpster Diver §7§82 §8➡§b §b3
00:18:05 [BESTIARY] 
00:18:05 [BESTIARY]                                   §r§6§lREWARDS
00:18:05 [BESTIARY]                     §r§8+§r§a2 Dumpster Diver §r§b✯ Magic Find
00:18:05 [BESTIARY]                      §r§8+§r§a2 Dumpster Diver §r§c❁ Strength
00:18:05 [BESTIARY]                         §r§8+§r§62% §r§aDumpster Diver §r§7coins
00:18:05 [BESTIARY]                     §r§8+§r§a50% §r§7chance for extra XP orbs
00:18:05 [BESTIARY]                                §r§8+§r§b1 SkyBlock XP
00:18:05 [BESTIARY] 
00:18:05 [BESTIARY] §3§l▬▬▬▬▬▬▬▬▬▬▬▬▬▬▬▬▬▬▬▬▬▬▬▬▬▬▬▬▬▬▬▬▬▬▬▬▬▬▬▬▬▬▬▬▬▬▬▬▬▬▬▬▬▬▬▬▬▬▬▬▬▬▬▬
00:18:07 [SACKS_CHANGE] §6[Sacks] §r§a+20§r§e items§r§e.§r§8 (Last 14s.)
00:18:08 [EMPTY]  
00:18:08 [BESTIARY] §f                                  §6§lBESTIARY
00:18:08 [BESTIARY] §f                          §b§lRider of the Deep §7§b1
00:18:08 [BESTIARY] 
00:18:08 [BESTIARY]                                   §r§6§lREWARDS
00:18:08 [BESTIARY]                    §r§8+§r§a2 Rider of the Deep §r§b✯ Magic Find
00:18:08 [BESTIARY]                     §r§8+§r§a2 Rider of the Deep §r§c❁ Strength
00:18:08 [BESTIARY]                        §r§8+§r§62% §r§aRider of the Deep §r§7coins
00:18:08 [BESTIARY]                     §r§8+§r§a50% §r§7chance for extra XP orbs
00:18:08 [BESTIARY]                                §r§8+§r§b1 SkyBlock XP
00:18:08 [BESTIARY] 
00:18:08 [BESTIARY] §3§l▬▬▬▬▬▬▬▬▬▬▬▬▬▬▬▬▬▬▬▬▬▬▬▬▬▬▬▬▬▬▬▬▬▬▬▬▬▬▬▬▬▬▬▬▬▬▬▬▬▬▬▬▬▬▬▬▬▬▬▬▬▬▬▬
00:18:18 [SACKS_CHANGE] §6[Sacks] §r§a+16§r§e items§r§e.§r§8 (Last 10s.)
00:18:24 [SACKS_CHANGE] §6[Sacks] §r§a+3§r§e items§r§e.§r§8 (Last 5s.)
00:18:41 [GUILD_EXP] §aYou earned §r§2484 GEXP §r§afrom playing SkyBlock!
00:19:23 [EMPTY]  
00:19:23 [BESTIARY] §f                                  §6§lBESTIARY
00:19:23 [BESTIARY] §f                            §b§lSea Walker §7§82 §8➡§b §b3
00:19:23 [BESTIARY] 
00:19:23 [BESTIARY]                                   §r§6§lREWARDS
00:19:23 [BESTIARY]                        §r§8+§r§a2 Sea Walker §r§b✯ Magic Find
00:19:23 [BESTIARY]                         §r§8+§r§a2 Sea Walker §r§c❁ Strength
00:19:23 [BESTIARY]                            §r§8+§r§62% §r§aSea Walker §r§7coins
00:19:23 [BESTIARY]                     §r§8+§r§a50% §r§7chance for extra XP orbs
00:19:23 [BESTIARY]                                §r§8+§r§b1 SkyBlock XP
00:19:23 [BESTIARY] 
00:19:23 [BESTIARY] §3§l▬▬▬▬▬▬▬▬▬▬▬▬▬▬▬▬▬▬▬▬▬▬▬▬▬▬▬▬▬▬▬▬▬▬▬▬▬▬▬▬▬▬▬▬▬▬▬▬▬▬▬▬▬▬▬▬▬▬▬▬▬▬▬▬
00:19:26 [EMPTY]  
00:19:26 [BESTIARY] §f                                  §6§lBESTIARY
00:19:26 [BESTIARY] §f                             §b§lSea Witch §7§82 §8➡§b §b3
00:19:26 [BESTIARY] 
00:19:26 [BESTIARY]                                   §r§6§lREWARDS
00:19:26 [BESTIARY]                         §r§8+§r§a2 Sea Witch §r§b✯ Magic Find
00:19:26 [BESTIARY]                          §r§8+§r§a2 Sea Witch §r§c❁ Strength
00:19:26 [BESTIARY]                             §r§8+§r§62% §r§aSea Witch §r§7coins
00:19:26 [BESTIARY]                     §r§8+§r§a50% §r§7chance for extra XP orbs
00:19:26 [BESTIARY]                                §r§8+§r§b1 SkyBlock XP
00:19:26 [BESTIARY] 
00:19:26 [BESTIARY] §3§l▬▬▬▬▬▬▬▬▬▬▬▬▬▬▬▬▬▬▬▬▬▬▬▬▬▬▬▬▬▬▬▬▬▬▬▬▬▬▬▬▬▬▬▬▬▬▬▬▬▬▬▬▬▬▬▬▬▬▬▬▬▬▬▬
00:19:26 [EMPTY]  
00:19:26 [BESTIARY] §f                                  §6§lBESTIARY
00:19:26 [BESTIARY] §f                              §b§lBanshee §7§82 §8➡§b §b3
00:19:26 [BESTIARY] 
00:19:26 [BESTIARY]                                   §r§6§lREWARDS
00:19:26 [BESTIARY]                          §r§8+§r§a2 Banshee §r§b✯ Magic Find
00:19:26 [BESTIARY]                          §r§8+§r§a2 Banshee §r§c❁ Strength
00:19:26 [BESTIARY]                              §r§8+§r§62% §r§aBanshee §r§7coins
00:19:26 [BESTIARY]                     §r§8+§r§a50% §r§7chance for extra XP orbs
00:19:26 [BESTIARY]                                §r§8+§r§b1 SkyBlock XP
00:19:26 [BESTIARY] 
00:19:26 [BESTIARY] §3§l▬▬▬▬▬▬▬▬▬▬▬▬▬▬▬▬▬▬▬▬▬▬▬▬▬▬▬▬▬▬▬▬▬▬▬▬▬▬▬▬▬▬▬▬▬▬▬▬▬▬▬▬▬▬▬▬▬▬▬▬▬▬▬▬
00:19:29 [SACKS_CHANGE] §6[Sacks] §r§a+2§r§e items§r§e.§r§8 (Last 5s.)
00:19:39 [EMPTY]  
00:19:39 [BESTIARY] §f                                  §6§lBESTIARY
00:19:39 [BESTIARY] §f                         §b§lDumpster Diver §7§83 §8➡§b §b4
00:19:39 [BESTIARY] 
00:19:39 [BESTIARY]                                   §r§6§lREWARDS
00:19:39 [BESTIARY]                     §r§8+§r§a2 Dumpster Diver §r§b✯ Magic Find
00:19:39 [BESTIARY]                      §r§8+§r§a2 Dumpster Diver §r§c❁ Strength
00:19:39 [BESTIARY]                         §r§8+§r§62% §r§aDumpster Diver §r§7coins
00:19:39 [BESTIARY]                     §r§8+§r§a50% §r§7chance for extra XP orbs
00:19:39 [BESTIARY]                                §r§8+§r§b1 SkyBlock XP
00:19:39 [BESTIARY] 
00:19:39 [BESTIARY] §3§l▬▬▬▬▬▬▬▬▬▬▬▬▬▬▬▬▬▬▬▬▬▬▬▬▬▬▬▬▬▬▬▬▬▬▬▬▬▬▬▬▬▬▬▬▬▬▬▬▬▬▬▬▬▬▬▬▬▬▬▬▬▬▬▬
00:19:48 [EMPTY]  
00:19:48 [BESTIARY] §f                                  §6§lBESTIARY
00:19:48 [BESTIARY] §f                               §b§lCatfish §7§82 §8➡§b §b3
00:19:48 [BESTIARY] 
00:19:48 [BESTIARY]                                   §r§6§lREWARDS
00:19:48 [BESTIARY]                           §r§8+§r§a2 Catfish §r§b✯ Magic Find
00:19:48 [BESTIARY]                           §r§8+§r§a2 Catfish §r§c❁ Strength
00:19:48 [BESTIARY]                               §r§8+§r§62% §r§aCatfish §r§7coins
00:19:48 [BESTIARY]                     §r§8+§r§a50% §r§7chance for extra XP orbs
00:19:48 [BESTIARY]                                §r§8+§r§b1 SkyBlock XP
00:19:48 [BESTIARY] 
00:19:48 [BESTIARY] §3§l▬▬▬▬▬▬▬▬▬▬▬▬▬▬▬▬▬▬▬▬▬▬▬▬▬▬▬▬▬▬▬▬▬▬▬▬▬▬▬▬▬▬▬▬▬▬▬▬▬▬▬▬▬▬▬▬▬▬▬▬▬▬▬▬
00:19:54 [SACKS_CHANGE] §6[Sacks] §r§a+23§r§e items§r§e.§r§8 (Last 8s.)
00:20:01 [EMPTY]  
00:20:01 [BESTIARY] §f                                  §6§lBESTIARY
00:20:01 [BESTIARY] §f                            §b§lSea Archer §7§82 §8➡§b §b3
00:20:01 [BESTIARY] 
00:20:01 [BESTIARY]                                   §r§6§lREWARDS
00:20:01 [BESTIARY]                        §r§8+§r§a2 Sea Archer §r§b✯ Magic Find
00:20:01 [BESTIARY]                        §r§8+§r§a2 Sea Archer §r§c❁ Strength
00:20:01 [BESTIARY]                            §r§8+§r§62% §r§aSea Archer §r§7coins
00:20:01 [BESTIARY]                     §r§8+§r§a50% §r§7chance for extra XP orbs
00:20:01 [BESTIARY]                                §r§8+§r§b1 SkyBlock XP
00:20:01 [BESTIARY] 
00:20:01 [BESTIARY] §3§l▬▬▬▬▬▬▬▬▬▬▬▬▬▬▬▬▬▬▬▬▬▬▬▬▬▬▬▬▬▬▬▬▬▬▬▬▬▬▬▬▬▬▬▬▬▬▬▬▬▬▬▬▬▬▬▬▬▬▬▬▬▬▬▬
00:20:02 [EMPTY]  
00:20:02 [BESTIARY] §f                                  §6§lBESTIARY
00:20:02 [BESTIARY] §f                                §b§lSquid §7§81 §8➡§b §b2
00:20:02 [BESTIARY] 
00:20:02 [BESTIARY]                                   §r§6§lREWARDS
00:20:02 [BESTIARY]                            §r§8+§r§a2 Squid §r§b✯ Magic Find
00:20:02 [BESTIARY]                            §r§8+§r§a2 Squid §r§c❁ Strength
00:20:02 [BESTIARY]                                §r§8+§r§62% §r§aSquid §r§7coins
00:20:02 [BESTIARY]                     §r§8+§r§a50% §r§7chance for extra XP orbs
00:20:02 [BESTIARY]                                §r§8+§r§b1 SkyBlock XP
00:20:02 [BESTIARY] 
00:20:02 [BESTIARY] §3§l▬▬▬▬▬▬▬▬▬▬▬▬▬▬▬▬▬▬▬▬▬▬▬▬▬▬▬▬▬▬▬▬▬▬▬▬▬▬▬▬▬▬▬▬▬▬▬▬▬▬▬▬▬▬▬▬▬▬▬▬▬▬▬▬
00:20:03 [EMPTY]  
00:20:03 [BESTIARY] §f                                  §6§lBESTIARY
00:20:03 [BESTIARY] §f                        §b§lDeep Sea Protector §7§b1
00:20:03 [BESTIARY] 
00:20:03 [BESTIARY]                                   §r§6§lREWARDS
00:20:03 [BESTIARY]                  §r§8+§r§a2 Deep Sea Protector §r§b✯ Magic Find
00:20:03 [BESTIARY]                   §r§8+§r§a2 Deep Sea Protector §r§c❁ Strength
00:20:03 [BESTIARY]                      §r§8+§r§62% §r§aDeep Sea Protector §r§7coins
00:20:03 [BESTIARY]                     §r§8+§r§a50% §r§7chance for extra XP orbs
00:20:03 [BESTIARY]                                §r§8+§r§b1 SkyBlock XP
00:20:03 [BESTIARY] 
00:20:03 [BESTIARY]   §r§f                         §6§lBESTIARY MILESTONE
00:20:03 [BESTIARY]   §r§f                                    §881➡§e82
00:20:03 [BESTIARY] §6§lBESTIARY MILESTONE §881➡§e82
00:20:03 [BESTIARY] §6§lBESTIARY MILESTONE §881➡§e82
00:20:03 [BESTIARY] §6§lBESTIARY MILESTONE §881➡§e82
00:20:03 [BESTIARY] §6§lBESTIARY MILESTONE §881➡§e82
00:20:03 [BESTIARY] 
00:20:03 [EMPTY]  
00:20:03 [BESTIARY] §f                                  §6§lBESTIARY
00:20:03 [BESTIARY] §f                          §b§lBayou Sludge §7§82 §8➡§b §b3
00:20:03 [BESTIARY] 
00:20:03 [BESTIARY]                                   §r§6§lREWARDS
00:20:03 [BESTIARY]                       §r§8+§r§a2 Bayou Sludge §r§b✯ Magic Find
00:20:03 [BESTIARY]                       §r§8+§r§a2 Bayou Sludge §r§c❁ Strength
00:20:03 [BESTIARY]                           §r§8+§r§62% §r§aBayou Sludge §r§7coins
00:20:03 [BESTIARY]                     §r§8+§r§a50% §r§7chance for extra XP orbs
00:20:03 [BESTIARY]                                §r§8+§r§b1 SkyBlock XP
00:20:03 [BESTIARY] 
00:20:03 [BESTIARY] §3§l▬▬▬▬▬▬▬▬▬▬▬▬▬▬▬▬▬▬▬▬▬▬▬▬▬▬▬▬▬▬▬▬▬▬▬▬▬▬▬▬▬▬▬▬▬▬▬▬▬▬▬▬▬▬▬▬▬▬▬▬▬▬▬▬
00:20:08 [EMPTY]  
00:20:08 [BESTIARY] §f                                  §6§lBESTIARY
00:20:08 [BESTIARY] §f                                 §b§lAgarimoo §7§b1
00:20:08 [BESTIARY] 
00:20:08 [BESTIARY]                                   §r§6§lREWARDS
00:20:08 [BESTIARY]                         §r§8+§r§a2 Agarimoo §r§b✯ Magic Find
00:20:08 [BESTIARY]                          §r§8+§r§a2 Agarimoo §r§c❁ Strength
00:20:08 [BESTIARY]                             §r§8+§r§62% §r§aAgarimoo §r§7coins
00:20:08 [BESTIARY]                     §r§8+§r§a50% §r§7chance for extra XP orbs
00:20:08 [BESTIARY]                                §r§8+§r§b1 SkyBlock XP
00:20:08 [BESTIARY] 
00:20:08 [BESTIARY] §3§l▬▬▬▬▬▬▬▬▬▬▬▬▬▬▬▬▬▬▬▬▬▬▬▬▬▬▬▬▬▬▬▬▬▬▬▬▬▬▬▬▬▬▬▬▬▬▬▬▬▬▬▬▬▬▬▬▬▬▬▬▬▬▬▬
00:20:14 [SACKS_CHANGE] §6[Sacks] §r§a+21§r§e items§r§e.§r§8 (Last 12s.)
00:20:28 [SACKS_CHANGE] §6[Sacks] §r§a+19§r§e items§r§e.§r§8 (Last 6s.)
00:21:38 [EMPTY]  
00:21:38 [BESTIARY] §f                                  §6§lBESTIARY
00:21:38 [BESTIARY] §f                         §b§lDumpster Diver §7§84 §8➡§b §b5
00:21:38 [BESTIARY] 
00:21:38 [BESTIARY]                                   §r§6§lREWARDS
00:21:38 [BESTIARY]                     §r§8+§r§a2 Dumpster Diver §r§b✯ Magic Find
00:21:38 [BESTIARY]                      §r§8+§r§a2 Dumpster Diver §r§c❁ Strength
00:21:38 [BESTIARY]                         §r§8+§r§62% §r§aDumpster Diver §r§7coins
00:21:38 [BESTIARY]                     §r§8+§r§a50% §r§7chance for extra XP orbs
00:21:38 [BESTIARY]                                §r§8+§r§b1 SkyBlock XP
00:21:38 [BESTIARY] 
00:21:38 [BESTIARY] §3§l▬▬▬▬▬▬▬▬▬▬▬▬▬▬▬▬▬▬▬▬▬▬▬▬▬▬▬▬▬▬▬▬▬▬▬▬▬▬▬▬▬▬▬▬▬▬▬▬▬▬▬▬▬▬▬▬▬▬▬▬▬▬▬▬
00:22:48 [EMPTY]  
00:22:48 [BESTIARY] §f                                  §6§lBESTIARY
00:22:48 [BESTIARY] §f                       §b§lRider of the Deep §7§81 §8➡§b §b2
00:22:48 [BESTIARY] 
00:22:48 [BESTIARY]                                   §r§6§lREWARDS
00:22:48 [BESTIARY]                    §r§8+§r§a2 Rider of the Deep §r§b✯ Magic Find
00:22:48 [BESTIARY]                     §r§8+§r§a2 Rider of the Deep §r§c❁ Strength
00:22:48 [BESTIARY]                        §r§8+§r§62% §r§aRider of the Deep §r§7coins
00:22:48 [BESTIARY]                     §r§8+§r§a50% §r§7chance for extra XP orbs
00:22:48 [BESTIARY]                                §r§8+§r§b1 SkyBlock XP
00:22:48 [BESTIARY] 
00:22:48 [BESTIARY] §3§l▬▬▬▬▬▬▬▬▬▬▬▬▬▬▬▬▬▬▬▬▬▬▬▬▬▬▬▬▬▬▬▬▬▬▬▬▬▬▬▬▬▬▬▬▬▬▬▬▬▬▬▬▬▬▬▬▬▬▬▬▬▬▬▬
00:22:54 [EMPTY]  
00:22:54 [BESTIARY] §f                                  §6§lBESTIARY
00:22:54 [BESTIARY] §f                          §b§lSea Guardian §7§82 §8➡§b §b3
00:22:54 [BESTIARY] 
00:22:54 [BESTIARY]                                   §r§6§lREWARDS
00:22:54 [BESTIARY]                       §r§8+§r§a2 Sea Guardian §r§b✯ Magic Find
00:22:54 [BESTIARY]                       §r§8+§r§a2 Sea Guardian §r§c❁ Strength
00:22:54 [BESTIARY]                           §r§8+§r§62% §r§aSea Guardian §r§7coins
00:22:54 [BESTIARY]                     §r§8+§r§a50% §r§7chance for extra XP orbs
00:22:54 [BESTIARY]                                §r§8+§r§b1 SkyBlock XP
00:22:54 [BESTIARY] 
00:22:54 [BESTIARY] §3§l▬▬▬▬▬▬▬▬▬▬▬▬▬▬▬▬▬▬▬▬▬▬▬▬▬▬▬▬▬▬▬▬▬▬▬▬▬▬▬▬▬▬▬▬▬▬▬▬▬▬▬▬▬▬▬▬▬▬▬▬▬▬▬▬
00:22:55 [SACKS_CHANGE] §6[Sacks] §r§a+1§r§e item§r§e.§r§8 (Last 5s.)
00:22:56 [EMPTY]  
00:22:56 [BESTIARY] §f                                  §6§lBESTIARY
00:22:56 [BESTIARY] §f                             §b§lSea Witch §7§83 §8➡§b §b4
00:22:56 [BESTIARY] 
00:22:56 [BESTIARY]                                   §r§6§lREWARDS
00:22:56 [BESTIARY]                         §r§8+§r§a2 Sea Witch §r§b✯ Magic Find
00:22:56 [BESTIARY]                          §r§8+§r§a2 Sea Witch §r§c❁ Strength
00:22:56 [BESTIARY]                             §r§8+§r§62% §r§aSea Witch §r§7coins
00:22:56 [BESTIARY]                     §r§8+§r§a50% §r§7chance for extra XP orbs
00:22:56 [BESTIARY]                                §r§8+§r§b1 SkyBlock XP
00:22:56 [BESTIARY] 
00:22:56 [BESTIARY] §3§l▬▬▬▬▬▬▬▬▬▬▬▬▬▬▬▬▬▬▬▬▬▬▬▬▬▬▬▬▬▬▬▬▬▬▬▬▬▬▬▬▬▬▬▬▬▬▬▬▬▬▬▬▬▬▬▬▬▬▬▬▬▬▬▬
00:23:04 [SACKS_CHANGE] §6[Sacks] §r§a+3§r§e items§r§e.§r§8 (Last 5s.)
00:23:38 [EMPTY]  
00:23:38 [BESTIARY] §f                                  §6§lBESTIARY
00:23:38 [BESTIARY] §f                            §b§lSea Walker §7§83 §8➡§b §b4
00:23:38 [BESTIARY] 
00:23:38 [BESTIARY]                                   §r§6§lREWARDS
00:23:38 [BESTIARY]                        §r§8+§r§a2 Sea Walker §r§b✯ Magic Find
00:23:38 [BESTIARY]                         §r§8+§r§a2 Sea Walker §r§c❁ Strength
00:23:38 [BESTIARY]                            §r§8+§r§62% §r§aSea Walker §r§7coins
00:23:38 [BESTIARY]                     §r§8+§r§a50% §r§7chance for extra XP orbs
00:23:38 [BESTIARY]                                §r§8+§r§b1 SkyBlock XP
00:23:38 [BESTIARY] 
00:23:38 [BESTIARY] §3§l▬▬▬▬▬▬▬▬▬▬▬▬▬▬▬▬▬▬▬▬▬▬▬▬▬▬▬▬▬▬▬▬▬▬▬▬▬▬▬▬▬▬▬▬▬▬▬▬▬▬▬▬▬▬▬▬▬▬▬▬▬▬▬▬
00:23:42 [GUILD_EXP] §aYou earned §r§2750 GEXP §r§afrom playing SkyBlock!
00:23:44 [SACKS_CHANGE] §6[Sacks] §r§a+1§r§e item§r§e.§r§8 (Last 5s.)
00:24:52 [EMPTY]  
00:24:52 [BESTIARY] §f                                  §6§lBESTIARY
00:24:52 [BESTIARY] §f                         §b§lTrash Gobbler §7§84 §8➡§b §b5
00:24:52 [BESTIARY] 
00:24:52 [BESTIARY]                                   §r§6§lREWARDS
00:24:52 [BESTIARY]                      §r§8+§r§a2 Trash Gobbler §r§b✯ Magic Find
00:24:52 [BESTIARY]                       §r§8+§r§a2 Trash Gobbler §r§c❁ Strength
00:24:52 [BESTIARY]                          §r§8+§r§62% §r§aTrash Gobbler §r§7coins
00:24:52 [BESTIARY]                     §r§8+§r§a50% §r§7chance for extra XP orbs
00:24:52 [BESTIARY]                                §r§8+§r§b1 SkyBlock XP
00:24:52 [BESTIARY] 
00:24:52 [BESTIARY] §3§l▬▬▬▬▬▬▬▬▬▬▬▬▬▬▬▬▬▬▬▬▬▬▬▬▬▬▬▬▬▬▬▬▬▬▬▬▬▬▬▬▬▬▬▬▬▬▬▬▬▬▬▬▬▬▬▬▬▬▬▬▬▬▬▬
00:24:52 [EMPTY]  
00:24:52 [BESTIARY] §f                                  §6§lBESTIARY
00:24:52 [BESTIARY] §f                         §b§lDumpster Diver §7§85 §8➡§b §b6
00:24:52 [BESTIARY] 
00:24:52 [BESTIARY]                                   §r§6§lREWARDS
00:24:52 [BESTIARY]                     §r§8+§r§a3 Dumpster Diver §r§b✯ Magic Find
00:24:52 [BESTIARY]                      §r§8+§r§a3 Dumpster Diver §r§c❁ Strength
00:24:52 [BESTIARY]                         §r§8+§r§62% §r§aDumpster Diver §r§7coins
00:24:52 [BESTIARY]                     §r§8+§r§a50% §r§7chance for extra XP orbs
00:24:52 [BESTIARY]                                §r§8+§r§b1 SkyBlock XP
00:24:52 [BESTIARY] 
00:24:52 [BESTIARY] §3§l▬▬▬▬▬▬▬▬▬▬▬▬▬▬▬▬▬▬▬▬▬▬▬▬▬▬▬▬▬▬▬▬▬▬▬▬▬▬▬▬▬▬▬▬▬▬▬▬▬▬▬▬▬▬▬▬▬▬▬▬▬▬▬▬
00:24:55 [EMPTY]  
00:24:55 [BESTIARY] §f                                  §6§lBESTIARY
00:24:55 [BESTIARY] §f                            §b§lSea Archer §7§83 §8➡§b §b4
00:24:55 [BESTIARY] 
00:24:55 [BESTIARY]                                   §r§6§lREWARDS
00:24:55 [BESTIARY]                        §r§8+§r§a2 Sea Archer §r§b✯ Magic Find
00:24:55 [BESTIARY]                        §r§8+§r§a2 Sea Archer §r§c❁ Strength
00:24:55 [BESTIARY]                            §r§8+§r§62% §r§aSea Archer §r§7coins
00:24:55 [BESTIARY]                     §r§8+§r§a50% §r§7chance for extra XP orbs
00:24:55 [BESTIARY]                                §r§8+§r§b1 SkyBlock XP
00:24:55 [BESTIARY] 
00:24:55 [BESTIARY]   §r§f                         §6§lBESTIARY MILESTONE
00:24:55 [BESTIARY]   §r§f                                    §882➡§e83
00:24:55 [BESTIARY] §6§lBESTIARY MILESTONE §882➡§e83
00:24:55 [BESTIARY] §6§lBESTIARY MILESTONE §882➡§e83
00:24:55 [BESTIARY] §6§lBESTIARY MILESTONE §882➡§e83
00:24:55 [BESTIARY] §6§lBESTIARY MILESTONE §882➡§e83
00:24:55 [BESTIARY] 
00:25:00 [SACKS_CHANGE] §6[Sacks] §r§a+7§r§e items§r§e.§r§8 (Last 5s.)
00:25:56 [EMPTY] §8 §r§8 §r§1 §r§3 §r§3 §r§7 §r§8 
00:25:57 [EMPTY]  
00:25:57 [EMPTY]   
00:25:59 [PROFILE_JOIN] §aYou are playing on profile: §eLemon§b (Co-op)
00:25:59 [PROFILE_JOIN] §8Profile ID: 62b760d8-92b6-4501-ada0-1fd8583f5266
00:26:01 [EMPTY]  
00:26:01 [EMPTY]  
00:26:01 [EMPTY]  
00:26:03 [EMPTY]  
00:26:03 [EMPTY]  
00:26:03 [EMPTY]  
00:26:05 [EMPTY]  
00:26:05 [EMPTY]  
00:26:05 [EMPTY]  
00:26:42 [EMPTY] §8 §r§8 §r§1 §r§3 §r§3 §r§7 §r§8 
00:26:45 [PROFILE_JOIN] §aYou are playing on profile: §eLemon§b (Co-op)
00:26:45 [PROFILE_JOIN] §8Profile ID: 62b760d8-92b6-4501-ada0-1fd8583f5266
00:27:42 [EMPTY] §8 §r§8 §r§1 §r§3 §r§3 §r§7 §r§8 
00:27:45 [PROFILE_JOIN] §aYou are playing on profile: §eLemon§b (Co-op)
00:27:45 [PROFILE_JOIN] §8Profile ID: 62b760d8-92b6-4501-ada0-1fd8583f5266
00:29:03 [EMPTY] §8 §r§8 §r§1 §r§3 §r§3 §r§7 §r§8 
00:29:06 [PROFILE_JOIN] §aYou are playing on profile: §eLemon§b (Co-op)
00:29:06 [PROFILE_JOIN] §8Profile ID: 62b760d8-92b6-4501-ada0-1fd8583f5266
00:30:52 [EMPTY] §8 §r§8 §r§1 §r§3 §r§3 §r§7 §r§8 
00:30:56 [PROFILE_JOIN] §aYou are playing on profile: §eLemon§b (Co-op)
00:30:56 [PROFILE_JOIN] §8Profile ID: 62b760d8-92b6-4501-ada0-1fd8583f5266
00:31:26 [EMPTY] §8 §r§8 §r§1 §r§3 §r§3 §r§7 §r§8 
00:31:29 [PROFILE_JOIN] §aYou are playing on profile: §eLemon§b (Co-op)
00:31:29 [PROFILE_JOIN] §8Profile ID: 62b760d8-92b6-4501-ada0-1fd8583f5266
00:33:06 [EMPTY]  
00:33:06 [BESTIARY] §f                                  §6§lBESTIARY
00:33:06 [BESTIARY] §f                          §b§lSea Guardian §7§83 §8➡§b §b4
00:33:06 [BESTIARY] 
00:33:06 [BESTIARY]                                   §r§6§lREWARDS
00:33:06 [BESTIARY]                       §r§8+§r§a2 Sea Guardian §r§b✯ Magic Find
00:33:06 [BESTIARY]                       §r§8+§r§a2 Sea Guardian §r§c❁ Strength
00:33:06 [BESTIARY]                           §r§8+§r§62% §r§aSea Guardian §r§7coins
00:33:06 [BESTIARY]                     §r§8+§r§a50% §r§7chance for extra XP orbs
00:33:06 [BESTIARY]                                §r§8+§r§b1 SkyBlock XP
00:33:06 [BESTIARY] 
00:33:06 [BESTIARY] §3§l▬▬▬▬▬▬▬▬▬▬▬▬▬▬▬▬▬▬▬▬▬▬▬▬▬▬▬▬▬▬▬▬▬▬▬▬▬▬▬▬▬▬▬▬▬▬▬▬▬▬▬▬▬▬▬▬▬▬▬▬▬▬▬▬
00:34:54 [EMPTY]  
00:34:54 [BESTIARY] §f                                  §6§lBESTIARY
00:34:54 [BESTIARY] §f                         §b§lTrash Gobbler §7§85 §8➡§b §b6
00:34:54 [BESTIARY] 
00:34:54 [BESTIARY]                                   §r§6§lREWARDS
00:34:54 [BESTIARY]                      §r§8+§r§a3 Trash Gobbler §r§b✯ Magic Find
00:34:54 [BESTIARY]                       §r§8+§r§a3 Trash Gobbler §r§c❁ Strength
00:34:54 [BESTIARY]                          §r§8+§r§62% §r§aTrash Gobbler §r§7coins
00:34:54 [BESTIARY]                     §r§8+§r§a50% §r§7chance for extra XP orbs
00:34:54 [BESTIARY]                                §r§8+§r§b1 SkyBlock XP
00:34:54 [BESTIARY] 
00:34:54 [BESTIARY] §3§l▬▬▬▬▬▬▬▬▬▬▬▬▬▬▬▬▬▬▬▬▬▬▬▬▬▬▬▬▬▬▬▬▬▬▬▬▬▬▬▬▬▬▬▬▬▬▬▬▬▬▬▬▬▬▬▬▬▬▬▬▬▬▬▬
00:36:27 [GUILD_EXP] §aYou earned §r§2406 GEXP §r§afrom playing SkyBlock!
00:39:54 [EMPTY]  
00:39:54 [BESTIARY] §f                                  §6§lBESTIARY
00:39:54 [BESTIARY] §f                            §b§lSea Leech §7§81 §8➡§b §b2
00:39:54 [BESTIARY] 
00:39:54 [BESTIARY]                                   §r§6§lREWARDS
00:39:54 [BESTIARY]                        §r§8+§r§a2 Sea Leech §r§b✯ Magic Find
00:39:54 [BESTIARY]                         §r§8+§r§a2 Sea Leech §r§c❁ Strength
00:39:54 [BESTIARY]                            §r§8+§r§62% §r§aSea Leech §r§7coins
00:39:54 [BESTIARY]                     §r§8+§r§a50% §r§7chance for extra XP orbs
00:39:54 [BESTIARY]                                §r§8+§r§b1 SkyBlock XP
00:39:54 [BESTIARY] 
00:39:54 [BESTIARY] §3§l▬▬▬▬▬▬▬▬▬▬▬▬▬▬▬▬▬▬▬▬▬▬▬▬▬▬▬▬▬▬▬▬▬▬▬▬▬▬▬▬▬▬▬▬▬▬▬▬▬▬▬▬▬▬▬▬▬▬▬▬▬▬▬▬
00:40:17 [EMPTY]  
00:40:17 [BESTIARY] §f                                  §6§lBESTIARY
00:40:17 [BESTIARY] §f                             §b§lSea Witch §7§84 §8➡§b §b5
00:40:17 [BESTIARY] 
00:40:17 [BESTIARY]                                   §r§6§lREWARDS
00:40:17 [BESTIARY]                         §r§8+§r§a2 Sea Witch §r§b✯ Magic Find
00:40:17 [BESTIARY]                          §r§8+§r§a2 Sea Witch §r§c❁ Strength
00:40:17 [BESTIARY]                             §r§8+§r§62% §r§aSea Witch §r§7coins
00:40:17 [BESTIARY]                     §r§8+§r§a50% §r§7chance for extra XP orbs
00:40:17 [BESTIARY]                                §r§8+§r§b1 SkyBlock XP
00:40:17 [BESTIARY] 
00:40:17 [BESTIARY] §3§l▬▬▬▬▬▬▬▬▬▬▬▬▬▬▬▬▬▬▬▬▬▬▬▬▬▬▬▬▬▬▬▬▬▬▬▬▬▬▬▬▬▬▬▬▬▬▬▬▬▬▬▬▬▬▬▬▬▬▬▬▬▬▬▬
00:41:17 [EMPTY] §8 §r§8 §r§1 §r§3 §r§3 §r§7 §r§8 
00:41:20 [PROFILE_JOIN] §aYou are playing on profile: §eLemon§b (Co-op)
00:41:20 [PROFILE_JOIN] §8Profile ID: 62b760d8-92b6-4501-ada0-1fd8583f5266
