21:44:04 §e[SkyHanni] Reloaded 7,558 items in the NEU repo
21:46:37 §e[SkyHanni] You have gained §b357 §eBits.
22:04:04 §6§lBESTIARY §r§b§lAutomaton §7§89 §8➡§b §b10
22:07:33 §e[SkyHanni] Profit for Crystal Nucleus Run§e: §c-587k
22:07:33 §e[SkyHanni] You have gained §b29 §eBits.
22:15:27 §e[SkyHanni] You have gained §b14 §eBits.
22:17:18 §e[SkyHanni] You have gained §b357 §eBits.
22:41:24 §e[SkyHanni] You have gained §b43 §eBits.
22:45:11 §6§lBESTIARY §r§b§lZealot §7§813 §8➡§b §b14
22:47:42 §e[SkyHanni] You have gained §b357 §eBits.
23:17:45 §e[SkyHanni] You have gained §b357 §eBits.
23:19:52 §e[SkyHanni] You have gained §b43 §eBits.
23:28:55 §6§lBESTIARY §r§b§lZealot §7§814 §8➡§b §b15
23:47:48 §6§lBESTIARY §r§b§lZealot §7§815 §8➡§b §b16
23:48:03 §e[SkyHanni] You have gained §b357 §eBits.
00:17:53 §6§lBESTIARY §r§b§lSea Witch §7§b1
00:17:55 §6§lBESTIARY §r§b§lSea Guardian §7§81 §8➡§b §b2
00:17:55 §6§lBESTIARY §r§b§lCatfish §7§81 §8➡§b §b2
00:17:56 §6§lBESTIARY §r§b§lSea Witch §7§81 §8➡§b §b2
00:18:00 §6§lBESTIARY §r§b§lTrash Gobbler §7§83 §8➡§b §b4
00:18:01 §6§lBESTIARY MILESTONE §880➡§e81
00:18:01 §6§lBESTIARY MILESTONE §880➡§e81
00:18:01 §6§lBESTIARY MILESTONE §880➡§e81
00:18:01 §6§lBESTIARY MILESTONE §880➡§e81
00:18:01 §6§lBESTIARY MILESTONE §880➡§e81
00:18:05 §6§lBESTIARY §r§b§lBayou Sludge §7§81 §8➡§b §b2
00:18:08 §6§lBESTIARY §r§b§lRider of the Deep §7§b1
00:18:25 §e[SkyHanni] You have gained §b357 §eBits.
00:19:23 §6§lBESTIARY §r§b§lSea Walker §7§82 §8➡§b §b3
00:19:26 §6§lBESTIARY §r§b§lSea Witch §7§82 §8➡§b §b3
00:19:26 §6§lBESTIARY §r§b§lBanshee §7§82 §8➡§b §b3
00:19:39 §6§lBESTIARY §r§b§lDumpster Diver §7§83 §8➡§b §b4
00:19:48 §6§lBESTIARY §r§b§lCatfish §7§82 §8➡§b §b3
00:20:01 §6§lBESTIARY §r§b§lSea Archer §7§82 §8➡§b §b3
00:20:02 §6§lBESTIARY §r§b§lSquid §7§81 §8➡§b §b2
00:20:03 §6§lBESTIARY MILESTONE §881➡§e82
00:20:03 §6§lBESTIARY MILESTONE §881➡§e82
00:20:03 §6§lBESTIARY MILESTONE §881➡§e82
00:20:03 §6§lBESTIARY MILESTONE §881➡§e82
00:20:03 §6§lBESTIARY MILESTONE §881➡§e82
00:20:03 §6§lBESTIARY §r§b§lDeep Sea Protector §7§b1
00:20:08 §6§lBESTIARY §r§b§lAgarimoo §7§b1
00:21:38 §6§lBESTIARY §r§b§lDumpster Diver §7§84 §8➡§b §b5
00:22:48 §6§lBESTIARY §r§b§lRider of the Deep §7§81 §8➡§b §b2
00:22:54 §6§lBESTIARY §r§b§lSea Guardian §7§82 §8➡§b §b3
00:22:56 §6§lBESTIARY §r§b§lSea Witch §7§83 §8➡§b §b4
00:23:38 §6§lBESTIARY §r§b§lSea Walker §7§83 §8➡§b §b4
00:24:52 §6§lBESTIARY §r§b§lTrash Gobbler §7§84 §8➡§b §b5
00:24:52 §6§lBESTIARY §r§b§lDumpster Diver §7§85 §8➡§b §b6
00:24:55 §6§lBESTIARY MILESTONE §882➡§e83
00:24:55 §6§lBESTIARY MILESTONE §882➡§e83
00:24:55 §6§lBESTIARY MILESTONE §882➡§e83
00:24:55 §6§lBESTIARY MILESTONE §882➡§e83
00:24:55 §6§lBESTIARY MILESTONE §882➡§e83
00:33:06 §6§lBESTIARY §r§b§lSea Archer §7§83 §8➡§b §b4
00:34:54 §6§lBESTIARY §r§b§lTrash Gobbler §7§85 §8➡§b §b6
00:39:54 §6§lBESTIARY §r§b§lSea Leech §7§81 §8➡§b §b2
00:40:17 §6§lBESTIARY §r§b§lSea Witch §7§84 §8➡§b §b5
