23:29:34 §f                                  §6§lBESTIARY
23:29:34 §f                            §b§lEnderman §7§819 §8➡§b §b20
23:29:34 
23:29:34                                   §r§6§lREWARDS
23:29:34                         §r§8+§r§a5 Enderman §r§b✯ Magic Find
23:29:34                          §r§8+§r§a5 Enderman §r§c❁ Strength
23:29:34                             §r§8+§r§62% §r§aEnderman §r§7coins
23:29:34                     §r§8+§r§a50% §r§7chance for extra XP orbs
23:29:34                                §r§8+§r§b1 SkyBlock XP
23:29:34 
23:29:34 §3§l▬▬▬▬▬▬▬▬▬▬▬▬▬▬▬▬▬▬▬▬▬▬▬▬▬▬▬▬▬▬▬▬▬▬▬▬▬▬▬▬▬▬▬▬▬▬▬▬▬▬▬▬▬▬▬▬▬▬▬▬▬▬▬▬
23:34:46 §f                                  §6§lBESTIARY
23:34:46 §f                             §b§lDragon §7§810 §8➡§b §b11
23:34:46 
23:34:46                                   §r§6§lREWARDS
23:34:46                          §r§8+§r§a4 Dragon §r§b✯ Magic Find
23:34:46                           §r§8+§r§a4 Dragon §r§c❁ Strength
23:34:46                              §r§8+§r§62% §r§aDragon §r§7coins
23:34:46                     §r§8+§r§a50% §r§7chance for extra XP orbs
23:34:46                                §r§8+§r§b1 SkyBlock XP
23:34:46 
23:34:46 §3§l▬▬▬▬▬▬▬▬▬▬▬▬▬▬▬▬▬▬▬▬▬▬▬▬▬▬▬▬▬▬▬▬▬▬▬▬▬▬▬▬▬▬▬▬▬▬▬▬▬▬▬▬▬▬▬▬▬▬▬▬▬▬▬▬
23:59:30 §f                                  §6§lBESTIARY
23:59:30 §f                           §b§lEndermite §7§818 §8➡§b §b19
23:59:30 
23:59:30                                   §r§6§lREWARDS
23:59:30                         §r§8+§r§a5 Endermite §r§b✯ Magic Find
23:59:30                          §r§8+§r§a5 Endermite §r§c❁ Strength
23:59:30                             §r§8+§r§62% §r§aEndermite §r§7coins
23:59:30                     §r§8+§r§a50% §r§7chance for extra XP orbs
23:59:30                                §r§8+§r§b1 SkyBlock XP
23:59:30 
23:59:30 §3§l▬▬▬▬▬▬▬▬▬▬▬▬▬▬▬▬▬▬▬▬▬▬▬▬▬▬▬▬▬▬▬▬▬▬▬▬▬▬▬▬▬▬▬▬▬▬▬▬▬▬▬▬▬▬▬▬▬▬▬▬▬▬▬▬
