21:47:58 §f §r§r§r§f §r§r§r§1 §r§r§r§0 §r§r§r§2 §r§r§r§f §r§r§r§f §r§r§r§2 §r§r§r§0 §r§r§r§4 §r§r§r§3 §r§r§r§9 §r§r§r§2 §r§r§r§0 §r§r§r§0 §r§r§r§3 §r§r§r§9 §r§r§r§2 §r§r§r§0 §r§r§r§0 §r§r§r§3 §r§r§r§9 §r§r§r§2 §r§r§r§0 §r§r§r§0 
21:48:03 §8 §r§8 §r§1 §r§3 §r§3 §r§7 §r§8 
21:48:05 
21:48:05 
21:51:15 §8 §r§8 §r§1 §r§3 §r§3 §r§7 §r§8 
21:52:05 §8 §r§8 §r§1 §r§3 §r§3 §r§7 §r§8 
21:53:41 §8 §r§8 §r§1 §r§3 §r§3 §r§7 §r§8 
21:53:44 §8 §r§8 §r§1 §r§3 §r§3 §r§7 §r§8 
21:54:18  
21:54:18  
21:54:18  
21:54:31 §8 §r§8 §r§1 §r§3 §r§3 §r§7 §r§8 
21:55:36 §8 §r§8 §r§1 §r§3 §r§3 §r§7 §r§8 
21:55:40 §8 §r§8 §r§1 §r§3 §r§3 §r§7 §r§8 
21:57:32 §8 §r§8 §r§1 §r§3 §r§3 §r§7 §r§8 
21:57:42 §8 §r§8 §r§1 §r§3 §r§3 §r§7 §r§8 
21:57:46 §8 §r§8 §r§1 §r§3 §r§3 §r§7 §r§8 
22:38:00 §8 §r§8 §r§1 §r§3 §r§3 §r§7 §r§8 
22:38:30 §8 §r§8 §r§1 §r§3 §r§3 §r§7 §r§8 
22:40:17 
22:42:25 
22:42:48 
22:44:24 
22:44:33 
22:45:26 
22:45:34 
22:47:04 
22:47:14 
22:48:45 
22:49:09  
22:49:09  
22:49:09  
22:49:29 
22:50:50 
22:51:42 
22:52:57 
22:53:11 
22:53:46 
22:54:22 §8 §r§8 §r§1 §r§3 §r§3 §r§7 §r§8 
22:54:46 §8 §r§8 §r§1 §r§3 §r§3 §r§7 §r§8 
22:55:45 §8 §r§8 §r§1 §r§3 §r§3 §r§7 §r§8 
22:55:53 §8 §r§8 §r§1 §r§3 §r§3 §r§7 §r§8 
22:56:01 §8 §r§8 §r§1 §r§3 §r§3 §r§7 §r§8 
22:56:09 §8 §r§8 §r§1 §r§3 §r§3 §r§7 §r§8 
22:56:15 §8 §r§8 §r§1 §r§3 §r§3 §r§7 §r§8 
22:56:22 §8 §r§8 §r§1 §r§3 §r§3 §r§7 §r§8 
22:56:29 §8 §r§8 §r§1 §r§3 §r§3 §r§7 §r§8 
22:56:37 §8 §r§8 §r§1 §r§3 §r§3 §r§7 §r§8 
22:57:16 §8 §r§8 §r§1 §r§3 §r§3 §r§7 §r§8 
22:57:26 §8 §r§8 §r§1 §r§3 §r§3 §r§7 §r§8 
22:57:42 §8 §r§8 §r§1 §r§3 §r§3 §r§7 §r§8 
22:57:59 §8 §r§8 §r§1 §r§3 §r§3 §r§7 §r§8 
23:00:35 §8 §r§8 §r§1 §r§3 §r§3 §r§7 §r§8 
23:01:49 
23:01:49 §c
23:03:00 §8 §r§8 §r§1 §r§3 §r§3 §r§7 §r§8 
23:03:52 
23:03:52 
23:03:52 
23:03:52 
23:05:45  
23:05:45  
23:05:45  
23:12:26 §8 §r§8 §r§1 §r§3 §r§3 §r§7 §r§8 
23:12:41 §8 §r§8 §r§1 §r§3 §r§3 §r§7 §r§8 
23:13:03 §8 §r§8 §r§1 §r§3 §r§3 §r§7 §r§8 
23:16:07 §8 §r§8 §r§1 §r§3 §r§3 §r§7 §r§8 
23:17:03 
23:17:09 
23:17:41 
23:18:20 §8 §r§8 §r§1 §r§3 §r§3 §r§7 §r§8 
23:19:33 §8 §r§8 §r§1 §r§3 §r§3 §r§7 §r§8 
23:24:27 §8 §r§8 §r§1 §r§3 §r§3 §r§7 §r§8 
23:29:34  
23:30:24 §8 §r§8 §r§1 §r§3 §r§3 §r§7 §r§8 
23:31:03 §8 §r§8 §r§1 §r§3 §r§3 §r§7 §r§8 
23:31:59 §8 §r§8 §r§1 §r§3 §r§3 §r§7 §r§8 
23:32:05 §8 §r§8 §r§1 §r§3 §r§3 §r§7 §r§8 
23:32:18 §8 §r§8 §r§1 §r§3 §r§3 §r§7 §r§8 
23:32:25 §8 §r§8 §r§1 §r§3 §r§3 §r§7 §r§8 
23:32:35 §8 §r§8 §r§1 §r§3 §r§3 §r§7 §r§8 
23:32:49 §8 §r§8 §r§1 §r§3 §r§3 §r§7 §r§8 
23:33:34 
23:33:34 
23:33:34 
23:33:34 
23:34:46 
23:34:46 
23:34:46 
23:34:46 
23:34:46  
23:35:20 §8 §r§8 §r§1 §r§3 §r§3 §r§7 §r§8 
23:35:36 §8 §r§8 §r§1 §r§3 §r§3 §r§7 §r§8 
23:36:07 
23:46:55 
23:46:55 
23:46:55 
23:46:55 
23:48:47 §8 §r§8 §r§1 §r§3 §r§3 §r§7 §r§8 
23:49:35 §8 §r§8 §r§1 §r§3 §r§3 §r§7 §r§8 
23:49:49 §8 §r§8 §r§1 §r§3 §r§3 §r§7 §r§8 
23:50:50 
23:50:50 
23:50:50 
23:50:50 
23:52:55 §8 §r§8 §r§1 §r§3 §r§3 §r§7 §r§8 
23:53:15 §8 §r§8 §r§1 §r§3 §r§3 §r§7 §r§8 
23:53:23 §8 §r§8 §r§1 §r§3 §r§3 §r§7 §r§8 
23:53:30 §8 §r§8 §r§1 §r§3 §r§3 §r§7 §r§8 
23:59:30  
00:03:31 §8 §r§8 §r§1 §r§3 §r§3 §r§7 §r§8 
00:04:08 §8 §r§8 §r§1 §r§3 §r§3 §r§7 §r§8 
00:04:25 §8 §r§8 §r§1 §r§3 §r§3 §r§7 §r§8 
00:07:12 
00:07:12 
00:07:12 
00:07:12 
00:07:21 §8 §r§8 §r§1 §r§3 §r§3 §r§7 §r§8 
00:07:42 §8 §r§8 §r§1 §r§3 §r§3 §r§7 §r§8 
00:12:57 §8 §r§8 §r§1 §r§3 §r§3 §r§7 §r§8 
00:13:13 §8 §r§8 §r§1 §r§3 §r§3 §r§7 §r§8 
00:13:38 §8 §r§8 §r§1 §r§3 §r§3 §r§7 §r§8 
00:14:08 §8 §r§8 §r§1 §r§3 §r§3 §r§7 §r§8 
00:14:11 
00:14:11 
00:14:11 
00:14:11 
00:15:28 
00:15:28 
00:15:28 
00:15:28 
00:16:17 §8 §r§8 §r§1 §r§3 §r§3 §r§7 §r§8 
00:16:49 §8 §r§8 §r§1 §r§3 §r§3 §r§7 §r§8 
00:19:41 
00:19:41 
00:19:41 
00:19:41 
00:23:43 §8 §r§8 §r§1 §r§3 §r§3 §r§7 §r§8 
00:23:53 §8 §r§8 §r§1 §r§3 §r§3 §r§7 §r§8 
00:28:46 §8 §r§8 §r§1 §r§3 §r§3 §r§7 §r§8 
00:29:39 §8 §r§8 §r§1 §r§3 §r§3 §r§7 §r§8 
00:31:19 §8 §r§8 §r§1 §r§3 §r§3 §r§7 §r§8 
00:31:44  
00:31:44  
00:31:44  
00:32:19 §8 §r§8 §r§1 §r§3 §r§3 §r§7 §r§8 
00:32:33 §8 §r§8 §r§1 §r§3 §r§3 §r§7 §r§8 
00:32:37 §8 §r§8 §r§1 §r§3 §r§3 §r§7 §r§8 
00:34:11 §8 §r§8 §r§1 §r§3 §r§3 §r§7 §r§8 
00:34:41 §8 §r§8 §r§1 §r§3 §r§3 §r§7 §r§8 
00:35:14 §8 §r§8 §r§1 §r§3 §r§3 §r§7 §r§8 
00:35:20 §8 §r§8 §r§1 §r§3 §r§3 §r§7 §r§8 
00:37:31 
00:37:31 
00:37:33 
00:37:33 
00:37:35 
00:37:35 
00:37:41 
00:37:41 
