21:48:08 §bNew day! §r§eYour §r§2Lottery §r§ebuff changed!
21:48:08 §eNew buff§r§r§r: §r§fGain §r§a+50 §r§6☘ Fig Fortune§r§f.
21:48:08 §8§oYou can disable this messaging by toggling Lottery in your /hotf!
21:51:20 §bNew day! §r§eYour §r§2Lottery §r§ebuff changed!
21:51:20 §eNew buff§r§r§r: §r§fGain §r§a+50 §r§6☘ Fig Fortune§r§f.
21:51:20 §8§oYou can disable this messaging by toggling Lottery in your /hotf!
21:52:10 §bNew day! §r§eYour §r§2Lottery §r§ebuff changed!
21:52:10 §eNew buff§r§r§r: §r§fGain §r§a+50 §r§6☘ Fig Fortune§r§f.
21:52:10 §8§oYou can disable this messaging by toggling Lottery in your /hotf!
21:53:49 §bNew day! §r§eYour §r§2Lottery §r§ebuff changed!
21:53:49 §eNew buff§r§r§r: §r§fGain §r§a+50 §r§6☘ Fig Fortune§r§f.
21:53:49 §8§oYou can disable this messaging by toggling Lottery in your /hotf!
21:54:36 §bNew day! §r§eYour §r§2Lottery §r§ebuff changed!
21:54:36 §eNew buff§r§r§r: §r§fGain §r§a+50 §r§6☘ Fig Fortune§r§f.
21:54:36 §8§oYou can disable this messaging by toggling Lottery in your /hotf!
21:55:01 §bNew day! §r§eYour §r§2Lottery §r§ebuff changed!
21:55:01 §eNew buff§r§r§r: §r§fGain §r§a+50 §r§6☘ Fig Fortune§r§f.
21:55:01 §8§oYou can disable this messaging by toggling Lottery in your /hotf!
21:55:45 §bNew day! §r§eYour §r§2Lottery §r§ebuff changed!
21:55:45 §eNew buff§r§r§r: §r§fGain §r§a+50 §r§6☘ Fig Fortune§r§f.
21:55:45 §8§oYou can disable this messaging by toggling Lottery in your /hotf!
21:57:37 §bNew day! §r§eYour §r§2Lottery §r§ebuff changed!
21:57:37 §eNew buff§r§r§r: §r§fGain §r§a+50 §r§6☘ Fig Fortune§r§f.
21:57:37 §8§oYou can disable this messaging by toggling Lottery in your /hotf!
21:57:51 §bNew day! §r§eYour §r§2Lottery §r§ebuff changed!
21:57:51 §eNew buff§r§r§r: §r§fGain §r§a+50 §r§6☘ Fig Fortune§r§f.
21:57:51 §8§oYou can disable this messaging by toggling Lottery in your /hotf!
22:15:01 §bNew day! §r§eYour §r§2Lottery §r§ebuff changed!
22:15:01 §eNew buff§r§r§r: §r§fGain §r§a+50 §r§6☘ Fig Fortune§r§f.
22:15:01 §8§oYou can disable this messaging by toggling Lottery in your /hotf!
22:35:01 §bNew day! §r§eYour §r§2Lottery §r§ebuff changed!
22:35:01 §eNew buff§r§r§r: §r§fGain §r§a+5% §r§2∮ Sweep§r§f.
22:35:01 §8§oYou can disable this messaging by toggling Lottery in your /hotf!
22:38:05 §bNew day! §r§eYour §r§2Lottery §r§ebuff changed!
22:38:05 §eNew buff§r§r§r: §r§fGain §r§a+5% §r§2∮ Sweep§r§f.
22:38:05 §8§oYou can disable this messaging by toggling Lottery in your /hotf!
22:38:35 §bNew day! §r§eYour §r§2Lottery §r§ebuff changed!
22:38:35 §eNew buff§r§r§r: §r§fGain §r§a+5% §r§2∮ Sweep§r§f.
22:38:35 §8§oYou can disable this messaging by toggling Lottery in your /hotf!
22:54:27 §bNew day! §r§eYour §r§2Lottery §r§ebuff changed!
22:54:27 §eNew buff§r§r§r: §r§fGain §r§a+5% §r§2∮ Sweep§r§f.
22:54:27 §8§oYou can disable this messaging by toggling Lottery in your /hotf!
22:54:51 §bNew day! §r§eYour §r§2Lottery §r§ebuff changed!
22:54:51 §eNew buff§r§r§r: §r§fGain §r§a+5% §r§2∮ Sweep§r§f.
22:54:51 §8§oYou can disable this messaging by toggling Lottery in your /hotf!
22:55:01 §bNew day! §r§eYour §r§2Lottery §r§ebuff changed!
22:55:01 §eNew buff§r§r§r: §r§fGain §r§a+5% §r§2∮ Sweep§r§f.
22:55:01 §8§oYou can disable this messaging by toggling Lottery in your /hotf!
22:55:50 §bNew day! §r§eYour §r§2Lottery §r§ebuff changed!
22:55:50 §eNew buff§r§r§r: §r§fGain §r§a+5% §r§2∮ Sweep§r§f.
22:55:50 §8§oYou can disable this messaging by toggling Lottery in your /hotf!
22:55:58 §bNew day! §r§eYour §r§2Lottery §r§ebuff changed!
22:55:58 §eNew buff§r§r§r: §r§fGain §r§a+5% §r§2∮ Sweep§r§f.
22:55:58 §8§oYou can disable this messaging by toggling Lottery in your /hotf!
22:56:06 §bNew day! §r§eYour §r§2Lottery §r§ebuff changed!
22:56:06 §eNew buff§r§r§r: §r§fGain §r§a+5% §r§2∮ Sweep§r§f.
22:56:06 §8§oYou can disable this messaging by toggling Lottery in your /hotf!
22:56:14 §bNew day! §r§eYour §r§2Lottery §r§ebuff changed!
22:56:14 §eNew buff§r§r§r: §r§fGain §r§a+5% §r§2∮ Sweep§r§f.
22:56:14 §8§oYou can disable this messaging by toggling Lottery in your /hotf!
22:56:20 §bNew day! §r§eYour §r§2Lottery §r§ebuff changed!
22:56:20 §eNew buff§r§r§r: §r§fGain §r§a+5% §r§2∮ Sweep§r§f.
22:56:20 §8§oYou can disable this messaging by toggling Lottery in your /hotf!
22:56:27 §bNew day! §r§eYour §r§2Lottery §r§ebuff changed!
22:56:27 §eNew buff§r§r§r: §r§fGain §r§a+5% §r§2∮ Sweep§r§f.
22:56:27 §8§oYou can disable this messaging by toggling Lottery in your /hotf!
22:56:34 §bNew day! §r§eYour §r§2Lottery §r§ebuff changed!
22:56:34 §eNew buff§r§r§r: §r§fGain §r§a+5% §r§2∮ Sweep§r§f.
22:56:34 §8§oYou can disable this messaging by toggling Lottery in your /hotf!
22:57:20 §bNew day! §r§eYour §r§2Lottery §r§ebuff changed!
22:57:20 §eNew buff§r§r§r: §r§fGain §r§a+5% §r§2∮ Sweep§r§f.
22:57:20 §8§oYou can disable this messaging by toggling Lottery in your /hotf!
22:57:47 §bNew day! §r§eYour §r§2Lottery §r§ebuff changed!
22:57:47 §eNew buff§r§r§r: §r§fGain §r§a+5% §r§2∮ Sweep§r§f.
22:57:47 §8§oYou can disable this messaging by toggling Lottery in your /hotf!
22:58:05 §bNew day! §r§eYour §r§2Lottery §r§ebuff changed!
22:58:05 §eNew buff§r§r§r: §r§fGain §r§a+5% §r§2∮ Sweep§r§f.
22:58:05 §8§oYou can disable this messaging by toggling Lottery in your /hotf!
23:00:40 §bNew day! §r§eYour §r§2Lottery §r§ebuff changed!
23:00:40 §eNew buff§r§r§r: §r§fGain §r§a+5% §r§2∮ Sweep§r§f.
23:00:40 §8§oYou can disable this messaging by toggling Lottery in your /hotf!
23:03:05 §bNew day! §r§eYour §r§2Lottery §r§ebuff changed!
23:03:05 §eNew buff§r§r§r: §r§fGain §r§a+5% §r§2∮ Sweep§r§f.
23:03:05 §8§oYou can disable this messaging by toggling Lottery in your /hotf!
23:12:31 §bNew day! §r§eYour §r§2Lottery §r§ebuff changed!
23:12:31 §eNew buff§r§r§r: §r§fGain §r§a+5% §r§2∮ Sweep§r§f.
23:12:31 §8§oYou can disable this messaging by toggling Lottery in your /hotf!
23:12:46 §bNew day! §r§eYour §r§2Lottery §r§ebuff changed!
23:12:46 §eNew buff§r§r§r: §r§fGain §r§a+5% §r§2∮ Sweep§r§f.
23:12:46 §8§oYou can disable this messaging by toggling Lottery in your /hotf!
23:13:08 §bNew day! §r§eYour §r§2Lottery §r§ebuff changed!
23:13:08 §eNew buff§r§r§r: §r§fGain §r§a+5% §r§2∮ Sweep§r§f.
23:13:08 §8§oYou can disable this messaging by toggling Lottery in your /hotf!
23:15:00 §bNew day! §r§eYour §r§2Lottery §r§ebuff changed!
23:15:00 §eNew buff§r§r§r: §r§fGain §r§a+5% §r§2∮ Sweep§r§f.
23:15:00 §8§oYou can disable this messaging by toggling Lottery in your /hotf!
23:18:25 §bNew day! §r§eYour §r§2Lottery §r§ebuff changed!
23:18:25 §eNew buff§r§r§r: §r§fGain §r§a+5% §r§2∮ Sweep§r§f.
23:18:25 §8§oYou can disable this messaging by toggling Lottery in your /hotf!
23:19:38 §bNew day! §r§eYour §r§2Lottery §r§ebuff changed!
23:19:38 §eNew buff§r§r§r: §r§fGain §r§a+5% §r§2∮ Sweep§r§f.
23:19:38 §8§oYou can disable this messaging by toggling Lottery in your /hotf!
23:24:32 §bNew day! §r§eYour §r§2Lottery §r§ebuff changed!
23:24:32 §eNew buff§r§r§r: §r§fGain §r§a+5% §r§2∮ Sweep§r§f.
23:24:32 §8§oYou can disable this messaging by toggling Lottery in your /hotf!
23:30:29 §bNew day! §r§eYour §r§2Lottery §r§ebuff changed!
23:30:29 §eNew buff§r§r§r: §r§fGain §r§a+5% §r§2∮ Sweep§r§f.
23:30:29 §8§oYou can disable this messaging by toggling Lottery in your /hotf!
23:31:08 §bNew day! §r§eYour §r§2Lottery §r§ebuff changed!
23:31:08 §eNew buff§r§r§r: §r§fGain §r§a+5% §r§2∮ Sweep§r§f.
23:31:08 §8§oYou can disable this messaging by toggling Lottery in your /hotf!
23:32:04 §bNew day! §r§eYour §r§2Lottery §r§ebuff changed!
23:32:04 §eNew buff§r§r§r: §r§fGain §r§a+5% §r§2∮ Sweep§r§f.
23:32:04 §8§oYou can disable this messaging by toggling Lottery in your /hotf!
23:32:09 §bNew day! §r§eYour §r§2Lottery §r§ebuff changed!
23:32:09 §eNew buff§r§r§r: §r§fGain §r§a+5% §r§2∮ Sweep§r§f.
23:32:09 §8§oYou can disable this messaging by toggling Lottery in your /hotf!
23:32:23 §bNew day! §r§eYour §r§2Lottery §r§ebuff changed!
23:32:23 §eNew buff§r§r§r: §r§fGain §r§a+5% §r§2∮ Sweep§r§f.
23:32:23 §8§oYou can disable this messaging by toggling Lottery in your /hotf!
23:32:30 §bNew day! §r§eYour §r§2Lottery §r§ebuff changed!
23:32:30 §eNew buff§r§r§r: §r§fGain §r§a+5% §r§2∮ Sweep§r§f.
23:32:30 §8§oYou can disable this messaging by toggling Lottery in your /hotf!
23:32:40 §bNew day! §r§eYour §r§2Lottery §r§ebuff changed!
23:32:40 §eNew buff§r§r§r: §r§fGain §r§a+5% §r§2∮ Sweep§r§f.
23:32:40 §8§oYou can disable this messaging by toggling Lottery in your /hotf!
23:32:54 §bNew day! §r§eYour §r§2Lottery §r§ebuff changed!
23:32:54 §eNew buff§r§r§r: §r§fGain §r§a+5% §r§2∮ Sweep§r§f.
23:32:54 §8§oYou can disable this messaging by toggling Lottery in your /hotf!
23:35:00 §bNew day! §r§eYour §r§2Lottery §r§ebuff changed!
23:35:00 §eNew buff§r§r§r: §r§fGain §r§a+50 §r§6☘ Mangrove Fortune§r§f.
23:35:00 §8§oYou can disable this messaging by toggling Lottery in your /hotf!
23:35:25 §bNew day! §r§eYour §r§2Lottery §r§ebuff changed!
23:35:25 §eNew buff§r§r§r: §r§fGain §r§a+50 §r§6☘ Mangrove Fortune§r§f.
23:35:25 §8§oYou can disable this messaging by toggling Lottery in your /hotf!
23:35:41 §bNew day! §r§eYour §r§2Lottery §r§ebuff changed!
23:35:41 §eNew buff§r§r§r: §r§fGain §r§a+50 §r§6☘ Mangrove Fortune§r§f.
23:35:41 §8§oYou can disable this messaging by toggling Lottery in your /hotf!
23:48:52 §bNew day! §r§eYour §r§2Lottery §r§ebuff changed!
23:48:52 §eNew buff§r§r§r: §r§fGain §r§a+50 §r§6☘ Mangrove Fortune§r§f.
23:48:52 §8§oYou can disable this messaging by toggling Lottery in your /hotf!
23:49:41 §bNew day! §r§eYour §r§2Lottery §r§ebuff changed!
23:49:41 §eNew buff§r§r§r: §r§fGain §r§a+50 §r§6☘ Mangrove Fortune§r§f.
23:49:41 §8§oYou can disable this messaging by toggling Lottery in your /hotf!
23:49:54 §bNew day! §r§eYour §r§2Lottery §r§ebuff changed!
23:49:54 §eNew buff§r§r§r: §r§fGain §r§a+50 §r§6☘ Mangrove Fortune§r§f.
23:49:54 §8§oYou can disable this messaging by toggling Lottery in your /hotf!
23:53:00 §bNew day! §r§eYour §r§2Lottery §r§ebuff changed!
23:53:00 §eNew buff§r§r§r: §r§fGain §r§a+50 §r§6☘ Mangrove Fortune§r§f.
23:53:00 §8§oYou can disable this messaging by toggling Lottery in your /hotf!
23:53:20 §bNew day! §r§eYour §r§2Lottery §r§ebuff changed!
23:53:20 §eNew buff§r§r§r: §r§fGain §r§a+50 §r§6☘ Mangrove Fortune§r§f.
23:53:20 §8§oYou can disable this messaging by toggling Lottery in your /hotf!
23:53:28 §bNew day! §r§eYour §r§2Lottery §r§ebuff changed!
23:53:28 §eNew buff§r§r§r: §r§fGain §r§a+50 §r§6☘ Mangrove Fortune§r§f.
23:53:28 §8§oYou can disable this messaging by toggling Lottery in your /hotf!
23:53:35 §bNew day! §r§eYour §r§2Lottery §r§ebuff changed!
23:53:35 §eNew buff§r§r§r: §r§fGain §r§a+50 §r§6☘ Mangrove Fortune§r§f.
23:53:35 §8§oYou can disable this messaging by toggling Lottery in your /hotf!
23:55:00 §bNew day! §r§eYour §r§2Lottery §r§ebuff changed!
23:55:00 §eNew buff§r§r§r: §r§fGain §r§a+50 §r§6☘ Fig Fortune§r§f.
23:55:00 §8§oYou can disable this messaging by toggling Lottery in your /hotf!
00:03:36 §bNew day! §r§eYour §r§2Lottery §r§ebuff changed!
00:03:36 §eNew buff§r§r§r: §r§fGain §r§a+50 §r§6☘ Fig Fortune§r§f.
00:03:36 §8§oYou can disable this messaging by toggling Lottery in your /hotf!
00:04:13 §bNew day! §r§eYour §r§2Lottery §r§ebuff changed!
00:04:13 §eNew buff§r§r§r: §r§fGain §r§a+50 §r§6☘ Fig Fortune§r§f.
00:04:13 §8§oYou can disable this messaging by toggling Lottery in your /hotf!
00:04:30 §bNew day! §r§eYour §r§2Lottery §r§ebuff changed!
00:04:30 §eNew buff§r§r§r: §r§fGain §r§a+50 §r§6☘ Fig Fortune§r§f.
00:04:30 §8§oYou can disable this messaging by toggling Lottery in your /hotf!
00:07:26 §bNew day! §r§eYour §r§2Lottery §r§ebuff changed!
00:07:26 §eNew buff§r§r§r: §r§fGain §r§a+50 §r§6☘ Fig Fortune§r§f.
00:07:26 §8§oYou can disable this messaging by toggling Lottery in your /hotf!
00:07:47 §bNew day! §r§eYour §r§2Lottery §r§ebuff changed!
00:07:47 §eNew buff§r§r§r: §r§fGain §r§a+50 §r§6☘ Fig Fortune§r§f.
00:07:47 §8§oYou can disable this messaging by toggling Lottery in your /hotf!
00:13:02 §bNew day! §r§eYour §r§2Lottery §r§ebuff changed!
00:13:02 §eNew buff§r§r§r: §r§fGain §r§a+50 §r§6☘ Fig Fortune§r§f.
00:13:02 §8§oYou can disable this messaging by toggling Lottery in your /hotf!
00:13:18 §bNew day! §r§eYour §r§2Lottery §r§ebuff changed!
00:13:18 §eNew buff§r§r§r: §r§fGain §r§a+50 §r§6☘ Fig Fortune§r§f.
00:13:18 §8§oYou can disable this messaging by toggling Lottery in your /hotf!
00:13:43 §bNew day! §r§eYour §r§2Lottery §r§ebuff changed!
00:13:43 §eNew buff§r§r§r: §r§fGain §r§a+50 §r§6☘ Fig Fortune§r§f.
00:13:43 §8§oYou can disable this messaging by toggling Lottery in your /hotf!
00:14:13 §bNew day! §r§eYour §r§2Lottery §r§ebuff changed!
00:14:13 §eNew buff§r§r§r: §r§fGain §r§a+50 §r§6☘ Fig Fortune§r§f.
00:14:13 §8§oYou can disable this messaging by toggling Lottery in your /hotf!
00:15:01 §bNew day! §r§eYour §r§2Lottery §r§ebuff changed!
00:15:01 §eNew buff§r§r§r: §r§fGain §r§a+50 §r§6☘ Mangrove Fortune§r§f.
00:15:01 §8§oYou can disable this messaging by toggling Lottery in your /hotf!
00:16:22 §bNew day! §r§eYour §r§2Lottery §r§ebuff changed!
00:16:22 §eNew buff§r§r§r: §r§fGain §r§a+50 §r§6☘ Mangrove Fortune§r§f.
00:16:22 §8§oYou can disable this messaging by toggling Lottery in your /hotf!
00:16:54 §bNew day! §r§eYour §r§2Lottery §r§ebuff changed!
00:16:54 §eNew buff§r§r§r: §r§fGain §r§a+50 §r§6☘ Mangrove Fortune§r§f.
00:16:54 §8§oYou can disable this messaging by toggling Lottery in your /hotf!
00:23:48 §bNew day! §r§eYour §r§2Lottery §r§ebuff changed!
00:23:48 §eNew buff§r§r§r: §r§fGain §r§a+50 §r§6☘ Mangrove Fortune§r§f.
00:23:48 §8§oYou can disable this messaging by toggling Lottery in your /hotf!
00:23:58 §bNew day! §r§eYour §r§2Lottery §r§ebuff changed!
00:23:58 §eNew buff§r§r§r: §r§fGain §r§a+50 §r§6☘ Mangrove Fortune§r§f.
00:23:58 §8§oYou can disable this messaging by toggling Lottery in your /hotf!
00:28:51 §bNew day! §r§eYour §r§2Lottery §r§ebuff changed!
00:28:51 §eNew buff§r§r§r: §r§fGain §r§a+50 §r§6☘ Mangrove Fortune§r§f.
00:28:51 §8§oYou can disable this messaging by toggling Lottery in your /hotf!
00:29:44 §bNew day! §r§eYour §r§2Lottery §r§ebuff changed!
00:29:44 §eNew buff§r§r§r: §r§fGain §r§a+50 §r§6☘ Mangrove Fortune§r§f.
00:29:44 §8§oYou can disable this messaging by toggling Lottery in your /hotf!
00:31:24 §bNew day! §r§eYour §r§2Lottery §r§ebuff changed!
00:31:24 §eNew buff§r§r§r: §r§fGain §r§a+50 §r§6☘ Mangrove Fortune§r§f.
00:31:24 §8§oYou can disable this messaging by toggling Lottery in your /hotf!
00:32:24 §bNew day! §r§eYour §r§2Lottery §r§ebuff changed!
00:32:24 §eNew buff§r§r§r: §r§fGain §r§a+50 §r§6☘ Mangrove Fortune§r§f.
00:32:24 §8§oYou can disable this messaging by toggling Lottery in your /hotf!
00:32:42 §bNew day! §r§eYour §r§2Lottery §r§ebuff changed!
00:32:42 §eNew buff§r§r§r: §r§fGain §r§a+50 §r§6☘ Mangrove Fortune§r§f.
00:32:42 §8§oYou can disable this messaging by toggling Lottery in your /hotf!
00:34:16 §bNew day! §r§eYour §r§2Lottery §r§ebuff changed!
00:34:16 §eNew buff§r§r§r: §r§fGain §r§a+50 §r§6☘ Mangrove Fortune§r§f.
00:34:16 §8§oYou can disable this messaging by toggling Lottery in your /hotf!
00:34:46 §bNew day! §r§eYour §r§2Lottery §r§ebuff changed!
00:34:46 §eNew buff§r§r§r: §r§fGain §r§a+50 §r§6☘ Mangrove Fortune§r§f.
00:34:46 §8§oYou can disable this messaging by toggling Lottery in your /hotf!
00:35:01 §bNew day! §r§eYour §r§2Lottery §r§ebuff changed!
00:35:01 §eNew buff§r§r§r: §r§fGain §r§a+5% §r§2∮ Sweep§r§f.
00:35:01 §8§oYou can disable this messaging by toggling Lottery in your /hotf!
00:35:19 §bNew day! §r§eYour §r§2Lottery §r§ebuff changed!
00:35:19 §eNew buff§r§r§r: §r§fGain §r§a+5% §r§2∮ Sweep§r§f.
00:35:19 §8§oYou can disable this messaging by toggling Lottery in your /hotf!
00:35:25 §bNew day! §r§eYour §r§2Lottery §r§ebuff changed!
00:35:25 §eNew buff§r§r§r: §r§fGain §r§a+5% §r§2∮ Sweep§r§f.
00:35:25 §8§oYou can disable this messaging by toggling Lottery in your /hotf!
