21:49:08 §6[Sacks] §r§a+3§r§e items§r§e.§r§8 (Last 5s.)
21:49:15 §6[Sacks] §r§a+5§r§e items§r§e.§r§8 (Last 5s.)
21:49:29 §6[Sacks] §r§a+4§r§e items§r§e.§r§8 (Last 5s.)
21:49:46 §6[Sacks] §r§a+5§r§e items§r§e, §r§c-154§r§e items§r§e.§r§8 (Last 12s.)
21:49:53 §6[Sacks] §r§a+4§r§e items§r§e.§r§8 (Last 5s.)
21:50:01 §6[Sacks] §r§a+3§r§e items§r§e.§r§8 (Last 5s.)
21:50:12 §6[Sacks] §r§a+5§r§e items§r§e.§r§8 (Last 5s.)
21:50:23 §6[Sacks] §r§a+4§r§e items§r§e.§r§8 (Last 5s.)
21:50:30 §6[Sacks] §r§a+3§r§e items§r§e.§r§8 (Last 5s.)
21:50:58 §6[Sacks] §r§a+7§r§e items§r§e.§r§8 (Last 9s.)
21:51:27 §6[Sacks] §r§c-1§r§e item§r§e.§r§8 (Last 5s.)
21:51:33 §6[Sacks] §r§a+28§r§e items§r§e.§r§8 (Last 5s.)
21:56:19 §6[Sacks] §r§a+11§r§e items§r§e.§r§8 (Last 5s.)
21:57:24 §6[Sacks] §r§a+58§r§e items§r§e.§r§8 (Last 5s.)
21:58:36 §6[Sacks] §r§a+956§r§e items§r§e.§r§8 (Last 30s.)
21:59:09 §6[Sacks] §r§a+943§r§e items§r§e.§r§8 (Last 30s.)
21:59:45 §6[Sacks] §r§a+779§r§e items§r§e.§r§8 (Last 30s.)
22:00:16 §6[Sacks] §r§a+836§r§e items§r§e.§r§8 (Last 30s.)
22:00:36 §6[Sacks] §r§a+378§r§e items§r§e.§r§8 (Last 16s.)
22:00:42 §6[Sacks] §r§c-1,664§r§e items§r§e.§r§8 (Last 5s.)
22:01:18 §6[Sacks] §r§a+756§r§e items§r§e, §r§c-2,192§r§e items§r§e.§r§8 (Last 30s.)
22:01:50 §6[Sacks] §r§a+837§r§e items§r§e.§r§8 (Last 30s.)
22:02:21 §6[Sacks] §r§a+933§r§e items§r§e.§r§8 (Last 30s.)
22:02:54 §6[Sacks] §r§a+761§r§e items§r§e.§r§8 (Last 30s.)
22:03:25 §6[Sacks] §r§a+907§r§e items§r§e.§r§8 (Last 30s.)
22:03:44 §6[Sacks] §r§a+328§r§e items§r§e.§r§8 (Last 17s.)
22:04:19 §6[Sacks] §r§a+879§r§e items§r§e.§r§8 (Last 30s.)
22:04:39 §6[Sacks] §r§a+359§r§e items§r§e.§r§8 (Last 17s.)
22:05:16 §6[Sacks] §r§a+676§r§e items§r§e, §r§c-5,659§r§e items§r§e.§r§8 (Last 30s.)
22:05:47 §6[Sacks] §r§a+834§r§e items§r§e.§r§8 (Last 30s.)
22:06:19 §6[Sacks] §r§a+960§r§e items§r§e.§r§8 (Last 30s.)
22:06:51 §6[Sacks] §r§a+873§r§e items§r§e.§r§8 (Last 30s.)
22:07:23 §6[Sacks] §r§a+672§r§e items§r§e.§r§8 (Last 30s.)
22:07:54 §6[Sacks] §r§a+928§r§e items§r§e.§r§8 (Last 30s.)
22:08:17 §6[Sacks] §r§a+508§r§e items§r§e.§r§8 (Last 22s.)
22:08:48 §6[Sacks] §r§a+598§r§e items§r§e.§r§8 (Last 22s.)
22:10:24 §6[Sacks] §r§a+937§r§e items§r§e.§r§8 (Last 30s.)
22:10:58 §6[Sacks] §r§a+691§r§e items§r§e, §r§c-6,913§r§e items§r§e.§r§8 (Last 30s.)
22:11:07 §6[Sacks] §r§a+83§r§e items§r§e.§r§8 (Last 6s.)
22:12:16 §6[Sacks] §r§a+969§r§e items§r§e.§r§8 (Last 30s.)
22:12:28 §6[Sacks] §r§a+192§r§e items§r§e.§r§8 (Last 9s.)
22:13:44 §6[Sacks] §r§a+954§r§e items§r§e.§r§8 (Last 30s.)
22:14:15 §6[Sacks] §r§a+1,016§r§e items§r§e.§r§8 (Last 30s.)
22:14:47 §6[Sacks] §r§a+829§r§e items§r§e.§r§8 (Last 30s.)
22:15:19 §6[Sacks] §r§a+924§r§e items§r§e.§r§8 (Last 30s.)
22:15:50 §6[Sacks] §r§a+905§r§e items§r§e.§r§8 (Last 30s.)
22:16:21 §6[Sacks] §r§a+939§r§e items§r§e.§r§8 (Last 30s.)
22:16:52 §6[Sacks] §r§a+1,019§r§e items§r§e.§r§8 (Last 30s.)
22:17:24 §6[Sacks] §r§a+951§r§e items§r§e.§r§8 (Last 30s.)
22:17:55 §6[Sacks] §r§a+986§r§e items§r§e.§r§8 (Last 30s.)
22:18:27 §6[Sacks] §r§a+827§r§e items§r§e.§r§8 (Last 30s.)
22:18:59 §6[Sacks] §r§a+972§r§e items§r§e.§r§8 (Last 30s.)
22:19:30 §6[Sacks] §r§a+869§r§e items§r§e.§r§8 (Last 30s.)
22:20:02 §6[Sacks] §r§a+924§r§e items§r§e.§r§8 (Last 30s.)
22:20:36 §6[Sacks] §r§a+812§r§e items§r§e.§r§8 (Last 30s.)
22:21:09 §6[Sacks] §r§a+1,014§r§e items§r§e.§r§8 (Last 30s.)
22:21:40 §6[Sacks] §r§a+955§r§e items§r§e.§r§8 (Last 30s.)
22:22:17 §6[Sacks] §r§a+965§r§e items§r§e, §r§c-16,881§r§e items§r§e.§r§8 (Last 30s.)
22:22:47 §6[Sacks] §r§a+894§r§e items§r§e.§r§8 (Last 30s.)
22:23:03 §6[Sacks] §r§a+414§r§e items§r§e.§r§8 (Last 14s.)
22:23:36 §6[Sacks] §r§a+989§r§e items§r§e.§r§8 (Last 30s.)
22:24:07 §6[Sacks] §r§a+922§r§e items§r§e.§r§8 (Last 30s.)
22:24:39 §6[Sacks] §r§a+1,007§r§e items§r§e.§r§8 (Last 30s.)
22:25:11 §6[Sacks] §r§a+947§r§e items§r§e.§r§8 (Last 30s.)
22:25:44 §6[Sacks] §r§a+1,089§r§e items§r§e.§r§8 (Last 30s.)
22:26:10 §6[Sacks] §r§a+629§r§e items§r§e.§r§8 (Last 25s.)
22:27:12 §6[Sacks] §r§a+990§r§e items§r§e.§r§8 (Last 30s.)
22:27:24 §6[Sacks] §r§a+172§r§e items§r§e.§r§8 (Last 10s.)
22:27:39 §6[Sacks] §r§a+182§r§e items§r§e.§r§8 (Last 9s.)
22:28:27 §6[Sacks] §r§a+848§r§e items§r§e.§r§8 (Last 30s.)
22:28:59 §6[Sacks] §r§a+892§r§e items§r§e.§r§8 (Last 30s.)
22:29:30 §6[Sacks] §r§a+1,004§r§e items§r§e.§r§8 (Last 30s.)
22:30:02 §6[Sacks] §r§a+988§r§e items§r§e.§r§8 (Last 30s.)
22:30:22 §6[Sacks] §r§a+543§r§e items§r§e.§r§8 (Last 19s.)
22:31:13 §6[Sacks] §r§a+453§r§e items§r§e.§r§8 (Last 17s.)
22:32:12 §6[Sacks] §r§a+982§r§e items§r§e.§r§8 (Last 30s.)
22:32:44 §6[Sacks] §r§a+929§r§e items§r§e.§r§8 (Last 30s.)
22:33:16 §6[Sacks] §r§a+1,031§r§e items§r§e.§r§8 (Last 30s.)
22:33:49 §6[Sacks] §r§a+867§r§e items§r§e.§r§8 (Last 30s.)
22:34:23 §6[Sacks] §r§a+1,057§r§e items§r§e.§r§8 (Last 30s.)
22:34:55 §6[Sacks] §r§a+937§r§e items§r§e.§r§8 (Last 30s.)
22:35:27 §6[Sacks] §r§a+802§r§e items§r§e.§r§8 (Last 30s.)
22:35:41 §6[Sacks] §r§a+305§r§e items§r§e.§r§8 (Last 13s.)
22:35:54 §6[Sacks] §r§a+2§r§e items§r§e.§r§8 (Last 10s.)
22:36:09 §6[Sacks] §r§a+3§r§e items§r§e.§r§8 (Last 13s.)
22:36:16 §6[Sacks] §r§a+1§r§e item§r§e.§r§8 (Last 5s.)
22:36:24 §6[Sacks] §r§a+1§r§e item§r§e.§r§8 (Last 5s.)
22:36:38 §6[Sacks] §r§a+44§r§e items§r§e.§r§8 (Last 13s.)
22:37:04 §6[Sacks] §r§a+5§r§e items§r§e.§r§8 (Last 22s.)
22:37:10 §6[Sacks] §r§a+1§r§e item§r§e.§r§8 (Last 5s.)
22:37:17 §6[Sacks] §r§a+1§r§e item§r§e.§r§8 (Last 5s.)
22:37:23 §6[Sacks] §r§a+1§r§e item§r§e.§r§8 (Last 5s.)
22:58:23 §6[Sacks] §r§a+10§r§e items§r§e.§r§8 (Last 6s.)
22:58:47 §6[Sacks] §r§a+34§r§e items§r§e.§r§8 (Last 12s.)
22:59:15 §6[Sacks] §r§a+70§r§e items§r§e.§r§8 (Last 26s.)
22:59:26 §6[Sacks] §r§a+25§r§e items§r§e.§r§8 (Last 9s.)
23:01:28 §6[Sacks] §r§a+41§r§e items§r§e.§r§8 (Last 30s.)
23:01:34 §6[Sacks] §r§a+2§r§e items§r§e.§r§8 (Last 5s.)
23:01:45 §6[Sacks] §r§a+5§r§e items§r§e.§r§8 (Last 6s.)
23:02:11 §6[Sacks] §r§a+18§r§e items§r§e.§r§8 (Last 24s.)
23:03:38 §6[Sacks] §r§a+46§r§e items§r§e.§r§8 (Last 18s.)
23:03:52 §6[Sacks] §r§a+26§r§e items§r§e.§r§8 (Last 13s.)
23:04:03 §6[Sacks] §r§a+13§r§e items§r§e.§r§8 (Last 8s.)
23:04:14 §6[Sacks] §r§a+17§r§e items§r§e.§r§8 (Last 9s.)
23:04:23 §6[Sacks] §r§a+7§r§e items§r§e.§r§8 (Last 5s.)
23:05:13 §6[Sacks] §r§a+95§r§e items§r§e.§r§8 (Last 30s.)
23:05:24 §6[Sacks] §r§a+19§r§e items§r§e.§r§8 (Last 9s.)
23:05:32 §6[Sacks] §r§a+1§r§e item§r§e.§r§8 (Last 5s.)
23:05:54 §6[Sacks] §r§a+3§r§e items§r§e.§r§8 (Last 5s.)
23:06:30 §6[Sacks] §r§a+40§r§e items§r§e.§r§8 (Last 21s.)
23:06:49 §6[Sacks] §r§a+32§r§e items§r§e.§r§8 (Last 18s.)
23:07:06 §6[Sacks] §r§a+39§r§e items§r§e.§r§8 (Last 16s.)
23:07:20 §6[Sacks] §r§a+1§r§e item§r§e.§r§8 (Last 5s.)
23:07:27 §6[Sacks] §r§a+3§r§e items§r§e.§r§8 (Last 5s.)
23:07:50 §6[Sacks] §r§a+16§r§e items§r§e.§r§8 (Last 11s.)
23:08:11 §6[Sacks] §r§a+53§r§e items§r§e.§r§8 (Last 19s.)
23:08:51 §6[Sacks] §r§a+50§r§e items§r§e.§r§8 (Last 16s.)
23:09:14 §6[Sacks] §r§a+59§r§e items§r§e.§r§8 (Last 17s.)
23:09:36 §6[Sacks] §r§a+12§r§e items§r§e.§r§8 (Last 8s.)
23:10:03 §6[Sacks] §r§a+87§r§e items§r§e.§r§8 (Last 21s.)
23:10:17 §6[Sacks] §r§a+36§r§e items§r§e.§r§8 (Last 13s.)
23:10:34 §6[Sacks] §r§a+12§r§e items§r§e.§r§8 (Last 7s.)
23:11:59 §6[Sacks] §r§a+30§r§e items§r§e.§r§8 (Last 19s.)
23:12:23 §6[Sacks] §r§a+37§r§e items§r§e.§r§8 (Last 15s.)
23:18:51 §6[Sacks] §r§a+60§r§e items§r§e.§r§8 (Last 24s.)
23:19:10 §6[Sacks] §r§a+4§r§e items§r§e.§r§8 (Last 5s.)
23:19:21 §6[Sacks] §r§a+7§r§e items§r§e.§r§8 (Last 5s.)
23:19:30 §6[Sacks] §r§a+2§r§e items§r§e.§r§8 (Last 5s.)
23:24:49 §6[Sacks] §r§a+14§r§e items§r§e.§r§8 (Last 6s.)
23:25:21 §6[Sacks] §r§a+89§r§e items§r§e.§r§8 (Last 30s.)
23:25:27 §6[Sacks] §r§a+5§r§e items§r§e.§r§8 (Last 5s.)
23:26:04 §6[Sacks] §r§a+122§r§e items§r§e.§r§8 (Last 30s.)
23:26:36 §6[Sacks] §r§a+81§r§e items§r§e.§r§8 (Last 30s.)
23:27:07 §6[Sacks] §r§a+100§r§e items§r§e.§r§8 (Last 30s.)
23:27:16 §6[Sacks] §r§a+17§r§e items§r§e.§r§8 (Last 8s.)
23:27:37 §6[Sacks] §r§a+37§r§e items§r§e.§r§8 (Last 13s.)
23:28:09 §6[Sacks] §r§a+94§r§e items§r§e.§r§8 (Last 30s.)
23:28:26 §6[Sacks] §r§a+22§r§e items§r§e.§r§8 (Last 14s.)
23:29:33 §6[Sacks] §r§a+80§r§e items§r§e.§r§8 (Last 30s.)
23:30:04 §6[Sacks] §r§a+73§r§e items§r§e.§r§8 (Last 30s.)
23:31:34 §6[Sacks] §r§a+4§r§e items§r§e.§r§8 (Last 5s.)
23:31:48 §6[Sacks] §r§a+9§r§e items§r§e.§r§8 (Last 9s.)
23:31:58 §6[Sacks] §r§a+3§r§e items§r§e.§r§8 (Last 5s.)
23:34:35 §6[Sacks] §r§a+1§r§e item§r§e.§r§8 (Last 5s.)
23:35:03 §6[Sacks] §r§a+24§r§e items§r§e.§r§8 (Last 8s.)
23:36:14 §6[Sacks] §r§a+108§r§e items§r§e.§r§8 (Last 30s.)
23:36:48 §6[Sacks] §r§a+101§r§e items§r§e.§r§8 (Last 30s.)
23:37:20 §6[Sacks] §r§a+100§r§e items§r§e.§r§8 (Last 30s.)
23:37:51 §6[Sacks] §r§a+111§r§e items§r§e.§r§8 (Last 30s.)
23:38:24 §6[Sacks] §r§a+87§r§e items§r§e.§r§8 (Last 30s.)
23:38:56 §6[Sacks] §r§a+112§r§e items§r§e.§r§8 (Last 30s.)
23:39:27 §6[Sacks] §r§a+93§r§e items§r§e.§r§8 (Last 30s.)
23:39:59 §6[Sacks] §r§a+91§r§e items§r§e.§r§8 (Last 30s.)
23:40:30 §6[Sacks] §r§a+97§r§e items§r§e.§r§8 (Last 30s.)
23:40:41 §6[Sacks] §r§a+23§r§e items§r§e.§r§8 (Last 10s.)
23:41:25 §6[Sacks] §r§a+56§r§e items§r§e.§r§8 (Last 21s.)
23:42:01 §6[Sacks] §r§a+102§r§e items§r§e.§r§8 (Last 30s.)
23:42:34 §6[Sacks] §r§a+88§r§e items§r§e.§r§8 (Last 30s.)
23:43:11 §6[Sacks] §r§a+30§r§e items§r§e.§r§8 (Last 10s.)
23:44:00 §6[Sacks] §r§a+95§r§e items§r§e.§r§8 (Last 30s.)
23:44:26 §6[Sacks] §r§a+62§r§e items§r§e.§r§8 (Last 23s.)
23:44:38 §6[Sacks] §r§a+1§r§e item§r§e.§r§8 (Last 5s.)
23:44:46 §6[Sacks] §r§a+9§r§e items§r§e.§r§8 (Last 7s.)
23:45:12 §6[Sacks] §r§a+9§r§e items§r§e.§r§8 (Last 5s.)
23:46:36 §6[Sacks] §r§a+14§r§e items§r§e.§r§8 (Last 19s.)
23:46:53 §6[Sacks] §r§a+11§r§e items§r§e.§r§8 (Last 10s.)
23:47:03 §6[Sacks] §r§a+1§r§e item§r§e.§r§8 (Last 5s.)
23:47:24 §6[Sacks] §r§a+12§r§e items§r§e.§r§8 (Last 15s.)
23:51:05 §6[Sacks] §r§a+1§r§e item§r§e.§r§8 (Last 5s.)
23:51:26 §6[Sacks] §r§a+1§r§e item§r§e.§r§8 (Last 5s.)
23:51:50 §6[Sacks] §r§a+1§r§e item§r§e.§r§8 (Last 5s.)
23:51:59 §6[Sacks] §r§a+1§r§e item§r§e.§r§8 (Last 5s.)
23:52:50 §6[Sacks] §r§a+1§r§e item§r§e.§r§8 (Last 5s.)
23:54:13 §6[Sacks] §r§a+13§r§e items§r§e.§r§8 (Last 9s.)
23:54:58 §6[Sacks] §r§a+10§r§e items§r§e.§r§8 (Last 7s.)
23:55:12 §6[Sacks] §r§a+1§r§e item§r§e.§r§8 (Last 5s.)
23:55:19 §6[Sacks] §r§a+7§r§e items§r§e.§r§8 (Last 6s.)
23:55:42 §6[Sacks] §r§a+20§r§e items§r§e.§r§8 (Last 20s.)
23:56:04 §6[Sacks] §r§a+1§r§e item§r§e.§r§8 (Last 5s.)
23:56:31 §6[Sacks] §r§a+1§r§e item§r§e.§r§8 (Last 5s.)
23:56:52 §6[Sacks] §r§a+9§r§e items§r§e.§r§8 (Last 16s.)
23:57:22 §6[Sacks] §r§a+3§r§e items§r§e.§r§8 (Last 12s.)
23:57:39 §6[Sacks] §r§a+3§r§e items§r§e.§r§8 (Last 14s.)
23:57:47 §6[Sacks] §r§a+1§r§e item§r§e.§r§8 (Last 5s.)
23:57:53 §6[Sacks] §r§a+1§r§e item§r§e.§r§8 (Last 5s.)
23:58:07 §6[Sacks] §r§a+10§r§e items§r§e.§r§8 (Last 9s.)
23:58:16 §6[Sacks] §r§a+1§r§e item§r§e.§r§8 (Last 5s.)
23:58:49 §6[Sacks] §r§a+12§r§e items§r§e.§r§8 (Last 30s.)
23:59:00 §6[Sacks] §r§a+10§r§e items§r§e.§r§8 (Last 10s.)
23:59:26 §6[Sacks] §r§a+26§r§e items§r§e.§r§8 (Last 24s.)
23:59:36 §6[Sacks] §r§a+14§r§e items§r§e.§r§8 (Last 5s.)
23:59:47 §6[Sacks] §r§a+2§r§e items§r§e.§r§8 (Last 9s.)
00:00:20 §6[Sacks] §r§a+10§r§e items§r§e.§r§8 (Last 30s.)
00:00:36 §6[Sacks] §r§a+2§r§e items§r§e.§r§8 (Last 7s.)
00:00:43 §6[Sacks] §r§a+1§r§e item§r§e.§r§8 (Last 5s.)
00:01:13 §6[Sacks] §r§a+12§r§e items§r§e.§r§8 (Last 27s.)
00:01:40 §6[Sacks] §r§a+5§r§e items§r§e.§r§8 (Last 23s.)
00:02:08 §6[Sacks] §r§a+7§r§e items§r§e.§r§8 (Last 15s.)
00:02:19 §6[Sacks] §r§a+6§r§e items§r§e.§r§8 (Last 5s.)
00:02:41 §6[Sacks] §r§a+11§r§e items§r§e.§r§8 (Last 5s.)
00:03:04 §6[Sacks] §r§a+9§r§e items§r§e.§r§8 (Last 14s.)
00:04:48 §6[Sacks] §r§a+2§r§e items§r§e.§r§8 (Last 9s.)
00:05:04 §6[Sacks] §r§a+3§r§e items§r§e.§r§8 (Last 13s.)
00:05:15 §6[Sacks] §r§a+2§r§e items§r§e.§r§8 (Last 6s.)
00:05:33 §6[Sacks] §r§a+4§r§e items§r§e.§r§8 (Last 15s.)
00:05:39 §6[Sacks] §r§a+2§r§e items§r§e.§r§8 (Last 5s.)
00:06:10 §6[Sacks] §r§a+19§r§e items§r§e.§r§8 (Last 30s.)
00:06:30 §6[Sacks] §r§a+1§r§e item§r§e.§r§8 (Last 5s.)
00:06:56 §6[Sacks] §r§a+24§r§e items§r§e.§r§8 (Last 25s.)
00:07:13 §6[Sacks] §r§a+3§r§e items§r§e.§r§8 (Last 12s.)
00:07:20 §6[Sacks] §r§a+1§r§e item§r§e.§r§8 (Last 5s.)
00:08:03 §6[Sacks] §r§a+3§r§e items§r§e.§r§8 (Last 12s.)
00:08:17 §6[Sacks] §r§a+2§r§e items§r§e.§r§8 (Last 9s.)
00:08:23 §6[Sacks] §r§a+1§r§e item§r§e.§r§8 (Last 5s.)
00:08:29 §6[Sacks] §r§a+1§r§e item§r§e.§r§8 (Last 5s.)
00:08:40 §6[Sacks] §r§a+2§r§e items§r§e.§r§8 (Last 8s.)
00:08:49 §6[Sacks] §r§a+1§r§e item§r§e.§r§8 (Last 5s.)
00:09:04 §6[Sacks] §r§a+4§r§e items§r§e.§r§8 (Last 14s.)
00:09:32 §6[Sacks] §r§a+2§r§e items§r§e.§r§8 (Last 5s.)
00:09:49 §6[Sacks] §r§a+4§r§e items§r§e.§r§8 (Last 10s.)
00:10:00 §6[Sacks] §r§a+3§r§e items§r§e.§r§8 (Last 10s.)
00:10:19 §6[Sacks] §r§a+4§r§e items§r§e.§r§8 (Last 17s.)
00:10:45 §6[Sacks] §r§a+1§r§e item§r§e.§r§8 (Last 5s.)
00:10:52 §6[Sacks] §r§a+1§r§e item§r§e.§r§8 (Last 5s.)
00:10:59 §6[Sacks] §r§a+1§r§e item§r§e.§r§8 (Last 5s.)
00:11:09 §6[Sacks] §r§a+2§r§e items§r§e.§r§8 (Last 7s.)
00:11:25 §6[Sacks] §r§a+9§r§e items§r§e.§r§8 (Last 13s.)
00:11:43 §6[Sacks] §r§a+17§r§e items§r§e.§r§8 (Last 17s.)
00:11:59 §6[Sacks] §r§a+1§r§e item§r§e.§r§8 (Last 5s.)
00:12:06 §6[Sacks] §r§a+1§r§e item§r§e.§r§8 (Last 5s.)
00:12:19 §6[Sacks] §r§a+1§r§e item§r§e.§r§8 (Last 5s.)
00:12:34 §6[Sacks] §r§a+1§r§e item§r§e.§r§8 (Last 5s.)
00:12:53 §6[Sacks] §r§a+11§r§e items§r§e.§r§8 (Last 18s.)
00:15:05 §6[Sacks] §r§a+38§r§e items§r§e.§r§8 (Last 30s.)
00:15:14 §6[Sacks] §r§a+8§r§e items§r§e.§r§8 (Last 8s.)
00:15:40 §6[Sacks] §r§a+9§r§e items§r§e.§r§8 (Last 13s.)
00:15:54 §6[Sacks] §r§a+1§r§e item§r§e.§r§8 (Last 5s.)
00:16:01 §6[Sacks] §r§c-1,344§r§e items§r§e.§r§8 (Last 5s.)
00:16:08 §6[Sacks] §r§c-1,216§r§e items§r§e.§r§8 (Last 5s.)
00:16:23 §6[Sacks] §r§a+1§r§e item§r§e.§r§8 (Last 5s.)
00:17:07 §6[Sacks] §r§a+1§r§e item§r§e.§r§8 (Last 5s.)
00:17:13 §6[Sacks] §r§a+1§r§e item§r§e.§r§8 (Last 5s.)
00:17:36 §6[Sacks] §r§a+14§r§e items§r§e.§r§8 (Last 19s.)
00:17:44 §6[Sacks] §r§a+1§r§e item§r§e.§r§8 (Last 5s.)
00:17:53 §6[Sacks] §r§a+5§r§e items§r§e.§r§8 (Last 5s.)
00:18:17 §6[Sacks] §r§a+148§r§e items§r§e.§r§8 (Last 23s.)
00:18:23 §6[Sacks] §r§a+1§r§e item§r§e.§r§8 (Last 5s.)
00:18:40 §6[Sacks] §r§a+3§r§e items§r§e.§r§8 (Last 9s.)
00:19:07 §6[Sacks] §r§a+123§r§e items§r§e.§r§8 (Last 24s.)
00:19:18 §6[Sacks] §r§a+4§r§e items§r§e.§r§8 (Last 5s.)
00:19:43 §6[Sacks] §r§a+11§r§e items§r§e.§r§8 (Last 17s.)
00:19:50 §6[Sacks] §r§a+1§r§e item§r§e.§r§8 (Last 5s.)
00:20:08 §6[Sacks] §r§a+4§r§e items§r§e.§r§8 (Last 17s.)
00:20:22 §6[Sacks] §r§a+2§r§e items§r§e.§r§8 (Last 10s.)
00:20:30 §6[Sacks] §r§a+1§r§e item§r§e.§r§8 (Last 5s.)
00:20:46 §6[Sacks] §r§a+3§r§e items§r§e.§r§8 (Last 10s.)
00:20:57 §6[Sacks] §r§a+3§r§e items§r§e.§r§8 (Last 10s.)
00:21:12 §6[Sacks] §r§a+13§r§e items§r§e.§r§8 (Last 10s.)
00:21:18 §6[Sacks] §r§a+1§r§e item§r§e.§r§8 (Last 5s.)
00:21:32 §6[Sacks] §r§a+3§r§e items§r§e.§r§8 (Last 10s.)
00:22:00 §6[Sacks] §r§a+4§r§e items§r§e.§r§8 (Last 17s.)
00:22:22 §6[Sacks] §r§a+5§r§e items§r§e.§r§8 (Last 21s.)
00:22:30 §6[Sacks] §r§a+2§r§e items§r§e.§r§8 (Last 6s.)
00:22:41 §6[Sacks] §r§a+2§r§e items§r§e.§r§8 (Last 9s.)
00:22:47 §6[Sacks] §r§a+1§r§e item§r§e.§r§8 (Last 5s.)
00:23:05 §6[Sacks] §r§a+14§r§e items§r§e.§r§8 (Last 16s.)
00:23:28 §6[Sacks] §r§a+17§r§e items§r§e.§r§8 (Last 21s.)
00:24:52 §6[Sacks] §r§a+3§r§e items§r§e.§r§8 (Last 5s.)
00:25:01 §6[Sacks] §r§a+4§r§e items§r§e.§r§8 (Last 5s.)
00:25:16 §6[Sacks] §r§a+7§r§e items§r§e.§r§8 (Last 10s.)
00:25:22 §6[Sacks] §r§a+5§r§e items§r§e.§r§8 (Last 5s.)
00:25:28 §6[Sacks] §r§a+1§r§e item§r§e.§r§8 (Last 5s.)
00:26:31 §6[Sacks] §r§a+6§r§e items§r§e.§r§8 (Last 5s.)
00:26:51 §6[Sacks] §r§a+6§r§e items§r§e.§r§8 (Last 5s.)
00:27:04 §6[Sacks] §r§a+5§r§e items§r§e.§r§8 (Last 5s.)
00:27:18 §6[Sacks] §r§a+4§r§e items§r§e.§r§8 (Last 5s.)
00:27:40 §6[Sacks] §r§a+16§r§e items§r§e.§r§8 (Last 20s.)
00:27:50 §6[Sacks] §r§a+2§r§e items§r§e.§r§8 (Last 5s.)
00:28:20 §6[Sacks] §r§a+11§r§e items§r§e.§r§8 (Last 15s.)
00:28:35 §6[Sacks] §r§a+7§r§e items§r§e.§r§8 (Last 10s.)
00:30:02 §6[Sacks] §r§a+145§r§e items§r§e.§r§8 (Last 5s.)
00:30:59 §6[Sacks] §r§c-731§r§e items§r§e.§r§8 (Last 5s.)
