19:35:18 [allowed] §aYou are still radiating with §bGenerosity§r§a!
19:35:18 [EMPTY] §f §r§r§r§f §r§r§r§1 §r§r§r§0 §r§r§r§2 §r§r§r§f §r§r§r§f §r§r§r§2 §r§r§r§0 §r§r§r§4 §r§r§r§3 §r§r§r§9 §r§r§r§2 §r§r§r§0 §r§r§r§0 §r§r§r§3 §r§r§r§9 §r§r§r§2 §r§r§r§0 §r§r§r§0 §r§r§r§3 §r§r§r§9 §r§r§r§2 §r§r§r§0 §r§r§r§0 
19:35:18 [allowed] §b✦ §r§7You earned §r§b141 §r§7Mystery Dust!
19:35:18 [allowed] §b§b✦ §r§7You earned §a33 §7Pet Consumables items!
19:35:18 [allowed] §b[MVP§c+§b] saltyhall§f §6joined the lobby!
19:35:18 [allowed] §b[MVP§f+§b] Coldram3n§f §6joined the lobby!
19:35:18 [allowed] §b§m--------------§r§f  §r§aGuild: Message Of The Day  §r§b§m--------------
19:35:18 [allowed] §b| §r§f1 Corinthians 7:34:"The unmarried woman or virgin is concerned about the Lord's affairs: Her aim is to be devoted to the Lord in both body and spirit."
19:35:18 [allowed] §b§m-----------------------------------------------------
19:35:18 [allowed] §e[SkyHanni] Looks like you updated SkyHanni.
19:35:18 [allowed] §e[SkyHanni] Click here to configure the newly introduced options, or run /shdefaultoptions 4.9.0 4.10.0.
19:35:18 [allowed] §e[SkyHanni] Click here to see the changelog.
19:35:20 [allowed]   §r§f§l➤ §r§6You have reached your Hype limit! Add Hype to Prototype Lobby minigames by right-clicking with the Hype Diamond!
19:35:25 [allowed] §b[MVP§3+§b] proxity§f §6joined the lobby!
19:36:34 [allowed] Summoned new Ender Dragon
19:36:39 [allowed] catholicschool was killed
19:36:39 [allowed] Killed 1079 entities
19:36:51 [allowed] Summoned new Ender Dragon
19:36:59 [allowed] catholicschool was killed
19:37:00 [allowed] Killed catholicschool
19:37:07 [allowed] catholicschool was killed
19:37:07 [allowed] Killed catholicschool
19:37:11 [allowed] catholicschool was killed
19:37:11 [allowed] Killed catholicschool
19:37:18 [allowed] catholicschool was killed
19:37:18 [allowed] Killed catholicschool
19:37:22 [allowed] catholicschool was killed
19:37:22 [allowed] Killed catholicschool
19:37:27 [allowed] catholicschool was killed
19:37:27 [allowed] Killed 1768 entities
19:37:34 [allowed] §aYou are still radiating with §bGenerosity§r§a!
19:37:34 [EMPTY] §f §r§r§r§f §r§r§r§1 §r§r§r§0 §r§r§r§2 §r§r§r§f §r§r§r§f §r§r§r§2 §r§r§r§0 §r§r§r§4 §r§r§r§3 §r§r§r§9 §r§r§r§2 §r§r§r§0 §r§r§r§0 §r§r§r§3 §r§r§r§9 §r§r§r§2 §r§r§r§0 §r§r§r§0 §r§r§r§3 §r§r§r§9 §r§r§r§2 §r§r§r§0 §r§r§r§0 
19:37:35 [allowed] 
§r§f§l➔ §r§6§lWelcome to the Prototype Lobby§r
§r§aAll games in this lobby are currently in development.§r
§r§eClick here to leave feedback!§r§f ➤ §r§b§nhttps://hypixel.net/PTL

19:37:35 [allowed] §b[MVP§d+§b] MadX_M§f §6joined the lobby!
19:37:36 [allowed] §7Sending to server mini62W...
19:37:36 [allowed]   §r§f§l➤ §r§6You have reached your Hype limit! Add Hype to Prototype Lobby minigames by right-clicking with the Hype Diamond!
19:37:37 [EMPTY] §8 §r§8 §r§1 §r§3 §r§3 §r§7 §r§8 
19:37:39 [EMPTY] 
19:37:39 [WELCOME] §eWelcome to §r§aHypixel SkyBlock§r§e!
19:37:39 [EMPTY] 
19:37:39 [allowed] §eLatest update: §bSkyBlock v0.23.2 §e§lCLICK
19:37:40 [PROFILE_JOIN] §aYou are playing on profile: §eLemon§b (Co-op)
19:37:40 [PROFILE_JOIN] §8Profile ID: 62b760d8-92b6-4501-ada0-1fd8583f5266
19:37:41 [LOTTERY] §bNew day! §r§eYour §r§2Lottery §r§ebuff changed!
19:37:41 [LOTTERY] §eNew buff§r§r§r: §r§fGain §r§a+5% §r§2∮ Sweep§r§f.
19:37:41 [LOTTERY] §8§oYou can disable this messaging by toggling Lottery in your /hotf!
19:37:58 [allowed] §e[SkyHanni] You have gained §b357 §eBits.
19:38:05 [allowed] §7Warping you to your SkyBlock island...
19:38:05 [allowed] §7Sending to server mini190CS...
19:38:05 [EMPTY] §8 §r§8 §r§1 §r§3 §r§3 §r§7 §r§8 
19:38:08 [PROFILE_JOIN] §aYou are playing on profile: §eLemon§b (Co-op)
19:38:08 [PROFILE_JOIN] §8Profile ID: 62b760d8-92b6-4501-ada0-1fd8583f5266
19:38:10 [LOTTERY] §bNew day! §r§eYour §r§2Lottery §r§ebuff changed!
19:38:10 [LOTTERY] §eNew buff§r§r§r: §r§fGain §r§a+5% §r§2∮ Sweep§r§f.
19:38:10 [LOTTERY] §8§oYou can disable this messaging by toggling Lottery in your /hotf!
19:39:43 [GUILD_EXP] §aYou earned §r§258 GEXP §r§a+ §r§e174 Event EXP §r§afrom playing SkyBlock!
19:40:00 [allowed] §2Guild > §a[VIP§6+§a] himej0shi§f: §rbebe
19:40:38 [allowed]  §b§l» §ahimej0shi §eis traveling to §aPrivate Island §e§lFOLLOW
19:40:42 [allowed]  §b§l» §ahimej0shi §eis traveling to §aDwarven Mines §e§lFOLLOW
19:40:56 [allowed]  §b§l» §ahimej0shi §eis traveling to §aPrivate Island §e§lFOLLOW
19:41:01 [allowed]  §b§l» §ahimej0shi §eis traveling to §aCrystal Hollows §e§lFOLLOW
19:41:05 [allowed] §bhimej0shi joined SkyBlock.
19:41:16 [allowed]  §b§l» §ahimej0shi §eis traveling to §aPrivate Island §e§lFOLLOW
19:41:20 [allowed]  §b§l» §ahimej0shi §eis traveling to §aCrystal Hollows §e§lFOLLOW
