10:13:38 HUB
10:14:45 GARDEN
10:15:00 HUB
10:17:46 THE_FARMING_ISLANDS
10:18:32 HUB
10:20:29 DUNGEON_HUB
10:20:35 NONE
10:20:36 PRIVATE_ISLAND_GUEST
10:20:39 NONE
10:20:40 DWARVEN_MINES
10:20:59 GARDEN
10:24:43 PRIVATE_ISLAND
10:33:22 NONE
10:33:22 PRIVATE_ISLAND_GUEST
10:34:32 CRIMSON_ISLE
10:34:36 PRIVATE_ISLAND_GUEST
10:34:39 DWARVEN_MINES
10:38:57 PRIVATE_ISLAND
10:39:57 GARDEN
11:09:22 NONE
11:09:22 HUB
11:24:34 GARDEN
11:25:47 PRIVATE_ISLAND
11:26:21 GARDEN
12:02:23 PRIVATE_ISLAND
12:03:08 GARDEN
12:03:52 HUB
12:06:47 NONE
12:06:48 THE_FARMING_ISLANDS
12:33:09 HUB
12:35:40 PRIVATE_ISLAND
12:39:05 NONE
12:39:09 PRIVATE_ISLAND
12:39:13 SPIDER_DEN
12:39:18 PRIVATE_ISLAND
12:39:26 NONE
12:39:27 SPIDER_DEN
12:40:03 PRIVATE_ISLAND
12:44:29 NONE
12:44:29 HUB
13:00:16 PRIVATE_ISLAND
13:01:10 NONE
13:01:10 PRIVATE_ISLAND_GUEST
13:01:13 NONE
13:01:14 SPIDER_DEN
13:04:03 HUB
13:04:09 SPIDER_DEN
13:08:15 NONE
13:08:15 HUB
13:09:43 PRIVATE_ISLAND
13:10:30 HUB
13:17:01 SPIDER_DEN
13:18:35 PRIVATE_ISLAND
13:19:55 GALATEA
13:20:09 SPIDER_DEN
13:20:14 GALATEA
13:21:01 NONE
13:21:01 SPIDER_DEN
13:33:22 PRIVATE_ISLAND
13:33:37 HUB
13:35:06 PRIVATE_ISLAND
13:35:33 NONE
13:35:33 HUB
13:35:50 PRIVATE_ISLAND
13:36:54 SPIDER_DEN
13:38:09 PRIVATE_ISLAND
13:38:13 NONE
13:38:13 HUB
13:38:30 SPIDER_DEN
13:49:08 NONE
13:49:08 HUB
13:52:25 PRIVATE_ISLAND
13:52:26 NONE
13:52:27 PRIVATE_ISLAND
14:00:06 NONE
14:00:07 HUB
14:03:03 NONE
14:03:04 HUB
14:10:25 PRIVATE_ISLAND
