13:47:27 §f §r§r§r§f §r§r§r§1 §r§r§r§0 §r§r§r§2 §r§r§r§f §r§r§r§f §r§r§r§2 §r§r§r§0 §r§r§r§4 §r§r§r§3 §r§r§r§9 §r§r§r§2 §r§r§r§0 §r§r§r§0 §r§r§r§3 §r§r§r§9 §r§r§r§2 §r§r§r§0 §r§r§r§0 §r§r§r§3 §r§r§r§9 §r§r§r§2 §r§r§r§0 §r§r§r§0 
13:48:07 §8 §r§8 §r§1 §r§3 §r§3 §r§7 §r§8 
13:48:09 
13:48:10 
13:48:43 §8 §r§8 §r§1 §r§3 §r§3 §r§7 §r§8 
13:49:07 §8 §r§8 §r§1 §r§3 §r§3 §r§7 §r§8 
13:51:15 §8 §r§8 §r§1 §r§3 §r§3 §r§7 §r§8 
13:51:35 §8 §r§8 §r§1 §r§3 §r§3 §r§7 §r§8 
13:51:39 §8 §r§8 §r§1 §r§3 §r§3 §r§7 §r§8 
14:02:14 §8 §r§8 §r§1 §r§3 §r§3 §r§7 §r§8 
14:03:10 §8 §r§8 §r§1 §r§3 §r§3 §r§7 §r§8 
14:03:17 §8 §r§8 §r§1 §r§3 §r§3 §r§7 §r§8 
14:03:41  
14:03:41  
14:03:41  
14:03:43  
14:03:43  
14:03:43  
14:05:28 §8 §r§8 §r§1 §r§3 §r§3 §r§7 §r§8 
14:05:42 §8 §r§8 §r§1 §r§3 §r§3 §r§7 §r§8 
14:06:07 §8 §r§8 §r§1 §r§3 §r§3 §r§7 §r§8 
14:06:52  
14:07:39 §8 §r§8 §r§1 §r§3 §r§3 §r§7 §r§8 
14:07:43 §8 §r§8 §r§1 §r§3 §r§3 §r§7 §r§8 
14:10:42 §8 §r§8 §r§1 §r§3 §r§3 §r§7 §r§8 
14:11:20 §8 §r§8 §r§1 §r§3 §r§3 §r§7 §r§8 
14:11:23 §8 §r§8 §r§1 §r§3 §r§3 §r§7 §r§8 
14:15:46  
14:15:46   
14:18:27 
14:18:55 §8 §r§8 §r§1 §r§3 §r§3 §r§7 §r§8 
14:19:15 §8 §r§8 §r§1 §r§3 §r§3 §r§7 §r§8 
14:19:19 §8 §r§8 §r§1 §r§3 §r§3 §r§7 §r§8 
