13:48:28 §6[Sacks] §r§a+3§r§e items§r§e.§r§8 (Last 5s.)
13:49:26 §6[Sacks] §r§a+784§r§e items§r§e.§r§8 (Last 9s.)
13:50:04 §6[Sacks] §r§c-102§r§e items§r§e.§r§8 (Last 5s.)
13:51:30 §6[Sacks] §r§a+10§r§e items§r§e.§r§8 (Last 10s.)
13:51:55 §6[Sacks] §r§a+25§r§e items§r§e.§r§8 (Last 12s.)
13:52:32 §6[Sacks] §r§a+111§r§e items§r§e.§r§8 (Last 30s.)
13:53:03 §6[Sacks] §r§a+51§r§e items§r§e.§r§8 (Last 30s.)
13:53:31 §6[Sacks] §r§a+34§r§e items§r§e.§r§8 (Last 21s.)
13:54:04 §6[Sacks] §r§a+41§r§e items§r§e.§r§8 (Last 23s.)
13:54:25 §6[Sacks] §r§a+27§r§e items§r§e.§r§8 (Last 19s.)
13:54:56 §6[Sacks] §r§a+56§r§e items§r§e.§r§8 (Last 30s.)
13:55:29 §6[Sacks] §r§a+50§r§e items§r§e.§r§8 (Last 30s.)
13:56:01 §6[Sacks] §r§a+18§r§e items§r§e.§r§8 (Last 8s.)
13:56:14 §6[Sacks] §r§a+40§r§e items§r§e.§r§8 (Last 11s.)
13:56:20 §6[Sacks] §r§a+8§r§e items§r§e.§r§8 (Last 5s.)
13:56:55 §6[Sacks] §r§a+72§r§e items§r§e.§r§8 (Last 30s.)
13:57:08 §6[Sacks] §r§a+32§r§e items§r§e.§r§8 (Last 10s.)
13:57:18 §6[Sacks] §r§a+3§r§e items§r§e, §r§c-1,728§r§e items§r§e.§r§8 (Last 9s.)
13:57:26 §6[Sacks] §r§c-1,536§r§e items§r§e.§r§8 (Last 5s.)
13:57:32 §6[Sacks] §r§c-882§r§e items§r§e.§r§8 (Last 5s.)
13:58:05 §6[Sacks] §r§a+263§r§e items§r§e.§r§8 (Last 30s.)
13:58:42 §6[Sacks] §r§a+112§r§e items§r§e.§r§8 (Last 30s.)
13:58:54 §6[Sacks] §r§a+22§r§e items§r§e.§r§8 (Last 10s.)
13:59:27 §6[Sacks] §r§a+70§r§e items§r§e.§r§8 (Last 30s.)
13:59:58 §6[Sacks] §r§a+76§r§e items§r§e.§r§8 (Last 30s.)
14:00:12 §6[Sacks] §r§a+28§r§e items§r§e.§r§8 (Last 12s.)
14:00:45 §6[Sacks] §r§a+78§r§e items§r§e.§r§8 (Last 30s.)
14:01:16 §6[Sacks] §r§a+76§r§e items§r§e.§r§8 (Last 30s.)
14:01:47 §6[Sacks] §r§a+88§r§e items§r§e.§r§8 (Last 30s.)
14:02:05 §6[Sacks] §r§a+36§r§e items§r§e.§r§8 (Last 17s.)
14:07:03 §6[Sacks] §r§a+65§r§e items§r§e.§r§8 (Last 16s.)
14:08:26 §6[Sacks] §r§a+54§r§e items§r§e.§r§8 (Last 5s.)
14:09:43 §6[Sacks] §r§a+1,674§r§e items§r§e.§r§8 (Last 30s.)
14:10:11 §6[Sacks] §r§a+2,304§r§e items§r§e.§r§8 (Last 25s.)
14:10:19 §6[Sacks] §r§a+144§r§e items§r§e.§r§8 (Last 6s.)
14:10:28 §6[Sacks] §r§a+333§r§e items§r§e.§r§8 (Last 7s.)
14:12:21 §6[Sacks] §r§a+2,457§r§e items§r§e.§r§8 (Last 30s.)
14:12:52 §6[Sacks] §r§a+3,247§r§e items§r§e.§r§8 (Last 30s.)
14:13:10 §6[Sacks] §r§a+1,026§r§e items§r§e.§r§8 (Last 16s.)
14:14:04 §6[Sacks] §r§a+3,258§r§e items§r§e.§r§8 (Last 30s.)
14:14:21 §6[Sacks] §r§a+828§r§e items§r§e.§r§8 (Last 16s.)
14:15:05 §6[Sacks] §r§a+3,204§r§e items§r§e.§r§8 (Last 30s.)
14:15:17 §6[Sacks] §r§a+601§r§e items§r§e.§r§8 (Last 11s.)
14:16:27 §6[Sacks] §r§a+1,081§r§e items§r§e, §r§c-20,324§r§e items§r§e.§r§8 (Last 30s.)
14:16:54 §6[Sacks] §r§a+2,043§r§e items§r§e.§r§8 (Last 26s.)
14:17:05 §6[Sacks] §r§a+333§r§e items§r§e.§r§8 (Last 7s.)
14:17:37 §6[Sacks] §r§a+2,772§r§e items§r§e.§r§8 (Last 30s.)
14:17:54 §6[Sacks] §r§a+891§r§e items§r§e.§r§8 (Last 15s.)
14:18:15 §6[Sacks] §r§a+1,926§r§e items§r§e.§r§8 (Last 17s.)
14:18:29 §6[Sacks] §r§c-1,472§r§e items§r§e.§r§8 (Last 5s.)
14:18:36 §6[Sacks] §r§c-1,344§r§e items§r§e.§r§8 (Last 5s.)
14:18:42 §6[Sacks] §r§c-1,280§r§e items§r§e.§r§8 (Last 5s.)
14:18:49 §6[Sacks] §r§c-736§r§e items§r§e.§r§8 (Last 5s.)
14:20:10 §6[Sacks] §r§a+3,015§r§e items§r§e.§r§8 (Last 30s.)
14:20:20 §6[Sacks] §r§a+117§r§e items§r§e.§r§8 (Last 9s.)
