08:10:48 [allowed] §aYou are still radiating with §bGenerosity§r§a!
08:10:51 [allowed]   §r§f§l➤ §r§6You have reached your Hype limit! Add Hype to Prototype Lobby minigames by right-clicking with the Hype Diamond!
08:10:52 [allowed] §b[MVP§c+§b] CYANIDE3254§f §6joined the lobby!
08:11:05 [allowed] §7Sending to server mini26P...
08:11:05 [allowed] §b[MVP§2+§b] SkillIssued_§f §6joined the lobby!
08:11:06 [allowed] §eProfile ID: §r§a62b760d8-92b6-4501-ada0-1fd8583f5266
08:11:06 [allowed] §e§lCLICK THIS TO SUGGEST IT IN CHAT §7§l[DASHES]
08:11:06 [allowed] §e§lCLICK THIS TO SUGGEST IT IN CHAT §7§l[NO DASHES]
08:11:07 [allowed] §6HUNT §e- §a2 §eof your §atraps §ecaught something!
08:11:07 [allowed] §7[§eClick here to collect them.§7]
08:11:08 [allowed] §eLatest update: §bSkyBlock v0.23.2 §e§lCLICK
08:11:10 [allowed] §e[SkyHanni] You have gained §b357 §eBits.
08:11:25 [allowed] §cYour inventory does not have enough free space to add all items!
08:12:05 [allowed] §6HUNT §e- §a2 §eof your §atraps §ecaught something!
08:12:05 [allowed] §7[§eClick here to collect them.§7]
08:12:09 [allowed] §aYou caught §7x2 §fCod §aShards§a!
08:12:09 [allowed] §aYou caught a §aMossybit §aShard!
08:14:33 [allowed] §5Rabbit Daddy §r§7has been promoted to §r§7[132§r§7] §r§5Manager§r§7!
08:14:34 [allowed] §5Rabbit Sis §r§7has been promoted to §r§7[138§r§7] §r§5Manager§r§7!
08:14:35 [allowed] §9Rabbit Uncle §r§7has been promoted to §r§7[124§r§7] §r§9Assistant§r§7!
08:14:35 [allowed] §9Rabbit Dog §r§7has been promoted to §r§7[121§r§7] §r§9Assistant§r§7!
08:15:23 [allowed] §5Rabbit Bro §r§7has been promoted to §r§7[161§r§7] §r§5Manager§r§7!
08:15:24 [allowed] §5Rabbit Granny §r§7has been promoted to §r§7[128§r§7] §r§5Manager§r§7!
08:15:24 [allowed] §5Rabbit Cousin §r§7has been promoted to §r§7[147§r§7] §r§5Manager§r§7!
08:15:25 [allowed] §5Rabbit Daddy §r§7has been promoted to §r§7[133§r§7] §r§5Manager§r§7!
08:15:26 [allowed] §5Rabbit Sis §r§7has been promoted to §r§7[139§r§7] §r§5Manager§r§7!
08:15:27 [allowed] §d§lTIME TOWER! §r§7Your §r§6Chocolate Factory §r§7production has increased by §r§6+1.2x §r§7for §r§a1h§r§7!
08:15:28 [allowed] §5Rabbit Uncle §r§7has been promoted to §r§7[125§r§7] §r§5Manager§r§7!
08:15:38 [allowed] §9Rabbit Dog §r§7has been promoted to §r§7[122§r§7] §r§9Assistant§r§7!
08:15:39 [allowed] §5Rabbit Bro §r§7has been promoted to §r§7[162§r§7] §r§5Manager§r§7!
08:15:40 [allowed] §5Rabbit Granny §r§7has been promoted to §r§7[129§r§7] §r§5Manager§r§7!
08:15:41 [allowed] §5Rabbit Cousin §r§7has been promoted to §r§7[148§r§7] §r§5Manager§r§7!
08:15:51 [allowed] §5Rabbit Daddy §r§7has been promoted to §r§7[134§r§7] §r§5Manager§r§7!
08:15:51 [allowed] §5Rabbit Sis §r§7has been promoted to §r§7[140§r§7] §r§5Manager§r§7!
08:15:52 [allowed] §5Rabbit Uncle §r§7has been promoted to §r§7[126§r§7] §r§5Manager§r§7!
08:15:54 [allowed] §9Rabbit Dog §r§7has been promoted to §r§7[123§r§7] §r§9Assistant§r§7!
08:15:54 [allowed] §5Rabbit Granny §r§7has been promoted to §r§7[130§r§7] §r§5Manager§r§7!
08:15:55 [allowed] §5Rabbit Bro §r§7has been promoted to §r§7[163§r§7] §r§5Manager§r§7!
08:15:56 [allowed] §5Rabbit Cousin §r§7has been promoted to §r§7[149§r§7] §r§5Manager§r§7!
08:15:59 [allowed] §5Rabbit Daddy §r§7has been promoted to §r§7[135§r§7] §r§5Manager§r§7!
08:16:00 [allowed] §5Rabbit Sis §r§7has been promoted to §r§7[141§r§7] §r§5Manager§r§7!
08:16:01 [allowed] §5Rabbit Uncle §r§7has been promoted to §r§7[127§r§7] §r§5Manager§r§7!
08:16:02 [allowed] §9Rabbit Dog §r§7has been promoted to §r§7[124§r§7] §r§9Assistant§r§7!
08:16:03 [allowed] §5Rabbit Bro §r§7has been promoted to §r§7[164§r§7] §r§5Manager§r§7!
08:16:09 [allowed] §6§lChocolate Milestone Rabbit! §d§lNEW §5§lEPIC §5Peppermint Pearl §7(§6+10 §7and §6+0.005x c/s!§7)
08:16:12 [allowed] §5Rabbit Granny §r§7has been promoted to §r§7[131§r§7] §r§5Manager§r§7!
08:16:12 [allowed] §5Rabbit Cousin §r§7has been promoted to §r§7[150§r§7] §r§5Manager§r§7!
08:16:13 [allowed] §5Rabbit Daddy §r§7has been promoted to §r§7[136§r§7] §r§5Manager§r§7!
08:16:14 [allowed] §5Rabbit Sis §r§7has been promoted to §r§7[142§r§7] §r§5Manager§r§7!
08:16:14 [allowed] §5Rabbit Uncle §r§7has been promoted to §r§7[128§r§7] §r§5Manager§r§7!
08:16:15 [allowed] §5Rabbit Dog §r§7has been promoted to §r§7[125§r§7] §r§5Manager§r§7!
08:18:28 [allowed] §5Rabbit Granny §r§7has been promoted to §r§7[132§r§7] §r§5Manager§r§7!
08:18:29 [allowed] §5Rabbit Bro §r§7has been promoted to §r§7[165§r§7] §r§5Manager§r§7!
08:18:30 [allowed] §5Rabbit Cousin §r§7has been promoted to §r§7[151§r§7] §r§5Manager§r§7!
08:18:30 [allowed] §5Rabbit Daddy §r§7has been promoted to §r§7[137§r§7] §r§5Manager§r§7!
08:18:36 [allowed] §aYou bought §r§aSupreme Chocolate Bar§r§a!
08:18:36 [allowed] §aYou bought §r§aSupreme Chocolate Bar§r§a!
08:18:37 [allowed] §aYou bought §r§aSupreme Chocolate Bar§r§a!
08:18:37 [allowed] §aYou bought §r§aSupreme Chocolate Bar§r§a!
08:18:37 [allowed] §aYou bought §r§aSupreme Chocolate Bar§r§a!
08:18:37 [allowed] §aYou bought §r§aSupreme Chocolate Bar§r§a!
08:18:38 [allowed] §aYou bought §r§aSupreme Chocolate Bar§r§a!
08:18:38 [allowed] §aYou bought §r§aSupreme Chocolate Bar§r§a!
08:18:38 [allowed] §aYou bought §r§aSupreme Chocolate Bar§r§a!
08:18:38 [allowed] §aYou bought §r§aSupreme Chocolate Bar§r§a!
08:18:38 [allowed] §aYou bought §r§aSupreme Chocolate Bar§r§a!
08:18:39 [allowed] §aYou bought §r§aSupreme Chocolate Bar§r§a!
08:18:39 [allowed] §aYou bought §r§aSupreme Chocolate Bar§r§a!
08:18:39 [allowed] §aYou bought §r§aSupreme Chocolate Bar§r§a!
08:18:40 [allowed] §aYou bought §r§aSupreme Chocolate Bar§r§a!
08:18:40 [allowed] §aYou bought §r§aSupreme Chocolate Bar§r§a!
08:18:40 [allowed] §aYou bought §r§aSupreme Chocolate Bar§r§a!
08:18:40 [allowed] §aYou bought §r§aSupreme Chocolate Bar§r§a!
08:18:41 [allowed] §aYou bought §r§aSupreme Chocolate Bar§r§a!
08:18:41 [allowed] §aYou bought §r§aSupreme Chocolate Bar§r§a!
08:18:41 [allowed] §aYou bought §r§aSupreme Chocolate Bar§r§a!
08:18:42 [allowed] §aYou bought §r§aSupreme Chocolate Bar§r§a!
08:18:42 [allowed] §aYou bought §r§aSupreme Chocolate Bar§r§a!
08:18:42 [allowed] §aYou bought §r§aSupreme Chocolate Bar§r§a!
08:18:42 [allowed] §aYou bought §r§aSupreme Chocolate Bar§r§a!
08:18:43 [allowed] §aYou bought §r§aSupreme Chocolate Bar§r§a!
08:18:43 [allowed] §aYou bought §r§aSupreme Chocolate Bar§r§a!
08:18:44 [allowed] §5Rabbit Sis §r§7has been promoted to §r§7[143§r§7] §r§5Manager§r§7!
08:18:45 [allowed] §5Rabbit Uncle §r§7has been promoted to §r§7[129§r§7] §r§5Manager§r§7!
08:18:45 [allowed] §5Rabbit Dog §r§7has been promoted to §r§7[126§r§7] §r§5Manager§r§7!
08:18:46 [allowed] §5Rabbit Bro §r§7has been promoted to §r§7[166§r§7] §r§5Manager§r§7!
08:18:47 [allowed] §5Rabbit Granny §r§7has been promoted to §r§7[133§r§7] §r§5Manager§r§7!
08:18:47 [allowed] §5Rabbit Cousin §r§7has been promoted to §r§7[152§r§7] §r§5Manager§r§7!
08:18:48 [allowed] §5Rabbit Daddy §r§7has been promoted to §r§7[138§r§7] §r§5Manager§r§7!
08:18:48 [allowed] §5Rabbit Sis §r§7has been promoted to §r§7[144§r§7] §r§5Manager§r§7!
08:18:49 [allowed] §5Rabbit Uncle §r§7has been promoted to §r§7[130§r§7] §r§5Manager§r§7!
08:18:50 [allowed] §5Rabbit Dog §r§7has been promoted to §r§7[127§r§7] §r§5Manager§r§7!
08:18:50 [allowed] §5Rabbit Granny §r§7has been promoted to §r§7[134§r§7] §r§5Manager§r§7!
08:18:51 [allowed] §5Rabbit Bro §r§7has been promoted to §r§7[167§r§7] §r§5Manager§r§7!
08:18:52 [allowed] §5Rabbit Cousin §r§7has been promoted to §r§7[153§r§7] §r§5Manager§r§7!
08:18:52 [allowed] §5Rabbit Daddy §r§7has been promoted to §r§7[139§r§7] §r§5Manager§r§7!
08:18:53 [allowed] §5Rabbit Sis §r§7has been promoted to §r§7[145§r§7] §r§5Manager§r§7!
08:18:53 [allowed] §5Rabbit Uncle §r§7has been promoted to §r§7[131§r§7] §r§5Manager§r§7!
08:18:54 [allowed] §5Rabbit Dog §r§7has been promoted to §r§7[128§r§7] §r§5Manager§r§7!
08:18:54 [allowed] §5Rabbit Granny §r§7has been promoted to §r§7[135§r§7] §r§5Manager§r§7!
08:18:55 [allowed] §5Rabbit Bro §r§7has been promoted to §r§7[168§r§7] §r§5Manager§r§7!
08:18:56 [allowed] §5Rabbit Cousin §r§7has been promoted to §r§7[154§r§7] §r§5Manager§r§7!
08:18:57 [allowed] §5Rabbit Daddy §r§7has been promoted to §r§7[140§r§7] §r§5Manager§r§7!
08:18:57 [allowed] §5Rabbit Sis §r§7has been promoted to §r§7[146§r§7] §r§5Manager§r§7!
08:18:59 [allowed] §5Rabbit Bro §r§7has been promoted to §r§7[169§r§7] §r§5Manager§r§7!
08:19:02 [allowed] §7Your §r§aRabbit Barn §r§7capacity has been increased to §r§a154 Rabbits§r§7!
08:19:06 [allowed] §cYou don't have enough Chocolate!
08:28:44 [allowed] §2Guild > §r§ahimej0shi §r§ejoined.
08:28:45 [allowed] §2Guild > §r§ahimej0shi §r§eleft.
08:28:46 [allowed] §2Guild > §r§ahimej0shi §r§ejoined.
08:28:57 [allowed] §2Guild > §b[MVP§3+§b] catholicschool§f: §rHAIIIIIIIIIII
08:29:00 [allowed] §2Guild > §a[VIP§6+§a] himej0shi§f: §rHAIIIIIIIIIII
08:29:15 [allowed] §bhimej0shi joined SkyBlock.
08:29:17 [allowed] §2Guild > §b[MVP§3+§b] catholicschool§f: §rtrying different texture packs to steal block textures from
08:29:22 [allowed] §2Guild > §b[MVP§3+§b] catholicschool§f: §rand doing sounbds
08:29:22 [allowed] §2Guild > §a[VIP§6+§a] himej0shi§f: §rhfgdfgdhfghd respekt
08:29:44 [allowed] §2Guild > §b[MVP§3+§b] catholicschool§f: §rall the medival mmorpg vibe packs are so dark so its like fitting for sb but also not fitting
08:29:56 [allowed] §2Guild > §a[VIP§6+§a] himej0shi§f: §rHUGGG
08:30:15 [allowed] §2Guild > §a[VIP§6+§a] himej0shi§f: §rmis see
08:30:18 [allowed] §2Guild > §a[VIP§6+§a] himej0shi§f: §raa
08:30:21 [allowed] §2Guild > §a[VIP§6+§a] himej0shi§f: §rghdfdhfgh
08:30:23 [allowed] §2Guild > §a[VIP§6+§a] himej0shi§f: §rwoah rune
08:30:27 [allowed] §2Guild > §b[MVP§3+§b] catholicschool§f: §rI LOVE RUNES!!!
08:30:32 [allowed] §2Guild > §a[VIP§6+§a] himej0shi§f: §rcute rune
08:30:39 [allowed] §2Guild > §b[MVP§3+§b] catholicschool§f: §rfghgfh aitaah sa ka!
08:30:42 [allowed] §2Guild > §a[VIP§6+§a] himej0shi§f: §ryayy tyy
08:30:50 [allowed] §2Guild > §a[VIP§6+§a] himej0shi§f: §rjee enderman legendary time :P
08:30:56 [allowed] §2Guild > §b[MVP§3+§b] catholicschool§f: §rglll awww
08:30:58 [allowed] §2Guild > §a[VIP§6+§a] himej0shi§f: §rhfgdhfdghdf
08:31:00 [allowed] §2Guild > §b[MVP§3+§b] catholicschool§f: §rsaad legendary tana!!
08:31:03 [allowed] §2Guild > §a[VIP§6+§a] himej0shi§f: §rjaaaa
08:31:06 [allowed] §2Guild > §a[VIP§6+§a] himej0shi§f: §rtyy goonette
08:31:08 [allowed] §2Guild > §b[MVP§3+§b] catholicschool§f: §rfirst person to get mythic enderman pet drop
08:31:11 [allowed] §2Guild > §b[MVP§3+§b] catholicschool§f: §rnp! :3
08:31:20 [allowed] §2Guild > §a[VIP§6+§a] himej0shi§f: §rcoming to the thought of your older sister.. so naughty :3
08:31:33 [allowed] §2Guild > §a[VIP§6+§a] himej0shi§f: §rheheehhe ur smiling
08:31:49 [allowed] §2Guild > §b[MVP§3+§b] catholicschool§f: §rum
08:31:51 [allowed] §2Guild > §b[MVP§3+§b] catholicschool§f: §rhmph!
08:31:53 [allowed] §2Guild > §b[MVP§3+§b] catholicschool§f: §rbully
08:31:54 [allowed] §2Guild > §a[VIP§6+§a] himej0shi§f: §rAWWW
08:31:57 [allowed] §2Guild > §a[VIP§6+§a] himej0shi§f: §rADORABLEEE
08:32:12 [allowed] §2Guild > §b[MVP§3+§b] catholicschool§f: §rfgfhgfhgf
08:32:15 [allowed] §2Guild > §a[VIP§6+§a] himej0shi§f: §rendmerna!
08:32:15 [allowed] §2Guild > §b[MVP§3+§b] catholicschool§f: §rstapphh
08:32:19 [allowed] §2Guild > §a[VIP§6+§a] himej0shi§f: §renderman!!
08:32:20 [allowed] §2Guild > §b[MVP§3+§b] catholicschool§f: §rokii gll
08:32:22 [allowed] §2Guild > §a[VIP§6+§a] himej0shi§f: §rtyyy
08:32:26 [allowed] §2Guild > §b[MVP§3+§b] catholicschool§f: §roppa enderman style
08:32:31 [allowed] §7Warping...
08:32:31 [allowed] §7Sending to server mini33AQ...
08:32:32 [allowed] §2Guild > §a[VIP§6+§a] himej0shi§f: §rop op op op
08:32:34 [allowed]  §b§l» §ahimej0shi §eis traveling to §aPrivate Island §e§lFOLLOW
08:32:39 [allowed]  §b§l» §ahimej0shi §eis traveling to §aThe End §e§lFOLLOW
08:32:39 [allowed] §2Guild > §b[MVP§3+§b] catholicschool§f: §rdont forget your traps
08:32:44 [allowed] §2Guild > §a[VIP§6+§a] himej0shi§f: §ro rite
08:32:51 [allowed] §aYou placed a Trap near a Shard location! §r§8(§r§b4§r§7/§r§b5 §r§7traps placed§r§8)
08:32:54 [allowed] §aYou placed a Trap near a Shard location! §r§8(§r§b5§r§7/§r§b5 §r§7traps placed§r§8)
08:32:55 [allowed] §2Guild > §a[VIP§6+§a] himej0shi§f: §rcan u make party and warp me gfjhjdfg
08:33:00 [allowed] §9§m-----------------------------------------------------
08:33:00 [allowed] §b[MVP§r§3+§r§b] catholicschool §r§einvited §r§a[VIP§r§6+§r§a] himej0shi §r§eto the party! They have §r§c60 §r§eseconds to accept.
08:33:00 [allowed] §9§m-----------------------------------------------------
08:33:04 [allowed] §9§m-----------------------------------------------------
08:33:04 [allowed] §a[VIP§r§6+§r§a] himej0shi §r§ejoined the party.
08:33:04 [allowed] §9§m-----------------------------------------------------
08:33:04 [allowed] §9§m-----------------------------
08:33:04 [allowed] §eSkyBlock Party Warp §r§7(1 player)
08:33:04 [allowed] §a✔ §r§a[VIP§r§6+§r§a] himej0shi§r§f §r§awarped to your server
08:33:04 [allowed] §9§m-----------------------------
08:33:06 [allowed] §7Warping you to your SkyBlock island...
08:33:07 [allowed] §2Guild > §a[VIP§6+§a] himej0shi§f: §rtyyy
08:33:07 [allowed] §7Sending to server mini205B...
08:33:08 [allowed] §bhimej0shi joined SkyBlock.
08:33:09 [allowed] §2Guild > §b[MVP§3+§b] catholicschool§f: §rnp
08:34:42 [allowed]  §9§l» §ahimej0shi §eis traveling to §aPrivate Island §e§lFOLLOW
08:34:46 [allowed]  §9§l» §ahimej0shi §eis traveling to §aThe End §e§lFOLLOW
08:34:49 [allowed] §2Guild > §b[MVP§3+§b] catholicschool§f: §rgll!
08:34:56 [allowed] §2Guild > §a[VIP§6+§a] himej0shi§f: §rdankeee
08:40:58 [allowed] §2Guild > §a[VIP§6+§a] himej0shi§f: §rdrake lobby kui oled huvitatud
08:41:13 [allowed] §e[SkyHanni] You have gained §b357 §eBits.
08:42:20 [allowed] §2Guild > §a[VIP§6+§a] himej0shi§f: §rnvm neil said silmad otsa hjhgddjkfg
08:44:29 [allowed] §2Guild > §b[MVP§3+§b] catholicschool§f: §rjandasin toas
08:44:30 [allowed] §2Guild > §b[MVP§3+§b] catholicschool§f: §rfhghfg
08:44:32 [allowed] §2Guild > §a[VIP§6+§a] himej0shi§f: §raww
08:44:36 [allowed] §2Guild > §b[MVP§3+§b] catholicschool§f: §rpanin akna kinni kuna oues palavam
08:44:41 [allowed] §2Guild > §b[MVP§3+§b] catholicschool§f: §rja panin ventike minu peale puhuma
08:44:47 [allowed] §2Guild > §a[VIP§6+§a] himej0shi§f: §rawwwww
08:44:49 [allowed] §2Guild > §b[MVP§3+§b] catholicschool§f: §rja minig karbes ka rundas enne
08:45:28 [allowed] §2Guild > §a[VIP§6+§a] himej0shi§f: §rähhh paha kärbes
08:45:46 [allowed] §2Guild > §b[MVP§3+§b] catholicschool§f: §rmhmmmm scary
08:45:47 [allowed] §2Guild > §a[VIP§6+§a] himej0shi§f: §rmul k aennem oli mingi kärbes
08:45:50 [allowed] §2Guild > §a[VIP§6+§a] himej0shi§f: §rno idea kudias ta tuppa sai ngl .SOb:
08:46:03 [allowed] §cWe blocked your comment "they are cancer, a plague upon mother earth" because it involves encouraging violence or hatred towards other players. §r§bhttps://www.hypixel.net/rules/
08:46:21 [allowed] §2Guild > §b[MVP§3+§b] catholicschool§f: §rwhen people say humans are the real corona virus
08:46:23 [allowed] §2Guild > §b[MVP§3+§b] catholicschool§f: §rthey are stupid
08:46:27 [allowed] §2Guild > §b[MVP§3+§b] catholicschool§f: §rits the mosquitos and flies
08:46:28 [allowed] §2Guild > §a[VIP§6+§a] himej0shi§f: §romg nii ilus font..
08:46:32 [allowed] §2Guild > §b[MVP§3+§b] catholicschool§f: §rgfdhgf ja
08:46:44 [allowed] §2Guild > §a[VIP§6+§a] himej0shi§f: §rwow kui kunagi saad rohkem stuffi tehtud võid instance saata hgdfjgdf
08:46:46 [allowed] §2Guild > §b[MVP§3+§b] catholicschool§f: §ruhte moddi vaja et seda loadida tho niiet ma parast saada instance kui texture pack rohkem natue valmis
08:46:53 [allowed] §2Guild > §a[VIP§6+§a] himej0shi§f: §rmhm!
08:46:56 [allowed] §2Guild > §b[MVP§3+§b] catholicschool§f: §rgfhgf aww
08:47:01 [allowed] §2Guild > §a[VIP§6+§a] himej0shi§f: §rhgkfdgdhj midaaaa
08:47:11 [allowed] §2Guild > §b[MVP§3+§b] catholicschool§f: §rei midagi :3
08:48:04 [allowed] §2Guild > §a[VIP§6+§a] himej0shi§f: §r:3
08:49:21 [allowed] §2Guild > §a[VIP§6+§a] himej0shi§f: §rleidsin hea video ka endale taustaks :p
08:49:27 [allowed] §2Guild > §b[MVP§3+§b] catholicschool§f: §raww enjoy!!
08:49:33 [allowed] §2Guild > §a[VIP§6+§a] himej0shi§f: §rtyyy
08:49:40 [allowed] §2Guild > §a[VIP§6+§a] himej0shi§f: §rits about final fantasy 15 game engine
08:49:43 [allowed] §2Guild > §b[MVP§3+§b] catholicschool§f: §rfghgfhgf
08:49:45 [allowed] §2Guild > §b[MVP§3+§b] catholicschool§f: §rneed head
08:49:57 [allowed] §2Guild > §a[VIP§6+§a] himej0shi§f: §rya
08:50:03 [allowed] §2Guild > §a[VIP§6+§a] himej0shi§f: §rff15 underrated asf
08:50:22 [allowed] §2Guild > §b[MVP§3+§b] catholicschool§f: §rsup troll ff15
08:50:38 [allowed] §2Guild > §a[VIP§6+§a] himej0shi§f: §rhgfgfhfhg
08:54:20 [allowed] §2Guild > §a[VIP§6+§a] himej0shi§f: §rgamedev on nii lahe artform ikka
