08:10:48 [EMPTY] §f §r§r§r§f §r§r§r§1 §r§r§r§0 §r§r§r§2 §r§r§r§f §r§r§r§f §r§r§r§2 §r§r§r§0 §r§r§r§4 §r§r§r§3 §r§r§r§9 §r§r§r§2 §r§r§r§0 §r§r§r§0 §r§r§r§3 §r§r§r§9 §r§r§r§2 §r§r§r§0 §r§r§r§0 §r§r§r§3 §r§r§r§9 §r§r§r§2 §r§r§r§0 §r§r§r§0 
08:11:06 [EMPTY] §8 §r§8 §r§1 §r§3 §r§3 §r§7 §r§8 
08:11:08 [EMPTY] 
08:11:08 [WELCOME] §eWelcome to §r§aHypixel SkyBlock§r§e!
08:11:08 [EMPTY] 
08:11:09 [PROFILE_JOIN] §aYou are playing on profile: §eLemon§b (Co-op)
08:11:09 [PROFILE_JOIN] §8Profile ID: 62b760d8-92b6-4501-ada0-1fd8583f5266
08:16:07 [GUILD_EXP] §aYou earned §r§2439 GEXP §r§a+ §r§e1,317 Event EXP §r§afrom playing SkyBlock!
08:16:09 [COMPACT_HOPPITY] §D§LHOPPITY'S HUNT §7You found §5Peppermint Pearl §7(§5§LEPIC§7)!
08:16:09 [COMPACT_HOPPITY] §d§lNEW RABBIT! §6+10 Chocolate §7and §6+0.005x Chocolate §7per second!
08:21:07 [GUILD_EXP] §aYou earned §r§2224 GEXP §r§a+ §r§e672 Event EXP §r§afrom playing SkyBlock!
08:31:08 [GUILD_EXP] §aYou earned §r§2108 GEXP §r§a+ §r§e324 Event EXP §r§afrom playing SkyBlock!
08:32:32 [EMPTY] §8 §r§8 §r§1 §r§3 §r§3 §r§7 §r§8 
08:32:35 [PROFILE_JOIN] §aYou are playing on profile: §eLemon§b (Co-op)
08:32:35 [PROFILE_JOIN] §8Profile ID: 62b760d8-92b6-4501-ada0-1fd8583f5266
08:32:40 [SACKS_CHANGE] §6[Sacks] §r§a+4§r§e items§r§e.§r§8 (Last 6s.)
08:32:49 [SACKS_CHANGE] §6[Sacks] §r§a+4§r§e items§r§e.§r§8 (Last 7s.)
08:33:07 [EMPTY] §8 §r§8 §r§1 §r§3 §r§3 §r§7 §r§8 
08:33:10 [PROFILE_JOIN] §aYou are playing on profile: §eLemon§b (Co-op)
08:33:10 [PROFILE_JOIN] §8Profile ID: 62b760d8-92b6-4501-ada0-1fd8583f5266
08:33:39 [SACKS_CHANGE] §6[Sacks] §r§a+2§r§e items§r§e.§r§8 (Last 5s.)
08:34:05 [SACKS_CHANGE] §6[Sacks] §r§a+3§r§e items§r§e.§r§8 (Last 6s.)
08:38:08 [GUILD_EXP] §aYou earned §r§2141 GEXP §r§a+ §r§e423 Event EXP §r§afrom playing SkyBlock!
