20:49:12 [allowed] §aYou are still radiating with §bGenerosity§r§a!
20:49:12 [EMPTY] §f §r§r§r§f §r§r§r§1 §r§r§r§0 §r§r§r§2 §r§r§r§f §r§r§r§f §r§r§r§2 §r§r§r§0 §r§r§r§4 §r§r§r§3 §r§r§r§9 §r§r§r§2 §r§r§r§0 §r§r§r§0 §r§r§r§3 §r§r§r§9 §r§r§r§2 §r§r§r§0 §r§r§r§0 §r§r§r§3 §r§r§r§9 §r§r§r§2 §r§r§r§0 §r§r§r§0 
20:49:14 [allowed]   §r§f§l➤ §r§6You have reached your Hype limit! Add Hype to Prototype Lobby minigames by right-clicking with the Hype Diamond!
20:49:14 [allowed] §b[MVP§f+§b] Unleqithaxs§f §6joined the lobby!
20:49:16 [allowed] §b[MVP§6+§b] Coolguy1336§f §6joined the lobby!
20:49:19 [allowed] §b[MVP§c+§b] 300lbBeatifulGod§f §6joined the lobby!
20:49:19 [allowed] §b[MVP§9+§b] Griffin198§f §6joined the lobby!
20:49:21 [allowed] §b[MVP§c+§b] BenZyler§f §6joined the lobby!
20:49:22 [allowed] §b[MVP§d+§b] Stop_Sweatin§f §6joined the lobby!
20:49:28 [allowed] §7Sending to server mini72AG...
20:49:29 [EMPTY] §8 §r§8 §r§1 §r§3 §r§3 §r§7 §r§8 
20:49:29 [allowed] §eProfile ID: §r§a62b760d8-92b6-4501-ada0-1fd8583f5266
20:49:29 [allowed] §e§lCLICK THIS TO SUGGEST IT IN CHAT §7§l[DASHES]
20:49:29 [allowed] §e§lCLICK THIS TO SUGGEST IT IN CHAT §7§l[NO DASHES]
20:49:31 [EMPTY] 
20:49:31 [WELCOME] §eWelcome to §r§aHypixel SkyBlock§r§e!
20:49:31 [EMPTY] 
20:49:31 [allowed] §eLatest update: §bSkyBlock v0.23.2 §e§lCLICK
20:49:32 [PROFILE_JOIN] §aYou are playing on profile: §eLemon§b (Co-op)
20:49:32 [PROFILE_JOIN] §8Profile ID: 62b760d8-92b6-4501-ada0-1fd8583f5266
20:49:33 [LOTTERY] §bNew day! §r§eYour §r§2Lottery §r§ebuff changed!
20:49:33 [LOTTERY] §eNew buff§r§r§r: §r§fGain §r§a+50 §r§6☘ Mangrove Fortune§r§f.
20:49:33 [LOTTERY] §8§oYou can disable this messaging by toggling Lottery in your /hotf!
