12:55:58 [allowed] S§r§rk§r§ry§r§rF§r§ra§r§rl§r§rl§r§f §l§8» §r§aA new version of SkyFall is available! Click here to download.
12:55:58 [allowed] §aYou are still radiating with §bGenerosity§r§a!
12:56:05 [allowed] §2Guild > §a[VIP§6+§a] himej0shi§f: §ro haii
12:56:08 [allowed] §aYou are now in the §r§6GUILD§r§a channel
12:56:09 [allowed] §2Guild > §b[MVP§3+§b] catholicschool§f: §rhello
12:56:19 [allowed] §7Sending to server mini143H...
12:56:20 [allowed] §eProfile ID: §r§a62b760d8-92b6-4501-ada0-1fd8583f5266
12:56:20 [allowed] §e§lCLICK THIS TO SUGGEST IT IN CHAT §7§l[DASHES]
12:56:20 [allowed] §e§lCLICK THIS TO SUGGEST IT IN CHAT §7§l[NO DASHES]
12:56:20 [allowed] §f       §7You have §31 §7pending §3Bestiary Milestone §7to be claimed!
12:56:20 [allowed] §f                    §6§l>>> §6§lCLICK HERE§e to claim it! §6§l<<<
12:56:22 [allowed] §e§l▬▬▬▬▬▬▬▬▬▬▬▬▬▬▬▬▬▬▬▬▬▬▬▬▬▬▬▬▬▬▬▬▬▬▬▬▬▬▬▬▬▬▬▬▬▬▬▬▬▬▬▬▬▬▬▬▬▬▬▬▬▬▬▬
12:56:22 [allowed]   §r§6§lCOLLECTION LEVEL UP §eIron Ingot §8VI➜§eXII
12:56:22 [allowed]    §r§b§lCO-OP » §r§7Unlocked while you were offline
12:56:22 [allowed]   §r§a§lREWARDS
12:56:22 [allowed]     §r§7§6Personal Deletor 7000 §7Recipe
12:56:22 [allowed]     §r§7§8+§b4 SkyBlock XP
12:56:22 [allowed] §e§l▬▬▬▬▬▬▬▬▬▬▬▬▬▬▬▬▬▬▬▬▬▬▬▬▬▬▬▬▬▬▬▬▬▬▬▬▬▬▬▬▬▬▬▬▬▬▬▬▬▬▬▬▬▬▬▬▬▬▬▬▬▬▬▬
12:56:22 [allowed] §eLatest update: §bSkyBlock v0.23.2 §e§lCLICK
12:56:23 [allowed] §e[SkyHanni] Reset Reputation Helper.
12:56:24 [allowed] §2Guild > §a[VIP§6+§a] himej0shi§f: §rdoing slayer while tryna get the talisman
12:56:30 [allowed] §2Guild > §b[MVP§3+§b] catholicschool§f: §rmhm
12:56:31 [allowed] §2Guild > §b[MVP§3+§b] catholicschool§f: §rgll
12:56:34 [allowed] §2Guild > §b[MVP§3+§b] catholicschool§f: §rm testing
12:56:41 [allowed] §2Guild > §a[VIP§6+§a] himej0shi§f: §rokiiii gll!
12:57:34 [allowed] §7Warping you to your SkyBlock island...
12:57:34 [allowed] §7Sending to server mini95CV...
12:57:35 [allowed] §aYou gained §r§b2,228.8 Fishing §r§aexperience from minions!
12:57:35 [allowed] §aYou gained §r§b4,844 Farming §r§aexperience from minions!
12:57:35 [allowed] §aYou gained §r§b11,033.2 Combat §r§aexperience from minions!
12:57:35 [allowed] §3§l▬▬▬▬▬▬▬▬▬▬▬▬▬▬▬▬▬▬▬▬▬▬▬▬▬▬▬▬▬▬▬▬▬▬▬▬▬▬▬▬▬▬▬▬▬▬▬▬▬▬▬▬▬▬▬▬▬▬▬▬▬▬▬▬
12:57:35 [allowed]   §r§b§lSKILL LEVEL UP §3Mining §825➜§326
12:57:35 [allowed]   §r§a§lREWARDS
12:57:35 [allowed]    §r§eSpelunker 26
12:57:35 [allowed]    §r  §7§fGrants §a+§8100➜§a104§f §6☘ Mining Fortune§f, which increases your
12:57:35 [allowed]    §r  §fchance for multiple ore drops.
12:57:35 [allowed]    §r§7§8+§a2 §a❈ Defense
12:57:35 [allowed]    §r§7§9Warped Stone §7Reforge
12:57:35 [allowed]    §r§7§6Shriveled Cornea §7Reforge
12:57:35 [allowed]    §r§7§5Petrified Starfall §7Reforge
12:57:35 [allowed]    §r§7§8+§6250,000 §7Coins
12:57:35 [allowed]    §r§7§8+§b20 SkyBlock XP
12:57:35 [allowed] §3§l▬▬▬▬▬▬▬▬▬▬▬▬▬▬▬▬▬▬▬▬▬▬▬▬▬▬▬▬▬▬▬▬▬▬▬▬▬▬▬▬▬▬▬▬▬▬▬▬▬▬▬▬▬▬▬▬▬▬▬▬▬▬▬▬
12:57:35 [allowed] §aYou gained §r§b17,807.2 Mining §r§aexperience from minions!
12:57:36 [allowed] §f       §7You have §31 §7pending §3Bestiary Milestone §7to be claimed!
12:57:36 [allowed] §f                    §6§l>>> §6§lCLICK HERE§e to claim it! §6§l<<<
12:57:36 [allowed] §6HUNT §e- §a5 §eof your §atraps §ecaught something!
12:57:36 [allowed] §7[§eClick here to collect them.§7]
12:58:32 [allowed] §2Guild > §a[VIP§6+§a] himej0shi§f: §rkui saan wolf slayer 5 saan red claw ringi ka teha
12:58:34 [allowed] §2Guild > §a[VIP§6+§a] himej0shi§f: §rbig upgrades
12:58:34 [allowed] §6HUNT §e- §a5 §eof your §atraps §ecaught something!
12:58:34 [allowed] §7[§eClick here to collect them.§7]
12:58:38 [allowed] §3§l▬▬▬▬▬▬▬▬▬▬▬▬▬▬▬▬▬▬▬▬▬▬▬▬▬▬▬▬▬▬▬▬▬▬▬▬▬▬▬▬▬▬▬▬▬▬▬▬▬▬▬▬▬▬▬▬▬▬▬▬▬▬▬▬
12:58:38 [allowed]                          §r§6§lBESTIARY MILESTONE
12:58:38 [allowed]                                    §r§888 §r§8➡§r§e §r§e89
12:58:38 [allowed]                                    §r§6§lREWARD
12:58:38 [allowed]                                  §r§8+§r§a1 §r§c❤ Health
12:58:38 [allowed] §3§l▬▬▬▬▬▬▬▬▬▬▬▬▬▬▬▬▬▬▬▬▬▬▬▬▬▬▬▬▬▬▬▬▬▬▬▬▬▬▬▬▬▬▬▬▬▬▬▬▬▬▬▬▬▬▬▬▬▬▬▬▬▬▬▬
12:58:41 [allowed] §2Guild > §b[MVP§3+§b] catholicschool§f: §r:o
12:58:43 [allowed] §2Guild > §b[MVP§3+§b] catholicschool§f: §rglklglll
12:58:44 [allowed] §2Guild > §a[VIP§6+§a] himej0shi§f: §rcrit dmg +3
