12:55:58 [EMPTY] §f §r§r§r§f §r§r§r§1 §r§r§r§0 §r§r§r§2 §r§r§r§f §r§r§r§f §r§r§r§2 §r§r§r§0 §r§r§r§4 §r§r§r§3 §r§r§r§9 §r§r§r§2 §r§r§r§0 §r§r§r§0 §r§r§r§3 §r§r§r§9 §r§r§r§2 §r§r§r§0 §r§r§r§0 §r§r§r§3 §r§r§r§9 §r§r§r§2 §r§r§r§0 §r§r§r§0 
12:56:20 [EMPTY] §8 §r§8 §r§1 §r§3 §r§3 §r§7 §r§8 
12:56:20 [EMPTY]  
12:56:20 [EMPTY]   
12:56:22 [EMPTY] 
12:56:22 [EMPTY] 
12:56:22 [WELCOME] §eWelcome to §r§aHypixel SkyBlock§r§e!
12:56:22 [EMPTY] 
12:56:24 [PROFILE_JOIN] §aYou are playing on profile: §eLemon§b (Co-op)
12:56:24 [PROFILE_JOIN] §8Profile ID: 62b760d8-92b6-4501-ada0-1fd8583f5266
12:56:24 [LOTTERY] §bNew day! §r§eYour §r§2Lottery §r§ebuff changed!
12:56:24 [LOTTERY] §eNew buff§r§r§r: §r§fGain §r§a+50 §r§6☘ Mangrove Fortune§r§f.
12:56:24 [LOTTERY] §8§oYou can disable this messaging by toggling Lottery in your /hotf!
12:57:35 [EMPTY] §8 §r§8 §r§1 §r§3 §r§3 §r§7 §r§8 
12:57:35 [EMPTY] 
12:57:36 [EMPTY]  
12:57:36 [EMPTY]   
12:57:38 [PROFILE_JOIN] §aYou are playing on profile: §eLemon§b (Co-op)
12:57:38 [PROFILE_JOIN] §8Profile ID: 62b760d8-92b6-4501-ada0-1fd8583f5266
12:57:40 [LOTTERY] §bNew day! §r§eYour §r§2Lottery §r§ebuff changed!
12:57:40 [LOTTERY] §eNew buff§r§r§r: §r§fGain §r§a+50 §r§6☘ Mangrove Fortune§r§f.
12:57:40 [LOTTERY] §8§oYou can disable this messaging by toggling Lottery in your /hotf!
12:58:27 [SACKS_CHANGE] §6[Sacks] §r§a+107§r§e items§r§e.§r§8 (Last 13s.)
12:58:34 [SACKS_CHANGE] §6[Sacks] §r§a+42§r§e items§r§e.§r§8 (Last 5s.)
12:58:38 [EMPTY]  
12:58:38 [EMPTY]  
12:58:38 [EMPTY]  
