14:38:31 §f §r§r§r§f §r§r§r§1 §r§r§r§0 §r§r§r§2 §r§r§r§f §r§r§r§f §r§r§r§2 §r§r§r§0 §r§r§r§4 §r§r§r§3 §r§r§r§9 §r§r§r§2 §r§r§r§0 §r§r§r§0 §r§r§r§3 §r§r§r§9 §r§r§r§2 §r§r§r§0 §r§r§r§0 §r§r§r§3 §r§r§r§9 §r§r§r§2 §r§r§r§0 §r§r§r§0 
14:40:37 §f §r§r§r§f §r§r§r§1 §r§r§r§0 §r§r§r§2 §r§r§r§f §r§r§r§f §r§r§r§2 §r§r§r§0 §r§r§r§4 §r§r§r§3 §r§r§r§9 §r§r§r§2 §r§r§r§0 §r§r§r§0 §r§r§r§3 §r§r§r§9 §r§r§r§2 §r§r§r§0 §r§r§r§0 §r§r§r§3 §r§r§r§9 §r§r§r§2 §r§r§r§0 §r§r§r§0 
14:41:29 §8 §r§8 §r§1 §r§3 §r§3 §r§7 §r§8 
14:41:32 
14:41:32 
14:42:40 §8 §r§8 §r§1 §r§3 §r§3 §r§7 §r§8 
14:47:48 
14:50:34 §8 §r§8 §r§1 §r§3 §r§3 §r§7 §r§8 
14:51:22 §8 §r§8 §r§1 §r§3 §r§3 §r§7 §r§8 
14:51:45 §8 §r§8 §r§1 §r§3 §r§3 §r§7 §r§8 
14:52:48 §8 §r§8 §r§1 §r§3 §r§3 §r§7 §r§8 
14:53:01 §8 §r§8 §r§1 §r§3 §r§3 §r§7 §r§8 
14:55:08 
14:55:08 
14:56:24 
14:56:24 
14:56:24  
15:01:39 
15:01:39 §c
15:11:01 
15:14:03 
15:14:03 
15:16:27 
15:16:27 
15:16:27 
15:18:35 
15:18:35 
15:23:28  
15:23:29   
