14:13:02 [allowed] §aYou are still radiating with §bGenerosity§r§a!
14:13:06 [allowed]  §b>§c>§a>§r §r§b[MVP§0++§b] aquatycc§f §6joined the lobby!§r §a<§c<§b<
14:13:07 [allowed] §2Guild > §a[VIP§6+§a] himej0shi§f: §rhaiiiiiiiiii!!!!
14:13:07 [allowed] §aYou are now in the §r§6GUILD§r§a channel
14:13:11 [allowed] §2Guild > §b[MVP§3+§b] catholicschool§f: §rlabubu dubai chocolat
14:13:15 [allowed] §2Guild > §a[VIP§6+§a] himej0shi§f: §rwoaa
14:13:16 [allowed] §2Guild > §a[VIP§6+§a] himej0shi§f: §rnämmaa
14:13:19 [allowed] §7Sending to server mini94W...
14:13:20 [allowed] §eProfile ID: §r§a62b760d8-92b6-4501-ada0-1fd8583f5266
14:13:20 [allowed] §e§lCLICK THIS TO SUGGEST IT IN CHAT §7§l[DASHES]
14:13:20 [allowed] §e§lCLICK THIS TO SUGGEST IT IN CHAT §7§l[NO DASHES]
14:13:21 [allowed] §6HUNT §e- §a5 §eof your §atraps §ecaught something!
14:13:21 [allowed] §7[§eClick here to collect them.§7]
14:13:22 [allowed] §eLatest update: §bSkyBlock v0.23.2 §e§lCLICK
14:13:26 [allowed]  §b§l» §ahimej0shi §eis traveling to §aCrystal Hollows §e§lFOLLOW
14:13:36 [allowed] §bCo-op > §6[MVP§2++§6] nr1pir§f: §rgharro
14:13:38 [allowed] §aYou are now in the §r§6SKYBLOCK CO-OP§r§a channel
14:13:40 [allowed] §bCo-op > §b[MVP§3+§b] catholicschool§f: §rworkie?
14:13:46 [allowed] §bCo-op > §6[MVP§2++§6] nr1pir§f: §rwhat
14:13:48 [allowed] §bCo-op > §6[MVP§2++§6] nr1pir§f: §ris that a slur
14:13:49 [allowed] §e[SkyHanni] You have gained §b361 §eBits.
14:13:55 [allowed] §bCo-op > §b[MVP§3+§b] catholicschool§f: §ris ur instance working?
14:13:58 [allowed] §bCo-op > §6[MVP§2++§6] nr1pir§f: §rno
14:14:00 [allowed] §bCo-op > §6[MVP§2++§6] nr1pir§f: §rim on badlion
14:14:00 [allowed] §2Guild > §a[VIP§6+§a] himej0shi§f: §r:Sob:
14:14:03 [allowed] §bCo-op > §6[MVP§2++§6] nr1pir§f: §ri gave up
14:14:13 [allowed] §bCo-op > §b[MVP§3+§b] catholicschool§f: §rdid u atleast try what naomi said?
14:14:24 [allowed] §bCo-op > §6[MVP§2++§6] nr1pir§f: §ryes
14:14:28 [allowed] §bCo-op > §b[MVP§3+§b] catholicschool§f: §rgg
14:14:28 [allowed] §bCo-op > §6[MVP§2++§6] nr1pir§f: §rit didnt show up in instances
14:15:04 [allowed] §e[NPC] Jacob§f: §rMy contest has started!
14:15:08 [allowed] §aYou are now in the §r§6GUILD§r§a channel
14:15:39 [allowed] §2Guild > §b[MVP§3+§b] catholicschool§f: §rma teen natuke texture stuffi ss uurin kas saan nii teha modrinthis et teil access sellele ilma et modrinth admins peavad reviewma seda kuna seal nagu see add contributor olemas
14:15:41 [allowed] §aSupper Egg! §7Duplicate §fDemi §7(§6+§61.4M §6Chocolate§7)
14:15:46 [allowed] §cHitman Rabbit! §d§lNEW §a§lUNCOMMON §aBrutus §7(§6+2 §7and §6+0.003x c/s!§7)
14:15:46 [allowed] §cHitman Rabbit! §d§lNEW §f§lCOMMON §fMopsy §7(§6+1 §7and §6+0.002x c/s!§7)
14:15:46 [allowed] §cHitman Rabbit! §7Duplicate §fOletta §7(§6+§61.5M §6Chocolate§7)
14:15:46 [allowed] §cHitman Rabbit! §7Duplicate §aBuster §7(§6+§62.8M §6Chocolate§7)
14:15:51 [allowed] §2Guild > §a[VIP§6+§a] himej0shi§f: §ro okiiii gllL!!
14:16:00 [allowed] §cPlease input a valid number!
14:16:07 [allowed] §aHitman slot purchased!
14:16:13 [allowed] §8Withdrawing coins...
14:16:13 [allowed] §aWithdrew §r§6500k coins§r§a! There's now §r§620M coins §r§aleft in the account!
14:16:22 [allowed] §aYou bought §r§fNibble Chocolate Stick§r§a!
14:16:23 [allowed] §cYou don't have enough Chocolate!
14:16:43 [allowed] §aYou are now in the §r§6SKYBLOCK CO-OP§r§a channel
14:17:01 [allowed] §bCo-op > §b[MVP§3+§b] catholicschool§f: §rthirtyvirus said "ello bubu" really fast and it scared me cause the vid is 2 years old
14:17:15 [allowed] §aHitman slot purchased!
14:17:25 [allowed] §bCo-op > §a[VIP§6+§a] himej0shi§f: §rhgfdkhfgd
14:17:25 [allowed] §bCo-op > §6[MVP§2++§6] nr1pir§f: §rello bubu
14:17:31 [allowed] §bCo-op > §b[MVP§3+§b] catholicschool§f: §rdubai bubu
14:17:37 [allowed] §bCo-op > §6[MVP§2++§6] nr1pir§f: §r24k gold dubai labubu
14:17:44 [allowed] §bCo-op > §b[MVP§3+§b] catholicschool§f: §ri havce that
14:20:51 [allowed] §d§lHOPPITY'S HUNT §r§dA §r§6Chocolate Breakfast Egg §r§dhas appeared!
14:21:57 [allowed] §7Warping...
14:21:57 [allowed] §7Sending to server mini25DG...
14:21:58 [allowed] §e[SkyHanni] Reset Reputation Helper.
14:21:58 [allowed] §6HUNT §e- §a5 §eof your §atraps §ecaught something!
14:21:58 [allowed] §7[§eClick here to collect them.§7]
14:22:18 [allowed] §bCo-op > §6[MVP§2++§6] nr1pir§f: §rbtw naomi
14:22:24 [allowed] §bCo-op > §6[MVP§2++§6] nr1pir§f: §rhwo many fines of every gem do you have
14:22:38 [allowed] §aYou caught a §aSalmon §aShard!
14:22:38 [allowed] §aYou caught a §fVerdant §aShard!
14:22:38 [allowed] §aYou caught an §aEnt §aShard!
14:22:38 [allowed] §aYou caught §7x2 §aEnt §aShards§a!
14:22:38 [allowed] §aYou caught a §fPhanflare §aShard!
14:22:48 [allowed] §bCo-op > §a[VIP§6+§a] himej0shi§f: §rumm i gotta make al of them into fines first
14:22:53 [allowed] §bCo-op > §a[VIP§6+§a] himej0shi§f: §rsec
14:22:56 [allowed] §bCo-op > §6[MVP§2++§6] nr1pir§f: §ryou can supercraft
14:22:56 [allowed] §bCo-op > §b[MVP§3+§b] catholicschool§f: §ri have some aswell if u need
14:23:01 [allowed] §cMissing arguments! Usage: /recipe <query>
14:23:08 [allowed] §cYou are missing some ingredients to execute this Supercraft!
14:23:08 [allowed] §bCo-op > §6[MVP§2++§6] nr1pir§f: §rye i need fines of jade amethyst sapphire and amber
14:23:09 [allowed] §bCo-op > §6[MVP§2++§6] nr1pir§f: §rfor divan
14:23:12 [allowed] §bCo-op > §6[MVP§2++§6] nr1pir§f: §rand ruby
14:23:17 [allowed] §eYou Supercrafted §r§r§r§9☘ Fine Jade Gemstone§r§e!
14:23:17 [allowed] §e[SkyHanni] §lCLICK HERE§r§e to grab §ax1 §9§9☘ Fine Jade Gemstone§e from sacks!
14:23:19 [allowed] §cYou are missing some ingredients to execute this Supercraft!
14:23:21 [allowed] §cYou are missing some ingredients to execute this Supercraft!
14:23:26 [allowed] §bCo-op > §b[MVP§3+§b] catholicschool§f: §rwtf /recipe so op
14:23:27 [allowed] §cMissing arguments! Usage: /recipe <query>
14:23:30 [allowed] §bCo-op > §6[MVP§2++§6] nr1pir§f: §ryes!
14:23:32 [allowed] §cYou are missing some ingredients to execute this Supercraft!
14:23:35 [allowed] §cYou are missing some ingredients to execute this Supercraft!
14:23:37 [allowed] §cYou are missing some ingredients to execute this Supercraft!
14:23:39 [allowed] §cYou are missing some ingredients to execute this Supercraft!
14:23:47 [allowed] §eYou Supercrafted §r§r§r§9❈ Fine Amethyst Gemstone§r§e!
14:23:47 [allowed] §e[SkyHanni] §lCLICK HERE§r§e to grab §ax1 §9§9❈ Fine Amethyst Gemstone§e from sacks!
14:23:51 [allowed] §bCo-op > §6[MVP§2++§6] nr1pir§f: §rits even more op when you gemstone grind during mining fiesta
14:23:55 [allowed] §eYou Supercrafted §r§r§r§a✎ Flawed Sapphire Gemstone§r§e!
14:23:55 [allowed] §e[SkyHanni] §lCLICK HERE§r§e to grab §ax1 §9§a✎ Flawed Sapphire Gemstone§e from sacks!
14:23:55 [allowed] §eYou Supercrafted §r§r§r§a✎ Flawed Sapphire Gemstone§r§e!
14:23:56 [allowed] §e[SkyHanni] §lCLICK HERE§r§e to grab §ax1 §9§a✎ Flawed Sapphire Gemstone§e from sacks!
14:23:56 [allowed] §bCo-op > §6[MVP§2++§6] nr1pir§f: §rand supercraft thousands of fine gems
14:23:56 [allowed] §eYou Supercrafted §r§r§r§a✎ Flawed Sapphire Gemstone§r§e!
14:23:56 [allowed] §e[SkyHanni] §lCLICK HERE§r§e to grab §ax1 §9§a✎ Flawed Sapphire Gemstone§e from sacks!
14:23:59 [allowed] §eYou Supercrafted §r§r§r§a✎ Flawed Sapphire Gemstone§r§e!
14:23:59 [allowed] §e[SkyHanni] §lCLICK HERE§r§e to grab §ax1 §9§a✎ Flawed Sapphire Gemstone§e from sacks!
14:23:59 [allowed] §eYou Supercrafted §r§r§r§a✎ Flawed Sapphire Gemstone§r§e!
14:23:59 [allowed] §e[SkyHanni] §lCLICK HERE§r§e to grab §ax1 §9§a✎ Flawed Sapphire Gemstone§e from sacks!
14:23:59 [allowed] §eYou Supercrafted §r§r§r§a✎ Flawed Sapphire Gemstone§r§e!
14:23:59 [allowed] §e[SkyHanni] §lCLICK HERE§r§e to grab §ax1 §9§a✎ Flawed Sapphire Gemstone§e from sacks!
14:23:59 [allowed] §eYou Supercrafted §r§r§r§a✎ Flawed Sapphire Gemstone§r§e!
14:23:59 [allowed] §e[SkyHanni] §lCLICK HERE§r§e to grab §ax1 §9§a✎ Flawed Sapphire Gemstone§e from sacks!
14:24:00 [allowed] §eYou Supercrafted §r§r§r§a✎ Flawed Sapphire Gemstone§r§e!
14:24:00 [allowed] §e[SkyHanni] §lCLICK HERE§r§e to grab §ax1 §9§a✎ Flawed Sapphire Gemstone§e from sacks!
14:24:00 [allowed] §eYou Supercrafted §r§r§r§a✎ Flawed Sapphire Gemstone§r§e!
14:24:00 [allowed] §e[SkyHanni] §lCLICK HERE§r§e to grab §ax1 §9§a✎ Flawed Sapphire Gemstone§e from sacks!
14:24:00 [allowed] §eYou Supercrafted §r§r§r§a✎ Flawed Sapphire Gemstone§r§e!
14:24:00 [allowed] §e[SkyHanni] §lCLICK HERE§r§e to grab §ax1 §9§a✎ Flawed Sapphire Gemstone§e from sacks!
14:24:00 [allowed] §eYou Supercrafted §r§r§r§a✎ Flawed Sapphire Gemstone§r§e!
14:24:00 [allowed] §e[SkyHanni] §lCLICK HERE§r§e to grab §ax1 §9§a✎ Flawed Sapphire Gemstone§e from sacks!
14:24:01 [allowed] §eYou Supercrafted §r§r§r§a✎ Flawed Sapphire Gemstone§r§e!
14:24:01 [allowed] §e[SkyHanni] §lCLICK HERE§r§e to grab §ax1 §9§a✎ Flawed Sapphire Gemstone§e from sacks!
14:24:01 [allowed] §eYou Supercrafted §r§r§r§a✎ Flawed Sapphire Gemstone§r§e!
14:24:01 [allowed] §e[SkyHanni] §lCLICK HERE§r§e to grab §ax1 §9§a✎ Flawed Sapphire Gemstone§e from sacks!
14:24:01 [allowed] §eYou Supercrafted §r§r§r§a✎ Flawed Sapphire Gemstone§r§e!
14:24:01 [allowed] §e[SkyHanni] §lCLICK HERE§r§e to grab §ax1 §9§a✎ Flawed Sapphire Gemstone§e from sacks!
14:24:01 [allowed] §eYou Supercrafted §r§r§r§a✎ Flawed Sapphire Gemstone§r§e!
14:24:01 [allowed] §e[SkyHanni] §lCLICK HERE§r§e to grab §ax1 §9§a✎ Flawed Sapphire Gemstone§e from sacks!
14:24:03 [allowed] §cCouldn't parse the amount!
14:24:04 [allowed] §eYou Supercrafted §r§r§r§a✎ Flawed Sapphire Gemstone§r§e!
14:24:04 [allowed] §e[SkyHanni] §lCLICK HERE§r§e to grab §ax1 §9§a✎ Flawed Sapphire Gemstone§e from sacks!
14:24:05 [allowed] §eYou Supercrafted §r§r§r§a✎ Flawed Sapphire Gemstone§r§e!
14:24:05 [allowed] §e[SkyHanni] §lCLICK HERE§r§e to grab §ax1 §9§a✎ Flawed Sapphire Gemstone§e from sacks!
14:24:06 [allowed] §eMaxed the Supercraft to §r§b227x crafts§r§e!
14:24:06 [allowed] §eMaxed the Supercraft to §r§b227x crafts§r§e!
14:24:07 [allowed] §eYou Supercrafted §r§r§r§a✎ Flawed Sapphire Gemstone §r§8x227§r§e!
14:24:07 [allowed] §e[SkyHanni] §lCLICK HERE§r§e to grab §ax227 §9§a✎ Flawed Sapphire Gemstone§e from sacks!
14:24:08 [allowed] §cYou are missing some ingredients to execute this Supercraft!
14:24:08 [allowed] §cYou are missing some ingredients to execute this Supercraft!
14:24:08 [allowed] §cYou are missing some ingredients to execute this Supercraft!
14:24:08 [allowed] §cYou are missing some ingredients to execute this Supercraft!
14:24:16 [allowed] §cCouldn't parse the amount!
14:24:17 [allowed] §eMaxed the Supercraft to §r§b10x crafts§r§e!
14:24:19 [allowed] §eMaxed the Supercraft to §r§b10x crafts§r§e!
14:24:19 [allowed] §eMaxed the Supercraft to §r§b10x crafts§r§e!
14:24:21 [allowed] §eYou Supercrafted §r§r§r§a❁ Flawed Jasper Gemstone §r§8x10§r§e!
14:24:21 [allowed] §e[SkyHanni] §lCLICK HERE§r§e to grab §ax10 §9§a❁ Flawed Jasper Gemstone§e from sacks!
14:24:22 [allowed] §cYou are missing some ingredients to execute this Supercraft!
14:24:28 [allowed] §eYou Supercrafted §r§r§r§a⸕ Flawed Amber Gemstone§r§e!
14:24:28 [allowed] §e[SkyHanni] §lCLICK HERE§r§e to grab §ax1 §9§a⸕ Flawed Amber Gemstone§e from sacks!
14:24:30 [allowed] §eMaxed the Supercraft to §r§b13x crafts§r§e!
14:24:31 [allowed] §eYou Supercrafted §r§r§r§a⸕ Flawed Amber Gemstone §r§8x13§r§e!
14:24:31 [allowed] §e[SkyHanni] §lCLICK HERE§r§e to grab §ax13 §9§a⸕ Flawed Amber Gemstone§e from sacks!
14:24:32 [allowed] §cYou don't have the ingredients required to craft even one of those!
14:24:33 [allowed] §cYou are missing some ingredients to execute this Supercraft!
14:24:47 [allowed] §cYou are missing some ingredients to execute this Supercraft!
14:24:49 [allowed] §eYou Supercrafted §r§r§r§a☘ Flawed Jade Gemstone§r§e!
14:24:49 [allowed] §e[SkyHanni] §lCLICK HERE§r§e to grab §ax1 §9§a☘ Flawed Jade Gemstone§e from sacks!
14:24:50 [allowed] §eYou Supercrafted §r§r§r§a☘ Flawed Jade Gemstone§r§e!
14:24:50 [allowed] §e[SkyHanni] §lCLICK HERE§r§e to grab §ax1 §9§a☘ Flawed Jade Gemstone§e from sacks!
14:24:50 [allowed] §eYou Supercrafted §r§r§r§a☘ Flawed Jade Gemstone§r§e!
14:24:50 [allowed] §e[SkyHanni] §lCLICK HERE§r§e to grab §ax1 §9§a☘ Flawed Jade Gemstone§e from sacks!
14:24:54 [allowed] §eYou Supercrafted §r§r§r§a❈ Flawed Amethyst Gemstone§r§e!
14:24:54 [allowed] §e[SkyHanni] §lCLICK HERE§r§e to grab §ax1 §9§a❈ Flawed Amethyst Gemstone§e from sacks!
14:24:54 [allowed] §eYou Supercrafted §r§r§r§a❈ Flawed Amethyst Gemstone§r§e!
14:24:54 [allowed] §e[SkyHanni] §lCLICK HERE§r§e to grab §ax1 §9§a❈ Flawed Amethyst Gemstone§e from sacks!
14:24:55 [allowed] §eYou Supercrafted §r§r§r§a❈ Flawed Amethyst Gemstone§r§e!
14:24:55 [allowed] §e[SkyHanni] §lCLICK HERE§r§e to grab §ax1 §9§a❈ Flawed Amethyst Gemstone§e from sacks!
14:24:55 [allowed] §eYou Supercrafted §r§r§r§a❈ Flawed Amethyst Gemstone§r§e!
14:24:55 [allowed] §e[SkyHanni] §lCLICK HERE§r§e to grab §ax1 §9§a❈ Flawed Amethyst Gemstone§e from sacks!
14:24:56 [allowed] §eMaxed the Supercraft to §r§b104x crafts§r§e!
14:24:56 [allowed] §eYou Supercrafted §r§r§r§a❈ Flawed Amethyst Gemstone §r§8x104§r§e!
14:24:56 [allowed] §e[SkyHanni] §lCLICK HERE§r§e to grab §ax104 §9§a❈ Flawed Amethyst Gemstone§e from sacks!
14:25:03 [allowed] §eMaxed the Supercraft to §r§b7x crafts§r§e!
14:25:03 [allowed] §eYou Supercrafted §r§r§r§a✧ Flawed Topaz Gemstone §r§8x7§r§e!
14:25:03 [allowed] §e[SkyHanni] §lCLICK HERE§r§e to grab §ax7 §9§a✧ Flawed Topaz Gemstone§e from sacks!
14:25:12 [allowed] §eYou Supercrafted §r§r§r§9⸕ Fine Amber Gemstone§r§e!
14:25:12 [allowed] §e[SkyHanni] §lCLICK HERE§r§e to grab §ax1 §9§9⸕ Fine Amber Gemstone§e from sacks!
14:25:17 [allowed] §eYou Supercrafted §r§r§r§9✎ Fine Sapphire Gemstone§r§e!
14:25:17 [allowed] §e[SkyHanni] §lCLICK HERE§r§e to grab §ax1 §9§9✎ Fine Sapphire Gemstone§e from sacks!
14:25:18 [allowed] §eYou Supercrafted §r§r§r§9✎ Fine Sapphire Gemstone§r§e!
14:25:18 [allowed] §e[SkyHanni] §lCLICK HERE§r§e to grab §ax1 §9§9✎ Fine Sapphire Gemstone§e from sacks!
14:25:18 [allowed] §eYou Supercrafted §r§r§r§9✎ Fine Sapphire Gemstone§r§e!
14:25:18 [allowed] §e[SkyHanni] §lCLICK HERE§r§e to grab §ax1 §9§9✎ Fine Sapphire Gemstone§e from sacks!
14:25:19 [allowed] §cYou are missing some ingredients to execute this Supercraft!
14:25:26 [allowed] §eYou Supercrafted §r§r§r§9❈ Fine Amethyst Gemstone§r§e!
14:25:26 [allowed] §e[SkyHanni] §lCLICK HERE§r§e to grab §ax1 §9§9❈ Fine Amethyst Gemstone§e from sacks!
14:25:26 [allowed] §cYou are missing some ingredients to execute this Supercraft!
14:25:31 [allowed] §eYou Supercrafted §r§r§r§9✧ Fine Topaz Gemstone§r§e!
14:25:31 [allowed] §e[SkyHanni] §lCLICK HERE§r§e to grab §ax1 §9§9✧ Fine Topaz Gemstone§e from sacks!
14:26:18 [allowed] §7Warping you to your SkyBlock island...
14:26:19 [allowed] §7Sending to server mini191DH...
14:26:19 [allowed] §3§l▬▬▬▬▬▬▬▬▬▬▬▬▬▬▬▬▬▬▬▬▬▬▬▬▬▬▬▬▬▬▬▬▬▬▬▬▬▬▬▬▬▬▬▬▬▬▬▬▬▬▬▬▬▬▬▬▬▬▬▬▬▬▬▬
14:26:19 [allowed]   §r§b§lSKILL LEVEL UP §3Taming §832➜§333
14:26:19 [allowed]   §r§a§lREWARDS
14:26:19 [allowed]    §r§eZoologist 33
14:26:19 [allowed]    §r  §7§fGain §832➜§a33%§f extra pet exp.
14:26:19 [allowed]    §r§7§8+§fGain §86.4➜§a6.6% §fExp Share rate.
14:26:19 [allowed]    §r§7§8+§a1 §d♣ Pet Luck
14:26:19 [allowed]    §r§7§8+§6425,000 §7Coins
14:26:19 [allowed]    §r§7§8+§b20 SkyBlock XP
14:26:19 [allowed] §3§l▬▬▬▬▬▬▬▬▬▬▬▬▬▬▬▬▬▬▬▬▬▬▬▬▬▬▬▬▬▬▬▬▬▬▬▬▬▬▬▬▬▬▬▬▬▬▬▬▬▬▬▬▬▬▬▬▬▬▬▬▬▬▬▬
14:26:19 [allowed] §aYou gained §r§b9,730 Combat §r§aexperience from minions!
14:26:19 [allowed] §aYou gained §r§b2,118.6 Fishing §r§aexperience from minions!
14:26:19 [allowed] §aYou gained §r§b13,060.4 Mining §r§aexperience from minions!
14:26:19 [allowed] §aYou gained §r§b3,626.2 Farming §r§aexperience from minions!
14:26:21 [allowed]                           §r§3§lSKYBLOCK LEVEL UP
14:26:21 [allowed]                              §r§aLevel §r§8128 ➡ §r§8[§r§a129§r§8]
14:26:21 [allowed]                                   §r§6§lREWARDS
14:26:21 [allowed]                                  §r§8+§r§a5 §r§c❤ Health
14:26:21 [allowed]  §b§l» §ahimej0shi §eis traveling to §aPrivate Island §e§lFOLLOW
14:26:37 [allowed] §bCo-op > §b[MVP§3+§b] catholicschool§f: §ri put them in the mithril chest
14:26:40 [allowed]  §b§l» §6nr1pir §eis traveling to §aPrivate Island §e§lFOLLOW
14:26:52 [allowed] §bCo-op > §6[MVP§2++§6] nr1pir§f: §rt ake juice from mithril chest
14:26:58 [allowed] §bCo-op > §6[MVP§2++§6] nr1pir§f: §rand make as many gemstone mixtures as you can
14:27:07 [allowed] §bCo-op > §6[MVP§2++§6] nr1pir§f: §rgems can be in scak
14:27:12 [allowed] §bCo-op > §a[VIP§6+§a] himej0shi§f: §ryes boss
14:27:12 [allowed] §bCo-op > §6[MVP§2++§6] nr1pir§f: §rand juice in inventory
14:27:16 [allowed]  §b§l» §ahimej0shi §eis traveling to §aPrivate Island §e§lFOLLOW
14:27:19 [allowed]  §b§l» §ahimej0shi §eis traveling to §aDwarven Mines §e§lFOLLOW
