16:08:42 [allowed] §aYou are still radiating with §bGenerosity§r§a!
16:08:55 [allowed] §7Sending to server mini98DK...
16:08:55 [allowed] §eProfile ID: §r§a62b760d8-92b6-4501-ada0-1fd8583f5266
16:08:55 [allowed] §e§lCLICK THIS TO SUGGEST IT IN CHAT §7§l[DASHES]
16:08:55 [allowed] §e§lCLICK THIS TO SUGGEST IT IN CHAT §7§l[NO DASHES]
16:08:57 [allowed] §eLatest update: §bSkyBlock v0.23.2 §e§lCLICK
16:11:13 [allowed] §2Guild > §a[VIP§6+§a] himej0shi§f: §rbaaaack
16:11:16 [allowed] §2Guild > §a[VIP§6+§a] himej0shi§f: §rwow got kicked from server smh
16:11:21 [allowed] §2Guild > §a[VIP§6+§a] himej0shi§f: §rserver reset
16:11:28 [allowed] §2Guild > §b[MVP§3+§b] catholicschool§f: §rwb!!
16:11:31 [allowed] §2Guild > §a[VIP§6+§a] himej0shi§f: §rtyyy
16:11:31 [allowed] §7Warping...
16:11:34 [allowed] §7Warping you to your SkyBlock island...
16:11:35 [allowed] §7Sending to server mini26DN...
16:11:35 [allowed] §aYou gained §r§b1,371.8 Fishing §r§aexperience from minions!
16:11:35 [allowed] §aYou gained §r§b277.3 Combat §r§aexperience from minions!
16:11:35 [allowed] §aYou gained §r§b4,648.1 Mining §r§aexperience from minions!
16:11:37 [allowed]  §b§l» §ahimej0shi §eis traveling to §aPrivate Island §e§lFOLLOW
16:11:45 [allowed] §2Guild > §a[VIP§6+§a] himej0shi§f: §rhaiii
16:11:48 [allowed] §2Guild > §b[MVP§3+§b] catholicschool§f: §rhelloooo
16:11:49 [allowed] §2Guild > §a[VIP§6+§a] himej0shi§f: §rmay i have the guardian pet pwease
16:11:58 [allowed] §aYou have sent a trade request to §r§ahimej0shi§r§a.
16:12:04 [allowed] §6Trade completed with §r§a[VIP§r§6+§r§a] himej0shi§r§f§r§6!
16:12:04 [allowed]  §r§c§l- §r§81x §r§7[Lvl 97] §r§9Guardian
16:12:07 [allowed] §2Guild > §a[VIP§6+§a] himej0shi§f: §raitäääääää
16:12:11 [allowed] §2Guild > §b[MVP§3+§b] catholicschool§f: §rsiin chestis on rare lvl 87
16:12:26 [allowed] §2Guild > §a[VIP§6+§a] himej0shi§f: §raa
16:13:20 [allowed] §2Guild > §b[MVP§3+§b] catholicschool§f: §rbrb lahen votan suua
16:15:01 [allowed] §b§lFISHING FESTIVAL §r§eThe festival has concluded! Time to dry off and repair your rods!
16:15:30 [allowed] §2Guild > §a[VIP§6+§a] himej0shi§f: §rglll
16:17:07 [allowed]  §b§l» §ahimej0shi §eis traveling to §aPrivate Island §e§lFOLLOW
16:17:11 [allowed]  §b§l» §ahimej0shi §eis traveling to §aThe End §e§lFOLLOW
16:20:09 [allowed]  §b§l» §ahimej0shi §eis traveling to §aPrivate Island §e§lFOLLOW
16:20:13 [allowed]  §b§l» §ahimej0shi §eis traveling to §aThe End §e§lFOLLOW
16:25:17 [allowed] §2Guild > §b[MVP§3+§b] catholicschool§f: §rback
16:25:20 [allowed] §aSuccessfully added §r§9Guardian §r§ato your pet menu!
16:25:21 [allowed] §2Guild > §a[VIP§6+§a] himej0shi§f: §rhaiiiiiiii
16:25:22 [allowed] §2Guild > §a[VIP§6+§a] himej0shi§f: §rwbb
16:25:23 [allowed] §2Guild > §a[VIP§6+§a] himej0shi§f: §rhead isuu
16:25:26 [allowed] §2Guild > §b[MVP§3+§b] catholicschool§f: §rtyy
16:25:28 [allowed] §2Guild > §b[MVP§3+§b] catholicschool§f: §roh wow lvl 99 nice
16:25:33 [allowed] §2Guild > §a[VIP§6+§a] himej0shi§f: §ryep!
16:26:07 [allowed] §2Guild > §a[VIP§6+§a] himej0shi§f: §rkui soovid võime helistada
16:26:28 [allowed] §2Guild > §b[MVP§3+§b] catholicschool§f: §roo okiii
16:26:30 [allowed] §2Guild > §b[MVP§3+§b] catholicschool§f: §rvoid!
16:26:34 [allowed] §2Guild > §a[VIP§6+§a] himej0shi§f: §rokii panen mikri yles
16:40:53 [allowed] §7Warping...
16:40:53 [allowed] §7Sending to server mini141H...
16:40:58 [allowed] §e[NPC] §bKat§f: §rOh, hey!
16:40:59 [allowed] §e[NPC] §bKat§f: §rI was able to upgrade your pet §fBlue Whale§f to §A§LUNCOMMON§f.
16:40:59 [allowed] §aSuccessfully added §r§aBlue Whale §r§ato your pet menu!
16:41:03 [allowed] §e[NPC] §bKat§f: §rIf you have any other pets you'd like to upgrade, you know where to find me!
16:41:04 [allowed] §7Warping you to your SkyBlock island...
16:41:04 [allowed] §7Sending to server mini34BJ...
16:41:13 [allowed] §aSuccessfully added §r§5Enderman §r§ato your pet menu!
16:41:19 [allowed] §7Warping...
16:41:19 [allowed] §7Sending to server mini87DN...
16:41:21 [allowed] §7Warping...
16:41:21 [allowed] §cCouldn't warp you! Try again later. §r§7(PLAYER_TRANSFER_COOLDOWN)
16:41:25 [allowed] §7Warping...
16:41:25 [allowed] §7Sending to server mini16DE...
16:41:40 [allowed] §aSuccessfully added §r§5Enderman §r§ato your pet menu!
16:41:42 [allowed] §aYou summoned your §r§5Enderman§r§a!
16:42:02 [allowed] §aSuccessfully added §r§aBlue Whale §r§ato your pet menu!
16:43:02 [allowed] §7Warping you to your SkyBlock island...
16:43:03 [allowed] §7Sending to server mini199BA...
16:45:28 [allowed] §a§lPotion Effect! §r§aMining XP Boost III
16:45:34 [allowed] §7Warping...
16:45:34 [allowed] §7Sending to server mini13BF...
16:45:34 [allowed] §7[§r§rS§r§rk§r§ry§r§rb§r§rl§r§ro§r§rc§r§rk§r§re§r§rr§r§7] §rReceived a waypoint to Jungle Temple from the Skyblocker WebSocket.
16:45:34 [allowed] §7[§r§rS§r§rk§r§ry§r§rb§r§rl§r§ro§r§rc§r§rk§r§re§r§rr§r§7] §rReceived a waypoint to Mines of Divan from the Skyblocker WebSocket.
16:45:34 [allowed] §7[§r§rS§r§rk§r§ry§r§rb§r§rl§r§ro§r§rc§r§rk§r§re§r§rr§r§7] §rReceived a waypoint to Goblin Queen's Den from the Skyblocker WebSocket.
16:45:34 [allowed] §7[§r§rS§r§rk§r§ry§r§rb§r§rl§r§ro§r§rc§r§rk§r§re§r§rr§r§7] §rReceived a waypoint to Lost Precursor City from the Skyblocker WebSocket.
16:45:34 [allowed] §7[§r§rS§r§rk§r§ry§r§rb§r§rl§r§ro§r§rc§r§rk§r§re§r§rr§r§7] §rReceived a waypoint to Khazad-dûm from the Skyblocker WebSocket.
16:45:34 [allowed] §7[§r§rS§r§rk§r§ry§r§rb§r§rl§r§ro§r§rc§r§rk§r§re§r§rr§r§7] §rReceived a waypoint to King Yolkar from the Skyblocker WebSocket.
16:46:16 [allowed] §cThere are blocks in the way!
16:46:17 [allowed] §cThere are blocks in the way!
16:46:41 [allowed] §d§lHOPPITY'S HUNT §r§dA §r§9Chocolate Déjeuner Egg §r§dhas appeared!
16:47:17 [allowed] §aThe wind has changed direction!
16:47:22 [allowed] §aYou found §r§a❤ Flawed Ruby Gemstone §r§8x2 §r§awith your §r§cMetal Detector§r§a!
16:47:22 [allowed] §6§lPICK IT UP!
16:47:30 [allowed] §aYou found §r§cScavenged Golden Hammer §r§awith your §r§cMetal Detector§r§a!
16:47:37 [allowed] §aYou found §r§a✧ Flawed Topaz Gemstone §r§awith your §r§cMetal Detector§r§a!
16:47:37 [allowed] §6§lPICK IT UP!
16:47:43 [allowed] §aYou found §r§dGemstone Powder §r§8x418 §r§awith your §r§cMetal Detector§r§a!
16:47:50 [allowed] §aYou found §r§a☘ Flawed Jade Gemstone §r§8x2 §r§awith your §r§cMetal Detector§r§a!
16:47:50 [allowed] §6§lPICK IT UP!
16:48:00 [allowed] §aYou found §r§a❤ Flawed Ruby Gemstone §r§8x2 §r§awith your §r§cMetal Detector§r§a!
16:48:00 [allowed] §6§lPICK IT UP!
16:48:05 [allowed] §aYou found §r§a✧ Flawed Topaz Gemstone §r§awith your §r§cMetal Detector§r§a!
16:48:05 [allowed] §6§lPICK IT UP!
16:48:12 [allowed] §aYou found §r§a✎ Flawed Sapphire Gemstone §r§awith your §r§cMetal Detector§r§a!
16:48:12 [allowed] §6§lPICK IT UP!
16:48:17 [allowed] §aYou found §r§a✧ Flawed Topaz Gemstone §r§awith your §r§cMetal Detector§r§a!
16:48:17 [allowed] §6§lPICK IT UP!
16:48:33 [allowed] §aYou found §r§a⸕ Flawed Amber Gemstone §r§awith your §r§cMetal Detector§r§a!
16:48:33 [allowed] §6§lPICK IT UP!
16:48:36 [allowed] §aYou found §r§cScavenged Diamond Axe §r§awith your §r§cMetal Detector§r§a!
16:48:40 [allowed] §aYou found §r§cScavenged Lapis Sword §r§awith your §r§cMetal Detector§r§a!
16:48:49 [allowed] §aYou found §r§dGemstone Powder §r§8x375 §r§awith your §r§cMetal Detector§r§a!
16:49:01 [allowed] §aYou found §r§cScavenged Emerald Hammer §r§awith your §r§cMetal Detector§r§a!
16:49:08 [allowed] §e[NPC] §6Keeper of Lapis§f: §rExcellent! You have returned the §cScavenged Lapis Sword §rto its rightful place!
16:49:10 [allowed] §e[NPC] §6Keeper of Lapis§f: §rUse your §cMetal Detector §rto find the remaining items!
16:49:12 [allowed] §e[NPC] §6Keeper of Emerald§f: §rExcellent! You have returned the §cScavenged Emerald Hammer §rto its rightful place!
16:49:14 [allowed] §e[NPC] §6Keeper of Emerald§f: §rUse your §cMetal Detector §rto find the remaining items!
16:49:16 [allowed] §e[NPC] §6Keeper of Diamond§f: §rExcellent! You have returned the §cScavenged Diamond Axe §rto its rightful place!
16:49:18 [allowed] §e[NPC] §6Keeper of Diamond§f: §rUse your §cMetal Detector §rto find the remaining items!
16:49:19 [allowed] §e[NPC] §6Keeper of Gold§f: §rYou found all of the items! Behold... the §aJade Crystal§r!
16:49:22 [allowed] §5§l▬▬▬▬▬▬▬▬▬▬▬▬▬▬▬▬▬▬▬▬▬▬▬▬▬▬▬▬▬▬▬▬▬▬▬▬▬▬▬▬▬▬▬▬▬▬▬▬▬▬▬▬▬▬▬▬▬▬▬▬▬▬▬▬
16:49:22 [allowed]                        §r§5§l✦ CRYSTAL FOUND §r§7(3§r§7/5§r§7)
16:49:22 [allowed]                                 §r§aJade Crystal
16:49:22 [allowed]             §r§7Place this Crystal in the §r§5Crystal Nucleus §r§7and
16:49:22 [allowed]              §r§7find all §r§a5 §r§7Crystals in the §r§5Crystal Hollows §r§7to
16:49:22 [allowed]                                §r§7earn §r§6rare loot§r§7!
16:49:22 [allowed] §5§l▬▬▬▬▬▬▬▬▬▬▬▬▬▬▬▬▬▬▬▬▬▬▬▬▬▬▬▬▬▬▬▬▬▬▬▬▬▬▬▬▬▬▬▬▬▬▬▬▬▬▬▬▬▬▬▬▬▬▬▬▬▬▬▬
16:49:49 [allowed] §aThe wind has changed direction!
16:50:41 [allowed] §cYou are entering the jungle temple, your speed is reduced and your jump boost will not work!
16:50:52 [allowed] §cYou cannot use this item here!
16:50:52 [allowed] §cYou cannot use this item here!
16:51:05 [allowed] §e[NPC] §bKalhuiki Door Guardian§f: §rA Jungle Key! I will open the door for you.
16:51:05 [allowed] §aThe door opens!
16:51:05 [allowed] §e[NPC] §bKalhuiki Door Guardian§f: §rThe door is open, go in!
16:52:03 [allowed] §cYou are already opening a loot chest!
16:52:04 [allowed] §5§l▬▬▬▬▬▬▬▬▬▬▬▬▬▬▬▬▬▬▬▬▬▬▬▬▬▬▬▬▬▬▬▬▬▬▬▬▬▬▬▬▬▬▬▬▬▬▬▬▬▬▬▬▬▬▬▬▬▬▬▬▬▬▬▬
16:52:04 [allowed]                        §r§5§l✦ CRYSTAL FOUND §r§7(4§r§7/5§r§7)
16:52:04 [allowed]                               §r§5Amethyst Crystal
16:52:04 [allowed]             §r§7Place this Crystal in the §r§5Crystal Nucleus §r§7and
16:52:04 [allowed]              §r§7find all §r§a5 §r§7Crystals in the §r§5Crystal Hollows §r§7to
16:52:04 [allowed]                                §r§7earn §r§6rare loot§r§7!
16:52:04 [allowed] §5§l▬▬▬▬▬▬▬▬▬▬▬▬▬▬▬▬▬▬▬▬▬▬▬▬▬▬▬▬▬▬▬▬▬▬▬▬▬▬▬▬▬▬▬▬▬▬▬▬▬▬▬▬▬▬▬▬▬▬▬▬▬▬▬▬
16:52:05 [allowed] §cYou are already opening a loot chest!
16:52:06 [allowed] §aThe wind has changed direction!
16:52:06 [allowed] §cYou are already opening a loot chest!
16:52:07 [allowed] §cYou are already opening a loot chest!
16:52:08 [allowed] §d§l▬▬▬▬▬▬▬▬▬▬▬▬▬▬▬▬▬▬▬▬▬▬▬▬▬▬▬▬▬▬▬▬▬▬▬▬▬▬▬▬▬▬▬▬▬▬▬▬▬▬▬▬▬▬▬▬▬▬▬▬▬▬▬▬
16:52:08 [allowed]   §r§5§lLOOT CHEST COLLECTED 
16:52:08 [allowed]   §r§f§lREWARDS
16:52:08 [allowed]     §r§a❈ Flawed Amethyst Gemstone §r§8x7
16:52:08 [allowed]     §r§f❈ Rough Amethyst Gemstone §r§8x104
16:52:08 [allowed]     §r§dDiamond Essence §r§8x2
16:52:08 [allowed]     §r§dGemstone Powder §r§8x507
16:52:08 [allowed] §d§l▬▬▬▬▬▬▬▬▬▬▬▬▬▬▬▬▬▬▬▬▬▬▬▬▬▬▬▬▬▬▬▬▬▬▬▬▬▬▬▬▬▬▬▬▬▬▬▬▬▬▬▬▬▬▬▬▬▬▬▬▬▬▬▬
16:52:08 [allowed] §cYou do not have an active §r§5Jungle Key §r§cand cannot open the chest!
16:52:09 [allowed] §cYou do not have an active §r§5Jungle Key §r§cand cannot open the chest!
16:52:12 [allowed] §cYou have already obtained this Crystal!
16:52:12 [allowed] §cA magical force surrounding this area prevents you from breaking blocks!
16:52:12 [allowed] §cYou have already obtained this Crystal!
16:52:12 [allowed] §cYou have already obtained this Crystal!
16:52:12 [allowed] §cYou have already obtained this Crystal!
16:52:12 [allowed] §cYou have already obtained this Crystal!
16:52:12 [allowed] §cYou have already obtained this Crystal!
16:52:13 [allowed] §cYou have already obtained this Crystal!
16:52:13 [allowed] §cYou have already obtained this Crystal!
16:52:13 [allowed] §d§l▬▬▬▬▬▬▬▬▬▬▬▬▬▬▬▬▬▬▬▬▬▬▬▬▬▬▬▬▬▬▬▬▬▬▬▬▬▬▬▬▬▬▬▬▬▬▬▬▬▬▬▬▬▬▬▬▬▬▬▬▬▬▬▬
16:52:13 [allowed]   §r§5§lLOOT CHEST COLLECTED 
16:52:13 [allowed]   §r§f§lREWARDS
16:52:13 [allowed]     §r§f❈ Rough Amethyst Gemstone §r§8x24
16:52:13 [allowed]     §r§dGemstone Powder §r§8x450
16:52:13 [allowed] §d§l▬▬▬▬▬▬▬▬▬▬▬▬▬▬▬▬▬▬▬▬▬▬▬▬▬▬▬▬▬▬▬▬▬▬▬▬▬▬▬▬▬▬▬▬▬▬▬▬▬▬▬▬▬▬▬▬▬▬▬▬▬▬▬▬
16:52:15 [allowed] §aYou were teleported out!
16:52:31 [allowed] §d§lHOPPITY'S HUNT §r§dA §r§aChocolate Supper Egg §r§dhas appeared!
16:52:46 [allowed] §aThe wind has changed direction!
16:52:56 [allowed] §cThere are blocks in the way!
16:53:13 [allowed] §cThere are blocks in the way!
16:53:16 [allowed] §cWhoa! Slow down there!
16:53:22 [allowed] §aThe wind has changed direction!
16:53:30 [allowed] §a§l+5 Kill Combo §r§b+3% §r§b✯ Magic Find
16:53:37 [allowed] §cYour Kill Combo has expired! You reached a 6 Kill Combo!
16:53:53 [allowed] §aThe wind has changed direction!
16:53:55 [allowed] §a§l+5 Kill Combo §r§b+3% §r§b✯ Magic Find
16:54:08 [allowed] §e[NPC] Professor Robot§f: §rBring me all §a6 §rkey components to the giant so that I can repair it!
16:54:10 [allowed] §e[NPC] Professor Robot§f: §rThat's not one of the components I need! Bring me one of the missing components:
16:54:10 [allowed]   §r§9Electron Transmitter
16:54:10 [allowed]   §r§9FTX 3070
16:54:10 [allowed]   §r§9Robotron Reflector
16:54:10 [allowed]   §r§9Superlite Motor
16:54:10 [allowed]   §r§9Control Switch
16:54:10 [allowed]   §r§9Synthetic Heart
16:54:11 [allowed] §cYour Kill Combo has expired! You reached a 9 Kill Combo!
16:54:11 [allowed] §e[NPC] Professor Robot§f: §rThanks for bringing me the §9FTX 3070§r! Bring me 5 more components to fix the giant!
16:54:12 [allowed] §e[NPC] Professor Robot§f: §rThanks for bringing me the §9Synthetic Heart§r! Bring me 4 more components to fix the giant!
16:54:13 [allowed] §e[NPC] Professor Robot§f: §rThanks for bringing me the §9Superlite Motor§r! Bring me 3 more components to fix the giant!
16:54:26 [allowed] §e[NPC] Professor Robot§f: §rThanks for bringing me the §9Control Switch§r! Bring me 2 more components to fix the giant!
16:54:26 [allowed] §e[NPC] Professor Robot§f: §rThat's not one of the components I need! Bring me one of the missing components:
16:54:26 [allowed]   §r§9Electron Transmitter
16:54:26 [allowed]   §r§9Robotron Reflector
16:54:29 [allowed] §a§l+5 Kill Combo §r§b+3% §r§b✯ Magic Find
16:54:31 [allowed] §6§lRARE DROP! §r§9Electron Transmitter §r§b(+§r§b142% §r§b✯ Magic Find§r§b)
16:54:35 [allowed] §e[NPC] Professor Robot§f: §rThanks for bringing me the §9Electron Transmitter§r! Bring me one more component to fix the giant!
16:54:35 [allowed] §e[NPC] Professor Robot§f: §rThat's not the final component! Bring me a §9Robotron Reflector §rto gain access to Automaton Prime's storage container!
16:54:38 [allowed] §cYour Kill Combo has expired! You reached a 6 Kill Combo!
16:54:50 [allowed] §cThere are blocks in the way!
16:54:53 [allowed] §aThe wind has changed direction!
16:55:06 [allowed] §cThe Tripwire Trap hit you for 519 damage!
16:55:23 [allowed] §aThe wind has changed direction!
16:55:52 [allowed] §a§l+5 Kill Combo §r§b+3% §r§b✯ Magic Find
16:56:02 [allowed] §cYour Kill Combo has expired! You reached a 6 Kill Combo!
16:56:23 [allowed] §a§l+5 Kill Combo §r§b+3% §r§b✯ Magic Find
16:56:29 [allowed] §a§l+10 Kill Combo §r§8+§r§610 §r§7coins per kill
16:56:37 [allowed] §e[NPC] Professor Robot§f: §rThat's not the final component! Bring me a §9Robotron Reflector §rto gain access to Automaton Prime's storage container!
16:56:40 [allowed] §cYour Kill Combo has expired! You reached a 13 Kill Combo!
16:56:50 [allowed] §a§l+5 Kill Combo §r§b+3% §r§b✯ Magic Find
16:56:55 [allowed] §aThe wind has changed direction!
16:56:57 [allowed] §cYour Kill Combo has expired! You reached a 5 Kill Combo!
16:57:26 [allowed] §aThe wind has changed direction!
16:58:00 [allowed] §a§l+5 Kill Combo §r§b+3% §r§b✯ Magic Find
16:58:07 [allowed] §a§l+10 Kill Combo §r§8+§r§610 §r§7coins per kill
16:58:16 [allowed] §cYour Kill Combo has expired! You reached a 12 Kill Combo!
16:58:57 [allowed] §aThe wind has changed direction!
16:59:01 [allowed] §a§l+5 Kill Combo §r§b+3% §r§b✯ Magic Find
16:59:09 [allowed] §a§l+10 Kill Combo §r§8+§r§610 §r§7coins per kill
16:59:17 [allowed] §9§l+15 Kill Combo §r§b+3% §r§b✯ Magic Find
16:59:23 [allowed] §cYour Kill Combo has expired! You reached a 17 Kill Combo!
16:59:40 [allowed] §a§l+5 Kill Combo §r§b+3% §r§b✯ Magic Find
16:59:47 [allowed] §cYour Kill Combo has expired! You reached a 5 Kill Combo!
16:59:57 [allowed] §a§l+5 Kill Combo §r§b+3% §r§b✯ Magic Find
16:59:58 [allowed] §aThe wind has changed direction!
17:00:04 [allowed] §cYour Kill Combo has expired! You reached a 5 Kill Combo!
17:00:22 [allowed] §cThere are blocks in the way!
17:00:23 [allowed] §cThere are blocks in the way!
17:00:27 [allowed] §aYour §r§6Grandma Wolf §r§aleveled up to level §r§951§r§a!
17:00:35 [allowed] §e[NPC] Professor Robot§f: §rThat's not the final component! Bring me a §9Robotron Reflector §rto gain access to Automaton Prime's storage container!
17:00:46 [allowed] §a§l+5 Kill Combo §r§b+3% §r§b✯ Magic Find
17:00:51 [allowed] §d§lHOPPITY'S HUNT §r§dA §r§6Chocolate Breakfast Egg §r§dhas appeared!
17:00:54 [allowed] §a§l+10 Kill Combo §r§8+§r§610 §r§7coins per kill
17:00:59 [allowed] §aThe wind has changed direction!
17:01:02 [allowed] §cYour Kill Combo has expired! You reached a 12 Kill Combo!
17:01:19 [allowed] §a§l+5 Kill Combo §r§b+3% §r§b✯ Magic Find
17:01:29 [allowed] §aThe wind has changed direction!
17:01:30 [allowed] §a§l+10 Kill Combo §r§8+§r§610 §r§7coins per kill
17:01:44 [allowed] §cYour Kill Combo has expired! You reached a 13 Kill Combo!
17:01:50 [allowed] §4[WATCHDOG ANNOUNCEMENT]
17:01:50 [allowed] Watchdog has banned §r§c§l7,808§r§f players in the last 7 days.
17:01:50 [allowed] Staff have banned an additional §r§c§l9,504§r§f in the last 7 days.
17:01:50 [allowed] §cBlacklisted modifications are a bannable offense!
17:01:59 [allowed] §aThe wind has changed direction!
17:02:14 [allowed] §a§l+5 Kill Combo §r§b+3% §r§b✯ Magic Find
17:02:21 [allowed] §a§l+10 Kill Combo §r§8+§r§610 §r§7coins per kill
17:02:29 [allowed] §cYour Kill Combo has expired! You reached a 11 Kill Combo!
17:02:30 [allowed] §aThe wind has changed direction!
17:02:40 [allowed] §a§l▬▬▬▬▬▬▬▬▬▬▬▬▬▬▬▬▬▬▬▬▬▬▬▬▬▬▬▬▬▬▬▬▬▬▬▬▬▬▬▬▬▬▬▬▬▬▬▬▬▬▬▬▬▬▬▬▬▬▬▬▬▬▬▬
17:02:40 [allowed]                      §r§9§lGONE WITH THE WIND ENDED!
17:02:40 [allowed]                            §r§7Passive Active Event
17:02:40 [allowed]      The wind has died down leading to normal mining speeds.
17:02:40 [allowed] §a§l▬▬▬▬▬▬▬▬▬▬▬▬▬▬▬▬▬▬▬▬▬▬▬▬▬▬▬▬▬▬▬▬▬▬▬▬▬▬▬▬▬▬▬▬▬▬▬▬▬▬▬▬▬▬▬▬▬▬▬▬▬▬▬▬
17:02:55 [allowed] §a§l+5 Kill Combo §r§b+3% §r§b✯ Magic Find
17:03:07 [allowed] §a§l+10 Kill Combo §r§8+§r§610 §r§7coins per kill
17:03:12 [allowed] §cYour Kill Combo has expired! You reached a 10 Kill Combo!
17:03:25 [allowed] §a§l+5 Kill Combo §r§b+3% §r§b✯ Magic Find
17:03:35 [allowed] §cYour Kill Combo has expired! You reached a 6 Kill Combo!
17:03:46 [allowed] §cThere are blocks in the way!
17:03:51 [allowed] §a§l+5 Kill Combo §r§b+3% §r§b✯ Magic Find
17:04:09 [allowed]  §b⚑ §eThe §b2x Powder §eevent starts in §a20 §eseconds!
 §eThis is a passive event! §bIt's happening everywhere in the §bCrystal Hollows!
17:04:11 [allowed] §a§l+10 Kill Combo §r§8+§r§610 §r§7coins per kill
17:04:11 [allowed] §6§lRARE DROP! §r§9Control Switch §r§b(+§r§b142% §r§b✯ Magic Find§r§b)
17:04:21 [allowed] §9§l+15 Kill Combo §r§b+3% §r§b✯ Magic Find
17:04:28 [allowed] §cYour Kill Combo has expired! You reached a 16 Kill Combo!
17:04:29 [allowed] §a§l▬▬▬▬▬▬▬▬▬▬▬▬▬▬▬▬▬▬▬▬▬▬▬▬▬▬▬▬▬▬▬▬▬▬▬▬▬▬▬▬▬▬▬▬▬▬▬▬▬▬▬▬▬▬▬▬▬▬▬▬▬▬▬▬
17:04:29 [allowed]                           §r§b§l2X POWDER STARTED!
17:04:29 [allowed]                            §r§7Passive Active Event
17:04:29 [allowed]         Everybody gets twice as much powder of all types!
17:04:29 [allowed] §a§l▬▬▬▬▬▬▬▬▬▬▬▬▬▬▬▬▬▬▬▬▬▬▬▬▬▬▬▬▬▬▬▬▬▬▬▬▬▬▬▬▬▬▬▬▬▬▬▬▬▬▬▬▬▬▬▬▬▬▬▬▬▬▬▬
17:04:48 [allowed] §a§l+5 Kill Combo §r§b+3% §r§b✯ Magic Find
17:05:00 [allowed] §a§l+10 Kill Combo §r§8+§r§610 §r§7coins per kill
17:05:02 [allowed]  §b§l» §ahimej0shi §eis traveling to §aPrivate Island §e§lFOLLOW
17:05:07 [allowed] §cYour Kill Combo has expired! You reached a 11 Kill Combo!
17:05:20 [allowed] §aFriend > §r§6nr1pir §r§ejoined.
17:05:33 [allowed] §a§l+5 Kill Combo §r§b+3% §r§b✯ Magic Find
17:05:48 [allowed] §cThere are blocks in the way!
17:05:50 [allowed] §cYour Kill Combo has expired! You reached a 9 Kill Combo!
17:06:01 [allowed] §a§l+5 Kill Combo §r§b+3% §r§b✯ Magic Find
17:06:10 [allowed] §a§l+10 Kill Combo §r§8+§r§610 §r§7coins per kill
17:06:22 [allowed] §cYour Kill Combo has expired! You reached a 13 Kill Combo!
17:06:29 [allowed] §a§l+5 Kill Combo §r§b+3% §r§b✯ Magic Find
17:06:32 [allowed] §6§lRARE DROP! §r§9Superlite Motor §r§b(+§r§b142% §r§b✯ Magic Find§r§b)
17:06:36 [allowed] §e[NPC] Professor Robot§f: §rThat's not the final component! Bring me a §9Robotron Reflector §rto gain access to Automaton Prime's storage container!
17:06:37 [allowed] §e[NPC] Professor Robot§f: §rThat's not the final component! Bring me a §9Robotron Reflector §rto gain access to Automaton Prime's storage container!
17:06:40 [allowed] §d§lHOPPITY'S HUNT §r§dA §r§9Chocolate Lunch Egg §r§dhas appeared!
17:06:42 [allowed] §cYour Kill Combo has expired! You reached a 9 Kill Combo!
17:06:55 [allowed] §c ☠ §r§7You were killed by Automaton§r§7§r§7.
17:08:56 [allowed] §cThere are blocks in the way!
17:08:56 [allowed] §cThere are blocks in the way!
17:09:09 [allowed] §cThere are blocks in the way!
17:09:12 [allowed] §d§l▬▬▬▬▬▬▬▬▬▬▬▬▬▬▬▬▬▬▬▬▬▬▬▬▬▬▬▬▬▬▬▬▬▬▬▬▬▬▬▬▬▬▬▬▬▬▬▬▬▬▬▬▬▬▬▬▬▬▬▬▬▬▬▬
17:09:12 [allowed]   §r§5§lLOOT CHEST COLLECTED 
17:09:12 [allowed]   §r§f§lREWARDS
17:09:12 [allowed]     §r§a☘ Flawed Jade Gemstone
17:09:12 [allowed]     §r§dGold Essence §r§8x2
17:09:12 [allowed]     §r§dGemstone Powder §r§8x423
17:09:12 [allowed] §d§l▬▬▬▬▬▬▬▬▬▬▬▬▬▬▬▬▬▬▬▬▬▬▬▬▬▬▬▬▬▬▬▬▬▬▬▬▬▬▬▬▬▬▬▬▬▬▬▬▬▬▬▬▬▬▬▬▬▬▬▬▬▬▬▬
17:09:32 [allowed] §aYou used your §r§6Pickobulus §r§aPickaxe Ability!
17:09:32 [allowed] §7Your §r§aPickobulus §r§7destroyed §r§e89 §r§7blocks!
17:10:02 [allowed] §e[NPC] Professor Robot§f: §rThat's not the final component! Bring me a §9Robotron Reflector §rto gain access to Automaton Prime's storage container!
17:10:02 [allowed] §e[NPC] Professor Robot§f: §rThat's not the final component! Bring me a §9Robotron Reflector §rto gain access to Automaton Prime's storage container!
17:10:11 [allowed] §a§l+5 Kill Combo §r§b+3% §r§b✯ Magic Find
17:10:11 [allowed] §aFriend > §r§6nr1pir §r§eleft.
17:10:21 [allowed] §a§l+10 Kill Combo §r§8+§r§610 §r§7coins per kill
17:10:26 [allowed] §cYour Kill Combo has expired! You reached a 10 Kill Combo!
17:10:32 [allowed] §a§r§6Pickobulus §r§ais now available!
17:10:37 [allowed] §a§l+5 Kill Combo §r§b+3% §r§b✯ Magic Find
17:10:44 [allowed] §cYour Kill Combo has expired! You reached a 5 Kill Combo!
17:11:06 [allowed] §a§l+5 Kill Combo §r§b+3% §r§b✯ Magic Find
17:11:13 [allowed] §cYour Kill Combo has expired! You reached a 5 Kill Combo!
17:11:29 [allowed] §a§l+5 Kill Combo §r§b+3% §r§b✯ Magic Find
17:11:39 [allowed] §a§l+10 Kill Combo §r§8+§r§610 §r§7coins per kill
17:11:44 [allowed] §cThere are blocks in the way!
17:11:50 [allowed] §cYour Kill Combo has expired! You reached a 12 Kill Combo!
17:11:57 [allowed] §a§l+5 Kill Combo §r§b+3% §r§b✯ Magic Find
17:12:05 [allowed] §a§l+10 Kill Combo §r§8+§r§610 §r§7coins per kill
17:12:19 [allowed] §9§l+15 Kill Combo §r§b+3% §r§b✯ Magic Find
17:12:23 [allowed] §cYour Kill Combo has expired! You reached a 15 Kill Combo!
17:12:30 [allowed] §d§lHOPPITY'S HUNT §r§dA §r§aChocolate Dinner Egg §r§dhas appeared!
17:12:36 [allowed] §cHitman Rabbit! §d§lNEW §f§lCOMMON §fSpot §7(§6+1 §7and §6+0.002x c/s!§7)
17:12:36 [allowed] §cHitman Rabbit! §7Duplicate §fDuchess §7(§6+§61.4M §6Chocolate§7)
17:12:36 [allowed] §cHitman Rabbit! §d§lNEW §a§lUNCOMMON §aFlip Flop §7(§6+2 §7and §6+0.003x c/s!§7)
17:12:36 [allowed] §cHitman Rabbit! §7Duplicate §fPetunia §7(§6+§61.5M §6Chocolate§7)
17:12:36 [allowed] §cHitman Rabbit! §7Duplicate §9Hope §7(§6+§67.2M §6Chocolate§7)
17:12:36 [allowed] §cHitman Rabbit! §d§lNEW §f§lCOMMON §fChip §7(§6+1 §7and §6+0.002x c/s!§7)
17:12:41 [allowed] §d§lTIME TOWER! §r§7Your §r§6Chocolate Factory §r§7production has increased by §r§6+0.6x §r§7for §r§a1h§r§7!
17:12:42 [allowed] §9Rabbit Dog §r§7has been promoted to §r§7[99§r§7] §r§9Assistant§r§7!
17:12:43 [allowed] §5Rabbit Cousin §r§7has been promoted to §r§7[125§r§7] §r§5Manager§r§7!
17:12:44 [allowed] §9Rabbit Daddy §r§7has been promoted to §r§7[111§r§7] §r§9Assistant§r§7!
17:12:45 [allowed] §9Rabbit Sis §r§7has been promoted to §r§7[117§r§7] §r§9Assistant§r§7!
17:12:46 [allowed] §9Rabbit Uncle §r§7has been promoted to §r§7[103§r§7] §r§9Assistant§r§7!
17:12:47 [allowed] §9Rabbit Dog §r§7has been promoted to §r§7[100§r§7] §r§9Assistant§r§7!
17:12:48 [allowed] §5Rabbit Bro §r§7has been promoted to §r§7[140§r§7] §r§5Manager§r§7!
17:12:49 [allowed] §9Rabbit Granny §r§7has been promoted to §r§7[107§r§7] §r§9Assistant§r§7!
17:12:50 [allowed] §5Rabbit Cousin §r§7has been promoted to §r§7[126§r§7] §r§5Manager§r§7!
17:12:51 [allowed] §9Rabbit Daddy §r§7has been promoted to §r§7[112§r§7] §r§9Assistant§r§7!
17:12:52 [allowed] §9Rabbit Sis §r§7has been promoted to §r§7[118§r§7] §r§9Assistant§r§7!
17:12:53 [allowed] §9Rabbit Uncle §r§7has been promoted to §r§7[104§r§7] §r§9Assistant§r§7!
17:12:53 [allowed] §9Rabbit Dog §r§7has been promoted to §r§7[101§r§7] §r§9Assistant§r§7!
17:12:54 [allowed] §5Rabbit Bro §r§7has been promoted to §r§7[141§r§7] §r§5Manager§r§7!
17:12:55 [allowed] §9Rabbit Granny §r§7has been promoted to §r§7[108§r§7] §r§9Assistant§r§7!
17:12:56 [allowed] §5Rabbit Cousin §r§7has been promoted to §r§7[127§r§7] §r§5Manager§r§7!
17:12:57 [allowed] §9Rabbit Daddy §r§7has been promoted to §r§7[113§r§7] §r§9Assistant§r§7!
17:12:57 [allowed] §9Rabbit Sis §r§7has been promoted to §r§7[119§r§7] §r§9Assistant§r§7!
17:12:58 [allowed] §9Rabbit Uncle §r§7has been promoted to §r§7[105§r§7] §r§9Assistant§r§7!
17:12:59 [allowed] §9Rabbit Dog §r§7has been promoted to §r§7[102§r§7] §r§9Assistant§r§7!
17:13:00 [allowed] §5Rabbit Bro §r§7has been promoted to §r§7[142§r§7] §r§5Manager§r§7!
17:13:00 [allowed] §9Rabbit Granny §r§7has been promoted to §r§7[109§r§7] §r§9Assistant§r§7!
17:13:01 [allowed] §5Rabbit Cousin §r§7has been promoted to §r§7[128§r§7] §r§5Manager§r§7!
17:13:01 [allowed] §9Rabbit Daddy §r§7has been promoted to §r§7[114§r§7] §r§9Assistant§r§7!
17:13:02 [allowed] §9Rabbit Sis §r§7has been promoted to §r§7[120§r§7] §r§9Assistant§r§7!
17:13:03 [allowed] §9Rabbit Uncle §r§7has been promoted to §r§7[106§r§7] §r§9Assistant§r§7!
17:13:03 [allowed] §9Rabbit Dog §r§7has been promoted to §r§7[103§r§7] §r§9Assistant§r§7!
17:13:04 [allowed] §5Rabbit Bro §r§7has been promoted to §r§7[143§r§7] §r§5Manager§r§7!
17:13:05 [allowed] §9Rabbit Granny §r§7has been promoted to §r§7[110§r§7] §r§9Assistant§r§7!
17:13:06 [allowed] §5Rabbit Cousin §r§7has been promoted to §r§7[129§r§7] §r§5Manager§r§7!
17:13:06 [allowed] §9Rabbit Daddy §r§7has been promoted to §r§7[115§r§7] §r§9Assistant§r§7!
17:13:07 [allowed] §9Rabbit Sis §r§7has been promoted to §r§7[121§r§7] §r§9Assistant§r§7!
17:13:08 [allowed] §9Rabbit Uncle §r§7has been promoted to §r§7[107§r§7] §r§9Assistant§r§7!
17:13:08 [allowed] §9Rabbit Dog §r§7has been promoted to §r§7[104§r§7] §r§9Assistant§r§7!
17:13:13 [allowed] §9Rabbit Granny §r§7has been promoted to §r§7[111§r§7] §r§9Assistant§r§7!
17:13:14 [allowed] §5Rabbit Bro §r§7has been promoted to §r§7[144§r§7] §r§5Manager§r§7!
17:13:16 [allowed] §7You upgraded to §r§dCoach Jackrabbit VI§r§7!
17:13:17 [allowed] §5Rabbit Cousin §r§7has been promoted to §r§7[130§r§7] §r§5Manager§r§7!
17:13:17 [allowed] §9Rabbit Daddy §r§7has been promoted to §r§7[116§r§7] §r§9Assistant§r§7!
17:13:19 [allowed] §9Rabbit Sis §r§7has been promoted to §r§7[122§r§7] §r§9Assistant§r§7!
17:13:22 [allowed] §9Rabbit Uncle §r§7has been promoted to §r§7[108§r§7] §r§9Assistant§r§7!
17:13:23 [allowed] §9Rabbit Dog §r§7has been promoted to §r§7[105§r§7] §r§9Assistant§r§7!
17:13:24 [allowed] §5Rabbit Bro §r§7has been promoted to §r§7[145§r§7] §r§5Manager§r§7!
17:13:25 [allowed] §9Rabbit Granny §r§7has been promoted to §r§7[112§r§7] §r§9Assistant§r§7!
17:13:26 [allowed] §5Rabbit Cousin §r§7has been promoted to §r§7[131§r§7] §r§5Manager§r§7!
17:13:27 [allowed] §9Rabbit Daddy §r§7has been promoted to §r§7[117§r§7] §r§9Assistant§r§7!
17:13:27 [allowed] §9Rabbit Sis §r§7has been promoted to §r§7[123§r§7] §r§9Assistant§r§7!
17:13:28 [allowed] §9Rabbit Uncle §r§7has been promoted to §r§7[109§r§7] §r§9Assistant§r§7!
17:13:29 [allowed] §9Rabbit Dog §r§7has been promoted to §r§7[106§r§7] §r§9Assistant§r§7!
17:13:30 [allowed] §9Rabbit Granny §r§7has been promoted to §r§7[113§r§7] §r§9Assistant§r§7!
17:13:31 [allowed] §5Rabbit Bro §r§7has been promoted to §r§7[146§r§7] §r§5Manager§r§7!
17:13:31 [allowed] §5Rabbit Cousin §r§7has been promoted to §r§7[132§r§7] §r§5Manager§r§7!
17:13:32 [allowed] §9Rabbit Daddy §r§7has been promoted to §r§7[118§r§7] §r§9Assistant§r§7!
17:13:33 [allowed] §9Rabbit Sis §r§7has been promoted to §r§7[124§r§7] §r§9Assistant§r§7!
17:13:34 [allowed] §9Rabbit Uncle §r§7has been promoted to §r§7[110§r§7] §r§9Assistant§r§7!
17:13:34 [allowed] §9Rabbit Dog §r§7has been promoted to §r§7[107§r§7] §r§9Assistant§r§7!
17:13:35 [allowed] §5Rabbit Bro §r§7has been promoted to §r§7[147§r§7] §r§5Manager§r§7!
17:13:36 [allowed] §9Rabbit Granny §r§7has been promoted to §r§7[114§r§7] §r§9Assistant§r§7!
17:13:37 [allowed] §5Rabbit Cousin §r§7has been promoted to §r§7[133§r§7] §r§5Manager§r§7!
17:13:37 [allowed] §9Rabbit Daddy §r§7has been promoted to §r§7[119§r§7] §r§9Assistant§r§7!
17:13:38 [allowed] §5Rabbit Sis §r§7has been promoted to §r§7[125§r§7] §r§5Manager§r§7!
17:13:39 [allowed] §9Rabbit Uncle §r§7has been promoted to §r§7[111§r§7] §r§9Assistant§r§7!
17:13:39 [allowed] §9Rabbit Dog §r§7has been promoted to §r§7[108§r§7] §r§9Assistant§r§7!
17:13:40 [allowed] §5Rabbit Bro §r§7has been promoted to §r§7[148§r§7] §r§5Manager§r§7!
17:13:41 [allowed] §9Rabbit Granny §r§7has been promoted to §r§7[115§r§7] §r§9Assistant§r§7!
17:13:42 [allowed] §5Rabbit Cousin §r§7has been promoted to §r§7[134§r§7] §r§5Manager§r§7!
17:13:42 [allowed] §9Rabbit Daddy §r§7has been promoted to §r§7[120§r§7] §r§9Assistant§r§7!
17:13:43 [allowed] §5Rabbit Sis §r§7has been promoted to §r§7[126§r§7] §r§5Manager§r§7!
17:13:44 [allowed] §9Rabbit Uncle §r§7has been promoted to §r§7[112§r§7] §r§9Assistant§r§7!
17:13:46 [allowed] §9Rabbit Dog §r§7has been promoted to §r§7[109§r§7] §r§9Assistant§r§7!
17:13:47 [allowed] §9Rabbit Granny §r§7has been promoted to §r§7[116§r§7] §r§9Assistant§r§7!
17:13:47 [allowed] §5Rabbit Bro §r§7has been promoted to §r§7[149§r§7] §r§5Manager§r§7!
17:13:48 [allowed] §5Rabbit Cousin §r§7has been promoted to §r§7[135§r§7] §r§5Manager§r§7!
17:13:49 [allowed] §5Rabbit Bro §r§7has been promoted to §r§7[150§r§7] §r§5Manager§r§7!
17:13:57 [allowed] §a§l+5 Kill Combo §r§b+3% §r§b✯ Magic Find
17:14:07 [allowed] §a§l+10 Kill Combo §r§8+§r§610 §r§7coins per kill
17:14:19 [allowed] §9§l+15 Kill Combo §r§b+3% §r§b✯ Magic Find
17:14:27 [allowed] §cYour Kill Combo has expired! You reached a 17 Kill Combo!
17:14:32 [allowed] §a§l+5 Kill Combo §r§b+3% §r§b✯ Magic Find
17:14:47 [allowed] §cYour Kill Combo has expired! You reached a 9 Kill Combo!
17:14:48 [allowed] §cThere are blocks in the way!
17:14:57 [allowed] §a§l+5 Kill Combo §r§b+3% §r§b✯ Magic Find
17:15:02 [allowed] §e[NPC] Professor Robot§f: §rThat's not the final component! Bring me a §9Robotron Reflector §rto gain access to Automaton Prime's storage container!
17:15:02 [allowed] §e[NPC] Professor Robot§f: §rThat's not the final component! Bring me a §9Robotron Reflector §rto gain access to Automaton Prime's storage container!
17:15:02 [allowed] §e[NPC] Professor Robot§f: §rThat's not the final component! Bring me a §9Robotron Reflector §rto gain access to Automaton Prime's storage container!
17:15:04 [allowed] §cYour Kill Combo has expired! You reached a 5 Kill Combo!
17:15:29 [allowed] §a§l+5 Kill Combo §r§b+3% §r§b✯ Magic Find
17:15:39 [allowed] §e[NPC] Professor Robot§f: §rYou've brought me all of the components!
17:15:41 [allowed] §e[NPC] Professor Robot§f: §rI have uploaded them to the giant below...it appears it has opened its storage compartment!
17:15:42 [allowed] §cYour Kill Combo has expired! You reached a 8 Kill Combo!
17:15:43 [allowed] §5§l▬▬▬▬▬▬▬▬▬▬▬▬▬▬▬▬▬▬▬▬▬▬▬▬▬▬▬▬▬▬▬▬▬▬▬▬▬▬▬▬▬▬▬▬▬▬▬▬▬▬▬▬▬▬▬▬▬▬▬▬▬▬▬▬
17:15:43 [allowed]                        §r§5§l✦ CRYSTAL FOUND §r§7(5§r§7/5§r§7)
17:15:43 [allowed]                               §r§bSapphire Crystal
17:15:43 [allowed]            §r§7You have found all of the Crystals! Good stuff!
17:15:43 [allowed] §5§l▬▬▬▬▬▬▬▬▬▬▬▬▬▬▬▬▬▬▬▬▬▬▬▬▬▬▬▬▬▬▬▬▬▬▬▬▬▬▬▬▬▬▬▬▬▬▬▬▬▬▬▬▬▬▬▬▬▬▬▬▬▬▬▬
17:15:44 [allowed] §e[NPC] Professor Robot§f: §rPerhaps the long-lost §bSapphire Crystal §ris in there!
17:15:52 [allowed] §2Guild > §r§ahimej0shi §r§eleft.
17:15:54 [allowed] §cThere are blocks in the way!
17:15:54 [allowed] §cThere are blocks in the way!
17:16:44 [allowed] §aYou used your §r§6Pickobulus §r§aPickaxe Ability!
17:16:44 [allowed] §7Your §r§aPickobulus §r§7destroyed §r§e131 §r§7blocks!
17:16:48 [allowed] §cA magical force surrounding this area prevents you from breaking blocks!
17:16:50 [allowed] §cA magical force surrounding this area prevents you from breaking blocks!
17:16:51 [allowed] §cA magical force surrounding this area prevents you from breaking blocks!
17:16:52 [allowed] §cA magical force surrounding this area prevents you from breaking blocks!
17:16:56 [allowed] §cA magical force surrounding this area prevents you from breaking blocks!
17:17:02 [allowed] §cA magical force surrounding this area prevents you from breaking blocks!
17:17:28 [allowed] §5§l✦ §r§dYou placed the §r§bSapphire Crystal§r§d!
17:17:28 [allowed]   §r§dKeep exploring the §r§5Crystal Hollows §r§dto find the rest!
17:17:30 [allowed] §5§l✦ §r§dYou placed the §r§aJade Crystal§r§d!
17:17:30 [allowed]   §r§dKeep exploring the §r§5Crystal Hollows §r§dto find the rest!
17:17:35 [allowed] §5§l✦ §r§dYou placed the §r§5Amethyst Crystal§r§d!
17:17:35 [allowed] §3§l▬▬▬▬▬▬▬▬▬▬▬▬▬▬▬▬▬▬▬▬▬▬▬▬▬▬▬▬▬▬▬▬▬▬▬▬▬▬▬▬▬▬▬▬▬▬▬▬▬▬▬▬▬▬▬▬▬▬▬▬▬▬▬▬
17:17:35 [allowed]   §r§5§lCRYSTAL NUCLEUS LOOT BUNDLE 
17:17:35 [allowed]   §r§a§lREWARDS
17:17:35 [allowed]     §r§5Pickonimbus 2000 §r§8x2
17:17:35 [allowed]     §r§5Precious Pearl
17:17:35 [allowed]     §r§5Recall Potion
17:17:35 [allowed]     §r§9⸕ Fine Amber Gemstone
17:17:35 [allowed]     §r§9❈ Fine Amethyst Gemstone
17:17:35 [allowed]     §r§9☘ Fine Jade Gemstone
17:17:35 [allowed]     §r§9❁ Fine Jasper Gemstone
17:17:35 [allowed]     §r§9❤ Fine Ruby Gemstone
17:17:35 [allowed]     §r§9✎ Fine Sapphire Gemstone
17:17:35 [allowed]     §r§9✧ Fine Topaz Gemstone
17:17:35 [allowed]     §r§9Gemstone Mixture
17:17:35 [allowed]     §r§a⸕ Flawed Amber Gemstone §r§8x94
17:17:35 [allowed]     §r§a❈ Flawed Amethyst Gemstone §r§8x12
17:17:35 [allowed]     §r§a☘ Flawed Jade Gemstone §r§8x24
17:17:35 [allowed]     §r§a❁ Flawed Jasper Gemstone §r§8x6
17:17:35 [allowed]     §r§a❤ Flawed Ruby Gemstone §r§8x24
17:17:35 [allowed]     §r§a✎ Flawed Sapphire Gemstone §r§8x12
17:17:35 [allowed]     §r§a✧ Flawed Topaz Gemstone §r§8x30
17:17:35 [allowed]     §r§5+800 HOTM Exp
17:17:35 [allowed] §e[SkyHanni] Profit for Crystal Nucleus Run§e: §61.6M
17:17:35 [allowed] §3§l▬▬▬▬▬▬▬▬▬▬▬▬▬▬▬▬▬▬▬▬▬▬▬▬▬▬▬▬▬▬▬▬▬▬▬▬▬▬▬▬▬▬▬▬▬▬▬▬▬▬▬▬▬▬▬▬▬▬▬▬▬▬▬▬
17:17:35 [allowed] §7Pick it up near the §r§5Nucleus Vault§r§7!
17:17:35 [allowed] §e§ka§a>>   §aAchievement Unlocked: §6§r§6Crystal Nucleus I§r§a   <<§e§ka
17:17:44 [allowed] §a§r§6Pickobulus §r§ais now available!
17:18:42 [allowed] §cA magical force surrounding this area prevents you from breaking blocks!
17:18:45 [allowed] §9§m-----------------------------------------------------§r
§r                          §r §6Friends (Page 1 of 1) §r
§r§a§lhimej0shi §cis currently offline§r
§r§6§lnr1pir §cis currently offline§r
§r§7getkankerirl §cis currently offline§r
§r
§r
§r
§r
§r
§r§9§m-----------------------------------------------------
17:19:09 [allowed] §cA magical force surrounding this area prevents you from breaking blocks!
17:19:11 [allowed] §cA magical force surrounding this area prevents you from breaking blocks!
17:19:13 [allowed] §cA magical force surrounding this area prevents you from breaking blocks!
17:19:15 [allowed] §aYour §r§5Enderman §r§aleveled up to level §r§963§r§a!
17:19:40 [allowed] §a§l▬▬▬▬▬▬▬▬▬▬▬▬▬▬▬▬▬▬▬▬▬▬▬▬▬▬▬▬▬▬▬▬▬▬▬▬▬▬▬▬▬▬▬▬▬▬▬▬▬▬▬▬▬▬▬▬▬▬▬▬▬▬▬▬
17:19:40 [allowed]                            §r§b§l2X POWDER ENDED!
17:19:40 [allowed]                            §r§7Passive Active Event
17:19:40 [allowed]    Powder amount is back to normal, but there will be another
17:19:40 [allowed] §f                                 event soon!
17:19:40 [allowed] §a§l▬▬▬▬▬▬▬▬▬▬▬▬▬▬▬▬▬▬▬▬▬▬▬▬▬▬▬▬▬▬▬▬▬▬▬▬▬▬▬▬▬▬▬▬▬▬▬▬▬▬▬▬▬▬▬▬▬▬▬▬▬▬▬▬
17:20:50 [allowed] §d§lHOPPITY'S HUNT §r§dA §r§6Chocolate Brunch Egg §r§dhas appeared!
17:22:07 [allowed] §aYou used your §r§6Pickobulus §r§aPickaxe Ability!
17:22:07 [allowed] §7Your §r§aPickobulus §r§7destroyed §r§e64 §r§7blocks!
17:22:09 [allowed] §cYou need a tool with a §r§aBreaking Power §r§cof §r§67§r§c to mine Jade Gemstone Block§r§c! Speak to §r§dFragilis §r§cby the entrance to the Crystal Hollows to learn more!
17:22:41 [allowed] §cYou need a tool with a §r§aBreaking Power §r§cof §r§67§r§c to mine Jade Gemstone Block§r§c! Speak to §r§dFragilis §r§cby the entrance to the Crystal Hollows to learn more!
17:22:49 [allowed] §3§l▬▬▬▬▬▬▬▬▬▬▬▬▬▬▬▬▬▬▬▬▬▬▬▬▬▬▬▬▬▬▬▬▬▬▬▬▬▬▬▬▬▬▬▬▬▬▬▬▬▬▬▬▬▬▬▬▬▬▬▬▬▬▬▬
17:22:49 [allowed] §6§lBESTIARY §r§b§lGrunt §7§87 §8➡§b §b8
17:23:08 [allowed] §a§r§6Pickobulus §r§ais now available!
17:23:32 [allowed] §aYou used your §r§6Pickobulus §r§aPickaxe Ability!
17:23:32 [allowed] §7Your §r§aPickobulus §r§7destroyed §r§e66 §r§7blocks!
17:23:59 [allowed]  §b⚑ §eThe §b2x Powder §eevent starts in §a20 §eseconds!
 §eThis is a passive event! §bIt's happening everywhere in the §bCrystal Hollows!
17:24:02 [allowed] §d§lPRISTINE! §r§fYou found §r§a☘ Flawed Jade Gemstone §r§8x4§r§f!
17:24:19 [allowed] §a§l▬▬▬▬▬▬▬▬▬▬▬▬▬▬▬▬▬▬▬▬▬▬▬▬▬▬▬▬▬▬▬▬▬▬▬▬▬▬▬▬▬▬▬▬▬▬▬▬▬▬▬▬▬▬▬▬▬▬▬▬▬▬▬▬
17:24:19 [allowed]                           §r§b§l2X POWDER STARTED!
17:24:19 [allowed]                            §r§7Passive Active Event
17:24:19 [allowed]         Everybody gets twice as much powder of all types!
17:24:19 [allowed] §a§l▬▬▬▬▬▬▬▬▬▬▬▬▬▬▬▬▬▬▬▬▬▬▬▬▬▬▬▬▬▬▬▬▬▬▬▬▬▬▬▬▬▬▬▬▬▬▬▬▬▬▬▬▬▬▬▬▬▬▬▬▬▬▬▬
17:24:21 [allowed] §cYour Pickaxe ability is on cooldown for 11s.
17:24:32 [allowed] §a§r§6Pickobulus §r§ais now available!
17:24:37 [allowed] §aYou used your §r§6Pickobulus §r§aPickaxe Ability!
17:24:37 [allowed] §7Your §r§aPickobulus §r§7destroyed §r§e135 §r§7blocks!
17:24:48 [allowed] §d§lPRISTINE! §r§fYou found §r§a☘ Flawed Jade Gemstone §r§8x4§r§f!
17:24:53 [allowed] §d§lPRISTINE! §r§fYou found §r§a☘ Flawed Jade Gemstone §r§8x4§r§f!
17:24:53 [allowed] §a§lJADE GEMSTONE COLLECTOR §r§eCommission Complete! Visit the King §r§eto claim your rewards!
17:24:53 [allowed] §d§l▬▬▬▬▬▬▬▬▬▬▬▬▬▬▬▬▬▬▬▬▬▬▬▬▬▬▬▬▬▬▬▬▬▬▬▬▬▬▬▬▬▬▬▬▬▬▬▬▬▬▬▬▬▬▬▬▬▬▬▬▬▬▬▬
17:24:53 [allowed]   §r§9§lCOMMISSION MILESTONE §bTIER III
17:24:53 [allowed]   §r§a§lREWARDS
17:24:53 [allowed]     §r§7§8+§a1 Commission Slot
17:24:53 [allowed]     §r§7§8+§3400,000 §7Mining Experience
17:24:53 [allowed]     §r§7§8+§b30 SkyBlock XP
17:24:53 [allowed] §d§l▬▬▬▬▬▬▬▬▬▬▬▬▬▬▬▬▬▬▬▬▬▬▬▬▬▬▬▬▬▬▬▬▬▬▬▬▬▬▬▬▬▬▬▬▬▬▬▬▬▬▬▬▬▬▬▬▬▬▬▬▬▬▬▬
17:24:59 [allowed] §6§lRARE DROP! §r§5Treasurite §r§b(+§r§b132% §r§b✯ Magic Find§r§b)
17:25:38 [allowed] §a§r§6Pickobulus §r§ais now available!
17:26:41 [allowed] §d§lHOPPITY'S HUNT §r§dA §r§9Chocolate Déjeuner Egg §r§dhas appeared!
17:32:31 [allowed] §d§lHOPPITY'S HUNT §r§dA §r§aChocolate Supper Egg §r§dhas appeared!
17:38:17 [allowed] §b[MVP§r§d+§r§b] oofx§r§f §r§ehas obtained §r§a§r§7[Lvl 1] §r§5Bal§r§e!
17:39:25 [allowed] §a§l▬▬▬▬▬▬▬▬▬▬▬▬▬▬▬▬▬▬▬▬▬▬▬▬▬▬▬▬▬▬▬▬▬▬▬▬▬▬▬▬▬▬▬▬▬▬▬▬▬▬▬▬▬▬▬▬▬▬▬▬▬▬▬▬
17:39:25 [allowed]                            §r§b§l2X POWDER ENDED!
17:39:25 [allowed]                            §r§7Passive Active Event
17:39:25 [allowed]    Powder amount is back to normal, but there will be another
17:39:25 [allowed] §f                                 event soon!
17:39:25 [allowed] §a§l▬▬▬▬▬▬▬▬▬▬▬▬▬▬▬▬▬▬▬▬▬▬▬▬▬▬▬▬▬▬▬▬▬▬▬▬▬▬▬▬▬▬▬▬▬▬▬▬▬▬▬▬▬▬▬▬▬▬▬▬▬▬▬▬
