16:08:42 [EMPTY] §f §r§r§r§f §r§r§r§1 §r§r§r§0 §r§r§r§2 §r§r§r§f §r§r§r§f §r§r§r§2 §r§r§r§0 §r§r§r§4 §r§r§r§3 §r§r§r§9 §r§r§r§2 §r§r§r§0 §r§r§r§0 §r§r§r§3 §r§r§r§9 §r§r§r§2 §r§r§r§0 §r§r§r§0 §r§r§r§3 §r§r§r§9 §r§r§r§2 §r§r§r§0 §r§r§r§0 
16:08:55 [EMPTY] §8 §r§8 §r§1 §r§3 §r§3 §r§7 §r§8 
16:08:57 [EMPTY] 
16:08:57 [WELCOME] §eWelcome to §r§aHypixel SkyBlock§r§e!
16:08:57 [EMPTY] 
16:08:58 [PROFILE_JOIN] §aYou are playing on profile: §eLemon§b (Co-op)
16:08:58 [PROFILE_JOIN] §8Profile ID: 62b760d8-92b6-4501-ada0-1fd8583f5266
16:09:00 [LOTTERY] §bNew day! §r§eYour §r§2Lottery §r§ebuff changed!
16:09:00 [LOTTERY] §eNew buff§r§r§r: §r§fGain §r§a+5% §r§2∮ Sweep§r§f.
16:09:00 [LOTTERY] §8§oYou can disable this messaging by toggling Lottery in your /hotf!
16:11:35 [EMPTY] §8 §r§8 §r§1 §r§3 §r§3 §r§7 §r§8 
16:11:38 [PROFILE_JOIN] §aYou are playing on profile: §eLemon§b (Co-op)
16:11:38 [PROFILE_JOIN] §8Profile ID: 62b760d8-92b6-4501-ada0-1fd8583f5266
16:11:40 [LOTTERY] §bNew day! §r§eYour §r§2Lottery §r§ebuff changed!
16:11:40 [LOTTERY] §eNew buff§r§r§r: §r§fGain §r§a+5% §r§2∮ Sweep§r§f.
16:11:40 [LOTTERY] §8§oYou can disable this messaging by toggling Lottery in your /hotf!
16:15:01 [LOTTERY] §bNew day! §r§eYour §r§2Lottery §r§ebuff changed!
16:15:01 [LOTTERY] §eNew buff§r§r§r: §r§fGain §r§a+5% §r§2∮ Sweep§r§f.
16:15:01 [LOTTERY] §8§oYou can disable this messaging by toggling Lottery in your /hotf!
16:16:36 [GUILD_EXP] §aYou earned §r§2175 GEXP §r§a+ §r§e525 Event EXP §r§afrom playing SkyBlock!
16:26:38 [GUILD_EXP] §aYou earned §r§223 GEXP §r§a+ §r§e69 Event EXP §r§afrom playing SkyBlock!
16:31:38 [GUILD_EXP] §aYou earned §r§230 GEXP §r§a+ §r§e90 Event EXP §r§afrom playing SkyBlock!
16:35:01 [LOTTERY] §bNew day! §r§eYour §r§2Lottery §r§ebuff changed!
16:35:01 [LOTTERY] §eNew buff§r§r§r: §r§fGain §r§a+50 §r§6☘ Mangrove Fortune§r§f.
16:35:01 [LOTTERY] §8§oYou can disable this messaging by toggling Lottery in your /hotf!
16:40:53 [EMPTY] §8 §r§8 §r§1 §r§3 §r§3 §r§7 §r§8 
16:40:56 [PROFILE_JOIN] §aYou are playing on profile: §eLemon§b (Co-op)
16:40:56 [PROFILE_JOIN] §8Profile ID: 62b760d8-92b6-4501-ada0-1fd8583f5266
16:40:58 [LOTTERY] §bNew day! §r§eYour §r§2Lottery §r§ebuff changed!
16:40:58 [LOTTERY] §eNew buff§r§r§r: §r§fGain §r§a+50 §r§6☘ Mangrove Fortune§r§f.
16:40:58 [LOTTERY] §8§oYou can disable this messaging by toggling Lottery in your /hotf!
16:41:04 [EMPTY] §8 §r§8 §r§1 §r§3 §r§3 §r§7 §r§8 
16:41:08 [PROFILE_JOIN] §aYou are playing on profile: §eLemon§b (Co-op)
16:41:08 [PROFILE_JOIN] §8Profile ID: 62b760d8-92b6-4501-ada0-1fd8583f5266
16:41:09 [LOTTERY] §bNew day! §r§eYour §r§2Lottery §r§ebuff changed!
16:41:09 [LOTTERY] §eNew buff§r§r§r: §r§fGain §r§a+50 §r§6☘ Mangrove Fortune§r§f.
16:41:09 [LOTTERY] §8§oYou can disable this messaging by toggling Lottery in your /hotf!
16:41:19 [EMPTY] §8 §r§8 §r§1 §r§3 §r§3 §r§7 §r§8 
16:41:23 [PROFILE_JOIN] §aYou are playing on profile: §eLemon§b (Co-op)
16:41:23 [PROFILE_JOIN] §8Profile ID: 62b760d8-92b6-4501-ada0-1fd8583f5266
16:41:24 [LOTTERY] §bNew day! §r§eYour §r§2Lottery §r§ebuff changed!
16:41:24 [LOTTERY] §eNew buff§r§r§r: §r§fGain §r§a+50 §r§6☘ Mangrove Fortune§r§f.
16:41:24 [LOTTERY] §8§oYou can disable this messaging by toggling Lottery in your /hotf!
16:41:25 [EMPTY] §8 §r§8 §r§1 §r§3 §r§3 §r§7 §r§8 
16:41:28 [PROFILE_JOIN] §aYou are playing on profile: §eLemon§b (Co-op)
16:41:28 [PROFILE_JOIN] §8Profile ID: 62b760d8-92b6-4501-ada0-1fd8583f5266
16:41:30 [LOTTERY] §bNew day! §r§eYour §r§2Lottery §r§ebuff changed!
16:41:30 [LOTTERY] §eNew buff§r§r§r: §r§fGain §r§a+50 §r§6☘ Mangrove Fortune§r§f.
16:41:30 [LOTTERY] §8§oYou can disable this messaging by toggling Lottery in your /hotf!
16:43:03 [EMPTY] §8 §r§8 §r§1 §r§3 §r§3 §r§7 §r§8 
16:43:07 [PROFILE_JOIN] §aYou are playing on profile: §eLemon§b (Co-op)
16:43:07 [PROFILE_JOIN] §8Profile ID: 62b760d8-92b6-4501-ada0-1fd8583f5266
16:43:08 [LOTTERY] §bNew day! §r§eYour §r§2Lottery §r§ebuff changed!
16:43:08 [LOTTERY] §eNew buff§r§r§r: §r§fGain §r§a+50 §r§6☘ Mangrove Fortune§r§f.
16:43:08 [LOTTERY] §8§oYou can disable this messaging by toggling Lottery in your /hotf!
16:45:28 [COMPACT_POTION_EFFECT] §a§lBUFF! §fYou have gained §r§aMining XP Boost III§r§f! Press TAB or type /effects to view your active effects!
16:45:34 [EMPTY] §8 §r§8 §r§1 §r§3 §r§3 §r§7 §r§8 
16:45:38 [PROFILE_JOIN] §aYou are playing on profile: §eLemon§b (Co-op)
16:45:38 [PROFILE_JOIN] §8Profile ID: 62b760d8-92b6-4501-ada0-1fd8583f5266
16:45:39 [LOTTERY] §bNew day! §r§eYour §r§2Lottery §r§ebuff changed!
16:45:39 [LOTTERY] §eNew buff§r§r§r: §r§fGain §r§a+50 §r§6☘ Mangrove Fortune§r§f.
16:45:39 [LOTTERY] §8§oYou can disable this messaging by toggling Lottery in your /hotf!
16:47:05 [SACKS_CHANGE] §6[Sacks] §r§a+1,397§r§e items§r§e.§r§8 (Last 23s.)
16:47:28 [SACKS_CHANGE] §6[Sacks] §r§a+2§r§e items§r§e.§r§8 (Last 5s.)
16:47:43 [SACKS_CHANGE] §6[Sacks] §r§a+1§r§e item§r§e.§r§8 (Last 5s.)
16:47:56 [SACKS_CHANGE] §6[Sacks] §r§a+2§r§e items§r§e.§r§8 (Last 5s.)
16:48:11 [SACKS_CHANGE] §6[Sacks] §r§a+3§r§e items§r§e.§r§8 (Last 10s.)
16:48:24 [SACKS_CHANGE] §6[Sacks] §r§a+2§r§e items§r§e.§r§8 (Last 10s.)
16:48:39 [SACKS_CHANGE] §6[Sacks] §r§a+1§r§e item§r§e.§r§8 (Last 5s.)
16:48:44 [GUILD_EXP] §aYou earned §r§2250 GEXP §r§a+ §r§e750 Event EXP §r§afrom playing SkyBlock!
16:49:22 [EMPTY] 
16:52:04 [EMPTY] 
16:52:08 [EMPTY] 
16:52:13 [SACKS_CHANGE] §6[Sacks] §r§a+111§r§e items§r§e.§r§8 (Last 5s.)
16:52:13 [EMPTY] 
16:52:19 [SACKS_CHANGE] §6[Sacks] §r§a+24§r§e items§r§e.§r§8 (Last 5s.)
16:52:50 [SACKS_CHANGE] §6[Sacks] §r§a+78§r§e items§r§e.§r§8 (Last 6s.)
16:53:05 [SACKS_CHANGE] §6[Sacks] §r§a+24§r§e items§r§e.§r§8 (Last 5s.)
16:53:36 [SACKS_CHANGE] §6[Sacks] §r§a+124§r§e items§r§e.§r§8 (Last 12s.)
16:53:49 [GUILD_EXP] §aYou earned §r§2735 GEXP §r§a+ §r§e2,205 Event EXP §r§afrom playing SkyBlock!
16:54:09 [SACKS_CHANGE] §6[Sacks] §r§a+241§r§e items§r§e.§r§8 (Last 19s.)
16:54:28 [SACKS_CHANGE] §6[Sacks] §r§a+97§r§e items§r§e.§r§8 (Last 11s.)
16:54:37 [SACKS_CHANGE] §6[Sacks] §r§a+38§r§e items§r§e.§r§8 (Last 7s.)
16:54:58 [SACKS_CHANGE] §6[Sacks] §r§a+41§r§e items§r§e.§r§8 (Last 9s.)
16:55:01 [LOTTERY] §bNew day! §r§eYour §r§2Lottery §r§ebuff changed!
16:55:01 [LOTTERY] §eNew buff§r§r§r: §r§fGain §r§a+50 §r§6☘ Mangrove Fortune§r§f.
16:55:01 [LOTTERY] §8§oYou can disable this messaging by toggling Lottery in your /hotf!
16:55:12 [SACKS_CHANGE] §6[Sacks] §r§a+61§r§e items§r§e.§r§8 (Last 8s.)
16:55:34 [SACKS_CHANGE] §6[Sacks] §r§a+146§r§e items§r§e.§r§8 (Last 12s.)
16:56:00 [SACKS_CHANGE] §6[Sacks] §r§a+135§r§e items§r§e.§r§8 (Last 20s.)
16:56:41 [SACKS_CHANGE] §6[Sacks] §r§a+287§r§e items§r§e.§r§8 (Last 24s.)
16:56:55 [SACKS_CHANGE] §6[Sacks] §r§a+107§r§e items§r§e.§r§8 (Last 13s.)
16:57:04 [SACKS_CHANGE] §6[Sacks] §r§a+15§r§e items§r§e.§r§8 (Last 5s.)
16:57:25 [SACKS_CHANGE] §6[Sacks] §r§a+18§r§e items§r§e.§r§8 (Last 5s.)
16:57:33 [SACKS_CHANGE] §6[Sacks] §r§a+61§r§e items§r§e.§r§8 (Last 6s.)
16:57:43 [SACKS_CHANGE] §6[Sacks] §r§a+41§r§e items§r§e.§r§8 (Last 6s.)
16:58:16 [SACKS_CHANGE] §6[Sacks] §r§a+291§r§e items§r§e.§r§8 (Last 28s.)
16:58:41 [SACKS_CHANGE] §6[Sacks] §r§a+114§r§e items§r§e.§r§8 (Last 9s.)
16:58:53 [GUILD_EXP] §aYou earned §r§2750 GEXP §r§a+ §r§e2,250 Event EXP §r§afrom playing SkyBlock!
16:59:25 [SACKS_CHANGE] §6[Sacks] §r§a+414§r§e items§r§e.§r§8 (Last 30s.)
16:59:46 [SACKS_CHANGE] §6[Sacks] §r§a+99§r§e items§r§e.§r§8 (Last 13s.)
17:00:03 [SACKS_CHANGE] §6[Sacks] §r§a+115§r§e items§r§e.§r§8 (Last 12s.)
17:00:32 [SACKS_CHANGE] §6[Sacks] §r§a+38§r§e items§r§e.§r§8 (Last 7s.)
17:01:03 [SACKS_CHANGE] §6[Sacks] §r§a+286§r§e items§r§e.§r§8 (Last 25s.)
17:01:17 [SACKS_CHANGE] §6[Sacks] §r§a+102§r§e items§r§e.§r§8 (Last 12s.)
17:01:45 [SACKS_CHANGE] §6[Sacks] §r§a+212§r§e items§r§e.§r§8 (Last 26s.)
17:01:50 [EMPTY] 
17:01:50 [EMPTY] §c
17:01:57 [SACKS_CHANGE] §6[Sacks] §r§a+46§r§e items§r§e.§r§8 (Last 6s.)
17:02:30 [SACKS_CHANGE] §6[Sacks] §r§a+300§r§e items§r§e.§r§8 (Last 25s.)
17:02:40 [SACKS_CHANGE] §6[Sacks] §r§a+15§r§e items§r§e.§r§8 (Last 5s.)
17:02:40 [EMPTY] 
17:02:48 [SACKS_CHANGE] §6[Sacks] §r§a+15§r§e items§r§e.§r§8 (Last 5s.)
17:03:04 [SACKS_CHANGE] §6[Sacks] §r§a+99§r§e items§r§e.§r§8 (Last 13s.)
17:03:13 [SACKS_CHANGE] §6[Sacks] §r§a+107§r§e items§r§e.§r§8 (Last 8s.)
17:03:34 [SACKS_CHANGE] §6[Sacks] §r§a+153§r§e items§r§e.§r§8 (Last 16s.)
17:03:44 [SACKS_CHANGE] §6[Sacks] §r§a+28§r§e items§r§e.§r§8 (Last 5s.)
17:03:57 [GUILD_EXP] §aYou earned §r§2750 GEXP §r§a+ §r§e2,250 Event EXP §r§afrom playing SkyBlock!
17:04:02 [SACKS_CHANGE] §6[Sacks] §r§a+112§r§e items§r§e.§r§8 (Last 14s.)
17:04:29 [EMPTY]                                         
17:04:33 [SACKS_CHANGE] §6[Sacks] §r§a+304§r§e items§r§e.§r§8 (Last 30s.)
17:04:59 [SACKS_CHANGE] §6[Sacks] §r§a+180§r§e items§r§e.§r§8 (Last 13s.)
17:05:08 [SACKS_CHANGE] §6[Sacks] §r§a+76§r§e items§r§e.§r§8 (Last 8s.)
17:05:49 [SACKS_CHANGE] §6[Sacks] §r§a+186§r§e items§r§e.§r§8 (Last 30s.)
17:05:57 [SACKS_CHANGE] §6[Sacks] §r§a+51§r§e items§r§e.§r§8 (Last 6s.)
17:06:29 [SACKS_CHANGE] §6[Sacks] §r§a+379§r§e items§r§e.§r§8 (Last 30s.)
17:06:40 [SACKS_CHANGE] §6[Sacks] §r§a+134§r§e items§r§e.§r§8 (Last 10s.)
17:06:50 [SACKS_CHANGE] §6[Sacks] §r§a+46§r§e items§r§e.§r§8 (Last 7s.)
17:09:01 [GUILD_EXP] §aYou earned §r§2635 GEXP §r§a+ §r§e1,905 Event EXP §r§afrom playing SkyBlock!
17:09:12 [EMPTY] 
17:09:18 [SACKS_CHANGE] §6[Sacks] §r§a+1§r§e item§r§e.§r§8 (Last 5s.)
17:09:48 [SACKS_CHANGE] §6[Sacks] §r§a+599§r§e items§r§e.§r§8 (Last 16s.)
17:10:27 [SACKS_CHANGE] §6[Sacks] §r§a+255§r§e items§r§e.§r§8 (Last 21s.)
17:10:42 [SACKS_CHANGE] §6[Sacks] §r§a+94§r§e items§r§e.§r§8 (Last 10s.)
17:11:00 [SACKS_CHANGE] §6[Sacks] §r§a+37§r§e items§r§e.§r§8 (Last 8s.)
17:11:11 [SACKS_CHANGE] §6[Sacks] §r§a+74§r§e items§r§e.§r§8 (Last 7s.)
17:11:51 [SACKS_CHANGE] §6[Sacks] §r§a+283§r§e items§r§e.§r§8 (Last 27s.)
17:12:22 [SACKS_CHANGE] §6[Sacks] §r§a+363§r§e items§r§e.§r§8 (Last 30s.)
17:12:29 [SACKS_CHANGE] §6[Sacks] §r§a+27§r§e items§r§e.§r§8 (Last 5s.)
17:12:36 [COMPACT_HOPPITY] §d§lHOPPITY'S HUNT §r§dYou found a §r§cHitman Egg§r§d!
17:12:36 [COMPACT_HOPPITY] §D§LHOPPITY'S HUNT §7You found §fSpot §7(§F§LCOMMON§7)!
17:12:36 [COMPACT_HOPPITY] §d§lNEW RABBIT! §6+1 Chocolate §7and §6+0.002x Chocolate §7per second!
17:12:36 [COMPACT_HOPPITY] §d§lHOPPITY'S HUNT §r§dYou found a §r§cHitman Egg§r§d!
17:12:36 [COMPACT_HOPPITY] §D§LHOPPITY'S HUNT §7You found §fDuchess §7(§F§LCOMMON§7)!
17:12:36 [COMPACT_HOPPITY] §7§lDUPLICATE RABBIT! §6+1,452,258 Chocolate
17:12:36 [COMPACT_HOPPITY] §d§lHOPPITY'S HUNT §r§dYou found a §r§cHitman Egg§r§d!
17:12:36 [COMPACT_HOPPITY] §D§LHOPPITY'S HUNT §7You found §aFlip Flop §7(§A§LUNCOMMON§7)!
17:12:36 [COMPACT_HOPPITY] §d§lNEW RABBIT! §6+2 Chocolate §7and §6+0.003x Chocolate §7per second!
17:12:36 [COMPACT_HOPPITY] §d§lHOPPITY'S HUNT §r§dYou found a §r§cHitman Egg§r§d!
17:12:36 [COMPACT_HOPPITY] §D§LHOPPITY'S HUNT §7You found §fPetunia §7(§F§LCOMMON§7)!
17:12:36 [COMPACT_HOPPITY] §7§lDUPLICATE RABBIT! §6+1,587,024 Chocolate
17:12:36 [COMPACT_HOPPITY] §d§lHOPPITY'S HUNT §r§dYou found a §r§cHitman Egg§r§d!
17:12:36 [COMPACT_HOPPITY] §D§LHOPPITY'S HUNT §7You found §9Hope §7(§9§LRARE§7)!
17:12:36 [COMPACT_HOPPITY] §7§lDUPLICATE RABBIT! §6+7,273,860 Chocolate
17:12:36 [COMPACT_HOPPITY] §d§lHOPPITY'S HUNT §r§dYou found a §r§cHitman Egg§r§d!
17:12:36 [COMPACT_HOPPITY] §D§LHOPPITY'S HUNT §7You found §fChip §7(§F§LCOMMON§7)!
17:12:36 [COMPACT_HOPPITY] §d§lNEW RABBIT! §6+1 Chocolate §7and §6+0.002x Chocolate §7per second!
17:14:05 [GUILD_EXP] §aYou earned §r§2610 GEXP §r§a+ §r§e1,830 Event EXP §r§afrom playing SkyBlock!
17:14:24 [SACKS_CHANGE] §6[Sacks] §r§a+402§r§e items§r§e.§r§8 (Last 30s.)
17:14:46 [SACKS_CHANGE] §6[Sacks] §r§a+237§r§e items§r§e.§r§8 (Last 18s.)
17:14:54 [SACKS_CHANGE] §6[Sacks] §r§a+33§r§e items§r§e.§r§8 (Last 5s.)
17:15:01 [LOTTERY] §bNew day! §r§eYour §r§2Lottery §r§ebuff changed!
17:15:01 [LOTTERY] §eNew buff§r§r§r: §r§fGain §r§a+50 §r§6☘ Mangrove Fortune§r§f.
17:15:01 [LOTTERY] §8§oYou can disable this messaging by toggling Lottery in your /hotf!
17:15:03 [SACKS_CHANGE] §6[Sacks] §r§a+92§r§e items§r§e.§r§8 (Last 8s.)
17:15:18 [SACKS_CHANGE] §6[Sacks] §r§a+15§r§e items§r§e.§r§8 (Last 5s.)
17:15:28 [SACKS_CHANGE] §6[Sacks] §r§a+64§r§e items§r§e.§r§8 (Last 8s.)
17:15:41 [SACKS_CHANGE] §6[Sacks] §r§a+77§r§e items§r§e.§r§8 (Last 12s.)
17:15:43 [EMPTY] 
17:17:15 [SACKS_CHANGE] §6[Sacks] §r§a+1,963§r§e items§r§e.§r§8 (Last 30s.)
17:17:29 [SACKS_CHANGE] §6[Sacks] §r§a+184§r§e items§r§e.§r§8 (Last 8s.)
17:17:35 [EMPTY] 
17:17:49 [SACKS_CHANGE] §6[Sacks] §r§a+209§r§e items§r§e.§r§8 (Last 7s.)
17:19:09 [GUILD_EXP] §aYou earned §r§2633 GEXP §r§a+ §r§e1,899 Event EXP §r§afrom playing SkyBlock!
17:19:40 [EMPTY] 
17:22:13 [SACKS_CHANGE] §6[Sacks] §r§a+258§r§e items§r§e.§r§8 (Last 5s.)
17:22:45 [SACKS_CHANGE] §6[Sacks] §r§a+152§r§e items§r§e.§r§8 (Last 26s.)
17:22:49 [EMPTY]  
17:22:49 [BESTIARY] §f                                  §6§lBESTIARY
17:22:49 [BESTIARY] §f                                §b§lGrunt §7§87 §8➡§b §b8
17:22:49 [BESTIARY] 
17:22:49 [BESTIARY]                                   §r§6§lREWARDS
17:22:49 [BESTIARY]                           §r§8+§r§a3 Grunt §r§b✯ Magic Find
17:22:49 [BESTIARY]                            §r§8+§r§a3 Grunt §r§c❁ Strength
17:22:49 [BESTIARY]                               §r§8+§r§62% §r§aGrunt §r§7coins
17:22:49 [BESTIARY]                     §r§8+§r§a50% §r§7chance for extra XP orbs
17:22:49 [BESTIARY]                                §r§8+§r§b1 SkyBlock XP
17:22:49 [BESTIARY] 
17:22:49 [BESTIARY] §3§l▬▬▬▬▬▬▬▬▬▬▬▬▬▬▬▬▬▬▬▬▬▬▬▬▬▬▬▬▬▬▬▬▬▬▬▬▬▬▬▬▬▬▬▬▬▬▬▬▬▬▬▬▬▬▬▬▬▬▬▬▬▬▬▬
17:23:16 [SACKS_CHANGE] §6[Sacks] §r§a+331§r§e items§r§e.§r§8 (Last 30s.)
17:23:37 [SACKS_CHANGE] §6[Sacks] §r§a+503§r§e items§r§e.§r§8 (Last 18s.)
17:23:50 [SACKS_CHANGE] §6[Sacks] §r§a+12§r§e items§r§e.§r§8 (Last 5s.)
17:23:58 [SACKS_CHANGE] §6[Sacks] §r§a+33§r§e items§r§e.§r§8 (Last 5s.)
17:24:07 [SACKS_CHANGE] §6[Sacks] §r§a+13§r§e items§r§e.§r§8 (Last 5s.)
17:24:12 [GUILD_EXP] §aYou earned §r§2503 GEXP §r§a+ §r§e1,509 Event EXP §r§afrom playing SkyBlock!
17:24:19 [EMPTY]                                         
17:24:24 [SACKS_CHANGE] §6[Sacks] §r§a+146§r§e items§r§e.§r§8 (Last 13s.)
17:24:43 [SACKS_CHANGE] §6[Sacks] §r§a+770§r§e items§r§e.§r§8 (Last 17s.)
17:24:53 [SACKS_CHANGE] §6[Sacks] §r§a+24§r§e items§r§e.§r§8 (Last 7s.)
17:24:53 [EMPTY] 
17:24:59 [SACKS_CHANGE] §6[Sacks] §r§a+16§r§e items§r§e.§r§8 (Last 5s.)
17:25:05 [SACKS_CHANGE] §6[Sacks] §r§a+39§r§e items§r§e.§r§8 (Last 5s.)
17:29:15 [GUILD_EXP] §aYou earned §r§2336 GEXP §r§a+ §r§e1,008 Event EXP §r§afrom playing SkyBlock!
17:35:01 [LOTTERY] §bNew day! §r§eYour §r§2Lottery §r§ebuff changed!
17:35:01 [LOTTERY] §eNew buff§r§r§r: §r§fGain §r§a+50 §r§6☘ Fig Fortune§r§f.
17:35:01 [LOTTERY] §8§oYou can disable this messaging by toggling Lottery in your /hotf!
17:39:25 [EMPTY] 
