16:08:07 §e[SkyHanni] Reloaded 7,560 items in the NEU repo
16:45:28 §a§lPotion Effect! §r§aMining XP Boost III
16:47:06 §e[SkyHanni] No chests found. Try standing still with the metal detector in a different spot.
16:47:07 §e[SkyHanni] No chests found. Try standing still with the metal detector in a different spot.
16:47:08 §e[SkyHanni] No chests found. Try standing still with the metal detector in a different spot.
16:47:09 §e[SkyHanni] No chests found. Try standing still with the metal detector in a different spot.
16:47:10 §e[SkyHanni] Found a treasure chest location
16:47:18 §e[SkyHanni] No chests found. Try standing still with the metal detector in a different spot.
16:47:19 §e[SkyHanni] Found a treasure chest location
16:47:22 §e[SkyHanni] No chests found. Try standing still with the metal detector in a different spot.
16:47:23 §e[SkyHanni] Found a treasure chest location
16:47:30 §e[SkyHanni] No chests found. Try standing still with the metal detector in a different spot.
16:47:31 §e[SkyHanni] Found a treasure chest location
16:47:38 §e[SkyHanni] Found a treasure chest location
16:47:44 §e[SkyHanni] Found a treasure chest location
16:47:50 §e[SkyHanni] Found a treasure chest location
16:47:52 §e[SkyHanni] Found a treasure chest location
16:48:01 §e[SkyHanni] Found a treasure chest location
16:48:05 §e[SkyHanni] Found a treasure chest location
16:48:07 §e[SkyHanni] No chests found. Try standing still with the metal detector in a different spot.
16:48:08 §e[SkyHanni] Found a treasure chest location
16:48:12 §e[SkyHanni] No chests found. Try standing still with the metal detector in a different spot.
16:48:12 §e[SkyHanni] Found a treasure chest location
16:48:14 §e[SkyHanni] Found a treasure chest location
16:48:19 §e[SkyHanni] Found a treasure chest location
16:48:33 §e[SkyHanni] Found a treasure chest location
16:48:36 §e[SkyHanni] Found a treasure chest location
16:48:40 §e[SkyHanni] Found a treasure chest location
16:48:48 §e[SkyHanni] Found a treasure chest location
16:48:49 §e[SkyHanni] No chests found. Try standing still with the metal detector in a different spot.
16:48:51 §e[SkyHanni] Found a treasure chest location
16:49:01 §e[SkyHanni] No chests found. Try standing still with the metal detector in a different spot.
16:49:02 §e[SkyHanni] Found a treasure chest location
17:12:36 §cHitman Rabbit! §d§lNEW §f§lCOMMON §fSpot §7(§6+1 §7and §6+0.002x c/s!§7)
17:12:36 §cHitman Rabbit! §7Duplicate §fDuchess §7(§6+§61.4M §6Chocolate§7)
17:12:36 §cHitman Rabbit! §d§lNEW §a§lUNCOMMON §aFlip Flop §7(§6+2 §7and §6+0.003x c/s!§7)
17:12:36 §cHitman Rabbit! §7Duplicate §fPetunia §7(§6+§61.5M §6Chocolate§7)
17:12:36 §cHitman Rabbit! §7Duplicate §9Hope §7(§6+§67.2M §6Chocolate§7)
17:12:36 §cHitman Rabbit! §d§lNEW §f§lCOMMON §fChip §7(§6+1 §7and §6+0.002x c/s!§7)
17:17:35 §e[SkyHanni] Profit for Crystal Nucleus Run§e: §61.6M
17:22:49 §6§lBESTIARY §r§b§lGrunt §7§87 §8➡§b §b8
