21:12:32 §f                                  §6§lBESTIARY
21:12:32 §f                              §b§lCreeper §7§81 §8➡§b §b2
21:12:32 
21:12:32                                   §r§6§lREWARDS
21:12:32                          §r§8+§r§a2 Creeper §r§b✯ Magic Find
21:12:32                          §r§8+§r§a2 Creeper §r§c❁ Strength
21:12:32                              §r§8+§r§62% §r§aCreeper §r§7coins
21:12:32                     §r§8+§r§a50% §r§7chance for extra XP orbs
21:12:32                                §r§8+§r§b1 SkyBlock XP
21:12:32 
21:12:32 §3§l▬▬▬▬▬▬▬▬▬▬▬▬▬▬▬▬▬▬▬▬▬▬▬▬▬▬▬▬▬▬▬▬▬▬▬▬▬▬▬▬▬▬▬▬▬▬▬▬▬▬▬▬▬▬▬▬▬▬▬▬▬▬▬▬
22:47:04 §f                                  §6§lBESTIARY
22:47:04 §f                              §b§lMosquito §7§83 §8➡§b §b4
22:47:04 
22:47:04                                   §r§6§lREWARDS
22:47:04                           §r§6+0.4☘ Farming Fortune
22:47:04                              §r§8+§r§62% §r§aMosquito §r§7coins
22:47:04                     §r§8+§r§a50% §r§7chance for extra XP orbs
22:47:04                                §r§8+§r§b1 SkyBlock XP
22:47:04 
22:47:04 §3§l▬▬▬▬▬▬▬▬▬▬▬▬▬▬▬▬▬▬▬▬▬▬▬▬▬▬▬▬▬▬▬▬▬▬▬▬▬▬▬▬▬▬▬▬▬▬▬▬▬▬▬▬▬▬▬▬▬▬▬▬▬▬▬▬
22:47:53 §f                                  §6§lBESTIARY
22:47:53 §f                                 §b§lSlug §7§83 §8➡§b §b4
22:47:53 
22:47:53                                   §r§6§lREWARDS
22:47:53                           §r§6+0.4☘ Farming Fortune
22:47:53                                §r§8+§r§62% §r§aSlug §r§7coins
22:47:53                     §r§8+§r§a50% §r§7chance for extra XP orbs
22:47:53                                §r§8+§r§b1 SkyBlock XP
22:47:53 
22:47:53 §3§l▬▬▬▬▬▬▬▬▬▬▬▬▬▬▬▬▬▬▬▬▬▬▬▬▬▬▬▬▬▬▬▬▬▬▬▬▬▬▬▬▬▬▬▬▬▬▬▬▬▬▬▬▬▬▬▬▬▬▬▬▬▬▬▬
22:48:39 §f                                  §6§lBESTIARY
22:48:39 §f                               §b§lCricket §7§83 §8➡§b §b4
22:48:39 
22:48:39                                   §r§6§lREWARDS
22:48:39                           §r§6+0.4☘ Farming Fortune
22:48:39                               §r§8+§r§62% §r§aCricket §r§7coins
22:48:39                     §r§8+§r§a50% §r§7chance for extra XP orbs
22:48:39                                §r§8+§r§b1 SkyBlock XP
22:48:39 
22:48:39 §3§l▬▬▬▬▬▬▬▬▬▬▬▬▬▬▬▬▬▬▬▬▬▬▬▬▬▬▬▬▬▬▬▬▬▬▬▬▬▬▬▬▬▬▬▬▬▬▬▬▬▬▬▬▬▬▬▬▬▬▬▬▬▬▬▬
22:56:35 §f                                  §6§lBESTIARY
22:56:35 §f                                  §b§lRat §7§83 §8➡§b §b4
22:56:35 
22:56:35                                   §r§6§lREWARDS
22:56:35                           §r§6+0.4☘ Farming Fortune
22:56:35                                 §r§8+§r§62% §r§aRat §r§7coins
22:56:35                     §r§8+§r§a50% §r§7chance for extra XP orbs
22:56:35                                §r§8+§r§b1 SkyBlock XP
22:56:35 
22:56:35 §3§l▬▬▬▬▬▬▬▬▬▬▬▬▬▬▬▬▬▬▬▬▬▬▬▬▬▬▬▬▬▬▬▬▬▬▬▬▬▬▬▬▬▬▬▬▬▬▬▬▬▬▬▬▬▬▬▬▬▬▬▬▬▬▬▬
22:58:47 §f                                  §6§lBESTIARY
22:58:47 §f                                  §b§lFly §7§82 §8➡§b §b3
22:58:47 
22:58:47                                   §r§6§lREWARDS
22:58:47                           §r§6+0.4☘ Farming Fortune
22:58:47                                 §r§8+§r§62% §r§aFly §r§7coins
22:58:47                     §r§8+§r§a50% §r§7chance for extra XP orbs
22:58:47                                §r§8+§r§b1 SkyBlock XP
22:58:47 
22:58:47   §r§f                         §6§lBESTIARY MILESTONE
22:58:47   §r§f                                    §859➡§e60
22:58:47 §6§lBESTIARY MILESTONE §859➡§e60
22:58:47 §6§lBESTIARY MILESTONE §859➡§e60
22:58:47 §6§lBESTIARY MILESTONE §859➡§e60
22:58:47 §6§lBESTIARY MILESTONE §859➡§e60
22:58:47 §6§lBESTIARY MILESTONE §859➡§e60
22:58:47 
22:59:08 §f                                  §6§lBESTIARY
22:59:08 §f                               §b§lBeetle §7§84 §8➡§b §b5
22:59:08 
22:59:08                                   §r§6§lREWARDS
22:59:08                           §r§6+0.4☘ Farming Fortune
22:59:08                               §r§8+§r§62% §r§aBeetle §r§7coins
22:59:08                     §r§8+§r§a50% §r§7chance for extra XP orbs
22:59:08                                §r§8+§r§b1 SkyBlock XP
22:59:08 
22:59:08 §3§l▬▬▬▬▬▬▬▬▬▬▬▬▬▬▬▬▬▬▬▬▬▬▬▬▬▬▬▬▬▬▬▬▬▬▬▬▬▬▬▬▬▬▬▬▬▬▬▬▬▬▬▬▬▬▬▬▬▬▬▬▬▬▬▬
23:01:07 §f                                  §6§lBESTIARY
23:01:07 §f                                 §b§lSlug §7§84 §8➡§b §b5
23:01:07 
23:01:07                                   §r§6§lREWARDS
23:01:07                           §r§6+0.4☘ Farming Fortune
23:01:07                                §r§8+§r§62% §r§aSlug §r§7coins
23:01:07                     §r§8+§r§a50% §r§7chance for extra XP orbs
23:01:07                                §r§8+§r§b1 SkyBlock XP
23:01:07 
23:01:07 §3§l▬▬▬▬▬▬▬▬▬▬▬▬▬▬▬▬▬▬▬▬▬▬▬▬▬▬▬▬▬▬▬▬▬▬▬▬▬▬▬▬▬▬▬▬▬▬▬▬▬▬▬▬▬▬▬▬▬▬▬▬▬▬▬▬
00:38:55 §f                                  §6§lBESTIARY
00:38:55 §f                          §b§lLonely Spider §7§85 §8➡§b §b6
00:38:55 
00:38:55                                   §r§6§lREWARDS
00:38:55                      §r§8+§r§a3 Lonely Spider §r§b✯ Magic Find
00:38:55                       §r§8+§r§a3 Lonely Spider §r§c❁ Strength
00:38:55                          §r§8+§r§62% §r§aLonely Spider §r§7coins
00:38:55                     §r§8+§r§a50% §r§7chance for extra XP orbs
00:38:55                                §r§8+§r§b1 SkyBlock XP
00:38:55 
00:38:55 §3§l▬▬▬▬▬▬▬▬▬▬▬▬▬▬▬▬▬▬▬▬▬▬▬▬▬▬▬▬▬▬▬▬▬▬▬▬▬▬▬▬▬▬▬▬▬▬▬▬▬▬▬▬▬▬▬▬▬▬▬▬▬▬▬▬
00:47:35 §f                                  §6§lBESTIARY
00:47:35 §f                          §b§lLonely Spider §7§86 §8➡§b §b7
00:47:35 
00:47:35                                   §r§6§lREWARDS
00:47:35                      §r§8+§r§a3 Lonely Spider §r§b✯ Magic Find
00:47:35                       §r§8+§r§a3 Lonely Spider §r§c❁ Strength
00:47:35                          §r§8+§r§62% §r§aLonely Spider §r§7coins
00:47:35                     §r§8+§r§a50% §r§7chance for extra XP orbs
00:47:35                                §r§8+§r§b1 SkyBlock XP
00:47:35 
00:47:35 §3§l▬▬▬▬▬▬▬▬▬▬▬▬▬▬▬▬▬▬▬▬▬▬▬▬▬▬▬▬▬▬▬▬▬▬▬▬▬▬▬▬▬▬▬▬▬▬▬▬▬▬▬▬▬▬▬▬▬▬▬▬▬▬▬▬
00:47:39 §f                                  §6§lBESTIARY
00:47:39 §f                          §b§lLonely Spider §7§87 §8➡§b §b8
00:47:39 
00:47:39                                   §r§6§lREWARDS
00:47:39                      §r§8+§r§a3 Lonely Spider §r§b✯ Magic Find
00:47:39                       §r§8+§r§a3 Lonely Spider §r§c❁ Strength
00:47:39                          §r§8+§r§62% §r§aLonely Spider §r§7coins
00:47:39                     §r§8+§r§a50% §r§7chance for extra XP orbs
00:47:39                                §r§8+§r§b1 SkyBlock XP
00:47:39 
00:47:39 §3§l▬▬▬▬▬▬▬▬▬▬▬▬▬▬▬▬▬▬▬▬▬▬▬▬▬▬▬▬▬▬▬▬▬▬▬▬▬▬▬▬▬▬▬▬▬▬▬▬▬▬▬▬▬▬▬▬▬▬▬▬▬▬▬▬
00:54:31 §f                                  §6§lBESTIARY
00:54:31 §f                            §b§lSkeletor §7§811 §8➡§b §b12
00:54:31 
00:54:31                                   §r§6§lREWARDS
00:54:31                          §r§8+§r§a4 Skeletor §r§b✯ Magic Find
00:54:31                          §r§8+§r§a4 Skeletor §r§c❁ Strength
00:54:31                              §r§8+§r§62% §r§aSkeletor §r§7coins
00:54:31                     §r§8+§r§a50% §r§7chance for extra XP orbs
00:54:31                                §r§8+§r§b1 SkyBlock XP
00:54:31 
00:54:31 §3§l▬▬▬▬▬▬▬▬▬▬▬▬▬▬▬▬▬▬▬▬▬▬▬▬▬▬▬▬▬▬▬▬▬▬▬▬▬▬▬▬▬▬▬▬▬▬▬▬▬▬▬▬▬▬▬▬▬▬▬▬▬▬▬▬
01:30:44 §f                                  §6§lBESTIARY
01:30:44 §f                         §b§lZombie Soldier §7§85 §8➡§b §b6
01:30:44 
01:30:44                                   §r§6§lREWARDS
01:30:44                      §r§8+§r§a3 Zombie Soldier §r§b✯ Magic Find
01:30:44                       §r§8+§r§a3 Zombie Soldier §r§c❁ Strength
01:30:44                          §r§8+§r§62% §r§aZombie Soldier §r§7coins
01:30:44                     §r§8+§r§a50% §r§7chance for extra XP orbs
01:30:44                                §r§8+§r§b1 SkyBlock XP
01:30:44 
01:30:44 §3§l▬▬▬▬▬▬▬▬▬▬▬▬▬▬▬▬▬▬▬▬▬▬▬▬▬▬▬▬▬▬▬▬▬▬▬▬▬▬▬▬▬▬▬▬▬▬▬▬▬▬▬▬▬▬▬▬▬▬▬▬▬▬▬▬
01:30:54 §f                                  §6§lBESTIARY
01:30:54 §f                          §b§lTank Zombie §7§810 §8➡§b §b11
01:30:54 
01:30:54                                   §r§6§lREWARDS
01:30:54                        §r§8+§r§a4 Tank Zombie §r§b✯ Magic Find
01:30:54                        §r§8+§r§a4 Tank Zombie §r§c❁ Strength
01:30:54                            §r§8+§r§62% §r§aTank Zombie §r§7coins
01:30:54                     §r§8+§r§a50% §r§7chance for extra XP orbs
01:30:54                                §r§8+§r§b1 SkyBlock XP
01:30:54 
01:30:54 §3§l▬▬▬▬▬▬▬▬▬▬▬▬▬▬▬▬▬▬▬▬▬▬▬▬▬▬▬▬▬▬▬▬▬▬▬▬▬▬▬▬▬▬▬▬▬▬▬▬▬▬▬▬▬▬▬▬▬▬▬▬▬▬▬▬
01:47:31 §f                                  §6§lBESTIARY
01:47:31 §f                                  §b§lBat §7§87 §8➡§b §b8
01:47:31 
01:47:31                                   §r§6§lREWARDS
01:47:31                             §r§8+§r§a3 Bat §r§b✯ Magic Find
01:47:31                              §r§8+§r§a3 Bat §r§c❁ Strength
01:47:31                                 §r§8+§r§62% §r§aBat §r§7coins
01:47:31                     §r§8+§r§a50% §r§7chance for extra XP orbs
01:47:31                                §r§8+§r§b1 SkyBlock XP
01:47:31 
01:47:31 §3§l▬▬▬▬▬▬▬▬▬▬▬▬▬▬▬▬▬▬▬▬▬▬▬▬▬▬▬▬▬▬▬▬▬▬▬▬▬▬▬▬▬▬▬▬▬▬▬▬▬▬▬▬▬▬▬▬▬▬▬▬▬▬▬▬
