12:25:00 §f §r§r§r§f §r§r§r§1 §r§r§r§0 §r§r§r§2 §r§r§r§f §r§r§r§f §r§r§r§2 §r§r§r§0 §r§r§r§4 §r§r§r§3 §r§r§r§9 §r§r§r§2 §r§r§r§0 §r§r§r§0 §r§r§r§3 §r§r§r§9 §r§r§r§2 §r§r§r§0 §r§r§r§0 §r§r§r§3 §r§r§r§9 §r§r§r§2 §r§r§r§0 §r§r§r§0 
12:25:08 §8 §r§8 §r§1 §r§3 §r§3 §r§7 §r§8 
12:25:10 
12:25:10 
12:26:08 §8 §r§8 §r§1 §r§3 §r§3 §r§7 §r§8 
12:26:57 §8 §r§8 §r§1 §r§3 §r§3 §r§7 §r§8 
12:34:22 
12:34:59 
12:37:04 §8 §r§8 §r§1 §r§3 §r§3 §r§7 §r§8 
12:37:27 §8 §r§8 §r§1 §r§3 §r§3 §r§7 §r§8 
12:38:08 §8 §r§8 §r§1 §r§3 §r§3 §r§7 §r§8 
12:38:23 §8 §r§8 §r§1 §r§3 §r§3 §r§7 §r§8 
12:39:30 §8 §r§8 §r§1 §r§3 §r§3 §r§7 §r§8 
12:40:50 §8 §r§8 §r§1 §r§3 §r§3 §r§7 §r§8 
12:42:08 §8 §r§8 §r§1 §r§3 §r§3 §r§7 §r§8 
12:42:16                                         
12:44:00 
12:44:44 
12:46:30 
12:49:08 §8 §r§8 §r§1 §r§3 §r§3 §r§7 §r§8 
12:49:31 §8 §r§8 §r§1 §r§3 §r§3 §r§7 §r§8 
12:54:30 
12:57:53  
13:00:37 
13:01:00  
13:01:37 
13:01:37 §c
13:02:14                                         
13:03:15 §8 §r§8 §r§1 §r§3 §r§3 §r§7 §r§8 
13:05:58 §8 §r§8 §r§1 §r§3 §r§3 §r§7 §r§8 
13:10:04  
13:13:27 
13:15:06                                         
13:19:43  
13:23:58  
13:27:45 §8 §r§8 §r§1 §r§3 §r§3 §r§7 §r§8 
13:27:56 §8 §r§8 §r§1 §r§3 §r§3 §r§7 §r§8 
13:28:38  
13:31:41  
13:33:28 
13:35:05                                         
13:45:14  
13:48:47  
13:50:25 
13:53:24 
13:55:02                                         
