04:06:20 §d§lHOPPITY'S HUNT §r§dYou found a §r§6Chocolate Brunch Egg §r§dhidden under stone brick steps§r§d!
04:06:21 §D§LHOPPITY'S HUNT §7You found §aHarmony §7(§A§LUNCOMMON§7)!
04:06:21 §d§lNEW RABBIT! §6+2 Chocolate §7and §6+0.003x Chocolate §7per second!
04:18:39 §d§lHOPPITY'S HUNT §r§dYou found a §r§aChocolate Dinner Egg §r§dalong a spruce bridge§r§d!
04:18:39 §D§LHOPPITY'S HUNT §7You found §fBarney §7(§F§LCOMMON§7)!
04:18:39 §d§lNEW RABBIT! §6+1 Chocolate §7and §6+0.002x Chocolate §7per second!
04:28:21 §d§lHOPPITY'S HUNT §r§dYou found a §r§6Chocolate Breakfast Egg §r§dbeneath Swoop§r§d!
04:28:22 §D§LHOPPITY'S HUNT §7You found §fReginald §7(§F§LCOMMON§7)!
04:28:22 §d§lNEW RABBIT! §6+1 Chocolate §7and §6+0.002x Chocolate §7per second!
05:20:23 §d§lHOPPITY'S HUNT §r§dYou found a §r§9Chocolate Lunch Egg §r§dalong a spruce bridge§r§d!
05:20:24 §D§LHOPPITY'S HUNT §7You found §aSylvester §7(§A§LUNCOMMON§7)!
05:20:24 §d§lNEW RABBIT! §6+2 Chocolate §7and §6+0.003x Chocolate §7per second!
05:47:03 §d§lHOPPITY'S HUNT §r§dYou found a §r§aChocolate Dinner Egg §r§dbeside the entrance steps§r§d!
05:47:04 §D§LHOPPITY'S HUNT §7You found §5Punch §7(§5§LEPIC§7)!
05:47:04 §d§lNEW RABBIT! §6+10 Chocolate §7and §6+0.005x Chocolate §7per second!
05:47:13 §d§lHOPPITY'S HUNT §r§dYou found a §r§cHitman Egg§r§d!
05:47:14 §D§LHOPPITY'S HUNT §7You found §fGracie §7(§F§LCOMMON§7)!
05:47:14 §7§lDUPLICATE RABBIT! §6+1,262,636 Chocolate
05:47:17 §d§lHOPPITY'S HUNT §r§dYou found a §r§cHitman Egg§r§d!
05:47:18 §D§LHOPPITY'S HUNT §7You found §fMickey §7(§F§LCOMMON§7)!
05:47:18 §d§lNEW RABBIT! §6+1 Chocolate §7and §6+0.002x Chocolate §7per second!
05:47:21 §d§lHOPPITY'S HUNT §r§dYou found a §r§cHitman Egg§r§d!
05:47:21 §D§LHOPPITY'S HUNT §7You found §aAmazon §7(§A§LUNCOMMON§7)!
05:47:21 §d§lNEW RABBIT! §6+2 Chocolate §7and §6+0.003x Chocolate §7per second!
05:47:25 §d§lHOPPITY'S HUNT §r§dYou found a §r§cHitman Egg§r§d!
05:47:25 §D§LHOPPITY'S HUNT §7You found §fGloria §7(§F§LCOMMON§7)!
05:47:25 §d§lNEW RABBIT! §6+1 Chocolate §7and §6+0.002x Chocolate §7per second!
06:00:39 §d§lHOPPITY'S HUNT §r§dYou found a §r§aChocolate Supper Egg §r§dadjacent to a fossil§r§d!
06:00:40 §D§LHOPPITY'S HUNT §7You found §fFrancine §7(§F§LCOMMON§7)!
06:00:40 §7§lDUPLICATE RABBIT! §6+1,543,966 Chocolate
06:47:43 §d§lHOPPITY'S HUNT §r§dYou found a §r§cHitman Egg§r§d!
06:47:43 §D§LHOPPITY'S HUNT §7You found §fPaddy §7(§F§LCOMMON§7)!
06:47:43 §d§lNEW RABBIT! §6+1 Chocolate §7and §6+0.002x Chocolate §7per second!
06:47:49 §d§lHOPPITY'S HUNT §r§dYou found a §r§cHitman Egg§r§d!
06:47:50 §D§LHOPPITY'S HUNT §7You found §fHarley §7(§F§LCOMMON§7)!
06:47:50 §d§lNEW RABBIT! §6+1 Chocolate §7and §6+0.002x Chocolate §7per second!
06:58:05 §d§lHOPPITY'S HUNT §r§dYou found a §r§aChocolate Supper Egg §r§dbehind Emissary Fraiser§r§d!
06:58:05 §D§LHOPPITY'S HUNT §7You found §fCuddles §7(§F§LCOMMON§7)!
06:58:05 §d§lNEW RABBIT! §6+1 Chocolate §7and §6+0.002x Chocolate §7per second!
07:04:10 §d§lHOPPITY'S HUNT §r§dYou found a §r§6Chocolate Brunch Egg §r§don the §r§bRoyal Palace §r§dtable§r§d!
07:04:10 §D§LHOPPITY'S HUNT §7You found §aDestiny §7(§A§LUNCOMMON§7)!
07:04:10 §d§lNEW RABBIT! §6+2 Chocolate §7and §6+0.003x Chocolate §7per second!
07:19:13 §d§lHOPPITY'S HUNT §r§dYou found a §r§9Chocolate Déjeuner Egg §r§din the §r§bGoblin Burrows §r§dgold room§r§d!
07:19:13 §D§LHOPPITY'S HUNT §7You found §fTheodore §7(§F§LCOMMON§7)!
07:19:13 §7§lDUPLICATE RABBIT! §6+1,564,044 Chocolate
07:28:54 §d§lHOPPITY'S HUNT §r§dYou found a §r§9Chocolate Déjeuner Egg §r§dunderneath a massive crystal§r§d!
07:28:54 §D§LHOPPITY'S HUNT §7You found §9Kalumdai §7(§9§LRARE§7)!
07:28:54 §d§lNEW RABBIT! §6+4 Chocolate §7and §6+0.004x Chocolate §7per second!
07:32:19 §d§lHOPPITY'S HUNT §r§dYou found a §r§9Chocolate Lunch Egg §r§doverlooking §r§8The Mist§r§d!
07:32:20 §D§LHOPPITY'S HUNT §7You found §aRaven §7(§A§LUNCOMMON§7)!
07:32:20 §d§lNEW RABBIT! §6+2 Chocolate §7and §6+0.003x Chocolate §7per second!
08:02:38 §d§lHOPPITY'S HUNT §r§dYou found a §r§aChocolate Dinner Egg §r§dbehind Emissary Fraiser§r§d!
08:02:38 §D§LHOPPITY'S HUNT §7You found §fHopper §7(§F§LCOMMON§7)!
08:02:38 §d§lNEW RABBIT! §6+1 Chocolate §7and §6+0.002x Chocolate §7per second!
08:16:50 §d§lHOPPITY'S HUNT §r§dYou found a §r§aChocolate Supper Egg §r§dnear lava in §r§bThe Forge§r§d!
08:16:50 §D§LHOPPITY'S HUNT §7You found §aCotton §7(§A§LUNCOMMON§7)!
08:16:50 §d§lNEW RABBIT! §6+2 Chocolate §7and §6+0.003x Chocolate §7per second!
