04:05:22 §f §r§r§r§f §r§r§r§1 §r§r§r§0 §r§r§r§2 §r§r§r§f §r§r§r§f §r§r§r§2 §r§r§r§0 §r§r§r§4 §r§r§r§3 §r§r§r§9 §r§r§r§2 §r§r§r§0 §r§r§r§0 §r§r§r§3 §r§r§r§9 §r§r§r§2 §r§r§r§0 §r§r§r§0 §r§r§r§3 §r§r§r§9 §r§r§r§2 §r§r§r§0 §r§r§r§0 
04:05:27 §8 §r§8 §r§1 §r§3 §r§3 §r§7 §r§8 
04:05:29 
04:05:29 
04:06:08 §8 §r§8 §r§1 §r§3 §r§3 §r§7 §r§8 
04:07:26 
04:07:26 
04:07:26 
04:07:26 
04:07:56 
04:07:56 
04:25:36  
04:25:36   
04:26:36  
04:26:36   
04:27:00 
04:27:00 
04:27:37  
04:27:37   
04:28:38  
04:28:38   
04:29:39  
04:29:39   
04:30:39  
04:30:39   
04:31:41  
04:31:41   
04:32:17 
04:32:17 
04:32:42  
04:32:42   
04:33:44  
04:33:44   
04:34:45  
04:34:45   
04:35:47  
04:35:47   
04:36:47  
04:36:47   
04:37:48  
04:37:48   
04:38:09 
04:38:09 
04:38:49  
04:38:49   
04:45:17 
04:45:18  
04:45:18  
04:45:18  
04:46:37 §8 §r§8 §r§1 §r§3 §r§3 §r§7 §r§8 
04:46:45 §8 §r§8 §r§1 §r§3 §r§3 §r§7 §r§8 
04:47:02 §8 §r§8 §r§1 §r§3 §r§3 §r§7 §r§8 
04:47:07 §8 §r§8 §r§1 §r§3 §r§3 §r§7 §r§8 
04:47:12 §8 §r§8 §r§1 §r§3 §r§3 §r§7 §r§8 
04:47:19 §8 §r§8 §r§1 §r§3 §r§3 §r§7 §r§8 
04:47:33 §8 §r§8 §r§1 §r§3 §r§3 §r§7 §r§8 
04:52:57  
04:52:57   
04:53:57  
04:53:57   
04:54:57  
04:54:57   
04:55:57  
04:55:57   
04:56:58  
04:56:58   
04:59:56 §8 §r§8 §r§1 §r§3 §r§3 §r§7 §r§8 
05:01:34 
05:01:34 §c
05:06:54 §8 §r§8 §r§1 §r§3 §r§3 §r§7 §r§8 
05:10:47 
05:10:47 
05:12:03 
05:12:03 
05:18:21 
05:19:22 
05:19:22 
05:24:31 §8 §r§8 §r§1 §r§3 §r§3 §r§7 §r§8 
05:24:40 §f §r§r§r§f §r§r§r§1 §r§r§r§0 §r§r§r§2 §r§r§r§f §r§r§r§f §r§r§r§2 §r§r§r§0 §r§r§r§4 §r§r§r§3 §r§r§r§9 §r§r§r§2 §r§r§r§0 §r§r§r§0 §r§r§r§3 §r§r§r§9 §r§r§r§2 §r§r§r§0 §r§r§r§0 §r§r§r§3 §r§r§r§9 §r§r§r§2 §r§r§r§0 §r§r§r§0 
05:24:44 §8 §r§8 §r§1 §r§3 §r§3 §r§7 §r§8 
05:24:46 
05:24:46 
05:25:15 §8 §r§8 §r§1 §r§3 §r§3 §r§7 §r§8 
05:26:11 
05:26:11 
05:28:00 §8 §r§8 §r§1 §r§3 §r§3 §r§7 §r§8 
05:30:41 §8 §r§8 §r§1 §r§3 §r§3 §r§7 §r§8 
05:30:58 §8 §r§8 §r§1 §r§3 §r§3 §r§7 §r§8 
05:32:27 §8 §r§8 §r§1 §r§3 §r§3 §r§7 §r§8 
05:34:03 
05:34:03 
05:35:37 §8 §r§8 §r§1 §r§3 §r§3 §r§7 §r§8 
05:42:43 §8 §r§8 §r§1 §r§3 §r§3 §r§7 §r§8 
05:43:13 §8 §r§8 §r§1 §r§3 §r§3 §r§7 §r§8 
05:46:55 §8 §r§8 §r§1 §r§3 §r§3 §r§7 §r§8 
05:47:01 §8 §r§8 §r§1 §r§3 §r§3 §r§7 §r§8 
06:06:07  
06:10:25 §8 §r§8 §r§1 §r§3 §r§3 §r§7 §r§8 
06:11:08 
06:11:10 
06:11:12 
06:11:15 
06:11:19 
06:12:31 
06:12:31 
06:14:01 
06:14:01 
06:14:10 §8 §r§8 §r§1 §r§3 §r§3 §r§7 §r§8 
06:14:54 §8 §r§8 §r§1 §r§3 §r§3 §r§7 §r§8 
06:15:55 §8 §r§8 §r§1 §r§3 §r§3 §r§7 §r§8 
06:16:06 §8 §r§8 §r§1 §r§3 §r§3 §r§7 §r§8 
06:27:54 
06:28:03 §8 §r§8 §r§1 §r§3 §r§3 §r§7 §r§8 
06:30:21 
06:30:54 
06:33:22  
06:38:06 §8 §r§8 §r§1 §r§3 §r§3 §r§7 §r§8 
06:38:13 §8 §r§8 §r§1 §r§3 §r§3 §r§7 §r§8 
06:39:58 
06:40:46 
06:46:49 
06:47:51 
06:48:42 
06:49:29                                         
06:51:07 §8 §r§8 §r§1 §r§3 §r§3 §r§7 §r§8 
06:53:26 §8 §r§8 §r§1 §r§3 §r§3 §r§7 §r§8 
07:01:34 
07:01:34 §c
07:07:52 
07:09:41                                         
07:09:41                                         
07:12:46 §8 §r§8 §r§1 §r§3 §r§3 §r§7 §r§8 
07:14:13 §8 §r§8 §r§1 §r§3 §r§3 §r§7 §r§8 
07:22:31                                         
07:31:36 
07:31:36 
07:40:41 
07:42:30                                         
07:42:30                                         
07:47:27  
07:52:33 
07:52:33 
08:02:29                                         
08:09:31 
08:09:33  
08:09:33  
08:09:33  
08:15:46 §8 §r§8 §r§1 §r§3 §r§3 §r§7 §r§8 
08:16:15 §8 §r§8 §r§1 §r§3 §r§3 §r§7 §r§8 
08:16:27 §8 §r§8 §r§1 §r§3 §r§3 §r§7 §r§8 
08:20:27 §8 §r§8 §r§1 §r§3 §r§3 §r§7 §r§8 
08:20:38 §8 §r§8 §r§1 §r§3 §r§3 §r§7 §r§8 
08:20:43 §8 §r§8 §r§1 §r§3 §r§3 §r§7 §r§8 
08:32:39 
08:34:27                                         
08:49:29 
08:49:29 
08:50:40 
08:52:40 
08:54:29                                         
09:01:25 §8 §r§8 §r§1 §r§3 §r§3 §r§7 §r§8 
09:01:34 
09:01:34 §c
09:02:53 §8 §r§8 §r§1 §r§3 §r§3 §r§7 §r§8 
09:05:29 
09:05:29                                         
09:05:29 
09:06:03 §8 §r§8 §r§1 §r§3 §r§3 §r§7 §r§8 
09:07:27 
09:14:11 §8 §r§8 §r§1 §r§3 §r§3 §r§7 §r§8 
09:15:08 §8 §r§8 §r§1 §r§3 §r§3 §r§7 §r§8 
09:15:47 §8 §r§8 §r§1 §r§3 §r§3 §r§7 §r§8 
09:15:52 §8 §r§8 §r§1 §r§3 §r§3 §r§7 §r§8 
09:23:08  
09:25:28 §8 §r§8 §r§1 §r§3 §r§3 §r§7 §r§8 
09:25:29  
09:25:29   
09:26:00 
09:26:00 
09:26:07  
09:26:07  
09:26:07  
09:26:25 §8 §r§8 §r§1 §r§3 §r§3 §r§7 §r§8 
09:26:29 §8 §r§8 §r§1 §r§3 §r§3 §r§7 §r§8 
09:28:25 §8 §r§8 §r§1 §r§3 §r§3 §r§7 §r§8 
09:28:32 §8 §r§8 §r§1 §r§3 §r§3 §r§7 §r§8 
09:28:39 §8 §r§8 §r§1 §r§3 §r§3 §r§7 §r§8 
09:28:48 §8 §r§8 §r§1 §r§3 §r§3 §r§7 §r§8 
09:30:14 §8 §r§8 §r§1 §r§3 §r§3 §r§7 §r§8 
09:32:54 
09:33:34 
09:34:23 
09:34:45 
09:37:31 
09:42:21                                         
09:47:29 
09:47:53 
09:48:10 
09:48:25  
09:48:29  
09:48:45  
09:48:45   
09:49:46  
09:49:46   
09:50:46  
09:50:46   
09:51:47  
09:51:47   
09:52:12 
09:52:47  
09:52:47   
09:53:47  
09:53:47   
09:54:48  
09:54:48   
09:55:48  
09:55:48   
09:55:56 
09:56:48  
09:56:48   
09:57:27 
09:57:48  
09:57:48   
09:58:48  
09:58:48   
09:59:48  
09:59:48   
10:00:49  
10:00:49   
10:01:49  
10:01:49   
10:02:16                                         
10:02:49  
10:02:49   
10:03:49  
10:03:49   
10:04:49  
10:04:49   
10:05:50  
10:05:50   
10:06:50  
10:06:50   
10:07:50  
10:07:50   
10:08:50  
10:08:50   
10:09:51  
10:09:51   
10:10:51  
10:10:51   
10:11:52  
10:11:52   
10:12:52  
10:12:52   
10:13:52  
10:13:52   
10:14:37 
10:14:53  
10:14:53   
10:15:13 
10:15:13 
10:15:13 
10:15:53  
10:15:53   
10:15:56  
10:16:53  
10:16:53   
10:17:54  
10:17:54   
10:18:50 
10:18:50 
10:18:54  
10:18:54   
10:19:54  
10:19:54   
10:20:22 
10:20:55  
10:20:55   
10:21:55  
10:21:55   
10:22:23                                         
10:22:55  
10:22:55   
10:23:50 §8 §r§8 §r§1 §r§3 §r§3 §r§7 §r§8 
10:24:16  
10:24:16   
10:25:16  
10:25:16   
10:26:16  
10:26:16   
10:27:16  
10:27:16   
10:28:16  
10:28:16   
10:29:16  
10:29:16   
10:30:16  
10:30:16   
10:31:16  
10:31:16   
10:32:16  
10:32:16   
10:33:17  
10:33:17   
10:34:17  
10:34:17   
10:35:17  
10:35:17   
10:36:17  
10:36:17   
10:37:17  
10:37:17   
10:38:17  
10:38:17   
