04:05:56 §6[Sacks] §r§a+2§r§e items§r§e.§r§8 (Last 5s.)
04:06:53 §6[Sacks] §r§a+6§r§e items§r§e.§r§8 (Last 6s.)
04:08:09 §6[Sacks] §r§a+6§r§e items§r§e.§r§8 (Last 12s.)
04:09:17 §6[Sacks] §r§c-347§r§e items§r§e.§r§8 (Last 5s.)
04:09:25 §6[Sacks] §r§c-960§r§e items§r§e.§r§8 (Last 5s.)
04:09:33 §6[Sacks] §r§a+957§r§e items§r§e.§r§8 (Last 6s.)
04:12:17 §6[Sacks] §r§c-965§r§e items§r§e.§r§8 (Last 7s.)
04:12:57 §6[Sacks] §r§a+897§r§e items§r§e.§r§8 (Last 5s.)
04:15:43 §6[Sacks] §r§a+6§r§e items§r§e.§r§8 (Last 8s.)
04:17:04 §6[Sacks] §r§a+1,500§r§e items§r§e.§r§8 (Last 28s.)
04:17:28 §6[Sacks] §r§a+317§r§e items§r§e.§r§8 (Last 19s.)
04:18:02 §6[Sacks] §r§a+828§r§e items§r§e.§r§8 (Last 30s.)
04:18:08 §6[Sacks] §r§a+50§r§e items§r§e.§r§8 (Last 5s.)
04:18:28 §6[Sacks] §r§a+1,101§r§e items§r§e.§r§8 (Last 14s.)
04:18:51 §6[Sacks] §r§a+1,111§r§e items§r§e.§r§8 (Last 17s.)
04:19:27 §6[Sacks] §r§a+1,562§r§e items§r§e.§r§8 (Last 30s.)
04:19:57 §6[Sacks] §r§a+1,530§r§e items§r§e.§r§8 (Last 26s.)
04:20:28 §6[Sacks] §r§a+1,106§r§e items§r§e.§r§8 (Last 30s.)
04:20:46 §6[Sacks] §r§a+1,076§r§e items§r§e.§r§8 (Last 16s.)
04:20:58 §6[Sacks] §r§a+546§r§e items§r§e.§r§8 (Last 7s.)
04:21:12 §6[Sacks] §r§a+561§r§e items§r§e.§r§8 (Last 9s.)
04:21:56 §6[Sacks] §r§a+1,958§r§e items§r§e.§r§8 (Last 19s.)
04:22:24 §6[Sacks] §r§a+1,274§r§e items§r§e.§r§8 (Last 18s.)
04:23:23 §6[Sacks] §r§a+530§r§e items§r§e.§r§8 (Last 7s.)
04:23:40 §6[Sacks] §r§a+541§r§e items§r§e.§r§8 (Last 10s.)
04:24:09 §6[Sacks] §r§a+2,068§r§e items§r§e.§r§8 (Last 26s.)
04:24:30 §6[Sacks] §r§a+881§r§e items§r§e.§r§8 (Last 10s.)
04:24:47 §6[Sacks] §r§a+8§r§e items§r§e.§r§8 (Last 5s.)
04:24:58 §6[Sacks] §r§a+3§r§e items§r§e.§r§8 (Last 5s.)
04:25:13 §6[Sacks] §r§a+3§r§e items§r§e.§r§8 (Last 5s.)
04:25:30 §6[Sacks] §r§a+11§r§e items§r§e.§r§8 (Last 14s.)
04:25:42 §6[Sacks] §r§a+182§r§e items§r§e.§r§8 (Last 5s.)
04:26:42 §6[Sacks] §r§a+15§r§e items§r§e.§r§8 (Last 9s.)
04:27:05 §6[Sacks] §r§a+2§r§e items§r§e.§r§8 (Last 5s.)
04:27:49 §6[Sacks] §r§a+36§r§e items§r§e.§r§8 (Last 30s.)
04:28:00 §6[Sacks] §r§a+11§r§e items§r§e.§r§8 (Last 9s.)
04:28:32 §6[Sacks] §r§a+31§r§e items§r§e.§r§8 (Last 28s.)
04:31:31 §6[Sacks] §r§a+10§r§e items§r§e.§r§8 (Last 11s.)
04:31:43 §6[Sacks] §r§a+7§r§e items§r§e.§r§8 (Last 8s.)
04:31:59 §6[Sacks] §r§a+16§r§e items§r§e.§r§8 (Last 14s.)
04:32:17 §6[Sacks] §r§a+9§r§e items§r§e.§r§8 (Last 10s.)
04:32:57 §6[Sacks] §r§a+11§r§e items§r§e.§r§8 (Last 15s.)
04:33:13 §6[Sacks] §r§a+15§r§e items§r§e.§r§8 (Last 12s.)
04:33:33 §6[Sacks] §r§a+16§r§e items§r§e.§r§8 (Last 18s.)
04:34:05 §6[Sacks] §r§a+2§r§e items§r§e.§r§8 (Last 5s.)
04:34:29 §6[Sacks] §r§a+11§r§e items§r§e.§r§8 (Last 14s.)
04:34:39 §6[Sacks] §r§a+6§r§e items§r§e.§r§8 (Last 8s.)
04:35:08 §6[Sacks] §r§a+26§r§e items§r§e.§r§8 (Last 25s.)
04:35:32 §6[Sacks] §r§a+19§r§e items§r§e.§r§8 (Last 21s.)
04:36:00 §6[Sacks] §r§a+19§r§e items§r§e.§r§8 (Last 19s.)
04:36:17 §6[Sacks] §r§a+8§r§e items§r§e.§r§8 (Last 9s.)
04:36:35 §6[Sacks] §r§a+10§r§e items§r§e.§r§8 (Last 10s.)
04:37:17 §6[Sacks] §r§a+16§r§e items§r§e.§r§8 (Last 12s.)
04:37:36 §6[Sacks] §r§a+22§r§e items§r§e.§r§8 (Last 15s.)
04:37:47 §6[Sacks] §r§a+7§r§e items§r§e.§r§8 (Last 8s.)
04:38:14 §6[Sacks] §r§a+2§r§e items§r§e.§r§8 (Last 5s.)
04:38:26 §6[Sacks] §r§a+13§r§e items§r§e.§r§8 (Last 10s.)
04:39:30 §6[Sacks] §r§a+134§r§e items§r§e, §r§c-20,160§r§e items§r§e.§r§8 (Last 22s.)
04:39:41 §6[Sacks] §r§a+4§r§e items§r§e.§r§8 (Last 5s.)
04:39:47 §6[Sacks] §r§a+4§r§e items§r§e.§r§8 (Last 5s.)
04:39:58 §6[Sacks] §r§a+92§r§e items§r§e, §r§c-287§r§e items§r§e.§r§8 (Last 9s.)
04:41:11 §6[Sacks] §r§a+4,681§r§e items§r§e.§r§8 (Last 30s.)
04:41:33 §6[Sacks] §r§a+645§r§e items§r§e.§r§8 (Last 17s.)
04:41:44 §6[Sacks] §r§a+607§r§e items§r§e.§r§8 (Last 7s.)
04:41:55 §6[Sacks] §r§a+615§r§e items§r§e.§r§8 (Last 7s.)
04:42:10 §6[Sacks] §r§a+1,195§r§e items§r§e.§r§8 (Last 13s.)
04:42:45 §6[Sacks] §r§a+2,986§r§e items§r§e.§r§8 (Last 25s.)
04:43:30 §6[Sacks] §r§a+2,389§r§e items§r§e.§r§8 (Last 26s.)
04:43:51 §6[Sacks] §r§a+4§r§e items§r§e.§r§8 (Last 6s.)
04:44:33 §6[Sacks] §r§a+1,189§r§e items§r§e.§r§8 (Last 10s.)
04:45:07 §6[Sacks] §r§a+1,232§r§e items§r§e.§r§8 (Last 25s.)
04:45:21 §6[Sacks] §r§a+602§r§e items§r§e.§r§8 (Last 9s.)
04:45:36 §6[Sacks] §r§a+1,047§r§e items§r§e.§r§8 (Last 9s.)
04:45:50 §6[Sacks] §r§a+139§r§e items§r§e.§r§8 (Last 10s.)
04:46:03 §6[Sacks] §r§a+1,171§r§e items§r§e.§r§8 (Last 12s.)
04:46:12 §6[Sacks] §r§a+1,087§r§e items§r§e.§r§8 (Last 8s.)
04:46:21 §6[Sacks] §r§a+618§r§e items§r§e.§r§8 (Last 7s.)
04:46:36 §6[Sacks] §r§a+11§r§e items§r§e.§r§8 (Last 12s.)
04:48:13 §6[Sacks] §r§a+33§r§e items§r§e.§r§8 (Last 30s.)
04:48:48 §6[Sacks] §r§a+53§r§e items§r§e.§r§8 (Last 30s.)
04:48:55 §6[Sacks] §r§a+5§r§e items§r§e.§r§8 (Last 5s.)
04:49:16 §6[Sacks] §r§a+18§r§e items§r§e.§r§8 (Last 16s.)
04:49:50 §6[Sacks] §r§a+25§r§e items§r§e.§r§8 (Last 22s.)
04:50:05 §6[Sacks] §r§a+6§r§e items§r§e.§r§8 (Last 8s.)
04:50:23 §6[Sacks] §r§a+6§r§e items§r§e.§r§8 (Last 5s.)
04:50:48 §6[Sacks] §r§a+2§r§e items§r§e.§r§8 (Last 5s.)
04:51:13 §6[Sacks] §r§a+9§r§e items§r§e.§r§8 (Last 10s.)
04:52:03 §6[Sacks] §r§a+6§r§e items§r§e.§r§8 (Last 7s.)
04:52:18 §6[Sacks] §r§a+16§r§e items§r§e.§r§8 (Last 14s.)
04:52:56 §6[Sacks] §r§a+13§r§e items§r§e.§r§8 (Last 11s.)
04:53:05 §6[Sacks] §r§a+6§r§e items§r§e.§r§8 (Last 5s.)
04:53:27 §6[Sacks] §r§a+16§r§e items§r§e.§r§8 (Last 13s.)
04:53:42 §6[Sacks] §r§a+6§r§e items§r§e.§r§8 (Last 8s.)
04:53:55 §6[Sacks] §r§a+2§r§e items§r§e.§r§8 (Last 5s.)
04:54:25 §6[Sacks] §r§a+13§r§e items§r§e.§r§8 (Last 10s.)
04:54:56 §6[Sacks] §r§a+17§r§e items§r§e.§r§8 (Last 21s.)
04:55:20 §6[Sacks] §r§a+4§r§e items§r§e.§r§8 (Last 6s.)
04:55:36 §6[Sacks] §r§a+2§r§e items§r§e.§r§8 (Last 5s.)
04:56:02 §6[Sacks] §r§a+20§r§e items§r§e.§r§8 (Last 20s.)
04:56:17 §6[Sacks] §r§a+17§r§e items§r§e.§r§8 (Last 11s.)
04:56:42 §6[Sacks] §r§a+171§r§e items§r§e, §r§c-3,648§r§e items§r§e.§r§8 (Last 23s.)
04:57:27 §6[Sacks] §r§a+1,000§r§e items§r§e, §r§c-16,832§r§e items§r§e.§r§8 (Last 19s.)
04:57:44 §6[Sacks] §r§a+85§r§e items§r§e, §r§c-721§r§e items§r§e.§r§8 (Last 7s.)
04:57:51 §6[Sacks] §r§c-246§r§e items§r§e.§r§8 (Last 5s.)
05:07:19 §6[Sacks] §r§a+8§r§e items§r§e.§r§8 (Last 13s.)
05:07:31 §6[Sacks] §r§a+4§r§e items§r§e.§r§8 (Last 6s.)
05:08:28 §6[Sacks] §r§a+694§r§e items§r§e.§r§8 (Last 15s.)
05:08:54 §6[Sacks] §r§a+1,301§r§e items§r§e.§r§8 (Last 21s.)
05:09:07 §6[Sacks] §r§a+2§r§e items§r§e.§r§8 (Last 5s.)
05:10:08 §6[Sacks] §r§a+1,339§r§e items§r§e.§r§8 (Last 19s.)
05:10:17 §6[Sacks] §r§a+707§r§e items§r§e.§r§8 (Last 7s.)
05:10:25 §6[Sacks] §r§a+4§r§e items§r§e.§r§8 (Last 5s.)
05:11:06 §6[Sacks] §r§a+1,327§r§e items§r§e.§r§8 (Last 18s.)
05:15:40 §6[Sacks] §r§a+3,172§r§e items§r§e.§r§8 (Last 30s.)
05:15:57 §6[Sacks] §r§a+899§r§e items§r§e.§r§8 (Last 16s.)
05:16:21 §6[Sacks] §r§a+653§r§e items§r§e.§r§8 (Last 11s.)
05:16:48 §6[Sacks] §r§a+685§r§e items§r§e.§r§8 (Last 7s.)
05:17:05 §6[Sacks] §r§a+706§r§e items§r§e.§r§8 (Last 8s.)
05:17:36 §6[Sacks] §r§a+2,023§r§e items§r§e.§r§8 (Last 27s.)
05:17:58 §6[Sacks] §r§a+657§r§e items§r§e.§r§8 (Last 11s.)
05:18:18 §6[Sacks] §r§a+686§r§e items§r§e.§r§8 (Last 8s.)
05:18:50 §6[Sacks] §r§a+2,065§r§e items§r§e.§r§8 (Last 29s.)
05:19:01 §6[Sacks] §r§a+711§r§e items§r§e.§r§8 (Last 10s.)
05:19:43 §6[Sacks] §r§a+691§r§e items§r§e.§r§8 (Last 18s.)
05:19:54 §6[Sacks] §r§a+549§r§e items§r§e.§r§8 (Last 8s.)
05:20:06 §6[Sacks] §r§a+186§r§e items§r§e.§r§8 (Last 5s.)
05:20:15 §6[Sacks] §r§a+2§r§e items§r§e.§r§8 (Last 5s.)
05:20:50 §6[Sacks] §r§a+1,217§r§e items§r§e.§r§8 (Last 22s.)
05:21:13 §6[Sacks] §r§a+10§r§e items§r§e.§r§8 (Last 7s.)
05:21:26 §6[Sacks] §r§a+2§r§e items§r§e.§r§8 (Last 5s.)
05:22:16 §6[Sacks] §r§a+28§r§e items§r§e.§r§8 (Last 30s.)
05:23:11 §6[Sacks] §r§a+347§r§e items§r§e, §r§c-20,304§r§e items§r§e.§r§8 (Last 28s.)
05:23:21 §6[Sacks] §r§a+14§r§e items§r§e.§r§8 (Last 8s.)
05:23:42 §6[Sacks] §r§a+691§r§e items§r§e.§r§8 (Last 11s.)
05:24:01 §6[Sacks] §r§a+1,347§r§e items§r§e.§r§8 (Last 18s.)
05:25:47 §6[Sacks] §r§a+1,356§r§e items§r§e.§r§8 (Last 15s.)
05:26:11 §6[Sacks] §r§a+4§r§e items§r§e.§r§8 (Last 6s.)
05:26:52 §6[Sacks] §r§a+2,683§r§e items§r§e.§r§8 (Last 30s.)
05:27:41 §6[Sacks] §r§a+1,277§r§e items§r§e.§r§8 (Last 14s.)
05:27:51 §6[Sacks] §r§a+699§r§e items§r§e.§r§8 (Last 9s.)
05:32:39 §6[Sacks] §r§a+677§r§e items§r§e.§r§8 (Last 11s.)
05:33:04 §6[Sacks] §r§a+2,027§r§e items§r§e.§r§8 (Last 20s.)
05:33:26 §6[Sacks] §r§a+1,360§r§e items§r§e.§r§8 (Last 21s.)
05:33:37 §6[Sacks] §r§a+6§r§e items§r§e.§r§8 (Last 6s.)
05:33:45 §6[Sacks] §r§a+301§r§e items§r§e.§r§8 (Last 7s.)
05:34:09 §6[Sacks] §r§a+2§r§e items§r§e.§r§8 (Last 5s.)
05:34:34 §6[Sacks] §r§a+1,550§r§e items§r§e, §r§c-8,896§r§e items§r§e.§r§8 (Last 23s.)
05:34:42 §6[Sacks] §r§a+12§r§e items§r§e, §r§c-1,920§r§e items§r§e.§r§8 (Last 7s.)
05:35:00 §6[Sacks] §r§a+36§r§e items§r§e, §r§c-3,319§r§e items§r§e.§r§8 (Last 14s.)
05:35:10 §6[Sacks] §r§a+72§r§e items§r§e.§r§8 (Last 5s.)
05:43:38 §6[Sacks] §r§c-1§r§e item§r§e.§r§8 (Last 5s.)
05:44:53 §6[Sacks] §r§c-1,026§r§e items§r§e.§r§8 (Last 8s.)
05:45:01 §6[Sacks] §r§a+30§r§e items§r§e.§r§8 (Last 5s.)
05:49:10 §6[Sacks] §r§a+1§r§e item§r§e.§r§8 (Last 5s.)
05:49:28 §6[Sacks] §r§a+1§r§e item§r§e.§r§8 (Last 5s.)
05:49:52 §6[Sacks] §r§a+1§r§e item§r§e.§r§8 (Last 5s.)
05:49:58 §6[Sacks] §r§a+1§r§e item§r§e.§r§8 (Last 5s.)
05:50:09 §6[Sacks] §r§a+1§r§e item§r§e.§r§8 (Last 5s.)
05:50:15 §6[Sacks] §r§a+1§r§e item§r§e.§r§8 (Last 5s.)
05:50:21 §6[Sacks] §r§a+1§r§e item§r§e.§r§8 (Last 5s.)
05:50:31 §6[Sacks] §r§a+1§r§e item§r§e.§r§8 (Last 5s.)
05:50:37 §6[Sacks] §r§a+1§r§e item§r§e.§r§8 (Last 5s.)
05:50:44 §6[Sacks] §r§a+1§r§e item§r§e.§r§8 (Last 5s.)
05:51:01 §6[Sacks] §r§a+1§r§e item§r§e.§r§8 (Last 5s.)
05:51:08 §6[Sacks] §r§a+1§r§e item§r§e.§r§8 (Last 5s.)
05:51:19 §6[Sacks] §r§a+2§r§e items§r§e.§r§8 (Last 9s.)
05:51:29 §6[Sacks] §r§a+2§r§e items§r§e.§r§8 (Last 9s.)
05:51:43 §6[Sacks] §r§a+1§r§e item§r§e.§r§8 (Last 5s.)
05:51:52 §6[Sacks] §r§a+1§r§e item§r§e.§r§8 (Last 5s.)
05:52:06 §6[Sacks] §r§a+1§r§e item§r§e.§r§8 (Last 5s.)
05:52:21 §6[Sacks] §r§a+2§r§e items§r§e.§r§8 (Last 9s.)
05:52:35 §6[Sacks] §r§a+1§r§e item§r§e.§r§8 (Last 5s.)
05:52:45 §6[Sacks] §r§a+1§r§e item§r§e.§r§8 (Last 5s.)
05:52:51 §6[Sacks] §r§a+1§r§e item§r§e.§r§8 (Last 5s.)
05:52:57 §6[Sacks] §r§a+1§r§e item§r§e.§r§8 (Last 5s.)
05:53:02 §6[Sacks] §r§a+1§r§e item§r§e.§r§8 (Last 5s.)
05:53:09 §6[Sacks] §r§a+1§r§e item§r§e.§r§8 (Last 5s.)
05:53:15 §6[Sacks] §r§a+1§r§e item§r§e.§r§8 (Last 5s.)
05:53:21 §6[Sacks] §r§a+1§r§e item§r§e.§r§8 (Last 5s.)
05:53:32 §6[Sacks] §r§a+1§r§e item§r§e.§r§8 (Last 5s.)
05:53:38 §6[Sacks] §r§a+1§r§e item§r§e.§r§8 (Last 5s.)
05:53:53 §6[Sacks] §r§a+4§r§e items§r§e.§r§8 (Last 14s.)
05:54:04 §6[Sacks] §r§a+1§r§e item§r§e.§r§8 (Last 5s.)
05:54:15 §6[Sacks] §r§a+2§r§e items§r§e.§r§8 (Last 10s.)
05:54:21 §6[Sacks] §r§a+1§r§e item§r§e.§r§8 (Last 5s.)
05:54:31 §6[Sacks] §r§a+2§r§e items§r§e.§r§8 (Last 9s.)
05:54:38 §6[Sacks] §r§a+1§r§e item§r§e.§r§8 (Last 5s.)
05:54:47 §6[Sacks] §r§a+1§r§e item§r§e.§r§8 (Last 5s.)
05:54:58 §6[Sacks] §r§a+2§r§e items§r§e.§r§8 (Last 10s.)
05:55:04 §6[Sacks] §r§a+1§r§e item§r§e.§r§8 (Last 5s.)
05:55:10 §6[Sacks] §r§a+1§r§e item§r§e.§r§8 (Last 5s.)
05:55:16 §6[Sacks] §r§a+1§r§e item§r§e.§r§8 (Last 5s.)
05:55:31 §6[Sacks] §r§a+1§r§e item§r§e.§r§8 (Last 5s.)
05:55:43 §6[Sacks] §r§a+1§r§e item§r§e.§r§8 (Last 5s.)
05:55:49 §6[Sacks] §r§a+1§r§e item§r§e.§r§8 (Last 5s.)
05:55:54 §6[Sacks] §r§a+1§r§e item§r§e.§r§8 (Last 5s.)
05:56:06 §6[Sacks] §r§a+1§r§e item§r§e.§r§8 (Last 5s.)
05:56:13 §6[Sacks] §r§a+1§r§e item§r§e.§r§8 (Last 5s.)
05:56:26 §6[Sacks] §r§a+2§r§e items§r§e.§r§8 (Last 10s.)
05:57:03 §6[Sacks] §r§a+4§r§e items§r§e.§r§8 (Last 20s.)
05:57:41 §6[Sacks] §r§a+1§r§e item§r§e.§r§8 (Last 5s.)
05:57:55 §6[Sacks] §r§a+3§r§e items§r§e.§r§8 (Last 13s.)
05:58:10 §6[Sacks] §r§a+1§r§e item§r§e.§r§8 (Last 5s.)
05:58:28 §6[Sacks] §r§a+1§r§e item§r§e.§r§8 (Last 5s.)
05:58:34 §6[Sacks] §r§a+1§r§e item§r§e.§r§8 (Last 5s.)
05:58:42 §6[Sacks] §r§a+1§r§e item§r§e.§r§8 (Last 5s.)
05:58:49 §6[Sacks] §r§a+1§r§e item§r§e.§r§8 (Last 5s.)
05:58:55 §6[Sacks] §r§a+1§r§e item§r§e.§r§8 (Last 5s.)
05:59:01 §6[Sacks] §r§a+1§r§e item§r§e.§r§8 (Last 5s.)
05:59:06 §6[Sacks] §r§a+1§r§e item§r§e.§r§8 (Last 5s.)
05:59:12 §6[Sacks] §r§a+1§r§e item§r§e.§r§8 (Last 5s.)
05:59:19 §6[Sacks] §r§a+1§r§e item§r§e.§r§8 (Last 5s.)
05:59:39 §6[Sacks] §r§a+1§r§e item§r§e.§r§8 (Last 5s.)
05:59:45 §6[Sacks] §r§a+1§r§e item§r§e.§r§8 (Last 5s.)
05:59:51 §6[Sacks] §r§a+1§r§e item§r§e.§r§8 (Last 5s.)
05:59:57 §6[Sacks] §r§a+1§r§e item§r§e.§r§8 (Last 5s.)
06:00:03 §6[Sacks] §r§a+1§r§e item§r§e.§r§8 (Last 5s.)
06:00:14 §6[Sacks] §r§a+2§r§e items§r§e.§r§8 (Last 10s.)
06:00:20 §6[Sacks] §r§a+1§r§e item§r§e.§r§8 (Last 5s.)
06:00:26 §6[Sacks] §r§a+1§r§e item§r§e.§r§8 (Last 5s.)
06:01:57 §6[Sacks] §r§a+1§r§e item§r§e.§r§8 (Last 5s.)
06:02:20 §6[Sacks] §r§a+1§r§e item§r§e.§r§8 (Last 5s.)
06:02:30 §6[Sacks] §r§a+1§r§e item§r§e.§r§8 (Last 5s.)
06:02:37 §6[Sacks] §r§a+3§r§e items§r§e.§r§8 (Last 5s.)
06:02:51 §6[Sacks] §r§a+5§r§e items§r§e.§r§8 (Last 11s.)
06:03:13 §6[Sacks] §r§a+1§r§e item§r§e.§r§8 (Last 5s.)
06:03:20 §6[Sacks] §r§a+1§r§e item§r§e.§r§8 (Last 5s.)
06:03:29 §6[Sacks] §r§a+1§r§e item§r§e.§r§8 (Last 5s.)
06:03:43 §6[Sacks] §r§a+1§r§e item§r§e.§r§8 (Last 5s.)
06:03:49 §6[Sacks] §r§a+1§r§e item§r§e.§r§8 (Last 5s.)
06:03:59 §6[Sacks] §r§a+4§r§e items§r§e.§r§8 (Last 9s.)
06:04:11 §6[Sacks] §r§a+3§r§e items§r§e.§r§8 (Last 5s.)
06:04:25 §6[Sacks] §r§a+1§r§e item§r§e.§r§8 (Last 5s.)
06:04:52 §6[Sacks] §r§a+3§r§e items§r§e.§r§8 (Last 5s.)
06:05:04 §6[Sacks] §r§a+4§r§e items§r§e.§r§8 (Last 10s.)
06:05:29 §6[Sacks] §r§a+1§r§e item§r§e.§r§8 (Last 5s.)
06:05:57 §6[Sacks] §r§a+12§r§e items§r§e.§r§8 (Last 10s.)
06:06:06 §6[Sacks] §r§a+3§r§e items§r§e.§r§8 (Last 5s.)
06:06:24 §6[Sacks] §r§a+15§r§e items§r§e.§r§8 (Last 17s.)
06:06:53 §6[Sacks] §r§a+1§r§e item§r§e.§r§8 (Last 5s.)
06:07:15 §6[Sacks] §r§a+7§r§e items§r§e.§r§8 (Last 8s.)
06:07:22 §6[Sacks] §r§a+1§r§e item§r§e.§r§8 (Last 5s.)
06:07:30 §6[Sacks] §r§a+1§r§e item§r§e.§r§8 (Last 5s.)
06:07:39 §6[Sacks] §r§a+2§r§e items§r§e.§r§8 (Last 7s.)
06:07:45 §6[Sacks] §r§a+1§r§e item§r§e.§r§8 (Last 5s.)
06:08:03 §6[Sacks] §r§a+3§r§e items§r§e.§r§8 (Last 5s.)
06:08:27 §6[Sacks] §r§a+3§r§e items§r§e.§r§8 (Last 5s.)
06:08:53 §6[Sacks] §r§a+1§r§e item§r§e.§r§8 (Last 5s.)
06:09:32 §6[Sacks] §r§a+1§r§e item§r§e.§r§8 (Last 5s.)
06:09:42 §6[Sacks] §r§a+3§r§e items§r§e.§r§8 (Last 5s.)
06:10:19 §6[Sacks] §r§a+1§r§e item§r§e.§r§8 (Last 5s.)
06:10:25 §6[Sacks] §r§a+4§r§e items§r§e.§r§8 (Last 5s.)
06:17:22 §6[Sacks] §r§a+517§r§e items§r§e.§r§8 (Last 26s.)
06:17:47 §6[Sacks] §r§a+26§r§e items§r§e.§r§8 (Last 7s.)
06:18:13 §6[Sacks] §r§a+138§r§e items§r§e.§r§8 (Last 24s.)
06:19:01 §6[Sacks] §r§a+498§r§e items§r§e.§r§8 (Last 30s.)
06:19:24 §6[Sacks] §r§a+140§r§e items§r§e.§r§8 (Last 22s.)
06:19:56 §6[Sacks] §r§a+527§r§e items§r§e.§r§8 (Last 30s.)
06:20:13 §6[Sacks] §r§a+108§r§e items§r§e.§r§8 (Last 16s.)
06:20:32 §6[Sacks] §r§a+449§r§e items§r§e.§r§8 (Last 10s.)
06:20:52 §6[Sacks] §r§a+362§r§e items§r§e.§r§8 (Last 9s.)
06:21:36 §6[Sacks] §r§a+567§r§e items§r§e.§r§8 (Last 30s.)
06:21:48 §6[Sacks] §r§a+50§r§e items§r§e.§r§8 (Last 11s.)
06:23:47 §6[Sacks] §r§a+491§r§e items§r§e.§r§8 (Last 30s.)
06:24:03 §6[Sacks] §r§a+70§r§e items§r§e.§r§8 (Last 15s.)
06:24:40 §6[Sacks] §r§a+462§r§e items§r§e.§r§8 (Last 22s.)
06:25:39 §6[Sacks] §r§a+315§r§e items§r§e.§r§8 (Last 9s.)
06:29:23 §6[Sacks] §r§a+34§r§e items§r§e.§r§8 (Last 11s.)
06:30:06 §6[Sacks] §r§a+47§r§e items§r§e.§r§8 (Last 11s.)
06:30:27 §6[Sacks] §r§a+121§r§e items§r§e.§r§8 (Last 13s.)
06:30:59 §6[Sacks] §r§a+455§r§e items§r§e.§r§8 (Last 30s.)
06:31:13 §6[Sacks] §r§a+99§r§e items§r§e.§r§8 (Last 13s.)
06:31:35 §6[Sacks] §r§a+120§r§e items§r§e.§r§8 (Last 20s.)
06:31:49 §6[Sacks] §r§a+15§r§e items§r§e.§r§8 (Last 5s.)
06:32:01 §6[Sacks] §r§a+86§r§e items§r§e.§r§8 (Last 11s.)
06:32:17 §6[Sacks] §r§a+47§r§e items§r§e.§r§8 (Last 9s.)
06:32:39 §6[Sacks] §r§a+66§r§e items§r§e.§r§8 (Last 9s.)
06:32:54 §6[Sacks] §r§a+15§r§e items§r§e.§r§8 (Last 5s.)
06:33:27 §6[Sacks] §r§a+129§r§e items§r§e.§r§8 (Last 14s.)
06:33:45 §6[Sacks] §r§a+74§r§e items§r§e.§r§8 (Last 9s.)
06:34:09 §6[Sacks] §r§a+23§r§e items§r§e.§r§8 (Last 5s.)
06:34:17 §6[Sacks] §r§a+18§r§e items§r§e.§r§8 (Last 5s.)
06:34:42 §6[Sacks] §r§a+107§r§e items§r§e.§r§8 (Last 17s.)
06:35:00 §6[Sacks] §r§a+140§r§e items§r§e.§r§8 (Last 15s.)
06:35:09 §6[Sacks] §r§a+33§r§e items§r§e.§r§8 (Last 6s.)
06:35:17 §6[Sacks] §r§a+53§r§e items§r§e.§r§8 (Last 7s.)
06:35:31 §6[Sacks] §r§a+38§r§e items§r§e.§r§8 (Last 5s.)
06:35:50 §6[Sacks] §r§a+18§r§e items§r§e.§r§8 (Last 5s.)
06:35:58 §6[Sacks] §r§a+20§r§e items§r§e.§r§8 (Last 5s.)
06:36:15 §6[Sacks] §r§a+75§r§e items§r§e.§r§8 (Last 15s.)
06:36:24 §6[Sacks] §r§a+18§r§e items§r§e.§r§8 (Last 5s.)
06:36:52 §6[Sacks] §r§a+117§r§e items§r§e.§r§8 (Last 15s.)
06:36:59 §6[Sacks] §r§a+28§r§e items§r§e.§r§8 (Last 5s.)
06:37:10 §6[Sacks] §r§a+15§r§e items§r§e.§r§8 (Last 5s.)
06:37:32 §6[Sacks] §r§a+230§r§e items§r§e.§r§8 (Last 19s.)
06:37:45 §6[Sacks] §r§a+30§r§e items§r§e.§r§8 (Last 7s.)
06:37:54 §6[Sacks] §r§a+15§r§e items§r§e.§r§8 (Last 5s.)
06:39:00 §6[Sacks] §r§a+240§r§e items§r§e.§r§8 (Last 18s.)
06:39:53 §6[Sacks] §r§a+1,128§r§e items§r§e.§r§8 (Last 26s.)
06:40:29 §6[Sacks] §r§a+964§r§e items§r§e.§r§8 (Last 30s.)
06:40:40 §6[Sacks] §r§a+160§r§e items§r§e.§r§8 (Last 10s.)
06:40:54 §6[Sacks] §r§a+50§r§e items§r§e.§r§8 (Last 8s.)
06:41:21 §6[Sacks] §r§a+71§r§e items§r§e.§r§8 (Last 5s.)
06:41:53 §6[Sacks] §r§a+463§r§e items§r§e.§r§8 (Last 30s.)
06:42:25 §6[Sacks] §r§a+298§r§e items§r§e.§r§8 (Last 30s.)
06:42:39 §6[Sacks] §r§a+89§r§e items§r§e.§r§8 (Last 11s.)
06:42:52 §6[Sacks] §r§a+18§r§e items§r§e.§r§8 (Last 5s.)
06:43:11 §6[Sacks] §r§a+186§r§e items§r§e.§r§8 (Last 14s.)
06:43:20 §6[Sacks] §r§a+79§r§e items§r§e.§r§8 (Last 6s.)
06:43:26 §6[Sacks] §r§a+15§r§e items§r§e.§r§8 (Last 5s.)
06:43:58 §6[Sacks] §r§a+246§r§e items§r§e.§r§8 (Last 18s.)
06:44:22 §6[Sacks] §r§a+69§r§e items§r§e.§r§8 (Last 9s.)
06:44:53 §6[Sacks] §r§a+38§r§e items§r§e.§r§8 (Last 6s.)
06:45:15 §6[Sacks] §r§a+178§r§e items§r§e.§r§8 (Last 20s.)
06:45:41 §6[Sacks] §r§a+114§r§e items§r§e.§r§8 (Last 18s.)
06:45:49 §6[Sacks] §r§a+18§r§e items§r§e.§r§8 (Last 5s.)
06:46:18 §6[Sacks] §r§a+158§r§e items§r§e.§r§8 (Last 19s.)
06:46:29 §6[Sacks] §r§a+36§r§e items§r§e.§r§8 (Last 8s.)
06:47:03 §6[Sacks] §r§a+18§r§e items§r§e.§r§8 (Last 5s.)
06:48:15 §6[Sacks] §r§a+15§r§e items§r§e.§r§8 (Last 5s.)
06:49:32 §6[Sacks] §r§a+139§r§e items§r§e.§r§8 (Last 6s.)
06:58:38 §6[Sacks] §r§a+602§r§e items§r§e.§r§8 (Last 30s.)
06:58:53 §6[Sacks] §r§a+66§r§e items§r§e.§r§8 (Last 14s.)
06:59:58 §6[Sacks] §r§a+18§r§e items§r§e.§r§8 (Last 6s.)
07:00:12 §6[Sacks] §r§a+36§r§e items§r§e.§r§8 (Last 10s.)
07:02:40 §6[Sacks] §r§a+175§r§e items§r§e.§r§8 (Last 24s.)
07:03:31 §6[Sacks] §r§a+536§r§e items§r§e.§r§8 (Last 30s.)
07:04:09 §6[Sacks] §r§a+239§r§e items§r§e.§r§8 (Last 7s.)
07:10:16 §6[Sacks] §r§a+481§r§e items§r§e.§r§8 (Last 30s.)
07:10:48 §6[Sacks] §r§a+479§r§e items§r§e.§r§8 (Last 30s.)
07:11:19 §6[Sacks] §r§a+230§r§e items§r§e.§r§8 (Last 30s.)
07:11:50 §6[Sacks] §r§a+249§r§e items§r§e.§r§8 (Last 30s.)
07:12:21 §6[Sacks] §r§a+521§r§e items§r§e.§r§8 (Last 30s.)
07:12:32 §6[Sacks] §r§a+31§r§e items§r§e.§r§8 (Last 10s.)
07:23:06 §6[Sacks] §r§a+1,053§r§e items§r§e.§r§8 (Last 16s.)
07:23:41 §6[Sacks] §r§a+679§r§e items§r§e.§r§8 (Last 30s.)
07:23:49 §6[Sacks] §r§a+54§r§e items§r§e.§r§8 (Last 8s.)
07:24:11 §6[Sacks] §r§a+64§r§e items§r§e.§r§8 (Last 11s.)
07:24:39 §6[Sacks] §r§a+35§r§e items§r§e.§r§8 (Last 7s.)
07:25:13 §6[Sacks] §r§a+348§r§e items§r§e.§r§8 (Last 30s.)
07:26:15 §6[Sacks] §r§a+654§r§e items§r§e.§r§8 (Last 30s.)
07:26:40 §6[Sacks] §r§a+433§r§e items§r§e.§r§8 (Last 9s.)
07:27:11 §6[Sacks] §r§a+194§r§e items§r§e.§r§8 (Last 7s.)
07:28:36 §6[Sacks] §r§a+217§r§e items§r§e.§r§8 (Last 6s.)
07:33:37 §6[Sacks] §r§a+8§r§e items§r§e.§r§8 (Last 5s.)
07:33:52 §6[Sacks] §r§a+27§r§e items§r§e.§r§8 (Last 9s.)
07:34:08 §6[Sacks] §r§a+27§r§e items§r§e.§r§8 (Last 9s.)
07:35:37 §6[Sacks] §r§a+389§r§e items§r§e.§r§8 (Last 5s.)
07:43:03 §6[Sacks] §r§a+683§r§e items§r§e.§r§8 (Last 30s.)
07:43:34 §6[Sacks] §r§a+197§r§e items§r§e.§r§8 (Last 30s.)
07:44:06 §6[Sacks] §r§a+555§r§e items§r§e.§r§8 (Last 30s.)
07:44:14 §6[Sacks] §r§a+25§r§e items§r§e.§r§8 (Last 7s.)
07:44:49 §6[Sacks] §r§a+618§r§e items§r§e.§r§8 (Last 30s.)
07:45:21 §6[Sacks] §r§a+251§r§e items§r§e.§r§8 (Last 30s.)
07:45:52 §6[Sacks] §r§a+616§r§e items§r§e.§r§8 (Last 30s.)
07:46:23 §6[Sacks] §r§a+264§r§e items§r§e.§r§8 (Last 30s.)
07:46:55 §6[Sacks] §r§a+519§r§e items§r§e.§r§8 (Last 30s.)
07:47:23 §6[Sacks] §r§a+224§r§e items§r§e.§r§8 (Last 26s.)
07:47:33 §6[Sacks] §r§a+5§r§e items§r§e.§r§8 (Last 5s.)
07:48:12 §6[Sacks] §r§a+399§r§e items§r§e.§r§8 (Last 30s.)
07:48:44 §6[Sacks] §r§a+251§r§e items§r§e.§r§8 (Last 30s.)
07:48:57 §6[Sacks] §r§a+56§r§e items§r§e.§r§8 (Last 13s.)
07:49:13 §6[Sacks] §r§a+78§r§e items§r§e.§r§8 (Last 14s.)
07:49:49 §6[Sacks] §r§a+49§r§e items§r§e.§r§8 (Last 12s.)
07:50:19 §6[Sacks] §r§a+473§r§e items§r§e.§r§8 (Last 30s.)
07:50:51 §6[Sacks] §r§a+250§r§e items§r§e.§r§8 (Last 30s.)
07:51:22 §6[Sacks] §r§a+525§r§e items§r§e.§r§8 (Last 30s.)
07:51:38 §6[Sacks] §r§a+100§r§e items§r§e.§r§8 (Last 15s.)
07:54:07 §6[Sacks] §r§a+378§r§e items§r§e.§r§8 (Last 9s.)
07:56:17 §6[Sacks] §r§a+8§r§e items§r§e.§r§8 (Last 5s.)
07:56:55 §6[Sacks] §r§a+332§r§e items§r§e.§r§8 (Last 8s.)
07:57:28 §6[Sacks] §r§a+284§r§e items§r§e.§r§8 (Last 30s.)
07:57:57 §6[Sacks] §r§a+399§r§e items§r§e.§r§8 (Last 22s.)
07:58:05 §6[Sacks] §r§a+6§r§e items§r§e.§r§8 (Last 5s.)
07:58:13 §6[Sacks] §r§a+8§r§e items§r§e.§r§8 (Last 5s.)
07:58:51 §6[Sacks] §r§a+17§r§e items§r§e.§r§8 (Last 7s.)
07:59:44 §6[Sacks] §r§a+314§r§e items§r§e.§r§8 (Last 30s.)
08:00:11 §6[Sacks] §r§a+50§r§e items§r§e.§r§8 (Last 11s.)
08:00:51 §6[Sacks] §r§a+267§r§e items§r§e.§r§8 (Last 5s.)
08:02:01 §6[Sacks] §r§a+362§r§e items§r§e.§r§8 (Last 8s.)
08:02:57 §6[Sacks] §r§a+575§r§e items§r§e.§r§8 (Last 9s.)
08:03:17 §6[Sacks] §r§a+50§r§e items§r§e.§r§8 (Last 9s.)
08:03:29 §6[Sacks] §r§a+53§r§e items§r§e.§r§8 (Last 9s.)
08:07:09 §6[Sacks] §r§a+576§r§e items§r§e.§r§8 (Last 30s.)
08:07:27 §6[Sacks] §r§a+106§r§e items§r§e.§r§8 (Last 17s.)
08:07:48 §6[Sacks] §r§a+439§r§e items§r§e.§r§8 (Last 5s.)
08:08:51 §6[Sacks] §r§a+674§r§e items§r§e.§r§8 (Last 30s.)
08:08:57 §6[Sacks] §r§a+16§r§e items§r§e.§r§8 (Last 5s.)
08:09:21 §6[Sacks] §r§a+428§r§e items§r§e.§r§8 (Last 9s.)
08:11:10 §6[Sacks] §r§a+484§r§e items§r§e.§r§8 (Last 12s.)
08:11:43 §6[Sacks] §r§a+109§r§e items§r§e.§r§8 (Last 14s.)
08:12:16 §6[Sacks] §r§a+665§r§e items§r§e.§r§8 (Last 18s.)
08:12:31 §6[Sacks] §r§a+10§r§e items§r§e.§r§8 (Last 5s.)
08:12:58 §6[Sacks] §r§a+10§r§e items§r§e.§r§8 (Last 5s.)
08:14:56 §6[Sacks] §r§c-4,608§r§e items§r§e.§r§8 (Last 8s.)
08:15:34 §6[Sacks] §r§c-15,552§r§e items§r§e.§r§8 (Last 19s.)
08:15:42 §6[Sacks] §r§a+21§r§e items§r§e.§r§8 (Last 5s.)
08:20:23 §6[Sacks] §r§c-330§r§e items§r§e.§r§8 (Last 5s.)
08:21:32 §6[Sacks] §r§a+783§r§e items§r§e.§r§8 (Last 14s.)
08:22:39 §6[Sacks] §r§a+2,153§r§e items§r§e.§r§8 (Last 30s.)
08:23:10 §6[Sacks] §r§a+1,022§r§e items§r§e.§r§8 (Last 30s.)
08:23:42 §6[Sacks] §r§a+935§r§e items§r§e.§r§8 (Last 30s.)
08:24:12 §6[Sacks] §r§a+809§r§e items§r§e.§r§8 (Last 30s.)
08:24:44 §6[Sacks] §r§a+1,115§r§e items§r§e.§r§8 (Last 30s.)
08:25:13 §6[Sacks] §r§a+681§r§e items§r§e.§r§8 (Last 28s.)
08:25:34 §6[Sacks] §r§a+145§r§e items§r§e.§r§8 (Last 8s.)
08:26:06 §6[Sacks] §r§a+699§r§e items§r§e.§r§8 (Last 30s.)
08:26:28 §6[Sacks] §r§a+573§r§e items§r§e.§r§8 (Last 21s.)
08:26:37 §6[Sacks] §r§a+35§r§e items§r§e.§r§8 (Last 6s.)
08:27:18 §6[Sacks] §r§a+936§r§e items§r§e.§r§8 (Last 30s.)
08:27:28 §6[Sacks] §r§a+57§r§e items§r§e.§r§8 (Last 10s.)
08:27:44 §6[Sacks] §r§a+328§r§e items§r§e.§r§8 (Last 13s.)
08:27:54 §6[Sacks] §r§c-6,560§r§e items§r§e.§r§8 (Last 8s.)
08:28:51 §6[Sacks] §r§a+1,088§r§e items§r§e.§r§8 (Last 30s.)
08:29:22 §6[Sacks] §r§a+729§r§e items§r§e.§r§8 (Last 30s.)
08:29:53 §6[Sacks] §r§a+1,042§r§e items§r§e.§r§8 (Last 30s.)
08:30:09 §6[Sacks] §r§a+297§r§e items§r§e.§r§8 (Last 15s.)
08:30:41 §6[Sacks] §r§a+1,007§r§e items§r§e.§r§8 (Last 30s.)
08:31:12 §6[Sacks] §r§a+1,165§r§e items§r§e.§r§8 (Last 30s.)
08:31:41 §6[Sacks] §r§a+928§r§e items§r§e.§r§8 (Last 28s.)
08:32:10 §6[Sacks] §r§a+849§r§e items§r§e.§r§8 (Last 27s.)
08:32:32 §6[Sacks] §r§a+373§r§e items§r§e.§r§8 (Last 18s.)
08:32:43 §6[Sacks] §r§a+171§r§e items§r§e.§r§8 (Last 9s.)
08:33:14 §6[Sacks] §r§a+676§r§e items§r§e.§r§8 (Last 30s.)
08:33:25 §6[Sacks] §r§c-5,303§r§e items§r§e.§r§8 (Last 8s.)
08:33:35 §6[Sacks] §r§a+155§r§e items§r§e.§r§8 (Last 8s.)
08:34:33 §6[Sacks] §r§a+656§r§e items§r§e.§r§8 (Last 30s.)
08:35:05 §6[Sacks] §r§a+814§r§e items§r§e.§r§8 (Last 30s.)
08:35:36 §6[Sacks] §r§a+850§r§e items§r§e.§r§8 (Last 30s.)
08:36:07 §6[Sacks] §r§a+1,227§r§e items§r§e.§r§8 (Last 30s.)
08:36:13 §6[Sacks] §r§a+30§r§e items§r§e.§r§8 (Last 5s.)
08:36:29 §6[Sacks] §r§a+180§r§e items§r§e.§r§8 (Last 13s.)
08:37:08 §6[Sacks] §r§a+90§r§e items§r§e.§r§8 (Last 8s.)
08:37:42 §6[Sacks] §r§a+815§r§e items§r§e.§r§8 (Last 30s.)
08:37:53 §6[Sacks] §r§a+160§r§e items§r§e.§r§8 (Last 10s.)
08:39:25 §6[Sacks] §r§a+195§r§e items§r§e.§r§8 (Last 10s.)
08:42:25 §6[Sacks] §r§a+269§r§e items§r§e.§r§8 (Last 15s.)
08:42:47 §6[Sacks] §r§a+530§r§e items§r§e, §r§c-2,365§r§e items§r§e.§r§8 (Last 20s.)
08:43:22 §6[Sacks] §r§a+815§r§e items§r§e.§r§8 (Last 30s.)
08:43:43 §6[Sacks] §r§a+417§r§e items§r§e.§r§8 (Last 19s.)
08:44:07 §6[Sacks] §r§a+185§r§e items§r§e.§r§8 (Last 10s.)
08:44:39 §6[Sacks] §r§a+930§r§e items§r§e.§r§8 (Last 30s.)
08:45:11 §6[Sacks] §r§a+996§r§e items§r§e.§r§8 (Last 30s.)
08:45:42 §6[Sacks] §r§a+989§r§e items§r§e.§r§8 (Last 30s.)
08:45:53 §6[Sacks] §r§a+200§r§e items§r§e.§r§8 (Last 10s.)
08:46:29 §6[Sacks] §r§a+775§r§e items§r§e.§r§8 (Last 27s.)
08:47:22 §6[Sacks] §r§a+888§r§e items§r§e.§r§8 (Last 30s.)
08:47:53 §6[Sacks] §r§a+448§r§e items§r§e, §r§c-4,993§r§e items§r§e.§r§8 (Last 30s.)
08:48:25 §6[Sacks] §r§a+851§r§e items§r§e.§r§8 (Last 30s.)
08:48:56 §6[Sacks] §r§a+1,121§r§e items§r§e.§r§8 (Last 30s.)
08:49:27 §6[Sacks] §r§a+1,104§r§e items§r§e.§r§8 (Last 30s.)
08:49:59 §6[Sacks] §r§a+1,035§r§e items§r§e.§r§8 (Last 30s.)
08:50:31 §6[Sacks] §r§a+1,131§r§e items§r§e.§r§8 (Last 30s.)
08:51:01 §6[Sacks] §r§a+1,055§r§e items§r§e.§r§8 (Last 30s.)
08:51:21 §6[Sacks] §r§a+285§r§e items§r§e, §r§c-5,030§r§e items§r§e.§r§8 (Last 18s.)
08:52:09 §6[Sacks] §r§a+337§r§e items§r§e.§r§8 (Last 18s.)
08:52:18 §6[Sacks] §r§a+86§r§e items§r§e.§r§8 (Last 7s.)
08:52:56 §6[Sacks] §r§a+778§r§e items§r§e.§r§8 (Last 30s.)
08:53:08 §6[Sacks] §r§a+205§r§e items§r§e.§r§8 (Last 11s.)
08:53:40 §6[Sacks] §r§a+862§r§e items§r§e.§r§8 (Last 30s.)
08:54:00 §6[Sacks] §r§a+275§r§e items§r§e.§r§8 (Last 16s.)
08:54:16 §6[Sacks] §r§a+205§r§e items§r§e.§r§8 (Last 13s.)
08:54:43 §6[Sacks] §r§a+385§r§e items§r§e.§r§8 (Last 14s.)
08:55:15 §6[Sacks] §r§a+1,419§r§e items§r§e.§r§8 (Last 30s.)
08:55:34 §6[Sacks] §r§a+446§r§e items§r§e.§r§8 (Last 18s.)
08:56:11 §6[Sacks] §r§a+778§r§e items§r§e, §r§c-2,660§r§e items§r§e.§r§8 (Last 30s.)
08:56:42 §6[Sacks] §r§a+940§r§e items§r§e.§r§8 (Last 30s.)
08:59:21 §6[Sacks] §r§a+563§r§e items§r§e.§r§8 (Last 21s.)
09:01:45 §6[Sacks] §r§a+11§r§e items§r§e.§r§8 (Last 11s.)
09:07:36 §6[Sacks] §r§a+696§r§e items§r§e.§r§8 (Last 8s.)
09:07:55 §6[Sacks] §r§a+101§r§e items§r§e.§r§8 (Last 7s.)
09:10:07 §6[Sacks] §r§a+1,280§r§e items§r§e.§r§8 (Last 24s.)
09:13:38 §6[Sacks] §r§c-1,408§r§e items§r§e.§r§8 (Last 5s.)
09:13:57 §6[Sacks] §r§a+96§r§e items§r§e, §r§c-5,807§r§e items§r§e.§r§8 (Last 13s.)
09:14:05 §6[Sacks] §r§a+123§r§e items§r§e.§r§8 (Last 5s.)
09:14:54 §6[Sacks] §r§a+2§r§e items§r§e.§r§8 (Last 6s.)
09:22:31 §6[Sacks] §r§a+3§r§e items§r§e.§r§8 (Last 11s.)
09:23:00 §6[Sacks] §r§a+1§r§e item§r§e.§r§8 (Last 5s.)
09:23:14 §6[Sacks] §r§a+12§r§e items§r§e.§r§8 (Last 8s.)
09:23:29 §6[Sacks] §r§a+4§r§e items§r§e.§r§8 (Last 9s.)
09:23:37 §6[Sacks] §r§a+1§r§e item§r§e.§r§8 (Last 5s.)
09:23:53 §6[Sacks] §r§a+2§r§e items§r§e.§r§8 (Last 9s.)
09:24:03 §6[Sacks] §r§a+1§r§e item§r§e.§r§8 (Last 5s.)
09:24:29 §6[Sacks] §r§a+4§r§e items§r§e.§r§8 (Last 10s.)
09:25:35 §6[Sacks] §r§a+2§r§e items§r§e.§r§8 (Last 5s.)
09:26:21 §6[Sacks] §r§a+2§r§e items§r§e.§r§8 (Last 5s.)
09:32:47 §6[Sacks] §r§a+1,615§r§e items§r§e.§r§8 (Last 30s.)
09:33:04 §6[Sacks] §r§a+182§r§e items§r§e.§r§8 (Last 9s.)
09:33:34 §6[Sacks] §r§a+207§r§e items§r§e.§r§8 (Last 20s.)
09:33:54 §6[Sacks] §r§a+543§r§e items§r§e.§r§8 (Last 18s.)
09:34:17 §6[Sacks] §r§a+122§r§e items§r§e.§r§8 (Last 13s.)
09:34:28 §6[Sacks] §r§a+70§r§e items§r§e.§r§8 (Last 5s.)
09:34:51 §6[Sacks] §r§a+56§r§e items§r§e.§r§8 (Last 5s.)
09:36:33 §6[Sacks] §r§a+929§r§e items§r§e.§r§8 (Last 22s.)
09:36:47 §6[Sacks] §r§a+114§r§e items§r§e.§r§8 (Last 8s.)
09:37:19 §6[Sacks] §r§a+188§r§e items§r§e.§r§8 (Last 30s.)
09:37:43 §6[Sacks] §r§a+644§r§e items§r§e.§r§8 (Last 20s.)
09:38:45 §6[Sacks] §r§a+478§r§e items§r§e.§r§8 (Last 30s.)
09:39:00 §6[Sacks] §r§a+53§r§e items§r§e.§r§8 (Last 12s.)
09:39:39 §6[Sacks] §r§a+1,056§r§e items§r§e.§r§8 (Last 7s.)
09:41:57 §6[Sacks] §r§a+163§r§e items§r§e.§r§8 (Last 11s.)
09:42:11 §6[Sacks] §r§a+62§r§e items§r§e.§r§8 (Last 8s.)
09:43:52 §6[Sacks] §r§a+187§r§e items§r§e.§r§8 (Last 20s.)
09:44:53 §6[Sacks] §r§a+43§r§e items§r§e.§r§8 (Last 5s.)
09:45:04 §6[Sacks] §r§a+511§r§e items§r§e.§r§8 (Last 10s.)
09:45:18 §6[Sacks] §r§a+15§r§e items§r§e.§r§8 (Last 5s.)
09:47:27 §6[Sacks] §r§a+644§r§e items§r§e.§r§8 (Last 5s.)
09:47:35 §6[Sacks] §r§a+64§r§e items§r§e.§r§8 (Last 5s.)
09:47:52 §6[Sacks] §r§a+7§r§e items§r§e.§r§8 (Last 5s.)
09:47:58 §6[Sacks] §r§a+50§r§e items§r§e.§r§8 (Last 5s.)
09:48:04 §6[Sacks] §r§c-1,344§r§e items§r§e.§r§8 (Last 5s.)
09:48:15 §6[Sacks] §r§a+8§r§e items§r§e.§r§8 (Last 5s.)
09:48:34 §6[Sacks] §r§a+608§r§e items§r§e.§r§8 (Last 9s.)
09:49:14 §6[Sacks] §r§a+1,610§r§e items§r§e, §r§c-19,248§r§e items§r§e.§r§8 (Last 19s.)
09:52:22 §6[Sacks] §r§a+513§r§e items§r§e.§r§8 (Last 26s.)
09:52:58 §6[Sacks] §r§a+1§r§e item§r§e, §r§c-783§r§e items§r§e.§r§8 (Last 6s.)
09:53:13 §6[Sacks] §r§a+1§r§e item§r§e.§r§8 (Last 5s.)
09:53:32 §6[Sacks] §r§a+40§r§e items§r§e.§r§8 (Last 5s.)
09:53:43 §6[Sacks] §r§a+1§r§e item§r§e.§r§8 (Last 5s.)
09:54:17 §6[Sacks] §r§a+2§r§e items§r§e.§r§8 (Last 5s.)
09:54:28 §6[Sacks] §r§a+1§r§e item§r§e.§r§8 (Last 5s.)
09:55:01 §6[Sacks] §r§a+2§r§e items§r§e.§r§8 (Last 5s.)
09:55:10 §6[Sacks] §r§a+2§r§e items§r§e.§r§8 (Last 5s.)
09:56:09 §6[Sacks] §r§a+1§r§e item§r§e.§r§8 (Last 5s.)
09:56:55 §6[Sacks] §r§a+1§r§e item§r§e.§r§8 (Last 5s.)
09:57:48 §6[Sacks] §r§a+2§r§e items§r§e.§r§8 (Last 5s.)
09:58:15 §6[Sacks] §r§a+4§r§e items§r§e.§r§8 (Last 10s.)
09:58:35 §6[Sacks] §r§a+2§r§e items§r§e.§r§8 (Last 5s.)
09:59:04 §6[Sacks] §r§a+49§r§e items§r§e.§r§8 (Last 19s.)
09:59:16 §6[Sacks] §r§a+2§r§e items§r§e.§r§8 (Last 5s.)
09:59:55 §6[Sacks] §r§a+2§r§e items§r§e.§r§8 (Last 5s.)
10:00:06 §6[Sacks] §r§a+4§r§e items§r§e.§r§8 (Last 5s.)
10:00:41 §6[Sacks] §r§a+1§r§e item§r§e.§r§8 (Last 5s.)
10:00:57 §6[Sacks] §r§a+2§r§e items§r§e.§r§8 (Last 5s.)
10:01:10 §6[Sacks] §r§a+4§r§e items§r§e.§r§8 (Last 10s.)
10:01:18 §6[Sacks] §r§a+2§r§e items§r§e.§r§8 (Last 5s.)
10:01:25 §6[Sacks] §r§a+1§r§e item§r§e.§r§8 (Last 5s.)
10:01:36 §6[Sacks] §r§a+4§r§e items§r§e.§r§8 (Last 5s.)
10:01:58 §6[Sacks] §r§a+43§r§e items§r§e.§r§8 (Last 9s.)
10:02:27 §6[Sacks] §r§a+40§r§e items§r§e.§r§8 (Last 5s.)
10:02:57 §6[Sacks] §r§a+3§r§e items§r§e.§r§8 (Last 9s.)
10:03:06 §6[Sacks] §r§a+1§r§e item§r§e.§r§8 (Last 5s.)
10:03:31 §6[Sacks] §r§a+1§r§e item§r§e.§r§8 (Last 5s.)
10:03:41 §6[Sacks] §r§a+1§r§e item§r§e.§r§8 (Last 5s.)
10:03:50 §6[Sacks] §r§a+1§r§e item§r§e.§r§8 (Last 5s.)
10:04:04 §6[Sacks] §r§a+1§r§e item§r§e.§r§8 (Last 5s.)
10:04:12 §6[Sacks] §r§a+1§r§e item§r§e.§r§8 (Last 5s.)
10:07:27 §6[Sacks] §r§a+159§r§e items§r§e.§r§8 (Last 5s.)
10:10:27 §6[Sacks] §r§a+4§r§e items§r§e.§r§8 (Last 5s.)
10:14:42 §6[Sacks] §r§a+1§r§e item§r§e.§r§8 (Last 5s.)
10:15:49 §6[Sacks] §r§a+41§r§e items§r§e.§r§8 (Last 7s.)
10:16:02 §6[Sacks] §r§a+91§r§e items§r§e.§r§8 (Last 12s.)
10:16:18 §6[Sacks] §r§a+168§r§e items§r§e.§r§8 (Last 15s.)
10:16:29 §6[Sacks] §r§a+51§r§e items§r§e.§r§8 (Last 6s.)
10:16:45 §6[Sacks] §r§a+87§r§e items§r§e.§r§8 (Last 10s.)
10:17:24 §6[Sacks] §r§a+201§r§e items§r§e.§r§8 (Last 23s.)
10:17:32 §6[Sacks] §r§a+33§r§e items§r§e.§r§8 (Last 6s.)
10:17:59 §6[Sacks] §r§a+224§r§e items§r§e.§r§8 (Last 22s.)
10:18:15 §6[Sacks] §r§a+146§r§e items§r§e.§r§8 (Last 15s.)
10:18:22 §6[Sacks] §r§a+15§r§e items§r§e.§r§8 (Last 5s.)
10:19:06 §6[Sacks] §r§a+153§r§e items§r§e.§r§8 (Last 13s.)
10:19:22 §6[Sacks] §r§a+158§r§e items§r§e.§r§8 (Last 15s.)
10:19:47 §6[Sacks] §r§a+181§r§e items§r§e.§r§8 (Last 12s.)
10:20:00 §6[Sacks] §r§a+46§r§e items§r§e.§r§8 (Last 6s.)
10:20:09 §6[Sacks] §r§a+56§r§e items§r§e.§r§8 (Last 8s.)
10:20:25 §6[Sacks] §r§a+64§r§e items§r§e.§r§8 (Last 14s.)
10:20:42 §6[Sacks] §r§a+76§r§e items§r§e.§r§8 (Last 9s.)
10:20:51 §6[Sacks] §r§a+18§r§e items§r§e.§r§8 (Last 5s.)
10:21:09 §6[Sacks] §r§a+122§r§e items§r§e.§r§8 (Last 17s.)
10:21:20 §6[Sacks] §r§a+61§r§e items§r§e.§r§8 (Last 10s.)
10:21:38 §6[Sacks] §r§a+81§r§e items§r§e.§r§8 (Last 12s.)
10:22:18 §6[Sacks] §r§a+303§r§e items§r§e.§r§8 (Last 30s.)
10:22:45 §6[Sacks] §r§a+257§r§e items§r§e.§r§8 (Last 23s.)
10:23:14 §6[Sacks] §r§a+148§r§e items§r§e.§r§8 (Last 15s.)
10:23:22 §6[Sacks] §r§a+28§r§e items§r§e.§r§8 (Last 5s.)
10:23:29 §6[Sacks] §r§a+36§r§e items§r§e.§r§8 (Last 6s.)
