04:24:49 §eOne or more items didn't fit in your inventory and were added to your material stash! §6Click here §eto pick them up!
04:24:49 §eOne or more items didn't fit in your inventory and were added to your item stash! §6Click here §eto pick them up!
04:24:49 §eOne or more items didn't fit in your inventory and were added to your material stash! §6Click here §eto pick them up!
04:24:49 §eOne or more items didn't fit in your inventory and were added to your item stash! §6Click here §eto pick them up!
04:24:50 §eOne or more items didn't fit in your inventory and were added to your material stash! §6Click here §eto pick them up!
04:24:50 §eOne or more items didn't fit in your inventory and were added to your item stash! §6Click here §eto pick them up!
04:24:51 §eOne or more items didn't fit in your inventory and were added to your material stash! §6Click here §eto pick them up!
04:24:51 §eOne or more items didn't fit in your inventory and were added to your item stash! §6Click here §eto pick them up!
04:24:51 §eOne or more items didn't fit in your inventory and were added to your material stash! §6Click here §eto pick them up!
04:24:51 §eOne or more items didn't fit in your inventory and were added to your item stash! §6Click here §eto pick them up!
04:24:51 §eOne or more items didn't fit in your inventory and were added to your material stash! §6Click here §eto pick them up!
04:24:51 §eOne or more items didn't fit in your inventory and were added to your item stash! §6Click here §eto pick them up!
04:24:51 §eOne or more items didn't fit in your inventory and were added to your material stash! §6Click here §eto pick them up!
04:24:51 §eOne or more items didn't fit in your inventory and were added to your item stash! §6Click here §eto pick them up!
04:24:52 §eOne or more items didn't fit in your inventory and were added to your material stash! §6Click here §eto pick them up!
04:24:52 §eOne or more items didn't fit in your inventory and were added to your item stash! §6Click here §eto pick them up!
04:24:52 §eOne or more items didn't fit in your inventory and were added to your material stash! §6Click here §eto pick them up!
04:24:52 §eOne or more items didn't fit in your inventory and were added to your item stash! §6Click here §eto pick them up!
04:24:53 §eOne or more items didn't fit in your inventory and were added to your material stash! §6Click here §eto pick them up!
04:24:53 §eOne or more items didn't fit in your inventory and were added to your item stash! §6Click here §eto pick them up!
04:25:04 §eOne or more items didn't fit in your inventory and were added to your material stash! §6Click here §eto pick them up!
04:25:04 §eOne or more items didn't fit in your inventory and were added to your item stash! §6Click here §eto pick them up!
04:25:04 §eOne or more items didn't fit in your inventory and were added to your material stash! §6Click here §eto pick them up!
04:25:04 §eOne or more items didn't fit in your inventory and were added to your item stash! §6Click here §eto pick them up!
04:25:05 §eOne or more items didn't fit in your inventory and were added to your material stash! §6Click here §eto pick them up!
04:25:05 §eOne or more items didn't fit in your inventory and were added to your item stash! §6Click here §eto pick them up!
04:25:05 §eOne or more items didn't fit in your inventory and were added to your material stash! §6Click here §eto pick them up!
04:25:05 §eOne or more items didn't fit in your inventory and were added to your item stash! §6Click here §eto pick them up!
04:25:05 §eOne or more items didn't fit in your inventory and were added to your material stash! §6Click here §eto pick them up!
04:25:05 §eOne or more items didn't fit in your inventory and were added to your item stash! §6Click here §eto pick them up!
04:25:05 §eOne or more items didn't fit in your inventory and were added to your material stash! §6Click here §eto pick them up!
04:25:05 §eOne or more items didn't fit in your inventory and were added to your item stash! §6Click here §eto pick them up!
04:25:05 §eOne or more items didn't fit in your inventory and were added to your material stash! §6Click here §eto pick them up!
04:25:05 §eOne or more items didn't fit in your inventory and were added to your item stash! §6Click here §eto pick them up!
04:25:06 §eOne or more items didn't fit in your inventory and were added to your material stash! §6Click here §eto pick them up!
04:25:06 §eOne or more items didn't fit in your inventory and were added to your item stash! §6Click here §eto pick them up!
04:25:06 §eOne or more items didn't fit in your inventory and were added to your material stash! §6Click here §eto pick them up!
04:25:06 §eOne or more items didn't fit in your inventory and were added to your item stash! §6Click here §eto pick them up!
04:25:06 §eOne or more items didn't fit in your inventory and were added to your material stash! §6Click here §eto pick them up!
04:25:06 §eOne or more items didn't fit in your inventory and were added to your item stash! §6Click here §eto pick them up!
04:25:06 §eOne or more items didn't fit in your inventory and were added to your material stash! §6Click here §eto pick them up!
04:25:06 §eOne or more items didn't fit in your inventory and were added to your item stash! §6Click here §eto pick them up!
04:25:06 §eOne or more items didn't fit in your inventory and were added to your material stash! §6Click here §eto pick them up!
04:25:06 §eOne or more items didn't fit in your inventory and were added to your item stash! §6Click here §eto pick them up!
04:25:07 §eOne or more items didn't fit in your inventory and were added to your material stash! §6Click here §eto pick them up!
04:25:07 §eOne or more items didn't fit in your inventory and were added to your item stash! §6Click here §eto pick them up!
04:25:07 §eOne or more items didn't fit in your inventory and were added to your material stash! §6Click here §eto pick them up!
04:25:07 §eOne or more items didn't fit in your inventory and were added to your item stash! §6Click here §eto pick them up!
04:25:07 §eOne or more items didn't fit in your inventory and were added to your material stash! §6Click here §eto pick them up!
04:25:07 §eOne or more items didn't fit in your inventory and were added to your item stash! §6Click here §eto pick them up!
04:25:12 §eOne or more items didn't fit in your inventory and were added to your material stash! §6Click here §eto pick them up!
04:25:12 §eOne or more items didn't fit in your inventory and were added to your item stash! §6Click here §eto pick them up!
04:25:12 §eOne or more items didn't fit in your inventory and were added to your material stash! §6Click here §eto pick them up!
04:25:12 §eOne or more items didn't fit in your inventory and were added to your item stash! §6Click here §eto pick them up!
04:25:13 §eOne or more items didn't fit in your inventory and were added to your material stash! §6Click here §eto pick them up!
04:25:13 §eOne or more items didn't fit in your inventory and were added to your item stash! §6Click here §eto pick them up!
04:25:13 §eOne or more items didn't fit in your inventory and were added to your material stash! §6Click here §eto pick them up!
04:25:13 §eOne or more items didn't fit in your inventory and were added to your item stash! §6Click here §eto pick them up!
04:25:13 §eOne or more items didn't fit in your inventory and were added to your material stash! §6Click here §eto pick them up!
04:25:13 §eOne or more items didn't fit in your inventory and were added to your item stash! §6Click here §eto pick them up!
04:25:13 §eOne or more items didn't fit in your inventory and were added to your material stash! §6Click here §eto pick them up!
04:25:13 §eOne or more items didn't fit in your inventory and were added to your item stash! §6Click here §eto pick them up!
04:25:14 §eOne or more items didn't fit in your inventory and were added to your material stash! §6Click here §eto pick them up!
04:25:14 §eOne or more items didn't fit in your inventory and were added to your item stash! §6Click here §eto pick them up!
04:25:14 §eOne or more items didn't fit in your inventory and were added to your material stash! §6Click here §eto pick them up!
04:25:14 §eOne or more items didn't fit in your inventory and were added to your item stash! §6Click here §eto pick them up!
04:25:14 §eOne or more items didn't fit in your inventory and were added to your material stash! §6Click here §eto pick them up!
04:25:14 §eOne or more items didn't fit in your inventory and were added to your item stash! §6Click here §eto pick them up!
04:25:15 §eOne or more items didn't fit in your inventory and were added to your material stash! §6Click here §eto pick them up!
04:25:15 §eOne or more items didn't fit in your inventory and were added to your item stash! §6Click here §eto pick them up!
04:25:15 §eOne or more items didn't fit in your inventory and were added to your material stash! §6Click here §eto pick them up!
04:25:15 §eOne or more items didn't fit in your inventory and were added to your item stash! §6Click here §eto pick them up!
04:25:15 §eOne or more items didn't fit in your inventory and were added to your material stash! §6Click here §eto pick them up!
04:25:15 §eOne or more items didn't fit in your inventory and were added to your item stash! §6Click here §eto pick them up!
04:25:15 §eOne or more items didn't fit in your inventory and were added to your material stash! §6Click here §eto pick them up!
04:25:15 §eOne or more items didn't fit in your inventory and were added to your item stash! §6Click here §eto pick them up!
04:25:15 §eOne or more items didn't fit in your inventory and were added to your material stash! §6Click here §eto pick them up!
04:25:15 §eOne or more items didn't fit in your inventory and were added to your item stash! §6Click here §eto pick them up!
04:25:15 §eOne or more items didn't fit in your inventory and were added to your material stash! §6Click here §eto pick them up!
04:25:15 §eOne or more items didn't fit in your inventory and were added to your item stash! §6Click here §eto pick them up!
04:25:22 §eOne or more items didn't fit in your inventory and were added to your material stash! §6Click here §eto pick them up!
04:25:22 §eOne or more items didn't fit in your inventory and were added to your item stash! §6Click here §eto pick them up!
04:25:22 §eOne or more items didn't fit in your inventory and were added to your material stash! §6Click here §eto pick them up!
04:25:22 §eOne or more items didn't fit in your inventory and were added to your item stash! §6Click here §eto pick them up!
04:25:22 §eOne or more items didn't fit in your inventory and were added to your material stash! §6Click here §eto pick them up!
04:25:22 §eOne or more items didn't fit in your inventory and were added to your item stash! §6Click here §eto pick them up!
04:25:22 §eOne or more items didn't fit in your inventory and were added to your material stash! §6Click here §eto pick them up!
04:25:22 §eOne or more items didn't fit in your inventory and were added to your item stash! §6Click here §eto pick them up!
04:25:22 §eOne or more items didn't fit in your inventory and were added to your material stash! §6Click here §eto pick them up!
04:25:22 §eOne or more items didn't fit in your inventory and were added to your item stash! §6Click here §eto pick them up!
04:25:22 §eOne or more items didn't fit in your inventory and were added to your material stash! §6Click here §eto pick them up!
04:25:22 §eOne or more items didn't fit in your inventory and were added to your item stash! §6Click here §eto pick them up!
04:25:23 §eOne or more items didn't fit in your inventory and were added to your material stash! §6Click here §eto pick them up!
04:25:23 §eOne or more items didn't fit in your inventory and were added to your item stash! §6Click here §eto pick them up!
04:25:23 §eOne or more items didn't fit in your inventory and were added to your material stash! §6Click here §eto pick them up!
04:25:23 §eOne or more items didn't fit in your inventory and were added to your item stash! §6Click here §eto pick them up!
04:25:24 §eOne or more items didn't fit in your inventory and were added to your material stash! §6Click here §eto pick them up!
04:25:24 §eOne or more items didn't fit in your inventory and were added to your item stash! §6Click here §eto pick them up!
04:25:24 §eOne or more items didn't fit in your inventory and were added to your material stash! §6Click here §eto pick them up!
04:25:24 §eOne or more items didn't fit in your inventory and were added to your item stash! §6Click here §eto pick them up!
04:25:25 §eOne or more items didn't fit in your inventory and were added to your material stash! §6Click here §eto pick them up!
04:25:25 §eOne or more items didn't fit in your inventory and were added to your item stash! §6Click here §eto pick them up!
04:25:25 §eOne or more items didn't fit in your inventory and were added to your material stash! §6Click here §eto pick them up!
04:25:25 §eOne or more items didn't fit in your inventory and were added to your item stash! §6Click here §eto pick them up!
04:25:25 §eOne or more items didn't fit in your inventory and were added to your material stash! §6Click here §eto pick them up!
04:25:25 §eOne or more items didn't fit in your inventory and were added to your item stash! §6Click here §eto pick them up!
04:25:25 §eOne or more items didn't fit in your inventory and were added to your material stash! §6Click here §eto pick them up!
04:25:25 §eOne or more items didn't fit in your inventory and were added to your item stash! §6Click here §eto pick them up!
04:25:36 §f                §7You have §32,087 §7materials stashed away!
04:25:36 §f               §8(This totals 1 type of material stashed!)
04:25:36 §f                §3§l>>> §3§lCLICK HERE§b to pick them up! §3§l<<<
04:26:30 §eOne or more items didn't fit in your inventory and were added to your material stash! §6Click here §eto pick them up!
04:26:30 §eOne or more items didn't fit in your inventory and were added to your item stash! §6Click here §eto pick them up!
04:26:30 §eOne or more items didn't fit in your inventory and were added to your material stash! §6Click here §eto pick them up!
04:26:30 §eOne or more items didn't fit in your inventory and were added to your item stash! §6Click here §eto pick them up!
04:26:30 §eOne or more items didn't fit in your inventory and were added to your material stash! §6Click here §eto pick them up!
04:26:30 §eOne or more items didn't fit in your inventory and were added to your item stash! §6Click here §eto pick them up!
04:26:30 §eOne or more items didn't fit in your inventory and were added to your material stash! §6Click here §eto pick them up!
04:26:30 §eOne or more items didn't fit in your inventory and were added to your item stash! §6Click here §eto pick them up!
04:26:30 §eOne or more items didn't fit in your inventory and were added to your material stash! §6Click here §eto pick them up!
04:26:30 §eOne or more items didn't fit in your inventory and were added to your item stash! §6Click here §eto pick them up!
04:26:31 §eOne or more items didn't fit in your inventory and were added to your material stash! §6Click here §eto pick them up!
04:26:31 §eOne or more items didn't fit in your inventory and were added to your item stash! §6Click here §eto pick them up!
04:26:31 §eOne or more items didn't fit in your inventory and were added to your material stash! §6Click here §eto pick them up!
04:26:31 §eOne or more items didn't fit in your inventory and were added to your item stash! §6Click here §eto pick them up!
04:26:31 §eOne or more items didn't fit in your inventory and were added to your material stash! §6Click here §eto pick them up!
04:26:31 §eOne or more items didn't fit in your inventory and were added to your item stash! §6Click here §eto pick them up!
04:26:31 §eOne or more items didn't fit in your inventory and were added to your material stash! §6Click here §eto pick them up!
04:26:31 §eOne or more items didn't fit in your inventory and were added to your item stash! §6Click here §eto pick them up!
04:26:32 §eOne or more items didn't fit in your inventory and were added to your material stash! §6Click here §eto pick them up!
04:26:32 §eOne or more items didn't fit in your inventory and were added to your item stash! §6Click here §eto pick them up!
04:26:32 §eOne or more items didn't fit in your inventory and were added to your material stash! §6Click here §eto pick them up!
04:26:32 §eOne or more items didn't fit in your inventory and were added to your item stash! §6Click here §eto pick them up!
04:26:32 §eOne or more items didn't fit in your inventory and were added to your material stash! §6Click here §eto pick them up!
04:26:32 §eOne or more items didn't fit in your inventory and were added to your item stash! §6Click here §eto pick them up!
04:26:32 §eOne or more items didn't fit in your inventory and were added to your material stash! §6Click here §eto pick them up!
04:26:32 §eOne or more items didn't fit in your inventory and were added to your item stash! §6Click here §eto pick them up!
04:26:32 §eOne or more items didn't fit in your inventory and were added to your material stash! §6Click here §eto pick them up!
04:26:32 §eOne or more items didn't fit in your inventory and were added to your item stash! §6Click here §eto pick them up!
04:26:36 §f                §7You have §32,646 §7materials stashed away!
04:26:36 §f               §8(This totals 1 type of material stashed!)
04:26:36 §f                §3§l>>> §3§lCLICK HERE§b to pick them up! §3§l<<<
04:27:37 §f                §7You have §32,646 §7materials stashed away!
04:27:37 §f               §8(This totals 1 type of material stashed!)
04:27:37 §f                §3§l>>> §3§lCLICK HERE§b to pick them up! §3§l<<<
04:28:38 §f                §7You have §32,646 §7materials stashed away!
04:28:38 §f               §8(This totals 1 type of material stashed!)
04:28:38 §f                §3§l>>> §3§lCLICK HERE§b to pick them up! §3§l<<<
04:29:39 §f                §7You have §32,646 §7materials stashed away!
04:29:39 §f               §8(This totals 1 type of material stashed!)
04:29:39 §f                §3§l>>> §3§lCLICK HERE§b to pick them up! §3§l<<<
04:30:39 §f                §7You have §32,646 §7materials stashed away!
04:30:39 §f               §8(This totals 1 type of material stashed!)
04:30:39 §f                §3§l>>> §3§lCLICK HERE§b to pick them up! §3§l<<<
04:31:41 §f                §7You have §32,646 §7materials stashed away!
04:31:41 §f               §8(This totals 1 type of material stashed!)
04:31:41 §f                §3§l>>> §3§lCLICK HERE§b to pick them up! §3§l<<<
04:32:42 §f                §7You have §32,646 §7materials stashed away!
04:32:42 §f               §8(This totals 1 type of material stashed!)
04:32:42 §f                §3§l>>> §3§lCLICK HERE§b to pick them up! §3§l<<<
04:33:44 §f                §7You have §32,646 §7materials stashed away!
04:33:44 §f               §8(This totals 1 type of material stashed!)
04:33:44 §f                §3§l>>> §3§lCLICK HERE§b to pick them up! §3§l<<<
04:34:45 §f                §7You have §32,646 §7materials stashed away!
04:34:45 §f               §8(This totals 1 type of material stashed!)
04:34:45 §f                §3§l>>> §3§lCLICK HERE§b to pick them up! §3§l<<<
04:35:47 §f                §7You have §32,646 §7materials stashed away!
04:35:47 §f               §8(This totals 1 type of material stashed!)
04:35:47 §f                §3§l>>> §3§lCLICK HERE§b to pick them up! §3§l<<<
04:36:47 §f                §7You have §32,646 §7materials stashed away!
04:36:47 §f               §8(This totals 1 type of material stashed!)
04:36:47 §f                §3§l>>> §3§lCLICK HERE§b to pick them up! §3§l<<<
04:37:48 §f                §7You have §32,646 §7materials stashed away!
04:37:48 §f               §8(This totals 1 type of material stashed!)
04:37:48 §f                §3§l>>> §3§lCLICK HERE§b to pick them up! §3§l<<<
04:38:49 §f                §7You have §32,646 §7materials stashed away!
04:38:49 §f               §8(This totals 1 type of material stashed!)
04:38:49 §f                §3§l>>> §3§lCLICK HERE§b to pick them up! §3§l<<<
04:52:10 §eOne or more items didn't fit in your inventory and were added to your material stash! §6Click here §eto pick them up!
04:52:10 §eOne or more items didn't fit in your inventory and were added to your item stash! §6Click here §eto pick them up!
04:52:10 §eOne or more items didn't fit in your inventory and were added to your material stash! §6Click here §eto pick them up!
04:52:10 §eOne or more items didn't fit in your inventory and were added to your item stash! §6Click here §eto pick them up!
04:52:57 §f                 §7You have §368 §7materials stashed away!
04:52:57 §f               §8(This totals 1 type of material stashed!)
04:52:57 §f                §3§l>>> §3§lCLICK HERE§b to pick them up! §3§l<<<
04:53:57 §f                 §7You have §368 §7materials stashed away!
04:53:57 §f               §8(This totals 1 type of material stashed!)
04:53:57 §f                §3§l>>> §3§lCLICK HERE§b to pick them up! §3§l<<<
04:54:57 §f                 §7You have §368 §7materials stashed away!
04:54:57 §f               §8(This totals 1 type of material stashed!)
04:54:57 §f                §3§l>>> §3§lCLICK HERE§b to pick them up! §3§l<<<
04:55:57 §f                 §7You have §368 §7materials stashed away!
04:55:57 §f               §8(This totals 1 type of material stashed!)
04:55:57 §f                §3§l>>> §3§lCLICK HERE§b to pick them up! §3§l<<<
04:56:58 §f                 §7You have §368 §7materials stashed away!
04:56:58 §f               §8(This totals 1 type of material stashed!)
04:56:58 §f                §3§l>>> §3§lCLICK HERE§b to pick them up! §3§l<<<
09:48:10 §eOne or more items didn't fit in your inventory and were added to your material stash! §6Click here §eto pick them up!
09:48:10 §eOne or more items didn't fit in your inventory and were added to your item stash! §6Click here §eto pick them up!
09:48:45 §f                  §7You have §33 §7materials stashed away!
09:48:45 §f               §8(This totals 1 type of material stashed!)
09:48:45 §f                §3§l>>> §3§lCLICK HERE§b to pick them up! §3§l<<<
09:49:46 §f                  §7You have §33 §7materials stashed away!
09:49:46 §f               §8(This totals 1 type of material stashed!)
09:49:46 §f                §3§l>>> §3§lCLICK HERE§b to pick them up! §3§l<<<
09:50:46 §f                  §7You have §33 §7materials stashed away!
09:50:46 §f               §8(This totals 1 type of material stashed!)
09:50:46 §f                §3§l>>> §3§lCLICK HERE§b to pick them up! §3§l<<<
09:51:47 §f                  §7You have §33 §7materials stashed away!
09:51:47 §f               §8(This totals 1 type of material stashed!)
09:51:47 §f                §3§l>>> §3§lCLICK HERE§b to pick them up! §3§l<<<
09:52:47 §f                  §7You have §33 §7materials stashed away!
09:52:47 §f               §8(This totals 1 type of material stashed!)
09:52:47 §f                §3§l>>> §3§lCLICK HERE§b to pick them up! §3§l<<<
09:53:47 §f                  §7You have §33 §7materials stashed away!
09:53:47 §f               §8(This totals 1 type of material stashed!)
09:53:47 §f                §3§l>>> §3§lCLICK HERE§b to pick them up! §3§l<<<
09:54:48 §f                  §7You have §33 §7materials stashed away!
09:54:48 §f               §8(This totals 1 type of material stashed!)
09:54:48 §f                §3§l>>> §3§lCLICK HERE§b to pick them up! §3§l<<<
09:55:48 §f                  §7You have §33 §7materials stashed away!
09:55:48 §f               §8(This totals 1 type of material stashed!)
09:55:48 §f                §3§l>>> §3§lCLICK HERE§b to pick them up! §3§l<<<
09:56:48 §f                  §7You have §33 §7materials stashed away!
09:56:48 §f               §8(This totals 1 type of material stashed!)
09:56:48 §f                §3§l>>> §3§lCLICK HERE§b to pick them up! §3§l<<<
09:57:48 §f                  §7You have §33 §7materials stashed away!
09:57:48 §f               §8(This totals 1 type of material stashed!)
09:57:48 §f                §3§l>>> §3§lCLICK HERE§b to pick them up! §3§l<<<
09:58:48 §f                  §7You have §33 §7materials stashed away!
09:58:48 §f               §8(This totals 1 type of material stashed!)
09:58:48 §f                §3§l>>> §3§lCLICK HERE§b to pick them up! §3§l<<<
09:59:48 §f                  §7You have §33 §7materials stashed away!
09:59:48 §f               §8(This totals 1 type of material stashed!)
09:59:48 §f                §3§l>>> §3§lCLICK HERE§b to pick them up! §3§l<<<
10:00:49 §f                  §7You have §33 §7materials stashed away!
10:00:49 §f               §8(This totals 1 type of material stashed!)
10:00:49 §f                §3§l>>> §3§lCLICK HERE§b to pick them up! §3§l<<<
10:01:49 §f                  §7You have §33 §7materials stashed away!
10:01:49 §f               §8(This totals 1 type of material stashed!)
10:01:49 §f                §3§l>>> §3§lCLICK HERE§b to pick them up! §3§l<<<
10:02:49 §f                  §7You have §33 §7materials stashed away!
10:02:49 §f               §8(This totals 1 type of material stashed!)
10:02:49 §f                §3§l>>> §3§lCLICK HERE§b to pick them up! §3§l<<<
10:03:49 §f                  §7You have §33 §7materials stashed away!
10:03:49 §f               §8(This totals 1 type of material stashed!)
10:03:49 §f                §3§l>>> §3§lCLICK HERE§b to pick them up! §3§l<<<
10:04:49 §f                  §7You have §33 §7materials stashed away!
10:04:49 §f               §8(This totals 1 type of material stashed!)
10:04:49 §f                §3§l>>> §3§lCLICK HERE§b to pick them up! §3§l<<<
10:05:50 §f                  §7You have §33 §7materials stashed away!
10:05:50 §f               §8(This totals 1 type of material stashed!)
10:05:50 §f                §3§l>>> §3§lCLICK HERE§b to pick them up! §3§l<<<
10:06:50 §f                  §7You have §33 §7materials stashed away!
10:06:50 §f               §8(This totals 1 type of material stashed!)
10:06:50 §f                §3§l>>> §3§lCLICK HERE§b to pick them up! §3§l<<<
10:07:50 §f                  §7You have §33 §7materials stashed away!
10:07:50 §f               §8(This totals 1 type of material stashed!)
10:07:50 §f                §3§l>>> §3§lCLICK HERE§b to pick them up! §3§l<<<
10:08:50 §f                  §7You have §33 §7materials stashed away!
10:08:50 §f               §8(This totals 1 type of material stashed!)
10:08:50 §f                §3§l>>> §3§lCLICK HERE§b to pick them up! §3§l<<<
10:09:51 §f                  §7You have §33 §7materials stashed away!
10:09:51 §f               §8(This totals 1 type of material stashed!)
10:09:51 §f                §3§l>>> §3§lCLICK HERE§b to pick them up! §3§l<<<
10:10:51 §f                  §7You have §33 §7materials stashed away!
10:10:51 §f               §8(This totals 1 type of material stashed!)
10:10:51 §f                §3§l>>> §3§lCLICK HERE§b to pick them up! §3§l<<<
10:11:52 §f                  §7You have §33 §7materials stashed away!
10:11:52 §f               §8(This totals 1 type of material stashed!)
10:11:52 §f                §3§l>>> §3§lCLICK HERE§b to pick them up! §3§l<<<
10:12:52 §f                  §7You have §33 §7materials stashed away!
10:12:52 §f               §8(This totals 1 type of material stashed!)
10:12:52 §f                §3§l>>> §3§lCLICK HERE§b to pick them up! §3§l<<<
10:13:52 §f                  §7You have §33 §7materials stashed away!
10:13:52 §f               §8(This totals 1 type of material stashed!)
10:13:52 §f                §3§l>>> §3§lCLICK HERE§b to pick them up! §3§l<<<
10:14:53 §f                  §7You have §33 §7materials stashed away!
10:14:53 §f               §8(This totals 1 type of material stashed!)
10:14:53 §f                §3§l>>> §3§lCLICK HERE§b to pick them up! §3§l<<<
10:15:53 §f                  §7You have §33 §7materials stashed away!
10:15:53 §f               §8(This totals 1 type of material stashed!)
10:15:53 §f                §3§l>>> §3§lCLICK HERE§b to pick them up! §3§l<<<
10:16:53 §f                  §7You have §33 §7materials stashed away!
10:16:53 §f               §8(This totals 1 type of material stashed!)
10:16:53 §f                §3§l>>> §3§lCLICK HERE§b to pick them up! §3§l<<<
10:17:54 §f                  §7You have §33 §7materials stashed away!
10:17:54 §f               §8(This totals 1 type of material stashed!)
10:17:54 §f                §3§l>>> §3§lCLICK HERE§b to pick them up! §3§l<<<
10:18:54 §f                  §7You have §33 §7materials stashed away!
10:18:54 §f               §8(This totals 1 type of material stashed!)
10:18:54 §f                §3§l>>> §3§lCLICK HERE§b to pick them up! §3§l<<<
10:19:54 §f                  §7You have §33 §7materials stashed away!
10:19:54 §f               §8(This totals 1 type of material stashed!)
10:19:54 §f                §3§l>>> §3§lCLICK HERE§b to pick them up! §3§l<<<
10:20:55 §f                  §7You have §33 §7materials stashed away!
10:20:55 §f               §8(This totals 1 type of material stashed!)
10:20:55 §f                §3§l>>> §3§lCLICK HERE§b to pick them up! §3§l<<<
10:21:55 §f                  §7You have §33 §7materials stashed away!
10:21:55 §f               §8(This totals 1 type of material stashed!)
10:21:55 §f                §3§l>>> §3§lCLICK HERE§b to pick them up! §3§l<<<
10:22:55 §f                  §7You have §33 §7materials stashed away!
10:22:55 §f               §8(This totals 1 type of material stashed!)
10:22:55 §f                §3§l>>> §3§lCLICK HERE§b to pick them up! §3§l<<<
10:24:16 §f                  §7You have §33 §7materials stashed away!
10:24:16 §f               §8(This totals 1 type of material stashed!)
10:24:16 §f                §3§l>>> §3§lCLICK HERE§b to pick them up! §3§l<<<
10:25:16 §f                  §7You have §33 §7materials stashed away!
10:25:16 §f               §8(This totals 1 type of material stashed!)
10:25:16 §f                §3§l>>> §3§lCLICK HERE§b to pick them up! §3§l<<<
10:26:16 §f                  §7You have §33 §7materials stashed away!
10:26:16 §f               §8(This totals 1 type of material stashed!)
10:26:16 §f                §3§l>>> §3§lCLICK HERE§b to pick them up! §3§l<<<
10:27:16 §f                  §7You have §33 §7materials stashed away!
10:27:16 §f               §8(This totals 1 type of material stashed!)
10:27:16 §f                §3§l>>> §3§lCLICK HERE§b to pick them up! §3§l<<<
10:28:16 §f                  §7You have §33 §7materials stashed away!
10:28:16 §f               §8(This totals 1 type of material stashed!)
10:28:16 §f                §3§l>>> §3§lCLICK HERE§b to pick them up! §3§l<<<
10:29:16 §f                  §7You have §33 §7materials stashed away!
10:29:16 §f               §8(This totals 1 type of material stashed!)
10:29:16 §f                §3§l>>> §3§lCLICK HERE§b to pick them up! §3§l<<<
10:30:16 §f                  §7You have §33 §7materials stashed away!
10:30:16 §f               §8(This totals 1 type of material stashed!)
10:30:16 §f                §3§l>>> §3§lCLICK HERE§b to pick them up! §3§l<<<
10:31:16 §f                  §7You have §33 §7materials stashed away!
10:31:16 §f               §8(This totals 1 type of material stashed!)
10:31:16 §f                §3§l>>> §3§lCLICK HERE§b to pick them up! §3§l<<<
10:32:16 §f                  §7You have §33 §7materials stashed away!
10:32:16 §f               §8(This totals 1 type of material stashed!)
10:32:16 §f                §3§l>>> §3§lCLICK HERE§b to pick them up! §3§l<<<
10:33:17 §f                  §7You have §33 §7materials stashed away!
10:33:17 §f               §8(This totals 1 type of material stashed!)
10:33:17 §f                §3§l>>> §3§lCLICK HERE§b to pick them up! §3§l<<<
10:34:17 §f                  §7You have §33 §7materials stashed away!
10:34:17 §f               §8(This totals 1 type of material stashed!)
10:34:17 §f                §3§l>>> §3§lCLICK HERE§b to pick them up! §3§l<<<
10:35:17 §f                  §7You have §33 §7materials stashed away!
10:35:17 §f               §8(This totals 1 type of material stashed!)
10:35:17 §f                §3§l>>> §3§lCLICK HERE§b to pick them up! §3§l<<<
10:36:17 §f                  §7You have §33 §7materials stashed away!
10:36:17 §f               §8(This totals 1 type of material stashed!)
10:36:17 §f                §3§l>>> §3§lCLICK HERE§b to pick them up! §3§l<<<
10:37:17 §f                  §7You have §33 §7materials stashed away!
10:37:17 §f               §8(This totals 1 type of material stashed!)
10:37:17 §f                §3§l>>> §3§lCLICK HERE§b to pick them up! §3§l<<<
10:38:17 §f                  §7You have §33 §7materials stashed away!
10:38:17 §f               §8(This totals 1 type of material stashed!)
10:38:17 §f                §3§l>>> §3§lCLICK HERE§b to pick them up! §3§l<<<
