04:16:38 §9§l▬▬▬▬▬▬▬▬▬▬▬▬▬▬▬▬▬▬▬▬▬▬▬▬▬▬▬▬▬▬▬▬▬▬▬▬▬▬▬▬▬▬▬▬▬▬▬▬▬▬▬▬▬▬▬▬▬▬▬▬▬▬▬▬
04:16:38                                  §r§9§lTREE GIFT
04:16:38 
04:16:38                  §r§7You helped cut §r§a100% §r§7of the §r§aFig Tree§r§7.
04:16:38 §f                       §e+5 rewards gained! §8(hover)
04:16:38 §9§l▬▬▬▬▬▬▬▬▬▬▬▬▬▬▬▬▬▬▬▬▬▬▬▬▬▬▬▬▬▬▬▬▬▬▬▬▬▬▬▬▬▬▬▬▬▬▬▬▬▬▬▬▬▬▬▬▬▬▬▬▬▬▬▬
04:17:52 §9§l▬▬▬▬▬▬▬▬▬▬▬▬▬▬▬▬▬▬▬▬▬▬▬▬▬▬▬▬▬▬▬▬▬▬▬▬▬▬▬▬▬▬▬▬▬▬▬▬▬▬▬▬▬▬▬▬▬▬▬▬▬▬▬▬
04:17:52                                  §r§9§lTREE GIFT
04:17:52 
04:17:52                  §r§7You helped cut §r§a100% §r§7of the §r§aFig Tree§r§7.
04:17:52 §f                       §e+5 rewards gained! §8(hover)
04:17:52 
04:17:52                                 §r§d§lBONUS GIFT
04:17:52                           §r§7§r§aStretching Sticks §r§8(§r§a20%§r§8)
04:17:52                      §r§7A §r§dPhanpyre §r§7fell from the Tree!
04:17:52 §9§l▬▬▬▬▬▬▬▬▬▬▬▬▬▬▬▬▬▬▬▬▬▬▬▬▬▬▬▬▬▬▬▬▬▬▬▬▬▬▬▬▬▬▬▬▬▬▬▬▬▬▬▬▬▬▬▬▬▬▬▬▬▬▬▬
04:18:02 §9§l▬▬▬▬▬▬▬▬▬▬▬▬▬▬▬▬▬▬▬▬▬▬▬▬▬▬▬▬▬▬▬▬▬▬▬▬▬▬▬▬▬▬▬▬▬▬▬▬▬▬▬▬▬▬▬▬▬▬▬▬▬▬▬▬
04:18:02                                  §r§9§lTREE GIFT
04:18:02 
04:18:02                  §r§7You helped cut §r§a100% §r§7of the §r§aFig Tree§r§7.
04:18:02 §f                       §e+5 rewards gained! §8(hover)
04:18:02 
04:18:02                                 §r§d§lBONUS GIFT
04:18:02                           §r§7§r§aStretching Sticks §r§8(§r§a20%§r§8)
04:18:02 §9§l▬▬▬▬▬▬▬▬▬▬▬▬▬▬▬▬▬▬▬▬▬▬▬▬▬▬▬▬▬▬▬▬▬▬▬▬▬▬▬▬▬▬▬▬▬▬▬▬▬▬▬▬▬▬▬▬▬▬▬▬▬▬▬▬
04:18:16 §9§l▬▬▬▬▬▬▬▬▬▬▬▬▬▬▬▬▬▬▬▬▬▬▬▬▬▬▬▬▬▬▬▬▬▬▬▬▬▬▬▬▬▬▬▬▬▬▬▬▬▬▬▬▬▬▬▬▬▬▬▬▬▬▬▬
04:18:16                                  §r§9§lTREE GIFT
04:18:16 
04:18:16                  §r§7You helped cut §r§a100% §r§7of the §r§aFig Tree§r§7.
04:18:16 §f                       §e+5 rewards gained! §8(hover)
04:18:16 §9§l▬▬▬▬▬▬▬▬▬▬▬▬▬▬▬▬▬▬▬▬▬▬▬▬▬▬▬▬▬▬▬▬▬▬▬▬▬▬▬▬▬▬▬▬▬▬▬▬▬▬▬▬▬▬▬▬▬▬▬▬▬▬▬▬
04:18:23 §9§l▬▬▬▬▬▬▬▬▬▬▬▬▬▬▬▬▬▬▬▬▬▬▬▬▬▬▬▬▬▬▬▬▬▬▬▬▬▬▬▬▬▬▬▬▬▬▬▬▬▬▬▬▬▬▬▬▬▬▬▬▬▬▬▬
04:18:23                                  §r§9§lTREE GIFT
04:18:23 
04:18:23                  §r§7You helped cut §r§a100% §r§7of the §r§aFig Tree§r§7.
04:18:23 §f                       §e+5 rewards gained! §8(hover)
04:18:23 §9§l▬▬▬▬▬▬▬▬▬▬▬▬▬▬▬▬▬▬▬▬▬▬▬▬▬▬▬▬▬▬▬▬▬▬▬▬▬▬▬▬▬▬▬▬▬▬▬▬▬▬▬▬▬▬▬▬▬▬▬▬▬▬▬▬
04:18:35 §9§l▬▬▬▬▬▬▬▬▬▬▬▬▬▬▬▬▬▬▬▬▬▬▬▬▬▬▬▬▬▬▬▬▬▬▬▬▬▬▬▬▬▬▬▬▬▬▬▬▬▬▬▬▬▬▬▬▬▬▬▬▬▬▬▬
04:18:35                                  §r§9§lTREE GIFT
04:18:35 
04:18:35                  §r§7You helped cut §r§a100% §r§7of the §r§aFig Tree§r§7.
04:18:35 §f                       §e+5 rewards gained! §8(hover)
04:18:36                      §r§7A §r§dPhanpyre §r§7fell from the Tree!
04:18:36 §9§l▬▬▬▬▬▬▬▬▬▬▬▬▬▬▬▬▬▬▬▬▬▬▬▬▬▬▬▬▬▬▬▬▬▬▬▬▬▬▬▬▬▬▬▬▬▬▬▬▬▬▬▬▬▬▬▬▬▬▬▬▬▬▬▬
04:18:45 §9§l▬▬▬▬▬▬▬▬▬▬▬▬▬▬▬▬▬▬▬▬▬▬▬▬▬▬▬▬▬▬▬▬▬▬▬▬▬▬▬▬▬▬▬▬▬▬▬▬▬▬▬▬▬▬▬▬▬▬▬▬▬▬▬▬
04:18:45                                  §r§9§lTREE GIFT
04:18:45 
04:18:45                  §r§7You helped cut §r§a100% §r§7of the §r§aFig Tree§r§7.
04:18:45 §f                       §e+5 rewards gained! §8(hover)
04:18:45 §9§l▬▬▬▬▬▬▬▬▬▬▬▬▬▬▬▬▬▬▬▬▬▬▬▬▬▬▬▬▬▬▬▬▬▬▬▬▬▬▬▬▬▬▬▬▬▬▬▬▬▬▬▬▬▬▬▬▬▬▬▬▬▬▬▬
04:19:23 §9§l▬▬▬▬▬▬▬▬▬▬▬▬▬▬▬▬▬▬▬▬▬▬▬▬▬▬▬▬▬▬▬▬▬▬▬▬▬▬▬▬▬▬▬▬▬▬▬▬▬▬▬▬▬▬▬▬▬▬▬▬▬▬▬▬
04:19:23                                  §r§9§lTREE GIFT
04:19:23 
04:19:23                  §r§7You helped cut §r§a100% §r§7of the §r§aFig Tree§r§7.
04:19:23 §f                       §e+5 rewards gained! §8(hover)
04:19:23 
04:19:23                                 §r§d§lBONUS GIFT
04:19:23                           §r§7§r§aStretching Sticks §r§8(§r§a20%§r§8)
04:19:23 §9§l▬▬▬▬▬▬▬▬▬▬▬▬▬▬▬▬▬▬▬▬▬▬▬▬▬▬▬▬▬▬▬▬▬▬▬▬▬▬▬▬▬▬▬▬▬▬▬▬▬▬▬▬▬▬▬▬▬▬▬▬▬▬▬▬
04:19:33 §9§l▬▬▬▬▬▬▬▬▬▬▬▬▬▬▬▬▬▬▬▬▬▬▬▬▬▬▬▬▬▬▬▬▬▬▬▬▬▬▬▬▬▬▬▬▬▬▬▬▬▬▬▬▬▬▬▬▬▬▬▬▬▬▬▬
04:19:33                                  §r§9§lTREE GIFT
04:19:33 
04:19:33                  §r§7You helped cut §r§a100% §r§7of the §r§aFig Tree§r§7.
04:19:33 §f                       §e+5 rewards gained! §8(hover)
04:19:33 
04:19:33                                 §r§d§lBONUS GIFT
04:19:33                           §r§7§r§aStretching Sticks §r§8(§r§a20%§r§8)
04:19:33 §9§l▬▬▬▬▬▬▬▬▬▬▬▬▬▬▬▬▬▬▬▬▬▬▬▬▬▬▬▬▬▬▬▬▬▬▬▬▬▬▬▬▬▬▬▬▬▬▬▬▬▬▬▬▬▬▬▬▬▬▬▬▬▬▬▬
04:20:18 §9§l▬▬▬▬▬▬▬▬▬▬▬▬▬▬▬▬▬▬▬▬▬▬▬▬▬▬▬▬▬▬▬▬▬▬▬▬▬▬▬▬▬▬▬▬▬▬▬▬▬▬▬▬▬▬▬▬▬▬▬▬▬▬▬▬
04:20:18                                  §r§9§lTREE GIFT
04:20:18 
04:20:18                  §r§7You helped cut §r§a100% §r§7of the §r§aFig Tree§r§7.
04:20:18 §f                       §e+5 rewards gained! §8(hover)
04:20:18 
04:20:18                                 §r§d§lBONUS GIFT
04:20:18                           §r§7§r§aStretching Sticks §r§8(§r§a20%§r§8)
04:20:18 §9§l▬▬▬▬▬▬▬▬▬▬▬▬▬▬▬▬▬▬▬▬▬▬▬▬▬▬▬▬▬▬▬▬▬▬▬▬▬▬▬▬▬▬▬▬▬▬▬▬▬▬▬▬▬▬▬▬▬▬▬▬▬▬▬▬
04:20:25 §9§l▬▬▬▬▬▬▬▬▬▬▬▬▬▬▬▬▬▬▬▬▬▬▬▬▬▬▬▬▬▬▬▬▬▬▬▬▬▬▬▬▬▬▬▬▬▬▬▬▬▬▬▬▬▬▬▬▬▬▬▬▬▬▬▬
04:20:25                                  §r§9§lTREE GIFT
04:20:25 
04:20:25                  §r§7You helped cut §r§a100% §r§7of the §r§aFig Tree§r§7.
04:20:25 §f                       §e+5 rewards gained! §8(hover)
04:20:25 
04:20:25                                 §r§d§lBONUS GIFT
04:20:25                           §r§7§r§aStretching Sticks §r§8(§r§a20%§r§8)
04:20:25                      §r§7A §r§dPhanpyre §r§7fell from the Tree!
04:20:25 §9§l▬▬▬▬▬▬▬▬▬▬▬▬▬▬▬▬▬▬▬▬▬▬▬▬▬▬▬▬▬▬▬▬▬▬▬▬▬▬▬▬▬▬▬▬▬▬▬▬▬▬▬▬▬▬▬▬▬▬▬▬▬▬▬▬
04:20:35 §9§l▬▬▬▬▬▬▬▬▬▬▬▬▬▬▬▬▬▬▬▬▬▬▬▬▬▬▬▬▬▬▬▬▬▬▬▬▬▬▬▬▬▬▬▬▬▬▬▬▬▬▬▬▬▬▬▬▬▬▬▬▬▬▬▬
04:20:35                                  §r§9§lTREE GIFT
04:20:35 
04:20:35                  §r§7You helped cut §r§a100% §r§7of the §r§aFig Tree§r§7.
04:20:35 §f                       §e+5 rewards gained! §8(hover)
04:20:35 §9§l▬▬▬▬▬▬▬▬▬▬▬▬▬▬▬▬▬▬▬▬▬▬▬▬▬▬▬▬▬▬▬▬▬▬▬▬▬▬▬▬▬▬▬▬▬▬▬▬▬▬▬▬▬▬▬▬▬▬▬▬▬▬▬▬
04:20:41 §9§l▬▬▬▬▬▬▬▬▬▬▬▬▬▬▬▬▬▬▬▬▬▬▬▬▬▬▬▬▬▬▬▬▬▬▬▬▬▬▬▬▬▬▬▬▬▬▬▬▬▬▬▬▬▬▬▬▬▬▬▬▬▬▬▬
04:20:41                                  §r§9§lTREE GIFT
04:20:41 
04:20:41                  §r§7You helped cut §r§a100% §r§7of the §r§aFig Tree§r§7.
04:20:41 §f                       §e+5 rewards gained! §8(hover)
04:20:41 §9§l▬▬▬▬▬▬▬▬▬▬▬▬▬▬▬▬▬▬▬▬▬▬▬▬▬▬▬▬▬▬▬▬▬▬▬▬▬▬▬▬▬▬▬▬▬▬▬▬▬▬▬▬▬▬▬▬▬▬▬▬▬▬▬▬
04:20:53 §9§l▬▬▬▬▬▬▬▬▬▬▬▬▬▬▬▬▬▬▬▬▬▬▬▬▬▬▬▬▬▬▬▬▬▬▬▬▬▬▬▬▬▬▬▬▬▬▬▬▬▬▬▬▬▬▬▬▬▬▬▬▬▬▬▬
04:20:53                                  §r§9§lTREE GIFT
04:20:53 
04:20:53                  §r§7You helped cut §r§a100% §r§7of the §r§aFig Tree§r§7.
04:20:53 §f                       §e+5 rewards gained! §8(hover)
04:20:53 
04:20:53                                 §r§d§lBONUS GIFT
04:20:53                           §r§7§r§aStretching Sticks §r§8(§r§a20%§r§8)
04:20:53 §9§l▬▬▬▬▬▬▬▬▬▬▬▬▬▬▬▬▬▬▬▬▬▬▬▬▬▬▬▬▬▬▬▬▬▬▬▬▬▬▬▬▬▬▬▬▬▬▬▬▬▬▬▬▬▬▬▬▬▬▬▬▬▬▬▬
04:21:06 §9§l▬▬▬▬▬▬▬▬▬▬▬▬▬▬▬▬▬▬▬▬▬▬▬▬▬▬▬▬▬▬▬▬▬▬▬▬▬▬▬▬▬▬▬▬▬▬▬▬▬▬▬▬▬▬▬▬▬▬▬▬▬▬▬▬
04:21:06                                  §r§9§lTREE GIFT
04:21:06 
04:21:06                  §r§7You helped cut §r§a100% §r§7of the §r§aFig Tree§r§7.
04:21:06 §f                       §e+5 rewards gained! §8(hover)
04:21:06 
04:21:06                                 §r§d§lBONUS GIFT
04:21:06                           §r§7§r§aStretching Sticks §r§8(§r§a20%§r§8)
04:21:06 §9§l▬▬▬▬▬▬▬▬▬▬▬▬▬▬▬▬▬▬▬▬▬▬▬▬▬▬▬▬▬▬▬▬▬▬▬▬▬▬▬▬▬▬▬▬▬▬▬▬▬▬▬▬▬▬▬▬▬▬▬▬▬▬▬▬
04:21:50 §9§l▬▬▬▬▬▬▬▬▬▬▬▬▬▬▬▬▬▬▬▬▬▬▬▬▬▬▬▬▬▬▬▬▬▬▬▬▬▬▬▬▬▬▬▬▬▬▬▬▬▬▬▬▬▬▬▬▬▬▬▬▬▬▬▬
04:21:50                                  §r§9§lTREE GIFT
04:21:50 
04:21:50                  §r§7You helped cut §r§a93.9% §r§7of the §r§aFig Tree§r§7.
04:21:50 §f                       §e+5 rewards gained! §8(hover)
04:21:50 
04:21:50                                 §r§d§lBONUS GIFT
04:21:50                           §r§7§r§aStretching Sticks §r§8(§r§a20%§r§8)
04:21:50 §9§l▬▬▬▬▬▬▬▬▬▬▬▬▬▬▬▬▬▬▬▬▬▬▬▬▬▬▬▬▬▬▬▬▬▬▬▬▬▬▬▬▬▬▬▬▬▬▬▬▬▬▬▬▬▬▬▬▬▬▬▬▬▬▬▬
04:21:58 §9§l▬▬▬▬▬▬▬▬▬▬▬▬▬▬▬▬▬▬▬▬▬▬▬▬▬▬▬▬▬▬▬▬▬▬▬▬▬▬▬▬▬▬▬▬▬▬▬▬▬▬▬▬▬▬▬▬▬▬▬▬▬▬▬▬
04:21:58                                  §r§9§lTREE GIFT
04:21:58 
04:21:58                   §r§7You helped cut §r§c0.6% §r§7of the §r§aFig Tree§r§7.
04:21:58                             §r§e+0 rewards gained!
04:21:58 §9§l▬▬▬▬▬▬▬▬▬▬▬▬▬▬▬▬▬▬▬▬▬▬▬▬▬▬▬▬▬▬▬▬▬▬▬▬▬▬▬▬▬▬▬▬▬▬▬▬▬▬▬▬▬▬▬▬▬▬▬▬▬▬▬▬
04:22:12 §9§l▬▬▬▬▬▬▬▬▬▬▬▬▬▬▬▬▬▬▬▬▬▬▬▬▬▬▬▬▬▬▬▬▬▬▬▬▬▬▬▬▬▬▬▬▬▬▬▬▬▬▬▬▬▬▬▬▬▬▬▬▬▬▬▬
04:22:12                                  §r§9§lTREE GIFT
04:22:12 
04:22:12                  §r§7You helped cut §r§a100% §r§7of the §r§aFig Tree§r§7.
04:22:12 §f                       §e+5 rewards gained! §8(hover)
04:22:12 
04:22:12                                 §r§d§lBONUS GIFT
04:22:12                           §r§7§r§aStretching Sticks §r§8(§r§a20%§r§8)
04:22:12                      §r§7A §r§dPhanpyre §r§7fell from the Tree!
04:22:12 §9§l▬▬▬▬▬▬▬▬▬▬▬▬▬▬▬▬▬▬▬▬▬▬▬▬▬▬▬▬▬▬▬▬▬▬▬▬▬▬▬▬▬▬▬▬▬▬▬▬▬▬▬▬▬▬▬▬▬▬▬▬▬▬▬▬
04:22:19 §9§l▬▬▬▬▬▬▬▬▬▬▬▬▬▬▬▬▬▬▬▬▬▬▬▬▬▬▬▬▬▬▬▬▬▬▬▬▬▬▬▬▬▬▬▬▬▬▬▬▬▬▬▬▬▬▬▬▬▬▬▬▬▬▬▬
04:22:19                                  §r§9§lTREE GIFT
04:22:19 
04:22:19                  §r§7You helped cut §r§a100% §r§7of the §r§aFig Tree§r§7.
04:22:19 §f                       §e+5 rewards gained! §8(hover)
04:22:19 
04:22:19                                 §r§d§lBONUS GIFT
04:22:19                           §r§7§r§aStretching Sticks §r§8(§r§a20%§r§8)
04:22:19                             §r§7§r§fSweep Booster §r§8(§r§a1%§r§8)
04:22:19 §9§l▬▬▬▬▬▬▬▬▬▬▬▬▬▬▬▬▬▬▬▬▬▬▬▬▬▬▬▬▬▬▬▬▬▬▬▬▬▬▬▬▬▬▬▬▬▬▬▬▬▬▬▬▬▬▬▬▬▬▬▬▬▬▬▬
04:23:18 §9§l▬▬▬▬▬▬▬▬▬▬▬▬▬▬▬▬▬▬▬▬▬▬▬▬▬▬▬▬▬▬▬▬▬▬▬▬▬▬▬▬▬▬▬▬▬▬▬▬▬▬▬▬▬▬▬▬▬▬▬▬▬▬▬▬
04:23:18                                  §r§9§lTREE GIFT
04:23:18 
04:23:18                  §r§7You helped cut §r§a100% §r§7of the §r§aFig Tree§r§7.
04:23:18 §f                       §e+5 rewards gained! §8(hover)
04:23:18 §9§l▬▬▬▬▬▬▬▬▬▬▬▬▬▬▬▬▬▬▬▬▬▬▬▬▬▬▬▬▬▬▬▬▬▬▬▬▬▬▬▬▬▬▬▬▬▬▬▬▬▬▬▬▬▬▬▬▬▬▬▬▬▬▬▬
04:23:35 §9§l▬▬▬▬▬▬▬▬▬▬▬▬▬▬▬▬▬▬▬▬▬▬▬▬▬▬▬▬▬▬▬▬▬▬▬▬▬▬▬▬▬▬▬▬▬▬▬▬▬▬▬▬▬▬▬▬▬▬▬▬▬▬▬▬
04:23:35                                  §r§9§lTREE GIFT
04:23:35 
04:23:35                  §r§7You helped cut §r§a100% §r§7of the §r§aFig Tree§r§7.
04:23:35 §f                       §e+5 rewards gained! §8(hover)
04:23:35 §9§l▬▬▬▬▬▬▬▬▬▬▬▬▬▬▬▬▬▬▬▬▬▬▬▬▬▬▬▬▬▬▬▬▬▬▬▬▬▬▬▬▬▬▬▬▬▬▬▬▬▬▬▬▬▬▬▬▬▬▬▬▬▬▬▬
04:23:45 §9§l▬▬▬▬▬▬▬▬▬▬▬▬▬▬▬▬▬▬▬▬▬▬▬▬▬▬▬▬▬▬▬▬▬▬▬▬▬▬▬▬▬▬▬▬▬▬▬▬▬▬▬▬▬▬▬▬▬▬▬▬▬▬▬▬
04:23:45                                  §r§9§lTREE GIFT
04:23:45 
04:23:45                  §r§7You helped cut §r§a100% §r§7of the §r§aFig Tree§r§7.
04:23:45 §f                       §e+5 rewards gained! §8(hover)
04:23:45 
04:23:45                                 §r§d§lBONUS GIFT
04:23:45                           §r§7§r§aStretching Sticks §r§8(§r§a20%§r§8)
04:23:45 §9§l▬▬▬▬▬▬▬▬▬▬▬▬▬▬▬▬▬▬▬▬▬▬▬▬▬▬▬▬▬▬▬▬▬▬▬▬▬▬▬▬▬▬▬▬▬▬▬▬▬▬▬▬▬▬▬▬▬▬▬▬▬▬▬▬
04:23:57 §9§l▬▬▬▬▬▬▬▬▬▬▬▬▬▬▬▬▬▬▬▬▬▬▬▬▬▬▬▬▬▬▬▬▬▬▬▬▬▬▬▬▬▬▬▬▬▬▬▬▬▬▬▬▬▬▬▬▬▬▬▬▬▬▬▬
04:23:57                                  §r§9§lTREE GIFT
04:23:57 
04:23:57                  §r§7You helped cut §r§a100% §r§7of the §r§aFig Tree§r§7.
04:23:57 §f                       §e+5 rewards gained! §8(hover)
04:23:57 
04:23:57                                 §r§d§lBONUS GIFT
04:23:57                           §r§7§r§aStretching Sticks §r§8(§r§a20%§r§8)
04:23:57 §9§l▬▬▬▬▬▬▬▬▬▬▬▬▬▬▬▬▬▬▬▬▬▬▬▬▬▬▬▬▬▬▬▬▬▬▬▬▬▬▬▬▬▬▬▬▬▬▬▬▬▬▬▬▬▬▬▬▬▬▬▬▬▬▬▬
04:24:03 §9§l▬▬▬▬▬▬▬▬▬▬▬▬▬▬▬▬▬▬▬▬▬▬▬▬▬▬▬▬▬▬▬▬▬▬▬▬▬▬▬▬▬▬▬▬▬▬▬▬▬▬▬▬▬▬▬▬▬▬▬▬▬▬▬▬
04:24:03                                  §r§9§lTREE GIFT
04:24:03 
04:24:03                  §r§7You helped cut §r§a100% §r§7of the §r§aFig Tree§r§7.
04:24:03 §f                       §e+5 rewards gained! §8(hover)
04:24:03 §9§l▬▬▬▬▬▬▬▬▬▬▬▬▬▬▬▬▬▬▬▬▬▬▬▬▬▬▬▬▬▬▬▬▬▬▬▬▬▬▬▬▬▬▬▬▬▬▬▬▬▬▬▬▬▬▬▬▬▬▬▬▬▬▬▬
04:24:41 §9§l▬▬▬▬▬▬▬▬▬▬▬▬▬▬▬▬▬▬▬▬▬▬▬▬▬▬▬▬▬▬▬▬▬▬▬▬▬▬▬▬▬▬▬▬▬▬▬▬▬▬▬▬▬▬▬▬▬▬▬▬▬▬▬▬
04:24:41                                  §r§9§lTREE GIFT
04:24:41 
04:24:41                  §r§7You helped cut §r§a100% §r§7of the §r§aFig Tree§r§7.
04:24:41 §f                       §e+5 rewards gained! §8(hover)
04:24:41 
04:24:41                                 §r§d§lBONUS GIFT
04:24:41                           §r§7§r§aStretching Sticks §r§8(§r§a20%§r§8)
04:24:41 §9§l▬▬▬▬▬▬▬▬▬▬▬▬▬▬▬▬▬▬▬▬▬▬▬▬▬▬▬▬▬▬▬▬▬▬▬▬▬▬▬▬▬▬▬▬▬▬▬▬▬▬▬▬▬▬▬▬▬▬▬▬▬▬▬▬
04:24:52 §9§l▬▬▬▬▬▬▬▬▬▬▬▬▬▬▬▬▬▬▬▬▬▬▬▬▬▬▬▬▬▬▬▬▬▬▬▬▬▬▬▬▬▬▬▬▬▬▬▬▬▬▬▬▬▬▬▬▬▬▬▬▬▬▬▬
04:24:52                                  §r§9§lTREE GIFT
04:24:52 
04:24:52                  §r§7You helped cut §r§a100% §r§7of the §r§aFig Tree§r§7.
04:24:52 §f                       §e+5 rewards gained! §8(hover)
04:24:52 
04:24:52                                 §r§d§lBONUS GIFT
04:24:52                           §r§7§r§aStretching Sticks §r§8(§r§a20%§r§8)
04:24:52 §9§l▬▬▬▬▬▬▬▬▬▬▬▬▬▬▬▬▬▬▬▬▬▬▬▬▬▬▬▬▬▬▬▬▬▬▬▬▬▬▬▬▬▬▬▬▬▬▬▬▬▬▬▬▬▬▬▬▬▬▬▬▬▬▬▬
04:25:07 §9§l▬▬▬▬▬▬▬▬▬▬▬▬▬▬▬▬▬▬▬▬▬▬▬▬▬▬▬▬▬▬▬▬▬▬▬▬▬▬▬▬▬▬▬▬▬▬▬▬▬▬▬▬▬▬▬▬▬▬▬▬▬▬▬▬
04:25:07                                  §r§9§lTREE GIFT
04:25:07 
04:25:07                  §r§7You helped cut §r§a100% §r§7of the §r§aFig Tree§r§7.
04:25:07 §f                       §e+5 rewards gained! §8(hover)
04:25:07 
04:25:07                                 §r§d§lBONUS GIFT
04:25:07                           §r§7§r§aStretching Sticks §r§8(§r§a20%§r§8)
04:25:07 §9§l▬▬▬▬▬▬▬▬▬▬▬▬▬▬▬▬▬▬▬▬▬▬▬▬▬▬▬▬▬▬▬▬▬▬▬▬▬▬▬▬▬▬▬▬▬▬▬▬▬▬▬▬▬▬▬▬▬▬▬▬▬▬▬▬
04:25:15 §9§l▬▬▬▬▬▬▬▬▬▬▬▬▬▬▬▬▬▬▬▬▬▬▬▬▬▬▬▬▬▬▬▬▬▬▬▬▬▬▬▬▬▬▬▬▬▬▬▬▬▬▬▬▬▬▬▬▬▬▬▬▬▬▬▬
04:25:15                                  §r§9§lTREE GIFT
04:25:15 
04:25:15                  §r§7You helped cut §r§a100% §r§7of the §r§aFig Tree§r§7.
04:25:15 §f                       §e+5 rewards gained! §8(hover)
04:25:15 §9§l▬▬▬▬▬▬▬▬▬▬▬▬▬▬▬▬▬▬▬▬▬▬▬▬▬▬▬▬▬▬▬▬▬▬▬▬▬▬▬▬▬▬▬▬▬▬▬▬▬▬▬▬▬▬▬▬▬▬▬▬▬▬▬▬
04:25:25 §9§l▬▬▬▬▬▬▬▬▬▬▬▬▬▬▬▬▬▬▬▬▬▬▬▬▬▬▬▬▬▬▬▬▬▬▬▬▬▬▬▬▬▬▬▬▬▬▬▬▬▬▬▬▬▬▬▬▬▬▬▬▬▬▬▬
04:25:25                                  §r§9§lTREE GIFT
04:25:25 
04:25:25                  §r§7You helped cut §r§a100% §r§7of the §r§aFig Tree§r§7.
04:25:25 §f                       §e+5 rewards gained! §8(hover)
04:25:25 §9§l▬▬▬▬▬▬▬▬▬▬▬▬▬▬▬▬▬▬▬▬▬▬▬▬▬▬▬▬▬▬▬▬▬▬▬▬▬▬▬▬▬▬▬▬▬▬▬▬▬▬▬▬▬▬▬▬▬▬▬▬▬▬▬▬
04:26:32 §9§l▬▬▬▬▬▬▬▬▬▬▬▬▬▬▬▬▬▬▬▬▬▬▬▬▬▬▬▬▬▬▬▬▬▬▬▬▬▬▬▬▬▬▬▬▬▬▬▬▬▬▬▬▬▬▬▬▬▬▬▬▬▬▬▬
04:26:32                                  §r§9§lTREE GIFT
04:26:32 
04:26:32                  §r§7You helped cut §r§a100% §r§7of the §r§aFig Tree§r§7.
04:26:32 §f                       §e+5 rewards gained! §8(hover)
04:26:32 
04:26:32                                 §r§d§lBONUS GIFT
04:26:32                           §r§7§r§aStretching Sticks §r§8(§r§a20%§r§8)
04:26:32 §9§l▬▬▬▬▬▬▬▬▬▬▬▬▬▬▬▬▬▬▬▬▬▬▬▬▬▬▬▬▬▬▬▬▬▬▬▬▬▬▬▬▬▬▬▬▬▬▬▬▬▬▬▬▬▬▬▬▬▬▬▬▬▬▬▬
04:27:27 §9§l▬▬▬▬▬▬▬▬▬▬▬▬▬▬▬▬▬▬▬▬▬▬▬▬▬▬▬▬▬▬▬▬▬▬▬▬▬▬▬▬▬▬▬▬▬▬▬▬▬▬▬▬▬▬▬▬▬▬▬▬▬▬▬▬
04:27:27                                  §r§9§lTREE GIFT
04:27:27 
04:27:27                  §r§7You helped cut §r§a100% §r§7of the §r§aFig Tree§r§7.
04:27:27 §f                       §e+5 rewards gained! §8(hover)
04:27:27 
04:27:27                                 §r§d§lBONUS GIFT
04:27:27                           §r§7§r§aStretching Sticks §r§8(§r§a20%§r§8)
04:27:27 §9§l▬▬▬▬▬▬▬▬▬▬▬▬▬▬▬▬▬▬▬▬▬▬▬▬▬▬▬▬▬▬▬▬▬▬▬▬▬▬▬▬▬▬▬▬▬▬▬▬▬▬▬▬▬▬▬▬▬▬▬▬▬▬▬▬
04:27:37 §9§l▬▬▬▬▬▬▬▬▬▬▬▬▬▬▬▬▬▬▬▬▬▬▬▬▬▬▬▬▬▬▬▬▬▬▬▬▬▬▬▬▬▬▬▬▬▬▬▬▬▬▬▬▬▬▬▬▬▬▬▬▬▬▬▬
04:27:37                                  §r§9§lTREE GIFT
04:27:37 
04:27:37                  §r§7You helped cut §r§a100% §r§7of the §r§aFig Tree§r§7.
04:27:37 §f                       §e+5 rewards gained! §8(hover)
04:27:37 
04:27:37                                 §r§d§lBONUS GIFT
04:27:37                           §r§7§r§aStretching Sticks §r§8(§r§a20%§r§8)
04:27:37 §9§l▬▬▬▬▬▬▬▬▬▬▬▬▬▬▬▬▬▬▬▬▬▬▬▬▬▬▬▬▬▬▬▬▬▬▬▬▬▬▬▬▬▬▬▬▬▬▬▬▬▬▬▬▬▬▬▬▬▬▬▬▬▬▬▬
04:27:45 §9§l▬▬▬▬▬▬▬▬▬▬▬▬▬▬▬▬▬▬▬▬▬▬▬▬▬▬▬▬▬▬▬▬▬▬▬▬▬▬▬▬▬▬▬▬▬▬▬▬▬▬▬▬▬▬▬▬▬▬▬▬▬▬▬▬
04:27:45                                  §r§9§lTREE GIFT
04:27:45 
04:27:45                  §r§7You helped cut §r§a100% §r§7of the §r§aFig Tree§r§7.
04:27:45 §f                       §e+5 rewards gained! §8(hover)
04:27:45 §9§l▬▬▬▬▬▬▬▬▬▬▬▬▬▬▬▬▬▬▬▬▬▬▬▬▬▬▬▬▬▬▬▬▬▬▬▬▬▬▬▬▬▬▬▬▬▬▬▬▬▬▬▬▬▬▬▬▬▬▬▬▬▬▬▬
04:27:51 §9§l▬▬▬▬▬▬▬▬▬▬▬▬▬▬▬▬▬▬▬▬▬▬▬▬▬▬▬▬▬▬▬▬▬▬▬▬▬▬▬▬▬▬▬▬▬▬▬▬▬▬▬▬▬▬▬▬▬▬▬▬▬▬▬▬
04:27:51                                  §r§9§lTREE GIFT
04:27:51 
04:27:51                  §r§7You helped cut §r§a100% §r§7of the §r§aFig Tree§r§7.
04:27:51 §f                       §e+5 rewards gained! §8(hover)
04:27:51 §9§l▬▬▬▬▬▬▬▬▬▬▬▬▬▬▬▬▬▬▬▬▬▬▬▬▬▬▬▬▬▬▬▬▬▬▬▬▬▬▬▬▬▬▬▬▬▬▬▬▬▬▬▬▬▬▬▬▬▬▬▬▬▬▬▬
04:28:08 §9§l▬▬▬▬▬▬▬▬▬▬▬▬▬▬▬▬▬▬▬▬▬▬▬▬▬▬▬▬▬▬▬▬▬▬▬▬▬▬▬▬▬▬▬▬▬▬▬▬▬▬▬▬▬▬▬▬▬▬▬▬▬▬▬▬
04:28:08                                  §r§9§lTREE GIFT
04:28:08 
04:28:08                  §r§7You helped cut §r§a100% §r§7of the §r§aFig Tree§r§7.
04:28:08 §f                       §e+5 rewards gained! §8(hover)
04:28:08 
04:28:08                                 §r§d§lBONUS GIFT
04:28:08                           §r§7§r§aStretching Sticks §r§8(§r§a20%§r§8)
04:28:08                      §r§7A §r§dPhanpyre §r§7fell from the Tree!
04:28:08 §9§l▬▬▬▬▬▬▬▬▬▬▬▬▬▬▬▬▬▬▬▬▬▬▬▬▬▬▬▬▬▬▬▬▬▬▬▬▬▬▬▬▬▬▬▬▬▬▬▬▬▬▬▬▬▬▬▬▬▬▬▬▬▬▬▬
04:28:16 §9§l▬▬▬▬▬▬▬▬▬▬▬▬▬▬▬▬▬▬▬▬▬▬▬▬▬▬▬▬▬▬▬▬▬▬▬▬▬▬▬▬▬▬▬▬▬▬▬▬▬▬▬▬▬▬▬▬▬▬▬▬▬▬▬▬
04:28:16                                  §r§9§lTREE GIFT
04:28:16 
04:28:16                  §r§7You helped cut §r§a100% §r§7of the §r§aFig Tree§r§7.
04:28:16 §f                       §e+5 rewards gained! §8(hover)
04:28:16 
04:28:16                                 §r§d§lBONUS GIFT
04:28:16                           §r§7§r§aStretching Sticks §r§8(§r§a20%§r§8)
04:28:16 §9§l▬▬▬▬▬▬▬▬▬▬▬▬▬▬▬▬▬▬▬▬▬▬▬▬▬▬▬▬▬▬▬▬▬▬▬▬▬▬▬▬▬▬▬▬▬▬▬▬▬▬▬▬▬▬▬▬▬▬▬▬▬▬▬▬
04:28:25 §9§l▬▬▬▬▬▬▬▬▬▬▬▬▬▬▬▬▬▬▬▬▬▬▬▬▬▬▬▬▬▬▬▬▬▬▬▬▬▬▬▬▬▬▬▬▬▬▬▬▬▬▬▬▬▬▬▬▬▬▬▬▬▬▬▬
04:28:25                                  §r§9§lTREE GIFT
04:28:25 
04:28:25                  §r§7You helped cut §r§a100% §r§7of the §r§aFig Tree§r§7.
04:28:25 §f                       §e+5 rewards gained! §8(hover)
04:28:25 §9§l▬▬▬▬▬▬▬▬▬▬▬▬▬▬▬▬▬▬▬▬▬▬▬▬▬▬▬▬▬▬▬▬▬▬▬▬▬▬▬▬▬▬▬▬▬▬▬▬▬▬▬▬▬▬▬▬▬▬▬▬▬▬▬▬
04:31:25 §9§l▬▬▬▬▬▬▬▬▬▬▬▬▬▬▬▬▬▬▬▬▬▬▬▬▬▬▬▬▬▬▬▬▬▬▬▬▬▬▬▬▬▬▬▬▬▬▬▬▬▬▬▬▬▬▬▬▬▬▬▬▬▬▬▬
04:31:25                                  §r§9§lTREE GIFT
04:31:25 
04:31:25                  §r§7You helped cut §r§a100% §r§7of the §r§aFig Tree§r§7.
04:31:25 §f                       §e+5 rewards gained! §8(hover)
04:31:25 
04:31:25                                 §r§d§lBONUS GIFT
04:31:25                           §r§7§r§aStretching Sticks §r§8(§r§a20%§r§8)
04:31:25 §9§l▬▬▬▬▬▬▬▬▬▬▬▬▬▬▬▬▬▬▬▬▬▬▬▬▬▬▬▬▬▬▬▬▬▬▬▬▬▬▬▬▬▬▬▬▬▬▬▬▬▬▬▬▬▬▬▬▬▬▬▬▬▬▬▬
04:31:37 §9§l▬▬▬▬▬▬▬▬▬▬▬▬▬▬▬▬▬▬▬▬▬▬▬▬▬▬▬▬▬▬▬▬▬▬▬▬▬▬▬▬▬▬▬▬▬▬▬▬▬▬▬▬▬▬▬▬▬▬▬▬▬▬▬▬
04:31:37                                  §r§9§lTREE GIFT
04:31:37 
04:31:37                  §r§7You helped cut §r§a100% §r§7of the §r§aFig Tree§r§7.
04:31:37 §f                       §e+5 rewards gained! §8(hover)
04:31:37 
04:31:37                                 §r§d§lBONUS GIFT
04:31:37                           §r§7§r§aStretching Sticks §r§8(§r§a20%§r§8)
04:31:37 §9§l▬▬▬▬▬▬▬▬▬▬▬▬▬▬▬▬▬▬▬▬▬▬▬▬▬▬▬▬▬▬▬▬▬▬▬▬▬▬▬▬▬▬▬▬▬▬▬▬▬▬▬▬▬▬▬▬▬▬▬▬▬▬▬▬
04:31:51 §9§l▬▬▬▬▬▬▬▬▬▬▬▬▬▬▬▬▬▬▬▬▬▬▬▬▬▬▬▬▬▬▬▬▬▬▬▬▬▬▬▬▬▬▬▬▬▬▬▬▬▬▬▬▬▬▬▬▬▬▬▬▬▬▬▬
04:31:51                                  §r§9§lTREE GIFT
04:31:51 
04:31:51                  §r§7You helped cut §r§a100% §r§7of the §r§aFig Tree§r§7.
04:31:51 §f                       §e+5 rewards gained! §8(hover)
04:31:51 
04:31:51                                 §r§d§lBONUS GIFT
04:31:51                           §r§7§r§aStretching Sticks §r§8(§r§a20%§r§8)
04:31:51 §9§l▬▬▬▬▬▬▬▬▬▬▬▬▬▬▬▬▬▬▬▬▬▬▬▬▬▬▬▬▬▬▬▬▬▬▬▬▬▬▬▬▬▬▬▬▬▬▬▬▬▬▬▬▬▬▬▬▬▬▬▬▬▬▬▬
04:32:11 §9§l▬▬▬▬▬▬▬▬▬▬▬▬▬▬▬▬▬▬▬▬▬▬▬▬▬▬▬▬▬▬▬▬▬▬▬▬▬▬▬▬▬▬▬▬▬▬▬▬▬▬▬▬▬▬▬▬▬▬▬▬▬▬▬▬
04:32:11                                  §r§9§lTREE GIFT
04:32:11 
04:32:11                  §r§7You helped cut §r§a100% §r§7of the §r§aFig Tree§r§7.
04:32:11 §f                       §e+5 rewards gained! §8(hover)
04:32:11 §9§l▬▬▬▬▬▬▬▬▬▬▬▬▬▬▬▬▬▬▬▬▬▬▬▬▬▬▬▬▬▬▬▬▬▬▬▬▬▬▬▬▬▬▬▬▬▬▬▬▬▬▬▬▬▬▬▬▬▬▬▬▬▬▬▬
04:32:44 §9§l▬▬▬▬▬▬▬▬▬▬▬▬▬▬▬▬▬▬▬▬▬▬▬▬▬▬▬▬▬▬▬▬▬▬▬▬▬▬▬▬▬▬▬▬▬▬▬▬▬▬▬▬▬▬▬▬▬▬▬▬▬▬▬▬
04:32:44                                  §r§9§lTREE GIFT
04:32:44 
04:32:44                  §r§7You helped cut §r§a100% §r§7of the §r§aFig Tree§r§7.
04:32:44 §f                       §e+5 rewards gained! §8(hover)
04:32:44 §9§l▬▬▬▬▬▬▬▬▬▬▬▬▬▬▬▬▬▬▬▬▬▬▬▬▬▬▬▬▬▬▬▬▬▬▬▬▬▬▬▬▬▬▬▬▬▬▬▬▬▬▬▬▬▬▬▬▬▬▬▬▬▬▬▬
04:32:52 §9§l▬▬▬▬▬▬▬▬▬▬▬▬▬▬▬▬▬▬▬▬▬▬▬▬▬▬▬▬▬▬▬▬▬▬▬▬▬▬▬▬▬▬▬▬▬▬▬▬▬▬▬▬▬▬▬▬▬▬▬▬▬▬▬▬
04:32:52                                  §r§9§lTREE GIFT
04:32:52 
04:32:52                  §r§7You helped cut §r§a100% §r§7of the §r§aFig Tree§r§7.
04:32:52 §f                       §e+5 rewards gained! §8(hover)
04:32:52 §9§l▬▬▬▬▬▬▬▬▬▬▬▬▬▬▬▬▬▬▬▬▬▬▬▬▬▬▬▬▬▬▬▬▬▬▬▬▬▬▬▬▬▬▬▬▬▬▬▬▬▬▬▬▬▬▬▬▬▬▬▬▬▬▬▬
04:33:08 §9§l▬▬▬▬▬▬▬▬▬▬▬▬▬▬▬▬▬▬▬▬▬▬▬▬▬▬▬▬▬▬▬▬▬▬▬▬▬▬▬▬▬▬▬▬▬▬▬▬▬▬▬▬▬▬▬▬▬▬▬▬▬▬▬▬
04:33:08                                  §r§9§lTREE GIFT
04:33:08 
04:33:08                  §r§7You helped cut §r§a100% §r§7of the §r§aFig Tree§r§7.
04:33:08 §f                       §e+5 rewards gained! §8(hover)
04:33:08 
04:33:08                                 §r§d§lBONUS GIFT
04:33:08                           §r§7§r§aStretching Sticks §r§8(§r§a20%§r§8)
04:33:08 §9§l▬▬▬▬▬▬▬▬▬▬▬▬▬▬▬▬▬▬▬▬▬▬▬▬▬▬▬▬▬▬▬▬▬▬▬▬▬▬▬▬▬▬▬▬▬▬▬▬▬▬▬▬▬▬▬▬▬▬▬▬▬▬▬▬
04:33:28 §9§l▬▬▬▬▬▬▬▬▬▬▬▬▬▬▬▬▬▬▬▬▬▬▬▬▬▬▬▬▬▬▬▬▬▬▬▬▬▬▬▬▬▬▬▬▬▬▬▬▬▬▬▬▬▬▬▬▬▬▬▬▬▬▬▬
04:33:28                                  §r§9§lTREE GIFT
04:33:28 
04:33:28                  §r§7You helped cut §r§a100% §r§7of the §r§aFig Tree§r§7.
04:33:28 §f                       §e+5 rewards gained! §8(hover)
04:33:28 
04:33:28                                 §r§d§lBONUS GIFT
04:33:28                           §r§7§r§aStretching Sticks §r§8(§r§a20%§r§8)
04:33:28 §9§l▬▬▬▬▬▬▬▬▬▬▬▬▬▬▬▬▬▬▬▬▬▬▬▬▬▬▬▬▬▬▬▬▬▬▬▬▬▬▬▬▬▬▬▬▬▬▬▬▬▬▬▬▬▬▬▬▬▬▬▬▬▬▬▬
04:34:17 §9§l▬▬▬▬▬▬▬▬▬▬▬▬▬▬▬▬▬▬▬▬▬▬▬▬▬▬▬▬▬▬▬▬▬▬▬▬▬▬▬▬▬▬▬▬▬▬▬▬▬▬▬▬▬▬▬▬▬▬▬▬▬▬▬▬
04:34:17                                  §r§9§lTREE GIFT
04:34:17 
04:34:17                  §r§7You helped cut §r§a100% §r§7of the §r§aFig Tree§r§7.
04:34:17 §f                       §e+5 rewards gained! §8(hover)
04:34:17 §9§l▬▬▬▬▬▬▬▬▬▬▬▬▬▬▬▬▬▬▬▬▬▬▬▬▬▬▬▬▬▬▬▬▬▬▬▬▬▬▬▬▬▬▬▬▬▬▬▬▬▬▬▬▬▬▬▬▬▬▬▬▬▬▬▬
04:34:23 §9§l▬▬▬▬▬▬▬▬▬▬▬▬▬▬▬▬▬▬▬▬▬▬▬▬▬▬▬▬▬▬▬▬▬▬▬▬▬▬▬▬▬▬▬▬▬▬▬▬▬▬▬▬▬▬▬▬▬▬▬▬▬▬▬▬
04:34:23                                  §r§9§lTREE GIFT
04:34:23 
04:34:23                  §r§7You helped cut §r§a100% §r§7of the §r§aFig Tree§r§7.
04:34:23 §f                       §e+5 rewards gained! §8(hover)
04:34:23 §9§l▬▬▬▬▬▬▬▬▬▬▬▬▬▬▬▬▬▬▬▬▬▬▬▬▬▬▬▬▬▬▬▬▬▬▬▬▬▬▬▬▬▬▬▬▬▬▬▬▬▬▬▬▬▬▬▬▬▬▬▬▬▬▬▬
04:34:33 §9§l▬▬▬▬▬▬▬▬▬▬▬▬▬▬▬▬▬▬▬▬▬▬▬▬▬▬▬▬▬▬▬▬▬▬▬▬▬▬▬▬▬▬▬▬▬▬▬▬▬▬▬▬▬▬▬▬▬▬▬▬▬▬▬▬
04:34:33                                  §r§9§lTREE GIFT
04:34:33 
04:34:33                  §r§7You helped cut §r§a100% §r§7of the §r§aFig Tree§r§7.
04:34:33 §f                       §e+5 rewards gained! §8(hover)
04:34:33 
04:34:33                                 §r§d§lBONUS GIFT
04:34:33                           §r§7§r§aStretching Sticks §r§8(§r§a20%§r§8)
04:34:33 §9§l▬▬▬▬▬▬▬▬▬▬▬▬▬▬▬▬▬▬▬▬▬▬▬▬▬▬▬▬▬▬▬▬▬▬▬▬▬▬▬▬▬▬▬▬▬▬▬▬▬▬▬▬▬▬▬▬▬▬▬▬▬▬▬▬
04:34:44 §9§l▬▬▬▬▬▬▬▬▬▬▬▬▬▬▬▬▬▬▬▬▬▬▬▬▬▬▬▬▬▬▬▬▬▬▬▬▬▬▬▬▬▬▬▬▬▬▬▬▬▬▬▬▬▬▬▬▬▬▬▬▬▬▬▬
04:34:44                                  §r§9§lTREE GIFT
04:34:44 
04:34:44                  §r§7You helped cut §r§a100% §r§7of the §r§aFig Tree§r§7.
04:34:44 §f                       §e+5 rewards gained! §8(hover)
04:34:44 
04:34:44                                 §r§d§lBONUS GIFT
04:34:44                           §r§7§r§aStretching Sticks §r§8(§r§a20%§r§8)
04:34:44 §9§l▬▬▬▬▬▬▬▬▬▬▬▬▬▬▬▬▬▬▬▬▬▬▬▬▬▬▬▬▬▬▬▬▬▬▬▬▬▬▬▬▬▬▬▬▬▬▬▬▬▬▬▬▬▬▬▬▬▬▬▬▬▬▬▬
04:34:52 §9§l▬▬▬▬▬▬▬▬▬▬▬▬▬▬▬▬▬▬▬▬▬▬▬▬▬▬▬▬▬▬▬▬▬▬▬▬▬▬▬▬▬▬▬▬▬▬▬▬▬▬▬▬▬▬▬▬▬▬▬▬▬▬▬▬
04:34:52                                  §r§9§lTREE GIFT
04:34:52 
04:34:52                  §r§7You helped cut §r§a100% §r§7of the §r§aFig Tree§r§7.
04:34:52 §f                       §e+5 rewards gained! §8(hover)
04:34:52 
04:34:52                                 §r§d§lBONUS GIFT
04:34:52                           §r§7§r§aStretching Sticks §r§8(§r§a20%§r§8)
04:34:52                      §r§7A §r§dPhanpyre §r§7fell from the Tree!
04:34:52 §9§l▬▬▬▬▬▬▬▬▬▬▬▬▬▬▬▬▬▬▬▬▬▬▬▬▬▬▬▬▬▬▬▬▬▬▬▬▬▬▬▬▬▬▬▬▬▬▬▬▬▬▬▬▬▬▬▬▬▬▬▬▬▬▬▬
04:35:13 §9§l▬▬▬▬▬▬▬▬▬▬▬▬▬▬▬▬▬▬▬▬▬▬▬▬▬▬▬▬▬▬▬▬▬▬▬▬▬▬▬▬▬▬▬▬▬▬▬▬▬▬▬▬▬▬▬▬▬▬▬▬▬▬▬▬
04:35:13                                  §r§9§lTREE GIFT
04:35:13 
04:35:13                  §r§7You helped cut §r§a100% §r§7of the §r§aFig Tree§r§7.
04:35:13 §f                       §e+5 rewards gained! §8(hover)
04:35:13 §9§l▬▬▬▬▬▬▬▬▬▬▬▬▬▬▬▬▬▬▬▬▬▬▬▬▬▬▬▬▬▬▬▬▬▬▬▬▬▬▬▬▬▬▬▬▬▬▬▬▬▬▬▬▬▬▬▬▬▬▬▬▬▬▬▬
04:35:20 §9§l▬▬▬▬▬▬▬▬▬▬▬▬▬▬▬▬▬▬▬▬▬▬▬▬▬▬▬▬▬▬▬▬▬▬▬▬▬▬▬▬▬▬▬▬▬▬▬▬▬▬▬▬▬▬▬▬▬▬▬▬▬▬▬▬
04:35:20                                  §r§9§lTREE GIFT
04:35:20 
04:35:20                  §r§7You helped cut §r§a100% §r§7of the §r§aFig Tree§r§7.
04:35:20 §f                       §e+5 rewards gained! §8(hover)
04:35:20 
04:35:20                                 §r§d§lBONUS GIFT
04:35:20                           §r§7§r§aStretching Sticks §r§8(§r§a20%§r§8)
04:35:20                             §r§7§r§fSweep Booster §r§8(§r§a1%§r§8)
04:35:20 §9§l▬▬▬▬▬▬▬▬▬▬▬▬▬▬▬▬▬▬▬▬▬▬▬▬▬▬▬▬▬▬▬▬▬▬▬▬▬▬▬▬▬▬▬▬▬▬▬▬▬▬▬▬▬▬▬▬▬▬▬▬▬▬▬▬
04:35:26 §9§l▬▬▬▬▬▬▬▬▬▬▬▬▬▬▬▬▬▬▬▬▬▬▬▬▬▬▬▬▬▬▬▬▬▬▬▬▬▬▬▬▬▬▬▬▬▬▬▬▬▬▬▬▬▬▬▬▬▬▬▬▬▬▬▬
04:35:26                                  §r§9§lTREE GIFT
04:35:26 
04:35:26                  §r§7You helped cut §r§a100% §r§7of the §r§aFig Tree§r§7.
04:35:26 §f                       §e+5 rewards gained! §8(hover)
04:35:26 
04:35:26                                 §r§d§lBONUS GIFT
04:35:26                           §r§7§r§aStretching Sticks §r§8(§r§a20%§r§8)
04:35:26                      §r§7A §r§dPhanpyre §r§7fell from the Tree!
04:35:26 §9§l▬▬▬▬▬▬▬▬▬▬▬▬▬▬▬▬▬▬▬▬▬▬▬▬▬▬▬▬▬▬▬▬▬▬▬▬▬▬▬▬▬▬▬▬▬▬▬▬▬▬▬▬▬▬▬▬▬▬▬▬▬▬▬▬
04:35:46 §9§l▬▬▬▬▬▬▬▬▬▬▬▬▬▬▬▬▬▬▬▬▬▬▬▬▬▬▬▬▬▬▬▬▬▬▬▬▬▬▬▬▬▬▬▬▬▬▬▬▬▬▬▬▬▬▬▬▬▬▬▬▬▬▬▬
04:35:46                                  §r§9§lTREE GIFT
04:35:46 
04:35:46                  §r§7You helped cut §r§a100% §r§7of the §r§aFig Tree§r§7.
04:35:46 §f                       §e+5 rewards gained! §8(hover)
04:35:46 
04:35:46                                 §r§d§lBONUS GIFT
04:35:46                           §r§7§r§aStretching Sticks §r§8(§r§a20%§r§8)
04:35:46 §9§l▬▬▬▬▬▬▬▬▬▬▬▬▬▬▬▬▬▬▬▬▬▬▬▬▬▬▬▬▬▬▬▬▬▬▬▬▬▬▬▬▬▬▬▬▬▬▬▬▬▬▬▬▬▬▬▬▬▬▬▬▬▬▬▬
04:36:30 §9§l▬▬▬▬▬▬▬▬▬▬▬▬▬▬▬▬▬▬▬▬▬▬▬▬▬▬▬▬▬▬▬▬▬▬▬▬▬▬▬▬▬▬▬▬▬▬▬▬▬▬▬▬▬▬▬▬▬▬▬▬▬▬▬▬
04:36:30                                  §r§9§lTREE GIFT
04:36:30 
04:36:30                  §r§7You helped cut §r§a100% §r§7of the §r§aFig Tree§r§7.
04:36:30 §f                       §e+5 rewards gained! §8(hover)
04:36:30 §9§l▬▬▬▬▬▬▬▬▬▬▬▬▬▬▬▬▬▬▬▬▬▬▬▬▬▬▬▬▬▬▬▬▬▬▬▬▬▬▬▬▬▬▬▬▬▬▬▬▬▬▬▬▬▬▬▬▬▬▬▬▬▬▬▬
04:37:11 §9§l▬▬▬▬▬▬▬▬▬▬▬▬▬▬▬▬▬▬▬▬▬▬▬▬▬▬▬▬▬▬▬▬▬▬▬▬▬▬▬▬▬▬▬▬▬▬▬▬▬▬▬▬▬▬▬▬▬▬▬▬▬▬▬▬
04:37:11                                  §r§9§lTREE GIFT
04:37:11 
04:37:11                  §r§7You helped cut §r§a100% §r§7of the §r§aFig Tree§r§7.
04:37:11 §f                       §e+5 rewards gained! §8(hover)
04:37:11 
04:37:11                                 §r§d§lBONUS GIFT
04:37:11                           §r§7§r§aStretching Sticks §r§8(§r§a20%§r§8)
04:37:11 §9§l▬▬▬▬▬▬▬▬▬▬▬▬▬▬▬▬▬▬▬▬▬▬▬▬▬▬▬▬▬▬▬▬▬▬▬▬▬▬▬▬▬▬▬▬▬▬▬▬▬▬▬▬▬▬▬▬▬▬▬▬▬▬▬▬
04:37:25 §9§l▬▬▬▬▬▬▬▬▬▬▬▬▬▬▬▬▬▬▬▬▬▬▬▬▬▬▬▬▬▬▬▬▬▬▬▬▬▬▬▬▬▬▬▬▬▬▬▬▬▬▬▬▬▬▬▬▬▬▬▬▬▬▬▬
04:37:26                                  §r§9§lTREE GIFT
04:37:26 
04:37:26                  §r§7You helped cut §r§a100% §r§7of the §r§aFig Tree§r§7.
04:37:26 §f                       §e+5 rewards gained! §8(hover)
04:37:26 
04:37:26                                 §r§d§lBONUS GIFT
04:37:26                           §r§7§r§aStretching Sticks §r§8(§r§a20%§r§8)
04:37:26 §9§l▬▬▬▬▬▬▬▬▬▬▬▬▬▬▬▬▬▬▬▬▬▬▬▬▬▬▬▬▬▬▬▬▬▬▬▬▬▬▬▬▬▬▬▬▬▬▬▬▬▬▬▬▬▬▬▬▬▬▬▬▬▬▬▬
04:37:41 §9§l▬▬▬▬▬▬▬▬▬▬▬▬▬▬▬▬▬▬▬▬▬▬▬▬▬▬▬▬▬▬▬▬▬▬▬▬▬▬▬▬▬▬▬▬▬▬▬▬▬▬▬▬▬▬▬▬▬▬▬▬▬▬▬▬
04:37:41                                  §r§9§lTREE GIFT
04:37:41 
04:37:41                  §r§7You helped cut §r§a100% §r§7of the §r§aFig Tree§r§7.
04:37:41 §f                       §e+5 rewards gained! §8(hover)
04:37:41 §9§l▬▬▬▬▬▬▬▬▬▬▬▬▬▬▬▬▬▬▬▬▬▬▬▬▬▬▬▬▬▬▬▬▬▬▬▬▬▬▬▬▬▬▬▬▬▬▬▬▬▬▬▬▬▬▬▬▬▬▬▬▬▬▬▬
04:38:20 §9§l▬▬▬▬▬▬▬▬▬▬▬▬▬▬▬▬▬▬▬▬▬▬▬▬▬▬▬▬▬▬▬▬▬▬▬▬▬▬▬▬▬▬▬▬▬▬▬▬▬▬▬▬▬▬▬▬▬▬▬▬▬▬▬▬
04:38:20                                  §r§9§lTREE GIFT
04:38:20 
04:38:20                  §r§7You helped cut §r§a100% §r§7of the §r§aFig Tree§r§7.
04:38:20 §f                       §e+5 rewards gained! §8(hover)
04:38:20 
04:38:20                                 §r§d§lBONUS GIFT
04:38:20                           §r§7§r§aStretching Sticks §r§8(§r§a20%§r§8)
04:38:20                      §r§7A §r§dPhanpyre §r§7fell from the Tree!
04:38:20 §9§l▬▬▬▬▬▬▬▬▬▬▬▬▬▬▬▬▬▬▬▬▬▬▬▬▬▬▬▬▬▬▬▬▬▬▬▬▬▬▬▬▬▬▬▬▬▬▬▬▬▬▬▬▬▬▬▬▬▬▬▬▬▬▬▬
04:40:30 §9§l▬▬▬▬▬▬▬▬▬▬▬▬▬▬▬▬▬▬▬▬▬▬▬▬▬▬▬▬▬▬▬▬▬▬▬▬▬▬▬▬▬▬▬▬▬▬▬▬▬▬▬▬▬▬▬▬▬▬▬▬▬▬▬▬
04:40:30                                  §r§9§lTREE GIFT
04:40:30 
04:40:30                  §r§7You helped cut §r§a100% §r§7of the §r§aFig Tree§r§7.
04:40:30 §f                       §e+5 rewards gained! §8(hover)
04:40:30 
04:40:30                                 §r§d§lBONUS GIFT
04:40:30                           §r§7§r§aStretching Sticks §r§8(§r§a20%§r§8)
04:40:30 §9§l▬▬▬▬▬▬▬▬▬▬▬▬▬▬▬▬▬▬▬▬▬▬▬▬▬▬▬▬▬▬▬▬▬▬▬▬▬▬▬▬▬▬▬▬▬▬▬▬▬▬▬▬▬▬▬▬▬▬▬▬▬▬▬▬
04:40:47 §9§l▬▬▬▬▬▬▬▬▬▬▬▬▬▬▬▬▬▬▬▬▬▬▬▬▬▬▬▬▬▬▬▬▬▬▬▬▬▬▬▬▬▬▬▬▬▬▬▬▬▬▬▬▬▬▬▬▬▬▬▬▬▬▬▬
04:40:47                                  §r§9§lTREE GIFT
04:40:47 
04:40:47                  §r§7You helped cut §r§a100% §r§7of the §r§aFig Tree§r§7.
04:40:47 §f                       §e+5 rewards gained! §8(hover)
04:40:47 
04:40:47                                 §r§d§lBONUS GIFT
04:40:47                           §r§7§r§aStretching Sticks §r§8(§r§a20%§r§8)
04:40:47 §9§l▬▬▬▬▬▬▬▬▬▬▬▬▬▬▬▬▬▬▬▬▬▬▬▬▬▬▬▬▬▬▬▬▬▬▬▬▬▬▬▬▬▬▬▬▬▬▬▬▬▬▬▬▬▬▬▬▬▬▬▬▬▬▬▬
04:40:59 §9§l▬▬▬▬▬▬▬▬▬▬▬▬▬▬▬▬▬▬▬▬▬▬▬▬▬▬▬▬▬▬▬▬▬▬▬▬▬▬▬▬▬▬▬▬▬▬▬▬▬▬▬▬▬▬▬▬▬▬▬▬▬▬▬▬
04:40:59                                  §r§9§lTREE GIFT
04:40:59 
04:40:59                  §r§7You helped cut §r§a100% §r§7of the §r§aFig Tree§r§7.
04:40:59 §f                       §e+5 rewards gained! §8(hover)
04:40:59 
04:40:59                                 §r§d§lBONUS GIFT
04:40:59                           §r§7§r§aStretching Sticks §r§8(§r§a20%§r§8)
04:40:59 §9§l▬▬▬▬▬▬▬▬▬▬▬▬▬▬▬▬▬▬▬▬▬▬▬▬▬▬▬▬▬▬▬▬▬▬▬▬▬▬▬▬▬▬▬▬▬▬▬▬▬▬▬▬▬▬▬▬▬▬▬▬▬▬▬▬
04:41:14 §9§l▬▬▬▬▬▬▬▬▬▬▬▬▬▬▬▬▬▬▬▬▬▬▬▬▬▬▬▬▬▬▬▬▬▬▬▬▬▬▬▬▬▬▬▬▬▬▬▬▬▬▬▬▬▬▬▬▬▬▬▬▬▬▬▬
04:41:14                                  §r§9§lTREE GIFT
04:41:14 
04:41:14                  §r§7You helped cut §r§a100% §r§7of the §r§aFig Tree§r§7.
04:41:14 §f                       §e+5 rewards gained! §8(hover)
04:41:14 
04:41:14                                 §r§d§lBONUS GIFT
04:41:14                           §r§7§r§aStretching Sticks §r§8(§r§a20%§r§8)
04:41:14                      §r§7A §r§dPhanpyre §r§7fell from the Tree!
04:41:14 §9§l▬▬▬▬▬▬▬▬▬▬▬▬▬▬▬▬▬▬▬▬▬▬▬▬▬▬▬▬▬▬▬▬▬▬▬▬▬▬▬▬▬▬▬▬▬▬▬▬▬▬▬▬▬▬▬▬▬▬▬▬▬▬▬▬
04:41:28 §9§l▬▬▬▬▬▬▬▬▬▬▬▬▬▬▬▬▬▬▬▬▬▬▬▬▬▬▬▬▬▬▬▬▬▬▬▬▬▬▬▬▬▬▬▬▬▬▬▬▬▬▬▬▬▬▬▬▬▬▬▬▬▬▬▬
04:41:28                                  §r§9§lTREE GIFT
04:41:28 
04:41:28                  §r§7You helped cut §r§a100% §r§7of the §r§aFig Tree§r§7.
04:41:28 §f                       §e+5 rewards gained! §8(hover)
04:41:28 
04:41:28                                 §r§d§lBONUS GIFT
04:41:28                           §r§7§r§aStretching Sticks §r§8(§r§a20%§r§8)
04:41:28 §9§l▬▬▬▬▬▬▬▬▬▬▬▬▬▬▬▬▬▬▬▬▬▬▬▬▬▬▬▬▬▬▬▬▬▬▬▬▬▬▬▬▬▬▬▬▬▬▬▬▬▬▬▬▬▬▬▬▬▬▬▬▬▬▬▬
04:41:38 §9§l▬▬▬▬▬▬▬▬▬▬▬▬▬▬▬▬▬▬▬▬▬▬▬▬▬▬▬▬▬▬▬▬▬▬▬▬▬▬▬▬▬▬▬▬▬▬▬▬▬▬▬▬▬▬▬▬▬▬▬▬▬▬▬▬
04:41:38                                  §r§9§lTREE GIFT
04:41:38 
04:41:38                  §r§7You helped cut §r§a100% §r§7of the §r§aFig Tree§r§7.
04:41:38 §f                       §e+5 rewards gained! §8(hover)
04:41:38 
04:41:38                                 §r§d§lBONUS GIFT
04:41:38                           §r§7§r§aStretching Sticks §r§8(§r§a20%§r§8)
04:41:38 §9§l▬▬▬▬▬▬▬▬▬▬▬▬▬▬▬▬▬▬▬▬▬▬▬▬▬▬▬▬▬▬▬▬▬▬▬▬▬▬▬▬▬▬▬▬▬▬▬▬▬▬▬▬▬▬▬▬▬▬▬▬▬▬▬▬
04:41:48 §9§l▬▬▬▬▬▬▬▬▬▬▬▬▬▬▬▬▬▬▬▬▬▬▬▬▬▬▬▬▬▬▬▬▬▬▬▬▬▬▬▬▬▬▬▬▬▬▬▬▬▬▬▬▬▬▬▬▬▬▬▬▬▬▬▬
04:41:48                                  §r§9§lTREE GIFT
04:41:48 
04:41:48                  §r§7You helped cut §r§a100% §r§7of the §r§aFig Tree§r§7.
04:41:48 §f                       §e+5 rewards gained! §8(hover)
04:41:48 §9§l▬▬▬▬▬▬▬▬▬▬▬▬▬▬▬▬▬▬▬▬▬▬▬▬▬▬▬▬▬▬▬▬▬▬▬▬▬▬▬▬▬▬▬▬▬▬▬▬▬▬▬▬▬▬▬▬▬▬▬▬▬▬▬▬
04:42:05 §9§l▬▬▬▬▬▬▬▬▬▬▬▬▬▬▬▬▬▬▬▬▬▬▬▬▬▬▬▬▬▬▬▬▬▬▬▬▬▬▬▬▬▬▬▬▬▬▬▬▬▬▬▬▬▬▬▬▬▬▬▬▬▬▬▬
04:42:05                                  §r§9§lTREE GIFT
04:42:05 
04:42:05                  §r§7You helped cut §r§a100% §r§7of the §r§aFig Tree§r§7.
04:42:05 §f                       §e+5 rewards gained! §8(hover)
04:42:05 
04:42:05                                 §r§d§lBONUS GIFT
04:42:05                           §r§7§r§aStretching Sticks §r§8(§r§a20%§r§8)
04:42:05 §9§l▬▬▬▬▬▬▬▬▬▬▬▬▬▬▬▬▬▬▬▬▬▬▬▬▬▬▬▬▬▬▬▬▬▬▬▬▬▬▬▬▬▬▬▬▬▬▬▬▬▬▬▬▬▬▬▬▬▬▬▬▬▬▬▬
04:42:14 §9§l▬▬▬▬▬▬▬▬▬▬▬▬▬▬▬▬▬▬▬▬▬▬▬▬▬▬▬▬▬▬▬▬▬▬▬▬▬▬▬▬▬▬▬▬▬▬▬▬▬▬▬▬▬▬▬▬▬▬▬▬▬▬▬▬
04:42:14                                  §r§9§lTREE GIFT
04:42:14 
04:42:14                  §r§7You helped cut §r§a100% §r§7of the §r§aFig Tree§r§7.
04:42:14 §f                       §e+5 rewards gained! §8(hover)
04:42:14 
04:42:14                                 §r§d§lBONUS GIFT
04:42:14                           §r§7§r§aStretching Sticks §r§8(§r§a20%§r§8)
04:42:14 §9§l▬▬▬▬▬▬▬▬▬▬▬▬▬▬▬▬▬▬▬▬▬▬▬▬▬▬▬▬▬▬▬▬▬▬▬▬▬▬▬▬▬▬▬▬▬▬▬▬▬▬▬▬▬▬▬▬▬▬▬▬▬▬▬▬
04:42:26 §9§l▬▬▬▬▬▬▬▬▬▬▬▬▬▬▬▬▬▬▬▬▬▬▬▬▬▬▬▬▬▬▬▬▬▬▬▬▬▬▬▬▬▬▬▬▬▬▬▬▬▬▬▬▬▬▬▬▬▬▬▬▬▬▬▬
04:42:26                                  §r§9§lTREE GIFT
04:42:26 
04:42:26                  §r§7You helped cut §r§a100% §r§7of the §r§aFig Tree§r§7.
04:42:26 §f                       §e+5 rewards gained! §8(hover)
04:42:26 
04:42:26                                 §r§d§lBONUS GIFT
04:42:26                           §r§7§r§aStretching Sticks §r§8(§r§a20%§r§8)
04:42:26 §9§l▬▬▬▬▬▬▬▬▬▬▬▬▬▬▬▬▬▬▬▬▬▬▬▬▬▬▬▬▬▬▬▬▬▬▬▬▬▬▬▬▬▬▬▬▬▬▬▬▬▬▬▬▬▬▬▬▬▬▬▬▬▬▬▬
04:42:37 §9§l▬▬▬▬▬▬▬▬▬▬▬▬▬▬▬▬▬▬▬▬▬▬▬▬▬▬▬▬▬▬▬▬▬▬▬▬▬▬▬▬▬▬▬▬▬▬▬▬▬▬▬▬▬▬▬▬▬▬▬▬▬▬▬▬
04:42:37                                  §r§9§lTREE GIFT
04:42:37 
04:42:37                  §r§7You helped cut §r§a100% §r§7of the §r§aFig Tree§r§7.
04:42:37 §f                       §e+5 rewards gained! §8(hover)
04:42:37 
04:42:37                                 §r§d§lBONUS GIFT
04:42:37                           §r§7§r§aStretching Sticks §r§8(§r§a20%§r§8)
04:42:37                      §r§7A §r§dPhanpyre §r§7fell from the Tree!
04:42:37 §9§l▬▬▬▬▬▬▬▬▬▬▬▬▬▬▬▬▬▬▬▬▬▬▬▬▬▬▬▬▬▬▬▬▬▬▬▬▬▬▬▬▬▬▬▬▬▬▬▬▬▬▬▬▬▬▬▬▬▬▬▬▬▬▬▬
04:42:59 §9§l▬▬▬▬▬▬▬▬▬▬▬▬▬▬▬▬▬▬▬▬▬▬▬▬▬▬▬▬▬▬▬▬▬▬▬▬▬▬▬▬▬▬▬▬▬▬▬▬▬▬▬▬▬▬▬▬▬▬▬▬▬▬▬▬
04:42:59                                  §r§9§lTREE GIFT
04:42:59 
04:42:59                  §r§7You helped cut §r§a100% §r§7of the §r§aFig Tree§r§7.
04:42:59 §f                       §e+5 rewards gained! §8(hover)
04:42:59 
04:42:59                                 §r§d§lBONUS GIFT
04:42:59                           §r§7§r§aStretching Sticks §r§8(§r§a20%§r§8)
04:42:59 §9§l▬▬▬▬▬▬▬▬▬▬▬▬▬▬▬▬▬▬▬▬▬▬▬▬▬▬▬▬▬▬▬▬▬▬▬▬▬▬▬▬▬▬▬▬▬▬▬▬▬▬▬▬▬▬▬▬▬▬▬▬▬▬▬▬
04:43:08 §9§l▬▬▬▬▬▬▬▬▬▬▬▬▬▬▬▬▬▬▬▬▬▬▬▬▬▬▬▬▬▬▬▬▬▬▬▬▬▬▬▬▬▬▬▬▬▬▬▬▬▬▬▬▬▬▬▬▬▬▬▬▬▬▬▬
04:43:08                                  §r§9§lTREE GIFT
04:43:08 
04:43:08                  §r§7You helped cut §r§a100% §r§7of the §r§aFig Tree§r§7.
04:43:08 §f                       §e+5 rewards gained! §8(hover)
04:43:08 
04:43:08                                 §r§d§lBONUS GIFT
04:43:08                             §r§7§r§fSweep Booster §r§8(§r§a1%§r§8)
04:43:08 §9§l▬▬▬▬▬▬▬▬▬▬▬▬▬▬▬▬▬▬▬▬▬▬▬▬▬▬▬▬▬▬▬▬▬▬▬▬▬▬▬▬▬▬▬▬▬▬▬▬▬▬▬▬▬▬▬▬▬▬▬▬▬▬▬▬
04:43:22 §9§l▬▬▬▬▬▬▬▬▬▬▬▬▬▬▬▬▬▬▬▬▬▬▬▬▬▬▬▬▬▬▬▬▬▬▬▬▬▬▬▬▬▬▬▬▬▬▬▬▬▬▬▬▬▬▬▬▬▬▬▬▬▬▬▬
04:43:22                                  §r§9§lTREE GIFT
04:43:22 
04:43:22                  §r§7You helped cut §r§a100% §r§7of the §r§aFig Tree§r§7.
04:43:22 §f                       §e+5 rewards gained! §8(hover)
04:43:22 
04:43:22                                 §r§d§lBONUS GIFT
04:43:22                           §r§7§r§aStretching Sticks §r§8(§r§a20%§r§8)
04:43:22 §9§l▬▬▬▬▬▬▬▬▬▬▬▬▬▬▬▬▬▬▬▬▬▬▬▬▬▬▬▬▬▬▬▬▬▬▬▬▬▬▬▬▬▬▬▬▬▬▬▬▬▬▬▬▬▬▬▬▬▬▬▬▬▬▬▬
04:44:28 §9§l▬▬▬▬▬▬▬▬▬▬▬▬▬▬▬▬▬▬▬▬▬▬▬▬▬▬▬▬▬▬▬▬▬▬▬▬▬▬▬▬▬▬▬▬▬▬▬▬▬▬▬▬▬▬▬▬▬▬▬▬▬▬▬▬
04:44:28                                  §r§9§lTREE GIFT
04:44:28 
04:44:28                  §r§7You helped cut §r§a100% §r§7of the §r§aFig Tree§r§7.
04:44:28 §f                       §e+5 rewards gained! §8(hover)
04:44:28 
04:44:28                                 §r§d§lBONUS GIFT
04:44:28                           §r§7§r§aStretching Sticks §r§8(§r§a20%§r§8)
04:44:28 §9§l▬▬▬▬▬▬▬▬▬▬▬▬▬▬▬▬▬▬▬▬▬▬▬▬▬▬▬▬▬▬▬▬▬▬▬▬▬▬▬▬▬▬▬▬▬▬▬▬▬▬▬▬▬▬▬▬▬▬▬▬▬▬▬▬
04:44:41 §9§l▬▬▬▬▬▬▬▬▬▬▬▬▬▬▬▬▬▬▬▬▬▬▬▬▬▬▬▬▬▬▬▬▬▬▬▬▬▬▬▬▬▬▬▬▬▬▬▬▬▬▬▬▬▬▬▬▬▬▬▬▬▬▬▬
04:44:41                                  §r§9§lTREE GIFT
04:44:41 
04:44:41                  §r§7You helped cut §r§a100% §r§7of the §r§aFig Tree§r§7.
04:44:41 §f                       §e+5 rewards gained! §8(hover)
04:44:41 
04:44:41                                 §r§d§lBONUS GIFT
04:44:41                      §r§7§r§fForaging Wisdom Booster §r§8(§r§a0.5%§r§8)
04:44:41                      §r§7A §r§dPhanflare §r§7fell from the Tree!
04:44:41 §9§l▬▬▬▬▬▬▬▬▬▬▬▬▬▬▬▬▬▬▬▬▬▬▬▬▬▬▬▬▬▬▬▬▬▬▬▬▬▬▬▬▬▬▬▬▬▬▬▬▬▬▬▬▬▬▬▬▬▬▬▬▬▬▬▬
04:44:58 §9§l▬▬▬▬▬▬▬▬▬▬▬▬▬▬▬▬▬▬▬▬▬▬▬▬▬▬▬▬▬▬▬▬▬▬▬▬▬▬▬▬▬▬▬▬▬▬▬▬▬▬▬▬▬▬▬▬▬▬▬▬▬▬▬▬
04:44:58                                  §r§9§lTREE GIFT
04:44:58 
04:44:58                  §r§7You helped cut §r§a100% §r§7of the §r§aFig Tree§r§7.
04:44:58 §f                       §e+5 rewards gained! §8(hover)
04:44:58                      §r§7A §r§dPhanpyre §r§7fell from the Tree!
04:44:58 §9§l▬▬▬▬▬▬▬▬▬▬▬▬▬▬▬▬▬▬▬▬▬▬▬▬▬▬▬▬▬▬▬▬▬▬▬▬▬▬▬▬▬▬▬▬▬▬▬▬▬▬▬▬▬▬▬▬▬▬▬▬▬▬▬▬
04:45:17 §9§l▬▬▬▬▬▬▬▬▬▬▬▬▬▬▬▬▬▬▬▬▬▬▬▬▬▬▬▬▬▬▬▬▬▬▬▬▬▬▬▬▬▬▬▬▬▬▬▬▬▬▬▬▬▬▬▬▬▬▬▬▬▬▬▬
04:45:17                                  §r§9§lTREE GIFT
04:45:17 
04:45:17                  §r§7You helped cut §r§a100% §r§7of the §r§aFig Tree§r§7.
04:45:17 §f                       §e+5 rewards gained! §8(hover)
04:45:17 §9§l▬▬▬▬▬▬▬▬▬▬▬▬▬▬▬▬▬▬▬▬▬▬▬▬▬▬▬▬▬▬▬▬▬▬▬▬▬▬▬▬▬▬▬▬▬▬▬▬▬▬▬▬▬▬▬▬▬▬▬▬▬▬▬▬
04:45:44 §9§l▬▬▬▬▬▬▬▬▬▬▬▬▬▬▬▬▬▬▬▬▬▬▬▬▬▬▬▬▬▬▬▬▬▬▬▬▬▬▬▬▬▬▬▬▬▬▬▬▬▬▬▬▬▬▬▬▬▬▬▬▬▬▬▬
04:45:44                                  §r§9§lTREE GIFT
04:45:44 
04:45:44                  §r§7You helped cut §r§a100% §r§7of the §r§aFig Tree§r§7.
04:45:44 §f                       §e+5 rewards gained! §8(hover)
04:45:44 
04:45:44                                 §r§d§lBONUS GIFT
04:45:44                           §r§7§r§aStretching Sticks §r§8(§r§a20%§r§8)
04:45:44                      §r§7A §r§dPhanflare §r§7fell from the Tree!
04:45:44 §9§l▬▬▬▬▬▬▬▬▬▬▬▬▬▬▬▬▬▬▬▬▬▬▬▬▬▬▬▬▬▬▬▬▬▬▬▬▬▬▬▬▬▬▬▬▬▬▬▬▬▬▬▬▬▬▬▬▬▬▬▬▬▬▬▬
04:45:58 §9§l▬▬▬▬▬▬▬▬▬▬▬▬▬▬▬▬▬▬▬▬▬▬▬▬▬▬▬▬▬▬▬▬▬▬▬▬▬▬▬▬▬▬▬▬▬▬▬▬▬▬▬▬▬▬▬▬▬▬▬▬▬▬▬▬
04:45:58                                  §r§9§lTREE GIFT
04:45:58 
04:45:58                  §r§7You helped cut §r§a100% §r§7of the §r§aFig Tree§r§7.
04:45:58 §f                       §e+5 rewards gained! §8(hover)
04:45:58 
04:45:58                                 §r§d§lBONUS GIFT
04:45:58                           §r§7§r§aStretching Sticks §r§8(§r§a20%§r§8)
04:45:58 §9§l▬▬▬▬▬▬▬▬▬▬▬▬▬▬▬▬▬▬▬▬▬▬▬▬▬▬▬▬▬▬▬▬▬▬▬▬▬▬▬▬▬▬▬▬▬▬▬▬▬▬▬▬▬▬▬▬▬▬▬▬▬▬▬▬
04:46:07 §9§l▬▬▬▬▬▬▬▬▬▬▬▬▬▬▬▬▬▬▬▬▬▬▬▬▬▬▬▬▬▬▬▬▬▬▬▬▬▬▬▬▬▬▬▬▬▬▬▬▬▬▬▬▬▬▬▬▬▬▬▬▬▬▬▬
04:46:07                                  §r§9§lTREE GIFT
04:46:07 
04:46:07                   §r§7You helped cut §r§a95% §r§7of the §r§aFig Tree§r§7.
04:46:07 §f                       §e+5 rewards gained! §8(hover)
04:46:07 
04:46:07                                 §r§d§lBONUS GIFT
04:46:07                           §r§7§r§aStretching Sticks §r§8(§r§a20%§r§8)
04:46:07                      §r§7A §r§dPhanpyre §r§7fell from the Tree!
04:46:07 §9§l▬▬▬▬▬▬▬▬▬▬▬▬▬▬▬▬▬▬▬▬▬▬▬▬▬▬▬▬▬▬▬▬▬▬▬▬▬▬▬▬▬▬▬▬▬▬▬▬▬▬▬▬▬▬▬▬▬▬▬▬▬▬▬▬
04:46:16 §9§l▬▬▬▬▬▬▬▬▬▬▬▬▬▬▬▬▬▬▬▬▬▬▬▬▬▬▬▬▬▬▬▬▬▬▬▬▬▬▬▬▬▬▬▬▬▬▬▬▬▬▬▬▬▬▬▬▬▬▬▬▬▬▬▬
04:46:16                                  §r§9§lTREE GIFT
04:46:16 
04:46:16                  §r§7You helped cut §r§a100% §r§7of the §r§aFig Tree§r§7.
04:46:16 §f                       §e+5 rewards gained! §8(hover)
04:46:16 
04:46:16                                 §r§d§lBONUS GIFT
04:46:16                           §r§7§r§aStretching Sticks §r§8(§r§a20%§r§8)
04:46:16 §9§l▬▬▬▬▬▬▬▬▬▬▬▬▬▬▬▬▬▬▬▬▬▬▬▬▬▬▬▬▬▬▬▬▬▬▬▬▬▬▬▬▬▬▬▬▬▬▬▬▬▬▬▬▬▬▬▬▬▬▬▬▬▬▬▬
04:46:26 §9§l▬▬▬▬▬▬▬▬▬▬▬▬▬▬▬▬▬▬▬▬▬▬▬▬▬▬▬▬▬▬▬▬▬▬▬▬▬▬▬▬▬▬▬▬▬▬▬▬▬▬▬▬▬▬▬▬▬▬▬▬▬▬▬▬
04:46:26                                  §r§9§lTREE GIFT
04:46:26 
04:46:26                  §r§7You helped cut §r§a100% §r§7of the §r§aFig Tree§r§7.
04:46:26 §f                       §e+5 rewards gained! §8(hover)
04:46:26                      §r§7A §r§dPhanpyre §r§7fell from the Tree!
04:46:26 §9§l▬▬▬▬▬▬▬▬▬▬▬▬▬▬▬▬▬▬▬▬▬▬▬▬▬▬▬▬▬▬▬▬▬▬▬▬▬▬▬▬▬▬▬▬▬▬▬▬▬▬▬▬▬▬▬▬▬▬▬▬▬▬▬▬
04:47:44 §9§l▬▬▬▬▬▬▬▬▬▬▬▬▬▬▬▬▬▬▬▬▬▬▬▬▬▬▬▬▬▬▬▬▬▬▬▬▬▬▬▬▬▬▬▬▬▬▬▬▬▬▬▬▬▬▬▬▬▬▬▬▬▬▬▬
04:47:44                                  §r§9§lTREE GIFT
04:47:44 
04:47:44                  §r§7You helped cut §r§a100% §r§7of the §r§aFig Tree§r§7.
04:47:44 §f                       §e+5 rewards gained! §8(hover)
04:47:44 
04:47:44                                 §r§d§lBONUS GIFT
04:47:44                           §r§7§r§aStretching Sticks §r§8(§r§a20%§r§8)
04:47:44 §9§l▬▬▬▬▬▬▬▬▬▬▬▬▬▬▬▬▬▬▬▬▬▬▬▬▬▬▬▬▬▬▬▬▬▬▬▬▬▬▬▬▬▬▬▬▬▬▬▬▬▬▬▬▬▬▬▬▬▬▬▬▬▬▬▬
04:47:50 §9§l▬▬▬▬▬▬▬▬▬▬▬▬▬▬▬▬▬▬▬▬▬▬▬▬▬▬▬▬▬▬▬▬▬▬▬▬▬▬▬▬▬▬▬▬▬▬▬▬▬▬▬▬▬▬▬▬▬▬▬▬▬▬▬▬
04:47:50                                  §r§9§lTREE GIFT
04:47:50 
04:47:50                  §r§7You helped cut §r§a100% §r§7of the §r§aFig Tree§r§7.
04:47:50 §f                       §e+5 rewards gained! §8(hover)
04:47:50 
04:47:50                                 §r§d§lBONUS GIFT
04:47:50                           §r§7§r§aStretching Sticks §r§8(§r§a20%§r§8)
04:47:50 §9§l▬▬▬▬▬▬▬▬▬▬▬▬▬▬▬▬▬▬▬▬▬▬▬▬▬▬▬▬▬▬▬▬▬▬▬▬▬▬▬▬▬▬▬▬▬▬▬▬▬▬▬▬▬▬▬▬▬▬▬▬▬▬▬▬
04:47:59 §9§l▬▬▬▬▬▬▬▬▬▬▬▬▬▬▬▬▬▬▬▬▬▬▬▬▬▬▬▬▬▬▬▬▬▬▬▬▬▬▬▬▬▬▬▬▬▬▬▬▬▬▬▬▬▬▬▬▬▬▬▬▬▬▬▬
04:47:59                                  §r§9§lTREE GIFT
04:47:59 
04:47:59                  §r§7You helped cut §r§a100% §r§7of the §r§aFig Tree§r§7.
04:47:59 §f                       §e+5 rewards gained! §8(hover)
04:47:59 §9§l▬▬▬▬▬▬▬▬▬▬▬▬▬▬▬▬▬▬▬▬▬▬▬▬▬▬▬▬▬▬▬▬▬▬▬▬▬▬▬▬▬▬▬▬▬▬▬▬▬▬▬▬▬▬▬▬▬▬▬▬▬▬▬▬
04:48:09 §9§l▬▬▬▬▬▬▬▬▬▬▬▬▬▬▬▬▬▬▬▬▬▬▬▬▬▬▬▬▬▬▬▬▬▬▬▬▬▬▬▬▬▬▬▬▬▬▬▬▬▬▬▬▬▬▬▬▬▬▬▬▬▬▬▬
04:48:09                                  §r§9§lTREE GIFT
04:48:09 
04:48:09                  §r§7You helped cut §r§a100% §r§7of the §r§aFig Tree§r§7.
04:48:09 §f                       §e+5 rewards gained! §8(hover)
04:48:09 
04:48:09                                 §r§d§lBONUS GIFT
04:48:09                           §r§7§r§aStretching Sticks §r§8(§r§a20%§r§8)
04:48:09 §9§l▬▬▬▬▬▬▬▬▬▬▬▬▬▬▬▬▬▬▬▬▬▬▬▬▬▬▬▬▬▬▬▬▬▬▬▬▬▬▬▬▬▬▬▬▬▬▬▬▬▬▬▬▬▬▬▬▬▬▬▬▬▬▬▬
04:48:31 §9§l▬▬▬▬▬▬▬▬▬▬▬▬▬▬▬▬▬▬▬▬▬▬▬▬▬▬▬▬▬▬▬▬▬▬▬▬▬▬▬▬▬▬▬▬▬▬▬▬▬▬▬▬▬▬▬▬▬▬▬▬▬▬▬▬
04:48:31                                  §r§9§lTREE GIFT
04:48:31 
04:48:31                  §r§7You helped cut §r§a100% §r§7of the §r§aFig Tree§r§7.
04:48:31 §f                       §e+5 rewards gained! §8(hover)
04:48:31 
04:48:31                                 §r§d§lBONUS GIFT
04:48:31                           §r§7§r§aStretching Sticks §r§8(§r§a20%§r§8)
04:48:31 §9§l▬▬▬▬▬▬▬▬▬▬▬▬▬▬▬▬▬▬▬▬▬▬▬▬▬▬▬▬▬▬▬▬▬▬▬▬▬▬▬▬▬▬▬▬▬▬▬▬▬▬▬▬▬▬▬▬▬▬▬▬▬▬▬▬
04:48:42 §9§l▬▬▬▬▬▬▬▬▬▬▬▬▬▬▬▬▬▬▬▬▬▬▬▬▬▬▬▬▬▬▬▬▬▬▬▬▬▬▬▬▬▬▬▬▬▬▬▬▬▬▬▬▬▬▬▬▬▬▬▬▬▬▬▬
04:48:42                                  §r§9§lTREE GIFT
04:48:42 
04:48:42                  §r§7You helped cut §r§a100% §r§7of the §r§aFig Tree§r§7.
04:48:42 §f                       §e+5 rewards gained! §8(hover)
04:48:42 
04:48:42                                 §r§d§lBONUS GIFT
04:48:42                           §r§7§r§aStretching Sticks §r§8(§r§a20%§r§8)
04:48:42 §9§l▬▬▬▬▬▬▬▬▬▬▬▬▬▬▬▬▬▬▬▬▬▬▬▬▬▬▬▬▬▬▬▬▬▬▬▬▬▬▬▬▬▬▬▬▬▬▬▬▬▬▬▬▬▬▬▬▬▬▬▬▬▬▬▬
04:48:50 §9§l▬▬▬▬▬▬▬▬▬▬▬▬▬▬▬▬▬▬▬▬▬▬▬▬▬▬▬▬▬▬▬▬▬▬▬▬▬▬▬▬▬▬▬▬▬▬▬▬▬▬▬▬▬▬▬▬▬▬▬▬▬▬▬▬
04:48:50                                  §r§9§lTREE GIFT
04:48:50 
04:48:50                  §r§7You helped cut §r§a100% §r§7of the §r§aFig Tree§r§7.
04:48:50 §f                       §e+5 rewards gained! §8(hover)
04:48:50 §9§l▬▬▬▬▬▬▬▬▬▬▬▬▬▬▬▬▬▬▬▬▬▬▬▬▬▬▬▬▬▬▬▬▬▬▬▬▬▬▬▬▬▬▬▬▬▬▬▬▬▬▬▬▬▬▬▬▬▬▬▬▬▬▬▬
04:49:04 §9§l▬▬▬▬▬▬▬▬▬▬▬▬▬▬▬▬▬▬▬▬▬▬▬▬▬▬▬▬▬▬▬▬▬▬▬▬▬▬▬▬▬▬▬▬▬▬▬▬▬▬▬▬▬▬▬▬▬▬▬▬▬▬▬▬
04:49:04                                  §r§9§lTREE GIFT
04:49:04 
04:49:04                  §r§7You helped cut §r§a100% §r§7of the §r§aFig Tree§r§7.
04:49:04 §f                       §e+5 rewards gained! §8(hover)
04:49:04 
04:49:04                                 §r§d§lBONUS GIFT
04:49:04                           §r§7§r§aStretching Sticks §r§8(§r§a20%§r§8)
04:49:04 §9§l▬▬▬▬▬▬▬▬▬▬▬▬▬▬▬▬▬▬▬▬▬▬▬▬▬▬▬▬▬▬▬▬▬▬▬▬▬▬▬▬▬▬▬▬▬▬▬▬▬▬▬▬▬▬▬▬▬▬▬▬▬▬▬▬
04:49:10 §9§l▬▬▬▬▬▬▬▬▬▬▬▬▬▬▬▬▬▬▬▬▬▬▬▬▬▬▬▬▬▬▬▬▬▬▬▬▬▬▬▬▬▬▬▬▬▬▬▬▬▬▬▬▬▬▬▬▬▬▬▬▬▬▬▬
04:49:10                                  §r§9§lTREE GIFT
04:49:10 
04:49:10                  §r§7You helped cut §r§a100% §r§7of the §r§aFig Tree§r§7.
04:49:10 §f                       §e+5 rewards gained! §8(hover)
04:49:10                      §r§7A §r§dPhanflare §r§7fell from the Tree!
04:49:10 §9§l▬▬▬▬▬▬▬▬▬▬▬▬▬▬▬▬▬▬▬▬▬▬▬▬▬▬▬▬▬▬▬▬▬▬▬▬▬▬▬▬▬▬▬▬▬▬▬▬▬▬▬▬▬▬▬▬▬▬▬▬▬▬▬▬
04:49:38 §9§l▬▬▬▬▬▬▬▬▬▬▬▬▬▬▬▬▬▬▬▬▬▬▬▬▬▬▬▬▬▬▬▬▬▬▬▬▬▬▬▬▬▬▬▬▬▬▬▬▬▬▬▬▬▬▬▬▬▬▬▬▬▬▬▬
04:49:38                                  §r§9§lTREE GIFT
04:49:38 
04:49:38                  §r§7You helped cut §r§a100% §r§7of the §r§aFig Tree§r§7.
04:49:38 §f                       §e+5 rewards gained! §8(hover)
04:49:38 
04:49:38                                 §r§d§lBONUS GIFT
04:49:38                           §r§7§r§aStretching Sticks §r§8(§r§a20%§r§8)
04:49:38                      §r§7A §r§dPhanflare §r§7fell from the Tree!
04:49:38 §9§l▬▬▬▬▬▬▬▬▬▬▬▬▬▬▬▬▬▬▬▬▬▬▬▬▬▬▬▬▬▬▬▬▬▬▬▬▬▬▬▬▬▬▬▬▬▬▬▬▬▬▬▬▬▬▬▬▬▬▬▬▬▬▬▬
04:50:00 §9§l▬▬▬▬▬▬▬▬▬▬▬▬▬▬▬▬▬▬▬▬▬▬▬▬▬▬▬▬▬▬▬▬▬▬▬▬▬▬▬▬▬▬▬▬▬▬▬▬▬▬▬▬▬▬▬▬▬▬▬▬▬▬▬▬
04:50:00                                  §r§9§lTREE GIFT
04:50:00 
04:50:00                  §r§7You helped cut §r§a100% §r§7of the §r§aFig Tree§r§7.
04:50:00 §f                       §e+5 rewards gained! §8(hover)
04:50:00 §9§l▬▬▬▬▬▬▬▬▬▬▬▬▬▬▬▬▬▬▬▬▬▬▬▬▬▬▬▬▬▬▬▬▬▬▬▬▬▬▬▬▬▬▬▬▬▬▬▬▬▬▬▬▬▬▬▬▬▬▬▬▬▬▬▬
04:51:07 §9§l▬▬▬▬▬▬▬▬▬▬▬▬▬▬▬▬▬▬▬▬▬▬▬▬▬▬▬▬▬▬▬▬▬▬▬▬▬▬▬▬▬▬▬▬▬▬▬▬▬▬▬▬▬▬▬▬▬▬▬▬▬▬▬▬
04:51:07                                  §r§9§lTREE GIFT
04:51:07 
04:51:07                  §r§7You helped cut §r§a100% §r§7of the §r§aFig Tree§r§7.
04:51:07 §f                       §e+5 rewards gained! §8(hover)
04:51:07 
04:51:07                                 §r§d§lBONUS GIFT
04:51:07                           §r§7§r§aStretching Sticks §r§8(§r§a20%§r§8)
04:51:07 §9§l▬▬▬▬▬▬▬▬▬▬▬▬▬▬▬▬▬▬▬▬▬▬▬▬▬▬▬▬▬▬▬▬▬▬▬▬▬▬▬▬▬▬▬▬▬▬▬▬▬▬▬▬▬▬▬▬▬▬▬▬▬▬▬▬
04:51:58 §9§l▬▬▬▬▬▬▬▬▬▬▬▬▬▬▬▬▬▬▬▬▬▬▬▬▬▬▬▬▬▬▬▬▬▬▬▬▬▬▬▬▬▬▬▬▬▬▬▬▬▬▬▬▬▬▬▬▬▬▬▬▬▬▬▬
04:51:58                                  §r§9§lTREE GIFT
04:51:58 
04:51:58                  §r§7You helped cut §r§a100% §r§7of the §r§aFig Tree§r§7.
04:51:58 §f                       §e+5 rewards gained! §8(hover)
04:51:58 
04:51:58                                 §r§d§lBONUS GIFT
04:51:58                           §r§7§r§aStretching Sticks §r§8(§r§a20%§r§8)
04:51:58 §9§l▬▬▬▬▬▬▬▬▬▬▬▬▬▬▬▬▬▬▬▬▬▬▬▬▬▬▬▬▬▬▬▬▬▬▬▬▬▬▬▬▬▬▬▬▬▬▬▬▬▬▬▬▬▬▬▬▬▬▬▬▬▬▬▬
04:52:12 §9§l▬▬▬▬▬▬▬▬▬▬▬▬▬▬▬▬▬▬▬▬▬▬▬▬▬▬▬▬▬▬▬▬▬▬▬▬▬▬▬▬▬▬▬▬▬▬▬▬▬▬▬▬▬▬▬▬▬▬▬▬▬▬▬▬
04:52:12                                  §r§9§lTREE GIFT
04:52:12 
04:52:12                  §r§7You helped cut §r§a100% §r§7of the §r§aFig Tree§r§7.
04:52:12 §f                       §e+5 rewards gained! §8(hover)
04:52:12 
04:52:12                                 §r§d§lBONUS GIFT
04:52:12                           §r§7§r§aStretching Sticks §r§8(§r§a20%§r§8)
04:52:12                      §r§7A §r§dPhanflare §r§7fell from the Tree!
04:52:12 §9§l▬▬▬▬▬▬▬▬▬▬▬▬▬▬▬▬▬▬▬▬▬▬▬▬▬▬▬▬▬▬▬▬▬▬▬▬▬▬▬▬▬▬▬▬▬▬▬▬▬▬▬▬▬▬▬▬▬▬▬▬▬▬▬▬
04:52:50 §9§l▬▬▬▬▬▬▬▬▬▬▬▬▬▬▬▬▬▬▬▬▬▬▬▬▬▬▬▬▬▬▬▬▬▬▬▬▬▬▬▬▬▬▬▬▬▬▬▬▬▬▬▬▬▬▬▬▬▬▬▬▬▬▬▬
04:52:50                                  §r§9§lTREE GIFT
04:52:50 
04:52:50                  §r§7You helped cut §r§a100% §r§7of the §r§aFig Tree§r§7.
04:52:50 §f                       §e+5 rewards gained! §8(hover)
04:52:50 
04:52:50                                 §r§d§lBONUS GIFT
04:52:50                           §r§7§r§aStretching Sticks §r§8(§r§a20%§r§8)
04:52:50 §9§l▬▬▬▬▬▬▬▬▬▬▬▬▬▬▬▬▬▬▬▬▬▬▬▬▬▬▬▬▬▬▬▬▬▬▬▬▬▬▬▬▬▬▬▬▬▬▬▬▬▬▬▬▬▬▬▬▬▬▬▬▬▬▬▬
04:53:18 §9§l▬▬▬▬▬▬▬▬▬▬▬▬▬▬▬▬▬▬▬▬▬▬▬▬▬▬▬▬▬▬▬▬▬▬▬▬▬▬▬▬▬▬▬▬▬▬▬▬▬▬▬▬▬▬▬▬▬▬▬▬▬▬▬▬
04:53:18                                  §r§9§lTREE GIFT
04:53:18 
04:53:18                  §r§7You helped cut §r§a100% §r§7of the §r§aFig Tree§r§7.
04:53:18 §f                       §e+5 rewards gained! §8(hover)
04:53:18 §9§l▬▬▬▬▬▬▬▬▬▬▬▬▬▬▬▬▬▬▬▬▬▬▬▬▬▬▬▬▬▬▬▬▬▬▬▬▬▬▬▬▬▬▬▬▬▬▬▬▬▬▬▬▬▬▬▬▬▬▬▬▬▬▬▬
04:53:36 §9§l▬▬▬▬▬▬▬▬▬▬▬▬▬▬▬▬▬▬▬▬▬▬▬▬▬▬▬▬▬▬▬▬▬▬▬▬▬▬▬▬▬▬▬▬▬▬▬▬▬▬▬▬▬▬▬▬▬▬▬▬▬▬▬▬
04:53:36                                  §r§9§lTREE GIFT
04:53:36 
04:53:36                  §r§7You helped cut §r§a100% §r§7of the §r§aFig Tree§r§7.
04:53:36 §f                       §e+5 rewards gained! §8(hover)
04:53:36                      §r§7A §r§dPhanflare §r§7fell from the Tree!
04:53:36 §9§l▬▬▬▬▬▬▬▬▬▬▬▬▬▬▬▬▬▬▬▬▬▬▬▬▬▬▬▬▬▬▬▬▬▬▬▬▬▬▬▬▬▬▬▬▬▬▬▬▬▬▬▬▬▬▬▬▬▬▬▬▬▬▬▬
04:54:20 §9§l▬▬▬▬▬▬▬▬▬▬▬▬▬▬▬▬▬▬▬▬▬▬▬▬▬▬▬▬▬▬▬▬▬▬▬▬▬▬▬▬▬▬▬▬▬▬▬▬▬▬▬▬▬▬▬▬▬▬▬▬▬▬▬▬
04:54:20                                  §r§9§lTREE GIFT
04:54:20 
04:54:20                  §r§7You helped cut §r§a100% §r§7of the §r§aFig Tree§r§7.
04:54:20 §f                       §e+5 rewards gained! §8(hover)
04:54:20 
04:54:20                                 §r§d§lBONUS GIFT
04:54:20                           §r§7§r§aStretching Sticks §r§8(§r§a20%§r§8)
04:54:20                      §r§7A §r§dPhanflare §r§7fell from the Tree!
04:54:20 §9§l▬▬▬▬▬▬▬▬▬▬▬▬▬▬▬▬▬▬▬▬▬▬▬▬▬▬▬▬▬▬▬▬▬▬▬▬▬▬▬▬▬▬▬▬▬▬▬▬▬▬▬▬▬▬▬▬▬▬▬▬▬▬▬▬
04:54:42 §9§l▬▬▬▬▬▬▬▬▬▬▬▬▬▬▬▬▬▬▬▬▬▬▬▬▬▬▬▬▬▬▬▬▬▬▬▬▬▬▬▬▬▬▬▬▬▬▬▬▬▬▬▬▬▬▬▬▬▬▬▬▬▬▬▬
04:54:42                                  §r§9§lTREE GIFT
04:54:42 
04:54:42                  §r§7You helped cut §r§a100% §r§7of the §r§aFig Tree§r§7.
04:54:42 §f                       §e+5 rewards gained! §8(hover)
04:54:42 
04:54:42                                 §r§d§lBONUS GIFT
04:54:42                           §r§7§r§aStretching Sticks §r§8(§r§a20%§r§8)
04:54:42 §9§l▬▬▬▬▬▬▬▬▬▬▬▬▬▬▬▬▬▬▬▬▬▬▬▬▬▬▬▬▬▬▬▬▬▬▬▬▬▬▬▬▬▬▬▬▬▬▬▬▬▬▬▬▬▬▬▬▬▬▬▬▬▬▬▬
04:55:48 §9§l▬▬▬▬▬▬▬▬▬▬▬▬▬▬▬▬▬▬▬▬▬▬▬▬▬▬▬▬▬▬▬▬▬▬▬▬▬▬▬▬▬▬▬▬▬▬▬▬▬▬▬▬▬▬▬▬▬▬▬▬▬▬▬▬
04:55:48                                  §r§9§lTREE GIFT
04:55:48 
04:55:48                  §r§7You helped cut §r§a100% §r§7of the §r§aFig Tree§r§7.
04:55:48 §f                       §e+5 rewards gained! §8(hover)
04:55:48 
04:55:48                                 §r§d§lBONUS GIFT
04:55:48                           §r§7§r§aStretching Sticks §r§8(§r§a20%§r§8)
04:55:48 §9§l▬▬▬▬▬▬▬▬▬▬▬▬▬▬▬▬▬▬▬▬▬▬▬▬▬▬▬▬▬▬▬▬▬▬▬▬▬▬▬▬▬▬▬▬▬▬▬▬▬▬▬▬▬▬▬▬▬▬▬▬▬▬▬▬
04:55:55 §9§l▬▬▬▬▬▬▬▬▬▬▬▬▬▬▬▬▬▬▬▬▬▬▬▬▬▬▬▬▬▬▬▬▬▬▬▬▬▬▬▬▬▬▬▬▬▬▬▬▬▬▬▬▬▬▬▬▬▬▬▬▬▬▬▬
04:55:55                                  §r§9§lTREE GIFT
04:55:55 
04:55:55                  §r§7You helped cut §r§a100% §r§7of the §r§aFig Tree§r§7.
04:55:55 §f                       §e+5 rewards gained! §8(hover)
04:55:55 
04:55:55                                 §r§d§lBONUS GIFT
04:55:55                           §r§7§r§aStretching Sticks §r§8(§r§a20%§r§8)
04:55:55 §9§l▬▬▬▬▬▬▬▬▬▬▬▬▬▬▬▬▬▬▬▬▬▬▬▬▬▬▬▬▬▬▬▬▬▬▬▬▬▬▬▬▬▬▬▬▬▬▬▬▬▬▬▬▬▬▬▬▬▬▬▬▬▬▬▬
04:56:08 §9§l▬▬▬▬▬▬▬▬▬▬▬▬▬▬▬▬▬▬▬▬▬▬▬▬▬▬▬▬▬▬▬▬▬▬▬▬▬▬▬▬▬▬▬▬▬▬▬▬▬▬▬▬▬▬▬▬▬▬▬▬▬▬▬▬
04:56:08                                  §r§9§lTREE GIFT
04:56:08 
04:56:08                  §r§7You helped cut §r§a100% §r§7of the §r§aFig Tree§r§7.
04:56:08 §f                       §e+5 rewards gained! §8(hover)
04:56:08 
04:56:08                                 §r§d§lBONUS GIFT
04:56:08                           §r§7§r§aStretching Sticks §r§8(§r§a20%§r§8)
04:56:08 §9§l▬▬▬▬▬▬▬▬▬▬▬▬▬▬▬▬▬▬▬▬▬▬▬▬▬▬▬▬▬▬▬▬▬▬▬▬▬▬▬▬▬▬▬▬▬▬▬▬▬▬▬▬▬▬▬▬▬▬▬▬▬▬▬▬
04:56:20 §9§l▬▬▬▬▬▬▬▬▬▬▬▬▬▬▬▬▬▬▬▬▬▬▬▬▬▬▬▬▬▬▬▬▬▬▬▬▬▬▬▬▬▬▬▬▬▬▬▬▬▬▬▬▬▬▬▬▬▬▬▬▬▬▬▬
04:56:20                                  §r§9§lTREE GIFT
04:56:20 
04:56:20                  §r§7You helped cut §r§a100% §r§7of the §r§aFig Tree§r§7.
04:56:20 §f                       §e+5 rewards gained! §8(hover)
04:56:20 §9§l▬▬▬▬▬▬▬▬▬▬▬▬▬▬▬▬▬▬▬▬▬▬▬▬▬▬▬▬▬▬▬▬▬▬▬▬▬▬▬▬▬▬▬▬▬▬▬▬▬▬▬▬▬▬▬▬▬▬▬▬▬▬▬▬
05:08:22 §9§l▬▬▬▬▬▬▬▬▬▬▬▬▬▬▬▬▬▬▬▬▬▬▬▬▬▬▬▬▬▬▬▬▬▬▬▬▬▬▬▬▬▬▬▬▬▬▬▬▬▬▬▬▬▬▬▬▬▬▬▬▬▬▬▬
05:08:22                                  §r§9§lTREE GIFT
05:08:22 
05:08:22                  §r§7You helped cut §r§a100% §r§7of the §r§aFig Tree§r§7.
05:08:22 §f                       §e+5 rewards gained! §8(hover)
05:08:22 
05:08:22                                 §r§d§lBONUS GIFT
05:08:22                      §r§7§r§fForaging Wisdom Booster §r§8(§r§a0.5%§r§8)
05:08:22 §9§l▬▬▬▬▬▬▬▬▬▬▬▬▬▬▬▬▬▬▬▬▬▬▬▬▬▬▬▬▬▬▬▬▬▬▬▬▬▬▬▬▬▬▬▬▬▬▬▬▬▬▬▬▬▬▬▬▬▬▬▬▬▬▬▬
05:08:49 §9§l▬▬▬▬▬▬▬▬▬▬▬▬▬▬▬▬▬▬▬▬▬▬▬▬▬▬▬▬▬▬▬▬▬▬▬▬▬▬▬▬▬▬▬▬▬▬▬▬▬▬▬▬▬▬▬▬▬▬▬▬▬▬▬▬
05:08:49                                  §r§9§lTREE GIFT
05:08:49 
05:08:49                  §r§7You helped cut §r§a100% §r§7of the §r§aFig Tree§r§7.
05:08:49 §f                       §e+5 rewards gained! §8(hover)
05:08:49 
05:08:49                                 §r§d§lBONUS GIFT
05:08:49                           §r§7§r§aStretching Sticks §r§8(§r§a20%§r§8)
05:08:49 §9§l▬▬▬▬▬▬▬▬▬▬▬▬▬▬▬▬▬▬▬▬▬▬▬▬▬▬▬▬▬▬▬▬▬▬▬▬▬▬▬▬▬▬▬▬▬▬▬▬▬▬▬▬▬▬▬▬▬▬▬▬▬▬▬▬
05:09:54 §9§l▬▬▬▬▬▬▬▬▬▬▬▬▬▬▬▬▬▬▬▬▬▬▬▬▬▬▬▬▬▬▬▬▬▬▬▬▬▬▬▬▬▬▬▬▬▬▬▬▬▬▬▬▬▬▬▬▬▬▬▬▬▬▬▬
05:09:54                                  §r§9§lTREE GIFT
05:09:54 
05:09:54                  §r§7You helped cut §r§a100% §r§7of the §r§aFig Tree§r§7.
05:09:54 §f                       §e+5 rewards gained! §8(hover)
05:09:54 
05:09:54                                 §r§d§lBONUS GIFT
05:09:54                           §r§7§r§aStretching Sticks §r§8(§r§a20%§r§8)
05:09:54            §r§7§r§aEnchanted Book (§r§d§lFirst Impression I§r§a) §r§8(§r§a0.4%§r§8)
05:09:54 §9§l▬▬▬▬▬▬▬▬▬▬▬▬▬▬▬▬▬▬▬▬▬▬▬▬▬▬▬▬▬▬▬▬▬▬▬▬▬▬▬▬▬▬▬▬▬▬▬▬▬▬▬▬▬▬▬▬▬▬▬▬▬▬▬▬
05:10:11 §9§l▬▬▬▬▬▬▬▬▬▬▬▬▬▬▬▬▬▬▬▬▬▬▬▬▬▬▬▬▬▬▬▬▬▬▬▬▬▬▬▬▬▬▬▬▬▬▬▬▬▬▬▬▬▬▬▬▬▬▬▬▬▬▬▬
05:10:11                                  §r§9§lTREE GIFT
05:10:11 
05:10:11                  §r§7You helped cut §r§a100% §r§7of the §r§aFig Tree§r§7.
05:10:11 §f                       §e+5 rewards gained! §8(hover)
05:10:11 
05:10:11                                 §r§d§lBONUS GIFT
05:10:11                           §r§7§r§aStretching Sticks §r§8(§r§a20%§r§8)
05:10:11 §9§l▬▬▬▬▬▬▬▬▬▬▬▬▬▬▬▬▬▬▬▬▬▬▬▬▬▬▬▬▬▬▬▬▬▬▬▬▬▬▬▬▬▬▬▬▬▬▬▬▬▬▬▬▬▬▬▬▬▬▬▬▬▬▬▬
05:11:00 §9§l▬▬▬▬▬▬▬▬▬▬▬▬▬▬▬▬▬▬▬▬▬▬▬▬▬▬▬▬▬▬▬▬▬▬▬▬▬▬▬▬▬▬▬▬▬▬▬▬▬▬▬▬▬▬▬▬▬▬▬▬▬▬▬▬
05:11:00                                  §r§9§lTREE GIFT
05:11:00 
05:11:00                  §r§7You helped cut §r§a100% §r§7of the §r§aFig Tree§r§7.
05:11:00 §f                       §e+5 rewards gained! §8(hover)
05:11:00 
05:11:00                                 §r§d§lBONUS GIFT
05:11:00                           §r§7§r§aStretching Sticks §r§8(§r§a20%§r§8)
05:11:00 §9§l▬▬▬▬▬▬▬▬▬▬▬▬▬▬▬▬▬▬▬▬▬▬▬▬▬▬▬▬▬▬▬▬▬▬▬▬▬▬▬▬▬▬▬▬▬▬▬▬▬▬▬▬▬▬▬▬▬▬▬▬▬▬▬▬
05:15:11 §9§l▬▬▬▬▬▬▬▬▬▬▬▬▬▬▬▬▬▬▬▬▬▬▬▬▬▬▬▬▬▬▬▬▬▬▬▬▬▬▬▬▬▬▬▬▬▬▬▬▬▬▬▬▬▬▬▬▬▬▬▬▬▬▬▬
05:15:11                                  §r§9§lTREE GIFT
05:15:11 
05:15:11                  §r§7You helped cut §r§a100% §r§7of the §r§aFig Tree§r§7.
05:15:11 §f                       §e+5 rewards gained! §8(hover)
05:15:11 
05:15:11                                 §r§d§lBONUS GIFT
05:15:11                           §r§7§r§aStretching Sticks §r§8(§r§a20%§r§8)
05:15:11 §9§l▬▬▬▬▬▬▬▬▬▬▬▬▬▬▬▬▬▬▬▬▬▬▬▬▬▬▬▬▬▬▬▬▬▬▬▬▬▬▬▬▬▬▬▬▬▬▬▬▬▬▬▬▬▬▬▬▬▬▬▬▬▬▬▬
05:15:18 §9§l▬▬▬▬▬▬▬▬▬▬▬▬▬▬▬▬▬▬▬▬▬▬▬▬▬▬▬▬▬▬▬▬▬▬▬▬▬▬▬▬▬▬▬▬▬▬▬▬▬▬▬▬▬▬▬▬▬▬▬▬▬▬▬▬
05:15:18                                  §r§9§lTREE GIFT
05:15:18 
05:15:18                  §r§7You helped cut §r§a100% §r§7of the §r§aFig Tree§r§7.
05:15:18 §f                       §e+5 rewards gained! §8(hover)
05:15:18 
05:15:18                                 §r§d§lBONUS GIFT
05:15:18                           §r§7§r§aStretching Sticks §r§8(§r§a20%§r§8)
05:15:18                             §r§7§r§fSweep Booster §r§8(§r§a1%§r§8)
05:15:18 §9§l▬▬▬▬▬▬▬▬▬▬▬▬▬▬▬▬▬▬▬▬▬▬▬▬▬▬▬▬▬▬▬▬▬▬▬▬▬▬▬▬▬▬▬▬▬▬▬▬▬▬▬▬▬▬▬▬▬▬▬▬▬▬▬▬
05:15:29 §9§l▬▬▬▬▬▬▬▬▬▬▬▬▬▬▬▬▬▬▬▬▬▬▬▬▬▬▬▬▬▬▬▬▬▬▬▬▬▬▬▬▬▬▬▬▬▬▬▬▬▬▬▬▬▬▬▬▬▬▬▬▬▬▬▬
05:15:29                                  §r§9§lTREE GIFT
05:15:29 
05:15:29                  §r§7You helped cut §r§a100% §r§7of the §r§aFig Tree§r§7.
05:15:29 §f                       §e+5 rewards gained! §8(hover)
05:15:29 
05:15:29                                 §r§d§lBONUS GIFT
05:15:29                           §r§7§r§aStretching Sticks §r§8(§r§a20%§r§8)
05:15:29                      §r§7A §r§dPhanflare §r§7fell from the Tree!
05:15:29 §9§l▬▬▬▬▬▬▬▬▬▬▬▬▬▬▬▬▬▬▬▬▬▬▬▬▬▬▬▬▬▬▬▬▬▬▬▬▬▬▬▬▬▬▬▬▬▬▬▬▬▬▬▬▬▬▬▬▬▬▬▬▬▬▬▬
05:15:35 §9§l▬▬▬▬▬▬▬▬▬▬▬▬▬▬▬▬▬▬▬▬▬▬▬▬▬▬▬▬▬▬▬▬▬▬▬▬▬▬▬▬▬▬▬▬▬▬▬▬▬▬▬▬▬▬▬▬▬▬▬▬▬▬▬▬
05:15:35                                  §r§9§lTREE GIFT
05:15:35 
05:15:35                  §r§7You helped cut §r§a100% §r§7of the §r§aFig Tree§r§7.
05:15:35 §f                       §e+5 rewards gained! §8(hover)
05:15:35 §9§l▬▬▬▬▬▬▬▬▬▬▬▬▬▬▬▬▬▬▬▬▬▬▬▬▬▬▬▬▬▬▬▬▬▬▬▬▬▬▬▬▬▬▬▬▬▬▬▬▬▬▬▬▬▬▬▬▬▬▬▬▬▬▬▬
05:15:48 §9§l▬▬▬▬▬▬▬▬▬▬▬▬▬▬▬▬▬▬▬▬▬▬▬▬▬▬▬▬▬▬▬▬▬▬▬▬▬▬▬▬▬▬▬▬▬▬▬▬▬▬▬▬▬▬▬▬▬▬▬▬▬▬▬▬
05:15:48                                  §r§9§lTREE GIFT
05:15:48 
05:15:48                  §r§7You helped cut §r§a100% §r§7of the §r§aFig Tree§r§7.
05:15:48 §f                       §e+5 rewards gained! §8(hover)
05:15:48 
05:15:48                                 §r§d§lBONUS GIFT
05:15:48                           §r§7§r§aStretching Sticks §r§8(§r§a20%§r§8)
05:15:48                      §r§7A §r§dPhanpyre §r§7fell from the Tree!
05:15:48 §9§l▬▬▬▬▬▬▬▬▬▬▬▬▬▬▬▬▬▬▬▬▬▬▬▬▬▬▬▬▬▬▬▬▬▬▬▬▬▬▬▬▬▬▬▬▬▬▬▬▬▬▬▬▬▬▬▬▬▬▬▬▬▬▬▬
05:16:12 §9§l▬▬▬▬▬▬▬▬▬▬▬▬▬▬▬▬▬▬▬▬▬▬▬▬▬▬▬▬▬▬▬▬▬▬▬▬▬▬▬▬▬▬▬▬▬▬▬▬▬▬▬▬▬▬▬▬▬▬▬▬▬▬▬▬
05:16:12                                  §r§9§lTREE GIFT
05:16:12 
05:16:12                  §r§7You helped cut §r§a100% §r§7of the §r§aFig Tree§r§7.
05:16:12 §f                       §e+5 rewards gained! §8(hover)
05:16:12 
05:16:12                                 §r§d§lBONUS GIFT
05:16:12                           §r§7§r§aStretching Sticks §r§8(§r§a20%§r§8)
05:16:12 §9§l▬▬▬▬▬▬▬▬▬▬▬▬▬▬▬▬▬▬▬▬▬▬▬▬▬▬▬▬▬▬▬▬▬▬▬▬▬▬▬▬▬▬▬▬▬▬▬▬▬▬▬▬▬▬▬▬▬▬▬▬▬▬▬▬
05:16:43 §9§l▬▬▬▬▬▬▬▬▬▬▬▬▬▬▬▬▬▬▬▬▬▬▬▬▬▬▬▬▬▬▬▬▬▬▬▬▬▬▬▬▬▬▬▬▬▬▬▬▬▬▬▬▬▬▬▬▬▬▬▬▬▬▬▬
05:16:43                                  §r§9§lTREE GIFT
05:16:43 
05:16:43                  §r§7You helped cut §r§a100% §r§7of the §r§aFig Tree§r§7.
05:16:43 §f                       §e+5 rewards gained! §8(hover)
05:16:43                      §r§7A §r§dPhanpyre §r§7fell from the Tree!
05:16:43 §9§l▬▬▬▬▬▬▬▬▬▬▬▬▬▬▬▬▬▬▬▬▬▬▬▬▬▬▬▬▬▬▬▬▬▬▬▬▬▬▬▬▬▬▬▬▬▬▬▬▬▬▬▬▬▬▬▬▬▬▬▬▬▬▬▬
05:17:00 §9§l▬▬▬▬▬▬▬▬▬▬▬▬▬▬▬▬▬▬▬▬▬▬▬▬▬▬▬▬▬▬▬▬▬▬▬▬▬▬▬▬▬▬▬▬▬▬▬▬▬▬▬▬▬▬▬▬▬▬▬▬▬▬▬▬
05:17:00                                  §r§9§lTREE GIFT
05:17:00 
05:17:00                  §r§7You helped cut §r§a100% §r§7of the §r§aFig Tree§r§7.
05:17:00 §f                       §e+5 rewards gained! §8(hover)
05:17:00 §9§l▬▬▬▬▬▬▬▬▬▬▬▬▬▬▬▬▬▬▬▬▬▬▬▬▬▬▬▬▬▬▬▬▬▬▬▬▬▬▬▬▬▬▬▬▬▬▬▬▬▬▬▬▬▬▬▬▬▬▬▬▬▬▬▬
05:17:13 §9§l▬▬▬▬▬▬▬▬▬▬▬▬▬▬▬▬▬▬▬▬▬▬▬▬▬▬▬▬▬▬▬▬▬▬▬▬▬▬▬▬▬▬▬▬▬▬▬▬▬▬▬▬▬▬▬▬▬▬▬▬▬▬▬▬
05:17:13                                  §r§9§lTREE GIFT
05:17:13 
05:17:13                  §r§7You helped cut §r§a100% §r§7of the §r§aFig Tree§r§7.
05:17:13 §f                       §e+5 rewards gained! §8(hover)
05:17:13 
05:17:13                                 §r§d§lBONUS GIFT
05:17:13                           §r§7§r§aStretching Sticks §r§8(§r§a20%§r§8)
05:17:13            §r§7§r§aEnchanted Book (§r§d§lFirst Impression I§r§a) §r§8(§r§a0.4%§r§8)
05:17:13 §9§l▬▬▬▬▬▬▬▬▬▬▬▬▬▬▬▬▬▬▬▬▬▬▬▬▬▬▬▬▬▬▬▬▬▬▬▬▬▬▬▬▬▬▬▬▬▬▬▬▬▬▬▬▬▬▬▬▬▬▬▬▬▬▬▬
05:17:30 §9§l▬▬▬▬▬▬▬▬▬▬▬▬▬▬▬▬▬▬▬▬▬▬▬▬▬▬▬▬▬▬▬▬▬▬▬▬▬▬▬▬▬▬▬▬▬▬▬▬▬▬▬▬▬▬▬▬▬▬▬▬▬▬▬▬
05:17:30                                  §r§9§lTREE GIFT
05:17:30 
05:17:30                  §r§7You helped cut §r§a100% §r§7of the §r§aFig Tree§r§7.
05:17:30 §f                       §e+5 rewards gained! §8(hover)
05:17:30 
05:17:30                                 §r§d§lBONUS GIFT
05:17:30                           §r§7§r§aStretching Sticks §r§8(§r§a20%§r§8)
05:17:30                      §r§7A §r§dPhanpyre §r§7fell from the Tree!
05:17:30 §9§l▬▬▬▬▬▬▬▬▬▬▬▬▬▬▬▬▬▬▬▬▬▬▬▬▬▬▬▬▬▬▬▬▬▬▬▬▬▬▬▬▬▬▬▬▬▬▬▬▬▬▬▬▬▬▬▬▬▬▬▬▬▬▬▬
05:17:50 §9§l▬▬▬▬▬▬▬▬▬▬▬▬▬▬▬▬▬▬▬▬▬▬▬▬▬▬▬▬▬▬▬▬▬▬▬▬▬▬▬▬▬▬▬▬▬▬▬▬▬▬▬▬▬▬▬▬▬▬▬▬▬▬▬▬
05:17:50                                  §r§9§lTREE GIFT
05:17:50 
05:17:50                  §r§7You helped cut §r§a100% §r§7of the §r§aFig Tree§r§7.
05:17:50 §f                       §e+5 rewards gained! §8(hover)
05:17:50 
05:17:50                                 §r§d§lBONUS GIFT
05:17:50                           §r§7§r§aStretching Sticks §r§8(§r§a20%§r§8)
05:17:50 §9§l▬▬▬▬▬▬▬▬▬▬▬▬▬▬▬▬▬▬▬▬▬▬▬▬▬▬▬▬▬▬▬▬▬▬▬▬▬▬▬▬▬▬▬▬▬▬▬▬▬▬▬▬▬▬▬▬▬▬▬▬▬▬▬▬
05:18:12 §9§l▬▬▬▬▬▬▬▬▬▬▬▬▬▬▬▬▬▬▬▬▬▬▬▬▬▬▬▬▬▬▬▬▬▬▬▬▬▬▬▬▬▬▬▬▬▬▬▬▬▬▬▬▬▬▬▬▬▬▬▬▬▬▬▬
05:18:12                                  §r§9§lTREE GIFT
05:18:12 
05:18:12                  §r§7You helped cut §r§a100% §r§7of the §r§aFig Tree§r§7.
05:18:12 §f                       §e+5 rewards gained! §8(hover)
05:18:12 §9§l▬▬▬▬▬▬▬▬▬▬▬▬▬▬▬▬▬▬▬▬▬▬▬▬▬▬▬▬▬▬▬▬▬▬▬▬▬▬▬▬▬▬▬▬▬▬▬▬▬▬▬▬▬▬▬▬▬▬▬▬▬▬▬▬
05:18:25 §9§l▬▬▬▬▬▬▬▬▬▬▬▬▬▬▬▬▬▬▬▬▬▬▬▬▬▬▬▬▬▬▬▬▬▬▬▬▬▬▬▬▬▬▬▬▬▬▬▬▬▬▬▬▬▬▬▬▬▬▬▬▬▬▬▬
05:18:25                                  §r§9§lTREE GIFT
05:18:25 
05:18:25                  §r§7You helped cut §r§a100% §r§7of the §r§aFig Tree§r§7.
05:18:25 §f                       §e+5 rewards gained! §8(hover)
05:18:25 
05:18:25                                 §r§d§lBONUS GIFT
05:18:25                           §r§7§r§aStretching Sticks §r§8(§r§a20%§r§8)
05:18:25                             §r§7§r§fSweep Booster §r§8(§r§a1%§r§8)
05:18:25 §9§l▬▬▬▬▬▬▬▬▬▬▬▬▬▬▬▬▬▬▬▬▬▬▬▬▬▬▬▬▬▬▬▬▬▬▬▬▬▬▬▬▬▬▬▬▬▬▬▬▬▬▬▬▬▬▬▬▬▬▬▬▬▬▬▬
05:18:40 §9§l▬▬▬▬▬▬▬▬▬▬▬▬▬▬▬▬▬▬▬▬▬▬▬▬▬▬▬▬▬▬▬▬▬▬▬▬▬▬▬▬▬▬▬▬▬▬▬▬▬▬▬▬▬▬▬▬▬▬▬▬▬▬▬▬
05:18:40                                  §r§9§lTREE GIFT
05:18:40 
05:18:40                  §r§7You helped cut §r§a100% §r§7of the §r§aFig Tree§r§7.
05:18:40 §f                       §e+5 rewards gained! §8(hover)
05:18:40                      §r§7A §r§dPhanpyre §r§7fell from the Tree!
05:18:40 §9§l▬▬▬▬▬▬▬▬▬▬▬▬▬▬▬▬▬▬▬▬▬▬▬▬▬▬▬▬▬▬▬▬▬▬▬▬▬▬▬▬▬▬▬▬▬▬▬▬▬▬▬▬▬▬▬▬▬▬▬▬▬▬▬▬
05:18:53 §9§l▬▬▬▬▬▬▬▬▬▬▬▬▬▬▬▬▬▬▬▬▬▬▬▬▬▬▬▬▬▬▬▬▬▬▬▬▬▬▬▬▬▬▬▬▬▬▬▬▬▬▬▬▬▬▬▬▬▬▬▬▬▬▬▬
05:18:53                                  §r§9§lTREE GIFT
05:18:53 
05:18:53                  §r§7You helped cut §r§a100% §r§7of the §r§aFig Tree§r§7.
05:18:53 §f                       §e+5 rewards gained! §8(hover)
05:18:53 
05:18:53                                 §r§d§lBONUS GIFT
05:18:53                           §r§7§r§aStretching Sticks §r§8(§r§a20%§r§8)
05:18:53                      §r§7A §r§dPhanflare §r§7fell from the Tree!
05:18:53 §9§l▬▬▬▬▬▬▬▬▬▬▬▬▬▬▬▬▬▬▬▬▬▬▬▬▬▬▬▬▬▬▬▬▬▬▬▬▬▬▬▬▬▬▬▬▬▬▬▬▬▬▬▬▬▬▬▬▬▬▬▬▬▬▬▬
05:19:33 §9§l▬▬▬▬▬▬▬▬▬▬▬▬▬▬▬▬▬▬▬▬▬▬▬▬▬▬▬▬▬▬▬▬▬▬▬▬▬▬▬▬▬▬▬▬▬▬▬▬▬▬▬▬▬▬▬▬▬▬▬▬▬▬▬▬
05:19:33                                  §r§9§lTREE GIFT
05:19:33 
05:19:33                  §r§7You helped cut §r§a100% §r§7of the §r§aFig Tree§r§7.
05:19:33 §f                       §e+5 rewards gained! §8(hover)
05:19:33 
05:19:33                                 §r§d§lBONUS GIFT
05:19:33                           §r§7§r§aStretching Sticks §r§8(§r§a20%§r§8)
05:19:33 §9§l▬▬▬▬▬▬▬▬▬▬▬▬▬▬▬▬▬▬▬▬▬▬▬▬▬▬▬▬▬▬▬▬▬▬▬▬▬▬▬▬▬▬▬▬▬▬▬▬▬▬▬▬▬▬▬▬▬▬▬▬▬▬▬▬
05:20:00 §9§l▬▬▬▬▬▬▬▬▬▬▬▬▬▬▬▬▬▬▬▬▬▬▬▬▬▬▬▬▬▬▬▬▬▬▬▬▬▬▬▬▬▬▬▬▬▬▬▬▬▬▬▬▬▬▬▬▬▬▬▬▬▬▬▬
05:20:00                                  §r§9§lTREE GIFT
05:20:00 
05:20:00                  §r§7You helped cut §r§a100% §r§7of the §r§aFig Tree§r§7.
05:20:00 §f                       §e+5 rewards gained! §8(hover)
05:20:00 §9§l▬▬▬▬▬▬▬▬▬▬▬▬▬▬▬▬▬▬▬▬▬▬▬▬▬▬▬▬▬▬▬▬▬▬▬▬▬▬▬▬▬▬▬▬▬▬▬▬▬▬▬▬▬▬▬▬▬▬▬▬▬▬▬▬
05:20:33 §9§l▬▬▬▬▬▬▬▬▬▬▬▬▬▬▬▬▬▬▬▬▬▬▬▬▬▬▬▬▬▬▬▬▬▬▬▬▬▬▬▬▬▬▬▬▬▬▬▬▬▬▬▬▬▬▬▬▬▬▬▬▬▬▬▬
05:20:33                                  §r§9§lTREE GIFT
05:20:33 
05:20:33                  §r§7You helped cut §r§a100% §r§7of the §r§aFig Tree§r§7.
05:20:33 §f                       §e+5 rewards gained! §8(hover)
05:20:33 
05:20:33                                 §r§d§lBONUS GIFT
05:20:33                           §r§7§r§aStretching Sticks §r§8(§r§a20%§r§8)
05:20:33 §9§l▬▬▬▬▬▬▬▬▬▬▬▬▬▬▬▬▬▬▬▬▬▬▬▬▬▬▬▬▬▬▬▬▬▬▬▬▬▬▬▬▬▬▬▬▬▬▬▬▬▬▬▬▬▬▬▬▬▬▬▬▬▬▬▬
05:21:07 §9§l▬▬▬▬▬▬▬▬▬▬▬▬▬▬▬▬▬▬▬▬▬▬▬▬▬▬▬▬▬▬▬▬▬▬▬▬▬▬▬▬▬▬▬▬▬▬▬▬▬▬▬▬▬▬▬▬▬▬▬▬▬▬▬▬
05:21:07                                  §r§9§lTREE GIFT
05:21:07 
05:21:07                  §r§7You helped cut §r§a100% §r§7of the §r§aFig Tree§r§7.
05:21:07 §f                       §e+5 rewards gained! §8(hover)
05:21:07 
05:21:07                                 §r§d§lBONUS GIFT
05:21:07                           §r§7§r§aStretching Sticks §r§8(§r§a20%§r§8)
05:21:07                      §r§7A §r§dPhanpyre §r§7fell from the Tree!
05:21:07 §9§l▬▬▬▬▬▬▬▬▬▬▬▬▬▬▬▬▬▬▬▬▬▬▬▬▬▬▬▬▬▬▬▬▬▬▬▬▬▬▬▬▬▬▬▬▬▬▬▬▬▬▬▬▬▬▬▬▬▬▬▬▬▬▬▬
05:22:12 §9§l▬▬▬▬▬▬▬▬▬▬▬▬▬▬▬▬▬▬▬▬▬▬▬▬▬▬▬▬▬▬▬▬▬▬▬▬▬▬▬▬▬▬▬▬▬▬▬▬▬▬▬▬▬▬▬▬▬▬▬▬▬▬▬▬
05:22:12                                  §r§9§lTREE GIFT
05:22:12 
05:22:12                  §r§7You helped cut §r§a100% §r§7of the §r§aFig Tree§r§7.
05:22:12 §f                       §e+5 rewards gained! §8(hover)
05:22:12 
05:22:12                                 §r§d§lBONUS GIFT
05:22:12                           §r§7§r§aStretching Sticks §r§8(§r§a20%§r§8)
05:22:12 §9§l▬▬▬▬▬▬▬▬▬▬▬▬▬▬▬▬▬▬▬▬▬▬▬▬▬▬▬▬▬▬▬▬▬▬▬▬▬▬▬▬▬▬▬▬▬▬▬▬▬▬▬▬▬▬▬▬▬▬▬▬▬▬▬▬
05:23:37 §9§l▬▬▬▬▬▬▬▬▬▬▬▬▬▬▬▬▬▬▬▬▬▬▬▬▬▬▬▬▬▬▬▬▬▬▬▬▬▬▬▬▬▬▬▬▬▬▬▬▬▬▬▬▬▬▬▬▬▬▬▬▬▬▬▬
05:23:37                                  §r§9§lTREE GIFT
05:23:37 
05:23:37                  §r§7You helped cut §r§a100% §r§7of the §r§aFig Tree§r§7.
05:23:37 §f                       §e+5 rewards gained! §8(hover)
05:23:37 §9§l▬▬▬▬▬▬▬▬▬▬▬▬▬▬▬▬▬▬▬▬▬▬▬▬▬▬▬▬▬▬▬▬▬▬▬▬▬▬▬▬▬▬▬▬▬▬▬▬▬▬▬▬▬▬▬▬▬▬▬▬▬▬▬▬
05:23:47 §9§l▬▬▬▬▬▬▬▬▬▬▬▬▬▬▬▬▬▬▬▬▬▬▬▬▬▬▬▬▬▬▬▬▬▬▬▬▬▬▬▬▬▬▬▬▬▬▬▬▬▬▬▬▬▬▬▬▬▬▬▬▬▬▬▬
05:23:47                                  §r§9§lTREE GIFT
05:23:47 
05:23:47                  §r§7You helped cut §r§a100% §r§7of the §r§aFig Tree§r§7.
05:23:47 §f                       §e+5 rewards gained! §8(hover)
05:23:47 §9§l▬▬▬▬▬▬▬▬▬▬▬▬▬▬▬▬▬▬▬▬▬▬▬▬▬▬▬▬▬▬▬▬▬▬▬▬▬▬▬▬▬▬▬▬▬▬▬▬▬▬▬▬▬▬▬▬▬▬▬▬▬▬▬▬
05:23:55 §9§l▬▬▬▬▬▬▬▬▬▬▬▬▬▬▬▬▬▬▬▬▬▬▬▬▬▬▬▬▬▬▬▬▬▬▬▬▬▬▬▬▬▬▬▬▬▬▬▬▬▬▬▬▬▬▬▬▬▬▬▬▬▬▬▬
05:23:55                                  §r§9§lTREE GIFT
05:23:55 
05:23:55                  §r§7You helped cut §r§a100% §r§7of the §r§aFig Tree§r§7.
05:23:55 §f                       §e+5 rewards gained! §8(hover)
05:23:55 §9§l▬▬▬▬▬▬▬▬▬▬▬▬▬▬▬▬▬▬▬▬▬▬▬▬▬▬▬▬▬▬▬▬▬▬▬▬▬▬▬▬▬▬▬▬▬▬▬▬▬▬▬▬▬▬▬▬▬▬▬▬▬▬▬▬
05:25:36 §9§l▬▬▬▬▬▬▬▬▬▬▬▬▬▬▬▬▬▬▬▬▬▬▬▬▬▬▬▬▬▬▬▬▬▬▬▬▬▬▬▬▬▬▬▬▬▬▬▬▬▬▬▬▬▬▬▬▬▬▬▬▬▬▬▬
05:25:36                                  §r§9§lTREE GIFT
05:25:36 
05:25:36                  §r§7You helped cut §r§a100% §r§7of the §r§aFig Tree§r§7.
05:25:36 §f                       §e+5 rewards gained! §8(hover)
05:25:36 
05:25:36                                 §r§d§lBONUS GIFT
05:25:36                           §r§7§r§aStretching Sticks §r§8(§r§a20%§r§8)
05:25:36 §9§l▬▬▬▬▬▬▬▬▬▬▬▬▬▬▬▬▬▬▬▬▬▬▬▬▬▬▬▬▬▬▬▬▬▬▬▬▬▬▬▬▬▬▬▬▬▬▬▬▬▬▬▬▬▬▬▬▬▬▬▬▬▬▬▬
05:25:42 §9§l▬▬▬▬▬▬▬▬▬▬▬▬▬▬▬▬▬▬▬▬▬▬▬▬▬▬▬▬▬▬▬▬▬▬▬▬▬▬▬▬▬▬▬▬▬▬▬▬▬▬▬▬▬▬▬▬▬▬▬▬▬▬▬▬
05:25:42                                  §r§9§lTREE GIFT
05:25:42 
05:25:42                  §r§7You helped cut §r§a100% §r§7of the §r§aFig Tree§r§7.
05:25:42 §f                       §e+5 rewards gained! §8(hover)
05:25:42 
05:25:42                                 §r§d§lBONUS GIFT
05:25:42                           §r§7§r§aStretching Sticks §r§8(§r§a20%§r§8)
05:25:42 §9§l▬▬▬▬▬▬▬▬▬▬▬▬▬▬▬▬▬▬▬▬▬▬▬▬▬▬▬▬▬▬▬▬▬▬▬▬▬▬▬▬▬▬▬▬▬▬▬▬▬▬▬▬▬▬▬▬▬▬▬▬▬▬▬▬
05:26:27 §9§l▬▬▬▬▬▬▬▬▬▬▬▬▬▬▬▬▬▬▬▬▬▬▬▬▬▬▬▬▬▬▬▬▬▬▬▬▬▬▬▬▬▬▬▬▬▬▬▬▬▬▬▬▬▬▬▬▬▬▬▬▬▬▬▬
05:26:27                                  §r§9§lTREE GIFT
05:26:27 
05:26:27                  §r§7You helped cut §r§a100% §r§7of the §r§aFig Tree§r§7.
05:26:27 §f                       §e+5 rewards gained! §8(hover)
05:26:27                      §r§7A §r§dPhanpyre §r§7fell from the Tree!
05:26:27 §9§l▬▬▬▬▬▬▬▬▬▬▬▬▬▬▬▬▬▬▬▬▬▬▬▬▬▬▬▬▬▬▬▬▬▬▬▬▬▬▬▬▬▬▬▬▬▬▬▬▬▬▬▬▬▬▬▬▬▬▬▬▬▬▬▬
05:26:35 §9§l▬▬▬▬▬▬▬▬▬▬▬▬▬▬▬▬▬▬▬▬▬▬▬▬▬▬▬▬▬▬▬▬▬▬▬▬▬▬▬▬▬▬▬▬▬▬▬▬▬▬▬▬▬▬▬▬▬▬▬▬▬▬▬▬
05:26:35                                  §r§9§lTREE GIFT
05:26:35 
05:26:35                  §r§7You helped cut §r§a100% §r§7of the §r§aFig Tree§r§7.
05:26:35 §f                       §e+5 rewards gained! §8(hover)
05:26:35 §9§l▬▬▬▬▬▬▬▬▬▬▬▬▬▬▬▬▬▬▬▬▬▬▬▬▬▬▬▬▬▬▬▬▬▬▬▬▬▬▬▬▬▬▬▬▬▬▬▬▬▬▬▬▬▬▬▬▬▬▬▬▬▬▬▬
05:26:43 §9§l▬▬▬▬▬▬▬▬▬▬▬▬▬▬▬▬▬▬▬▬▬▬▬▬▬▬▬▬▬▬▬▬▬▬▬▬▬▬▬▬▬▬▬▬▬▬▬▬▬▬▬▬▬▬▬▬▬▬▬▬▬▬▬▬
05:26:43                                  §r§9§lTREE GIFT
05:26:43 
05:26:43                  §r§7You helped cut §r§a100% §r§7of the §r§aFig Tree§r§7.
05:26:43 §f                       §e+5 rewards gained! §8(hover)
05:26:43 
05:26:43                                 §r§d§lBONUS GIFT
05:26:43                           §r§7§r§aStretching Sticks §r§8(§r§a20%§r§8)
05:26:43 §9§l▬▬▬▬▬▬▬▬▬▬▬▬▬▬▬▬▬▬▬▬▬▬▬▬▬▬▬▬▬▬▬▬▬▬▬▬▬▬▬▬▬▬▬▬▬▬▬▬▬▬▬▬▬▬▬▬▬▬▬▬▬▬▬▬
05:27:35 §9§l▬▬▬▬▬▬▬▬▬▬▬▬▬▬▬▬▬▬▬▬▬▬▬▬▬▬▬▬▬▬▬▬▬▬▬▬▬▬▬▬▬▬▬▬▬▬▬▬▬▬▬▬▬▬▬▬▬▬▬▬▬▬▬▬
05:27:35                                  §r§9§lTREE GIFT
05:27:35 
05:27:35                  §r§7You helped cut §r§a100% §r§7of the §r§aFig Tree§r§7.
05:27:35 §f                       §e+5 rewards gained! §8(hover)
05:27:35 
05:27:35                                 §r§d§lBONUS GIFT
05:27:35                           §r§7§r§aStretching Sticks §r§8(§r§a20%§r§8)
05:27:35 §9§l▬▬▬▬▬▬▬▬▬▬▬▬▬▬▬▬▬▬▬▬▬▬▬▬▬▬▬▬▬▬▬▬▬▬▬▬▬▬▬▬▬▬▬▬▬▬▬▬▬▬▬▬▬▬▬▬▬▬▬▬▬▬▬▬
05:27:45 §9§l▬▬▬▬▬▬▬▬▬▬▬▬▬▬▬▬▬▬▬▬▬▬▬▬▬▬▬▬▬▬▬▬▬▬▬▬▬▬▬▬▬▬▬▬▬▬▬▬▬▬▬▬▬▬▬▬▬▬▬▬▬▬▬▬
05:27:45                                  §r§9§lTREE GIFT
05:27:45 
05:27:45                  §r§7You helped cut §r§a100% §r§7of the §r§aFig Tree§r§7.
05:27:45 §f                       §e+5 rewards gained! §8(hover)
05:27:45 §9§l▬▬▬▬▬▬▬▬▬▬▬▬▬▬▬▬▬▬▬▬▬▬▬▬▬▬▬▬▬▬▬▬▬▬▬▬▬▬▬▬▬▬▬▬▬▬▬▬▬▬▬▬▬▬▬▬▬▬▬▬▬▬▬▬
05:32:33 §9§l▬▬▬▬▬▬▬▬▬▬▬▬▬▬▬▬▬▬▬▬▬▬▬▬▬▬▬▬▬▬▬▬▬▬▬▬▬▬▬▬▬▬▬▬▬▬▬▬▬▬▬▬▬▬▬▬▬▬▬▬▬▬▬▬
05:32:33                                  §r§9§lTREE GIFT
05:32:33 
05:32:33                  §r§7You helped cut §r§a100% §r§7of the §r§aFig Tree§r§7.
05:32:33 §f                       §e+5 rewards gained! §8(hover)
05:32:33 
05:32:33                                 §r§d§lBONUS GIFT
05:32:33                           §r§7§r§aStretching Sticks §r§8(§r§a20%§r§8)
05:32:33 §9§l▬▬▬▬▬▬▬▬▬▬▬▬▬▬▬▬▬▬▬▬▬▬▬▬▬▬▬▬▬▬▬▬▬▬▬▬▬▬▬▬▬▬▬▬▬▬▬▬▬▬▬▬▬▬▬▬▬▬▬▬▬▬▬▬
05:32:47 §9§l▬▬▬▬▬▬▬▬▬▬▬▬▬▬▬▬▬▬▬▬▬▬▬▬▬▬▬▬▬▬▬▬▬▬▬▬▬▬▬▬▬▬▬▬▬▬▬▬▬▬▬▬▬▬▬▬▬▬▬▬▬▬▬▬
05:32:47                                  §r§9§lTREE GIFT
05:32:47 
05:32:47                  §r§7You helped cut §r§a100% §r§7of the §r§aFig Tree§r§7.
05:32:47 §f                       §e+5 rewards gained! §8(hover)
05:32:47 §9§l▬▬▬▬▬▬▬▬▬▬▬▬▬▬▬▬▬▬▬▬▬▬▬▬▬▬▬▬▬▬▬▬▬▬▬▬▬▬▬▬▬▬▬▬▬▬▬▬▬▬▬▬▬▬▬▬▬▬▬▬▬▬▬▬
05:32:55 §9§l▬▬▬▬▬▬▬▬▬▬▬▬▬▬▬▬▬▬▬▬▬▬▬▬▬▬▬▬▬▬▬▬▬▬▬▬▬▬▬▬▬▬▬▬▬▬▬▬▬▬▬▬▬▬▬▬▬▬▬▬▬▬▬▬
05:32:55                                  §r§9§lTREE GIFT
05:32:55 
05:32:55                  §r§7You helped cut §r§a100% §r§7of the §r§aFig Tree§r§7.
05:32:55 §f                       §e+5 rewards gained! §8(hover)
05:32:55 
05:32:55                                 §r§d§lBONUS GIFT
05:32:55                           §r§7§r§aStretching Sticks §r§8(§r§a20%§r§8)
05:32:55 §9§l▬▬▬▬▬▬▬▬▬▬▬▬▬▬▬▬▬▬▬▬▬▬▬▬▬▬▬▬▬▬▬▬▬▬▬▬▬▬▬▬▬▬▬▬▬▬▬▬▬▬▬▬▬▬▬▬▬▬▬▬▬▬▬▬
05:33:07 §9§l▬▬▬▬▬▬▬▬▬▬▬▬▬▬▬▬▬▬▬▬▬▬▬▬▬▬▬▬▬▬▬▬▬▬▬▬▬▬▬▬▬▬▬▬▬▬▬▬▬▬▬▬▬▬▬▬▬▬▬▬▬▬▬▬
05:33:07                                  §r§9§lTREE GIFT
05:33:07 
05:33:07                  §r§7You helped cut §r§a100% §r§7of the §r§aFig Tree§r§7.
05:33:07 §f                       §e+5 rewards gained! §8(hover)
05:33:07 
05:33:07                                 §r§d§lBONUS GIFT
05:33:07                           §r§7§r§aStretching Sticks §r§8(§r§a20%§r§8)
05:33:07                      §r§7A §r§dPhanpyre §r§7fell from the Tree!
05:33:07 §9§l▬▬▬▬▬▬▬▬▬▬▬▬▬▬▬▬▬▬▬▬▬▬▬▬▬▬▬▬▬▬▬▬▬▬▬▬▬▬▬▬▬▬▬▬▬▬▬▬▬▬▬▬▬▬▬▬▬▬▬▬▬▬▬▬
05:33:17 §9§l▬▬▬▬▬▬▬▬▬▬▬▬▬▬▬▬▬▬▬▬▬▬▬▬▬▬▬▬▬▬▬▬▬▬▬▬▬▬▬▬▬▬▬▬▬▬▬▬▬▬▬▬▬▬▬▬▬▬▬▬▬▬▬▬
05:33:17                                  §r§9§lTREE GIFT
05:33:17 
05:33:17                  §r§7You helped cut §r§a100% §r§7of the §r§aFig Tree§r§7.
05:33:17 §f                       §e+5 rewards gained! §8(hover)
05:33:17 §9§l▬▬▬▬▬▬▬▬▬▬▬▬▬▬▬▬▬▬▬▬▬▬▬▬▬▬▬▬▬▬▬▬▬▬▬▬▬▬▬▬▬▬▬▬▬▬▬▬▬▬▬▬▬▬▬▬▬▬▬▬▬▬▬▬
05:34:15 §9§l▬▬▬▬▬▬▬▬▬▬▬▬▬▬▬▬▬▬▬▬▬▬▬▬▬▬▬▬▬▬▬▬▬▬▬▬▬▬▬▬▬▬▬▬▬▬▬▬▬▬▬▬▬▬▬▬▬▬▬▬▬▬▬▬
05:34:15                                  §r§9§lTREE GIFT
05:34:15 
05:34:15                  §r§7You helped cut §r§a100% §r§7of the §r§aFig Tree§r§7.
05:34:15 §f                       §e+5 rewards gained! §8(hover)
05:34:15 
05:34:15                                 §r§d§lBONUS GIFT
05:34:15                           §r§7§r§aStretching Sticks §r§8(§r§a20%§r§8)
05:34:15 §9§l▬▬▬▬▬▬▬▬▬▬▬▬▬▬▬▬▬▬▬▬▬▬▬▬▬▬▬▬▬▬▬▬▬▬▬▬▬▬▬▬▬▬▬▬▬▬▬▬▬▬▬▬▬▬▬▬▬▬▬▬▬▬▬▬
