00:58:06 §f                                  §6§lBESTIARY
00:58:06 §f                               §b§lBeetle §7§87 §8➡§b §b8
00:58:06 
00:58:06                                   §r§6§lREWARDS
00:58:06                           §r§6+0.4☘ Farming Fortune
00:58:06                               §r§8+§r§62% §r§aBeetle §r§7coins
00:58:06                     §r§8+§r§a50% §r§7chance for extra XP orbs
00:58:06                                §r§8+§r§b1 SkyBlock XP
00:58:06 
00:58:06 §3§l▬▬▬▬▬▬▬▬▬▬▬▬▬▬▬▬▬▬▬▬▬▬▬▬▬▬▬▬▬▬▬▬▬▬▬▬▬▬▬▬▬▬▬▬▬▬▬▬▬▬▬▬▬▬▬▬▬▬▬▬▬▬▬▬
00:59:07 §f                                  §6§lBESTIARY
00:59:07 §f                               §b§lLocust §7§87 §8➡§b §b8
00:59:07 
00:59:07                                   §r§6§lREWARDS
00:59:07                           §r§6+0.4☘ Farming Fortune
00:59:07                               §r§8+§r§62% §r§aLocust §r§7coins
00:59:07                     §r§8+§r§a50% §r§7chance for extra XP orbs
00:59:07                                §r§8+§r§b1 SkyBlock XP
00:59:07 
00:59:07 §3§l▬▬▬▬▬▬▬▬▬▬▬▬▬▬▬▬▬▬▬▬▬▬▬▬▬▬▬▬▬▬▬▬▬▬▬▬▬▬▬▬▬▬▬▬▬▬▬▬▬▬▬▬▬▬▬▬▬▬▬▬▬▬▬▬
00:59:17 §f                                  §6§lBESTIARY
00:59:17 §f                            §b§lEarthworm §7§85 §8➡§b §b6
00:59:17 
00:59:17                                   §r§6§lREWARDS
00:59:17                           §r§6+0.4☘ Farming Fortune
00:59:17                            §r§8+§r§62% §r§aEarthworm §r§7coins
00:59:17                     §r§8+§r§a50% §r§7chance for extra XP orbs
00:59:17                                §r§8+§r§b1 SkyBlock XP
00:59:17 
00:59:17   §r§f                         §6§lBESTIARY MILESTONE
00:59:17   §r§f                                    §869➡§e70
00:59:17 §6§lBESTIARY MILESTONE §869➡§e70
00:59:17 §6§lBESTIARY MILESTONE §869➡§e70
00:59:17 §6§lBESTIARY MILESTONE §869➡§e70
00:59:17 §6§lBESTIARY MILESTONE §869➡§e70
00:59:17 §6§lBESTIARY MILESTONE §869➡§e70
00:59:17 
01:00:12 §f                                  §6§lBESTIARY
01:00:12 §f                              §b§lMosquito §7§86 §8➡§b §b7
01:00:12 
01:00:12                                   §r§6§lREWARDS
01:00:12                           §r§6+0.4☘ Farming Fortune
01:00:12                              §r§8+§r§62% §r§aMosquito §r§7coins
01:00:12                     §r§8+§r§a50% §r§7chance for extra XP orbs
01:00:12                                §r§8+§r§b1 SkyBlock XP
01:00:12 
01:00:12 §3§l▬▬▬▬▬▬▬▬▬▬▬▬▬▬▬▬▬▬▬▬▬▬▬▬▬▬▬▬▬▬▬▬▬▬▬▬▬▬▬▬▬▬▬▬▬▬▬▬▬▬▬▬▬▬▬▬▬▬▬▬▬▬▬▬
