23:58:06 §f §r§r§r§f §r§r§r§1 §r§r§r§0 §r§r§r§2 §r§r§r§f §r§r§r§f §r§r§r§2 §r§r§r§0 §r§r§r§4 §r§r§r§3 §r§r§r§9 §r§r§r§2 §r§r§r§0 §r§r§r§0 §r§r§r§3 §r§r§r§9 §r§r§r§2 §r§r§r§0 §r§r§r§0 §r§r§r§3 §r§r§r§9 §r§r§r§2 §r§r§r§0 §r§r§r§0 
00:00:40 §f §r§r§r§f §r§r§r§1 §r§r§r§0 §r§r§r§2 §r§r§r§f §r§r§r§f §r§r§r§2 §r§r§r§0 §r§r§r§4 §r§r§r§3 §r§r§r§9 §r§r§r§2 §r§r§r§0 §r§r§r§0 §r§r§r§3 §r§r§r§9 §r§r§r§2 §r§r§r§0 §r§r§r§0 §r§r§r§3 §r§r§r§9 §r§r§r§2 §r§r§r§0 §r§r§r§0 
00:00:43 §8 §r§8 §r§1 §r§3 §r§3 §r§7 §r§8 
00:00:45 
00:00:45 
00:01:45 §8 §r§8 §r§1 §r§3 §r§3 §r§7 §r§8 
00:02:27 §8 §r§8 §r§1 §r§3 §r§3 §r§7 §r§8 
00:04:57 §8 §r§8 §r§1 §r§3 §r§3 §r§7 §r§8 
00:06:05 §8 §r§8 §r§1 §r§3 §r§3 §r§7 §r§8 
00:17:48 §8 §r§8 §r§1 §r§3 §r§3 §r§7 §r§8 
00:17:55 §8 §r§8 §r§1 §r§3 §r§3 §r§7 §r§8 
00:19:01 §8 §r§8 §r§1 §r§3 §r§3 §r§7 §r§8 
00:29:35 
00:36:13 §8 §r§8 §r§1 §r§3 §r§3 §r§7 §r§8 
00:36:22 §8 §r§8 §r§1 §r§3 §r§3 §r§7 §r§8 
00:36:30 §8 §r§8 §r§1 §r§3 §r§3 §r§7 §r§8 
00:37:15 §8 §r§8 §r§1 §r§3 §r§3 §r§7 §r§8 
00:37:40 §8 §r§8 §r§1 §r§3 §r§3 §r§7 §r§8 
00:38:09 §8 §r§8 §r§1 §r§3 §r§3 §r§7 §r§8 
00:41:21 §8 §r§8 §r§1 §r§3 §r§3 §r§7 §r§8 
00:42:32 §8 §r§8 §r§1 §r§3 §r§3 §r§7 §r§8 
00:45:23 §8 §r§8 §r§1 §r§3 §r§3 §r§7 §r§8 
00:47:01 §8 §r§8 §r§1 §r§3 §r§3 §r§7 §r§8 
00:47:28 §8 §r§8 §r§1 §r§3 §r§3 §r§7 §r§8 
00:47:42 §8 §r§8 §r§1 §r§3 §r§3 §r§7 §r§8 
00:47:59 §8 §r§8 §r§1 §r§3 §r§3 §r§7 §r§8 
00:54:09 §8 §r§8 §r§1 §r§3 §r§3 §r§7 §r§8 
00:55:18 §8 §r§8 §r§1 §r§3 §r§3 §r§7 §r§8 
00:55:36 §8 §r§8 §r§1 §r§3 §r§3 §r§7 §r§8 
00:55:49 §8 §r§8 §r§1 §r§3 §r§3 §r§7 §r§8 
00:56:40 §8 §r§8 §r§1 §r§3 §r§3 §r§7 §r§8 
00:56:43 §8 §r§8 §r§1 §r§3 §r§3 §r§7 §r§8 
00:57:44 §8 §r§8 §r§1 §r§3 §r§3 §r§7 §r§8 
00:58:06  
00:59:07  
00:59:17  
01:00:12  
01:00:26 §8 §r§8 §r§1 §r§3 §r§3 §r§7 §r§8 
01:00:27  
01:00:27   
01:00:31 §8 §r§8 §r§1 §r§3 §r§3 §r§7 §r§8 
01:00:32  
01:00:32   
01:00:35  
01:00:35  
01:00:35  
01:00:35 
01:01:32 
01:01:32 §c
01:11:07 
01:56:19 §f §r§r§r§f §r§r§r§1 §r§r§r§0 §r§r§r§2 §r§r§r§f §r§r§r§f §r§r§r§2 §r§r§r§0 §r§r§r§4 §r§r§r§3 §r§r§r§9 §r§r§r§2 §r§r§r§0 §r§r§r§0 §r§r§r§3 §r§r§r§9 §r§r§r§2 §r§r§r§0 §r§r§r§0 §r§r§r§3 §r§r§r§9 §r§r§r§2 §r§r§r§0 §r§r§r§0 
01:56:23 §8 §r§8 §r§1 §r§3 §r§3 §r§7 §r§8 
01:56:26 
01:56:26 
02:05:39                                         
