00:05:33 §6[Sacks] §r§a+1,194§r§e items§r§e.§r§8 (Last 19s.)
00:05:59 §6[Sacks] §r§a+1,251§r§e items§r§e.§r§8 (Last 24s.)
00:06:18 §6[Sacks] §r§c-1,088§r§e items§r§e.§r§8 (Last 5s.)
00:06:30 §6[Sacks] §r§a+1,795§r§e items§r§e, §r§c-1,216§r§e items§r§e.§r§8 (Last 9s.)
00:06:37 §6[Sacks] §r§c-1,216§r§e items§r§e.§r§8 (Last 5s.)
00:09:08 §6[Sacks] §r§a+6§r§e items§r§e, §r§c-1,024§r§e items§r§e.§r§8 (Last 5s.)
00:09:19 §6[Sacks] §r§c-124§r§e items§r§e.§r§8 (Last 5s.)
00:09:28 §6[Sacks] §r§c-1,024§r§e items§r§e.§r§8 (Last 5s.)
00:09:39 §6[Sacks] §r§c-120§r§e items§r§e.§r§8 (Last 5s.)
00:09:46 §6[Sacks] §r§c-869§r§e items§r§e.§r§8 (Last 5s.)
00:10:04 §6[Sacks] §r§c-115§r§e items§r§e.§r§8 (Last 5s.)
00:10:41 §6[Sacks] §r§c-95§r§e items§r§e.§r§8 (Last 5s.)
00:19:50 §6[Sacks] §r§a+3§r§e items§r§e.§r§8 (Last 5s.)
00:20:00 §6[Sacks] §r§a+9§r§e items§r§e.§r§8 (Last 9s.)
00:30:38 §6[Sacks] §r§a+1,281§r§e items§r§e.§r§8 (Last 9s.)
00:30:47 §6[Sacks] §r§a+292§r§e items§r§e.§r§8 (Last 7s.)
00:34:42 §6[Sacks] §r§a+915§r§e items§r§e.§r§8 (Last 24s.)
00:35:19 §6[Sacks] §r§a+5§r§e items§r§e.§r§8 (Last 8s.)
00:41:02 §6[Sacks] §r§a+13§r§e items§r§e.§r§8 (Last 10s.)
00:41:19 §6[Sacks] §r§a+1§r§e item§r§e.§r§8 (Last 5s.)
00:43:17 §6[Sacks] §r§c-1,282§r§e items§r§e.§r§8 (Last 5s.)
00:43:27 §6[Sacks] §r§a+1,292§r§e items§r§e.§r§8 (Last 5s.)
00:43:52 §6[Sacks] §r§c-1,292§r§e items§r§e.§r§8 (Last 5s.)
00:47:15 §6[Sacks] §r§a+8§r§e items§r§e.§r§8 (Last 12s.)
00:50:35 §6[Sacks] §r§a+320§r§e items§r§e.§r§8 (Last 5s.)
00:50:51 §6[Sacks] §r§a+7§r§e items§r§e.§r§8 (Last 5s.)
00:51:24 §6[Sacks] §r§a+217§r§e items§r§e.§r§8 (Last 30s.)
00:51:56 §6[Sacks] §r§a+480§r§e items§r§e.§r§8 (Last 30s.)
00:52:31 §6[Sacks] §r§a+157§r§e items§r§e.§r§8 (Last 27s.)
00:53:19 §6[Sacks] §r§a+551§r§e items§r§e.§r§8 (Last 30s.)
00:53:51 §6[Sacks] §r§a+240§r§e items§r§e.§r§8 (Last 30s.)
00:55:09 §6[Sacks] §r§c-1,216§r§e items§r§e.§r§8 (Last 5s.)
00:55:18 §6[Sacks] §r§c-730§r§e items§r§e.§r§8 (Last 5s.)
01:02:11 §6[Sacks] §r§a+590§r§e items§r§e.§r§8 (Last 30s.)
01:02:42 §6[Sacks] §r§a+509§r§e items§r§e.§r§8 (Last 30s.)
01:03:14 §6[Sacks] §r§a+229§r§e items§r§e.§r§8 (Last 30s.)
01:03:31 §6[Sacks] §r§a+56§r§e items§r§e.§r§8 (Last 16s.)
01:04:50 §6[Sacks] §r§a+690§r§e items§r§e.§r§8 (Last 30s.)
01:04:59 §6[Sacks] §r§a+42§r§e items§r§e.§r§8 (Last 8s.)
01:05:35 §6[Sacks] §r§a+635§r§e items§r§e.§r§8 (Last 30s.)
01:06:06 §6[Sacks] §r§a+309§r§e items§r§e.§r§8 (Last 30s.)
01:06:27 §6[Sacks] §r§a+136§r§e items§r§e.§r§8 (Last 20s.)
01:09:02 §6[Sacks] §r§a+341§r§e items§r§e.§r§8 (Last 12s.)
01:57:02 §6[Sacks] §r§a+155§r§e items§r§e.§r§8 (Last 5s.)
01:57:15 §6[Sacks] §r§a+56§r§e items§r§e.§r§8 (Last 12s.)
01:58:09 §6[Sacks] §r§a+433§r§e items§r§e.§r§8 (Last 17s.)
01:58:54 §6[Sacks] §r§a+63§r§e items§r§e.§r§8 (Last 18s.)
01:59:11 §6[Sacks] §r§a+315§r§e items§r§e.§r§8 (Last 12s.)
02:00:03 §6[Sacks] §r§a+512§r§e items§r§e.§r§8 (Last 30s.)
02:00:23 §6[Sacks] §r§a+83§r§e items§r§e.§r§8 (Last 17s.)
02:00:49 §6[Sacks] §r§a+93§r§e items§r§e.§r§8 (Last 6s.)
02:02:39 §6[Sacks] §r§a+259§r§e items§r§e.§r§8 (Last 11s.)
02:03:11 §6[Sacks] §r§a+51§r§e items§r§e.§r§8 (Last 21s.)
02:03:24 §6[Sacks] §r§a+6§r§e items§r§e.§r§8 (Last 5s.)
02:03:40 §6[Sacks] §r§a+18§r§e items§r§e.§r§8 (Last 10s.)
02:03:54 §6[Sacks] §r§a+383§r§e items§r§e.§r§8 (Last 9s.)
02:04:38 §6[Sacks] §r§a+70§r§e items§r§e.§r§8 (Last 21s.)
02:04:56 §6[Sacks] §r§a+293§r§e items§r§e.§r§8 (Last 5s.)
02:05:52 §6[Sacks] §r§a+524§r§e items§r§e.§r§8 (Last 15s.)
02:06:36 §6[Sacks] §r§a+384§r§e items§r§e.§r§8 (Last 13s.)
02:06:52 §6[Sacks] §r§a+3§r§e items§r§e.§r§8 (Last 5s.)
02:07:30 §6[Sacks] §r§a+524§r§e items§r§e.§r§8 (Last 30s.)
02:07:36 §6[Sacks] §r§a+3§r§e items§r§e.§r§8 (Last 5s.)
02:08:17 §6[Sacks] §r§a+86§r§e items§r§e.§r§8 (Last 20s.)
02:08:49 §6[Sacks] §r§a+539§r§e items§r§e.§r§8 (Last 30s.)
02:09:20 §6[Sacks] §r§a+163§r§e items§r§e.§r§8 (Last 30s.)
02:09:27 §6[Sacks] §r§a+12§r§e items§r§e.§r§8 (Last 6s.)
02:09:40 §6[Sacks] §r§a+240§r§e items§r§e.§r§8 (Last 5s.)
02:09:49 §6[Sacks] §r§a+182§r§e items§r§e.§r§8 (Last 9s.)
02:10:15 §6[Sacks] §r§a+433§r§e items§r§e.§r§8 (Last 13s.)
02:10:57 §6[Sacks] §r§a+482§r§e items§r§e.§r§8 (Last 30s.)
02:11:10 §6[Sacks] §r§a+47§r§e items§r§e.§r§8 (Last 12s.)
02:11:27 §6[Sacks] §r§a+86§r§e items§r§e.§r§8 (Last 16s.)
02:11:51 §6[Sacks] §r§a+13§r§e items§r§e.§r§8 (Last 6s.)
02:12:53 §6[Sacks] §r§a+401§r§e items§r§e.§r§8 (Last 28s.)
02:13:14 §6[Sacks] §r§a+13§r§e items§r§e.§r§8 (Last 6s.)
02:13:20 §6[Sacks] §r§a+10§r§e items§r§e.§r§8 (Last 5s.)
02:13:44 §6[Sacks] §r§a+32§r§e items§r§e.§r§8 (Last 11s.)
02:14:49 §6[Sacks] §r§a+12§r§e items§r§e.§r§8 (Last 6s.)
02:14:58 §6[Sacks] §r§a+289§r§e items§r§e.§r§8 (Last 5s.)
