10:45:04 [allowed] §aYou are still radiating with §bGenerosity§r§a!
10:45:06 [allowed]   §r§f§l➤ §r§6You have reached your Hype limit! Add Hype to Prototype Lobby minigames by right-clicking with the Hype Diamond!
10:45:08 [allowed] §7Sending to server mini147DV...
10:45:09 [allowed] §8[§r§e117§r§8] §r§b[MVP§f+§b] cowrain§f§r§f: hey]
10:45:11 [allowed] §8[§r§e117§r§8] §r§b[MVP§f+§b] cowrain§f§r§f: old acc
10:45:11 [allowed] §eLatest update: §bSkyBlock v0.23.2 §e§lCLICK
10:45:12 [allowed] §8[§r§e117§r§8] §r§b[MVP§f+§b] cowrain§f§r§f: low level
10:45:15 [allowed] §8[§r§e117§r§8] §r§b[MVP§f+§b] cowrain§f§r§f: 5 year old
10:45:16 [allowed] §8[§r§f59§r§8] §r§7Nugget432§7§r§7: no me me!!!
10:45:16 [allowed] §8[§r§e117§r§8] §r§b[MVP§f+§b] cowrain§f§r§f: whatever
10:45:26 [allowed] §8[§r§e117§r§8] §r§b[MVP§f+§b] cowrain§f§r§f: everyone that wants some cash come to spawn
10:45:27 [allowed] §e[SkyHanni] You have gained §b357 §eBits.
10:45:31 [allowed] §8[§r§e117§r§8] §r§b[MVP§f+§b] cowrain§f§r§f: free handouts for the standies
10:45:36 [allowed] §8[§r§e117§r§8] §r§b[MVP§f+§b] cowrain§f§r§f: LOL
10:45:36 [allowed] §7Warping...
10:45:37 [allowed] §7Sending to server mini35AK...
10:45:37 [allowed] §7[§r§rS§r§rk§r§ry§r§rb§r§rl§r§ro§r§rc§r§rk§r§re§r§rr§r§7] §rReceived a waypoint to Jungle Temple from the Skyblocker WebSocket.
10:45:37 [allowed] §7[§r§rS§r§rk§r§ry§r§rb§r§rl§r§ro§r§rc§r§rk§r§re§r§rr§r§7] §rReceived a waypoint to Mines of Divan from the Skyblocker WebSocket.
10:45:37 [allowed] §7[§r§rS§r§rk§r§ry§r§rb§r§rl§r§ro§r§rc§r§rk§r§re§r§rr§r§7] §rReceived a waypoint to Goblin Queen's Den from the Skyblocker WebSocket.
10:45:37 [allowed] §7[§r§rS§r§rk§r§ry§r§rb§r§rl§r§ro§r§rc§r§rk§r§re§r§rr§r§7] §rReceived a waypoint to Lost Precursor City from the Skyblocker WebSocket.
10:45:37 [allowed] §7[§r§rS§r§rk§r§ry§r§rb§r§rl§r§ro§r§rc§r§rk§r§re§r§rr§r§7] §rReceived a waypoint to Khazad-dûm from the Skyblocker WebSocket.
10:45:37 [allowed] §7[§r§rS§r§rk§r§ry§r§rb§r§rl§r§ro§r§rc§r§rk§r§re§r§rr§r§7] §rReceived a waypoint to King Yolkar from the Skyblocker WebSocket.
10:45:42 [allowed] §aYou used your §r§6Pickobulus §r§aPickaxe Ability!
10:45:43 [allowed] §7Your §r§aPickobulus §r§7destroyed §r§e36 §r§7blocks!
10:45:52 [allowed] §aThe wind has changed direction!
10:45:53 [allowed] §8[§r§2174§r§8] §r§7§lᛝ §r§b[MVP§c+§b] GooseTheRealGod§f§r§f: ok done bye bey
10:45:57 [allowed] §8[§r§a134§r§8] §r§b[MVP§c+§b] Basheeralrash§f§r§f: did u get the corleone?
10:46:20 [allowed] §a§l+5 Kill Combo §r§b+3% §r§b✯ Magic Find
10:46:23 [allowed] §a§l▬▬▬▬▬▬▬▬▬▬▬▬▬▬▬▬▬▬▬▬▬▬▬▬▬▬▬▬▬▬▬▬▬▬▬▬▬▬▬▬▬▬▬▬▬▬▬▬▬▬▬▬▬▬▬▬▬▬▬▬▬▬▬▬
10:46:23 [allowed]                      §r§9§lGONE WITH THE WIND ENDED!
10:46:23 [allowed]                            §r§7Passive Active Event
10:46:23 [allowed]      The wind has died down leading to normal mining speeds.
10:46:23 [allowed] §a§l▬▬▬▬▬▬▬▬▬▬▬▬▬▬▬▬▬▬▬▬▬▬▬▬▬▬▬▬▬▬▬▬▬▬▬▬▬▬▬▬▬▬▬▬▬▬▬▬▬▬▬▬▬▬▬▬▬▬▬▬▬▬▬▬
10:46:26 [allowed] §a§l+10 Kill Combo §r§8+§r§610 §r§7coins per kill
10:46:28 [allowed] §cThere are blocks in the way!
10:46:29 [allowed] §cThere are blocks in the way!
10:46:32 [allowed] §cYour Kill Combo has expired! You reached a 11 Kill Combo!
10:46:43 [allowed] §a§r§6Pickobulus §r§ais now available!
10:47:23 [allowed] §8[§r§a134§r§8] §r§b[MVP§c+§b] Basheeralrash§f§r§f: is there a hollows sack
10:47:35 [allowed] §8[§r§b201§r§8] §r§b§lᛝ §r§b[MVP§a+§b] habnkleinen69§f§r§f: yes
10:47:40 [allowed]  §d⚑ §eThe §dBetter Together §eevent starts in §a20 §eseconds!
 §eThis is a passive event! §bIt's happening everywhere in the §bCrystal Hollows!
10:47:41 [allowed] §8[§r§b201§r§8] §r§b§lᛝ §r§b[MVP§a+§b] habnkleinen69§f§r§f: i think you can buy it for bits
10:47:42 [allowed] §aYou used your §r§6Pickobulus §r§aPickaxe Ability!
10:47:42 [allowed] §7Your §r§aPickobulus §r§7destroyed §r§e41 §r§7blocks!
10:47:42 [allowed] §aYou uncovered a treasure chest!
10:47:48 [allowed] §e§l▬▬▬▬▬▬▬▬▬▬▬▬▬▬▬▬▬▬▬▬▬▬▬▬▬▬▬▬▬▬▬▬▬▬▬▬▬▬▬▬▬▬▬▬▬▬▬▬▬▬▬▬▬▬▬▬▬▬▬▬▬▬▬▬
10:47:48 [allowed]   §r§6§lCHEST LOCKPICKED 
10:47:48 [allowed]   §r§a§lREWARDS
10:47:48 [allowed]     §r§aOil Barrel
10:47:48 [allowed]     §r§f❈ Rough Amethyst Gemstone §r§8x16
10:47:48 [allowed]     §r§dGemstone Powder §r§8x272
10:47:48 [allowed] §e§l▬▬▬▬▬▬▬▬▬▬▬▬▬▬▬▬▬▬▬▬▬▬▬▬▬▬▬▬▬▬▬▬▬▬▬▬▬▬▬▬▬▬▬▬▬▬▬▬▬▬▬▬▬▬▬▬▬▬▬▬▬▬▬▬
10:48:01 [allowed] §a§l▬▬▬▬▬▬▬▬▬▬▬▬▬▬▬▬▬▬▬▬▬▬▬▬▬▬▬▬▬▬▬▬▬▬▬▬▬▬▬▬▬▬▬▬▬▬▬▬▬▬▬▬▬▬▬▬▬▬▬▬▬▬▬▬
10:48:01 [allowed]                     §r§d§lBETTER TOGETHER STARTED!
10:48:01 [allowed]                            §r§7Passive Active Event
10:48:01 [allowed]   The §r§dBetter Together §r§ffestival is underway! While this event is
10:48:01 [allowed] §f    §r§factive, gain §r§6+250⸕ Mining Speed §r§fand §r§6+20☘ Mining Fortune
10:48:01 [allowed] §6§r§f    §r§f§r§ffor each player in the same zone as you! §r§7(Max 5 players)
10:48:01 [allowed] §a§l▬▬▬▬▬▬▬▬▬▬▬▬▬▬▬▬▬▬▬▬▬▬▬▬▬▬▬▬▬▬▬▬▬▬▬▬▬▬▬▬▬▬▬▬▬▬▬▬▬▬▬▬▬▬▬▬▬▬▬▬▬▬▬▬
10:48:01 [allowed] §7§oYou can hear cooperative chattering coming from town...
10:48:01 [allowed] §7§oThe Better Together festival is active for 20 minutes!
10:48:03 [allowed] §e[NPC] Tribe Member§r§r§r: Ough!
10:48:06 [allowed] §e[NPC] Tribe Member§r§r§r: Ough!
10:48:06 [allowed] §e[NPC] Tribe Member§r§r§r: Let's settle this.
10:48:08 [allowed] §e[NPC] Tribe Member§r§r§r: You are going to regret this!
10:48:09 [allowed] §e[NPC] Tribe Member§r§r§r: You are going to regret this!
10:48:09 [allowed] §e[NPC] Tribe Member§r§r§r: You are going to regret this!
10:48:10 [allowed] §e[NPC] Tribe Member§r§r§r: Let's settle this.
10:48:10 [allowed] §e[NPC] Tribe Member§r§r§r: You are going to regret this!
10:48:11 [allowed] §e[NPC] Tribe Member§r§r§r: You are going to regret this!
10:48:12 [allowed] §e[NPC] Tribe Member§r§r§r: You are going to regret this!
10:48:13 [allowed] §e[NPC] Tribe Member§r§r§r: You need to be taught some manners.
10:48:14 [allowed] §e[NPC] Tribe Member§r§r§r: Let's settle this.
10:48:18 [allowed] §e[NPC] Tribe Member§r§r§r: That's enough! Get over here!
10:48:18 [allowed] §e[NPC] Tribe Member§r§r§r: That's enough! Get over here!
10:48:19 [allowed] §e[NPC] Tribe Member§r§r§r: You are going to regret this!
10:48:20 [allowed] §e[NPC] Tribe Member§r§r§r: Let's settle this.
10:48:20 [allowed] §e[NPC] Tribe Member§r§r§r: That's enough! Get over here!
10:48:20 [allowed] §e[NPC] Tribe Member§r§r§r: You are going to regret this!
10:48:21 [allowed] §e[NPC] Tribe Member§r§r§r: You need to be taught some manners.
10:48:21 [allowed] §e[NPC] Tribe Member§r§r§r: That's enough! Get over here!
10:48:22 [allowed] §e[NPC] Tribe Member§r§r§r: That's enough! Get over here!
10:48:22 [allowed] §e[NPC] Tribe Member§r§r§r: That's enough! Get over here!
10:48:22 [allowed] §e[NPC] Tribe Member§r§r§r: You need to be taught some manners.
10:48:23 [allowed] §e[NPC] Tribe Member§r§r§r: Let's settle this.
10:48:23 [allowed] §e[NPC] Tribe Member§r§r§r: Let's settle this.
10:48:24 [allowed] §e[NPC] Tribe Member§r§r§r: You are going to regret this!
10:48:24 [allowed] §e[NPC] Tribe Member§r§r§r: You need to be taught some manners.
10:48:25 [allowed] §e[NPC] Tribe Member§r§r§r: You need to be taught some manners.
10:48:25 [allowed] §e[NPC] Tribe Member§r§r§r: Let's settle this.
10:48:26 [allowed] §e[NPC] Tribe Member§r§r§r: You need to be taught some manners.
10:48:27 [allowed] §e[NPC] Tribe Member§r§r§r: Let's settle this.
10:48:27 [allowed] §8[§r§e90§r§8] §r§a[VIP] ValtYT§f§r§f: грь
10:48:28 [allowed] §e[NPC] Tribe Member§r§r§r: Let's settle this.
10:48:29 [allowed] §e[NPC] Tribe Member§r§r§r: That's enough! Get over here!
10:48:30 [allowed] §8[§r§e90§r§8] §r§a[VIP] ValtYT§f§r§f: огіе ф йгуіешщт
10:48:32 [allowed] §8[§r§e90§r§8] §r§a[VIP] ValtYT§f§r§f: sorry
10:48:35 [allowed] §8[§r§e90§r§8] §r§a[VIP] ValtYT§f§r§f: a question
10:48:37 [allowed] §8[§r§a139§r§8] §r§b[MVP§f+§b] Mat_orb§f§r§f: ?
10:48:38 [allowed] §8[§r§e90§r§8] §r§a[VIP] ValtYT§f§r§f: how you get glossy thingy
10:48:41 [allowed] §8[§r§e90§r§8] §r§a[VIP] ValtYT§f§r§f: for the armor
10:48:43 [allowed] §a§r§6Pickobulus §r§ais now available!
10:48:43 [allowed] §8[§r§a139§r§8] §r§b[MVP§f+§b] Mat_orb§f§r§f: mining fiesta
10:48:44 [allowed] §8[§r§b201§r§8] §r§b§lᛝ §r§b[MVP§a+§b] habnkleinen69§f§r§f: mining fiesta
10:48:45 [allowed] §aYou used your §r§6Pickobulus §r§aPickaxe Ability!
10:48:45 [allowed] §7Your §r§aPickobulus §r§7destroyed §r§e37 §r§7blocks!
10:48:48 [allowed] §8[§r§e90§r§8] §r§a[VIP] ValtYT§f§r§f: where?
10:48:55 [allowed] §8[§r§b201§r§8] §r§b§lᛝ §r§b[MVP§a+§b] habnkleinen69§f§r§f: its a event
10:48:56 [allowed] §8[§r§e90§r§8] §r§a[VIP] ValtYT§f§r§f: like i know the mineral for the 1st armor is
10:49:00 [allowed] §8[§r§a134§r§8] §r§b[MVP§c+§b] Basheeralrash§f§r§f: when cole is mayor with mining fiesta perk
10:49:01 [allowed] §aYou uncovered a treasure chest!
10:49:06 [allowed] §8[§r§e90§r§8] §r§a[VIP] ValtYT§f§r§f: i know about it
10:49:08 [allowed] §e§l▬▬▬▬▬▬▬▬▬▬▬▬▬▬▬▬▬▬▬▬▬▬▬▬▬▬▬▬▬▬▬▬▬▬▬▬▬▬▬▬▬▬▬▬▬▬▬▬▬▬▬▬▬▬▬▬▬▬▬▬▬▬▬▬
10:49:08 [allowed]   §r§6§lCHEST LOCKPICKED 
10:49:08 [allowed]   §r§a§lREWARDS
10:49:08 [allowed]     §r§a❈ Flawed Amethyst Gemstone §r§8x2
10:49:08 [allowed]     §r§f❈ Rough Amethyst Gemstone §r§8x8
10:49:08 [allowed]     §r§dGold Essence
10:49:08 [allowed] §e§l▬▬▬▬▬▬▬▬▬▬▬▬▬▬▬▬▬▬▬▬▬▬▬▬▬▬▬▬▬▬▬▬▬▬▬▬▬▬▬▬▬▬▬▬▬▬▬▬▬▬▬▬▬▬▬▬▬▬▬▬▬▬▬▬
10:49:11 [allowed] §8[§r§e90§r§8] §r§a[VIP] ValtYT§f§r§f: i mean where the glossy thing drops?
10:49:14 [allowed] §8[§r§a134§r§8] §r§b[MVP§c+§b] Basheeralrash§f§r§f: mine gemstones for glossy and mithril for refined mineral
10:49:14 [allowed] §8[§r§a139§r§8] §r§b[MVP§f+§b] Mat_orb§f§r§f: yeah tham you put glossy gemsatones around the mineral armor
10:49:18 [allowed] §8[§r§e90§r§8] §r§a[VIP] ValtYT§f§r§f: glossy gemstone
10:49:25 [allowed] §8[§r§a134§r§8] §r§b[MVP§c+§b] Basheeralrash§f§r§f: read what i wrote
10:49:38 [allowed] §8[§r§e90§r§8] §r§a[VIP] ValtYT§f§r§f: i know it drops on fiesta, i just dont know where exactly
10:49:43 [allowed] §8[§r§a139§r§8] §r§b[MVP§f+§b] Mat_orb§f§r§f: you can see it just type ./recipe glossy
10:49:45 [allowed] §8[§r§e90§r§8] §r§a[VIP] ValtYT§f§r§f: usual ores give the mineral
10:49:46 [allowed] §8[§r§b201§r§8] §r§b§lᛝ §r§b[MVP§a+§b] habnkleinen69§f§r§f: if you mine gemstone
10:49:46 [allowed] §8[§r§a134§r§8] §r§b[MVP§c+§b] Basheeralrash§f§r§f: when u mine gemstones
10:49:46 [allowed] §a§r§6Pickobulus §r§ais now available!
10:49:50 [allowed] §8[§r§b201§r§8] §r§b§lᛝ §r§b[MVP§a+§b] habnkleinen69§f§r§f: any gemstone
10:49:55 [allowed] §8[§r§e90§r§8] §r§a[VIP] ValtYT§f§r§f: oh..
10:49:59 [allowed] §8[§r§e90§r§8] §r§a[VIP] ValtYT§f§r§f: bruhh, sorry mb
10:50:09 [allowed] §8[§r§e90§r§8] §r§a[VIP] ValtYT§f§r§f: im slow on uptake and all that
10:50:14 [allowed] §8[§r§a139§r§8] §r§b[MVP§f+§b] Mat_orb§f§r§f: no worries
10:50:26 [allowed] §aYou used your §r§6Pickobulus §r§aPickaxe Ability!
10:50:27 [allowed] §7Your §r§aPickobulus §r§7destroyed §r§e133 §r§7blocks!
