13:31:22 [allowed] §aYou are still radiating with §bGenerosity§r§a!
13:31:22 [EMPTY] §f §r§r§r§f §r§r§r§1 §r§r§r§0 §r§r§r§2 §r§r§r§f §r§r§r§f §r§r§r§2 §r§r§r§0 §r§r§r§4 §r§r§r§3 §r§r§r§9 §r§r§r§2 §r§r§r§0 §r§r§r§0 §r§r§r§3 §r§r§r§9 §r§r§r§2 §r§r§r§0 §r§r§r§0 §r§r§r§3 §r§r§r§9 §r§r§r§2 §r§r§r§0 §r§r§r§0 
13:31:23 [allowed] 
§r§cWe noticed you haven't claimed your free Daily Reward yet!
§r§6To choose your reward you have to click the link to visit our website! As a reminder, here's your link for today:  §r§bhttps://rewards.hypixel.net/claim-reward/7795666d§r

13:31:24 [allowed] §b[MVP§4+§b] Chesnay§f §6joined the lobby!
13:31:38 [allowed] §b[MVP§d+§b] WestSidePanda§f §6joined the lobby!
13:31:42 [allowed] §a-----------------------------------------------------
13:31:42 [allowed] You have claimed a §r§f§l[Common Mystery Dust] §r§freward card!
13:31:42 [allowed] Check back tomorrow to claim your next reward, or use
13:31:42 [allowed] §eReward Tokens §r§fat the Delivery Man to try again!
13:31:42 [allowed] §a-----------------------------------------------------
13:31:50 [allowed] §2Guild > §b[MVP§3+§b] catholicschool§f: §rcult of the fallen star soon
13:31:53 [allowed] §7Sending to server mini189AW...
13:31:54 [EMPTY] §8 §r§8 §r§1 §r§3 §r§3 §r§7 §r§8 
13:31:54 [allowed] §eProfile ID: §r§a62b760d8-92b6-4501-ada0-1fd8583f5266
13:31:54 [allowed] §e§lCLICK THIS TO SUGGEST IT IN CHAT §7§l[DASHES]
13:31:54 [allowed] §e§lCLICK THIS TO SUGGEST IT IN CHAT §7§l[NO DASHES]
13:31:56 [EMPTY] 
13:31:56 [WELCOME] §eWelcome to §r§aHypixel SkyBlock§r§e!
13:31:56 [EMPTY] 
13:31:56 [allowed] §eLatest update: §bSkyBlock v0.23.2 §e§lCLICK
13:31:56 [PROFILE_JOIN] §aYou are playing on profile: §eLemon§b (Co-op)
13:31:56 [PROFILE_JOIN] §8Profile ID: 62b760d8-92b6-4501-ada0-1fd8583f5266
13:31:58 [LOTTERY] §bNew day! §r§eYour §r§2Lottery §r§ebuff changed!
13:31:58 [LOTTERY] §eNew buff§r§r§r: §r§fGain §r§a+50 §r§6☘ Fig Fortune§r§f.
13:31:58 [LOTTERY] §8§oYou can disable this messaging by toggling Lottery in your /hotf!
13:32:11 [allowed] §aYou summoned your §r§9Guardian§r§a!
13:32:19 [allowed] §e[SkyHanni] §eTo edit hidden GUI elements:
 §7- §e1. Set a key in /sh edit.
 §7- §e2. Click that key while the GUI element is visible.
13:32:22 [allowed] §2Guild > §a[VIP§6+§a] himej0shi§f: §rmis see
13:32:33 [allowed] §2Guild > §b[MVP§3+§b] catholicschool§f: §rsa kunagi kysisid see
13:32:38 [allowed] §2Guild > §a[VIP§6+§a] himej0shi§f: §raa
13:32:39 [allowed] §2Guild > §a[VIP§6+§a] himej0shi§f: §rhgfhfdghdfg
13:32:39 [allowed] §2Guild > §b[MVP§3+§b] catholicschool§f: §rdwarven minis assassin creed guy
13:32:46 [allowed] §2Guild > §b[MVP§3+§b] catholicschool§f: §rsecret cult
13:32:48 [allowed] §2Guild > §a[VIP§6+§a] himej0shi§f: §raajjaja
13:32:52 [allowed] §2Guild > §a[VIP§6+§a] himej0shi§f: §rshow me how
13:33:00 [allowed] §2Guild > §a[VIP§6+§a] himej0shi§f: §rpwease
13:33:05 [allowed] §2Guild > §a[VIP§6+§a] himej0shi§f: §ror nvm i can google
13:33:07 [allowed] §2Guild > §a[VIP§6+§a] himej0shi§f: §rhgfdfhghfg
13:33:11 [allowed] §2Guild > §a[VIP§6+§a] himej0shi§f: §runless sa sovid mulle näidata
13:33:54 [allowed] §eYou claimed the §r§eChronomatron §r§erewards!
13:33:54 [allowed]  §r§8+§r§320,000 Enchanting Exp
13:33:54 [allowed] §8 +§r§d1 Superpairs click
13:34:14 [allowed] §2Guild > §b[MVP§3+§b] catholicschool§f: §rnext in game day
13:34:17 [allowed] §2Guild > §b[MVP§3+§b] catholicschool§f: §rin 1 ing hour
13:35:00 [allowed] §eYou claimed the §r§6Ultrasequencer §r§erewards!
13:35:00 [allowed]  §r§8+§r§328,000 Enchanting Exp
13:35:00 [allowed] §8 +§r§d2 Superpairs clicks
13:35:00 [LOTTERY] §bNew day! §r§eYour §r§2Lottery §r§ebuff changed!
13:35:00 [LOTTERY] §eNew buff§r§r§r: §r§fGain §r§a+50 §r§6☘ Mangrove Fortune§r§f.
13:35:00 [LOTTERY] §8§oYou can disable this messaging by toggling Lottery in your /hotf!
13:35:02 [allowed] §cYour Minecraft level is too low to start this experiment!
13:35:21 [allowed] §cYour Minecraft level is too low to start this experiment!
13:35:51 [allowed] §eYou claimed the §r§eSuperpairs §r§erewards!
13:35:51 [allowed] §aYour §r§9Guardian §r§aleveled up to level §r§991§r§a!
13:35:51 [allowed] §8 +§r§3100k Enchanting Exp
13:35:51 [allowed]  §r§8+§r§9Titanic Experience Bottle
13:35:51 [allowed]  §r§8+§r§349k Enchanting Exp
13:35:51 [allowed] §aYour §r§9Guardian §r§aleveled up to level §r§992§r§a!
13:35:51 [allowed]  §r§8+§r§320k Enchanting Exp
13:35:51 [allowed]  §r§8+§r§347k Enchanting Exp
13:35:51 [allowed]  §r§8+§r§343k Enchanting Exp
13:36:20 [SACKS_CHANGE] §6[Sacks] §r§a+200§r§e items§r§e.§r§8 (Last 20s.)
13:36:45 [SACKS_CHANGE] §6[Sacks] §r§a+13§r§e items§r§e.§r§8 (Last 8s.)
13:36:54 [GUILD_EXP] §aYou earned §r§2231 GEXP §r§a+ §r§e693 Event EXP §r§afrom playing SkyBlock!
13:38:20 [allowed] §7Warping...
13:38:23 [allowed] §7Warping...
13:38:23 [allowed] §7Sending to server mini143BN...
13:38:23 [EMPTY] §8 §r§8 §r§1 §r§3 §r§3 §r§7 §r§8 
13:38:26 [allowed] §7Warping...
13:38:26 [allowed] §7Sending to server mini148DA...
13:38:27 [EMPTY] §8 §r§8 §r§1 §r§3 §r§3 §r§7 §r§8 
13:38:30 [PROFILE_JOIN] §aYou are playing on profile: §eLemon§b (Co-op)
13:38:30 [PROFILE_JOIN] §8Profile ID: 62b760d8-92b6-4501-ada0-1fd8583f5266
13:38:32 [allowed] §7Finding player...
13:38:32 [LOTTERY] §bNew day! §r§eYour §r§2Lottery §r§ebuff changed!
13:38:32 [LOTTERY] §eNew buff§r§r§r: §r§fGain §r§a+50 §r§6☘ Mangrove Fortune§r§f.
13:38:32 [LOTTERY] §8§oYou can disable this messaging by toggling Lottery in your /hotf!
13:38:33 [allowed] §7Sending a visit request...
13:38:33 [allowed] §7Sending to server mini194U...
13:38:33 [EMPTY] §8 §r§8 §r§1 §r§3 §r§3 §r§7 §r§8 
13:38:34 [allowed] §f§m-----------------------------------------------------
§r§cYou should NEVER enter your Microsoft account details anywhere but on official Microsoft services!

§r§cExternal links from untrusted sources should be avoided.
§r§f§m-----------------------------------------------------
13:38:37 [PROFILE_JOIN] §aYou are playing on profile: §eLemon§b (Co-op)
13:38:37 [PROFILE_JOIN] §8Profile ID: 62b760d8-92b6-4501-ada0-1fd8583f5266
13:38:38 [allowed] §7Sending to server mini37CA...
13:38:38 [EMPTY] §8 §r§8 §r§1 §r§3 §r§3 §r§7 §r§8 
13:38:41 [PROFILE_JOIN] §aYou are playing on profile: §eLemon§b (Co-op)
13:38:41 [PROFILE_JOIN] §8Profile ID: 62b760d8-92b6-4501-ada0-1fd8583f5266
13:38:43 [LOTTERY] §bNew day! §r§eYour §r§2Lottery §r§ebuff changed!
13:38:43 [LOTTERY] §eNew buff§r§r§r: §r§fGain §r§a+50 §r§6☘ Mangrove Fortune§r§f.
13:38:43 [LOTTERY] §8§oYou can disable this messaging by toggling Lottery in your /hotf!
13:39:36 [allowed] §e[NPC] Silnar§f: §rSee that giant cliff with the §dgiant crystal§r?
13:39:38 [allowed] §e[NPC] Silnar§f: §r§bAt night§r, my friends host a §5secret meeting §rin a nearby §5secret cave§r.
13:39:40 [allowed] §e[NPC] Silnar§f: §rDrop by some time, our §5secret club §ris open!
13:39:41 [allowed] §e[NPC] Silnar§f: §rIf my friends approve of you, they'll give you a special item.
13:39:42 [allowed] §e[NPC] Silnar§f: §rCome back to me then and show it to me!
13:39:46 [allowed] §cThere are blocks in the way!
13:39:47 [allowed] §cThere are blocks in the way!
13:40:31 [allowed] §cThere are blocks in the way!
13:40:42 [allowed] §2Guild > §b[MVP§3+§b] catholicschool§f: §rahhh
13:40:44 [allowed] §2Guild > §b[MVP§3+§b] catholicschool§f: §rfk
13:40:47 [allowed] §d§lSOUL! §fYou found a §r§dFairy Soul§r§f!
13:40:47 [allowed] §dYou have already found that Fairy Soul!
13:40:50 [allowed] §2Guild > §a[VIP§6+§a] himej0shi§f: §ra see pmst koguaeg
13:40:51 [allowed] §2Guild > §b[MVP§3+§b] catholicschool§f: §rfairy soul tho
13:40:52 [allowed] §2Guild > §a[VIP§6+§a] himej0shi§f: §rniiet np
13:40:53 [allowed] §2Guild > §a[VIP§6+§a] himej0shi§f: §rjaa
13:40:57 [allowed] §2Guild > §a[VIP§6+§a] himej0shi§f: §rseeeec brb peepee jhkdfgh
13:40:59 [allowed] §2Guild > §b[MVP§3+§b] catholicschool§f: §rgl
13:41:04 [allowed] §2Guild > §a[VIP§6+§a] himej0shi§f: §rtyy
13:41:05 [allowed] §e[NPC] Silnar§f: §rSee that giant cliff with the §dgiant crystal§r?
13:41:07 [allowed] §e[NPC] Silnar§f: §r§bAt night§r, my friends host a §5secret meeting §rin a nearby §5secret cave§r.
13:41:08 [allowed] §7Warping you to your SkyBlock island...
13:41:08 [allowed] §7Sending to server mini189CF...
13:41:09 [EMPTY] §8 §r§8 §r§1 §r§3 §r§3 §r§7 §r§8 
13:41:12 [PROFILE_JOIN] §aYou are playing on profile: §eLemon§b (Co-op)
13:41:12 [PROFILE_JOIN] §8Profile ID: 62b760d8-92b6-4501-ada0-1fd8583f5266
13:41:14 [LOTTERY] §bNew day! §r§eYour §r§2Lottery §r§ebuff changed!
13:41:14 [LOTTERY] §eNew buff§r§r§r: §r§fGain §r§a+50 §r§6☘ Mangrove Fortune§r§f.
13:41:14 [LOTTERY] §8§oYou can disable this messaging by toggling Lottery in your /hotf!
