13:31:22 [EMPTY] §f §r§r§r§f §r§r§r§1 §r§r§r§0 §r§r§r§2 §r§r§r§f §r§r§r§f §r§r§r§2 §r§r§r§0 §r§r§r§4 §r§r§r§3 §r§r§r§9 §r§r§r§2 §r§r§r§0 §r§r§r§0 §r§r§r§3 §r§r§r§9 §r§r§r§2 §r§r§r§0 §r§r§r§0 §r§r§r§3 §r§r§r§9 §r§r§r§2 §r§r§r§0 §r§r§r§0 
13:31:54 [EMPTY] §8 §r§8 §r§1 §r§3 §r§3 §r§7 §r§8 
13:31:56 [EMPTY] 
13:31:56 [WELCOME] §eWelcome to §r§aHypixel SkyBlock§r§e!
13:31:56 [EMPTY] 
13:31:56 [PROFILE_JOIN] §aYou are playing on profile: §eLemon§b (Co-op)
13:31:56 [PROFILE_JOIN] §8Profile ID: 62b760d8-92b6-4501-ada0-1fd8583f5266
13:31:58 [LOTTERY] §bNew day! §r§eYour §r§2Lottery §r§ebuff changed!
13:31:58 [LOTTERY] §eNew buff§r§r§r: §r§fGain §r§a+50 §r§6☘ Fig Fortune§r§f.
13:31:58 [LOTTERY] §8§oYou can disable this messaging by toggling Lottery in your /hotf!
13:35:00 [LOTTERY] §bNew day! §r§eYour §r§2Lottery §r§ebuff changed!
13:35:00 [LOTTERY] §eNew buff§r§r§r: §r§fGain §r§a+50 §r§6☘ Mangrove Fortune§r§f.
13:35:00 [LOTTERY] §8§oYou can disable this messaging by toggling Lottery in your /hotf!
13:36:20 [SACKS_CHANGE] §6[Sacks] §r§a+200§r§e items§r§e.§r§8 (Last 20s.)
13:36:45 [SACKS_CHANGE] §6[Sacks] §r§a+13§r§e items§r§e.§r§8 (Last 8s.)
13:36:54 [GUILD_EXP] §aYou earned §r§2231 GEXP §r§a+ §r§e693 Event EXP §r§afrom playing SkyBlock!
13:38:23 [EMPTY] §8 §r§8 §r§1 §r§3 §r§3 §r§7 §r§8 
13:38:27 [EMPTY] §8 §r§8 §r§1 §r§3 §r§3 §r§7 §r§8 
13:38:30 [PROFILE_JOIN] §aYou are playing on profile: §eLemon§b (Co-op)
13:38:30 [PROFILE_JOIN] §8Profile ID: 62b760d8-92b6-4501-ada0-1fd8583f5266
13:38:32 [LOTTERY] §bNew day! §r§eYour §r§2Lottery §r§ebuff changed!
13:38:32 [LOTTERY] §eNew buff§r§r§r: §r§fGain §r§a+50 §r§6☘ Mangrove Fortune§r§f.
13:38:32 [LOTTERY] §8§oYou can disable this messaging by toggling Lottery in your /hotf!
13:38:33 [EMPTY] §8 §r§8 §r§1 §r§3 §r§3 §r§7 §r§8 
13:38:37 [PROFILE_JOIN] §aYou are playing on profile: §eLemon§b (Co-op)
13:38:37 [PROFILE_JOIN] §8Profile ID: 62b760d8-92b6-4501-ada0-1fd8583f5266
13:38:38 [EMPTY] §8 §r§8 §r§1 §r§3 §r§3 §r§7 §r§8 
13:38:41 [PROFILE_JOIN] §aYou are playing on profile: §eLemon§b (Co-op)
13:38:41 [PROFILE_JOIN] §8Profile ID: 62b760d8-92b6-4501-ada0-1fd8583f5266
13:38:43 [LOTTERY] §bNew day! §r§eYour §r§2Lottery §r§ebuff changed!
13:38:43 [LOTTERY] §eNew buff§r§r§r: §r§fGain §r§a+50 §r§6☘ Mangrove Fortune§r§f.
13:38:43 [LOTTERY] §8§oYou can disable this messaging by toggling Lottery in your /hotf!
13:41:09 [EMPTY] §8 §r§8 §r§1 §r§3 §r§3 §r§7 §r§8 
13:41:12 [PROFILE_JOIN] §aYou are playing on profile: §eLemon§b (Co-op)
13:41:12 [PROFILE_JOIN] §8Profile ID: 62b760d8-92b6-4501-ada0-1fd8583f5266
13:41:14 [LOTTERY] §bNew day! §r§eYour §r§2Lottery §r§ebuff changed!
13:41:14 [LOTTERY] §eNew buff§r§r§r: §r§fGain §r§a+50 §r§6☘ Mangrove Fortune§r§f.
13:41:14 [LOTTERY] §8§oYou can disable this messaging by toggling Lottery in your /hotf!
