13:02:03 [allowed] §aYou are still radiating with §bGenerosity§r§a!
13:02:03 [EMPTY] §f §r§r§r§f §r§r§r§1 §r§r§r§0 §r§r§r§2 §r§r§r§f §r§r§r§f §r§r§r§2 §r§r§r§0 §r§r§r§4 §r§r§r§3 §r§r§r§9 §r§r§r§2 §r§r§r§0 §r§r§r§0 §r§r§r§3 §r§r§r§9 §r§r§r§2 §r§r§r§0 §r§r§r§0 §r§r§r§3 §r§r§r§9 §r§r§r§2 §r§r§r§0 §r§r§r§0 
13:02:10 [allowed] §7Sending to server mini198V...
13:02:10 [EMPTY] §8 §r§8 §r§1 §r§3 §r§3 §r§7 §r§8 
13:02:11 [allowed] §6HUNT §e- §a3 §eof your §atraps §ecaught something!
13:02:11 [allowed] §7[§eClick here to collect them.§7]
13:02:11 [EMPTY]  
13:02:11 [allowed] §f       §7You have §31 §7pending §3Bestiary Milestone §7to be claimed!
13:02:11 [allowed] §f                    §6§l>>> §6§lCLICK HERE§e to claim it! §6§l<<<
13:02:11 [EMPTY]   
13:02:12 [EMPTY] 
13:02:12 [WELCOME] §eWelcome to §r§aHypixel SkyBlock§r§e!
13:02:12 [EMPTY] 
13:02:12 [allowed] §eLatest update: §bSkyBlock v0.23.1 §e§lCLICK
13:02:13 [PROFILE_JOIN] §aYou are playing on profile: §eLemon§b (Co-op)
13:02:13 [PROFILE_JOIN] §8Profile ID: 62b760d8-92b6-4501-ada0-1fd8583f5266
13:02:18 [allowed] §3§l▬▬▬▬▬▬▬▬▬▬▬▬▬▬▬▬▬▬▬▬▬▬▬▬▬▬▬▬▬▬▬▬▬▬▬▬▬▬▬▬▬▬▬▬▬▬▬▬▬▬▬▬▬▬▬▬▬▬▬▬▬▬▬▬
13:02:18 [EMPTY]  
13:02:18 [allowed]                          §r§6§lBESTIARY MILESTONE
13:02:18 [allowed]                                    §r§867 §r§8➡§r§e §r§e68
13:02:18 [EMPTY]  
13:02:18 [allowed]                                    §r§6§lREWARD
13:02:18 [allowed]                                  §r§8+§r§a1 §r§c❤ Health
13:02:18 [EMPTY]  
13:02:18 [allowed] §3§l▬▬▬▬▬▬▬▬▬▬▬▬▬▬▬▬▬▬▬▬▬▬▬▬▬▬▬▬▬▬▬▬▬▬▬▬▬▬▬▬▬▬▬▬▬▬▬▬▬▬▬▬▬▬▬▬▬▬▬▬▬▬▬▬
13:05:49 [GUILD_EXP] §aYou earned §r§276 GEXP §r§a+ §r§e228 Event EXP §r§afrom playing SkyBlock!
13:07:19 [allowed] §8[§r§e104§r§8] §r§b[MVP§r§3+§r§b] catholicschool§r§f: r
13:07:21 [allowed] §aYou are now in the §r§6GUILD§r§a channel
13:10:50 [GUILD_EXP] §aYou earned §r§2130 GEXP §r§a+ §r§e390 Event EXP §r§afrom playing SkyBlock!
13:13:50 [allowed] §8[§r§75§r§8] §r§b[MVP] LilacLarvay§f§r§f: help
13:13:57 [allowed] §8[§r§e83§r§8] §r§b[MVP] Casey_Gameing§f§r§f: with
13:14:13 [allowed] §cYou're already in this channel!
13:14:15 [allowed] §aYou are now in the §r§6ALL§r§a channel
13:14:17 [allowed] §aYou are now in the §r§6GUILD§r§a channel
13:14:59 [allowed] §2Guild > §b[MVP§3+§b] catholicschool§f: §rg
13:15:08 [allowed] §8[§r§75§r§8] §r§7Popic07§7§r§7: can some1 give me 2 sticks plsss
13:15:37 [allowed] §aYou are now in the §r§6ALL§r§a channel
13:15:39 [allowed] §aYou are now in the §r§6GUILD§r§a channel
13:16:05 [allowed] §2Guild > §b[MVP§3+§b] catholicschool§f: §rt
13:16:29 [allowed] §cYou cannot say the same message twice!
13:16:31 [allowed] §2Guild > §b[MVP§3+§b] catholicschool§f: §rdfghd
13:18:36 [allowed] §2Guild > §b[MVP§3+§b] catholicschool§f: §rr
13:19:00 [allowed] §7Warping you to your SkyBlock island...
13:19:00 [allowed] §7Sending to server mini203G...
13:19:00 [EMPTY] §8 §r§8 §r§1 §r§3 §r§3 §r§7 §r§8 
13:19:01 [allowed] §6HUNT §e- §a3 §eof your §atraps §ecaught something!
13:19:01 [allowed] §7[§eClick here to collect them.§7]
13:19:04 [PROFILE_JOIN] §aYou are playing on profile: §eLemon§b (Co-op)
13:19:04 [PROFILE_JOIN] §8Profile ID: 62b760d8-92b6-4501-ada0-1fd8583f5266
13:20:00 [allowed] §6HUNT §e- §a3 §eof your §atraps §ecaught something!
13:20:00 [allowed] §7[§eClick here to collect them.§7]
13:20:58 [allowed] §aYou caught a §9Dreadwing §aShard!
13:20:58 [allowed] §aYou caught a §9Piranha §aShard!
13:20:58 [allowed] §3§l▬▬▬▬▬▬▬▬▬▬▬▬▬▬▬▬▬▬▬▬▬▬▬▬▬▬▬▬▬▬▬▬▬▬▬▬▬▬▬▬▬▬▬▬▬▬▬▬▬▬▬▬▬▬▬▬▬▬▬▬▬▬▬▬
13:20:58 [allowed]   §r§b§lSKILL LEVEL UP §3Hunting §819➜§320
13:20:58 [EMPTY] 
13:20:58 [allowed]   §r§a§lREWARDS
13:20:58 [allowed]    §r§eCharming 20
13:20:58 [allowed]    §r  §7§fGrants §a§80.76➜§a0.8%§f §fchance to charm the mobs you defeat and
13:20:58 [allowed]    §r  §fcapture their §9Shard§f.
13:20:58 [allowed]    §r§7§8+§a1 §d☘ Hunter Fortune
13:20:58 [allowed]    §r§7§8+§6100,000 §7Coins
13:20:58 [allowed]    §r§7§8+§b10 SkyBlock XP
13:20:58 [allowed] §3§l▬▬▬▬▬▬▬▬▬▬▬▬▬▬▬▬▬▬▬▬▬▬▬▬▬▬▬▬▬▬▬▬▬▬▬▬▬▬▬▬▬▬▬▬▬▬▬▬▬▬▬▬▬▬▬▬▬▬▬▬▬▬▬▬
13:20:58 [allowed] §c§lDAVID§r§7: You reached §r§aMilestone 18 §r§7in §r§aTrap Hunts§r§7!
13:20:58 [allowed] §7You gained §r§8+§r§350,000 Hunting Exp
13:20:58 [allowed] §aYou caught a §fMudworm §aShard!
13:21:10 [allowed] §7Warping...
13:21:10 [allowed] §7Sending to server mini24DC...
13:21:10 [EMPTY] §8 §r§8 §r§1 §r§3 §r§3 §r§7 §r§8 
13:21:14 [PROFILE_JOIN] §aYou are playing on profile: §eLemon§b (Co-op)
13:21:14 [PROFILE_JOIN] §8Profile ID: 62b760d8-92b6-4501-ada0-1fd8583f5266
13:21:34 [allowed] §cYou cannot place a Trap too close to an NPC!
13:21:35 [allowed] §6[Sacks] §r§a+6§r§e items§r§e.§r§8 (Last 8s.)
13:21:36 [allowed] §8[§r§e91§r§8] §r§7⎊ §r§a[VIP§6+§a] PaiMai§f§r§f: hahahaha
13:21:50 [allowed] §aYou placed a Trap near a Shard location! §r§8(§r§b3§r§7/§r§b5 §r§7traps placed§r§8)
13:22:24 [allowed] §aYou placed a Trap near a Shard location! §r§8(§r§b4§r§7/§r§b5 §r§7traps placed§r§8)
13:22:30 [allowed] §aYou placed a Trap near a Shard location! §r§8(§r§b5§r§7/§r§b5 §r§7traps placed§r§8)
13:23:38 [allowed] §7Finding player...
13:23:40 [allowed] §7Sending a visit request...
13:23:40 [allowed] §7Sending to server mini23AE...
13:23:40 [EMPTY] §8 §r§8 §r§1 §r§3 §r§3 §r§7 §r§8 
13:23:41 [allowed] §f§m-----------------------------------------------------
§r§cYou should NEVER enter your Microsoft account details anywhere but on official Microsoft services!

§r§cExternal links from untrusted sources should be avoided.
§r§f§m-----------------------------------------------------
13:23:44 [PROFILE_JOIN] §aYou are playing on profile: §eLemon§b (Co-op)
13:23:44 [PROFILE_JOIN] §8Profile ID: 62b760d8-92b6-4501-ada0-1fd8583f5266
13:24:01 [allowed] §7Sending to server mini268V...
13:24:01 [EMPTY] §8 §r§8 §r§1 §r§3 §r§3 §r§7 §r§8 
13:24:04 [PROFILE_JOIN] §aYou are playing on profile: §eLemon§b (Co-op)
13:24:04 [PROFILE_JOIN] §8Profile ID: 62b760d8-92b6-4501-ada0-1fd8583f5266
13:25:22 [allowed] §6[Sacks] §r§a+3§r§e items§r§e.§r§8 (Last 7s.)
13:25:26 [allowed] §a§l+5 Kill Combo §r§b+3% §r§b✯ Magic Find
13:25:31 [allowed] §6[Sacks] §r§a+4§r§e items§r§e.§r§8 (Last 8s.)
13:25:35 [allowed] §a§l+10 Kill Combo §r§8+§r§610 §r§7coins per kill
13:25:35 [allowed] §3§l▬▬▬▬▬▬▬▬▬▬▬▬▬▬▬▬▬▬▬▬▬▬▬▬▬▬▬▬▬▬▬▬▬▬▬▬▬▬▬▬▬▬▬▬▬▬▬▬▬▬▬▬▬▬▬▬▬▬▬▬▬▬▬▬
13:25:35 [EMPTY]  
13:25:35 [BESTIARY] §f                                  §6§lBESTIARY
13:25:35 [BESTIARY] §f                        §b§lRedstone Pigman §7§83 §8➡§b §b4
13:25:35 [BESTIARY] 
13:25:35 [BESTIARY]                                   §r§6§lREWARDS
13:25:35 [BESTIARY]                     §r§8+§r§a2 Redstone Pigman §r§b✯ Magic Find
13:25:35 [BESTIARY]                     §r§8+§r§a2 Redstone Pigman §r§c❁ Strength
13:25:35 [BESTIARY]                         §r§8+§r§62% §r§aRedstone Pigman §r§7coins
13:25:35 [BESTIARY]                     §r§8+§r§a50% §r§7chance for extra XP orbs
13:25:35 [BESTIARY]                                §r§8+§r§b1 SkyBlock XP
13:25:35 [BESTIARY] 
13:25:35 [allowed] §6§lBESTIARY §r§b§lRedstone Pigman §7§83 §8➡§b §b4
13:25:35 [BESTIARY] §3§l▬▬▬▬▬▬▬▬▬▬▬▬▬▬▬▬▬▬▬▬▬▬▬▬▬▬▬▬▬▬▬▬▬▬▬▬▬▬▬▬▬▬▬▬▬▬▬▬▬▬▬▬▬▬▬▬▬▬▬▬▬▬▬▬
13:25:46 [allowed] §cYour Kill Combo has expired! You reached a 14 Kill Combo!
13:25:46 [allowed] §6[Sacks] §r§a+29§r§e items§r§e.§r§8 (Last 14s.)
13:25:50 [allowed] §6§lRARE DROP! §r§9Lapis Crystal §r§b(+§r§b19% §r§b✯ Magic Find§r§b)
13:25:57 [allowed] §6[Sacks] §r§a+3§r§e items§r§e.§r§8 (Last 6s.)
13:26:00 [allowed] §5§lCHARM§7 You charmed a §fLapis Zombie§7 and captured its §9Shard§7.
13:26:02 [allowed] §a§l+5 Kill Combo §r§b+3% §r§b✯ Magic Find
13:26:03 [allowed] §6§lRARE DROP! §r§aLapis Armor Leggings §r§b(+§r§b20% §r§b✯ Magic Find§r§b)
13:26:09 [allowed] §6[Sacks] §r§a+9§r§e items§r§e.§r§8 (Last 10s.)
13:26:15 [allowed] §6[Sacks] §r§a+1§r§e item§r§e.§r§8 (Last 5s.)
13:26:15 [allowed] §a§l+10 Kill Combo §r§8+§r§610 §r§7coins per kill
13:26:22 [allowed] §cYour Kill Combo has expired! You reached a 11 Kill Combo!
13:26:22 [allowed] §6[Sacks] §r§a+4§r§e items§r§e.§r§8 (Last 6s.)
13:26:36 [allowed] §6§lRARE DROP! §r§9Lapis Crystal §r§b(+§r§b19% §r§b✯ Magic Find§r§b)
13:26:42 [allowed] §a§l+5 Kill Combo §r§b+3% §r§b✯ Magic Find
13:26:42 [allowed] §6§lRARE DROP! §r§9Lapis Crystal §r§b(+§r§b20% §r§b✯ Magic Find§r§b)
13:26:44 [allowed] §6§lRARE DROP! §r§9Lapis Crystal §r§b(+§r§b20% §r§b✯ Magic Find§r§b)
13:26:55 [allowed] §a§l+10 Kill Combo §r§8+§r§610 §r§7coins per kill
13:27:00 [allowed] §cYour Kill Combo has expired! You reached a 10 Kill Combo!
13:27:00 [allowed] §6[Sacks] §r§a+14§r§e items§r§e.§r§8 (Last 28s.)
13:27:06 [allowed] §dYou have already found that Fairy Soul!
13:27:07 [allowed] §6[Sacks] §r§a+3§r§e items§r§e.§r§8 (Last 6s.)
13:27:13 [allowed] §a§l+5 Kill Combo §r§b+3% §r§b✯ Magic Find
13:27:18 [GUILD_EXP] §aYou earned §r§2256 GEXP §r§a+ §r§e768 Event EXP §r§afrom playing SkyBlock!
13:27:24 [allowed] §a§l+10 Kill Combo §r§8+§r§610 §r§7coins per kill
13:27:31 [allowed] §9§l+15 Kill Combo §r§b+3% §r§b✯ Magic Find
13:27:38 [allowed] §cYour Kill Combo has expired! You reached a 17 Kill Combo!
13:27:38 [allowed] §6[Sacks] §r§a+23§r§e items§r§e.§r§8 (Last 30s.)
13:27:48 [allowed] §6[Sacks] §r§a+2§r§e items§r§e.§r§8 (Last 5s.)
13:27:58 [allowed] §6[Sacks] §r§a+4§r§e items§r§e.§r§8 (Last 9s.)
13:28:00 [allowed] §a§l+5 Kill Combo §r§b+3% §r§b✯ Magic Find
13:28:00 [allowed] §6§lRARE DROP! §r§9Lapis Crystal §r§b(+§r§b20% §r§b✯ Magic Find§r§b)
13:28:12 [allowed] §a§l+10 Kill Combo §r§8+§r§610 §r§7coins per kill
13:28:16 [allowed] §6§lRARE DROP! §r§9Lapis Crystal §r§b(+§r§b20% §r§b✯ Magic Find§r§b)
13:28:21 [allowed] §9§l+15 Kill Combo §r§b+3% §r§b✯ Magic Find
13:28:30 [allowed] §6[Sacks] §r§a+20§r§e items§r§e.§r§8 (Last 30s.)
13:28:32 [allowed] §cYour Kill Combo has expired! You reached a 19 Kill Combo!
13:29:00 [allowed] §6[Sacks] §r§a+15§r§e items§r§e.§r§8 (Last 7s.)
13:29:01 [allowed] §a§l+5 Kill Combo §r§b+3% §r§b✯ Magic Find
13:29:05 [allowed] §a§l+10 Kill Combo §r§8+§r§610 §r§7coins per kill
13:29:16 [allowed] §cYour Kill Combo has expired! You reached a 12 Kill Combo!
13:29:22 [allowed] §a§l+5 Kill Combo §r§b+3% §r§b✯ Magic Find
13:29:32 [allowed] §6[Sacks] §r§a+60§r§e items§r§e.§r§8 (Last 30s.)
13:29:33 [allowed] §a§l+10 Kill Combo §r§8+§r§610 §r§7coins per kill
13:29:39 [allowed] §6[Sacks] §r§a+5§r§e items§r§e.§r§8 (Last 5s.)
13:29:46 [allowed] §9§l+15 Kill Combo §r§b+3% §r§b✯ Magic Find
13:29:55 [allowed] §5§l+20 Kill Combo §r§8§r§3+15☯ Combat Wisdom
13:30:03 [allowed] §5§l+25 Kill Combo §r§b+3% §r§b✯ Magic Find
13:30:04 [allowed] §6[Sacks] §r§a+55§r§e items§r§e.§r§8 (Last 22s.)
13:30:05 [allowed] §cYour Kill Combo has expired! You reached a 25 Kill Combo!
13:30:16 [allowed] §6[Sacks] §r§a+10§r§e items§r§e.§r§8 (Last 6s.)
13:30:17 [allowed] §a§l+5 Kill Combo §r§b+3% §r§b✯ Magic Find
13:30:25 [allowed] §6[Sacks] §r§a+10§r§e items§r§e.§r§8 (Last 7s.)
13:30:26 [allowed] §cYour Kill Combo has expired! You reached a 6 Kill Combo!
13:30:33 [allowed] §6[Sacks] §r§a+10§r§e items§r§e.§r§8 (Last 5s.)
13:30:44 [allowed] §6[Sacks] §r§a+5§r§e items§r§e.§r§8 (Last 5s.)
13:31:17 [allowed] §6§lRARE DROP! §r§aFlaming Sword §r§b(+§r§b17% §r§b✯ Magic Find§r§b)
13:31:19 [allowed] §a§l+5 Kill Combo §r§b+3% §r§b✯ Magic Find
13:31:25 [allowed] §a§l+10 Kill Combo §r§8+§r§610 §r§7coins per kill
13:31:34 [allowed] §9§l+15 Kill Combo §r§b+3% §r§b✯ Magic Find
13:31:39 [allowed] §cYour Kill Combo has expired! You reached a 17 Kill Combo!
13:31:41 [allowed] §6[Sacks] §r§a+60§r§e items§r§e.§r§8 (Last 27s.)
13:31:46 [allowed] §a§l+5 Kill Combo §r§b+3% §r§b✯ Magic Find
13:31:52 [allowed] §6[Sacks] §r§a+25§r§e items§r§e.§r§8 (Last 10s.)
13:31:54 [allowed] §cYour Kill Combo has expired! You reached a 6 Kill Combo!
13:32:01 [allowed] §6[Sacks] §r§a+10§r§e items§r§e.§r§8 (Last 7s.)
13:32:02 [allowed] §a§l+5 Kill Combo §r§b+3% §r§b✯ Magic Find
13:32:02 [allowed] §6§lRARE DROP! §r§aFlaming Sword §r§b(+§r§b18% §r§b✯ Magic Find§r§b)
13:32:16 [allowed] §6[Sacks] §r§a+25§r§e items§r§e.§r§8 (Last 13s.)
13:32:17 [allowed] §cYour Kill Combo has expired! You reached a 9 Kill Combo!
13:32:19 [GUILD_EXP] §aYou earned §r§2690 GEXP §r§a+ §r§e655 Event EXP §r§afrom playing SkyBlock!
13:32:26 [allowed] §a§l+5 Kill Combo §r§b+3% §r§b✯ Magic Find
13:32:33 [allowed] §a§l+10 Kill Combo §r§8+§r§610 §r§7coins per kill
13:32:39 [allowed] §cYour Kill Combo has expired! You reached a 11 Kill Combo!
13:32:39 [allowed] §6[Sacks] §r§a+45§r§e items§r§e.§r§8 (Last 20s.)
13:32:42 [allowed] §a§l+5 Kill Combo §r§b+3% §r§b✯ Magic Find
13:32:57 [allowed] §6[Sacks] §r§a+11§r§e items§r§e.§r§8 (Last 17s.)
13:32:58 [allowed] §cYour Kill Combo has expired! You reached a 9 Kill Combo!
13:33:14 [allowed] §6[Sacks] §r§a+4§r§e items§r§e.§r§8 (Last 10s.)
13:33:18 [allowed] §a§l+5 Kill Combo §r§b+3% §r§b✯ Magic Find
13:33:29 [allowed] §a§l+10 Kill Combo §r§8+§r§610 §r§7coins per kill
13:33:34 [allowed] §cYour Kill Combo has expired! You reached a 11 Kill Combo!
13:33:42 [allowed] §a§l+5 Kill Combo §r§b+3% §r§b✯ Magic Find
13:33:42 [allowed] §3§l▬▬▬▬▬▬▬▬▬▬▬▬▬▬▬▬▬▬▬▬▬▬▬▬▬▬▬▬▬▬▬▬▬▬▬▬▬▬▬▬▬▬▬▬▬▬▬▬▬▬▬▬▬▬▬▬▬▬▬▬▬▬▬▬
13:33:42 [EMPTY]  
13:33:42 [BESTIARY] §f                                  §6§lBESTIARY
13:33:42 [BESTIARY] §f                        §b§lRedstone Pigman §7§84 §8➡§b §b5
13:33:42 [BESTIARY] 
13:33:42 [BESTIARY]                                   §r§6§lREWARDS
13:33:42 [BESTIARY]                     §r§8+§r§a2 Redstone Pigman §r§b✯ Magic Find
13:33:42 [BESTIARY]                     §r§8+§r§a2 Redstone Pigman §r§c❁ Strength
13:33:42 [BESTIARY]                         §r§8+§r§62% §r§aRedstone Pigman §r§7coins
13:33:42 [BESTIARY]                     §r§8+§r§a50% §r§7chance for extra XP orbs
13:33:42 [BESTIARY]                                §r§8+§r§b1 SkyBlock XP
13:33:42 [BESTIARY] 
13:33:42 [allowed] §6§lBESTIARY §r§b§lRedstone Pigman §7§84 §8➡§b §b5
13:33:42 [BESTIARY] §3§l▬▬▬▬▬▬▬▬▬▬▬▬▬▬▬▬▬▬▬▬▬▬▬▬▬▬▬▬▬▬▬▬▬▬▬▬▬▬▬▬▬▬▬▬▬▬▬▬▬▬▬▬▬▬▬▬▬▬▬▬▬▬▬▬
13:33:46 [allowed] §6[Sacks] §r§a+29§r§e items§r§e.§r§8 (Last 30s.)
13:33:52 [allowed] §a§l+10 Kill Combo §r§8+§r§610 §r§7coins per kill
13:33:59 [allowed] §9§l+15 Kill Combo §r§b+3% §r§b✯ Magic Find
13:34:02 [allowed] §cYour Kill Combo has expired! You reached a 15 Kill Combo!
13:34:11 [allowed] §6[Sacks] §r§a+50§r§e items§r§e.§r§8 (Last 23s.)
13:34:21 [allowed] §a§l+5 Kill Combo §r§b+3% §r§b✯ Magic Find
13:34:25 [allowed] §8[§r§73§r§8] §r§7Alister99§7§r§7: what is a good sword to get after i got the undead sword
13:34:27 [allowed] §6[Sacks] §r§a+10§r§e items§r§e.§r§8 (Last 10s.)
13:34:28 [allowed] §cYour Kill Combo has expired! You reached a 5 Kill Combo!
13:34:29 [allowed] §6§lRARE DROP! §r§aFlaming Sword §r§b(+§r§b19% §r§b✯ Magic Find§r§b)
13:34:32 [allowed] §a§l+5 Kill Combo §r§b+3% §r§b✯ Magic Find
13:34:33 [allowed] §aYou are now in the §r§6ALL§r§a channel
13:34:37 [allowed] §6[Sacks] §r§a+20§r§e items§r§e.§r§8 (Last 8s.)
13:34:38 [allowed] §cYour Kill Combo has expired! You reached a 5 Kill Combo!
13:34:53 [allowed] §8[§r§e104§r§8] §r§b[MVP§r§3+§r§b] catholicschool§r§f: cleaver from gold collection, u then upgrade it in the dungeon hub trough opheila later
13:34:56 [allowed] §aYou are now in the §r§6GUILD§r§a channel
13:35:01 [allowed] §a§l+5 Kill Combo §r§b+3% §r§b✯ Magic Find
13:35:02 [allowed] §8[§r§f52§r§8] §r§7♦ §r§b[MVP§6+§b] Mxbsi§f§r§f: super Cleaver from the dungeon dude or Raider Axe
13:35:03 [allowed] §6§lRARE DROP! §r§aFlaming Sword §r§b(+§r§b20% §r§b✯ Magic Find§r§b)
13:35:03 [allowed] §8[§r§73§r§8] §r§7Alister99§7§r§7: ok
13:35:06 [allowed] §8[§r§2173§r§8] §r§7☠ §r§a[VIP] adlw§f§r§f: ah
13:35:17 [allowed] §a§l+10 Kill Combo §r§8+§r§610 §r§7coins per kill
13:35:23 [allowed] §cYour Kill Combo has expired! You reached a 13 Kill Combo!
13:35:23 [allowed] §6[Sacks] §r§a+55§r§e items§r§e.§r§8 (Last 30s.)
13:35:33 [allowed] §a§l+5 Kill Combo §r§b+3% §r§b✯ Magic Find
13:35:41 [allowed] §a§l+10 Kill Combo §r§8+§r§610 §r§7coins per kill
13:35:48 [allowed] §cYour Kill Combo has expired! You reached a 11 Kill Combo!
13:35:49 [allowed] §6[Sacks] §r§a+45§r§e items§r§e.§r§8 (Last 23s.)
13:35:57 [allowed] §a§l+5 Kill Combo §r§b+3% §r§b✯ Magic Find
13:36:06 [allowed] §6[Sacks] §r§a+21§r§e items§r§e.§r§8 (Last 16s.)
13:36:07 [allowed] §cYour Kill Combo has expired! You reached a 7 Kill Combo!
13:36:14 [allowed] §aadlw §r§cis currently Hunting this monster with a Huntaxe. Don’t kill it!
13:36:16 [allowed] §6[Sacks] §r§a+1§r§e item§r§e.§r§8 (Last 5s.)
13:36:31 [allowed] §6[Sacks] §r§a+3§r§e items§r§e.§r§8 (Last 9s.)
13:36:35 [allowed] §a§l+5 Kill Combo §r§b+3% §r§b✯ Magic Find
13:36:44 [allowed] §a§l+10 Kill Combo §r§8+§r§610 §r§7coins per kill
13:36:50 [allowed] §cYour Kill Combo has expired! You reached a 11 Kill Combo!
13:36:50 [allowed] §6[Sacks] §r§a+22§r§e items§r§e.§r§8 (Last 18s.)
13:36:58 [allowed] §a§l+5 Kill Combo §r§b+3% §r§b✯ Magic Find
13:36:58 [allowed] §6§lRARE DROP! §r§aFlaming Sword §r§b(+§r§b20% §r§b✯ Magic Find§r§b)
13:37:06 [allowed] §6[Sacks] §r§a+30§r§e items§r§e.§r§8 (Last 10s.)
13:37:07 [allowed] §cYour Kill Combo has expired! You reached a 8 Kill Combo!
13:37:12 [allowed] §a§l+5 Kill Combo §r§b+3% §r§b✯ Magic Find
13:37:19 [allowed] §a§l+10 Kill Combo §r§8+§r§610 §r§7coins per kill
13:37:20 [GUILD_EXP] §aYou earned §r§2750 GEXP §r§afrom playing SkyBlock!
13:37:24 [allowed] §cYour Kill Combo has expired! You reached a 10 Kill Combo!
13:37:24 [allowed] §6[Sacks] §r§a+45§r§e items§r§e.§r§8 (Last 16s.)
13:37:35 [allowed] §6[Sacks] §r§a+10§r§e items§r§e.§r§8 (Last 9s.)
13:37:39 [allowed] §a§l+5 Kill Combo §r§b+3% §r§b✯ Magic Find
13:37:47 [allowed] §a§l+10 Kill Combo §r§8+§r§610 §r§7coins per kill
13:37:56 [allowed] §cYour Kill Combo has expired! You reached a 11 Kill Combo!
13:37:56 [allowed] §6[Sacks] §r§a+30§r§e items§r§e.§r§8 (Last 18s.)
13:38:00 [allowed]   §r§3§lBESTIARY FAMILY UNLOCKED §bEmerald Slime
13:38:06 [allowed] §6[Sacks] §r§a+1§r§e item§r§e.§r§8 (Last 5s.)
13:38:08 [allowed] §a§l+5 Kill Combo §r§b+3% §r§b✯ Magic Find
13:38:14 [allowed] §6[Sacks] §r§a+9§r§e items§r§e.§r§8 (Last 7s.)
13:38:15 [allowed] §cYour Kill Combo has expired! You reached a 8 Kill Combo!
13:38:21 [allowed] §dYou have already found that Fairy Soul!
13:38:21 [allowed] §dYou have already found that Fairy Soul!
13:38:21 [allowed] §dYou have already found that Fairy Soul!
13:38:21 [allowed] §dYou have already found that Fairy Soul!
13:38:33 [allowed] §a§l+5 Kill Combo §r§b+3% §r§b✯ Magic Find
13:38:45 [allowed] §a§l+10 Kill Combo §r§8+§r§610 §r§7coins per kill
13:38:50 [allowed] §cYour Kill Combo has expired! You reached a 11 Kill Combo!
13:38:51 [allowed] §6[Sacks] §r§a+65§r§e items§r§e.§r§8 (Last 30s.)
13:38:53 [allowed] §3§l▬▬▬▬▬▬▬▬▬▬▬▬▬▬▬▬▬▬▬▬▬▬▬▬▬▬▬▬▬▬▬▬▬▬▬▬▬▬▬▬▬▬▬▬▬▬▬▬▬▬▬▬▬▬▬▬▬▬▬▬▬▬▬▬
13:38:53 [EMPTY]  
13:38:53 [BESTIARY] §f                                  §6§lBESTIARY
13:38:53 [BESTIARY] §f                             §b§lEmerald Slime §7§b1
13:38:53 [BESTIARY] 
13:38:53 [BESTIARY]                                   §r§6§lREWARDS
13:38:53 [BESTIARY]                       §r§8+§r§a2 Emerald Slime §r§b✯ Magic Find
13:38:53 [BESTIARY]                       §r§8+§r§a2 Emerald Slime §r§c❁ Strength
13:38:53 [BESTIARY]                           §r§8+§r§62% §r§aEmerald Slime §r§7coins
13:38:53 [BESTIARY]                     §r§8+§r§a50% §r§7chance for extra XP orbs
13:38:53 [BESTIARY]                                §r§8+§r§b1 SkyBlock XP
13:38:53 [BESTIARY] 
13:38:53 [allowed] §6§lBESTIARY §r§b§lEmerald Slime §7§b1
13:38:53 [BESTIARY] §3§l▬▬▬▬▬▬▬▬▬▬▬▬▬▬▬▬▬▬▬▬▬▬▬▬▬▬▬▬▬▬▬▬▬▬▬▬▬▬▬▬▬▬▬▬▬▬▬▬▬▬▬▬▬▬▬▬▬▬▬▬▬▬▬▬
13:38:58 [allowed] §6[Sacks] §r§a+2§r§e items§r§e.§r§8 (Last 5s.)
13:39:05 [allowed] §dYou have already found that Fairy Soul!
13:39:05 [allowed] §dYou have already found that Fairy Soul!
13:39:06 [allowed] §6[Sacks] §r§a+5§r§e items§r§e.§r§8 (Last 5s.)
13:39:17 [allowed] §cThere are blocks in the way!
13:39:17 [allowed] §6[Sacks] §r§a+4§r§e items§r§e.§r§8 (Last 8s.)
13:39:18 [allowed] §cThere are blocks in the way!
13:39:19 [allowed] §cThere are blocks in the way!
13:39:22 [allowed] §dYou have already found that Fairy Soul!
13:39:22 [allowed] §dYou have already found that Fairy Soul!
13:39:36 [allowed] §a§l+5 Kill Combo §r§b+3% §r§b✯ Magic Find
13:39:38 [allowed] §a§l+10 Kill Combo §r§8+§r§610 §r§7coins per kill
13:39:52 [allowed] §cYour Kill Combo has expired! You reached a 14 Kill Combo!
13:39:53 [allowed] §6[Sacks] §r§a+23§r§e items§r§e.§r§8 (Last 28s.)
13:40:01 [allowed] §6[Sacks] §r§a+4§r§e items§r§e.§r§8 (Last 5s.)
13:40:01 [allowed] §3§l▬▬▬▬▬▬▬▬▬▬▬▬▬▬▬▬▬▬▬▬▬▬▬▬▬▬▬▬▬▬▬▬▬▬▬▬▬▬▬▬▬▬▬▬▬▬▬▬▬▬▬▬▬▬▬▬▬▬▬▬▬▬▬▬
13:40:01 [EMPTY]  
13:40:01 [BESTIARY] §f                                  §6§lBESTIARY
13:40:01 [BESTIARY] §f                          §b§lEmerald Slime §7§81 §8➡§b §b2
13:40:01 [BESTIARY] 
13:40:01 [BESTIARY]                                   §r§6§lREWARDS
13:40:01 [BESTIARY]                       §r§8+§r§a2 Emerald Slime §r§b✯ Magic Find
13:40:01 [BESTIARY]                       §r§8+§r§a2 Emerald Slime §r§c❁ Strength
13:40:01 [BESTIARY]                           §r§8+§r§62% §r§aEmerald Slime §r§7coins
13:40:01 [BESTIARY]                     §r§8+§r§a50% §r§7chance for extra XP orbs
13:40:01 [BESTIARY]                                §r§8+§r§b1 SkyBlock XP
13:40:01 [BESTIARY] 
13:40:01 [allowed] §6§lBESTIARY §r§b§lEmerald Slime §7§81 §8➡§b §b2
13:40:01 [BESTIARY] §3§l▬▬▬▬▬▬▬▬▬▬▬▬▬▬▬▬▬▬▬▬▬▬▬▬▬▬▬▬▬▬▬▬▬▬▬▬▬▬▬▬▬▬▬▬▬▬▬▬▬▬▬▬▬▬▬▬▬▬▬▬▬▬▬▬
13:40:05 [allowed] §a§l+5 Kill Combo §r§b+3% §r§b✯ Magic Find
13:40:10 [allowed] §a§l+10 Kill Combo §r§8+§r§610 §r§7coins per kill
13:40:18 [allowed] §9§l+15 Kill Combo §r§b+3% §r§b✯ Magic Find
13:40:26 [allowed] §cYour Kill Combo has expired! You reached a 17 Kill Combo!
13:40:27 [allowed] §6[Sacks] §r§a+25§r§e items§r§e.§r§8 (Last 25s.)
13:40:34 [allowed] §6[Sacks] §r§a+5§r§e items§r§e.§r§8 (Last 6s.)
13:42:21 [GUILD_EXP] §aYou earned §r§2698 GEXP §r§afrom playing SkyBlock!
13:43:59 [allowed] §3§l▬▬▬▬▬▬▬▬▬▬▬▬▬▬▬▬▬▬▬▬▬▬▬▬▬▬▬▬▬▬▬▬▬▬▬▬▬▬▬▬▬▬▬▬▬▬▬▬▬▬▬▬▬▬▬▬▬▬▬▬▬▬▬▬
13:43:59 [EMPTY]  
13:43:59 [BESTIARY] §f                                  §6§lBESTIARY
13:43:59 [BESTIARY] §f                          §b§lEmerald Slime §7§82 §8➡§b §b3
13:43:59 [BESTIARY] 
13:43:59 [BESTIARY]                                   §r§6§lREWARDS
13:43:59 [BESTIARY]                       §r§8+§r§a2 Emerald Slime §r§b✯ Magic Find
13:43:59 [BESTIARY]                       §r§8+§r§a2 Emerald Slime §r§c❁ Strength
13:43:59 [BESTIARY]                           §r§8+§r§62% §r§aEmerald Slime §r§7coins
13:43:59 [BESTIARY]                     §r§8+§r§a50% §r§7chance for extra XP orbs
13:43:59 [BESTIARY]                                §r§8+§r§b1 SkyBlock XP
13:43:59 [BESTIARY] 
13:43:59 [allowed] §6§lBESTIARY §r§b§lEmerald Slime §7§82 §8➡§b §b3
13:43:59 [BESTIARY] §3§l▬▬▬▬▬▬▬▬▬▬▬▬▬▬▬▬▬▬▬▬▬▬▬▬▬▬▬▬▬▬▬▬▬▬▬▬▬▬▬▬▬▬▬▬▬▬▬▬▬▬▬▬▬▬▬▬▬▬▬▬▬▬▬▬
13:44:00 [allowed] §a§l+5 Kill Combo §r§b+3% §r§b✯ Magic Find
13:44:06 [allowed] §6[Sacks] §r§a+10§r§e items§r§e.§r§8 (Last 7s.)
13:44:10 [allowed] §a§l+10 Kill Combo §r§8+§r§610 §r§7coins per kill
13:44:12 [allowed] §cThere are blocks in the way!
13:44:15 [allowed] §cYour Kill Combo has expired! You reached a 11 Kill Combo!
13:44:16 [allowed] §6[Sacks] §r§a+10§r§e items§r§e.§r§8 (Last 8s.)
13:44:21 [allowed] §a§l+5 Kill Combo §r§b+3% §r§b✯ Magic Find
13:44:28 [allowed] §a§l+10 Kill Combo §r§8+§r§610 §r§7coins per kill
13:44:35 [allowed] §cYour Kill Combo has expired! You reached a 13 Kill Combo!
13:44:41 [allowed] §6[Sacks] §r§a+25§r§e items§r§e.§r§8 (Last 23s.)
13:45:03 [allowed] §a§l+5 Kill Combo §r§b+3% §r§b✯ Magic Find
13:45:09 [allowed] §a§l+10 Kill Combo §r§8+§r§610 §r§7coins per kill
13:45:12 [allowed] §9§l+15 Kill Combo §r§b+3% §r§b✯ Magic Find
13:45:15 [allowed] §3§l▬▬▬▬▬▬▬▬▬▬▬▬▬▬▬▬▬▬▬▬▬▬▬▬▬▬▬▬▬▬▬▬▬▬▬▬▬▬▬▬▬▬▬▬▬▬▬▬▬▬▬▬▬▬▬▬▬▬▬▬▬▬▬▬
13:45:15 [EMPTY]  
13:45:15 [BESTIARY] §f                                  §6§lBESTIARY
13:45:15 [BESTIARY] §f                          §b§lEmerald Slime §7§83 §8➡§b §b4
13:45:15 [BESTIARY] 
13:45:15 [BESTIARY]                                   §r§6§lREWARDS
13:45:15 [BESTIARY]                       §r§8+§r§a2 Emerald Slime §r§b✯ Magic Find
13:45:15 [BESTIARY]                       §r§8+§r§a2 Emerald Slime §r§c❁ Strength
13:45:15 [BESTIARY]                           §r§8+§r§62% §r§aEmerald Slime §r§7coins
13:45:15 [BESTIARY]                     §r§8+§r§a50% §r§7chance for extra XP orbs
13:45:15 [BESTIARY]                                §r§8+§r§b1 SkyBlock XP
13:45:15 [BESTIARY] 
13:45:15 [allowed] §6§lBESTIARY §r§b§lEmerald Slime §7§83 §8➡§b §b4
13:45:15 [BESTIARY] §3§l▬▬▬▬▬▬▬▬▬▬▬▬▬▬▬▬▬▬▬▬▬▬▬▬▬▬▬▬▬▬▬▬▬▬▬▬▬▬▬▬▬▬▬▬▬▬▬▬▬▬▬▬▬▬▬▬▬▬▬▬▬▬▬▬
13:45:21 [allowed] §cYour Kill Combo has expired! You reached a 19 Kill Combo!
13:45:22 [allowed] §6[Sacks] §r§a+30§r§e items§r§e.§r§8 (Last 24s.)
13:45:31 [allowed] §a§l+5 Kill Combo §r§b+3% §r§b✯ Magic Find
13:45:36 [allowed] §6[Sacks] §r§a+7§r§e items§r§e.§r§8 (Last 12s.)
13:45:42 [allowed] §6[Sacks] §r§a+3§r§e items§r§e.§r§8 (Last 5s.)
13:45:48 [allowed] §6[Sacks] §r§a+1§r§e item§r§e.§r§8 (Last 5s.)
13:45:49 [allowed] §cYour Kill Combo has expired! You reached a 8 Kill Combo!
13:45:57 [allowed] §6[Sacks] §r§a+2§r§e items§r§e.§r§8 (Last 5s.)
13:46:05 [allowed] §a§l+5 Kill Combo §r§b+3% §r§b✯ Magic Find
13:46:15 [allowed] §6[Sacks] §r§a+11§r§e items§r§e.§r§8 (Last 16s.)
13:46:15 [allowed] §a§l+10 Kill Combo §r§8+§r§610 §r§7coins per kill
13:46:20 [allowed] §cYour Kill Combo has expired! You reached a 10 Kill Combo!
13:46:21 [allowed] §6[Sacks] §r§a+1§r§e item§r§e.§r§8 (Last 5s.)
13:46:32 [allowed] §a§l+5 Kill Combo §r§b+3% §r§b✯ Magic Find
13:46:41 [allowed] §a§l+10 Kill Combo §r§8+§r§610 §r§7coins per kill
13:46:44 [allowed] §9§l+15 Kill Combo §r§b+3% §r§b✯ Magic Find
13:46:50 [allowed] §cYour Kill Combo has expired! You reached a 17 Kill Combo!
13:46:57 [allowed] §6[Sacks] §r§a+32§r§e items§r§e.§r§8 (Last 30s.)
13:46:59 [allowed] §a§l+5 Kill Combo §r§b+3% §r§b✯ Magic Find
13:47:05 [allowed] §6[Sacks] §r§a+3§r§e items§r§e.§r§8 (Last 6s.)
13:47:06 [allowed] §cYour Kill Combo has expired! You reached a 5 Kill Combo!
13:47:20 [allowed] §cSack Notifications are now disabled!
13:47:22 [GUILD_EXP] §aYou earned §r§2360 GEXP §r§afrom playing SkyBlock!
13:47:29 [allowed] §a§l+5 Kill Combo §r§b+3% §r§b✯ Magic Find
13:47:37 [allowed] §a§l+10 Kill Combo §r§8+§r§610 §r§7coins per kill
13:47:46 [allowed] §cYour Kill Combo has expired! You reached a 13 Kill Combo!
13:47:54 [allowed] §a§l+5 Kill Combo §r§b+3% §r§b✯ Magic Find
13:48:08 [allowed] §cYour Kill Combo has expired! You reached a 9 Kill Combo!
13:48:31 [allowed] §aSack Notifications are now enabled!
13:48:38 [allowed] §6[Sacks] §r§a+8§r§e items§r§e.§r§8 (Last 13s.)
13:48:41 [allowed] §a§l+5 Kill Combo §r§b+3% §r§b✯ Magic Find
13:48:52 [allowed] §6[Sacks] §r§a+4§r§e items§r§e.§r§8 (Last 10s.)
13:48:53 [allowed] §cYour Kill Combo has expired! You reached a 6 Kill Combo!
13:49:05 [allowed] §6[Sacks] §r§a+3§r§e items§r§e.§r§8 (Last 10s.)
13:49:34 [allowed] §6[Sacks] §r§a+4§r§e items§r§e.§r§8 (Last 5s.)
13:49:44 [allowed] §a§l+5 Kill Combo §r§b+3% §r§b✯ Magic Find
13:49:50 [allowed] §6[Sacks] §r§a+8§r§e items§r§e.§r§8 (Last 15s.)
13:49:51 [allowed] §cYour Kill Combo has expired! You reached a 6 Kill Combo!
13:49:58 [allowed] §6[Sacks] §r§a+2§r§e items§r§e.§r§8 (Last 5s.)
13:50:53 [allowed] §a§l+5 Kill Combo §r§b+3% §r§b✯ Magic Find
13:51:04 [SACKS_CHANGE] §6[Sacks] §r§a+10§r§e items§r§e.§r§8 (Last 13s.)
13:51:07 [allowed] §a§l+10 Kill Combo §r§8+§r§610 §r§7coins per kill
13:51:13 [allowed] §9§l+15 Kill Combo §r§b+3% §r§b✯ Magic Find
13:51:16 [allowed] §cYour Kill Combo has expired! You reached a 15 Kill Combo!
13:51:18 [SACKS_CHANGE] §6[Sacks] §r§a+11§r§e items§r§e.§r§8 (Last 13s.)
13:51:26 [SACKS_CHANGE] §6[Sacks] §r§a+7§r§e items§r§e.§r§8 (Last 7s.)
13:51:44 [allowed] §3§l▬▬▬▬▬▬▬▬▬▬▬▬▬▬▬▬▬▬▬▬▬▬▬▬▬▬▬▬▬▬▬▬▬▬▬▬▬▬▬▬▬▬▬▬▬▬▬▬▬▬▬▬▬▬▬▬▬▬▬▬▬▬▬▬
13:51:44 [EMPTY]  
13:51:44 [BESTIARY] §f                                  §6§lBESTIARY
13:51:44 [BESTIARY] §f                          §b§lEmerald Slime §7§84 §8➡§b §b5
13:51:44 [BESTIARY] 
13:51:44 [BESTIARY]                                   §r§6§lREWARDS
13:51:44 [BESTIARY]                       §r§8+§r§a2 Emerald Slime §r§b✯ Magic Find
13:51:44 [BESTIARY]                       §r§8+§r§a2 Emerald Slime §r§c❁ Strength
13:51:44 [BESTIARY]                           §r§8+§r§62% §r§aEmerald Slime §r§7coins
13:51:44 [BESTIARY]                     §r§8+§r§a50% §r§7chance for extra XP orbs
13:51:44 [BESTIARY]                                §r§8+§r§b1 SkyBlock XP
13:51:44 [BESTIARY] 
13:51:44 [allowed] §6§lBESTIARY §r§b§lEmerald Slime §7§84 §8➡§b §b5
13:51:44 [BESTIARY] §3§l▬▬▬▬▬▬▬▬▬▬▬▬▬▬▬▬▬▬▬▬▬▬▬▬▬▬▬▬▬▬▬▬▬▬▬▬▬▬▬▬▬▬▬▬▬▬▬▬▬▬▬▬▬▬▬▬▬▬▬▬▬▬▬▬
13:51:54 [SACKS_CHANGE] §6[Sacks] §r§a+4§r§e items§r§e.§r§8 (Last 10s.)
13:52:20 [SACKS_CHANGE] §6[Sacks] §r§a+1§r§e item§r§e.§r§8 (Last 5s.)
13:52:23 [GUILD_EXP] §aYou earned §r§2573 GEXP §r§afrom playing SkyBlock!
13:54:43 [SACKS_CHANGE] §6[Sacks] §r§a+8§r§e items§r§e.§r§8 (Last 7s.)
13:54:56 [allowed] §a§l+5 Kill Combo §r§b+3% §r§b✯ Magic Find
13:55:06 [allowed] §a§l+10 Kill Combo §r§8+§r§610 §r§7coins per kill
13:55:17 [SACKS_CHANGE] §6[Sacks] §r§a+23§r§e items§r§e.§r§8 (Last 30s.)
13:55:21 [allowed] §cYour Kill Combo has expired! You reached a 13 Kill Combo!
13:55:31 [SACKS_CHANGE] §6[Sacks] §r§a+5§r§e items§r§e.§r§8 (Last 9s.)
13:55:34 [allowed] §a§l+5 Kill Combo §r§b+3% §r§b✯ Magic Find
13:55:44 [SACKS_CHANGE] §6[Sacks] §r§a+7§r§e items§r§e.§r§8 (Last 11s.)
13:55:44 [allowed] §a§l+10 Kill Combo §r§8+§r§610 §r§7coins per kill
13:55:49 [allowed] §cYour Kill Combo has expired! You reached a 10 Kill Combo!
13:55:50 [SACKS_CHANGE] §6[Sacks] §r§a+5§r§e items§r§e.§r§8 (Last 5s.)
13:55:56 [allowed] §a§l+5 Kill Combo §r§b+3% §r§b✯ Magic Find
13:56:01 [SACKS_CHANGE] §6[Sacks] §r§a+8§r§e items§r§e.§r§8 (Last 8s.)
13:56:05 [allowed] §a§l+10 Kill Combo §r§8+§r§610 §r§7coins per kill
13:56:12 [allowed] §cYour Kill Combo has expired! You reached a 12 Kill Combo!
13:56:12 [SACKS_CHANGE] §6[Sacks] §r§a+11§r§e items§r§e.§r§8 (Last 10s.)
13:56:28 [allowed] §a§l+5 Kill Combo §r§b+3% §r§b✯ Magic Find
13:56:41 [SACKS_CHANGE] §6[Sacks] §r§a+13§r§e items§r§e.§r§8 (Last 23s.)
13:56:42 [allowed] §cYour Kill Combo has expired! You reached a 8 Kill Combo!
13:56:52 [SACKS_CHANGE] §6[Sacks] §r§a+3§r§e items§r§e.§r§8 (Last 7s.)
13:56:57 [allowed] §dYou have already found that Fairy Soul!
13:56:57 [allowed] §dYou have already found that Fairy Soul!
13:56:59 [allowed]   §r§3§lBESTIARY FAMILY UNLOCKED §bMiner Skeleton
13:57:07 [allowed] §a§l+5 Kill Combo §r§b+3% §r§b✯ Magic Find
13:57:11 [allowed] §a§l+10 Kill Combo §r§8+§r§610 §r§7coins per kill
13:57:18 [allowed] §9§l+15 Kill Combo §r§b+3% §r§b✯ Magic Find
13:57:24 [GUILD_EXP] §aYou earned §r§2416 GEXP §r§afrom playing SkyBlock!
13:57:27 [allowed] §cYour Kill Combo has expired! You reached a 18 Kill Combo!
13:57:29 [SACKS_CHANGE] §6[Sacks] §r§a+59§r§e items§r§e.§r§8 (Last 30s.)
13:57:35 [allowed] §a§l+5 Kill Combo §r§b+3% §r§b✯ Magic Find
13:57:44 [allowed] §a§l+10 Kill Combo §r§8+§r§610 §r§7coins per kill
13:57:49 [allowed] §3§l▬▬▬▬▬▬▬▬▬▬▬▬▬▬▬▬▬▬▬▬▬▬▬▬▬▬▬▬▬▬▬▬▬▬▬▬▬▬▬▬▬▬▬▬▬▬▬▬▬▬▬▬▬▬▬▬▬▬▬▬▬▬▬▬
13:57:49 [allowed]  
13:57:49 [BESTIARY] §f                                  §6§lBESTIARY
13:57:49 [BESTIARY] §f                              §b§lMiner Zombie §7§b1
13:57:49 [BESTIARY] 
13:57:49 [BESTIARY]                                   §r§6§lREWARDS
13:57:49 [BESTIARY]                       §r§8+§r§a2 Miner Zombie §r§b✯ Magic Find
13:57:49 [BESTIARY]                        §r§8+§r§a2 Miner Zombie §r§c❁ Strength
13:57:49 [BESTIARY]                           §r§8+§r§62% §r§aMiner Zombie §r§7coins
13:57:49 [BESTIARY]                     §r§8+§r§a50% §r§7chance for extra XP orbs
13:57:49 [BESTIARY]                                §r§8+§r§b1 SkyBlock XP
13:57:49 [BESTIARY] 
13:57:49 [allowed] §6§lBESTIARY §r§b§lMiner Zombie §7§b1
13:57:49 [BESTIARY] §3§l▬▬▬▬▬▬▬▬▬▬▬▬▬▬▬▬▬▬▬▬▬▬▬▬▬▬▬▬▬▬▬▬▬▬▬▬▬▬▬▬▬▬▬▬▬▬▬▬▬▬▬▬▬▬▬▬▬▬▬▬▬▬▬▬
13:57:53 [allowed] §9§l+15 Kill Combo §r§b+3% §r§b✯ Magic Find
13:58:01 [SACKS_CHANGE] §6[Sacks] §r§a+46§r§e items§r§e.§r§8 (Last 30s.)
13:58:02 [allowed] §cYour Kill Combo has expired! You reached a 17 Kill Combo!
13:58:11 [SACKS_CHANGE] §6[Sacks] §r§a+1§r§e item§r§e.§r§8 (Last 5s.)
13:58:12 [allowed] §dYou have already found that Fairy Soul!
13:58:25 [allowed] §3§l▬▬▬▬▬▬▬▬▬▬▬▬▬▬▬▬▬▬▬▬▬▬▬▬▬▬▬▬▬▬▬▬▬▬▬▬▬▬▬▬▬▬▬▬▬▬▬▬▬▬▬▬▬▬▬▬▬▬▬▬▬▬▬▬
13:58:25 [EMPTY]  
13:58:25 [BESTIARY] §f                                  §6§lBESTIARY
13:58:25 [BESTIARY] §f                            §b§lMiner Skeleton §7§b1
13:58:25 [BESTIARY] 
13:58:25 [BESTIARY]                                   §r§6§lREWARDS
13:58:25 [BESTIARY]                      §r§8+§r§a2 Miner Skeleton §r§b✯ Magic Find
13:58:25 [BESTIARY]                       §r§8+§r§a2 Miner Skeleton §r§c❁ Strength
13:58:25 [BESTIARY]                          §r§8+§r§62% §r§aMiner Skeleton §r§7coins
13:58:25 [BESTIARY]                     §r§8+§r§a50% §r§7chance for extra XP orbs
13:58:25 [BESTIARY]                                §r§8+§r§b1 SkyBlock XP
13:58:25 [BESTIARY] 
13:58:25 [BESTIARY]   §r§f                         §6§lBESTIARY MILESTONE
13:58:25 [BESTIARY]   §r§f                                    §868➡§e69
13:58:25 [allowed] §6§lBESTIARY MILESTONE §868➡§e69
13:58:25 [BESTIARY] §6§lBESTIARY MILESTONE §868➡§e69
13:58:25 [BESTIARY] §6§lBESTIARY MILESTONE §868➡§e69
13:58:25 [BESTIARY] §6§lBESTIARY MILESTONE §868➡§e69
13:58:25 [BESTIARY] §6§lBESTIARY MILESTONE §868➡§e69
13:58:25 [BESTIARY] 
13:58:25 [allowed] §3§l▬▬▬▬▬▬▬▬▬▬▬▬▬▬▬▬▬▬▬▬▬▬▬▬▬▬▬▬▬▬▬▬▬▬▬▬▬▬▬▬▬▬▬▬▬▬▬▬▬▬▬▬▬▬▬▬▬▬▬▬▬▬▬▬
13:58:27 [allowed] §a§l+5 Kill Combo §r§b+3% §r§b✯ Magic Find
13:58:29 [allowed] §6§lRARE DROP! §r§9Miner Chestplate §r§b(+§r§b11% §r§b✯ Magic Find§r§b)
13:58:34 [SACKS_CHANGE] §6[Sacks] §r§a+25§r§e items§r§e.§r§8 (Last 14s.)
13:58:36 [allowed] §cYour Kill Combo has expired! You reached a 7 Kill Combo!
13:58:47 [allowed] §dYou have already found that Fairy Soul!
13:58:48 [allowed] §dYou have already found that Fairy Soul!
13:58:50 [SACKS_CHANGE] §6[Sacks] §r§a+7§r§e items§r§e.§r§8 (Last 9s.)
13:58:53 [allowed] §a§l+5 Kill Combo §r§b+3% §r§b✯ Magic Find
13:58:59 [allowed] §a§l+10 Kill Combo §r§8+§r§610 §r§7coins per kill
13:59:05 [allowed] §9§l+15 Kill Combo §r§b+3% §r§b✯ Magic Find
13:59:09 [allowed] §cYour Kill Combo has expired! You reached a 15 Kill Combo!
13:59:10 [SACKS_CHANGE] §6[Sacks] §r§a+23§r§e items§r§e.§r§8 (Last 19s.)
13:59:29 [allowed] §3§l▬▬▬▬▬▬▬▬▬▬▬▬▬▬▬▬▬▬▬▬▬▬▬▬▬▬▬▬▬▬▬▬▬▬▬▬▬▬▬▬▬▬▬▬▬▬▬▬▬▬▬▬▬▬▬▬▬▬▬▬▬▬▬▬
13:59:29 [EMPTY]  
13:59:29 [BESTIARY] §f                                  §6§lBESTIARY
13:59:29 [BESTIARY] §f                           §b§lMiner Zombie §7§81 §8➡§b §b2
13:59:29 [BESTIARY] 
13:59:29 [BESTIARY]                                   §r§6§lREWARDS
13:59:29 [BESTIARY]                       §r§8+§r§a2 Miner Zombie §r§b✯ Magic Find
13:59:29 [BESTIARY]                        §r§8+§r§a2 Miner Zombie §r§c❁ Strength
13:59:29 [BESTIARY]                           §r§8+§r§62% §r§aMiner Zombie §r§7coins
13:59:29 [BESTIARY]                     §r§8+§r§a50% §r§7chance for extra XP orbs
13:59:29 [BESTIARY]                                §r§8+§r§b1 SkyBlock XP
13:59:29 [BESTIARY] 
13:59:29 [allowed] §6§lBESTIARY §r§b§lMiner Skeleton §7§b1
13:59:29 [BESTIARY] §3§l▬▬▬▬▬▬▬▬▬▬▬▬▬▬▬▬▬▬▬▬▬▬▬▬▬▬▬▬▬▬▬▬▬▬▬▬▬▬▬▬▬▬▬▬▬▬▬▬▬▬▬▬▬▬▬▬▬▬▬▬▬▬▬▬
13:59:32 [allowed] §a§l+5 Kill Combo §r§b+3% §r§b✯ Magic Find
13:59:42 [allowed] §dYou have already found that Fairy Soul!
13:59:42 [allowed] §dYou have already found that Fairy Soul!
13:59:42 [allowed] §dYou have already found that Fairy Soul!
13:59:44 [SACKS_CHANGE] §6[Sacks] §r§a+21§r§e items§r§e.§r§8 (Last 18s.)
13:59:45 [allowed] §cYour Kill Combo has expired! You reached a 9 Kill Combo!
13:59:58 [allowed] §a§l+5 Kill Combo §r§b+3% §r§b✯ Magic Find
14:00:07 [allowed] §cThere are blocks in the way!
14:00:07 [SACKS_CHANGE] §6[Sacks] §r§a+11§r§e items§r§e.§r§8 (Last 19s.)
14:00:08 [allowed] §cThere are blocks in the way!
14:00:09 [allowed] §cYour Kill Combo has expired! You reached a 7 Kill Combo!
14:00:11 [allowed] §dYou have already found that Fairy Soul!
14:00:11 [allowed] §dYou have already found that Fairy Soul!
14:00:12 [allowed] §cThere are blocks in the way!
14:00:12 [allowed] §cThere are blocks in the way!
14:00:13 [allowed] §cThere are blocks in the way!
14:00:13 [allowed] §cThere are blocks in the way!
14:00:14 [allowed] §cThere are blocks in the way!
14:00:14 [allowed] §cThere are blocks in the way!
14:00:25 [allowed] §a§l+5 Kill Combo §r§b+3% §r§b✯ Magic Find
14:00:30 [SACKS_CHANGE] §6[Sacks] §r§a+10§r§e items§r§e.§r§8 (Last 12s.)
14:00:32 [allowed] §cYour Kill Combo has expired! You reached a 5 Kill Combo!
14:01:24 [SACKS_CHANGE] §6[Sacks] §r§a+4§r§e items§r§e.§r§8 (Last 10s.)
14:01:24 [allowed] §eThe §r§aTraveling Zoo §r§eis visiting the §r§bSkyBlock Hub§r§e!
14:01:24 [allowed] §e§lCLICK HERE §eto shop for §6exotic pets§e!
14:02:11 [allowed] §3§l▬▬▬▬▬▬▬▬▬▬▬▬▬▬▬▬▬▬▬▬▬▬▬▬▬▬▬▬▬▬▬▬▬▬▬▬▬▬▬▬▬▬▬▬▬▬▬▬▬▬▬▬▬▬▬▬▬▬▬▬▬▬▬▬
14:02:11 [EMPTY]  
14:02:11 [BESTIARY] §f                                  §6§lBESTIARY
14:02:11 [BESTIARY] §f                           §b§lMiner Zombie §7§82 §8➡§b §b3
14:02:11 [BESTIARY] 
14:02:11 [BESTIARY]                                   §r§6§lREWARDS
14:02:11 [BESTIARY]                       §r§8+§r§a2 Miner Zombie §r§b✯ Magic Find
14:02:11 [BESTIARY]                        §r§8+§r§a2 Miner Zombie §r§c❁ Strength
14:02:11 [BESTIARY]                           §r§8+§r§62% §r§aMiner Zombie §r§7coins
14:02:11 [BESTIARY]                     §r§8+§r§a50% §r§7chance for extra XP orbs
14:02:11 [BESTIARY]                                §r§8+§r§b1 SkyBlock XP
14:02:11 [BESTIARY] 
14:02:11 [allowed] §6§lBESTIARY §r§b§lMiner Zombie §7§82 §8➡§b §b3
14:02:11 [BESTIARY] §3§l▬▬▬▬▬▬▬▬▬▬▬▬▬▬▬▬▬▬▬▬▬▬▬▬▬▬▬▬▬▬▬▬▬▬▬▬▬▬▬▬▬▬▬▬▬▬▬▬▬▬▬▬▬▬▬▬▬▬▬▬▬▬▬▬
14:02:14 [allowed] §a§l+5 Kill Combo §r§b+3% §r§b✯ Magic Find
14:02:24 [GUILD_EXP] §aYou earned §r§2713 GEXP §r§afrom playing SkyBlock!
14:02:28 [SACKS_CHANGE] §6[Sacks] §r§a+22§r§e items§r§e.§r§8 (Last 18s.)
14:02:30 [allowed] §a§l+10 Kill Combo §r§8+§r§610 §r§7coins per kill
14:02:37 [allowed] §9§l+15 Kill Combo §r§b+3% §r§b✯ Magic Find
14:02:41 [allowed] §cYour Kill Combo has expired! You reached a 16 Kill Combo!
14:02:43 [SACKS_CHANGE] §6[Sacks] §r§a+19§r§e items§r§e.§r§8 (Last 14s.)
14:02:50 [allowed] §a§l+5 Kill Combo §r§b+3% §r§b✯ Magic Find
14:02:52 [allowed] §6§lRARE DROP! §r§9Miner Boots §r§b(+§r§b11% §r§b✯ Magic Find§r§b)
14:03:00 [SACKS_CHANGE] §6[Sacks] §r§a+20§r§e items§r§e.§r§8 (Last 13s.)
14:03:01 [allowed] §cYour Kill Combo has expired! You reached a 8 Kill Combo!
14:03:04 [allowed] §cThere are blocks in the way!
14:03:15 [allowed] §6§lRARE DROP! §r§9Miner Leggings §r§b(+§r§b11% §r§b✯ Magic Find§r§b)
14:03:18 [allowed] §a§l+5 Kill Combo §r§b+3% §r§b✯ Magic Find
14:03:21 [allowed] §3§l▬▬▬▬▬▬▬▬▬▬▬▬▬▬▬▬▬▬▬▬▬▬▬▬▬▬▬▬▬▬▬▬▬▬▬▬▬▬▬▬▬▬▬▬▬▬▬▬▬▬▬▬▬▬▬▬▬▬▬▬▬▬▬▬
14:03:21 [EMPTY]  
14:03:21 [BESTIARY] §f                                  §6§lBESTIARY
14:03:21 [BESTIARY] §f                         §b§lMiner Skeleton §7§81 §8➡§b §b2
14:03:21 [BESTIARY] 
14:03:21 [BESTIARY]                                   §r§6§lREWARDS
14:03:21 [BESTIARY]                      §r§8+§r§a2 Miner Skeleton §r§b✯ Magic Find
14:03:21 [BESTIARY]                       §r§8+§r§a2 Miner Skeleton §r§c❁ Strength
14:03:21 [BESTIARY]                          §r§8+§r§62% §r§aMiner Skeleton §r§7coins
14:03:21 [BESTIARY]                     §r§8+§r§a50% §r§7chance for extra XP orbs
14:03:21 [BESTIARY]                                §r§8+§r§b1 SkyBlock XP
14:03:21 [BESTIARY] 
14:03:21 [allowed] §6§lBESTIARY §r§b§lMiner Skeleton §7§81 §8➡§b §b2
14:03:21 [BESTIARY] §3§l▬▬▬▬▬▬▬▬▬▬▬▬▬▬▬▬▬▬▬▬▬▬▬▬▬▬▬▬▬▬▬▬▬▬▬▬▬▬▬▬▬▬▬▬▬▬▬▬▬▬▬▬▬▬▬▬▬▬▬▬▬▬▬▬
14:03:26 [SACKS_CHANGE] §6[Sacks] §r§a+18§r§e items§r§e.§r§8 (Last 20s.)
14:03:28 [allowed] §cYour Kill Combo has expired! You reached a 7 Kill Combo!
14:03:31 [allowed] §cThere are blocks in the way!
14:03:35 [allowed] §a§l+5 Kill Combo §r§b+3% §r§b✯ Magic Find
14:03:41 [SACKS_CHANGE] §6[Sacks] §r§a+14§r§e items§r§e.§r§8 (Last 10s.)
14:03:53 [SACKS_CHANGE] §6[Sacks] §r§a+15§r§e items§r§e.§r§8 (Last 11s.)
14:03:54 [allowed] §cYour Kill Combo has expired! You reached a 9 Kill Combo!
14:04:03 [SACKS_CHANGE] §6[Sacks] §r§a+3§r§e items§r§e.§r§8 (Last 7s.)
14:04:05 [allowed] §6§lRARE DROP! §r§9Miner Boots §r§b(+§r§b15% §r§b✯ Magic Find§r§b)
14:04:09 [allowed] §a§l+5 Kill Combo §r§b+3% §r§b✯ Magic Find
14:04:26 [allowed] §a§l+10 Kill Combo §r§8+§r§610 §r§7coins per kill
14:04:32 [allowed] §cYour Kill Combo has expired! You reached a 11 Kill Combo!
14:04:33 [SACKS_CHANGE] §6[Sacks] §r§a+24§r§e items§r§e.§r§8 (Last 28s.)
14:04:44 [allowed] §a§l+5 Kill Combo §r§b+3% §r§b✯ Magic Find
14:04:48 [allowed] §aYou have just received §r§60 coins §r§aas interest in your personal bank account!
14:04:48 [allowed] §b-----------------------------------------------------
14:04:48 [allowed] §aYou have just received §r§613,390 coins §r§aas interest in your co-op bank account!
14:04:48 [allowed] §b-----------------------------------------------------
14:04:52 [SACKS_CHANGE] §6[Sacks] §r§a+14§r§e items§r§e.§r§8 (Last 18s.)
14:04:58 [SACKS_CHANGE] §6[Sacks] §r§a+1§r§e item§r§e.§r§8 (Last 5s.)
14:05:00 [allowed] §cYour Kill Combo has expired! You reached a 8 Kill Combo!
14:05:52 [allowed] §a§l+5 Kill Combo §r§b+3% §r§b✯ Magic Find
14:06:01 [SACKS_CHANGE] §6[Sacks] §r§a+18§r§e items§r§e.§r§8 (Last 12s.)
14:06:02 [allowed] §cYour Kill Combo has expired! You reached a 6 Kill Combo!
14:06:10 [allowed] §3§l▬▬▬▬▬▬▬▬▬▬▬▬▬▬▬▬▬▬▬▬▬▬▬▬▬▬▬▬▬▬▬▬▬▬▬▬▬▬▬▬▬▬▬▬▬▬▬▬▬▬▬▬▬▬▬▬▬▬▬▬▬▬▬▬
14:06:10 [EMPTY]  
14:06:10 [BESTIARY] §f                                  §6§lBESTIARY
14:06:10 [BESTIARY] §f                           §b§lMiner Zombie §7§83 §8➡§b §b4
14:06:10 [BESTIARY] 
14:06:10 [BESTIARY]                                   §r§6§lREWARDS
14:06:10 [BESTIARY]                       §r§8+§r§a2 Miner Zombie §r§b✯ Magic Find
14:06:10 [BESTIARY]                        §r§8+§r§a2 Miner Zombie §r§c❁ Strength
14:06:10 [BESTIARY]                           §r§8+§r§62% §r§aMiner Zombie §r§7coins
14:06:10 [BESTIARY]                     §r§8+§r§a50% §r§7chance for extra XP orbs
14:06:10 [BESTIARY]                                §r§8+§r§b1 SkyBlock XP
14:06:10 [BESTIARY] 
14:06:10 [allowed] §6§lBESTIARY §r§b§lMiner Zombie §7§83 §8➡§b §b4
14:06:10 [BESTIARY] §3§l▬▬▬▬▬▬▬▬▬▬▬▬▬▬▬▬▬▬▬▬▬▬▬▬▬▬▬▬▬▬▬▬▬▬▬▬▬▬▬▬▬▬▬▬▬▬▬▬▬▬▬▬▬▬▬▬▬▬▬▬▬▬▬▬
14:06:12 [allowed] §a§l+5 Kill Combo §r§b+3% §r§b✯ Magic Find
14:06:13 [allowed] §cThere are blocks in the way!
14:06:26 [allowed] §a§l+10 Kill Combo §r§8+§r§610 §r§7coins per kill
14:06:26 [allowed] §6§lRARE DROP! §r§9Miner Boots §r§b(+§r§b13% §r§b✯ Magic Find§r§b)
14:06:31 [allowed] §cYour Kill Combo has expired! You reached a 11 Kill Combo!
14:06:34 [SACKS_CHANGE] §6[Sacks] §r§a+35§r§e items§r§e.§r§8 (Last 30s.)
14:06:45 [allowed] §a§l+5 Kill Combo §r§b+3% §r§b✯ Magic Find
14:06:48 [allowed] §3§l▬▬▬▬▬▬▬▬▬▬▬▬▬▬▬▬▬▬▬▬▬▬▬▬▬▬▬▬▬▬▬▬▬▬▬▬▬▬▬▬▬▬▬▬▬▬▬▬▬▬▬▬▬▬▬▬▬▬▬▬▬▬▬▬
14:06:48 [EMPTY]  
14:06:48 [BESTIARY] §f                                  §6§lBESTIARY
14:06:48 [BESTIARY] §f                         §b§lMiner Skeleton §7§82 §8➡§b §b3
14:06:48 [BESTIARY] 
14:06:48 [BESTIARY]                                   §r§6§lREWARDS
14:06:48 [BESTIARY]                      §r§8+§r§a2 Miner Skeleton §r§b✯ Magic Find
14:06:48 [BESTIARY]                       §r§8+§r§a2 Miner Skeleton §r§c❁ Strength
14:06:48 [BESTIARY]                          §r§8+§r§62% §r§aMiner Skeleton §r§7coins
14:06:48 [BESTIARY]                     §r§8+§r§a50% §r§7chance for extra XP orbs
14:06:48 [BESTIARY]                                §r§8+§r§b1 SkyBlock XP
14:06:48 [BESTIARY] 
14:06:48 [allowed] §6§lBESTIARY §r§b§lMiner Skeleton §7§82 §8➡§b §b3
14:06:48 [BESTIARY] §3§l▬▬▬▬▬▬▬▬▬▬▬▬▬▬▬▬▬▬▬▬▬▬▬▬▬▬▬▬▬▬▬▬▬▬▬▬▬▬▬▬▬▬▬▬▬▬▬▬▬▬▬▬▬▬▬▬▬▬▬▬▬▬▬▬
14:06:59 [allowed] §a§l+10 Kill Combo §r§8+§r§610 §r§7coins per kill
14:07:07 [SACKS_CHANGE] §6[Sacks] §r§a+27§r§e items§r§e.§r§8 (Last 30s.)
14:07:08 [allowed] §cYour Kill Combo has expired! You reached a 13 Kill Combo!
14:07:16 [SACKS_CHANGE] §6[Sacks] §r§a+3§r§e items§r§e.§r§8 (Last 5s.)
14:07:25 [allowed] §a§l+5 Kill Combo §r§b+3% §r§b✯ Magic Find
14:07:25 [GUILD_EXP] §aYou earned §r§2621 GEXP §r§afrom playing SkyBlock!
14:07:31 [SACKS_CHANGE] §6[Sacks] §r§a+8§r§e items§r§e.§r§8 (Last 14s.)
14:07:32 [allowed] §cYour Kill Combo has expired! You reached a 5 Kill Combo!
14:07:36 [allowed] §e§l▬▬▬▬▬▬▬▬▬▬▬▬▬▬▬▬▬▬▬▬▬▬▬▬▬▬▬▬▬▬▬▬▬▬▬▬▬▬▬▬▬▬▬▬▬▬▬▬▬▬▬▬▬▬▬▬▬▬▬▬▬▬▬▬
14:07:36 [allowed]   §r§6§lCOLLECTION LEVEL UP §eBone §8VIII➜§eIX
14:07:36 [EMPTY] 
14:07:36 [allowed]   §r§a§lREWARDS
14:07:36 [allowed]     §r§7§6Runaan's Bow §7Recipe
14:07:36 [allowed]     §r§7§8+§b4 SkyBlock XP
14:07:36 [allowed] §e§l▬▬▬▬▬▬▬▬▬▬▬▬▬▬▬▬▬▬▬▬▬▬▬▬▬▬▬▬▬▬▬▬▬▬▬▬▬▬▬▬▬▬▬▬▬▬▬▬▬▬▬▬▬▬▬▬▬▬▬▬▬▬▬▬
14:07:44 [SACKS_CHANGE] §6[Sacks] §r§a+10§r§e items§r§e.§r§8 (Last 7s.)
14:07:48 [allowed] §a§l+5 Kill Combo §r§b+3% §r§b✯ Magic Find
14:07:53 [SACKS_CHANGE] §6[Sacks] §r§a+6§r§e items§r§e.§r§8 (Last 7s.)
14:08:08 [allowed] §a§l+10 Kill Combo §r§8+§r§610 §r§7coins per kill
14:08:13 [allowed] §cYour Kill Combo has expired! You reached a 10 Kill Combo!
14:08:20 [allowed] §a§l+5 Kill Combo §r§b+3% §r§b✯ Magic Find
14:08:25 [SACKS_CHANGE] §6[Sacks] §r§a+25§r§e items§r§e.§r§8 (Last 30s.)
14:08:39 [SACKS_CHANGE] §6[Sacks] §r§a+6§r§e items§r§e.§r§8 (Last 13s.)
14:08:40 [allowed] §cYour Kill Combo has expired! You reached a 9 Kill Combo!
14:08:49 [SACKS_CHANGE] §6[Sacks] §r§a+3§r§e items§r§e.§r§8 (Last 5s.)
14:09:03 [allowed] §a§l+5 Kill Combo §r§b+3% §r§b✯ Magic Find
14:09:08 [allowed] §8[§r§71§r§8] §r§7KSKOnkel§7§r§7: !hub
14:09:09 [SACKS_CHANGE] §6[Sacks] §r§a+14§r§e items§r§e.§r§8 (Last 14s.)
14:09:10 [allowed] §cYour Kill Combo has expired! You reached a 6 Kill Combo!
14:10:09 [allowed] §6This isn't the Zoo, it's the lobby!
14:10:11 [allowed] §a§l+5 Kill Combo §r§b+3% §r§b✯ Magic Find
14:10:21 [allowed] §a§l+10 Kill Combo §r§8+§r§610 §r§7coins per kill
14:10:31 [SACKS_CHANGE] §6[Sacks] §r§a+27§r§e items§r§e.§r§8 (Last 30s.)
14:10:32 [allowed] §cYour Kill Combo has expired! You reached a 12 Kill Combo!
14:10:41 [SACKS_CHANGE] §6[Sacks] §r§a+7§r§e items§r§e.§r§8 (Last 7s.)
14:10:42 [allowed] §a§l+5 Kill Combo §r§b+3% §r§b✯ Magic Find
14:10:59 [SACKS_CHANGE] §6[Sacks] §r§a+15§r§e items§r§e.§r§8 (Last 17s.)
14:11:00 [allowed] §cYour Kill Combo has expired! You reached a 8 Kill Combo!
14:11:26 [SACKS_CHANGE] §6[Sacks] §r§a+8§r§e items§r§e.§r§8 (Last 12s.)
14:11:40 [SACKS_CHANGE] §6[Sacks] §r§a+5§r§e items§r§e.§r§8 (Last 10s.)
14:11:41 [allowed] §a§l+5 Kill Combo §r§b+3% §r§b✯ Magic Find
14:11:50 [SACKS_CHANGE] §6[Sacks] §r§a+6§r§e items§r§e.§r§8 (Last 8s.)
14:11:51 [allowed] §cYour Kill Combo has expired! You reached a 6 Kill Combo!
14:12:22 [allowed] §a§l+5 Kill Combo §r§b+3% §r§b✯ Magic Find
14:12:26 [GUILD_EXP] §aYou earned §r§2678 GEXP §r§afrom playing SkyBlock!
14:12:33 [allowed] §a§l+10 Kill Combo §r§8+§r§610 §r§7coins per kill
14:12:41 [allowed] §9§l+15 Kill Combo §r§b+3% §r§b✯ Magic Find
14:12:45 [allowed] §cYour Kill Combo has expired! You reached a 16 Kill Combo!
14:12:45 [SACKS_CHANGE] §6[Sacks] §r§a+35§r§e items§r§e.§r§8 (Last 30s.)
14:12:58 [allowed] §a§l+5 Kill Combo §r§b+3% §r§b✯ Magic Find
14:13:12 [allowed] §a§l+10 Kill Combo §r§8+§r§610 §r§7coins per kill
14:13:18 [SACKS_CHANGE] §6[Sacks] §r§a+21§r§e items§r§e.§r§8 (Last 30s.)
14:13:18 [allowed] §cYour Kill Combo has expired! You reached a 11 Kill Combo!
14:13:26 [allowed] §a§l+5 Kill Combo §r§b+3% §r§b✯ Magic Find
14:13:37 [allowed] §a§l+10 Kill Combo §r§8+§r§610 §r§7coins per kill
14:13:48 [allowed] §cYour Kill Combo has expired! You reached a 12 Kill Combo!
14:13:49 [SACKS_CHANGE] §6[Sacks] §r§a+27§r§e items§r§e.§r§8 (Last 29s.)
14:13:56 [SACKS_CHANGE] §6[Sacks] §r§a+8§r§e items§r§e.§r§8 (Last 6s.)
14:14:02 [allowed] §a§l+5 Kill Combo §r§b+3% §r§b✯ Magic Find
14:14:02 [allowed] §3§l▬▬▬▬▬▬▬▬▬▬▬▬▬▬▬▬▬▬▬▬▬▬▬▬▬▬▬▬▬▬▬▬▬▬▬▬▬▬▬▬▬▬▬▬▬▬▬▬▬▬▬▬▬▬▬▬▬▬▬▬▬▬▬▬
14:14:02 [EMPTY]  
14:14:02 [BESTIARY] §f                                  §6§lBESTIARY
14:14:02 [BESTIARY] §f                         §b§lMiner Skeleton §7§83 §8➡§b §b4
14:14:02 [BESTIARY] 
14:14:02 [BESTIARY]                                   §r§6§lREWARDS
14:14:02 [BESTIARY]                      §r§8+§r§a2 Miner Skeleton §r§b✯ Magic Find
14:14:02 [BESTIARY]                       §r§8+§r§a2 Miner Skeleton §r§c❁ Strength
14:14:02 [BESTIARY]                          §r§8+§r§62% §r§aMiner Skeleton §r§7coins
14:14:02 [BESTIARY]                     §r§8+§r§a50% §r§7chance for extra XP orbs
14:14:02 [BESTIARY]                                §r§8+§r§b1 SkyBlock XP
14:14:02 [BESTIARY] 
14:14:02 [allowed] §6§lBESTIARY §r§b§lMiner Skeleton §7§83 §8➡§b §b4
14:14:02 [BESTIARY] §3§l▬▬▬▬▬▬▬▬▬▬▬▬▬▬▬▬▬▬▬▬▬▬▬▬▬▬▬▬▬▬▬▬▬▬▬▬▬▬▬▬▬▬▬▬▬▬▬▬▬▬▬▬▬▬▬▬▬▬▬▬▬▬▬▬
14:14:06 [allowed] §6§lRARE DROP! §r§9Miner Helmet §r§b(+§r§b18% §r§b✯ Magic Find§r§b)
14:14:12 [SACKS_CHANGE] §6[Sacks] §r§a+16§r§e items§r§e.§r§8 (Last 13s.)
14:14:13 [allowed] §cYour Kill Combo has expired! You reached a 7 Kill Combo!
14:14:34 [allowed] §e[NPC] Walter§f: §r§fWith the right tools, you can get through anything!
14:14:38 [allowed] §aYou bought §r§9Superboom TNT §r§afor §r§62,500 Coins§r§a!
14:14:42 [allowed] §dYou have already found that Fairy Soul!
14:14:42 [allowed] §dYou have already found that Fairy Soul!
14:14:42 [allowed] §dYou have already found that Fairy Soul!
14:14:42 [allowed] §dYou have already found that Fairy Soul!
14:14:50 [allowed]   §r§3§lBESTIARY FAMILY UNLOCKED §bSneaky Creeper
14:14:56 [SACKS_CHANGE] §6[Sacks] §r§a+2§r§e items§r§e.§r§8 (Last 5s.)
14:15:07 [SACKS_CHANGE] §6[Sacks] §r§a+2§r§e items§r§e.§r§8 (Last 5s.)
14:15:18 [SACKS_CHANGE] §6[Sacks] §r§a+1§r§e item§r§e.§r§8 (Last 5s.)
14:15:40 [allowed] §dYou have already found that Fairy Soul!
14:15:53 [allowed] §3§l▬▬▬▬▬▬▬▬▬▬▬▬▬▬▬▬▬▬▬▬▬▬▬▬▬▬▬▬▬▬▬▬▬▬▬▬▬▬▬▬▬▬▬▬▬▬▬▬▬▬▬▬▬▬▬▬▬▬▬▬▬▬▬▬
14:15:53 [EMPTY]  
14:15:53 [BESTIARY] §f                                  §6§lBESTIARY
14:15:53 [BESTIARY] §f                           §b§lSneaky Creeper §7§b1
14:15:53 [BESTIARY] 
14:15:53 [BESTIARY]                                   §r§6§lREWARDS
14:15:53 [BESTIARY]                     §r§8+§r§a2 Sneaky Creeper §r§b✯ Magic Find
14:15:53 [BESTIARY]                      §r§8+§r§a2 Sneaky Creeper §r§c❁ Strength
14:15:53 [BESTIARY]                         §r§8+§r§62% §r§aSneaky Creeper §r§7coins
14:15:53 [BESTIARY]                     §r§8+§r§a50% §r§7chance for extra XP orbs
14:15:53 [BESTIARY]                                §r§8+§r§b1 SkyBlock XP
14:15:53 [BESTIARY] 
14:15:53 [allowed] §6§lBESTIARY §r§b§lSneaky Creeper §7§b1
14:15:53 [BESTIARY] §3§l▬▬▬▬▬▬▬▬▬▬▬▬▬▬▬▬▬▬▬▬▬▬▬▬▬▬▬▬▬▬▬▬▬▬▬▬▬▬▬▬▬▬▬▬▬▬▬▬▬▬▬▬▬▬▬▬▬▬▬▬▬▬▬▬
14:15:58 [SACKS_CHANGE] §6[Sacks] §r§a+1§r§e item§r§e.§r§8 (Last 5s.)
14:16:06 [allowed] §7Warping you to your SkyBlock island...
14:16:06 [allowed] §7Sending to server mini24BM...
14:16:07 [EMPTY] §8 §r§8 §r§1 §r§3 §r§3 §r§7 §r§8 
14:16:07 [EMPTY]  
14:16:07 [allowed] §f       §7You have §31 §7pending §3Bestiary Milestone §7to be claimed!
14:16:07 [allowed] §f                    §6§l>>> §6§lCLICK HERE§e to claim it! §6§l<<<
14:16:07 [EMPTY]   
14:16:10 [PROFILE_JOIN] §aYou are playing on profile: §eLemon§b (Co-op)
14:16:10 [PROFILE_JOIN] §8Profile ID: 62b760d8-92b6-4501-ada0-1fd8583f5266
14:16:11 [allowed] §7Warping...
14:16:11 [allowed] §7Sending to server mini74BE...
14:16:11 [EMPTY] §8 §r§8 §r§1 §r§3 §r§3 §r§7 §r§8 
14:16:12 [EMPTY]  
14:16:12 [allowed] §f       §7You have §31 §7pending §3Bestiary Milestone §7to be claimed!
14:16:12 [allowed] §f                    §6§l>>> §6§lCLICK HERE§e to claim it! §6§l<<<
14:16:12 [EMPTY]   
14:16:14 [allowed] §3§l▬▬▬▬▬▬▬▬▬▬▬▬▬▬▬▬▬▬▬▬▬▬▬▬▬▬▬▬▬▬▬▬▬▬▬▬▬▬▬▬▬▬▬▬▬▬▬▬▬▬▬▬▬▬▬▬▬▬▬▬▬▬▬▬
14:16:14 [EMPTY]  
14:16:14 [allowed]                          §r§6§lBESTIARY MILESTONE
14:16:14 [allowed]                                    §r§868 §r§8➡§r§e §r§e69
14:16:14 [EMPTY]  
14:16:14 [allowed]                                    §r§6§lREWARD
14:16:14 [allowed]                                  §r§8+§r§a1 §r§c❤ Health
14:16:14 [EMPTY]  
14:16:14 [allowed] §3§l▬▬▬▬▬▬▬▬▬▬▬▬▬▬▬▬▬▬▬▬▬▬▬▬▬▬▬▬▬▬▬▬▬▬▬▬▬▬▬▬▬▬▬▬▬▬▬▬▬▬▬▬▬▬▬▬▬▬▬▬▬▬▬▬
14:16:15 [PROFILE_JOIN] §aYou are playing on profile: §eLemon§b (Co-op)
14:16:15 [PROFILE_JOIN] §8Profile ID: 62b760d8-92b6-4501-ada0-1fd8583f5266
14:16:17 [allowed] §aOringo §r§ebrought exotic pets for sale at the hub plaza, in front of the §r§dFlower House§r§e!
14:16:22 [allowed] §aYou sold §r§aFlaming Sword§r§8 x1 §r§afor §r§620 Coins§r§a!
14:16:22 [allowed] §aYou sold §r§aFlaming Sword§r§8 x1 §r§afor §r§620 Coins§r§a!
14:16:23 [allowed] §aYou sold §r§aFlaming Sword§r§8 x1 §r§afor §r§620 Coins§r§a!
14:16:23 [allowed] §aYou sold §r§aFlaming Sword§r§8 x1 §r§afor §r§620 Coins§r§a!
14:16:24 [allowed] §aYou sold §r§aFlaming Sword§r§8 x1 §r§afor §r§620 Coins§r§a!
14:16:24 [allowed] §aYou sold §r§aFlaming Sword§r§8 x1 §r§afor §r§620 Coins§r§a!
14:16:25 [allowed] §aYou sold §r§9Miner Boots§r§8 x1 §r§afor §r§62,016 Coins§r§a!
14:16:26 [allowed] §aYou sold §r§9Miner Boots§r§8 x1 §r§afor §r§62,016 Coins§r§a!
14:16:27 [allowed] §aYou sold §r§9Lapis Crystal§r§8 x1 §r§afor §r§650 Coins§r§a!
14:16:27 [allowed] §aYou sold §r§9Lapis Crystal§r§8 x1 §r§afor §r§650 Coins§r§a!
14:16:28 [allowed] §aYou sold §r§aFlaming Sword§r§8 x1 §r§afor §r§620 Coins§r§a!
14:16:28 [allowed] §aYou sold §r§aFlaming Sword§r§8 x1 §r§afor §r§620 Coins§r§a!
14:16:29 [allowed] §aYou sold §r§4◆ Lava Rune I§r§8 x1 §r§afor §r§61 Coin§r§a!
14:16:29 [allowed] §aYou sold §r§9Lapis Crystal§r§8 x1 §r§afor §r§650 Coins§r§a!
14:16:30 [allowed] §aYou sold §r§fGold Nugget§r§8 x3 §r§afor §r§60.9 Coins§r§a!
14:16:30 [allowed] §aYou sold §r§9Lapis Crystal§r§8 x1 §r§afor §r§650 Coins§r§a!
14:16:31 [allowed] §aYou sold §r§9Lapis Crystal§r§8 x1 §r§afor §r§650 Coins§r§a!
14:16:31 [allowed] §aYou sold §r§9Lapis Crystal§r§8 x1 §r§afor §r§650 Coins§r§a!
14:16:32 [allowed] §aYou sold §r§9Lapis Crystal§r§8 x1 §r§afor §r§650 Coins§r§a!
14:17:32 [allowed] §7Warping you to your SkyBlock island...
14:17:32 [allowed] §7Sending to server mini18V...
14:17:32 [EMPTY] §8 §r§8 §r§1 §r§3 §r§3 §r§7 §r§8 
14:17:36 [PROFILE_JOIN] §aYou are playing on profile: §eLemon§b (Co-op)
14:17:36 [PROFILE_JOIN] §8Profile ID: 62b760d8-92b6-4501-ada0-1fd8583f5266
14:17:42 [allowed] §cYou cannot modify your equipped armor set!
14:17:50 [allowed] §7Warping...
14:17:50 [allowed] §7Sending to server mini186DF...
14:17:50 [EMPTY] §8 §r§8 §r§1 §r§3 §r§3 §r§7 §r§8 
14:17:53 [PROFILE_JOIN] §aYou are playing on profile: §eLemon§b (Co-op)
14:17:53 [PROFILE_JOIN] §8Profile ID: 62b760d8-92b6-4501-ada0-1fd8583f5266
14:17:59 [allowed] §cYou can't use abilities while on a launch pad!
14:18:14 [allowed] §8[§r§f69§r§8] §r§a[VIP] x3cs§f§r§f: is just downloading skyblocker like adding a mod to like fabric
14:18:15 [allowed] §aYou summoned your §r§9Monkey§r§a!
14:18:27 [SACKS_CHANGE] §6[Sacks] §r§a+2,269§r§e items§r§e.§r§8 (Last 30s.)
14:18:59 [SACKS_CHANGE] §6[Sacks] §r§a+2,443§r§e items§r§e.§r§8 (Last 30s.)
14:19:10 [SACKS_CHANGE] §6[Sacks] §r§a+246§r§e items§r§e, §r§c-1,536§r§e items§r§e.§r§8 (Last 9s.)
14:19:15 [allowed] §cYou cannot damage a tree while it is regenerating!
14:19:16 [allowed] §cYou cannot damage a tree while it is regenerating!
14:19:42 [SACKS_CHANGE] §6[Sacks] §r§a+2,369§r§e items§r§e.§r§8 (Last 30s.)
14:19:58 [allowed] §8[§r§e106§r§8] §r§a[VIP] hacker_140§f§r§f: were is romero?
14:20:02 [allowed] §cYou cannot damage a tree while it is regenerating!
14:20:03 [allowed] §cYou cannot damage a tree while it is regenerating!
14:20:12 [allowed] §8[§r§717§r§8] §r§a[VIP] KassNico§f§r§f: savana woodland romero?
14:20:13 [SACKS_CHANGE] §6[Sacks] §r§a+1,655§r§e items§r§e.§r§8 (Last 30s.)
14:20:15 [allowed] §8[§r§e106§r§8] §r§a[VIP] hacker_140§f§r§f: yes
14:20:21 [allowed] §8[§r§717§r§8] §r§a[VIP] KassNico§f§r§f: come to the tent
14:20:21 [allowed] §8[§r§e106§r§8] §r§a[VIP] hacker_140§f§r§f: idk were bro is
14:20:39 [allowed] §8[§r§e106§r§8] §r§a[VIP] hacker_140§f§r§f: ohhw
14:20:44 [SACKS_CHANGE] §6[Sacks] §r§a+1,182§r§e items§r§e.§r§8 (Last 30s.)
14:21:11 [allowed] §cYou cannot damage a tree while it is regenerating!
14:21:12 [GUILD_EXP] §aYou earned §r§2345 GEXP §r§afrom playing SkyBlock!
14:21:15 [SACKS_CHANGE] §6[Sacks] §r§a+1,897§r§e items§r§e.§r§8 (Last 30s.)
14:21:28 [allowed] §cYou cannot damage a tree while it is regenerating!
14:21:28 [allowed] §cYou cannot damage a tree while it is regenerating!
14:21:35 [allowed] §d[Harp] §r§eTalk to Melody §r§d♫ §r§eto select a song!
14:21:36 [allowed] §d[Harp] §r§eTalk to Melody §r§d♫ §r§eto select a song!
14:21:37 [allowed] §d[Harp] §r§fSelected song: §r§aLa Vie en Rose
14:21:37 [allowed] §eClick the Harp to play your song!
14:21:38 [SACKS_CHANGE] §6[Sacks] §r§a+743§r§e items§r§e.§r§8 (Last 20s.)
14:21:54 [allowed] §d[Harp] §r§cSong cancelled! §r§7(23%)
14:22:31 [allowed] §d[Harp] §r§cSong cancelled! §r§7(53%)
14:23:23 [allowed] §d[Harp] §r§aSong completed!
14:23:23 [allowed] §d[Harp] §r§fYou scored §r§e95% §r§fon §r§aLa Vie en Rose§r§f!
14:24:07 [allowed] §d[Harp] §r§cSong cancelled! §r§7(69%)
14:24:59 [allowed] §d[Harp] §r§aSong completed!
14:24:59 [allowed] §d[Harp] §r§fYou scored §r§e79% §r§fon §r§aLa Vie en Rose§r§f!
14:25:14 [allowed] §d[Harp] §r§cSong cancelled!
14:26:06 [allowed] §d[Harp] §r§aSong completed!
14:26:06 [allowed] §d[Harp] §r§fYou scored §r§e84% §r§fon §r§aLa Vie en Rose§r§f!
14:26:12 [GUILD_EXP] §aYou earned §r§2375 GEXP §r§afrom playing SkyBlock!
14:26:59 [allowed] §d[Harp] §r§aSong completed!
14:26:59 [allowed] §d[Harp] §r§fYou scored §r§e78% §r§fon §r§aLa Vie en Rose§r§f!
14:27:26 [allowed] §d[Harp] §r§cSong cancelled! §r§7(31%)
14:27:50 [allowed] §d[Harp] §r§cSong cancelled! §r§7(41%)
14:27:57 [allowed] §d[Harp] §r§cSong cancelled! §r§7(1%)
14:28:14 [allowed] §d[Harp] §r§cSong cancelled! §r§7(21%)
14:29:06 [allowed] §d[Harp] §r§aSong completed!
14:29:06 [allowed] §d[Harp] §r§fYou scored §r§e71% §r§fon §r§aLa Vie en Rose§r§f!
14:29:09 [allowed] §cYou cannot damage a tree while it is regenerating!
14:29:11 [allowed] §cYou cannot damage a tree while it is regenerating!
14:29:45 [SACKS_CHANGE] §6[Sacks] §r§a+2,809§r§e items§r§e.§r§8 (Last 30s.)
14:30:37 [allowed] §d[Harp] §r§aSong completed!
14:30:37 [allowed] §d[Harp] §r§fYou scored §r§e82% §r§fon §r§aLa Vie en Rose§r§f!
14:30:53 [SACKS_CHANGE] §6[Sacks] §r§a+390§r§e items§r§e.§r§8 (Last 10s.)
14:30:55 [allowed] §8[§r§b227§r§8] §r§b[MVP§c+§b] ExpiredAlts§f§r§f: can you not
14:31:13 [GUILD_EXP] §aYou earned §r§2205 GEXP §r§afrom playing SkyBlock!
14:36:14 [GUILD_EXP] §aYou earned §r§2100 GEXP §r§afrom playing SkyBlock!
