13:02:03 [EMPTY] §f §r§r§r§f §r§r§r§1 §r§r§r§0 §r§r§r§2 §r§r§r§f §r§r§r§f §r§r§r§2 §r§r§r§0 §r§r§r§4 §r§r§r§3 §r§r§r§9 §r§r§r§2 §r§r§r§0 §r§r§r§0 §r§r§r§3 §r§r§r§9 §r§r§r§2 §r§r§r§0 §r§r§r§0 §r§r§r§3 §r§r§r§9 §r§r§r§2 §r§r§r§0 §r§r§r§0 
13:02:10 [EMPTY] §8 §r§8 §r§1 §r§3 §r§3 §r§7 §r§8 
13:02:11 [EMPTY]  
13:02:11 [EMPTY]   
13:02:12 [EMPTY] 
13:02:12 [WELCOME] §eWelcome to §r§aHypixel SkyBlock§r§e!
13:02:12 [EMPTY] 
13:02:13 [PROFILE_JOIN] §aYou are playing on profile: §eLemon§b (Co-op)
13:02:13 [PROFILE_JOIN] §8Profile ID: 62b760d8-92b6-4501-ada0-1fd8583f5266
13:02:18 [EMPTY]  
13:02:18 [EMPTY]  
13:02:18 [EMPTY]  
13:05:49 [GUILD_EXP] §aYou earned §r§276 GEXP §r§a+ §r§e228 Event EXP §r§afrom playing SkyBlock!
13:10:50 [GUILD_EXP] §aYou earned §r§2130 GEXP §r§a+ §r§e390 Event EXP §r§afrom playing SkyBlock!
13:19:00 [EMPTY] §8 §r§8 §r§1 §r§3 §r§3 §r§7 §r§8 
13:19:04 [PROFILE_JOIN] §aYou are playing on profile: §eLemon§b (Co-op)
13:19:04 [PROFILE_JOIN] §8Profile ID: 62b760d8-92b6-4501-ada0-1fd8583f5266
13:20:58 [EMPTY] 
13:21:10 [EMPTY] §8 §r§8 §r§1 §r§3 §r§3 §r§7 §r§8 
13:21:14 [PROFILE_JOIN] §aYou are playing on profile: §eLemon§b (Co-op)
13:21:14 [PROFILE_JOIN] §8Profile ID: 62b760d8-92b6-4501-ada0-1fd8583f5266
13:23:40 [EMPTY] §8 §r§8 §r§1 §r§3 §r§3 §r§7 §r§8 
13:23:44 [PROFILE_JOIN] §aYou are playing on profile: §eLemon§b (Co-op)
13:23:44 [PROFILE_JOIN] §8Profile ID: 62b760d8-92b6-4501-ada0-1fd8583f5266
13:24:01 [EMPTY] §8 §r§8 §r§1 §r§3 §r§3 §r§7 §r§8 
13:24:04 [PROFILE_JOIN] §aYou are playing on profile: §eLemon§b (Co-op)
13:24:04 [PROFILE_JOIN] §8Profile ID: 62b760d8-92b6-4501-ada0-1fd8583f5266
13:25:35 [EMPTY]  
13:25:35 [BESTIARY] §f                                  §6§lBESTIARY
13:25:35 [BESTIARY] §f                        §b§lRedstone Pigman §7§83 §8➡§b §b4
13:25:35 [BESTIARY] 
13:25:35 [BESTIARY]                                   §r§6§lREWARDS
13:25:35 [BESTIARY]                     §r§8+§r§a2 Redstone Pigman §r§b✯ Magic Find
13:25:35 [BESTIARY]                     §r§8+§r§a2 Redstone Pigman §r§c❁ Strength
13:25:35 [BESTIARY]                         §r§8+§r§62% §r§aRedstone Pigman §r§7coins
13:25:35 [BESTIARY]                     §r§8+§r§a50% §r§7chance for extra XP orbs
13:25:35 [BESTIARY]                                §r§8+§r§b1 SkyBlock XP
13:25:35 [BESTIARY] 
13:25:35 [BESTIARY] §3§l▬▬▬▬▬▬▬▬▬▬▬▬▬▬▬▬▬▬▬▬▬▬▬▬▬▬▬▬▬▬▬▬▬▬▬▬▬▬▬▬▬▬▬▬▬▬▬▬▬▬▬▬▬▬▬▬▬▬▬▬▬▬▬▬
13:27:18 [GUILD_EXP] §aYou earned §r§2256 GEXP §r§a+ §r§e768 Event EXP §r§afrom playing SkyBlock!
13:32:19 [GUILD_EXP] §aYou earned §r§2690 GEXP §r§a+ §r§e655 Event EXP §r§afrom playing SkyBlock!
13:33:42 [EMPTY]  
13:33:42 [BESTIARY] §f                                  §6§lBESTIARY
13:33:42 [BESTIARY] §f                        §b§lRedstone Pigman §7§84 §8➡§b §b5
13:33:42 [BESTIARY] 
13:33:42 [BESTIARY]                                   §r§6§lREWARDS
13:33:42 [BESTIARY]                     §r§8+§r§a2 Redstone Pigman §r§b✯ Magic Find
13:33:42 [BESTIARY]                     §r§8+§r§a2 Redstone Pigman §r§c❁ Strength
13:33:42 [BESTIARY]                         §r§8+§r§62% §r§aRedstone Pigman §r§7coins
13:33:42 [BESTIARY]                     §r§8+§r§a50% §r§7chance for extra XP orbs
13:33:42 [BESTIARY]                                §r§8+§r§b1 SkyBlock XP
13:33:42 [BESTIARY] 
13:33:42 [BESTIARY] §3§l▬▬▬▬▬▬▬▬▬▬▬▬▬▬▬▬▬▬▬▬▬▬▬▬▬▬▬▬▬▬▬▬▬▬▬▬▬▬▬▬▬▬▬▬▬▬▬▬▬▬▬▬▬▬▬▬▬▬▬▬▬▬▬▬
13:37:20 [GUILD_EXP] §aYou earned §r§2750 GEXP §r§afrom playing SkyBlock!
13:38:53 [EMPTY]  
13:38:53 [BESTIARY] §f                                  §6§lBESTIARY
13:38:53 [BESTIARY] §f                             §b§lEmerald Slime §7§b1
13:38:53 [BESTIARY] 
13:38:53 [BESTIARY]                                   §r§6§lREWARDS
13:38:53 [BESTIARY]                       §r§8+§r§a2 Emerald Slime §r§b✯ Magic Find
13:38:53 [BESTIARY]                       §r§8+§r§a2 Emerald Slime §r§c❁ Strength
13:38:53 [BESTIARY]                           §r§8+§r§62% §r§aEmerald Slime §r§7coins
13:38:53 [BESTIARY]                     §r§8+§r§a50% §r§7chance for extra XP orbs
13:38:53 [BESTIARY]                                §r§8+§r§b1 SkyBlock XP
13:38:53 [BESTIARY] 
13:38:53 [BESTIARY] §3§l▬▬▬▬▬▬▬▬▬▬▬▬▬▬▬▬▬▬▬▬▬▬▬▬▬▬▬▬▬▬▬▬▬▬▬▬▬▬▬▬▬▬▬▬▬▬▬▬▬▬▬▬▬▬▬▬▬▬▬▬▬▬▬▬
13:40:01 [EMPTY]  
13:40:01 [BESTIARY] §f                                  §6§lBESTIARY
13:40:01 [BESTIARY] §f                          §b§lEmerald Slime §7§81 §8➡§b §b2
13:40:01 [BESTIARY] 
13:40:01 [BESTIARY]                                   §r§6§lREWARDS
13:40:01 [BESTIARY]                       §r§8+§r§a2 Emerald Slime §r§b✯ Magic Find
13:40:01 [BESTIARY]                       §r§8+§r§a2 Emerald Slime §r§c❁ Strength
13:40:01 [BESTIARY]                           §r§8+§r§62% §r§aEmerald Slime §r§7coins
13:40:01 [BESTIARY]                     §r§8+§r§a50% §r§7chance for extra XP orbs
13:40:01 [BESTIARY]                                §r§8+§r§b1 SkyBlock XP
13:40:01 [BESTIARY] 
13:40:01 [BESTIARY] §3§l▬▬▬▬▬▬▬▬▬▬▬▬▬▬▬▬▬▬▬▬▬▬▬▬▬▬▬▬▬▬▬▬▬▬▬▬▬▬▬▬▬▬▬▬▬▬▬▬▬▬▬▬▬▬▬▬▬▬▬▬▬▬▬▬
13:42:21 [GUILD_EXP] §aYou earned §r§2698 GEXP §r§afrom playing SkyBlock!
13:43:59 [EMPTY]  
13:43:59 [BESTIARY] §f                                  §6§lBESTIARY
13:43:59 [BESTIARY] §f                          §b§lEmerald Slime §7§82 §8➡§b §b3
13:43:59 [BESTIARY] 
13:43:59 [BESTIARY]                                   §r§6§lREWARDS
13:43:59 [BESTIARY]                       §r§8+§r§a2 Emerald Slime §r§b✯ Magic Find
13:43:59 [BESTIARY]                       §r§8+§r§a2 Emerald Slime §r§c❁ Strength
13:43:59 [BESTIARY]                           §r§8+§r§62% §r§aEmerald Slime §r§7coins
13:43:59 [BESTIARY]                     §r§8+§r§a50% §r§7chance for extra XP orbs
13:43:59 [BESTIARY]                                §r§8+§r§b1 SkyBlock XP
13:43:59 [BESTIARY] 
13:43:59 [BESTIARY] §3§l▬▬▬▬▬▬▬▬▬▬▬▬▬▬▬▬▬▬▬▬▬▬▬▬▬▬▬▬▬▬▬▬▬▬▬▬▬▬▬▬▬▬▬▬▬▬▬▬▬▬▬▬▬▬▬▬▬▬▬▬▬▬▬▬
13:45:15 [EMPTY]  
13:45:15 [BESTIARY] §f                                  §6§lBESTIARY
13:45:15 [BESTIARY] §f                          §b§lEmerald Slime §7§83 §8➡§b §b4
13:45:15 [BESTIARY] 
13:45:15 [BESTIARY]                                   §r§6§lREWARDS
13:45:15 [BESTIARY]                       §r§8+§r§a2 Emerald Slime §r§b✯ Magic Find
13:45:15 [BESTIARY]                       §r§8+§r§a2 Emerald Slime §r§c❁ Strength
13:45:15 [BESTIARY]                           §r§8+§r§62% §r§aEmerald Slime §r§7coins
13:45:15 [BESTIARY]                     §r§8+§r§a50% §r§7chance for extra XP orbs
13:45:15 [BESTIARY]                                §r§8+§r§b1 SkyBlock XP
13:45:15 [BESTIARY] 
13:45:15 [BESTIARY] §3§l▬▬▬▬▬▬▬▬▬▬▬▬▬▬▬▬▬▬▬▬▬▬▬▬▬▬▬▬▬▬▬▬▬▬▬▬▬▬▬▬▬▬▬▬▬▬▬▬▬▬▬▬▬▬▬▬▬▬▬▬▬▬▬▬
13:47:22 [GUILD_EXP] §aYou earned §r§2360 GEXP §r§afrom playing SkyBlock!
13:51:04 [SACKS_CHANGE] §6[Sacks] §r§a+10§r§e items§r§e.§r§8 (Last 13s.)
13:51:18 [SACKS_CHANGE] §6[Sacks] §r§a+11§r§e items§r§e.§r§8 (Last 13s.)
13:51:26 [SACKS_CHANGE] §6[Sacks] §r§a+7§r§e items§r§e.§r§8 (Last 7s.)
13:51:44 [EMPTY]  
13:51:44 [BESTIARY] §f                                  §6§lBESTIARY
13:51:44 [BESTIARY] §f                          §b§lEmerald Slime §7§84 §8➡§b §b5
13:51:44 [BESTIARY] 
13:51:44 [BESTIARY]                                   §r§6§lREWARDS
13:51:44 [BESTIARY]                       §r§8+§r§a2 Emerald Slime §r§b✯ Magic Find
13:51:44 [BESTIARY]                       §r§8+§r§a2 Emerald Slime §r§c❁ Strength
13:51:44 [BESTIARY]                           §r§8+§r§62% §r§aEmerald Slime §r§7coins
13:51:44 [BESTIARY]                     §r§8+§r§a50% §r§7chance for extra XP orbs
13:51:44 [BESTIARY]                                §r§8+§r§b1 SkyBlock XP
13:51:44 [BESTIARY] 
13:51:44 [BESTIARY] §3§l▬▬▬▬▬▬▬▬▬▬▬▬▬▬▬▬▬▬▬▬▬▬▬▬▬▬▬▬▬▬▬▬▬▬▬▬▬▬▬▬▬▬▬▬▬▬▬▬▬▬▬▬▬▬▬▬▬▬▬▬▬▬▬▬
13:51:54 [SACKS_CHANGE] §6[Sacks] §r§a+4§r§e items§r§e.§r§8 (Last 10s.)
13:52:20 [SACKS_CHANGE] §6[Sacks] §r§a+1§r§e item§r§e.§r§8 (Last 5s.)
13:52:23 [GUILD_EXP] §aYou earned §r§2573 GEXP §r§afrom playing SkyBlock!
13:54:43 [SACKS_CHANGE] §6[Sacks] §r§a+8§r§e items§r§e.§r§8 (Last 7s.)
13:55:17 [SACKS_CHANGE] §6[Sacks] §r§a+23§r§e items§r§e.§r§8 (Last 30s.)
13:55:31 [SACKS_CHANGE] §6[Sacks] §r§a+5§r§e items§r§e.§r§8 (Last 9s.)
13:55:44 [SACKS_CHANGE] §6[Sacks] §r§a+7§r§e items§r§e.§r§8 (Last 11s.)
13:55:50 [SACKS_CHANGE] §6[Sacks] §r§a+5§r§e items§r§e.§r§8 (Last 5s.)
13:56:01 [SACKS_CHANGE] §6[Sacks] §r§a+8§r§e items§r§e.§r§8 (Last 8s.)
13:56:12 [SACKS_CHANGE] §6[Sacks] §r§a+11§r§e items§r§e.§r§8 (Last 10s.)
13:56:41 [SACKS_CHANGE] §6[Sacks] §r§a+13§r§e items§r§e.§r§8 (Last 23s.)
13:56:52 [SACKS_CHANGE] §6[Sacks] §r§a+3§r§e items§r§e.§r§8 (Last 7s.)
13:57:24 [GUILD_EXP] §aYou earned §r§2416 GEXP §r§afrom playing SkyBlock!
13:57:29 [SACKS_CHANGE] §6[Sacks] §r§a+59§r§e items§r§e.§r§8 (Last 30s.)
13:57:49 [BESTIARY] §f                                  §6§lBESTIARY
13:57:49 [BESTIARY] §f                              §b§lMiner Zombie §7§b1
13:57:49 [BESTIARY] 
13:57:49 [BESTIARY]                                   §r§6§lREWARDS
13:57:49 [BESTIARY]                       §r§8+§r§a2 Miner Zombie §r§b✯ Magic Find
13:57:49 [BESTIARY]                        §r§8+§r§a2 Miner Zombie §r§c❁ Strength
13:57:49 [BESTIARY]                           §r§8+§r§62% §r§aMiner Zombie §r§7coins
13:57:49 [BESTIARY]                     §r§8+§r§a50% §r§7chance for extra XP orbs
13:57:49 [BESTIARY]                                §r§8+§r§b1 SkyBlock XP
13:57:49 [BESTIARY] 
13:57:49 [BESTIARY] §3§l▬▬▬▬▬▬▬▬▬▬▬▬▬▬▬▬▬▬▬▬▬▬▬▬▬▬▬▬▬▬▬▬▬▬▬▬▬▬▬▬▬▬▬▬▬▬▬▬▬▬▬▬▬▬▬▬▬▬▬▬▬▬▬▬
13:58:01 [SACKS_CHANGE] §6[Sacks] §r§a+46§r§e items§r§e.§r§8 (Last 30s.)
13:58:11 [SACKS_CHANGE] §6[Sacks] §r§a+1§r§e item§r§e.§r§8 (Last 5s.)
13:58:25 [EMPTY]  
13:58:25 [BESTIARY] §f                                  §6§lBESTIARY
13:58:25 [BESTIARY] §f                            §b§lMiner Skeleton §7§b1
13:58:25 [BESTIARY] 
13:58:25 [BESTIARY]                                   §r§6§lREWARDS
13:58:25 [BESTIARY]                      §r§8+§r§a2 Miner Skeleton §r§b✯ Magic Find
13:58:25 [BESTIARY]                       §r§8+§r§a2 Miner Skeleton §r§c❁ Strength
13:58:25 [BESTIARY]                          §r§8+§r§62% §r§aMiner Skeleton §r§7coins
13:58:25 [BESTIARY]                     §r§8+§r§a50% §r§7chance for extra XP orbs
13:58:25 [BESTIARY]                                §r§8+§r§b1 SkyBlock XP
13:58:25 [BESTIARY] 
13:58:25 [BESTIARY]   §r§f                         §6§lBESTIARY MILESTONE
13:58:25 [BESTIARY]   §r§f                                    §868➡§e69
13:58:25 [BESTIARY] §6§lBESTIARY MILESTONE §868➡§e69
13:58:25 [BESTIARY] §6§lBESTIARY MILESTONE §868➡§e69
13:58:25 [BESTIARY] §6§lBESTIARY MILESTONE §868➡§e69
13:58:25 [BESTIARY] §6§lBESTIARY MILESTONE §868➡§e69
13:58:25 [BESTIARY] 
13:58:34 [SACKS_CHANGE] §6[Sacks] §r§a+25§r§e items§r§e.§r§8 (Last 14s.)
13:58:50 [SACKS_CHANGE] §6[Sacks] §r§a+7§r§e items§r§e.§r§8 (Last 9s.)
13:59:10 [SACKS_CHANGE] §6[Sacks] §r§a+23§r§e items§r§e.§r§8 (Last 19s.)
13:59:29 [EMPTY]  
13:59:29 [BESTIARY] §f                                  §6§lBESTIARY
13:59:29 [BESTIARY] §f                           §b§lMiner Zombie §7§81 §8➡§b §b2
13:59:29 [BESTIARY] 
13:59:29 [BESTIARY]                                   §r§6§lREWARDS
13:59:29 [BESTIARY]                       §r§8+§r§a2 Miner Zombie §r§b✯ Magic Find
13:59:29 [BESTIARY]                        §r§8+§r§a2 Miner Zombie §r§c❁ Strength
13:59:29 [BESTIARY]                           §r§8+§r§62% §r§aMiner Zombie §r§7coins
13:59:29 [BESTIARY]                     §r§8+§r§a50% §r§7chance for extra XP orbs
13:59:29 [BESTIARY]                                §r§8+§r§b1 SkyBlock XP
13:59:29 [BESTIARY] 
13:59:29 [BESTIARY] §3§l▬▬▬▬▬▬▬▬▬▬▬▬▬▬▬▬▬▬▬▬▬▬▬▬▬▬▬▬▬▬▬▬▬▬▬▬▬▬▬▬▬▬▬▬▬▬▬▬▬▬▬▬▬▬▬▬▬▬▬▬▬▬▬▬
13:59:44 [SACKS_CHANGE] §6[Sacks] §r§a+21§r§e items§r§e.§r§8 (Last 18s.)
14:00:07 [SACKS_CHANGE] §6[Sacks] §r§a+11§r§e items§r§e.§r§8 (Last 19s.)
14:00:30 [SACKS_CHANGE] §6[Sacks] §r§a+10§r§e items§r§e.§r§8 (Last 12s.)
14:01:24 [SACKS_CHANGE] §6[Sacks] §r§a+4§r§e items§r§e.§r§8 (Last 10s.)
14:02:11 [EMPTY]  
14:02:11 [BESTIARY] §f                                  §6§lBESTIARY
14:02:11 [BESTIARY] §f                           §b§lMiner Zombie §7§82 §8➡§b §b3
14:02:11 [BESTIARY] 
14:02:11 [BESTIARY]                                   §r§6§lREWARDS
14:02:11 [BESTIARY]                       §r§8+§r§a2 Miner Zombie §r§b✯ Magic Find
14:02:11 [BESTIARY]                        §r§8+§r§a2 Miner Zombie §r§c❁ Strength
14:02:11 [BESTIARY]                           §r§8+§r§62% §r§aMiner Zombie §r§7coins
14:02:11 [BESTIARY]                     §r§8+§r§a50% §r§7chance for extra XP orbs
14:02:11 [BESTIARY]                                §r§8+§r§b1 SkyBlock XP
14:02:11 [BESTIARY] 
14:02:11 [BESTIARY] §3§l▬▬▬▬▬▬▬▬▬▬▬▬▬▬▬▬▬▬▬▬▬▬▬▬▬▬▬▬▬▬▬▬▬▬▬▬▬▬▬▬▬▬▬▬▬▬▬▬▬▬▬▬▬▬▬▬▬▬▬▬▬▬▬▬
14:02:24 [GUILD_EXP] §aYou earned §r§2713 GEXP §r§afrom playing SkyBlock!
14:02:28 [SACKS_CHANGE] §6[Sacks] §r§a+22§r§e items§r§e.§r§8 (Last 18s.)
14:02:43 [SACKS_CHANGE] §6[Sacks] §r§a+19§r§e items§r§e.§r§8 (Last 14s.)
14:03:00 [SACKS_CHANGE] §6[Sacks] §r§a+20§r§e items§r§e.§r§8 (Last 13s.)
14:03:21 [EMPTY]  
14:03:21 [BESTIARY] §f                                  §6§lBESTIARY
14:03:21 [BESTIARY] §f                         §b§lMiner Skeleton §7§81 §8➡§b §b2
14:03:21 [BESTIARY] 
14:03:21 [BESTIARY]                                   §r§6§lREWARDS
14:03:21 [BESTIARY]                      §r§8+§r§a2 Miner Skeleton §r§b✯ Magic Find
14:03:21 [BESTIARY]                       §r§8+§r§a2 Miner Skeleton §r§c❁ Strength
14:03:21 [BESTIARY]                          §r§8+§r§62% §r§aMiner Skeleton §r§7coins
14:03:21 [BESTIARY]                     §r§8+§r§a50% §r§7chance for extra XP orbs
14:03:21 [BESTIARY]                                §r§8+§r§b1 SkyBlock XP
14:03:21 [BESTIARY] 
14:03:21 [BESTIARY] §3§l▬▬▬▬▬▬▬▬▬▬▬▬▬▬▬▬▬▬▬▬▬▬▬▬▬▬▬▬▬▬▬▬▬▬▬▬▬▬▬▬▬▬▬▬▬▬▬▬▬▬▬▬▬▬▬▬▬▬▬▬▬▬▬▬
14:03:26 [SACKS_CHANGE] §6[Sacks] §r§a+18§r§e items§r§e.§r§8 (Last 20s.)
14:03:41 [SACKS_CHANGE] §6[Sacks] §r§a+14§r§e items§r§e.§r§8 (Last 10s.)
14:03:53 [SACKS_CHANGE] §6[Sacks] §r§a+15§r§e items§r§e.§r§8 (Last 11s.)
14:04:03 [SACKS_CHANGE] §6[Sacks] §r§a+3§r§e items§r§e.§r§8 (Last 7s.)
14:04:33 [SACKS_CHANGE] §6[Sacks] §r§a+24§r§e items§r§e.§r§8 (Last 28s.)
14:04:52 [SACKS_CHANGE] §6[Sacks] §r§a+14§r§e items§r§e.§r§8 (Last 18s.)
14:04:58 [SACKS_CHANGE] §6[Sacks] §r§a+1§r§e item§r§e.§r§8 (Last 5s.)
14:06:01 [SACKS_CHANGE] §6[Sacks] §r§a+18§r§e items§r§e.§r§8 (Last 12s.)
14:06:10 [EMPTY]  
14:06:10 [BESTIARY] §f                                  §6§lBESTIARY
14:06:10 [BESTIARY] §f                           §b§lMiner Zombie §7§83 §8➡§b §b4
14:06:10 [BESTIARY] 
14:06:10 [BESTIARY]                                   §r§6§lREWARDS
14:06:10 [BESTIARY]                       §r§8+§r§a2 Miner Zombie §r§b✯ Magic Find
14:06:10 [BESTIARY]                        §r§8+§r§a2 Miner Zombie §r§c❁ Strength
14:06:10 [BESTIARY]                           §r§8+§r§62% §r§aMiner Zombie §r§7coins
14:06:10 [BESTIARY]                     §r§8+§r§a50% §r§7chance for extra XP orbs
14:06:10 [BESTIARY]                                §r§8+§r§b1 SkyBlock XP
14:06:10 [BESTIARY] 
14:06:10 [BESTIARY] §3§l▬▬▬▬▬▬▬▬▬▬▬▬▬▬▬▬▬▬▬▬▬▬▬▬▬▬▬▬▬▬▬▬▬▬▬▬▬▬▬▬▬▬▬▬▬▬▬▬▬▬▬▬▬▬▬▬▬▬▬▬▬▬▬▬
14:06:34 [SACKS_CHANGE] §6[Sacks] §r§a+35§r§e items§r§e.§r§8 (Last 30s.)
14:06:48 [EMPTY]  
14:06:48 [BESTIARY] §f                                  §6§lBESTIARY
14:06:48 [BESTIARY] §f                         §b§lMiner Skeleton §7§82 §8➡§b §b3
14:06:48 [BESTIARY] 
14:06:48 [BESTIARY]                                   §r§6§lREWARDS
14:06:48 [BESTIARY]                      §r§8+§r§a2 Miner Skeleton §r§b✯ Magic Find
14:06:48 [BESTIARY]                       §r§8+§r§a2 Miner Skeleton §r§c❁ Strength
14:06:48 [BESTIARY]                          §r§8+§r§62% §r§aMiner Skeleton §r§7coins
14:06:48 [BESTIARY]                     §r§8+§r§a50% §r§7chance for extra XP orbs
14:06:48 [BESTIARY]                                §r§8+§r§b1 SkyBlock XP
14:06:48 [BESTIARY] 
14:06:48 [BESTIARY] §3§l▬▬▬▬▬▬▬▬▬▬▬▬▬▬▬▬▬▬▬▬▬▬▬▬▬▬▬▬▬▬▬▬▬▬▬▬▬▬▬▬▬▬▬▬▬▬▬▬▬▬▬▬▬▬▬▬▬▬▬▬▬▬▬▬
14:07:07 [SACKS_CHANGE] §6[Sacks] §r§a+27§r§e items§r§e.§r§8 (Last 30s.)
14:07:16 [SACKS_CHANGE] §6[Sacks] §r§a+3§r§e items§r§e.§r§8 (Last 5s.)
14:07:25 [GUILD_EXP] §aYou earned §r§2621 GEXP §r§afrom playing SkyBlock!
14:07:31 [SACKS_CHANGE] §6[Sacks] §r§a+8§r§e items§r§e.§r§8 (Last 14s.)
14:07:36 [EMPTY] 
14:07:44 [SACKS_CHANGE] §6[Sacks] §r§a+10§r§e items§r§e.§r§8 (Last 7s.)
14:07:53 [SACKS_CHANGE] §6[Sacks] §r§a+6§r§e items§r§e.§r§8 (Last 7s.)
14:08:25 [SACKS_CHANGE] §6[Sacks] §r§a+25§r§e items§r§e.§r§8 (Last 30s.)
14:08:39 [SACKS_CHANGE] §6[Sacks] §r§a+6§r§e items§r§e.§r§8 (Last 13s.)
14:08:49 [SACKS_CHANGE] §6[Sacks] §r§a+3§r§e items§r§e.§r§8 (Last 5s.)
14:09:09 [SACKS_CHANGE] §6[Sacks] §r§a+14§r§e items§r§e.§r§8 (Last 14s.)
14:10:31 [SACKS_CHANGE] §6[Sacks] §r§a+27§r§e items§r§e.§r§8 (Last 30s.)
14:10:41 [SACKS_CHANGE] §6[Sacks] §r§a+7§r§e items§r§e.§r§8 (Last 7s.)
14:10:59 [SACKS_CHANGE] §6[Sacks] §r§a+15§r§e items§r§e.§r§8 (Last 17s.)
14:11:26 [SACKS_CHANGE] §6[Sacks] §r§a+8§r§e items§r§e.§r§8 (Last 12s.)
14:11:40 [SACKS_CHANGE] §6[Sacks] §r§a+5§r§e items§r§e.§r§8 (Last 10s.)
14:11:50 [SACKS_CHANGE] §6[Sacks] §r§a+6§r§e items§r§e.§r§8 (Last 8s.)
14:12:26 [GUILD_EXP] §aYou earned §r§2678 GEXP §r§afrom playing SkyBlock!
14:12:45 [SACKS_CHANGE] §6[Sacks] §r§a+35§r§e items§r§e.§r§8 (Last 30s.)
14:13:18 [SACKS_CHANGE] §6[Sacks] §r§a+21§r§e items§r§e.§r§8 (Last 30s.)
14:13:49 [SACKS_CHANGE] §6[Sacks] §r§a+27§r§e items§r§e.§r§8 (Last 29s.)
14:13:56 [SACKS_CHANGE] §6[Sacks] §r§a+8§r§e items§r§e.§r§8 (Last 6s.)
14:14:02 [EMPTY]  
14:14:02 [BESTIARY] §f                                  §6§lBESTIARY
14:14:02 [BESTIARY] §f                         §b§lMiner Skeleton §7§83 §8➡§b §b4
14:14:02 [BESTIARY] 
14:14:02 [BESTIARY]                                   §r§6§lREWARDS
14:14:02 [BESTIARY]                      §r§8+§r§a2 Miner Skeleton §r§b✯ Magic Find
14:14:02 [BESTIARY]                       §r§8+§r§a2 Miner Skeleton §r§c❁ Strength
14:14:02 [BESTIARY]                          §r§8+§r§62% §r§aMiner Skeleton §r§7coins
14:14:02 [BESTIARY]                     §r§8+§r§a50% §r§7chance for extra XP orbs
14:14:02 [BESTIARY]                                §r§8+§r§b1 SkyBlock XP
14:14:02 [BESTIARY] 
14:14:02 [BESTIARY] §3§l▬▬▬▬▬▬▬▬▬▬▬▬▬▬▬▬▬▬▬▬▬▬▬▬▬▬▬▬▬▬▬▬▬▬▬▬▬▬▬▬▬▬▬▬▬▬▬▬▬▬▬▬▬▬▬▬▬▬▬▬▬▬▬▬
14:14:12 [SACKS_CHANGE] §6[Sacks] §r§a+16§r§e items§r§e.§r§8 (Last 13s.)
14:14:56 [SACKS_CHANGE] §6[Sacks] §r§a+2§r§e items§r§e.§r§8 (Last 5s.)
14:15:07 [SACKS_CHANGE] §6[Sacks] §r§a+2§r§e items§r§e.§r§8 (Last 5s.)
14:15:18 [SACKS_CHANGE] §6[Sacks] §r§a+1§r§e item§r§e.§r§8 (Last 5s.)
14:15:53 [EMPTY]  
14:15:53 [BESTIARY] §f                                  §6§lBESTIARY
14:15:53 [BESTIARY] §f                           §b§lSneaky Creeper §7§b1
14:15:53 [BESTIARY] 
14:15:53 [BESTIARY]                                   §r§6§lREWARDS
14:15:53 [BESTIARY]                     §r§8+§r§a2 Sneaky Creeper §r§b✯ Magic Find
14:15:53 [BESTIARY]                      §r§8+§r§a2 Sneaky Creeper §r§c❁ Strength
14:15:53 [BESTIARY]                         §r§8+§r§62% §r§aSneaky Creeper §r§7coins
14:15:53 [BESTIARY]                     §r§8+§r§a50% §r§7chance for extra XP orbs
14:15:53 [BESTIARY]                                §r§8+§r§b1 SkyBlock XP
14:15:53 [BESTIARY] 
14:15:53 [BESTIARY] §3§l▬▬▬▬▬▬▬▬▬▬▬▬▬▬▬▬▬▬▬▬▬▬▬▬▬▬▬▬▬▬▬▬▬▬▬▬▬▬▬▬▬▬▬▬▬▬▬▬▬▬▬▬▬▬▬▬▬▬▬▬▬▬▬▬
14:15:58 [SACKS_CHANGE] §6[Sacks] §r§a+1§r§e item§r§e.§r§8 (Last 5s.)
14:16:07 [EMPTY] §8 §r§8 §r§1 §r§3 §r§3 §r§7 §r§8 
14:16:07 [EMPTY]  
14:16:07 [EMPTY]   
14:16:10 [PROFILE_JOIN] §aYou are playing on profile: §eLemon§b (Co-op)
14:16:10 [PROFILE_JOIN] §8Profile ID: 62b760d8-92b6-4501-ada0-1fd8583f5266
14:16:11 [EMPTY] §8 §r§8 §r§1 §r§3 §r§3 §r§7 §r§8 
14:16:12 [EMPTY]  
14:16:12 [EMPTY]   
14:16:14 [EMPTY]  
14:16:14 [EMPTY]  
14:16:14 [EMPTY]  
14:16:15 [PROFILE_JOIN] §aYou are playing on profile: §eLemon§b (Co-op)
14:16:15 [PROFILE_JOIN] §8Profile ID: 62b760d8-92b6-4501-ada0-1fd8583f5266
14:17:32 [EMPTY] §8 §r§8 §r§1 §r§3 §r§3 §r§7 §r§8 
14:17:36 [PROFILE_JOIN] §aYou are playing on profile: §eLemon§b (Co-op)
14:17:36 [PROFILE_JOIN] §8Profile ID: 62b760d8-92b6-4501-ada0-1fd8583f5266
14:17:50 [EMPTY] §8 §r§8 §r§1 §r§3 §r§3 §r§7 §r§8 
14:17:53 [PROFILE_JOIN] §aYou are playing on profile: §eLemon§b (Co-op)
14:17:53 [PROFILE_JOIN] §8Profile ID: 62b760d8-92b6-4501-ada0-1fd8583f5266
14:18:27 [SACKS_CHANGE] §6[Sacks] §r§a+2,269§r§e items§r§e.§r§8 (Last 30s.)
14:18:59 [SACKS_CHANGE] §6[Sacks] §r§a+2,443§r§e items§r§e.§r§8 (Last 30s.)
14:19:10 [SACKS_CHANGE] §6[Sacks] §r§a+246§r§e items§r§e, §r§c-1,536§r§e items§r§e.§r§8 (Last 9s.)
14:19:42 [SACKS_CHANGE] §6[Sacks] §r§a+2,369§r§e items§r§e.§r§8 (Last 30s.)
14:20:13 [SACKS_CHANGE] §6[Sacks] §r§a+1,655§r§e items§r§e.§r§8 (Last 30s.)
14:20:44 [SACKS_CHANGE] §6[Sacks] §r§a+1,182§r§e items§r§e.§r§8 (Last 30s.)
14:21:12 [GUILD_EXP] §aYou earned §r§2345 GEXP §r§afrom playing SkyBlock!
14:21:15 [SACKS_CHANGE] §6[Sacks] §r§a+1,897§r§e items§r§e.§r§8 (Last 30s.)
14:21:38 [SACKS_CHANGE] §6[Sacks] §r§a+743§r§e items§r§e.§r§8 (Last 20s.)
14:26:12 [GUILD_EXP] §aYou earned §r§2375 GEXP §r§afrom playing SkyBlock!
14:29:45 [SACKS_CHANGE] §6[Sacks] §r§a+2,809§r§e items§r§e.§r§8 (Last 30s.)
14:30:53 [SACKS_CHANGE] §6[Sacks] §r§a+390§r§e items§r§e.§r§8 (Last 10s.)
14:31:13 [GUILD_EXP] §aYou earned §r§2205 GEXP §r§afrom playing SkyBlock!
14:36:14 [GUILD_EXP] §aYou earned §r§2100 GEXP §r§afrom playing SkyBlock!
