13:01:38 §e[SkyHanni] Reloaded 7531 items in the NEU repo
13:25:35 §6§lBESTIARY §r§b§lRedstone Pigman §7§83 §8➡§b §b4
13:33:42 §6§lBESTIARY §r§b§lRedstone Pigman §7§84 §8➡§b §b5
13:38:53 §6§lBESTIARY §r§b§lEmerald Slime §7§b1
13:40:01 §6§lBESTIARY §r§b§lEmerald Slime §7§81 §8➡§b §b2
13:43:59 §6§lBESTIARY §r§b§lEmerald Slime §7§82 §8➡§b §b3
13:45:15 §6§lBESTIARY §r§b§lEmerald Slime §7§83 §8➡§b §b4
13:51:44 §6§lBESTIARY §r§b§lEmerald Slime §7§84 §8➡§b §b5
13:57:49 §6§lBESTIARY §r§b§lMiner Zombie §7§b1
13:58:25 §6§lBESTIARY MILESTONE §868➡§e69
13:58:25 §6§lBESTIARY MILESTONE §868➡§e69
13:58:25 §6§lBESTIARY MILESTONE §868➡§e69
13:58:25 §6§lBESTIARY MILESTONE §868➡§e69
13:58:25 §6§lBESTIARY MILESTONE §868➡§e69
13:59:29 §6§lBESTIARY §r§b§lMiner Skeleton §7§b1
14:02:11 §6§lBESTIARY §r§b§lMiner Zombie §7§82 §8➡§b §b3
14:03:21 §6§lBESTIARY §r§b§lMiner Skeleton §7§81 §8➡§b §b2
14:06:10 §6§lBESTIARY §r§b§lMiner Zombie §7§83 §8➡§b §b4
14:06:48 §6§lBESTIARY §r§b§lMiner Skeleton §7§82 §8➡§b §b3
14:14:02 §6§lBESTIARY §r§b§lMiner Skeleton §7§83 §8➡§b §b4
14:15:53 §6§lBESTIARY §r§b§lSneaky Creeper §7§b1
