20:56:43 §f §r§r§r§f §r§r§r§1 §r§r§r§0 §r§r§r§2 §r§r§r§f §r§r§r§f §r§r§r§2 §r§r§r§0 §r§r§r§4 §r§r§r§3 §r§r§r§9 §r§r§r§2 §r§r§r§0 §r§r§r§0 §r§r§r§3 §r§r§r§9 §r§r§r§2 §r§r§r§0 §r§r§r§0 §r§r§r§3 §r§r§r§9 §r§r§r§2 §r§r§r§0 §r§r§r§0 
20:57:02 §8 §r§8 §r§1 §r§3 §r§3 §r§7 §r§8 
20:57:11 §f §r§r§r§f §r§r§r§1 §r§r§r§0 §r§r§r§2 §r§r§r§f §r§r§r§f §r§r§r§2 §r§r§r§0 §r§r§r§4 §r§r§r§3 §r§r§r§9 §r§r§r§2 §r§r§r§0 §r§r§r§0 §r§r§r§3 §r§r§r§9 §r§r§r§2 §r§r§r§0 §r§r§r§0 §r§r§r§3 §r§r§r§9 §r§r§r§2 §r§r§r§0 §r§r§r§0 
20:57:14 §8 §r§8 §r§1 §r§3 §r§3 §r§7 §r§8 
20:57:16 
20:57:16 
20:59:24 §8 §r§8 §r§1 §r§3 §r§3 §r§7 §r§8 
21:01:40 
21:01:40 §c
21:04:38 
21:04:38 
21:04:38 
21:04:38 
21:05:35  
21:07:52 §8 §r§8 §r§1 §r§3 §r§3 §r§7 §r§8 
21:07:53  
21:07:53   
21:07:58  
21:07:58  
21:07:58  
21:09:05 §8 §r§8 §r§1 §r§3 §r§3 §r§7 §r§8 
21:09:30  
21:10:07  
21:11:59  
21:18:12 
21:24:02  
21:24:13  
21:24:13   
21:25:13  
21:25:13   
21:26:14  
21:26:14   
21:27:14  
21:27:14   
21:28:14  
21:28:14   
21:29:15  
21:29:15   
21:30:15  
21:30:15   
21:31:15  
21:31:15   
21:32:15  
21:32:15   
21:33:15  
21:33:15   
21:34:16  
21:34:16   
21:35:16  
21:35:16   
21:36:16  
21:36:16   
21:37:16  
21:37:16   
21:38:16  
21:38:16   
21:38:46 §8 §r§8 §r§1 §r§3 §r§3 §r§7 §r§8 
21:38:51  
21:38:51   
21:39:51  
21:39:51   
21:40:51  
21:40:51   
21:41:51  
21:41:51   
21:42:52  
21:42:52   
21:43:52  
21:43:52   
21:46:01 §8 §r§8 §r§1 §r§3 §r§3 §r§7 §r§8 
21:47:53 §8 §r§8 §r§1 §r§3 §r§3 §r§7 §r§8 
21:49:01 §8 §r§8 §r§1 §r§3 §r§3 §r§7 §r§8 
