13:06:27 [allowed] §aYou are still radiating with §bGenerosity§r§a!
13:06:27 [EMPTY] §f §r§r§r§f §r§r§r§1 §r§r§r§0 §r§r§r§2 §r§r§r§f §r§r§r§f §r§r§r§2 §r§r§r§0 §r§r§r§4 §r§r§r§3 §r§r§r§9 §r§r§r§2 §r§r§r§0 §r§r§r§0 §r§r§r§3 §r§r§r§9 §r§r§r§2 §r§r§r§0 §r§r§r§0 §r§r§r§3 §r§r§r§9 §r§r§r§2 §r§r§r§0 §r§r§r§0 
13:06:37 [allowed] §7Sending to server mini157CM...
13:06:38 [EMPTY] §8 §r§8 §r§1 §r§3 §r§3 §r§7 §r§8 
13:06:38 [allowed] §eProfile ID: §r§a62b760d8-92b6-4501-ada0-1fd8583f5266
13:06:38 [allowed] §e§lCLICK THIS TO SUGGEST IT IN CHAT §7§l[DASHES]
13:06:38 [allowed] §e§lCLICK THIS TO SUGGEST IT IN CHAT §7§l[NO DASHES]
13:06:38 [allowed] §6HUNT §e- §a5 §eof your §atraps §ecaught something!
13:06:38 [allowed] §7[§eClick here to collect them.§7]
13:06:40 [EMPTY] 
13:06:40 [WELCOME] §eWelcome to §r§aHypixel SkyBlock§r§e!
13:06:40 [EMPTY] 
13:06:40 [allowed] §eLatest update: §bSkyBlock v0.23.2 §e§lCLICK
13:06:41 [PROFILE_JOIN] §aYou are playing on profile: §eLemon§b (Co-op)
13:06:41 [PROFILE_JOIN] §8Profile ID: 62b760d8-92b6-4501-ada0-1fd8583f5266
13:06:42 [LOTTERY] §bNew day! §r§eYour §r§2Lottery §r§ebuff changed!
13:06:42 [LOTTERY] §eNew buff§r§r§r: §r§fGain §r§a+50 §r§6☘ Mangrove Fortune§r§f.
13:06:42 [LOTTERY] §8§oYou can disable this messaging by toggling Lottery in your /hotf!
13:06:54 [allowed] §aYou caught an §fAzure §aShard!
13:06:54 [allowed] §aYou caught an §aEnt §aShard!
13:06:54 [allowed] §aYou caught a §fCod §aShard!
13:06:54 [allowed] §aYou caught an §aEnt §aShard!
13:06:54 [allowed] §aYou caught a §fCod §aShard!
13:07:00 [allowed] §7Warping...
13:07:00 [allowed] §7Sending to server mini252S...
13:07:01 [EMPTY] §8 §r§8 §r§1 §r§3 §r§3 §r§7 §r§8 
13:07:04 [PROFILE_JOIN] §aYou are playing on profile: §eLemon§b (Co-op)
13:07:04 [PROFILE_JOIN] §8Profile ID: 62b760d8-92b6-4501-ada0-1fd8583f5266
13:07:06 [allowed] §bNew day! §r§eYour §r§2Lottery §r§ebuff changed!
13:07:06 [allowed] §eNew buff§r§r§r: §r§fGain §r§a+50 §r§6☘ Mangrove Fortune§r§f.
13:07:13 [allowed] §aYou placed a Trap near a Shard location! §r§8(§r§b1§r§7/§r§b5 §r§7traps placed§r§8)
13:07:18 [allowed] §aYou placed a Trap near a Shard location! §r§8(§r§b2§r§7/§r§b5 §r§7traps placed§r§8)
13:07:29 [allowed] §cNo monsters can be trapped around here...
13:07:30 [allowed] §cNo monsters can be trapped around here...
13:07:33 [allowed] §aYou placed a Trap near a Shard location! §r§8(§r§b3§r§7/§r§b5 §r§7traps placed§r§8)
13:07:35 [allowed] §aYou placed a Trap near a Shard location! §r§8(§r§b4§r§7/§r§b5 §r§7traps placed§r§8)
13:07:41 [allowed] §aYou placed a Trap near a Shard location! §r§8(§r§b5§r§7/§r§b5 §r§7traps placed§r§8)
13:07:47 [allowed] §7Warping you to your SkyBlock island...
13:07:47 [allowed] §7Sending to server mini160AS...
13:07:47 [EMPTY] §8 §r§8 §r§1 §r§3 §r§3 §r§7 §r§8 
13:07:51 [PROFILE_JOIN] §aYou are playing on profile: §eLemon§b (Co-op)
13:07:51 [PROFILE_JOIN] §8Profile ID: 62b760d8-92b6-4501-ada0-1fd8583f5266
13:07:52 [LOTTERY] §bNew day! §r§eYour §r§2Lottery §r§ebuff changed!
13:07:52 [LOTTERY] §eNew buff§r§r§r: §r§fGain §r§a+50 §r§6☘ Mangrove Fortune§r§f.
13:07:52 [LOTTERY] §8§oYou can disable this messaging by toggling Lottery in your /hotf!
13:09:38 [allowed] §bhimej0shi left SkyBlock.
13:09:56 [allowed] §bhimej0shi joined SkyBlock.
13:09:56 [allowed] §bhimej0shi left SkyBlock.
13:09:59 [allowed] §bhimej0shi joined SkyBlock.
13:12:48 [GUILD_EXP] §aYou earned §r§2108 GEXP §r§a+ §r§e324 Event EXP §r§afrom playing SkyBlock!
13:15:00 [LOTTERY] §bNew day! §r§eYour §r§2Lottery §r§ebuff changed!
13:15:00 [LOTTERY] §eNew buff§r§r§r: §r§fGain §r§a+50 §r§6☘ Fig Fortune§r§f.
13:15:00 [LOTTERY] §8§oYou can disable this messaging by toggling Lottery in your /hotf!
