13:06:27 [EMPTY] §f §r§r§r§f §r§r§r§1 §r§r§r§0 §r§r§r§2 §r§r§r§f §r§r§r§f §r§r§r§2 §r§r§r§0 §r§r§r§4 §r§r§r§3 §r§r§r§9 §r§r§r§2 §r§r§r§0 §r§r§r§0 §r§r§r§3 §r§r§r§9 §r§r§r§2 §r§r§r§0 §r§r§r§0 §r§r§r§3 §r§r§r§9 §r§r§r§2 §r§r§r§0 §r§r§r§0 
13:06:38 [EMPTY] §8 §r§8 §r§1 §r§3 §r§3 §r§7 §r§8 
13:06:40 [EMPTY] 
13:06:40 [WELCOME] §eWelcome to §r§aHypixel SkyBlock§r§e!
13:06:40 [EMPTY] 
13:06:41 [PROFILE_JOIN] §aYou are playing on profile: §eLemon§b (Co-op)
13:06:41 [PROFILE_JOIN] §8Profile ID: 62b760d8-92b6-4501-ada0-1fd8583f5266
13:06:42 [LOTTERY] §bNew day! §r§eYour §r§2Lottery §r§ebuff changed!
13:06:42 [LOTTERY] §eNew buff§r§r§r: §r§fGain §r§a+50 §r§6☘ Mangrove Fortune§r§f.
13:06:42 [LOTTERY] §8§oYou can disable this messaging by toggling Lottery in your /hotf!
13:07:01 [EMPTY] §8 §r§8 §r§1 §r§3 §r§3 §r§7 §r§8 
13:07:04 [PROFILE_JOIN] §aYou are playing on profile: §eLemon§b (Co-op)
13:07:04 [PROFILE_JOIN] §8Profile ID: 62b760d8-92b6-4501-ada0-1fd8583f5266
13:07:47 [EMPTY] §8 §r§8 §r§1 §r§3 §r§3 §r§7 §r§8 
13:07:51 [PROFILE_JOIN] §aYou are playing on profile: §eLemon§b (Co-op)
13:07:51 [PROFILE_JOIN] §8Profile ID: 62b760d8-92b6-4501-ada0-1fd8583f5266
13:07:52 [LOTTERY] §bNew day! §r§eYour §r§2Lottery §r§ebuff changed!
13:07:52 [LOTTERY] §eNew buff§r§r§r: §r§fGain §r§a+50 §r§6☘ Mangrove Fortune§r§f.
13:07:52 [LOTTERY] §8§oYou can disable this messaging by toggling Lottery in your /hotf!
13:12:48 [GUILD_EXP] §aYou earned §r§2108 GEXP §r§a+ §r§e324 Event EXP §r§afrom playing SkyBlock!
13:15:00 [LOTTERY] §bNew day! §r§eYour §r§2Lottery §r§ebuff changed!
13:15:00 [LOTTERY] §eNew buff§r§r§r: §r§fGain §r§a+50 §r§6☘ Fig Fortune§r§f.
13:15:00 [LOTTERY] §8§oYou can disable this messaging by toggling Lottery in your /hotf!
