21:11:04 Trying to load config from config\skyhanni\config.json
21:11:04 load-config-now
21:11:05 Loaded config from file
21:11:05 Trying to load sacks from config\skyhanni\sacks.json
21:11:05 load-sacks-now
21:11:05 Loaded sacks from file
21:11:05 Trying to load friends from config\skyhanni\friends.json
21:11:05 load-friends-now
21:11:05 Loaded friends from file
21:11:05 Trying to load known_features from config\skyhanni\known_features.json
21:11:05 load-known_features-now
21:11:05 Loaded known_features from file
21:11:05 Trying to load jacob_contests from config\skyhanni\jacob_contests.json
21:11:05 load-jacob_contests-now
21:11:05 Loaded jacob_contests from file
21:11:05 Trying to load visual_words from config\skyhanni\visual_words.json
21:11:05 Setting visual_words to be blank as it did not exist. It will be saved once something is written to it
21:11:05 Trying to load pets from config\skyhanni\pets.json
21:11:05 load-pets-now
21:11:05 Loaded pets from file
21:11:05 Trying to load storage from config\skyhanni\storage.json
21:11:05 load-storage-now
21:11:05 Loaded storage from file
21:11:05 Trying to load routes from config\skyhanni\routes.json
21:11:05 load-routes-now
21:11:05 Loaded routes from file
21:11:36 saveConfig: Updated known feature flags
21:11:36 Saving known_features file
21:11:36 Saved known_features file successfully
21:11:36 saveConfig: Updated known feature flags
21:11:36 Saving known_features file
21:11:36 Saved known_features file successfully
21:11:49 saveConfig: saving-data
21:11:49 Saving pets file
21:11:49 Saved pets file successfully
21:11:49 saveConfig: saving-data
21:11:49 Saving pets file
21:11:49 Saved pets file successfully
21:12:05 saveConfig: auto-save-60s
21:12:05 Saving config file
21:12:05 Saved config file successfully
21:12:05 saveConfig: auto-save-60s
21:12:05 Saving config file
21:12:05 Saved config file successfully
21:12:20 saveConfig: saving-data
21:12:20 Saving sacks file
21:12:20 Saved sacks file successfully
21:12:20 saveConfig: saving-data
21:12:20 Saving sacks file
21:12:20 Saved sacks file successfully
21:12:20 saveConfig: saving-data
21:12:20 Saving pets file
21:12:20 Saved pets file successfully
21:12:20 saveConfig: saving-data
21:12:20 Saving pets file
21:12:20 Saved pets file successfully
21:12:51 saveConfig: saving-data
21:12:51 Saving pets file
21:12:51 Saved pets file successfully
21:12:51 saveConfig: saving-data
21:12:51 Saving pets file
21:12:51 Saved pets file successfully
21:13:05 saveConfig: auto-save-60s
21:13:05 Saving config file
21:13:05 Saved config file successfully
21:13:05 saveConfig: auto-save-60s
21:13:05 Saving config file
21:13:05 Saved config file successfully
21:14:03 saveConfig: saving-data
21:14:03 Saving pets file
21:14:03 Saved pets file successfully
21:14:03 saveConfig: saving-data
21:14:03 Saving pets file
21:14:03 Saved pets file successfully
21:14:05 saveConfig: auto-save-60s
21:14:05 Saving config file
21:14:05 Saved config file successfully
21:14:05 saveConfig: auto-save-60s
21:14:05 Saving config file
21:14:05 Saved config file successfully
21:14:46 saveConfig: saving-data
21:14:46 Saving pets file
21:14:46 Saved pets file successfully
21:14:46 saveConfig: saving-data
21:14:46 Saving pets file
21:14:46 Saved pets file successfully
21:15:05 saveConfig: auto-save-60s
21:15:05 Saving config file
21:15:05 Saved config file successfully
21:15:05 saveConfig: auto-save-60s
21:15:05 Saving config file
21:15:05 Saved config file successfully
21:15:17 saveConfig: saving-data
21:15:17 Saving pets file
21:15:17 Saved pets file successfully
21:15:17 saveConfig: saving-data
21:15:17 Saving pets file
21:15:17 Saved pets file successfully
21:16:05 saveConfig: auto-save-60s
21:16:05 Saving config file
21:16:05 Saved config file successfully
21:16:05 saveConfig: auto-save-60s
21:16:05 Saving config file
21:16:05 Saved config file successfully
21:16:21 saveConfig: saving-data
21:16:21 Saving sacks file
21:16:21 Saved sacks file successfully
21:16:21 saveConfig: saving-data
21:16:21 Saving sacks file
21:16:21 Saved sacks file successfully
21:16:34 saveConfig: saving-data
21:16:34 Saving pets file
21:16:34 Saved pets file successfully
21:16:34 saveConfig: saving-data
21:16:34 Saving pets file
21:16:34 Saved pets file successfully
21:16:43 saveConfig: saving-data
21:16:43 Saving sacks file
21:16:43 Saved sacks file successfully
21:16:43 saveConfig: saving-data
21:16:43 Saving sacks file
21:16:43 Saved sacks file successfully
21:17:05 saveConfig: auto-save-60s
21:17:05 Saving config file
21:17:05 Saved config file successfully
21:17:05 saveConfig: auto-save-60s
21:17:05 Saving config file
21:17:05 Saved config file successfully
21:17:12 saveConfig: saving-data
21:17:12 Saving sacks file
21:17:12 Saved sacks file successfully
21:17:12 saveConfig: saving-data
21:17:12 Saving sacks file
21:17:12 Saved sacks file successfully
21:17:21 saveConfig: saving-data
21:17:21 Saving pets file
21:17:21 Saved pets file successfully
21:17:21 saveConfig: saving-data
21:17:21 Saving pets file
21:17:21 Saved pets file successfully
21:17:52 saveConfig: saving-data
21:17:52 Saving pets file
21:17:52 Saved pets file successfully
21:17:52 saveConfig: saving-data
21:17:52 Saving pets file
21:17:52 Saved pets file successfully
21:18:05 saveConfig: auto-save-60s
21:18:05 Saving config file
21:18:05 Saved config file successfully
21:18:05 saveConfig: auto-save-60s
21:18:05 Saving config file
21:18:05 Saved config file successfully
21:18:11 saveConfig: Updated Items
21:18:11 Saving storage file
21:18:11 Saved storage file successfully
21:18:11 saveConfig: Updated Items
21:18:11 Saving storage file
21:18:11 Saved storage file successfully
21:18:12 saveConfig: Updated Items
21:18:12 Saving storage file
21:18:12 Saved storage file successfully
21:18:12 saveConfig: Updated Items
21:18:12 Saving storage file
21:18:12 Saved storage file successfully
21:18:16 saveConfig: Updated Items
21:18:16 Saving storage file
21:18:16 Saved storage file successfully
21:18:16 saveConfig: Updated Items
21:18:16 Saving storage file
21:18:16 Saved storage file successfully
21:18:23 saveConfig: saving-data
21:18:23 Saving pets file
21:18:23 Saved pets file successfully
21:18:23 saveConfig: saving-data
21:18:23 Saving pets file
21:18:23 Saved pets file successfully
21:18:54 saveConfig: saving-data
21:18:54 Saving pets file
21:18:54 Saved pets file successfully
21:18:54 saveConfig: saving-data
21:18:54 Saving pets file
21:18:54 Saved pets file successfully
21:18:55 saveConfig: Updated Items
21:18:55 Saving storage file
21:18:55 Saved storage file successfully
21:18:55 saveConfig: Updated Items
21:18:55 Saving storage file
21:18:55 Saved storage file successfully
21:18:56 saveConfig: Updated Items
21:18:56 Saving storage file
21:18:56 Saved storage file successfully
21:18:56 saveConfig: Updated Items
21:18:56 Saving storage file
21:18:56 Saved storage file successfully
21:18:57 saveConfig: Updated Items
21:18:57 Saving storage file
21:18:57 Saved storage file successfully
21:18:57 saveConfig: Updated Items
21:18:57 Saving storage file
21:18:57 Saved storage file successfully
21:18:58 saveConfig: Updated Items
21:18:58 Saving storage file
21:18:58 Saved storage file successfully
21:18:58 saveConfig: Updated Items
21:18:58 Saving storage file
21:18:58 Saved storage file successfully
21:18:59 saveConfig: Updated Items
21:18:59 Saving storage file
21:18:59 Saved storage file successfully
21:18:59 saveConfig: Updated Items
21:18:59 Saving storage file
21:18:59 Saved storage file successfully
21:19:02 saveConfig: Updated Items
21:19:02 Saving storage file
21:19:02 Saved storage file successfully
21:19:02 saveConfig: Updated Items
21:19:02 Saving storage file
21:19:02 Saved storage file successfully
21:19:03 saveConfig: Updated Items
21:19:03 Saving storage file
21:19:03 Saved storage file successfully
21:19:03 saveConfig: Updated Items
21:19:03 Saving storage file
21:19:03 Saved storage file successfully
21:19:04 saveConfig: Updated Items
21:19:04 Saving storage file
21:19:04 Saved storage file successfully
21:19:04 saveConfig: Updated Items
21:19:04 Saving storage file
21:19:04 Saved storage file successfully
21:19:05 saveConfig: auto-save-60s
21:19:05 Saving config file
21:19:05 Saved config file successfully
21:19:05 saveConfig: auto-save-60s
21:19:05 Saving config file
21:19:05 Saved config file successfully
21:19:06 saveConfig: Updated Items
21:19:06 Saving storage file
21:19:06 Saved storage file successfully
21:19:06 saveConfig: Updated Items
21:19:06 Saving storage file
21:19:06 Saved storage file successfully
21:19:07 saveConfig: Updated Items
21:19:07 Saving storage file
21:19:07 Saved storage file successfully
21:19:07 saveConfig: Updated Items
21:19:07 Saving storage file
21:19:07 Saved storage file successfully
21:19:08 saveConfig: Updated Items
21:19:08 Saving storage file
21:19:08 Saved storage file successfully
21:19:08 saveConfig: Updated Items
21:19:08 Saving storage file
21:19:08 Saved storage file successfully
21:19:09 saveConfig: Updated Items
21:19:09 Saving storage file
21:19:09 Saved storage file successfully
21:19:09 saveConfig: Updated Items
21:19:09 Saving storage file
21:19:09 Saved storage file successfully
21:19:10 saveConfig: Updated Items
21:19:10 Saving storage file
21:19:10 Saved storage file successfully
21:19:10 saveConfig: Updated Items
21:19:10 Saving storage file
21:19:10 Saved storage file successfully
21:19:11 saveConfig: Updated Items
21:19:11 Saving storage file
21:19:11 Saved storage file successfully
21:19:11 saveConfig: Updated Items
21:19:11 Saving storage file
21:19:11 Saved storage file successfully
21:19:12 saveConfig: Updated Items
21:19:12 Saving storage file
21:19:12 Saved storage file successfully
21:19:12 saveConfig: Updated Items
21:19:12 Saving storage file
21:19:12 Saved storage file successfully
21:19:13 saveConfig: Updated Items
21:19:13 Saving storage file
21:19:13 Saved storage file successfully
21:19:13 saveConfig: Updated Items
21:19:13 Saving storage file
21:19:13 Saved storage file successfully
21:19:14 saveConfig: Updated Items
21:19:14 Saving storage file
21:19:14 Saved storage file successfully
21:19:14 saveConfig: Updated Items
21:19:14 Saving storage file
21:19:14 Saved storage file successfully
21:19:15 saveConfig: Updated Items
21:19:15 Saving storage file
21:19:15 Saved storage file successfully
21:19:15 saveConfig: Updated Items
21:19:15 Saving storage file
21:19:15 Saved storage file successfully
21:19:16 saveConfig: Updated Items
21:19:16 Saving storage file
21:19:16 Saved storage file successfully
21:19:16 saveConfig: Updated Items
21:19:16 Saving storage file
21:19:16 Saved storage file successfully
21:19:17 saveConfig: Updated Items
21:19:17 Saving storage file
21:19:17 Saved storage file successfully
21:19:17 saveConfig: Updated Items
21:19:17 Saving storage file
21:19:17 Saved storage file successfully
21:19:19 saveConfig: Updated Items
21:19:19 Saving storage file
21:19:19 Saved storage file successfully
21:19:19 saveConfig: Updated Items
21:19:19 Saving storage file
21:19:19 Saved storage file successfully
21:19:20 saveConfig: Updated Items
21:19:20 Saving storage file
21:19:20 Saved storage file successfully
21:19:20 saveConfig: Updated Items
21:19:20 Saving storage file
21:19:20 Saved storage file successfully
21:19:21 saveConfig: Updated Items
21:19:21 Saving storage file
21:19:21 Saved storage file successfully
21:19:21 saveConfig: Updated Items
21:19:21 Saving storage file
21:19:21 Saved storage file successfully
21:19:22 saveConfig: Updated Items
21:19:22 Saving storage file
21:19:22 Saved storage file successfully
21:19:22 saveConfig: Updated Items
21:19:22 Saving storage file
21:19:22 Saved storage file successfully
21:19:23 saveConfig: Updated Items
21:19:23 Saving storage file
21:19:23 Saved storage file successfully
21:19:23 saveConfig: Updated Items
21:19:23 Saving storage file
21:19:23 Saved storage file successfully
21:19:24 saveConfig: Updated Items
21:19:24 Saving storage file
21:19:24 Saved storage file successfully
21:19:24 saveConfig: Updated Items
21:19:24 Saving storage file
21:19:24 Saved storage file successfully
21:19:25 saveConfig: Updated Items
21:19:25 Saving storage file
21:19:25 Saved storage file successfully
21:19:25 saveConfig: Updated Items
21:19:25 Saving storage file
21:19:25 Saved storage file successfully
21:19:26 saveConfig: Updated Items
21:19:26 Saving storage file
21:19:26 Saved storage file successfully
21:19:26 saveConfig: Updated Items
21:19:26 Saving storage file
21:19:26 Saved storage file successfully
21:19:27 saveConfig: Updated Items
21:19:27 Saving storage file
21:19:27 Saved storage file successfully
21:19:27 saveConfig: Updated Items
21:19:27 Saving storage file
21:19:27 Saved storage file successfully
21:19:28 saveConfig: Updated Items
21:19:28 Saving storage file
21:19:28 Saved storage file successfully
21:19:28 saveConfig: Updated Items
21:19:28 Saving storage file
21:19:28 Saved storage file successfully
21:19:29 saveConfig: Updated Items
21:19:29 Saving storage file
21:19:29 Saved storage file successfully
21:19:29 saveConfig: Updated Items
21:19:29 Saving storage file
21:19:29 Saved storage file successfully
21:19:30 saveConfig: Updated Items
21:19:30 Saving storage file
21:19:30 Saved storage file successfully
21:19:30 saveConfig: Updated Items
21:19:30 Saving storage file
21:19:30 Saved storage file successfully
21:19:31 saveConfig: Updated Items
21:19:31 Saving storage file
21:19:31 Saved storage file successfully
21:19:31 saveConfig: Updated Items
21:19:31 Saving storage file
21:19:31 Saved storage file successfully
21:19:32 saveConfig: Updated Items
21:19:32 Saving storage file
21:19:32 Saved storage file successfully
21:19:32 saveConfig: Updated Items
21:19:32 Saving storage file
21:19:32 Saved storage file successfully
21:19:33 saveConfig: Updated Items
21:19:33 Saving storage file
21:19:33 Saved storage file successfully
21:19:33 saveConfig: Updated Items
21:19:33 Saving storage file
21:19:33 Saved storage file successfully
21:19:34 saveConfig: Updated Items
21:19:34 Saving storage file
21:19:34 Saved storage file successfully
21:19:34 saveConfig: Updated Items
21:19:34 Saving storage file
21:19:34 Saved storage file successfully
21:19:35 saveConfig: Updated Items
21:19:35 Saving storage file
21:19:35 Saved storage file successfully
21:19:35 saveConfig: Updated Items
21:19:35 Saving storage file
21:19:35 Saved storage file successfully
21:19:36 saveConfig: Updated Items
21:19:36 Saving storage file
21:19:36 Saved storage file successfully
21:19:36 saveConfig: Updated Items
21:19:36 Saving storage file
21:19:36 Saved storage file successfully
21:19:37 saveConfig: Updated Items
21:19:37 Saving storage file
21:19:37 Saved storage file successfully
21:19:37 saveConfig: Updated Items
21:19:37 Saving storage file
21:19:37 Saved storage file successfully
21:19:38 saveConfig: Updated Items
21:19:38 Saving storage file
21:19:38 Saved storage file successfully
21:19:38 saveConfig: Updated Items
21:19:38 Saving storage file
21:19:38 Saved storage file successfully
21:19:39 saveConfig: Updated Items
21:19:39 Saving storage file
21:19:39 Saved storage file successfully
21:19:39 saveConfig: Updated Items
21:19:39 Saving storage file
21:19:39 Saved storage file successfully
21:19:40 saveConfig: Updated Items
21:19:40 Saving storage file
21:19:40 Saved storage file successfully
21:19:40 saveConfig: Updated Items
21:19:40 Saving storage file
21:19:40 Saved storage file successfully
21:19:41 saveConfig: Updated Items
21:19:41 Saving storage file
21:19:41 Saved storage file successfully
21:19:41 saveConfig: Updated Items
21:19:41 Saving storage file
21:19:41 Saved storage file successfully
21:20:05 saveConfig: auto-save-60s
21:20:05 Saving config file
21:20:05 Saved config file successfully
21:20:05 saveConfig: auto-save-60s
21:20:05 Saving config file
21:20:05 Saved config file successfully
21:20:10 saveConfig: saving-data
21:20:10 Saving sacks file
21:20:10 Saved sacks file successfully
21:20:10 saveConfig: saving-data
21:20:10 Saving sacks file
21:20:10 Saved sacks file successfully
21:20:23 saveConfig: Updated Items
21:20:23 Saving storage file
21:20:23 Saved storage file successfully
21:20:23 saveConfig: Updated Items
21:20:23 Saving storage file
21:20:23 Saved storage file successfully
21:20:25 saveConfig: saving-data
21:20:25 Saving pets file
21:20:25 Saved pets file successfully
21:20:25 saveConfig: saving-data
21:20:25 Saving pets file
21:20:25 Saved pets file successfully
21:20:52 saveConfig: Updated Items
21:20:52 Saving storage file
21:20:52 Saved storage file successfully
21:20:52 saveConfig: Updated Items
21:20:52 Saving storage file
21:20:52 Saved storage file successfully
21:20:53 saveConfig: Updated Items
21:20:53 Saving storage file
21:20:53 Saved storage file successfully
21:20:53 saveConfig: Updated Items
21:20:53 Saving storage file
21:20:53 Saved storage file successfully
21:20:54 saveConfig: Updated Items
21:20:54 Saving storage file
21:20:54 Saved storage file successfully
21:20:54 saveConfig: Updated Items
21:20:54 Saving storage file
21:20:54 Saved storage file successfully
21:20:56 saveConfig: saving-data
21:20:56 Saving pets file
21:20:56 Saved pets file successfully
21:20:56 saveConfig: saving-data
21:20:56 Saving pets file
21:20:56 Saved pets file successfully
21:21:05 saveConfig: auto-save-60s
21:21:05 Saving config file
21:21:05 Saved config file successfully
21:21:05 saveConfig: auto-save-60s
21:21:05 Saving config file
21:21:05 Saved config file successfully
21:21:24 saveConfig: saving-data
21:21:24 Saving sacks file
21:21:24 Saved sacks file successfully
21:21:24 saveConfig: saving-data
21:21:24 Saving sacks file
21:21:24 Saved sacks file successfully
21:21:56 saveConfig: saving-data
21:21:56 Saving pets file
21:21:56 Saved pets file successfully
21:21:56 saveConfig: saving-data
21:21:56 Saving pets file
21:21:56 Saved pets file successfully
21:21:58 saveConfig: Updated Items
21:21:58 Saving storage file
21:21:58 Saved storage file successfully
21:21:58 saveConfig: Updated Items
21:21:58 Saving storage file
21:21:58 Saved storage file successfully
21:22:03 saveConfig: Updated Items
21:22:03 Saving storage file
21:22:03 Saved storage file successfully
21:22:03 saveConfig: Updated Items
21:22:03 Saving storage file
21:22:03 Saved storage file successfully
21:22:05 saveConfig: auto-save-60s
21:22:05 Saving config file
21:22:05 Saved config file successfully
21:22:05 saveConfig: auto-save-60s
21:22:05 Saving config file
21:22:05 Saved config file successfully
21:22:27 saveConfig: saving-data
21:22:27 Saving pets file
21:22:27 Saved pets file successfully
21:22:27 saveConfig: saving-data
21:22:27 Saving pets file
21:22:27 Saved pets file successfully
21:22:37 saveConfig: Updated Items
21:22:37 Saving storage file
21:22:37 Saved storage file successfully
21:22:37 saveConfig: Updated Items
21:22:37 Saving storage file
21:22:37 Saved storage file successfully
21:22:44 saveConfig: Updated Items
21:22:44 Saving storage file
21:22:44 Saved storage file successfully
21:22:44 saveConfig: Updated Items
21:22:44 Saving storage file
21:22:44 Saved storage file successfully
21:23:05 saveConfig: auto-save-60s
21:23:05 Saving config file
21:23:05 Saved config file successfully
21:23:05 saveConfig: auto-save-60s
21:23:05 Saving config file
21:23:05 Saved config file successfully
21:23:46 saveConfig: saving-data
21:23:46 Saving sacks file
21:23:47 Saved sacks file successfully
21:23:47 saveConfig: saving-data
21:23:47 Saving sacks file
21:23:47 Saved sacks file successfully
21:23:50 saveConfig: Updated Items
21:23:50 Saving storage file
21:23:50 Saved storage file successfully
21:23:50 saveConfig: Updated Items
21:23:50 Saving storage file
21:23:50 Saved storage file successfully
21:23:56 saveConfig: saving-data
21:23:56 Saving pets file
21:23:56 Saved pets file successfully
21:23:56 saveConfig: saving-data
21:23:56 Saving pets file
21:23:56 Saved pets file successfully
21:24:02 saveConfig: Updated Items
21:24:02 Saving storage file
21:24:02 Saved storage file successfully
21:24:02 saveConfig: Updated Items
21:24:02 Saving storage file
21:24:02 Saved storage file successfully
21:24:05 saveConfig: auto-save-60s
21:24:05 Saving config file
21:24:05 Saved config file successfully
21:24:05 saveConfig: auto-save-60s
21:24:05 Saving config file
21:24:05 Saved config file successfully
21:24:05 saveConfig: Updated Items
21:24:05 Saving storage file
21:24:05 Saved storage file successfully
21:24:05 saveConfig: Updated Items
21:24:05 Saving storage file
21:24:05 Saved storage file successfully
21:24:13 saveConfig: Updated Items
21:24:13 Saving storage file
21:24:13 Saved storage file successfully
21:24:13 saveConfig: Updated Items
21:24:13 Saving storage file
21:24:13 Saved storage file successfully
21:24:27 saveConfig: saving-data
21:24:27 Saving pets file
21:24:27 Saved pets file successfully
21:24:27 saveConfig: saving-data
21:24:27 Saving pets file
21:24:27 Saved pets file successfully
21:25:05 saveConfig: auto-save-60s
21:25:05 Saving config file
21:25:05 Saved config file successfully
21:25:05 saveConfig: auto-save-60s
21:25:05 Saving config file
21:25:05 Saved config file successfully
21:25:10 saveConfig: saving-data
21:25:10 Saving sacks file
21:25:10 Saved sacks file successfully
21:25:10 saveConfig: saving-data
21:25:10 Saving sacks file
21:25:10 Saved sacks file successfully
21:25:37 saveConfig: Updated Items
21:25:37 Saving storage file
21:25:37 Saved storage file successfully
21:25:37 saveConfig: Updated Items
21:25:37 Saving storage file
21:25:37 Saved storage file successfully
21:25:40 saveConfig: saving-data
21:25:40 Saving sacks file
21:25:40 Saved sacks file successfully
21:25:40 saveConfig: saving-data
21:25:40 Saving sacks file
21:25:40 Saved sacks file successfully
21:25:40 saveConfig: Updated Items
21:25:40 Saving storage file
21:25:40 Saved storage file successfully
21:25:40 saveConfig: Updated Items
21:25:40 Saving storage file
21:25:40 Saved storage file successfully
21:25:42 saveConfig: Updated Items
21:25:42 Saving storage file
21:25:42 Saved storage file successfully
21:25:42 saveConfig: Updated Items
21:25:42 Saving storage file
21:25:42 Saved storage file successfully
21:25:43 saveConfig: saving-data
21:25:43 Saving sacks file
21:25:43 Saved sacks file successfully
21:25:43 saveConfig: saving-data
21:25:43 Saving sacks file
21:25:43 Saved sacks file successfully
21:25:43 saveConfig: Updated Items
21:25:43 Saving storage file
21:25:43 Saved storage file successfully
21:25:43 saveConfig: Updated Items
21:25:43 Saving storage file
21:25:43 Saved storage file successfully
21:25:48 saveConfig: Updated Items
21:25:48 Saving storage file
21:25:48 Saved storage file successfully
21:25:48 saveConfig: Updated Items
21:25:48 Saving storage file
21:25:48 Saved storage file successfully
21:25:48 saveConfig: saving-data
21:25:48 Saving pets file
21:25:48 Saved pets file successfully
21:25:48 saveConfig: saving-data
21:25:48 Saving pets file
21:25:48 Saved pets file successfully
21:26:05 saveConfig: auto-save-60s
21:26:05 Saving config file
21:26:05 Saved config file successfully
21:26:05 saveConfig: auto-save-60s
21:26:05 Saving config file
21:26:05 Saved config file successfully
21:26:15 saveConfig: saving-data
21:26:15 Saving sacks file
21:26:15 Saved sacks file successfully
21:26:15 saveConfig: saving-data
21:26:15 Saving sacks file
21:26:15 Saved sacks file successfully
21:26:19 saveConfig: saving-data
21:26:19 Saving pets file
21:26:19 Saved pets file successfully
21:26:19 saveConfig: saving-data
21:26:19 Saving pets file
21:26:19 Saved pets file successfully
21:26:23 saveConfig: saving-data
21:26:23 Saving sacks file
21:26:23 Saved sacks file successfully
21:26:23 saveConfig: saving-data
21:26:23 Saving sacks file
21:26:23 Saved sacks file successfully
21:26:35 saveConfig: saving-data
21:26:35 Saving sacks file
21:26:35 Saved sacks file successfully
21:26:35 saveConfig: saving-data
21:26:35 Saving sacks file
21:26:35 Saved sacks file successfully
21:26:45 saveConfig: saving-data
21:26:45 Saving sacks file
21:26:45 Saved sacks file successfully
21:26:45 saveConfig: saving-data
21:26:45 Saving sacks file
21:26:45 Saved sacks file successfully
21:26:47 saveConfig: Updated Items
21:26:47 Saving storage file
21:26:47 Saved storage file successfully
21:26:47 saveConfig: Updated Items
21:26:47 Saving storage file
21:26:47 Saved storage file successfully
21:26:50 saveConfig: saving-data
21:26:50 Saving pets file
21:26:50 Saved pets file successfully
21:26:50 saveConfig: saving-data
21:26:50 Saving pets file
21:26:50 Saved pets file successfully
21:26:51 saveConfig: saving-data
21:26:51 Saving sacks file
21:26:51 Saved sacks file successfully
21:26:51 saveConfig: saving-data
21:26:51 Saving sacks file
21:26:51 Saved sacks file successfully
21:27:05 saveConfig: auto-save-60s
21:27:05 Saving config file
21:27:05 Saved config file successfully
21:27:05 saveConfig: auto-save-60s
21:27:05 Saving config file
21:27:05 Saved config file successfully
21:27:08 saveConfig: Updated Items
21:27:08 Saving storage file
21:27:08 Saved storage file successfully
21:27:08 saveConfig: Updated Items
21:27:08 Saving storage file
21:27:08 Saved storage file successfully
21:27:09 saveConfig: Updated Items
21:27:09 Saving storage file
21:27:09 Saved storage file successfully
21:27:09 saveConfig: Updated Items
21:27:09 Saving storage file
21:27:09 Saved storage file successfully
21:27:11 saveConfig: Updated Items
21:27:11 Saving storage file
21:27:11 Saved storage file successfully
21:27:11 saveConfig: Updated Items
21:27:11 Saving storage file
21:27:11 Saved storage file successfully
21:28:05 saveConfig: auto-save-60s
21:28:05 Saving config file
21:28:05 Saved config file successfully
21:28:05 saveConfig: auto-save-60s
21:28:05 Saving config file
21:28:05 Saved config file successfully
21:29:05 saveConfig: auto-save-60s
21:29:05 Saving config file
21:29:05 Saved config file successfully
21:29:05 saveConfig: auto-save-60s
21:29:05 Saving config file
21:29:05 Saved config file successfully
21:29:18 saveConfig: Updated Items
21:29:18 Saving storage file
21:29:18 Saved storage file successfully
21:29:18 saveConfig: Updated Items
21:29:18 Saving storage file
21:29:18 Saved storage file successfully
21:29:22 saveConfig: Updated Items
21:29:22 Saving storage file
21:29:22 Saved storage file successfully
21:29:22 saveConfig: Updated Items
21:29:22 Saving storage file
21:29:22 Saved storage file successfully
21:29:25 saveConfig: Updated Items
21:29:25 Saving storage file
21:29:25 Saved storage file successfully
21:29:25 saveConfig: Updated Items
21:29:25 Saving storage file
21:29:25 Saved storage file successfully
21:30:05 saveConfig: auto-save-60s
21:30:05 Saving config file
21:30:05 Saved config file successfully
21:30:05 saveConfig: auto-save-60s
21:30:05 Saving config file
21:30:05 Saved config file successfully
21:31:05 saveConfig: auto-save-60s
21:31:05 Saving config file
21:31:05 Saved config file successfully
21:31:05 saveConfig: auto-save-60s
21:31:05 Saving config file
21:31:05 Saved config file successfully
21:31:33 saveConfig: Updated Items
21:31:33 Saving storage file
21:31:33 Saved storage file successfully
21:31:33 saveConfig: Updated Items
21:31:33 Saving storage file
21:31:33 Saved storage file successfully
21:32:05 saveConfig: auto-save-60s
21:32:05 Saving config file
21:32:05 Saved config file successfully
21:32:05 saveConfig: auto-save-60s
21:32:05 Saving config file
21:32:05 Saved config file successfully
21:33:05 saveConfig: auto-save-60s
21:33:05 Saving config file
21:33:05 Saved config file successfully
21:33:05 saveConfig: auto-save-60s
21:33:05 Saving config file
21:33:05 Saved config file successfully
21:34:05 saveConfig: auto-save-60s
21:34:05 Saving config file
21:34:05 Saved config file successfully
21:34:05 saveConfig: auto-save-60s
21:34:05 Saving config file
21:34:05 Saved config file successfully
21:35:05 saveConfig: auto-save-60s
21:35:05 Saving config file
21:35:05 Saved config file successfully
21:35:05 saveConfig: auto-save-60s
21:35:05 Saving config file
21:35:05 Saved config file successfully
21:35:44 saveConfig: saving-data
21:35:44 Saving pets file
21:35:44 Saved pets file successfully
21:35:44 saveConfig: saving-data
21:35:44 Saving pets file
21:35:44 Saved pets file successfully
21:35:59 saveConfig: Updated Items
21:35:59 Saving storage file
21:35:59 Saved storage file successfully
21:35:59 saveConfig: Updated Items
21:35:59 Saving storage file
21:35:59 Saved storage file successfully
21:36:01 saveConfig: Updated Items
21:36:01 Saving storage file
21:36:01 Saved storage file successfully
21:36:01 saveConfig: Updated Items
21:36:01 Saving storage file
21:36:01 Saved storage file successfully
21:36:05 saveConfig: auto-save-60s
21:36:05 Saving config file
21:36:05 Saved config file successfully
21:36:05 saveConfig: auto-save-60s
21:36:05 Saving config file
21:36:05 Saved config file successfully
21:36:14 saveConfig: saving-data
21:36:14 Saving pets file
21:36:14 Saved pets file successfully
21:36:14 saveConfig: saving-data
21:36:14 Saving pets file
21:36:14 Saved pets file successfully
21:36:39 saveConfig: Updated Items
21:36:39 Saving storage file
21:36:39 Saved storage file successfully
21:36:39 saveConfig: Updated Items
21:36:39 Saving storage file
21:36:39 Saved storage file successfully
21:36:40 saveConfig: Updated Items
21:36:40 Saving storage file
21:36:40 Saved storage file successfully
21:36:40 saveConfig: Updated Items
21:36:40 Saving storage file
21:36:40 Saved storage file successfully
21:36:42 saveConfig: Updated Items
21:36:42 Saving storage file
21:36:42 Saved storage file successfully
21:36:42 saveConfig: Updated Items
21:36:42 Saving storage file
21:36:42 Saved storage file successfully
21:36:43 saveConfig: Updated Items
21:36:43 Saving storage file
21:36:43 Saved storage file successfully
21:36:43 saveConfig: Updated Items
21:36:43 Saving storage file
21:36:43 Saved storage file successfully
21:36:46 saveConfig: Updated Items
21:36:46 Saving storage file
21:36:46 Saved storage file successfully
21:36:46 saveConfig: Updated Items
21:36:46 Saving storage file
21:36:46 Saved storage file successfully
21:36:48 saveConfig: Updated Items
21:36:48 Saving storage file
21:36:48 Saved storage file successfully
21:36:48 saveConfig: Updated Items
21:36:48 Saving storage file
21:36:48 Saved storage file successfully
21:37:01 saveConfig: Updated Items
21:37:01 Saving storage file
21:37:01 Saved storage file successfully
21:37:01 saveConfig: Updated Items
21:37:01 Saving storage file
21:37:01 Saved storage file successfully
21:37:02 saveConfig: Updated Items
21:37:02 Saving storage file
21:37:02 Saved storage file successfully
21:37:02 saveConfig: Updated Items
21:37:02 Saving storage file
21:37:02 Saved storage file successfully
21:37:05 saveConfig: auto-save-60s
21:37:05 Saving config file
21:37:05 Saved config file successfully
21:37:05 saveConfig: auto-save-60s
21:37:05 Saving config file
21:37:05 Saved config file successfully
21:37:10 saveConfig: Updated Items
21:37:10 Saving storage file
21:37:10 Saved storage file successfully
21:37:10 saveConfig: Updated Items
21:37:10 Saving storage file
21:37:10 Saved storage file successfully
21:37:11 saveConfig: Updated Items
21:37:11 Saving storage file
21:37:11 Saved storage file successfully
21:37:11 saveConfig: Updated Items
21:37:11 Saving storage file
21:37:11 Saved storage file successfully
21:37:12 saveConfig: Updated Items
21:37:12 Saving storage file
21:37:12 Saved storage file successfully
21:37:12 saveConfig: Updated Items
21:37:12 Saving storage file
21:37:12 Saved storage file successfully
21:37:20 saveConfig: Updated Items
21:37:20 Saving storage file
21:37:20 Saved storage file successfully
21:37:20 saveConfig: Updated Items
21:37:20 Saving storage file
21:37:20 Saved storage file successfully
21:37:21 saveConfig: Updated Items
21:37:21 Saving storage file
21:37:21 Saved storage file successfully
21:37:21 saveConfig: Updated Items
21:37:21 Saving storage file
21:37:21 Saved storage file successfully
21:37:22 saveConfig: Updated Items
21:37:22 Saving storage file
21:37:22 Saved storage file successfully
21:37:22 saveConfig: Updated Items
21:37:22 Saving storage file
21:37:22 Saved storage file successfully
21:37:24 saveConfig: Updated Items
21:37:24 Saving storage file
21:37:24 Saved storage file successfully
21:37:24 saveConfig: Updated Items
21:37:24 Saving storage file
21:37:24 Saved storage file successfully
21:37:25 saveConfig: Updated Items
21:37:25 Saving storage file
21:37:25 Saved storage file successfully
21:37:25 saveConfig: Updated Items
21:37:25 Saving storage file
21:37:25 Saved storage file successfully
21:37:28 saveConfig: Updated Items
21:37:28 Saving storage file
21:37:28 Saved storage file successfully
21:37:28 saveConfig: Updated Items
21:37:28 Saving storage file
21:37:28 Saved storage file successfully
21:37:30 saveConfig: Updated Items
21:37:30 Saving storage file
21:37:30 Saved storage file successfully
21:37:30 saveConfig: Updated Items
21:37:30 Saving storage file
21:37:30 Saved storage file successfully
21:37:31 saveConfig: Updated Items
21:37:31 Saving storage file
21:37:31 Saved storage file successfully
21:37:31 saveConfig: Updated Items
21:37:31 Saving storage file
21:37:31 Saved storage file successfully
21:37:37 saveConfig: saving-data
21:37:37 Saving pets file
21:37:37 Saved pets file successfully
21:37:37 saveConfig: saving-data
21:37:37 Saving pets file
21:37:37 Saved pets file successfully
21:37:44 saveConfig: Updated Items
21:37:44 Saving storage file
21:37:44 Saved storage file successfully
21:37:44 saveConfig: Updated Items
21:37:44 Saving storage file
21:37:44 Saved storage file successfully
21:37:48 saveConfig: Updated Items
21:37:48 Saving storage file
21:37:48 Saved storage file successfully
21:37:48 saveConfig: Updated Items
21:37:48 Saving storage file
21:37:48 Saved storage file successfully
21:37:53 saveConfig: Updated Items
21:37:53 Saving storage file
21:37:53 Saved storage file successfully
21:37:53 saveConfig: Updated Items
21:37:53 Saving storage file
21:37:53 Saved storage file successfully
21:38:05 saveConfig: auto-save-60s
21:38:05 Saving config file
21:38:05 Saved config file successfully
21:38:05 saveConfig: auto-save-60s
21:38:05 Saving config file
21:38:05 Saved config file successfully
21:38:08 saveConfig: saving-data
21:38:08 Saving pets file
21:38:08 Saved pets file successfully
21:38:08 saveConfig: saving-data
21:38:08 Saving pets file
21:38:08 Saved pets file successfully
21:38:22 saveConfig: saving-data
21:38:22 Saving sacks file
21:38:22 Saved sacks file successfully
21:38:22 saveConfig: saving-data
21:38:22 Saving sacks file
21:38:22 Saved sacks file successfully
21:38:38 saveConfig: saving-data
21:38:38 Saving sacks file
21:38:38 Saved sacks file successfully
21:38:38 saveConfig: saving-data
21:38:38 Saving sacks file
21:38:38 Saved sacks file successfully
21:38:39 saveConfig: saving-data
21:38:39 Saving pets file
21:38:39 Saved pets file successfully
21:38:39 saveConfig: saving-data
21:38:39 Saving pets file
21:38:39 Saved pets file successfully
21:38:50 saveConfig: saving-data
21:38:50 Saving sacks file
21:38:50 Saved sacks file successfully
21:38:50 saveConfig: saving-data
21:38:50 Saving sacks file
21:38:50 Saved sacks file successfully
21:39:05 saveConfig: auto-save-60s
21:39:05 Saving config file
21:39:05 Saved config file successfully
21:39:05 saveConfig: auto-save-60s
21:39:05 Saving config file
21:39:05 Saved config file successfully
21:39:10 saveConfig: saving-data
21:39:10 Saving pets file
21:39:10 Saved pets file successfully
21:39:10 saveConfig: saving-data
21:39:10 Saving pets file
21:39:10 Saved pets file successfully
21:39:34 saveConfig: Updated Items
21:39:34 Saving storage file
21:39:34 Saved storage file successfully
21:39:34 saveConfig: Updated Items
21:39:34 Saving storage file
21:39:34 Saved storage file successfully
21:39:35 saveConfig: saving-data
21:39:35 Saving sacks file
21:39:35 Saved sacks file successfully
21:39:35 saveConfig: saving-data
21:39:35 Saving sacks file
21:39:35 Saved sacks file successfully
21:39:41 saveConfig: saving-data
21:39:41 Saving pets file
21:39:41 Saved pets file successfully
21:39:41 saveConfig: saving-data
21:39:41 Saving pets file
21:39:41 Saved pets file successfully
21:40:05 saveConfig: auto-save-60s
21:40:05 Saving config file
21:40:05 Saved config file successfully
21:40:05 saveConfig: auto-save-60s
21:40:05 Saving config file
21:40:05 Saved config file successfully
21:40:11 saveConfig: saving-data
21:40:11 Saving sacks file
21:40:11 Saved sacks file successfully
21:40:11 saveConfig: saving-data
21:40:11 Saving sacks file
21:40:11 Saved sacks file successfully
21:40:12 saveConfig: saving-data
21:40:12 Saving pets file
21:40:12 Saved pets file successfully
21:40:12 saveConfig: saving-data
21:40:12 Saving pets file
21:40:12 Saved pets file successfully
21:40:21 saveConfig: saving-data
21:40:21 Saving sacks file
21:40:21 Saved sacks file successfully
21:40:21 saveConfig: saving-data
21:40:21 Saving sacks file
21:40:21 Saved sacks file successfully
21:40:34 saveConfig: saving-data
21:40:34 Saving sacks file
21:40:34 Saved sacks file successfully
21:40:34 saveConfig: saving-data
21:40:34 Saving sacks file
21:40:34 Saved sacks file successfully
21:40:43 saveConfig: saving-data
21:40:43 Saving pets file
21:40:43 Saved pets file successfully
21:40:43 saveConfig: saving-data
21:40:43 Saving pets file
21:40:43 Saved pets file successfully
21:40:45 saveConfig: saving-data
21:40:45 Saving sacks file
21:40:45 Saved sacks file successfully
21:40:45 saveConfig: saving-data
21:40:45 Saving sacks file
21:40:45 Saved sacks file successfully
21:40:57 saveConfig: Updated Items
21:40:57 Saving storage file
21:40:57 Saved storage file successfully
21:40:57 saveConfig: Updated Items
21:40:57 Saving storage file
21:40:57 Saved storage file successfully
21:40:58 saveConfig: Updated Items
21:40:58 Saving storage file
21:40:58 Saved storage file successfully
21:40:58 saveConfig: Updated Items
21:40:58 Saving storage file
21:40:58 Saved storage file successfully
21:41:05 saveConfig: auto-save-60s
21:41:05 Saving config file
21:41:05 Saved config file successfully
21:41:05 saveConfig: auto-save-60s
21:41:05 Saving config file
21:41:05 Saved config file successfully
21:41:14 saveConfig: saving-data
21:41:14 Saving pets file
21:41:14 Saved pets file successfully
21:41:14 saveConfig: saving-data
21:41:14 Saving pets file
21:41:14 Saved pets file successfully
21:41:34 saveConfig: saving-data
21:41:34 Saving sacks file
21:41:34 Saved sacks file successfully
21:41:34 saveConfig: saving-data
21:41:34 Saving sacks file
21:41:34 Saved sacks file successfully
21:41:45 saveConfig: saving-data
21:41:45 Saving pets file
21:41:45 Saved pets file successfully
21:41:45 saveConfig: saving-data
21:41:45 Saving pets file
21:41:45 Saved pets file successfully
21:42:05 saveConfig: auto-save-60s
21:42:05 Saving config file
21:42:05 Saved config file successfully
21:42:05 saveConfig: auto-save-60s
21:42:05 Saving config file
21:42:05 Saved config file successfully
21:43:05 saveConfig: auto-save-60s
21:43:05 Saving config file
21:43:05 Saved config file successfully
21:43:05 saveConfig: auto-save-60s
21:43:05 Saving config file
21:43:05 Saved config file successfully
21:44:05 saveConfig: auto-save-60s
21:44:05 Saving config file
21:44:05 Saved config file successfully
21:44:05 saveConfig: auto-save-60s
21:44:05 Saving config file
21:44:05 Saved config file successfully
21:44:32 saveConfig: saving-data
21:44:32 Saving pets file
21:44:32 Saved pets file successfully
21:44:32 saveConfig: saving-data
21:44:32 Saving pets file
21:44:32 Saved pets file successfully
21:44:37 saveConfig: Updated Items
21:44:37 Saving storage file
21:44:37 Saved storage file successfully
21:44:37 saveConfig: Updated Items
21:44:37 Saving storage file
21:44:37 Saved storage file successfully
21:44:51 saveConfig: Updated Items
21:44:51 Saving storage file
21:44:51 Saved storage file successfully
21:44:51 saveConfig: Updated Items
21:44:51 Saving storage file
21:44:51 Saved storage file successfully
21:44:56 saveConfig: Updated Items
21:44:56 Saving storage file
21:44:56 Saved storage file successfully
21:44:56 saveConfig: Updated Items
21:44:56 Saving storage file
21:44:56 Saved storage file successfully
21:44:57 saveConfig: Updated Items
21:44:57 Saving storage file
21:44:57 Saved storage file successfully
21:44:57 saveConfig: Updated Items
21:44:57 Saving storage file
21:44:57 Saved storage file successfully
21:45:01 saveConfig: Updated Items
21:45:01 Saving storage file
21:45:01 Saved storage file successfully
21:45:01 saveConfig: Updated Items
21:45:01 Saving storage file
21:45:01 Saved storage file successfully
21:45:02 saveConfig: Updated Items
21:45:02 Saving storage file
21:45:02 Saved storage file successfully
21:45:02 saveConfig: Updated Items
21:45:02 Saving storage file
21:45:02 Saved storage file successfully
21:45:03 saveConfig: Updated Items
21:45:03 Saving storage file
21:45:03 Saved storage file successfully
21:45:03 saveConfig: Updated Items
21:45:03 Saving storage file
21:45:03 Saved storage file successfully
21:45:05 saveConfig: auto-save-60s
21:45:05 Saving config file
21:45:05 Saved config file successfully
21:45:05 saveConfig: auto-save-60s
21:45:05 Saving config file
21:45:05 Saved config file successfully
21:45:18 saveConfig: saving-data
21:45:18 Saving sacks file
21:45:18 Saved sacks file successfully
21:45:18 saveConfig: saving-data
21:45:18 Saving sacks file
21:45:18 Saved sacks file successfully
21:45:18 saveConfig: Updated Items
21:45:18 Saving storage file
21:45:18 Saved storage file successfully
21:45:18 saveConfig: Updated Items
21:45:18 Saving storage file
21:45:18 Saved storage file successfully
21:45:19 saveConfig: Updated Items
21:45:19 Saving storage file
21:45:19 Saved storage file successfully
21:45:19 saveConfig: Updated Items
21:45:19 Saving storage file
21:45:19 Saved storage file successfully
21:45:20 saveConfig: Updated Items
21:45:20 Saving storage file
21:45:20 Saved storage file successfully
21:45:20 saveConfig: Updated Items
21:45:20 Saving storage file
21:45:20 Saved storage file successfully
21:45:21 saveConfig: Updated Items
21:45:21 Saving storage file
21:45:21 Saved storage file successfully
21:45:21 saveConfig: Updated Items
21:45:21 Saving storage file
21:45:21 Saved storage file successfully
21:45:26 saveConfig: saving-data
21:45:26 Saving sacks file
21:45:26 Saved sacks file successfully
21:45:26 saveConfig: saving-data
21:45:26 Saving sacks file
21:45:26 Saved sacks file successfully
21:45:35 saveConfig: saving-data
21:45:35 Saving pets file
21:45:35 Saved pets file successfully
21:45:35 saveConfig: saving-data
21:45:35 Saving pets file
21:45:35 Saved pets file successfully
21:45:39 saveConfig: saving-data
21:45:39 Saving sacks file
21:45:39 Saved sacks file successfully
21:45:39 saveConfig: saving-data
21:45:39 Saving sacks file
21:45:39 Saved sacks file successfully
21:45:47 saveConfig: saving-data
21:45:47 Saving sacks file
21:45:47 Saved sacks file successfully
21:45:47 saveConfig: saving-data
21:45:47 Saving sacks file
21:45:47 Saved sacks file successfully
21:45:57 saveConfig: saving-data
21:45:57 Saving sacks file
21:45:57 Saved sacks file successfully
21:45:57 saveConfig: saving-data
21:45:57 Saving sacks file
21:45:57 Saved sacks file successfully
21:46:05 saveConfig: auto-save-60s
21:46:05 Saving config file
21:46:05 Saved config file successfully
21:46:05 saveConfig: auto-save-60s
21:46:05 Saving config file
21:46:05 Saved config file successfully
21:46:06 saveConfig: saving-data
21:46:06 Saving pets file
21:46:06 Saved pets file successfully
21:46:06 saveConfig: saving-data
21:46:06 Saving pets file
21:46:06 Saved pets file successfully
21:46:09 saveConfig: saving-data
21:46:09 Saving sacks file
21:46:09 Saved sacks file successfully
21:46:09 saveConfig: saving-data
21:46:09 Saving sacks file
21:46:09 Saved sacks file successfully
21:46:17 saveConfig: saving-data
21:46:17 Saving sacks file
21:46:17 Saved sacks file successfully
21:46:17 saveConfig: saving-data
21:46:17 Saving sacks file
21:46:17 Saved sacks file successfully
21:46:37 saveConfig: saving-data
21:46:37 Saving pets file
21:46:37 Saved pets file successfully
21:46:37 saveConfig: saving-data
21:46:37 Saving pets file
21:46:37 Saved pets file successfully
21:46:38 saveConfig: saving-data
21:46:38 Saving sacks file
21:46:38 Saved sacks file successfully
21:46:38 saveConfig: saving-data
21:46:38 Saving sacks file
21:46:38 Saved sacks file successfully
21:46:58 saveConfig: saving-data
21:46:58 Saving sacks file
21:46:58 Saved sacks file successfully
21:46:58 saveConfig: saving-data
21:46:58 Saving sacks file
21:46:58 Saved sacks file successfully
21:47:05 saveConfig: auto-save-60s
21:47:05 Saving config file
21:47:05 Saved config file successfully
21:47:05 saveConfig: auto-save-60s
21:47:05 Saving config file
21:47:05 Saved config file successfully
21:47:08 saveConfig: saving-data
21:47:08 Saving pets file
21:47:08 Saved pets file successfully
21:47:08 saveConfig: saving-data
21:47:08 Saving pets file
21:47:08 Saved pets file successfully
21:47:09 saveConfig: saving-data
21:47:09 Saving sacks file
21:47:09 Saved sacks file successfully
21:47:09 saveConfig: saving-data
21:47:09 Saving sacks file
21:47:09 Saved sacks file successfully
21:47:34 saveConfig: Updated Items
21:47:34 Saving storage file
21:47:34 Saved storage file successfully
21:47:34 saveConfig: Updated Items
21:47:34 Saving storage file
21:47:34 Saved storage file successfully
21:47:35 saveConfig: saving-data
21:47:35 Saving sacks file
21:47:35 Saved sacks file successfully
21:47:35 saveConfig: saving-data
21:47:35 Saving sacks file
21:47:35 Saved sacks file successfully
21:47:39 saveConfig: saving-data
21:47:39 Saving pets file
21:47:39 Saved pets file successfully
21:47:39 saveConfig: saving-data
21:47:39 Saving pets file
21:47:39 Saved pets file successfully
21:47:40 saveConfig: Updated Items
21:47:40 Saving storage file
21:47:40 Saved storage file successfully
21:47:40 saveConfig: Updated Items
21:47:40 Saving storage file
21:47:40 Saved storage file successfully
21:47:42 saveConfig: Updated Items
21:47:42 Saving storage file
21:47:42 Saved storage file successfully
21:47:42 saveConfig: Updated Items
21:47:42 Saving storage file
21:47:42 Saved storage file successfully
21:47:48 saveConfig: Updated Items
21:47:48 Saving storage file
21:47:48 Saved storage file successfully
21:47:48 saveConfig: Updated Items
21:47:48 Saving storage file
21:47:48 Saved storage file successfully
21:47:49 saveConfig: Updated Items
21:47:49 Saving storage file
21:47:49 Saved storage file successfully
21:47:49 saveConfig: Updated Items
21:47:49 Saving storage file
21:47:49 Saved storage file successfully
21:47:50 saveConfig: Updated Items
21:47:50 Saving storage file
21:47:50 Saved storage file successfully
21:47:50 saveConfig: Updated Items
21:47:50 Saving storage file
21:47:50 Saved storage file successfully
21:47:51 saveConfig: Updated Items
21:47:51 Saving storage file
21:47:51 Saved storage file successfully
21:47:51 saveConfig: Updated Items
21:47:51 Saving storage file
21:47:51 Saved storage file successfully
21:48:05 saveConfig: auto-save-60s
21:48:05 Saving config file
21:48:05 Saved config file successfully
21:48:05 saveConfig: auto-save-60s
21:48:05 Saving config file
21:48:05 Saved config file successfully
21:48:13 saveConfig: Updated Items
21:48:13 Saving storage file
21:48:13 Saved storage file successfully
21:48:13 saveConfig: Updated Items
21:48:13 Saving storage file
21:48:13 Saved storage file successfully
21:49:05 saveConfig: auto-save-60s
21:49:05 Saving config file
21:49:05 Saved config file successfully
21:49:05 saveConfig: auto-save-60s
21:49:05 Saving config file
21:49:05 Saved config file successfully
21:50:05 saveConfig: auto-save-60s
21:50:05 Saving config file
21:50:05 Saved config file successfully
21:50:05 saveConfig: auto-save-60s
21:50:05 Saving config file
21:50:05 Saved config file successfully
21:51:05 saveConfig: auto-save-60s
21:51:05 Saving config file
21:51:05 Saved config file successfully
21:51:05 saveConfig: auto-save-60s
21:51:05 Saving config file
21:51:05 Saved config file successfully
21:52:05 saveConfig: auto-save-60s
21:52:05 Saving config file
21:52:05 Saved config file successfully
21:52:05 saveConfig: auto-save-60s
21:52:05 Saving config file
21:52:05 Saved config file successfully
21:52:40 saveConfig: Updated Items
21:52:40 Saving storage file
21:52:40 Saved storage file successfully
21:52:40 saveConfig: Updated Items
21:52:40 Saving storage file
21:52:40 Saved storage file successfully
21:52:41 saveConfig: Updated Items
21:52:41 Saving storage file
21:52:41 Saved storage file successfully
21:52:41 saveConfig: Updated Items
21:52:41 Saving storage file
21:52:41 Saved storage file successfully
21:53:04 saveConfig: Updated Items
21:53:04 Saving storage file
21:53:04 Saved storage file successfully
21:53:04 saveConfig: Updated Items
21:53:04 Saving storage file
21:53:04 Saved storage file successfully
21:53:05 saveConfig: auto-save-60s
21:53:05 Saving config file
21:53:05 Saved config file successfully
21:53:05 saveConfig: auto-save-60s
21:53:05 Saving config file
21:53:05 Saved config file successfully
21:53:17 saveConfig: Updated Items
21:53:17 Saving storage file
21:53:17 Saved storage file successfully
21:53:17 saveConfig: Updated Items
21:53:17 Saving storage file
21:53:17 Saved storage file successfully
21:53:18 saveConfig: Updated Items
21:53:18 Saving storage file
21:53:18 Saved storage file successfully
21:53:18 saveConfig: Updated Items
21:53:18 Saving storage file
21:53:18 Saved storage file successfully
21:53:50 saveConfig: saving-data
21:53:50 Saving pets file
21:53:50 Saved pets file successfully
21:53:50 saveConfig: saving-data
21:53:50 Saving pets file
21:53:50 Saved pets file successfully
21:53:54 saveConfig: saving-data
21:53:54 Saving sacks file
21:53:54 Saved sacks file successfully
21:53:54 saveConfig: saving-data
21:53:54 Saving sacks file
21:53:54 Saved sacks file successfully
21:54:03 saveConfig: saving-data
21:54:03 Saving sacks file
21:54:03 Saved sacks file successfully
21:54:03 saveConfig: saving-data
21:54:03 Saving sacks file
21:54:03 Saved sacks file successfully
21:54:05 saveConfig: auto-save-60s
21:54:05 Saving config file
21:54:05 Saved config file successfully
21:54:05 saveConfig: auto-save-60s
21:54:05 Saving config file
21:54:05 Saved config file successfully
21:54:12 saveConfig: saving-data
21:54:12 Saving sacks file
21:54:12 Saved sacks file successfully
21:54:12 saveConfig: saving-data
21:54:12 Saving sacks file
21:54:12 Saved sacks file successfully
21:54:21 saveConfig: saving-data
21:54:21 Saving pets file
21:54:21 Saved pets file successfully
21:54:21 saveConfig: saving-data
21:54:21 Saving pets file
21:54:21 Saved pets file successfully
21:54:27 saveConfig: saving-data
21:54:27 Saving sacks file
21:54:27 Saved sacks file successfully
21:54:27 saveConfig: saving-data
21:54:27 Saving sacks file
21:54:27 Saved sacks file successfully
21:54:38 saveConfig: saving-data
21:54:38 Saving sacks file
21:54:38 Saved sacks file successfully
21:54:38 saveConfig: saving-data
21:54:38 Saving sacks file
21:54:38 Saved sacks file successfully
21:54:52 saveConfig: saving-data
21:54:52 Saving pets file
21:54:52 Saved pets file successfully
21:54:52 saveConfig: saving-data
21:54:52 Saving pets file
21:54:52 Saved pets file successfully
21:55:02 saveConfig: saving-data
21:55:02 Saving sacks file
21:55:02 Saved sacks file successfully
21:55:02 saveConfig: saving-data
21:55:02 Saving sacks file
21:55:02 Saved sacks file successfully
21:55:04 saveConfig: Updated Items
21:55:04 Saving storage file
21:55:04 Saved storage file successfully
21:55:04 saveConfig: Updated Items
21:55:04 Saving storage file
21:55:04 Saved storage file successfully
21:55:05 saveConfig: auto-save-60s
21:55:05 Saving config file
21:55:05 Saved config file successfully
21:55:05 saveConfig: auto-save-60s
21:55:05 Saving config file
21:55:05 Saved config file successfully
21:55:21 saveConfig: saving-data
21:55:21 Saving sacks file
21:55:21 Saved sacks file successfully
21:55:21 saveConfig: saving-data
21:55:21 Saving sacks file
21:55:21 Saved sacks file successfully
21:55:23 saveConfig: saving-data
21:55:23 Saving pets file
21:55:23 Saved pets file successfully
21:55:23 saveConfig: saving-data
21:55:23 Saving pets file
21:55:23 Saved pets file successfully
21:55:33 saveConfig: saving-data
21:55:33 Saving sacks file
21:55:33 Saved sacks file successfully
21:55:33 saveConfig: saving-data
21:55:33 Saving sacks file
21:55:33 Saved sacks file successfully
21:55:44 saveConfig: saving-data
21:55:44 Saving sacks file
21:55:44 Saved sacks file successfully
21:55:44 saveConfig: saving-data
21:55:44 Saving sacks file
21:55:44 Saved sacks file successfully
21:55:54 saveConfig: saving-data
21:55:54 Saving pets file
21:55:54 Saved pets file successfully
21:55:54 saveConfig: saving-data
21:55:54 Saving pets file
21:55:54 Saved pets file successfully
21:56:03 saveConfig: saving-data
21:56:03 Saving sacks file
21:56:03 Saved sacks file successfully
21:56:03 saveConfig: saving-data
21:56:03 Saving sacks file
21:56:03 Saved sacks file successfully
21:56:05 saveConfig: auto-save-60s
21:56:05 Saving config file
21:56:05 Saved config file successfully
21:56:05 saveConfig: auto-save-60s
21:56:05 Saving config file
21:56:05 Saved config file successfully
21:56:23 saveConfig: saving-data
21:56:23 Saving sacks file
21:56:23 Saved sacks file successfully
21:56:23 saveConfig: saving-data
21:56:23 Saving sacks file
21:56:23 Saved sacks file successfully
21:56:25 saveConfig: saving-data
21:56:25 Saving pets file
21:56:25 Saved pets file successfully
21:56:25 saveConfig: saving-data
21:56:25 Saving pets file
21:56:25 Saved pets file successfully
21:57:05 saveConfig: auto-save-60s
21:57:05 Saving config file
21:57:05 Saved config file successfully
21:57:05 saveConfig: auto-save-60s
21:57:05 Saving config file
21:57:05 Saved config file successfully
21:58:05 saveConfig: auto-save-60s
21:58:05 Saving config file
21:58:05 Saved config file successfully
21:58:05 saveConfig: auto-save-60s
21:58:05 Saving config file
21:58:05 Saved config file successfully
21:59:05 saveConfig: auto-save-60s
21:59:05 Saving config file
21:59:05 Saved config file successfully
21:59:05 saveConfig: auto-save-60s
21:59:05 Saving config file
21:59:05 Saved config file successfully
22:00:05 saveConfig: auto-save-60s
22:00:05 Saving config file
22:00:05 Saved config file successfully
22:00:05 saveConfig: auto-save-60s
22:00:05 Saving config file
22:00:05 Saved config file successfully
22:01:05 saveConfig: auto-save-60s
22:01:05 Saving config file
22:01:05 Saved config file successfully
22:01:05 saveConfig: auto-save-60s
22:01:05 Saving config file
22:01:05 Saved config file successfully
22:02:05 saveConfig: auto-save-60s
22:02:05 Saving config file
22:02:05 Saved config file successfully
22:02:05 saveConfig: auto-save-60s
22:02:05 Saving config file
22:02:05 Saved config file successfully
22:03:05 saveConfig: auto-save-60s
22:03:05 Saving config file
22:03:05 Saved config file successfully
22:03:05 saveConfig: auto-save-60s
22:03:05 Saving config file
22:03:05 Saved config file successfully
22:04:05 saveConfig: auto-save-60s
22:04:05 Saving config file
22:04:05 Saved config file successfully
22:04:05 saveConfig: auto-save-60s
22:04:05 Saving config file
22:04:05 Saved config file successfully
22:05:05 saveConfig: auto-save-60s
22:05:05 Saving config file
22:05:05 Saved config file successfully
22:05:05 saveConfig: auto-save-60s
22:05:05 Saving config file
22:05:05 Saved config file successfully
22:05:42 saveConfig: saving-data
22:05:42 Saving sacks file
22:05:42 Saved sacks file successfully
22:05:42 saveConfig: saving-data
22:05:42 Saving sacks file
22:05:42 Saved sacks file successfully
22:06:05 saveConfig: auto-save-60s
22:06:05 Saving config file
22:06:05 Saved config file successfully
22:06:05 saveConfig: auto-save-60s
22:06:05 Saving config file
22:06:05 Saved config file successfully
22:06:14 saveConfig: Updated Items
22:06:14 Saving storage file
22:06:14 Saved storage file successfully
22:06:14 saveConfig: Updated Items
22:06:14 Saving storage file
22:06:14 Saved storage file successfully
22:06:38 saveConfig: saving-data
22:06:38 Saving sacks file
22:06:38 Saved sacks file successfully
22:06:38 saveConfig: saving-data
22:06:38 Saving sacks file
22:06:38 Saved sacks file successfully
22:07:05 saveConfig: auto-save-60s
22:07:05 Saving config file
22:07:05 Saved config file successfully
22:07:05 saveConfig: auto-save-60s
22:07:05 Saving config file
22:07:05 Saved config file successfully
22:08:05 saveConfig: auto-save-60s
22:08:05 Saving config file
22:08:05 Saved config file successfully
22:08:05 saveConfig: auto-save-60s
22:08:05 Saving config file
22:08:05 Saved config file successfully
22:08:42 saveConfig: saving-data
22:08:42 Saving pets file
22:08:42 Saved pets file successfully
22:08:42 saveConfig: saving-data
22:08:42 Saving pets file
22:08:42 Saved pets file successfully
22:08:47 saveConfig: saving-data
22:08:47 Saving sacks file
22:08:47 Saved sacks file successfully
22:08:47 saveConfig: saving-data
22:08:47 Saving sacks file
22:08:47 Saved sacks file successfully
22:08:56 saveConfig: saving-data
22:08:56 Saving sacks file
22:08:56 Saved sacks file successfully
22:08:56 saveConfig: saving-data
22:08:56 Saving sacks file
22:08:56 Saved sacks file successfully
22:09:05 saveConfig: auto-save-60s
22:09:05 Saving config file
22:09:05 Saved config file successfully
22:09:05 saveConfig: auto-save-60s
22:09:05 Saving config file
22:09:05 Saved config file successfully
22:09:13 saveConfig: saving-data
22:09:13 Saving pets file
22:09:13 Saved pets file successfully
22:09:13 saveConfig: saving-data
22:09:13 Saving pets file
22:09:13 Saved pets file successfully
22:09:38 saveConfig: saving-data
22:09:38 Saving sacks file
22:09:38 Saved sacks file successfully
22:09:38 saveConfig: saving-data
22:09:38 Saving sacks file
22:09:38 Saved sacks file successfully
22:09:44 saveConfig: saving-data
22:09:44 Saving pets file
22:09:44 Saved pets file successfully
22:09:44 saveConfig: saving-data
22:09:44 Saving pets file
22:09:44 Saved pets file successfully
22:09:52 saveConfig: saving-data
22:09:52 Saving sacks file
22:09:52 Saved sacks file successfully
22:09:52 saveConfig: saving-data
22:09:52 Saving sacks file
22:09:52 Saved sacks file successfully
22:10:05 saveConfig: auto-save-60s
22:10:05 Saving config file
22:10:05 Saved config file successfully
22:10:05 saveConfig: auto-save-60s
22:10:05 Saving config file
22:10:05 Saved config file successfully
22:10:06 saveConfig: saving-data
22:10:06 Saving sacks file
22:10:06 Saved sacks file successfully
22:10:06 saveConfig: saving-data
22:10:06 Saving sacks file
22:10:06 Saved sacks file successfully
22:10:15 saveConfig: saving-data
22:10:15 Saving pets file
22:10:15 Saved pets file successfully
22:10:15 saveConfig: saving-data
22:10:15 Saving pets file
22:10:15 Saved pets file successfully
22:10:16 saveConfig: saving-data
22:10:16 Saving sacks file
22:10:16 Saved sacks file successfully
22:10:16 saveConfig: saving-data
22:10:16 Saving sacks file
22:10:16 Saved sacks file successfully
22:10:46 saveConfig: saving-data
22:10:46 Saving sacks file
22:10:46 Saved sacks file successfully
22:10:46 saveConfig: saving-data
22:10:46 Saving sacks file
22:10:46 Saved sacks file successfully
22:10:46 saveConfig: saving-data
22:10:46 Saving pets file
22:10:46 Saved pets file successfully
22:10:46 saveConfig: saving-data
22:10:46 Saving pets file
22:10:46 Saved pets file successfully
22:11:03 saveConfig: saving-data
22:11:03 Saving sacks file
22:11:03 Saved sacks file successfully
22:11:03 saveConfig: saving-data
22:11:03 Saving sacks file
22:11:03 Saved sacks file successfully
22:11:03 saveConfig: Updated Items
22:11:03 Saving storage file
22:11:03 Saved storage file successfully
22:11:03 saveConfig: Updated Items
22:11:03 Saving storage file
22:11:03 Saved storage file successfully
22:11:05 saveConfig: auto-save-60s
22:11:05 Saving config file
22:11:05 Saved config file successfully
22:11:05 saveConfig: auto-save-60s
22:11:05 Saving config file
22:11:05 Saved config file successfully
22:11:14 saveConfig: saving-data
22:11:14 Saving sacks file
22:11:14 Saved sacks file successfully
22:11:14 saveConfig: saving-data
22:11:14 Saving sacks file
22:11:14 Saved sacks file successfully
22:11:17 saveConfig: saving-data
22:11:17 Saving pets file
22:11:17 Saved pets file successfully
22:11:17 saveConfig: saving-data
22:11:17 Saving pets file
22:11:17 Saved pets file successfully
22:11:25 saveConfig: saving-data
22:11:25 Saving sacks file
22:11:25 Saved sacks file successfully
22:11:25 saveConfig: saving-data
22:11:25 Saving sacks file
22:11:25 Saved sacks file successfully
22:12:05 saveConfig: auto-save-60s
22:12:05 Saving config file
22:12:05 Saved config file successfully
22:12:05 saveConfig: auto-save-60s
22:12:05 Saving config file
22:12:05 Saved config file successfully
22:12:38 saveConfig: Updated Items
22:12:38 Saving storage file
22:12:38 Saved storage file successfully
22:12:38 saveConfig: Updated Items
22:12:38 Saving storage file
22:12:38 Saved storage file successfully
22:12:38 saveConfig: saving-data
22:12:38 Saving pets file
22:12:38 Saved pets file successfully
22:12:38 saveConfig: saving-data
22:12:38 Saving pets file
22:12:38 Saved pets file successfully
22:12:40 saveConfig: saving-data
22:12:40 Saving sacks file
22:12:40 Saved sacks file successfully
22:12:40 saveConfig: saving-data
22:12:40 Saving sacks file
22:12:40 Saved sacks file successfully
22:12:47 saveConfig: saving-data
22:12:47 Saving sacks file
22:12:47 Saved sacks file successfully
22:12:47 saveConfig: saving-data
22:12:47 Saving sacks file
22:12:47 Saved sacks file successfully
22:12:53 saveConfig: Updated Items
22:12:53 Saving storage file
22:12:53 Saved storage file successfully
22:12:53 saveConfig: Updated Items
22:12:53 Saving storage file
22:12:53 Saved storage file successfully
22:12:54 saveConfig: Updated Items
22:12:54 Saving storage file
22:12:54 Saved storage file successfully
22:12:54 saveConfig: Updated Items
22:12:54 Saving storage file
22:12:54 Saved storage file successfully
22:13:05 saveConfig: auto-save-60s
22:13:05 Saving config file
22:13:05 Saved config file successfully
22:13:05 saveConfig: auto-save-60s
22:13:05 Saving config file
22:13:05 Saved config file successfully
22:13:19 saveConfig: Updated Items
22:13:19 Saving storage file
22:13:19 Saved storage file successfully
22:13:19 saveConfig: Updated Items
22:13:19 Saving storage file
22:13:19 Saved storage file successfully
22:13:23 saveConfig: Updated Items
22:13:23 Saving storage file
22:13:23 Saved storage file successfully
22:13:23 saveConfig: Updated Items
22:13:23 Saving storage file
22:13:23 Saved storage file successfully
22:14:05 saveConfig: auto-save-60s
22:14:05 Saving config file
22:14:05 Saved config file successfully
22:14:05 saveConfig: auto-save-60s
22:14:05 Saving config file
22:14:05 Saved config file successfully
22:14:25 saveConfig: saving-data
22:14:25 Saving sacks file
22:14:25 Saved sacks file successfully
22:14:25 saveConfig: saving-data
22:14:25 Saving sacks file
22:14:25 Saved sacks file successfully
22:14:38 saveConfig: saving-data
22:14:38 Saving sacks file
22:14:38 Saved sacks file successfully
22:14:38 saveConfig: saving-data
22:14:38 Saving sacks file
22:14:38 Saved sacks file successfully
22:15:05 saveConfig: auto-save-60s
22:15:05 Saving config file
22:15:05 Saved config file successfully
22:15:05 saveConfig: auto-save-60s
22:15:05 Saving config file
22:15:05 Saved config file successfully
22:16:05 saveConfig: auto-save-60s
22:16:05 Saving config file
22:16:05 Saved config file successfully
22:16:05 saveConfig: auto-save-60s
22:16:05 Saving config file
22:16:05 Saved config file successfully
22:17:05 saveConfig: auto-save-60s
22:17:05 Saving config file
22:17:05 Saved config file successfully
22:17:05 saveConfig: auto-save-60s
22:17:05 Saving config file
22:17:05 Saved config file successfully
22:18:05 saveConfig: auto-save-60s
22:18:05 Saving config file
22:18:05 Saved config file successfully
22:18:05 saveConfig: auto-save-60s
22:18:05 Saving config file
22:18:05 Saved config file successfully
22:19:05 saveConfig: auto-save-60s
22:19:05 Saving config file
22:19:05 Saved config file successfully
22:19:05 saveConfig: auto-save-60s
22:19:05 Saving config file
22:19:05 Saved config file successfully
22:19:22 saveConfig: Updated Items
22:19:22 Saving storage file
22:19:22 Saved storage file successfully
22:19:22 saveConfig: Updated Items
22:19:22 Saving storage file
22:19:22 Saved storage file successfully
22:20:05 saveConfig: auto-save-60s
22:20:05 Saving config file
22:20:05 Saved config file successfully
22:20:05 saveConfig: auto-save-60s
22:20:05 Saving config file
22:20:05 Saved config file successfully
22:21:05 saveConfig: auto-save-60s
22:21:05 Saving config file
22:21:05 Saved config file successfully
22:21:05 saveConfig: auto-save-60s
22:21:05 Saving config file
22:21:05 Saved config file successfully
22:22:05 saveConfig: auto-save-60s
22:22:05 Saving config file
22:22:05 Saved config file successfully
22:22:05 saveConfig: auto-save-60s
22:22:05 Saving config file
22:22:05 Saved config file successfully
22:23:05 saveConfig: auto-save-60s
22:23:05 Saving config file
22:23:05 Saved config file successfully
22:23:05 saveConfig: auto-save-60s
22:23:05 Saving config file
22:23:05 Saved config file successfully
22:23:55 saveConfig: Updated Items
22:23:55 Saving storage file
22:23:55 Saved storage file successfully
22:23:55 saveConfig: Updated Items
22:23:55 Saving storage file
22:23:55 Saved storage file successfully
22:24:05 saveConfig: auto-save-60s
22:24:05 Saving config file
22:24:05 Saved config file successfully
22:24:05 saveConfig: auto-save-60s
22:24:05 Saving config file
22:24:05 Saved config file successfully
22:24:33 saveConfig: Updated Items
22:24:33 Saving storage file
22:24:33 Saved storage file successfully
22:24:33 saveConfig: Updated Items
22:24:33 Saving storage file
22:24:33 Saved storage file successfully
22:25:05 saveConfig: auto-save-60s
22:25:05 Saving config file
22:25:05 Saved config file successfully
22:25:05 saveConfig: auto-save-60s
22:25:05 Saving config file
22:25:05 Saved config file successfully
22:26:05 saveConfig: auto-save-60s
22:26:05 Saving config file
22:26:05 Saved config file successfully
22:26:05 saveConfig: auto-save-60s
22:26:05 Saving config file
22:26:05 Saved config file successfully
22:27:05 saveConfig: auto-save-60s
22:27:05 Saving config file
22:27:05 Saved config file successfully
22:27:05 saveConfig: auto-save-60s
22:27:05 Saving config file
22:27:05 Saved config file successfully
22:28:05 saveConfig: auto-save-60s
22:28:05 Saving config file
22:28:05 Saved config file successfully
22:28:05 saveConfig: auto-save-60s
22:28:05 Saving config file
22:28:05 Saved config file successfully
22:29:05 saveConfig: auto-save-60s
22:29:05 Saving config file
22:29:05 Saved config file successfully
22:29:05 saveConfig: auto-save-60s
22:29:05 Saving config file
22:29:05 Saved config file successfully
22:30:05 saveConfig: auto-save-60s
22:30:05 Saving config file
22:30:05 Saved config file successfully
22:30:05 saveConfig: auto-save-60s
22:30:05 Saving config file
22:30:05 Saved config file successfully
22:31:05 saveConfig: auto-save-60s
22:31:05 Saving config file
22:31:05 Saved config file successfully
22:31:05 saveConfig: auto-save-60s
22:31:05 Saving config file
22:31:05 Saved config file successfully
22:32:05 saveConfig: auto-save-60s
22:32:05 Saving config file
22:32:05 Saved config file successfully
22:32:05 saveConfig: auto-save-60s
22:32:05 Saving config file
22:32:05 Saved config file successfully
22:33:05 saveConfig: auto-save-60s
22:33:05 Saving config file
22:33:05 Saved config file successfully
22:33:05 saveConfig: auto-save-60s
22:33:05 Saving config file
22:33:05 Saved config file successfully
22:34:05 saveConfig: auto-save-60s
22:34:05 Saving config file
22:34:05 Saved config file successfully
22:34:05 saveConfig: auto-save-60s
22:34:05 Saving config file
22:34:05 Saved config file successfully
22:35:05 saveConfig: auto-save-60s
22:35:05 Saving config file
22:35:05 Saved config file successfully
22:35:05 saveConfig: auto-save-60s
22:35:05 Saving config file
22:35:05 Saved config file successfully
22:36:05 saveConfig: auto-save-60s
22:36:05 Saving config file
22:36:05 Saved config file successfully
22:36:05 saveConfig: auto-save-60s
22:36:05 Saving config file
22:36:05 Saved config file successfully
22:37:00 saveConfig: Updated Items
22:37:00 Saving storage file
22:37:00 Saved storage file successfully
22:37:00 saveConfig: Updated Items
22:37:00 Saving storage file
22:37:00 Saved storage file successfully
22:37:05 saveConfig: auto-save-60s
22:37:05 Saving config file
22:37:05 Saved config file successfully
22:37:05 saveConfig: auto-save-60s
22:37:05 Saving config file
22:37:05 Saved config file successfully
22:37:58 saveConfig: shutdown-hook
22:37:58 Saving config file
