22:56:18 Reset everything (world change)
22:56:34 Reset everything (world change)
22:56:34 Reset everything (world change)
22:56:34 Reset everything (world change)
22:57:06 Reset everything (world change)
22:57:06 Reset everything (world change)
22:57:06 Reset everything (world change)
22:59:41 Reset everything (world change)
22:59:41 Reset everything (world change)
22:59:41 Reset everything (world change)
22:59:48 Reset everything (world change)
22:59:48 Reset everything (world change)
22:59:48 Reset everything (world change)
22:59:57 Reset everything (world change)
22:59:57 Reset everything (world change)
22:59:57 Reset everything (world change)
23:00:05 Reset everything (world change)
23:00:05 Reset everything (world change)
23:00:05 Reset everything (world change)
23:00:09 Reset everything (world change)
23:00:09 Reset everything (world change)
23:00:09 Reset everything (world change)
23:12:45 Reset everything (world change)
23:12:45 Reset everything (world change)
23:12:45 Reset everything (world change)
23:12:57 Reset everything (world change)
23:12:57 Reset everything (world change)
23:12:57 Reset everything (world change)
23:13:03 Reset everything (world change)
23:13:03 Reset everything (world change)
23:13:03 Reset everything (world change)
23:14:29 Reset everything (world change)
23:14:29 Reset everything (world change)
23:14:30 Reset everything (world change)
23:14:43 Reset everything (world change)
23:14:43 Reset everything (world change)
23:14:43 Reset everything (world change)
23:14:50 Reset everything (world change)
23:14:50 Reset everything (world change)
23:14:50 Reset everything (world change)
23:14:56 Reset everything (world change)
23:14:56 Reset everything (world change)
23:14:56 Reset everything (world change)
23:15:07 Reset everything (world change)
23:15:07 Reset everything (world change)
23:15:07 Reset everything (world change)
23:15:13 Reset everything (world change)
23:15:13 Reset everything (world change)
23:15:13 Reset everything (world change)
23:15:21 Reset everything (world change)
23:15:21 Reset everything (world change)
23:15:21 Reset everything (world change)
23:16:17 Reset everything (world change)
23:16:17 Reset everything (world change)
23:16:17 Reset everything (world change)
23:16:24 Reset everything (world change)
23:16:24 Reset everything (world change)
23:16:24 Reset everything (world change)
23:16:33 Reset everything (world change)
23:16:33 Reset everything (world change)
23:16:33 Reset everything (world change)
23:16:48 Reset everything (world change)
23:16:48 Reset everything (world change)
23:16:48 Reset everything (world change)
23:16:55 Reset everything (world change)
23:16:55 Reset everything (world change)
23:16:55 Reset everything (world change)
23:17:04 Reset everything (world change)
23:17:04 Reset everything (world change)
23:17:04 Reset everything (world change)
23:17:23 Reset everything (world change)
23:17:23 Reset everything (world change)
23:17:23 Reset everything (world change)
23:17:32 Reset everything (world change)
23:17:32 Reset everything (world change)
23:17:32 Reset everything (world change)
23:17:56 Added enderman with beacon at LorenzVec(x=-598.7569444444445, y=55.75, z=-194.4375)
23:17:56 Added flying beacons at LorenzVec(x=-599.25, y=55.5625, z=-194.3125)
23:17:57 Replaced flying beacon with sitting beacon at LorenzVec(x=-598.0, y=55.0, z=-204.0)
23:17:58 Removed sitting beacon LorenzVec(x=-598.0, y=55.0, z=-204.0)
23:18:09 Reset everything (world change)
23:18:09 Reset everything (world change)
23:18:09 Reset everything (world change)
23:18:13 Reset everything (world change)
23:18:13 Reset everything (world change)
23:18:13 Reset everything (world change)
23:18:24 Reset everything (world change)
23:18:24 Reset everything (world change)
23:18:24 Reset everything (world change)
23:18:31 Reset everything (world change)
23:18:31 Reset everything (world change)
23:18:31 Reset everything (world change)
23:19:22 Reset everything (world change)
23:19:22 Reset everything (world change)
23:19:22 Reset everything (world change)
23:21:31 Reset everything (world change)
23:21:32 Reset everything (world change)
23:21:32 Reset everything (world change)
23:21:44 Reset everything (world change)
23:21:44 Reset everything (world change)
23:21:44 Reset everything (world change)
23:22:33 Reset everything (world change)
23:22:33 Reset everything (world change)
23:22:33 Reset everything (world change)
23:22:50 Reset everything (world change)
23:22:50 Reset everything (world change)
23:22:50 Reset everything (world change)
23:23:00 Reset everything (world change)
23:23:00 Reset everything (world change)
23:23:00 Reset everything (world change)
23:23:08 Reset everything (world change)
23:23:08 Reset everything (world change)
23:23:08 Reset everything (world change)
23:23:15 Reset everything (world change)
23:23:15 Reset everything (world change)
23:23:15 Reset everything (world change)
23:23:23 Reset everything (world change)
23:23:23 Reset everything (world change)
23:23:23 Reset everything (world change)
23:23:31 Reset everything (world change)
23:23:31 Reset everything (world change)
23:23:31 Reset everything (world change)
23:23:40 Reset everything (world change)
23:23:40 Reset everything (world change)
23:23:40 Reset everything (world change)
23:24:53 Reset everything (world change)
23:24:53 Reset everything (world change)
23:24:53 Reset everything (world change)
23:24:59 Reset everything (world change)
23:24:59 Reset everything (world change)
23:24:59 Reset everything (world change)
23:25:26 Added enderman with beacon at LorenzVec(x=-594.1921296296296, y=55.0, z=-203.44135802469134)
23:25:46 Reset everything (world change)
23:25:46 Reset everything (world change)
23:25:46 Reset everything (world change)
23:26:03 Reset everything (world change)
23:26:03 Reset everything (world change)
23:26:03 Reset everything (world change)
23:26:18 Reset everything (world change)
23:26:18 Reset everything (world change)
23:26:18 Reset everything (world change)
23:27:52 Reset everything (world change)
23:27:52 Reset everything (world change)
23:27:52 Reset everything (world change)
23:28:00 Reset everything (world change)
23:28:00 Reset everything (world change)
23:28:00 Reset everything (world change)
23:28:09 Reset everything (world change)
23:28:09 Reset everything (world change)
23:28:09 Reset everything (world change)
23:28:20 Reset everything (world change)
23:28:20 Reset everything (world change)
23:28:20 Reset everything (world change)
23:28:27 Reset everything (world change)
23:28:27 Reset everything (world change)
23:28:27 Reset everything (world change)
23:28:35 Reset everything (world change)
23:28:35 Reset everything (world change)
23:28:35 Reset everything (world change)
23:28:43 Reset everything (world change)
23:28:43 Reset everything (world change)
23:28:43 Reset everything (world change)
23:28:47 Reset everything (world change)
23:28:47 Reset everything (world change)
23:28:47 Reset everything (world change)
23:28:51 Reset everything (world change)
23:28:51 Reset everything (world change)
23:28:51 Reset everything (world change)
23:29:03 Reset everything (world change)
23:29:04 Reset everything (world change)
23:29:04 Reset everything (world change)
23:30:10 Reset everything (world change)
23:30:10 Reset everything (world change)
23:30:10 Reset everything (world change)
23:30:53 Reset everything (world change)
23:30:53 Reset everything (world change)
23:30:53 Reset everything (world change)
23:31:19 Reset everything (world change)
23:31:19 Reset everything (world change)
23:31:19 Reset everything (world change)
23:31:50 Reset everything (world change)
23:31:50 Reset everything (world change)
23:31:50 Reset everything (world change)
23:32:00 Reset everything (world change)
23:32:00 Reset everything (world change)
23:32:00 Reset everything (world change)
23:32:11 Reset everything (world change)
23:32:11 Reset everything (world change)
23:32:11 Reset everything (world change)
23:32:21 Reset everything (world change)
23:32:21 Reset everything (world change)
23:32:21 Reset everything (world change)
23:32:28 Reset everything (world change)
23:32:28 Reset everything (world change)
23:32:28 Reset everything (world change)
23:32:34 Reset everything (world change)
23:32:35 Reset everything (world change)
23:32:35 Reset everything (world change)
23:32:42 Reset everything (world change)
23:32:42 Reset everything (world change)
23:32:42 Reset everything (world change)
23:32:59 Reset everything (world change)
23:32:59 Reset everything (world change)
23:32:59 Reset everything (world change)
23:33:06 Reset everything (world change)
23:33:06 Reset everything (world change)
23:33:06 Reset everything (world change)
23:33:13 Reset everything (world change)
23:33:13 Reset everything (world change)
23:33:13 Reset everything (world change)
23:33:24 Reset everything (world change)
23:33:25 Reset everything (world change)
23:33:25 Reset everything (world change)
23:34:23 Reset everything (world change)
23:34:23 Reset everything (world change)
23:34:23 Reset everything (world change)
23:34:32 Reset everything (world change)
23:34:32 Reset everything (world change)
23:34:32 Reset everything (world change)
23:34:42 Reset everything (world change)
23:34:42 Reset everything (world change)
23:34:42 Reset everything (world change)
23:35:01 Reset everything (world change)
23:35:01 Reset everything (world change)
23:35:01 Reset everything (world change)
23:35:26 Reset everything (world change)
23:35:26 Reset everything (world change)
23:35:26 Reset everything (world change)
23:35:34 Reset everything (world change)
23:35:34 Reset everything (world change)
23:35:34 Reset everything (world change)
23:35:41 Reset everything (world change)
23:35:41 Reset everything (world change)
23:35:41 Reset everything (world change)
23:35:52 Reset everything (world change)
23:35:52 Reset everything (world change)
23:35:52 Reset everything (world change)
23:36:53 Reset everything (world change)
23:36:53 Reset everything (world change)
23:36:53 Reset everything (world change)
23:37:15 Reset everything (world change)
23:37:15 Reset everything (world change)
23:37:15 Reset everything (world change)
23:37:45 Reset everything (world change)
23:37:45 Reset everything (world change)
23:37:45 Reset everything (world change)
23:38:05 Reset everything (world change)
23:38:05 Reset everything (world change)
23:38:05 Reset everything (world change)
23:38:24 Reset everything (world change)
23:38:25 Reset everything (world change)
23:38:25 Reset everything (world change)
23:38:36 Reset everything (world change)
23:38:36 Reset everything (world change)
23:38:36 Reset everything (world change)
23:39:06 Reset everything (world change)
23:39:06 Reset everything (world change)
23:39:06 Reset everything (world change)
23:39:46 Reset everything (world change)
23:39:46 Reset everything (world change)
23:39:46 Reset everything (world change)
23:40:00 Reset everything (world change)
23:40:00 Reset everything (world change)
23:40:00 Reset everything (world change)
23:42:04 Reset everything (world change)
23:42:04 Reset everything (world change)
23:42:04 Reset everything (world change)
23:42:22 Reset everything (world change)
23:42:22 Reset everything (world change)
23:42:22 Reset everything (world change)
23:42:39 Reset everything (world change)
23:42:39 Reset everything (world change)
23:42:39 Reset everything (world change)
23:42:47 Reset everything (world change)
23:42:47 Reset everything (world change)
23:42:47 Reset everything (world change)
23:42:56 Reset everything (world change)
23:42:56 Reset everything (world change)
23:42:56 Reset everything (world change)
23:43:53 Reset everything (world change)
23:43:53 Reset everything (world change)
23:43:53 Reset everything (world change)
23:45:06 Reset everything (world change)
23:45:06 Reset everything (world change)
23:45:06 Reset everything (world change)
23:45:38 Reset everything (world change)
23:45:38 Reset everything (world change)
23:45:38 Reset everything (world change)
23:46:05 Reset everything (world change)
23:46:05 Reset everything (world change)
23:46:05 Reset everything (world change)
23:46:14 Reset everything (world change)
23:46:14 Reset everything (world change)
23:46:14 Reset everything (world change)
