20:50:55 DWARVEN_MINES
20:51:06 PRIVATE_ISLAND
20:56:59 NONE
20:56:59 BACKWATER_BAYOU
21:06:54 PRIVATE_ISLAND
21:10:49 GALATEA
21:11:07 PRIVATE_ISLAND
21:11:47 NONE
21:11:48 GALATEA
21:14:37 PRIVATE_ISLAND
21:14:51 HUB
21:17:50 NONE
21:17:50 PRIVATE_ISLAND_GUEST
21:17:54 CRIMSON_ISLE
21:45:55 DUNGEON_HUB
21:46:18 CRIMSON_ISLE
21:49:35 HUB
21:49:48 PRIVATE_ISLAND
21:50:19 NONE
21:50:21 CRIMSON_ISLE
21:55:30 HUB
21:55:43 PRIVATE_ISLAND
21:55:50 HUB
21:56:24 PRIVATE_ISLAND_GUEST
21:56:27 NONE
21:56:27 CRIMSON_ISLE
22:19:10 THE_END
22:56:08 GALATEA
23:02:05 PRIVATE_ISLAND
23:04:05 THE_END
23:04:48 HUB
23:04:58 PRIVATE_ISLAND
23:06:26 HUB
23:06:53 PRIVATE_ISLAND
23:07:19 THE_END
23:17:55 PRIVATE_ISLAND
23:22:51 HUB
23:23:15 PRIVATE_ISLAND
23:24:30 THE_PARK
23:24:38 NONE
23:24:39 THE_FARMING_ISLANDS
23:25:01 PRIVATE_ISLAND
23:25:55 THE_END
23:26:10 NONE
23:26:10 PRIVATE_ISLAND
23:26:49 THE_END
23:28:53 PRIVATE_ISLAND
23:29:15 NONE
23:29:15 THE_FARMING_ISLANDS
23:52:19 PRIVATE_ISLAND_GUEST
23:52:35 NONE
23:52:36 DEEP_CAVERNS
23:53:16 THE_PARK
00:04:34 DUNGEON_HUB
