19:40:10 `Zombie`3368868 missed {
 is already Found: false).
 Position: LorenzVec(x=0.0625, y=100.0, z=20.40625)
 DistanceC: 15.752149159934817
Relative Position: LorenzVec(x=-6.875533897999711, y=0.0, z=-15.752149159934817)
 }
19:40:10 `Zombie`3368869 missed {
 is already Found: false).
 Position: LorenzVec(x=4.6875, y=100.0, z=19.583333333333332)
 DistanceC: 16.575065826601485
Relative Position: LorenzVec(x=-2.250533897999711, y=0.0, z=-16.575065826601485)
 }
19:40:10 `Zombie`3368870 missed {
 is already Found: false).
 Position: LorenzVec(x=-0.5, y=100.0, z=17.5)
 DistanceC: 18.658399159934817
Relative Position: LorenzVec(x=-7.438033897999711, y=0.0, z=-18.658399159934817)
 }
19:40:10 `Zombie`3368871 missed {
 is already Found: false).
 Position: LorenzVec(x=-0.5, y=100.0, z=17.5)
 DistanceC: 18.658399159934817
Relative Position: LorenzVec(x=-7.438033897999711, y=0.0, z=-18.658399159934817)
 }
19:40:10 `Cave Spider`3368872 missed {
 is already Found: false).
 Position: LorenzVec(x=4.5625, y=102.5, z=20.65625)
 DistanceC: 15.502149159934817
Relative Position: LorenzVec(x=-2.375533897999711, y=2.5, z=-15.502149159934817)
 }
19:40:10 `Cave Spider`3368873 missed {
 is already Found: false).
 Position: LorenzVec(x=4.625, y=102.5, z=20.65625)
 DistanceC: 15.502149159934817
Relative Position: LorenzVec(x=-2.313033897999711, y=2.5, z=-15.502149159934817)
 }
19:40:10 `Cave Spider`3368874 missed {
 is already Found: false).
 Position: LorenzVec(x=4.5625, y=102.5, z=20.65625)
 DistanceC: 15.502149159934817
Relative Position: LorenzVec(x=-2.375533897999711, y=2.5, z=-15.502149159934817)
 }
19:40:10 `Cave Spider`3368875 missed {
 is already Found: false).
 Position: LorenzVec(x=4.59375, y=102.5, z=20.625)
 DistanceC: 15.533399159934817
Relative Position: LorenzVec(x=-2.344283897999711, y=2.5, z=-15.533399159934817)
 }
19:40:10 `Cave Spider`3368876 missed {
 is already Found: false).
 Position: LorenzVec(x=4.59375, y=102.5, z=20.65625)
 DistanceC: 15.502149159934817
Relative Position: LorenzVec(x=-2.344283897999711, y=2.5, z=-15.502149159934817)
 }
19:40:10 `Zombie`3368877 missed {
 is already Found: false).
 Position: LorenzVec(x=0.5, y=100.0, z=20.5)
 DistanceC: 15.658399159934817
Relative Position: LorenzVec(x=-6.438033897999711, y=0.0, z=-15.658399159934817)
 }
19:40:10 `Zombie`3368878 missed {
 is already Found: false).
 Position: LorenzVec(x=0.5, y=100.0, z=20.5)
 DistanceC: 15.658399159934817
Relative Position: LorenzVec(x=-6.438033897999711, y=0.0, z=-15.658399159934817)
 }
19:40:10 `Zombie`3368879 missed {
 is already Found: false).
 Position: LorenzVec(x=0.5, y=100.0, z=20.5)
 DistanceC: 15.658399159934817
Relative Position: LorenzVec(x=-6.438033897999711, y=0.0, z=-15.658399159934817)
 }
19:40:10 `Zombie`3368880 missed {
 is already Found: false).
 Position: LorenzVec(x=0.5, y=100.0, z=20.5)
 DistanceC: 15.658399159934817
Relative Position: LorenzVec(x=-6.438033897999711, y=0.0, z=-15.658399159934817)
 }
19:40:10 `Zombie`3368881 missed {
 is already Found: false).
 Position: LorenzVec(x=0.5, y=100.0, z=17.5)
 DistanceC: 18.658399159934817
Relative Position: LorenzVec(x=-6.438033897999711, y=0.0, z=-18.658399159934817)
 }
19:40:10 `Zombie`3368882 missed {
 is already Found: false).
 Position: LorenzVec(x=0.5, y=100.0, z=17.5)
 DistanceC: 18.658399159934817
Relative Position: LorenzVec(x=-6.438033897999711, y=0.0, z=-18.658399159934817)
 }
19:40:10 `Zombie`3368883 missed {
 is already Found: false).
 Position: LorenzVec(x=4.75, y=100.0, z=19.625)
 DistanceC: 16.533399159934817
Relative Position: LorenzVec(x=-2.188033897999711, y=0.0, z=-16.533399159934817)
 }
19:40:10 `Zombie`3368884 missed {
 is already Found: false).
 Position: LorenzVec(x=0.5, y=100.0, z=17.5)
 DistanceC: 18.658399159934817
Relative Position: LorenzVec(x=-6.438033897999711, y=0.0, z=-18.658399159934817)
 }
19:40:10 `Zombie`3368885 missed {
 is already Found: false).
 Position: LorenzVec(x=4.5, y=100.0, z=20.5)
 DistanceC: 15.658399159934817
Relative Position: LorenzVec(x=-2.438033897999711, y=0.0, z=-15.658399159934817)
 }
19:40:10 `Zombie`3368886 missed {
 is already Found: false).
 Position: LorenzVec(x=4.5, y=100.0, z=20.5)
 DistanceC: 15.658399159934817
Relative Position: LorenzVec(x=-2.438033897999711, y=0.0, z=-15.658399159934817)
 }
19:40:10 `Zombie`3368887 missed {
 is already Found: false).
 Position: LorenzVec(x=4.5, y=100.0, z=20.5)
 DistanceC: 15.658399159934817
Relative Position: LorenzVec(x=-2.438033897999711, y=0.0, z=-15.658399159934817)
 }
19:40:10 `Zombie`3368888 missed {
 is already Found: false).
 Position: LorenzVec(x=4.6875, y=100.0, z=19.59375)
 DistanceC: 16.564649159934817
Relative Position: LorenzVec(x=-2.250533897999711, y=0.0, z=-16.564649159934817)
 }
19:40:10 `Blaze`3368889 missed {
 is already Found: false).
 Position: LorenzVec(x=2.5, y=100.0, z=18.5)
 DistanceC: 17.658399159934817
Relative Position: LorenzVec(x=-4.438033897999711, y=0.0, z=-17.658399159934817)
 }
19:40:10 `Blaze`3368890 missed {
 is already Found: false).
 Position: LorenzVec(x=2.4305555555555554, y=100.50347222222223, z=18.25)
 DistanceC: 17.908399159934817
Relative Position: LorenzVec(x=-4.507478342444156, y=0.5034722222222285, z=-17.908399159934817)
 }
19:40:10 `Blaze`3368891 missed {
 is already Found: false).
 Position: LorenzVec(x=2.8541666666666665, y=99.9375, z=18.583333333333332)
 DistanceC: 17.575065826601485
Relative Position: LorenzVec(x=-4.083867231333045, y=-0.0625, z=-17.575065826601485)
 }
19:40:10 `Blaze`3368892 missed {
 is already Found: false).
 Position: LorenzVec(x=3.6875, y=100.0, z=18.40625)
 DistanceC: 17.752149159934817
Relative Position: LorenzVec(x=-3.250533897999711, y=0.0, z=-17.752149159934817)
 }
19:40:16 `Cow`3368903 missed {
 is already Found: false).
 Position: LorenzVec(x=-0.3125, y=100.0, z=14.34375)
 DistanceC: 21.814649159934817
Relative Position: LorenzVec(x=-7.250533897999711, y=0.0, z=-21.814649159934817)
 }
19:40:19 `Zombie`3371676 missed {
 is already Found: false).
 Position: LorenzVec(x=1.5, y=100.0, z=19.5)
 DistanceC: 16.658399159934817
Relative Position: LorenzVec(x=-5.438033897999711, y=0.0, z=-16.658399159934817)
 }
19:40:19 `Sheep`3370995 missed {
 is already Found: false).
 Position: LorenzVec(x=3.8125, y=100.0, z=14.53125)
 DistanceC: 21.627149159934817
Relative Position: LorenzVec(x=-3.125533897999711, y=0.0, z=-21.627149159934817)
 }
19:40:21 `Sheep`3368867 missed {
 is already Found: false).
 Position: LorenzVec(x=3.75, y=100.0, z=14.5)
 DistanceC: 21.658399159934817
Relative Position: LorenzVec(x=-3.188033897999711, y=0.0, z=-21.658399159934817)
 }
19:40:23 `Cow`3368905 missed {
 is already Found: false).
 Position: LorenzVec(x=3.9375, y=100.0, z=14.21875)
 DistanceC: 21.939649159934817
Relative Position: LorenzVec(x=-3.000533897999711, y=0.0, z=-21.939649159934817)
 }
19:40:28 `Zombie`3374115 missed {
 is already Found: false).
 Position: LorenzVec(x=0.5, y=100.0, z=20.5)
 DistanceC: 15.658399159934817
Relative Position: LorenzVec(x=-6.438033897999711, y=0.0, z=-15.658399159934817)
 }
19:40:28 `Zombie`3374122 missed {
 is already Found: false).
 Position: LorenzVec(x=3.5, y=100.0, z=16.5)
 DistanceC: 19.658399159934817
Relative Position: LorenzVec(x=-3.438033897999711, y=0.0, z=-19.658399159934817)
 }
19:40:34 `Chicken`3372761 missed {
 is already Found: false).
 Position: LorenzVec(x=-0.5, y=100.0, z=14.34375)
 DistanceC: 21.814649159934817
Relative Position: LorenzVec(x=-7.438033897999711, y=0.0, z=-21.814649159934817)
 }
19:40:34 `Zombie`3375716 missed {
 is already Found: false).
 Position: LorenzVec(x=1.5, y=100.0, z=17.5)
 DistanceC: 18.658399159934817
Relative Position: LorenzVec(x=-5.438033897999711, y=0.0, z=-18.658399159934817)
 }
19:40:34 `Blaze`3375874 missed {
 is already Found: false).
 Position: LorenzVec(x=3.625, y=100.0, z=18.75)
 DistanceC: 17.408399159934817
Relative Position: LorenzVec(x=-3.313033897999711, y=0.0, z=-17.408399159934817)
 }
19:41:16 `Chicken`240 missed {
 is already Found: false).
 Position: LorenzVec(x=69.5625, y=105.0, z=35.65625)
 DistanceC: 11.045572152448443
Relative Position: LorenzVec(x=-11.045572152448443, y=30.0, z=7.104707120066717)
 }
19:41:40 `a78b1lq83v`38 missed {
 is already Found: false).
 Position: LorenzVec(x=80.5, y=78.5, z=110.5)
 DistanceC: 22.321723444008114
Relative Position: LorenzVec(x=18.66651322036084, y=1.5, z=22.321723444008114)
 }
19:42:06 `li5s1hr56y`39 missed {
 is already Found: false).
 Position: LorenzVec(x=79.5, y=80.5, z=55.5)
 DistanceC: 21.78220826240897
Relative Position: LorenzVec(x=-14.533832389286744, y=4.5, z=-21.78220826240897)
 }
