16:04:42 Reset everything (world change)
16:04:57 Reset everything (world change)
16:04:57 Reset everything (world change)
16:04:57 Reset everything (world change)
16:05:28 Reset everything (world change)
16:05:28 Reset everything (world change)
16:05:28 Reset everything (world change)
16:05:39 Reset everything (world change)
16:05:39 Reset everything (world change)
16:05:39 Reset everything (world change)
17:47:03 Reset everything (world change)
17:47:09 Reset everything (world change)
17:47:09 Reset everything (world change)
17:47:09 Reset everything (world change)
17:50:12 Reset everything (world change)
17:50:12 Reset everything (world change)
17:50:12 Reset everything (world change)
17:51:07 Reset everything (world change)
17:51:07 Reset everything (world change)
17:51:07 Reset everything (world change)
17:51:51 Reset everything (world change)
17:51:52 Reset everything (world change)
17:51:52 Reset everything (world change)
17:52:26 Reset everything (world change)
17:52:26 Reset everything (world change)
17:52:26 Reset everything (world change)
17:52:33 Reset everything (world change)
17:52:33 Reset everything (world change)
17:52:33 Reset everything (world change)
17:52:56 Reset everything (world change)
17:52:56 Reset everything (world change)
17:52:56 Reset everything (world change)
17:53:04 Reset everything (world change)
17:53:04 Reset everything (world change)
17:53:04 Reset everything (world change)
17:53:10 Reset everything (world change)
17:53:10 Reset everything (world change)
17:53:10 Reset everything (world change)
17:53:20 Reset everything (world change)
17:53:20 Reset everything (world change)
17:53:20 Reset everything (world change)
17:53:23 Reset everything (world change)
17:53:23 Reset everything (world change)
17:53:23 Reset everything (world change)
17:53:33 Reset everything (world change)
17:53:33 Reset everything (world change)
17:53:33 Reset everything (world change)
17:53:53 Reset everything (world change)
17:53:53 Reset everything (world change)
17:53:53 Reset everything (world change)
18:01:07 Reset everything (world change)
18:01:07 Reset everything (world change)
18:01:07 Reset everything (world change)
18:01:20 Reset everything (world change)
18:01:20 Reset everything (world change)
18:01:20 Reset everything (world change)
18:01:31 Reset everything (world change)
18:01:31 Reset everything (world change)
18:01:31 Reset everything (world change)
18:01:49 Reset everything (world change)
18:01:49 Reset everything (world change)
18:01:49 Reset everything (world change)
18:03:08 Reset everything (world change)
18:03:08 Reset everything (world change)
18:03:08 Reset everything (world change)
18:08:43 Reset everything (world change)
18:08:43 Reset everything (world change)
18:08:43 Reset everything (world change)
18:10:56 Reset everything (world change)
18:10:56 Reset everything (world change)
18:10:56 Reset everything (world change)
18:11:42 Reset everything (world change)
18:11:42 Reset everything (world change)
18:11:42 Reset everything (world change)
18:12:35 Reset everything (world change)
18:12:35 Reset everything (world change)
18:12:35 Reset everything (world change)
18:13:11 Reset everything (world change)
18:13:11 Reset everything (world change)
18:13:11 Reset everything (world change)
18:15:21 Reset everything (world change)
18:15:21 Reset everything (world change)
18:15:21 Reset everything (world change)
18:15:53 Reset everything (world change)
18:15:53 Reset everything (world change)
18:15:53 Reset everything (world change)
18:19:16 Reset everything (world change)
18:19:16 Reset everything (world change)
18:19:16 Reset everything (world change)
18:20:59 Reset everything (world change)
18:20:59 Reset everything (world change)
18:20:59 Reset everything (world change)
18:23:38 Reset everything (world change)
18:23:38 Reset everything (world change)
18:23:38 Reset everything (world change)
18:25:10 Reset everything (world change)
18:25:10 Reset everything (world change)
18:25:10 Reset everything (world change)
18:37:21 Added flying beacons at LorenzVec(x=-602.6979166666666, y=55.71875, z=-201.05208333333334)
18:39:23 Added enderman with beacon at LorenzVec(x=-527.7604166666667, y=38.0, z=-231.90625)
18:39:24 Added flying beacons at LorenzVec(x=-526.6354166666666, y=38.604166666666664, z=-233.40625)
18:39:24 Replaced flying beacon with sitting beacon at LorenzVec(x=-532.0, y=38.0, z=-241.0)
18:39:26 Removed sitting beacon LorenzVec(x=-532.0, y=38.0, z=-241.0)
18:42:12 Reset everything (world change)
18:42:12 Reset everything (world change)
18:42:12 Reset everything (world change)
18:42:21 Reset everything (world change)
18:42:21 Reset everything (world change)
18:42:21 Reset everything (world change)
18:43:53 Reset everything (world change)
18:43:53 Reset everything (world change)
18:43:53 Reset everything (world change)
