23:58:06 [allowed] §aYou are still radiating with §bGenerosity§r§a!
23:58:06 [EMPTY] §f §r§r§r§f §r§r§r§1 §r§r§r§0 §r§r§r§2 §r§r§r§f §r§r§r§f §r§r§r§2 §r§r§r§0 §r§r§r§4 §r§r§r§3 §r§r§r§9 §r§r§r§2 §r§r§r§0 §r§r§r§0 §r§r§r§3 §r§r§r§9 §r§r§r§2 §r§r§r§0 §r§r§r§0 §r§r§r§3 §r§r§r§9 §r§r§r§2 §r§r§r§0 §r§r§r§0 
23:58:06 [allowed] §b§m--------------§r§f  §r§aGuild: Message Of The Day  §r§b§m--------------
23:58:06 [allowed] §b| §r§f1 Corinthians 7:34:"The unmarried woman or virgin is concerned about the Lord's affairs: Her aim is to be devoted to the Lord in both body and spirit."
23:58:06 [allowed] §b§m-----------------------------------------------------
23:58:12 [allowed] §b[MVP§d+§b] Instructeur§f §6joined the lobby!
23:58:13 [allowed] §b[MVP§e+§b] keVzu§f §6joined the lobby!
23:58:55 [allowed] §b[MVP§4+§b] Blucranks§f §6joined the lobby!
23:59:16 [allowed] §7cafugoat2016§7§r§7: Dewier
23:59:23 [allowed] §b[MVP§0+§b] shricat§f §6joined the lobby!
23:59:36 [allowed] §b[MVP§c+§b] Sansei03§f §6joined the lobby!
23:59:40 [allowed] §7miniakgoat2016§7§r§7: dewier pls ss
23:59:41 [allowed]  §b>§c>§a>§r §r§6[MVP§c++§6] emolead§f §6joined the lobby!§r §a<§c<§b<
23:59:42 [allowed] §b[MVP§c+§b] ReverseAmin§f §6joined the lobby!
23:59:52 [allowed] §7miniakgoat2016§7§r§7: i can lick ur dik
23:59:54 [allowed] §7cafugoat2016§7§r§7: Dewier hello can you answer my question?
00:00:11 [allowed] §b[MVP§4+§b] Zelping§f §6joined the lobby!
00:00:13 [allowed] §7cafugoat2016§7§r§7: Dewier please
00:00:19 [allowed] §b[MVP§c+§b] Askoterre§f §6joined the lobby!
00:00:23 [allowed]  §b>§c>§a>§r §r§6[MVP§d++§6] xChickyy§f §6joined the lobby!§r §a<§c<§b<
00:00:27 [allowed]  §b>§c>§a>§r §r§6[MVP§f++§6] owcn§f §6joined the lobby!§r §a<§c<§b<
00:00:35 [allowed] §cYou are AFK. Move around to return from AFK.
00:00:40 [allowed] §e[SkyHanni] §fYou were in Limbo for §e4s§f.
00:00:40 [allowed] §aYou are still radiating with §bGenerosity§r§a!
00:00:40 [EMPTY] §f §r§r§r§f §r§r§r§1 §r§r§r§0 §r§r§r§2 §r§r§r§f §r§r§r§f §r§r§r§2 §r§r§r§0 §r§r§r§4 §r§r§r§3 §r§r§r§9 §r§r§r§2 §r§r§r§0 §r§r§r§0 §r§r§r§3 §r§r§r§9 §r§r§r§2 §r§r§r§0 §r§r§r§0 §r§r§r§3 §r§r§r§9 §r§r§r§2 §r§r§r§0 §r§r§r§0 
00:00:42 [allowed] §7Sending to server mini83P...
00:00:43 [EMPTY] §8 §r§8 §r§1 §r§3 §r§3 §r§7 §r§8 
00:00:44 [allowed] §6HUNT §e- §a4 §eof your §atraps §ecaught something!
00:00:44 [allowed] §7[§eClick here to collect them.§7]
00:00:45 [EMPTY] 
00:00:45 [WELCOME] §eWelcome to §r§aHypixel SkyBlock§r§e!
00:00:45 [EMPTY] 
00:00:45 [allowed] §eLatest update: §bSkyBlock v0.23.1 §e§lCLICK
00:00:47 [PROFILE_JOIN] §aYou are playing on profile: §eLemon§b (Co-op)
00:00:47 [PROFILE_JOIN] §8Profile ID: 62b760d8-92b6-4501-ada0-1fd8583f5266
00:01:45 [allowed] §7Sending to server mini87N...
00:01:45 [EMPTY] §8 §r§8 §r§1 §r§3 §r§3 §r§7 §r§8 
00:01:46 [allowed] §6HUNT §e- §a4 §eof your §atraps §ecaught something!
00:01:46 [allowed] §7[§eClick here to collect them.§7]
00:01:49 [PROFILE_JOIN] §aYou are playing on profile: §eLemon§b (Co-op)
00:01:49 [PROFILE_JOIN] §8Profile ID: 62b760d8-92b6-4501-ada0-1fd8583f5266
00:02:24 [allowed] §8Depositing coins...
00:02:24 [allowed] §aDeposited §r§6176.6k coins§r§a! There's now §r§6833.7k coins §r§ain the account!
00:02:27 [allowed] §7Warping you to your SkyBlock island...
00:02:27 [allowed] §7Sending to server mini197CU...
00:02:27 [EMPTY] §8 §r§8 §r§1 §r§3 §r§3 §r§7 §r§8 
00:02:28 [allowed] §6HUNT §e- §a4 §eof your §atraps §ecaught something!
00:02:28 [allowed] §7[§eClick here to collect them.§7]
00:02:31 [PROFILE_JOIN] §aYou are playing on profile: §eLemon§b (Co-op)
00:02:31 [PROFILE_JOIN] §8Profile ID: 62b760d8-92b6-4501-ada0-1fd8583f5266
00:03:27 [allowed] §6HUNT §e- §a4 §eof your §atraps §ecaught something!
00:03:27 [allowed] §7[§eClick here to collect them.§7]
00:03:54 [allowed] §cThis block is already occupied!
00:04:56 [allowed] §7Warping...
00:04:56 [allowed] §7Sending to server mini34DN...
00:04:57 [EMPTY] §8 §r§8 §r§1 §r§3 §r§3 §r§7 §r§8 
00:04:57 [allowed] §6HUNT §e- §a4 §eof your §atraps §ecaught something!
00:04:57 [allowed] §7[§eClick here to collect them.§7]
00:05:00 [PROFILE_JOIN] §aYou are playing on profile: §eLemon§b (Co-op)
00:05:00 [PROFILE_JOIN] §8Profile ID: 62b760d8-92b6-4501-ada0-1fd8583f5266
00:05:33 [SACKS_CHANGE] §6[Sacks] §r§a+1,194§r§e items§r§e.§r§8 (Last 19s.)
00:05:59 [SACKS_CHANGE] §6[Sacks] §r§a+1,251§r§e items§r§e.§r§8 (Last 24s.)
00:06:04 [allowed] §7Warping you to your SkyBlock island...
00:06:04 [allowed] §7Sending to server mini19CJ...
00:06:05 [EMPTY] §8 §r§8 §r§1 §r§3 §r§3 §r§7 §r§8 
00:06:05 [allowed] §6HUNT §e- §a4 §eof your §atraps §ecaught something!
00:06:05 [allowed] §7[§eClick here to collect them.§7]
00:06:08 [PROFILE_JOIN] §aYou are playing on profile: §eLemon§b (Co-op)
00:06:08 [PROFILE_JOIN] §8Profile ID: 62b760d8-92b6-4501-ada0-1fd8583f5266
00:06:18 [SACKS_CHANGE] §6[Sacks] §r§c-1,088§r§e items§r§e.§r§8 (Last 5s.)
00:06:30 [SACKS_CHANGE] §6[Sacks] §r§a+1,795§r§e items§r§e, §r§c-1,216§r§e items§r§e.§r§8 (Last 9s.)
00:06:37 [SACKS_CHANGE] §6[Sacks] §r§c-1,216§r§e items§r§e.§r§8 (Last 5s.)
00:07:04 [allowed] §6HUNT §e- §a4 §eof your §atraps §ecaught something!
00:07:04 [allowed] §7[§eClick here to collect them.§7]
00:07:32 [allowed] §a§lHey! §r§eYou can now toggle punching item frames to open the menu! §r§8(Shift+Right-Click)
00:07:32 [allowed] §7§oClick here to disable this message!
00:07:33 [allowed] §a§lHey! §r§eYou can now toggle punching item frames to open the menu! §r§8(Shift+Right-Click)
00:07:33 [allowed] §7§oClick here to disable this message!
00:08:28 [allowed] §cThis block is already occupied!
00:09:08 [SACKS_CHANGE] §6[Sacks] §r§a+6§r§e items§r§e, §r§c-1,024§r§e items§r§e.§r§8 (Last 5s.)
00:09:19 [SACKS_CHANGE] §6[Sacks] §r§c-124§r§e items§r§e.§r§8 (Last 5s.)
00:09:28 [SACKS_CHANGE] §6[Sacks] §r§c-1,024§r§e items§r§e.§r§8 (Last 5s.)
00:09:39 [SACKS_CHANGE] §6[Sacks] §r§c-120§r§e items§r§e.§r§8 (Last 5s.)
00:09:46 [SACKS_CHANGE] §6[Sacks] §r§c-869§r§e items§r§e.§r§8 (Last 5s.)
00:10:04 [SACKS_CHANGE] §6[Sacks] §r§c-115§r§e items§r§e.§r§8 (Last 5s.)
00:10:41 [SACKS_CHANGE] §6[Sacks] §r§c-95§r§e items§r§e.§r§8 (Last 5s.)
00:11:06 [GUILD_EXP] §aYou earned §r§2548 GEXP §r§afrom playing SkyBlock!
00:14:23 [allowed] §cYou must double tap the drop button to drop this item!
00:14:23 [allowed] §cYou can disable this in the §r§fSettings§r§c in your §r§aSkyBlock Menu§r§c!
00:14:26 [allowed] §cYou must double tap the drop button to drop this item!
00:14:26 [allowed] §cYou can disable this in the §r§fSettings§r§c in your §r§aSkyBlock Menu§r§c!
00:14:27 [allowed] §cYou must double tap the drop button to drop this item!
00:14:27 [allowed] §cYou can disable this in the §r§fSettings§r§c in your §r§aSkyBlock Menu§r§c!
00:16:07 [GUILD_EXP] §aYou earned §r§2681 GEXP §r§afrom playing SkyBlock!
00:17:47 [allowed] §7Warping...
00:17:47 [allowed] §7Sending to server mini82DU...
00:17:48 [EMPTY] §8 §r§8 §r§1 §r§3 §r§3 §r§7 §r§8 
00:17:49 [allowed] §6HUNT §e- §a4 §eof your §atraps §ecaught something!
00:17:49 [allowed] §7[§eClick here to collect them.§7]
00:17:51 [PROFILE_JOIN] §aYou are playing on profile: §eLemon§b (Co-op)
00:17:51 [PROFILE_JOIN] §8Profile ID: 62b760d8-92b6-4501-ada0-1fd8583f5266
00:17:55 [allowed] §7Warping...
00:17:55 [allowed] §7Sending to server mini12BJ...
00:17:55 [EMPTY] §8 §r§8 §r§1 §r§3 §r§3 §r§7 §r§8 
00:17:56 [allowed] §6HUNT §e- §a4 §eof your §atraps §ecaught something!
00:17:56 [allowed] §7[§eClick here to collect them.§7]
00:17:58 [PROFILE_JOIN] §aYou are playing on profile: §eLemon§b (Co-op)
00:17:58 [PROFILE_JOIN] §8Profile ID: 62b760d8-92b6-4501-ada0-1fd8583f5266
00:19:00 [allowed] §7Warping you to your SkyBlock island...
00:19:00 [allowed] §7Sending to server mini213B...
00:19:01 [EMPTY] §8 §r§8 §r§1 §r§3 §r§3 §r§7 §r§8 
00:19:01 [allowed] §6HUNT §e- §a4 §eof your §atraps §ecaught something!
00:19:01 [allowed] §7[§eClick here to collect them.§7]
00:19:04 [PROFILE_JOIN] §aYou are playing on profile: §eLemon§b (Co-op)
00:19:04 [PROFILE_JOIN] §8Profile ID: 62b760d8-92b6-4501-ada0-1fd8583f5266
00:19:24 [allowed] §e§oWhat was in that soup?
00:19:24 [allowed] §aYou can now fly for §r§c2§r§a minutes.
00:19:40 [allowed] §cThis block is already occupied!
00:19:41 [allowed] §cThis block is already occupied!
00:19:50 [SACKS_CHANGE] §6[Sacks] §r§a+3§r§e items§r§e.§r§8 (Last 5s.)
00:20:00 [SACKS_CHANGE] §6[Sacks] §r§a+9§r§e items§r§e.§r§8 (Last 9s.)
00:20:00 [allowed] §6HUNT §e- §a4 §eof your §atraps §ecaught something!
00:20:00 [allowed] §7[§eClick here to collect them.§7]
00:20:24 [allowed] §cMushroom Soup Flight expires in §r§e60s§r§c
00:20:54 [allowed] §cMushroom Soup Flight expires in §r§e30s§r§c
00:21:14 [allowed] §cMushroom Soup Flight expires in §r§e10s§r§c
00:21:19 [allowed] §cMushroom Soup Flight expires in §r§e5s§r§c
00:21:20 [allowed] §cMushroom Soup Flight expires in §r§e4s§r§c
00:21:21 [allowed] §cMushroom Soup Flight expires in §r§e3s§r§c
00:21:22 [allowed] §cMushroom Soup Flight expires in §r§e2s§r§c
00:21:23 [allowed] §cMushroom Soup Flight expires in §r§e1s§r§c
00:21:24 [allowed] §cMushroom Soup Flight has expired!
00:22:52 [allowed] §aYou summoned your §r§9Guardian§r§a!
00:24:02 [GUILD_EXP] §aYou earned §r§2593 GEXP §r§afrom playing SkyBlock!
00:24:04 [allowed] §eYou claimed the §r§eChronomatron §r§erewards!
00:24:04 [allowed]  §r§8+§r§320,000 Enchanting Exp
00:24:04 [allowed] §aYour §r§9Guardian §r§aleveled up to level §r§948§r§a!
00:24:04 [allowed] §8 +§r§d1 Superpairs click
00:28:54 [allowed] §eYou claimed the §r§6Ultrasequencer §r§erewards!
00:28:54 [allowed]  §r§8+§r§370,000 Enchanting Exp
00:28:54 [allowed] §aYour §r§9Guardian §r§aleveled up to level §r§952§r§a!
00:28:54 [allowed] §8 +§r§d2 Superpairs clicks
00:29:03 [GUILD_EXP] §aYou earned §r§240 GEXP §r§afrom playing SkyBlock!
00:29:35 [allowed] §eYou claimed the §r§eSuperpairs §r§erewards!
00:29:35 [allowed] §aYour §r§9Guardian §r§aleveled up to level §r§956§r§a!
00:29:35 [allowed] §8 +§r§3100k Enchanting Exp
00:29:35 [allowed] §aYour §r§9Guardian §r§aleveled up to level §r§957§r§a!
00:29:35 [allowed] §3§l▬▬▬▬▬▬▬▬▬▬▬▬▬▬▬▬▬▬▬▬▬▬▬▬▬▬▬▬▬▬▬▬▬▬▬▬▬▬▬▬▬▬▬▬▬▬▬▬▬▬▬▬▬▬▬▬▬▬▬▬▬▬▬▬
00:29:35 [allowed]   §r§b§lSKILL LEVEL UP §3Taming §826➜§327
00:29:35 [EMPTY] 
00:29:35 [allowed]   §r§a§lREWARDS
00:29:35 [allowed]    §r§eZoologist 27
00:29:35 [allowed]    §r  §7§fGain §826➜§a27%§f extra pet exp.
00:29:35 [allowed]    §r§7§8+§fGain §85.2➜§a5.4% §fExp Share rate.
00:29:35 [allowed]    §r§7§8+§a1 §d♣ Pet Luck
00:29:35 [allowed]    §r§7§8+§6275,000 §7Coins
00:29:35 [allowed]    §r§7§8+§b20 SkyBlock XP
00:29:35 [allowed] §3§l▬▬▬▬▬▬▬▬▬▬▬▬▬▬▬▬▬▬▬▬▬▬▬▬▬▬▬▬▬▬▬▬▬▬▬▬▬▬▬▬▬▬▬▬▬▬▬▬▬▬▬▬▬▬▬▬▬▬▬▬▬▬▬▬
00:29:35 [allowed]  §r§8+§r§328k Enchanting Exp
00:29:35 [allowed] §aYour §r§9Guardian §r§aleveled up to level §r§958§r§a!
00:29:35 [allowed]  §r§8+§r§347k Enchanting Exp
00:29:35 [allowed] §aYour §r§9Guardian §r§aleveled up to level §r§960§r§a!
00:29:35 [allowed]  §r§8+§r§349k Enchanting Exp
00:29:51 [allowed] §8Depositing coins...
00:29:51 [allowed] §aDeposited §r§6275k coins§r§a! There's now §r§61.1M coins §r§ain the account!
00:30:34 [allowed] §cThis block is already occupied!
00:30:37 [allowed] §cThis block is already occupied!
00:30:38 [SACKS_CHANGE] §6[Sacks] §r§a+1,281§r§e items§r§e.§r§8 (Last 9s.)
00:30:41 [allowed] §cYour inventory does not have enough free space to add all items!
00:30:47 [SACKS_CHANGE] §6[Sacks] §r§a+292§r§e items§r§e.§r§8 (Last 7s.)
00:32:08 [allowed] §aSuccessfully added §r§fHorse §r§ato your pet menu!
00:33:13 [allowed] §cYour inventory does not have enough free space to add all items!
00:33:27 [allowed] §cYour inventory does not have enough free space to add all items!
00:33:39 [allowed] §cYour inventory does not have enough free space to add all items!
00:34:05 [GUILD_EXP] §aYou earned §r§2491 GEXP §r§afrom playing SkyBlock!
00:34:42 [SACKS_CHANGE] §6[Sacks] §r§a+915§r§e items§r§e.§r§8 (Last 24s.)
00:35:19 [SACKS_CHANGE] §6[Sacks] §r§a+5§r§e items§r§e.§r§8 (Last 8s.)
00:35:48 [allowed] §cYou must double tap the drop button to drop this item!
00:35:48 [allowed] §cYou can disable this in the §r§fSettings§r§c in your §r§aSkyBlock Menu§r§c!
00:36:03 [allowed] §aSuccessfully added §r§fRock §r§ato your pet menu!
00:36:07 [allowed] §7Warping...
00:36:12 [allowed] §7Warping...
00:36:13 [EMPTY] §8 §r§8 §r§1 §r§3 §r§3 §r§7 §r§8 
00:36:14 [allowed] §6HUNT §e- §a4 §eof your §atraps §ecaught something!
00:36:14 [allowed] §7[§eClick here to collect them.§7]
00:36:15 [allowed] §cThere are blocks in the way!
00:36:16 [PROFILE_JOIN] §aYou are playing on profile: §eLemon§b (Co-op)
00:36:16 [PROFILE_JOIN] §8Profile ID: 62b760d8-92b6-4501-ada0-1fd8583f5266
00:36:21 [allowed] §7Warping you to your SkyBlock island...
00:36:21 [allowed] §7Sending to server mini141DR...
00:36:22 [EMPTY] §8 §r§8 §r§1 §r§3 §r§3 §r§7 §r§8 
00:36:23 [allowed] §6HUNT §e- §a4 §eof your §atraps §ecaught something!
00:36:23 [allowed] §7[§eClick here to collect them.§7]
00:36:25 [PROFILE_JOIN] §aYou are playing on profile: §eLemon§b (Co-op)
00:36:25 [PROFILE_JOIN] §8Profile ID: 62b760d8-92b6-4501-ada0-1fd8583f5266
00:36:29 [allowed] §7Warping...
00:36:29 [allowed] §7Sending to server mini16CP...
00:36:30 [EMPTY] §8 §r§8 §r§1 §r§3 §r§3 §r§7 §r§8 
00:36:31 [allowed] §6HUNT §e- §a4 §eof your §atraps §ecaught something!
00:36:31 [allowed] §7[§eClick here to collect them.§7]
00:36:33 [PROFILE_JOIN] §aYou are playing on profile: §eLemon§b (Co-op)
00:36:33 [PROFILE_JOIN] §8Profile ID: 62b760d8-92b6-4501-ada0-1fd8583f5266
00:36:37 [allowed] §e[NPC] §bKat§f: §rI'll get your §fHorse §fupgraded to §A§LUNCOMMON §fin no time!
00:36:40 [allowed] §e[NPC] §bKat§f: §rCome back in §e10 seconds §fto pick it up!
00:37:01 [allowed] §aYou donated your §r§9Hardened Diamond Armor §r§ato the Museum! §r§b+3 SkyBlock XP
00:37:14 [allowed] §7Warping you to your SkyBlock island...
00:37:14 [allowed] §7Sending to server mini249V...
00:37:15 [EMPTY] §8 §r§8 §r§1 §r§3 §r§3 §r§7 §r§8 
00:37:15 [allowed] §6HUNT §e- §a4 §eof your §atraps §ecaught something!
00:37:15 [allowed] §7[§eClick here to collect them.§7]
00:37:18 [PROFILE_JOIN] §aYou are playing on profile: §eLemon§b (Co-op)
00:37:18 [PROFILE_JOIN] §8Profile ID: 62b760d8-92b6-4501-ada0-1fd8583f5266
00:37:39 [allowed] §7Warping...
00:37:39 [allowed] §7Sending to server mini29AT...
00:37:40 [EMPTY] §8 §r§8 §r§1 §r§3 §r§3 §r§7 §r§8 
00:37:41 [allowed] §6HUNT §e- §a4 §eof your §atraps §ecaught something!
00:37:41 [allowed] §7[§eClick here to collect them.§7]
00:37:43 [PROFILE_JOIN] §aYou are playing on profile: §eLemon§b (Co-op)
00:37:43 [PROFILE_JOIN] §8Profile ID: 62b760d8-92b6-4501-ada0-1fd8583f5266
00:38:00 [allowed] §aYou donated your §r§fLeaftlet Armor §r§ato the Museum! §r§b+2 SkyBlock XP
00:38:09 [allowed] §7Warping you to your SkyBlock island...
00:38:09 [allowed] §7Sending to server mini86DS...
00:38:09 [EMPTY] §8 §r§8 §r§1 §r§3 §r§3 §r§7 §r§8 
00:38:10 [allowed] §6HUNT §e- §a4 §eof your §atraps §ecaught something!
00:38:10 [allowed] §7[§eClick here to collect them.§7]
00:38:13 [PROFILE_JOIN] §aYou are playing on profile: §eLemon§b (Co-op)
00:38:13 [PROFILE_JOIN] §8Profile ID: 62b760d8-92b6-4501-ada0-1fd8583f5266
00:39:09 [allowed] §6HUNT §e- §a4 §eof your §atraps §ecaught something!
00:39:09 [allowed] §7[§eClick here to collect them.§7]
00:40:50 [allowed] §aWarped from the §r§9Blue Teleport Pad§r§a to the §r§a‎ Teleport Pad§r§a!
00:41:02 [SACKS_CHANGE] §6[Sacks] §r§a+13§r§e items§r§e.§r§8 (Last 10s.)
00:41:02 [allowed] §cYou can't put that item in that slot!
00:41:07 [allowed] §aWarped from the §r§a‎ Teleport Pad§r§a to the §r§9Blue Teleport Pad§r§a!
00:41:19 [SACKS_CHANGE] §6[Sacks] §r§a+1§r§e item§r§e.§r§8 (Last 5s.)
00:41:21 [allowed] §7Warping...
00:41:21 [allowed] §7Sending to server mega19B...
00:41:21 [EMPTY] §8 §r§8 §r§1 §r§3 §r§3 §r§7 §r§8 
00:41:22 [allowed] §6HUNT §e- §a4 §eof your §atraps §ecaught something!
00:41:22 [allowed] §7[§eClick here to collect them.§7]
00:41:22 [allowed] §8[§r§a153§r§8] §r§6[MVP§4++§6] n2wthegorilla§f§r§f: it is shoooower time
00:41:25 [PROFILE_JOIN] §aYou are playing on profile: §eLemon§b (Co-op)
00:41:25 [PROFILE_JOIN] §8Profile ID: 62b760d8-92b6-4501-ada0-1fd8583f5266
00:42:14 [allowed] §aYou donated your §r§fPumpkin Armor §r§ato the Museum! §r§b+2 SkyBlock XP
00:42:15 [allowed] §aYou donated your §r§fMushroom Armor §r§ato the Museum! §r§b+2 SkyBlock XP
00:42:16 [allowed] §aYou donated your §r§9Miner Armor §r§ato the Museum! §r§b+3 SkyBlock XP
00:42:20 [allowed] §aYou retrieved your §r§9Miner Armor §r§afrom the §r§3Museum§r§a!
00:42:20 [allowed] §7It still counts towards your §r§3Museum§r§7 progress, but not towards your §r§6total item value§r§7.
00:42:31 [allowed] §7Warping you to your SkyBlock island...
00:42:31 [allowed] §7Sending to server mini198Q...
00:42:32 [EMPTY] §8 §r§8 §r§1 §r§3 §r§3 §r§7 §r§8 
00:42:32 [allowed] §6HUNT §e- §a4 §eof your §atraps §ecaught something!
00:42:32 [allowed] §7[§eClick here to collect them.§7]
00:42:35 [PROFILE_JOIN] §aYou are playing on profile: §eLemon§b (Co-op)
00:42:35 [PROFILE_JOIN] §8Profile ID: 62b760d8-92b6-4501-ada0-1fd8583f5266
00:43:17 [SACKS_CHANGE] §6[Sacks] §r§c-1,282§r§e items§r§e.§r§8 (Last 5s.)
00:43:27 [SACKS_CHANGE] §6[Sacks] §r§a+1,292§r§e items§r§e.§r§8 (Last 5s.)
00:43:32 [allowed] §6HUNT §e- §a4 §eof your §atraps §ecaught something!
00:43:32 [allowed] §7[§eClick here to collect them.§7]
00:43:52 [SACKS_CHANGE] §6[Sacks] §r§c-1,292§r§e items§r§e.§r§8 (Last 5s.)
00:45:23 [allowed] §7Warping...
00:45:23 [allowed] §7Sending to server mega6D...
00:45:23 [EMPTY] §8 §r§8 §r§1 §r§3 §r§3 §r§7 §r§8 
00:45:24 [allowed] §6HUNT §e- §a4 §eof your §atraps §ecaught something!
00:45:24 [allowed] §7[§eClick here to collect them.§7]
00:45:27 [PROFILE_JOIN] §aYou are playing on profile: §eLemon§b (Co-op)
00:45:27 [PROFILE_JOIN] §8Profile ID: 62b760d8-92b6-4501-ada0-1fd8583f5266
00:45:33 [allowed] §aYou caught a §aSalmon §aShard!
00:45:33 [allowed] §c§lDAVID§r§7: You reached §r§aMilestone 8 §r§7in §r§aAttribute Menu§r§7!
00:45:33 [allowed] §7You gained §r§2+2∮ Sweep
00:45:33 [allowed] §aYou caught a §9Dreadwing §aShard!
00:45:33 [allowed] §aYou caught §7x2 §fMudworm §aShards§a!
00:45:33 [allowed] §c§lDAVID§r§7: You reached §r§aMilestone 19 §r§7in §r§aTrap Hunts§r§7!
00:45:33 [allowed] §7You gained §r§8+§r§350,000 Hunting Exp
00:45:33 [allowed] §aYou caught a §fPhanpyre §aShard!
00:45:34 [allowed] §8[§r§2192§r§8] §r§b§lᛝ §r§a[VIP] Leonlloyd12§f§r§f: that was my dicc cheese
00:45:40 [allowed] §8[§r§78§r§8] §r§7BCSandwiches§7§r§7: AYOO
00:45:46 [allowed] §8[§r§4486§r§8] §r§6ᱪ §r§b[MVP§5+§b] FixMinecraft§f§r§f: good comms
00:45:53 [allowed] §8[§r§f60§r§8] §r§7Vanos_007§7§r§7: can someone help me get dragon things?
00:46:05 [allowed] §8[§r§2160§r§8] §r§b[MVP§c+§b] DEX_ROX§f§r§f: does anybody have the greater backpack recipe and can help me out real quick? /p me if so
00:46:28 [allowed] §8[§r§2160§r§8] §r§7mve52255§7§r§7: i do
00:46:37 [allowed] §8[§r§729§r§8] §r§7Wrightboy1§7§r§7: diamond minions for sale visit me
00:46:44 [allowed] §aYou donated your §r§9Heat Armor §r§ato the Museum! §r§b+2 SkyBlock XP
00:46:57 [allowed] §8[§r§e84§r§8] §r§a[VIP§6+§a] Nexulo§f§r§f: GUYS Im selling tier 11 snow, sheep and fish minions, visit or party me
00:46:59 [allowed] §8[§r§f51§r§8] §r§a[VIP§6+§a] Senior_Cheese§f§r§f: flower gmae /visit me for chance to 10x youre money
00:47:00 [allowed] §8[§r§2160§r§8] §r§7mve52255§7§r§7: have that recipe
00:47:01 [allowed] §7Warping...
00:47:01 [allowed] §7Sending to server mini157C...
00:47:01 [EMPTY] §8 §r§8 §r§1 §r§3 §r§3 §r§7 §r§8 
00:47:04 [PROFILE_JOIN] §aYou are playing on profile: §eLemon§b (Co-op)
00:47:04 [PROFILE_JOIN] §8Profile ID: 62b760d8-92b6-4501-ada0-1fd8583f5266
00:47:15 [SACKS_CHANGE] §6[Sacks] §r§a+8§r§e items§r§e.§r§8 (Last 12s.)
00:47:17 [allowed] §aYou placed a Trap near a Shard location! §r§8(§r§b2§r§7/§r§b5 §r§7traps placed§r§8)
00:47:19 [allowed] §aYou placed a Trap near a Shard location! §r§8(§r§b3§r§7/§r§b5 §r§7traps placed§r§8)
00:47:22 [allowed] §aYou placed a Trap near a Shard location! §r§8(§r§b4§r§7/§r§b5 §r§7traps placed§r§8)
00:47:24 [allowed] §cNo monsters can be trapped around here...
00:47:24 [allowed] §aYou placed a Trap near a Shard location! §r§8(§r§b5§r§7/§r§b5 §r§7traps placed§r§8)
00:47:28 [allowed] §7Warping you to your SkyBlock island...
00:47:28 [allowed] §7Sending to server mini148AW...
00:47:28 [EMPTY] §8 §r§8 §r§1 §r§3 §r§3 §r§7 §r§8 
00:47:32 [PROFILE_JOIN] §aYou are playing on profile: §eLemon§b (Co-op)
00:47:32 [PROFILE_JOIN] §8Profile ID: 62b760d8-92b6-4501-ada0-1fd8583f5266
00:47:40 [allowed] §7Finding player...
00:47:41 [allowed] §7Sending a visit request...
00:47:42 [allowed] §7Sending to server mini23AE...
00:47:42 [EMPTY] §8 §r§8 §r§1 §r§3 §r§3 §r§7 §r§8 
00:47:43 [allowed] §f§m-----------------------------------------------------
§r§cYou should NEVER enter your Microsoft account details anywhere but on official Microsoft services!

§r§cExternal links from untrusted sources should be avoided.
§r§f§m-----------------------------------------------------
00:47:45 [PROFILE_JOIN] §aYou are playing on profile: §eLemon§b (Co-op)
00:47:45 [PROFILE_JOIN] §8Profile ID: 62b760d8-92b6-4501-ada0-1fd8583f5266
00:47:59 [allowed] §7Sending to server mini1027W...
00:47:59 [EMPTY] §8 §r§8 §r§1 §r§3 §r§3 §r§7 §r§8 
00:48:03 [PROFILE_JOIN] §aYou are playing on profile: §eLemon§b (Co-op)
00:48:03 [PROFILE_JOIN] §8Profile ID: 62b760d8-92b6-4501-ada0-1fd8583f5266
00:48:53 [allowed] §6The sound of pickaxes clashing against the rock has attracted the attention of the §r§lPOWDER GHAST!
00:48:53 [allowed] §eFind the §r§6Powder Ghast§r§e near the §r§bDivan's Gateway§r§e!
00:49:02 [allowed] §aYou summoned your §r§6Silverfish§r§a!
00:49:19 [allowed] §cWhoa! Slow down there!
00:50:30 [allowed] §aYou used your §r§6Pickobulus §r§aPickaxe Ability!
00:50:30 [allowed] §7Your §r§aPickobulus §r§7destroyed §r§e50 §r§7blocks!
00:50:35 [SACKS_CHANGE] §6[Sacks] §r§a+320§r§e items§r§e.§r§8 (Last 5s.)
00:50:51 [SACKS_CHANGE] §6[Sacks] §r§a+7§r§e items§r§e.§r§8 (Last 5s.)
00:51:17 [allowed] §aYour §r§6Silverfish §r§aleveled up to level §r§951§r§a!
00:51:24 [SACKS_CHANGE] §6[Sacks] §r§a+217§r§e items§r§e.§r§8 (Last 30s.)
00:51:31 [allowed] §a§r§6Pickobulus §r§ais now available!
00:51:34 [allowed] §aYou used your §r§6Pickobulus §r§aPickaxe Ability!
00:51:34 [allowed] §7Your §r§aPickobulus §r§7destroyed §r§e33 §r§7blocks!
00:51:56 [SACKS_CHANGE] §6[Sacks] §r§a+480§r§e items§r§e.§r§8 (Last 30s.)
00:52:09 [allowed] §cYour Pickaxe ability is on cooldown for 26s.
00:52:31 [SACKS_CHANGE] §6[Sacks] §r§a+157§r§e items§r§e.§r§8 (Last 27s.)
00:52:34 [allowed] §a§r§6Pickobulus §r§ais now available!
00:52:55 [allowed] §aYou used your §r§6Pickobulus §r§aPickaxe Ability!
00:52:55 [allowed] §7Your §r§aPickobulus §r§7destroyed §r§e35 §r§7blocks!
00:53:19 [SACKS_CHANGE] §6[Sacks] §r§a+551§r§e items§r§e.§r§8 (Last 30s.)
00:53:46 [allowed] §a§lUPPER MINES TITANIUM §r§eCommission Complete! Visit the King §r§eto claim your rewards!
00:53:51 [SACKS_CHANGE] §6[Sacks] §r§a+240§r§e items§r§e.§r§8 (Last 30s.)
00:53:54 [allowed] §cWhoa! Slow down there!
00:53:55 [allowed] §a§r§6Pickobulus §r§ais now available!
00:54:02 [GUILD_EXP] §aYou earned §r§2494 GEXP §r§afrom playing SkyBlock!
00:54:08 [allowed] §7Warping you to your SkyBlock island...
00:54:08 [allowed] §7Sending to server mini66CP...
00:54:09 [EMPTY] §8 §r§8 §r§1 §r§3 §r§3 §r§7 §r§8 
00:54:12 [PROFILE_JOIN] §aYou are playing on profile: §eLemon§b (Co-op)
00:54:12 [PROFILE_JOIN] §8Profile ID: 62b760d8-92b6-4501-ada0-1fd8583f5266
00:55:08 [allowed] §cYour stash isn't holding any items or materials!
00:55:09 [SACKS_CHANGE] §6[Sacks] §r§c-1,216§r§e items§r§e.§r§8 (Last 5s.)
00:55:17 [allowed] §7Warping...
00:55:17 [allowed] §7Sending to server mini148CQ...
00:55:18 [SACKS_CHANGE] §6[Sacks] §r§c-730§r§e items§r§e.§r§8 (Last 5s.)
00:55:18 [EMPTY] §8 §r§8 §r§1 §r§3 §r§3 §r§7 §r§8 
00:55:21 [PROFILE_JOIN] §aYou are playing on profile: §eLemon§b (Co-op)
00:55:21 [PROFILE_JOIN] §8Profile ID: 62b760d8-92b6-4501-ada0-1fd8583f5266
00:55:29 [allowed] §8Withdrawing coins...
00:55:29 [allowed] §aWithdrew §r§69k coins§r§a! There's now §r§61.1M coins §r§aleft in the account!
00:55:35 [allowed] §7Warping...
00:55:35 [allowed] §7Sending to server mini91BA...
00:55:36 [EMPTY] §8 §r§8 §r§1 §r§3 §r§3 §r§7 §r§8 
00:55:39 [PROFILE_JOIN] §aYou are playing on profile: §eLemon§b (Co-op)
00:55:39 [PROFILE_JOIN] §8Profile ID: 62b760d8-92b6-4501-ada0-1fd8583f5266
00:55:42 [allowed] §eYour §r§apersonal bank §r§ecooldown was reset!
00:55:47 [allowed] §8Withdrawing coins...
00:55:47 [allowed] §aWithdrew §r§621k coins§r§a! There's now §r§61.1M coins §r§aleft in the account!
00:55:49 [allowed] §7Warping...
00:55:49 [allowed] §7Sending to server mini13F...
00:55:49 [EMPTY] §8 §r§8 §r§1 §r§3 §r§3 §r§7 §r§8 
00:55:52 [PROFILE_JOIN] §aYou are playing on profile: §eLemon§b (Co-op)
00:55:52 [PROFILE_JOIN] §8Profile ID: 62b760d8-92b6-4501-ada0-1fd8583f5266
00:56:08 [RARE_DROPS] §6§lRARE REWARD! §r§aHeKaban4ik §r§efound a §r§6Recombobulator 3000 §r§ein their Obsidian Chest§r§e!
00:56:11 [RARE_DROPS] §6§lRARE REWARD! §r§aHeKaban4ik §r§efound a §r§6Recombobulator 3000 §r§ein their Bedrock Chest§r§e!
00:56:21 [allowed] §8[§r§2199§r§8] §r§7Almond31§7§r§7: не много будет?
00:56:26 [allowed] §8[§r§2198§r§8] §r§a[VIP] HeKaban4ik§f§r§f: net
00:56:38 [allowed] §7Finding player...
00:56:39 [allowed] §7Sending a visit request...
00:56:40 [allowed] §7Sending to server mini23AE...
00:56:40 [EMPTY] §8 §r§8 §r§1 §r§3 §r§3 §r§7 §r§8 
00:56:41 [allowed] §f§m-----------------------------------------------------
§r§cYou should NEVER enter your Microsoft account details anywhere but on official Microsoft services!

§r§cExternal links from untrusted sources should be avoided.
§r§f§m-----------------------------------------------------
00:56:43 [allowed] §7Sending to server mini88U...
00:56:43 [EMPTY] §8 §r§8 §r§1 §r§3 §r§3 §r§7 §r§8 
00:56:43 [allowed] §6The sound of pickaxes clashing against the rock has attracted the attention of the §r§lPOWDER GHAST!
00:56:43 [allowed] §eFind the §r§6Powder Ghast§r§e near the §r§bDivan's Gateway§r§e!
00:56:46 [PROFILE_JOIN] §aYou are playing on profile: §eLemon§b (Co-op)
00:56:46 [PROFILE_JOIN] §8Profile ID: 62b760d8-92b6-4501-ada0-1fd8583f5266
00:57:43 [allowed] §7Warping...
00:57:44 [allowed] §7Sending to server mini150DA...
00:57:44 [EMPTY] §8 §r§8 §r§1 §r§3 §r§3 §r§7 §r§8 
00:57:46 [allowed] §e[SkyHanni] Successfully loaded this year's contests from elitebot.dev automatically!
00:57:46 [allowed] §6§lGROSS! §7While you were offline, §2Pests §7spawned in §aPlots §r§b3§r§7, §r§b5§r§7, §r§b2§r§7, §r§b8§r§7, §r§b6§r§7 and §r§b7§r§r§7!
00:57:46 [allowed] §7Your §r§6☘ Farming Fortune §r§7has been reduced by §r§475%§r§7!
00:57:46 [allowed] §7Click on a plot's name in chat to teleport to it!
00:57:48 [PROFILE_JOIN] §aYou are playing on profile: §eLemon§b (Co-op)
00:57:48 [PROFILE_JOIN] §8Profile ID: 62b760d8-92b6-4501-ada0-1fd8583f5266
00:58:06 [allowed] §3§l▬▬▬▬▬▬▬▬▬▬▬▬▬▬▬▬▬▬▬▬▬▬▬▬▬▬▬▬▬▬▬▬▬▬▬▬▬▬▬▬▬▬▬▬▬▬▬▬▬▬▬▬▬▬▬▬▬▬▬▬▬▬▬▬
00:58:06 [EMPTY]  
00:58:06 [BESTIARY] §f                                  §6§lBESTIARY
00:58:06 [BESTIARY] §f                               §b§lBeetle §7§87 §8➡§b §b8
00:58:06 [BESTIARY] 
00:58:06 [BESTIARY]                                   §r§6§lREWARDS
00:58:06 [BESTIARY]                           §r§6+0.4☘ Farming Fortune
00:58:06 [BESTIARY]                               §r§8+§r§62% §r§aBeetle §r§7coins
00:58:06 [BESTIARY]                     §r§8+§r§a50% §r§7chance for extra XP orbs
00:58:06 [BESTIARY]                                §r§8+§r§b1 SkyBlock XP
00:58:06 [BESTIARY] 
00:58:06 [allowed] §6§lBESTIARY §r§b§lBeetle §7§87 §8➡§b §b8
00:58:06 [BESTIARY] §3§l▬▬▬▬▬▬▬▬▬▬▬▬▬▬▬▬▬▬▬▬▬▬▬▬▬▬▬▬▬▬▬▬▬▬▬▬▬▬▬▬▬▬▬▬▬▬▬▬▬▬▬▬▬▬▬▬▬▬▬▬▬▬▬▬
00:58:06 [PEST_DROP] §eYou received §a8x Enchanted Nether Wart §efor killing a §2Beetle§e!
00:58:18 [PEST_DROP] §eYou received §a11x Enchanted Potato §efor killing a §2Locust§e!
00:58:33 [PEST_DROP] §eYou received §a15x Enchanted Potato §efor killing a §2Locust§e!
00:58:33 [allowed] §e[SkyHanni] Loaded Potato milestone data from tab list!
00:58:37 [allowed] §aTeleported you to §r§aPlot §r§7- §r§b6§r§a!
00:58:49 [PEST_DROP] §eYou received §a19x Enchanted Potato §efor killing a §2Locust§e!
00:58:50 [allowed] §aTeleported you to §r§aPlot §r§7- §r§b7§r§a!
00:58:59 [allowed] §4ൠ §r§7The Worm seems to have burrowed its way to somewhere else in the plot!
00:59:07 [allowed] §aYour Garden is no longer infested and your §r§6☘ Farming Fortune §r§ahas returned to normal!
00:59:07 [allowed] §3§l▬▬▬▬▬▬▬▬▬▬▬▬▬▬▬▬▬▬▬▬▬▬▬▬▬▬▬▬▬▬▬▬▬▬▬▬▬▬▬▬▬▬▬▬▬▬▬▬▬▬▬▬▬▬▬▬▬▬▬▬▬▬▬▬
00:59:07 [EMPTY]  
00:59:07 [BESTIARY] §f                                  §6§lBESTIARY
00:59:07 [BESTIARY] §f                               §b§lLocust §7§87 §8➡§b §b8
00:59:07 [BESTIARY] 
00:59:07 [BESTIARY]                                   §r§6§lREWARDS
00:59:07 [BESTIARY]                           §r§6+0.4☘ Farming Fortune
00:59:07 [BESTIARY]                               §r§8+§r§62% §r§aLocust §r§7coins
00:59:07 [BESTIARY]                     §r§8+§r§a50% §r§7chance for extra XP orbs
00:59:07 [BESTIARY]                                §r§8+§r§b1 SkyBlock XP
00:59:07 [BESTIARY] 
00:59:07 [allowed] §6§lBESTIARY §r§b§lLocust §7§87 §8➡§b §b8
00:59:07 [BESTIARY] §3§l▬▬▬▬▬▬▬▬▬▬▬▬▬▬▬▬▬▬▬▬▬▬▬▬▬▬▬▬▬▬▬▬▬▬▬▬▬▬▬▬▬▬▬▬▬▬▬▬▬▬▬▬▬▬▬▬▬▬▬▬▬▬▬▬
00:59:07 [PEST_DROP] §eYou received §a20x Enchanted Potato §efor killing a §2Locust§e!
00:59:12 [allowed] §4ൠ §r§7Find the Worm!
00:59:17 [allowed] §3§l▬▬▬▬▬▬▬▬▬▬▬▬▬▬▬▬▬▬▬▬▬▬▬▬▬▬▬▬▬▬▬▬▬▬▬▬▬▬▬▬▬▬▬▬▬▬▬▬▬▬▬▬▬▬▬▬▬▬▬▬▬▬▬▬
00:59:17 [EMPTY]  
00:59:17 [BESTIARY] §f                                  §6§lBESTIARY
00:59:17 [BESTIARY] §f                            §b§lEarthworm §7§85 §8➡§b §b6
00:59:17 [BESTIARY] 
00:59:17 [BESTIARY]                                   §r§6§lREWARDS
00:59:17 [BESTIARY]                           §r§6+0.4☘ Farming Fortune
00:59:17 [BESTIARY]                            §r§8+§r§62% §r§aEarthworm §r§7coins
00:59:17 [BESTIARY]                     §r§8+§r§a50% §r§7chance for extra XP orbs
00:59:17 [BESTIARY]                                §r§8+§r§b1 SkyBlock XP
00:59:17 [BESTIARY] 
00:59:17 [BESTIARY]   §r§f                         §6§lBESTIARY MILESTONE
00:59:17 [BESTIARY]   §r§f                                    §869➡§e70
00:59:17 [allowed] §6§lBESTIARY MILESTONE §869➡§e70
00:59:17 [BESTIARY] §6§lBESTIARY MILESTONE §869➡§e70
00:59:17 [BESTIARY] §6§lBESTIARY MILESTONE §869➡§e70
00:59:17 [BESTIARY] §6§lBESTIARY MILESTONE §869➡§e70
00:59:17 [BESTIARY] §6§lBESTIARY MILESTONE §869➡§e70
00:59:17 [BESTIARY] §6§lBESTIARY MILESTONE §869➡§e70
00:59:17 [BESTIARY] 
00:59:17 [allowed] §3§l▬▬▬▬▬▬▬▬▬▬▬▬▬▬▬▬▬▬▬▬▬▬▬▬▬▬▬▬▬▬▬▬▬▬▬▬▬▬▬▬▬▬▬▬▬▬▬▬▬▬▬▬▬▬▬▬▬▬▬▬▬▬▬▬
00:59:17 [PEST_DROP] §eYou received §a33x Enchanted Melon §efor killing an §2Earthworm§e!
00:59:25 [allowed] §aTeleported you to §r§aPlot §r§7- §r§b2§r§a!
00:59:34 [allowed] §cThis ability is on cooldown for 1s.
00:59:34 [allowed] §cThis ability is on cooldown for 1s.
00:59:34 [allowed] §cThis ability is on cooldown for 1s.
00:59:34 [allowed] §cThis ability is on cooldown for 1s.
00:59:34 [allowed] §cThis ability is on cooldown for 1s.
00:59:35 [allowed] §cThis ability is on cooldown for 1s.
00:59:35 [allowed] §cThis ability is on cooldown for 1s.
00:59:55 [PEST_DROP] §eYou received §a20x Enchanted Nether Wart §efor killing a §2Beetle§e!
01:00:12 [allowed] §3§l▬▬▬▬▬▬▬▬▬▬▬▬▬▬▬▬▬▬▬▬▬▬▬▬▬▬▬▬▬▬▬▬▬▬▬▬▬▬▬▬▬▬▬▬▬▬▬▬▬▬▬▬▬▬▬▬▬▬▬▬▬▬▬▬
01:00:12 [EMPTY]  
01:00:12 [BESTIARY] §f                                  §6§lBESTIARY
01:00:12 [BESTIARY] §f                              §b§lMosquito §7§86 §8➡§b §b7
01:00:12 [BESTIARY] 
01:00:12 [BESTIARY]                                   §r§6§lREWARDS
01:00:12 [BESTIARY]                           §r§6+0.4☘ Farming Fortune
01:00:12 [BESTIARY]                              §r§8+§r§62% §r§aMosquito §r§7coins
01:00:12 [BESTIARY]                     §r§8+§r§a50% §r§7chance for extra XP orbs
01:00:12 [BESTIARY]                                §r§8+§r§b1 SkyBlock XP
01:00:12 [BESTIARY] 
01:00:12 [allowed] §6§lBESTIARY §r§b§lEarthworm §7§85 §8➡§b §b6
01:00:12 [BESTIARY] §3§l▬▬▬▬▬▬▬▬▬▬▬▬▬▬▬▬▬▬▬▬▬▬▬▬▬▬▬▬▬▬▬▬▬▬▬▬▬▬▬▬▬▬▬▬▬▬▬▬▬▬▬▬▬▬▬▬▬▬▬▬▬▬▬▬
01:00:12 [PEST_DROP] §eYou received §a13x Enchanted Sugar §efor killing a §2Mosquito§e!
01:00:15 [allowed] §cThere are not any Pests on your Garden right now! Keep farming!
01:00:16 [allowed] §cThere are not any Pests on your Garden right now! Keep farming!
01:00:25 [allowed] §7Finding player...
01:00:26 [allowed] §7Sending a visit request...
01:00:26 [allowed] §7Sending to server mini23AE...
01:00:26 [EMPTY] §8 §r§8 §r§1 §r§3 §r§3 §r§7 §r§8 
01:00:27 [allowed] §f§m-----------------------------------------------------
§r§cYou should NEVER enter your Microsoft account details anywhere but on official Microsoft services!

§r§cExternal links from untrusted sources should be avoided.
§r§f§m-----------------------------------------------------
01:00:27 [EMPTY]  
01:00:27 [allowed] §f       §7You have §31 §7pending §3Bestiary Milestone §7to be claimed!
01:00:27 [allowed] §f                    §6§l>>> §6§lCLICK HERE§e to claim it! §6§l<<<
01:00:27 [EMPTY]   
01:00:30 [PROFILE_JOIN] §aYou are playing on profile: §eLemon§b (Co-op)
01:00:30 [PROFILE_JOIN] §8Profile ID: 62b760d8-92b6-4501-ada0-1fd8583f5266
01:00:31 [allowed] §7Sending to server mini151DJ...
01:00:31 [EMPTY] §8 §r§8 §r§1 §r§3 §r§3 §r§7 §r§8 
01:00:32 [EMPTY]  
01:00:32 [allowed] §f       §7You have §31 §7pending §3Bestiary Milestone §7to be claimed!
01:00:32 [allowed] §f                    §6§l>>> §6§lCLICK HERE§e to claim it! §6§l<<<
01:00:32 [EMPTY]   
01:00:35 [PROFILE_JOIN] §aYou are playing on profile: §eLemon§b (Co-op)
01:00:35 [PROFILE_JOIN] §8Profile ID: 62b760d8-92b6-4501-ada0-1fd8583f5266
01:00:35 [allowed] §3§l▬▬▬▬▬▬▬▬▬▬▬▬▬▬▬▬▬▬▬▬▬▬▬▬▬▬▬▬▬▬▬▬▬▬▬▬▬▬▬▬▬▬▬▬▬▬▬▬▬▬▬▬▬▬▬▬▬▬▬▬▬▬▬▬
01:00:35 [EMPTY]  
01:00:35 [allowed]                          §r§6§lBESTIARY MILESTONE
01:00:35 [allowed]                                    §r§869 §r§8➡§r§e §r§e70
01:00:35 [EMPTY]  
01:00:35 [allowed]                                   §r§6§lREWARDS
01:00:35 [allowed]                                  §r§8+§r§a1 §r§c❤ Health
01:00:35 [allowed]                        §r§8+§r§3250,000 §r§7Combat Experience
01:00:35 [allowed]                               §r§8+§r§b10 SkyBlock XP
01:00:35 [EMPTY]  
01:00:35 [allowed] §3§l▬▬▬▬▬▬▬▬▬▬▬▬▬▬▬▬▬▬▬▬▬▬▬▬▬▬▬▬▬▬▬▬▬▬▬▬▬▬▬▬▬▬▬▬▬▬▬▬▬▬▬▬▬▬▬▬▬▬▬▬▬▬▬▬
01:00:35 [allowed] §aYour §r§6Silverfish §r§aleveled up to level §r§953§r§a!
01:00:35 [allowed] §3§l▬▬▬▬▬▬▬▬▬▬▬▬▬▬▬▬▬▬▬▬▬▬▬▬▬▬▬▬▬▬▬▬▬▬▬▬▬▬▬▬▬▬▬▬▬▬▬▬▬▬▬▬▬▬▬▬▬▬▬▬▬▬▬▬
01:00:35 [allowed]   §r§b§lSKILL LEVEL UP §3Combat §823➜§324
01:00:35 [EMPTY] 
01:00:35 [allowed]   §r§a§lREWARDS
01:00:35 [allowed]    §r§eWarrior 24
01:00:35 [allowed]    §r  §7§fDeal §892➜§a96%§f more damage to mobs.
01:00:35 [allowed]    §r§7§8+§a0.5% §9☣ Crit Chance
01:00:35 [allowed]    §r§7§8+§6200,000 §7Coins
01:00:35 [allowed]    §r§7§8+§b10 SkyBlock XP
01:00:35 [allowed] §3§l▬▬▬▬▬▬▬▬▬▬▬▬▬▬▬▬▬▬▬▬▬▬▬▬▬▬▬▬▬▬▬▬▬▬▬▬▬▬▬▬▬▬▬▬▬▬▬▬▬▬▬▬▬▬▬▬▬▬▬▬▬▬▬▬
01:01:22 [allowed] §8Depositing coins...
01:01:22 [allowed] §aDeposited §r§6209.4k coins§r§a! There's now §r§61.3M coins §r§ain the account!
01:01:32 [EMPTY] 
01:01:32 [allowed] §4[WATCHDOG ANNOUNCEMENT]
01:01:32 [allowed] Watchdog has banned §r§c§l8,811§r§f players in the last 7 days.
01:01:32 [allowed] Staff have banned an additional §r§c§l8,571§r§f in the last 7 days.
01:01:32 [allowed] §cBlacklisted modifications are a bannable offense!
01:01:32 [EMPTY] §c
01:01:40 [allowed] §aYou used your §r§6Pickobulus §r§aPickaxe Ability!
01:01:41 [allowed] §7Your §r§aPickobulus §r§7destroyed §r§e41 §r§7blocks!
01:01:54 [allowed] §aYour §r§6Silverfish §r§aleveled up to level §r§954§r§a!
01:02:11 [SACKS_CHANGE] §6[Sacks] §r§a+590§r§e items§r§e.§r§8 (Last 30s.)
01:02:19 [allowed] §cYour Pickaxe ability is on cooldown for 21s.
01:02:41 [allowed] §a§r§6Pickobulus §r§ais now available!
01:02:42 [allowed] §aYou used your §r§6Pickobulus §r§aPickaxe Ability!
01:02:42 [allowed] §7Your §r§aPickobulus §r§7destroyed §r§e38 §r§7blocks!
01:02:42 [SACKS_CHANGE] §6[Sacks] §r§a+509§r§e items§r§e.§r§8 (Last 30s.)
01:03:14 [SACKS_CHANGE] §6[Sacks] §r§a+229§r§e items§r§e.§r§8 (Last 30s.)
01:03:21 [allowed] §cThere are blocks in the way!
01:03:25 [allowed] §a§lLAVA SPRINGS MITHRIL §r§eCommission Complete! Visit the King §r§eto claim your rewards!
01:03:26 [allowed] §cYour Pickaxe ability is on cooldown for 16s.
01:03:31 [SACKS_CHANGE] §6[Sacks] §r§a+56§r§e items§r§e.§r§8 (Last 16s.)
01:03:42 [allowed] §a§r§6Pickobulus §r§ais now available!
01:04:19 [allowed] §aYou used your §r§6Pickobulus §r§aPickaxe Ability!
01:04:19 [allowed] §7Your §r§aPickobulus §r§7destroyed §r§e51 §r§7blocks!
01:04:46 [allowed] §aYour §r§6Silverfish §r§aleveled up to level §r§955§r§a!
01:04:50 [allowed] §cYour Pickaxe ability is on cooldown for 30s.
01:04:50 [SACKS_CHANGE] §6[Sacks] §r§a+690§r§e items§r§e.§r§8 (Last 30s.)
01:04:59 [SACKS_CHANGE] §6[Sacks] §r§a+42§r§e items§r§e.§r§8 (Last 8s.)
01:05:19 [allowed] §a§r§6Pickobulus §r§ais now available!
01:05:21 [allowed] §aYou used your §r§6Pickobulus §r§aPickaxe Ability!
01:05:22 [allowed] §7Your §r§aPickobulus §r§7destroyed §r§e30 §r§7blocks!
01:05:35 [SACKS_CHANGE] §6[Sacks] §r§a+635§r§e items§r§e.§r§8 (Last 30s.)
01:06:06 [SACKS_CHANGE] §6[Sacks] §r§a+309§r§e items§r§e.§r§8 (Last 30s.)
01:06:19 [GUILD_EXP] §aYou earned §r§2700 GEXP §r§afrom playing SkyBlock!
01:06:22 [allowed] §a§r§6Pickobulus §r§ais now available!
01:06:27 [SACKS_CHANGE] §6[Sacks] §r§a+136§r§e items§r§e.§r§8 (Last 20s.)
01:06:39 [allowed] §5§l✯ §r§eA §r§5Fallen Star §r§ehas crashed at §r§bRampart's Quarry§r§e! Nearby ore and Powder drops are amplified!
01:08:51 [allowed] §aYou used your §r§6Pickobulus §r§aPickaxe Ability!
01:08:52 [allowed] §7Your §r§aPickobulus §r§7destroyed §r§e30 §r§7blocks!
01:08:54 [allowed] §a§lMITHRIL MINER §r§eCommission Complete! Visit the King §r§eto claim your rewards!
01:09:02 [SACKS_CHANGE] §6[Sacks] §r§a+341§r§e items§r§e.§r§8 (Last 12s.)
01:09:05 [allowed] §cWhoa! Slow down there!
01:09:52 [allowed] §a§r§6Pickobulus §r§ais now available!
01:10:07 [allowed] §a§l+5 Kill Combo §r§b+3% §r§b✯ Magic Find
01:10:16 [allowed] §a§l+10 Kill Combo §r§8+§r§610 §r§7coins per kill
01:10:20 [allowed] §9§l+15 Kill Combo §r§b+3% §r§b✯ Magic Find
01:10:29 [allowed] §5§l+20 Kill Combo §r§8§r§3+15☯ Combat Wisdom
01:10:33 [allowed] §cYour Kill Combo has expired! You reached a 21 Kill Combo!
01:10:43 [allowed] §a§l+5 Kill Combo §r§b+3% §r§b✯ Magic Find
01:10:48 [allowed] §a§l+10 Kill Combo §r§8+§r§610 §r§7coins per kill
01:10:55 [allowed] §9§l+15 Kill Combo §r§b+3% §r§b✯ Magic Find
01:11:04 [allowed] §5§l+20 Kill Combo §r§8§r§3+15☯ Combat Wisdom
01:11:07 [allowed] §a§l▬▬▬▬▬▬▬▬▬▬▬▬▬▬▬▬▬▬▬▬▬▬▬▬▬▬▬▬▬▬▬▬▬▬▬▬▬▬▬▬▬▬▬▬▬▬▬▬▬▬▬▬▬▬▬▬▬▬▬▬▬▬▬▬
01:11:07 [allowed]                       §r§d§lBETTER TOGETHER ENDED!
01:11:07 [allowed]                            §r§7Passive Active Event
01:11:07 [EMPTY] 
01:11:07 [allowed]    The festival has ended, but the Dwarven cooperative spirit
01:11:07 [allowed] §f                                 never dies.
01:11:07 [allowed] §a§l▬▬▬▬▬▬▬▬▬▬▬▬▬▬▬▬▬▬▬▬▬▬▬▬▬▬▬▬▬▬▬▬▬▬▬▬▬▬▬▬▬▬▬▬▬▬▬▬▬▬▬▬▬▬▬▬▬▬▬▬▬▬▬▬
01:11:11 [allowed] §cYour Kill Combo has expired! You reached a 22 Kill Combo!
01:11:19 [allowed] §a§l+5 Kill Combo §r§b+3% §r§b✯ Magic Find
01:11:21 [allowed] §a§lGLACITE WALKER SLAYER §r§eCommission Complete! Visit the King §r§eto claim your rewards!
01:11:22 [GUILD_EXP] §aYou earned §r§2441 GEXP §r§afrom playing SkyBlock!
01:11:28 [allowed] §cYour Kill Combo has expired! You reached a 7 Kill Combo!
01:11:36 [allowed] §6The sound of pickaxes clashing against the rock has attracted the attention of the §r§lPOWDER GHAST!
01:11:36 [allowed] §eFind the §r§6Powder Ghast§r§e near the §r§bRampart's Quarry§r§e!
01:56:19 [allowed] §aYou are still radiating with §bGenerosity§r§a!
01:56:19 [EMPTY] §f §r§r§r§f §r§r§r§1 §r§r§r§0 §r§r§r§2 §r§r§r§f §r§r§r§f §r§r§r§2 §r§r§r§0 §r§r§r§4 §r§r§r§3 §r§r§r§9 §r§r§r§2 §r§r§r§0 §r§r§r§0 §r§r§r§3 §r§r§r§9 §r§r§r§2 §r§r§r§0 §r§r§r§0 §r§r§r§3 §r§r§r§9 §r§r§r§2 §r§r§r§0 §r§r§r§0 
01:56:22 [allowed] §2Guild > §a[VIP§6+§a] himej0shi§f: §rHAUUII
01:56:23 [allowed] §7Sending to server mini188CJ...
01:56:23 [EMPTY] §8 §r§8 §r§1 §r§3 §r§3 §r§7 §r§8 
01:56:26 [EMPTY] 
01:56:26 [WELCOME] §eWelcome to §r§aHypixel SkyBlock§r§e!
01:56:26 [EMPTY] 
01:56:26 [allowed] §eLatest update: §bSkyBlock v0.23.1 §e§lCLICK
01:56:26 [allowed] §2Guild > §b[MVP§3+§b] catholicschool§f: §rwsg slimes
01:56:27 [PROFILE_JOIN] §aYou are playing on profile: §eLemon§b (Co-op)
01:56:27 [PROFILE_JOIN] §8Profile ID: 62b760d8-92b6-4501-ada0-1fd8583f5266
01:56:30 [allowed] §5§l✯ §r§eA §r§5Fallen Star §r§ehas crashed at §r§bFar Reserve§r§e! Nearby ore and Powder drops are amplified!
01:56:49 [allowed] §2Guild > §a[VIP§6+§a] himej0shi§f: §renerks
01:56:54 [allowed] §2Guild > §b[MVP§3+§b] catholicschool§f: §rawww head isu
01:56:56 [allowed] §aYou used your §r§6Pickobulus §r§aPickaxe Ability!
01:56:57 [allowed] §7Your §r§aPickobulus §r§7destroyed §r§e37 §r§7blocks!
01:57:00 [allowed] §2Guild > §a[VIP§6+§a] himej0shi§f: §rty lima
01:57:02 [SACKS_CHANGE] §6[Sacks] §r§a+155§r§e items§r§e.§r§8 (Last 5s.)
01:57:04 [allowed] §aYour §r§6Silverfish §r§aleveled up to level §r§956§r§a!
01:57:13 [allowed] §9§m-----------------------------------------------------§r
§r§a[VIP§r§6+§r§a] himej0shi §r§ehas invited you to join their party!
§r§eYou have §r§c60 §r§eseconds to accept. §r§6Click here to join!§r
§r§9§m-----------------------------------------------------
01:57:15 [SACKS_CHANGE] §6[Sacks] §r§a+56§r§e items§r§e.§r§8 (Last 12s.)
01:57:18 [allowed] §2Guild > §b[MVP§3+§b] catholicschool§f: §romg ma pean oma eestikeelse podcasti alustama
01:57:21 [allowed] §2Guild > §b[MVP§3+§b] catholicschool§f: §rjust rip off matan
01:57:22 [allowed] §9§m-----------------------------------------------------
01:57:22 [allowed] §eYou have joined §r§a[VIP§r§6+§r§a] himej0shi's §r§eparty!
01:57:22 [allowed] §9§m-----------------------------------------------------
01:57:32 [allowed] §2Guild > §a[VIP§6+§a] himej0shi§f: §rteeme eestikeelse podcasti
01:57:36 [allowed] §2Guild > §b[MVP§3+§b] catholicschool§f: §rShould we bomb isreal i heard they are close to developing a car
01:57:43 [allowed] §2Guild > §a[VIP§6+§a] himej0shi§f: §rmis su lemmik värv on
01:57:49 [allowed] §2Guild > §b[MVP§3+§b] catholicschool§f: §rdafhdbgidjhgfds just hakkasin kirjutama seda
01:57:52 [allowed] §2Guild > §a[VIP§6+§a] himej0shi§f: §raga kommenteerijad pange enda lemmik värv kommentaaridesse
01:57:53 [allowed] §2Guild > §a[VIP§6+§a] himej0shi§f: §rghfdgdfhfhd
01:57:57 [allowed] §a§r§6Pickobulus §r§ais now available!
01:57:59 [allowed] §aYou used your §r§6Pickobulus §r§aPickaxe Ability!
01:57:59 [allowed] §7Your §r§aPickobulus §r§7destroyed §r§e27 §r§7blocks!
01:58:09 [SACKS_CHANGE] §6[Sacks] §r§a+433§r§e items§r§e.§r§8 (Last 17s.)
01:58:14 [GUILD_EXP] §aYou earned §r§2113 GEXP §r§afrom playing SkyBlock!
01:58:32 [allowed] §2Guild > §a[VIP§6+§a] himej0shi§f: §rwoah meil 1mil
01:58:33 [allowed] §2Guild > §b[MVP§3+§b] catholicschool§f: §rkas sa kas sa kas sa kas kui kui sa kas, siis kui sa uhm kui sa muusikat teed kas siis kui sa teed kas sa siis noh, nagu kust sa oma ideed saad?
01:58:34 [allowed] §2Guild > §a[VIP§6+§a] himej0shi§f: §rtublii
01:58:41 [allowed] §2Guild > §a[VIP§6+§a] himej0shi§f: §rhafhfadhafd
01:58:47 [allowed] §2Guild > §a[VIP§6+§a] himej0shi§f: §rintervjueerija natuke shy :3
01:58:53 [allowed] §2Guild > §b[MVP§3+§b] catholicschool§f: §rghhgh teehee
01:58:54 [SACKS_CHANGE] §6[Sacks] §r§a+63§r§e items§r§e.§r§8 (Last 18s.)
01:58:59 [allowed] §a§r§6Pickobulus §r§ais now available!
01:59:00 [allowed] §aYou used your §r§6Pickobulus §r§aPickaxe Ability!
01:59:01 [allowed] §7Your §r§aPickobulus §r§7destroyed §r§e46 §r§7blocks!
01:59:11 [SACKS_CHANGE] §6[Sacks] §r§a+315§r§e items§r§e.§r§8 (Last 12s.)
01:59:35 [allowed]  §9§l» §ahimej0shi §eis traveling to §aGalatea §e§lFOLLOW
01:59:38 [allowed] §2Guild > §a[VIP§6+§a] himej0shi§f: §rdaily galatea
01:59:45 [allowed] §2Guild > §b[MVP§3+§b] catholicschool§f: §rgllll
01:59:58 [allowed] §2Guild > §a[VIP§6+§a] himej0shi§f: §rtyy
02:00:01 [allowed] §a§r§6Pickobulus §r§ais now available!
02:00:02 [allowed] §aYou used your §r§6Pickobulus §r§aPickaxe Ability!
02:00:02 [allowed] §7Your §r§aPickobulus §r§7destroyed §r§e26 §r§7blocks!
02:00:03 [SACKS_CHANGE] §6[Sacks] §r§a+512§r§e items§r§e.§r§8 (Last 30s.)
02:00:15 [allowed] §a§lRAMPART'S QUARRY MITHRIL §r§eCommission Complete! Visit the King §r§eto claim your rewards!
02:00:23 [SACKS_CHANGE] §6[Sacks] §r§a+83§r§e items§r§e.§r§8 (Last 17s.)
02:00:47 [allowed] §cThere are blocks in the way!
02:00:49 [SACKS_CHANGE] §6[Sacks] §r§a+93§r§e items§r§e.§r§8 (Last 6s.)
02:01:02 [allowed] §a§r§6Pickobulus §r§ais now available!
02:01:18 [allowed] §2Guild > §a[VIP§6+§a] himej0shi§f: §rkuidas ma siis nagu seda nüüd siis küsima peaksin.. ettt äääää naguuuu hmm et naguuuu kust ss nagu see mõte tuli et muusikat teha ss
02:01:27 [allowed] §2Guild > §b[MVP§3+§b] catholicschool§f: §rgfhfghfghfghfh
02:01:30 [allowed] §2Guild > §b[MVP§3+§b] catholicschool§f: §rexcatly
02:02:07 [allowed] §2Guild > §b[MVP§3+§b] catholicschool§f: §rmis su lemmik voileiva topping on ja miks see ei ole sinijuust?
02:02:12 [allowed] §2Guild > §a[VIP§6+§a] himej0shi§f: §rnämma
02:02:25 [allowed] §2Guild > §b[MVP§3+§b] catholicschool§f: §rkas sa tahaksid pigem lopmatult sinijuustu voi lopmatult video mange
02:02:33 [allowed] §aYou used your §r§6Pickobulus §r§aPickaxe Ability!
02:02:33 [allowed] §7Your §r§aPickobulus §r§7destroyed §r§e41 §r§7blocks!
02:02:39 [SACKS_CHANGE] §6[Sacks] §r§a+259§r§e items§r§e.§r§8 (Last 11s.)
02:02:47 [allowed] §2Guild > §b[MVP§3+§b] catholicschool§f: §rkui sa saaksid uuesti oma karjaari alustada kas sa siis hakkaksid sinijuusti kasvatajakjs?
02:02:58 [allowed] §2Guild > §a[VIP§6+§a] himej0shi§f: §rnoh eks võtan julguse kokku ja küsin natukene isiklikuma küsimuse ka, et heh ma natuke siis närvis et seda küsida aga FÄNNID peavad teadma!! no here goes nothing.. kummale poole su munn bendib kas paremale v vasakule
02:03:06 [allowed] §2Guild > §b[MVP§3+§b] catholicschool§f: §rgfhfghgf
02:03:11 [SACKS_CHANGE] §6[Sacks] §r§a+51§r§e items§r§e.§r§8 (Last 21s.)
02:03:16 [GUILD_EXP] §aYou earned §r§2584 GEXP §r§afrom playing SkyBlock!
02:03:17 [allowed] §2Guild > §a[VIP§6+§a] himej0shi§f: §rhafdhhfad
02:03:20 [allowed] §2Guild > §a[VIP§6+§a] himej0shi§f: §rsinijuustu podcast
02:03:23 [allowed] §2Guild > §a[VIP§6+§a] himej0shi§f: §raint sellest kysimused
02:03:24 [SACKS_CHANGE] §6[Sacks] §r§a+6§r§e items§r§e.§r§8 (Last 5s.)
02:03:25 [allowed] §2Guild > §b[MVP§3+§b] catholicschool§f: §rmiks sa mind uhes mu unenaos vagistasid?
02:03:28 [allowed] §2Guild > §a[VIP§6+§a] himej0shi§f: §rhafdhdfafhdaafdhhafd
02:03:33 [allowed] §a§r§6Pickobulus §r§ais now available!
02:03:40 [SACKS_CHANGE] §6[Sacks] §r§a+18§r§e items§r§e.§r§8 (Last 10s.)
02:03:44 [allowed] §aYou used your §r§6Pickobulus §r§aPickaxe Ability!
02:03:45 [allowed] §7Your §r§aPickobulus §r§7destroyed §r§e28 §r§7blocks!
02:03:53 [allowed] §cYour Pickaxe ability is on cooldown for 52s.
02:03:53 [allowed] §cYour Pickaxe ability is on cooldown for 52s.
02:03:54 [SACKS_CHANGE] §6[Sacks] §r§a+383§r§e items§r§e.§r§8 (Last 9s.)
02:04:09 [allowed] §2Guild > §b[MVP§3+§b] catholicschool§f: §rkui sa saaksid valida kas sa siis oleksid dark elf, goblin, rogue voi warlock?
02:04:16 [allowed] §8[§r§725§r§8] §r§7duplex_term§7§r§7: anyone know fleet reforge stone?
02:04:19 [allowed] §8[§r§2196§r§8] §r§a[VIP] daee8122§f§r§f: what are you doing rn?
02:04:24 [allowed] §2Guild > §a[VIP§6+§a] himej0shi§f: §rdark elf
02:04:28 [allowed] §8[§r§9318§r§8] §r§7§lツ §r§b[MVP§f+§b] DarkSparrow1§f§r§f: mining ruby why?
02:04:29 [allowed] §8[§r§f52§r§8] §r§a[VIP] DonutKrypt§f§r§f: duplex what abt it
02:04:30 [allowed] §2Guild > §a[VIP§6+§a] himej0shi§f: §rsee acc hea kysimus isegi :SOb:
02:04:32 [allowed] §8[§r§736§r§8] §r§7diyav§7§r§7: it's diamonite
02:04:32 [allowed] §a§lRAMPART'S QUARRY TITANIUM §r§eCommission Complete! Visit the King §r§eto claim your rewards!
02:04:38 [SACKS_CHANGE] §6[Sacks] §r§a+70§r§e items§r§e.§r§8 (Last 21s.)
02:04:38 [allowed] §8[§r§2196§r§8] §r§a[VIP] daee8122§f§r§f: you have fishing equipment on rnm
02:04:43 [allowed] §2Guild > §b[MVP§3+§b] catholicschool§f: §rkas sulle meeldis uus lich king expansion?
02:04:45 [allowed] §a§r§6Pickobulus §r§ais now available!
02:04:49 [allowed] §2Guild > §a[VIP§6+§a] himej0shi§f: §rwhat uus on või
02:04:50 [allowed] §aYou used your §r§6Pickobulus §r§aPickaxe Ability!
02:04:50 [allowed] §7Your §r§aPickobulus §r§7destroyed §r§e35 §r§7blocks!
02:04:52 [allowed] §8[§r§9318§r§8] §r§7§lツ §r§b[MVP§f+§b] DarkSparrow1§f§r§f: just the belt
02:04:54 [allowed] §2Guild > §a[VIP§6+§a] himej0shi§f: §risnt that from like 2006
02:04:56 [SACKS_CHANGE] §6[Sacks] §r§a+293§r§e items§r§e.§r§8 (Last 5s.)
02:04:56 [allowed] §2Guild > §b[MVP§3+§b] catholicschool§f: §rit is
02:05:04 [allowed] §2Guild > §a[VIP§6+§a] himej0shi§f: §rhgdfhfg
02:05:06 [allowed] §8[§r§2196§r§8] §r§a[VIP] daee8122§f§r§f: why? if you dont mind me asking
02:05:19 [allowed]  §9⚑ §eThe §9Gone with the Wind §eevent starts in §a20 §eseconds!
 §eThis is a passive event! §bIt's happening everywhere in the §bDwarven Mines!
02:05:23 [allowed] §aYour §r§6Silverfish §r§aleveled up to level §r§957§r§a!
02:05:39 [allowed] §a§l▬▬▬▬▬▬▬▬▬▬▬▬▬▬▬▬▬▬▬▬▬▬▬▬▬▬▬▬▬▬▬▬▬▬▬▬▬▬▬▬▬▬▬▬▬▬▬▬▬▬▬▬▬▬▬▬▬▬▬▬▬▬▬▬
02:05:39 [allowed]                    §r§9§lGONE WITH THE WIND STARTED!
02:05:39 [allowed]                            §r§7Passive Active Event
02:05:39 [EMPTY]                                         
02:05:39 [allowed]   The cavern is windy today! Mining in the direction of the wind
02:05:39 [allowed] §f                      will give §r§6+600⸕ Mining Speed§r§f.
02:05:39 [allowed] §a§l▬▬▬▬▬▬▬▬▬▬▬▬▬▬▬▬▬▬▬▬▬▬▬▬▬▬▬▬▬▬▬▬▬▬▬▬▬▬▬▬▬▬▬▬▬▬▬▬▬▬▬▬▬▬▬▬▬▬▬▬▬▬▬▬
02:05:39 [allowed] §aThe wind has changed direction!
02:05:50 [allowed] §a§r§6Pickobulus §r§ais now available!
02:05:50 [allowed] §8[§r§9318§r§8] §r§7§lツ §r§b[MVP§f+§b] DarkSparrow1§f§r§f: there is nothing really for mining fortune without over spending
02:05:52 [SACKS_CHANGE] §6[Sacks] §r§a+524§r§e items§r§e.§r§8 (Last 15s.)
02:06:20 [allowed] §2Guild > §b[MVP§3+§b] catholicschool§f: §rniiet uh me leidsime su uh vana redditi konto niiet uh,, miks sa utlesid aastal 2015, "oh my god that little shota dih is so fking cute"
02:06:22 [allowed] §2Guild > §a[VIP§6+§a] himej0shi§f: §rkuidas teie staatus sellest mõjutatud on et te juustu ei söö
02:06:22 [allowed] §aYou used your §r§6Pickobulus §r§aPickaxe Ability!
02:06:23 [allowed] §7Your §r§aPickobulus §r§7destroyed §r§e46 §r§7blocks!
02:06:30 [allowed] §2Guild > §a[VIP§6+§a] himej0shi§f: §rhahadfhadahd
02:06:34 [allowed] §8[§r§f52§r§8] §r§a[VIP] DonutKrypt§f§r§f: I need a mitheral armor set
02:06:34 [allowed] §aThe wind has changed direction!
02:06:36 [SACKS_CHANGE] §6[Sacks] §r§a+384§r§e items§r§e.§r§8 (Last 13s.)
02:06:39 [allowed] §2Guild > §a[VIP§6+§a] himej0shi§f: §rsee personal jab at me nyyd :3
02:06:45 [allowed] §2Guild > §b[MVP§3+§b] catholicschool§f: §rkas te sooksite selle sinijuustu mis ma teie ette toonud olen palun?
02:06:52 [allowed] §2Guild > §a[VIP§6+§a] himej0shi§f: §rhahahaha
02:06:52 [SACKS_CHANGE] §6[Sacks] §r§a+3§r§e items§r§e.§r§8 (Last 5s.)
02:06:55 [allowed] §2Guild > §b[MVP§3+§b] catholicschool§f: §rmkm see hea kysimus mida genkalt nt kusida
02:06:58 [allowed] §2Guild > §b[MVP§3+§b] catholicschool§f: §rv koit toome
02:07:09 [allowed] §cYour Pickaxe ability is on cooldown for 13s.
02:07:13 [allowed] §8[§r§9318§r§8] §r§7§lツ §r§b[MVP§f+§b] DarkSparrow1§f§r§f: you know titanium doesnt work in the glacite tunnels right
02:07:23 [allowed] §a§r§6Pickobulus §r§ais now available!
02:07:25 [allowed] §2Guild > §a[VIP§6+§a] himej0shi§f: §rmiks teile väikesed lapsed seksuaalselt meeldivad
02:07:26 [allowed] §aYou used your §r§6Pickobulus §r§aPickaxe Ability!
02:07:27 [allowed] §7Your §r§aPickobulus §r§7destroyed §r§e56 §r§7blocks!
02:07:30 [SACKS_CHANGE] §6[Sacks] §r§a+524§r§e items§r§e.§r§8 (Last 30s.)
02:07:36 [SACKS_CHANGE] §6[Sacks] §r§a+3§r§e items§r§e.§r§8 (Last 5s.)
02:07:55 [allowed] §2Guild > §b[MVP§3+§b] catholicschool§f: §rkui te peaks valima kas te pigem valiksite lopmault vaikseid lapsi seksuaalselt voi lopmatult sinijuustu?
02:08:06 [allowed] §cYour Pickaxe ability is on cooldown for 21s.
02:08:07 [allowed] §2Guild > §a[VIP§6+§a] himej0shi§f: §rlihtne kysimus
02:08:10 [allowed] §2Guild > §a[VIP§6+§a] himej0shi§f: §rnobrainer
02:08:13 [allowed] §2Guild > §b[MVP§3+§b] catholicschool§f: §rgr
02:08:14 [allowed] §2Guild > §b[MVP§3+§b] catholicschool§f: §rfe
02:08:16 [allowed] §2Guild > §b[MVP§3+§b] catholicschool§f: §rfr*
02:08:17 [SACKS_CHANGE] §6[Sacks] §r§a+86§r§e items§r§e.§r§8 (Last 20s.)
02:08:18 [allowed] §2Guild > §a[VIP§6+§a] himej0shi§f: §rhgfdfdghhfgd
02:08:19 [GUILD_EXP] §aYou earned §r§2684 GEXP §r§afrom playing SkyBlock!
02:08:27 [allowed] §a§r§6Pickobulus §r§ais now available!
02:08:28 [allowed] §aYou used your §r§6Pickobulus §r§aPickaxe Ability!
02:08:29 [allowed] §7Your §r§aPickobulus §r§7destroyed §r§e56 §r§7blocks!
02:08:49 [SACKS_CHANGE] §6[Sacks] §r§a+539§r§e items§r§e.§r§8 (Last 30s.)
02:08:54 [allowed] §cYour Pickaxe ability is on cooldown for 35s.
02:09:12 [allowed] §cYour Pickaxe ability is on cooldown for 16s.
02:09:19 [allowed] §a§lMITHRIL MINER §r§eCommission Complete! Visit the King §r§eto claim your rewards!
02:09:20 [SACKS_CHANGE] §6[Sacks] §r§a+163§r§e items§r§e.§r§8 (Last 30s.)
02:09:27 [SACKS_CHANGE] §6[Sacks] §r§a+12§r§e items§r§e.§r§8 (Last 6s.)
02:09:29 [allowed] §a§r§6Pickobulus §r§ais now available!
02:09:35 [allowed] §aYou used your §r§6Pickobulus §r§aPickaxe Ability!
02:09:35 [allowed] §7Your §r§aPickobulus §r§7destroyed §r§e37 §r§7blocks!
02:09:40 [SACKS_CHANGE] §6[Sacks] §r§a+240§r§e items§r§e.§r§8 (Last 5s.)
02:09:49 [SACKS_CHANGE] §6[Sacks] §r§a+182§r§e items§r§e.§r§8 (Last 9s.)
02:09:49 [allowed] §aYour §r§6Silverfish §r§aleveled up to level §r§958§r§a!
02:10:03 [allowed] §8[§r§77§r§8] §r§b[MVP§9+§b] SrDuckie§f§r§f: edCUADOR ADMFASDFMASFDS
02:10:05 [allowed] §8[§r§b203§r§8] §r§7⚚ §r§b[MVP§a+§b] TimLuca§f§r§f: anyone ghost hunting?
02:10:15 [SACKS_CHANGE] §6[Sacks] §r§a+433§r§e items§r§e.§r§8 (Last 13s.)
02:10:24 [allowed] §cYour Pickaxe ability is on cooldown for 11s.
02:10:35 [allowed] §a§r§6Pickobulus §r§ais now available!
02:10:38 [allowed] §aYou used your §r§6Pickobulus §r§aPickaxe Ability!
02:10:38 [allowed] §7Your §r§aPickobulus §r§7destroyed §r§e38 §r§7blocks!
02:10:57 [SACKS_CHANGE] §6[Sacks] §r§a+482§r§e items§r§e.§r§8 (Last 30s.)
02:10:59 [allowed] §2Guild > §a[VIP§6+§a] himej0shi§f: §ryritasin leida kus on rori harem voodis a ei leidnud seda õiget pilti ylesse sob
02:11:08 [allowed] §2Guild > §b[MVP§3+§b] catholicschool§f: §rahh i wanna seee
02:11:10 [SACKS_CHANGE] §6[Sacks] §r§a+47§r§e items§r§e.§r§8 (Last 12s.)
02:11:21 [allowed] §2Guild > §a[VIP§6+§a] himej0shi§f: §rhgfdhfgd otsin veel
02:11:22 [allowed] §cYour Pickaxe ability is on cooldown for 17s.
02:11:27 [SACKS_CHANGE] §6[Sacks] §r§a+86§r§e items§r§e.§r§8 (Last 16s.)
02:11:39 [allowed] §a§r§6Pickobulus §r§ais now available!
02:11:51 [SACKS_CHANGE] §6[Sacks] §r§a+13§r§e items§r§e.§r§8 (Last 6s.)
02:11:55 [allowed] §2Guild > §a[VIP§6+§a] himej0shi§f: §rfound it
02:12:31 [allowed] §aYou used your §r§6Pickobulus §r§aPickaxe Ability!
02:12:31 [allowed] §7Your §r§aPickobulus §r§7destroyed §r§e42 §r§7blocks!
02:12:53 [SACKS_CHANGE] §6[Sacks] §r§a+401§r§e items§r§e.§r§8 (Last 28s.)
02:13:14 [SACKS_CHANGE] §6[Sacks] §r§a+13§r§e items§r§e.§r§8 (Last 6s.)
02:13:20 [SACKS_CHANGE] §6[Sacks] §r§a+10§r§e items§r§e.§r§8 (Last 5s.)
02:13:22 [GUILD_EXP] §aYou earned §r§2670 GEXP §r§afrom playing SkyBlock!
02:13:32 [allowed] §a§r§6Pickobulus §r§ais now available!
02:13:44 [SACKS_CHANGE] §6[Sacks] §r§a+32§r§e items§r§e.§r§8 (Last 11s.)
02:14:12 [allowed]  §9§l» §ahimej0shi §eis traveling to §aPrivate Island §e§lFOLLOW
02:14:49 [SACKS_CHANGE] §6[Sacks] §r§a+12§r§e items§r§e.§r§8 (Last 6s.)
02:14:52 [allowed] §aYou used your §r§6Pickobulus §r§aPickaxe Ability!
02:14:52 [allowed] §a§lLAVA SPRINGS MITHRIL §r§eCommission Complete! Visit the King §r§eto claim your rewards!
02:14:52 [allowed] §7Your §r§aPickobulus §r§7destroyed §r§e42 §r§7blocks!
02:14:58 [SACKS_CHANGE] §6[Sacks] §r§a+289§r§e items§r§e.§r§8 (Last 5s.)
02:15:00 [allowed] §aThe wind has changed direction!
02:15:13 [allowed]  §9§l» §ahimej0shi §eis traveling to §aGalatea §e§lFOLLOW
02:15:17 [allowed] §bhimej0shi joined SkyBlock.
02:15:19 [allowed] §2Guild > §a[VIP§6+§a] himej0shi§f: §rhgfdhffdg cute
02:15:27 [allowed] §2Guild > §a[VIP§6+§a] himej0shi§f: §rcute rori
02:15:34 [allowed] §2Guild > §b[MVP§3+§b] catholicschool§f: §r:#
02:15:36 [allowed] §2Guild > §b[MVP§3+§b] catholicschool§f: §r:3
02:15:36 [allowed] §2Guild > §b[MVP§3+§b] catholicschool§f: §rdgfhfgh
02:15:45 [allowed] §aThe wind has changed direction!
02:15:52 [allowed] §a§r§6Pickobulus §r§ais now available!
02:16:26 [allowed] §aThe wind has changed direction!
02:16:35 [allowed] §7You have met §r§e7§r§7/§r§e7§r§7 Kings. A reward may follow.
02:16:35 [allowed] §7You have received a §r§fKing Talisman§r§7!
