23:58:06 [EMPTY] §f §r§r§r§f §r§r§r§1 §r§r§r§0 §r§r§r§2 §r§r§r§f §r§r§r§f §r§r§r§2 §r§r§r§0 §r§r§r§4 §r§r§r§3 §r§r§r§9 §r§r§r§2 §r§r§r§0 §r§r§r§0 §r§r§r§3 §r§r§r§9 §r§r§r§2 §r§r§r§0 §r§r§r§0 §r§r§r§3 §r§r§r§9 §r§r§r§2 §r§r§r§0 §r§r§r§0 
00:00:40 [EMPTY] §f §r§r§r§f §r§r§r§1 §r§r§r§0 §r§r§r§2 §r§r§r§f §r§r§r§f §r§r§r§2 §r§r§r§0 §r§r§r§4 §r§r§r§3 §r§r§r§9 §r§r§r§2 §r§r§r§0 §r§r§r§0 §r§r§r§3 §r§r§r§9 §r§r§r§2 §r§r§r§0 §r§r§r§0 §r§r§r§3 §r§r§r§9 §r§r§r§2 §r§r§r§0 §r§r§r§0 
00:00:43 [EMPTY] §8 §r§8 §r§1 §r§3 §r§3 §r§7 §r§8 
00:00:45 [EMPTY] 
00:00:45 [WELCOME] §eWelcome to §r§aHypixel SkyBlock§r§e!
00:00:45 [EMPTY] 
00:00:47 [PROFILE_JOIN] §aYou are playing on profile: §eLemon§b (Co-op)
00:00:47 [PROFILE_JOIN] §8Profile ID: 62b760d8-92b6-4501-ada0-1fd8583f5266
00:01:45 [EMPTY] §8 §r§8 §r§1 §r§3 §r§3 §r§7 §r§8 
00:01:49 [PROFILE_JOIN] §aYou are playing on profile: §eLemon§b (Co-op)
00:01:49 [PROFILE_JOIN] §8Profile ID: 62b760d8-92b6-4501-ada0-1fd8583f5266
00:02:27 [EMPTY] §8 §r§8 §r§1 §r§3 §r§3 §r§7 §r§8 
00:02:31 [PROFILE_JOIN] §aYou are playing on profile: §eLemon§b (Co-op)
00:02:31 [PROFILE_JOIN] §8Profile ID: 62b760d8-92b6-4501-ada0-1fd8583f5266
00:04:57 [EMPTY] §8 §r§8 §r§1 §r§3 §r§3 §r§7 §r§8 
00:05:00 [PROFILE_JOIN] §aYou are playing on profile: §eLemon§b (Co-op)
00:05:00 [PROFILE_JOIN] §8Profile ID: 62b760d8-92b6-4501-ada0-1fd8583f5266
00:05:33 [SACKS_CHANGE] §6[Sacks] §r§a+1,194§r§e items§r§e.§r§8 (Last 19s.)
00:05:59 [SACKS_CHANGE] §6[Sacks] §r§a+1,251§r§e items§r§e.§r§8 (Last 24s.)
00:06:05 [EMPTY] §8 §r§8 §r§1 §r§3 §r§3 §r§7 §r§8 
00:06:08 [PROFILE_JOIN] §aYou are playing on profile: §eLemon§b (Co-op)
00:06:08 [PROFILE_JOIN] §8Profile ID: 62b760d8-92b6-4501-ada0-1fd8583f5266
00:06:18 [SACKS_CHANGE] §6[Sacks] §r§c-1,088§r§e items§r§e.§r§8 (Last 5s.)
00:06:30 [SACKS_CHANGE] §6[Sacks] §r§a+1,795§r§e items§r§e, §r§c-1,216§r§e items§r§e.§r§8 (Last 9s.)
00:06:37 [SACKS_CHANGE] §6[Sacks] §r§c-1,216§r§e items§r§e.§r§8 (Last 5s.)
00:09:08 [SACKS_CHANGE] §6[Sacks] §r§a+6§r§e items§r§e, §r§c-1,024§r§e items§r§e.§r§8 (Last 5s.)
00:09:19 [SACKS_CHANGE] §6[Sacks] §r§c-124§r§e items§r§e.§r§8 (Last 5s.)
00:09:28 [SACKS_CHANGE] §6[Sacks] §r§c-1,024§r§e items§r§e.§r§8 (Last 5s.)
00:09:39 [SACKS_CHANGE] §6[Sacks] §r§c-120§r§e items§r§e.§r§8 (Last 5s.)
00:09:46 [SACKS_CHANGE] §6[Sacks] §r§c-869§r§e items§r§e.§r§8 (Last 5s.)
00:10:04 [SACKS_CHANGE] §6[Sacks] §r§c-115§r§e items§r§e.§r§8 (Last 5s.)
00:10:41 [SACKS_CHANGE] §6[Sacks] §r§c-95§r§e items§r§e.§r§8 (Last 5s.)
00:11:06 [GUILD_EXP] §aYou earned §r§2548 GEXP §r§afrom playing SkyBlock!
00:16:07 [GUILD_EXP] §aYou earned §r§2681 GEXP §r§afrom playing SkyBlock!
00:17:48 [EMPTY] §8 §r§8 §r§1 §r§3 §r§3 §r§7 §r§8 
00:17:51 [PROFILE_JOIN] §aYou are playing on profile: §eLemon§b (Co-op)
00:17:51 [PROFILE_JOIN] §8Profile ID: 62b760d8-92b6-4501-ada0-1fd8583f5266
00:17:55 [EMPTY] §8 §r§8 §r§1 §r§3 §r§3 §r§7 §r§8 
00:17:58 [PROFILE_JOIN] §aYou are playing on profile: §eLemon§b (Co-op)
00:17:58 [PROFILE_JOIN] §8Profile ID: 62b760d8-92b6-4501-ada0-1fd8583f5266
00:19:01 [EMPTY] §8 §r§8 §r§1 §r§3 §r§3 §r§7 §r§8 
00:19:04 [PROFILE_JOIN] §aYou are playing on profile: §eLemon§b (Co-op)
00:19:04 [PROFILE_JOIN] §8Profile ID: 62b760d8-92b6-4501-ada0-1fd8583f5266
00:19:50 [SACKS_CHANGE] §6[Sacks] §r§a+3§r§e items§r§e.§r§8 (Last 5s.)
00:20:00 [SACKS_CHANGE] §6[Sacks] §r§a+9§r§e items§r§e.§r§8 (Last 9s.)
00:24:02 [GUILD_EXP] §aYou earned §r§2593 GEXP §r§afrom playing SkyBlock!
00:29:03 [GUILD_EXP] §aYou earned §r§240 GEXP §r§afrom playing SkyBlock!
00:29:35 [EMPTY] 
00:30:38 [SACKS_CHANGE] §6[Sacks] §r§a+1,281§r§e items§r§e.§r§8 (Last 9s.)
00:30:47 [SACKS_CHANGE] §6[Sacks] §r§a+292§r§e items§r§e.§r§8 (Last 7s.)
00:34:05 [GUILD_EXP] §aYou earned §r§2491 GEXP §r§afrom playing SkyBlock!
00:34:42 [SACKS_CHANGE] §6[Sacks] §r§a+915§r§e items§r§e.§r§8 (Last 24s.)
00:35:19 [SACKS_CHANGE] §6[Sacks] §r§a+5§r§e items§r§e.§r§8 (Last 8s.)
00:36:13 [EMPTY] §8 §r§8 §r§1 §r§3 §r§3 §r§7 §r§8 
00:36:16 [PROFILE_JOIN] §aYou are playing on profile: §eLemon§b (Co-op)
00:36:16 [PROFILE_JOIN] §8Profile ID: 62b760d8-92b6-4501-ada0-1fd8583f5266
00:36:22 [EMPTY] §8 §r§8 §r§1 §r§3 §r§3 §r§7 §r§8 
00:36:25 [PROFILE_JOIN] §aYou are playing on profile: §eLemon§b (Co-op)
00:36:25 [PROFILE_JOIN] §8Profile ID: 62b760d8-92b6-4501-ada0-1fd8583f5266
00:36:30 [EMPTY] §8 §r§8 §r§1 §r§3 §r§3 §r§7 §r§8 
00:36:33 [PROFILE_JOIN] §aYou are playing on profile: §eLemon§b (Co-op)
00:36:33 [PROFILE_JOIN] §8Profile ID: 62b760d8-92b6-4501-ada0-1fd8583f5266
00:37:15 [EMPTY] §8 §r§8 §r§1 §r§3 §r§3 §r§7 §r§8 
00:37:18 [PROFILE_JOIN] §aYou are playing on profile: §eLemon§b (Co-op)
00:37:18 [PROFILE_JOIN] §8Profile ID: 62b760d8-92b6-4501-ada0-1fd8583f5266
00:37:40 [EMPTY] §8 §r§8 §r§1 §r§3 §r§3 §r§7 §r§8 
00:37:43 [PROFILE_JOIN] §aYou are playing on profile: §eLemon§b (Co-op)
00:37:43 [PROFILE_JOIN] §8Profile ID: 62b760d8-92b6-4501-ada0-1fd8583f5266
00:38:09 [EMPTY] §8 §r§8 §r§1 §r§3 §r§3 §r§7 §r§8 
00:38:13 [PROFILE_JOIN] §aYou are playing on profile: §eLemon§b (Co-op)
00:38:13 [PROFILE_JOIN] §8Profile ID: 62b760d8-92b6-4501-ada0-1fd8583f5266
00:41:02 [SACKS_CHANGE] §6[Sacks] §r§a+13§r§e items§r§e.§r§8 (Last 10s.)
00:41:19 [SACKS_CHANGE] §6[Sacks] §r§a+1§r§e item§r§e.§r§8 (Last 5s.)
00:41:21 [EMPTY] §8 §r§8 §r§1 §r§3 §r§3 §r§7 §r§8 
00:41:25 [PROFILE_JOIN] §aYou are playing on profile: §eLemon§b (Co-op)
00:41:25 [PROFILE_JOIN] §8Profile ID: 62b760d8-92b6-4501-ada0-1fd8583f5266
00:42:32 [EMPTY] §8 §r§8 §r§1 §r§3 §r§3 §r§7 §r§8 
00:42:35 [PROFILE_JOIN] §aYou are playing on profile: §eLemon§b (Co-op)
00:42:35 [PROFILE_JOIN] §8Profile ID: 62b760d8-92b6-4501-ada0-1fd8583f5266
00:43:17 [SACKS_CHANGE] §6[Sacks] §r§c-1,282§r§e items§r§e.§r§8 (Last 5s.)
00:43:27 [SACKS_CHANGE] §6[Sacks] §r§a+1,292§r§e items§r§e.§r§8 (Last 5s.)
00:43:52 [SACKS_CHANGE] §6[Sacks] §r§c-1,292§r§e items§r§e.§r§8 (Last 5s.)
00:45:23 [EMPTY] §8 §r§8 §r§1 §r§3 §r§3 §r§7 §r§8 
00:45:27 [PROFILE_JOIN] §aYou are playing on profile: §eLemon§b (Co-op)
00:45:27 [PROFILE_JOIN] §8Profile ID: 62b760d8-92b6-4501-ada0-1fd8583f5266
00:47:01 [EMPTY] §8 §r§8 §r§1 §r§3 §r§3 §r§7 §r§8 
00:47:04 [PROFILE_JOIN] §aYou are playing on profile: §eLemon§b (Co-op)
00:47:04 [PROFILE_JOIN] §8Profile ID: 62b760d8-92b6-4501-ada0-1fd8583f5266
00:47:15 [SACKS_CHANGE] §6[Sacks] §r§a+8§r§e items§r§e.§r§8 (Last 12s.)
00:47:28 [EMPTY] §8 §r§8 §r§1 §r§3 §r§3 §r§7 §r§8 
00:47:32 [PROFILE_JOIN] §aYou are playing on profile: §eLemon§b (Co-op)
00:47:32 [PROFILE_JOIN] §8Profile ID: 62b760d8-92b6-4501-ada0-1fd8583f5266
00:47:42 [EMPTY] §8 §r§8 §r§1 §r§3 §r§3 §r§7 §r§8 
00:47:45 [PROFILE_JOIN] §aYou are playing on profile: §eLemon§b (Co-op)
00:47:45 [PROFILE_JOIN] §8Profile ID: 62b760d8-92b6-4501-ada0-1fd8583f5266
00:47:59 [EMPTY] §8 §r§8 §r§1 §r§3 §r§3 §r§7 §r§8 
00:48:03 [PROFILE_JOIN] §aYou are playing on profile: §eLemon§b (Co-op)
00:48:03 [PROFILE_JOIN] §8Profile ID: 62b760d8-92b6-4501-ada0-1fd8583f5266
00:50:35 [SACKS_CHANGE] §6[Sacks] §r§a+320§r§e items§r§e.§r§8 (Last 5s.)
00:50:51 [SACKS_CHANGE] §6[Sacks] §r§a+7§r§e items§r§e.§r§8 (Last 5s.)
00:51:24 [SACKS_CHANGE] §6[Sacks] §r§a+217§r§e items§r§e.§r§8 (Last 30s.)
00:51:56 [SACKS_CHANGE] §6[Sacks] §r§a+480§r§e items§r§e.§r§8 (Last 30s.)
00:52:31 [SACKS_CHANGE] §6[Sacks] §r§a+157§r§e items§r§e.§r§8 (Last 27s.)
00:53:19 [SACKS_CHANGE] §6[Sacks] §r§a+551§r§e items§r§e.§r§8 (Last 30s.)
00:53:51 [SACKS_CHANGE] §6[Sacks] §r§a+240§r§e items§r§e.§r§8 (Last 30s.)
00:54:02 [GUILD_EXP] §aYou earned §r§2494 GEXP §r§afrom playing SkyBlock!
00:54:09 [EMPTY] §8 §r§8 §r§1 §r§3 §r§3 §r§7 §r§8 
00:54:12 [PROFILE_JOIN] §aYou are playing on profile: §eLemon§b (Co-op)
00:54:12 [PROFILE_JOIN] §8Profile ID: 62b760d8-92b6-4501-ada0-1fd8583f5266
00:55:09 [SACKS_CHANGE] §6[Sacks] §r§c-1,216§r§e items§r§e.§r§8 (Last 5s.)
00:55:18 [SACKS_CHANGE] §6[Sacks] §r§c-730§r§e items§r§e.§r§8 (Last 5s.)
00:55:18 [EMPTY] §8 §r§8 §r§1 §r§3 §r§3 §r§7 §r§8 
00:55:21 [PROFILE_JOIN] §aYou are playing on profile: §eLemon§b (Co-op)
00:55:21 [PROFILE_JOIN] §8Profile ID: 62b760d8-92b6-4501-ada0-1fd8583f5266
00:55:36 [EMPTY] §8 §r§8 §r§1 §r§3 §r§3 §r§7 §r§8 
00:55:39 [PROFILE_JOIN] §aYou are playing on profile: §eLemon§b (Co-op)
00:55:39 [PROFILE_JOIN] §8Profile ID: 62b760d8-92b6-4501-ada0-1fd8583f5266
00:55:49 [EMPTY] §8 §r§8 §r§1 §r§3 §r§3 §r§7 §r§8 
00:55:52 [PROFILE_JOIN] §aYou are playing on profile: §eLemon§b (Co-op)
00:55:52 [PROFILE_JOIN] §8Profile ID: 62b760d8-92b6-4501-ada0-1fd8583f5266
00:56:08 [RARE_DROPS] §6§lRARE REWARD! §r§aHeKaban4ik §r§efound a §r§6Recombobulator 3000 §r§ein their Obsidian Chest§r§e!
00:56:11 [RARE_DROPS] §6§lRARE REWARD! §r§aHeKaban4ik §r§efound a §r§6Recombobulator 3000 §r§ein their Bedrock Chest§r§e!
00:56:40 [EMPTY] §8 §r§8 §r§1 §r§3 §r§3 §r§7 §r§8 
00:56:43 [EMPTY] §8 §r§8 §r§1 §r§3 §r§3 §r§7 §r§8 
00:56:46 [PROFILE_JOIN] §aYou are playing on profile: §eLemon§b (Co-op)
00:56:46 [PROFILE_JOIN] §8Profile ID: 62b760d8-92b6-4501-ada0-1fd8583f5266
00:57:44 [EMPTY] §8 §r§8 §r§1 §r§3 §r§3 §r§7 §r§8 
00:57:48 [PROFILE_JOIN] §aYou are playing on profile: §eLemon§b (Co-op)
00:57:48 [PROFILE_JOIN] §8Profile ID: 62b760d8-92b6-4501-ada0-1fd8583f5266
00:58:06 [EMPTY]  
00:58:06 [BESTIARY] §f                                  §6§lBESTIARY
00:58:06 [BESTIARY] §f                               §b§lBeetle §7§87 §8➡§b §b8
00:58:06 [BESTIARY] 
00:58:06 [BESTIARY]                                   §r§6§lREWARDS
00:58:06 [BESTIARY]                           §r§6+0.4☘ Farming Fortune
00:58:06 [BESTIARY]                               §r§8+§r§62% §r§aBeetle §r§7coins
00:58:06 [BESTIARY]                     §r§8+§r§a50% §r§7chance for extra XP orbs
00:58:06 [BESTIARY]                                §r§8+§r§b1 SkyBlock XP
00:58:06 [BESTIARY] 
00:58:06 [BESTIARY] §3§l▬▬▬▬▬▬▬▬▬▬▬▬▬▬▬▬▬▬▬▬▬▬▬▬▬▬▬▬▬▬▬▬▬▬▬▬▬▬▬▬▬▬▬▬▬▬▬▬▬▬▬▬▬▬▬▬▬▬▬▬▬▬▬▬
00:58:06 [PEST_DROP] §eYou received §a8x Enchanted Nether Wart §efor killing a §2Beetle§e!
00:58:18 [PEST_DROP] §eYou received §a11x Enchanted Potato §efor killing a §2Locust§e!
00:58:33 [PEST_DROP] §eYou received §a15x Enchanted Potato §efor killing a §2Locust§e!
00:58:49 [PEST_DROP] §eYou received §a19x Enchanted Potato §efor killing a §2Locust§e!
00:59:07 [EMPTY]  
00:59:07 [BESTIARY] §f                                  §6§lBESTIARY
00:59:07 [BESTIARY] §f                               §b§lLocust §7§87 §8➡§b §b8
00:59:07 [BESTIARY] 
00:59:07 [BESTIARY]                                   §r§6§lREWARDS
00:59:07 [BESTIARY]                           §r§6+0.4☘ Farming Fortune
00:59:07 [BESTIARY]                               §r§8+§r§62% §r§aLocust §r§7coins
00:59:07 [BESTIARY]                     §r§8+§r§a50% §r§7chance for extra XP orbs
00:59:07 [BESTIARY]                                §r§8+§r§b1 SkyBlock XP
00:59:07 [BESTIARY] 
00:59:07 [BESTIARY] §3§l▬▬▬▬▬▬▬▬▬▬▬▬▬▬▬▬▬▬▬▬▬▬▬▬▬▬▬▬▬▬▬▬▬▬▬▬▬▬▬▬▬▬▬▬▬▬▬▬▬▬▬▬▬▬▬▬▬▬▬▬▬▬▬▬
00:59:07 [PEST_DROP] §eYou received §a20x Enchanted Potato §efor killing a §2Locust§e!
00:59:17 [EMPTY]  
00:59:17 [BESTIARY] §f                                  §6§lBESTIARY
00:59:17 [BESTIARY] §f                            §b§lEarthworm §7§85 §8➡§b §b6
00:59:17 [BESTIARY] 
00:59:17 [BESTIARY]                                   §r§6§lREWARDS
00:59:17 [BESTIARY]                           §r§6+0.4☘ Farming Fortune
00:59:17 [BESTIARY]                            §r§8+§r§62% §r§aEarthworm §r§7coins
00:59:17 [BESTIARY]                     §r§8+§r§a50% §r§7chance for extra XP orbs
00:59:17 [BESTIARY]                                §r§8+§r§b1 SkyBlock XP
00:59:17 [BESTIARY] 
00:59:17 [BESTIARY]   §r§f                         §6§lBESTIARY MILESTONE
00:59:17 [BESTIARY]   §r§f                                    §869➡§e70
00:59:17 [BESTIARY] §6§lBESTIARY MILESTONE §869➡§e70
00:59:17 [BESTIARY] §6§lBESTIARY MILESTONE §869➡§e70
00:59:17 [BESTIARY] §6§lBESTIARY MILESTONE §869➡§e70
00:59:17 [BESTIARY] §6§lBESTIARY MILESTONE §869➡§e70
00:59:17 [BESTIARY] §6§lBESTIARY MILESTONE §869➡§e70
00:59:17 [BESTIARY] 
00:59:17 [PEST_DROP] §eYou received §a33x Enchanted Melon §efor killing an §2Earthworm§e!
00:59:55 [PEST_DROP] §eYou received §a20x Enchanted Nether Wart §efor killing a §2Beetle§e!
01:00:12 [EMPTY]  
01:00:12 [BESTIARY] §f                                  §6§lBESTIARY
01:00:12 [BESTIARY] §f                              §b§lMosquito §7§86 §8➡§b §b7
01:00:12 [BESTIARY] 
01:00:12 [BESTIARY]                                   §r§6§lREWARDS
01:00:12 [BESTIARY]                           §r§6+0.4☘ Farming Fortune
01:00:12 [BESTIARY]                              §r§8+§r§62% §r§aMosquito §r§7coins
01:00:12 [BESTIARY]                     §r§8+§r§a50% §r§7chance for extra XP orbs
01:00:12 [BESTIARY]                                §r§8+§r§b1 SkyBlock XP
01:00:12 [BESTIARY] 
01:00:12 [BESTIARY] §3§l▬▬▬▬▬▬▬▬▬▬▬▬▬▬▬▬▬▬▬▬▬▬▬▬▬▬▬▬▬▬▬▬▬▬▬▬▬▬▬▬▬▬▬▬▬▬▬▬▬▬▬▬▬▬▬▬▬▬▬▬▬▬▬▬
01:00:12 [PEST_DROP] §eYou received §a13x Enchanted Sugar §efor killing a §2Mosquito§e!
01:00:26 [EMPTY] §8 §r§8 §r§1 §r§3 §r§3 §r§7 §r§8 
01:00:27 [EMPTY]  
01:00:27 [EMPTY]   
01:00:30 [PROFILE_JOIN] §aYou are playing on profile: §eLemon§b (Co-op)
01:00:30 [PROFILE_JOIN] §8Profile ID: 62b760d8-92b6-4501-ada0-1fd8583f5266
01:00:31 [EMPTY] §8 §r§8 §r§1 §r§3 §r§3 §r§7 §r§8 
01:00:32 [EMPTY]  
01:00:32 [EMPTY]   
01:00:35 [PROFILE_JOIN] §aYou are playing on profile: §eLemon§b (Co-op)
01:00:35 [PROFILE_JOIN] §8Profile ID: 62b760d8-92b6-4501-ada0-1fd8583f5266
01:00:35 [EMPTY]  
01:00:35 [EMPTY]  
01:00:35 [EMPTY]  
01:00:35 [EMPTY] 
01:01:32 [EMPTY] 
01:01:32 [EMPTY] §c
01:02:11 [SACKS_CHANGE] §6[Sacks] §r§a+590§r§e items§r§e.§r§8 (Last 30s.)
01:02:42 [SACKS_CHANGE] §6[Sacks] §r§a+509§r§e items§r§e.§r§8 (Last 30s.)
01:03:14 [SACKS_CHANGE] §6[Sacks] §r§a+229§r§e items§r§e.§r§8 (Last 30s.)
01:03:31 [SACKS_CHANGE] §6[Sacks] §r§a+56§r§e items§r§e.§r§8 (Last 16s.)
01:04:50 [SACKS_CHANGE] §6[Sacks] §r§a+690§r§e items§r§e.§r§8 (Last 30s.)
01:04:59 [SACKS_CHANGE] §6[Sacks] §r§a+42§r§e items§r§e.§r§8 (Last 8s.)
01:05:35 [SACKS_CHANGE] §6[Sacks] §r§a+635§r§e items§r§e.§r§8 (Last 30s.)
01:06:06 [SACKS_CHANGE] §6[Sacks] §r§a+309§r§e items§r§e.§r§8 (Last 30s.)
01:06:19 [GUILD_EXP] §aYou earned §r§2700 GEXP §r§afrom playing SkyBlock!
01:06:27 [SACKS_CHANGE] §6[Sacks] §r§a+136§r§e items§r§e.§r§8 (Last 20s.)
01:09:02 [SACKS_CHANGE] §6[Sacks] §r§a+341§r§e items§r§e.§r§8 (Last 12s.)
01:11:07 [EMPTY] 
01:11:22 [GUILD_EXP] §aYou earned §r§2441 GEXP §r§afrom playing SkyBlock!
01:56:19 [EMPTY] §f §r§r§r§f §r§r§r§1 §r§r§r§0 §r§r§r§2 §r§r§r§f §r§r§r§f §r§r§r§2 §r§r§r§0 §r§r§r§4 §r§r§r§3 §r§r§r§9 §r§r§r§2 §r§r§r§0 §r§r§r§0 §r§r§r§3 §r§r§r§9 §r§r§r§2 §r§r§r§0 §r§r§r§0 §r§r§r§3 §r§r§r§9 §r§r§r§2 §r§r§r§0 §r§r§r§0 
01:56:23 [EMPTY] §8 §r§8 §r§1 §r§3 §r§3 §r§7 §r§8 
01:56:26 [EMPTY] 
01:56:26 [WELCOME] §eWelcome to §r§aHypixel SkyBlock§r§e!
01:56:26 [EMPTY] 
01:56:27 [PROFILE_JOIN] §aYou are playing on profile: §eLemon§b (Co-op)
01:56:27 [PROFILE_JOIN] §8Profile ID: 62b760d8-92b6-4501-ada0-1fd8583f5266
01:57:02 [SACKS_CHANGE] §6[Sacks] §r§a+155§r§e items§r§e.§r§8 (Last 5s.)
01:57:15 [SACKS_CHANGE] §6[Sacks] §r§a+56§r§e items§r§e.§r§8 (Last 12s.)
01:58:09 [SACKS_CHANGE] §6[Sacks] §r§a+433§r§e items§r§e.§r§8 (Last 17s.)
01:58:14 [GUILD_EXP] §aYou earned §r§2113 GEXP §r§afrom playing SkyBlock!
01:58:54 [SACKS_CHANGE] §6[Sacks] §r§a+63§r§e items§r§e.§r§8 (Last 18s.)
01:59:11 [SACKS_CHANGE] §6[Sacks] §r§a+315§r§e items§r§e.§r§8 (Last 12s.)
02:00:03 [SACKS_CHANGE] §6[Sacks] §r§a+512§r§e items§r§e.§r§8 (Last 30s.)
02:00:23 [SACKS_CHANGE] §6[Sacks] §r§a+83§r§e items§r§e.§r§8 (Last 17s.)
02:00:49 [SACKS_CHANGE] §6[Sacks] §r§a+93§r§e items§r§e.§r§8 (Last 6s.)
02:02:39 [SACKS_CHANGE] §6[Sacks] §r§a+259§r§e items§r§e.§r§8 (Last 11s.)
02:03:11 [SACKS_CHANGE] §6[Sacks] §r§a+51§r§e items§r§e.§r§8 (Last 21s.)
02:03:16 [GUILD_EXP] §aYou earned §r§2584 GEXP §r§afrom playing SkyBlock!
02:03:24 [SACKS_CHANGE] §6[Sacks] §r§a+6§r§e items§r§e.§r§8 (Last 5s.)
02:03:40 [SACKS_CHANGE] §6[Sacks] §r§a+18§r§e items§r§e.§r§8 (Last 10s.)
02:03:54 [SACKS_CHANGE] §6[Sacks] §r§a+383§r§e items§r§e.§r§8 (Last 9s.)
02:04:38 [SACKS_CHANGE] §6[Sacks] §r§a+70§r§e items§r§e.§r§8 (Last 21s.)
02:04:56 [SACKS_CHANGE] §6[Sacks] §r§a+293§r§e items§r§e.§r§8 (Last 5s.)
02:05:39 [EMPTY]                                         
02:05:52 [SACKS_CHANGE] §6[Sacks] §r§a+524§r§e items§r§e.§r§8 (Last 15s.)
02:06:36 [SACKS_CHANGE] §6[Sacks] §r§a+384§r§e items§r§e.§r§8 (Last 13s.)
02:06:52 [SACKS_CHANGE] §6[Sacks] §r§a+3§r§e items§r§e.§r§8 (Last 5s.)
02:07:30 [SACKS_CHANGE] §6[Sacks] §r§a+524§r§e items§r§e.§r§8 (Last 30s.)
02:07:36 [SACKS_CHANGE] §6[Sacks] §r§a+3§r§e items§r§e.§r§8 (Last 5s.)
02:08:17 [SACKS_CHANGE] §6[Sacks] §r§a+86§r§e items§r§e.§r§8 (Last 20s.)
02:08:19 [GUILD_EXP] §aYou earned §r§2684 GEXP §r§afrom playing SkyBlock!
02:08:49 [SACKS_CHANGE] §6[Sacks] §r§a+539§r§e items§r§e.§r§8 (Last 30s.)
02:09:20 [SACKS_CHANGE] §6[Sacks] §r§a+163§r§e items§r§e.§r§8 (Last 30s.)
02:09:27 [SACKS_CHANGE] §6[Sacks] §r§a+12§r§e items§r§e.§r§8 (Last 6s.)
02:09:40 [SACKS_CHANGE] §6[Sacks] §r§a+240§r§e items§r§e.§r§8 (Last 5s.)
02:09:49 [SACKS_CHANGE] §6[Sacks] §r§a+182§r§e items§r§e.§r§8 (Last 9s.)
02:10:15 [SACKS_CHANGE] §6[Sacks] §r§a+433§r§e items§r§e.§r§8 (Last 13s.)
02:10:57 [SACKS_CHANGE] §6[Sacks] §r§a+482§r§e items§r§e.§r§8 (Last 30s.)
02:11:10 [SACKS_CHANGE] §6[Sacks] §r§a+47§r§e items§r§e.§r§8 (Last 12s.)
02:11:27 [SACKS_CHANGE] §6[Sacks] §r§a+86§r§e items§r§e.§r§8 (Last 16s.)
02:11:51 [SACKS_CHANGE] §6[Sacks] §r§a+13§r§e items§r§e.§r§8 (Last 6s.)
02:12:53 [SACKS_CHANGE] §6[Sacks] §r§a+401§r§e items§r§e.§r§8 (Last 28s.)
02:13:14 [SACKS_CHANGE] §6[Sacks] §r§a+13§r§e items§r§e.§r§8 (Last 6s.)
02:13:20 [SACKS_CHANGE] §6[Sacks] §r§a+10§r§e items§r§e.§r§8 (Last 5s.)
02:13:22 [GUILD_EXP] §aYou earned §r§2670 GEXP §r§afrom playing SkyBlock!
02:13:44 [SACKS_CHANGE] §6[Sacks] §r§a+32§r§e items§r§e.§r§8 (Last 11s.)
02:14:49 [SACKS_CHANGE] §6[Sacks] §r§a+12§r§e items§r§e.§r§8 (Last 6s.)
02:14:58 [SACKS_CHANGE] §6[Sacks] §r§a+289§r§e items§r§e.§r§8 (Last 5s.)
