14:11:20 DWARVEN_MINES
14:12:33 NONE
14:12:33 CRYSTAL_HOLLOWS
14:41:51 NONE
14:41:51 PRIVATE_ISLAND_GUEST
14:41:55 HUB
14:42:08 PRIVATE_ISLAND
14:43:04 PRIVATE_ISLAND_GUEST
14:43:07 NONE
14:43:08 DWARVEN_MINES
14:47:21 PRIVATE_ISLAND
14:49:16 NONE
14:49:17 PRIVATE_ISLAND_GUEST
14:49:20 DWARVEN_MINES
14:50:29 NONE
14:50:29 HUB
14:52:27 PRIVATE_ISLAND_GUEST
14:52:30 DWARVEN_MINES
14:55:45 NONE
14:55:46 CRYSTAL_HOLLOWS
14:56:50 NONE
14:56:50 PRIVATE_ISLAND
14:57:10 NONE
14:57:11 CRYSTAL_HOLLOWS
14:57:16 NONE
14:57:16 PRIVATE_ISLAND
14:57:53 HUB
14:58:13 NONE
14:58:13 CRYSTAL_HOLLOWS
15:21:54 NONE
15:21:54 HUB
15:22:02 CRYSTAL_HOLLOWS
15:22:13 PRIVATE_ISLAND
15:22:21 PRIVATE_ISLAND_GUEST
15:22:27 CRYSTAL_HOLLOWS
15:30:40 PRIVATE_ISLAND
15:32:24 DUNGEON_HUB
15:32:38 PRIVATE_ISLAND
15:33:00 THE_END
15:47:52 PRIVATE_ISLAND_GUEST
15:47:59 NONE
15:47:59 DWARVEN_MINES
16:05:52 PRIVATE_ISLAND
16:06:08 HUB
16:08:04 PRIVATE_ISLAND
16:08:38 HUB
16:09:59 DUNGEON_HUB
16:10:26 PRIVATE_ISLAND
16:10:49 GARDEN
16:22:33 PRIVATE_ISLAND
16:24:19 NONE
16:24:19 PRIVATE_ISLAND_GUEST
16:24:23 CRIMSON_ISLE
17:20:24 PRIVATE_ISLAND
17:20:31 PRIVATE_ISLAND_GUEST
17:20:36 DEEP_CAVERNS
17:20:56 PRIVATE_ISLAND_GUEST
17:21:01 NONE
17:21:02 DWARVEN_MINES
17:25:52 PRIVATE_ISLAND
17:26:17 NONE
17:26:18 HUB
17:26:31 CRYSTAL_HOLLOWS
18:32:24 PRIVATE_ISLAND
18:42:11 NONE
18:42:11 HUB
18:43:18 PRIVATE_ISLAND
18:45:47 THE_FARMING_ISLANDS
18:55:49 PRIVATE_ISLAND
18:59:11 NONE
18:59:11 HUB
18:59:23 NONE
18:59:43 HUB
18:59:52 PRIVATE_ISLAND
19:15:46 NONE
19:15:47 HUB
19:17:45 PRIVATE_ISLAND
19:18:55 GALATEA
19:21:59 PRIVATE_ISLAND
19:23:14 NONE
19:23:14 HUB
19:23:40 CRYSTAL_HOLLOWS
19:36:59 HUB
19:37:43 NONE
19:37:44 CRYSTAL_HOLLOWS
