14:41:34 `Zombie`2754992 missed {
 is already Found: false).
 Position: LorenzVec(x=-0.6354166666666667, y=100.0, z=17.177083333333336)
 DistanceC: 18.98131582660148
Relative Position: LorenzVec(x=-7.573450564666378, y=0.0, z=-18.98131582660148)
 }
14:41:34 `Zombie`2754993 missed {
 is already Found: false).
 Position: LorenzVec(x=4.6875, y=100.0, z=18.46875)
 DistanceC: 17.689649159934817
Relative Position: LorenzVec(x=-2.250533897999711, y=0.0, z=-17.689649159934817)
 }
14:41:34 `Zombie`2754994 missed {
 is already Found: false).
 Position: LorenzVec(x=3.0625, y=100.0, z=18.510416666666664)
 DistanceC: 17.647982493268152
Relative Position: LorenzVec(x=-3.875533897999711, y=0.0, z=-17.647982493268152)
 }
14:41:34 `Zombie`2754995 missed {
 is already Found: false).
 Position: LorenzVec(x=2.75, y=100.0, z=19.34375)
 DistanceC: 16.814649159934817
Relative Position: LorenzVec(x=-4.188033897999711, y=0.0, z=-16.814649159934817)
 }
14:41:34 `Cave Spider`2754997 missed {
 is already Found: false).
 Position: LorenzVec(x=-0.5625, y=100.0, z=19.15625)
 DistanceC: 17.002149159934817
Relative Position: LorenzVec(x=-7.500533897999711, y=0.0, z=-17.002149159934817)
 }
14:41:34 `Cave Spider`2754998 missed {
 is already Found: false).
 Position: LorenzVec(x=1.03125, y=100.875, z=20.625)
 DistanceC: 15.533399159934817
Relative Position: LorenzVec(x=-5.906783897999711, y=0.875, z=-15.533399159934817)
 }
14:41:34 `Cave Spider`2754999 missed {
 is already Found: false).
 Position: LorenzVec(x=4.625, y=100.0, z=17.65625)
 DistanceC: 18.502149159934817
Relative Position: LorenzVec(x=-2.313033897999711, y=0.0, z=-18.502149159934817)
 }
14:41:34 `Cave Spider`2755000 missed {
 is already Found: false).
 Position: LorenzVec(x=3.3125, y=100.0, z=17.59375)
 DistanceC: 18.564649159934817
Relative Position: LorenzVec(x=-3.625533897999711, y=0.0, z=-18.564649159934817)
 }
14:41:34 `Zombie`2755002 missed {
 is already Found: false).
 Position: LorenzVec(x=3.75, y=100.0, z=18.75)
 DistanceC: 17.408399159934817
Relative Position: LorenzVec(x=-3.188033897999711, y=0.0, z=-17.408399159934817)
 }
14:41:34 `Zombie`2755003 missed {
 is already Found: false).
 Position: LorenzVec(x=4.177083333333333, y=100.0, z=16.833333333333332)
 DistanceC: 19.325065826601485
Relative Position: LorenzVec(x=-2.760950564666378, y=0.0, z=-19.325065826601485)
 }
14:41:34 `Zombie`2755004 missed {
 is already Found: false).
 Position: LorenzVec(x=4.6875, y=100.0, z=19.25)
 DistanceC: 16.908399159934817
Relative Position: LorenzVec(x=-2.250533897999711, y=0.0, z=-16.908399159934817)
 }
14:41:34 `Zombie`2755005 missed {
 is already Found: false).
 Position: LorenzVec(x=4.6875, y=100.0, z=19.8125)
 DistanceC: 16.345899159934817
Relative Position: LorenzVec(x=-2.250533897999711, y=0.0, z=-16.345899159934817)
 }
14:41:34 `Zombie`2755007 missed {
 is already Found: false).
 Position: LorenzVec(x=4.6875, y=100.0, z=20.0)
 DistanceC: 16.158399159934817
Relative Position: LorenzVec(x=-2.250533897999711, y=0.0, z=-16.158399159934817)
 }
14:41:34 `Zombie`2755008 missed {
 is already Found: false).
 Position: LorenzVec(x=4.6875, y=100.0, z=20.6875)
 DistanceC: 15.470899159934817
Relative Position: LorenzVec(x=-2.250533897999711, y=0.0, z=-15.470899159934817)
 }
14:41:34 `Zombie`2755009 missed {
 is already Found: false).
 Position: LorenzVec(x=3.0625, y=100.0, z=20.21875)
 DistanceC: 15.939649159934817
Relative Position: LorenzVec(x=-3.875533897999711, y=0.0, z=-15.939649159934817)
 }
14:41:34 `Zombie`2755010 missed {
 is already Found: false).
 Position: LorenzVec(x=4.6875, y=100.0, z=19.21875)
 DistanceC: 16.939649159934817
Relative Position: LorenzVec(x=-2.250533897999711, y=0.0, z=-16.939649159934817)
 }
14:41:34 `Zombie`2755011 missed {
 is already Found: false).
 Position: LorenzVec(x=4.6875, y=100.0, z=19.5)
 DistanceC: 16.658399159934817
Relative Position: LorenzVec(x=-2.250533897999711, y=0.0, z=-16.658399159934817)
 }
14:41:34 `Zombie`2755012 missed {
 is already Found: false).
 Position: LorenzVec(x=4.6875, y=100.0, z=19.46875)
 DistanceC: 16.689649159934817
Relative Position: LorenzVec(x=-2.250533897999711, y=0.0, z=-16.689649159934817)
 }
14:41:34 `Zombie`2755013 missed {
 is already Found: false).
 Position: LorenzVec(x=4.6875, y=100.0, z=19.5)
 DistanceC: 16.658399159934817
Relative Position: LorenzVec(x=-2.250533897999711, y=0.0, z=-16.658399159934817)
 }
14:41:34 `Zombie`2755014 missed {
 is already Found: false).
 Position: LorenzVec(x=4.6875, y=100.0, z=19.5)
 DistanceC: 16.658399159934817
Relative Position: LorenzVec(x=-2.250533897999711, y=0.0, z=-16.658399159934817)
 }
14:41:34 `Blaze`2755016 missed {
 is already Found: false).
 Position: LorenzVec(x=1.21875, y=100.0, z=18.291666666666664)
 DistanceC: 17.866732493268152
Relative Position: LorenzVec(x=-5.719283897999711, y=0.0, z=-17.866732493268152)
 }
14:41:34 `Blaze`2755017 missed {
 is already Found: false).
 Position: LorenzVec(x=2.34375, y=100.0, z=20.6875)
 DistanceC: 15.470899159934817
Relative Position: LorenzVec(x=-4.594283897999711, y=0.0, z=-15.470899159934817)
 }
14:41:34 `Blaze`2755018 missed {
 is already Found: false).
 Position: LorenzVec(x=1.875, y=100.0, z=19.75)
 DistanceC: 16.408399159934817
Relative Position: LorenzVec(x=-5.063033897999711, y=0.0, z=-16.408399159934817)
 }
14:41:34 `Blaze`2755019 missed {
 is already Found: false).
 Position: LorenzVec(x=3.7004315272062187, y=100.42313957475994, z=20.6875)
 DistanceC: 15.470899159934817
Relative Position: LorenzVec(x=-3.2376023707934922, y=0.42313957475994357, z=-15.470899159934817)
 }
14:41:34 `Zombie`2761317 missed {
 is already Found: false).
 Position: LorenzVec(x=2.5, y=100.0, z=20.5)
 DistanceC: 15.658399159934817
Relative Position: LorenzVec(x=-4.438033897999711, y=0.0, z=-15.658399159934817)
 }
14:41:34 `Cave Spider`2763622 missed {
 is already Found: false).
 Position: LorenzVec(x=-0.5, y=100.0, z=17.5)
 DistanceC: 18.658399159934817
Relative Position: LorenzVec(x=-7.438033897999711, y=0.0, z=-18.658399159934817)
 }
14:41:34 `Zombie`2766095 missed {
 is already Found: false).
 Position: LorenzVec(x=3.5, y=100.0, z=16.5)
 DistanceC: 19.658399159934817
Relative Position: LorenzVec(x=-3.438033897999711, y=0.0, z=-19.658399159934817)
 }
14:41:37 `Blaze`2767102 missed {
 is already Found: false).
 Position: LorenzVec(x=4.5, y=100.0, z=19.5)
 DistanceC: 16.658399159934817
Relative Position: LorenzVec(x=-2.438033897999711, y=0.0, z=-16.658399159934817)
 }
14:41:42 `Zombie`2768655 missed {
 is already Found: false).
 Position: LorenzVec(x=4.3125, y=101.0, z=19.625)
 DistanceC: 16.533399159934817
Relative Position: LorenzVec(x=-2.625533897999711, y=1.0, z=-16.533399159934817)
 }
14:41:47 `Zombie`2770736 missed {
 is already Found: false).
 Position: LorenzVec(x=0.5, y=100.0, z=20.5)
 DistanceC: 15.658399159934817
Relative Position: LorenzVec(x=-6.438033897999711, y=0.0, z=-15.658399159934817)
 }
14:41:59 `Chicken`2761124 missed {
 is already Found: false).
 Position: LorenzVec(x=4.46875, y=100.0, z=14.46875)
 DistanceC: 21.689649159934817
Relative Position: LorenzVec(x=-2.469283897999711, y=0.0, z=-21.689649159934817)
 }
14:41:59 `Sheep`2754988 missed {
 is already Found: false).
 Position: LorenzVec(x=2.21875, y=100.875, z=14.375)
 DistanceC: 21.783399159934817
Relative Position: LorenzVec(x=-4.719283897999711, y=0.875, z=-21.783399159934817)
 }
14:42:02 `Zombie`2774758 missed {
 is already Found: false).
 Position: LorenzVec(x=4.5, y=100.0, z=17.5)
 DistanceC: 18.658399159934817
Relative Position: LorenzVec(x=-2.438033897999711, y=0.0, z=-18.658399159934817)
 }
14:42:06 `Sheep`2754990 missed {
 is already Found: false).
 Position: LorenzVec(x=3.71875, y=100.0, z=14.5)
 DistanceC: 21.658399159934817
Relative Position: LorenzVec(x=-3.219283897999711, y=0.0, z=-21.658399159934817)
 }
14:42:06 `Cave Spider`2776075 missed {
 is already Found: false).
 Position: LorenzVec(x=1.5, y=100.0, z=17.5)
 DistanceC: 18.658399159934817
Relative Position: LorenzVec(x=-5.438033897999711, y=0.0, z=-18.658399159934817)
 }
14:42:14 `Chicken`2755038 missed {
 is already Found: false).
 Position: LorenzVec(x=3.65625, y=100.0, z=14.59375)
 DistanceC: 21.691420796187295
Relative Position: LorenzVec(x=-3.026339626853108, y=0.0, z=-21.691420796187295)
 }
14:42:22 `Chicken`2780526 missed {
 is already Found: false).
 Position: LorenzVec(x=3.5, y=100.0, z=14.5)
 DistanceC: 20.92013408031891
Relative Position: LorenzVec(x=-1.934113180765304, y=0.0, z=-20.92013408031891)
 }
14:42:22 `Cow`2771477 missed {
 is already Found: false).
 Position: LorenzVec(x=4.53125, y=100.0, z=13.84375)
 DistanceC: 21.57638408031891
Relative Position: LorenzVec(x=-0.902863180765304, y=0.0, z=-21.57638408031891)
 }
14:42:22 `Sheep`2773063 missed {
 is already Found: false).
 Position: LorenzVec(x=-0.1875, y=100.0, z=13.8125)
 DistanceC: 21.60763408031891
Relative Position: LorenzVec(x=-5.621613180765304, y=0.0, z=-21.60763408031891)
 }
14:42:23 `Chicken`2770590 missed {
 is already Found: false).
 Position: LorenzVec(x=-0.5, y=100.0, z=13.4375)
 DistanceC: 21.98263408031891
Relative Position: LorenzVec(x=-5.934113180765304, y=0.0, z=-21.98263408031891)
 }
14:42:25 `Zombie`2782580 missed {
 is already Found: false).
 Position: LorenzVec(x=1.5, y=100.0, z=19.5)
 DistanceC: 15.92013408031891
Relative Position: LorenzVec(x=-3.934113180765304, y=0.0, z=-15.92013408031891)
 }
14:42:27 `Cow`2755034 missed {
 is already Found: false).
 Position: LorenzVec(x=-0.1875, y=100.0, z=14.125)
 DistanceC: 21.29513408031891
Relative Position: LorenzVec(x=-5.621613180765304, y=0.0, z=-21.29513408031891)
 }
14:42:28 `Cow`2755033 missed {
 is already Found: false).
 Position: LorenzVec(x=-0.375, y=100.0, z=13.875)
 DistanceC: 21.54513408031891
Relative Position: LorenzVec(x=-5.809113180765304, y=0.0, z=-21.54513408031891)
 }
14:42:33 `Chicken`2755039 missed {
 is already Found: false).
 Position: LorenzVec(x=-0.5, y=100.0, z=14.34375)
 DistanceC: 21.07638408031891
Relative Position: LorenzVec(x=-5.934113180765304, y=0.0, z=-21.07638408031891)
 }
14:42:34 `Zombie`2785353 missed {
 is already Found: false).
 Position: LorenzVec(x=3.5, y=100.0, z=18.5)
 DistanceC: 16.92013408031891
Relative Position: LorenzVec(x=-1.934113180765304, y=0.0, z=-16.92013408031891)
 }
14:42:47 `Farmer`177 missed {
 is already Found: false).
 Position: LorenzVec(x=6.5, y=76.0, z=72.5)
 DistanceC: 23.14291193922479
Relative Position: LorenzVec(x=11.411601555138562, y=0.0, z=-23.14291193922479)
 }
14:42:49 `Chicken`1138 missed {
 is already Found: false).
 Position: LorenzVec(x=-12.78125, y=111.34375, z=97.6875)
 DistanceC: 7.869648444861438
Relative Position: LorenzVec(x=-7.869648444861438, y=35.34375, z=2.0445880607752116)
 }
14:42:49 `Chicken`1122 missed {
 is already Found: false).
 Position: LorenzVec(x=-13.53125, y=107.625, z=95.625)
 DistanceC: 8.619648444861438
Relative Position: LorenzVec(x=-8.619648444861438, y=31.625, z=-0.017911939224788398)
 }
14:42:49 `Chicken`1139 missed {
 is already Found: false).
 Position: LorenzVec(x=-11.3125, y=109.5625, z=102.03125)
 DistanceC: 6.400898444861438
Relative Position: LorenzVec(x=-6.400898444861438, y=33.5625, z=6.388338060775212)
 }
14:42:50 `Chicken`1148 missed {
 is already Found: false).
 Position: LorenzVec(x=-12.96875, y=111.40625, z=101.84375)
 DistanceC: 8.057148444861438
Relative Position: LorenzVec(x=-8.057148444861438, y=35.40625, z=6.200838060775212)
 }
14:43:10 `9033cxxsra`2 missed {
 is already Found: false).
 Position: LorenzVec(x=-16.5, y=76.0, z=63.5)
 DistanceC: 22.04530323240442
Relative Position: LorenzVec(x=-13.018055969552929, y=0.0, z=-22.04530323240442)
 }
14:43:27 `Chicken`1284 missed {
 is already Found: false).
 Position: LorenzVec(x=-13.552083333333334, y=109.6875, z=101.3125)
 DistanceC: 20.846514551222302
Relative Position: LorenzVec(x=-20.846514551222302, y=22.5625, z=5.370162472252659)
 }
14:43:30 `Chicken`1314 missed {
 is already Found: false).
 Position: LorenzVec(x=18.208333333333336, y=89.5, z=110.57291666666666)
 DistanceC: 14.017970927004502
Relative Position: LorenzVec(x=14.017970927004502, y=7.063388792827382, z=11.433738211395237)
 }
14:43:39 `Chicken`1345 missed {
 is already Found: false).
 Position: LorenzVec(x=-2.65625, y=99.10416666666666, z=95.36458333333334)
 DistanceC: 12.00584256259726
Relative Position: LorenzVec(x=-12.00584256259726, y=14.837798672709141, z=-7.353607957096372)
 }
14:43:53 `Chicken`1419 missed {
 is already Found: false).
 Position: LorenzVec(x=22.25, y=94.53125, z=110.47916666666666)
 DistanceC: 17.694402754006845
Relative Position: LorenzVec(x=17.694402754006845, y=8.995409374955443, z=10.772280029118065)
 }
14:43:58 `Chicken`1442 missed {
 is already Found: false).
 Position: LorenzVec(x=15.364583333333332, y=85.13541666666666, z=109.1875)
 DistanceC: 16.866645919988613
Relative Position: LorenzVec(x=2.7158610848874325, y=-9.75503078659331, z=16.866645919988613)
 }
14:44:00 `70d9pxso73`37 missed {
 is already Found: false).
 Position: LorenzVec(x=36.5, y=79.0, z=75.5)
 DistanceC: 21.3296167167181
Relative Position: LorenzVec(x=21.3296167167181, y=-16.625, z=-20.943588274314735)
 }
14:44:50 `Chicken`1586 missed {
 is already Found: false).
 Position: LorenzVec(x=-7.354166666666666, y=105.26041666666666, z=47.10416666666667)
 DistanceC: 8.272679504024289
Relative Position: LorenzVec(x=8.272679504024289, y=29.260416666666657, z=-2.973126104768504)
 }
14:45:34 `Chicken`1754 missed {
 is already Found: false).
 Position: LorenzVec(x=5.583333333333334, y=95.11458333333334, z=20.177083333333336)
 DistanceC: 20.35612702819855
Relative Position: LorenzVec(x=-7.557798869810803, y=19.114583333333343, z=-20.35612702819855)
 }
14:45:36 `Chicken`1756 missed {
 is already Found: false).
 Position: LorenzVec(x=8.458333333333332, y=98.45833333333334, z=22.635416666666664)
 DistanceC: 12.66394682802558
Relative Position: LorenzVec(x=-8.242729181514775, y=13.083333333333343, z=-12.66394682802558)
 }
14:45:46 `Chicken`2029 missed {
 is already Found: false).
 Position: LorenzVec(x=22.71875, y=100.875, z=53.21875)
 DistanceC: 7.671645295510626
Relative Position: LorenzVec(x=-7.671645295510626, y=24.875, z=0.32411348541712215)
 }
14:45:54 `Chicken`2069 missed {
 is already Found: false).
 Position: LorenzVec(x=23.427083333333332, y=102.20833333333333, z=45.864583333333336)
 DistanceC: 6.501427228803955
Relative Position: LorenzVec(x=6.501427228803955, y=25.20833333333333, z=-5.988900554760598)
 }
14:45:54 `Chicken`2071 missed {
 is already Found: false).
 Position: LorenzVec(x=23.4375, y=94.98958333333333, z=48.354166666666664)
 DistanceC: 5.305367374135894
Relative Position: LorenzVec(x=5.305367374135894, y=17.92708333333333, z=-0.8482310792753225)
 }
14:46:00 `Chicken`2099 missed {
 is already Found: false).
 Position: LorenzVec(x=21.5625, y=94.46875, z=63.65625)
 DistanceC: 12.682721761591395
Relative Position: LorenzVec(x=5.5407529701134735, y=-0.42169745325996644, z=12.682721761591395)
 }
14:46:01 `Chicken`2095 missed {
 is already Found: false).
 Position: LorenzVec(x=24.302083333333332, y=97.94791666666667, z=72.05208333333333)
 DistanceC: 21.19774784778196
Relative Position: LorenzVec(x=9.385474224901275, y=6.947916666666671, z=21.19774784778196)
 }
14:46:16 `Chicken`2149 missed {
 is already Found: false).
 Position: LorenzVec(x=23.21875, y=95.85416666666666, z=53.40625)
 DistanceC: 13.763553254173878
Relative Position: LorenzVec(x=13.763553254173878, y=19.854166666666657, z=-1.77484326366924)
 }
14:46:22 `Chicken`2161 missed {
 is already Found: false).
 Position: LorenzVec(x=23.666666666666664, y=92.57291666666666, z=74.375)
 DistanceC: 21.466696242740227
Relative Position: LorenzVec(x=7.856984397921462, y=15.572916666666657, z=21.466696242740227)
 }
14:46:34 `Chicken`2205 missed {
 is already Found: false).
 Position: LorenzVec(x=28.28125, y=98.52083333333333, z=88.03125)
 DistanceC: 17.733913519387386
Relative Position: LorenzVec(x=8.243656355063859, y=11.979724072395115, z=17.733913519387386)
 }
14:47:04 `Chicken`2272 missed {
 is already Found: false).
 Position: LorenzVec(x=-17.229166666666664, y=107.375, z=74.0)
 DistanceC: 10.365233799044802
Relative Position: LorenzVec(x=-2.797126713777784, y=31.3125, z=10.365233799044802)
 }
14:47:08 `Chicken`2277 missed {
 is already Found: false).
 Position: LorenzVec(x=-24.635416666666668, y=95.30208333333333, z=65.82291666666667)
 DistanceC: 10.203376713777788
Relative Position: LorenzVec(x=-10.203376713777788, y=19.23958333333333, z=2.188150465711473)
 }
14:47:12 `Chicken`2289 missed {
 is already Found: false).
 Position: LorenzVec(x=-26.322916666666664, y=103.19791666666666, z=61.19791666666667)
 DistanceC: 11.890876713777784
Relative Position: LorenzVec(x=-11.890876713777784, y=27.135416666666657, z=-2.436849534288527)
 }
14:47:21 `Chicken`2323 missed {
 is already Found: false).
 Position: LorenzVec(x=-23.604166666666664, y=94.58333333333334, z=62.67708333333333)
 DistanceC: 12.942804079273266
Relative Position: LorenzVec(x=-12.942804079273266, y=18.583333333333343, z=-1.1313205401760058)
 }
14:47:51 `Chicken`240 missed {
 is already Found: false).
 Position: LorenzVec(x=68.40625, y=105.0, z=32.65625)
 DistanceC: 13.780911300981835
Relative Position: LorenzVec(x=-0.15452867885915111, y=29.0, z=-13.780911300981835)
 }
14:48:41 `Chicken`2850 missed {
 is already Found: false).
 Position: LorenzVec(x=29.229166666666664, y=99.29166666666666, z=93.25)
 DistanceC: 17.273820354293377
Relative Position: LorenzVec(x=-17.273820354293377, y=21.291666666666657, z=15.28811851166661)
 }
14:50:40 `Zombie`8031459 missed {
 is already Found: false).
 Position: LorenzVec(x=1.3125, y=100.0, z=17.9375)
 DistanceC: 17.889895144149833
Relative Position: LorenzVec(x=-1.2898040041370082, y=0.0, z=-17.889895144149833)
 }
14:50:40 `Zombie`8031460 missed {
 is already Found: false).
 Position: LorenzVec(x=3.75, y=100.48842592592594, z=18.55787037037037)
 DistanceC: 17.269524773779462
Relative Position: LorenzVec(x=1.1476959958629918, y=0.48842592592593803, z=-17.269524773779462)
 }
14:50:40 `Zombie`8031461 missed {
 is already Found: false).
 Position: LorenzVec(x=2.3854166666666665, y=100.0, z=20.083333333333332)
 DistanceC: 15.7440618108165
Relative Position: LorenzVec(x=-0.21688733747034172, y=0.0, z=-15.7440618108165)
 }
14:50:40 `Zombie`8031462 missed {
 is already Found: false).
 Position: LorenzVec(x=4.59375, y=100.0, z=19.28125)
 DistanceC: 16.546145144149833
Relative Position: LorenzVec(x=1.9914459958629918, y=0.0, z=-16.546145144149833)
 }
14:50:40 `Cave Spider`8031463 missed {
 is already Found: false).
 Position: LorenzVec(x=2.1145833333333335, y=102.5, z=20.625)
 DistanceC: 15.202395144149833
Relative Position: LorenzVec(x=-0.48772067080367476, y=2.5, z=-15.202395144149833)
 }
14:50:40 `Cave Spider`8031464 missed {
 is already Found: false).
 Position: LorenzVec(x=3.5, y=102.5, z=20.625)
 DistanceC: 15.202395144149833
Relative Position: LorenzVec(x=0.8976959958629918, y=2.5, z=-15.202395144149833)
 }
14:50:40 `Cave Spider`8031465 missed {
 is already Found: false).
 Position: LorenzVec(x=0.75, y=102.5, z=20.625)
 DistanceC: 15.202395144149833
Relative Position: LorenzVec(x=-1.8523040041370082, y=2.5, z=-15.202395144149833)
 }
14:50:40 `Zombie`8031466 missed {
 is already Found: false).
 Position: LorenzVec(x=0.5, y=100.0, z=20.5)
 DistanceC: 15.327395144149833
Relative Position: LorenzVec(x=-2.1023040041370082, y=0.0, z=-15.327395144149833)
 }
14:50:40 `Zombie`8031467 missed {
 is already Found: false).
 Position: LorenzVec(x=0.5, y=100.0, z=20.5)
 DistanceC: 15.327395144149833
Relative Position: LorenzVec(x=-2.1023040041370082, y=0.0, z=-15.327395144149833)
 }
14:50:40 `Zombie`8031468 missed {
 is already Found: false).
 Position: LorenzVec(x=0.5, y=100.0, z=20.5)
 DistanceC: 15.327395144149833
Relative Position: LorenzVec(x=-2.1023040041370082, y=0.0, z=-15.327395144149833)
 }
14:50:40 `Zombie`8031469 missed {
 is already Found: false).
 Position: LorenzVec(x=4.5, y=100.0, z=16.28125)
 DistanceC: 19.546145144149833
Relative Position: LorenzVec(x=1.8976959958629918, y=0.0, z=-19.546145144149833)
 }
14:50:40 `Zombie`8031470 missed {
 is already Found: false).
 Position: LorenzVec(x=3.59375, y=100.0, z=17.15625)
 DistanceC: 18.671145144149833
Relative Position: LorenzVec(x=0.9914459958629918, y=0.0, z=-18.671145144149833)
 }
14:50:40 `Zombie`8031471 missed {
 is already Found: false).
 Position: LorenzVec(x=2.90625, y=100.0, z=17.802083333333332)
 DistanceC: 18.0253118108165
Relative Position: LorenzVec(x=0.30394599586299176, y=0.0, z=-18.0253118108165)
 }
14:50:40 `Zombie`8031472 missed {
 is already Found: false).
 Position: LorenzVec(x=2.15625, y=100.0, z=17.25)
 DistanceC: 18.577395144149833
Relative Position: LorenzVec(x=-0.44605400413700824, y=0.0, z=-18.577395144149833)
 }
14:50:40 `Zombie`8031473 missed {
 is already Found: false).
 Position: LorenzVec(x=4.5625, y=100.0, z=17.40625)
 DistanceC: 18.421145144149833
Relative Position: LorenzVec(x=1.9601959958629918, y=0.0, z=-18.421145144149833)
 }
14:50:40 `Zombie`8031474 missed {
 is already Found: false).
 Position: LorenzVec(x=4.5625, y=100.0, z=18.375)
 DistanceC: 17.452395144149833
Relative Position: LorenzVec(x=1.9601959958629918, y=0.0, z=-17.452395144149833)
 }
14:50:40 `Zombie`8031475 missed {
 is already Found: false).
 Position: LorenzVec(x=2.5, y=100.0, z=18.84375)
 DistanceC: 16.983645144149833
Relative Position: LorenzVec(x=-0.10230400413700824, y=0.0, z=-16.983645144149833)
 }
14:50:40 `Blaze`8031476 missed {
 is already Found: false).
 Position: LorenzVec(x=4.436342592592593, y=100.86226851851852, z=20.011574074074073)
 DistanceC: 15.81582107007576
Relative Position: LorenzVec(x=1.8340385884555843, y=0.862268518518519, z=-15.81582107007576)
 }
14:50:40 `Blaze`8031477 missed {
 is already Found: false).
 Position: LorenzVec(x=4.6875, y=100.09375, z=20.6875)
 DistanceC: 15.139895144149833
Relative Position: LorenzVec(x=2.0851959958629918, y=0.09375, z=-15.139895144149833)
 }
14:50:40 `Blaze`8031478 missed {
 is already Found: false).
 Position: LorenzVec(x=3.21875, y=100.0, z=20.28125)
 DistanceC: 15.546145144149833
Relative Position: LorenzVec(x=0.6164459958629918, y=0.0, z=-15.546145144149833)
 }
14:50:41 `Creeper`8032715 missed {
 is already Found: false).
 Position: LorenzVec(x=5.5, y=29.0, z=40.5)
 DistanceC: 4.672604855850167
Relative Position: LorenzVec(x=2.8976959958629918, y=-71.0, z=4.672604855850167)
 }
14:50:41 `Creeper`8032718 missed {
 is already Found: false).
 Position: LorenzVec(x=5.5, y=29.0, z=36.5)
 DistanceC: 2.8976959958629918
Relative Position: LorenzVec(x=2.8976959958629918, y=-71.0, z=0.6726048558501674)
 }
14:50:41 `Spider`8032725 missed {
 is already Found: false).
 Position: LorenzVec(x=3.15625, y=29.0, z=40.6875)
 DistanceC: 4.860104855850167
Relative Position: LorenzVec(x=0.5539459958629918, y=-71.0, z=4.860104855850167)
 }
14:50:42 `Sheep`8031456 missed {
 is already Found: false).
 Position: LorenzVec(x=-0.1875, y=100.0, z=14.21875)
 DistanceC: 20.814437408069004
Relative Position: LorenzVec(x=-1.2369826876507257, y=0.0, z=-20.814437408069004)
 }
14:50:48 `Blaze`8036740 missed {
 is already Found: false).
 Position: LorenzVec(x=1.625, y=100.0, z=17.34375)
 DistanceC: 19.296939352680603
Relative Position: LorenzVec(x=-1.1069719692842193, y=0.0, z=-19.296939352680603)
 }
14:50:49 `Zombie`8037210 missed {
 is already Found: false).
 Position: LorenzVec(x=3.5, y=100.0, z=16.5)
 DistanceC: 20.140689352680603
Relative Position: LorenzVec(x=0.7680280307157807, y=0.0, z=-20.140689352680603)
 }
14:50:52 `Zombie`8038829 missed {
 is already Found: false).
 Position: LorenzVec(x=4.6875, y=100.0, z=19.53125)
 DistanceC: 19.480094100055204
Relative Position: LorenzVec(x=2.936993789824235, y=0.0, z=-19.480094100055204)
 }
14:50:54 `Zombie`8040241 missed {
 is already Found: false).
 Position: LorenzVec(x=-0.5, y=100.0, z=17.5)
 DistanceC: 21.511344100055204
Relative Position: LorenzVec(x=-2.250506210175765, y=0.0, z=-21.511344100055204)
 }
14:51:08 `Cave Spider`8047981 missed {
 is already Found: false).
 Position: LorenzVec(x=2.5, y=100.0, z=19.5)
 DistanceC: 20.951138034926444
Relative Position: LorenzVec(x=-13.199999988079071, y=1.0, z=-20.951138034926444)
 }
14:51:13 `Blaze`8051029 missed {
 is already Found: false).
 Position: LorenzVec(x=0.53125, y=100.0, z=19.21875)
 DistanceC: 21.232388034926444
Relative Position: LorenzVec(x=-15.168749988079071, y=1.0, z=-21.232388034926444)
 }
14:51:17 `Zombie`8046639 missed {
 is already Found: false).
 Position: LorenzVec(x=4.6875, y=100.0, z=19.5)
 DistanceC: 20.951138034926444
Relative Position: LorenzVec(x=-11.012499988079071, y=1.0, z=-20.951138034926444)
 }
14:51:57 `Farmer`177 missed {
 is already Found: false).
 Position: LorenzVec(x=6.5, y=76.0, z=72.5)
 DistanceC: 23.000495706338157
Relative Position: LorenzVec(x=13.97236499987833, y=0.0, z=-23.000495706338157)
 }
14:52:27 `Farmer`176 missed {
 is already Found: false).
 Position: LorenzVec(x=-33.5, y=76.0, z=77.5)
 DistanceC: 23.486561840851515
Relative Position: LorenzVec(x=-23.486561840851515, y=0.0, z=-17.502778997465214)
 }
14:52:53 `Zombie`1972858 missed {
 is already Found: false).
 Position: LorenzVec(x=18.760416666666668, y=29.0, z=43.46875)
 DistanceC: 5.747588962019922
Relative Position: LorenzVec(x=5.747588962019922, y=-72.0, z=3.38755286298251)
 }
14:52:54 `Zombie`1972600 missed {
 is already Found: false).
 Position: LorenzVec(x=0.1875, y=100.0, z=20.15625)
 DistanceC: 19.92494713701749
Relative Position: LorenzVec(x=-12.825327704646746, y=-1.0, z=-19.92494713701749)
 }
14:52:54 `Zombie`1972602 missed {
 is already Found: false).
 Position: LorenzVec(x=3.5625, y=100.0, z=18.75)
 DistanceC: 21.33119713701749
Relative Position: LorenzVec(x=-9.450327704646746, y=-1.0, z=-21.33119713701749)
 }
14:52:57 `Spider`1973398 missed {
 is already Found: false).
 Position: LorenzVec(x=9.78125, y=29.0, z=39.96875)
 DistanceC: 3.231577704646746
Relative Position: LorenzVec(x=-3.231577704646746, y=-72.0, z=-0.1124471370174902)
 }
14:52:57 `Spider`1973401 missed {
 is already Found: false).
 Position: LorenzVec(x=12.708333333333334, y=29.0, z=44.708333333333336)
 DistanceC: 4.6271361963158455
Relative Position: LorenzVec(x=-0.30449437131341206, y=-72.0, z=4.6271361963158455)
 }
14:52:57 `Creeper`1973407 missed {
 is already Found: false).
 Position: LorenzVec(x=10.8125, y=29.0, z=43.5)
 DistanceC: 3.41880286298251
Relative Position: LorenzVec(x=-2.200327704646746, y=-72.0, z=3.41880286298251)
 }
14:52:57 `Creeper`1973411 missed {
 is already Found: false).
 Position: LorenzVec(x=15.5, y=29.0, z=41.5)
 DistanceC: 2.487172295353254
Relative Position: LorenzVec(x=2.487172295353254, y=-72.0, z=1.4188028629825098)
 }
14:53:31 `Chicken`240 missed {
 is already Found: false).
 Position: LorenzVec(x=69.375, y=105.0, z=30.6875)
 DistanceC: 15.917180210598843
Relative Position: LorenzVec(x=-15.917180210598843, y=27.5, z=5.130570398505657)
 }
14:55:34 `cj94o8y5s3`42 missed {
 is already Found: false).
 Position: LorenzVec(x=-22.5, y=76.0, z=92.5)
 DistanceC: 18.736227963589904
Relative Position: LorenzVec(x=18.736227963589904, y=-14.003199980521202, z=17.040470239232803)
 }
14:55:43 `Giant`28084 missed {
 is already Found: false).
 Position: LorenzVec(x=-26.8125, y=136.64583333333334, z=93.27083333333333)
 DistanceC: 17.578353446093374
Relative Position: LorenzVec(x=12.474739336017109, y=47.52083333333334, z=17.578353446093374)
 }
14:55:44 `Giant`28086 missed {
 is already Found: false).
 Position: LorenzVec(x=-26.4375, y=137.39583333333331, z=87.86458333333334)
 DistanceC: 12.849739336017109
Relative Position: LorenzVec(x=12.849739336017109, y=48.270833333333314, z=12.172103446093388)
 }
14:55:44 `Giant`28085 missed {
 is already Found: false).
 Position: LorenzVec(x=-27.854166666666664, y=137.3125, z=85.13541666666666)
 DistanceC: 11.433072669350445
Relative Position: LorenzVec(x=11.433072669350445, y=48.1875, z=9.442936779426702)
 }
14:57:10 `Chicken`240 missed {
 is already Found: false).
 Position: LorenzVec(x=65.09375, y=104.0, z=33.53125)
 DistanceC: 15.849900129336007
Relative Position: LorenzVec(x=-9.01000274070222, y=28.0, z=-15.849900129336007)
 }
15:06:55 `pu3ghg2093`7 missed {
 is already Found: false).
 Position: LorenzVec(x=68.5, y=105.0, z=33.5)
 DistanceC: 20.986143886258617
Relative Position: LorenzVec(x=2.719355885067827, y=19.0, z=20.986143886258617)
 }
15:10:20 `Chicken`65157 missed {
 is already Found: false).
 Position: LorenzVec(x=23.385416666666668, y=91.52083333333333, z=71.55208333333333)
 DistanceC: 17.183264586147505
Relative Position: LorenzVec(x=-17.183264586147505, y=13.289309535746312, z=-5.158425581052484)
 }
15:14:21 `Giant`72431 missed {
 is already Found: false).
 Position: LorenzVec(x=-25.34375, y=88.625, z=64.125)
 DistanceC: 8.15793728316251
Relative Position: LorenzVec(x=-8.15793728316251, y=-0.875, z=0.5468003202180327)
 }
15:14:21 `Giant`72432 missed {
 is already Found: false).
 Position: LorenzVec(x=-25.28125, y=88.625, z=65.1875)
 DistanceC: 8.09543728316251
Relative Position: LorenzVec(x=-8.09543728316251, y=-0.875, z=1.6093003202180327)
 }
15:14:21 `Giant`72433 missed {
 is already Found: false).
 Position: LorenzVec(x=-27.40625, y=88.625, z=64.375)
 DistanceC: 10.22043728316251
Relative Position: LorenzVec(x=-10.22043728316251, y=-0.875, z=0.7968003202180327)
 }
15:14:27 `Chicken`71999 missed {
 is already Found: false).
 Position: LorenzVec(x=-26.59375, y=107.0, z=65.4375)
 DistanceC: 6.748782426130397
Relative Position: LorenzVec(x=-6.748782426130397, y=17.5, z=1.9106645549086991)
 }
15:15:06 `Silverfish`68512 missed {
 is already Found: false).
 Position: LorenzVec(x=-86.21875, y=74.92708333333334, z=-13.21875)
 DistanceC: 19.887491474558317
Relative Position: LorenzVec(x=-19.887491474558317, y=-6.072916666666657, z=-11.253442476183139)
 }
15:18:53 `Chicken`84069 missed {
 is already Found: false).
 Position: LorenzVec(x=-94.71875, y=65.21875, z=37.40625)
 DistanceC: 13.132230907515819
Relative Position: LorenzVec(x=13.132230907515819, y=0.09375, z=6.68203854772063)
 }
15:18:53 `Zombie`84070 missed {
 is already Found: false).
 Position: LorenzVec(x=-94.813699811697, y=65.56875000596047, z=37.37488182485104)
 DistanceC: 13.037281095818813
Relative Position: LorenzVec(x=13.037281095818813, y=0.4437500059604673, z=6.650670372571668)
 }
15:18:53 `Frozen Steve`85332 missed {
 is already Found: false).
 Position: LorenzVec(x=-97.84375, y=64.25, z=35.28125)
 DistanceC: 10.007230907515819
Relative Position: LorenzVec(x=10.007230907515819, y=-0.875, z=4.55703854772063)
 }
15:18:53 `Guardian`84840 missed {
 is already Found: false).
 Position: LorenzVec(x=-91.4375, y=65.0, z=35.40625)
 DistanceC: 16.41348090751582
Relative Position: LorenzVec(x=16.41348090751582, y=-0.125, z=4.68203854772063)
 }
15:18:53 `Guardian`85644 missed {
 is already Found: false).
 Position: LorenzVec(x=-91.39583333333333, y=64.08333333333333, z=36.427083333333336)
 DistanceC: 16.45514757418249
Relative Position: LorenzVec(x=16.45514757418249, y=-1.0416666666666714, z=5.702871881053966)
 }
15:18:53 `Bat`81959 missed {
 is already Found: false).
 Position: LorenzVec(x=-95.96875, y=66.8125, z=33.96875)
 DistanceC: 11.882230907515819
Relative Position: LorenzVec(x=11.882230907515819, y=1.6875, z=3.24453854772063)
 }
15:18:53 `Bat`81961 missed {
 is already Found: false).
 Position: LorenzVec(x=-96.96875, y=65.8125, z=33.96875)
 DistanceC: 10.882230907515819
Relative Position: LorenzVec(x=10.882230907515819, y=0.6875, z=3.24453854772063)
 }
15:18:53 `Bat`82041 missed {
 is already Found: false).
 Position: LorenzVec(x=-95.96875, y=66.71875, z=33.96875)
 DistanceC: 11.882230907515819
Relative Position: LorenzVec(x=11.882230907515819, y=1.59375, z=3.24453854772063)
 }
15:18:53 `Bat`82043 missed {
 is already Found: false).
 Position: LorenzVec(x=-96.96875, y=65.71875, z=33.96875)
 DistanceC: 10.882230907515819
Relative Position: LorenzVec(x=10.882230907515819, y=0.59375, z=3.24453854772063)
 }
15:18:53 `Bat`82141 missed {
 is already Found: false).
 Position: LorenzVec(x=-96.9375, y=67.1875, z=33.9375)
 DistanceC: 10.913480907515819
Relative Position: LorenzVec(x=10.913480907515819, y=2.0625, z=3.21328854772063)
 }
15:18:53 `Bat`82143 missed {
 is already Found: false).
 Position: LorenzVec(x=-97.9375, y=66.1875, z=33.9375)
 DistanceC: 9.913480907515819
Relative Position: LorenzVec(x=9.913480907515819, y=1.0625, z=3.21328854772063)
 }
15:18:53 `Bat`81957 missed {
 is already Found: false).
 Position: LorenzVec(x=-96.96875, y=66.8125, z=32.96875)
 DistanceC: 10.882230907515819
Relative Position: LorenzVec(x=10.882230907515819, y=1.6875, z=2.24453854772063)
 }
15:18:53 `Bat`82039 missed {
 is already Found: false).
 Position: LorenzVec(x=-96.96875, y=66.71875, z=32.96875)
 DistanceC: 10.882230907515819
Relative Position: LorenzVec(x=10.882230907515819, y=1.59375, z=2.24453854772063)
 }
15:18:53 `Bat`82247 missed {
 is already Found: false).
 Position: LorenzVec(x=-96.91666666666666, y=67.80208333333334, z=31.020833333333336)
 DistanceC: 10.934314240849162
Relative Position: LorenzVec(x=10.934314240849162, y=2.677083333333343, z=0.2966218810539658)
 }
15:18:53 `Bat`82249 missed {
 is already Found: false).
 Position: LorenzVec(x=-97.91666666666666, y=66.80208333333334, z=31.020833333333336)
 DistanceC: 9.934314240849162
Relative Position: LorenzVec(x=9.934314240849162, y=1.6770833333333428, z=0.2966218810539658)
 }
15:18:53 `Bat`82245 missed {
 is already Found: false).
 Position: LorenzVec(x=-97.91666666666666, y=67.80208333333334, z=30.020833333333336)
 DistanceC: 9.934314240849162
Relative Position: LorenzVec(x=9.934314240849162, y=2.677083333333343, z=-0.7033781189460342)
 }
15:18:53 `Bat`82394 missed {
 is already Found: false).
 Position: LorenzVec(x=-95.96875, y=67.45833333333334, z=29.041666666666664)
 DistanceC: 11.882230907515819
Relative Position: LorenzVec(x=11.882230907515819, y=2.333333333333343, z=-1.6825447856127056)
 }
15:18:53 `Bat`82396 missed {
 is already Found: false).
 Position: LorenzVec(x=-96.96875, y=66.45833333333334, z=29.041666666666664)
 DistanceC: 10.882230907515819
Relative Position: LorenzVec(x=10.882230907515819, y=1.3333333333333428, z=-1.6825447856127056)
 }
15:18:54 `Bat`82392 missed {
 is already Found: false).
 Position: LorenzVec(x=-96.96875, y=67.45833333333334, z=28.041666666666664)
 DistanceC: 10.882230907515819
Relative Position: LorenzVec(x=10.882230907515819, y=2.333333333333343, z=-2.6825447856127056)
 }
15:18:54 `Bat`82552 missed {
 is already Found: false).
 Position: LorenzVec(x=-97.875, y=69.59375, z=26.15625)
 DistanceC: 9.975980907515819
Relative Position: LorenzVec(x=9.975980907515819, y=4.46875, z=-4.56796145227937)
 }
15:18:54 `Bat`82554 missed {
 is already Found: false).
 Position: LorenzVec(x=-98.875, y=68.59375, z=26.15625)
 DistanceC: 8.975980907515819
Relative Position: LorenzVec(x=8.975980907515819, y=3.46875, z=-4.56796145227937)
 }
15:18:54 `Bat`82550 missed {
 is already Found: false).
 Position: LorenzVec(x=-98.875, y=69.59375, z=25.15625)
 DistanceC: 8.975980907515819
Relative Position: LorenzVec(x=8.975980907515819, y=4.46875, z=-5.56796145227937)
 }
15:18:54 `Bat`82613 missed {
 is already Found: false).
 Position: LorenzVec(x=-98.875, y=70.53125, z=24.21875)
 DistanceC: 8.975980907515819
Relative Position: LorenzVec(x=8.975980907515819, y=5.40625, z=-6.50546145227937)
 }
15:18:54 `Bat`82725 missed {
 is already Found: false).
 Position: LorenzVec(x=-98.90625, y=70.0, z=24.15625)
 DistanceC: 8.944730907515819
Relative Position: LorenzVec(x=8.944730907515819, y=4.875, z=-6.56796145227937)
 }
15:18:57 `Witch`85973 missed {
 is already Found: false).
 Position: LorenzVec(x=-97.5, y=64.0, z=35.28125)
 DistanceC: 10.350980907515819
Relative Position: LorenzVec(x=10.350980907515819, y=-1.125, z=4.55703854772063)
 }
15:19:49 `1kga8udd44`39 missed {
 is already Found: false).
 Position: LorenzVec(x=79.5, y=80.5, z=55.5)
 DistanceC: 10.538750211308098
Relative Position: LorenzVec(x=-10.538750211308098, y=5.5, z=-8.376348970920468)
 }
15:19:58 `Chicken`240 missed {
 is already Found: false).
 Position: LorenzVec(x=68.375, y=105.0, z=32.59375)
 DistanceC: 9.706447397594879
Relative Position: LorenzVec(x=-5.741481975836905, y=23.0, z=9.706447397594879)
 }
