08:57:54 DWARVEN_MINES
09:02:43 NONE
09:02:44 DWARVEN_MINES
09:18:16 NONE
09:18:17 HUB
09:20:26 NONE
09:20:27 DUNGEON_HUB
09:20:56 PRIVATE_ISLAND_GUEST
09:20:59 DWARVEN_MINES
09:45:57 PRIVATE_ISLAND
09:46:40 NONE
09:46:40 DWARVEN_MINES
09:54:51 PRIVATE_ISLAND
09:56:28 PRIVATE_ISLAND_GUEST
09:56:31 DWARVEN_MINES
09:57:50 CRYSTAL_HOLLOWS
10:06:31 PRIVATE_ISLAND
10:08:45 SPIDER_DEN
10:10:01 PRIVATE_ISLAND
10:10:09 CRYSTAL_HOLLOWS
10:11:53 PRIVATE_ISLAND
10:19:20 HUB
10:24:00 PRIVATE_ISLAND
10:34:17 DUNGEON_HUB
10:37:38 CATACOMBS
10:40:24 NONE
10:40:25 DUNGEON_HUB
10:41:32 CATACOMBS
10:43:51 DUNGEON_HUB
10:44:39 PRIVATE_ISLAND
10:46:53 DUNGEON_HUB
10:51:11 CATACOMBS
10:53:11 NONE
10:53:12 DUNGEON_HUB
10:54:19 CATACOMBS
11:08:40 DUNGEON_HUB
11:19:44 NONE
11:19:44 CATACOMBS
11:28:30 NONE
11:28:31 DUNGEON_HUB
11:31:04 CATACOMBS
11:43:57 DUNGEON_HUB
11:44:30 NONE
11:44:30 HUB
11:45:34 PRIVATE_ISLAND
11:50:11 THE_FARMING_ISLANDS
11:50:20 HUB
11:50:26 THE_FARMING_ISLANDS
11:59:54 PRIVATE_ISLAND
12:01:30 GARDEN
12:05:43 PRIVATE_ISLAND
12:05:46 NONE
12:05:47 GARDEN
12:07:49 PRIVATE_ISLAND
12:08:05 NONE
12:08:06 HUB
12:09:45 NONE
12:09:45 PRIVATE_ISLAND
12:10:30 DUNGEON_HUB
12:15:17 PRIVATE_ISLAND
12:22:35 GARDEN
12:35:24 PRIVATE_ISLAND
12:35:50 NONE
12:35:50 HUB
12:37:08 PRIVATE_ISLAND
12:37:17 NONE
12:37:18 GARDEN
12:52:45 PRIVATE_ISLAND
12:53:12 HUB
12:53:41 GOLD_MINES
12:54:00 DEEP_CAVERNS
