09:12:36 §6[Sacks] §r§a+1,142§r§e items§r§e.§r§8 (Last 13s.)
09:12:44 §6[Sacks] §r§c-1,469§r§e items§r§e.§r§8 (Last 5s.)
09:12:56 §6[Sacks] §r§c-74§r§e items§r§e.§r§8 (Last 5s.)
09:13:03 §6[Sacks] §r§c-1,792§r§e items§r§e.§r§8 (Last 5s.)
09:13:17 §6[Sacks] §r§c-4,928§r§e items§r§e.§r§8 (Last 7s.)
09:13:26 §6[Sacks] §r§c-1,792§r§e items§r§e.§r§8 (Last 5s.)
09:14:29 §6[Sacks] §r§c-4,928§r§e items§r§e.§r§8 (Last 7s.)
09:14:36 §6[Sacks] §r§c-1,792§r§e items§r§e.§r§8 (Last 5s.)
09:14:47 §6[Sacks] §r§c-4,928§r§e items§r§e.§r§8 (Last 7s.)
09:18:21 §6[Sacks] §r§a+871§r§e items§r§e.§r§8 (Last 6s.)
09:18:28 §6[Sacks] §r§c-1,792§r§e items§r§e.§r§8 (Last 5s.)
09:18:52 §6[Sacks] §r§a+147§r§e items§r§e, §r§c-4,435§r§e items§r§e.§r§8 (Last 21s.)
09:22:52 §6[Sacks] §r§a+501§r§e items§r§e.§r§8 (Last 6s.)
09:23:11 §6[Sacks] §r§a+774§r§e items§r§e.§r§8 (Last 10s.)
09:23:44 §6[Sacks] §r§a+746§r§e items§r§e.§r§8 (Last 11s.)
09:24:13 §6[Sacks] §r§a+2,181§r§e items§r§e.§r§8 (Last 20s.)
09:24:30 §6[Sacks] §r§a+1,831§r§e items§r§e.§r§8 (Last 15s.)
09:24:59 §6[Sacks] §r§a+2,872§r§e items§r§e.§r§8 (Last 26s.)
09:25:14 §6[Sacks] §r§a+1,069§r§e items§r§e.§r§8 (Last 12s.)
09:25:32 §6[Sacks] §r§a+707§r§e items§r§e.§r§8 (Last 11s.)
09:25:43 §6[Sacks] §r§a+753§r§e items§r§e.§r§8 (Last 8s.)
09:26:00 §6[Sacks] §r§a+735§r§e items§r§e.§r§8 (Last 12s.)
09:26:15 §6[Sacks] §r§a+1,376§r§e items§r§e.§r§8 (Last 11s.)
09:26:26 §6[Sacks] §r§a+746§r§e items§r§e.§r§8 (Last 8s.)
09:26:57 §6[Sacks] §r§a+4,268§r§e items§r§e.§r§8 (Last 30s.)
09:27:11 §6[Sacks] §r§a+767§r§e items§r§e.§r§8 (Last 12s.)
09:27:21 §6[Sacks] §r§a+770§r§e items§r§e.§r§8 (Last 7s.)
09:27:30 §6[Sacks] §r§a+630§r§e items§r§e.§r§8 (Last 8s.)
09:27:35 §6[Sacks] §r§a+3§r§e items§r§e.§r§8 (Last 5s.)
09:27:49 §6[Sacks] §r§a+5§r§e items§r§e.§r§8 (Last 5s.)
09:27:57 §6[Sacks] §r§a+3§r§e items§r§e.§r§8 (Last 5s.)
09:28:04 §6[Sacks] §r§a+2§r§e items§r§e.§r§8 (Last 5s.)
09:28:15 §6[Sacks] §r§a+5§r§e items§r§e.§r§8 (Last 5s.)
09:28:26 §6[Sacks] §r§a+2§r§e items§r§e.§r§8 (Last 5s.)
09:28:35 §6[Sacks] §r§a+3§r§e items§r§e.§r§8 (Last 5s.)
09:28:45 §6[Sacks] §r§a+5§r§e items§r§e.§r§8 (Last 5s.)
09:29:01 §6[Sacks] §r§a+3§r§e items§r§e.§r§8 (Last 5s.)
09:29:24 §6[Sacks] §r§a+27§r§e items§r§e.§r§8 (Last 18s.)
09:29:34 §6[Sacks] §r§a+7§r§e items§r§e.§r§8 (Last 8s.)
09:29:54 §6[Sacks] §r§a+20§r§e items§r§e.§r§8 (Last 16s.)
09:30:09 §6[Sacks] §r§a+16§r§e items§r§e.§r§8 (Last 13s.)
09:30:37 §6[Sacks] §r§a+27§r§e items§r§e.§r§8 (Last 25s.)
09:30:54 §6[Sacks] §r§a+397§r§e items§r§e.§r§8 (Last 11s.)
09:31:19 §6[Sacks] §r§a+1,139§r§e items§r§e.§r§8 (Last 17s.)
09:31:38 §6[Sacks] §r§a+1,265§r§e items§r§e.§r§8 (Last 18s.)
09:31:53 §6[Sacks] §r§a+637§r§e items§r§e.§r§8 (Last 12s.)
09:32:24 §6[Sacks] §r§a+847§r§e items§r§e.§r§8 (Last 15s.)
09:32:46 §6[Sacks] §r§a+1,159§r§e items§r§e.§r§8 (Last 20s.)
09:33:16 §6[Sacks] §r§a+1,206§r§e items§r§e.§r§8 (Last 20s.)
09:33:31 §6[Sacks] §r§a+636§r§e items§r§e.§r§8 (Last 13s.)
09:33:58 §6[Sacks] §r§a+215§r§e items§r§e, §r§c-20,160§r§e items§r§e.§r§8 (Last 15s.)
09:34:13 §6[Sacks] §r§a+509§r§e items§r§e.§r§8 (Last 11s.)
09:34:35 §6[Sacks] §r§a+688§r§e items§r§e.§r§8 (Last 11s.)
09:35:18 §6[Sacks] §r§a+1,283§r§e items§r§e.§r§8 (Last 23s.)
09:35:40 §6[Sacks] §r§a+724§r§e items§r§e.§r§8 (Last 13s.)
09:36:20 §6[Sacks] §r§a+1,888§r§e items§r§e.§r§8 (Last 30s.)
09:36:28 §6[Sacks] §r§a+192§r§e items§r§e.§r§8 (Last 7s.)
09:36:53 §6[Sacks] §r§a+715§r§e items§r§e.§r§8 (Last 15s.)
09:37:06 §6[Sacks] §r§a+576§r§e items§r§e.§r§8 (Last 11s.)
09:37:36 §6[Sacks] §r§a+1,265§r§e items§r§e.§r§8 (Last 23s.)
09:37:53 §6[Sacks] §r§a+897§r§e items§r§e.§r§8 (Last 16s.)
09:38:31 §6[Sacks] §r§a+1,204§r§e items§r§e.§r§8 (Last 18s.)
09:39:17 §6[Sacks] §r§a+8§r§e items§r§e.§r§8 (Last 5s.)
09:39:36 §6[Sacks] §r§c-13§r§e items§r§e.§r§8 (Last 5s.)
09:40:08 §6[Sacks] §r§c-319§r§e items§r§e.§r§8 (Last 5s.)
09:44:34 §6[Sacks] §r§c-619§r§e items§r§e.§r§8 (Last 5s.)
09:49:01 §6[Sacks] §r§a+36§r§e items§r§e.§r§8 (Last 22s.)
