09:27:41 §eOne or more items didn't fit in your inventory and were added to your material stash! §6Click here §eto pick them up!
09:27:41 §eOne or more items didn't fit in your inventory and were added to your item stash! §6Click here §eto pick them up!
09:27:41 §eOne or more items didn't fit in your inventory and were added to your material stash! §6Click here §eto pick them up!
09:27:41 §eOne or more items didn't fit in your inventory and were added to your item stash! §6Click here §eto pick them up!
09:27:41 §eOne or more items didn't fit in your inventory and were added to your material stash! §6Click here §eto pick them up!
09:27:41 §eOne or more items didn't fit in your inventory and were added to your item stash! §6Click here §eto pick them up!
09:27:42 §eOne or more items didn't fit in your inventory and were added to your material stash! §6Click here §eto pick them up!
09:27:42 §eOne or more items didn't fit in your inventory and were added to your item stash! §6Click here §eto pick them up!
09:27:42 §eOne or more items didn't fit in your inventory and were added to your material stash! §6Click here §eto pick them up!
09:27:42 §eOne or more items didn't fit in your inventory and were added to your item stash! §6Click here §eto pick them up!
09:27:42 §eOne or more items didn't fit in your inventory and were added to your material stash! §6Click here §eto pick them up!
09:27:42 §eOne or more items didn't fit in your inventory and were added to your item stash! §6Click here §eto pick them up!
09:27:42 §eOne or more items didn't fit in your inventory and were added to your material stash! §6Click here §eto pick them up!
09:27:42 §eOne or more items didn't fit in your inventory and were added to your item stash! §6Click here §eto pick them up!
09:27:42 §eOne or more items didn't fit in your inventory and were added to your material stash! §6Click here §eto pick them up!
09:27:42 §eOne or more items didn't fit in your inventory and were added to your item stash! §6Click here §eto pick them up!
09:27:43 §eOne or more items didn't fit in your inventory and were added to your material stash! §6Click here §eto pick them up!
09:27:43 §eOne or more items didn't fit in your inventory and were added to your item stash! §6Click here §eto pick them up!
09:27:43 §eOne or more items didn't fit in your inventory and were added to your material stash! §6Click here §eto pick them up!
09:27:43 §eOne or more items didn't fit in your inventory and were added to your item stash! §6Click here §eto pick them up!
09:27:43 §eOne or more items didn't fit in your inventory and were added to your material stash! §6Click here §eto pick them up!
09:27:43 §eOne or more items didn't fit in your inventory and were added to your item stash! §6Click here §eto pick them up!
09:27:43 §eOne or more items didn't fit in your inventory and were added to your material stash! §6Click here §eto pick them up!
09:27:43 §eOne or more items didn't fit in your inventory and were added to your item stash! §6Click here §eto pick them up!
09:27:43 §eOne or more items didn't fit in your inventory and were added to your material stash! §6Click here §eto pick them up!
09:27:43 §eOne or more items didn't fit in your inventory and were added to your item stash! §6Click here §eto pick them up!
09:27:43 §eOne or more items didn't fit in your inventory and were added to your material stash! §6Click here §eto pick them up!
09:27:43 §eOne or more items didn't fit in your inventory and were added to your item stash! §6Click here §eto pick them up!
09:27:43 §eOne or more items didn't fit in your inventory and were added to your material stash! §6Click here §eto pick them up!
09:27:43 §eOne or more items didn't fit in your inventory and were added to your item stash! §6Click here §eto pick them up!
09:27:49 §eOne or more items didn't fit in your inventory and were added to your material stash! §6Click here §eto pick them up!
09:27:49 §eOne or more items didn't fit in your inventory and were added to your item stash! §6Click here §eto pick them up!
09:27:49 §eOne or more items didn't fit in your inventory and were added to your material stash! §6Click here §eto pick them up!
09:27:49 §eOne or more items didn't fit in your inventory and were added to your item stash! §6Click here §eto pick them up!
09:27:49 §eOne or more items didn't fit in your inventory and were added to your material stash! §6Click here §eto pick them up!
09:27:49 §eOne or more items didn't fit in your inventory and were added to your item stash! §6Click here §eto pick them up!
09:27:49 §eOne or more items didn't fit in your inventory and were added to your material stash! §6Click here §eto pick them up!
09:27:49 §eOne or more items didn't fit in your inventory and were added to your item stash! §6Click here §eto pick them up!
09:27:49 §eOne or more items didn't fit in your inventory and were added to your material stash! §6Click here §eto pick them up!
09:27:49 §eOne or more items didn't fit in your inventory and were added to your item stash! §6Click here §eto pick them up!
09:27:49 §eOne or more items didn't fit in your inventory and were added to your material stash! §6Click here §eto pick them up!
09:27:49 §eOne or more items didn't fit in your inventory and were added to your item stash! §6Click here §eto pick them up!
09:27:49 §eOne or more items didn't fit in your inventory and were added to your material stash! §6Click here §eto pick them up!
09:27:49 §eOne or more items didn't fit in your inventory and were added to your item stash! §6Click here §eto pick them up!
09:27:50 §eOne or more items didn't fit in your inventory and were added to your material stash! §6Click here §eto pick them up!
09:27:50 §eOne or more items didn't fit in your inventory and were added to your item stash! §6Click here §eto pick them up!
09:27:50 §eOne or more items didn't fit in your inventory and were added to your material stash! §6Click here §eto pick them up!
09:27:50 §eOne or more items didn't fit in your inventory and were added to your item stash! §6Click here §eto pick them up!
09:27:50 §eOne or more items didn't fit in your inventory and were added to your material stash! §6Click here §eto pick them up!
09:27:50 §eOne or more items didn't fit in your inventory and were added to your item stash! §6Click here §eto pick them up!
09:27:50 §eOne or more items didn't fit in your inventory and were added to your material stash! §6Click here §eto pick them up!
09:27:50 §eOne or more items didn't fit in your inventory and were added to your item stash! §6Click here §eto pick them up!
09:27:51 §eOne or more items didn't fit in your inventory and were added to your material stash! §6Click here §eto pick them up!
09:27:51 §eOne or more items didn't fit in your inventory and were added to your item stash! §6Click here §eto pick them up!
09:27:51 §eOne or more items didn't fit in your inventory and were added to your material stash! §6Click here §eto pick them up!
09:27:51 §eOne or more items didn't fit in your inventory and were added to your item stash! §6Click here §eto pick them up!
09:27:51 §eOne or more items didn't fit in your inventory and were added to your material stash! §6Click here §eto pick them up!
09:27:51 §eOne or more items didn't fit in your inventory and were added to your item stash! §6Click here §eto pick them up!
09:27:52 §eOne or more items didn't fit in your inventory and were added to your material stash! §6Click here §eto pick them up!
09:27:52 §eOne or more items didn't fit in your inventory and were added to your item stash! §6Click here §eto pick them up!
09:27:52 §eOne or more items didn't fit in your inventory and were added to your material stash! §6Click here §eto pick them up!
09:27:52 §eOne or more items didn't fit in your inventory and were added to your item stash! §6Click here §eto pick them up!
09:27:52 §eOne or more items didn't fit in your inventory and were added to your material stash! §6Click here §eto pick them up!
09:27:52 §eOne or more items didn't fit in your inventory and were added to your item stash! §6Click here §eto pick them up!
09:27:52 §eOne or more items didn't fit in your inventory and were added to your material stash! §6Click here §eto pick them up!
09:27:52 §eOne or more items didn't fit in your inventory and were added to your item stash! §6Click here §eto pick them up!
09:27:52 §eOne or more items didn't fit in your inventory and were added to your material stash! §6Click here §eto pick them up!
09:27:52 §eOne or more items didn't fit in your inventory and were added to your item stash! §6Click here §eto pick them up!
09:27:56 §f                §7You have §31,494 §7materials stashed away!
09:27:56 §f               §8(This totals 1 type of material stashed!)
09:27:56 §f                §3§l>>> §3§lCLICK HERE§b to pick them up! §3§l<<<
09:27:56 §eOne or more items didn't fit in your inventory and were added to your material stash! §6Click here §eto pick them up!
09:27:56 §eOne or more items didn't fit in your inventory and were added to your item stash! §6Click here §eto pick them up!
09:27:56 §eOne or more items didn't fit in your inventory and were added to your material stash! §6Click here §eto pick them up!
09:27:56 §eOne or more items didn't fit in your inventory and were added to your item stash! §6Click here §eto pick them up!
09:27:57 §eOne or more items didn't fit in your inventory and were added to your material stash! §6Click here §eto pick them up!
09:27:57 §eOne or more items didn't fit in your inventory and were added to your item stash! §6Click here §eto pick them up!
09:27:57 §eOne or more items didn't fit in your inventory and were added to your material stash! §6Click here §eto pick them up!
09:27:57 §eOne or more items didn't fit in your inventory and were added to your item stash! §6Click here §eto pick them up!
09:27:57 §eOne or more items didn't fit in your inventory and were added to your material stash! §6Click here §eto pick them up!
09:27:57 §eOne or more items didn't fit in your inventory and were added to your item stash! §6Click here §eto pick them up!
09:27:57 §eOne or more items didn't fit in your inventory and were added to your material stash! §6Click here §eto pick them up!
09:27:57 §eOne or more items didn't fit in your inventory and were added to your item stash! §6Click here §eto pick them up!
09:27:57 §eOne or more items didn't fit in your inventory and were added to your material stash! §6Click here §eto pick them up!
09:27:57 §eOne or more items didn't fit in your inventory and were added to your item stash! §6Click here §eto pick them up!
09:27:57 §eOne or more items didn't fit in your inventory and were added to your material stash! §6Click here §eto pick them up!
09:27:57 §eOne or more items didn't fit in your inventory and were added to your item stash! §6Click here §eto pick them up!
09:27:58 §eOne or more items didn't fit in your inventory and were added to your material stash! §6Click here §eto pick them up!
09:27:58 §eOne or more items didn't fit in your inventory and were added to your item stash! §6Click here §eto pick them up!
09:27:58 §eOne or more items didn't fit in your inventory and were added to your material stash! §6Click here §eto pick them up!
09:27:58 §eOne or more items didn't fit in your inventory and were added to your item stash! §6Click here §eto pick them up!
09:27:58 §eOne or more items didn't fit in your inventory and were added to your material stash! §6Click here §eto pick them up!
09:27:58 §eOne or more items didn't fit in your inventory and were added to your item stash! §6Click here §eto pick them up!
09:27:59 §eOne or more items didn't fit in your inventory and were added to your material stash! §6Click here §eto pick them up!
09:27:59 §eOne or more items didn't fit in your inventory and were added to your item stash! §6Click here §eto pick them up!
09:27:59 §eOne or more items didn't fit in your inventory and were added to your material stash! §6Click here §eto pick them up!
09:27:59 §eOne or more items didn't fit in your inventory and were added to your item stash! §6Click here §eto pick them up!
09:27:59 §eOne or more items didn't fit in your inventory and were added to your material stash! §6Click here §eto pick them up!
09:27:59 §eOne or more items didn't fit in your inventory and were added to your item stash! §6Click here §eto pick them up!
09:27:59 §eOne or more items didn't fit in your inventory and were added to your material stash! §6Click here §eto pick them up!
09:27:59 §eOne or more items didn't fit in your inventory and were added to your item stash! §6Click here §eto pick them up!
09:27:59 §eOne or more items didn't fit in your inventory and were added to your material stash! §6Click here §eto pick them up!
09:27:59 §eOne or more items didn't fit in your inventory and were added to your item stash! §6Click here §eto pick them up!
09:27:59 §eOne or more items didn't fit in your inventory and were added to your material stash! §6Click here §eto pick them up!
09:27:59 §eOne or more items didn't fit in your inventory and were added to your item stash! §6Click here §eto pick them up!
09:28:06 §eOne or more items didn't fit in your inventory and were added to your material stash! §6Click here §eto pick them up!
09:28:06 §eOne or more items didn't fit in your inventory and were added to your item stash! §6Click here §eto pick them up!
09:28:06 §eOne or more items didn't fit in your inventory and were added to your material stash! §6Click here §eto pick them up!
09:28:06 §eOne or more items didn't fit in your inventory and were added to your item stash! §6Click here §eto pick them up!
09:28:06 §eOne or more items didn't fit in your inventory and were added to your material stash! §6Click here §eto pick them up!
09:28:06 §eOne or more items didn't fit in your inventory and were added to your item stash! §6Click here §eto pick them up!
09:28:06 §eOne or more items didn't fit in your inventory and were added to your material stash! §6Click here §eto pick them up!
09:28:06 §eOne or more items didn't fit in your inventory and were added to your item stash! §6Click here §eto pick them up!
09:28:06 §eOne or more items didn't fit in your inventory and were added to your material stash! §6Click here §eto pick them up!
09:28:06 §eOne or more items didn't fit in your inventory and were added to your item stash! §6Click here §eto pick them up!
09:28:06 §eOne or more items didn't fit in your inventory and were added to your material stash! §6Click here §eto pick them up!
09:28:06 §eOne or more items didn't fit in your inventory and were added to your item stash! §6Click here §eto pick them up!
09:28:06 §eOne or more items didn't fit in your inventory and were added to your material stash! §6Click here §eto pick them up!
09:28:06 §eOne or more items didn't fit in your inventory and were added to your item stash! §6Click here §eto pick them up!
09:28:06 §eOne or more items didn't fit in your inventory and were added to your material stash! §6Click here §eto pick them up!
09:28:06 §eOne or more items didn't fit in your inventory and were added to your item stash! §6Click here §eto pick them up!
09:28:08 §eOne or more items didn't fit in your inventory and were added to your material stash! §6Click here §eto pick them up!
09:28:08 §eOne or more items didn't fit in your inventory and were added to your item stash! §6Click here §eto pick them up!
09:28:08 §eOne or more items didn't fit in your inventory and were added to your material stash! §6Click here §eto pick them up!
09:28:08 §eOne or more items didn't fit in your inventory and were added to your item stash! §6Click here §eto pick them up!
09:28:08 §eOne or more items didn't fit in your inventory and were added to your material stash! §6Click here §eto pick them up!
09:28:08 §eOne or more items didn't fit in your inventory and were added to your item stash! §6Click here §eto pick them up!
09:28:08 §eOne or more items didn't fit in your inventory and were added to your material stash! §6Click here §eto pick them up!
09:28:08 §eOne or more items didn't fit in your inventory and were added to your item stash! §6Click here §eto pick them up!
09:28:08 §eOne or more items didn't fit in your inventory and were added to your material stash! §6Click here §eto pick them up!
09:28:08 §eOne or more items didn't fit in your inventory and were added to your item stash! §6Click here §eto pick them up!
09:28:08 §eOne or more items didn't fit in your inventory and were added to your material stash! §6Click here §eto pick them up!
09:28:08 §eOne or more items didn't fit in your inventory and were added to your item stash! §6Click here §eto pick them up!
09:28:08 §eOne or more items didn't fit in your inventory and were added to your material stash! §6Click here §eto pick them up!
09:28:08 §eOne or more items didn't fit in your inventory and were added to your item stash! §6Click here §eto pick them up!
09:28:08 §eOne or more items didn't fit in your inventory and were added to your material stash! §6Click here §eto pick them up!
09:28:08 §eOne or more items didn't fit in your inventory and were added to your item stash! §6Click here §eto pick them up!
09:28:08 §eOne or more items didn't fit in your inventory and were added to your material stash! §6Click here §eto pick them up!
09:28:08 §eOne or more items didn't fit in your inventory and were added to your item stash! §6Click here §eto pick them up!
09:28:08 §eOne or more items didn't fit in your inventory and were added to your material stash! §6Click here §eto pick them up!
09:28:08 §eOne or more items didn't fit in your inventory and were added to your item stash! §6Click here §eto pick them up!
09:28:08 §eOne or more items didn't fit in your inventory and were added to your material stash! §6Click here §eto pick them up!
09:28:08 §eOne or more items didn't fit in your inventory and were added to your item stash! §6Click here §eto pick them up!
09:28:09 §eOne or more items didn't fit in your inventory and were added to your material stash! §6Click here §eto pick them up!
09:28:09 §eOne or more items didn't fit in your inventory and were added to your item stash! §6Click here §eto pick them up!
09:28:09 §eOne or more items didn't fit in your inventory and were added to your material stash! §6Click here §eto pick them up!
09:28:09 §eOne or more items didn't fit in your inventory and were added to your item stash! §6Click here §eto pick them up!
09:28:09 §eOne or more items didn't fit in your inventory and were added to your material stash! §6Click here §eto pick them up!
09:28:09 §eOne or more items didn't fit in your inventory and were added to your item stash! §6Click here §eto pick them up!
09:28:09 §eOne or more items didn't fit in your inventory and were added to your material stash! §6Click here §eto pick them up!
09:28:09 §eOne or more items didn't fit in your inventory and were added to your item stash! §6Click here §eto pick them up!
09:28:09 §eOne or more items didn't fit in your inventory and were added to your material stash! §6Click here §eto pick them up!
09:28:09 §eOne or more items didn't fit in your inventory and were added to your item stash! §6Click here §eto pick them up!
09:28:09 §eOne or more items didn't fit in your inventory and were added to your material stash! §6Click here §eto pick them up!
09:28:09 §eOne or more items didn't fit in your inventory and were added to your item stash! §6Click here §eto pick them up!
09:28:09 §eOne or more items didn't fit in your inventory and were added to your material stash! §6Click here §eto pick them up!
09:28:09 §eOne or more items didn't fit in your inventory and were added to your item stash! §6Click here §eto pick them up!
09:28:09 §eOne or more items didn't fit in your inventory and were added to your material stash! §6Click here §eto pick them up!
09:28:09 §eOne or more items didn't fit in your inventory and were added to your item stash! §6Click here §eto pick them up!
09:28:10 §eOne or more items didn't fit in your inventory and were added to your material stash! §6Click here §eto pick them up!
09:28:10 §eOne or more items didn't fit in your inventory and were added to your item stash! §6Click here §eto pick them up!
09:28:10 §eOne or more items didn't fit in your inventory and were added to your material stash! §6Click here §eto pick them up!
09:28:10 §eOne or more items didn't fit in your inventory and were added to your item stash! §6Click here §eto pick them up!
09:28:10 §eOne or more items didn't fit in your inventory and were added to your material stash! §6Click here §eto pick them up!
09:28:10 §eOne or more items didn't fit in your inventory and were added to your item stash! §6Click here §eto pick them up!
09:28:10 §eOne or more items didn't fit in your inventory and were added to your material stash! §6Click here §eto pick them up!
09:28:10 §eOne or more items didn't fit in your inventory and were added to your item stash! §6Click here §eto pick them up!
09:28:10 §eOne or more items didn't fit in your inventory and were added to your material stash! §6Click here §eto pick them up!
09:28:10 §eOne or more items didn't fit in your inventory and were added to your item stash! §6Click here §eto pick them up!
09:28:18 §eOne or more items didn't fit in your inventory and were added to your material stash! §6Click here §eto pick them up!
09:28:18 §eOne or more items didn't fit in your inventory and were added to your item stash! §6Click here §eto pick them up!
09:28:18 §eOne or more items didn't fit in your inventory and were added to your material stash! §6Click here §eto pick them up!
09:28:18 §eOne or more items didn't fit in your inventory and were added to your item stash! §6Click here §eto pick them up!
09:28:18 §eOne or more items didn't fit in your inventory and were added to your material stash! §6Click here §eto pick them up!
09:28:18 §eOne or more items didn't fit in your inventory and were added to your item stash! §6Click here §eto pick them up!
09:28:18 §eOne or more items didn't fit in your inventory and were added to your material stash! §6Click here §eto pick them up!
09:28:18 §eOne or more items didn't fit in your inventory and were added to your item stash! §6Click here §eto pick them up!
09:28:18 §eOne or more items didn't fit in your inventory and were added to your material stash! §6Click here §eto pick them up!
09:28:18 §eOne or more items didn't fit in your inventory and were added to your item stash! §6Click here §eto pick them up!
09:28:18 §eOne or more items didn't fit in your inventory and were added to your material stash! §6Click here §eto pick them up!
09:28:18 §eOne or more items didn't fit in your inventory and were added to your item stash! §6Click here §eto pick them up!
09:28:18 §eOne or more items didn't fit in your inventory and were added to your material stash! §6Click here §eto pick them up!
09:28:18 §eOne or more items didn't fit in your inventory and were added to your item stash! §6Click here §eto pick them up!
09:28:19 §eOne or more items didn't fit in your inventory and were added to your material stash! §6Click here §eto pick them up!
09:28:19 §eOne or more items didn't fit in your inventory and were added to your item stash! §6Click here §eto pick them up!
09:28:19 §eOne or more items didn't fit in your inventory and were added to your material stash! §6Click here §eto pick them up!
09:28:19 §eOne or more items didn't fit in your inventory and were added to your item stash! §6Click here §eto pick them up!
09:28:21 §eOne or more items didn't fit in your inventory and were added to your material stash! §6Click here §eto pick them up!
09:28:21 §eOne or more items didn't fit in your inventory and were added to your item stash! §6Click here §eto pick them up!
09:28:21 §eOne or more items didn't fit in your inventory and were added to your material stash! §6Click here §eto pick them up!
09:28:21 §eOne or more items didn't fit in your inventory and were added to your item stash! §6Click here §eto pick them up!
09:28:21 §eOne or more items didn't fit in your inventory and were added to your material stash! §6Click here §eto pick them up!
09:28:21 §eOne or more items didn't fit in your inventory and were added to your item stash! §6Click here §eto pick them up!
09:28:21 §eOne or more items didn't fit in your inventory and were added to your material stash! §6Click here §eto pick them up!
09:28:21 §eOne or more items didn't fit in your inventory and were added to your item stash! §6Click here §eto pick them up!
09:28:21 §eOne or more items didn't fit in your inventory and were added to your material stash! §6Click here §eto pick them up!
09:28:21 §eOne or more items didn't fit in your inventory and were added to your item stash! §6Click here §eto pick them up!
09:28:21 §eOne or more items didn't fit in your inventory and were added to your material stash! §6Click here §eto pick them up!
09:28:21 §eOne or more items didn't fit in your inventory and were added to your item stash! §6Click here §eto pick them up!
09:28:21 §eOne or more items didn't fit in your inventory and were added to your material stash! §6Click here §eto pick them up!
09:28:21 §eOne or more items didn't fit in your inventory and were added to your item stash! §6Click here §eto pick them up!
09:28:21 §eOne or more items didn't fit in your inventory and were added to your material stash! §6Click here §eto pick them up!
09:28:21 §eOne or more items didn't fit in your inventory and were added to your item stash! §6Click here §eto pick them up!
09:28:27 §eOne or more items didn't fit in your inventory and were added to your material stash! §6Click here §eto pick them up!
09:28:27 §eOne or more items didn't fit in your inventory and were added to your item stash! §6Click here §eto pick them up!
09:28:27 §eOne or more items didn't fit in your inventory and were added to your material stash! §6Click here §eto pick them up!
09:28:27 §eOne or more items didn't fit in your inventory and were added to your item stash! §6Click here §eto pick them up!
09:28:27 §eOne or more items didn't fit in your inventory and were added to your material stash! §6Click here §eto pick them up!
09:28:27 §eOne or more items didn't fit in your inventory and were added to your item stash! §6Click here §eto pick them up!
09:28:27 §eOne or more items didn't fit in your inventory and were added to your material stash! §6Click here §eto pick them up!
09:28:27 §eOne or more items didn't fit in your inventory and were added to your item stash! §6Click here §eto pick them up!
09:28:27 §eOne or more items didn't fit in your inventory and were added to your material stash! §6Click here §eto pick them up!
09:28:27 §eOne or more items didn't fit in your inventory and were added to your item stash! §6Click here §eto pick them up!
09:28:28 §eOne or more items didn't fit in your inventory and were added to your material stash! §6Click here §eto pick them up!
09:28:28 §eOne or more items didn't fit in your inventory and were added to your item stash! §6Click here §eto pick them up!
09:28:28 §eOne or more items didn't fit in your inventory and were added to your material stash! §6Click here §eto pick them up!
09:28:28 §eOne or more items didn't fit in your inventory and were added to your item stash! §6Click here §eto pick them up!
09:28:28 §eOne or more items didn't fit in your inventory and were added to your material stash! §6Click here §eto pick them up!
09:28:28 §eOne or more items didn't fit in your inventory and were added to your item stash! §6Click here §eto pick them up!
09:28:28 §eOne or more items didn't fit in your inventory and were added to your material stash! §6Click here §eto pick them up!
09:28:28 §eOne or more items didn't fit in your inventory and were added to your item stash! §6Click here §eto pick them up!
09:28:28 §eOne or more items didn't fit in your inventory and were added to your material stash! §6Click here §eto pick them up!
09:28:28 §eOne or more items didn't fit in your inventory and were added to your item stash! §6Click here §eto pick them up!
09:28:28 §eOne or more items didn't fit in your inventory and were added to your material stash! §6Click here §eto pick them up!
09:28:28 §eOne or more items didn't fit in your inventory and were added to your item stash! §6Click here §eto pick them up!
09:28:28 §eOne or more items didn't fit in your inventory and were added to your material stash! §6Click here §eto pick them up!
09:28:28 §eOne or more items didn't fit in your inventory and were added to your item stash! §6Click here §eto pick them up!
09:28:28 §eOne or more items didn't fit in your inventory and were added to your material stash! §6Click here §eto pick them up!
09:28:28 §eOne or more items didn't fit in your inventory and were added to your item stash! §6Click here §eto pick them up!
09:28:28 §eOne or more items didn't fit in your inventory and were added to your material stash! §6Click here §eto pick them up!
09:28:28 §eOne or more items didn't fit in your inventory and were added to your item stash! §6Click here §eto pick them up!
09:28:29 §eOne or more items didn't fit in your inventory and were added to your material stash! §6Click here §eto pick them up!
09:28:29 §eOne or more items didn't fit in your inventory and were added to your item stash! §6Click here §eto pick them up!
09:28:29 §eOne or more items didn't fit in your inventory and were added to your item stash! §6Click here §eto pick them up!
09:28:29 §eOne or more items didn't fit in your inventory and were added to your material stash! §6Click here §eto pick them up!
09:28:29 §eOne or more items didn't fit in your inventory and were added to your item stash! §6Click here §eto pick them up!
09:28:29 §eOne or more items didn't fit in your inventory and were added to your material stash! §6Click here §eto pick them up!
09:28:29 §eOne or more items didn't fit in your inventory and were added to your item stash! §6Click here §eto pick them up!
09:28:33 §eOne or more items didn't fit in your inventory and were added to your material stash! §6Click here §eto pick them up!
09:28:33 §eOne or more items didn't fit in your inventory and were added to your item stash! §6Click here §eto pick them up!
09:28:33 §eOne or more items didn't fit in your inventory and were added to your material stash! §6Click here §eto pick them up!
09:28:33 §eOne or more items didn't fit in your inventory and were added to your item stash! §6Click here §eto pick them up!
09:28:33 §eOne or more items didn't fit in your inventory and were added to your material stash! §6Click here §eto pick them up!
09:28:33 §eOne or more items didn't fit in your inventory and were added to your item stash! §6Click here §eto pick them up!
09:28:33 §eOne or more items didn't fit in your inventory and were added to your material stash! §6Click here §eto pick them up!
09:28:33 §eOne or more items didn't fit in your inventory and were added to your item stash! §6Click here §eto pick them up!
09:28:34 §eOne or more items didn't fit in your inventory and were added to your material stash! §6Click here §eto pick them up!
09:28:34 §eOne or more items didn't fit in your inventory and were added to your item stash! §6Click here §eto pick them up!
09:28:34 §eOne or more items didn't fit in your inventory and were added to your material stash! §6Click here §eto pick them up!
09:28:34 §eOne or more items didn't fit in your inventory and were added to your item stash! §6Click here §eto pick them up!
09:28:34 §eOne or more items didn't fit in your inventory and were added to your material stash! §6Click here §eto pick them up!
09:28:34 §eOne or more items didn't fit in your inventory and were added to your item stash! §6Click here §eto pick them up!
09:28:34 §eOne or more items didn't fit in your inventory and were added to your material stash! §6Click here §eto pick them up!
09:28:34 §eOne or more items didn't fit in your inventory and were added to your item stash! §6Click here §eto pick them up!
09:28:34 §eOne or more items didn't fit in your inventory and were added to your material stash! §6Click here §eto pick them up!
09:28:34 §eOne or more items didn't fit in your inventory and were added to your item stash! §6Click here §eto pick them up!
09:28:34 §eOne or more items didn't fit in your inventory and were added to your material stash! §6Click here §eto pick them up!
09:28:34 §eOne or more items didn't fit in your inventory and were added to your item stash! §6Click here §eto pick them up!
09:28:35 §eOne or more items didn't fit in your inventory and were added to your material stash! §6Click here §eto pick them up!
09:28:35 §eOne or more items didn't fit in your inventory and were added to your item stash! §6Click here §eto pick them up!
09:28:35 §eOne or more items didn't fit in your inventory and were added to your material stash! §6Click here §eto pick them up!
09:28:35 §eOne or more items didn't fit in your inventory and were added to your item stash! §6Click here §eto pick them up!
09:28:35 §eOne or more items didn't fit in your inventory and were added to your material stash! §6Click here §eto pick them up!
09:28:36 §eOne or more items didn't fit in your inventory and were added to your item stash! §6Click here §eto pick them up!
09:28:36 §eOne or more items didn't fit in your inventory and were added to your material stash! §6Click here §eto pick them up!
09:28:36 §eOne or more items didn't fit in your inventory and were added to your item stash! §6Click here §eto pick them up!
09:28:36 §eOne or more items didn't fit in your inventory and were added to your material stash! §6Click here §eto pick them up!
09:28:36 §eOne or more items didn't fit in your inventory and were added to your item stash! §6Click here §eto pick them up!
09:28:36 §eOne or more items didn't fit in your inventory and were added to your material stash! §6Click here §eto pick them up!
09:28:36 §eOne or more items didn't fit in your inventory and were added to your item stash! §6Click here §eto pick them up!
09:28:37 §eOne or more items didn't fit in your inventory and were added to your material stash! §6Click here §eto pick them up!
09:28:37 §eOne or more items didn't fit in your inventory and were added to your item stash! §6Click here §eto pick them up!
09:28:37 §eOne or more items didn't fit in your inventory and were added to your material stash! §6Click here §eto pick them up!
09:28:37 §eOne or more items didn't fit in your inventory and were added to your item stash! §6Click here §eto pick them up!
09:28:37 §eOne or more items didn't fit in your inventory and were added to your material stash! §6Click here §eto pick them up!
09:28:37 §eOne or more items didn't fit in your inventory and were added to your item stash! §6Click here §eto pick them up!
09:28:37 §eOne or more items didn't fit in your inventory and were added to your material stash! §6Click here §eto pick them up!
09:28:37 §eOne or more items didn't fit in your inventory and were added to your item stash! §6Click here §eto pick them up!
09:28:37 §eOne or more items didn't fit in your inventory and were added to your material stash! §6Click here §eto pick them up!
09:28:37 §eOne or more items didn't fit in your inventory and were added to your item stash! §6Click here §eto pick them up!
09:28:37 §eOne or more items didn't fit in your inventory and were added to your material stash! §6Click here §eto pick them up!
09:28:37 §eOne or more items didn't fit in your inventory and were added to your item stash! §6Click here §eto pick them up!
09:28:38 §eOne or more items didn't fit in your inventory and were added to your material stash! §6Click here §eto pick them up!
09:28:38 §eOne or more items didn't fit in your inventory and were added to your item stash! §6Click here §eto pick them up!
09:28:38 §eOne or more items didn't fit in your inventory and were added to your material stash! §6Click here §eto pick them up!
09:28:38 §eOne or more items didn't fit in your inventory and were added to your item stash! §6Click here §eto pick them up!
09:28:38 §eOne or more items didn't fit in your inventory and were added to your material stash! §6Click here §eto pick them up!
09:28:38 §eOne or more items didn't fit in your inventory and were added to your item stash! §6Click here §eto pick them up!
09:28:38 §eOne or more items didn't fit in your inventory and were added to your material stash! §6Click here §eto pick them up!
09:28:38 §eOne or more items didn't fit in your inventory and were added to your item stash! §6Click here §eto pick them up!
09:28:38 §eOne or more items didn't fit in your inventory and were added to your material stash! §6Click here §eto pick them up!
09:28:38 §eOne or more items didn't fit in your inventory and were added to your item stash! §6Click here §eto pick them up!
09:28:39 §eOne or more items didn't fit in your inventory and were added to your material stash! §6Click here §eto pick them up!
09:28:39 §eOne or more items didn't fit in your inventory and were added to your item stash! §6Click here §eto pick them up!
09:28:39 §eOne or more items didn't fit in your inventory and were added to your material stash! §6Click here §eto pick them up!
09:28:39 §eOne or more items didn't fit in your inventory and were added to your item stash! §6Click here §eto pick them up!
09:28:39 §eOne or more items didn't fit in your inventory and were added to your material stash! §6Click here §eto pick them up!
09:28:39 §eOne or more items didn't fit in your inventory and were added to your item stash! §6Click here §eto pick them up!
09:28:52 §eOne or more items didn't fit in your inventory and were added to your material stash! §6Click here §eto pick them up!
09:28:52 §eOne or more items didn't fit in your inventory and were added to your item stash! §6Click here §eto pick them up!
09:28:52 §eOne or more items didn't fit in your inventory and were added to your material stash! §6Click here §eto pick them up!
09:28:52 §eOne or more items didn't fit in your inventory and were added to your item stash! §6Click here §eto pick them up!
09:28:52 §eOne or more items didn't fit in your inventory and were added to your material stash! §6Click here §eto pick them up!
09:28:52 §eOne or more items didn't fit in your inventory and were added to your item stash! §6Click here §eto pick them up!
09:28:53 §eOne or more items didn't fit in your inventory and were added to your material stash! §6Click here §eto pick them up!
09:28:53 §eOne or more items didn't fit in your inventory and were added to your item stash! §6Click here §eto pick them up!
09:28:53 §eOne or more items didn't fit in your inventory and were added to your material stash! §6Click here §eto pick them up!
09:28:53 §eOne or more items didn't fit in your inventory and were added to your item stash! §6Click here §eto pick them up!
09:28:53 §eOne or more items didn't fit in your inventory and were added to your material stash! §6Click here §eto pick them up!
09:28:53 §eOne or more items didn't fit in your inventory and were added to your item stash! §6Click here §eto pick them up!
09:28:53 §eOne or more items didn't fit in your inventory and were added to your material stash! §6Click here §eto pick them up!
09:28:53 §eOne or more items didn't fit in your inventory and were added to your item stash! §6Click here §eto pick them up!
09:28:54 §eOne or more items didn't fit in your inventory and were added to your material stash! §6Click here §eto pick them up!
09:28:54 §eOne or more items didn't fit in your inventory and were added to your item stash! §6Click here §eto pick them up!
09:28:54 §eOne or more items didn't fit in your inventory and were added to your material stash! §6Click here §eto pick them up!
09:28:54 §eOne or more items didn't fit in your inventory and were added to your item stash! §6Click here §eto pick them up!
09:28:55 §eOne or more items didn't fit in your inventory and were added to your material stash! §6Click here §eto pick them up!
09:28:55 §eOne or more items didn't fit in your inventory and were added to your item stash! §6Click here §eto pick them up!
09:28:55 §eOne or more items didn't fit in your inventory and were added to your material stash! §6Click here §eto pick them up!
09:28:55 §eOne or more items didn't fit in your inventory and were added to your item stash! §6Click here §eto pick them up!
09:28:55 §eOne or more items didn't fit in your inventory and were added to your material stash! §6Click here §eto pick them up!
09:28:55 §eOne or more items didn't fit in your inventory and were added to your item stash! §6Click here §eto pick them up!
09:28:55 §eOne or more items didn't fit in your inventory and were added to your material stash! §6Click here §eto pick them up!
09:28:55 §eOne or more items didn't fit in your inventory and were added to your item stash! §6Click here §eto pick them up!
09:28:55 §eOne or more items didn't fit in your inventory and were added to your material stash! §6Click here §eto pick them up!
09:28:55 §eOne or more items didn't fit in your inventory and were added to your item stash! §6Click here §eto pick them up!
09:28:55 §eOne or more items didn't fit in your inventory and were added to your material stash! §6Click here §eto pick them up!
09:28:55 §eOne or more items didn't fit in your inventory and were added to your item stash! §6Click here §eto pick them up!
09:28:55 §eOne or more items didn't fit in your inventory and were added to your material stash! §6Click here §eto pick them up!
09:28:55 §eOne or more items didn't fit in your inventory and were added to your item stash! §6Click here §eto pick them up!
09:28:55 §eOne or more items didn't fit in your inventory and were added to your material stash! §6Click here §eto pick them up!
09:28:55 §eOne or more items didn't fit in your inventory and were added to your item stash! §6Click here §eto pick them up!
09:28:55 §eOne or more items didn't fit in your inventory and were added to your material stash! §6Click here §eto pick them up!
09:28:55 §eOne or more items didn't fit in your inventory and were added to your item stash! §6Click here §eto pick them up!
09:28:56 §f                     §7You have §a1 §7item stashed away!
09:28:56 §f                  §6§l>>> §6§lCLICK HERE§e to pick it up! §6§l<<<
09:28:56 §f                §7You have §37,274 §7materials stashed away!
09:28:56 §f               §8(This totals 1 type of material stashed!)
09:28:56 §f                §3§l>>> §3§lCLICK HERE§b to pick them up! §3§l<<<
09:29:56 §f                     §7You have §a1 §7item stashed away!
09:29:56 §f                  §6§l>>> §6§lCLICK HERE§e to pick it up! §6§l<<<
09:29:56 §f                §7You have §37,274 §7materials stashed away!
09:29:56 §f               §8(This totals 1 type of material stashed!)
09:29:56 §f                §3§l>>> §3§lCLICK HERE§b to pick them up! §3§l<<<
09:30:56 §f                     §7You have §a1 §7item stashed away!
09:30:56 §f                  §6§l>>> §6§lCLICK HERE§e to pick it up! §6§l<<<
09:30:56 §f                §7You have §37,274 §7materials stashed away!
09:30:56 §f               §8(This totals 1 type of material stashed!)
09:30:56 §f                §3§l>>> §3§lCLICK HERE§b to pick them up! §3§l<<<
09:31:56 §f                     §7You have §a1 §7item stashed away!
09:31:56 §f                  §6§l>>> §6§lCLICK HERE§e to pick it up! §6§l<<<
09:31:56 §f                §7You have §37,274 §7materials stashed away!
09:31:56 §f               §8(This totals 1 type of material stashed!)
09:31:56 §f                §3§l>>> §3§lCLICK HERE§b to pick them up! §3§l<<<
09:32:57 §f                     §7You have §a1 §7item stashed away!
09:32:57 §f                  §6§l>>> §6§lCLICK HERE§e to pick it up! §6§l<<<
09:32:57 §f                §7You have §37,274 §7materials stashed away!
09:32:57 §f               §8(This totals 1 type of material stashed!)
09:32:57 §f                §3§l>>> §3§lCLICK HERE§b to pick them up! §3§l<<<
09:33:57 §f                     §7You have §a1 §7item stashed away!
09:33:57 §f                  §6§l>>> §6§lCLICK HERE§e to pick it up! §6§l<<<
09:33:57 §f                §7You have §37,274 §7materials stashed away!
09:33:57 §f               §8(This totals 1 type of material stashed!)
09:33:57 §f                §3§l>>> §3§lCLICK HERE§b to pick them up! §3§l<<<
09:34:57 §f                     §7You have §a1 §7item stashed away!
09:34:57 §f                  §6§l>>> §6§lCLICK HERE§e to pick it up! §6§l<<<
09:34:57 §f                §7You have §37,274 §7materials stashed away!
09:34:57 §f               §8(This totals 1 type of material stashed!)
09:34:57 §f                §3§l>>> §3§lCLICK HERE§b to pick them up! §3§l<<<
09:35:57 §f                     §7You have §a1 §7item stashed away!
09:35:57 §f                  §6§l>>> §6§lCLICK HERE§e to pick it up! §6§l<<<
09:35:57 §f                §7You have §37,274 §7materials stashed away!
09:35:57 §f               §8(This totals 1 type of material stashed!)
09:35:57 §f                §3§l>>> §3§lCLICK HERE§b to pick them up! §3§l<<<
09:36:58 §f                     §7You have §a1 §7item stashed away!
09:36:58 §f                  §6§l>>> §6§lCLICK HERE§e to pick it up! §6§l<<<
09:36:58 §f                §7You have §37,274 §7materials stashed away!
09:36:58 §f               §8(This totals 1 type of material stashed!)
09:36:58 §f                §3§l>>> §3§lCLICK HERE§b to pick them up! §3§l<<<
09:37:58 §f                     §7You have §a1 §7item stashed away!
09:37:58 §f                  §6§l>>> §6§lCLICK HERE§e to pick it up! §6§l<<<
09:37:58 §f                §7You have §37,274 §7materials stashed away!
09:37:58 §f               §8(This totals 1 type of material stashed!)
09:37:58 §f                §3§l>>> §3§lCLICK HERE§b to pick them up! §3§l<<<
09:39:01 §f                     §7You have §a1 §7item stashed away!
09:39:01 §f                  §6§l>>> §6§lCLICK HERE§e to pick it up! §6§l<<<
09:39:01 §f                §7You have §37,274 §7materials stashed away!
09:39:01 §f               §8(This totals 1 type of material stashed!)
09:39:01 §f                §3§l>>> §3§lCLICK HERE§b to pick them up! §3§l<<<
09:40:01 §f                §7You have §35,866 §7materials stashed away!
09:40:01 §f               §8(This totals 1 type of material stashed!)
09:40:01 §f                §3§l>>> §3§lCLICK HERE§b to pick them up! §3§l<<<
09:41:01 §f                §7You have §35,866 §7materials stashed away!
09:41:01 §f               §8(This totals 1 type of material stashed!)
09:41:01 §f                §3§l>>> §3§lCLICK HERE§b to pick them up! §3§l<<<
09:41:55 §eOne or more items didn't fit in your inventory and were added to your item stash! §6Click here §eto pick them up!
09:41:57 §eOne or more items didn't fit in your inventory and were added to your item stash! §6Click here §eto pick them up!
09:42:01 §f                     §7You have §a2 §7items stashed away!
09:42:01 §f                §6§l>>> §6§lCLICK HERE§e to pick them up! §6§l<<<
09:42:01 §f                §7You have §35,866 §7materials stashed away!
09:42:01 §f               §8(This totals 1 type of material stashed!)
09:42:01 §f                §3§l>>> §3§lCLICK HERE§b to pick them up! §3§l<<<
09:42:06 §eOne or more items didn't fit in your inventory and were added to your item stash! §6Click here §eto pick them up!
09:42:06 §eOne or more items didn't fit in your inventory and were added to your material stash! §6Click here §eto pick them up!
09:42:06 §eOne or more items didn't fit in your inventory and were added to your item stash! §6Click here §eto pick them up!
09:43:01 §f                     §7You have §a3 §7items stashed away!
09:43:01 §f                §6§l>>> §6§lCLICK HERE§e to pick them up! §6§l<<<
09:43:01 §f                §7You have §35,867 §7materials stashed away!
09:43:01 §f              §8(This totals 2 types of materials stashed!)
09:43:01 §f                §3§l>>> §3§lCLICK HERE§b to pick them up! §3§l<<<
09:43:42 §eOne or more items didn't fit in your inventory and were added to your item stash! §6Click here §eto pick them up!
09:43:44 §eOne or more items didn't fit in your inventory and were added to your item stash! §6Click here §eto pick them up!
09:43:44 §eOne or more items didn't fit in your inventory and were added to your item stash! §6Click here §eto pick them up!
09:43:44 §eOne or more items didn't fit in your inventory and were added to your item stash! §6Click here §eto pick them up!
09:43:45 §eOne or more items didn't fit in your inventory and were added to your item stash! §6Click here §eto pick them up!
09:44:01 §f                     §7You have §a8 §7items stashed away!
09:44:01 §f                §6§l>>> §6§lCLICK HERE§e to pick them up! §6§l<<<
09:44:01 §f                §7You have §35,867 §7materials stashed away!
09:44:01 §f              §8(This totals 2 types of materials stashed!)
09:44:01 §f                §3§l>>> §3§lCLICK HERE§b to pick them up! §3§l<<<
09:45:01 §f                     §7You have §a8 §7items stashed away!
09:45:01 §f                §6§l>>> §6§lCLICK HERE§e to pick them up! §6§l<<<
09:45:01 §f                §7You have §35,867 §7materials stashed away!
09:45:01 §f              §8(This totals 2 types of materials stashed!)
09:45:01 §f                §3§l>>> §3§lCLICK HERE§b to pick them up! §3§l<<<
09:45:20 §eOne or more items didn't fit in your inventory and were added to your item stash! §6Click here §eto pick them up!
09:45:28 §eOne or more items didn't fit in your inventory and were added to your material stash! §6Click here §eto pick them up!
09:45:28 §eOne or more items didn't fit in your inventory and were added to your item stash! §6Click here §eto pick them up!
09:45:30 §eOne or more items didn't fit in your inventory and were added to your item stash! §6Click here §eto pick them up!
09:45:32 §eOne or more items didn't fit in your inventory and were added to your material stash! §6Click here §eto pick them up!
09:45:32 §eOne or more items didn't fit in your inventory and were added to your item stash! §6Click here §eto pick them up!
09:45:43 §eOne or more items didn't fit in your inventory and were added to your item stash! §6Click here §eto pick them up!
09:45:44 §eOne or more items didn't fit in your inventory and were added to your item stash! §6Click here §eto pick them up!
09:45:45 §eOne or more items didn't fit in your inventory and were added to your item stash! §6Click here §eto pick them up!
09:45:48 §eOne or more items didn't fit in your inventory and were added to your item stash! §6Click here §eto pick them up!
09:45:53 §eOne or more items didn't fit in your inventory and were added to your item stash! §6Click here §eto pick them up!
09:45:55 §eOne or more items didn't fit in your inventory and were added to your item stash! §6Click here §eto pick them up!
09:45:57 §eOne or more items didn't fit in your inventory and were added to your item stash! §6Click here §eto pick them up!
09:45:57 §eOne or more items didn't fit in your inventory and were added to your material stash! §6Click here §eto pick them up!
09:45:57 §eOne or more items didn't fit in your inventory and were added to your item stash! §6Click here §eto pick them up!
09:45:59 §eOne or more items didn't fit in your inventory and were added to your material stash! §6Click here §eto pick them up!
09:45:59 §eOne or more items didn't fit in your inventory and were added to your item stash! §6Click here §eto pick them up!
09:46:02 §f                    §7You have §a17 §7items stashed away!
09:46:02 §f                §6§l>>> §6§lCLICK HERE§e to pick them up! §6§l<<<
09:46:02 §f                §7You have §35,871 §7materials stashed away!
09:46:02 §f              §8(This totals 5 types of materials stashed!)
09:46:02 §f                §3§l>>> §3§lCLICK HERE§b to pick them up! §3§l<<<
09:46:04 §eOne or more items didn't fit in your inventory and were added to your item stash! §6Click here §eto pick them up!
09:46:05 §eOne or more items didn't fit in your inventory and were added to your item stash! §6Click here §eto pick them up!
09:46:05 §eOne or more items didn't fit in your inventory and were added to your item stash! §6Click here §eto pick them up!
09:46:14 §eOne or more items didn't fit in your inventory and were added to your item stash! §6Click here §eto pick them up!
09:46:16 §eOne or more items didn't fit in your inventory and were added to your item stash! §6Click here §eto pick them up!
09:46:20 §eOne or more items didn't fit in your inventory and were added to your item stash! §6Click here §eto pick them up!
09:46:21 §eOne or more items didn't fit in your inventory and were added to your item stash! §6Click here §eto pick them up!
09:46:27 §eOne or more items didn't fit in your inventory and were added to your item stash! §6Click here §eto pick them up!
09:46:29 §eOne or more items didn't fit in your inventory and were added to your item stash! §6Click here §eto pick them up!
09:46:31 §eOne or more items didn't fit in your inventory and were added to your item stash! §6Click here §eto pick them up!
09:46:32 §eOne or more items didn't fit in your inventory and were added to your item stash! §6Click here §eto pick them up!
09:46:39 §eOne or more items didn't fit in your inventory and were added to your item stash! §6Click here §eto pick them up!
09:46:41 §eOne or more items didn't fit in your inventory and were added to your item stash! §6Click here §eto pick them up!
09:46:46 §eOne or more items didn't fit in your inventory and were added to your item stash! §6Click here §eto pick them up!
09:46:49 §eOne or more items didn't fit in your inventory and were added to your item stash! §6Click here §eto pick them up!
09:46:51 §eOne or more items didn't fit in your inventory and were added to your item stash! §6Click here §eto pick them up!
09:46:53 §eOne or more items didn't fit in your inventory and were added to your item stash! §6Click here §eto pick them up!
09:46:56 §eOne or more items didn't fit in your inventory and were added to your item stash! §6Click here §eto pick them up!
09:46:56 §eOne or more items didn't fit in your inventory and were added to your item stash! §6Click here §eto pick them up!
09:46:56 §eOne or more items didn't fit in your inventory and were added to your item stash! §6Click here §eto pick them up!
09:46:59 §eOne or more items didn't fit in your inventory and were added to your material stash! §6Click here §eto pick them up!
09:46:59 §eOne or more items didn't fit in your inventory and were added to your item stash! §6Click here §eto pick them up!
09:47:02 §f                    §7You have §a37 §7items stashed away!
09:47:02 §f                §6§l>>> §6§lCLICK HERE§e to pick them up! §6§l<<<
09:47:02 §f                §7You have §35,872 §7materials stashed away!
09:47:02 §f              §8(This totals 6 types of materials stashed!)
09:47:02 §f                §3§l>>> §3§lCLICK HERE§b to pick them up! §3§l<<<
09:47:10 §eOne or more items didn't fit in your inventory and were added to your material stash! §6Click here §eto pick them up!
09:47:10 §eOne or more items didn't fit in your inventory and were added to your item stash! §6Click here §eto pick them up!
09:47:20 §eOne or more items didn't fit in your inventory and were added to your item stash! §6Click here §eto pick them up!
09:47:20 §eOne or more items didn't fit in your inventory and were added to your material stash! §6Click here §eto pick them up!
09:47:20 §eOne or more items didn't fit in your inventory and were added to your item stash! §6Click here §eto pick them up!
09:47:24 §eOne or more items didn't fit in your inventory and were added to your item stash! §6Click here §eto pick them up!
09:47:31 §eOne or more items didn't fit in your inventory and were added to your item stash! §6Click here §eto pick them up!
09:47:32 §eOne or more items didn't fit in your inventory and were added to your item stash! §6Click here §eto pick them up!
09:47:33 §eOne or more items didn't fit in your inventory and were added to your item stash! §6Click here §eto pick them up!
09:47:34 §eOne or more items didn't fit in your inventory and were added to your material stash! §6Click here §eto pick them up!
09:47:34 §eOne or more items didn't fit in your inventory and were added to your item stash! §6Click here §eto pick them up!
09:47:37 §eOne or more items didn't fit in your inventory and were added to your item stash! §6Click here §eto pick them up!
09:47:41 §eOne or more items didn't fit in your inventory and were added to your item stash! §6Click here §eto pick them up!
09:47:43 §eOne or more items didn't fit in your inventory and were added to your item stash! §6Click here §eto pick them up!
09:47:44 §eOne or more items didn't fit in your inventory and were added to your item stash! §6Click here §eto pick them up!
09:47:45 §eOne or more items didn't fit in your inventory and were added to your material stash! §6Click here §eto pick them up!
09:47:45 §eOne or more items didn't fit in your inventory and were added to your item stash! §6Click here §eto pick them up!
09:47:48 §eOne or more items didn't fit in your inventory and were added to your item stash! §6Click here §eto pick them up!
09:47:48 §eOne or more items didn't fit in your inventory and were added to your item stash! §6Click here §eto pick them up!
09:48:02 §f                    §7You have §a48 §7items stashed away!
09:48:02 §f                §6§l>>> §6§lCLICK HERE§e to pick them up! §6§l<<<
09:48:02 §f                §7You have §35,876 §7materials stashed away!
09:48:02 §f              §8(This totals 8 types of materials stashed!)
09:48:02 §f                §3§l>>> §3§lCLICK HERE§b to pick them up! §3§l<<<
09:50:02 §eOne or more items didn't fit in your inventory and were added to your material stash! §6Click here §eto pick them up!
09:50:02 §eOne or more items didn't fit in your inventory and were added to your item stash! §6Click here §eto pick them up!
09:50:02 §f                   §7You have §31 §7material stashed away!
09:50:02 §f               §8(This totals 1 type of material stashed!)
09:50:02 §f                  §3§l>>> §3§lCLICK HERE§b to pick it up! §3§l<<<
09:50:21 §eOne or more items didn't fit in your inventory and were added to your material stash! §6Click here §eto pick them up!
09:50:21 §eOne or more items didn't fit in your inventory and were added to your item stash! §6Click here §eto pick them up!
09:50:22 §eOne or more items didn't fit in your inventory and were added to your material stash! §6Click here §eto pick them up!
09:50:22 §eOne or more items didn't fit in your inventory and were added to your item stash! §6Click here §eto pick them up!
09:50:27 §eOne or more items didn't fit in your inventory and were added to your item stash! §6Click here §eto pick them up!
09:50:28 §eOne or more items didn't fit in your inventory and were added to your item stash! §6Click here §eto pick them up!
09:50:31 §eOne or more items didn't fit in your inventory and were added to your material stash! §6Click here §eto pick them up!
09:50:31 §eOne or more items didn't fit in your inventory and were added to your item stash! §6Click here §eto pick them up!
09:50:45 §eOne or more items didn't fit in your inventory and were added to your item stash! §6Click here §eto pick them up!
09:50:48 §eOne or more items didn't fit in your inventory and were added to your item stash! §6Click here §eto pick them up!
09:50:50 §eOne or more items didn't fit in your inventory and were added to your item stash! §6Click here §eto pick them up!
09:50:54 §eOne or more items didn't fit in your inventory and were added to your item stash! §6Click here §eto pick them up!
09:50:55 §eOne or more items didn't fit in your inventory and were added to your item stash! §6Click here §eto pick them up!
09:50:55 §eOne or more items didn't fit in your inventory and were added to your item stash! §6Click here §eto pick them up!
09:51:02 §f                     §7You have §a8 §7items stashed away!
09:51:02 §f                §6§l>>> §6§lCLICK HERE§e to pick them up! §6§l<<<
09:51:02 §f                  §7You have §34 §7materials stashed away!
09:51:02 §f              §8(This totals 3 types of materials stashed!)
09:51:02 §f                §3§l>>> §3§lCLICK HERE§b to pick them up! §3§l<<<
09:51:02 §eOne or more items didn't fit in your inventory and were added to your item stash! §6Click here §eto pick them up!
09:51:11 §eOne or more items didn't fit in your inventory and were added to your material stash! §6Click here §eto pick them up!
09:51:11 §eOne or more items didn't fit in your inventory and were added to your item stash! §6Click here §eto pick them up!
09:51:12 §eOne or more items didn't fit in your inventory and were added to your item stash! §6Click here §eto pick them up!
09:51:15 §eOne or more items didn't fit in your inventory and were added to your material stash! §6Click here §eto pick them up!
09:51:15 §eOne or more items didn't fit in your inventory and were added to your item stash! §6Click here §eto pick them up!
09:51:15 §eOne or more items didn't fit in your inventory and were added to your item stash! §6Click here §eto pick them up!
09:51:17 §eOne or more items didn't fit in your inventory and were added to your item stash! §6Click here §eto pick them up!
09:51:18 §eOne or more items didn't fit in your inventory and were added to your item stash! §6Click here §eto pick them up!
09:51:20 §eOne or more items didn't fit in your inventory and were added to your item stash! §6Click here §eto pick them up!
09:51:27 §eOne or more items didn't fit in your inventory and were added to your item stash! §6Click here §eto pick them up!
09:51:28 §eOne or more items didn't fit in your inventory and were added to your item stash! §6Click here §eto pick them up!
09:51:29 §eOne or more items didn't fit in your inventory and were added to your material stash! §6Click here §eto pick them up!
09:51:29 §eOne or more items didn't fit in your inventory and were added to your item stash! §6Click here §eto pick them up!
09:51:31 §eOne or more items didn't fit in your inventory and were added to your item stash! §6Click here §eto pick them up!
09:51:42 §eOne or more items didn't fit in your inventory and were added to your item stash! §6Click here §eto pick them up!
