06:57:03 §f                                  §6§lBESTIARY
06:57:03 §f                              §b§lSkeleton §7§81 §8➡§b §b2
06:57:03 
06:57:03                                   §r§6§lREWARDS
06:57:03                          §r§8+§r§a2 Skeleton §r§b✯ Magic Find
06:57:03                          §r§8+§r§a2 Skeleton §r§c❁ Strength
06:57:03                              §r§8+§r§62% §r§aSkeleton §r§7coins
06:57:03                     §r§8+§r§a50% §r§7chance for extra XP orbs
06:57:03                                §r§8+§r§b1 SkyBlock XP
06:57:03 
06:57:03 §3§l▬▬▬▬▬▬▬▬▬▬▬▬▬▬▬▬▬▬▬▬▬▬▬▬▬▬▬▬▬▬▬▬▬▬▬▬▬▬▬▬▬▬▬▬▬▬▬▬▬▬▬▬▬▬▬▬▬▬▬▬▬▬▬▬
06:57:28 §f                                  §6§lBESTIARY
06:57:28 §f                               §b§lZombie §7§82 §8➡§b §b3
06:57:28 
06:57:28                                   §r§6§lREWARDS
06:57:28                           §r§8+§r§a2 Zombie §r§b✯ Magic Find
06:57:28                            §r§8+§r§a2 Zombie §r§c❁ Strength
06:57:28                               §r§8+§r§62% §r§aZombie §r§7coins
06:57:28                     §r§8+§r§a50% §r§7chance for extra XP orbs
06:57:28                                §r§8+§r§b1 SkyBlock XP
06:57:28 
06:57:28 §3§l▬▬▬▬▬▬▬▬▬▬▬▬▬▬▬▬▬▬▬▬▬▬▬▬▬▬▬▬▬▬▬▬▬▬▬▬▬▬▬▬▬▬▬▬▬▬▬▬▬▬▬▬▬▬▬▬▬▬▬▬▬▬▬▬
06:58:58 §f                                  §6§lBESTIARY
06:58:58 §f                                  §b§lFly §7§85 §8➡§b §b6
06:58:58 
06:58:58                                   §r§6§lREWARDS
06:58:58                           §r§6+0.4☘ Farming Fortune
06:58:58                                 §r§8+§r§62% §r§aFly §r§7coins
06:58:58                     §r§8+§r§a50% §r§7chance for extra XP orbs
06:58:58                                §r§8+§r§b1 SkyBlock XP
06:58:58 
06:58:58 §3§l▬▬▬▬▬▬▬▬▬▬▬▬▬▬▬▬▬▬▬▬▬▬▬▬▬▬▬▬▬▬▬▬▬▬▬▬▬▬▬▬▬▬▬▬▬▬▬▬▬▬▬▬▬▬▬▬▬▬▬▬▬▬▬▬
06:59:57 §f                                  §6§lBESTIARY
06:59:57 §f                              §b§lMosquito §7§87 §8➡§b §b8
06:59:57 
06:59:57                                   §r§6§lREWARDS
06:59:57                           §r§6+0.4☘ Farming Fortune
06:59:57                              §r§8+§r§62% §r§aMosquito §r§7coins
06:59:57                     §r§8+§r§a50% §r§7chance for extra XP orbs
06:59:57                                §r§8+§r§b1 SkyBlock XP
06:59:57 
06:59:57 §3§l▬▬▬▬▬▬▬▬▬▬▬▬▬▬▬▬▬▬▬▬▬▬▬▬▬▬▬▬▬▬▬▬▬▬▬▬▬▬▬▬▬▬▬▬▬▬▬▬▬▬▬▬▬▬▬▬▬▬▬▬▬▬▬▬
07:00:25 §f                                  §6§lBESTIARY
07:00:25 §f                                 §b§lMite §7§84 §8➡§b §b5
07:00:25 
07:00:25                                   §r§6§lREWARDS
07:00:25                           §r§6+0.4☘ Farming Fortune
07:00:25                                 §r§8+§r§62% §r§aMite §r§7coins
07:00:25                     §r§8+§r§a50% §r§7chance for extra XP orbs
07:00:25                                §r§8+§r§b1 SkyBlock XP
07:00:25 
07:00:25 §3§l▬▬▬▬▬▬▬▬▬▬▬▬▬▬▬▬▬▬▬▬▬▬▬▬▬▬▬▬▬▬▬▬▬▬▬▬▬▬▬▬▬▬▬▬▬▬▬▬▬▬▬▬▬▬▬▬▬▬▬▬▬▬▬▬
07:00:42 §f                                  §6§lBESTIARY
07:00:42 §f                                 §b§lSlug §7§87 §8➡§b §b8
07:00:42 
07:00:42                                   §r§6§lREWARDS
07:00:42                           §r§6+0.4☘ Farming Fortune
07:00:42                                §r§8+§r§62% §r§aSlug §r§7coins
07:00:42                     §r§8+§r§a50% §r§7chance for extra XP orbs
07:00:42                                §r§8+§r§b1 SkyBlock XP
07:00:42 
07:00:42 §3§l▬▬▬▬▬▬▬▬▬▬▬▬▬▬▬▬▬▬▬▬▬▬▬▬▬▬▬▬▬▬▬▬▬▬▬▬▬▬▬▬▬▬▬▬▬▬▬▬▬▬▬▬▬▬▬▬▬▬▬▬▬▬▬▬
07:05:14 §f                                  §6§lBESTIARY
07:05:14 §f                               §b§lCricket §7§87 §8➡§b §b8
07:05:14 
07:05:14                                   §r§6§lREWARDS
07:05:14                           §r§6+0.4☘ Farming Fortune
07:05:14                               §r§8+§r§62% §r§aCricket §r§7coins
07:05:14                     §r§8+§r§a50% §r§7chance for extra XP orbs
07:05:14                                §r§8+§r§b1 SkyBlock XP
07:05:14 
07:05:14   §r§f                         §6§lBESTIARY MILESTONE
07:05:14   §r§f                                    §875➡§e76
07:05:14 §6§lBESTIARY MILESTONE §875➡§e76
07:05:14 §6§lBESTIARY MILESTONE §875➡§e76
07:05:14 §6§lBESTIARY MILESTONE §875➡§e76
07:05:14 §6§lBESTIARY MILESTONE §875➡§e76
07:05:14 §6§lBESTIARY MILESTONE §875➡§e76
07:05:14 
08:16:40 §f                                  §6§lBESTIARY
08:16:40 §f                               §b§lSpider §7§81 §8➡§b §b2
08:16:40 
08:16:40                                   §r§6§lREWARDS
08:16:40                           §r§8+§r§a2 Spider §r§b✯ Magic Find
08:16:40                            §r§8+§r§a2 Spider §r§c❁ Strength
08:16:40                               §r§8+§r§62% §r§aSpider §r§7coins
08:16:40                     §r§8+§r§a50% §r§7chance for extra XP orbs
08:16:40                                §r§8+§r§b1 SkyBlock XP
08:16:40 
08:16:40 §3§l▬▬▬▬▬▬▬▬▬▬▬▬▬▬▬▬▬▬▬▬▬▬▬▬▬▬▬▬▬▬▬▬▬▬▬▬▬▬▬▬▬▬▬▬▬▬▬▬▬▬▬▬▬▬▬▬▬▬▬▬▬▬▬▬
08:18:55 §f                                  §6§lBESTIARY
08:18:55 §f                                    §b§lYog §7§b1
08:18:55 
08:18:55                                   §r§6§lREWARDS
08:18:55                             §r§8+§r§a2 Yog §r§b✯ Magic Find
08:18:55                             §r§8+§r§a2 Yog §r§c❁ Strength
08:18:55                                 §r§8+§r§62% §r§aYog §r§7coins
08:18:55                     §r§8+§r§a50% §r§7chance for extra XP orbs
08:18:55                                §r§8+§r§b1 SkyBlock XP
08:18:55 
08:18:55 §3§l▬▬▬▬▬▬▬▬▬▬▬▬▬▬▬▬▬▬▬▬▬▬▬▬▬▬▬▬▬▬▬▬▬▬▬▬▬▬▬▬▬▬▬▬▬▬▬▬▬▬▬▬▬▬▬▬▬▬▬▬▬▬▬▬
08:19:21 §f                                  §6§lBESTIARY
08:19:21 §f                                  §b§lBal §7§81 §8➡§b §b2
08:19:21 
08:19:21                                   §r§6§lREWARDS
08:19:21                             §r§8+§r§a2 §r§c§lBal §r§b✯ Magic Find
08:19:21                             §r§8+§r§a2 §r§c§lBal §r§c❁ Strength
08:19:21                                 §r§8+§r§62% §r§a§r§c§lBal §r§7coins
08:19:21                     §r§8+§r§a50% §r§7chance for extra XP orbs
08:19:21                                §r§8+§r§b1 SkyBlock XP
08:19:21 
08:19:21 §3§l▬▬▬▬▬▬▬▬▬▬▬▬▬▬▬▬▬▬▬▬▬▬▬▬▬▬▬▬▬▬▬▬▬▬▬▬▬▬▬▬▬▬▬▬▬▬▬▬▬▬▬▬▬▬▬▬▬▬▬▬▬▬▬▬
08:24:47 §f                                  §6§lBESTIARY
08:24:47 §f                                  §b§lBal §7§82 §8➡§b §b3
08:24:47 
08:24:47                                   §r§6§lREWARDS
08:24:47                             §r§8+§r§a2 §r§c§lBal §r§b✯ Magic Find
08:24:47                             §r§8+§r§a2 §r§c§lBal §r§c❁ Strength
08:24:47                                 §r§8+§r§62% §r§a§r§c§lBal §r§7coins
08:24:47                     §r§8+§r§a50% §r§7chance for extra XP orbs
08:24:47                                §r§8+§r§b1 SkyBlock XP
08:24:47 
08:24:47 §3§l▬▬▬▬▬▬▬▬▬▬▬▬▬▬▬▬▬▬▬▬▬▬▬▬▬▬▬▬▬▬▬▬▬▬▬▬▬▬▬▬▬▬▬▬▬▬▬▬▬▬▬▬▬▬▬▬▬▬▬▬▬▬▬▬
09:20:45 §f                                  §6§lBESTIARY
09:20:45 §f                            §b§lEnderman §7§816 §8➡§b §b17
09:20:45 
09:20:45                                   §r§6§lREWARDS
09:20:45                         §r§8+§r§a5 Enderman §r§b✯ Magic Find
09:20:45                          §r§8+§r§a5 Enderman §r§c❁ Strength
09:20:45                             §r§8+§r§62% §r§aEnderman §r§7coins
09:20:45                     §r§8+§r§a50% §r§7chance for extra XP orbs
09:20:45                                §r§8+§r§b1 SkyBlock XP
09:20:45 
09:20:45 §3§l▬▬▬▬▬▬▬▬▬▬▬▬▬▬▬▬▬▬▬▬▬▬▬▬▬▬▬▬▬▬▬▬▬▬▬▬▬▬▬▬▬▬▬▬▬▬▬▬▬▬▬▬▬▬▬▬▬▬▬▬▬▬▬▬
09:30:59 §f                                  §6§lBESTIARY
09:30:59 §f                            §b§lEnderman §7§817 §8➡§b §b18
09:30:59 
09:30:59                                   §r§6§lREWARDS
09:30:59                         §r§8+§r§a5 Enderman §r§b✯ Magic Find
09:30:59                          §r§8+§r§a5 Enderman §r§c❁ Strength
09:30:59                             §r§8+§r§62% §r§aEnderman §r§7coins
09:30:59                     §r§8+§r§a50% §r§7chance for extra XP orbs
09:30:59                                §r§8+§r§b1 SkyBlock XP
09:30:59 
09:30:59 §3§l▬▬▬▬▬▬▬▬▬▬▬▬▬▬▬▬▬▬▬▬▬▬▬▬▬▬▬▬▬▬▬▬▬▬▬▬▬▬▬▬▬▬▬▬▬▬▬▬▬▬▬▬▬▬▬▬▬▬▬▬▬▬▬▬
09:37:21 §f                                  §6§lBESTIARY
09:37:21 §f                           §b§lEndermite §7§815 §8➡§b §b16
09:37:21 
09:37:21                                   §r§6§lREWARDS
09:37:21                         §r§8+§r§a5 Endermite §r§b✯ Magic Find
09:37:21                          §r§8+§r§a5 Endermite §r§c❁ Strength
09:37:21                             §r§8+§r§62% §r§aEndermite §r§7coins
09:37:21                     §r§8+§r§a50% §r§7chance for extra XP orbs
09:37:21                                §r§8+§r§b1 SkyBlock XP
09:37:21 
09:37:21 §3§l▬▬▬▬▬▬▬▬▬▬▬▬▬▬▬▬▬▬▬▬▬▬▬▬▬▬▬▬▬▬▬▬▬▬▬▬▬▬▬▬▬▬▬▬▬▬▬▬▬▬▬▬▬▬▬▬▬▬▬▬▬▬▬▬
10:31:29 §f                                  §6§lBESTIARY
10:31:29 §f                                 §b§lYog §7§81 §8➡§b §b2
10:31:29 
10:31:29                                   §r§6§lREWARDS
10:31:29                             §r§8+§r§a2 Yog §r§b✯ Magic Find
10:31:29                             §r§8+§r§a2 Yog §r§c❁ Strength
10:31:29                                 §r§8+§r§62% §r§aYog §r§7coins
10:31:29                     §r§8+§r§a50% §r§7chance for extra XP orbs
10:31:29                                §r§8+§r§b1 SkyBlock XP
10:31:29 
10:31:29 §3§l▬▬▬▬▬▬▬▬▬▬▬▬▬▬▬▬▬▬▬▬▬▬▬▬▬▬▬▬▬▬▬▬▬▬▬▬▬▬▬▬▬▬▬▬▬▬▬▬▬▬▬▬▬▬▬▬▬▬▬▬▬▬▬▬
10:33:22 §f                                  §6§lBESTIARY
10:33:22 §f                                 §b§lYog §7§82 §8➡§b §b3
10:33:22 
10:33:22                                   §r§6§lREWARDS
10:33:22                             §r§8+§r§a2 Yog §r§b✯ Magic Find
10:33:22                             §r§8+§r§a2 Yog §r§c❁ Strength
10:33:22                                 §r§8+§r§62% §r§aYog §r§7coins
10:33:22                     §r§8+§r§a50% §r§7chance for extra XP orbs
10:33:22                                §r§8+§r§b1 SkyBlock XP
10:33:22 
10:33:22 §3§l▬▬▬▬▬▬▬▬▬▬▬▬▬▬▬▬▬▬▬▬▬▬▬▬▬▬▬▬▬▬▬▬▬▬▬▬▬▬▬▬▬▬▬▬▬▬▬▬▬▬▬▬▬▬▬▬▬▬▬▬▬▬▬▬
10:35:59 §f                                  §6§lBESTIARY
10:35:59 §f                                §b§lGrunt §7§84 §8➡§b §b5
10:35:59 
10:35:59                                   §r§6§lREWARDS
10:35:59                           §r§8+§r§a2 Grunt §r§b✯ Magic Find
10:35:59                            §r§8+§r§a2 Grunt §r§c❁ Strength
10:35:59                               §r§8+§r§62% §r§aGrunt §r§7coins
10:35:59                     §r§8+§r§a50% §r§7chance for extra XP orbs
10:35:59                                §r§8+§r§b1 SkyBlock XP
10:35:59 
10:35:59   §r§f                         §6§lBESTIARY MILESTONE
10:35:59   §r§f                                    §876➡§e77
10:35:59 §6§lBESTIARY MILESTONE §876➡§e77
10:35:59 §6§lBESTIARY MILESTONE §876➡§e77
10:35:59 §6§lBESTIARY MILESTONE §876➡§e77
10:35:59 §6§lBESTIARY MILESTONE §876➡§e77
10:35:59 
10:58:41 §f                                  §6§lBESTIARY
10:58:41 §f                                §b§lThyst §7§82 §8➡§b §b3
10:58:41 
10:58:41                                   §r§6§lREWARDS
10:58:41                           §r§8+§r§a2 Thyst §r§b✯ Magic Find
10:58:41                            §r§8+§r§a2 Thyst §r§c❁ Strength
10:58:41                               §r§8+§r§62% §r§aThyst §r§7coins
10:58:41                     §r§8+§r§a50% §r§7chance for extra XP orbs
10:58:41                                §r§8+§r§b1 SkyBlock XP
10:58:41 
10:58:41 §3§l▬▬▬▬▬▬▬▬▬▬▬▬▬▬▬▬▬▬▬▬▬▬▬▬▬▬▬▬▬▬▬▬▬▬▬▬▬▬▬▬▬▬▬▬▬▬▬▬▬▬▬▬▬▬▬▬▬▬▬▬▬▬▬▬
10:58:41 §f                                  §6§lBESTIARY
10:58:41 §f                                §b§lThyst §7§83 §8➡§b §b4
10:58:41 
10:58:41                                   §r§6§lREWARDS
10:58:41                           §r§8+§r§a2 Thyst §r§b✯ Magic Find
10:58:41                            §r§8+§r§a2 Thyst §r§c❁ Strength
10:58:41                               §r§8+§r§62% §r§aThyst §r§7coins
10:58:41                     §r§8+§r§a50% §r§7chance for extra XP orbs
10:58:41                                §r§8+§r§b1 SkyBlock XP
10:58:41 
10:58:41 §3§l▬▬▬▬▬▬▬▬▬▬▬▬▬▬▬▬▬▬▬▬▬▬▬▬▬▬▬▬▬▬▬▬▬▬▬▬▬▬▬▬▬▬▬▬▬▬▬▬▬▬▬▬▬▬▬▬▬▬▬▬▬▬▬▬
11:23:13 §f                                  §6§lBESTIARY
11:23:13 §f                                 §b§lYog §7§83 §8➡§b §b4
11:23:13 
11:23:13                                   §r§6§lREWARDS
11:23:13                             §r§8+§r§a2 Yog §r§b✯ Magic Find
11:23:13                             §r§8+§r§a2 Yog §r§c❁ Strength
11:23:13                                 §r§8+§r§62% §r§aYog §r§7coins
11:23:13                     §r§8+§r§a50% §r§7chance for extra XP orbs
11:23:13                                §r§8+§r§b1 SkyBlock XP
11:23:13 
11:23:13 §3§l▬▬▬▬▬▬▬▬▬▬▬▬▬▬▬▬▬▬▬▬▬▬▬▬▬▬▬▬▬▬▬▬▬▬▬▬▬▬▬▬▬▬▬▬▬▬▬▬▬▬▬▬▬▬▬▬▬▬▬▬▬▬▬▬
11:25:03 §f                                  §6§lBESTIARY
11:25:03 §f                                 §b§lYog §7§84 §8➡§b §b5
11:25:03 
11:25:03                                   §r§6§lREWARDS
11:25:03                             §r§8+§r§a2 Yog §r§b✯ Magic Find
11:25:03                             §r§8+§r§a2 Yog §r§c❁ Strength
11:25:03                                 §r§8+§r§62% §r§aYog §r§7coins
11:25:03                     §r§8+§r§a50% §r§7chance for extra XP orbs
11:25:03                                §r§8+§r§b1 SkyBlock XP
11:25:03 
11:25:03 §3§l▬▬▬▬▬▬▬▬▬▬▬▬▬▬▬▬▬▬▬▬▬▬▬▬▬▬▬▬▬▬▬▬▬▬▬▬▬▬▬▬▬▬▬▬▬▬▬▬▬▬▬▬▬▬▬▬▬▬▬▬▬▬▬▬
11:57:25 §f                                  §6§lBESTIARY
11:57:25 §f                               §b§lSludge §7§86 §8➡§b §b7
11:57:25 
11:57:25                                   §r§6§lREWARDS
11:57:25                           §r§8+§r§a3 Sludge §r§b✯ Magic Find
11:57:25                            §r§8+§r§a3 Sludge §r§c❁ Strength
11:57:25                               §r§8+§r§62% §r§aSludge §r§7coins
11:57:25                     §r§8+§r§a50% §r§7chance for extra XP orbs
11:57:25                                §r§8+§r§b1 SkyBlock XP
11:57:25 
11:57:25 §3§l▬▬▬▬▬▬▬▬▬▬▬▬▬▬▬▬▬▬▬▬▬▬▬▬▬▬▬▬▬▬▬▬▬▬▬▬▬▬▬▬▬▬▬▬▬▬▬▬▬▬▬▬▬▬▬▬▬▬▬▬▬▬▬▬
12:10:30 §f                                  §6§lBESTIARY
12:10:30 §f                            §b§lBoss Corleone §7§b1
12:10:30 
12:10:30                                   §r§6§lREWARDS
12:10:30                      §r§8+§r§a2 Boss Corleone §r§b✯ Magic Find
12:10:30                       §r§8+§r§a2 Boss Corleone §r§c❁ Strength
12:10:30                          §r§8+§r§62% §r§aBoss Corleone §r§7coins
12:10:30                     §r§8+§r§a50% §r§7chance for extra XP orbs
12:10:30                                §r§8+§r§b1 SkyBlock XP
12:10:30 
12:10:30 §3§l▬▬▬▬▬▬▬▬▬▬▬▬▬▬▬▬▬▬▬▬▬▬▬▬▬▬▬▬▬▬▬▬▬▬▬▬▬▬▬▬▬▬▬▬▬▬▬▬▬▬▬▬▬▬▬▬▬▬▬▬▬▬▬▬
12:17:04 §f                                  §6§lBESTIARY
12:17:04 §f                          §b§lGolden Goblin §7§87 §8➡§b §b8
12:17:04 
12:17:04                                   §r§6§lREWARDS
12:17:04                       §r§8+§r§a3 Golden Goblin §r§b✯ Magic Find
12:17:04                       §r§8+§r§a3 Golden Goblin §r§c❁ Strength
12:17:04                           §r§8+§r§62% §r§aGolden Goblin §r§7coins
12:17:04                     §r§8+§r§a50% §r§7chance for extra XP orbs
12:17:04                                §r§8+§r§b1 SkyBlock XP
12:17:04 
12:17:04 §3§l▬▬▬▬▬▬▬▬▬▬▬▬▬▬▬▬▬▬▬▬▬▬▬▬▬▬▬▬▬▬▬▬▬▬▬▬▬▬▬▬▬▬▬▬▬▬▬▬▬▬▬▬▬▬▬▬▬▬▬▬▬▬▬▬
12:23:23 §f                                  §6§lBESTIARY
12:23:23 §f                                §b§lThyst §7§84 §8➡§b §b5
12:23:23 
12:23:23                                   §r§6§lREWARDS
12:23:23                           §r§8+§r§a2 Thyst §r§b✯ Magic Find
12:23:23                            §r§8+§r§a2 Thyst §r§c❁ Strength
12:23:23                               §r§8+§r§62% §r§aThyst §r§7coins
12:23:23                     §r§8+§r§a50% §r§7chance for extra XP orbs
12:23:23                                §r§8+§r§b1 SkyBlock XP
12:23:23 
12:23:23 §3§l▬▬▬▬▬▬▬▬▬▬▬▬▬▬▬▬▬▬▬▬▬▬▬▬▬▬▬▬▬▬▬▬▬▬▬▬▬▬▬▬▬▬▬▬▬▬▬▬▬▬▬▬▬▬▬▬▬▬▬▬▬▬▬▬
12:42:24 §f                                  §6§lBESTIARY
12:42:24 §f                                §b§lGrunt §7§85 §8➡§b §b6
12:42:24 
12:42:24                                   §r§6§lREWARDS
12:42:24                           §r§8+§r§a3 Grunt §r§b✯ Magic Find
12:42:24                            §r§8+§r§a3 Grunt §r§c❁ Strength
12:42:24                               §r§8+§r§62% §r§aGrunt §r§7coins
12:42:24                     §r§8+§r§a50% §r§7chance for extra XP orbs
12:42:24                                §r§8+§r§b1 SkyBlock XP
12:42:24 
12:42:24 §3§l▬▬▬▬▬▬▬▬▬▬▬▬▬▬▬▬▬▬▬▬▬▬▬▬▬▬▬▬▬▬▬▬▬▬▬▬▬▬▬▬▬▬▬▬▬▬▬▬▬▬▬▬▬▬▬▬▬▬▬▬▬▬▬▬
17:34:14 §f                                  §6§lBESTIARY
17:34:14 §f                          §b§lGolden Goblin §7§88 §8➡§b §b9
17:34:14 
17:34:14                                   §r§6§lREWARDS
17:34:14                       §r§8+§r§a3 Golden Goblin §r§b✯ Magic Find
17:34:14                       §r§8+§r§a3 Golden Goblin §r§c❁ Strength
17:34:14                           §r§8+§r§62% §r§aGolden Goblin §r§7coins
17:34:14                     §r§8+§r§a50% §r§7chance for extra XP orbs
17:34:14                                §r§8+§r§b1 SkyBlock XP
17:34:14 
17:34:14   §r§f                         §6§lBESTIARY MILESTONE
17:34:14   §r§f                                    §877➡§e78
17:34:14 §6§lBESTIARY MILESTONE §877➡§e78
17:34:14 §6§lBESTIARY MILESTONE §877➡§e78
17:34:14 §6§lBESTIARY MILESTONE §877➡§e78
17:34:14 §6§lBESTIARY MILESTONE §877➡§e78
17:34:14 
19:44:37 §f                                  §6§lBESTIARY
19:44:37 §f                                 §b§lYog §7§85 §8➡§b §b6
19:44:37 
19:44:37                                   §r§6§lREWARDS
19:44:37                             §r§8+§r§a3 Yog §r§b✯ Magic Find
19:44:37                             §r§8+§r§a3 Yog §r§c❁ Strength
19:44:37                                 §r§8+§r§62% §r§aYog §r§7coins
19:44:37                     §r§8+§r§a50% §r§7chance for extra XP orbs
19:44:37                                §r§8+§r§b1 SkyBlock XP
19:44:37 
19:44:37 §3§l▬▬▬▬▬▬▬▬▬▬▬▬▬▬▬▬▬▬▬▬▬▬▬▬▬▬▬▬▬▬▬▬▬▬▬▬▬▬▬▬▬▬▬▬▬▬▬▬▬▬▬▬▬▬▬▬▬▬▬▬▬▬▬▬
20:42:41 §f                                  §6§lBESTIARY
20:42:41 §f                                  §b§lBal §7§83 §8➡§b §b4
20:42:41 
20:42:41                                   §r§6§lREWARDS
20:42:41                             §r§8+§r§a2 §r§c§lBal §r§b✯ Magic Find
20:42:41                             §r§8+§r§a2 §r§c§lBal §r§c❁ Strength
20:42:41                                 §r§8+§r§62% §r§a§r§c§lBal §r§7coins
20:42:41                     §r§8+§r§a50% §r§7chance for extra XP orbs
20:42:41                                §r§8+§r§b1 SkyBlock XP
20:42:41 
20:42:41 §3§l▬▬▬▬▬▬▬▬▬▬▬▬▬▬▬▬▬▬▬▬▬▬▬▬▬▬▬▬▬▬▬▬▬▬▬▬▬▬▬▬▬▬▬▬▬▬▬▬▬▬▬▬▬▬▬▬▬▬▬▬▬▬▬▬
20:43:43 §f                                  §6§lBESTIARY
20:43:43 §f                                 §b§lYog §7§86 §8➡§b §b7
20:43:43 
20:43:43                                   §r§6§lREWARDS
20:43:43                             §r§8+§r§a3 Yog §r§b✯ Magic Find
20:43:43                             §r§8+§r§a3 Yog §r§c❁ Strength
20:43:43                                 §r§8+§r§62% §r§aYog §r§7coins
20:43:43                     §r§8+§r§a50% §r§7chance for extra XP orbs
20:43:43                                §r§8+§r§b1 SkyBlock XP
20:43:43 
20:43:43 §3§l▬▬▬▬▬▬▬▬▬▬▬▬▬▬▬▬▬▬▬▬▬▬▬▬▬▬▬▬▬▬▬▬▬▬▬▬▬▬▬▬▬▬▬▬▬▬▬▬▬▬▬▬▬▬▬▬▬▬▬▬▬▬▬▬
