06:10:22 §f §r§r§r§f §r§r§r§1 §r§r§r§0 §r§r§r§2 §r§r§r§f §r§r§r§f §r§r§r§2 §r§r§r§0 §r§r§r§4 §r§r§r§3 §r§r§r§9 §r§r§r§2 §r§r§r§0 §r§r§r§0 §r§r§r§3 §r§r§r§9 §r§r§r§2 §r§r§r§0 §r§r§r§0 §r§r§r§3 §r§r§r§9 §r§r§r§2 §r§r§r§0 §r§r§r§0 
06:12:05 §8 §r§8 §r§1 §r§3 §r§3 §r§7 §r§8 
06:12:07 
06:12:07 
06:12:15 
06:12:16 
06:12:51  
06:12:51   
06:13:52  
06:13:52   
06:13:56 §8 §r§8 §r§1 §r§3 §r§3 §r§7 §r§8 
06:14:00  
06:14:00   
06:15:00  
06:15:00   
06:16:00  
06:16:00   
06:17:00  
06:17:00   
06:17:05 §8 §r§8 §r§1 §r§3 §r§3 §r§7 §r§8 
06:17:54  
06:17:54   
06:18:23 §8 §r§8 §r§1 §r§3 §r§3 §r§7 §r§8 
06:19:10  
06:19:10   
06:20:10  
06:20:10   
06:21:10  
06:21:10   
06:22:10  
06:22:10   
06:23:11  
06:23:11   
06:24:11  
06:24:11   
06:25:11  
06:25:11   
06:26:12  
06:26:12   
06:27:12  
06:27:12   
06:28:12  
06:28:12   
06:29:12  
06:29:12   
06:30:12  
06:30:12   
06:31:13  
06:31:13   
06:32:13  
06:32:13   
06:33:13  
06:33:13   
06:34:13  
06:34:13   
06:35:13  
06:35:13   
06:36:14  
06:36:14   
06:36:37 §8 §r§8 §r§1 §r§3 §r§3 §r§7 §r§8 
06:37:31  
06:37:32   
06:40:41 §f §r§r§r§f §r§r§r§1 §r§r§r§0 §r§r§r§2 §r§r§r§f §r§r§r§f §r§r§r§2 §r§r§r§0 §r§r§r§4 §r§r§r§3 §r§r§r§9 §r§r§r§2 §r§r§r§0 §r§r§r§0 §r§r§r§3 §r§r§r§9 §r§r§r§2 §r§r§r§0 §r§r§r§0 §r§r§r§3 §r§r§r§9 §r§r§r§2 §r§r§r§0 §r§r§r§0 
06:41:37 §8 §r§8 §r§1 §r§3 §r§3 §r§7 §r§8 
06:41:39 
06:41:39 
06:41:47 
06:41:47 
06:44:52 §f §r§r§r§f §r§r§r§1 §r§r§r§0 §r§r§r§2 §r§r§r§f §r§r§r§f §r§r§r§2 §r§r§r§0 §r§r§r§4 §r§r§r§3 §r§r§r§9 §r§r§r§2 §r§r§r§0 §r§r§r§0 §r§r§r§3 §r§r§r§9 §r§r§r§2 §r§r§r§0 §r§r§r§0 §r§r§r§3 §r§r§r§9 §r§r§r§2 §r§r§r§0 §r§r§r§0 
06:44:55 §8 §r§8 §r§1 §r§3 §r§3 §r§7 §r§8 
06:44:57 
06:44:57 
06:45:05 
06:45:05 
06:45:30 §8 §r§8 §r§1 §r§3 §r§3 §r§7 §r§8 
06:45:32 
06:45:41 §8 §r§8 §r§1 §r§3 §r§3 §r§7 §r§8 
06:46:27 §8 §r§8 §r§1 §r§3 §r§3 §r§7 §r§8 
06:47:05 
06:50:46 §8 §r§8 §r§1 §r§3 §r§3 §r§7 §r§8 
06:56:01 §8 §r§8 §r§1 §r§3 §r§3 §r§7 §r§8 
06:56:28 §8 §r§8 §r§1 §r§3 §r§3 §r§7 §r§8 
06:57:03  
06:57:28  
06:58:00 §8 §r§8 §r§1 §r§3 §r§3 §r§7 §r§8 
06:58:58  
06:59:57  
07:00:25  
07:00:42  
07:01:36 
07:01:36 §c
07:05:14  
07:07:06  
07:07:06   
07:07:45 §8 §r§8 §r§1 §r§3 §r§3 §r§7 §r§8 
07:07:46  
07:07:46   
07:07:50  
07:07:50   
07:08:11  
07:08:11  
07:08:11  
07:08:18 §8 §r§8 §r§1 §r§3 §r§3 §r§7 §r§8 
07:08:23  
07:08:23   
07:09:14 §8 §r§8 §r§1 §r§3 §r§3 §r§7 §r§8 
07:09:19  
07:09:19   
07:10:19  
07:10:19   
07:11:19  
07:11:19   
07:12:19  
07:12:19   
07:13:08 §8 §r§8 §r§1 §r§3 §r§3 §r§7 §r§8 
07:13:22  
07:13:22   
07:13:30 §8 §r§8 §r§1 §r§3 §r§3 §r§7 §r§8 
07:13:49 §8 §r§8 §r§1 §r§3 §r§3 §r§7 §r§8 
07:16:53 §8 §r§8 §r§1 §r§3 §r§3 §r§7 §r§8 
07:16:58  
07:16:58   
07:17:06 §8 §r§8 §r§1 §r§3 §r§3 §r§7 §r§8 
07:17:11  
07:17:11   
07:18:11  
07:18:11   
07:19:11  
07:19:11   
07:20:11  
07:20:11   
07:21:11  
07:21:11   
07:22:11  
07:22:11   
07:23:12  
07:23:12   
07:24:12  
07:24:12   
07:25:12  
07:25:12   
07:26:12  
07:26:12   
07:27:12  
07:27:12   
07:28:12  
07:28:12   
07:28:50 §8 §r§8 §r§1 §r§3 §r§3 §r§7 §r§8 
07:28:54  
07:28:54   
07:29:54  
07:29:54   
07:30:28 
07:30:28 
07:30:39 §8 §r§8 §r§1 §r§3 §r§3 §r§7 §r§8 
07:30:44  
07:30:44   
07:31:44  
07:31:44   
07:32:23 §8 §r§8 §r§1 §r§3 §r§3 §r§7 §r§8 
07:32:32 §8 §r§8 §r§1 §r§3 §r§3 §r§7 §r§8 
07:32:37  
07:32:37   
07:33:32 §8 §r§8 §r§1 §r§3 §r§3 §r§7 §r§8 
07:34:32  
07:34:32   
07:35:33  
07:35:33   
07:36:21 §8 §r§8 §r§1 §r§3 §r§3 §r§7 §r§8 
07:37:13  
07:37:13   
07:37:54 §8 §r§8 §r§1 §r§3 §r§3 §r§7 §r§8 
07:38:01  
07:38:01   
07:38:12 
07:38:12 
07:39:02  
07:39:02   
07:40:02  
07:40:02   
07:41:03  
07:41:03   
07:42:04  
07:42:04   
07:43:05  
07:43:05   
07:44:05  
07:44:05   
07:45:06  
07:45:06   
07:46:02 
07:46:02 
07:46:07  
07:46:07   
07:47:07  
07:47:07   
07:48:08  
07:48:08   
07:48:58 §8 §r§8 §r§1 §r§3 §r§3 §r§7 §r§8 
07:49:19 §8 §r§8 §r§1 §r§3 §r§3 §r§7 §r§8 
07:50:06 §8 §r§8 §r§1 §r§3 §r§3 §r§7 §r§8 
07:52:26 §8 §r§8 §r§1 §r§3 §r§3 §r§7 §r§8 
07:53:02  
07:53:02   
07:53:41 §8 §r§8 §r§1 §r§3 §r§3 §r§7 §r§8 
07:54:33  
07:54:33   
07:55:34  
07:55:34   
07:55:36 §8 §r§8 §r§1 §r§3 §r§3 §r§7 §r§8 
07:56:30  
07:56:30   
07:57:28 §8 §r§8 §r§1 §r§3 §r§3 §r§7 §r§8 
07:58:08  
07:58:08   
07:59:07 §8 §r§8 §r§1 §r§3 §r§3 §r§7 §r§8 
07:59:57  
07:59:57   
08:00:55 §8 §r§8 §r§1 §r§3 §r§3 §r§7 §r§8 
08:01:00  
08:01:00   
08:01:10 §8 §r§8 §r§1 §r§3 §r§3 §r§7 §r§8 
08:01:56 §8 §r§8 §r§1 §r§3 §r§3 §r§7 §r§8 
08:02:33  
08:02:33   
08:02:47 §8 §r§8 §r§1 §r§3 §r§3 §r§7 §r§8 
08:03:00  
08:03:00   
08:04:00  
08:04:00   
08:04:21 
08:05:00  
08:05:00   
08:06:00  
08:06:00   
08:06:50 §8 §r§8 §r§1 §r§3 §r§3 §r§7 §r§8 
08:07:33  
08:07:33   
08:08:15 §8 §r§8 §r§1 §r§3 §r§3 §r§7 §r§8 
08:08:19  
08:08:19   
08:09:20  
08:09:20   
08:10:13 §8 §r§8 §r§1 §r§3 §r§3 §r§7 §r§8 
08:10:14  
08:10:14   
08:11:14 §8 §r§8 §r§1 §r§3 §r§3 §r§7 §r§8 
08:11:30 §8 §r§8 §r§1 §r§3 §r§3 §r§7 §r§8 
08:11:47  
08:11:47   
08:12:10 §8 §r§8 §r§1 §r§3 §r§3 §r§7 §r§8 
08:13:10  
08:13:10   
08:13:16 §8 §r§8 §r§1 §r§3 §r§3 §r§7 §r§8 
08:13:20  
08:13:20   
08:14:21  
08:14:21   
08:15:21  
08:15:21   
08:16:02 §8 §r§8 §r§1 §r§3 §r§3 §r§7 §r§8 
08:16:06 
08:16:06 
08:16:19 §8 §r§8 §r§1 §r§3 §r§3 §r§7 §r§8 
08:16:40  
08:16:50 §8 §r§8 §r§1 §r§3 §r§3 §r§7 §r§8 
08:18:55  
08:19:21  
08:20:31 
08:22:20                                         
08:24:47  
08:25:13 
08:37:35 
08:37:56 §8 §r§8 §r§1 §r§3 §r§3 §r§7 §r§8 
08:37:59 §8 §r§8 §r§1 §r§3 §r§3 §r§7 §r§8 
08:42:14                                         
08:49:12 §8 §r§8 §r§1 §r§3 §r§3 §r§7 §r§8 
08:49:29 §8 §r§8 §r§1 §r§3 §r§3 §r§7 §r§8 
08:50:39 §8 §r§8 §r§1 §r§3 §r§3 §r§7 §r§8 
08:50:47 §8 §r§8 §r§1 §r§3 §r§3 §r§7 §r§8 
08:54:17 §8 §r§8 §r§1 §r§3 §r§3 §r§7 §r§8 
08:55:27 §8 §r§8 §r§1 §r§3 §r§3 §r§7 §r§8 
08:55:36 §8 §r§8 §r§1 §r§3 §r§3 §r§7 §r§8 
08:56:18 
08:56:36 
09:01:35 
09:01:36 
09:01:36 §c
09:03:12                                         
09:05:43 §8 §r§8 §r§1 §r§3 §r§3 §r§7 §r§8 
09:05:46 §8 §r§8 §r§1 §r§3 §r§3 §r§7 §r§8 
09:12:58 §8 §r§8 §r§1 §r§3 §r§3 §r§7 §r§8 
09:13:02 §8 §r§8 §r§1 §r§3 §r§3 §r§7 §r§8 
09:14:30 
09:14:30 
09:15:53 
09:15:53 
09:15:53 
09:15:53 
09:16:27 
09:16:27 
09:16:27 
09:16:27 
09:19:19 
09:19:19 
09:19:19 
09:19:19 
09:20:45  
09:30:59  
09:37:21  
09:53:16 
09:53:16 
09:53:16 
09:53:16 
10:00:52 §8 §r§8 §r§1 §r§3 §r§3 §r§7 §r§8 
10:01:37 §8 §r§8 §r§1 §r§3 §r§3 §r§7 §r§8 
10:03:07 §8 §r§8 §r§1 §r§3 §r§3 §r§7 §r§8 
10:04:02                                         
10:05:32 
10:05:48 
10:12:51 
10:15:22 
10:16:12 
10:16:52 §8 §r§8 §r§1 §r§3 §r§3 §r§7 §r§8 
10:18:39 §8 §r§8 §r§1 §r§3 §r§3 §r§7 §r§8 
10:18:42 §8 §r§8 §r§1 §r§3 §r§3 §r§7 §r§8 
10:19:31 §8 §r§8 §r§1 §r§3 §r§3 §r§7 §r§8 
10:19:38 §8 §r§8 §r§1 §r§3 §r§3 §r§7 §r§8 
10:19:44 §8 §r§8 §r§1 §r§3 §r§3 §r§7 §r§8 
10:20:16 
10:20:19 §8 §r§8 §r§1 §r§3 §r§3 §r§7 §r§8 
10:21:17 §8 §r§8 §r§1 §r§3 §r§3 §r§7 §r§8 
10:21:57 
10:23:09 
10:23:09 
10:25:09 
10:25:33                                         
10:27:14 
10:27:20 
10:27:26 
10:30:10 
10:31:29  
10:33:22  
10:35:25 §8 §r§8 §r§1 §r§3 §r§3 §r§7 §r§8 
10:35:31 §8 §r§8 §r§1 §r§3 §r§3 §r§7 §r§8 
10:35:59  
10:36:17 
10:36:54 
10:37:34 
10:37:41 
10:41:51 
10:43:29                                         
10:43:37 §8 §r§8 §r§1 §r§3 §r§3 §r§7 §r§8 
10:43:38  
10:43:38   
10:43:44  
10:43:44  
10:43:44  
10:43:45 §8 §r§8 §r§1 §r§3 §r§3 §r§7 §r§8 
10:46:04 §8 §r§8 §r§1 §r§3 §r§3 §r§7 §r§8 
10:46:18 §8 §r§8 §r§1 §r§3 §r§3 §r§7 §r§8 
10:47:04 §8 §r§8 §r§1 §r§3 §r§3 §r§7 §r§8 
10:47:13 §8 §r§8 §r§1 §r§3 §r§3 §r§7 §r§8 
10:52:44 §8 §r§8 §r§1 §r§3 §r§3 §r§7 §r§8 
10:55:56 
10:57:16 
10:57:18  
10:57:18  
10:57:18  
10:58:23 
10:58:41  
10:58:41  
11:01:36 
11:01:36 §c
11:03:58 
11:05:48                                         
11:17:27 
11:17:41 
11:18:09 
11:19:58 
11:20:07 
11:20:22 
11:21:06 
11:21:58 
11:23:13  
11:25:03  
11:25:45                                         
11:27:31 
11:28:19 
11:29:08 
11:39:55 
11:40:01 
11:40:59 
11:42:57 
11:43:21 
11:43:46 
11:44:01 
11:45:50                                         
11:46:41 
11:46:58 
11:47:34 
11:48:14 
11:48:37 
11:48:57 
11:49:20 
11:49:34 
11:49:42 
11:50:37 
11:50:51 
11:51:05 
11:51:23 
11:51:49 
11:53:33 
11:53:57 
11:55:34 
11:57:25  
11:57:43 
11:58:04 
11:58:46 
12:01:08 
12:01:50 
12:04:03 
12:04:05 
12:05:42                                         
12:06:20 
12:06:38 
12:07:55 
12:08:24 
12:09:17 
12:09:45 
12:10:30  
12:11:32 
12:13:02 
12:13:18 
12:13:27 
12:13:54 
12:15:01 
12:15:31 
12:16:47 
12:17:04  
12:18:32 
12:18:40 
12:18:51 
12:20:23 
12:20:54 
12:23:23  
12:24:10 
12:24:28 
12:25:44                                         
12:26:06 
12:35:52 
12:37:51 
12:38:14 
12:38:34 
12:38:42 
12:38:52 
12:41:14 
12:41:59 
12:42:21 
12:42:24  
12:42:39 
12:43:56 
12:43:59 
12:45:44 
12:45:46                                         
12:47:31 
12:48:03 
12:49:11 
12:50:48 
12:51:30 
12:56:34 
12:57:05 
12:57:22 
12:57:56 
12:58:14 
12:59:52 
13:00:59 
13:01:36 
13:01:36 §c
13:04:00 
13:04:21 
13:05:52                                         
13:06:36 
13:07:55 
13:09:15 
13:10:53 
13:11:05 
13:11:43 
13:12:04 
13:12:24 
13:18:23 
13:18:56 
13:20:39 
13:21:22 
13:21:31 
13:22:00 
13:22:26 
13:23:59 §8 §r§8 §r§1 §r§3 §r§3 §r§7 §r§8 
13:24:12 §8 §r§8 §r§1 §r§3 §r§3 §r§7 §r§8 
13:30:03 §8 §r§8 §r§1 §r§3 §r§3 §r§7 §r§8 
13:33:58 
13:35:24                                         
13:46:39 
13:47:52 
13:48:15 
13:48:57 
13:50:17 
13:50:25 
13:50:42 
13:51:45 §f §r§r§r§f §r§r§r§1 §r§r§r§0 §r§r§r§2 §r§r§r§f §r§r§r§f §r§r§r§2 §r§r§r§0 §r§r§r§4 §r§r§r§3 §r§r§r§9 §r§r§r§2 §r§r§r§0 §r§r§r§0 §r§r§r§3 §r§r§r§9 §r§r§r§2 §r§r§r§0 §r§r§r§0 §r§r§r§3 §r§r§r§9 §r§r§r§2 §r§r§r§0 §r§r§r§0 
13:51:50 §8 §r§8 §r§1 §r§3 §r§3 §r§7 §r§8 
13:51:52 
13:51:52 
13:53:12 §f §r§r§r§f §r§r§r§1 §r§r§r§0 §r§r§r§2 §r§r§r§f §r§r§r§f §r§r§r§2 §r§r§r§0 §r§r§r§4 §r§r§r§3 §r§r§r§9 §r§r§r§2 §r§r§r§0 §r§r§r§0 §r§r§r§3 §r§r§r§9 §r§r§r§2 §r§r§r§0 §r§r§r§0 §r§r§r§3 §r§r§r§9 §r§r§r§2 §r§r§r§0 §r§r§r§0 
13:55:37 §f §r§r§r§f §r§r§r§1 §r§r§r§0 §r§r§r§2 §r§r§r§f §r§r§r§f §r§r§r§2 §r§r§r§0 §r§r§r§4 §r§r§r§3 §r§r§r§9 §r§r§r§2 §r§r§r§0 §r§r§r§0 §r§r§r§3 §r§r§r§9 §r§r§r§2 §r§r§r§0 §r§r§r§0 §r§r§r§3 §r§r§r§9 §r§r§r§2 §r§r§r§0 §r§r§r§0 
13:56:17 §f §r§r§r§f §r§r§r§1 §r§r§r§0 §r§r§r§2 §r§r§r§f §r§r§r§f §r§r§r§2 §r§r§r§0 §r§r§r§4 §r§r§r§3 §r§r§r§9 §r§r§r§2 §r§r§r§0 §r§r§r§0 §r§r§r§3 §r§r§r§9 §r§r§r§2 §r§r§r§0 §r§r§r§0 §r§r§r§3 §r§r§r§9 §r§r§r§2 §r§r§r§0 §r§r§r§0 
13:58:31 §f §r§r§r§f §r§r§r§1 §r§r§r§0 §r§r§r§2 §r§r§r§f §r§r§r§f §r§r§r§2 §r§r§r§0 §r§r§r§4 §r§r§r§3 §r§r§r§9 §r§r§r§2 §r§r§r§0 §r§r§r§0 §r§r§r§3 §r§r§r§9 §r§r§r§2 §r§r§r§0 §r§r§r§0 §r§r§r§3 §r§r§r§9 §r§r§r§2 §r§r§r§0 §r§r§r§0 
14:02:57 §f §r§r§r§f §r§r§r§1 §r§r§r§0 §r§r§r§2 §r§r§r§f §r§r§r§f §r§r§r§2 §r§r§r§0 §r§r§r§4 §r§r§r§3 §r§r§r§9 §r§r§r§2 §r§r§r§0 §r§r§r§0 §r§r§r§3 §r§r§r§9 §r§r§r§2 §r§r§r§0 §r§r§r§0 §r§r§r§3 §r§r§r§9 §r§r§r§2 §r§r§r§0 §r§r§r§0 
14:11:11 §f §r§r§r§f §r§r§r§1 §r§r§r§0 §r§r§r§2 §r§r§r§f §r§r§r§f §r§r§r§2 §r§r§r§0 §r§r§r§4 §r§r§r§3 §r§r§r§9 §r§r§r§2 §r§r§r§0 §r§r§r§0 §r§r§r§3 §r§r§r§9 §r§r§r§2 §r§r§r§0 §r§r§r§0 §r§r§r§3 §r§r§r§9 §r§r§r§2 §r§r§r§0 §r§r§r§0 
14:11:20 §8 §r§8 §r§1 §r§3 §r§3 §r§7 §r§8 
14:11:22 
14:11:22 
14:19:47 §f §r§r§r§f §r§r§r§1 §r§r§r§0 §r§r§r§2 §r§r§r§f §r§r§r§f §r§r§r§2 §r§r§r§0 §r§r§r§4 §r§r§r§3 §r§r§r§9 §r§r§r§2 §r§r§r§0 §r§r§r§0 §r§r§r§3 §r§r§r§9 §r§r§r§2 §r§r§r§0 §r§r§r§0 §r§r§r§3 §r§r§r§9 §r§r§r§2 §r§r§r§0 §r§r§r§0 
14:25:37 §f §r§r§r§f §r§r§r§1 §r§r§r§0 §r§r§r§2 §r§r§r§f §r§r§r§f §r§r§r§2 §r§r§r§0 §r§r§r§4 §r§r§r§3 §r§r§r§9 §r§r§r§2 §r§r§r§0 §r§r§r§0 §r§r§r§3 §r§r§r§9 §r§r§r§2 §r§r§r§0 §r§r§r§0 §r§r§r§3 §r§r§r§9 §r§r§r§2 §r§r§r§0 §r§r§r§0 
14:27:06 §f §r§r§r§f §r§r§r§1 §r§r§r§0 §r§r§r§2 §r§r§r§f §r§r§r§f §r§r§r§2 §r§r§r§0 §r§r§r§4 §r§r§r§3 §r§r§r§9 §r§r§r§2 §r§r§r§0 §r§r§r§0 §r§r§r§3 §r§r§r§9 §r§r§r§2 §r§r§r§0 §r§r§r§0 §r§r§r§3 §r§r§r§9 §r§r§r§2 §r§r§r§0 §r§r§r§0 
14:27:15 §8 §r§8 §r§1 §r§3 §r§3 §r§7 §r§8 
14:27:22 
14:27:22 
14:32:37 §f §r§r§r§f §r§r§r§1 §r§r§r§0 §r§r§r§2 §r§r§r§f §r§r§r§f §r§r§r§2 §r§r§r§0 §r§r§r§4 §r§r§r§3 §r§r§r§9 §r§r§r§2 §r§r§r§0 §r§r§r§0 §r§r§r§3 §r§r§r§9 §r§r§r§2 §r§r§r§0 §r§r§r§0 §r§r§r§3 §r§r§r§9 §r§r§r§2 §r§r§r§0 §r§r§r§0 
14:37:57 §f §r§r§r§f §r§r§r§1 §r§r§r§0 §r§r§r§2 §r§r§r§f §r§r§r§f §r§r§r§2 §r§r§r§0 §r§r§r§4 §r§r§r§3 §r§r§r§9 §r§r§r§2 §r§r§r§0 §r§r§r§0 §r§r§r§3 §r§r§r§9 §r§r§r§2 §r§r§r§0 §r§r§r§0 §r§r§r§3 §r§r§r§9 §r§r§r§2 §r§r§r§0 §r§r§r§0 
14:52:44 §f §r§r§r§f §r§r§r§1 §r§r§r§0 §r§r§r§2 §r§r§r§f §r§r§r§f §r§r§r§2 §r§r§r§0 §r§r§r§4 §r§r§r§3 §r§r§r§9 §r§r§r§2 §r§r§r§0 §r§r§r§0 §r§r§r§3 §r§r§r§9 §r§r§r§2 §r§r§r§0 §r§r§r§0 §r§r§r§3 §r§r§r§9 §r§r§r§2 §r§r§r§0 §r§r§r§0 
14:56:21 §f §r§r§r§f §r§r§r§1 §r§r§r§0 §r§r§r§2 §r§r§r§f §r§r§r§f §r§r§r§2 §r§r§r§0 §r§r§r§4 §r§r§r§3 §r§r§r§9 §r§r§r§2 §r§r§r§0 §r§r§r§0 §r§r§r§3 §r§r§r§9 §r§r§r§2 §r§r§r§0 §r§r§r§0 §r§r§r§3 §r§r§r§9 §r§r§r§2 §r§r§r§0 §r§r§r§0 
17:28:58 §f §r§r§r§f §r§r§r§1 §r§r§r§0 §r§r§r§2 §r§r§r§f §r§r§r§f §r§r§r§2 §r§r§r§0 §r§r§r§4 §r§r§r§3 §r§r§r§9 §r§r§r§2 §r§r§r§0 §r§r§r§0 §r§r§r§3 §r§r§r§9 §r§r§r§2 §r§r§r§0 §r§r§r§0 §r§r§r§3 §r§r§r§9 §r§r§r§2 §r§r§r§0 §r§r§r§0 
17:29:21 §8 §r§8 §r§1 §r§3 §r§3 §r§7 §r§8 
17:29:24 
17:29:24 
17:29:56 §8 §r§8 §r§1 §r§3 §r§3 §r§7 §r§8 
17:31:53 
17:32:02 
17:32:55 
17:33:51                                         
17:34:14  
17:35:16 
17:35:23 
17:35:40 
17:35:50 
17:37:22 
17:38:04 
17:38:11 
17:39:27 
17:40:42 
17:41:11 
17:43:34 
17:43:48 
17:44:23 
17:45:01 
17:45:49 
17:46:17 
17:46:28 
17:47:30 
17:48:12 
17:48:20 
17:48:58 
17:50:20 
17:51:08 
17:51:24 
17:52:05 
17:53:55                                         
17:53:56 
17:54:54 
17:56:02 
17:56:35 
17:57:12 
17:57:35 
17:57:49 
17:59:35 §8 §r§8 §r§1 §r§3 §r§3 §r§7 §r§8 
17:59:35  
17:59:35   
18:53:05 §8 §r§8 §r§1 §r§3 §r§3 §r§7 §r§8 
18:53:06  
18:53:06   
18:53:11  
18:53:11  
18:53:11  
18:54:58 §8 §r§8 §r§1 §r§3 §r§3 §r§7 §r§8 
19:01:36 
19:01:36 §c
19:32:43 §8 §r§8 §r§1 §r§3 §r§3 §r§7 §r§8 
19:34:36                                         
19:44:37  
19:44:54 
19:45:05 
19:46:16 
19:49:07 
19:49:47 
19:54:33 
19:54:38                                         
19:58:10 
19:59:49 
20:00:32 
20:00:51 
20:01:22 
20:01:44 
20:01:54 
20:02:20 
20:02:26 
20:03:12 
20:03:50 
20:04:01 
20:04:25 §8 §r§8 §r§1 §r§3 §r§3 §r§7 §r§8 
20:06:48 §8 §r§8 §r§1 §r§3 §r§3 §r§7 §r§8 
20:07:20 §8 §r§8 §r§1 §r§3 §r§3 §r§7 §r§8 
20:09:50 §8 §r§8 §r§1 §r§3 §r§3 §r§7 §r§8 
20:09:53 §8 §r§8 §r§1 §r§3 §r§3 §r§7 §r§8 
20:14:42 §8 §r§8 §r§1 §r§3 §r§3 §r§7 §r§8 
20:15:32 
20:16:01 
20:16:10 
20:17:01 §8 §r§8 §r§1 §r§3 §r§3 §r§7 §r§8 
20:17:16 §8 §r§8 §r§1 §r§3 §r§3 §r§7 §r§8 
20:19:26 
20:20:59 
20:25:29 
20:25:41                                         
20:26:17 
20:34:13 
20:38:02 
20:40:57 
20:42:41  
20:43:43  
20:45:17 §8 §r§8 §r§1 §r§3 §r§3 §r§7 §r§8 
20:45:39 
20:47:54 
20:47:54 
20:47:54 
20:47:54 
20:49:29 §8 §r§8 §r§1 §r§3 §r§3 §r§7 §r§8 
