06:22:35 §6[Sacks] §r§a+9§r§e items§r§e.§r§8 (Last 7s.)
06:28:40 §6[Sacks] §r§a+1,300§r§e items§r§e.§r§8 (Last 10s.)
06:33:11 §6[Sacks] §r§a+152§r§e items§r§e.§r§8 (Last 5s.)
06:56:40 §6[Sacks] §r§a+2§r§e items§r§e.§r§8 (Last 5s.)
06:57:18 §6[Sacks] §r§a+37§r§e items§r§e.§r§8 (Last 30s.)
06:57:25 §6[Sacks] §r§a+3§r§e items§r§e.§r§8 (Last 5s.)
06:57:38 §6[Sacks] §r§a+25§r§e items§r§e.§r§8 (Last 10s.)
06:57:52 §6[Sacks] §r§a+8§r§e items§r§e.§r§8 (Last 13s.)
07:01:19 §6[Sacks] §r§a+4§r§e items§r§e.§r§8 (Last 7s.)
07:01:45 §6[Sacks] §r§a+3§r§e items§r§e.§r§8 (Last 5s.)
07:02:12 §6[Sacks] §r§a+1,922§r§e items§r§e.§r§8 (Last 11s.)
07:02:23 §6[Sacks] §r§a+692§r§e items§r§e.§r§8 (Last 7s.)
07:02:36 §6[Sacks] §r§a+2,150§r§e items§r§e.§r§8 (Last 9s.)
07:02:50 §6[Sacks] §r§a+1,325§r§e items§r§e.§r§8 (Last 8s.)
07:02:58 §6[Sacks] §r§a+628§r§e items§r§e.§r§8 (Last 6s.)
07:04:17 §6[Sacks] §r§a+1,210§r§e items§r§e, §r§c-6,720§r§e items§r§e.§r§8 (Last 17s.)
07:04:38 §6[Sacks] §r§a+5,510§r§e items§r§e.§r§8 (Last 16s.)
07:14:26 §6[Sacks] §r§a+2§r§e items§r§e.§r§8 (Last 5s.)
07:15:10 §6[Sacks] §r§a+11§r§e items§r§e.§r§8 (Last 10s.)
07:29:18 §6[Sacks] §r§a+2,138§r§e items§r§e, §r§c-172§r§e items§r§e.§r§8 (Last 22s.)
07:29:58 §6[Sacks] §r§a+3,066§r§e items§r§e, §r§c-254§r§e items§r§e.§r§8 (Last 22s.)
07:30:19 §6[Sacks] §r§a+195§r§e items§r§e, §r§c-4,974§r§e items§r§e.§r§8 (Last 16s.)
07:34:11 §6[Sacks] §r§a+2,606§r§e items§r§e.§r§8 (Last 30s.)
07:34:17 §6[Sacks] §r§a+65§r§e items§r§e.§r§8 (Last 5s.)
07:48:35 §6[Sacks] §r§c-7,306§r§e items§r§e.§r§8 (Last 14s.)
07:48:54 §6[Sacks] §r§c-6,134§r§e items§r§e.§r§8 (Last 16s.)
07:50:44 §6[Sacks] §r§a+4,854§r§e items§r§e.§r§8 (Last 30s.)
07:51:16 §6[Sacks] §r§a+5,172§r§e items§r§e.§r§8 (Last 30s.)
07:51:48 §6[Sacks] §r§a+2,670§r§e items§r§e.§r§8 (Last 30s.)
07:52:12 §6[Sacks] §r§a+744§r§e items§r§e.§r§8 (Last 23s.)
08:03:11 §6[Sacks] §r§c-132§r§e items§r§e.§r§8 (Last 7s.)
08:16:47 §6[Sacks] §r§a+7§r§e items§r§e.§r§8 (Last 6s.)
08:17:22 §6[Sacks] §r§a+163§r§e items§r§e, §r§c-197§r§e items§r§e.§r§8 (Last 11s.)
08:17:40 §6[Sacks] §r§a+196§r§e items§r§e.§r§8 (Last 15s.)
08:17:58 §6[Sacks] §r§a+457§r§e items§r§e.§r§8 (Last 6s.)
08:18:17 §6[Sacks] §r§a+157§r§e items§r§e.§r§8 (Last 16s.)
08:18:46 §6[Sacks] §r§a+14§r§e items§r§e.§r§8 (Last 10s.)
08:19:01 §6[Sacks] §r§a+23§r§e items§r§e.§r§8 (Last 10s.)
08:19:32 §6[Sacks] §r§a+36§r§e items§r§e.§r§8 (Last 22s.)
08:19:41 §6[Sacks] §r§a+1§r§e item§r§e.§r§8 (Last 5s.)
08:19:51 §6[Sacks] §r§a+1§r§e item§r§e, §r§c-728§r§e items§r§e.§r§8 (Last 5s.)
08:20:04 §6[Sacks] §r§a+1§r§e item§r§e.§r§8 (Last 5s.)
08:21:03 §6[Sacks] §r§a+706§r§e items§r§e.§r§8 (Last 20s.)
08:21:32 §6[Sacks] §r§a+146§r§e items§r§e.§r§8 (Last 16s.)
08:21:41 §6[Sacks] §r§a+80§r§e items§r§e.§r§8 (Last 8s.)
08:22:19 §6[Sacks] §r§a+1,000§r§e items§r§e.§r§8 (Last 30s.)
08:22:32 §6[Sacks] §r§a+210§r§e items§r§e.§r§8 (Last 13s.)
08:22:49 §6[Sacks] §r§a+42§r§e items§r§e.§r§8 (Last 10s.)
08:22:56 §6[Sacks] §r§a+28§r§e items§r§e.§r§8 (Last 6s.)
08:23:38 §6[Sacks] §r§a+12§r§e items§r§e.§r§8 (Last 5s.)
08:23:52 §6[Sacks] §r§a+6§r§e items§r§e.§r§8 (Last 6s.)
08:24:22 §6[Sacks] §r§a+26§r§e items§r§e.§r§8 (Last 17s.)
08:24:37 §6[Sacks] §r§a+16§r§e items§r§e.§r§8 (Last 14s.)
08:24:46 §6[Sacks] §r§a+3§r§e items§r§e.§r§8 (Last 6s.)
08:24:52 §6[Sacks] §r§a+2§r§e items§r§e.§r§8 (Last 5s.)
08:25:05 §6[Sacks] §r§a+6§r§e items§r§e.§r§8 (Last 9s.)
08:26:24 §6[Sacks] §r§a+1,125§r§e items§r§e.§r§8 (Last 30s.)
08:26:56 §6[Sacks] §r§a+1,376§r§e items§r§e.§r§8 (Last 30s.)
08:27:28 §6[Sacks] §r§a+1,602§r§e items§r§e.§r§8 (Last 30s.)
08:27:36 §6[Sacks] §r§a+225§r§e items§r§e.§r§8 (Last 7s.)
08:27:53 §6[Sacks] §r§a+423§r§e items§r§e.§r§8 (Last 11s.)
08:28:34 §6[Sacks] §r§a+1,377§r§e items§r§e.§r§8 (Last 30s.)
08:28:41 §6[Sacks] §r§a+126§r§e items§r§e.§r§8 (Last 6s.)
08:29:13 §6[Sacks] §r§a+1,424§r§e items§r§e.§r§8 (Last 30s.)
08:29:46 §6[Sacks] §r§a+1,807§r§e items§r§e.§r§8 (Last 30s.)
08:29:58 §6[Sacks] §r§a+198§r§e items§r§e.§r§8 (Last 8s.)
08:30:05 §6[Sacks] §r§a+81§r§e items§r§e.§r§8 (Last 6s.)
08:30:19 §6[Sacks] §r§a+117§r§e items§r§e.§r§8 (Last 7s.)
08:32:45 §6[Sacks] §r§a+719§r§e items§r§e.§r§8 (Last 15s.)
08:33:17 §6[Sacks] §r§a+882§r§e items§r§e.§r§8 (Last 22s.)
08:34:09 §6[Sacks] §r§a+403§r§e items§r§e.§r§8 (Last 14s.)
08:34:21 §6[Sacks] §r§a+270§r§e items§r§e.§r§8 (Last 10s.)
08:34:33 §6[Sacks] §r§a+180§r§e items§r§e.§r§8 (Last 7s.)
08:34:56 §6[Sacks] §r§a+918§r§e items§r§e.§r§8 (Last 20s.)
08:35:35 §6[Sacks] §r§a+1,357§r§e items§r§e.§r§8 (Last 29s.)
08:36:07 §6[Sacks] §r§a+1,332§r§e items§r§e.§r§8 (Last 30s.)
08:36:31 §6[Sacks] §r§a+882§r§e items§r§e.§r§8 (Last 19s.)
08:37:03 §6[Sacks] §r§a+1,170§r§e items§r§e, §r§c-1,280§r§e items§r§e.§r§8 (Last 30s.)
08:37:41 §6[Sacks] §r§a+681§r§e items§r§e, §r§c-18,931§r§e items§r§e.§r§8 (Last 30s.)
08:40:52 §6[Sacks] §r§a+2,601§r§e items§r§e.§r§8 (Last 30s.)
08:41:23 §6[Sacks] §r§a+2,043§r§e items§r§e.§r§8 (Last 30s.)
08:41:55 §6[Sacks] §r§a+2,494§r§e items§r§e.§r§8 (Last 30s.)
08:42:26 §6[Sacks] §r§a+2,142§r§e items§r§e.§r§8 (Last 30s.)
08:42:57 §6[Sacks] §r§a+2,129§r§e items§r§e.§r§8 (Last 30s.)
08:43:28 §6[Sacks] §r§a+2,196§r§e items§r§e.§r§8 (Last 30s.)
08:44:00 §6[Sacks] §r§a+2,267§r§e items§r§e.§r§8 (Last 30s.)
08:44:31 §6[Sacks] §r§a+1,953§r§e items§r§e.§r§8 (Last 30s.)
08:45:02 §6[Sacks] §r§a+2,381§r§e items§r§e.§r§8 (Last 30s.)
08:45:33 §6[Sacks] §r§a+14§r§e items§r§e.§r§8 (Last 30s.)
08:46:05 §6[Sacks] §r§a+13§r§e items§r§e.§r§8 (Last 30s.)
08:46:37 §6[Sacks] §r§a+111§r§e items§r§e, §r§c-4,308§r§e items§r§e.§r§8 (Last 30s.)
08:46:50 §6[Sacks] §r§a+99§r§e items§r§e, §r§c-14,400§r§e items§r§e.§r§8 (Last 12s.)
08:48:36 §6[Sacks] §r§a+250§r§e items§r§e, §r§c-1,744§r§e items§r§e.§r§8 (Last 13s.)
08:51:23 §6[Sacks] §r§a+1§r§e item§r§e.§r§8 (Last 5s.)
08:53:38 §6[Sacks] §r§a+1§r§e item§r§e.§r§8 (Last 5s.)
08:53:49 §6[Sacks] §r§a+1§r§e item§r§e.§r§8 (Last 5s.)
08:53:56 §6[Sacks] §r§a+3§r§e items§r§e.§r§8 (Last 5s.)
08:54:06 §6[Sacks] §r§a+5§r§e items§r§e.§r§8 (Last 7s.)
08:56:20 §6[Sacks] §r§a+1,589§r§e items§r§e.§r§8 (Last 30s.)
08:56:48 §6[Sacks] §r§a+825§r§e items§r§e.§r§8 (Last 26s.)
08:56:54 §6[Sacks] §r§c-1,344§r§e items§r§e.§r§8 (Last 5s.)
09:01:46 §6[Sacks] §r§a+37§r§e items§r§e, §r§c-35§r§e items§r§e.§r§8 (Last 6s.)
09:02:08 §6[Sacks] §r§a+40§r§e items§r§e.§r§8 (Last 7s.)
09:02:58 §6[Sacks] §r§a+13§r§e items§r§e.§r§8 (Last 8s.)
09:04:49 §6[Sacks] §r§a+571§r§e items§r§e.§r§8 (Last 18s.)
09:04:57 §6[Sacks] §r§a+393§r§e items§r§e.§r§8 (Last 5s.)
09:05:33 §6[Sacks] §r§a+949§r§e items§r§e.§r§8 (Last 30s.)
09:13:38 §6[Sacks] §r§a+257§r§e items§r§e.§r§8 (Last 30s.)
09:14:13 §6[Sacks] §r§a+221§r§e items§r§e.§r§8 (Last 30s.)
09:14:44 §6[Sacks] §r§a+316§r§e items§r§e.§r§8 (Last 30s.)
09:15:15 §6[Sacks] §r§a+177§r§e items§r§e.§r§8 (Last 30s.)
09:15:24 §6[Sacks] §r§a+22§r§e items§r§e.§r§8 (Last 7s.)
09:15:34 §6[Sacks] §r§a+27§r§e items§r§e.§r§8 (Last 8s.)
09:16:27 §6[Sacks] §r§a+350§r§e items§r§e.§r§8 (Last 30s.)
09:16:40 §6[Sacks] §r§a+13§r§e items§r§e.§r§8 (Last 12s.)
09:17:19 §6[Sacks] §r§a+375§r§e items§r§e.§r§8 (Last 30s.)
09:17:30 §6[Sacks] §r§a+1§r§e item§r§e, §r§c-512§r§e items§r§e.§r§8 (Last 7s.)
09:18:07 §6[Sacks] §r§a+492§r§e items§r§e, §r§c-1,851§r§e items§r§e.§r§8 (Last 30s.)
09:18:26 §6[Sacks] §r§a+231§r§e items§r§e.§r§8 (Last 18s.)
09:19:06 §6[Sacks] §r§a+34§r§e items§r§e.§r§8 (Last 14s.)
09:19:18 §6[Sacks] §r§a+17§r§e items§r§e.§r§8 (Last 9s.)
09:19:52 §6[Sacks] §r§a+272§r§e items§r§e.§r§8 (Last 30s.)
09:20:24 §6[Sacks] §r§a+192§r§e items§r§e.§r§8 (Last 30s.)
09:20:55 §6[Sacks] §r§a+209§r§e items§r§e.§r§8 (Last 30s.)
09:21:27 §6[Sacks] §r§a+126§r§e items§r§e.§r§8 (Last 30s.)
09:21:59 §6[Sacks] §r§a+86§r§e items§r§e.§r§8 (Last 30s.)
09:22:31 §6[Sacks] §r§a+188§r§e items§r§e.§r§8 (Last 30s.)
09:22:54 §6[Sacks] §r§a+80§r§e items§r§e.§r§8 (Last 22s.)
09:23:31 §6[Sacks] §r§a+166§r§e items§r§e.§r§8 (Last 25s.)
09:24:12 §6[Sacks] §r§a+106§r§e items§r§e.§r§8 (Last 30s.)
09:24:22 §6[Sacks] §r§a+145§r§e items§r§e.§r§8 (Last 9s.)
09:24:29 §6[Sacks] §r§a+5§r§e items§r§e.§r§8 (Last 5s.)
09:25:01 §6[Sacks] §r§a+118§r§e items§r§e.§r§8 (Last 30s.)
09:25:34 §6[Sacks] §r§a+167§r§e items§r§e.§r§8 (Last 30s.)
09:26:05 §6[Sacks] §r§a+484§r§e items§r§e, §r§c-1,446§r§e items§r§e.§r§8 (Last 30s.)
09:26:38 §6[Sacks] §r§a+225§r§e items§r§e.§r§8 (Last 30s.)
09:27:10 §6[Sacks] §r§a+62§r§e items§r§e.§r§8 (Last 30s.)
09:27:25 §6[Sacks] §r§a+27§r§e items§r§e.§r§8 (Last 14s.)
09:28:02 §6[Sacks] §r§a+199§r§e items§r§e.§r§8 (Last 30s.)
09:28:33 §6[Sacks] §r§a+87§r§e items§r§e.§r§8 (Last 30s.)
09:29:05 §6[Sacks] §r§a+201§r§e items§r§e.§r§8 (Last 30s.)
09:29:36 §6[Sacks] §r§a+88§r§e items§r§e.§r§8 (Last 30s.)
09:30:08 §6[Sacks] §r§a+205§r§e items§r§e.§r§8 (Last 30s.)
09:30:19 §6[Sacks] §r§a+8§r§e items§r§e.§r§8 (Last 5s.)
09:30:33 §6[Sacks] §r§a+18§r§e items§r§e.§r§8 (Last 13s.)
09:30:41 §6[Sacks] §r§a+19§r§e items§r§e.§r§8 (Last 7s.)
09:31:13 §6[Sacks] §r§a+202§r§e items§r§e.§r§8 (Last 30s.)
09:32:11 §6[Sacks] §r§a+96§r§e items§r§e.§r§8 (Last 30s.)
09:32:36 §6[Sacks] §r§a+143§r§e items§r§e.§r§8 (Last 18s.)
09:33:28 §6[Sacks] §r§a+49§r§e items§r§e.§r§8 (Last 22s.)
09:33:44 §6[Sacks] §r§a+26§r§e items§r§e.§r§8 (Last 15s.)
09:34:51 §6[Sacks] §r§a+18§r§e items§r§e.§r§8 (Last 8s.)
09:35:02 §6[Sacks] §r§a+23§r§e items§r§e.§r§8 (Last 10s.)
09:35:40 §6[Sacks] §r§a+19§r§e items§r§e.§r§8 (Last 13s.)
09:36:12 §6[Sacks] §r§a+17§r§e items§r§e.§r§8 (Last 10s.)
09:36:38 §6[Sacks] §r§a+168§r§e items§r§e.§r§8 (Last 25s.)
09:36:57 §6[Sacks] §r§a+22§r§e items§r§e.§r§8 (Last 12s.)
09:37:19 §6[Sacks] §r§a+28§r§e items§r§e.§r§8 (Last 19s.)
09:37:26 §6[Sacks] §r§a+129§r§e items§r§e.§r§8 (Last 5s.)
09:37:59 §6[Sacks] §r§a+43§r§e items§r§e.§r§8 (Last 25s.)
09:38:05 §6[Sacks] §r§a+4§r§e items§r§e.§r§8 (Last 5s.)
09:38:34 §6[Sacks] §r§a+164§r§e items§r§e.§r§8 (Last 20s.)
09:38:41 §6[Sacks] §r§a+4§r§e items§r§e.§r§8 (Last 5s.)
09:39:11 §6[Sacks] §r§a+29§r§e items§r§e.§r§8 (Last 23s.)
09:39:20 §6[Sacks] §r§a+7§r§e items§r§e.§r§8 (Last 7s.)
09:39:47 §6[Sacks] §r§a+174§r§e items§r§e.§r§8 (Last 20s.)
09:40:29 §6[Sacks] §r§a+87§r§e items§r§e.§r§8 (Last 30s.)
09:40:35 §6[Sacks] §r§a+133§r§e items§r§e.§r§8 (Last 5s.)
09:41:22 §6[Sacks] §r§a+11§r§e items§r§e.§r§8 (Last 10s.)
09:41:50 §6[Sacks] §r§a+4§r§e items§r§e.§r§8 (Last 5s.)
09:43:25 §6[Sacks] §r§a+2§r§e items§r§e.§r§8 (Last 5s.)
09:44:01 §6[Sacks] §r§a+6§r§e items§r§e.§r§8 (Last 5s.)
09:44:12 §6[Sacks] §r§a+2§r§e items§r§e.§r§8 (Last 5s.)
09:44:29 §6[Sacks] §r§a+5§r§e items§r§e.§r§8 (Last 5s.)
09:45:01 §6[Sacks] §r§a+5§r§e items§r§e.§r§8 (Last 10s.)
09:45:30 §6[Sacks] §r§a+2§r§e items§r§e.§r§8 (Last 5s.)
09:46:01 §6[Sacks] §r§a+4§r§e items§r§e.§r§8 (Last 5s.)
09:46:08 §6[Sacks] §r§a+5§r§e items§r§e.§r§8 (Last 5s.)
09:46:28 §6[Sacks] §r§a+4§r§e items§r§e.§r§8 (Last 5s.)
09:47:58 §6[Sacks] §r§a+194§r§e items§r§e.§r§8 (Last 30s.)
09:48:29 §6[Sacks] §r§a+71§r§e items§r§e.§r§8 (Last 30s.)
09:49:01 §6[Sacks] §r§a+59§r§e items§r§e.§r§8 (Last 30s.)
09:49:32 §6[Sacks] §r§a+67§r§e items§r§e.§r§8 (Last 30s.)
09:50:06 §6[Sacks] §r§a+76§r§e items§r§e.§r§8 (Last 30s.)
09:50:13 §6[Sacks] §r§a+4§r§e items§r§e.§r§8 (Last 5s.)
09:51:15 §6[Sacks] §r§a+61§r§e items§r§e.§r§8 (Last 30s.)
09:51:40 §6[Sacks] §r§a+35§r§e items§r§e.§r§8 (Last 21s.)
09:52:22 §6[Sacks] §r§a+93§r§e items§r§e.§r§8 (Last 30s.)
09:52:41 §6[Sacks] §r§a+11§r§e items§r§e.§r§8 (Last 14s.)
09:53:13 §6[Sacks] §r§a+226§r§e items§r§e.§r§8 (Last 30s.)
09:53:44 §6[Sacks] §r§a+67§r§e items§r§e.§r§8 (Last 30s.)
09:54:11 §6[Sacks] §r§a+131§r§e items§r§e.§r§8 (Last 25s.)
09:54:17 §6[Sacks] §r§a+1§r§e item§r§e.§r§8 (Last 5s.)
09:54:51 §6[Sacks] §r§a+352§r§e items§r§e, §r§c-1,130§r§e items§r§e.§r§8 (Last 30s.)
09:55:23 §6[Sacks] §r§a+138§r§e items§r§e.§r§8 (Last 30s.)
09:55:54 §6[Sacks] §r§a+271§r§e items§r§e.§r§8 (Last 30s.)
09:56:00 §6[Sacks] §r§a+14§r§e items§r§e.§r§8 (Last 5s.)
09:56:09 §6[Sacks] §r§a+34§r§e items§r§e.§r§8 (Last 8s.)
09:56:40 §6[Sacks] §r§a+295§r§e items§r§e.§r§8 (Last 30s.)
09:57:12 §6[Sacks] §r§a+315§r§e items§r§e, §r§c-1,270§r§e items§r§e.§r§8 (Last 30s.)
09:57:34 §6[Sacks] §r§a+84§r§e items§r§e.§r§8 (Last 21s.)
09:58:07 §6[Sacks] §r§a+155§r§e items§r§e.§r§8 (Last 30s.)
09:58:40 §6[Sacks] §r§a+118§r§e items§r§e.§r§8 (Last 30s.)
09:58:46 §6[Sacks] §r§a+3§r§e items§r§e.§r§8 (Last 5s.)
09:59:17 §6[Sacks] §r§a+225§r§e items§r§e, §r§c-399§r§e items§r§e.§r§8 (Last 30s.)
10:00:10 §6[Sacks] §r§a+6§r§e items§r§e.§r§8 (Last 5s.)
10:00:20 §6[Sacks] §r§a+4§r§e items§r§e.§r§8 (Last 5s.)
10:00:30 §6[Sacks] §r§a+2§r§e items§r§e.§r§8 (Last 5s.)
10:05:38 §6[Sacks] §r§a+56§r§e items§r§e.§r§8 (Last 5s.)
10:05:53 §6[Sacks] §r§a+56§r§e items§r§e.§r§8 (Last 5s.)
10:06:52 §6[Sacks] §r§a+656§r§e items§r§e.§r§8 (Last 20s.)
10:08:09 §6[Sacks] §r§a+64§r§e items§r§e.§r§8 (Last 7s.)
10:08:39 §6[Sacks] §r§a+222§r§e items§r§e.§r§8 (Last 5s.)
10:09:13 §6[Sacks] §r§a+252§r§e items§r§e.§r§8 (Last 30s.)
10:09:44 §6[Sacks] §r§a+802§r§e items§r§e.§r§8 (Last 30s.)
10:10:17 §6[Sacks] §r§a+259§r§e items§r§e.§r§8 (Last 30s.)
10:10:49 §6[Sacks] §r§a+573§r§e items§r§e.§r§8 (Last 30s.)
10:11:03 §6[Sacks] §r§a+45§r§e items§r§e.§r§8 (Last 11s.)
10:11:19 §6[Sacks] §r§a+55§r§e items§r§e.§r§8 (Last 12s.)
10:11:59 §6[Sacks] §r§a+28§r§e items§r§e.§r§8 (Last 8s.)
10:12:09 §6[Sacks] §r§a+51§r§e items§r§e.§r§8 (Last 8s.)
10:14:14 §6[Sacks] §r§a+18§r§e items§r§e.§r§8 (Last 5s.)
10:15:14 §6[Sacks] §r§a+428§r§e items§r§e.§r§8 (Last 18s.)
10:15:27 §6[Sacks] §r§a+25§r§e items§r§e.§r§8 (Last 5s.)
10:16:13 §6[Sacks] §r§a+1,426§r§e items§r§e.§r§8 (Last 30s.)
10:16:30 §6[Sacks] §r§a+667§r§e items§r§e.§r§8 (Last 16s.)
10:16:52 §6[Sacks] §r§a+101§r§e items§r§e.§r§8 (Last 9s.)
10:17:34 §6[Sacks] §r§c-863§r§e items§r§e.§r§8 (Last 5s.)
10:18:05 §6[Sacks] §r§a+28§r§e items§r§e.§r§8 (Last 5s.)
10:18:18 §6[Sacks] §r§a+2,816§r§e items§r§e, §r§c-4,224§r§e items§r§e.§r§8 (Last 12s.)
10:18:33 §6[Sacks] §r§a+123§r§e items§r§e, §r§c-245§r§e items§r§e.§r§8 (Last 13s.)
10:19:25 §6[Sacks] §r§a+134§r§e items§r§e.§r§8 (Last 5s.)
10:20:01 §6[Sacks] §r§a+30§r§e items§r§e.§r§8 (Last 5s.)
10:20:30 §6[Sacks] §r§c-1,472§r§e items§r§e.§r§8 (Last 5s.)
10:20:50 §6[Sacks] §r§a+301§r§e items§r§e, §r§c-9,810§r§e items§r§e.§r§8 (Last 15s.)
10:21:15 §6[Sacks] §r§a+56§r§e items§r§e.§r§8 (Last 5s.)
10:21:57 §6[Sacks] §r§a+725§r§e items§r§e.§r§8 (Last 18s.)
10:22:05 §6[Sacks] §r§a+117§r§e items§r§e.§r§8 (Last 7s.)
10:23:17 §6[Sacks] §r§c-577§r§e items§r§e.§r§8 (Last 5s.)
10:23:30 §6[Sacks] §r§a+572§r§e items§r§e.§r§8 (Last 5s.)
10:24:30 §6[Sacks] §r§a+30§r§e items§r§e.§r§8 (Last 5s.)
10:25:06 §6[Sacks] §r§a+428§r§e items§r§e, §r§c-1,160§r§e items§r§e.§r§8 (Last 20s.)
10:25:16 §6[Sacks] §r§a+27§r§e items§r§e.§r§8 (Last 7s.)
10:27:25 §6[Sacks] §r§a+106§r§e items§r§e.§r§8 (Last 5s.)
10:27:31 §6[Sacks] §r§a+82§r§e items§r§e.§r§8 (Last 5s.)
10:30:00 §6[Sacks] §r§a+23§r§e items§r§e.§r§8 (Last 5s.)
10:30:25 §6[Sacks] §r§a+96§r§e items§r§e.§r§8 (Last 14s.)
10:30:42 §6[Sacks] §r§a+41§r§e items§r§e.§r§8 (Last 11s.)
10:31:10 §6[Sacks] §r§a+75§r§e items§r§e.§r§8 (Last 20s.)
10:31:26 §6[Sacks] §r§a+39§r§e items§r§e.§r§8 (Last 11s.)
10:31:54 §6[Sacks] §r§a+95§r§e items§r§e.§r§8 (Last 24s.)
10:32:01 §6[Sacks] §r§a+15§r§e items§r§e.§r§8 (Last 5s.)
10:32:08 §6[Sacks] §r§a+12§r§e items§r§e.§r§8 (Last 5s.)
10:32:15 §6[Sacks] §r§a+16§r§e items§r§e.§r§8 (Last 5s.)
10:32:37 §6[Sacks] §r§a+63§r§e items§r§e.§r§8 (Last 16s.)
10:32:57 §6[Sacks] §r§a+60§r§e items§r§e.§r§8 (Last 14s.)
10:33:11 §6[Sacks] §r§a+9§r§e items§r§e.§r§8 (Last 5s.)
10:33:35 §6[Sacks] §r§a+69§r§e items§r§e.§r§8 (Last 12s.)
10:33:45 §6[Sacks] §r§a+15§r§e items§r§e.§r§8 (Last 5s.)
10:34:07 §6[Sacks] §r§a+134§r§e items§r§e.§r§8 (Last 15s.)
10:34:24 §6[Sacks] §r§a+684§r§e items§r§e.§r§8 (Last 5s.)
10:34:56 §6[Sacks] §r§a+1,255§r§e items§r§e.§r§8 (Last 30s.)
10:35:19 §6[Sacks] §r§a+27§r§e items§r§e.§r§8 (Last 6s.)
10:36:05 §6[Sacks] §r§a+35§r§e items§r§e.§r§8 (Last 5s.)
10:36:22 §6[Sacks] §r§a+127§r§e items§r§e.§r§8 (Last 9s.)
10:37:32 §6[Sacks] §r§a+61§r§e items§r§e.§r§8 (Last 14s.)
10:37:49 §6[Sacks] §r§a+133§r§e items§r§e.§r§8 (Last 8s.)
10:54:18 §6[Sacks] §r§a+1,453§r§e items§r§e.§r§8 (Last 30s.)
10:54:38 §6[Sacks] §r§a+731§r§e items§r§e.§r§8 (Last 19s.)
10:54:52 §6[Sacks] §r§a+31§r§e items§r§e.§r§8 (Last 6s.)
10:55:04 §6[Sacks] §r§a+24§r§e items§r§e.§r§8 (Last 7s.)
10:55:27 §6[Sacks] §r§a+556§r§e items§r§e.§r§8 (Last 21s.)
10:56:25 §6[Sacks] §r§a+1,638§r§e items§r§e.§r§8 (Last 30s.)
10:58:01 §6[Sacks] §r§a+1,459§r§e items§r§e.§r§8 (Last 30s.)
10:58:32 §6[Sacks] §r§a+1,796§r§e items§r§e.§r§8 (Last 30s.)
10:58:46 §6[Sacks] §r§a+1,556§r§e items§r§e.§r§8 (Last 13s.)
11:16:31 §6[Sacks] §r§a+252§r§e items§r§e.§r§8 (Last 12s.)
11:17:25 §6[Sacks] §r§a+865§r§e items§r§e.§r§8 (Last 24s.)
11:17:39 §6[Sacks] §r§a+120§r§e items§r§e.§r§8 (Last 11s.)
11:17:57 §6[Sacks] §r§a+432§r§e items§r§e.§r§8 (Last 15s.)
11:18:05 §6[Sacks] §r§a+19§r§e items§r§e.§r§8 (Last 7s.)
11:18:16 §6[Sacks] §r§a+50§r§e items§r§e.§r§8 (Last 7s.)
11:18:48 §6[Sacks] §r§a+1,444§r§e items§r§e.§r§8 (Last 30s.)
11:19:19 §6[Sacks] §r§a+1,494§r§e items§r§e.§r§8 (Last 30s.)
11:19:51 §6[Sacks] §r§a+2,340§r§e items§r§e.§r§8 (Last 30s.)
11:19:58 §6[Sacks] §r§a+40§r§e items§r§e.§r§8 (Last 6s.)
11:20:21 §6[Sacks] §r§a+840§r§e items§r§e.§r§8 (Last 22s.)
11:20:52 §6[Sacks] §r§a+1,917§r§e items§r§e.§r§8 (Last 29s.)
11:21:25 §6[Sacks] §r§a+171§r§e items§r§e.§r§8 (Last 30s.)
11:21:41 §6[Sacks] §r§a+113§r§e items§r§e.§r§8 (Last 14s.)
11:22:05 §6[Sacks] §r§a+108§r§e items§r§e.§r§8 (Last 6s.)
11:22:36 §6[Sacks] §r§a+236§r§e items§r§e.§r§8 (Last 30s.)
11:23:06 §6[Sacks] §r§a+504§r§e items§r§e.§r§8 (Last 30s.)
11:23:22 §6[Sacks] §r§a+78§r§e items§r§e.§r§8 (Last 9s.)
11:23:28 §6[Sacks] §r§a+15§r§e items§r§e.§r§8 (Last 5s.)
11:23:35 §6[Sacks] §r§a+15§r§e items§r§e.§r§8 (Last 5s.)
11:23:53 §6[Sacks] §r§a+545§r§e items§r§e.§r§8 (Last 16s.)
11:24:26 §6[Sacks] §r§a+115§r§e items§r§e.§r§8 (Last 30s.)
11:24:34 §6[Sacks] §r§a+9§r§e items§r§e.§r§8 (Last 5s.)
11:24:55 §6[Sacks] §r§a+83§r§e items§r§e.§r§8 (Last 18s.)
11:25:09 §6[Sacks] §r§a+23§r§e items§r§e.§r§8 (Last 5s.)
11:27:12 §6[Sacks] §r§a+788§r§e items§r§e.§r§8 (Last 5s.)
11:27:31 §6[Sacks] §r§a+88§r§e items§r§e.§r§8 (Last 16s.)
11:27:49 §6[Sacks] §r§a+60§r§e items§r§e.§r§8 (Last 17s.)
11:28:25 §6[Sacks] §r§a+884§r§e items§r§e.§r§8 (Last 30s.)
11:28:39 §6[Sacks] §r§a+522§r§e items§r§e.§r§8 (Last 14s.)
11:29:28 §6[Sacks] §r§a+1,329§r§e items§r§e.§r§8 (Last 30s.)
11:29:40 §6[Sacks] §r§a+178§r§e items§r§e.§r§8 (Last 11s.)
11:38:50 §6[Sacks] §r§a+40§r§e items§r§e.§r§8 (Last 9s.)
11:39:52 §6[Sacks] §r§a+1§r§e item§r§e.§r§8 (Last 5s.)
11:40:06 §6[Sacks] §r§a+32§r§e items§r§e.§r§8 (Last 5s.)
11:40:23 §6[Sacks] §r§a+91§r§e items§r§e.§r§8 (Last 14s.)
11:40:35 §6[Sacks] §r§a+1§r§e item§r§e.§r§8 (Last 5s.)
11:40:49 §6[Sacks] §r§a+17§r§e items§r§e.§r§8 (Last 9s.)
11:41:06 §6[Sacks] §r§a+1§r§e item§r§e.§r§8 (Last 5s.)
11:41:26 §6[Sacks] §r§a+17§r§e items§r§e.§r§8 (Last 7s.)
11:41:34 §6[Sacks] §r§a+393§r§e items§r§e.§r§8 (Last 6s.)
11:41:45 §6[Sacks] §r§a+1§r§e item§r§e.§r§8 (Last 5s.)
11:42:07 §6[Sacks] §r§a+297§r§e items§r§e.§r§8 (Last 20s.)
11:42:54 §6[Sacks] §r§a+1§r§e item§r§e.§r§8 (Last 5s.)
11:43:02 §6[Sacks] §r§a+41§r§e items§r§e.§r§8 (Last 5s.)
11:43:13 §6[Sacks] §r§a+25§r§e items§r§e.§r§8 (Last 6s.)
11:43:43 §6[Sacks] §r§a+609§r§e items§r§e.§r§8 (Last 21s.)
11:44:06 §6[Sacks] §r§a+255§r§e items§r§e.§r§8 (Last 19s.)
11:44:16 §6[Sacks] §r§a+1§r§e item§r§e.§r§8 (Last 5s.)
11:44:36 §6[Sacks] §r§a+93§r§e items§r§e.§r§8 (Last 11s.)
11:44:47 §6[Sacks] §r§a+117§r§e items§r§e.§r§8 (Last 10s.)
11:45:01 §6[Sacks] §r§a+1§r§e item§r§e.§r§8 (Last 5s.)
11:45:13 §6[Sacks] §r§a+1§r§e item§r§e.§r§8 (Last 5s.)
11:45:24 §6[Sacks] §r§a+1§r§e item§r§e.§r§8 (Last 5s.)
11:45:32 §6[Sacks] §r§a+55§r§e items§r§e.§r§8 (Last 7s.)
11:45:38 §6[Sacks] §r§a+1§r§e item§r§e.§r§8 (Last 5s.)
11:45:50 §6[Sacks] §r§a+67§r§e items§r§e.§r§8 (Last 6s.)
11:46:02 §6[Sacks] §r§a+1§r§e item§r§e.§r§8 (Last 5s.)
11:46:09 §6[Sacks] §r§a+1§r§e item§r§e.§r§8 (Last 5s.)
11:46:20 §6[Sacks] §r§a+7§r§e items§r§e.§r§8 (Last 6s.)
11:46:32 §6[Sacks] §r§a+1§r§e item§r§e.§r§8 (Last 5s.)
11:46:45 §6[Sacks] §r§a+1§r§e item§r§e.§r§8 (Last 5s.)
11:46:54 §6[Sacks] §r§a+1§r§e item§r§e.§r§8 (Last 5s.)
11:47:04 §6[Sacks] §r§a+16§r§e items§r§e.§r§8 (Last 5s.)
11:47:16 §6[Sacks] §r§a+13§r§e items§r§e.§r§8 (Last 11s.)
11:47:22 §6[Sacks] §r§a+82§r§e items§r§e.§r§8 (Last 5s.)
11:47:44 §6[Sacks] §r§a+210§r§e items§r§e.§r§8 (Last 18s.)
11:48:05 §6[Sacks] §r§a+273§r§e items§r§e.§r§8 (Last 12s.)
11:48:20 §6[Sacks] §r§a+8§r§e items§r§e.§r§8 (Last 5s.)
11:48:26 §6[Sacks] §r§a+1§r§e item§r§e.§r§8 (Last 5s.)
11:48:46 §6[Sacks] §r§a+14§r§e items§r§e.§r§8 (Last 6s.)
11:49:13 §6[Sacks] §r§a+138§r§e items§r§e.§r§8 (Last 15s.)
11:49:33 §6[Sacks] §r§a+209§r§e items§r§e.§r§8 (Last 13s.)
11:49:39 §6[Sacks] §r§a+88§r§e items§r§e.§r§8 (Last 5s.)
11:49:47 §6[Sacks] §r§a+24§r§e items§r§e.§r§8 (Last 5s.)
11:50:05 §6[Sacks] §r§a+1§r§e item§r§e.§r§8 (Last 5s.)
11:50:19 §6[Sacks] §r§a+7§r§e items§r§e.§r§8 (Last 7s.)
11:50:30 §6[Sacks] §r§a+21§r§e items§r§e.§r§8 (Last 6s.)
11:50:49 §6[Sacks] §r§a+212§r§e items§r§e.§r§8 (Last 12s.)
11:50:59 §6[Sacks] §r§a+120§r§e items§r§e.§r§8 (Last 8s.)
11:51:14 §6[Sacks] §r§a+73§r§e items§r§e.§r§8 (Last 9s.)
11:51:28 §6[Sacks] §r§a+48§r§e items§r§e.§r§8 (Last 5s.)
11:51:49 §6[Sacks] §r§a+9§r§e items§r§e.§r§8 (Last 13s.)
11:51:55 §6[Sacks] §r§a+24§r§e items§r§e.§r§8 (Last 5s.)
11:52:06 §6[Sacks] §r§a+31§r§e items§r§e.§r§8 (Last 7s.)
11:52:20 §6[Sacks] §r§a+403§r§e items§r§e.§r§8 (Last 11s.)
11:52:31 §6[Sacks] §r§a+1§r§e item§r§e.§r§8 (Last 5s.)
11:52:43 §6[Sacks] §r§a+73§r§e items§r§e.§r§8 (Last 11s.)
11:52:58 §6[Sacks] §r§a+92§r§e items§r§e.§r§8 (Last 13s.)
11:53:06 §6[Sacks] §r§a+34§r§e items§r§e.§r§8 (Last 5s.)
11:53:14 §6[Sacks] §r§a+1§r§e item§r§e.§r§8 (Last 5s.)
11:53:20 §6[Sacks] §r§a+17§r§e items§r§e.§r§8 (Last 5s.)
11:53:28 §6[Sacks] §r§a+1§r§e item§r§e.§r§8 (Last 5s.)
11:53:39 §6[Sacks] §r§a+40§r§e items§r§e.§r§8 (Last 5s.)
11:53:55 §6[Sacks] §r§a+167§r§e items§r§e.§r§8 (Last 11s.)
11:54:02 §6[Sacks] §r§a+72§r§e items§r§e.§r§8 (Last 5s.)
11:54:24 §6[Sacks] §r§a+15§r§e items§r§e.§r§8 (Last 6s.)
11:54:46 §6[Sacks] §r§a+1§r§e item§r§e.§r§8 (Last 5s.)
11:54:56 §6[Sacks] §r§a+8§r§e items§r§e.§r§8 (Last 8s.)
11:55:07 §6[Sacks] §r§a+9§r§e items§r§e.§r§8 (Last 8s.)
11:55:24 §6[Sacks] §r§a+52§r§e items§r§e.§r§8 (Last 6s.)
11:55:33 §6[Sacks] §r§a+1§r§e item§r§e.§r§8 (Last 5s.)
11:56:00 §6[Sacks] §r§a+310§r§e items§r§e.§r§8 (Last 25s.)
11:56:21 §6[Sacks] §r§a+426§r§e items§r§e.§r§8 (Last 19s.)
11:56:32 §6[Sacks] §r§a+197§r§e items§r§e.§r§8 (Last 8s.)
11:56:38 §6[Sacks] §r§a+1§r§e item§r§e.§r§8 (Last 5s.)
11:56:50 §6[Sacks] §r§a+1§r§e item§r§e.§r§8 (Last 5s.)
11:57:03 §6[Sacks] §r§a+49§r§e items§r§e.§r§8 (Last 12s.)
11:57:16 §6[Sacks] §r§a+1§r§e item§r§e.§r§8 (Last 5s.)
11:57:41 §6[Sacks] §r§a+139§r§e items§r§e.§r§8 (Last 10s.)
11:57:49 §6[Sacks] §r§a+17§r§e items§r§e.§r§8 (Last 5s.)
11:57:58 §6[Sacks] §r§a+16§r§e items§r§e.§r§8 (Last 5s.)
11:58:28 §6[Sacks] §r§a+101§r§e items§r§e.§r§8 (Last 23s.)
11:58:41 §6[Sacks] §r§a+44§r§e items§r§e.§r§8 (Last 9s.)
11:59:08 §6[Sacks] §r§a+189§r§e items§r§e.§r§8 (Last 20s.)
12:00:53 §6[Sacks] §r§a+42§r§e items§r§e.§r§8 (Last 5s.)
12:00:59 §6[Sacks] §r§a+46§r§e items§r§e.§r§8 (Last 5s.)
12:01:13 §6[Sacks] §r§a+16§r§e items§r§e.§r§8 (Last 5s.)
12:01:43 §6[Sacks] §r§a+1§r§e item§r§e.§r§8 (Last 5s.)
12:01:56 §6[Sacks] §r§a+24§r§e items§r§e.§r§8 (Last 5s.)
12:04:03 §6[Sacks] §r§a+280§r§e items§r§e.§r§8 (Last 15s.)
12:04:09 §6[Sacks] §r§a+25§r§e items§r§e.§r§8 (Last 5s.)
12:04:48 §6[Sacks] §r§a+19§r§e items§r§e.§r§8 (Last 8s.)
12:05:04 §6[Sacks] §r§a+702§r§e items§r§e.§r§8 (Last 15s.)
12:05:12 §6[Sacks] §r§a+1§r§e item§r§e.§r§8 (Last 5s.)
12:05:39 §6[Sacks] §r§a+388§r§e items§r§e.§r§8 (Last 21s.)
12:05:56 §6[Sacks] §r§a+17§r§e items§r§e.§r§8 (Last 15s.)
12:06:08 §6[Sacks] §r§a+424§r§e items§r§e.§r§8 (Last 11s.)
12:06:25 §6[Sacks] §r§a+40§r§e items§r§e.§r§8 (Last 5s.)
12:06:43 §6[Sacks] §r§a+48§r§e items§r§e.§r§8 (Last 5s.)
12:06:52 §6[Sacks] §r§a+1§r§e item§r§e.§r§8 (Last 5s.)
12:07:04 §6[Sacks] §r§a+1§r§e item§r§e.§r§8 (Last 5s.)
12:07:13 §6[Sacks] §r§a+1§r§e item§r§e.§r§8 (Last 5s.)
12:07:25 §6[Sacks] §r§a+72§r§e items§r§e.§r§8 (Last 6s.)
12:07:47 §6[Sacks] §r§a+61§r§e items§r§e.§r§8 (Last 16s.)
12:08:07 §6[Sacks] §r§a+16§r§e items§r§e.§r§8 (Last 11s.)
12:08:24 §6[Sacks] §r§a+120§r§e items§r§e.§r§8 (Last 15s.)
12:08:30 §6[Sacks] §r§a+8§r§e items§r§e.§r§8 (Last 5s.)
12:09:10 §6[Sacks] §r§a+145§r§e items§r§e.§r§8 (Last 14s.)
12:09:39 §6[Sacks] §r§a+466§r§e items§r§e.§r§8 (Last 26s.)
12:09:50 §6[Sacks] §r§a+32§r§e items§r§e.§r§8 (Last 5s.)
12:10:36 §6[Sacks] §r§a+68§r§e items§r§e.§r§8 (Last 5s.)
12:10:45 §6[Sacks] §r§a+45§r§e items§r§e.§r§8 (Last 5s.)
12:11:06 §6[Sacks] §r§a+13§r§e items§r§e.§r§8 (Last 10s.)
12:11:17 §6[Sacks] §r§a+75§r§e items§r§e.§r§8 (Last 10s.)
12:11:31 §6[Sacks] §r§a+372§r§e items§r§e.§r§8 (Last 9s.)
12:11:45 §6[Sacks] §r§a+92§r§e items§r§e.§r§8 (Last 12s.)
12:11:59 §6[Sacks] §r§a+255§r§e items§r§e.§r§8 (Last 9s.)
12:12:13 §6[Sacks] §r§a+20§r§e items§r§e.§r§8 (Last 9s.)
12:12:24 §6[Sacks] §r§a+123§r§e items§r§e.§r§8 (Last 9s.)
12:12:31 §6[Sacks] §r§a+28§r§e items§r§e.§r§8 (Last 6s.)
12:13:08 §6[Sacks] §r§a+42§r§e items§r§e.§r§8 (Last 5s.)
12:13:16 §6[Sacks] §r§a+1§r§e item§r§e.§r§8 (Last 5s.)
12:13:23 §6[Sacks] §r§a+24§r§e items§r§e.§r§8 (Last 5s.)
12:13:32 §6[Sacks] §r§a+24§r§e items§r§e.§r§8 (Last 5s.)
12:13:39 §6[Sacks] §r§a+1§r§e item§r§e.§r§8 (Last 5s.)
12:13:48 §6[Sacks] §r§a+9§r§e items§r§e.§r§8 (Last 9s.)
12:14:08 §6[Sacks] §r§a+78§r§e items§r§e.§r§8 (Last 13s.)
12:14:21 §6[Sacks] §r§a+4§r§e items§r§e.§r§8 (Last 10s.)
12:14:30 §6[Sacks] §r§a+1§r§e item§r§e.§r§8 (Last 5s.)
12:14:47 §6[Sacks] §r§a+210§r§e items§r§e.§r§8 (Last 16s.)
12:14:59 §6[Sacks] §r§a+97§r§e items§r§e.§r§8 (Last 6s.)
12:15:09 §6[Sacks] §r§a+83§r§e items§r§e.§r§8 (Last 8s.)
12:15:17 §6[Sacks] §r§a+261§r§e items§r§e.§r§8 (Last 7s.)
12:15:26 §6[Sacks] §r§a+1§r§e item§r§e.§r§8 (Last 5s.)
12:15:37 §6[Sacks] §r§a+32§r§e items§r§e.§r§8 (Last 5s.)
12:16:37 §6[Sacks] §r§a+44§r§e items§r§e.§r§8 (Last 5s.)
12:17:09 §6[Sacks] §r§a+158§r§e items§r§e.§r§8 (Last 19s.)
12:17:22 §6[Sacks] §r§a+36§r§e items§r§e.§r§8 (Last 7s.)
12:17:36 §6[Sacks] §r§a+49§r§e items§r§e.§r§8 (Last 12s.)
12:17:42 §6[Sacks] §r§a+30§r§e items§r§e.§r§8 (Last 5s.)
12:17:52 §6[Sacks] §r§a+79§r§e items§r§e.§r§8 (Last 8s.)
12:18:03 §6[Sacks] §r§a+23§r§e items§r§e.§r§8 (Last 7s.)
12:18:14 §6[Sacks] §r§a+174§r§e items§r§e.§r§8 (Last 9s.)
12:18:26 §6[Sacks] §r§a+1§r§e item§r§e.§r§8 (Last 5s.)
12:18:38 §6[Sacks] §r§a+48§r§e items§r§e.§r§8 (Last 5s.)
12:18:48 §6[Sacks] §r§a+90§r§e items§r§e.§r§8 (Last 7s.)
12:18:56 §6[Sacks] §r§a+17§r§e items§r§e.§r§8 (Last 5s.)
12:19:07 §6[Sacks] §r§a+1§r§e item§r§e.§r§8 (Last 5s.)
12:19:19 §6[Sacks] §r§a+1§r§e item§r§e.§r§8 (Last 5s.)
12:19:30 §6[Sacks] §r§a+355§r§e items§r§e.§r§8 (Last 5s.)
12:19:41 §6[Sacks] §r§a+1§r§e item§r§e.§r§8 (Last 5s.)
12:20:32 §6[Sacks] §r§a+25§r§e items§r§e.§r§8 (Last 8s.)
12:20:42 §6[Sacks] §r§a+53§r§e items§r§e.§r§8 (Last 7s.)
12:20:57 §6[Sacks] §r§a+1§r§e item§r§e.§r§8 (Last 5s.)
12:21:11 §6[Sacks] §r§a+67§r§e items§r§e.§r§8 (Last 12s.)
12:22:06 §6[Sacks] §r§a+1§r§e item§r§e.§r§8 (Last 5s.)
12:22:24 §6[Sacks] §r§a+70§r§e items§r§e.§r§8 (Last 10s.)
12:22:42 §6[Sacks] §r§a+27§r§e items§r§e.§r§8 (Last 16s.)
12:23:03 §6[Sacks] §r§a+1§r§e item§r§e.§r§8 (Last 5s.)
12:23:15 §6[Sacks] §r§a+5§r§e items§r§e.§r§8 (Last 9s.)
12:23:28 §6[Sacks] §r§a+353§r§e items§r§e.§r§8 (Last 7s.)
12:23:53 §6[Sacks] §r§a+237§r§e items§r§e.§r§8 (Last 23s.)
12:24:06 §6[Sacks] §r§a+74§r§e items§r§e.§r§8 (Last 9s.)
12:24:18 §6[Sacks] §r§a+25§r§e items§r§e.§r§8 (Last 7s.)
12:24:33 §6[Sacks] §r§a+64§r§e items§r§e.§r§8 (Last 5s.)
12:24:49 §6[Sacks] §r§a+1§r§e item§r§e.§r§8 (Last 5s.)
12:25:00 §6[Sacks] §r§a+1§r§e item§r§e.§r§8 (Last 5s.)
12:25:15 §6[Sacks] §r§a+7§r§e items§r§e.§r§8 (Last 6s.)
12:25:28 §6[Sacks] §r§a+1§r§e item§r§e.§r§8 (Last 5s.)
12:25:46 §6[Sacks] §r§a+52§r§e items§r§e.§r§8 (Last 7s.)
12:25:56 §6[Sacks] §r§a+1§r§e item§r§e.§r§8 (Last 5s.)
12:26:03 §6[Sacks] §r§a+1§r§e item§r§e.§r§8 (Last 5s.)
12:26:12 §6[Sacks] §r§a+57§r§e items§r§e.§r§8 (Last 5s.)
12:35:47 §6[Sacks] §r§a+106§r§e items§r§e.§r§8 (Last 13s.)
12:36:10 §6[Sacks] §r§a+75§r§e items§r§e.§r§8 (Last 18s.)
12:36:22 §6[Sacks] §r§a+71§r§e items§r§e.§r§8 (Last 6s.)
12:36:33 §6[Sacks] §r§a+25§r§e items§r§e.§r§8 (Last 6s.)
12:36:48 §6[Sacks] §r§a+51§r§e items§r§e.§r§8 (Last 12s.)
12:36:55 §6[Sacks] §r§a+1§r§e item§r§e.§r§8 (Last 5s.)
12:37:05 §6[Sacks] §r§a+1§r§e item§r§e.§r§8 (Last 5s.)
12:37:14 §6[Sacks] §r§a+17§r§e items§r§e.§r§8 (Last 5s.)
12:37:27 §6[Sacks] §r§a+9§r§e items§r§e.§r§8 (Last 9s.)
12:37:34 §6[Sacks] §r§a+1§r§e item§r§e.§r§8 (Last 5s.)
12:37:48 §6[Sacks] §r§a+33§r§e items§r§e.§r§8 (Last 6s.)
12:37:57 §6[Sacks] §r§a+32§r§e items§r§e.§r§8 (Last 5s.)
12:38:10 §6[Sacks] §r§a+327§r§e items§r§e.§r§8 (Last 11s.)
12:38:20 §6[Sacks] §r§a+19§r§e items§r§e.§r§8 (Last 6s.)
12:38:30 §6[Sacks] §r§a+1§r§e item§r§e.§r§8 (Last 5s.)
12:38:39 §6[Sacks] §r§a+16§r§e items§r§e.§r§8 (Last 5s.)
12:38:49 §6[Sacks] §r§a+97§r§e items§r§e.§r§8 (Last 7s.)
12:38:58 §6[Sacks] §r§a+24§r§e items§r§e.§r§8 (Last 5s.)
12:39:11 §6[Sacks] §r§a+2§r§e items§r§e.§r§8 (Last 9s.)
12:39:19 §6[Sacks] §r§a+33§r§e items§r§e.§r§8 (Last 6s.)
12:39:26 §6[Sacks] §r§a+1§r§e item§r§e.§r§8 (Last 5s.)
12:39:36 §6[Sacks] §r§a+25§r§e items§r§e.§r§8 (Last 6s.)
12:40:18 §6[Sacks] §r§a+154§r§e items§r§e.§r§8 (Last 14s.)
12:40:52 §6[Sacks] §r§a+373§r§e items§r§e.§r§8 (Last 26s.)
12:41:00 §6[Sacks] §r§a+1§r§e item§r§e.§r§8 (Last 5s.)
12:41:07 §6[Sacks] §r§a+16§r§e items§r§e.§r§8 (Last 5s.)
12:41:26 §6[Sacks] §r§a+60§r§e items§r§e.§r§8 (Last 11s.)
12:41:34 §6[Sacks] §r§a+1§r§e item§r§e.§r§8 (Last 5s.)
12:41:45 §6[Sacks] §r§a+1§r§e item§r§e.§r§8 (Last 5s.)
12:41:54 §6[Sacks] §r§a+1§r§e item§r§e.§r§8 (Last 5s.)
12:42:04 §6[Sacks] §r§a+44§r§e items§r§e.§r§8 (Last 5s.)
12:42:11 §6[Sacks] §r§a+9§r§e items§r§e.§r§8 (Last 5s.)
12:42:20 §6[Sacks] §r§a+1§r§e item§r§e.§r§8 (Last 5s.)
12:42:30 §6[Sacks] §r§a+153§r§e items§r§e.§r§8 (Last 9s.)
12:42:46 §6[Sacks] §r§a+197§r§e items§r§e.§r§8 (Last 12s.)
12:42:54 §6[Sacks] §r§a+1§r§e item§r§e.§r§8 (Last 5s.)
12:43:05 §6[Sacks] §r§a+102§r§e items§r§e.§r§8 (Last 7s.)
12:43:15 §6[Sacks] §r§a+1§r§e item§r§e.§r§8 (Last 5s.)
12:43:24 §6[Sacks] §r§a+1§r§e item§r§e.§r§8 (Last 5s.)
12:43:34 §6[Sacks] §r§a+1§r§e item§r§e.§r§8 (Last 5s.)
12:43:49 §6[Sacks] §r§a+14§r§e items§r§e.§r§8 (Last 12s.)
12:43:57 §6[Sacks] §r§a+1§r§e item§r§e.§r§8 (Last 5s.)
12:44:09 §6[Sacks] §r§a+332§r§e items§r§e.§r§8 (Last 9s.)
12:44:21 §6[Sacks] §r§a+40§r§e items§r§e.§r§8 (Last 7s.)
12:45:19 §6[Sacks] §r§a+1§r§e item§r§e.§r§8 (Last 5s.)
12:45:41 §6[Sacks] §r§a+48§r§e items§r§e.§r§8 (Last 9s.)
12:45:59 §6[Sacks] §r§a+144§r§e items§r§e.§r§8 (Last 14s.)
12:46:10 §6[Sacks] §r§a+1§r§e item§r§e.§r§8 (Last 5s.)
12:46:21 §6[Sacks] §r§a+1§r§e item§r§e.§r§8 (Last 5s.)
12:46:37 §6[Sacks] §r§a+538§r§e items§r§e.§r§8 (Last 10s.)
12:46:52 §6[Sacks] §r§a+31§r§e items§r§e.§r§8 (Last 11s.)
12:47:06 §6[Sacks] §r§a+11§r§e items§r§e.§r§8 (Last 9s.)
12:47:36 §6[Sacks] §r§a+48§r§e items§r§e.§r§8 (Last 5s.)
12:47:48 §6[Sacks] §r§a+1§r§e item§r§e.§r§8 (Last 5s.)
12:48:00 §6[Sacks] §r§a+1§r§e item§r§e.§r§8 (Last 5s.)
12:48:09 §6[Sacks] §r§a+40§r§e items§r§e.§r§8 (Last 5s.)
12:48:15 §6[Sacks] §r§a+1§r§e item§r§e.§r§8 (Last 5s.)
12:48:25 §6[Sacks] §r§a+1§r§e item§r§e.§r§8 (Last 5s.)
12:48:36 §6[Sacks] §r§a+1§r§e item§r§e.§r§8 (Last 5s.)
12:48:47 §6[Sacks] §r§a+1§r§e item§r§e.§r§8 (Last 5s.)
12:49:17 §6[Sacks] §r§a+40§r§e items§r§e.§r§8 (Last 5s.)
12:49:28 §6[Sacks] §r§a+4§r§e items§r§e.§r§8 (Last 6s.)
12:49:41 §6[Sacks] §r§a+1§r§e item§r§e.§r§8 (Last 5s.)
12:49:50 §6[Sacks] §r§a+221§r§e items§r§e.§r§8 (Last 7s.)
12:50:12 §6[Sacks] §r§a+103§r§e items§r§e.§r§8 (Last 12s.)
12:50:46 §6[Sacks] §r§a+611§r§e items§r§e.§r§8 (Last 30s.)
12:51:07 §6[Sacks] §r§a+218§r§e items§r§e.§r§8 (Last 18s.)
12:51:27 §6[Sacks] §r§a+8§r§e items§r§e.§r§8 (Last 9s.)
12:51:34 §6[Sacks] §r§a+48§r§e items§r§e.§r§8 (Last 5s.)
12:52:19 §6[Sacks] §r§a+35§r§e items§r§e, §r§c-20,160§r§e items§r§e.§r§8 (Last 28s.)
12:53:13 §6[Sacks] §r§a+379§r§e items§r§e, §r§c-379§r§e items§r§e.§r§8 (Last 9s.)
12:56:21 §6[Sacks] §r§a+1,205§r§e items§r§e.§r§8 (Last 30s.)
12:56:33 §6[Sacks] §r§a+176§r§e items§r§e.§r§8 (Last 11s.)
12:57:05 §6[Sacks] §r§a+2,111§r§e items§r§e.§r§8 (Last 30s.)
12:57:14 §6[Sacks] §r§a+203§r§e items§r§e.§r§8 (Last 8s.)
12:57:34 §6[Sacks] §r§a+150§r§e items§r§e.§r§8 (Last 12s.)
12:58:07 §6[Sacks] §r§a+1,293§r§e items§r§e.§r§8 (Last 30s.)
12:58:14 §6[Sacks] §r§a+123§r§e items§r§e.§r§8 (Last 6s.)
12:58:45 §6[Sacks] §r§a+1,981§r§e items§r§e.§r§8 (Last 30s.)
12:59:17 §6[Sacks] §r§a+2,308§r§e items§r§e.§r§8 (Last 30s.)
12:59:48 §6[Sacks] §r§a+1,166§r§e items§r§e.§r§8 (Last 30s.)
12:59:57 §6[Sacks] §r§a+24§r§e items§r§e.§r§8 (Last 5s.)
13:01:27 §6[Sacks] §r§a+434§r§e items§r§e.§r§8 (Last 23s.)
13:01:56 §6[Sacks] §r§a+1,365§r§e items§r§e.§r§8 (Last 26s.)
13:04:01 §6[Sacks] §r§a+1,109§r§e items§r§e.§r§8 (Last 30s.)
13:04:33 §6[Sacks] §r§a+1,496§r§e items§r§e.§r§8 (Last 30s.)
13:05:03 §6[Sacks] §r§a+2,339§r§e items§r§e.§r§8 (Last 30s.)
13:05:34 §6[Sacks] §r§a+1,450§r§e items§r§e.§r§8 (Last 30s.)
13:06:05 §6[Sacks] §r§a+2,418§r§e items§r§e.§r§8 (Last 30s.)
13:06:36 §6[Sacks] §r§a+1,515§r§e items§r§e.§r§8 (Last 30s.)
13:06:44 §6[Sacks] §r§a+55§r§e items§r§e.§r§8 (Last 7s.)
13:07:16 §6[Sacks] §r§a+244§r§e items§r§e.§r§8 (Last 16s.)
13:07:41 §6[Sacks] §r§a+529§r§e items§r§e.§r§8 (Last 23s.)
13:07:54 §6[Sacks] §r§a+5§r§e items§r§e.§r§8 (Last 9s.)
13:08:01 §6[Sacks] §r§a+50§r§e items§r§e.§r§8 (Last 5s.)
13:08:59 §6[Sacks] §r§a+1§r§e item§r§e.§r§8 (Last 5s.)
13:09:09 §6[Sacks] §r§a+1§r§e item§r§e.§r§8 (Last 5s.)
13:09:27 §6[Sacks] §r§a+310§r§e items§r§e.§r§8 (Last 11s.)
13:09:35 §6[Sacks] §r§a+1§r§e item§r§e.§r§8 (Last 5s.)
13:09:44 §6[Sacks] §r§a+9§r§e items§r§e.§r§8 (Last 5s.)
13:09:53 §6[Sacks] §r§a+7§r§e items§r§e.§r§8 (Last 5s.)
13:10:27 §6[Sacks] §r§a+746§r§e items§r§e.§r§8 (Last 30s.)
13:10:33 §6[Sacks] §r§a+11§r§e items§r§e.§r§8 (Last 5s.)
13:10:46 §6[Sacks] §r§a+1§r§e item§r§e.§r§8 (Last 5s.)
13:10:58 §6[Sacks] §r§a+80§r§e items§r§e.§r§8 (Last 5s.)
13:11:19 §6[Sacks] §r§a+63§r§e items§r§e.§r§8 (Last 13s.)
13:11:28 §6[Sacks] §r§a+1§r§e item§r§e.§r§8 (Last 5s.)
13:11:35 §6[Sacks] §r§a+1§r§e item§r§e.§r§8 (Last 5s.)
13:11:41 §6[Sacks] §r§a+247§r§e items§r§e.§r§8 (Last 5s.)
13:11:49 §6[Sacks] §r§a+41§r§e items§r§e.§r§8 (Last 6s.)
13:12:02 §6[Sacks] §r§a+1§r§e item§r§e.§r§8 (Last 5s.)
13:12:10 §6[Sacks] §r§a+16§r§e items§r§e.§r§8 (Last 5s.)
13:12:23 §6[Sacks] §r§a+6§r§e items§r§e.§r§8 (Last 12s.)
13:12:29 §6[Sacks] §r§a+41§r§e items§r§e.§r§8 (Last 5s.)
13:12:44 §6[Sacks] §r§a+95§r§e items§r§e.§r§8 (Last 12s.)
13:12:51 §6[Sacks] §r§a+1§r§e item§r§e.§r§8 (Last 5s.)
13:13:24 §6[Sacks] §r§a+553§r§e items§r§e, §r§c-20,519§r§e items§r§e.§r§8 (Last 25s.)
13:15:36 §6[Sacks] §r§a+93§r§e items§r§e.§r§8 (Last 8s.)
13:15:51 §6[Sacks] §r§a+27§r§e items§r§e.§r§8 (Last 5s.)
13:17:36 §6[Sacks] §r§a+444§r§e items§r§e.§r§8 (Last 16s.)
13:17:44 §6[Sacks] §r§a+24§r§e items§r§e.§r§8 (Last 5s.)
13:18:18 §6[Sacks] §r§a+1,178§r§e items§r§e.§r§8 (Last 26s.)
13:18:54 §6[Sacks] §r§a+1,599§r§e items§r§e.§r§8 (Last 30s.)
13:19:27 §6[Sacks] §r§a+3,040§r§e items§r§e.§r§8 (Last 30s.)
13:19:59 §6[Sacks] §r§a+1,598§r§e items§r§e.§r§8 (Last 30s.)
13:20:24 §6[Sacks] §r§a+337§r§e items§r§e.§r§8 (Last 16s.)
13:20:37 §6[Sacks] §r§a+332§r§e items§r§e.§r§8 (Last 10s.)
13:21:09 §6[Sacks] §r§a+2,893§r§e items§r§e.§r§8 (Last 30s.)
13:21:23 §6[Sacks] §r§a+619§r§e items§r§e.§r§8 (Last 12s.)
13:21:54 §6[Sacks] §r§a+1,982§r§e items§r§e.§r§8 (Last 30s.)
13:22:20 §6[Sacks] §r§a+1,269§r§e items§r§e.§r§8 (Last 19s.)
13:22:58 §6[Sacks] §r§a+2,147§r§e items§r§e.§r§8 (Last 30s.)
13:23:23 §6[Sacks] §r§a+1,528§r§e items§r§e.§r§8 (Last 24s.)
13:23:40 §6[Sacks] §r§a+57§r§e items§r§e.§r§8 (Last 13s.)
13:24:34 §6[Sacks] §r§a+1,152§r§e items§r§e, §r§c-1,312§r§e items§r§e.§r§8 (Last 13s.)
13:26:08 §6[Sacks] §r§a+896§r§e items§r§e, §r§c-1,792§r§e items§r§e.§r§8 (Last 9s.)
13:26:40 §6[Sacks] §r§a+275§r§e items§r§e, §r§c-4,189§r§e items§r§e.§r§8 (Last 14s.)
13:27:17 §6[Sacks] §r§a+246§r§e items§r§e, §r§c-198§r§e items§r§e.§r§8 (Last 10s.)
13:27:34 §6[Sacks] §r§a+197§r§e items§r§e.§r§8 (Last 5s.)
13:29:24 §6[Sacks] §r§c-1,408§r§e items§r§e.§r§8 (Last 5s.)
13:29:48 §6[Sacks] §r§a+373§r§e items§r§e, §r§c-16,920§r§e items§r§e.§r§8 (Last 17s.)
13:29:55 §6[Sacks] §r§a+130§r§e items§r§e.§r§8 (Last 5s.)
13:30:32 §6[Sacks] §r§a+445§r§e items§r§e.§r§8 (Last 5s.)
13:30:48 §6[Sacks] §r§a+30§r§e items§r§e.§r§8 (Last 8s.)
13:31:20 §6[Sacks] §r§a+1,027§r§e items§r§e.§r§8 (Last 30s.)
13:31:36 §6[Sacks] §r§a+458§r§e items§r§e.§r§8 (Last 15s.)
13:31:50 §6[Sacks] §r§a+968§r§e items§r§e.§r§8 (Last 13s.)
13:31:58 §6[Sacks] §r§a+28§r§e items§r§e.§r§8 (Last 5s.)
13:38:37 §6[Sacks] §r§a+489§r§e items§r§e.§r§8 (Last 15s.)
13:39:08 §6[Sacks] §r§a+2,039§r§e items§r§e.§r§8 (Last 30s.)
13:39:24 §6[Sacks] §r§a+883§r§e items§r§e.§r§8 (Last 14s.)
13:40:14 §6[Sacks] §r§a+1,574§r§e items§r§e.§r§8 (Last 30s.)
13:40:36 §6[Sacks] §r§a+1,312§r§e items§r§e.§r§8 (Last 20s.)
13:41:03 §6[Sacks] §r§a+510§r§e items§r§e.§r§8 (Last 5s.)
13:41:24 §6[Sacks] §r§a+30§r§e items§r§e.§r§8 (Last 5s.)
13:41:42 §6[Sacks] §r§a+589§r§e items§r§e.§r§8 (Last 16s.)
13:46:28 §6[Sacks] §r§a+2,100§r§e items§r§e.§r§8 (Last 30s.)
13:46:39 §6[Sacks] §r§a+367§r§e items§r§e.§r§8 (Last 10s.)
13:47:10 §6[Sacks] §r§a+2,533§r§e items§r§e.§r§8 (Last 30s.)
13:47:42 §6[Sacks] §r§a+2,315§r§e items§r§e.§r§8 (Last 30s.)
13:47:50 §6[Sacks] §r§a+238§r§e items§r§e.§r§8 (Last 8s.)
13:48:10 §6[Sacks] §r§a+927§r§e items§r§e.§r§8 (Last 17s.)
13:48:47 §6[Sacks] §r§a+2,240§r§e items§r§e.§r§8 (Last 30s.)
13:48:56 §6[Sacks] §r§a+649§r§e items§r§e.§r§8 (Last 8s.)
13:49:06 §6[Sacks] §r§a+275§r§e items§r§e.§r§8 (Last 9s.)
13:49:20 §6[Sacks] §r§a+414§r§e items§r§e.§r§8 (Last 11s.)
13:49:29 §6[Sacks] §r§a+65§r§e items§r§e.§r§8 (Last 8s.)
13:49:37 §6[Sacks] §r§a+1§r§e item§r§e.§r§8 (Last 5s.)
13:49:59 §6[Sacks] §r§a+159§r§e items§r§e.§r§8 (Last 15s.)
13:50:06 §6[Sacks] §r§a+1§r§e item§r§e.§r§8 (Last 5s.)
13:50:15 §6[Sacks] §r§a+36§r§e items§r§e.§r§8 (Last 7s.)
13:50:22 §6[Sacks] §r§a+16§r§e items§r§e.§r§8 (Last 5s.)
13:50:36 §6[Sacks] §r§a+80§r§e items§r§e.§r§8 (Last 10s.)
13:51:01 §6[Sacks] §r§a+267§r§e items§r§e.§r§8 (Last 19s.)
14:11:54 §6[Sacks] §r§a+14§r§e items§r§e, §r§c-7,744§r§e items§r§e.§r§8 (Last 9s.)
14:12:11 §6[Sacks] §r§a+505§r§e items§r§e, §r§c-12,416§r§e items§r§e.§r§8 (Last 13s.)
14:12:17 §6[Sacks] §r§c-173§r§e items§r§e.§r§8 (Last 5s.)
17:31:07 §6[Sacks] §r§a+1,907§r§e items§r§e.§r§8 (Last 30s.)
17:31:18 §6[Sacks] §r§a+354§r§e items§r§e.§r§8 (Last 10s.)
17:31:52 §6[Sacks] §r§a+1,212§r§e items§r§e.§r§8 (Last 18s.)
17:32:24 §6[Sacks] §r§a+2,323§r§e items§r§e.§r§8 (Last 30s.)
17:32:44 §6[Sacks] §r§a+1,223§r§e items§r§e.§r§8 (Last 19s.)
17:32:51 §6[Sacks] §r§a+2§r§e items§r§e, §r§c-1,280§r§e items§r§e.§r§8 (Last 5s.)
17:33:26 §6[Sacks] §r§a+1,998§r§e items§r§e.§r§8 (Last 30s.)
17:33:58 §6[Sacks] §r§a+2,591§r§e items§r§e.§r§8 (Last 30s.)
17:34:30 §6[Sacks] §r§a+1,799§r§e items§r§e.§r§8 (Last 30s.)
17:34:51 §6[Sacks] §r§a+1,089§r§e items§r§e.§r§8 (Last 19s.)
17:35:16 §6[Sacks] §r§a+1,404§r§e items§r§e.§r§8 (Last 22s.)
17:35:47 §6[Sacks] §r§a+1,444§r§e items§r§e.§r§8 (Last 30s.)
17:36:13 §6[Sacks] §r§a+1,091§r§e items§r§e.§r§8 (Last 22s.)
17:37:21 §6[Sacks] §r§a+1,221§r§e items§r§e.§r§8 (Last 30s.)
17:37:53 §6[Sacks] §r§a+1,927§r§e items§r§e.§r§8 (Last 30s.)
17:38:11 §6[Sacks] §r§a+119§r§e items§r§e.§r§8 (Last 7s.)
17:38:35 §6[Sacks] §r§a+1,447§r§e items§r§e.§r§8 (Last 23s.)
17:39:18 §6[Sacks] §r§a+1§r§e item§r§e.§r§8 (Last 5s.)
17:39:32 §6[Sacks] §r§a+64§r§e items§r§e.§r§8 (Last 5s.)
17:39:41 §6[Sacks] §r§a+16§r§e items§r§e.§r§8 (Last 8s.)
17:39:51 §6[Sacks] §r§a+193§r§e items§r§e.§r§8 (Last 9s.)
17:40:00 §6[Sacks] §r§a+1§r§e item§r§e.§r§8 (Last 5s.)
17:40:32 §6[Sacks] §r§a+449§r§e items§r§e, §r§c-20,201§r§e items§r§e.§r§8 (Last 26s.)
17:41:04 §6[Sacks] §r§a+1,686§r§e items§r§e.§r§8 (Last 30s.)
17:41:10 §6[Sacks] §r§a+81§r§e items§r§e.§r§8 (Last 5s.)
17:41:41 §6[Sacks] §r§a+2,057§r§e items§r§e.§r§8 (Last 30s.)
17:42:12 §6[Sacks] §r§a+2,040§r§e items§r§e.§r§8 (Last 30s.)
17:42:43 §6[Sacks] §r§a+2,595§r§e items§r§e.§r§8 (Last 30s.)
17:43:15 §6[Sacks] §r§a+1,734§r§e items§r§e.§r§8 (Last 30s.)
17:43:33 §6[Sacks] §r§a+779§r§e items§r§e.§r§8 (Last 17s.)
17:43:45 §6[Sacks] §r§a+316§r§e items§r§e.§r§8 (Last 11s.)
17:44:18 §6[Sacks] §r§a+2,000§r§e items§r§e.§r§8 (Last 30s.)
17:44:54 §6[Sacks] §r§a+1,728§r§e items§r§e.§r§8 (Last 30s.)
17:45:01 §6[Sacks] §r§a+100§r§e items§r§e.§r§8 (Last 6s.)
17:45:32 §6[Sacks] §r§a+2,019§r§e items§r§e.§r§8 (Last 30s.)
17:46:17 §6[Sacks] §r§a+1,337§r§e items§r§e.§r§8 (Last 27s.)
17:46:48 §6[Sacks] §r§a+1,874§r§e items§r§e.§r§8 (Last 30s.)
17:47:16 §6[Sacks] §r§a+1,669§r§e items§r§e.§r§8 (Last 27s.)
17:47:25 §6[Sacks] §r§a+1§r§e item§r§e.§r§8 (Last 5s.)
17:47:36 §6[Sacks] §r§a+40§r§e items§r§e.§r§8 (Last 5s.)
17:47:49 §6[Sacks] §r§a+144§r§e items§r§e.§r§8 (Last 5s.)
17:48:08 §6[Sacks] §r§a+82§r§e items§r§e.§r§8 (Last 14s.)
17:48:18 §6[Sacks] §r§a+48§r§e items§r§e.§r§8 (Last 5s.)
17:48:56 §6[Sacks] §r§a+148§r§e items§r§e.§r§8 (Last 28s.)
17:49:28 §6[Sacks] §r§a+1,005§r§e items§r§e.§r§8 (Last 30s.)
17:49:55 §6[Sacks] §r§a+596§r§e items§r§e.§r§8 (Last 22s.)
17:50:06 §6[Sacks] §r§a+144§r§e items§r§e.§r§8 (Last 9s.)
17:50:29 §6[Sacks] §r§a+49§r§e items§r§e.§r§8 (Last 9s.)
17:50:38 §6[Sacks] §r§a+9§r§e items§r§e.§r§8 (Last 7s.)
17:51:08 §6[Sacks] §r§a+792§r§e items§r§e.§r§8 (Last 26s.)
17:51:24 §6[Sacks] §r§a+29§r§e items§r§e.§r§8 (Last 15s.)
17:51:30 §6[Sacks] §r§a+16§r§e items§r§e.§r§8 (Last 5s.)
17:52:13 §6[Sacks] §r§a+45§r§e items§r§e.§r§8 (Last 5s.)
17:52:19 §6[Sacks] §r§a+1§r§e item§r§e.§r§8 (Last 5s.)
17:52:30 §6[Sacks] §r§a+6§r§e items§r§e.§r§8 (Last 7s.)
17:52:52 §6[Sacks] §r§a+23§r§e items§r§e.§r§8 (Last 16s.)
17:52:59 §6[Sacks] §r§a+1§r§e item§r§e.§r§8 (Last 5s.)
17:53:50 §6[Sacks] §r§a+205§r§e items§r§e.§r§8 (Last 11s.)
17:54:03 §6[Sacks] §r§a+49§r§e items§r§e.§r§8 (Last 6s.)
17:54:11 §6[Sacks] §r§a+1§r§e item§r§e.§r§8 (Last 5s.)
17:54:19 §6[Sacks] §r§a+1§r§e item§r§e.§r§8 (Last 5s.)
17:54:28 §6[Sacks] §r§a+1§r§e item§r§e.§r§8 (Last 5s.)
17:54:40 §6[Sacks] §r§a+76§r§e items§r§e.§r§8 (Last 10s.)
17:54:52 §6[Sacks] §r§a+49§r§e items§r§e.§r§8 (Last 7s.)
17:55:12 §6[Sacks] §r§a+42§r§e items§r§e.§r§8 (Last 15s.)
17:55:19 §6[Sacks] §r§a+13§r§e items§r§e.§r§8 (Last 6s.)
17:55:25 §6[Sacks] §r§a+1§r§e item§r§e.§r§8 (Last 5s.)
17:55:33 §6[Sacks] §r§a+49§r§e items§r§e.§r§8 (Last 5s.)
17:55:44 §6[Sacks] §r§a+176§r§e items§r§e.§r§8 (Last 7s.)
17:56:00 §6[Sacks] §r§a+203§r§e items§r§e.§r§8 (Last 14s.)
17:56:32 §6[Sacks] §r§a+225§r§e items§r§e.§r§8 (Last 29s.)
17:56:45 §6[Sacks] §r§a+141§r§e items§r§e.§r§8 (Last 10s.)
17:57:09 §6[Sacks] §r§a+667§r§e items§r§e.§r§8 (Last 21s.)
17:57:24 §6[Sacks] §r§a+74§r§e items§r§e.§r§8 (Last 12s.)
17:57:31 §6[Sacks] §r§a+1§r§e item§r§e.§r§8 (Last 5s.)
17:58:07 §6[Sacks] §r§a+66§r§e items§r§e.§r§8 (Last 17s.)
17:58:26 §6[Sacks] §r§a+304§r§e items§r§e.§r§8 (Last 17s.)
17:58:59 §6[Sacks] §r§a+665§r§e items§r§e.§r§8 (Last 28s.)
18:49:09 §6[Sacks] §r§a+1,003§r§e items§r§e.§r§8 (Last 5s.)
18:49:29 §6[Sacks] §r§a+8§r§e items§r§e.§r§8 (Last 5s.)
18:51:22 §6[Sacks] §r§a+35§r§e items§r§e, §r§c-20,160§r§e items§r§e.§r§8 (Last 16s.)
18:52:24 §6[Sacks] §r§c-165§r§e items§r§e.§r§8 (Last 5s.)
18:52:35 §6[Sacks] §r§a+355§r§e items§r§e.§r§8 (Last 5s.)
19:33:14 §6[Sacks] §r§a+888§r§e items§r§e.§r§8 (Last 18s.)
19:34:22 §6[Sacks] §r§a+226§r§e items§r§e.§r§8 (Last 28s.)
19:35:24 §6[Sacks] §r§a+15§r§e items§r§e.§r§8 (Last 5s.)
19:35:34 §6[Sacks] §r§a+402§r§e items§r§e.§r§8 (Last 5s.)
19:35:59 §6[Sacks] §r§a+23§r§e items§r§e.§r§8 (Last 5s.)
19:36:34 §6[Sacks] §r§a+8§r§e items§r§e.§r§8 (Last 5s.)
19:36:43 §6[Sacks] §r§a+23§r§e items§r§e.§r§8 (Last 5s.)
19:36:52 §6[Sacks] §r§a+1§r§e item§r§e.§r§8 (Last 5s.)
19:37:51 §6[Sacks] §r§a+2§r§e items§r§e.§r§8 (Last 5s.)
19:38:46 §6[Sacks] §r§a+1§r§e item§r§e.§r§8 (Last 5s.)
19:39:46 §6[Sacks] §r§a+2§r§e items§r§e.§r§8 (Last 8s.)
19:41:34 §6[Sacks] §r§a+1,496§r§e items§r§e.§r§8 (Last 30s.)
19:42:05 §6[Sacks] §r§a+2,259§r§e items§r§e.§r§8 (Last 30s.)
19:42:37 §6[Sacks] §r§a+1,577§r§e items§r§e.§r§8 (Last 30s.)
19:43:19 §6[Sacks] §r§a+13§r§e items§r§e.§r§8 (Last 5s.)
19:44:00 §6[Sacks] §r§a+1,840§r§e items§r§e.§r§8 (Last 30s.)
19:44:16 §6[Sacks] §r§a+473§r§e items§r§e.§r§8 (Last 16s.)
19:44:31 §6[Sacks] §r§a+32§r§e items§r§e.§r§8 (Last 10s.)
19:45:03 §6[Sacks] §r§a+454§r§e items§r§e.§r§8 (Last 30s.)
19:45:20 §6[Sacks] §r§a+424§r§e items§r§e.§r§8 (Last 14s.)
19:45:56 §6[Sacks] §r§a+1,891§r§e items§r§e.§r§8 (Last 30s.)
19:46:03 §6[Sacks] §r§a+79§r§e items§r§e.§r§8 (Last 6s.)
19:46:21 §6[Sacks] §r§a+96§r§e items§r§e.§r§8 (Last 5s.)
19:46:54 §6[Sacks] §r§a+15§r§e items§r§e.§r§8 (Last 5s.)
19:47:09 §6[Sacks] §r§a+27§r§e items§r§e.§r§8 (Last 10s.)
19:48:25 §6[Sacks] §r§a+38§r§e items§r§e.§r§8 (Last 10s.)
19:49:13 §6[Sacks] §r§a+32§r§e items§r§e.§r§8 (Last 5s.)
19:49:25 §6[Sacks] §r§a+23§r§e items§r§e.§r§8 (Last 5s.)
19:49:31 §6[Sacks] §r§a+23§r§e items§r§e.§r§8 (Last 5s.)
19:49:39 §6[Sacks] §r§a+23§r§e items§r§e.§r§8 (Last 5s.)
19:49:46 §6[Sacks] §r§a+12§r§e items§r§e.§r§8 (Last 5s.)
19:50:24 §6[Sacks] §r§a+23§r§e items§r§e.§r§8 (Last 5s.)
19:50:30 §6[Sacks] §r§a+20§r§e items§r§e.§r§8 (Last 5s.)
19:50:47 §6[Sacks] §r§a+15§r§e items§r§e.§r§8 (Last 5s.)
19:51:18 §6[Sacks] §r§a+23§r§e items§r§e.§r§8 (Last 5s.)
19:51:37 §6[Sacks] §r§a+23§r§e items§r§e.§r§8 (Last 5s.)
19:52:11 §6[Sacks] §r§a+23§r§e items§r§e.§r§8 (Last 5s.)
19:52:18 §6[Sacks] §r§a+15§r§e items§r§e.§r§8 (Last 5s.)
19:53:00 §6[Sacks] §r§a+963§r§e items§r§e.§r§8 (Last 30s.)
19:53:14 §6[Sacks] §r§a+30§r§e items§r§e.§r§8 (Last 10s.)
19:53:34 §6[Sacks] §r§a+30§r§e items§r§e.§r§8 (Last 10s.)
19:53:44 §6[Sacks] §r§a+23§r§e items§r§e.§r§8 (Last 5s.)
19:53:56 §6[Sacks] §r§a+38§r§e items§r§e.§r§8 (Last 9s.)
19:54:18 §6[Sacks] §r§a+554§r§e items§r§e.§r§8 (Last 8s.)
19:54:33 §6[Sacks] §r§a+15§r§e items§r§e.§r§8 (Last 5s.)
19:54:39 §6[Sacks] §r§a+32§r§e items§r§e.§r§8 (Last 5s.)
19:55:07 §6[Sacks] §r§a+15§r§e items§r§e.§r§8 (Last 5s.)
19:55:32 §6[Sacks] §r§a+23§r§e items§r§e.§r§8 (Last 5s.)
19:55:38 §6[Sacks] §r§a+503§r§e items§r§e.§r§8 (Last 5s.)
19:55:50 §6[Sacks] §r§a+15§r§e items§r§e.§r§8 (Last 5s.)
19:56:46 §6[Sacks] §r§a+574§r§e items§r§e.§r§8 (Last 5s.)
19:56:59 §6[Sacks] §r§a+23§r§e items§r§e.§r§8 (Last 5s.)
19:58:07 §6[Sacks] §r§a+1,205§r§e items§r§e.§r§8 (Last 30s.)
19:58:42 §6[Sacks] §r§a+1,402§r§e items§r§e.§r§8 (Last 30s.)
19:59:01 §6[Sacks] §r§a+594§r§e items§r§e.§r§8 (Last 16s.)
19:59:35 §6[Sacks] §r§a+1,511§r§e items§r§e.§r§8 (Last 30s.)
20:00:07 §6[Sacks] §r§a+1,505§r§e items§r§e.§r§8 (Last 30s.)
20:00:38 §6[Sacks] §r§a+1,258§r§e items§r§e.§r§8 (Last 30s.)
20:01:03 §6[Sacks] §r§a+687§r§e items§r§e.§r§8 (Last 23s.)
20:01:13 §6[Sacks] §r§a+1§r§e item§r§e.§r§8 (Last 5s.)
20:01:32 §6[Sacks] §r§a+41§r§e items§r§e.§r§8 (Last 10s.)
20:01:39 §6[Sacks] §r§a+6§r§e items§r§e.§r§8 (Last 5s.)
20:01:52 §6[Sacks] §r§a+33§r§e items§r§e.§r§8 (Last 7s.)
20:02:13 §6[Sacks] §r§a+401§r§e items§r§e.§r§8 (Last 18s.)
20:02:31 §6[Sacks] §r§a+96§r§e items§r§e.§r§8 (Last 10s.)
20:02:45 §6[Sacks] §r§a+1§r§e item§r§e.§r§8 (Last 5s.)
20:03:08 §6[Sacks] §r§a+1§r§e item§r§e.§r§8 (Last 5s.)
20:03:17 §6[Sacks] §r§a+56§r§e items§r§e.§r§8 (Last 5s.)
20:03:25 §6[Sacks] §r§a+1§r§e item§r§e.§r§8 (Last 5s.)
20:03:50 §6[Sacks] §r§a+16§r§e items§r§e.§r§8 (Last 8s.)
20:03:56 §6[Sacks] §r§a+8§r§e items§r§e.§r§8 (Last 5s.)
20:04:09 §6[Sacks] §r§a+9§r§e items§r§e.§r§8 (Last 7s.)
20:04:21 §6[Sacks] §r§a+1§r§e item§r§e.§r§8 (Last 5s.)
20:05:57 §6[Sacks] §r§a+441§r§e items§r§e, §r§c-21,632§r§e items§r§e.§r§8 (Last 16s.)
20:06:17 §6[Sacks] §r§a+117§r§e items§r§e, §r§c-18,688§r§e items§r§e.§r§8 (Last 17s.)
20:07:28 §6[Sacks] §r§a+149§r§e items§r§e.§r§8 (Last 6s.)
20:07:40 §6[Sacks] §r§a+8§r§e items§r§e.§r§8 (Last 11s.)
20:15:32 §6[Sacks] §r§a+846§r§e items§r§e.§r§8 (Last 30s.)
20:15:41 §6[Sacks] §r§a+170§r§e items§r§e.§r§8 (Last 8s.)
20:16:01 §6[Sacks] §r§a+44§r§e items§r§e.§r§8 (Last 6s.)
20:16:28 §6[Sacks] §r§a+315§r§e items§r§e.§r§8 (Last 25s.)
20:17:42 §6[Sacks] §r§a+201§r§e items§r§e.§r§8 (Last 12s.)
20:18:14 §6[Sacks] §r§a+1,147§r§e items§r§e.§r§8 (Last 30s.)
20:18:26 §6[Sacks] §r§a+393§r§e items§r§e.§r§8 (Last 11s.)
20:19:20 §6[Sacks] §r§a+211§r§e items§r§e.§r§8 (Last 16s.)
20:19:41 §6[Sacks] §r§a+315§r§e items§r§e.§r§8 (Last 14s.)
20:21:41 §6[Sacks] §r§a+23§r§e items§r§e.§r§8 (Last 5s.)
20:22:18 §6[Sacks] §r§a+20§r§e items§r§e.§r§8 (Last 7s.)
20:22:36 §6[Sacks] §r§a+8§r§e items§r§e.§r§8 (Last 6s.)
20:22:43 §6[Sacks] §r§a+4§r§e items§r§e.§r§8 (Last 5s.)
20:23:15 §6[Sacks] §r§a+16§r§e items§r§e.§r§8 (Last 11s.)
20:23:44 §6[Sacks] §r§a+8§r§e items§r§e.§r§8 (Last 15s.)
20:24:27 §6[Sacks] §r§a+27§r§e items§r§e.§r§8 (Last 24s.)
20:24:41 §6[Sacks] §r§a+1§r§e item§r§e.§r§8 (Last 5s.)
20:25:00 §6[Sacks] §r§a+28§r§e items§r§e.§r§8 (Last 14s.)
20:25:07 §6[Sacks] §r§a+2§r§e items§r§e.§r§8 (Last 5s.)
20:25:16 §6[Sacks] §r§a+14§r§e items§r§e.§r§8 (Last 7s.)
20:25:28 §6[Sacks] §r§a+10§r§e items§r§e.§r§8 (Last 10s.)
20:25:41 §6[Sacks] §r§a+2§r§e items§r§e.§r§8 (Last 5s.)
20:26:23 §6[Sacks] §r§a+88§r§e items§r§e.§r§8 (Last 5s.)
20:26:43 §6[Sacks] §r§a+277§r§e items§r§e.§r§8 (Last 13s.)
20:28:34 §6[Sacks] §r§a+38§r§e items§r§e.§r§8 (Last 9s.)
20:29:07 §6[Sacks] §r§a+884§r§e items§r§e.§r§8 (Last 30s.)
20:29:19 §6[Sacks] §r§a+213§r§e items§r§e.§r§8 (Last 11s.)
20:30:23 §6[Sacks] §r§a+15§r§e items§r§e.§r§8 (Last 5s.)
20:30:36 §6[Sacks] §r§a+16§r§e items§r§e.§r§8 (Last 5s.)
20:31:21 §6[Sacks] §r§a+623§r§e items§r§e.§r§8 (Last 30s.)
20:31:28 §6[Sacks] §r§a+68§r§e items§r§e.§r§8 (Last 6s.)
20:31:51 §6[Sacks] §r§a+20§r§e items§r§e.§r§8 (Last 5s.)
20:33:05 §6[Sacks] §r§a+27§r§e items§r§e.§r§8 (Last 5s.)
20:33:38 §6[Sacks] §r§a+38§r§e items§r§e.§r§8 (Last 5s.)
20:33:50 §6[Sacks] §r§a+12§r§e items§r§e.§r§8 (Last 5s.)
20:33:58 §6[Sacks] §r§a+23§r§e items§r§e.§r§8 (Last 5s.)
20:34:13 §6[Sacks] §r§a+101§r§e items§r§e.§r§8 (Last 13s.)
20:34:27 §6[Sacks] §r§a+222§r§e items§r§e.§r§8 (Last 13s.)
20:35:22 §6[Sacks] §r§a+47§r§e items§r§e.§r§8 (Last 7s.)
20:37:28 §6[Sacks] §r§a+771§r§e items§r§e.§r§8 (Last 30s.)
20:38:00 §6[Sacks] §r§a+1,155§r§e items§r§e.§r§8 (Last 30s.)
20:38:14 §6[Sacks] §r§a+286§r§e items§r§e.§r§8 (Last 11s.)
20:38:51 §6[Sacks] §r§a+622§r§e items§r§e.§r§8 (Last 30s.)
20:39:23 §6[Sacks] §r§a+18§r§e items§r§e.§r§8 (Last 6s.)
20:39:29 §6[Sacks] §r§a+1§r§e item§r§e.§r§8 (Last 5s.)
20:39:38 §6[Sacks] §r§a+2§r§e items§r§e.§r§8 (Last 5s.)
20:39:56 §6[Sacks] §r§a+1§r§e item§r§e.§r§8 (Last 5s.)
20:40:04 §6[Sacks] §r§a+1§r§e item§r§e.§r§8 (Last 5s.)
20:40:10 §6[Sacks] §r§a+22§r§e items§r§e.§r§8 (Last 5s.)
20:40:34 §6[Sacks] §r§a+14§r§e items§r§e.§r§8 (Last 7s.)
20:40:46 §6[Sacks] §r§a+7§r§e items§r§e.§r§8 (Last 11s.)
20:40:56 §6[Sacks] §r§a+15§r§e items§r§e.§r§8 (Last 5s.)
20:41:23 §6[Sacks] §r§a+22§r§e items§r§e.§r§8 (Last 16s.)
20:41:43 §6[Sacks] §r§a+50§r§e items§r§e.§r§8 (Last 19s.)
20:41:53 §6[Sacks] §r§a+5§r§e items§r§e.§r§8 (Last 9s.)
20:42:11 §6[Sacks] §r§a+18§r§e items§r§e.§r§8 (Last 14s.)
20:42:17 §6[Sacks] §r§a+1§r§e item§r§e.§r§8 (Last 5s.)
20:42:40 §6[Sacks] §r§a+24§r§e items§r§e.§r§8 (Last 17s.)
20:43:17 §6[Sacks] §r§a+15§r§e items§r§e.§r§8 (Last 19s.)
20:43:57 §6[Sacks] §r§a+62§r§e items§r§e.§r§8 (Last 13s.)
20:44:31 §6[Sacks] §r§a+16§r§e items§r§e.§r§8 (Last 5s.)
20:45:32 §6[Sacks] §r§a+6§r§e items§r§e.§r§8 (Last 9s.)
20:46:04 §6[Sacks] §r§a+56§r§e items§r§e.§r§8 (Last 30s.)
20:46:23 §6[Sacks] §r§a+27§r§e items§r§e.§r§8 (Last 18s.)
20:47:06 §6[Sacks] §r§a+37§r§e items§r§e.§r§8 (Last 16s.)
20:47:38 §6[Sacks] §r§a+74§r§e items§r§e.§r§8 (Last 30s.)
20:48:07 §6[Sacks] §r§a+10§r§e items§r§e.§r§8 (Last 6s.)
20:48:38 §6[Sacks] §r§a+71§r§e items§r§e.§r§8 (Last 30s.)
20:49:10 §6[Sacks] §r§a+73§r§e items§r§e.§r§8 (Last 30s.)
