06:12:51 §f                  §7You have §33 §7materials stashed away!
06:12:51 §f               §8(This totals 1 type of material stashed!)
06:12:51 §f                §3§l>>> §3§lCLICK HERE§b to pick them up! §3§l<<<
06:13:52 §f                  §7You have §33 §7materials stashed away!
06:13:52 §f               §8(This totals 1 type of material stashed!)
06:13:52 §f                §3§l>>> §3§lCLICK HERE§b to pick them up! §3§l<<<
06:14:00 §f                  §7You have §33 §7materials stashed away!
06:14:00 §f               §8(This totals 1 type of material stashed!)
06:14:00 §f                §3§l>>> §3§lCLICK HERE§b to pick them up! §3§l<<<
06:15:00 §f                  §7You have §33 §7materials stashed away!
06:15:00 §f               §8(This totals 1 type of material stashed!)
06:15:00 §f                §3§l>>> §3§lCLICK HERE§b to pick them up! §3§l<<<
06:16:00 §f                  §7You have §33 §7materials stashed away!
06:16:00 §f               §8(This totals 1 type of material stashed!)
06:16:00 §f                §3§l>>> §3§lCLICK HERE§b to pick them up! §3§l<<<
06:17:00 §f                  §7You have §33 §7materials stashed away!
06:17:00 §f               §8(This totals 1 type of material stashed!)
06:17:00 §f                §3§l>>> §3§lCLICK HERE§b to pick them up! §3§l<<<
06:17:54 §f                  §7You have §33 §7materials stashed away!
06:17:54 §f               §8(This totals 1 type of material stashed!)
06:17:54 §f                §3§l>>> §3§lCLICK HERE§b to pick them up! §3§l<<<
06:19:10 §f                  §7You have §33 §7materials stashed away!
06:19:10 §f               §8(This totals 1 type of material stashed!)
06:19:10 §f                §3§l>>> §3§lCLICK HERE§b to pick them up! §3§l<<<
06:20:10 §f                  §7You have §33 §7materials stashed away!
06:20:10 §f               §8(This totals 1 type of material stashed!)
06:20:10 §f                §3§l>>> §3§lCLICK HERE§b to pick them up! §3§l<<<
06:21:10 §f                  §7You have §33 §7materials stashed away!
06:21:10 §f               §8(This totals 1 type of material stashed!)
06:21:10 §f                §3§l>>> §3§lCLICK HERE§b to pick them up! §3§l<<<
06:22:10 §f                  §7You have §33 §7materials stashed away!
06:22:10 §f               §8(This totals 1 type of material stashed!)
06:22:10 §f                §3§l>>> §3§lCLICK HERE§b to pick them up! §3§l<<<
06:23:11 §f                  §7You have §33 §7materials stashed away!
06:23:11 §f               §8(This totals 1 type of material stashed!)
06:23:11 §f                §3§l>>> §3§lCLICK HERE§b to pick them up! §3§l<<<
06:24:11 §f                  §7You have §33 §7materials stashed away!
06:24:11 §f               §8(This totals 1 type of material stashed!)
06:24:11 §f                §3§l>>> §3§lCLICK HERE§b to pick them up! §3§l<<<
06:25:11 §f                  §7You have §33 §7materials stashed away!
06:25:11 §f               §8(This totals 1 type of material stashed!)
06:25:11 §f                §3§l>>> §3§lCLICK HERE§b to pick them up! §3§l<<<
06:26:12 §f                  §7You have §33 §7materials stashed away!
06:26:12 §f               §8(This totals 1 type of material stashed!)
06:26:12 §f                §3§l>>> §3§lCLICK HERE§b to pick them up! §3§l<<<
06:27:12 §f                  §7You have §33 §7materials stashed away!
06:27:12 §f               §8(This totals 1 type of material stashed!)
06:27:12 §f                §3§l>>> §3§lCLICK HERE§b to pick them up! §3§l<<<
06:28:12 §f                  §7You have §33 §7materials stashed away!
06:28:12 §f               §8(This totals 1 type of material stashed!)
06:28:12 §f                §3§l>>> §3§lCLICK HERE§b to pick them up! §3§l<<<
06:29:12 §f                  §7You have §33 §7materials stashed away!
06:29:12 §f               §8(This totals 1 type of material stashed!)
06:29:12 §f                §3§l>>> §3§lCLICK HERE§b to pick them up! §3§l<<<
06:30:12 §f                  §7You have §33 §7materials stashed away!
06:30:12 §f               §8(This totals 1 type of material stashed!)
06:30:12 §f                §3§l>>> §3§lCLICK HERE§b to pick them up! §3§l<<<
06:31:13 §f                  §7You have §33 §7materials stashed away!
06:31:13 §f               §8(This totals 1 type of material stashed!)
06:31:13 §f                §3§l>>> §3§lCLICK HERE§b to pick them up! §3§l<<<
06:32:13 §f                  §7You have §33 §7materials stashed away!
06:32:13 §f               §8(This totals 1 type of material stashed!)
06:32:13 §f                §3§l>>> §3§lCLICK HERE§b to pick them up! §3§l<<<
06:33:13 §f                  §7You have §33 §7materials stashed away!
06:33:13 §f               §8(This totals 1 type of material stashed!)
06:33:13 §f                §3§l>>> §3§lCLICK HERE§b to pick them up! §3§l<<<
06:34:13 §f                  §7You have §33 §7materials stashed away!
06:34:13 §f               §8(This totals 1 type of material stashed!)
06:34:13 §f                §3§l>>> §3§lCLICK HERE§b to pick them up! §3§l<<<
06:35:13 §f                  §7You have §33 §7materials stashed away!
06:35:13 §f               §8(This totals 1 type of material stashed!)
06:35:13 §f                §3§l>>> §3§lCLICK HERE§b to pick them up! §3§l<<<
06:36:14 §f                  §7You have §33 §7materials stashed away!
06:36:14 §f               §8(This totals 1 type of material stashed!)
06:36:14 §f                §3§l>>> §3§lCLICK HERE§b to pick them up! §3§l<<<
06:37:31 §f                  §7You have §33 §7materials stashed away!
06:37:31 §f               §8(This totals 1 type of material stashed!)
06:37:32 §f                §3§l>>> §3§lCLICK HERE§b to pick them up! §3§l<<<
07:07:06 §f                §7You have §31,936 §7materials stashed away!
07:07:06 §f               §8(This totals 1 type of material stashed!)
07:07:06 §f                §3§l>>> §3§lCLICK HERE§b to pick them up! §3§l<<<
07:07:50 §f                §7You have §32,097 §7materials stashed away!
07:07:50 §f               §8(This totals 1 type of material stashed!)
07:07:50 §f                §3§l>>> §3§lCLICK HERE§b to pick them up! §3§l<<<
07:08:23 §f                §7You have §32,097 §7materials stashed away!
07:08:23 §f               §8(This totals 1 type of material stashed!)
07:08:23 §f                §3§l>>> §3§lCLICK HERE§b to pick them up! §3§l<<<
07:09:19 §f                §7You have §32,097 §7materials stashed away!
07:09:19 §f               §8(This totals 1 type of material stashed!)
07:09:19 §f                §3§l>>> §3§lCLICK HERE§b to pick them up! §3§l<<<
07:10:19 §f                §7You have §32,097 §7materials stashed away!
07:10:19 §f               §8(This totals 1 type of material stashed!)
07:10:19 §f                §3§l>>> §3§lCLICK HERE§b to pick them up! §3§l<<<
07:11:19 §f                §7You have §32,097 §7materials stashed away!
07:11:19 §f               §8(This totals 1 type of material stashed!)
07:11:19 §f                §3§l>>> §3§lCLICK HERE§b to pick them up! §3§l<<<
07:12:19 §f                §7You have §32,097 §7materials stashed away!
07:12:19 §f               §8(This totals 1 type of material stashed!)
07:12:19 §f                §3§l>>> §3§lCLICK HERE§b to pick them up! §3§l<<<
07:13:22 §f                §7You have §32,097 §7materials stashed away!
07:13:22 §f               §8(This totals 1 type of material stashed!)
07:13:22 §f                §3§l>>> §3§lCLICK HERE§b to pick them up! §3§l<<<
07:16:27 §eOne or more items didn't fit in your inventory and were added to your material stash! §6Click here §eto pick them up!
07:16:27 §eOne or more items didn't fit in your inventory and were added to your item stash! §6Click here §eto pick them up!
07:16:58 §f                 §7You have §322 §7materials stashed away!
07:16:58 §f               §8(This totals 1 type of material stashed!)
07:16:58 §f                §3§l>>> §3§lCLICK HERE§b to pick them up! §3§l<<<
07:17:11 §f                 §7You have §322 §7materials stashed away!
07:17:11 §f               §8(This totals 1 type of material stashed!)
07:17:11 §f                §3§l>>> §3§lCLICK HERE§b to pick them up! §3§l<<<
07:18:11 §f                 §7You have §322 §7materials stashed away!
07:18:11 §f               §8(This totals 1 type of material stashed!)
07:18:11 §f                §3§l>>> §3§lCLICK HERE§b to pick them up! §3§l<<<
07:19:11 §f                 §7You have §322 §7materials stashed away!
07:19:11 §f               §8(This totals 1 type of material stashed!)
07:19:11 §f                §3§l>>> §3§lCLICK HERE§b to pick them up! §3§l<<<
07:20:11 §f                 §7You have §322 §7materials stashed away!
07:20:11 §f               §8(This totals 1 type of material stashed!)
07:20:11 §f                §3§l>>> §3§lCLICK HERE§b to pick them up! §3§l<<<
07:21:11 §f                 §7You have §322 §7materials stashed away!
07:21:11 §f               §8(This totals 1 type of material stashed!)
07:21:11 §f                §3§l>>> §3§lCLICK HERE§b to pick them up! §3§l<<<
07:22:11 §f                 §7You have §322 §7materials stashed away!
07:22:11 §f               §8(This totals 1 type of material stashed!)
07:22:11 §f                §3§l>>> §3§lCLICK HERE§b to pick them up! §3§l<<<
07:23:12 §f                 §7You have §322 §7materials stashed away!
07:23:12 §f               §8(This totals 1 type of material stashed!)
07:23:12 §f                §3§l>>> §3§lCLICK HERE§b to pick them up! §3§l<<<
07:24:12 §f                 §7You have §322 §7materials stashed away!
07:24:12 §f               §8(This totals 1 type of material stashed!)
07:24:12 §f                §3§l>>> §3§lCLICK HERE§b to pick them up! §3§l<<<
07:25:12 §f                 §7You have §322 §7materials stashed away!
07:25:12 §f               §8(This totals 1 type of material stashed!)
07:25:12 §f                §3§l>>> §3§lCLICK HERE§b to pick them up! §3§l<<<
07:26:12 §f                 §7You have §322 §7materials stashed away!
07:26:12 §f               §8(This totals 1 type of material stashed!)
07:26:12 §f                §3§l>>> §3§lCLICK HERE§b to pick them up! §3§l<<<
07:27:12 §f                 §7You have §322 §7materials stashed away!
07:27:12 §f               §8(This totals 1 type of material stashed!)
07:27:12 §f                §3§l>>> §3§lCLICK HERE§b to pick them up! §3§l<<<
07:28:12 §f                 §7You have §322 §7materials stashed away!
07:28:12 §f               §8(This totals 1 type of material stashed!)
07:28:12 §f                §3§l>>> §3§lCLICK HERE§b to pick them up! §3§l<<<
07:28:54 §f                 §7You have §322 §7materials stashed away!
07:28:54 §f               §8(This totals 1 type of material stashed!)
07:28:54 §f                §3§l>>> §3§lCLICK HERE§b to pick them up! §3§l<<<
07:29:54 §f                 §7You have §322 §7materials stashed away!
07:29:54 §f               §8(This totals 1 type of material stashed!)
07:29:54 §f                §3§l>>> §3§lCLICK HERE§b to pick them up! §3§l<<<
07:30:44 §f                 §7You have §322 §7materials stashed away!
07:30:44 §f               §8(This totals 1 type of material stashed!)
07:30:44 §f                §3§l>>> §3§lCLICK HERE§b to pick them up! §3§l<<<
07:31:44 §f                 §7You have §322 §7materials stashed away!
07:31:44 §f               §8(This totals 1 type of material stashed!)
07:31:44 §f                §3§l>>> §3§lCLICK HERE§b to pick them up! §3§l<<<
07:32:37 §f                 §7You have §322 §7materials stashed away!
07:32:37 §f               §8(This totals 1 type of material stashed!)
07:32:37 §f                §3§l>>> §3§lCLICK HERE§b to pick them up! §3§l<<<
07:34:32 §f                §7You have §33,139 §7materials stashed away!
07:34:32 §f              §8(This totals 2 types of materials stashed!)
07:34:32 §f                §3§l>>> §3§lCLICK HERE§b to pick them up! §3§l<<<
07:35:33 §f                §7You have §37,580 §7materials stashed away!
07:35:33 §f              §8(This totals 2 types of materials stashed!)
07:35:33 §f                §3§l>>> §3§lCLICK HERE§b to pick them up! §3§l<<<
07:37:13 §f               §7You have §311,140 §7materials stashed away!
07:37:13 §f              §8(This totals 2 types of materials stashed!)
07:37:13 §f                §3§l>>> §3§lCLICK HERE§b to pick them up! §3§l<<<
07:38:01 §f               §7You have §315,406 §7materials stashed away!
07:38:01 §f              §8(This totals 2 types of materials stashed!)
07:38:01 §f                §3§l>>> §3§lCLICK HERE§b to pick them up! §3§l<<<
07:39:02 §f               §7You have §320,258 §7materials stashed away!
07:39:02 §f              §8(This totals 2 types of materials stashed!)
07:39:02 §f                §3§l>>> §3§lCLICK HERE§b to pick them up! §3§l<<<
07:40:02 §f               §7You have §323,838 §7materials stashed away!
07:40:02 §f              §8(This totals 2 types of materials stashed!)
07:40:02 §f                §3§l>>> §3§lCLICK HERE§b to pick them up! §3§l<<<
07:41:03 §f               §7You have §325,478 §7materials stashed away!
07:41:03 §f              §8(This totals 2 types of materials stashed!)
07:41:03 §f                §3§l>>> §3§lCLICK HERE§b to pick them up! §3§l<<<
07:42:04 §f               §7You have §331,021 §7materials stashed away!
07:42:04 §f              §8(This totals 2 types of materials stashed!)
07:42:04 §f                §3§l>>> §3§lCLICK HERE§b to pick them up! §3§l<<<
07:43:05 §f               §7You have §336,734 §7materials stashed away!
07:43:05 §f              §8(This totals 2 types of materials stashed!)
07:43:05 §f                §3§l>>> §3§lCLICK HERE§b to pick them up! §3§l<<<
07:44:05 §f               §7You have §325,662 §7materials stashed away!
07:44:05 §f              §8(This totals 2 types of materials stashed!)
07:44:05 §f                §3§l>>> §3§lCLICK HERE§b to pick them up! §3§l<<<
07:45:06 §f               §7You have §315,166 §7materials stashed away!
07:45:06 §f              §8(This totals 2 types of materials stashed!)
07:45:06 §f                §3§l>>> §3§lCLICK HERE§b to pick them up! §3§l<<<
07:46:07 §f               §7You have §316,250 §7materials stashed away!
07:46:07 §f              §8(This totals 2 types of materials stashed!)
07:46:07 §f                §3§l>>> §3§lCLICK HERE§b to pick them up! §3§l<<<
07:47:07 §f               §7You have §310,276 §7materials stashed away!
07:47:07 §f               §8(This totals 1 type of material stashed!)
07:47:07 §f                §3§l>>> §3§lCLICK HERE§b to pick them up! §3§l<<<
07:48:08 §f                 §7You have §3612 §7materials stashed away!
07:48:08 §f               §8(This totals 1 type of material stashed!)
07:48:08 §f                §3§l>>> §3§lCLICK HERE§b to pick them up! §3§l<<<
07:53:02 §f                §7You have §32,111 §7materials stashed away!
07:53:02 §f              §8(This totals 2 types of materials stashed!)
07:53:02 §f                §3§l>>> §3§lCLICK HERE§b to pick them up! §3§l<<<
07:54:33 §f               §7You have §314,315 §7materials stashed away!
07:54:33 §f              §8(This totals 2 types of materials stashed!)
07:54:33 §f                §3§l>>> §3§lCLICK HERE§b to pick them up! §3§l<<<
07:55:34 §f               §7You have §322,340 §7materials stashed away!
07:55:34 §f              §8(This totals 2 types of materials stashed!)
07:55:34 §f                §3§l>>> §3§lCLICK HERE§b to pick them up! §3§l<<<
07:56:30 §f               §7You have §330,105 §7materials stashed away!
07:56:30 §f              §8(This totals 2 types of materials stashed!)
07:56:30 §f                §3§l>>> §3§lCLICK HERE§b to pick them up! §3§l<<<
07:58:08 §f               §7You have §337,392 §7materials stashed away!
07:58:08 §f              §8(This totals 2 types of materials stashed!)
07:58:08 §f                §3§l>>> §3§lCLICK HERE§b to pick them up! §3§l<<<
07:59:57 §f               §7You have §351,326 §7materials stashed away!
07:59:57 §f              §8(This totals 2 types of materials stashed!)
07:59:57 §f                §3§l>>> §3§lCLICK HERE§b to pick them up! §3§l<<<
08:01:00 §f               §7You have §358,560 §7materials stashed away!
08:01:00 §f              §8(This totals 2 types of materials stashed!)
08:01:00 §f                §3§l>>> §3§lCLICK HERE§b to pick them up! §3§l<<<
08:02:33 §f               §7You have §362,111 §7materials stashed away!
08:02:33 §f              §8(This totals 2 types of materials stashed!)
08:02:33 §f                §3§l>>> §3§lCLICK HERE§b to pick them up! §3§l<<<
08:03:00 §f               §7You have §363,900 §7materials stashed away!
08:03:00 §f              §8(This totals 2 types of materials stashed!)
08:03:00 §f                §3§l>>> §3§lCLICK HERE§b to pick them up! §3§l<<<
08:04:00 §f               §7You have §363,900 §7materials stashed away!
08:04:00 §f              §8(This totals 2 types of materials stashed!)
08:04:00 §f                §3§l>>> §3§lCLICK HERE§b to pick them up! §3§l<<<
08:05:00 §f               §7You have §363,900 §7materials stashed away!
08:05:00 §f              §8(This totals 2 types of materials stashed!)
08:05:00 §f                §3§l>>> §3§lCLICK HERE§b to pick them up! §3§l<<<
08:06:00 §f               §7You have §363,900 §7materials stashed away!
08:06:00 §f              §8(This totals 2 types of materials stashed!)
08:06:00 §f                §3§l>>> §3§lCLICK HERE§b to pick them up! §3§l<<<
08:07:33 §f               §7You have §363,900 §7materials stashed away!
08:07:33 §f              §8(This totals 2 types of materials stashed!)
08:07:33 §f                §3§l>>> §3§lCLICK HERE§b to pick them up! §3§l<<<
08:08:19 §f               §7You have §360,124 §7materials stashed away!
08:08:19 §f              §8(This totals 2 types of materials stashed!)
08:08:19 §f                §3§l>>> §3§lCLICK HERE§b to pick them up! §3§l<<<
08:09:20 §f               §7You have §360,124 §7materials stashed away!
08:09:20 §f              §8(This totals 2 types of materials stashed!)
08:09:20 §f                §3§l>>> §3§lCLICK HERE§b to pick them up! §3§l<<<
08:10:14 §f               §7You have §360,124 §7materials stashed away!
08:10:14 §f              §8(This totals 2 types of materials stashed!)
08:10:14 §f                §3§l>>> §3§lCLICK HERE§b to pick them up! §3§l<<<
08:11:47 §f               §7You have §360,124 §7materials stashed away!
08:11:47 §f              §8(This totals 2 types of materials stashed!)
08:11:47 §f                §3§l>>> §3§lCLICK HERE§b to pick them up! §3§l<<<
08:13:10 §f               §7You have §360,124 §7materials stashed away!
08:13:10 §f              §8(This totals 2 types of materials stashed!)
08:13:10 §f                §3§l>>> §3§lCLICK HERE§b to pick them up! §3§l<<<
08:13:20 §f               §7You have §356,860 §7materials stashed away!
08:13:20 §f              §8(This totals 2 types of materials stashed!)
08:13:20 §f                §3§l>>> §3§lCLICK HERE§b to pick them up! §3§l<<<
08:14:21 §f               §7You have §337,788 §7materials stashed away!
08:14:21 §f              §8(This totals 2 types of materials stashed!)
08:14:21 §f                §3§l>>> §3§lCLICK HERE§b to pick them up! §3§l<<<
08:15:21 §f               §7You have §314,279 §7materials stashed away!
08:15:21 §f               §8(This totals 1 type of material stashed!)
08:15:21 §f                §3§l>>> §3§lCLICK HERE§b to pick them up! §3§l<<<
