06:34:03 [allowed] §b§m--------------§r§f  §r§aGuild: Message Of The Day  §r§b§m--------------
06:34:03 [allowed] §b| §r§f1 Corinthians 7:34:"The unmarried woman or virgin is concerned about the Lord's affairs: Her aim is to be devoted to the Lord in both body and spirit."
06:34:03 [allowed] §b§m-----------------------------------------------------
06:34:03 [allowed] §aYou are still radiating with §bGenerosity§r§a!
06:34:03 [EMPTY] §f §r§r§r§f §r§r§r§1 §r§r§r§0 §r§r§r§2 §r§r§r§f §r§r§r§f §r§r§r§2 §r§r§r§0 §r§r§r§4 §r§r§r§3 §r§r§r§9 §r§r§r§2 §r§r§r§0 §r§r§r§0 §r§r§r§3 §r§r§r§9 §r§r§r§2 §r§r§r§0 §r§r§r§0 §r§r§r§3 §r§r§r§9 §r§r§r§2 §r§r§r§0 §r§r§r§0 
06:34:03 [allowed] §aYou have §61 §aunclaimed achievement reward!
06:34:03 [allowed] §eClick here to view it!
06:34:05 [allowed]   §r§f§l➤ §r§6You have reached your Hype limit! Add Hype to Prototype Lobby minigames by right-clicking with the Hype Diamond!
06:34:05 [allowed] §b[MVP§2+§b] starsteam§f §6joined the lobby!
06:34:09 [allowed] §b[MVP§c+§b] 4Kminemaster§f §6joined the lobby!
06:34:10 [allowed] §aClaimed reward for §r§e9,800 §r§aachievement points!
06:34:12 [allowed] §b[MVP§d+§b] dexeray§f §6joined the lobby!
06:34:14 [allowed] §7Sending to server mini31CE...
06:34:14 [EMPTY] §8 §r§8 §r§1 §r§3 §r§3 §r§7 §r§8 
06:34:14 [allowed] §a§l▬▬▬▬▬▬▬▬▬▬▬▬▬▬▬▬▬▬▬▬▬▬▬▬▬▬▬▬▬▬▬▬▬▬▬▬▬▬▬▬▬▬▬▬▬▬▬▬▬▬▬▬▬▬▬▬▬▬▬▬▬▬▬▬
06:34:14 [allowed]                        §r§6§l427TH SPOOKY FESTIVAL
06:34:14 [allowed]                               §r§fSpooky Rewards
06:34:14 [EMPTY] 
06:34:14 [allowed]                      §r§e§l1st Place §r§7- §r§bFREEQMD §r§7- §r§a16,915
06:34:14 [allowed]                  §r§e§l2nd Place §r§7- §r§6MommyFrieren §r§7- §r§a10,702
06:34:14 [allowed]                        §r§e§l3rd Place §r§7- §r§bzhqw1 §r§7- §r§a8,300
06:34:14 [EMPTY] 
06:34:14 [allowed]                   §r§eYour Candy: §r§a1,084 §r§7(Position #2,197)
06:34:14 [allowed] §f                                §8+§9Spooky Disc
06:34:14 [allowed] §f                                §8+§650,000 Coins
06:34:14 [allowed] §f                            §8+§aCarnival Ticket §8x10
06:34:14 [allowed] §f                                 §8+§cSpooky Pie
06:34:14 [allowed] §f                                   §8+§b100 Bits
06:34:14 [EMPTY] 
06:34:14 [allowed] §a§l▬▬▬▬▬▬▬▬▬▬▬▬▬▬▬▬▬▬▬▬▬▬▬▬▬▬▬▬▬▬▬▬▬▬▬▬▬▬▬▬▬▬▬▬▬▬▬▬▬▬▬▬▬▬▬▬▬▬▬▬▬▬▬▬
06:34:15 [allowed] §eProfile ID: §r§a62b760d8-92b6-4501-ada0-1fd8583f5266
06:34:15 [allowed] §e§lCLICK THIS TO SUGGEST IT IN CHAT §7§l[DASHES]
06:34:15 [allowed] §e§lCLICK THIS TO SUGGEST IT IN CHAT §7§l[NO DASHES]
06:34:15 [allowed] §6HUNT §e- §a2 §eof your §atraps §ecaught something!
06:34:15 [allowed] §7[§eClick here to collect them.§7]
06:34:17 [EMPTY] 
06:34:17 [WELCOME] §eWelcome to §r§aHypixel SkyBlock§r§e!
06:34:17 [EMPTY] 
06:34:17 [allowed] §eLatest update: §bSkyBlock v0.23.1 §e§lCLICK
06:34:18 [PROFILE_JOIN] §aYou are playing on profile: §eLemon§b (Co-op)
06:34:18 [PROFILE_JOIN] §8Profile ID: 62b760d8-92b6-4501-ada0-1fd8583f5266
06:34:26 [allowed] §2Guild > §b[MVP§3+§b] catholicschool§f: §rooh i got spooky pie and 100 bits
06:34:34 [allowed] §2Guild > §b[MVP§3+§b] catholicschool§f: §rmommyfrierein on lb again
06:34:44 [allowed] §2Guild > §b[MVP§3+§b] catholicschool§f: §rgll on table!!
06:34:47 [allowed] §7Warping you to your SkyBlock island...
06:34:47 [allowed] §7Sending to server mini31AR...
06:34:47 [EMPTY] §8 §r§8 §r§1 §r§3 §r§3 §r§7 §r§8 
06:34:48 [allowed] §6HUNT §e- §a2 §eof your §atraps §ecaught something!
06:34:48 [allowed] §7[§eClick here to collect them.§7]
06:34:50 [PROFILE_JOIN] §aYou are playing on profile: §eLemon§b (Co-op)
06:34:50 [PROFILE_JOIN] §8Profile ID: 62b760d8-92b6-4501-ada0-1fd8583f5266
06:35:32 [allowed] §cYou need the Cookie Buff active to use this feature!
06:36:05 [allowed] §2Guild > §a[VIP§6+§a] himej0shi§f: §renchanting 22!
06:36:07 [GUILD_EXP] §aYou earned §r§243 GEXP §r§afrom playing SkyBlock!
06:36:10 [allowed] §2Guild > §b[MVP§3+§b] catholicschool§f: §ryayy!!
06:36:13 [allowed] §2Guild > §a[VIP§6+§a] himej0shi§f: §rsain ka 100 bits ja spooky pie
06:36:18 [allowed] §aYou summoned your §r§6Skeleton§r§a!
06:36:21 [allowed] §2Guild > §b[MVP§3+§b] catholicschool§f: §rtuff
06:36:37 [allowed] §2Guild > §a[VIP§6+§a] himej0shi§f: §rhow do i enable the api
06:36:49 [allowed] §2Guild > §b[MVP§3+§b] catholicschool§f: §rskyblock menu settings
06:36:58 [allowed] §2Guild > §b[MVP§3+§b] catholicschool§f: §rAPI setitgnsnt
06:37:01 [allowed] §2Guild > §b[MVP§3+§b] catholicschool§f: §r1400ms
06:37:27 [allowed] §cYou were spawned in Limbo.
06:37:27 [allowed] §b/limbo for more information.
06:37:30 [allowed] §bhimej0shi left SkyBlock.
06:37:34 [allowed] §2Guild > §a[VIP§6+§a] himej0shi§f: §rsama
