21:46:11 DWARVEN_MINES
21:47:21 GARDEN
21:47:31 NONE
21:47:32 CRYSTAL_HOLLOWS
21:47:36 PRIVATE_ISLAND
21:47:56 CRYSTAL_HOLLOWS
21:47:58 NONE
21:47:59 PRIVATE_ISLAND
21:48:11 CRYSTAL_HOLLOWS
22:18:10 PRIVATE_ISLAND
22:20:42 PRIVATE_ISLAND
22:20:52 GALATEA
22:25:13 NONE
22:25:13 THE_END
22:28:23 DUNGEON_HUB
22:28:29 THE_END
22:28:35 PRIVATE_ISLAND
22:28:52 THE_END
22:28:56 PRIVATE_ISLAND
22:29:04 THE_END
22:29:08 PRIVATE_ISLAND
22:29:17 THE_END
22:29:20 PRIVATE_ISLAND
22:29:44 THE_END
22:29:49 PRIVATE_ISLAND
22:29:55 NONE
22:29:56 THE_END
22:30:02 PRIVATE_ISLAND
22:30:02 NONE
22:30:02 PRIVATE_ISLAND
22:30:11 NONE
22:30:12 THE_END
22:30:16 PRIVATE_ISLAND
22:30:32 THE_END
22:30:36 PRIVATE_ISLAND
22:30:46 THE_END
22:30:50 PRIVATE_ISLAND
22:30:57 NONE
22:30:57 THE_END
22:31:05 NONE
22:31:05 PRIVATE_ISLAND
22:32:09 NONE
22:32:09 THE_END
22:32:15 PRIVATE_ISLAND
22:32:25 THE_END
22:32:29 NONE
22:32:29 PRIVATE_ISLAND
22:32:39 NONE
22:32:40 THE_END
22:32:44 PRIVATE_ISLAND
22:33:14 NONE
22:33:15 THE_END
22:33:21 PRIVATE_ISLAND
22:33:29 THE_END
22:38:56 PRIVATE_ISLAND
22:39:10 THE_END
22:39:18 NONE
22:39:19 PRIVATE_ISLAND
22:39:26 THE_END
22:48:59 PRIVATE_ISLAND
22:49:10 NONE
22:49:11 THE_END
22:49:14 PRIVATE_ISLAND
22:49:20 THE_END
22:49:23 NONE
22:49:24 PRIVATE_ISLAND
22:58:28 NONE
22:58:29 THE_END
22:59:22 PRIVATE_ISLAND
23:11:28 NONE
23:11:29 THE_END
23:11:34 NONE
23:11:35 PRIVATE_ISLAND
23:11:53 NONE
23:11:53 THE_END
23:11:58 PRIVATE_ISLAND
23:12:04 NONE
23:12:05 THE_END
23:12:09 PRIVATE_ISLAND
23:12:19 THE_END
23:12:48 NONE
23:12:48 PRIVATE_ISLAND
23:12:55 THE_END
23:13:02 PRIVATE_ISLAND
23:13:24 NONE
23:13:25 THE_END
23:13:33 NONE
23:13:33 PRIVATE_ISLAND
23:17:27 NONE
23:17:28 THE_END
23:17:40 PRIVATE_ISLAND
23:17:56 THE_END
23:18:22 PRIVATE_ISLAND
23:18:30 THE_END
23:18:52 PRIVATE_ISLAND
23:19:04 THE_END
23:57:33 PRIVATE_ISLAND
23:58:25 NONE
23:58:26 DUNGEON_HUB
00:06:42 THE_END
00:08:35 PRIVATE_ISLAND
00:09:57 HUB
00:11:03 NONE
00:11:03 BACKWATER_BAYOU
00:25:56 HUB
00:26:42 BACKWATER_BAYOU
00:27:42 HUB
00:29:03 PRIVATE_ISLAND
00:30:53 HUB
00:31:27 BACKWATER_BAYOU
00:41:18 PRIVATE_ISLAND
