02:45:30 §e[SkyHanni] Reloaded 7531 items in the NEU repo
02:45:52 §e[SkyHanni] Looks like you updated SkyHanni.
02:45:52 §e[SkyHanni] Click here to configure the newly introduced options, or run /shdefaultoptions 4.6.0 4.7.0.
02:45:52 §e[SkyHanni] Click here to see the changelog.
02:46:00 §e[SkyHanni] There are no new options to configure between 4.6.0 and 4.7.0
02:51:31 §e[SkyHanni] Successfully loaded this year's contests from elitebot.dev automatically!
03:03:48 §6§lBESTIARY MILESTONE §860➡§e61
03:03:48 §6§lBESTIARY MILESTONE §860➡§e61
03:03:48 §6§lBESTIARY MILESTONE §860➡§e61
03:03:48 §6§lBESTIARY MILESTONE §860➡§e61
03:03:48 §6§lBESTIARY MILESTONE §860➡§e61
03:03:50 §6§lBESTIARY §r§b§lSuper Tank Zombie §7§86 §8➡§b §b7
03:05:13 §6§lBESTIARY §r§b§lSuper Archer §7§83 §8➡§b §b4
03:13:53 §6§lBESTIARY §r§b§lLost Adventurer §7§814 §8➡§b §b15
03:52:46 §6§lBESTIARY §r§b§lEnderman §7§814 §8➡§b §b15
04:11:35 §e[SkyHanni] §eTo edit hidden GUI elements:
 §7- §e1. Set a key in /sh edit.
 §7- §e2. Click that key while the GUI element is visible.
04:14:52 §6§lBESTIARY §r§b§lEndermite §7§813 §8➡§b §b14
04:46:44 §6§lBESTIARY §r§b§lKing Midas §7§83 §8➡§b §b4
04:51:17 §e[SkyHanni] §eYou have §61 §eitem in stash. §eClick to §6pickup §eyour stash!
04:57:34 §e[SkyHanni] §eYou have §61 §eitem in stash. §eClick to §6pickup §eyour stash!
05:04:20 §e[SkyHanni] §bYou have §33.6k §bmaterials in stash, §btotalling §32 types§b. §bClick to §3pickup §byour stash!
05:05:21 §e[SkyHanni] §bYou have §36.1k §bmaterials in stash, §btotalling §32 types§b. §bClick to §3pickup §byour stash!
05:06:22 §e[SkyHanni] §bYou have §310k §bmaterials in stash, §btotalling §32 types§b. §bClick to §3pickup §byour stash!
05:07:22 §e[SkyHanni] §bYou have §39.9k §bmaterials in stash, §btotalling §32 types§b. §bClick to §3pickup §byour stash!
05:08:23 §e[SkyHanni] §bYou have §37.6k §bmaterials in stash, §btotalling §32 types§b. §bClick to §3pickup §byour stash!
05:09:23 §e[SkyHanni] §bYou have §35.4k §bmaterials in stash, §btotalling §32 types§b. §bClick to §3pickup §byour stash!
05:10:24 §e[SkyHanni] §bYou have §32.5k §bmaterials in stash, §btotalling §31 type§b. §bClick to §3pickup §byour stash!
05:20:10 §6§lBESTIARY §r§b§lSkeleton Master §7§811 §8➡§b §b12
05:23:33 §6§lBESTIARY §r§b§lUndead Skeleton §7§813 §8➡§b §b14
05:35:58 §6§lBESTIARY §r§b§lSkeleton Grunt §7§810 §8➡§b §b11
05:50:46 §e[SkyHanni] §eYou have §61 §eitem in stash. §eClick to §6pickup §eyour stash!
06:01:46 §e[SkyHanni] §eYou have §61 §eitem in stash. §eClick to §6pickup §eyour stash!
06:11:01 §e[SkyHanni] §bYou have §3425 §bmaterials in stash, §btotalling §32 types§b. §bClick to §3pickup §byour stash!
06:12:02 §e[SkyHanni] §bYou have §36.9k §bmaterials in stash, §btotalling §32 types§b. §bClick to §3pickup §byour stash!
06:13:02 §e[SkyHanni] §bYou have §3979 §bmaterials in stash, §btotalling §31 type§b. §bClick to §3pickup §byour stash!
06:14:49 §e[SkyHanni] §bYou have §33.7k §bmaterials in stash, §btotalling §32 types§b. §bClick to §3pickup §byour stash!
06:16:49 §e[SkyHanni] §bYou have §3501 §bmaterials in stash, §btotalling §32 types§b. §bClick to §3pickup §byour stash!
06:19:09 §e[SkyHanni] Started tracking your Jacob Contest Blocks Per Second!
06:22:12 §e[SkyHanni] Loaded Pumpkin milestone data from tab list!
06:28:16 §6§lBESTIARY MILESTONE §861➡§e62
06:28:16 §6§lBESTIARY MILESTONE §861➡§e62
06:28:16 §6§lBESTIARY MILESTONE §861➡§e62
06:28:16 §6§lBESTIARY MILESTONE §861➡§e62
06:28:16 §6§lBESTIARY MILESTONE §861➡§e62
06:28:16 §6§lBESTIARY MILESTONE §861➡§e62
06:28:54 §6§lBESTIARY §r§b§lLocust §7§84 §8➡§b §b5
06:29:27 §6§lBESTIARY §r§b§lMoth §7§83 §8➡§b §b4
06:29:28 §e[SkyHanni] Loaded Cocoa Beans milestone data from tab list!
06:29:43 §e[SkyHanni] Loaded Potato milestone data from tab list!
06:29:58 §6§lBESTIARY §r§b§lBeetle §7§85 §8➡§b §b6
06:30:26 §e[SkyHanni] §e1 §aPest Spawned in §b4§a!
06:32:06 §e[SkyHanni] §eTo edit hidden GUI elements:
 §7- §e1. Set a key in /sh edit.
 §7- §e2. Click that key while the GUI element is visible.
06:36:04 §e[SkyHanni] §e1 §aPest Spawned in §b7§a!
06:41:27 §e[SkyHanni] §e1 §aPest Spawned in §b7§a!
06:41:53 §6§lBESTIARY §r§b§lCricket §7§84 §8➡§b §b5
06:47:48 §e[SkyHanni] §e1 §aPest Spawned in §b7§a!
06:48:01 §6§lBESTIARY §r§b§lMite §7§81 §8➡§b §b2
06:48:02 §e[SkyHanni] Loaded Cactus milestone data from tab list!
06:53:12 §e[SkyHanni] §e1 §aPest Spawned in §b4§a!
06:59:47 §e[SkyHanni] §e1 §aPest Spawned in §b7§a!
07:11:34 §6§lBESTIARY §r§b§lBlaze §7§84 §8➡§b §b5
07:14:59 §6§lBESTIARY §r§b§lBlaze §7§85 §8➡§b §b6
07:18:35 §6§lBESTIARY §r§b§lMagma Cube §7§84 §8➡§b §b5
07:22:57 §e[SkyHanni] Started tracking your Jacob Contest Blocks Per Second!
07:25:57 §e[SkyHanni] §e1 §aPest Spawned in §b7§a!
07:32:09 §e[SkyHanni] §e1 §aPest Spawned in §b8§a!
07:32:39 §6§lBESTIARY §r§b§lMite §7§82 §8➡§b §b3
07:35:03 §e[SkyHanni] Stats for Pumpkin Contest:
07:35:03 §e[SkyHanni] §7Blocks Broken in total: §e6,853
07:35:03 §e[SkyHanni] §7Average Blocks Per Second: §a9.45
07:35:03 §e[SkyHanni] §7Participated for §b12m 5s
07:38:08 §e[SkyHanni] §e1 §aPest Spawned in §b7§a!
07:38:30 §6§lBESTIARY MILESTONE §862➡§e63
07:38:30 §6§lBESTIARY MILESTONE §862➡§e63
07:38:30 §6§lBESTIARY MILESTONE §862➡§e63
07:38:30 §6§lBESTIARY MILESTONE §862➡§e63
07:38:30 §6§lBESTIARY MILESTONE §862➡§e63
07:38:30 §6§lBESTIARY MILESTONE §862➡§e63
07:38:31 §e[SkyHanni] Loaded Carrot milestone data from tab list!
07:43:21 §e[SkyHanni] §e1 §aPest Spawned in §b4§a!
07:43:35 §6§lBESTIARY §r§b§lCricket §7§85 §8➡§b §b6
08:13:34 §e[SkyHanni] §e1 §aPest Spawned in §b8§a!
08:13:56 §6§lBESTIARY §r§b§lSlug §7§85 §8➡§b §b6
08:13:57 §e[SkyHanni] Loaded Mushroom milestone data from tab list!
08:18:38 §e[SkyHanni] §e1 §aPest Spawned in §b4§a!
08:28:58 §e[SkyHanni] §e1 §aPest Spawned in §b7§a!
08:29:16 §6§lBESTIARY §r§b§lFly §7§83 §8➡§b §b4
08:29:18 §e[SkyHanni] Loaded Wheat milestone data from tab list!
08:34:52 §e[SkyHanni] §bYou have §3650 §bmaterials in stash, §btotalling §31 type§b. §bClick to §3pickup §byour stash!
08:36:49 §e[SkyHanni] §e1 §aPest Spawned in §b4§a!
08:48:39 §e[SkyHanni] §e1 §aPest Spawned in §b4§a!
08:48:52 §6§lBESTIARY §r§b§lRat §7§84 §8➡§b §b5
08:53:41 §e[SkyHanni] §e1 §aPest Spawned in §b2§a!
08:58:02 §6§lOFFER ACCEPTED §7w/§r§aDuke§6§l!§r §215§7, §35.1k§7, §c17
08:59:48 §e[SkyHanni] Loaded Nether Wart milestone data from tab list!
08:59:51 §e[SkyHanni] §e1 §aPest Spawned in §b20§a!
09:04:55 §e[SkyHanni] §e1 §aPest Spawned in §b20§a!
09:08:36 §6§lOFFER ACCEPTED §7w/§r§aRyu§6§l!§r §215§7, §314k§7, §c15
09:11:20 §e[SkyHanni] §e1 §aPest Spawned in §b5§a!
09:11:55 §6§lBESTIARY §r§b§lBeetle §7§86 §8➡§b §b7
09:15:05 §e[SkyHanni] Started tracking your Jacob Contest Blocks Per Second!
09:17:30 §e[SkyHanni] §e1 §aPest Spawned in §b5§a!
09:19:44 §6§lBESTIARY §r§b§lEarthworm §7§83 §8➡§b §b4
09:22:57 §e[SkyHanni] §e1 §aPest Spawned in §b2§a!
09:28:06 §e[SkyHanni] §e1 §aPest Spawned in §b2§a!
09:28:49 §6§lOFFER ACCEPTED §7w/§r§aLeo§6§l!§r §215§7, §39.7k§7, §c22
09:31:24 §e[SkyHanni] §bYou have §37.8k §bmaterials in stash, §btotalling §32 types§b. §bClick to §3pickup §byour stash!
09:32:34 §e[SkyHanni] §bYou have §315k §bmaterials in stash, §btotalling §32 types§b. §bClick to §3pickup §byour stash!
09:33:13 §e[SkyHanni] §bYou have §318k §bmaterials in stash, §btotalling §32 types§b. §bClick to §3pickup §byour stash!
09:33:53 §e[SkyHanni] §bYou have §322k §bmaterials in stash, §btotalling §32 types§b. §bClick to §3pickup §byour stash!
09:34:54 §e[SkyHanni] §bYou have §329k §bmaterials in stash, §btotalling §32 types§b. §bClick to §3pickup §byour stash!
09:51:45 §e[SkyHanni] §fYou were in Limbo for §e5s§f.
09:53:52 §e[SkyHanni] §fYou were in Limbo for §e5s§f.
09:55:58 §e[SkyHanni] §fYou were in Limbo for §e5s§f.
09:58:03 §e[SkyHanni] §fYou were in Limbo for §e5s§f.
10:00:10 §e[SkyHanni] §fYou were in Limbo for §e5s§f.
10:02:16 §e[SkyHanni] §fYou were in Limbo for §e5s§f.
10:04:22 §e[SkyHanni] §fYou were in Limbo for §e5s§f.
10:06:33 §e[SkyHanni] §bYou have §329k §bmaterials in stash, §btotalling §32 types§b. §bClick to §3pickup §byour stash!
10:08:35 §e[SkyHanni] §bYou have §335k §bmaterials in stash, §btotalling §32 types§b. §bClick to §3pickup §byour stash!
10:09:36 §e[SkyHanni] §bYou have §325k §bmaterials in stash, §btotalling §32 types§b. §bClick to §3pickup §byour stash!
10:10:37 §e[SkyHanni] §bYou have §316k §bmaterials in stash, §btotalling §32 types§b. §bClick to §3pickup §byour stash!
