19:46:49 §bNew day! §r§eYour §r§2Lottery §r§ebuff changed!
19:46:49 §eNew buff§r§r§r: §r§fGain §r§a+50 §r§6☘ Mangrove Fortune§r§f.
19:46:49 §8§oYou can disable this messaging by toggling Lottery in your /hotf!
19:48:30 §bNew day! §r§eYour §r§2Lottery §r§ebuff changed!
19:48:30 §eNew buff§r§r§r: §r§fGain §r§a+50 §r§6☘ Mangrove Fortune§r§f.
19:48:30 §8§oYou can disable this messaging by toggling Lottery in your /hotf!
19:48:51 §bNew day! §r§eYour §r§2Lottery §r§ebuff changed!
19:48:51 §eNew buff§r§r§r: §r§fGain §r§a+50 §r§6☘ Mangrove Fortune§r§f.
19:48:51 §8§oYou can disable this messaging by toggling Lottery in your /hotf!
19:55:00 §bNew day! §r§eYour §r§2Lottery §r§ebuff changed!
19:55:01 §eNew buff§r§r§r: §r§fGain §r§a+50 §r§6☘ Fig Fortune§r§f.
19:55:01 §8§oYou can disable this messaging by toggling Lottery in your /hotf!
20:15:00 §bNew day! §r§eYour §r§2Lottery §r§ebuff changed!
20:15:00 §eNew buff§r§r§r: §r§fGain §r§a+50 §r§6☘ Mangrove Fortune§r§f.
20:15:00 §8§oYou can disable this messaging by toggling Lottery in your /hotf!
20:35:00 §bNew day! §r§eYour §r§2Lottery §r§ebuff changed!
20:35:00 §eNew buff§r§r§r: §r§fGain §r§a+5% §r§2∮ Sweep§r§f.
20:35:00 §8§oYou can disable this messaging by toggling Lottery in your /hotf!
20:54:14 §bNew day! §r§eYour §r§2Lottery §r§ebuff changed!
20:54:14 §eNew buff§r§r§r: §r§fGain §r§a+5% §r§2∮ Sweep§r§f.
20:54:14 §8§oYou can disable this messaging by toggling Lottery in your /hotf!
20:55:00 §bNew day! §r§eYour §r§2Lottery §r§ebuff changed!
20:55:00 §eNew buff§r§r§r: §r§fGain §r§a+5% §r§2∮ Sweep§r§f.
20:55:00 §8§oYou can disable this messaging by toggling Lottery in your /hotf!
