19:48:03 §6[Sacks] §r§c-960§r§e items§r§e.§r§8 (Last 5s.)
19:48:10 §6[Sacks] §r§a+704§r§e items§r§e.§r§8 (Last 5s.)
19:49:31 §6[Sacks] §r§a+265§r§e items§r§e.§r§8 (Last 15s.)
19:49:54 §6[Sacks] §r§a+250§r§e items§r§e.§r§8 (Last 19s.)
19:50:47 §6[Sacks] §r§a+5§r§e items§r§e.§r§8 (Last 14s.)
19:52:55 §6[Sacks] §r§a+8§r§e items§r§e.§r§8 (Last 20s.)
19:53:06 §6[Sacks] §r§a+4§r§e items§r§e.§r§8 (Last 8s.)
19:53:15 §6[Sacks] §r§a+2§r§e items§r§e.§r§8 (Last 7s.)
19:53:48 §6[Sacks] §r§a+45§r§e items§r§e.§r§8 (Last 30s.)
19:54:04 §6[Sacks] §r§a+37§r§e items§r§e.§r§8 (Last 15s.)
19:54:32 §6[Sacks] §r§a+11§r§e items§r§e.§r§8 (Last 26s.)
19:55:22 §6[Sacks] §r§a+110§r§e items§r§e.§r§8 (Last 30s.)
19:55:54 §6[Sacks] §r§a+141§r§e items§r§e.§r§8 (Last 30s.)
19:56:25 §6[Sacks] §r§a+48§r§e items§r§e.§r§8 (Last 30s.)
19:56:43 §6[Sacks] §r§a+5§r§e items§r§e.§r§8 (Last 13s.)
19:57:30 §6[Sacks] §r§a+36§r§e items§r§e.§r§8 (Last 11s.)
19:57:49 §6[Sacks] §r§a+69§r§e items§r§e.§r§8 (Last 18s.)
19:58:29 §6[Sacks] §r§a+114§r§e items§r§e.§r§8 (Last 30s.)
19:58:46 §6[Sacks] §r§a+36§r§e items§r§e.§r§8 (Last 16s.)
19:59:18 §6[Sacks] §r§a+110§r§e items§r§e.§r§8 (Last 30s.)
19:59:44 §6[Sacks] §r§a+75§r§e items§r§e.§r§8 (Last 25s.)
20:00:05 §6[Sacks] §r§a+6§r§e items§r§e.§r§8 (Last 15s.)
20:00:37 §6[Sacks] §r§a+171§r§e items§r§e.§r§8 (Last 30s.)
20:00:59 §6[Sacks] §r§a+37§r§e items§r§e.§r§8 (Last 18s.)
20:01:12 §6[Sacks] §r§a+2§r§e items§r§e.§r§8 (Last 5s.)
20:01:19 §6[Sacks] §r§a+34§r§e items§r§e.§r§8 (Last 6s.)
20:01:27 §6[Sacks] §r§a+65§r§e items§r§e.§r§8 (Last 6s.)
20:01:35 §6[Sacks] §r§a+2§r§e items§r§e.§r§8 (Last 7s.)
20:02:13 §6[Sacks] §r§a+1§r§e item§r§e.§r§8 (Last 5s.)
20:04:39 §6[Sacks] §r§a+126§r§e items§r§e, §r§c-21,006§r§e items§r§e.§r§8 (Last 16s.)
20:05:33 §6[Sacks] §r§a+396§r§e items§r§e, §r§c-232§r§e items§r§e.§r§8 (Last 14s.)
20:06:03 §6[Sacks] §r§a+79§r§e items§r§e.§r§8 (Last 5s.)
20:07:18 §6[Sacks] §r§a+606§r§e items§r§e.§r§8 (Last 30s.)
20:07:27 §6[Sacks] §r§a+44§r§e items§r§e.§r§8 (Last 8s.)
20:07:58 §6[Sacks] §r§a+625§r§e items§r§e.§r§8 (Last 30s.)
20:08:29 §6[Sacks] §r§a+760§r§e items§r§e.§r§8 (Last 30s.)
20:08:42 §6[Sacks] §r§a+113§r§e items§r§e.§r§8 (Last 9s.)
20:08:56 §6[Sacks] §r§a+73§r§e items§r§e.§r§8 (Last 6s.)
20:09:31 §6[Sacks] §r§a+612§r§e items§r§e.§r§8 (Last 30s.)
20:09:47 §6[Sacks] §r§a+393§r§e items§r§e.§r§8 (Last 15s.)
20:10:21 §6[Sacks] §r§a+687§r§e items§r§e.§r§8 (Last 30s.)
20:10:46 §6[Sacks] §r§a+154§r§e items§r§e.§r§8 (Last 16s.)
20:11:20 §6[Sacks] §r§a+770§r§e items§r§e.§r§8 (Last 30s.)
20:11:51 §6[Sacks] §r§a+674§r§e items§r§e.§r§8 (Last 30s.)
20:12:22 §6[Sacks] §r§a+567§r§e items§r§e.§r§8 (Last 30s.)
20:12:59 §6[Sacks] §r§a+681§r§e items§r§e.§r§8 (Last 30s.)
20:13:14 §6[Sacks] §r§a+67§r§e items§r§e.§r§8 (Last 14s.)
20:13:50 §6[Sacks] §r§a+866§r§e items§r§e.§r§8 (Last 30s.)
20:14:21 §6[Sacks] §r§a+452§r§e items§r§e.§r§8 (Last 30s.)
20:14:53 §6[Sacks] §r§a+693§r§e items§r§e.§r§8 (Last 30s.)
20:15:24 §6[Sacks] §r§a+777§r§e items§r§e.§r§8 (Last 30s.)
20:15:55 §6[Sacks] §r§a+657§r§e items§r§e.§r§8 (Last 30s.)
20:16:26 §6[Sacks] §r§a+718§r§e items§r§e.§r§8 (Last 30s.)
20:16:57 §6[Sacks] §r§a+830§r§e items§r§e.§r§8 (Last 30s.)
20:17:09 §6[Sacks] §r§a+98§r§e items§r§e.§r§8 (Last 10s.)
20:17:17 §6[Sacks] §r§a+1§r§e item§r§e.§r§8 (Last 5s.)
20:18:00 §6[Sacks] §r§a+351§r§e items§r§e.§r§8 (Last 30s.)
20:18:32 §6[Sacks] §r§a+379§r§e items§r§e.§r§8 (Last 30s.)
20:18:38 §6[Sacks] §r§a+8§r§e items§r§e.§r§8 (Last 5s.)
20:19:10 §6[Sacks] §r§a+601§r§e items§r§e.§r§8 (Last 30s.)
20:19:49 §6[Sacks] §r§a+682§r§e items§r§e.§r§8 (Last 30s.)
20:20:20 §6[Sacks] §r§a+574§r§e items§r§e.§r§8 (Last 30s.)
20:20:28 §6[Sacks] §r§a+74§r§e items§r§e.§r§8 (Last 7s.)
20:21:03 §6[Sacks] §r§a+718§r§e items§r§e.§r§8 (Last 30s.)
20:21:09 §6[Sacks] §r§a+1§r§e item§r§e.§r§8 (Last 5s.)
20:21:58 §6[Sacks] §r§a+353§r§e items§r§e.§r§8 (Last 19s.)
20:22:21 §6[Sacks] §r§a+137§r§e items§r§e.§r§8 (Last 19s.)
20:22:38 §6[Sacks] §r§a+117§r§e items§r§e.§r§8 (Last 9s.)
20:23:03 §6[Sacks] §r§a+29§r§e items§r§e.§r§8 (Last 10s.)
20:23:19 §6[Sacks] §r§a+29§r§e items§r§e.§r§8 (Last 8s.)
20:24:08 §6[Sacks] §r§a+53§r§e items§r§e.§r§8 (Last 7s.)
20:24:22 §6[Sacks] §r§a+100§r§e items§r§e.§r§8 (Last 7s.)
20:25:00 §6[Sacks] §r§a+436§r§e items§r§e.§r§8 (Last 30s.)
20:25:31 §6[Sacks] §r§a+567§r§e items§r§e.§r§8 (Last 30s.)
20:26:02 §6[Sacks] §r§a+530§r§e items§r§e.§r§8 (Last 30s.)
20:26:16 §6[Sacks] §r§a+138§r§e items§r§e.§r§8 (Last 13s.)
20:26:24 §6[Sacks] §r§a+70§r§e items§r§e.§r§8 (Last 7s.)
20:26:43 §6[Sacks] §r§a+307§r§e items§r§e.§r§8 (Last 15s.)
20:27:06 §6[Sacks] §r§a+502§r§e items§r§e.§r§8 (Last 22s.)
20:27:35 §6[Sacks] §r§a+457§r§e items§r§e.§r§8 (Last 21s.)
20:27:56 §6[Sacks] §r§a+64§r§e items§r§e.§r§8 (Last 6s.)
20:29:43 §6[Sacks] §r§a+9§r§e items§r§e.§r§8 (Last 5s.)
20:30:26 §6[Sacks] §r§a+648§r§e items§r§e.§r§8 (Last 30s.)
20:30:57 §6[Sacks] §r§a+651§r§e items§r§e.§r§8 (Last 30s.)
20:31:29 §6[Sacks] §r§a+713§r§e items§r§e.§r§8 (Last 30s.)
20:31:37 §6[Sacks] §r§a+38§r§e items§r§e.§r§8 (Last 6s.)
20:31:55 §6[Sacks] §r§a+125§r§e items§r§e.§r§8 (Last 11s.)
20:32:06 §6[Sacks] §r§a+83§r§e items§r§e.§r§8 (Last 10s.)
20:32:22 §6[Sacks] §r§a+136§r§e items§r§e.§r§8 (Last 11s.)
20:33:01 §6[Sacks] §r§a+72§r§e items§r§e.§r§8 (Last 9s.)
20:33:39 §6[Sacks] §r§a+456§r§e items§r§e.§r§8 (Last 28s.)
20:33:52 §6[Sacks] §r§a+64§r§e items§r§e.§r§8 (Last 11s.)
20:34:07 §6[Sacks] §r§a+60§r§e items§r§e.§r§8 (Last 11s.)
20:34:37 §6[Sacks] §r§a+203§r§e items§r§e.§r§8 (Last 25s.)
20:34:45 §6[Sacks] §r§a+1§r§e item§r§e.§r§8 (Last 5s.)
20:35:06 §6[Sacks] §r§a+3§r§e items§r§e.§r§8 (Last 11s.)
20:35:20 §6[Sacks] §r§a+2§r§e items§r§e.§r§8 (Last 6s.)
20:35:51 §6[Sacks] §r§a+171§r§e items§r§e.§r§8 (Last 30s.)
20:36:23 §6[Sacks] §r§a+116§r§e items§r§e.§r§8 (Last 30s.)
20:36:48 §6[Sacks] §r§a+10§r§e items§r§e.§r§8 (Last 24s.)
20:37:00 §6[Sacks] §r§a+3§r§e items§r§e.§r§8 (Last 6s.)
20:37:15 §6[Sacks] §r§a+34§r§e items§r§e.§r§8 (Last 8s.)
20:37:43 §6[Sacks] §r§a+73§r§e items§r§e.§r§8 (Last 23s.)
20:48:26 §6[Sacks] §r§a+32§r§e items§r§e.§r§8 (Last 5s.)
20:48:32 §6[Sacks] §r§a+33§r§e items§r§e.§r§8 (Last 5s.)
20:48:53 §6[Sacks] §r§a+81§r§e items§r§e.§r§8 (Last 20s.)
20:48:59 §6[Sacks] §r§a+1§r§e item§r§e.§r§8 (Last 5s.)
20:49:22 §6[Sacks] §r§a+21§r§e items§r§e.§r§8 (Last 20s.)
20:49:58 §6[Sacks] §r§a+33§r§e items§r§e.§r§8 (Last 6s.)
20:50:33 §6[Sacks] §r§a+76§r§e items§r§e.§r§8 (Last 30s.)
20:50:47 §6[Sacks] §r§a+52§r§e items§r§e.§r§8 (Last 13s.)
20:51:26 §6[Sacks] §r§a+46§r§e items§r§e.§r§8 (Last 30s.)
20:51:45 §6[Sacks] §r§a+51§r§e items§r§e.§r§8 (Last 18s.)
20:52:01 §6[Sacks] §r§a+71§r§e items§r§e.§r§8 (Last 14s.)
20:52:11 §6[Sacks] §r§a+3§r§e items§r§e.§r§8 (Last 8s.)
20:52:20 §6[Sacks] §r§a+46§r§e items§r§e.§r§8 (Last 8s.)
20:52:41 §6[Sacks] §r§a+37§r§e items§r§e.§r§8 (Last 18s.)
20:52:55 §6[Sacks] §r§a+37§r§e items§r§e.§r§8 (Last 12s.)
20:53:09 §6[Sacks] §r§a+2§r§e items§r§e.§r§8 (Last 8s.)
20:53:16 §6[Sacks] §r§a+1§r§e item§r§e.§r§8 (Last 5s.)
20:53:30 §6[Sacks] §r§a+5§r§e items§r§e.§r§8 (Last 10s.)
20:54:01 §6[Sacks] §r§a+119§r§e items§r§e.§r§8 (Last 30s.)
20:54:39 §6[Sacks] §r§a+126§r§e items§r§e, §r§c-20,160§r§e items§r§e.§r§8 (Last 11s.)
20:54:50 §6[Sacks] §r§a+522§r§e items§r§e, §r§c-1,044§r§e items§r§e.§r§8 (Last 8s.)
20:55:06 §6[Sacks] §r§a+504§r§e items§r§e, §r§c-9,496§r§e items§r§e.§r§8 (Last 14s.)
20:55:34 §6[Sacks] §r§a+239§r§e items§r§e, §r§c-215§r§e items§r§e.§r§8 (Last 17s.)
20:55:43 §6[Sacks] §r§a+247§r§e items§r§e, §r§c-32§r§e items§r§e.§r§8 (Last 7s.)
