08:54:48 [allowed] §aYou are still radiating with §bGenerosity§r§a!
08:54:48 [EMPTY] §f §r§r§r§f §r§r§r§1 §r§r§r§0 §r§r§r§2 §r§r§r§f §r§r§r§f §r§r§r§2 §r§r§r§0 §r§r§r§4 §r§r§r§3 §r§r§r§9 §r§r§r§2 §r§r§r§0 §r§r§r§0 §r§r§r§3 §r§r§r§9 §r§r§r§2 §r§r§r§0 §r§r§r§0 §r§r§r§3 §r§r§r§9 §r§r§r§2 §r§r§r§0 §r§r§r§0 
08:54:50 [allowed] §b[MVP§e+§b] RisingPhoenix111§f §6joined the lobby!
08:54:54 [allowed] §b[MVP§9+§b] Pokle§f §6joined the lobby!
08:54:59 [allowed] §b[MVP§e+§b] LuxIsTaken§f §6joined the lobby!
08:55:00 [allowed]  §b>§c>§a>§r §r§b[MVP§3++§b] TransmaxxerKai§f §6joined the lobby!§r §a<§c<§b<
08:55:02 [allowed] §7Sending to server mini79DP...
08:55:03 [EMPTY] §8 §r§8 §r§1 §r§3 §r§3 §r§7 §r§8 
08:55:03 [allowed] §eProfile ID: §r§a62b760d8-92b6-4501-ada0-1fd8583f5266
08:55:03 [allowed] §e§lCLICK THIS TO SUGGEST IT IN CHAT §7§l[DASHES]
08:55:03 [allowed] §e§lCLICK THIS TO SUGGEST IT IN CHAT §7§l[NO DASHES]
08:55:04 [allowed] §6HUNT §e- §a2 §eof your §atraps §ecaught something!
08:55:04 [allowed] §7[§eClick here to collect them.§7]
08:55:05 [EMPTY] 
08:55:05 [WELCOME] §eWelcome to §r§aHypixel SkyBlock§r§e!
08:55:05 [EMPTY] 
08:55:05 [allowed] §eLatest update: §bSkyBlock v0.23.1 §e§lCLICK
08:55:06 [PROFILE_JOIN] §aYou are playing on profile: §eLemon§b (Co-op)
08:55:06 [PROFILE_JOIN] §8Profile ID: 62b760d8-92b6-4501-ada0-1fd8583f5266
08:55:18 [allowed] §2Guild > §b[MVP§3+§b] catholicschool§f: §rwgewrgrewg
08:55:22 [allowed] §2Guild > §a[VIP§6+§a] himej0shi§f: §rghfdghfd
