21:46:46 §d§lHOPPITY'S HUNT §r§dYou found a §r§cHitman Egg§r§d!
21:46:46 §D§LHOPPITY'S HUNT §7You found §aAlexa §7(§A§LUNCOMMON§7)!
21:46:46 §d§lNEW RABBIT! §6+2 Chocolate §7and §6+0.003x Chocolate §7per second!
21:46:46 §d§lHOPPITY'S HUNT §r§dYou found a §r§cHitman Egg§r§d!
21:46:46 §D§LHOPPITY'S HUNT §7You found §fHeidie §7(§F§LCOMMON§7)!
21:46:46 §d§lNEW RABBIT! §6+1 Chocolate §7and §6+0.002x Chocolate §7per second!
21:46:46 §d§lHOPPITY'S HUNT §r§dYou found a §r§cHitman Egg§r§d!
21:46:46 §D§LHOPPITY'S HUNT §7You found §fOliver §7(§F§LCOMMON§7)!
21:46:46 §d§lNEW RABBIT! §6+1 Chocolate §7and §6+0.002x Chocolate §7per second!
21:46:46 §d§lHOPPITY'S HUNT §r§dYou found a §r§cHitman Egg§r§d!
21:46:46 §D§LHOPPITY'S HUNT §7You found §fMarlow §7(§F§LCOMMON§7)!
21:46:46 §7§lDUPLICATE RABBIT! §6+1,596,235 Chocolate
21:46:46 §d§lHOPPITY'S HUNT §r§dYou found a §r§cHitman Egg§r§d!
21:46:46 §D§LHOPPITY'S HUNT §7You found §fRolf §7(§F§LCOMMON§7)!
21:46:46 §d§lNEW RABBIT! §6+1 Chocolate §7and §6+0.002x Chocolate §7per second!
21:46:46 §d§lHOPPITY'S HUNT §r§dYou found a §r§cHitman Egg§r§d!
21:46:46 §D§LHOPPITY'S HUNT §7You found §fBlake §7(§F§LCOMMON§7)!
21:46:46 §d§lNEW RABBIT! §6+1 Chocolate §7and §6+0.002x Chocolate §7per second!
22:28:28 §d§lHOPPITY'S HUNT §r§dYou found a §r§9Chocolate Lunch Egg §r§doverlooking the drop down§r§d!
22:28:29 §D§LHOPPITY'S HUNT §7You found §5Kodo §7(§5§LEPIC§7)!
22:28:29 §d§lNEW RABBIT! §6+10 Chocolate §7and §6+0.005x Chocolate §7per second!
22:28:52 §d§lHOPPITY'S HUNT §r§dYou found a §r§aChocolate Dinner Egg §r§din the Bruiser Hideout chokepoint§r§d!
22:28:53 §D§LHOPPITY'S HUNT §7You found §aBenji §7(§A§LUNCOMMON§7)!
22:28:53 §d§lNEW RABBIT! §6+2 Chocolate §7and §6+0.003x Chocolate §7per second!
