21:30:14 §f §r§r§r§f §r§r§r§1 §r§r§r§0 §r§r§r§2 §r§r§r§f §r§r§r§f §r§r§r§2 §r§r§r§0 §r§r§r§4 §r§r§r§3 §r§r§r§9 §r§r§r§2 §r§r§r§0 §r§r§r§0 §r§r§r§3 §r§r§r§9 §r§r§r§2 §r§r§r§0 §r§r§r§0 §r§r§r§3 §r§r§r§9 §r§r§r§2 §r§r§r§0 §r§r§r§0 
21:30:35 §8 §r§8 §r§1 §r§3 §r§3 §r§7 §r§8 
21:30:37 
21:30:37 
21:31:10 §8 §r§8 §r§1 §r§3 §r§3 §r§7 §r§8 
21:32:43 §8 §r§8 §r§1 §r§3 §r§3 §r§7 §r§8 
21:35:42 
21:37:13 
21:38:23 
21:43:15                                         
21:55:43 §8 §r§8 §r§1 §r§3 §r§3 §r§7 §r§8 
21:57:54 §8 §r§8 §r§1 §r§3 §r§3 §r§7 §r§8 
21:58:01 §8 §r§8 §r§1 §r§3 §r§3 §r§7 §r§8 
21:58:07 §8 §r§8 §r§1 §r§3 §r§3 §r§7 §r§8 
22:01:32 
22:01:45 
22:02:10                                         
22:02:10 
22:06:49 
22:06:55 
22:07:00 
22:18:46 
22:19:30 
22:20:35 
22:21:16 
22:21:23 
22:22:10 §8 §r§8 §r§1 §r§3 §r§3 §r§7 §r§8 
22:22:31 §8 §r§8 §r§1 §r§3 §r§3 §r§7 §r§8 
22:26:53 
22:27:04 §8 §r§8 §r§1 §r§3 §r§3 §r§7 §r§8 
22:27:58 §8 §r§8 §r§1 §r§3 §r§3 §r§7 §r§8 
22:28:12 §8 §r§8 §r§1 §r§3 §r§3 §r§7 §r§8 
22:28:22 §8 §r§8 §r§1 §r§3 §r§3 §r§7 §r§8 
22:28:58 §8 §r§8 §r§1 §r§3 §r§3 §r§7 §r§8 
22:29:07 §8 §r§8 §r§1 §r§3 §r§3 §r§7 §r§8 
22:29:47 §8 §r§8 §r§1 §r§3 §r§3 §r§7 §r§8 
22:29:58 §8 §r§8 §r§1 §r§3 §r§3 §r§7 §r§8 
22:30:08 §8 §r§8 §r§1 §r§3 §r§3 §r§7 §r§8 
22:30:16 §8 §r§8 §r§1 §r§3 §r§3 §r§7 §r§8 
22:30:22 §8 §r§8 §r§1 §r§3 §r§3 §r§7 §r§8 
22:30:29 §8 §r§8 §r§1 §r§3 §r§3 §r§7 §r§8 
22:30:36 §8 §r§8 §r§1 §r§3 §r§3 §r§7 §r§8 
22:30:57 §8 §r§8 §r§1 §r§3 §r§3 §r§7 §r§8 
22:31:05 §8 §r§8 §r§1 §r§3 §r§3 §r§7 §r§8 
22:31:14 §8 §r§8 §r§1 §r§3 §r§3 §r§7 §r§8 
22:31:42 §8 §r§8 §r§1 §r§3 §r§3 §r§7 §r§8 
22:31:50 §8 §r§8 §r§1 §r§3 §r§3 §r§7 §r§8 
22:31:57 §8 §r§8 §r§1 §r§3 §r§3 §r§7 §r§8 
22:32:08 §8 §r§8 §r§1 §r§3 §r§3 §r§7 §r§8 
23:00:52 §8 §r§8 §r§1 §r§3 §r§3 §r§7 §r§8 
23:01:50 
23:01:50 §c
23:04:15 §8 §r§8 §r§1 §r§3 §r§3 §r§7 §r§8 
