21:30:40 §bNew day! §r§eYour §r§2Lottery §r§ebuff changed!
21:30:40 §eNew buff§r§r§r: §r§fGain §r§a+5% §r§2∮ Sweep§r§f.
21:30:40 §8§oYou can disable this messaging by toggling Lottery in your /hotf!
21:31:16 §bNew day! §r§eYour §r§2Lottery §r§ebuff changed!
21:31:16 §eNew buff§r§r§r: §r§fGain §r§a+5% §r§2∮ Sweep§r§f.
21:31:16 §8§oYou can disable this messaging by toggling Lottery in your /hotf!
21:32:48 §bNew day! §r§eYour §r§2Lottery §r§ebuff changed!
21:32:48 §eNew buff§r§r§r: §r§fGain §r§a+5% §r§2∮ Sweep§r§f.
21:32:48 §8§oYou can disable this messaging by toggling Lottery in your /hotf!
21:35:00 §bNew day! §r§eYour §r§2Lottery §r§ebuff changed!
21:35:00 §eNew buff§r§r§r: §r§fGain §r§a+5% §r§2∮ Sweep§r§f.
21:35:00 §8§oYou can disable this messaging by toggling Lottery in your /hotf!
21:55:00 §bNew day! §r§eYour §r§2Lottery §r§ebuff changed!
21:55:00 §eNew buff§r§r§r: §r§fGain §r§a+50 §r§6☘ Mangrove Fortune§r§f.
21:55:00 §8§oYou can disable this messaging by toggling Lottery in your /hotf!
21:55:48 §bNew day! §r§eYour §r§2Lottery §r§ebuff changed!
21:55:48 §eNew buff§r§r§r: §r§fGain §r§a+50 §r§6☘ Mangrove Fortune§r§f.
21:55:48 §8§oYou can disable this messaging by toggling Lottery in your /hotf!
21:58:00 §bNew day! §r§eYour §r§2Lottery §r§ebuff changed!
21:58:00 §eNew buff§r§r§r: §r§fGain §r§a+50 §r§6☘ Mangrove Fortune§r§f.
21:58:00 §8§oYou can disable this messaging by toggling Lottery in your /hotf!
21:58:06 §bNew day! §r§eYour §r§2Lottery §r§ebuff changed!
21:58:06 §eNew buff§r§r§r: §r§fGain §r§a+50 §r§6☘ Mangrove Fortune§r§f.
21:58:06 §8§oYou can disable this messaging by toggling Lottery in your /hotf!
21:58:12 §bNew day! §r§eYour §r§2Lottery §r§ebuff changed!
21:58:12 §eNew buff§r§r§r: §r§fGain §r§a+50 §r§6☘ Mangrove Fortune§r§f.
21:58:12 §8§oYou can disable this messaging by toggling Lottery in your /hotf!
22:15:01 §bNew day! §r§eYour §r§2Lottery §r§ebuff changed!
22:15:01 §eNew buff§r§r§r: §r§fGain §r§a+5% §r§2∮ Sweep§r§f.
22:15:01 §8§oYou can disable this messaging by toggling Lottery in your /hotf!
22:22:15 §bNew day! §r§eYour §r§2Lottery §r§ebuff changed!
22:22:15 §eNew buff§r§r§r: §r§fGain §r§a+5% §r§2∮ Sweep§r§f.
22:22:15 §8§oYou can disable this messaging by toggling Lottery in your /hotf!
22:22:36 §bNew day! §r§eYour §r§2Lottery §r§ebuff changed!
22:22:36 §eNew buff§r§r§r: §r§fGain §r§a+5% §r§2∮ Sweep§r§f.
22:22:36 §8§oYou can disable this messaging by toggling Lottery in your /hotf!
22:27:09 §bNew day! §r§eYour §r§2Lottery §r§ebuff changed!
22:27:09 §eNew buff§r§r§r: §r§fGain §r§a+5% §r§2∮ Sweep§r§f.
22:27:09 §8§oYou can disable this messaging by toggling Lottery in your /hotf!
22:28:06 §bNew day! §r§eYour §r§2Lottery §r§ebuff changed!
22:28:06 §eNew buff§r§r§r: §r§fGain §r§a+5% §r§2∮ Sweep§r§f.
22:28:06 §8§oYou can disable this messaging by toggling Lottery in your /hotf!
22:28:17 §bNew day! §r§eYour §r§2Lottery §r§ebuff changed!
22:28:17 §eNew buff§r§r§r: §r§fGain §r§a+5% §r§2∮ Sweep§r§f.
22:28:17 §8§oYou can disable this messaging by toggling Lottery in your /hotf!
22:28:27 §bNew day! §r§eYour §r§2Lottery §r§ebuff changed!
22:28:27 §eNew buff§r§r§r: §r§fGain §r§a+5% §r§2∮ Sweep§r§f.
22:28:27 §8§oYou can disable this messaging by toggling Lottery in your /hotf!
22:29:03 §bNew day! §r§eYour §r§2Lottery §r§ebuff changed!
22:29:03 §eNew buff§r§r§r: §r§fGain §r§a+5% §r§2∮ Sweep§r§f.
22:29:03 §8§oYou can disable this messaging by toggling Lottery in your /hotf!
22:29:12 §bNew day! §r§eYour §r§2Lottery §r§ebuff changed!
22:29:12 §eNew buff§r§r§r: §r§fGain §r§a+5% §r§2∮ Sweep§r§f.
22:29:12 §8§oYou can disable this messaging by toggling Lottery in your /hotf!
22:29:52 §bNew day! §r§eYour §r§2Lottery §r§ebuff changed!
22:29:52 §eNew buff§r§r§r: §r§fGain §r§a+5% §r§2∮ Sweep§r§f.
22:29:52 §8§oYou can disable this messaging by toggling Lottery in your /hotf!
22:30:03 §bNew day! §r§eYour §r§2Lottery §r§ebuff changed!
22:30:03 §eNew buff§r§r§r: §r§fGain §r§a+5% §r§2∮ Sweep§r§f.
22:30:03 §8§oYou can disable this messaging by toggling Lottery in your /hotf!
22:30:13 §bNew day! §r§eYour §r§2Lottery §r§ebuff changed!
22:30:13 §eNew buff§r§r§r: §r§fGain §r§a+5% §r§2∮ Sweep§r§f.
22:30:13 §8§oYou can disable this messaging by toggling Lottery in your /hotf!
22:30:21 §bNew day! §r§eYour §r§2Lottery §r§ebuff changed!
22:30:21 §eNew buff§r§r§r: §r§fGain §r§a+5% §r§2∮ Sweep§r§f.
22:30:21 §8§oYou can disable this messaging by toggling Lottery in your /hotf!
22:30:27 §bNew day! §r§eYour §r§2Lottery §r§ebuff changed!
22:30:27 §eNew buff§r§r§r: §r§fGain §r§a+5% §r§2∮ Sweep§r§f.
22:30:27 §8§oYou can disable this messaging by toggling Lottery in your /hotf!
22:30:34 §bNew day! §r§eYour §r§2Lottery §r§ebuff changed!
22:30:34 §eNew buff§r§r§r: §r§fGain §r§a+5% §r§2∮ Sweep§r§f.
22:30:34 §8§oYou can disable this messaging by toggling Lottery in your /hotf!
22:30:51 §bNew day! §r§eYour §r§2Lottery §r§ebuff changed!
22:30:51 §eNew buff§r§r§r: §r§fGain §r§a+5% §r§2∮ Sweep§r§f.
22:30:51 §8§oYou can disable this messaging by toggling Lottery in your /hotf!
22:31:02 §bNew day! §r§eYour §r§2Lottery §r§ebuff changed!
22:31:02 §eNew buff§r§r§r: §r§fGain §r§a+5% §r§2∮ Sweep§r§f.
22:31:02 §8§oYou can disable this messaging by toggling Lottery in your /hotf!
22:31:10 §bNew day! §r§eYour §r§2Lottery §r§ebuff changed!
22:31:10 §eNew buff§r§r§r: §r§fGain §r§a+5% §r§2∮ Sweep§r§f.
22:31:10 §8§oYou can disable this messaging by toggling Lottery in your /hotf!
22:31:19 §bNew day! §r§eYour §r§2Lottery §r§ebuff changed!
22:31:19 §eNew buff§r§r§r: §r§fGain §r§a+5% §r§2∮ Sweep§r§f.
22:31:19 §8§oYou can disable this messaging by toggling Lottery in your /hotf!
22:31:47 §bNew day! §r§eYour §r§2Lottery §r§ebuff changed!
22:31:47 §eNew buff§r§r§r: §r§fGain §r§a+5% §r§2∮ Sweep§r§f.
22:31:47 §8§oYou can disable this messaging by toggling Lottery in your /hotf!
22:31:55 §bNew day! §r§eYour §r§2Lottery §r§ebuff changed!
22:31:55 §eNew buff§r§r§r: §r§fGain §r§a+5% §r§2∮ Sweep§r§f.
22:31:55 §8§oYou can disable this messaging by toggling Lottery in your /hotf!
22:32:02 §bNew day! §r§eYour §r§2Lottery §r§ebuff changed!
22:32:02 §eNew buff§r§r§r: §r§fGain §r§a+5% §r§2∮ Sweep§r§f.
22:32:02 §8§oYou can disable this messaging by toggling Lottery in your /hotf!
22:32:13 §bNew day! §r§eYour §r§2Lottery §r§ebuff changed!
22:32:13 §eNew buff§r§r§r: §r§fGain §r§a+5% §r§2∮ Sweep§r§f.
22:32:13 §8§oYou can disable this messaging by toggling Lottery in your /hotf!
22:35:00 §bNew day! §r§eYour §r§2Lottery §r§ebuff changed!
22:35:00 §eNew buff§r§r§r: §r§fGain §r§a+50 §r§6☘ Mangrove Fortune§r§f.
22:35:00 §8§oYou can disable this messaging by toggling Lottery in your /hotf!
22:55:00 §bNew day! §r§eYour §r§2Lottery §r§ebuff changed!
22:55:00 §eNew buff§r§r§r: §r§fGain §r§a+50 §r§6☘ Fig Fortune§r§f.
22:55:00 §8§oYou can disable this messaging by toggling Lottery in your /hotf!
23:00:57 §bNew day! §r§eYour §r§2Lottery §r§ebuff changed!
23:00:57 §eNew buff§r§r§r: §r§fGain §r§a+50 §r§6☘ Fig Fortune§r§f.
23:00:57 §8§oYou can disable this messaging by toggling Lottery in your /hotf!
23:04:20 §bNew day! §r§eYour §r§2Lottery §r§ebuff changed!
23:04:20 §eNew buff§r§r§r: §r§fGain §r§a+50 §r§6☘ Fig Fortune§r§f.
23:04:20 §8§oYou can disable this messaging by toggling Lottery in your /hotf!
