13:25:35 §f                                  §6§lBESTIARY
13:25:35 §f                        §b§lRedstone Pigman §7§83 §8➡§b §b4
13:25:35 
13:25:35                                   §r§6§lREWARDS
13:25:35                     §r§8+§r§a2 Redstone Pigman §r§b✯ Magic Find
13:25:35                     §r§8+§r§a2 Redstone Pigman §r§c❁ Strength
13:25:35                         §r§8+§r§62% §r§aRedstone Pigman §r§7coins
13:25:35                     §r§8+§r§a50% §r§7chance for extra XP orbs
13:25:35                                §r§8+§r§b1 SkyBlock XP
13:25:35 
13:25:35 §3§l▬▬▬▬▬▬▬▬▬▬▬▬▬▬▬▬▬▬▬▬▬▬▬▬▬▬▬▬▬▬▬▬▬▬▬▬▬▬▬▬▬▬▬▬▬▬▬▬▬▬▬▬▬▬▬▬▬▬▬▬▬▬▬▬
13:33:42 §f                                  §6§lBESTIARY
13:33:42 §f                        §b§lRedstone Pigman §7§84 §8➡§b §b5
13:33:42 
13:33:42                                   §r§6§lREWARDS
13:33:42                     §r§8+§r§a2 Redstone Pigman §r§b✯ Magic Find
13:33:42                     §r§8+§r§a2 Redstone Pigman §r§c❁ Strength
13:33:42                         §r§8+§r§62% §r§aRedstone Pigman §r§7coins
13:33:42                     §r§8+§r§a50% §r§7chance for extra XP orbs
13:33:42                                §r§8+§r§b1 SkyBlock XP
13:33:42 
13:33:42 §3§l▬▬▬▬▬▬▬▬▬▬▬▬▬▬▬▬▬▬▬▬▬▬▬▬▬▬▬▬▬▬▬▬▬▬▬▬▬▬▬▬▬▬▬▬▬▬▬▬▬▬▬▬▬▬▬▬▬▬▬▬▬▬▬▬
13:38:53 §f                                  §6§lBESTIARY
13:38:53 §f                             §b§lEmerald Slime §7§b1
13:38:53 
13:38:53                                   §r§6§lREWARDS
13:38:53                       §r§8+§r§a2 Emerald Slime §r§b✯ Magic Find
13:38:53                       §r§8+§r§a2 Emerald Slime §r§c❁ Strength
13:38:53                           §r§8+§r§62% §r§aEmerald Slime §r§7coins
13:38:53                     §r§8+§r§a50% §r§7chance for extra XP orbs
13:38:53                                §r§8+§r§b1 SkyBlock XP
13:38:53 
13:38:53 §3§l▬▬▬▬▬▬▬▬▬▬▬▬▬▬▬▬▬▬▬▬▬▬▬▬▬▬▬▬▬▬▬▬▬▬▬▬▬▬▬▬▬▬▬▬▬▬▬▬▬▬▬▬▬▬▬▬▬▬▬▬▬▬▬▬
13:40:01 §f                                  §6§lBESTIARY
13:40:01 §f                          §b§lEmerald Slime §7§81 §8➡§b §b2
13:40:01 
13:40:01                                   §r§6§lREWARDS
13:40:01                       §r§8+§r§a2 Emerald Slime §r§b✯ Magic Find
13:40:01                       §r§8+§r§a2 Emerald Slime §r§c❁ Strength
13:40:01                           §r§8+§r§62% §r§aEmerald Slime §r§7coins
13:40:01                     §r§8+§r§a50% §r§7chance for extra XP orbs
13:40:01                                §r§8+§r§b1 SkyBlock XP
13:40:01 
13:40:01 §3§l▬▬▬▬▬▬▬▬▬▬▬▬▬▬▬▬▬▬▬▬▬▬▬▬▬▬▬▬▬▬▬▬▬▬▬▬▬▬▬▬▬▬▬▬▬▬▬▬▬▬▬▬▬▬▬▬▬▬▬▬▬▬▬▬
13:43:59 §f                                  §6§lBESTIARY
13:43:59 §f                          §b§lEmerald Slime §7§82 §8➡§b §b3
13:43:59 
13:43:59                                   §r§6§lREWARDS
13:43:59                       §r§8+§r§a2 Emerald Slime §r§b✯ Magic Find
13:43:59                       §r§8+§r§a2 Emerald Slime §r§c❁ Strength
13:43:59                           §r§8+§r§62% §r§aEmerald Slime §r§7coins
13:43:59                     §r§8+§r§a50% §r§7chance for extra XP orbs
13:43:59                                §r§8+§r§b1 SkyBlock XP
13:43:59 
13:43:59 §3§l▬▬▬▬▬▬▬▬▬▬▬▬▬▬▬▬▬▬▬▬▬▬▬▬▬▬▬▬▬▬▬▬▬▬▬▬▬▬▬▬▬▬▬▬▬▬▬▬▬▬▬▬▬▬▬▬▬▬▬▬▬▬▬▬
13:45:15 §f                                  §6§lBESTIARY
13:45:15 §f                          §b§lEmerald Slime §7§83 §8➡§b §b4
13:45:15 
13:45:15                                   §r§6§lREWARDS
13:45:15                       §r§8+§r§a2 Emerald Slime §r§b✯ Magic Find
13:45:15                       §r§8+§r§a2 Emerald Slime §r§c❁ Strength
13:45:15                           §r§8+§r§62% §r§aEmerald Slime §r§7coins
13:45:15                     §r§8+§r§a50% §r§7chance for extra XP orbs
13:45:15                                §r§8+§r§b1 SkyBlock XP
13:45:15 
13:45:15 §3§l▬▬▬▬▬▬▬▬▬▬▬▬▬▬▬▬▬▬▬▬▬▬▬▬▬▬▬▬▬▬▬▬▬▬▬▬▬▬▬▬▬▬▬▬▬▬▬▬▬▬▬▬▬▬▬▬▬▬▬▬▬▬▬▬
13:51:44 §f                                  §6§lBESTIARY
13:51:44 §f                          §b§lEmerald Slime §7§84 §8➡§b §b5
13:51:44 
13:51:44                                   §r§6§lREWARDS
13:51:44                       §r§8+§r§a2 Emerald Slime §r§b✯ Magic Find
13:51:44                       §r§8+§r§a2 Emerald Slime §r§c❁ Strength
13:51:44                           §r§8+§r§62% §r§aEmerald Slime §r§7coins
13:51:44                     §r§8+§r§a50% §r§7chance for extra XP orbs
13:51:44                                §r§8+§r§b1 SkyBlock XP
13:51:44 
13:51:44 §3§l▬▬▬▬▬▬▬▬▬▬▬▬▬▬▬▬▬▬▬▬▬▬▬▬▬▬▬▬▬▬▬▬▬▬▬▬▬▬▬▬▬▬▬▬▬▬▬▬▬▬▬▬▬▬▬▬▬▬▬▬▬▬▬▬
13:57:49 §f                                  §6§lBESTIARY
13:57:49 §f                              §b§lMiner Zombie §7§b1
13:57:49 
13:57:49                                   §r§6§lREWARDS
13:57:49                       §r§8+§r§a2 Miner Zombie §r§b✯ Magic Find
13:57:49                        §r§8+§r§a2 Miner Zombie §r§c❁ Strength
13:57:49                           §r§8+§r§62% §r§aMiner Zombie §r§7coins
13:57:49                     §r§8+§r§a50% §r§7chance for extra XP orbs
13:57:49                                §r§8+§r§b1 SkyBlock XP
13:57:49 
13:57:49 §3§l▬▬▬▬▬▬▬▬▬▬▬▬▬▬▬▬▬▬▬▬▬▬▬▬▬▬▬▬▬▬▬▬▬▬▬▬▬▬▬▬▬▬▬▬▬▬▬▬▬▬▬▬▬▬▬▬▬▬▬▬▬▬▬▬
13:58:25 §f                                  §6§lBESTIARY
13:58:25 §f                            §b§lMiner Skeleton §7§b1
13:58:25 
13:58:25                                   §r§6§lREWARDS
13:58:25                      §r§8+§r§a2 Miner Skeleton §r§b✯ Magic Find
13:58:25                       §r§8+§r§a2 Miner Skeleton §r§c❁ Strength
13:58:25                          §r§8+§r§62% §r§aMiner Skeleton §r§7coins
13:58:25                     §r§8+§r§a50% §r§7chance for extra XP orbs
13:58:25                                §r§8+§r§b1 SkyBlock XP
13:58:25 
13:58:25   §r§f                         §6§lBESTIARY MILESTONE
13:58:25   §r§f                                    §868➡§e69
13:58:25 §6§lBESTIARY MILESTONE §868➡§e69
13:58:25 §6§lBESTIARY MILESTONE §868➡§e69
13:58:25 §6§lBESTIARY MILESTONE §868➡§e69
13:58:25 §6§lBESTIARY MILESTONE §868➡§e69
13:58:25 
13:59:29 §f                                  §6§lBESTIARY
13:59:29 §f                           §b§lMiner Zombie §7§81 §8➡§b §b2
13:59:29 
13:59:29                                   §r§6§lREWARDS
13:59:29                       §r§8+§r§a2 Miner Zombie §r§b✯ Magic Find
13:59:29                        §r§8+§r§a2 Miner Zombie §r§c❁ Strength
13:59:29                           §r§8+§r§62% §r§aMiner Zombie §r§7coins
13:59:29                     §r§8+§r§a50% §r§7chance for extra XP orbs
13:59:29                                §r§8+§r§b1 SkyBlock XP
13:59:29 
13:59:29 §3§l▬▬▬▬▬▬▬▬▬▬▬▬▬▬▬▬▬▬▬▬▬▬▬▬▬▬▬▬▬▬▬▬▬▬▬▬▬▬▬▬▬▬▬▬▬▬▬▬▬▬▬▬▬▬▬▬▬▬▬▬▬▬▬▬
14:02:11 §f                                  §6§lBESTIARY
14:02:11 §f                           §b§lMiner Zombie §7§82 §8➡§b §b3
14:02:11 
14:02:11                                   §r§6§lREWARDS
14:02:11                       §r§8+§r§a2 Miner Zombie §r§b✯ Magic Find
14:02:11                        §r§8+§r§a2 Miner Zombie §r§c❁ Strength
14:02:11                           §r§8+§r§62% §r§aMiner Zombie §r§7coins
14:02:11                     §r§8+§r§a50% §r§7chance for extra XP orbs
14:02:11                                §r§8+§r§b1 SkyBlock XP
14:02:11 
14:02:11 §3§l▬▬▬▬▬▬▬▬▬▬▬▬▬▬▬▬▬▬▬▬▬▬▬▬▬▬▬▬▬▬▬▬▬▬▬▬▬▬▬▬▬▬▬▬▬▬▬▬▬▬▬▬▬▬▬▬▬▬▬▬▬▬▬▬
14:03:21 §f                                  §6§lBESTIARY
14:03:21 §f                         §b§lMiner Skeleton §7§81 §8➡§b §b2
14:03:21 
14:03:21                                   §r§6§lREWARDS
14:03:21                      §r§8+§r§a2 Miner Skeleton §r§b✯ Magic Find
14:03:21                       §r§8+§r§a2 Miner Skeleton §r§c❁ Strength
14:03:21                          §r§8+§r§62% §r§aMiner Skeleton §r§7coins
14:03:21                     §r§8+§r§a50% §r§7chance for extra XP orbs
14:03:21                                §r§8+§r§b1 SkyBlock XP
14:03:21 
14:03:21 §3§l▬▬▬▬▬▬▬▬▬▬▬▬▬▬▬▬▬▬▬▬▬▬▬▬▬▬▬▬▬▬▬▬▬▬▬▬▬▬▬▬▬▬▬▬▬▬▬▬▬▬▬▬▬▬▬▬▬▬▬▬▬▬▬▬
14:06:10 §f                                  §6§lBESTIARY
14:06:10 §f                           §b§lMiner Zombie §7§83 §8➡§b §b4
14:06:10 
14:06:10                                   §r§6§lREWARDS
14:06:10                       §r§8+§r§a2 Miner Zombie §r§b✯ Magic Find
14:06:10                        §r§8+§r§a2 Miner Zombie §r§c❁ Strength
14:06:10                           §r§8+§r§62% §r§aMiner Zombie §r§7coins
14:06:10                     §r§8+§r§a50% §r§7chance for extra XP orbs
14:06:10                                §r§8+§r§b1 SkyBlock XP
14:06:10 
14:06:10 §3§l▬▬▬▬▬▬▬▬▬▬▬▬▬▬▬▬▬▬▬▬▬▬▬▬▬▬▬▬▬▬▬▬▬▬▬▬▬▬▬▬▬▬▬▬▬▬▬▬▬▬▬▬▬▬▬▬▬▬▬▬▬▬▬▬
14:06:48 §f                                  §6§lBESTIARY
14:06:48 §f                         §b§lMiner Skeleton §7§82 §8➡§b §b3
14:06:48 
14:06:48                                   §r§6§lREWARDS
14:06:48                      §r§8+§r§a2 Miner Skeleton §r§b✯ Magic Find
14:06:48                       §r§8+§r§a2 Miner Skeleton §r§c❁ Strength
14:06:48                          §r§8+§r§62% §r§aMiner Skeleton §r§7coins
14:06:48                     §r§8+§r§a50% §r§7chance for extra XP orbs
14:06:48                                §r§8+§r§b1 SkyBlock XP
14:06:48 
14:06:48 §3§l▬▬▬▬▬▬▬▬▬▬▬▬▬▬▬▬▬▬▬▬▬▬▬▬▬▬▬▬▬▬▬▬▬▬▬▬▬▬▬▬▬▬▬▬▬▬▬▬▬▬▬▬▬▬▬▬▬▬▬▬▬▬▬▬
14:14:02 §f                                  §6§lBESTIARY
14:14:02 §f                         §b§lMiner Skeleton §7§83 §8➡§b §b4
14:14:02 
14:14:02                                   §r§6§lREWARDS
14:14:02                      §r§8+§r§a2 Miner Skeleton §r§b✯ Magic Find
14:14:02                       §r§8+§r§a2 Miner Skeleton §r§c❁ Strength
14:14:02                          §r§8+§r§62% §r§aMiner Skeleton §r§7coins
14:14:02                     §r§8+§r§a50% §r§7chance for extra XP orbs
14:14:02                                §r§8+§r§b1 SkyBlock XP
14:14:02 
14:14:02 §3§l▬▬▬▬▬▬▬▬▬▬▬▬▬▬▬▬▬▬▬▬▬▬▬▬▬▬▬▬▬▬▬▬▬▬▬▬▬▬▬▬▬▬▬▬▬▬▬▬▬▬▬▬▬▬▬▬▬▬▬▬▬▬▬▬
14:15:53 §f                                  §6§lBESTIARY
14:15:53 §f                           §b§lSneaky Creeper §7§b1
14:15:53 
14:15:53                                   §r§6§lREWARDS
14:15:53                     §r§8+§r§a2 Sneaky Creeper §r§b✯ Magic Find
14:15:53                      §r§8+§r§a2 Sneaky Creeper §r§c❁ Strength
14:15:53                         §r§8+§r§62% §r§aSneaky Creeper §r§7coins
14:15:53                     §r§8+§r§a50% §r§7chance for extra XP orbs
14:15:53                                §r§8+§r§b1 SkyBlock XP
14:15:53 
14:15:53 §3§l▬▬▬▬▬▬▬▬▬▬▬▬▬▬▬▬▬▬▬▬▬▬▬▬▬▬▬▬▬▬▬▬▬▬▬▬▬▬▬▬▬▬▬▬▬▬▬▬▬▬▬▬▬▬▬▬▬▬▬▬▬▬▬▬
