11:50:47 §bNew day! §r§eYour §r§2Lottery §r§ebuff changed!
11:50:47 §eNew buff§r§r§r: §r§fGain §r§a+50 §r§6☘ Fig Fortune§r§f.
11:50:47 §8§oYou can disable this messaging by toggling Lottery in your /hotf!
11:51:19 §bNew day! §r§eYour §r§2Lottery §r§ebuff changed!
11:51:19 §eNew buff§r§r§r: §r§fGain §r§a+50 §r§6☘ Fig Fortune§r§f.
11:51:19 §8§oYou can disable this messaging by toggling Lottery in your /hotf!
11:52:24 §bNew day! §r§eYour §r§2Lottery §r§ebuff changed!
11:52:24 §eNew buff§r§r§r: §r§fGain §r§a+50 §r§6☘ Fig Fortune§r§f.
11:52:24 §8§oYou can disable this messaging by toggling Lottery in your /hotf!
11:52:44 §bNew day! §r§eYour §r§2Lottery §r§ebuff changed!
11:52:44 §eNew buff§r§r§r: §r§fGain §r§a+50 §r§6☘ Fig Fortune§r§f.
11:52:44 §8§oYou can disable this messaging by toggling Lottery in your /hotf!
11:53:38 §bNew day! §r§eYour §r§2Lottery §r§ebuff changed!
11:53:38 §eNew buff§r§r§r: §r§fGain §r§a+50 §r§6☘ Fig Fortune§r§f.
11:53:38 §8§oYou can disable this messaging by toggling Lottery in your /hotf!
12:59:05 §bNew day! §r§eYour §r§2Lottery §r§ebuff changed!
12:59:05 §eNew buff§r§r§r: §r§fGain §r§a+5% §r§2∮ Sweep§r§f.
12:59:05 §8§oYou can disable this messaging by toggling Lottery in your /hotf!
13:17:57 §bNew day! §r§eYour §r§2Lottery §r§ebuff changed!
13:17:57 §eNew buff§r§r§r: §r§fGain §r§a+50 §r§6☘ Mangrove Fortune§r§f.
13:17:57 §8§oYou can disable this messaging by toggling Lottery in your /hotf!
13:22:03 §bNew day! §r§eYour §r§2Lottery §r§ebuff changed!
13:22:03 §eNew buff§r§r§r: §r§fGain §r§a+50 §r§6☘ Mangrove Fortune§r§f.
13:22:03 §8§oYou can disable this messaging by toggling Lottery in your /hotf!
13:35:00 §bNew day! §r§eYour §r§2Lottery §r§ebuff changed!
13:35:00 §eNew buff§r§r§r: §r§fGain §r§a+50 §r§6☘ Fig Fortune§r§f.
13:35:00 §8§oYou can disable this messaging by toggling Lottery in your /hotf!
14:16:03 §bNew day! §r§eYour §r§2Lottery §r§ebuff changed!
14:16:03 §eNew buff§r§r§r: §r§fGain §r§a+50 §r§6☘ Fig Fortune§r§f.
14:16:03 §8§oYou can disable this messaging by toggling Lottery in your /hotf!
14:16:14 §bNew day! §r§eYour §r§2Lottery §r§ebuff changed!
14:16:14 §eNew buff§r§r§r: §r§fGain §r§a+50 §r§6☘ Fig Fortune§r§f.
14:16:14 §8§oYou can disable this messaging by toggling Lottery in your /hotf!
14:36:07 §bNew day! §r§eYour §r§2Lottery §r§ebuff changed!
14:36:07 §eNew buff§r§r§r: §r§fGain §r§a+5% §r§2∮ Sweep§r§f.
14:36:07 §8§oYou can disable this messaging by toggling Lottery in your /hotf!
14:40:10 §bNew day! §r§eYour §r§2Lottery §r§ebuff changed!
14:40:10 §eNew buff§r§r§r: §r§fGain §r§a+5% §r§2∮ Sweep§r§f.
14:40:10 §8§oYou can disable this messaging by toggling Lottery in your /hotf!
