11:52:53 §6[Sacks] §r§a+14§r§e items§r§e.§r§8 (Last 10s.)
11:54:33 §6[Sacks] §r§a+2,393§r§e items§r§e.§r§8 (Last 30s.)
11:54:47 §6[Sacks] §r§a+465§r§e items§r§e.§r§8 (Last 13s.)
11:55:47 §6[Sacks] §r§a+741§r§e items§r§e.§r§8 (Last 15s.)
11:56:06 §6[Sacks] §r§a+1,027§r§e items§r§e.§r§8 (Last 15s.)
11:56:23 §6[Sacks] §r§a+706§r§e items§r§e.§r§8 (Last 14s.)
11:56:47 §6[Sacks] §r§a+1,318§r§e items§r§e.§r§8 (Last 21s.)
11:57:22 §6[Sacks] §r§a+2§r§e items§r§e.§r§8 (Last 5s.)
11:57:59 §6[Sacks] §r§a+2,534§r§e items§r§e.§r§8 (Last 30s.)
11:58:24 §6[Sacks] §r§a+770§r§e items§r§e.§r§8 (Last 14s.)
11:58:59 §6[Sacks] §r§a+2,076§r§e items§r§e.§r§8 (Last 30s.)
11:59:08 §6[Sacks] §r§a+447§r§e items§r§e.§r§8 (Last 8s.)
11:59:23 §6[Sacks] §r§a+757§r§e items§r§e.§r§8 (Last 12s.)
11:59:58 §6[Sacks] §r§a+1,926§r§e items§r§e.§r§8 (Last 27s.)
12:00:19 §6[Sacks] §r§a+1,337§r§e items§r§e.§r§8 (Last 18s.)
12:01:11 §6[Sacks] §r§a+1,624§r§e items§r§e.§r§8 (Last 30s.)
12:01:23 §6[Sacks] §r§a+345§r§e items§r§e.§r§8 (Last 11s.)
12:01:45 §6[Sacks] §r§a+1,282§r§e items§r§e.§r§8 (Last 18s.)
12:02:08 §6[Sacks] §r§a+1,202§r§e items§r§e.§r§8 (Last 17s.)
12:02:20 §6[Sacks] §r§a+710§r§e items§r§e.§r§8 (Last 11s.)
12:02:34 §6[Sacks] §r§a+747§r§e items§r§e.§r§8 (Last 11s.)
12:02:56 §6[Sacks] §r§a+686§r§e items§r§e.§r§8 (Last 18s.)
12:03:16 §6[Sacks] §r§a+4§r§e items§r§e.§r§8 (Last 5s.)
12:03:45 §6[Sacks] §r§a+3§r§e items§r§e.§r§8 (Last 5s.)
12:04:10 §6[Sacks] §r§a+4§r§e items§r§e.§r§8 (Last 5s.)
12:04:16 §6[Sacks] §r§a+7§r§e items§r§e.§r§8 (Last 5s.)
12:04:26 §6[Sacks] §r§a+7§r§e items§r§e.§r§8 (Last 5s.)
12:04:53 §6[Sacks] §r§a+14§r§e items§r§e.§r§8 (Last 21s.)
12:05:00 §6[Sacks] §r§a+1§r§e item§r§e.§r§8 (Last 5s.)
12:06:33 §6[Sacks] §r§a+5§r§e items§r§e.§r§8 (Last 13s.)
12:06:56 §6[Sacks] §r§a+12§r§e items§r§e.§r§8 (Last 18s.)
12:07:33 §6[Sacks] §r§a+12§r§e items§r§e.§r§8 (Last 23s.)
12:07:58 §6[Sacks] §r§a+2§r§e items§r§e.§r§8 (Last 5s.)
12:08:42 §6[Sacks] §r§a+71§r§e items§r§e.§r§8 (Last 30s.)
12:08:49 §6[Sacks] §r§a+5§r§e items§r§e.§r§8 (Last 5s.)
12:09:08 §6[Sacks] §r§a+8§r§e items§r§e.§r§8 (Last 12s.)
12:09:24 §6[Sacks] §r§a+8§r§e items§r§e.§r§8 (Last 13s.)
12:10:27 §6[Sacks] §r§a+12§r§e items§r§e.§r§8 (Last 19s.)
12:10:59 §6[Sacks] §r§a+19§r§e items§r§e.§r§8 (Last 30s.)
12:11:19 §6[Sacks] §r§a+6§r§e items§r§e.§r§8 (Last 14s.)
12:11:36 §6[Sacks] §r§a+4§r§e items§r§e.§r§8 (Last 14s.)
12:12:16 §6[Sacks] §r§a+14§r§e items§r§e.§r§8 (Last 30s.)
12:12:25 §6[Sacks] §r§a+6§r§e items§r§e.§r§8 (Last 7s.)
12:12:38 §6[Sacks] §r§a+8§r§e items§r§e.§r§8 (Last 11s.)
12:12:56 §6[Sacks] §r§a+6§r§e items§r§e.§r§8 (Last 11s.)
12:13:05 §6[Sacks] §r§a+3§r§e items§r§e.§r§8 (Last 8s.)
12:13:21 §6[Sacks] §r§a+10§r§e items§r§e.§r§8 (Last 16s.)
12:13:41 §6[Sacks] §r§a+12§r§e items§r§e.§r§8 (Last 18s.)
12:13:57 §6[Sacks] §r§a+7§r§e items§r§e.§r§8 (Last 14s.)
12:14:14 §6[Sacks] §r§a+8§r§e items§r§e.§r§8 (Last 15s.)
12:14:37 §6[Sacks] §r§a+13§r§e items§r§e.§r§8 (Last 20s.)
12:14:45 §6[Sacks] §r§a+3§r§e items§r§e.§r§8 (Last 6s.)
12:15:17 §6[Sacks] §r§a+17§r§e items§r§e.§r§8 (Last 25s.)
12:15:25 §6[Sacks] §r§a+2§r§e items§r§e.§r§8 (Last 7s.)
12:15:47 §6[Sacks] §r§a+4§r§e items§r§e.§r§8 (Last 9s.)
12:16:14 §6[Sacks] §r§a+13§r§e items§r§e.§r§8 (Last 22s.)
12:16:44 §6[Sacks] §r§a+19§r§e items§r§e.§r§8 (Last 29s.)
12:16:53 §6[Sacks] §r§a+2§r§e items§r§e.§r§8 (Last 7s.)
12:17:01 §6[Sacks] §r§a+5§r§e items§r§e.§r§8 (Last 7s.)
12:17:28 §6[Sacks] §r§a+12§r§e items§r§e.§r§8 (Last 21s.)
12:17:35 §6[Sacks] §r§a+2§r§e items§r§e.§r§8 (Last 7s.)
12:18:07 §6[Sacks] §r§a+17§r§e items§r§e.§r§8 (Last 30s.)
12:18:32 §6[Sacks] §r§a+13§r§e items§r§e.§r§8 (Last 18s.)
12:19:15 §6[Sacks] §r§a+19§r§e items§r§e.§r§8 (Last 30s.)
12:19:30 §6[Sacks] §r§a+3§r§e items§r§e.§r§8 (Last 8s.)
12:19:42 §6[Sacks] §r§a+5§r§e items§r§e.§r§8 (Last 10s.)
12:19:52 §6[Sacks] §r§a+5§r§e items§r§e.§r§8 (Last 5s.)
12:20:10 §6[Sacks] §r§a+13§r§e items§r§e.§r§8 (Last 17s.)
12:20:27 §6[Sacks] §r§a+6§r§e items§r§e.§r§8 (Last 15s.)
12:20:41 §6[Sacks] §r§a+8§r§e items§r§e.§r§8 (Last 13s.)
12:20:52 §6[Sacks] §r§a+3§r§e items§r§e.§r§8 (Last 9s.)
12:21:05 §6[Sacks] §r§a+10§r§e items§r§e.§r§8 (Last 12s.)
12:21:36 §6[Sacks] §r§a+19§r§e items§r§e.§r§8 (Last 30s.)
12:22:09 §6[Sacks] §r§a+20§r§e items§r§e.§r§8 (Last 30s.)
12:22:43 §6[Sacks] §r§a+20§r§e items§r§e.§r§8 (Last 30s.)
12:23:02 §6[Sacks] §r§a+7§r§e items§r§e.§r§8 (Last 14s.)
12:23:27 §6[Sacks] §r§a+13§r§e items§r§e.§r§8 (Last 20s.)
12:23:52 §6[Sacks] §r§a+12§r§e items§r§e.§r§8 (Last 19s.)
12:24:36 §6[Sacks] §r§a+7§r§e items§r§e.§r§8 (Last 14s.)
12:25:08 §6[Sacks] §r§a+19§r§e items§r§e.§r§8 (Last 30s.)
12:25:40 §6[Sacks] §r§a+19§r§e items§r§e.§r§8 (Last 30s.)
12:25:57 §6[Sacks] §r§a+3§r§e items§r§e.§r§8 (Last 11s.)
12:26:08 §6[Sacks] §r§a+3§r§e items§r§e.§r§8 (Last 6s.)
12:39:22 §6[Sacks] §r§a+12§r§e items§r§e.§r§8 (Last 22s.)
12:39:49 §6[Sacks] §r§a+12§r§e items§r§e.§r§8 (Last 22s.)
12:40:01 §6[Sacks] §r§a+2§r§e items§r§e.§r§8 (Last 7s.)
12:40:16 §6[Sacks] §r§a+6§r§e items§r§e.§r§8 (Last 8s.)
12:41:24 §6[Sacks] §r§a+19§r§e items§r§e.§r§8 (Last 29s.)
12:42:06 §6[Sacks] §r§a+12§r§e items§r§e.§r§8 (Last 16s.)
12:42:21 §6[Sacks] §r§a+8§r§e items§r§e.§r§8 (Last 13s.)
12:42:41 §6[Sacks] §r§a+12§r§e items§r§e.§r§8 (Last 18s.)
12:43:08 §6[Sacks] §r§a+8§r§e items§r§e.§r§8 (Last 19s.)
12:43:15 §6[Sacks] §r§a+4§r§e items§r§e.§r§8 (Last 5s.)
12:43:33 §6[Sacks] §r§a+8§r§e items§r§e.§r§8 (Last 16s.)
12:44:21 §6[Sacks] §r§a+11§r§e items§r§e.§r§8 (Last 18s.)
12:44:40 §6[Sacks] §r§a+8§r§e items§r§e.§r§8 (Last 14s.)
12:45:20 §6[Sacks] §r§a+13§r§e items§r§e.§r§8 (Last 21s.)
12:46:11 §6[Sacks] §r§a+8§r§e items§r§e.§r§8 (Last 16s.)
12:46:43 §6[Sacks] §r§a+19§r§e items§r§e.§r§8 (Last 30s.)
12:46:51 §6[Sacks] §r§a+7§r§e items§r§e.§r§8 (Last 7s.)
12:47:07 §6[Sacks] §r§a+8§r§e items§r§e.§r§8 (Last 12s.)
12:47:14 §6[Sacks] §r§a+1§r§e item§r§e.§r§8 (Last 5s.)
12:47:44 §6[Sacks] §r§a+7§r§e items§r§e.§r§8 (Last 12s.)
12:48:45 §6[Sacks] §r§a+12§r§e items§r§e.§r§8 (Last 17s.)
12:49:03 §6[Sacks] §r§a+13§r§e items§r§e.§r§8 (Last 17s.)
12:49:29 §6[Sacks] §r§a+8§r§e items§r§e.§r§8 (Last 13s.)
12:49:57 §6[Sacks] §r§a+12§r§e items§r§e.§r§8 (Last 25s.)
12:50:23 §6[Sacks] §r§a+2§r§e items§r§e.§r§8 (Last 5s.)
12:50:48 §6[Sacks] §r§a+12§r§e items§r§e.§r§8 (Last 17s.)
12:51:04 §6[Sacks] §r§a+8§r§e items§r§e.§r§8 (Last 15s.)
12:51:14 §6[Sacks] §r§a+3§r§e items§r§e.§r§8 (Last 7s.)
12:51:28 §6[Sacks] §r§a+10§r§e items§r§e.§r§8 (Last 13s.)
12:51:43 §6[Sacks] §r§a+8§r§e items§r§e.§r§8 (Last 14s.)
12:52:12 §6[Sacks] §r§a+13§r§e items§r§e.§r§8 (Last 17s.)
12:52:29 §6[Sacks] §r§a+8§r§e items§r§e.§r§8 (Last 15s.)
12:53:01 §6[Sacks] §r§a+3§r§e items§r§e.§r§8 (Last 9s.)
12:53:23 §6[Sacks] §r§a+9§r§e items§r§e.§r§8 (Last 15s.)
12:53:41 §6[Sacks] §r§a+12§r§e items§r§e.§r§8 (Last 17s.)
12:53:59 §6[Sacks] §r§a+8§r§e items§r§e.§r§8 (Last 14s.)
12:54:37 §6[Sacks] §r§a+13§r§e items§r§e.§r§8 (Last 19s.)
12:56:46 §6[Sacks] §r§a+3§r§e items§r§e.§r§8 (Last 8s.)
12:57:00 §6[Sacks] §r§a+10§r§e items§r§e.§r§8 (Last 12s.)
12:57:33 §6[Sacks] §r§a+20§r§e items§r§e.§r§8 (Last 30s.)
12:58:04 §6[Sacks] §r§a+6§r§e items§r§e.§r§8 (Last 15s.)
12:58:34 §6[Sacks] §r§a+6§r§e items§r§e.§r§8 (Last 6s.)
13:01:23 §6[Sacks] §r§a+2§r§e items§r§e.§r§8 (Last 5s.)
13:03:52 §6[Sacks] §r§a+3,094§r§e items§r§e.§r§8 (Last 17s.)
13:04:12 §6[Sacks] §r§a+2,466§r§e items§r§e.§r§8 (Last 19s.)
13:04:37 §6[Sacks] §r§a+1,481§r§e items§r§e.§r§8 (Last 9s.)
13:05:02 §6[Sacks] §r§a+801§r§e items§r§e.§r§8 (Last 8s.)
13:05:11 §6[Sacks] §r§a+776§r§e items§r§e.§r§8 (Last 8s.)
13:05:29 §6[Sacks] §r§a+2,391§r§e items§r§e.§r§8 (Last 15s.)
13:05:50 §6[Sacks] §r§a+1,612§r§e items§r§e.§r§8 (Last 13s.)
13:06:01 §6[Sacks] §r§a+797§r§e items§r§e.§r§8 (Last 8s.)
13:06:21 §6[Sacks] §r§a+2,337§r§e items§r§e.§r§8 (Last 17s.)
13:06:37 §6[Sacks] §r§a+811§r§e items§r§e.§r§8 (Last 9s.)
13:06:50 §6[Sacks] §r§a+754§r§e items§r§e.§r§8 (Last 7s.)
13:07:15 §6[Sacks] §r§a+2§r§e items§r§e.§r§8 (Last 5s.)
13:07:21 §6[Sacks] §r§a+3§r§e items§r§e.§r§8 (Last 5s.)
13:07:47 §6[Sacks] §r§a+25§r§e items§r§e.§r§8 (Last 20s.)
13:07:56 §6[Sacks] §r§a+2§r§e items§r§e.§r§8 (Last 5s.)
13:08:17 §6[Sacks] §r§a+16§r§e items§r§e.§r§8 (Last 14s.)
13:08:43 §6[Sacks] §r§a+15§r§e items§r§e.§r§8 (Last 9s.)
13:08:55 §6[Sacks] §r§a+7§r§e items§r§e.§r§8 (Last 7s.)
13:09:28 §6[Sacks] §r§a+27§r§e items§r§e.§r§8 (Last 30s.)
13:09:39 §6[Sacks] §r§a+9§r§e items§r§e.§r§8 (Last 9s.)
13:10:29 §6[Sacks] §r§a+7§r§e items§r§e.§r§8 (Last 7s.)
13:10:45 §6[Sacks] §r§a+2§r§e items§r§e.§r§8 (Last 5s.)
13:11:07 §6[Sacks] §r§a+23§r§e items§r§e.§r§8 (Last 18s.)
13:11:24 §6[Sacks] §r§a+15§r§e items§r§e.§r§8 (Last 13s.)
13:11:50 §6[Sacks] §r§a+15§r§e items§r§e.§r§8 (Last 12s.)
13:12:35 §6[Sacks] §r§a+14§r§e items§r§e.§r§8 (Last 15s.)
13:24:03 §6[Sacks] §r§a+126§r§e items§r§e, §r§c-20,864§r§e items§r§e.§r§8 (Last 23s.)
13:25:11 §6[Sacks] §r§c-405§r§e items§r§e.§r§8 (Last 5s.)
13:25:30 §6[Sacks] §r§a+166§r§e items§r§e, §r§c-6§r§e items§r§e.§r§8 (Last 8s.)
13:26:23 §6[Sacks] §r§a+3§r§e items§r§e.§r§8 (Last 5s.)
13:26:49 §6[Sacks] §r§c-768§r§e items§r§e.§r§8 (Last 5s.)
13:29:43 §6[Sacks] §r§a+121§r§e items§r§e, §r§c-19,392§r§e items§r§e.§r§8 (Last 18s.)
13:30:27 §6[Sacks] §r§c-6§r§e items§r§e.§r§8 (Last 5s.)
13:30:45 §6[Sacks] §r§a+1,383§r§e items§r§e, §r§c-1,472§r§e items§r§e.§r§8 (Last 8s.)
13:32:16 §6[Sacks] §r§a+66§r§e items§r§e.§r§8 (Last 5s.)
13:32:23 §6[Sacks] §r§c-732§r§e items§r§e.§r§8 (Last 5s.)
13:33:40 §6[Sacks] §r§c-19§r§e items§r§e.§r§8 (Last 5s.)
13:34:33 §6[Sacks] §r§c-1,216§r§e items§r§e.§r§8 (Last 5s.)
13:35:29 §6[Sacks] §r§a+112§r§e items§r§e, §r§c-690§r§e items§r§e.§r§8 (Last 14s.)
13:40:18 §6[Sacks] §r§a+2,574§r§e items§r§e.§r§8 (Last 30s.)
13:40:54 §6[Sacks] §r§a+2§r§e items§r§e.§r§8 (Last 5s.)
13:41:20 §6[Sacks] §r§a+3,350§r§e items§r§e.§r§8 (Last 22s.)
13:41:40 §6[Sacks] §r§a+3,403§r§e items§r§e.§r§8 (Last 19s.)
13:42:05 §6[Sacks] §r§a+2,582§r§e items§r§e.§r§8 (Last 23s.)
13:42:21 §6[Sacks] §r§a+860§r§e items§r§e.§r§8 (Last 13s.)
13:42:56 §6[Sacks] §r§a+4,337§r§e items§r§e.§r§8 (Last 30s.)
13:43:26 §6[Sacks] §r§a+3,128§r§e items§r§e.§r§8 (Last 28s.)
13:43:48 §6[Sacks] §r§a+9§r§e items§r§e.§r§8 (Last 5s.)
13:44:14 §6[Sacks] §r§a+8§r§e items§r§e.§r§8 (Last 5s.)
13:44:22 §6[Sacks] §r§a+3§r§e items§r§e.§r§8 (Last 5s.)
13:44:29 §6[Sacks] §r§a+2§r§e items§r§e.§r§8 (Last 5s.)
13:44:45 §6[Sacks] §r§a+9§r§e items§r§e.§r§8 (Last 9s.)
13:45:17 §6[Sacks] §r§a+21§r§e items§r§e.§r§8 (Last 12s.)
13:45:58 §6[Sacks] §r§a+59§r§e items§r§e.§r§8 (Last 30s.)
13:46:15 §6[Sacks] §r§a+24§r§e items§r§e.§r§8 (Last 12s.)
13:46:48 §6[Sacks] §r§a+52§r§e items§r§e.§r§8 (Last 30s.)
13:47:19 §6[Sacks] §r§a+50§r§e items§r§e.§r§8 (Last 30s.)
13:47:51 §6[Sacks] §r§a+36§r§e items§r§e.§r§8 (Last 30s.)
13:48:02 §6[Sacks] §r§a+8§r§e items§r§e.§r§8 (Last 7s.)
13:48:20 §6[Sacks] §r§a+26§r§e items§r§e.§r§8 (Last 17s.)
13:48:47 §6[Sacks] §r§a+33§r§e items§r§e.§r§8 (Last 26s.)
13:49:20 §6[Sacks] §r§a+52§r§e items§r§e.§r§8 (Last 30s.)
13:49:39 §6[Sacks] §r§a+653§r§e items§r§e.§r§8 (Last 16s.)
13:49:48 §6[Sacks] §r§c-247§r§e items§r§e.§r§8 (Last 5s.)
13:52:20 §6[Sacks] §r§a+1,841§r§e items§r§e.§r§8 (Last 29s.)
13:52:53 §6[Sacks] §r§a+1,220§r§e items§r§e.§r§8 (Last 19s.)
13:53:34 §6[Sacks] §r§a+1,918§r§e items§r§e.§r§8 (Last 30s.)
13:53:58 §6[Sacks] §r§a+783§r§e items§r§e.§r§8 (Last 13s.)
13:54:06 §6[Sacks] §r§a+311§r§e items§r§e.§r§8 (Last 7s.)
13:54:21 §6[Sacks] §r§a+947§r§e items§r§e.§r§8 (Last 13s.)
14:09:08 §6[Sacks] §r§a+236§r§e items§r§e, §r§c-20,160§r§e items§r§e.§r§8 (Last 15s.)
14:12:25 §6[Sacks] §r§a+16§r§e items§r§e.§r§8 (Last 7s.)
14:13:04 §6[Sacks] §r§c-2§r§e items§r§e.§r§8 (Last 5s.)
14:13:24 §6[Sacks] §r§a+4§r§e items§r§e.§r§8 (Last 5s.)
14:14:39 §6[Sacks] §r§a+8§r§e items§r§e.§r§8 (Last 5s.)
14:16:49 §6[Sacks] §r§a+40§r§e items§r§e.§r§8 (Last 5s.)
14:17:03 §6[Sacks] §r§a+40§r§e items§r§e.§r§8 (Last 5s.)
14:17:20 §6[Sacks] §r§a+40§r§e items§r§e.§r§8 (Last 5s.)
14:17:29 §6[Sacks] §r§a+40§r§e items§r§e.§r§8 (Last 5s.)
14:17:44 §6[Sacks] §r§a+40§r§e items§r§e.§r§8 (Last 5s.)
14:17:55 §6[Sacks] §r§a+40§r§e items§r§e.§r§8 (Last 5s.)
14:18:08 §6[Sacks] §r§a+40§r§e items§r§e.§r§8 (Last 5s.)
14:18:21 §6[Sacks] §r§a+40§r§e items§r§e.§r§8 (Last 5s.)
14:18:32 §6[Sacks] §r§a+40§r§e items§r§e.§r§8 (Last 5s.)
14:18:42 §6[Sacks] §r§a+40§r§e items§r§e.§r§8 (Last 5s.)
14:18:56 §6[Sacks] §r§a+40§r§e items§r§e.§r§8 (Last 5s.)
14:19:08 §6[Sacks] §r§a+40§r§e items§r§e.§r§8 (Last 5s.)
14:19:31 §6[Sacks] §r§a+64§r§e items§r§e.§r§8 (Last 5s.)
14:19:59 §6[Sacks] §r§a+40§r§e items§r§e.§r§8 (Last 5s.)
14:20:13 §6[Sacks] §r§a+40§r§e items§r§e.§r§8 (Last 5s.)
14:20:26 §6[Sacks] §r§a+40§r§e items§r§e.§r§8 (Last 5s.)
14:20:39 §6[Sacks] §r§a+40§r§e items§r§e.§r§8 (Last 5s.)
14:20:51 §6[Sacks] §r§a+40§r§e items§r§e.§r§8 (Last 5s.)
14:21:04 §6[Sacks] §r§a+40§r§e items§r§e.§r§8 (Last 5s.)
14:21:16 §6[Sacks] §r§a+40§r§e items§r§e.§r§8 (Last 5s.)
14:21:30 §6[Sacks] §r§a+40§r§e items§r§e.§r§8 (Last 5s.)
14:21:41 §6[Sacks] §r§a+64§r§e items§r§e.§r§8 (Last 5s.)
14:21:52 §6[Sacks] §r§a+40§r§e items§r§e.§r§8 (Last 5s.)
14:22:03 §6[Sacks] §r§a+40§r§e items§r§e.§r§8 (Last 5s.)
14:22:16 §6[Sacks] §r§a+40§r§e items§r§e.§r§8 (Last 5s.)
14:22:43 §6[Sacks] §r§a+40§r§e items§r§e.§r§8 (Last 5s.)
14:23:06 §6[Sacks] §r§a+40§r§e items§r§e.§r§8 (Last 5s.)
14:23:19 §6[Sacks] §r§a+40§r§e items§r§e.§r§8 (Last 5s.)
14:23:31 §6[Sacks] §r§a+40§r§e items§r§e.§r§8 (Last 5s.)
14:23:46 §6[Sacks] §r§a+40§r§e items§r§e.§r§8 (Last 5s.)
14:23:59 §6[Sacks] §r§a+40§r§e items§r§e.§r§8 (Last 5s.)
14:24:25 §6[Sacks] §r§a+40§r§e items§r§e.§r§8 (Last 5s.)
14:24:37 §6[Sacks] §r§a+40§r§e items§r§e.§r§8 (Last 5s.)
14:25:06 §6[Sacks] §r§a+40§r§e items§r§e.§r§8 (Last 5s.)
14:25:20 §6[Sacks] §r§a+40§r§e items§r§e.§r§8 (Last 5s.)
14:26:14 §6[Sacks] §r§a+40§r§e items§r§e.§r§8 (Last 5s.)
14:28:35 §6[Sacks] §r§a+40§r§e items§r§e.§r§8 (Last 5s.)
14:39:33 §6[Sacks] §r§c-1,536§r§e items§r§e.§r§8 (Last 5s.)
14:39:52 §6[Sacks] §r§a+125§r§e items§r§e, §r§c-6,857§r§e items§r§e.§r§8 (Last 10s.)
14:40:44 §6[Sacks] §r§a+2§r§e items§r§e.§r§8 (Last 5s.)
14:41:16 §6[Sacks] §r§a+846§r§e items§r§e.§r§8 (Last 15s.)
14:41:37 §6[Sacks] §r§a+440§r§e items§r§e.§r§8 (Last 9s.)
14:42:06 §6[Sacks] §r§a+842§r§e items§r§e.§r§8 (Last 18s.)
14:42:24 §6[Sacks] §r§a+1,386§r§e items§r§e.§r§8 (Last 17s.)
14:42:39 §6[Sacks] §r§a+730§r§e items§r§e.§r§8 (Last 13s.)
14:43:08 §6[Sacks] §r§a+1,400§r§e items§r§e.§r§8 (Last 25s.)
14:43:26 §6[Sacks] §r§a+648§r§e items§r§e.§r§8 (Last 15s.)
14:43:43 §6[Sacks] §r§a+485§r§e items§r§e.§r§8 (Last 8s.)
14:44:00 §6[Sacks] §r§a+921§r§e items§r§e.§r§8 (Last 17s.)
14:44:13 §6[Sacks] §r§a+736§r§e items§r§e.§r§8 (Last 12s.)
14:44:49 §6[Sacks] §r§a+1,675§r§e items§r§e.§r§8 (Last 26s.)
14:45:05 §6[Sacks] §r§a+417§r§e items§r§e.§r§8 (Last 13s.)
14:45:55 §6[Sacks] §r§a+1,410§r§e items§r§e.§r§8 (Last 19s.)
14:46:27 §6[Sacks] §r§a+2,080§r§e items§r§e.§r§8 (Last 30s.)
14:46:49 §6[Sacks] §r§a+739§r§e items§r§e.§r§8 (Last 14s.)
14:47:13 §6[Sacks] §r§a+1,329§r§e items§r§e.§r§8 (Last 22s.)
14:47:34 §6[Sacks] §r§a+1,289§r§e items§r§e.§r§8 (Last 20s.)
14:47:47 §6[Sacks] §r§a+772§r§e items§r§e.§r§8 (Last 12s.)
14:48:36 §6[Sacks] §r§a+1,370§r§e items§r§e.§r§8 (Last 16s.)
14:49:06 §6[Sacks] §r§a+649§r§e items§r§e.§r§8 (Last 28s.)
14:49:16 §6[Sacks] §r§a+2§r§e items§r§e.§r§8 (Last 9s.)
14:49:25 §6[Sacks] §r§a+2§r§e items§r§e.§r§8 (Last 5s.)
14:49:40 §6[Sacks] §r§a+8§r§e items§r§e.§r§8 (Last 12s.)
14:49:58 §6[Sacks] §r§a+13§r§e items§r§e.§r§8 (Last 17s.)
14:50:35 §6[Sacks] §r§a+19§r§e items§r§e.§r§8 (Last 30s.)
14:50:53 §6[Sacks] §r§a+3§r§e items§r§e.§r§8 (Last 6s.)
14:51:09 §6[Sacks] §r§a+10§r§e items§r§e.§r§8 (Last 15s.)
14:51:41 §6[Sacks] §r§a+18§r§e items§r§e.§r§8 (Last 30s.)
14:51:49 §6[Sacks] §r§a+3§r§e items§r§e.§r§8 (Last 5s.)
14:52:04 §6[Sacks] §r§a+8§r§e items§r§e.§r§8 (Last 13s.)
14:52:22 §6[Sacks] §r§a+13§r§e items§r§e.§r§8 (Last 16s.)
14:52:46 §6[Sacks] §r§a+2§r§e items§r§e.§r§8 (Last 5s.)
14:52:59 §6[Sacks] §r§a+277§r§e items§r§e, §r§c-20,160§r§e items§r§e.§r§8 (Last 12s.)
14:53:19 §6[Sacks] §r§a+732§r§e items§r§e.§r§8 (Last 11s.)
14:53:51 §6[Sacks] §r§a+2,125§r§e items§r§e.§r§8 (Last 30s.)
14:54:12 §6[Sacks] §r§a+1,342§r§e items§r§e.§r§8 (Last 20s.)
14:54:46 §6[Sacks] §r§a+2,077§r§e items§r§e.§r§8 (Last 30s.)
14:55:19 §6[Sacks] §r§a+2,089§r§e items§r§e.§r§8 (Last 30s.)
14:55:32 §6[Sacks] §r§a+716§r§e items§r§e.§r§8 (Last 12s.)
14:55:46 §6[Sacks] §r§a+137§r§e items§r§e, §r§c-9,507§r§e items§r§e.§r§8 (Last 12s.)
