12:03:07 §eOne or more items didn't fit in your inventory and were added to your material stash! §6Click here §eto pick them up!
12:03:07 §eOne or more items didn't fit in your inventory and were added to your item stash! §6Click here §eto pick them up!
12:03:08 §eOne or more items didn't fit in your inventory and were added to your material stash! §6Click here §eto pick them up!
12:03:08 §eOne or more items didn't fit in your inventory and were added to your item stash! §6Click here §eto pick them up!
12:03:08 §eOne or more items didn't fit in your inventory and were added to your material stash! §6Click here §eto pick them up!
12:03:08 §eOne or more items didn't fit in your inventory and were added to your item stash! §6Click here §eto pick them up!
12:03:09 §eOne or more items didn't fit in your inventory and were added to your material stash! §6Click here §eto pick them up!
12:03:09 §eOne or more items didn't fit in your inventory and were added to your item stash! §6Click here §eto pick them up!
12:03:09 §eOne or more items didn't fit in your inventory and were added to your material stash! §6Click here §eto pick them up!
12:03:09 §eOne or more items didn't fit in your inventory and were added to your item stash! §6Click here §eto pick them up!
12:03:09 §eOne or more items didn't fit in your inventory and were added to your material stash! §6Click here §eto pick them up!
12:03:09 §eOne or more items didn't fit in your inventory and were added to your item stash! §6Click here §eto pick them up!
12:03:10 §eOne or more items didn't fit in your inventory and were added to your material stash! §6Click here §eto pick them up!
12:03:10 §eOne or more items didn't fit in your inventory and were added to your item stash! §6Click here §eto pick them up!
12:03:10 §eOne or more items didn't fit in your inventory and were added to your material stash! §6Click here §eto pick them up!
12:03:10 §eOne or more items didn't fit in your inventory and were added to your item stash! §6Click here §eto pick them up!
12:03:11 §eOne or more items didn't fit in your inventory and were added to your material stash! §6Click here §eto pick them up!
12:03:11 §eOne or more items didn't fit in your inventory and were added to your item stash! §6Click here §eto pick them up!
12:03:11 §eOne or more items didn't fit in your inventory and were added to your material stash! §6Click here §eto pick them up!
12:03:11 §eOne or more items didn't fit in your inventory and were added to your item stash! §6Click here §eto pick them up!
12:03:11 §eOne or more items didn't fit in your inventory and were added to your material stash! §6Click here §eto pick them up!
12:03:11 §eOne or more items didn't fit in your inventory and were added to your item stash! §6Click here §eto pick them up!
12:03:30 §eOne or more items didn't fit in your inventory and were added to your material stash! §6Click here §eto pick them up!
12:03:30 §eOne or more items didn't fit in your inventory and were added to your item stash! §6Click here §eto pick them up!
12:03:31 §eOne or more items didn't fit in your inventory and were added to your material stash! §6Click here §eto pick them up!
12:03:31 §eOne or more items didn't fit in your inventory and were added to your item stash! §6Click here §eto pick them up!
12:03:31 §eOne or more items didn't fit in your inventory and were added to your material stash! §6Click here §eto pick them up!
12:03:31 §eOne or more items didn't fit in your inventory and were added to your item stash! §6Click here §eto pick them up!
12:03:31 §eOne or more items didn't fit in your inventory and were added to your material stash! §6Click here §eto pick them up!
12:03:31 §eOne or more items didn't fit in your inventory and were added to your item stash! §6Click here §eto pick them up!
12:03:32 §eOne or more items didn't fit in your inventory and were added to your material stash! §6Click here §eto pick them up!
12:03:32 §eOne or more items didn't fit in your inventory and were added to your item stash! §6Click here §eto pick them up!
12:03:33 §eOne or more items didn't fit in your inventory and were added to your material stash! §6Click here §eto pick them up!
12:03:33 §eOne or more items didn't fit in your inventory and were added to your item stash! §6Click here §eto pick them up!
12:03:34 §eOne or more items didn't fit in your inventory and were added to your material stash! §6Click here §eto pick them up!
12:03:34 §eOne or more items didn't fit in your inventory and were added to your item stash! §6Click here §eto pick them up!
12:03:34 §eOne or more items didn't fit in your inventory and were added to your material stash! §6Click here §eto pick them up!
12:03:34 §eOne or more items didn't fit in your inventory and were added to your item stash! §6Click here §eto pick them up!
12:03:36 §eOne or more items didn't fit in your inventory and were added to your material stash! §6Click here §eto pick them up!
12:03:36 §eOne or more items didn't fit in your inventory and were added to your item stash! §6Click here §eto pick them up!
12:03:37 §eOne or more items didn't fit in your inventory and were added to your material stash! §6Click here §eto pick them up!
12:03:37 §eOne or more items didn't fit in your inventory and were added to your item stash! §6Click here §eto pick them up!
12:03:38 §eOne or more items didn't fit in your inventory and were added to your material stash! §6Click here §eto pick them up!
12:03:38 §eOne or more items didn't fit in your inventory and were added to your item stash! §6Click here §eto pick them up!
12:03:38 §eOne or more items didn't fit in your inventory and were added to your material stash! §6Click here §eto pick them up!
12:03:38 §eOne or more items didn't fit in your inventory and were added to your item stash! §6Click here §eto pick them up!
12:03:39 §eOne or more items didn't fit in your inventory and were added to your material stash! §6Click here §eto pick them up!
12:03:39 §eOne or more items didn't fit in your inventory and were added to your item stash! §6Click here §eto pick them up!
12:03:39 §eOne or more items didn't fit in your inventory and were added to your material stash! §6Click here §eto pick them up!
12:03:39 §eOne or more items didn't fit in your inventory and were added to your item stash! §6Click here §eto pick them up!
12:03:40 §eOne or more items didn't fit in your inventory and were added to your material stash! §6Click here §eto pick them up!
12:03:40 §eOne or more items didn't fit in your inventory and were added to your item stash! §6Click here §eto pick them up!
12:03:40 §eOne or more items didn't fit in your inventory and were added to your material stash! §6Click here §eto pick them up!
12:03:40 §eOne or more items didn't fit in your inventory and were added to your item stash! §6Click here §eto pick them up!
12:03:40 §eOne or more items didn't fit in your inventory and were added to your material stash! §6Click here §eto pick them up!
12:03:40 §eOne or more items didn't fit in your inventory and were added to your item stash! §6Click here §eto pick them up!
12:03:51 §eOne or more items didn't fit in your inventory and were added to your material stash! §6Click here §eto pick them up!
12:03:51 §eOne or more items didn't fit in your inventory and were added to your item stash! §6Click here §eto pick them up!
12:03:51 §eOne or more items didn't fit in your inventory and were added to your material stash! §6Click here §eto pick them up!
12:03:51 §eOne or more items didn't fit in your inventory and were added to your item stash! §6Click here §eto pick them up!
12:03:51 §eOne or more items didn't fit in your inventory and were added to your material stash! §6Click here §eto pick them up!
12:03:51 §eOne or more items didn't fit in your inventory and were added to your item stash! §6Click here §eto pick them up!
12:03:53 §eOne or more items didn't fit in your inventory and were added to your material stash! §6Click here §eto pick them up!
12:03:53 §eOne or more items didn't fit in your inventory and were added to your item stash! §6Click here §eto pick them up!
12:03:53 §eOne or more items didn't fit in your inventory and were added to your material stash! §6Click here §eto pick them up!
12:03:53 §eOne or more items didn't fit in your inventory and were added to your item stash! §6Click here §eto pick them up!
12:03:53 §eOne or more items didn't fit in your inventory and were added to your material stash! §6Click here §eto pick them up!
12:03:53 §eOne or more items didn't fit in your inventory and were added to your item stash! §6Click here §eto pick them up!
12:03:54 §eOne or more items didn't fit in your inventory and were added to your material stash! §6Click here §eto pick them up!
12:03:54 §eOne or more items didn't fit in your inventory and were added to your item stash! §6Click here §eto pick them up!
12:03:54 §eOne or more items didn't fit in your inventory and were added to your material stash! §6Click here §eto pick them up!
12:03:54 §eOne or more items didn't fit in your inventory and were added to your item stash! §6Click here §eto pick them up!
12:03:55 §eOne or more items didn't fit in your inventory and were added to your material stash! §6Click here §eto pick them up!
12:03:55 §eOne or more items didn't fit in your inventory and were added to your item stash! §6Click here §eto pick them up!
12:03:55 §eOne or more items didn't fit in your inventory and were added to your material stash! §6Click here §eto pick them up!
12:03:55 §eOne or more items didn't fit in your inventory and were added to your item stash! §6Click here §eto pick them up!
12:03:58 §eOne or more items didn't fit in your inventory and were added to your material stash! §6Click here §eto pick them up!
12:03:58 §eOne or more items didn't fit in your inventory and were added to your item stash! §6Click here §eto pick them up!
12:03:58 §eOne or more items didn't fit in your inventory and were added to your material stash! §6Click here §eto pick them up!
12:03:58 §eOne or more items didn't fit in your inventory and were added to your item stash! §6Click here §eto pick them up!
12:03:58 §eOne or more items didn't fit in your inventory and were added to your material stash! §6Click here §eto pick them up!
12:03:58 §eOne or more items didn't fit in your inventory and were added to your item stash! §6Click here §eto pick them up!
12:04:00 §eOne or more items didn't fit in your inventory and were added to your material stash! §6Click here §eto pick them up!
12:04:00 §eOne or more items didn't fit in your inventory and were added to your item stash! §6Click here §eto pick them up!
12:04:00 §eOne or more items didn't fit in your inventory and were added to your material stash! §6Click here §eto pick them up!
12:04:00 §eOne or more items didn't fit in your inventory and were added to your item stash! §6Click here §eto pick them up!
12:04:00 §eOne or more items didn't fit in your inventory and were added to your material stash! §6Click here §eto pick them up!
12:04:00 §eOne or more items didn't fit in your inventory and were added to your item stash! §6Click here §eto pick them up!
12:04:00 §eOne or more items didn't fit in your inventory and were added to your material stash! §6Click here §eto pick them up!
12:04:00 §eOne or more items didn't fit in your inventory and were added to your item stash! §6Click here §eto pick them up!
12:04:01 §eOne or more items didn't fit in your inventory and were added to your material stash! §6Click here §eto pick them up!
12:04:01 §eOne or more items didn't fit in your inventory and were added to your item stash! §6Click here §eto pick them up!
12:04:01 §eOne or more items didn't fit in your inventory and were added to your material stash! §6Click here §eto pick them up!
12:04:01 §eOne or more items didn't fit in your inventory and were added to your item stash! §6Click here §eto pick them up!
12:04:02 §eOne or more items didn't fit in your inventory and were added to your material stash! §6Click here §eto pick them up!
12:04:02 §eOne or more items didn't fit in your inventory and were added to your item stash! §6Click here §eto pick them up!
12:04:02 §eOne or more items didn't fit in your inventory and were added to your material stash! §6Click here §eto pick them up!
12:04:02 §eOne or more items didn't fit in your inventory and were added to your item stash! §6Click here §eto pick them up!
12:04:02 §eOne or more items didn't fit in your inventory and were added to your material stash! §6Click here §eto pick them up!
12:04:02 §eOne or more items didn't fit in your inventory and were added to your item stash! §6Click here §eto pick them up!
12:04:03 §f                §7You have §32,388 §7materials stashed away!
12:04:03 §f               §8(This totals 1 type of material stashed!)
12:04:03 §f                §3§l>>> §3§lCLICK HERE§b to pick them up! §3§l<<<
12:04:03 §eOne or more items didn't fit in your inventory and were added to your material stash! §6Click here §eto pick them up!
12:04:03 §eOne or more items didn't fit in your inventory and were added to your item stash! §6Click here §eto pick them up!
12:04:04 §eOne or more items didn't fit in your inventory and were added to your material stash! §6Click here §eto pick them up!
12:04:04 §eOne or more items didn't fit in your inventory and were added to your item stash! §6Click here §eto pick them up!
12:04:05 §eOne or more items didn't fit in your inventory and were added to your material stash! §6Click here §eto pick them up!
12:04:05 §eOne or more items didn't fit in your inventory and were added to your item stash! §6Click here §eto pick them up!
13:07:10 §eOne or more items didn't fit in your inventory and were added to your material stash! §6Click here §eto pick them up!
13:07:10 §eOne or more items didn't fit in your inventory and were added to your item stash! §6Click here §eto pick them up!
13:07:10 §eOne or more items didn't fit in your inventory and were added to your material stash! §6Click here §eto pick them up!
13:07:10 §eOne or more items didn't fit in your inventory and were added to your item stash! §6Click here §eto pick them up!
13:07:14 §eOne or more items didn't fit in your inventory and were added to your material stash! §6Click here §eto pick them up!
13:07:14 §eOne or more items didn't fit in your inventory and were added to your item stash! §6Click here §eto pick them up!
13:07:14 §eOne or more items didn't fit in your inventory and were added to your material stash! §6Click here §eto pick them up!
13:07:14 §eOne or more items didn't fit in your inventory and were added to your item stash! §6Click here §eto pick them up!
13:07:14 §eOne or more items didn't fit in your inventory and were added to your material stash! §6Click here §eto pick them up!
13:07:14 §eOne or more items didn't fit in your inventory and were added to your item stash! §6Click here §eto pick them up!
13:07:14 §eOne or more items didn't fit in your inventory and were added to your material stash! §6Click here §eto pick them up!
13:07:14 §eOne or more items didn't fit in your inventory and were added to your item stash! §6Click here §eto pick them up!
13:07:14 §eOne or more items didn't fit in your inventory and were added to your material stash! §6Click here §eto pick them up!
13:07:14 §eOne or more items didn't fit in your inventory and were added to your item stash! §6Click here §eto pick them up!
13:07:14 §eOne or more items didn't fit in your inventory and were added to your material stash! §6Click here §eto pick them up!
13:07:14 §eOne or more items didn't fit in your inventory and were added to your item stash! §6Click here §eto pick them up!
13:07:15 §eOne or more items didn't fit in your inventory and were added to your material stash! §6Click here §eto pick them up!
13:07:15 §eOne or more items didn't fit in your inventory and were added to your item stash! §6Click here §eto pick them up!
13:07:15 §eOne or more items didn't fit in your inventory and were added to your material stash! §6Click here §eto pick them up!
13:07:15 §eOne or more items didn't fit in your inventory and were added to your item stash! §6Click here §eto pick them up!
13:07:16 §eOne or more items didn't fit in your inventory and were added to your material stash! §6Click here §eto pick them up!
13:07:16 §eOne or more items didn't fit in your inventory and were added to your item stash! §6Click here §eto pick them up!
13:07:16 §eOne or more items didn't fit in your inventory and were added to your material stash! §6Click here §eto pick them up!
13:07:16 §eOne or more items didn't fit in your inventory and were added to your item stash! §6Click here §eto pick them up!
13:07:16 §eOne or more items didn't fit in your inventory and were added to your material stash! §6Click here §eto pick them up!
13:07:16 §eOne or more items didn't fit in your inventory and were added to your item stash! §6Click here §eto pick them up!
13:07:16 §eOne or more items didn't fit in your inventory and were added to your material stash! §6Click here §eto pick them up!
13:07:16 §eOne or more items didn't fit in your inventory and were added to your item stash! §6Click here §eto pick them up!
13:07:16 §eOne or more items didn't fit in your inventory and were added to your material stash! §6Click here §eto pick them up!
13:07:16 §eOne or more items didn't fit in your inventory and were added to your item stash! §6Click here §eto pick them up!
13:07:16 §eOne or more items didn't fit in your inventory and were added to your material stash! §6Click here §eto pick them up!
13:07:16 §eOne or more items didn't fit in your inventory and were added to your item stash! §6Click here §eto pick them up!
13:07:16 §eOne or more items didn't fit in your inventory and were added to your material stash! §6Click here §eto pick them up!
13:07:16 §eOne or more items didn't fit in your inventory and were added to your item stash! §6Click here §eto pick them up!
13:07:16 §eOne or more items didn't fit in your inventory and were added to your material stash! §6Click here §eto pick them up!
13:07:16 §eOne or more items didn't fit in your inventory and were added to your item stash! §6Click here §eto pick them up!
13:07:17 §f                 §7You have §3832 §7materials stashed away!
13:07:17 §f               §8(This totals 1 type of material stashed!)
13:07:17 §f                §3§l>>> §3§lCLICK HERE§b to pick them up! §3§l<<<
13:08:17 §f                 §7You have §3832 §7materials stashed away!
13:08:17 §f               §8(This totals 1 type of material stashed!)
13:08:17 §f                §3§l>>> §3§lCLICK HERE§b to pick them up! §3§l<<<
13:09:17 §f                 §7You have §3832 §7materials stashed away!
13:09:17 §f               §8(This totals 1 type of material stashed!)
13:09:17 §f                §3§l>>> §3§lCLICK HERE§b to pick them up! §3§l<<<
13:10:17 §f                 §7You have §3832 §7materials stashed away!
13:10:17 §f               §8(This totals 1 type of material stashed!)
13:10:17 §f                §3§l>>> §3§lCLICK HERE§b to pick them up! §3§l<<<
13:11:17 §f                 §7You have §3832 §7materials stashed away!
13:11:17 §f               §8(This totals 1 type of material stashed!)
13:11:17 §f                §3§l>>> §3§lCLICK HERE§b to pick them up! §3§l<<<
13:12:17 §f                 §7You have §3832 §7materials stashed away!
13:12:17 §f               §8(This totals 1 type of material stashed!)
13:12:17 §f                §3§l>>> §3§lCLICK HERE§b to pick them up! §3§l<<<
13:43:49 §eOne or more items didn't fit in your inventory and were added to your material stash! §6Click here §eto pick them up!
13:43:49 §eOne or more items didn't fit in your inventory and were added to your item stash! §6Click here §eto pick them up!
13:43:50 §eOne or more items didn't fit in your inventory and were added to your material stash! §6Click here §eto pick them up!
13:43:50 §eOne or more items didn't fit in your inventory and were added to your item stash! §6Click here §eto pick them up!
13:43:50 §eOne or more items didn't fit in your inventory and were added to your material stash! §6Click here §eto pick them up!
13:43:50 §eOne or more items didn't fit in your inventory and were added to your item stash! §6Click here §eto pick them up!
13:43:50 §eOne or more items didn't fit in your inventory and were added to your material stash! §6Click here §eto pick them up!
13:43:50 §eOne or more items didn't fit in your inventory and were added to your item stash! §6Click here §eto pick them up!
13:43:50 §eOne or more items didn't fit in your inventory and were added to your material stash! §6Click here §eto pick them up!
13:43:50 §eOne or more items didn't fit in your inventory and were added to your item stash! §6Click here §eto pick them up!
13:43:50 §eOne or more items didn't fit in your inventory and were added to your material stash! §6Click here §eto pick them up!
13:43:50 §eOne or more items didn't fit in your inventory and were added to your item stash! §6Click here §eto pick them up!
13:43:50 §eOne or more items didn't fit in your inventory and were added to your material stash! §6Click here §eto pick them up!
13:43:50 §eOne or more items didn't fit in your inventory and were added to your item stash! §6Click here §eto pick them up!
13:43:50 §eOne or more items didn't fit in your inventory and were added to your material stash! §6Click here §eto pick them up!
13:43:50 §eOne or more items didn't fit in your inventory and were added to your item stash! §6Click here §eto pick them up!
13:43:50 §eOne or more items didn't fit in your inventory and were added to your material stash! §6Click here §eto pick them up!
13:43:50 §eOne or more items didn't fit in your inventory and were added to your item stash! §6Click here §eto pick them up!
13:43:50 §eOne or more items didn't fit in your inventory and were added to your material stash! §6Click here §eto pick them up!
13:43:50 §eOne or more items didn't fit in your inventory and were added to your item stash! §6Click here §eto pick them up!
13:43:50 §eOne or more items didn't fit in your inventory and were added to your material stash! §6Click here §eto pick them up!
13:43:50 §eOne or more items didn't fit in your inventory and were added to your item stash! §6Click here §eto pick them up!
13:43:50 §eOne or more items didn't fit in your inventory and were added to your material stash! §6Click here §eto pick them up!
13:43:50 §eOne or more items didn't fit in your inventory and were added to your item stash! §6Click here §eto pick them up!
13:43:50 §eOne or more items didn't fit in your inventory and were added to your material stash! §6Click here §eto pick them up!
13:43:50 §eOne or more items didn't fit in your inventory and were added to your item stash! §6Click here §eto pick them up!
13:43:50 §eOne or more items didn't fit in your inventory and were added to your material stash! §6Click here §eto pick them up!
13:43:50 §eOne or more items didn't fit in your inventory and were added to your item stash! §6Click here §eto pick them up!
13:43:51 §eOne or more items didn't fit in your inventory and were added to your material stash! §6Click here §eto pick them up!
13:43:51 §eOne or more items didn't fit in your inventory and were added to your item stash! §6Click here §eto pick them up!
13:43:51 §eOne or more items didn't fit in your inventory and were added to your material stash! §6Click here §eto pick them up!
13:43:51 §eOne or more items didn't fit in your inventory and were added to your item stash! §6Click here §eto pick them up!
13:43:51 §eOne or more items didn't fit in your inventory and were added to your material stash! §6Click here §eto pick them up!
13:43:51 §eOne or more items didn't fit in your inventory and were added to your item stash! §6Click here §eto pick them up!
13:43:53 §eOne or more items didn't fit in your inventory and were added to your material stash! §6Click here §eto pick them up!
13:43:53 §eOne or more items didn't fit in your inventory and were added to your item stash! §6Click here §eto pick them up!
13:43:53 §eOne or more items didn't fit in your inventory and were added to your material stash! §6Click here §eto pick them up!
13:43:53 §eOne or more items didn't fit in your inventory and were added to your item stash! §6Click here §eto pick them up!
13:43:53 §eOne or more items didn't fit in your inventory and were added to your material stash! §6Click here §eto pick them up!
13:43:53 §eOne or more items didn't fit in your inventory and were added to your item stash! §6Click here §eto pick them up!
13:43:53 §eOne or more items didn't fit in your inventory and were added to your material stash! §6Click here §eto pick them up!
13:43:53 §eOne or more items didn't fit in your inventory and were added to your item stash! §6Click here §eto pick them up!
13:43:53 §eOne or more items didn't fit in your inventory and were added to your material stash! §6Click here §eto pick them up!
13:43:53 §eOne or more items didn't fit in your inventory and were added to your item stash! §6Click here §eto pick them up!
13:43:53 §eOne or more items didn't fit in your inventory and were added to your material stash! §6Click here §eto pick them up!
13:43:53 §eOne or more items didn't fit in your inventory and were added to your item stash! §6Click here §eto pick them up!
13:43:54 §eOne or more items didn't fit in your inventory and were added to your material stash! §6Click here §eto pick them up!
13:43:54 §eOne or more items didn't fit in your inventory and were added to your item stash! §6Click here §eto pick them up!
13:43:54 §eOne or more items didn't fit in your inventory and were added to your material stash! §6Click here §eto pick them up!
13:43:54 §eOne or more items didn't fit in your inventory and were added to your item stash! §6Click here §eto pick them up!
13:43:54 §eOne or more items didn't fit in your inventory and were added to your material stash! §6Click here §eto pick them up!
13:43:54 §eOne or more items didn't fit in your inventory and were added to your item stash! §6Click here §eto pick them up!
13:43:55 §eOne or more items didn't fit in your inventory and were added to your material stash! §6Click here §eto pick them up!
13:43:55 §eOne or more items didn't fit in your inventory and were added to your item stash! §6Click here §eto pick them up!
13:43:55 §eOne or more items didn't fit in your inventory and were added to your material stash! §6Click here §eto pick them up!
13:43:55 §eOne or more items didn't fit in your inventory and were added to your item stash! §6Click here §eto pick them up!
13:43:55 §eOne or more items didn't fit in your inventory and were added to your material stash! §6Click here §eto pick them up!
13:43:55 §eOne or more items didn't fit in your inventory and were added to your item stash! §6Click here §eto pick them up!
13:43:55 §eOne or more items didn't fit in your inventory and were added to your material stash! §6Click here §eto pick them up!
13:43:55 §eOne or more items didn't fit in your inventory and were added to your item stash! §6Click here §eto pick them up!
13:43:55 §eOne or more items didn't fit in your inventory and were added to your material stash! §6Click here §eto pick them up!
13:43:55 §eOne or more items didn't fit in your inventory and were added to your item stash! §6Click here §eto pick them up!
13:43:55 §eOne or more items didn't fit in your inventory and were added to your material stash! §6Click here §eto pick them up!
13:43:55 §eOne or more items didn't fit in your inventory and were added to your item stash! §6Click here §eto pick them up!
13:43:56 §eOne or more items didn't fit in your inventory and were added to your material stash! §6Click here §eto pick them up!
13:43:56 §eOne or more items didn't fit in your inventory and were added to your item stash! §6Click here §eto pick them up!
13:43:56 §eOne or more items didn't fit in your inventory and were added to your material stash! §6Click here §eto pick them up!
13:43:56 §eOne or more items didn't fit in your inventory and were added to your item stash! §6Click here §eto pick them up!
13:43:57 §eOne or more items didn't fit in your inventory and were added to your material stash! §6Click here §eto pick them up!
13:43:57 §eOne or more items didn't fit in your inventory and were added to your item stash! §6Click here §eto pick them up!
13:43:57 §eOne or more items didn't fit in your inventory and were added to your material stash! §6Click here §eto pick them up!
13:43:57 §eOne or more items didn't fit in your inventory and were added to your item stash! §6Click here §eto pick them up!
13:43:58 §eOne or more items didn't fit in your inventory and were added to your material stash! §6Click here §eto pick them up!
13:43:58 §eOne or more items didn't fit in your inventory and were added to your item stash! §6Click here §eto pick them up!
13:43:58 §eOne or more items didn't fit in your inventory and were added to your material stash! §6Click here §eto pick them up!
13:43:58 §eOne or more items didn't fit in your inventory and were added to your item stash! §6Click here §eto pick them up!
13:43:59 §eOne or more items didn't fit in your inventory and were added to your material stash! §6Click here §eto pick them up!
13:43:59 §eOne or more items didn't fit in your inventory and were added to your item stash! §6Click here §eto pick them up!
13:44:01 §eOne or more items didn't fit in your inventory and were added to your material stash! §6Click here §eto pick them up!
13:44:01 §eOne or more items didn't fit in your inventory and were added to your item stash! §6Click here §eto pick them up!
13:44:01 §eOne or more items didn't fit in your inventory and were added to your material stash! §6Click here §eto pick them up!
13:44:01 §eOne or more items didn't fit in your inventory and were added to your item stash! §6Click here §eto pick them up!
13:44:01 §eOne or more items didn't fit in your inventory and were added to your material stash! §6Click here §eto pick them up!
13:44:01 §eOne or more items didn't fit in your inventory and were added to your item stash! §6Click here §eto pick them up!
13:44:03 §eOne or more items didn't fit in your inventory and were added to your material stash! §6Click here §eto pick them up!
13:44:03 §eOne or more items didn't fit in your inventory and were added to your item stash! §6Click here §eto pick them up!
13:44:03 §eOne or more items didn't fit in your inventory and were added to your material stash! §6Click here §eto pick them up!
13:44:03 §eOne or more items didn't fit in your inventory and were added to your item stash! §6Click here §eto pick them up!
13:44:04 §eOne or more items didn't fit in your inventory and were added to your material stash! §6Click here §eto pick them up!
13:44:04 §eOne or more items didn't fit in your inventory and were added to your item stash! §6Click here §eto pick them up!
13:44:04 §eOne or more items didn't fit in your inventory and were added to your material stash! §6Click here §eto pick them up!
13:44:04 §eOne or more items didn't fit in your inventory and were added to your item stash! §6Click here §eto pick them up!
13:44:05 §eOne or more items didn't fit in your inventory and were added to your material stash! §6Click here §eto pick them up!
13:44:05 §eOne or more items didn't fit in your inventory and were added to your item stash! §6Click here §eto pick them up!
13:44:05 §eOne or more items didn't fit in your inventory and were added to your material stash! §6Click here §eto pick them up!
13:44:05 §eOne or more items didn't fit in your inventory and were added to your item stash! §6Click here §eto pick them up!
13:44:07 §eOne or more items didn't fit in your inventory and were added to your material stash! §6Click here §eto pick them up!
13:44:07 §eOne or more items didn't fit in your inventory and were added to your item stash! §6Click here §eto pick them up!
13:44:08 §eOne or more items didn't fit in your inventory and were added to your material stash! §6Click here §eto pick them up!
13:44:08 §eOne or more items didn't fit in your inventory and were added to your item stash! §6Click here §eto pick them up!
13:44:15 §eOne or more items didn't fit in your inventory and were added to your material stash! §6Click here §eto pick them up!
13:44:15 §eOne or more items didn't fit in your inventory and were added to your item stash! §6Click here §eto pick them up!
13:44:15 §eOne or more items didn't fit in your inventory and were added to your material stash! §6Click here §eto pick them up!
13:44:15 §eOne or more items didn't fit in your inventory and were added to your item stash! §6Click here §eto pick them up!
13:44:15 §eOne or more items didn't fit in your inventory and were added to your material stash! §6Click here §eto pick them up!
13:44:15 §eOne or more items didn't fit in your inventory and were added to your item stash! §6Click here §eto pick them up!
13:44:15 §eOne or more items didn't fit in your inventory and were added to your material stash! §6Click here §eto pick them up!
13:44:15 §eOne or more items didn't fit in your inventory and were added to your item stash! §6Click here §eto pick them up!
13:44:15 §eOne or more items didn't fit in your inventory and were added to your material stash! §6Click here §eto pick them up!
13:44:15 §eOne or more items didn't fit in your inventory and were added to your item stash! §6Click here §eto pick them up!
13:44:15 §eOne or more items didn't fit in your inventory and were added to your material stash! §6Click here §eto pick them up!
13:44:15 §eOne or more items didn't fit in your inventory and were added to your item stash! §6Click here §eto pick them up!
13:44:15 §eOne or more items didn't fit in your inventory and were added to your material stash! §6Click here §eto pick them up!
13:44:15 §eOne or more items didn't fit in your inventory and were added to your item stash! §6Click here §eto pick them up!
13:44:16 §eOne or more items didn't fit in your inventory and were added to your material stash! §6Click here §eto pick them up!
13:44:16 §eOne or more items didn't fit in your inventory and were added to your item stash! §6Click here §eto pick them up!
13:44:16 §eOne or more items didn't fit in your inventory and were added to your material stash! §6Click here §eto pick them up!
13:44:16 §eOne or more items didn't fit in your inventory and were added to your item stash! §6Click here §eto pick them up!
13:44:16 §eOne or more items didn't fit in your inventory and were added to your material stash! §6Click here §eto pick them up!
13:44:16 §eOne or more items didn't fit in your inventory and were added to your item stash! §6Click here §eto pick them up!
13:44:16 §eOne or more items didn't fit in your inventory and were added to your material stash! §6Click here §eto pick them up!
13:44:16 §eOne or more items didn't fit in your inventory and were added to your item stash! §6Click here §eto pick them up!
13:44:16 §eOne or more items didn't fit in your inventory and were added to your material stash! §6Click here §eto pick them up!
13:44:16 §eOne or more items didn't fit in your inventory and were added to your item stash! §6Click here §eto pick them up!
13:44:16 §eOne or more items didn't fit in your inventory and were added to your material stash! §6Click here §eto pick them up!
13:44:16 §eOne or more items didn't fit in your inventory and were added to your item stash! §6Click here §eto pick them up!
13:44:16 §eOne or more items didn't fit in your inventory and were added to your material stash! §6Click here §eto pick them up!
13:44:16 §eOne or more items didn't fit in your inventory and were added to your item stash! §6Click here §eto pick them up!
13:44:17 §eOne or more items didn't fit in your inventory and were added to your material stash! §6Click here §eto pick them up!
13:44:17 §eOne or more items didn't fit in your inventory and were added to your item stash! §6Click here §eto pick them up!
13:44:17 §eOne or more items didn't fit in your inventory and were added to your material stash! §6Click here §eto pick them up!
13:44:17 §eOne or more items didn't fit in your inventory and were added to your item stash! §6Click here §eto pick them up!
13:44:17 §eOne or more items didn't fit in your inventory and were added to your material stash! §6Click here §eto pick them up!
13:44:17 §eOne or more items didn't fit in your inventory and were added to your item stash! §6Click here §eto pick them up!
13:44:17 §eOne or more items didn't fit in your inventory and were added to your material stash! §6Click here §eto pick them up!
13:44:17 §eOne or more items didn't fit in your inventory and were added to your item stash! §6Click here §eto pick them up!
13:44:17 §eOne or more items didn't fit in your inventory and were added to your material stash! §6Click here §eto pick them up!
13:44:17 §eOne or more items didn't fit in your inventory and were added to your item stash! §6Click here §eto pick them up!
13:44:22 §eOne or more items didn't fit in your inventory and were added to your material stash! §6Click here §eto pick them up!
13:44:22 §eOne or more items didn't fit in your inventory and were added to your item stash! §6Click here §eto pick them up!
13:44:22 §eOne or more items didn't fit in your inventory and were added to your material stash! §6Click here §eto pick them up!
13:44:22 §eOne or more items didn't fit in your inventory and were added to your item stash! §6Click here §eto pick them up!
13:44:22 §eOne or more items didn't fit in your inventory and were added to your material stash! §6Click here §eto pick them up!
13:44:22 §eOne or more items didn't fit in your inventory and were added to your item stash! §6Click here §eto pick them up!
13:44:22 §eOne or more items didn't fit in your inventory and were added to your material stash! §6Click here §eto pick them up!
13:44:22 §eOne or more items didn't fit in your inventory and were added to your item stash! §6Click here §eto pick them up!
13:44:22 §eOne or more items didn't fit in your inventory and were added to your material stash! §6Click here §eto pick them up!
13:44:22 §eOne or more items didn't fit in your inventory and were added to your item stash! §6Click here §eto pick them up!
13:44:22 §eOne or more items didn't fit in your inventory and were added to your material stash! §6Click here §eto pick them up!
13:44:22 §eOne or more items didn't fit in your inventory and were added to your item stash! §6Click here §eto pick them up!
13:44:22 §eOne or more items didn't fit in your inventory and were added to your material stash! §6Click here §eto pick them up!
13:44:22 §eOne or more items didn't fit in your inventory and were added to your item stash! §6Click here §eto pick them up!
13:44:23 §eOne or more items didn't fit in your inventory and were added to your material stash! §6Click here §eto pick them up!
13:44:23 §eOne or more items didn't fit in your inventory and were added to your item stash! §6Click here §eto pick them up!
13:44:23 §eOne or more items didn't fit in your inventory and were added to your material stash! §6Click here §eto pick them up!
13:44:23 §eOne or more items didn't fit in your inventory and were added to your item stash! §6Click here §eto pick them up!
13:44:23 §eOne or more items didn't fit in your inventory and were added to your material stash! §6Click here §eto pick them up!
13:44:23 §eOne or more items didn't fit in your inventory and were added to your item stash! §6Click here §eto pick them up!
13:44:23 §eOne or more items didn't fit in your inventory and were added to your material stash! §6Click here §eto pick them up!
13:44:23 §eOne or more items didn't fit in your inventory and were added to your item stash! §6Click here §eto pick them up!
13:44:23 §eOne or more items didn't fit in your inventory and were added to your material stash! §6Click here §eto pick them up!
13:44:23 §eOne or more items didn't fit in your inventory and were added to your item stash! §6Click here §eto pick them up!
13:44:23 §eOne or more items didn't fit in your inventory and were added to your material stash! §6Click here §eto pick them up!
13:44:23 §eOne or more items didn't fit in your inventory and were added to your item stash! §6Click here §eto pick them up!
13:44:24 §eOne or more items didn't fit in your inventory and were added to your material stash! §6Click here §eto pick them up!
13:44:24 §eOne or more items didn't fit in your inventory and were added to your item stash! §6Click here §eto pick them up!
13:44:24 §eOne or more items didn't fit in your inventory and were added to your material stash! §6Click here §eto pick them up!
13:44:24 §eOne or more items didn't fit in your inventory and were added to your item stash! §6Click here §eto pick them up!
13:44:24 §eOne or more items didn't fit in your inventory and were added to your material stash! §6Click here §eto pick them up!
13:44:24 §eOne or more items didn't fit in your inventory and were added to your item stash! §6Click here §eto pick them up!
13:44:24 §eOne or more items didn't fit in your inventory and were added to your material stash! §6Click here §eto pick them up!
13:44:24 §eOne or more items didn't fit in your inventory and were added to your item stash! §6Click here §eto pick them up!
13:44:24 §eOne or more items didn't fit in your inventory and were added to your material stash! §6Click here §eto pick them up!
13:44:24 §eOne or more items didn't fit in your inventory and were added to your item stash! §6Click here §eto pick them up!
13:44:28 §eOne or more items didn't fit in your inventory and were added to your material stash! §6Click here §eto pick them up!
13:44:28 §eOne or more items didn't fit in your inventory and were added to your item stash! §6Click here §eto pick them up!
13:44:29 §eOne or more items didn't fit in your inventory and were added to your material stash! §6Click here §eto pick them up!
13:44:29 §eOne or more items didn't fit in your inventory and were added to your item stash! §6Click here §eto pick them up!
13:44:33 §eOne or more items didn't fit in your inventory and were added to your material stash! §6Click here §eto pick them up!
13:44:33 §eOne or more items didn't fit in your inventory and were added to your item stash! §6Click here §eto pick them up!
13:44:34 §eOne or more items didn't fit in your inventory and were added to your material stash! §6Click here §eto pick them up!
13:44:34 §eOne or more items didn't fit in your inventory and were added to your item stash! §6Click here §eto pick them up!
13:44:34 §eOne or more items didn't fit in your inventory and were added to your material stash! §6Click here §eto pick them up!
13:44:34 §eOne or more items didn't fit in your inventory and were added to your item stash! §6Click here §eto pick them up!
13:44:34 §eOne or more items didn't fit in your inventory and were added to your material stash! §6Click here §eto pick them up!
13:44:34 §eOne or more items didn't fit in your inventory and were added to your item stash! §6Click here §eto pick them up!
13:44:34 §eOne or more items didn't fit in your inventory and were added to your material stash! §6Click here §eto pick them up!
13:44:34 §eOne or more items didn't fit in your inventory and were added to your item stash! §6Click here §eto pick them up!
13:44:34 §eOne or more items didn't fit in your inventory and were added to your material stash! §6Click here §eto pick them up!
13:44:34 §eOne or more items didn't fit in your inventory and were added to your item stash! §6Click here §eto pick them up!
13:44:35 §eOne or more items didn't fit in your inventory and were added to your material stash! §6Click here §eto pick them up!
13:44:35 §eOne or more items didn't fit in your inventory and were added to your item stash! §6Click here §eto pick them up!
13:44:35 §eOne or more items didn't fit in your inventory and were added to your material stash! §6Click here §eto pick them up!
13:44:35 §eOne or more items didn't fit in your inventory and were added to your item stash! §6Click here §eto pick them up!
13:44:35 §f                §7You have §34,562 §7materials stashed away!
13:44:35 §f               §8(This totals 1 type of material stashed!)
13:44:35 §f                §3§l>>> §3§lCLICK HERE§b to pick them up! §3§l<<<
13:44:35 §eOne or more items didn't fit in your inventory and were added to your material stash! §6Click here §eto pick them up!
13:44:35 §eOne or more items didn't fit in your inventory and were added to your item stash! §6Click here §eto pick them up!
13:44:35 §eOne or more items didn't fit in your inventory and were added to your material stash! §6Click here §eto pick them up!
13:44:35 §eOne or more items didn't fit in your inventory and were added to your item stash! §6Click here §eto pick them up!
13:44:36 §eOne or more items didn't fit in your inventory and were added to your material stash! §6Click here §eto pick them up!
13:44:36 §eOne or more items didn't fit in your inventory and were added to your item stash! §6Click here §eto pick them up!
13:44:36 §eOne or more items didn't fit in your inventory and were added to your material stash! §6Click here §eto pick them up!
13:44:36 §eOne or more items didn't fit in your inventory and were added to your item stash! §6Click here §eto pick them up!
13:44:41 §eOne or more items didn't fit in your inventory and were added to your material stash! §6Click here §eto pick them up!
13:44:41 §eOne or more items didn't fit in your inventory and were added to your item stash! §6Click here §eto pick them up!
13:44:41 §eOne or more items didn't fit in your inventory and were added to your material stash! §6Click here §eto pick them up!
13:44:41 §eOne or more items didn't fit in your inventory and were added to your item stash! §6Click here §eto pick them up!
13:44:41 §eOne or more items didn't fit in your inventory and were added to your material stash! §6Click here §eto pick them up!
13:44:41 §eOne or more items didn't fit in your inventory and were added to your item stash! §6Click here §eto pick them up!
13:44:41 §eOne or more items didn't fit in your inventory and were added to your material stash! §6Click here §eto pick them up!
13:44:41 §eOne or more items didn't fit in your inventory and were added to your item stash! §6Click here §eto pick them up!
13:44:41 §eOne or more items didn't fit in your inventory and were added to your material stash! §6Click here §eto pick them up!
13:44:41 §eOne or more items didn't fit in your inventory and were added to your item stash! §6Click here §eto pick them up!
13:44:41 §eOne or more items didn't fit in your inventory and were added to your material stash! §6Click here §eto pick them up!
13:44:41 §eOne or more items didn't fit in your inventory and were added to your item stash! §6Click here §eto pick them up!
13:44:42 §eOne or more items didn't fit in your inventory and were added to your material stash! §6Click here §eto pick them up!
13:44:42 §eOne or more items didn't fit in your inventory and were added to your item stash! §6Click here §eto pick them up!
13:44:42 §eOne or more items didn't fit in your inventory and were added to your material stash! §6Click here §eto pick them up!
13:44:42 §eOne or more items didn't fit in your inventory and were added to your item stash! §6Click here §eto pick them up!
13:44:42 §eOne or more items didn't fit in your inventory and were added to your material stash! §6Click here §eto pick them up!
13:44:42 §eOne or more items didn't fit in your inventory and were added to your item stash! §6Click here §eto pick them up!
13:44:43 §eOne or more items didn't fit in your inventory and were added to your material stash! §6Click here §eto pick them up!
13:44:43 §eOne or more items didn't fit in your inventory and were added to your item stash! §6Click here §eto pick them up!
13:44:43 §eOne or more items didn't fit in your inventory and were added to your material stash! §6Click here §eto pick them up!
13:44:43 §eOne or more items didn't fit in your inventory and were added to your item stash! §6Click here §eto pick them up!
13:44:43 §eOne or more items didn't fit in your inventory and were added to your material stash! §6Click here §eto pick them up!
13:44:43 §eOne or more items didn't fit in your inventory and were added to your item stash! §6Click here §eto pick them up!
13:44:43 §eOne or more items didn't fit in your inventory and were added to your material stash! §6Click here §eto pick them up!
13:44:43 §eOne or more items didn't fit in your inventory and were added to your item stash! §6Click here §eto pick them up!
13:44:43 §eOne or more items didn't fit in your inventory and were added to your material stash! §6Click here §eto pick them up!
13:44:43 §eOne or more items didn't fit in your inventory and were added to your item stash! §6Click here §eto pick them up!
13:44:45 §eOne or more items didn't fit in your inventory and were added to your material stash! §6Click here §eto pick them up!
13:44:45 §eOne or more items didn't fit in your inventory and were added to your item stash! §6Click here §eto pick them up!
13:44:45 §eOne or more items didn't fit in your inventory and were added to your material stash! §6Click here §eto pick them up!
13:44:45 §eOne or more items didn't fit in your inventory and were added to your item stash! §6Click here §eto pick them up!
13:44:45 §eOne or more items didn't fit in your inventory and were added to your material stash! §6Click here §eto pick them up!
13:44:45 §eOne or more items didn't fit in your inventory and were added to your item stash! §6Click here §eto pick them up!
13:44:46 §eOne or more items didn't fit in your inventory and were added to your material stash! §6Click here §eto pick them up!
13:44:46 §eOne or more items didn't fit in your inventory and were added to your item stash! §6Click here §eto pick them up!
13:44:46 §eOne or more items didn't fit in your inventory and were added to your material stash! §6Click here §eto pick them up!
13:44:46 §eOne or more items didn't fit in your inventory and were added to your item stash! §6Click here §eto pick them up!
13:44:46 §eOne or more items didn't fit in your inventory and were added to your material stash! §6Click here §eto pick them up!
13:44:46 §eOne or more items didn't fit in your inventory and were added to your item stash! §6Click here §eto pick them up!
13:44:47 §eOne or more items didn't fit in your inventory and were added to your material stash! §6Click here §eto pick them up!
13:44:47 §eOne or more items didn't fit in your inventory and were added to your item stash! §6Click here §eto pick them up!
13:44:47 §eOne or more items didn't fit in your inventory and were added to your material stash! §6Click here §eto pick them up!
13:44:47 §eOne or more items didn't fit in your inventory and were added to your item stash! §6Click here §eto pick them up!
13:44:47 §eOne or more items didn't fit in your inventory and were added to your material stash! §6Click here §eto pick them up!
13:44:47 §eOne or more items didn't fit in your inventory and were added to your item stash! §6Click here §eto pick them up!
13:44:47 §eOne or more items didn't fit in your inventory and were added to your material stash! §6Click here §eto pick them up!
13:44:47 §eOne or more items didn't fit in your inventory and were added to your item stash! §6Click here §eto pick them up!
13:44:47 §eOne or more items didn't fit in your inventory and were added to your material stash! §6Click here §eto pick them up!
13:44:47 §eOne or more items didn't fit in your inventory and were added to your item stash! §6Click here §eto pick them up!
13:44:48 §eOne or more items didn't fit in your inventory and were added to your material stash! §6Click here §eto pick them up!
13:44:48 §eOne or more items didn't fit in your inventory and were added to your item stash! §6Click here §eto pick them up!
13:44:48 §eOne or more items didn't fit in your inventory and were added to your material stash! §6Click here §eto pick them up!
13:44:48 §eOne or more items didn't fit in your inventory and were added to your item stash! §6Click here §eto pick them up!
13:44:49 §eOne or more items didn't fit in your inventory and were added to your material stash! §6Click here §eto pick them up!
13:44:49 §eOne or more items didn't fit in your inventory and were added to your item stash! §6Click here §eto pick them up!
13:44:49 §eOne or more items didn't fit in your inventory and were added to your material stash! §6Click here §eto pick them up!
13:44:49 §eOne or more items didn't fit in your inventory and were added to your item stash! §6Click here §eto pick them up!
13:44:51 §eOne or more items didn't fit in your inventory and were added to your material stash! §6Click here §eto pick them up!
13:44:51 §eOne or more items didn't fit in your inventory and were added to your item stash! §6Click here §eto pick them up!
13:44:51 §eOne or more items didn't fit in your inventory and were added to your material stash! §6Click here §eto pick them up!
13:44:51 §eOne or more items didn't fit in your inventory and were added to your item stash! §6Click here §eto pick them up!
13:44:51 §eOne or more items didn't fit in your inventory and were added to your material stash! §6Click here §eto pick them up!
13:44:51 §eOne or more items didn't fit in your inventory and were added to your item stash! §6Click here §eto pick them up!
13:44:52 §eOne or more items didn't fit in your inventory and were added to your material stash! §6Click here §eto pick them up!
13:44:52 §eOne or more items didn't fit in your inventory and were added to your item stash! §6Click here §eto pick them up!
13:44:52 §eOne or more items didn't fit in your inventory and were added to your material stash! §6Click here §eto pick them up!
13:44:52 §eOne or more items didn't fit in your inventory and were added to your item stash! §6Click here §eto pick them up!
13:44:52 §eOne or more items didn't fit in your inventory and were added to your material stash! §6Click here §eto pick them up!
13:44:52 §eOne or more items didn't fit in your inventory and were added to your item stash! §6Click here §eto pick them up!
13:44:55 §eOne or more items didn't fit in your inventory and were added to your material stash! §6Click here §eto pick them up!
13:44:55 §eOne or more items didn't fit in your inventory and were added to your item stash! §6Click here §eto pick them up!
13:44:55 §eOne or more items didn't fit in your inventory and were added to your material stash! §6Click here §eto pick them up!
13:44:55 §eOne or more items didn't fit in your inventory and were added to your item stash! §6Click here §eto pick them up!
13:44:55 §eOne or more items didn't fit in your inventory and were added to your material stash! §6Click here §eto pick them up!
13:44:55 §eOne or more items didn't fit in your inventory and were added to your item stash! §6Click here §eto pick them up!
13:44:57 §eOne or more items didn't fit in your inventory and were added to your material stash! §6Click here §eto pick them up!
13:44:57 §eOne or more items didn't fit in your inventory and were added to your item stash! §6Click here §eto pick them up!
13:44:57 §eOne or more items didn't fit in your inventory and were added to your material stash! §6Click here §eto pick them up!
13:44:57 §eOne or more items didn't fit in your inventory and were added to your item stash! §6Click here §eto pick them up!
13:44:58 §eOne or more items didn't fit in your inventory and were added to your material stash! §6Click here §eto pick them up!
13:44:58 §eOne or more items didn't fit in your inventory and were added to your item stash! §6Click here §eto pick them up!
13:44:58 §eOne or more items didn't fit in your inventory and were added to your material stash! §6Click here §eto pick them up!
13:44:58 §eOne or more items didn't fit in your inventory and were added to your item stash! §6Click here §eto pick them up!
13:44:59 §eOne or more items didn't fit in your inventory and were added to your material stash! §6Click here §eto pick them up!
13:44:59 §eOne or more items didn't fit in your inventory and were added to your item stash! §6Click here §eto pick them up!
13:45:00 §eOne or more items didn't fit in your inventory and were added to your material stash! §6Click here §eto pick them up!
13:45:00 §eOne or more items didn't fit in your inventory and were added to your item stash! §6Click here §eto pick them up!
13:45:01 §eOne or more items didn't fit in your inventory and were added to your material stash! §6Click here §eto pick them up!
13:45:01 §eOne or more items didn't fit in your inventory and were added to your item stash! §6Click here §eto pick them up!
13:45:03 §eOne or more items didn't fit in your inventory and were added to your material stash! §6Click here §eto pick them up!
13:45:03 §eOne or more items didn't fit in your inventory and were added to your item stash! §6Click here §eto pick them up!
13:45:04 §eOne or more items didn't fit in your inventory and were added to your material stash! §6Click here §eto pick them up!
13:45:04 §eOne or more items didn't fit in your inventory and were added to your item stash! §6Click here §eto pick them up!
13:45:04 §eOne or more items didn't fit in your inventory and were added to your material stash! §6Click here §eto pick them up!
13:45:04 §eOne or more items didn't fit in your inventory and were added to your item stash! §6Click here §eto pick them up!
13:45:05 §eOne or more items didn't fit in your inventory and were added to your material stash! §6Click here §eto pick them up!
13:45:05 §eOne or more items didn't fit in your inventory and were added to your item stash! §6Click here §eto pick them up!
13:45:35 §f                §7You have §36,013 §7materials stashed away!
13:45:35 §f               §8(This totals 1 type of material stashed!)
13:45:35 §f                §3§l>>> §3§lCLICK HERE§b to pick them up! §3§l<<<
13:46:35 §f                §7You have §33,325 §7materials stashed away!
13:46:35 §f               §8(This totals 1 type of material stashed!)
13:46:35 §f                §3§l>>> §3§lCLICK HERE§b to pick them up! §3§l<<<
13:47:35 §f                 §7You have §3573 §7materials stashed away!
13:47:35 §f               §8(This totals 1 type of material stashed!)
13:47:35 §f                §3§l>>> §3§lCLICK HERE§b to pick them up! §3§l<<<
