16:05:33 §bNew day! §r§eYour §r§2Lottery §r§ebuff changed!
16:05:33 §eNew buff§r§r§r: §r§fGain §r§a+5% §r§2∮ Sweep§r§f.
16:05:33 §8§oYou can disable this messaging by toggling Lottery in your /hotf!
16:05:44 §bNew day! §r§eYour §r§2Lottery §r§ebuff changed!
16:05:44 §eNew buff§r§r§r: §r§fGain §r§a+5% §r§2∮ Sweep§r§f.
16:05:44 §8§oYou can disable this messaging by toggling Lottery in your /hotf!
17:47:14 §bNew day! §r§eYour §r§2Lottery §r§ebuff changed!
17:47:14 §eNew buff§r§r§r: §r§fGain §r§a+50 §r§6☘ Mangrove Fortune§r§f.
17:47:14 §8§oYou can disable this messaging by toggling Lottery in your /hotf!
17:50:17 §bNew day! §r§eYour §r§2Lottery §r§ebuff changed!
17:50:17 §eNew buff§r§r§r: §r§fGain §r§a+50 §r§6☘ Mangrove Fortune§r§f.
17:50:17 §8§oYou can disable this messaging by toggling Lottery in your /hotf!
17:51:12 §bNew day! §r§eYour §r§2Lottery §r§ebuff changed!
17:51:12 §eNew buff§r§r§r: §r§fGain §r§a+50 §r§6☘ Mangrove Fortune§r§f.
17:51:12 §8§oYou can disable this messaging by toggling Lottery in your /hotf!
17:51:57 §bNew day! §r§eYour §r§2Lottery §r§ebuff changed!
17:51:57 §eNew buff§r§r§r: §r§fGain §r§a+50 §r§6☘ Mangrove Fortune§r§f.
17:51:57 §8§oYou can disable this messaging by toggling Lottery in your /hotf!
17:52:31 §bNew day! §r§eYour §r§2Lottery §r§ebuff changed!
17:52:31 §eNew buff§r§r§r: §r§fGain §r§a+50 §r§6☘ Mangrove Fortune§r§f.
17:52:31 §8§oYou can disable this messaging by toggling Lottery in your /hotf!
17:52:38 §bNew day! §r§eYour §r§2Lottery §r§ebuff changed!
17:52:38 §eNew buff§r§r§r: §r§fGain §r§a+50 §r§6☘ Mangrove Fortune§r§f.
17:52:38 §8§oYou can disable this messaging by toggling Lottery in your /hotf!
17:53:01 §bNew day! §r§eYour §r§2Lottery §r§ebuff changed!
17:53:01 §eNew buff§r§r§r: §r§fGain §r§a+50 §r§6☘ Mangrove Fortune§r§f.
17:53:01 §8§oYou can disable this messaging by toggling Lottery in your /hotf!
17:53:09 §bNew day! §r§eYour §r§2Lottery §r§ebuff changed!
17:53:09 §eNew buff§r§r§r: §r§fGain §r§a+50 §r§6☘ Mangrove Fortune§r§f.
17:53:09 §8§oYou can disable this messaging by toggling Lottery in your /hotf!
17:53:15 §bNew day! §r§eYour §r§2Lottery §r§ebuff changed!
17:53:15 §eNew buff§r§r§r: §r§fGain §r§a+50 §r§6☘ Mangrove Fortune§r§f.
17:53:15 §8§oYou can disable this messaging by toggling Lottery in your /hotf!
17:53:28 §bNew day! §r§eYour §r§2Lottery §r§ebuff changed!
17:53:28 §eNew buff§r§r§r: §r§fGain §r§a+50 §r§6☘ Mangrove Fortune§r§f.
17:53:28 §8§oYou can disable this messaging by toggling Lottery in your /hotf!
17:53:38 §bNew day! §r§eYour §r§2Lottery §r§ebuff changed!
17:53:38 §eNew buff§r§r§r: §r§fGain §r§a+50 §r§6☘ Mangrove Fortune§r§f.
17:53:38 §8§oYou can disable this messaging by toggling Lottery in your /hotf!
17:53:58 §bNew day! §r§eYour §r§2Lottery §r§ebuff changed!
17:53:58 §eNew buff§r§r§r: §r§fGain §r§a+50 §r§6☘ Mangrove Fortune§r§f.
17:53:58 §8§oYou can disable this messaging by toggling Lottery in your /hotf!
17:54:59 §bNew day! §r§eYour §r§2Lottery §r§ebuff changed!
17:54:59 §eNew buff§r§r§r: §r§fGain §r§a+5% §r§2∮ Sweep§r§f.
17:54:59 §8§oYou can disable this messaging by toggling Lottery in your /hotf!
18:01:12 §bNew day! §r§eYour §r§2Lottery §r§ebuff changed!
18:01:12 §eNew buff§r§r§r: §r§fGain §r§a+5% §r§2∮ Sweep§r§f.
18:01:12 §8§oYou can disable this messaging by toggling Lottery in your /hotf!
18:01:25 §bNew day! §r§eYour §r§2Lottery §r§ebuff changed!
18:01:25 §eNew buff§r§r§r: §r§fGain §r§a+5% §r§2∮ Sweep§r§f.
18:01:25 §8§oYou can disable this messaging by toggling Lottery in your /hotf!
18:01:36 §bNew day! §r§eYour §r§2Lottery §r§ebuff changed!
18:01:36 §eNew buff§r§r§r: §r§fGain §r§a+5% §r§2∮ Sweep§r§f.
18:01:36 §8§oYou can disable this messaging by toggling Lottery in your /hotf!
18:01:54 §bNew day! §r§eYour §r§2Lottery §r§ebuff changed!
18:01:54 §eNew buff§r§r§r: §r§fGain §r§a+5% §r§2∮ Sweep§r§f.
18:01:54 §8§oYou can disable this messaging by toggling Lottery in your /hotf!
18:03:13 §bNew day! §r§eYour §r§2Lottery §r§ebuff changed!
18:03:13 §eNew buff§r§r§r: §r§fGain §r§a+5% §r§2∮ Sweep§r§f.
18:03:13 §8§oYou can disable this messaging by toggling Lottery in your /hotf!
18:08:49 §bNew day! §r§eYour §r§2Lottery §r§ebuff changed!
18:08:49 §eNew buff§r§r§r: §r§fGain §r§a+5% §r§2∮ Sweep§r§f.
18:08:49 §8§oYou can disable this messaging by toggling Lottery in your /hotf!
18:11:01 §bNew day! §r§eYour §r§2Lottery §r§ebuff changed!
18:11:01 §eNew buff§r§r§r: §r§fGain §r§a+5% §r§2∮ Sweep§r§f.
18:11:01 §8§oYou can disable this messaging by toggling Lottery in your /hotf!
18:11:47 §bNew day! §r§eYour §r§2Lottery §r§ebuff changed!
18:11:47 §eNew buff§r§r§r: §r§fGain §r§a+5% §r§2∮ Sweep§r§f.
18:11:47 §8§oYou can disable this messaging by toggling Lottery in your /hotf!
18:12:40 §bNew day! §r§eYour §r§2Lottery §r§ebuff changed!
18:12:40 §eNew buff§r§r§r: §r§fGain §r§a+5% §r§2∮ Sweep§r§f.
18:12:40 §8§oYou can disable this messaging by toggling Lottery in your /hotf!
18:13:16 §bNew day! §r§eYour §r§2Lottery §r§ebuff changed!
18:13:16 §eNew buff§r§r§r: §r§fGain §r§a+5% §r§2∮ Sweep§r§f.
18:13:16 §8§oYou can disable this messaging by toggling Lottery in your /hotf!
18:14:59 §bNew day! §r§eYour §r§2Lottery §r§ebuff changed!
18:14:59 §eNew buff§r§r§r: §r§fGain §r§a+50 §r§6☘ Fig Fortune§r§f.
18:14:59 §8§oYou can disable this messaging by toggling Lottery in your /hotf!
18:15:26 §bNew day! §r§eYour §r§2Lottery §r§ebuff changed!
18:15:26 §eNew buff§r§r§r: §r§fGain §r§a+50 §r§6☘ Fig Fortune§r§f.
18:15:26 §8§oYou can disable this messaging by toggling Lottery in your /hotf!
18:15:58 §bNew day! §r§eYour §r§2Lottery §r§ebuff changed!
18:15:58 §eNew buff§r§r§r: §r§fGain §r§a+50 §r§6☘ Fig Fortune§r§f.
18:15:58 §8§oYou can disable this messaging by toggling Lottery in your /hotf!
18:19:21 §bNew day! §r§eYour §r§2Lottery §r§ebuff changed!
18:19:21 §eNew buff§r§r§r: §r§fGain §r§a+50 §r§6☘ Fig Fortune§r§f.
18:19:21 §8§oYou can disable this messaging by toggling Lottery in your /hotf!
18:21:04 §bNew day! §r§eYour §r§2Lottery §r§ebuff changed!
18:21:04 §eNew buff§r§r§r: §r§fGain §r§a+50 §r§6☘ Fig Fortune§r§f.
18:21:04 §8§oYou can disable this messaging by toggling Lottery in your /hotf!
18:23:43 §bNew day! §r§eYour §r§2Lottery §r§ebuff changed!
18:23:43 §eNew buff§r§r§r: §r§fGain §r§a+50 §r§6☘ Fig Fortune§r§f.
18:23:43 §8§oYou can disable this messaging by toggling Lottery in your /hotf!
18:25:15 §bNew day! §r§eYour §r§2Lottery §r§ebuff changed!
18:25:15 §eNew buff§r§r§r: §r§fGain §r§a+50 §r§6☘ Fig Fortune§r§f.
18:25:15 §8§oYou can disable this messaging by toggling Lottery in your /hotf!
18:35:00 §bNew day! §r§eYour §r§2Lottery §r§ebuff changed!
18:35:00 §eNew buff§r§r§r: §r§fGain §r§a+50 §r§6☘ Mangrove Fortune§r§f.
18:35:00 §8§oYou can disable this messaging by toggling Lottery in your /hotf!
18:42:17 §bNew day! §r§eYour §r§2Lottery §r§ebuff changed!
18:42:17 §eNew buff§r§r§r: §r§fGain §r§a+50 §r§6☘ Mangrove Fortune§r§f.
18:42:17 §8§oYou can disable this messaging by toggling Lottery in your /hotf!
18:42:26 §bNew day! §r§eYour §r§2Lottery §r§ebuff changed!
18:42:26 §eNew buff§r§r§r: §r§fGain §r§a+50 §r§6☘ Mangrove Fortune§r§f.
18:42:26 §8§oYou can disable this messaging by toggling Lottery in your /hotf!
18:43:58 §bNew day! §r§eYour §r§2Lottery §r§ebuff changed!
18:43:58 §eNew buff§r§r§r: §r§fGain §r§a+50 §r§6☘ Mangrove Fortune§r§f.
18:43:58 §8§oYou can disable this messaging by toggling Lottery in your /hotf!
