07:45:20 SPIDER_DEN
07:45:44 THE_END
07:54:45 PRIVATE_ISLAND
08:39:47 NONE
08:39:48 THE_END
08:41:32 PRIVATE_ISLAND
08:41:44 NONE
08:41:45 THE_END
08:45:15 NONE
08:45:39 THE_END
08:46:14 SPIDER_DEN
08:46:23 NONE
08:46:24 GALATEA
08:47:05 THE_END
08:47:25 PRIVATE_ISLAND
08:47:37 THE_END
08:49:24 PRIVATE_ISLAND
09:23:10 THE_END
10:44:59 NONE
10:44:59 PRIVATE_ISLAND
10:55:19 NONE
10:55:19 THE_PARK
10:59:30 PRIVATE_ISLAND
11:23:16 PRIVATE_ISLAND_GUEST
11:23:30 CRIMSON_ISLE
11:47:10 PRIVATE_ISLAND
11:47:27 PRIVATE_ISLAND_GUEST
11:47:36 CRIMSON_ISLE
11:54:16 PRIVATE_ISLAND
12:48:38 THE_END
12:58:10 NONE
12:58:10 DUNGEON_HUB
13:06:32 NONE
13:06:32 PRIVATE_ISLAND
13:06:46 DUNGEON_HUB
13:15:04 NONE
13:15:04 PRIVATE_ISLAND
13:15:20 DUNGEON_HUB
13:32:58 NONE
13:32:59 HUB
13:35:27 NONE
13:35:28 DUNGEON_HUB
13:39:35 PRIVATE_ISLAND
13:41:30 NONE
13:41:30 HUB
13:49:17 PRIVATE_ISLAND
13:52:07 GALATEA
