20:26:21 [EMPTY] §f §r§r§r§f §r§r§r§1 §r§r§r§0 §r§r§r§2 §r§r§r§f §r§r§r§f §r§r§r§2 §r§r§r§0 §r§r§r§4 §r§r§r§3 §r§r§r§9 §r§r§r§2 §r§r§r§0 §r§r§r§0 §r§r§r§3 §r§r§r§9 §r§r§r§2 §r§r§r§0 §r§r§r§0 §r§r§r§3 §r§r§r§9 §r§r§r§2 §r§r§r§0 §r§r§r§0 
20:27:39 [EMPTY] §8 §r§8 §r§1 §r§3 §r§3 §r§7 §r§8 
20:27:42 [EMPTY] 
20:27:42 [WELCOME] §eWelcome to §r§aHypixel SkyBlock§r§e!
20:27:42 [EMPTY] 
20:27:43 [PROFILE_JOIN] §aYou are playing on profile: §eLemon§b (Co-op)
20:27:43 [PROFILE_JOIN] §8Profile ID: 62b760d8-92b6-4501-ada0-1fd8583f5266
20:27:44 [LOTTERY] §bNew day! §r§eYour §r§2Lottery §r§ebuff changed!
20:27:44 [LOTTERY] §eNew buff§r§r§r: §r§fGain §r§a+50 §r§6☘ Fig Fortune§r§f.
20:27:44 [LOTTERY] §8§oYou can disable this messaging by toggling Lottery in your /hotf!
20:27:47 [EMPTY] §8 §r§8 §r§1 §r§3 §r§3 §r§7 §r§8 
20:27:50 [PROFILE_JOIN] §aYou are playing on profile: §eLemon§b (Co-op)
20:27:50 [PROFILE_JOIN] §8Profile ID: 62b760d8-92b6-4501-ada0-1fd8583f5266
20:27:52 [LOTTERY] §bNew day! §r§eYour §r§2Lottery §r§ebuff changed!
20:27:52 [LOTTERY] §eNew buff§r§r§r: §r§fGain §r§a+50 §r§6☘ Fig Fortune§r§f.
20:27:52 [LOTTERY] §8§oYou can disable this messaging by toggling Lottery in your /hotf!
20:28:51 [EMPTY] §8 §r§8 §r§1 §r§3 §r§3 §r§7 §r§8 
20:28:55 [PROFILE_JOIN] §aYou are playing on profile: §eLemon§b (Co-op)
20:28:55 [PROFILE_JOIN] §8Profile ID: 62b760d8-92b6-4501-ada0-1fd8583f5266
20:30:27 [EMPTY] §8 §r§8 §r§1 §r§3 §r§3 §r§7 §r§8 
20:30:30 [PROFILE_JOIN] §aYou are playing on profile: §eLemon§b (Co-op)
20:30:30 [PROFILE_JOIN] §8Profile ID: 62b760d8-92b6-4501-ada0-1fd8583f5266
20:30:32 [LOTTERY] §bNew day! §r§eYour §r§2Lottery §r§ebuff changed!
20:30:32 [LOTTERY] §eNew buff§r§r§r: §r§fGain §r§a+50 §r§6☘ Fig Fortune§r§f.
20:30:32 [LOTTERY] §8§oYou can disable this messaging by toggling Lottery in your /hotf!
20:30:44 [EMPTY] §8 §r§8 §r§1 §r§3 §r§3 §r§7 §r§8 
20:30:47 [PROFILE_JOIN] §aYou are playing on profile: §eLemon§b (Co-op)
20:30:47 [PROFILE_JOIN] §8Profile ID: 62b760d8-92b6-4501-ada0-1fd8583f5266
20:30:49 [LOTTERY] §bNew day! §r§eYour §r§2Lottery §r§ebuff changed!
20:30:49 [LOTTERY] §eNew buff§r§r§r: §r§fGain §r§a+50 §r§6☘ Fig Fortune§r§f.
20:30:49 [LOTTERY] §8§oYou can disable this messaging by toggling Lottery in your /hotf!
20:31:51 [EMPTY] §8 §r§8 §r§1 §r§3 §r§3 §r§7 §r§8 
20:31:54 [PROFILE_JOIN] §aYou are playing on profile: §eLemon§b (Co-op)
20:31:54 [PROFILE_JOIN] §8Profile ID: 62b760d8-92b6-4501-ada0-1fd8583f5266
20:31:56 [LOTTERY] §bNew day! §r§eYour §r§2Lottery §r§ebuff changed!
20:31:56 [LOTTERY] §eNew buff§r§r§r: §r§fGain §r§a+50 §r§6☘ Fig Fortune§r§f.
20:31:56 [LOTTERY] §8§oYou can disable this messaging by toggling Lottery in your /hotf!
20:31:57 [EMPTY] §8 §r§8 §r§1 §r§3 §r§3 §r§7 §r§8 
20:32:00 [PROFILE_JOIN] §aYou are playing on profile: §eLemon§b (Co-op)
20:32:00 [PROFILE_JOIN] §8Profile ID: 62b760d8-92b6-4501-ada0-1fd8583f5266
20:32:02 [LOTTERY] §bNew day! §r§eYour §r§2Lottery §r§ebuff changed!
20:32:02 [LOTTERY] §eNew buff§r§r§r: §r§fGain §r§a+50 §r§6☘ Fig Fortune§r§f.
20:32:02 [LOTTERY] §8§oYou can disable this messaging by toggling Lottery in your /hotf!
20:32:52 [EMPTY] §8 §r§8 §r§1 §r§3 §r§3 §r§7 §r§8 
20:32:56 [PROFILE_JOIN] §aYou are playing on profile: §eLemon§b (Co-op)
20:32:56 [PROFILE_JOIN] §8Profile ID: 62b760d8-92b6-4501-ada0-1fd8583f5266
20:32:57 [LOTTERY] §bNew day! §r§eYour §r§2Lottery §r§ebuff changed!
20:32:57 [LOTTERY] §eNew buff§r§r§r: §r§fGain §r§a+50 §r§6☘ Fig Fortune§r§f.
20:32:57 [LOTTERY] §8§oYou can disable this messaging by toggling Lottery in your /hotf!
20:33:40 [SACKS_CHANGE] §6[Sacks] §r§a+55§r§e items§r§e.§r§8 (Last 19s.)
20:34:00 [SACKS_CHANGE] §6[Sacks] §r§a+28§r§e items§r§e.§r§8 (Last 16s.)
20:34:34 [SACKS_CHANGE] §6[Sacks] §r§a+104§r§e items§r§e.§r§8 (Last 30s.)
20:35:01 [LOTTERY] §bNew day! §r§eYour §r§2Lottery §r§ebuff changed!
20:35:01 [LOTTERY] §eNew buff§r§r§r: §r§fGain §r§a+50 §r§6☘ Mangrove Fortune§r§f.
20:35:01 [LOTTERY] §8§oYou can disable this messaging by toggling Lottery in your /hotf!
20:35:05 [SACKS_CHANGE] §6[Sacks] §r§a+69§r§e items§r§e.§r§8 (Last 30s.)
20:35:36 [SACKS_CHANGE] §6[Sacks] §r§a+85§r§e items§r§e.§r§8 (Last 30s.)
20:36:10 [SACKS_CHANGE] §6[Sacks] §r§a+83§r§e items§r§e.§r§8 (Last 30s.)
20:36:54 [SACKS_CHANGE] §6[Sacks] §r§a+103§r§e items§r§e.§r§8 (Last 30s.)
20:37:26 [SACKS_CHANGE] §6[Sacks] §r§a+94§r§e items§r§e.§r§8 (Last 30s.)
20:37:57 [SACKS_CHANGE] §6[Sacks] §r§a+92§r§e items§r§e.§r§8 (Last 30s.)
20:38:30 [SACKS_CHANGE] §6[Sacks] §r§a+89§r§e items§r§e.§r§8 (Last 30s.)
20:38:41 [SACKS_CHANGE] §6[Sacks] §r§a+17§r§e items§r§e.§r§8 (Last 10s.)
20:39:02 [GUILD_EXP] §aYou earned §r§2748 GEXP §r§afrom playing SkyBlock!
20:39:13 [SACKS_CHANGE] §6[Sacks] §r§a+117§r§e items§r§e.§r§8 (Last 30s.)
20:39:20 [SACKS_CHANGE] §6[Sacks] §r§a+9§r§e items§r§e.§r§8 (Last 6s.)
20:40:00 [SACKS_CHANGE] §6[Sacks] §r§a+110§r§e items§r§e.§r§8 (Last 30s.)
20:40:33 [SACKS_CHANGE] §6[Sacks] §r§a+74§r§e items§r§e.§r§8 (Last 30s.)
20:40:55 [SACKS_CHANGE] §6[Sacks] §r§a+48§r§e items§r§e.§r§8 (Last 20s.)
20:40:59 [EMPTY] 
20:40:59 [EMPTY] 
20:40:59 [EMPTY] 
20:40:59 [EMPTY] 
20:41:03 [SACKS_CHANGE] §6[Sacks] §r§a+6§r§e items§r§e.§r§8 (Last 5s.)
20:41:34 [SACKS_CHANGE] §6[Sacks] §r§a+61§r§e items§r§e.§r§8 (Last 30s.)
20:41:46 [SACKS_CHANGE] §6[Sacks] §r§a+16§r§e items§r§e.§r§8 (Last 10s.)
20:42:20 [SACKS_CHANGE] §6[Sacks] §r§a+66§r§e items§r§e.§r§8 (Last 30s.)
20:42:39 [EMPTY] 
20:42:39 [EMPTY] 
20:42:39 [EMPTY] 
20:42:39 [EMPTY] 
20:42:43 [SACKS_CHANGE] §6[Sacks] §r§a+32§r§e items§r§e.§r§8 (Last 20s.)
20:43:14 [EMPTY] 
20:43:14 [EMPTY] 
20:43:14 [EMPTY] 
20:43:14 [EMPTY] 
20:43:19 [SACKS_CHANGE] §6[Sacks] §r§a+74§r§e items§r§e.§r§8 (Last 30s.)
20:43:53 [SACKS_CHANGE] §6[Sacks] §r§a+63§r§e items§r§e.§r§8 (Last 29s.)
20:44:02 [SACKS_CHANGE] §6[Sacks] §r§a+10§r§e items§r§e.§r§8 (Last 6s.)
20:44:09 [GUILD_EXP] §aYou earned §r§2750 GEXP §r§afrom playing SkyBlock!
20:44:35 [SACKS_CHANGE] §6[Sacks] §r§a+74§r§e items§r§e.§r§8 (Last 30s.)
20:45:01 [SACKS_CHANGE] §6[Sacks] §r§a+51§r§e items§r§e.§r§8 (Last 24s.)
20:45:11 [SACKS_CHANGE] §6[Sacks] §r§a+16§r§e items§r§e.§r§8 (Last 8s.)
20:45:32 [SACKS_CHANGE] §6[Sacks] §r§a+24§r§e items§r§e.§r§8 (Last 18s.)
20:45:43 [SACKS_CHANGE] §6[Sacks] §r§a+10§r§e items§r§e.§r§8 (Last 10s.)
20:46:37 [SACKS_CHANGE] §6[Sacks] §r§a+63§r§e items§r§e.§r§8 (Last 26s.)
20:46:48 [SACKS_CHANGE] §6[Sacks] §r§a+19§r§e items§r§e.§r§8 (Last 10s.)
20:46:56 [EMPTY] §8 §r§8 §r§1 §r§3 §r§3 §r§7 §r§8 
20:47:00 [PROFILE_JOIN] §aYou are playing on profile: §eLemon§b (Co-op)
20:47:00 [PROFILE_JOIN] §8Profile ID: 62b760d8-92b6-4501-ada0-1fd8583f5266
20:47:01 [LOTTERY] §bNew day! §r§eYour §r§2Lottery §r§ebuff changed!
20:47:01 [LOTTERY] §eNew buff§r§r§r: §r§fGain §r§a+50 §r§6☘ Mangrove Fortune§r§f.
20:47:01 [LOTTERY] §8§oYou can disable this messaging by toggling Lottery in your /hotf!
