16:02:59 Trying to load config from config\skyhanni\config.json
16:02:59 load-config-now
16:02:59 Loaded config from file
16:02:59 Trying to load sacks from config\skyhanni\sacks.json
16:02:59 load-sacks-now
16:02:59 Loaded sacks from file
16:02:59 Trying to load friends from config\skyhanni\friends.json
16:02:59 load-friends-now
16:02:59 Loaded friends from file
16:02:59 Trying to load known_features from config\skyhanni\known_features.json
16:02:59 load-known_features-now
16:02:59 Loaded known_features from file
16:02:59 Trying to load jacob_contests from config\skyhanni\jacob_contests.json
16:02:59 load-jacob_contests-now
16:02:59 Loaded jacob_contests from file
16:02:59 Trying to load visual_words from config\skyhanni\visual_words.json
16:02:59 Setting visual_words to be blank as it did not exist. It will be saved once something is written to it
16:02:59 Trying to load pets from config\skyhanni\pets.json
16:02:59 load-pets-now
16:02:59 Loaded pets from file
16:02:59 Trying to load storage from config\skyhanni\storage.json
16:02:59 load-storage-now
16:02:59 Loaded storage from file
16:02:59 Trying to load routes from config\skyhanni\routes.json
16:02:59 load-routes-now
16:02:59 Loaded routes from file
16:03:31 saveConfig: Updated known feature flags
16:03:31 Saving known_features file
16:03:31 Saved known_features file successfully
16:03:31 saveConfig: Updated known feature flags
16:03:31 Saving known_features file
16:03:31 Saved known_features file successfully
16:03:50 saveConfig: shutdown-hook
16:03:50 Saving config file
