12:42:38 [EMPTY] §f §r§r§r§f §r§r§r§1 §r§r§r§0 §r§r§r§2 §r§r§r§f §r§r§r§f §r§r§r§2 §r§r§r§0 §r§r§r§4 §r§r§r§3 §r§r§r§9 §r§r§r§2 §r§r§r§0 §r§r§r§0 §r§r§r§3 §r§r§r§9 §r§r§r§2 §r§r§r§0 §r§r§r§0 §r§r§r§3 §r§r§r§9 §r§r§r§2 §r§r§r§0 §r§r§r§0 
12:42:56 [EMPTY] §8 §r§8 §r§1 §r§3 §r§3 §r§7 §r§8 
12:42:58 [EMPTY] 
12:42:58 [WELCOME] §eWelcome to §r§aHypixel SkyBlock§r§e!
12:42:58 [EMPTY] 
12:42:59 [PROFILE_JOIN] §aYou are playing on profile: §eLemon§b (Co-op)
12:42:59 [PROFILE_JOIN] §8Profile ID: 62b760d8-92b6-4501-ada0-1fd8583f5266
12:43:22 [EMPTY] §8 §r§8 §r§1 §r§3 §r§3 §r§7 §r§8 
12:43:26 [PROFILE_JOIN] §aYou are playing on profile: §eLemon§b (Co-op)
12:43:26 [PROFILE_JOIN] §8Profile ID: 62b760d8-92b6-4501-ada0-1fd8583f5266
12:45:20 [SACKS_CHANGE] §6[Sacks] §r§a+37§r§e items§r§e.§r§8 (Last 11s.)
12:45:43 [SACKS_CHANGE] §6[Sacks] §r§a+124§r§e items§r§e.§r§8 (Last 17s.)
12:46:20 [SACKS_CHANGE] §6[Sacks] §r§a+272§r§e items§r§e.§r§8 (Last 30s.)
12:46:48 [SACKS_CHANGE] §6[Sacks] §r§a+24§r§e items§r§e.§r§8 (Last 8s.)
12:46:57 [EMPTY] §8 §r§8 §r§1 §r§3 §r§3 §r§7 §r§8 
12:47:00 [PROFILE_JOIN] §aYou are playing on profile: §eLemon§b (Co-op)
12:47:00 [PROFILE_JOIN] §8Profile ID: 62b760d8-92b6-4501-ada0-1fd8583f5266
12:47:48 [SACKS_CHANGE] §6[Sacks] §r§a+16§r§e items§r§e.§r§8 (Last 10s.)
12:49:00 [EMPTY] §8 §r§8 §r§1 §r§3 §r§3 §r§7 §r§8 
12:49:04 [PROFILE_JOIN] §aYou are playing on profile: §eLemon§b (Co-op)
12:49:04 [PROFILE_JOIN] §8Profile ID: 62b760d8-92b6-4501-ada0-1fd8583f5266
12:51:43 [GUILD_EXP] §aYou earned §r§2136 GEXP §r§a+ §r§e408 Event EXP §r§afrom playing SkyBlock!
12:56:48 [GUILD_EXP] §aYou earned §r§2289 GEXP §r§a+ §r§e867 Event EXP §r§afrom playing SkyBlock!
12:56:53 [EMPTY] 
12:56:53 [FIRE_SALE] §6§k§lA§r §c§lFIRE SALE §r§6§k§lA
§r§c♨ §eSelling an item for a limited time!
§r§c   ♨ §aFrog Dye §e(§a46,871 left§e)§c§r
§r§c♨ §a§l[WARP] §eTo Elizabeth in the next §c2d 6h 3m §eto grab yours!
12:56:53 [EMPTY] 
12:57:27 [SACKS_CHANGE] §6[Sacks] §r§c-1,792§r§e items§r§e.§r§8 (Last 5s.)
12:57:43 [SACKS_CHANGE] §6[Sacks] §r§c-2,826§r§e items§r§e.§r§8 (Last 6s.)
12:59:50 [SACKS_CHANGE] §6[Sacks] §r§a+10§r§e items§r§e.§r§8 (Last 5s.)
13:00:15 [EMPTY] §8 §r§8 §r§1 §r§3 §r§3 §r§7 §r§8 
13:00:18 [PROFILE_JOIN] §aYou are playing on profile: §eLemon§b (Co-op)
13:00:18 [PROFILE_JOIN] §8Profile ID: 62b760d8-92b6-4501-ada0-1fd8583f5266
13:00:31 [RARE_DROPS] §6§lRARE REWARD! §r§aTexYunn §r§efound a §r§6Recombobulator 3000 §r§ein their Obsidian Chest§r§e!
13:00:50 [EMPTY] §8 §r§8 §r§1 §r§3 §r§3 §r§7 §r§8 
13:00:53 [PROFILE_JOIN] §aYou are playing on profile: §eLemon§b (Co-op)
13:00:53 [PROFILE_JOIN] §8Profile ID: 62b760d8-92b6-4501-ada0-1fd8583f5266
13:00:54 [COMPACT_POTION_EFFECT] §a§lBUFF! §fYou have gained §r§4Regeneration IV§r§f! Press TAB or type /effects to view your active effects!
13:00:54 [COMPACT_POTION_EFFECT] §a§lBUFF! §fYou have gained §r§4Strength IV§r§f! Press TAB or type /effects to view your active effects!
13:00:54 [COMPACT_POTION_EFFECT] §a§lBUFF! §fYou have gained §r§4Critical III§r§f! Press TAB or type /effects to view your active effects!
13:00:54 [COMPACT_POTION_EFFECT] §a§lBUFF! §fYou have gained §r§9Speed III§r§f! Press TAB or type /effects to view your active effects!
13:00:54 [COMPACT_POTION_EFFECT] §a§lBUFF! §fYou have gained §r§aResistance IV§r§f! Press TAB or type /effects to view your active effects!
13:00:54 [COMPACT_POTION_EFFECT] §a§lBUFF! §fYou have gained §r§bArchery III§r§f! Press TAB or type /effects to view your active effects!
13:01:33 [EMPTY] 
13:01:33 [EMPTY] §c
13:03:40 [FAIRY] §dGenevieve the Fairy§r§f: You killed me! I'll revive you so that my death is not in vain!
13:03:40 [FAIRY] §dGenevieve the Fairy§r§f: Have a great life!
13:03:54 [FAIRY] §dMari the Fairy§r§f: You killed me! Take this §r§6Revive Stone §r§fso that my death is not in vain!
13:03:59 [FAIRY] §dSteve the Fairy§r§f: You killed me! Take this §r§6Revive Stone §r§fso that my death is not in vain!
13:05:41 [SACKS_CHANGE] §6[Sacks] §r§a+1§r§e item§r§e.§r§8 (Last 5s.)
13:05:52 [GUILD_EXP] §aYou earned §r§2321 GEXP §r§a+ §r§e963 Event EXP §r§afrom playing SkyBlock!
13:11:00 [GUILD_EXP] §aYou earned §r§2583 GEXP §r§a+ §r§e1,749 Event EXP §r§afrom playing SkyBlock!
13:12:19 [EMPTY] 
13:12:21 [EMPTY] 
13:12:21 [EMPTY] 
13:12:35 [EMPTY] §8 §r§8 §r§1 §r§3 §r§3 §r§7 §r§8 
13:12:38 [PROFILE_JOIN] §aYou are playing on profile: §eLemon§b (Co-op)
13:12:38 [PROFILE_JOIN] §8Profile ID: 62b760d8-92b6-4501-ada0-1fd8583f5266
13:12:54 [EMPTY] 
13:13:50 [RARE_DROPS] §6§lRARE REWARD! §r§7alaurB69 §r§efound a §r§5Fuming Potato Book §r§ein their Obsidian Chest§r§e!
13:15:01 [EMPTY] §8 §r§8 §r§1 §r§3 §r§3 §r§7 §r§8 
13:15:05 [PROFILE_JOIN] §aYou are playing on profile: §eLemon§b (Co-op)
13:15:05 [PROFILE_JOIN] §8Profile ID: 62b760d8-92b6-4501-ada0-1fd8583f5266
13:15:09 [SOLO_CLASS] §6Your §r§aArcher §r§6stats are doubled because you are the only player using this class!
13:15:09 [SOLO_STATS] §a[Archer] §r§fExtra Arrow Chance §r§c67%§r§f -> §r§a117%
13:15:09 [SOLO_STATS] §a[Archer] §r§fArrow Damage §r§c177.2%§r§f -> §r§a227.2%
13:17:58 [EMPTY] 
13:17:58 [EMPTY] 
13:17:58 [EMPTY] 
13:19:18 [EMPTY] 
13:19:18 [EMPTY] 
13:19:18 [EMPTY] 
13:19:25 [EMPTY] 
13:19:25 [EMPTY] 
13:19:25 [EMPTY] 
13:23:24 [FAIRY] §dAkia the Fairy§r§f: You killed me! I'll revive you so that my death is not in vain!
13:23:24 [FAIRY] §dAkia the Fairy§r§f: Have a great life!
13:24:13 [SACKS_CHANGE] §6[Sacks] §r§a+1§r§e item§r§e.§r§8 (Last 5s.)
13:25:16 [GUILD_EXP] §aYou earned §r§2108 GEXP §r§a+ §r§e324 Event EXP §r§afrom playing SkyBlock!
13:26:18 [EMPTY]  
13:26:18 [BESTIARY] §f                                  §6§lBESTIARY
13:26:18 [BESTIARY] §f                          §b§lSuper Archer §7§85 §8➡§b §b6
13:26:18 [BESTIARY] 
13:26:18 [BESTIARY]                                   §r§6§lREWARDS
13:26:18 [BESTIARY]                      §r§8+§r§a3 Super Archer §r§b✯ Magic Find
13:26:18 [BESTIARY]                       §r§8+§r§a3 Super Archer §r§c❁ Strength
13:26:18 [BESTIARY]                          §r§8+§r§62% §r§aSuper Archer §r§7coins
13:26:18 [BESTIARY]                     §r§8+§r§a50% §r§7chance for extra XP orbs
13:26:18 [BESTIARY]                                §r§8+§r§b1 SkyBlock XP
13:26:18 [BESTIARY] 
13:26:18 [BESTIARY]   §r§f                         §6§lBESTIARY MILESTONE
13:26:18 [BESTIARY]   §r§f                                    §873➡§e74
13:26:18 [BESTIARY] §6§lBESTIARY MILESTONE §873➡§e74
13:26:18 [BESTIARY] §6§lBESTIARY MILESTONE §873➡§e74
13:26:18 [BESTIARY] §6§lBESTIARY MILESTONE §873➡§e74
13:26:18 [BESTIARY] §6§lBESTIARY MILESTONE §873➡§e74
13:26:18 [BESTIARY] 
13:30:21 [GUILD_EXP] §aYou earned §r§2715 GEXP §r§a+ §r§e2,145 Event EXP §r§afrom playing SkyBlock!
13:30:21 [EVENT] ▬▬▬▬▬▬▬▬▬▬▬▬▬▬▬▬▬▬▬▬▬▬▬▬▬▬▬▬▬▬▬▬▬▬▬▬▬▬▬▬▬▬▬▬▬▬▬▬▬▬▬▬▬▬▬▬▬▬▬▬▬▬▬▬
13:30:21 [EVENT]                                 §r§e§k#§r§6 LEVEL UP! §r§e§k#
13:30:21 [EMPTY] 
13:30:21 [EVENT]                        §r§7You are now §r§eEvent Level §r§694§r§7!
13:30:21 [EVENT]                        §r§7You earned §r§f26 Event Silver§r§7!
13:30:21 [EMPTY] 
13:30:21 [EVENT] ▬▬▬▬▬▬▬▬▬▬▬▬▬▬▬▬▬▬▬▬▬▬▬▬▬▬▬▬▬▬▬▬▬▬▬▬▬▬▬▬▬▬▬▬▬▬▬▬▬▬▬▬▬▬▬▬▬▬▬▬▬▬▬▬
13:32:22 [EMPTY] 
13:32:24 [EMPTY] 
13:32:24 [EMPTY] 
13:32:24 [EMPTY] §8 §r§8 §r§1 §r§3 §r§3 §r§7 §r§8 
13:32:25 [EMPTY]  
13:32:25 [EMPTY]   
13:32:28 [PROFILE_JOIN] §aYou are playing on profile: §eLemon§b (Co-op)
13:32:28 [PROFILE_JOIN] §8Profile ID: 62b760d8-92b6-4501-ada0-1fd8583f5266
13:33:32 [REFORGE_HIDE] §aYou reforged your §r§5Wise Skeletor Boots §r§ainto a §r§5Fierce Skeletor Boots§r§a!
13:34:17 [REFORGE_HIDE] §aYou reforged your §r§9Fine Machine Gun Shortbow §r§ainto a §r§9Unreal Machine Gun Shortbow§r§a!
13:34:17 [REFORGE_HIDE] §aYou reforged your §r§9Unreal Machine Gun Shortbow §r§ainto a §r§9Deadly Machine Gun Shortbow§r§a!
13:34:19 [REFORGE_HIDE] §aYou reforged your §r§9Deadly Machine Gun Shortbow §r§ainto a §r§9Neat Machine Gun Shortbow§r§a!
13:34:19 [REFORGE_HIDE] §aYou reforged your §r§9Neat Machine Gun Shortbow §r§ainto a §r§9Grand Machine Gun Shortbow§r§a!
13:34:20 [REFORGE_HIDE] §aYou reforged your §r§9Grand Machine Gun Shortbow §r§ainto a §r§9Hasty Machine Gun Shortbow§r§a!
13:34:21 [REFORGE_HIDE] §aYou reforged your §r§9Hasty Machine Gun Shortbow §r§ainto a §r§9Rich Machine Gun Shortbow§r§a!
13:34:21 [REFORGE_HIDE] §aYou reforged your §r§9Rich Machine Gun Shortbow §r§ainto a §r§9Fine Machine Gun Shortbow§r§a!
13:34:22 [REFORGE_HIDE] §aYou reforged your §r§9Fine Machine Gun Shortbow §r§ainto a §r§9Deadly Machine Gun Shortbow§r§a!
13:34:23 [REFORGE_HIDE] §aYou reforged your §r§9Deadly Machine Gun Shortbow §r§ainto a §r§9Grand Machine Gun Shortbow§r§a!
13:34:23 [REFORGE_HIDE] §aYou reforged your §r§9Grand Machine Gun Shortbow §r§ainto a §r§9Unreal Machine Gun Shortbow§r§a!
13:34:24 [REFORGE_HIDE] §aYou reforged your §r§9Unreal Machine Gun Shortbow §r§ainto a §r§9Rich Machine Gun Shortbow§r§a!
13:34:24 [REFORGE_HIDE] §aYou reforged your §r§9Rich Machine Gun Shortbow §r§ainto a §r§9Rapid Machine Gun Shortbow§r§a!
13:35:34 [GUILD_EXP] §aYou earned §r§2163 GEXP §r§a+ §r§e489 Event EXP §r§afrom playing SkyBlock!
13:36:59 [EMPTY] §8 §r§8 §r§1 §r§3 §r§3 §r§7 §r§8 
13:37:00 [EMPTY]  
13:37:00 [EMPTY]   
13:37:02 [PROFILE_JOIN] §aYou are playing on profile: §eLemon§b (Co-op)
13:37:02 [PROFILE_JOIN] §8Profile ID: 62b760d8-92b6-4501-ada0-1fd8583f5266
13:37:46 [EMPTY] §8 §r§8 §r§1 §r§3 §r§3 §r§7 §r§8 
13:37:47 [EMPTY]  
13:37:47 [EMPTY]   
13:37:50 [PROFILE_JOIN] §aYou are playing on profile: §eLemon§b (Co-op)
13:37:50 [PROFILE_JOIN] §8Profile ID: 62b760d8-92b6-4501-ada0-1fd8583f5266
13:37:52 [EMPTY]  
13:37:52 [EMPTY]  
13:37:52 [EMPTY]  
13:38:16 [EMPTY] §8 §r§8 §r§1 §r§3 §r§3 §r§7 §r§8 
13:38:20 [PROFILE_JOIN] §aYou are playing on profile: §eLemon§b (Co-op)
13:38:20 [PROFILE_JOIN] §8Profile ID: 62b760d8-92b6-4501-ada0-1fd8583f5266
13:40:01 [SACKS_CHANGE] §6[Sacks] §r§a+1§r§e item§r§e.§r§8 (Last 5s.)
13:40:24 [SACKS_CHANGE] §6[Sacks] §r§a+1§r§e item§r§e.§r§8 (Last 5s.)
13:40:43 [EMPTY]  
13:40:43 [BESTIARY] §f                                  §6§lBESTIARY
13:40:43 [BESTIARY] §f                         §b§lCrypt Lurker §7§815 §8➡§b §b16
13:40:43 [BESTIARY] 
13:40:43 [BESTIARY]                                   §r§6§lREWARDS
13:40:43 [BESTIARY]                       §r§8+§r§a5 Crypt Lurker §r§b✯ Magic Find
13:40:43 [BESTIARY]                       §r§8+§r§a5 Crypt Lurker §r§c❁ Strength
13:40:43 [BESTIARY]                           §r§8+§r§62% §r§aCrypt Lurker §r§7coins
13:40:43 [BESTIARY]                     §r§8+§r§a50% §r§7chance for extra XP orbs
13:40:43 [BESTIARY]                                §r§8+§r§b1 SkyBlock XP
13:40:43 [BESTIARY] 
13:40:43 [BESTIARY] §3§l▬▬▬▬▬▬▬▬▬▬▬▬▬▬▬▬▬▬▬▬▬▬▬▬▬▬▬▬▬▬▬▬▬▬▬▬▬▬▬▬▬▬▬▬▬▬▬▬▬▬▬▬▬▬▬▬▬▬▬▬▬▬▬▬
13:41:05 [SACKS_CHANGE] §6[Sacks] §r§a+1§r§e item§r§e.§r§8 (Last 5s.)
13:41:27 [EMPTY]  
13:41:27 [BESTIARY] §f                                  §6§lBESTIARY
13:41:27 [BESTIARY] §f                       §b§lCrypt Souleater §7§811 §8➡§b §b12
13:41:27 [BESTIARY] 
13:41:27 [BESTIARY]                                   §r§6§lREWARDS
13:41:27 [BESTIARY]                     §r§8+§r§a4 Crypt Souleater §r§b✯ Magic Find
13:41:27 [BESTIARY]                      §r§8+§r§a4 Crypt Souleater §r§c❁ Strength
13:41:27 [BESTIARY]                         §r§8+§r§62% §r§aCrypt Souleater §r§7coins
13:41:27 [BESTIARY]                     §r§8+§r§a50% §r§7chance for extra XP orbs
13:41:27 [BESTIARY]                                §r§8+§r§b1 SkyBlock XP
13:41:27 [BESTIARY] 
13:41:27 [BESTIARY] §3§l▬▬▬▬▬▬▬▬▬▬▬▬▬▬▬▬▬▬▬▬▬▬▬▬▬▬▬▬▬▬▬▬▬▬▬▬▬▬▬▬▬▬▬▬▬▬▬▬▬▬▬▬▬▬▬▬▬▬▬▬▬▬▬▬
13:43:26 [GUILD_EXP] §aYou earned §r§2428 GEXP §r§a+ §r§e1,284 Event EXP §r§afrom playing SkyBlock!
13:43:44 [SACKS_CHANGE] §6[Sacks] §r§a+1§r§e item§r§e.§r§8 (Last 5s.)
13:44:03 [SACKS_CHANGE] §6[Sacks] §r§a+1§r§e item§r§e.§r§8 (Last 5s.)
13:44:43 [EMPTY]  
13:44:43 [BESTIARY] §f                                  §6§lBESTIARY
13:44:43 [BESTIARY] §f                                 §b§lFels §7§87 §8➡§b §b8
13:44:43 [BESTIARY] 
13:44:43 [BESTIARY]                                   §r§6§lREWARDS
13:44:43 [BESTIARY]                            §r§8+§r§a3 Fels §r§b✯ Magic Find
13:44:43 [BESTIARY]                             §r§8+§r§a3 Fels §r§c❁ Strength
13:44:43 [BESTIARY]                                §r§8+§r§62% §r§aFels §r§7coins
13:44:43 [BESTIARY]                     §r§8+§r§a50% §r§7chance for extra XP orbs
13:44:43 [BESTIARY]                                §r§8+§r§b1 SkyBlock XP
13:44:43 [BESTIARY] 
13:44:43 [BESTIARY] §3§l▬▬▬▬▬▬▬▬▬▬▬▬▬▬▬▬▬▬▬▬▬▬▬▬▬▬▬▬▬▬▬▬▬▬▬▬▬▬▬▬▬▬▬▬▬▬▬▬▬▬▬▬▬▬▬▬▬▬▬▬▬▬▬▬
13:45:07 [FAIRY] §dLelani the Fairy§r§f: You killed me! Take this §r§6Revive Stone §r§fso that my death is not in vain!
13:45:20 [EMPTY] 
13:45:20 [EMPTY] 
13:45:20 [EMPTY] 
13:46:03 [SACKS_CHANGE] §6[Sacks] §r§a+1§r§e item§r§e.§r§8 (Last 5s.)
13:48:34 [GUILD_EXP] §aYou earned §r§2633 GEXP §r§a+ §r§e1,899 Event EXP §r§afrom playing SkyBlock!
13:48:57 [EMPTY] 
13:48:57 [EMPTY] 
13:48:57 [EMPTY] 
13:49:04 [EMPTY] 
13:49:04 [EMPTY] 
13:49:04 [EMPTY] 
13:51:15 [EMPTY] 
13:51:15 [EMPTY] 
13:51:18 [EMPTY] 
13:51:18 [EMPTY] 
13:51:36 [EMPTY] 
13:51:36 [EMPTY] 
13:51:40 [EMPTY] §8 §r§8 §r§1 §r§3 §r§3 §r§7 §r§8 
13:51:43 [EMPTY] §8 §r§8 §r§1 §r§3 §r§3 §r§7 §r§8 
13:51:46 [PROFILE_JOIN] §aYou are playing on profile: §eLemon§b (Co-op)
13:51:46 [PROFILE_JOIN] §8Profile ID: 62b760d8-92b6-4501-ada0-1fd8583f5266
13:52:37 [EMPTY] §8 §r§8 §r§1 §r§3 §r§3 §r§7 §r§8 
13:52:40 [PROFILE_JOIN] §aYou are playing on profile: §eLemon§b (Co-op)
13:52:40 [PROFILE_JOIN] §8Profile ID: 62b760d8-92b6-4501-ada0-1fd8583f5266
13:54:23 [RARE_DROPS] §6§lRARE REWARD! §r§btiti2107 §r§efound a §r§5Fuming Potato Book §r§ein their Bedrock Chest§r§e!
13:54:26 [RARE_DROPS] §6§lRARE REWARD! §r§btiti2107 §r§efound a §r§5Fuming Potato Book §r§ein their Obsidian Chest§r§e!
