05:56:18 [allowed] §aYou are still radiating with §bGenerosity§r§a!
05:56:18 [allowed] §b[MVP§9+§b] _littering§f §6joined the lobby!
05:56:19 [allowed] §b§m--------------§r§f  §r§aGuild: Message Of The Day  §r§b§m--------------
05:56:19 [allowed] §b| §r§f1 Corinthians 7:34:"The unmarried woman or virgin is concerned about the Lord's affairs: Her aim is to be devoted to the Lord in both body and spirit."
05:56:19 [allowed] §b§m-----------------------------------------------------
05:56:19 [allowed] §b[MVP§c+§b] wersdrex§f §6joined the lobby!
05:56:21 [allowed]   §r§f§l➤ §r§6You have reached your Hype limit! Add Hype to Prototype Lobby minigames by right-clicking with the Hype Diamond!
05:56:28 [allowed] §b[MVP§6+§b] just_that_person§f §6joined the lobby!
05:56:31 [allowed] §e[SkyHanni] Reloaded 7,558 items in the NEU repo
05:56:42 [allowed] §a[VIP§6+§a] SplashRush§f§r§f: lol
05:56:46 [allowed] §7Sending to server mini2P...
05:56:47 [allowed] §aYou gained §r§b5,106.2 Farming §r§aexperience from minions!
05:56:47 [allowed] §eProfile ID: §r§a62b760d8-92b6-4501-ada0-1fd8583f5266
05:56:47 [allowed] §e§lCLICK THIS TO SUGGEST IT IN CHAT §7§l[DASHES]
05:56:47 [allowed] §e§lCLICK THIS TO SUGGEST IT IN CHAT §7§l[NO DASHES]
05:56:47 [allowed] §aYou gained §r§b8,778.2 Mining §r§aexperience from minions!
05:56:48 [allowed] §aYou gained §r§b17,944.7 Combat §r§aexperience from minions!
05:56:48 [allowed] §aYou gained §r§b9,850 Fishing §r§aexperience from minions!
05:56:50 [allowed] §6[MVP§2++§6] nr1pir§f §acrafted a §eTier XI Clay Minion§a!
05:56:50 [allowed] §eLatest update: §bSkyBlock v0.23.2 §e§lCLICK
05:57:13 [allowed] §e[SkyHanni] You have gained §b357 §eBits.
05:58:01 [allowed] §7Warping...
05:58:01 [allowed] §7Sending to server mini24BM...
05:58:11 [allowed] §e[NPC] §bKat§f: §rOh, hey!
05:58:12 [allowed] §e[NPC] §bKat§f: §rI was able to upgrade your pet §aArmadillo§f to §9§LRARE§f.
05:58:16 [allowed] §e[NPC] §bKat§f: §rIf you have any other pets you'd like to upgrade, you know where to find me!
05:58:50 [allowed] §8Withdrawing coins...
05:58:51 [allowed] §aWithdrew §r§61.1M coins§r§a! There's now §r§61.1M coins §r§aleft in the account!
05:59:00 [allowed] §e[NPC] §bKat§f: §rI'll get your §9Armadillo §fupgraded to §5§LEPIC §fin no time!
05:59:03 [allowed] §e[NPC] §bKat§f: §rCome back in §e2 days §fto pick it up!
05:59:08 [allowed] §8Depositing coins...
05:59:08 [allowed] §aDeposited §r§6913.6k coins§r§a! There's now §r§62.1M coins §r§ain the account!
05:59:29 [allowed] §aYou sold your §r§7[Lvl 1] §r§9Enderman §r§ato §r§eGeorge §r§afor §r§62,000 Coins§r§a!
05:59:35 [allowed] §7Warping...
05:59:35 [allowed] §7Sending to server mini157BS...
06:00:42 [allowed] §8[§r§2199§r§8] §r§7☃ §r§b[MVP§a+§b] 187Bounty§f§r§f: anyone 4/4 ?
06:00:53 [allowed] §5☬ §r§b187Bounty §r§dplaced a Summoning Eye! §r§7(§r§e1§r§7/§r§a8§r§7)
06:00:54 [allowed] §5☬ §r§b187Bounty §r§dplaced a Summoning Eye! §r§7(§r§e2§r§7/§r§a8§r§7)
06:00:55 [allowed] §5☬ §r§b187Bounty §r§dplaced a Summoning Eye! §r§7(§r§e3§r§7/§r§a8§r§7)
06:00:56 [allowed] §5☬ §r§b187Bounty §r§dplaced a Summoning Eye! §r§7(§r§e4§r§7/§r§a8§r§7)
06:01:01 [allowed] §5☬ §r§b187Bounty §r§dplaced a Summoning Eye! §r§7(§r§e5§r§7/§r§a8§r§7)
06:01:03 [allowed] §5☬ §r§b187Bounty §r§dplaced a Summoning Eye! §r§7(§r§e6§r§7/§r§a8§r§7)
06:01:04 [allowed] §5☬ §r§b187Bounty §r§dplaced a Summoning Eye! §r§7(§r§e7§r§7/§r§a8§r§7)
06:01:05 [allowed] §5☬ §r§b187Bounty §r§dplaced a Summoning Eye! Brace yourselves! §r§7(§r§a8§r§7/§r§a8§r§7)
06:01:11 [allowed] §8[§r§a121§r§8] §r§6[MVP§9++§6] crocodilejake§f§r§f: 8/8 star is wild
06:01:15 [allowed] §5☬ §r§d§lThe §r§c§lUnstable Dragon§r§d§l has spawned!
06:01:21 [allowed] §5☬ §r§bIllusionofmars §r§ddestroyed an §r§5Ender Crystal§r§d!
06:01:32 [allowed] §a§l▬▬▬▬▬▬▬▬▬▬▬▬▬▬▬▬▬▬▬▬▬▬▬▬▬▬▬▬▬▬▬▬▬▬▬▬▬▬▬▬▬▬▬▬▬▬▬▬▬▬▬▬▬▬▬▬▬▬▬▬▬▬▬▬
06:01:32 [allowed]                        §r§6§lUNSTABLE DRAGON DOWN!
06:01:32 [allowed]                  §r§b[MVP§r§a+§r§b] 187Bounty§r§f §r§7dealt the final blow.
06:01:32 [allowed]            §r§e§l1st Damager §r§7- §r§b[MVP§r§c+§r§b] Roronoa§r§f §r§7- §r§e16,902,798
06:01:32 [allowed]             §r§6§l2nd Damager §r§7- §r§b[MVP§r§a+§r§b] 187Bounty§r§f §r§7- §r§e511,449
06:01:32 [allowed]              §r§c§l3rd Damager §r§7- §r§a[VIP§r§6+§r§a] KingAeon§r§f §r§7- §r§e407,154
06:01:32 [allowed]                       §r§eYour Damage: §r§a0 §r§7(Position #18)
06:01:32 [allowed] §a§l▬▬▬▬▬▬▬▬▬▬▬▬▬▬▬▬▬▬▬▬▬▬▬▬▬▬▬▬▬▬▬▬▬▬▬▬▬▬▬▬▬▬▬▬▬▬▬▬▬▬▬▬▬▬▬▬▬▬▬▬▬▬▬▬
06:01:37 [allowed] §8[§r§a121§r§8] §r§6[MVP§9++§6] crocodilejake§f§r§f: holy tps duogm
06:02:00 [allowed] §8[§r§a121§r§8] §r§6[MVP§9++§6] crocodilejake§f§r§f: why 8/8
06:02:03 [allowed] §8[§r§a121§r§8] §r§6[MVP§9++§6] crocodilejake§f§r§f: lmao
06:02:13 [allowed] §8[§r§2199§r§8] §r§7☃ §r§b[MVP§a+§b] 187Bounty§f§r§f: idk
06:02:32 [allowed] §8[§r§a121§r§8] §r§6[MVP§9++§6] crocodilejake§f§r§f: litterly better to give it to someone else lmao
06:02:32 [allowed] §5☬ §r§dThe Dragon Egg has spawned!
06:02:35 [allowed] §5☬ §r§b187Bounty §r§dplaced a Summoning Eye! §r§7(§r§e1§r§7/§r§a8§r§7)
06:02:35 [allowed] §5☬ §r§b187Bounty §r§dplaced a Summoning Eye! §r§7(§r§e2§r§7/§r§a8§r§7)
06:02:36 [allowed] §5☬ §r§b187Bounty §r§dplaced a Summoning Eye! §r§7(§r§e3§r§7/§r§a8§r§7)
06:02:38 [allowed] §5☬ §r§b187Bounty §r§dplaced a Summoning Eye! §r§7(§r§e4§r§7/§r§a8§r§7)
06:03:14 [allowed] §5☬ §r§balyKorot §r§dplaced a Summoning Eye! §r§7(§r§e5§r§7/§r§a8§r§7)
06:03:14 [allowed] §5☬ §r§balyKorot §r§dplaced a Summoning Eye! §r§7(§r§e6§r§7/§r§a8§r§7)
06:03:15 [allowed] §5☬ §r§balyKorot §r§dplaced a Summoning Eye! §r§7(§r§e7§r§7/§r§a8§r§7)
06:03:30 [allowed] §5☬ §r§balyKorot §r§dplaced a Summoning Eye! Brace yourselves! §r§7(§r§a8§r§7/§r§a8§r§7)
06:03:39 [allowed] §5☬ §r§d§lThe §r§c§lWise Dragon§r§d§l has spawned!
06:03:47 [allowed] §5☬ §r§bIllusionofmars §r§ddestroyed an §r§5Ender Crystal§r§d!
06:03:49 [allowed] §5☬ §r§bIllusionofmars §r§ddestroyed an §r§5Ender Crystal§r§d!
06:03:51 [allowed] §5☬ §r§bIllusionofmars §r§ddestroyed an §r§5Ender Crystal§r§d!
06:03:54 [allowed] §5☬ §r§d§lThe Dragon's Gate is weakening!
06:03:54 [allowed] §5☬ §r§bIllusionofmars §r§ddestroyed an §r§5Ender Crystal§r§d!
06:03:55 [allowed] §a§l▬▬▬▬▬▬▬▬▬▬▬▬▬▬▬▬▬▬▬▬▬▬▬▬▬▬▬▬▬▬▬▬▬▬▬▬▬▬▬▬▬▬▬▬▬▬▬▬▬▬▬▬▬▬▬▬▬▬▬▬▬▬▬▬
06:03:55 [allowed]                            §r§6§lWISE DRAGON DOWN!
06:03:55 [allowed]                   §r§b[MVP§r§c+§r§b] Roronoa§r§f §r§7dealt the final blow.
06:03:55 [allowed]            §r§e§l1st Damager §r§7- §r§b[MVP§r§c+§r§b] Roronoa§r§f §r§7- §r§e13,233,441
06:03:55 [allowed]             §r§6§l2nd Damager §r§7- §r§b[MVP§r§6+§r§b] alyKorot§r§f §r§7- §r§e1,150,697
06:03:55 [allowed]             §r§c§l3rd Damager §r§7- §r§b[MVP§r§a+§r§b] 187Bounty§r§f §r§7- §r§e648,255
06:03:55 [allowed]                       §r§eYour Damage: §r§a0 §r§7(Position #18)
06:03:55 [allowed] §a§l▬▬▬▬▬▬▬▬▬▬▬▬▬▬▬▬▬▬▬▬▬▬▬▬▬▬▬▬▬▬▬▬▬▬▬▬▬▬▬▬▬▬▬▬▬▬▬▬▬▬▬▬▬▬▬▬▬▬▬▬▬▬▬▬
06:04:00 [allowed] §8[§r§a121§r§8] §r§6[MVP§9++§6] crocodilejake§f§r§f: ntp wtf
06:04:03 [allowed] §8[§r§a121§r§8] §r§6[MVP§9++§6] crocodilejake§f§r§f: it liiterly
06:04:05 [allowed] §c§lYou feel a tremor from beneath the earth!
06:04:10 [allowed] §8[§r§a121§r§8] §r§6[MVP§9++§6] crocodilejake§f§r§f: at least
06:04:13 [allowed] §8[§r§a121§r§8] §r§6[MVP§9++§6] crocodilejake§f§r§f: 500k profit
06:04:55 [allowed] §5☬ §r§dThe Dragon Egg has spawned!
06:05:07 [allowed] §8[§r§a136§r§8] §r§6§lᛝ §r§b[MVP§c+§b] anon_frosty§f§r§f: appreciate it big dawg
06:05:10 [allowed] §8[§r§a121§r§8] §r§6[MVP§9++§6] crocodilejake§f§r§f: wait do i aghve to do top 3 to uh
06:05:13 [allowed] §8[§r§a126§r§8] §r§7⎊ §r§b[MVP§d+§b] WeTheNorthChamp§f§r§f: np
06:05:15 [allowed] §8[§r§a121§r§8] §r§6[MVP§9++§6] crocodilejake§f§r§f: get max rewards for 4/4
06:05:27 [allowed] §8[§r§a136§r§8] §r§6§lᛝ §r§b[MVP§c+§b] anon_frosty§f§r§f: Hello everyone! I'm an innocent player who loves everything Hypixel.
06:05:41 [allowed] §8[§r§a136§r§8] §r§6§lᛝ §r§b[MVP§c+§b] anon_frosty§f§r§f: can u do t3 easily?
06:05:44 [allowed] §8[§r§c456§r§8] §r§5§l࿇ §r§b[MVP§c+§b] Roronoa§f§r§f: atleast 1 damage enough for 4/4
06:05:54 [allowed] §8[§r§a126§r§8] §r§7⎊ §r§b[MVP§d+§b] WeTheNorthChamp§f§r§f: sadly no:(
06:05:59 [allowed] §8[§r§a136§r§8] §r§6§lᛝ §r§b[MVP§c+§b] anon_frosty§f§r§f: ok
06:06:08 [allowed] §8[§r§a136§r§8] §r§6§lᛝ §r§b[MVP§c+§b] anon_frosty§f§r§f: im just looking for a carry rn so i dont got to do 23 more t2s
06:06:10 [allowed] §8[§r§a126§r§8] §r§7⎊ §r§b[MVP§d+§b] WeTheNorthChamp§f§r§f: im grinding my final destination armor so that i have enough defence to tank the damage
06:06:22 [allowed] §8[§r§a126§r§8] §r§7⎊ §r§b[MVP§d+§b] WeTheNorthChamp§f§r§f: only 5.2k enderman kills left to go
06:06:26 [allowed] §8[§r§a136§r§8] §r§6§lᛝ §r§b[MVP§c+§b] anon_frosty§f§r§f: nice
06:11:21 [allowed] §c§lYou feel a tremor from beneath the earth!
06:18:31 [allowed] §c§lYou feel a tremor from beneath the earth!
06:19:30 [allowed] §8[§r§718§r§8] §r§7planteCraft§7§r§7: anyone have an extra ender cloak and belt that they dont want?
06:19:39 [allowed] §8[§r§e113§r§8] §r§7✿ §r§b[MVP] c0kw§f§r§f: arent they soul bound?
06:19:44 [allowed] §8[§r§718§r§8] §r§7planteCraft§7§r§7: idk
06:21:24 [allowed] §cThere are blocks in the way!
06:21:24 [allowed] §cThere are blocks in the way!
06:21:27 [allowed] §cThere are blocks in the way!
06:21:32 [allowed] §dYou have already found that Fairy Soul!
06:21:32 [allowed] §dYou have already found that Fairy Soul!
06:21:48 [allowed] §cThere are blocks in the way!
06:21:50 [allowed] §c ☠ §r§7You fell into the void§r§7.
06:25:49 [allowed] §c§lYou feel a tremor from beneath the earth!
06:27:00 [allowed] §e[SkyHanni] You have gained §b357 §eBits.
06:29:25 [allowed] §8[§r§e87§r§8] §r§a[VIP§6+§a] ItsSmakkar§f§r§f: gambling didnt work :/
06:31:56 [allowed] §c§lThe ground begins to shake as an Endstone Protector rises from below!
06:32:16 [allowed] §c§lBEWARE - An Endstone Protector has risen!
06:32:48 [allowed] §a§l▬▬▬▬▬▬▬▬▬▬▬▬▬▬▬▬▬▬▬▬▬▬▬▬▬▬▬▬▬▬▬▬▬▬▬▬▬▬▬▬▬▬▬▬▬▬▬▬▬▬▬▬▬▬▬▬▬▬▬▬▬▬▬▬
06:32:48 [allowed]                     §r§6§lENDSTONE PROTECTOR DOWN!
06:32:48 [allowed]                   §r§b[MVP§r§c+§r§b] Cwurled§r§f §r§7dealt the final blow.
06:32:48 [allowed]              §r§e§l1st Damager §r§7- §r§b[MVP§r§c+§r§b] Cwurled§r§f §r§7- §r§e9,355,245
06:32:48 [allowed]               §r§6§l2nd Damager §r§7- §r§b[MVP§r§e+§r§b] LlVE_§r§f §r§7- §r§e1,496,721
06:32:48 [allowed]                       §r§eYour Damage: §r§a0 §r§7(Position #6)
06:32:48 [allowed]                         §r§eZealots Contributed: §r§a0§r§e/100
06:32:48 [allowed] §a§l▬▬▬▬▬▬▬▬▬▬▬▬▬▬▬▬▬▬▬▬▬▬▬▬▬▬▬▬▬▬▬▬▬▬▬▬▬▬▬▬▬▬▬▬▬▬▬▬▬▬▬▬▬▬▬▬▬▬▬▬▬▬▬▬
06:34:48 [allowed] §8[§r§e111§r§8] §r§7Nasty_Nais§7§r§7: thk u g
06:40:53 [allowed] §c§lYou feel a tremor from beneath the earth!
06:41:41 [allowed] §8[§r§e119§r§8] §r§b[MVP§c+§b] MusicProducerYT§f§r§f: can u help me t4?
06:41:48 [allowed] §8[§r§9294§r§8] §r§7ᛃ §r§b[MVP§3+§b] tryclicking_§f§r§f: for 1m each sure
06:41:52 [allowed] §8[§r§e119§r§8] §r§b[MVP§c+§b] MusicProducerYT§f§r§f: i needa get 8.6k xp
06:42:02 [allowed] §8[§r§e119§r§8] §r§b[MVP§c+§b] MusicProducerYT§f§r§f: fine
