10:40:27 §f                                  §6§lBESTIARY
10:40:27 §f                               §b§lCricket §7§86 §8➡§b §b7
10:40:27 
10:40:27                                   §r§6§lREWARDS
10:40:27                           §r§6+0.4☘ Farming Fortune
10:40:27                               §r§8+§r§62% §r§aCricket §r§7coins
10:40:27                     §r§8+§r§a50% §r§7chance for extra XP orbs
10:40:27                                §r§8+§r§b1 SkyBlock XP
10:40:27 
10:40:27 §3§l▬▬▬▬▬▬▬▬▬▬▬▬▬▬▬▬▬▬▬▬▬▬▬▬▬▬▬▬▬▬▬▬▬▬▬▬▬▬▬▬▬▬▬▬▬▬▬▬▬▬▬▬▬▬▬▬▬▬▬▬▬▬▬▬
11:52:50 §f                                  §6§lBESTIARY
11:52:50 §f                                  §b§lRat §7§85 §8➡§b §b6
11:52:50 
11:52:50                                   §r§6§lREWARDS
11:52:50                           §r§6+0.4☘ Farming Fortune
11:52:50                                 §r§8+§r§62% §r§aRat §r§7coins
11:52:50                     §r§8+§r§a50% §r§7chance for extra XP orbs
11:52:50                                §r§8+§r§b1 SkyBlock XP
11:52:50 
11:52:50 §3§l▬▬▬▬▬▬▬▬▬▬▬▬▬▬▬▬▬▬▬▬▬▬▬▬▬▬▬▬▬▬▬▬▬▬▬▬▬▬▬▬▬▬▬▬▬▬▬▬▬▬▬▬▬▬▬▬▬▬▬▬▬▬▬▬
11:57:45 §f                                  §6§lBESTIARY
11:57:45 §f                              §b§lMosquito §7§84 §8➡§b §b5
11:57:45 
11:57:45                                   §r§6§lREWARDS
11:57:45                           §r§6+0.4☘ Farming Fortune
11:57:45                              §r§8+§r§62% §r§aMosquito §r§7coins
11:57:45                     §r§8+§r§a50% §r§7chance for extra XP orbs
11:57:45                                §r§8+§r§b1 SkyBlock XP
11:57:45 
11:57:45 §3§l▬▬▬▬▬▬▬▬▬▬▬▬▬▬▬▬▬▬▬▬▬▬▬▬▬▬▬▬▬▬▬▬▬▬▬▬▬▬▬▬▬▬▬▬▬▬▬▬▬▬▬▬▬▬▬▬▬▬▬▬▬▬▬▬
12:46:56 §f                                  §6§lBESTIARY
12:46:56 §f                                 §b§lWolf §7§83 §8➡§b §b4
12:46:56 
12:46:56                                   §r§6§lREWARDS
12:46:56                            §r§8+§r§a2 Wolf §r§b✯ Magic Find
12:46:56                             §r§8+§r§a2 Wolf §r§c❁ Strength
12:46:56                                §r§8+§r§62% §r§aWolf §r§7coins
12:46:56                     §r§8+§r§a50% §r§7chance for extra XP orbs
12:46:56                                §r§8+§r§b1 SkyBlock XP
12:46:56 
12:46:56   §r§f                         §6§lBESTIARY MILESTONE
12:46:56   §r§f                                    §863➡§e64
12:46:56 §6§lBESTIARY MILESTONE §863➡§e64
12:46:56 §6§lBESTIARY MILESTONE §863➡§e64
12:46:56 §6§lBESTIARY MILESTONE §863➡§e64
12:46:56 §6§lBESTIARY MILESTONE §863➡§e64
12:46:56 
12:51:15 §f                                  §6§lBESTIARY
12:51:15 §f                              §b§lOld Wolf §7§81 §8➡§b §b2
12:51:15 
12:51:15                                   §r§6§lREWARDS
12:51:15                          §r§8+§r§a2 Old Wolf §r§b✯ Magic Find
12:51:15                           §r§8+§r§a2 Old Wolf §r§c❁ Strength
12:51:15                              §r§8+§r§62% §r§aOld Wolf §r§7coins
12:51:15                     §r§8+§r§a50% §r§7chance for extra XP orbs
12:51:15                                §r§8+§r§b1 SkyBlock XP
12:51:15 
12:51:15 §3§l▬▬▬▬▬▬▬▬▬▬▬▬▬▬▬▬▬▬▬▬▬▬▬▬▬▬▬▬▬▬▬▬▬▬▬▬▬▬▬▬▬▬▬▬▬▬▬▬▬▬▬▬▬▬▬▬▬▬▬▬▬▬▬▬
12:54:51 §f                                  §6§lBESTIARY
12:54:51 §f                              §b§lOld Wolf §7§82 §8➡§b §b3
12:54:51 
12:54:51                                   §r§6§lREWARDS
12:54:51                          §r§8+§r§a2 Old Wolf §r§b✯ Magic Find
12:54:51                           §r§8+§r§a2 Old Wolf §r§c❁ Strength
12:54:51                              §r§8+§r§62% §r§aOld Wolf §r§7coins
12:54:51                     §r§8+§r§a50% §r§7chance for extra XP orbs
12:54:51                                §r§8+§r§b1 SkyBlock XP
12:54:51 
12:54:51 §3§l▬▬▬▬▬▬▬▬▬▬▬▬▬▬▬▬▬▬▬▬▬▬▬▬▬▬▬▬▬▬▬▬▬▬▬▬▬▬▬▬▬▬▬▬▬▬▬▬▬▬▬▬▬▬▬▬▬▬▬▬▬▬▬▬
12:55:24 §f                                  §6§lBESTIARY
12:55:24 §f                                 §b§lWolf §7§84 §8➡§b §b5
12:55:24 
12:55:24                                   §r§6§lREWARDS
12:55:24                            §r§8+§r§a2 Wolf §r§b✯ Magic Find
12:55:24                             §r§8+§r§a2 Wolf §r§c❁ Strength
12:55:24                                §r§8+§r§62% §r§aWolf §r§7coins
12:55:24                     §r§8+§r§a50% §r§7chance for extra XP orbs
12:55:24                                §r§8+§r§b1 SkyBlock XP
12:55:24 
12:55:24 §3§l▬▬▬▬▬▬▬▬▬▬▬▬▬▬▬▬▬▬▬▬▬▬▬▬▬▬▬▬▬▬▬▬▬▬▬▬▬▬▬▬▬▬▬▬▬▬▬▬▬▬▬▬▬▬▬▬▬▬▬▬▬▬▬▬
12:57:12 §f                                  §6§lBESTIARY
12:57:12 §f                              §b§lOld Wolf §7§83 §8➡§b §b4
12:57:12 
12:57:12                                   §r§6§lREWARDS
12:57:12                          §r§8+§r§a2 Old Wolf §r§b✯ Magic Find
12:57:12                           §r§8+§r§a2 Old Wolf §r§c❁ Strength
12:57:12                              §r§8+§r§62% §r§aOld Wolf §r§7coins
12:57:12                     §r§8+§r§a50% §r§7chance for extra XP orbs
12:57:12                                §r§8+§r§b1 SkyBlock XP
12:57:12 
12:57:12 §3§l▬▬▬▬▬▬▬▬▬▬▬▬▬▬▬▬▬▬▬▬▬▬▬▬▬▬▬▬▬▬▬▬▬▬▬▬▬▬▬▬▬▬▬▬▬▬▬▬▬▬▬▬▬▬▬▬▬▬▬▬▬▬▬▬
13:47:03 §f                                  §6§lBESTIARY
13:47:03 §f                            §b§lArachne §7§810 §8➡§b §b11
13:47:03 
13:47:03                                   §r§6§lREWARDS
13:47:03                          §r§8+§r§a4 Arachne §r§b✯ Magic Find
13:47:03                          §r§8+§r§a4 Arachne §r§c❁ Strength
13:47:03                              §r§8+§r§62% §r§aArachne §r§7coins
13:47:03                     §r§8+§r§a50% §r§7chance for extra XP orbs
13:47:03                                §r§8+§r§b1 SkyBlock XP
13:47:03 
13:47:03 §3§l▬▬▬▬▬▬▬▬▬▬▬▬▬▬▬▬▬▬▬▬▬▬▬▬▬▬▬▬▬▬▬▬▬▬▬▬▬▬▬▬▬▬▬▬▬▬▬▬▬▬▬▬▬▬▬▬▬▬▬▬▬▬▬▬
