10:13:28 §f §r§r§r§f §r§r§r§1 §r§r§r§0 §r§r§r§2 §r§r§r§f §r§r§r§f §r§r§r§2 §r§r§r§0 §r§r§r§4 §r§r§r§3 §r§r§r§9 §r§r§r§2 §r§r§r§0 §r§r§r§0 §r§r§r§3 §r§r§r§9 §r§r§r§2 §r§r§r§0 §r§r§r§0 §r§r§r§3 §r§r§r§9 §r§r§r§2 §r§r§r§0 §r§r§r§0 
10:13:38 §8 §r§8 §r§1 §r§3 §r§3 §r§7 §r§8 
10:13:40 
10:13:40 
10:14:44 §8 §r§8 §r§1 §r§3 §r§3 §r§7 §r§8 
10:14:59 §8 §r§8 §r§1 §r§3 §r§3 §r§7 §r§8 
10:16:31  
10:16:31   
10:17:32  
10:17:32   
10:17:45 §8 §r§8 §r§1 §r§3 §r§3 §r§7 §r§8 
10:17:54  
10:17:54   
10:18:32 §8 §r§8 §r§1 §r§3 §r§3 §r§7 §r§8 
10:19:31  
10:19:31   
10:20:29 §8 §r§8 §r§1 §r§3 §r§3 §r§7 §r§8 
10:20:35 §8 §r§8 §r§1 §r§3 §r§3 §r§7 §r§8 
10:20:39 §8 §r§8 §r§1 §r§3 §r§3 §r§7 §r§8 
10:20:58 §8 §r§8 §r§1 §r§3 §r§3 §r§7 §r§8 
10:21:03  
10:21:03   
10:22:03  
10:22:03   
10:23:03  
10:23:03   
10:23:43 
10:23:43 
10:24:41 §8 §r§8 §r§1 §r§3 §r§3 §r§7 §r§8 
10:33:22 §8 §r§8 §r§1 §r§3 §r§3 §r§7 §r§8 
10:34:31 §8 §r§8 §r§1 §r§3 §r§3 §r§7 §r§8 
10:34:35 §8 §r§8 §r§1 §r§3 §r§3 §r§7 §r§8 
10:34:38 §8 §r§8 §r§1 §r§3 §r§3 §r§7 §r§8 
10:38:56 §8 §r§8 §r§1 §r§3 §r§3 §r§7 §r§8 
10:39:57 §8 §r§8 §r§1 §r§3 §r§3 §r§7 §r§8 
10:40:27  
11:01:33 
11:01:33 §c
11:09:22 §8 §r§8 §r§1 §r§3 §r§3 §r§7 §r§8 
11:24:34 §8 §r§8 §r§1 §r§3 §r§3 §r§7 §r§8 
11:25:46 §8 §r§8 §r§1 §r§3 §r§3 §r§7 §r§8 
11:26:20 §8 §r§8 §r§1 §r§3 §r§3 §r§7 §r§8 
11:31:21 
11:31:21 
11:52:50  
11:54:51 
11:54:51 
11:57:45  
12:02:22 §8 §r§8 §r§1 §r§3 §r§3 §r§7 §r§8 
12:03:07 §8 §r§8 §r§1 §r§3 §r§3 §r§7 §r§8 
12:03:52 §8 §r§8 §r§1 §r§3 §r§3 §r§7 §r§8 
12:05:00  
12:05:00   
12:06:01  
12:06:01   
12:06:47 §8 §r§8 §r§1 §r§3 §r§3 §r§7 §r§8 
12:07:27  
12:07:27   
12:08:27  
12:08:27   
12:09:27  
12:09:27   
12:10:27  
12:10:27   
12:11:27  
12:11:27   
12:12:27  
12:12:27   
12:13:27  
12:13:27   
12:14:27  
12:14:27   
12:15:27  
12:15:27   
12:16:28  
12:16:28   
12:17:28  
12:17:28   
12:18:28  
12:18:28   
12:19:28  
12:19:28   
12:20:28  
12:20:28   
12:21:28  
12:21:28   
12:22:28  
12:22:28   
12:23:28  
12:23:28   
12:24:28  
12:24:28   
12:25:28  
12:25:28   
12:26:28  
12:26:28   
12:27:28  
12:27:28   
12:28:28  
12:28:28   
12:29:28  
12:29:28   
12:30:28  
12:30:28   
12:31:29  
12:31:29   
12:32:29  
12:32:29   
12:33:08 §8 §r§8 §r§1 §r§3 §r§3 §r§7 §r§8 
12:33:59  
12:33:59   
12:35:00  
12:35:00   
12:35:40 §8 §r§8 §r§1 §r§3 §r§3 §r§7 §r§8 
12:39:05 §f §r§r§r§f §r§r§r§1 §r§r§r§0 §r§r§r§2 §r§r§r§f §r§r§r§f §r§r§r§2 §r§r§r§0 §r§r§r§4 §r§r§r§3 §r§r§r§9 §r§r§r§2 §r§r§r§0 §r§r§r§0 §r§r§r§3 §r§r§r§9 §r§r§r§2 §r§r§r§0 §r§r§r§0 §r§r§r§3 §r§r§r§9 §r§r§r§2 §r§r§r§0 §r§r§r§0 
12:39:08 §8 §r§8 §r§1 §r§3 §r§3 §r§7 §r§8 
12:39:11 
12:39:11 
12:39:13 §8 §r§8 §r§1 §r§3 §r§3 §r§7 §r§8 
12:39:17 §8 §r§8 §r§1 §r§3 §r§3 §r§7 §r§8 
12:39:26 §8 §r§8 §r§1 §r§3 §r§3 §r§7 §r§8 
12:40:03 §8 §r§8 §r§1 §r§3 §r§3 §r§7 §r§8 
12:44:29 §8 §r§8 §r§1 §r§3 §r§3 §r§7 §r§8 
12:46:56  
12:51:15  
12:54:51  
12:55:24  
12:57:12  
13:00:01  
13:00:01  
13:00:01  
13:00:16 §8 §r§8 §r§1 §r§3 §r§3 §r§7 §r§8 
13:00:16  
13:00:16   
13:00:20  
13:00:20  
13:00:20  
13:01:10 §8 §r§8 §r§1 §r§3 §r§3 §r§7 §r§8 
13:01:13 §8 §r§8 §r§1 §r§3 §r§3 §r§7 §r§8 
13:01:32 
13:01:32 §c
13:04:02 §8 §r§8 §r§1 §r§3 §r§3 §r§7 §r§8 
13:04:08 §8 §r§8 §r§1 §r§3 §r§3 §r§7 §r§8 
13:08:15 §8 §r§8 §r§1 §r§3 §r§3 §r§7 §r§8 
13:09:43 §8 §r§8 §r§1 §r§3 §r§3 §r§7 §r§8 
13:10:28 §8 §r§8 §r§1 §r§3 §r§3 §r§7 §r§8 
13:17:00 §8 §r§8 §r§1 §r§3 §r§3 §r§7 §r§8 
13:18:34 §8 §r§8 §r§1 §r§3 §r§3 §r§7 §r§8 
13:19:55 §8 §r§8 §r§1 §r§3 §r§3 §r§7 §r§8 
13:20:09 §8 §r§8 §r§1 §r§3 §r§3 §r§7 §r§8 
13:20:14 §8 §r§8 §r§1 §r§3 §r§3 §r§7 §r§8 
13:21:01 §8 §r§8 §r§1 §r§3 §r§3 §r§7 §r§8 
13:23:03 
13:23:03 
13:24:43 
13:24:43 
13:24:43 
13:24:43 
13:26:21 
13:26:21 
13:26:21 
13:26:21 
13:27:20 
13:27:20 
13:27:20 
13:27:20 
13:27:58 
13:27:58 
13:27:58 
13:27:58 
13:28:37 
13:28:37 
13:28:37 
13:28:37 
13:30:28 
13:30:28 
13:30:28 
13:30:28 
13:31:26 
13:31:26 
13:31:26 
13:31:26 
13:33:22 §8 §r§8 §r§1 §r§3 §r§3 §r§7 §r§8 
13:33:37 §8 §r§8 §r§1 §r§3 §r§3 §r§7 §r§8 
13:35:05 §8 §r§8 §r§1 §r§3 §r§3 §r§7 §r§8 
13:35:33 §8 §r§8 §r§1 §r§3 §r§3 §r§7 §r§8 
13:35:49 §8 §r§8 §r§1 §r§3 §r§3 §r§7 §r§8 
13:36:53 §8 §r§8 §r§1 §r§3 §r§3 §r§7 §r§8 
13:37:50 
13:37:50 
13:37:50 
13:37:50 
13:38:08 §8 §r§8 §r§1 §r§3 §r§3 §r§7 §r§8 
13:38:13 §8 §r§8 §r§1 §r§3 §r§3 §r§7 §r§8 
13:38:30 §8 §r§8 §r§1 §r§3 §r§3 §r§7 §r§8 
13:40:31 
13:40:31 
13:40:31 
13:40:31 
13:42:41  
13:42:41  
13:42:41  
13:45:51 
13:45:51 
13:45:51 
13:45:51 
13:47:03 
13:47:03 
13:47:03 
13:47:03 
13:47:03 
13:47:03  
13:48:49 
13:48:49 
13:48:49 
13:48:49 
13:49:08 §8 §r§8 §r§1 §r§3 §r§3 §r§7 §r§8 
13:52:17 §8 §r§8 §r§1 §r§3 §r§3 §r§7 §r§8 
13:56:32 
14:00:06 §8 §r§8 §r§1 §r§3 §r§3 §r§7 §r§8 
14:01:27 
14:01:27 
14:01:27 
14:03:03 §8 §r§8 §r§1 §r§3 §r§3 §r§7 §r§8 
14:10:25 §8 §r§8 §r§1 §r§3 §r§3 §r§7 §r§8 
