10:16:31 §f                §7You have §31,138 §7materials stashed away!
10:16:31 §f              §8(This totals 2 types of materials stashed!)
10:16:31 §f                §3§l>>> §3§lCLICK HERE§b to pick them up! §3§l<<<
10:17:32 §f                §7You have §39,359 §7materials stashed away!
10:17:32 §f              §8(This totals 2 types of materials stashed!)
10:17:32 §f                §3§l>>> §3§lCLICK HERE§b to pick them up! §3§l<<<
10:17:54 §f               §7You have §310,938 §7materials stashed away!
10:17:54 §f              §8(This totals 2 types of materials stashed!)
10:17:54 §f                §3§l>>> §3§lCLICK HERE§b to pick them up! §3§l<<<
10:19:31 §f               §7You have §322,247 §7materials stashed away!
10:19:31 §f              §8(This totals 2 types of materials stashed!)
10:19:31 §f                §3§l>>> §3§lCLICK HERE§b to pick them up! §3§l<<<
10:21:03 §f               §7You have §328,248 §7materials stashed away!
10:21:03 §f              §8(This totals 2 types of materials stashed!)
10:21:03 §f                §3§l>>> §3§lCLICK HERE§b to pick them up! §3§l<<<
10:22:03 §f               §7You have §325,304 §7materials stashed away!
10:22:03 §f              §8(This totals 2 types of materials stashed!)
10:22:03 §f                §3§l>>> §3§lCLICK HERE§b to pick them up! §3§l<<<
10:23:03 §f                §7You have §37,575 §7materials stashed away!
10:23:03 §f               §8(This totals 1 type of material stashed!)
10:23:03 §f                §3§l>>> §3§lCLICK HERE§b to pick them up! §3§l<<<
12:05:00 §f                §7You have §32,014 §7materials stashed away!
12:05:00 §f              §8(This totals 2 types of materials stashed!)
12:05:00 §f                §3§l>>> §3§lCLICK HERE§b to pick them up! §3§l<<<
12:06:01 §f                §7You have §37,720 §7materials stashed away!
12:06:01 §f              §8(This totals 2 types of materials stashed!)
12:06:01 §f                §3§l>>> §3§lCLICK HERE§b to pick them up! §3§l<<<
12:07:27 §f               §7You have §311,062 §7materials stashed away!
12:07:27 §f              §8(This totals 2 types of materials stashed!)
12:07:27 §f                §3§l>>> §3§lCLICK HERE§b to pick them up! §3§l<<<
12:08:27 §f               §7You have §311,062 §7materials stashed away!
12:08:27 §f              §8(This totals 2 types of materials stashed!)
12:08:27 §f                §3§l>>> §3§lCLICK HERE§b to pick them up! §3§l<<<
12:09:27 §f               §7You have §311,062 §7materials stashed away!
12:09:27 §f              §8(This totals 2 types of materials stashed!)
12:09:27 §f                §3§l>>> §3§lCLICK HERE§b to pick them up! §3§l<<<
12:10:27 §f               §7You have §311,062 §7materials stashed away!
12:10:27 §f              §8(This totals 2 types of materials stashed!)
12:10:27 §f                §3§l>>> §3§lCLICK HERE§b to pick them up! §3§l<<<
12:11:27 §f               §7You have §311,062 §7materials stashed away!
12:11:27 §f              §8(This totals 2 types of materials stashed!)
12:11:27 §f                §3§l>>> §3§lCLICK HERE§b to pick them up! §3§l<<<
12:12:27 §f               §7You have §311,062 §7materials stashed away!
12:12:27 §f              §8(This totals 2 types of materials stashed!)
12:12:27 §f                §3§l>>> §3§lCLICK HERE§b to pick them up! §3§l<<<
12:13:27 §f               §7You have §311,062 §7materials stashed away!
12:13:27 §f              §8(This totals 2 types of materials stashed!)
12:13:27 §f                §3§l>>> §3§lCLICK HERE§b to pick them up! §3§l<<<
12:14:27 §f               §7You have §311,062 §7materials stashed away!
12:14:27 §f              §8(This totals 2 types of materials stashed!)
12:14:27 §f                §3§l>>> §3§lCLICK HERE§b to pick them up! §3§l<<<
12:15:27 §f               §7You have §311,062 §7materials stashed away!
12:15:27 §f              §8(This totals 2 types of materials stashed!)
12:15:27 §f                §3§l>>> §3§lCLICK HERE§b to pick them up! §3§l<<<
12:16:28 §f               §7You have §311,062 §7materials stashed away!
12:16:28 §f              §8(This totals 2 types of materials stashed!)
12:16:28 §f                §3§l>>> §3§lCLICK HERE§b to pick them up! §3§l<<<
12:17:28 §f               §7You have §311,062 §7materials stashed away!
12:17:28 §f              §8(This totals 2 types of materials stashed!)
12:17:28 §f                §3§l>>> §3§lCLICK HERE§b to pick them up! §3§l<<<
12:18:28 §f               §7You have §311,062 §7materials stashed away!
12:18:28 §f              §8(This totals 2 types of materials stashed!)
12:18:28 §f                §3§l>>> §3§lCLICK HERE§b to pick them up! §3§l<<<
12:19:28 §f               §7You have §311,062 §7materials stashed away!
12:19:28 §f              §8(This totals 2 types of materials stashed!)
12:19:28 §f                §3§l>>> §3§lCLICK HERE§b to pick them up! §3§l<<<
12:20:28 §f               §7You have §311,062 §7materials stashed away!
12:20:28 §f              §8(This totals 2 types of materials stashed!)
12:20:28 §f                §3§l>>> §3§lCLICK HERE§b to pick them up! §3§l<<<
12:21:28 §f               §7You have §311,062 §7materials stashed away!
12:21:28 §f              §8(This totals 2 types of materials stashed!)
12:21:28 §f                §3§l>>> §3§lCLICK HERE§b to pick them up! §3§l<<<
12:22:28 §f               §7You have §311,062 §7materials stashed away!
12:22:28 §f              §8(This totals 2 types of materials stashed!)
12:22:28 §f                §3§l>>> §3§lCLICK HERE§b to pick them up! §3§l<<<
12:23:28 §f               §7You have §311,062 §7materials stashed away!
12:23:28 §f              §8(This totals 2 types of materials stashed!)
12:23:28 §f                §3§l>>> §3§lCLICK HERE§b to pick them up! §3§l<<<
12:24:28 §f               §7You have §311,062 §7materials stashed away!
12:24:28 §f              §8(This totals 2 types of materials stashed!)
12:24:28 §f                §3§l>>> §3§lCLICK HERE§b to pick them up! §3§l<<<
12:25:28 §f               §7You have §311,062 §7materials stashed away!
12:25:28 §f              §8(This totals 2 types of materials stashed!)
12:25:28 §f                §3§l>>> §3§lCLICK HERE§b to pick them up! §3§l<<<
12:26:28 §f               §7You have §311,062 §7materials stashed away!
12:26:28 §f              §8(This totals 2 types of materials stashed!)
12:26:28 §f                §3§l>>> §3§lCLICK HERE§b to pick them up! §3§l<<<
12:27:28 §f               §7You have §311,062 §7materials stashed away!
12:27:28 §f              §8(This totals 2 types of materials stashed!)
12:27:28 §f                §3§l>>> §3§lCLICK HERE§b to pick them up! §3§l<<<
12:28:28 §f               §7You have §312,440 §7materials stashed away!
12:28:28 §f              §8(This totals 2 types of materials stashed!)
12:28:28 §f                §3§l>>> §3§lCLICK HERE§b to pick them up! §3§l<<<
12:29:28 §f               §7You have §312,440 §7materials stashed away!
12:29:28 §f              §8(This totals 2 types of materials stashed!)
12:29:28 §f                §3§l>>> §3§lCLICK HERE§b to pick them up! §3§l<<<
12:30:28 §f               §7You have §315,192 §7materials stashed away!
12:30:28 §f              §8(This totals 2 types of materials stashed!)
12:30:28 §f                §3§l>>> §3§lCLICK HERE§b to pick them up! §3§l<<<
12:31:29 §f               §7You have §320,144 §7materials stashed away!
12:31:29 §f              §8(This totals 2 types of materials stashed!)
12:31:29 §f                §3§l>>> §3§lCLICK HERE§b to pick them up! §3§l<<<
12:32:29 §f               §7You have §321,983 §7materials stashed away!
12:32:29 §f              §8(This totals 2 types of materials stashed!)
12:32:29 §f                §3§l>>> §3§lCLICK HERE§b to pick them up! §3§l<<<
12:33:59 §f               §7You have §311,348 §7materials stashed away!
12:33:59 §f              §8(This totals 2 types of materials stashed!)
12:33:59 §f                §3§l>>> §3§lCLICK HERE§b to pick them up! §3§l<<<
12:35:00 §f                §7You have §33,830 §7materials stashed away!
12:35:00 §f               §8(This totals 1 type of material stashed!)
12:35:00 §f                §3§l>>> §3§lCLICK HERE§b to pick them up! §3§l<<<
