12:01:32 New visitor detected: '§9Old Man Garry'
12:01:32 New visitor detected: '§9Iron Forger'
12:01:32 New visitor detected: '§aArthur'
12:01:32 New visitor detected: '§aFriendly Hiker'
12:01:32 New visitor detected: '§9Tammy'
12:05:28 New visitor detected: '§9Old Man Garry'
12:05:28 New visitor detected: '§9Iron Forger'
12:05:28 New visitor detected: '§aArthur'
12:05:28 New visitor detected: '§aFriendly Hiker'
12:05:28 New visitor detected: '§9Tammy'
12:05:28 New visitor detected: '§9Old Man Garry'
12:05:28 New visitor detected: '§9Iron Forger'
12:05:28 New visitor detected: '§aArthur'
12:05:28 New visitor detected: '§aFriendly Hiker'
12:05:28 New visitor detected: '§9Tammy'
12:27:37 New visitor detected: '§9Iron Forger'
12:27:37 New visitor detected: '§aArthur'
12:27:37 New visitor detected: '§aFriendly Hiker'
12:27:37 New visitor detected: '§9Tammy'
12:35:05 New visitor detected: '§9Old Man Garry'
12:37:19 New visitor detected: '§9Iron Forger'
12:37:19 New visitor detected: '§aArthur'
12:37:19 New visitor detected: '§aFriendly Hiker'
12:37:19 New visitor detected: '§9Tammy'
12:44:49 New visitor detected: '§9Tammy'
