04:04:56 §e[SkyHanni] Reloaded 7,532 items in the NEU repo
04:06:21 §6Brunch Egg! §d§lNEW §a§lUNCOMMON §aHarmony §7(§6+2 §7and §6+0.003x c/s!§7)
04:16:38 §9Fig Tree Gift. §7You helped cut §a100.0% §7and gained §e5 rewards§a!
04:17:52 §9Fig Tree Gift. §7You helped cut §a100.0% §7and gained §e5 rewards§a!
04:18:02 §9Fig Tree Gift. §7You helped cut §a100.0% §7and gained §e5 rewards§a!
04:18:16 §9Fig Tree Gift. §7You helped cut §a100.0% §7and gained §e5 rewards§a!
04:18:23 §9Fig Tree Gift. §7You helped cut §a100.0% §7and gained §e5 rewards§a!
04:18:36 §9Fig Tree Gift. §7You helped cut §a100.0% §7and gained §e5 rewards§a!
04:18:39 §aDinner Egg! §d§lNEW §f§lCOMMON §fBarney §7(§6+1 §7and §6+0.002x c/s!§7)
04:18:45 §9Fig Tree Gift. §7You helped cut §a100.0% §7and gained §e5 rewards§a!
04:19:23 §9Fig Tree Gift. §7You helped cut §a100.0% §7and gained §e5 rewards§a!
04:19:33 §9Fig Tree Gift. §7You helped cut §a100.0% §7and gained §e5 rewards§a!
04:20:18 §9Fig Tree Gift. §7You helped cut §a100.0% §7and gained §e5 rewards§a!
04:20:25 §9Fig Tree Gift. §7You helped cut §a100.0% §7and gained §e5 rewards§a!
04:20:35 §9Fig Tree Gift. §7You helped cut §a100.0% §7and gained §e5 rewards§a!
04:20:41 §9Fig Tree Gift. §7You helped cut §a100.0% §7and gained §e5 rewards§a!
04:20:53 §9Fig Tree Gift. §7You helped cut §a100.0% §7and gained §e5 rewards§a!
04:21:06 §9Fig Tree Gift. §7You helped cut §a100.0% §7and gained §e5 rewards§a!
04:21:50 §9Fig Tree Gift. §7You helped cut §a93.9% §7and gained §e5 rewards§a!
04:21:58 §9Fig Tree Gift. §7You helped cut §c0.6% §7and gained §e0 rewards§a!
04:22:12 §9Fig Tree Gift. §7You helped cut §a100.0% §7and gained §e5 rewards§a!
04:22:19 §9Fig Tree Gift. §7You helped cut §a100.0% §7and gained §e5 rewards§a!
04:22:19 §f - §fSweep Booster
04:23:18 §9Fig Tree Gift. §7You helped cut §a100.0% §7and gained §e5 rewards§a!
04:23:35 §9Fig Tree Gift. §7You helped cut §a100.0% §7and gained §e5 rewards§a!
04:23:45 §9Fig Tree Gift. §7You helped cut §a100.0% §7and gained §e5 rewards§a!
04:23:57 §9Fig Tree Gift. §7You helped cut §a100.0% §7and gained §e5 rewards§a!
04:24:03 §9Fig Tree Gift. §7You helped cut §a100.0% §7and gained §e5 rewards§a!
04:24:41 §9Fig Tree Gift. §7You helped cut §a100.0% §7and gained §e5 rewards§a!
04:24:52 §9Fig Tree Gift. §7You helped cut §a100.0% §7and gained §e5 rewards§a!
04:25:07 §9Fig Tree Gift. §7You helped cut §a100.0% §7and gained §e5 rewards§a!
04:25:15 §9Fig Tree Gift. §7You helped cut §a100.0% §7and gained §e5 rewards§a!
04:25:25 §9Fig Tree Gift. §7You helped cut §a100.0% §7and gained §e5 rewards§a!
04:25:36 §e[SkyHanni] §bYou have §32k §bmaterials in stash, §btotalling §31 type§b. §bClick to §3pickup §byour stash!
04:26:32 §9Fig Tree Gift. §7You helped cut §a100.0% §7and gained §e5 rewards§a!
04:26:36 §e[SkyHanni] §bYou have §32.6k §bmaterials in stash, §btotalling §31 type§b. §bClick to §3pickup §byour stash!
04:27:27 §9Fig Tree Gift. §7You helped cut §a100.0% §7and gained §e5 rewards§a!
04:27:37 §9Fig Tree Gift. §7You helped cut §a100.0% §7and gained §e5 rewards§a!
04:27:45 §9Fig Tree Gift. §7You helped cut §a100.0% §7and gained §e5 rewards§a!
04:27:51 §9Fig Tree Gift. §7You helped cut §a100.0% §7and gained §e5 rewards§a!
04:28:08 §9Fig Tree Gift. §7You helped cut §a100.0% §7and gained §e5 rewards§a!
04:28:16 §9Fig Tree Gift. §7You helped cut §a100.0% §7and gained §e5 rewards§a!
04:28:22 §6Breakfast Egg! §d§lNEW §f§lCOMMON §fReginald §7(§6+1 §7and §6+0.002x c/s!§7)
04:28:25 §9Fig Tree Gift. §7You helped cut §a100.0% §7and gained §e5 rewards§a!
04:31:25 §9Fig Tree Gift. §7You helped cut §a100.0% §7and gained §e5 rewards§a!
04:31:37 §9Fig Tree Gift. §7You helped cut §a100.0% §7and gained §e5 rewards§a!
04:31:51 §9Fig Tree Gift. §7You helped cut §a100.0% §7and gained §e5 rewards§a!
04:32:11 §9Fig Tree Gift. §7You helped cut §a100.0% §7and gained §e5 rewards§a!
04:32:44 §9Fig Tree Gift. §7You helped cut §a100.0% §7and gained §e5 rewards§a!
04:32:52 §9Fig Tree Gift. §7You helped cut §a100.0% §7and gained §e5 rewards§a!
04:33:08 §9Fig Tree Gift. §7You helped cut §a100.0% §7and gained §e5 rewards§a!
04:33:28 §9Fig Tree Gift. §7You helped cut §a100.0% §7and gained §e5 rewards§a!
04:34:17 §9Fig Tree Gift. §7You helped cut §a100.0% §7and gained §e5 rewards§a!
04:34:23 §9Fig Tree Gift. §7You helped cut §a100.0% §7and gained §e5 rewards§a!
04:34:33 §9Fig Tree Gift. §7You helped cut §a100.0% §7and gained §e5 rewards§a!
04:34:44 §9Fig Tree Gift. §7You helped cut §a100.0% §7and gained §e5 rewards§a!
04:34:52 §9Fig Tree Gift. §7You helped cut §a100.0% §7and gained §e5 rewards§a!
04:35:13 §9Fig Tree Gift. §7You helped cut §a100.0% §7and gained §e5 rewards§a!
04:35:20 §9Fig Tree Gift. §7You helped cut §a100.0% §7and gained §e5 rewards§a!
04:35:20 §f - §fSweep Booster
04:35:26 §9Fig Tree Gift. §7You helped cut §a100.0% §7and gained §e5 rewards§a!
04:35:46 §9Fig Tree Gift. §7You helped cut §a100.0% §7and gained §e5 rewards§a!
04:36:30 §9Fig Tree Gift. §7You helped cut §a100.0% §7and gained §e5 rewards§a!
04:37:11 §9Fig Tree Gift. §7You helped cut §a100.0% §7and gained §e5 rewards§a!
04:37:26 §9Fig Tree Gift. §7You helped cut §a100.0% §7and gained §e5 rewards§a!
04:37:41 §9Fig Tree Gift. §7You helped cut §a100.0% §7and gained §e5 rewards§a!
04:38:20 §9Fig Tree Gift. §7You helped cut §a100.0% §7and gained §e5 rewards§a!
04:40:30 §9Fig Tree Gift. §7You helped cut §a100.0% §7and gained §e5 rewards§a!
04:40:47 §9Fig Tree Gift. §7You helped cut §a100.0% §7and gained §e5 rewards§a!
04:40:59 §9Fig Tree Gift. §7You helped cut §a100.0% §7and gained §e5 rewards§a!
04:41:14 §9Fig Tree Gift. §7You helped cut §a100.0% §7and gained §e5 rewards§a!
04:41:28 §9Fig Tree Gift. §7You helped cut §a100.0% §7and gained §e5 rewards§a!
04:41:38 §9Fig Tree Gift. §7You helped cut §a100.0% §7and gained §e5 rewards§a!
04:41:48 §9Fig Tree Gift. §7You helped cut §a100.0% §7and gained §e5 rewards§a!
04:42:05 §9Fig Tree Gift. §7You helped cut §a100.0% §7and gained §e5 rewards§a!
04:42:14 §9Fig Tree Gift. §7You helped cut §a100.0% §7and gained §e5 rewards§a!
04:42:26 §9Fig Tree Gift. §7You helped cut §a100.0% §7and gained §e5 rewards§a!
04:42:37 §9Fig Tree Gift. §7You helped cut §a100.0% §7and gained §e5 rewards§a!
04:42:59 §9Fig Tree Gift. §7You helped cut §a100.0% §7and gained §e5 rewards§a!
04:43:08 §9Fig Tree Gift. §7You helped cut §a100.0% §7and gained §e5 rewards§a!
04:43:08 §f - §fSweep Booster
04:43:22 §9Fig Tree Gift. §7You helped cut §a100.0% §7and gained §e5 rewards§a!
04:44:28 §9Fig Tree Gift. §7You helped cut §a100.0% §7and gained §e5 rewards§a!
04:44:41 §9Fig Tree Gift. §7You helped cut §a100.0% §7and gained §e5 rewards§a!
04:44:41 §f - §fForaging Wisdom Booster
04:44:58 §9Fig Tree Gift. §7You helped cut §a100.0% §7and gained §e5 rewards§a!
04:45:17 §9Fig Tree Gift. §7You helped cut §a100.0% §7and gained §e5 rewards§a!
04:45:44 §9Fig Tree Gift. §7You helped cut §a100.0% §7and gained §e5 rewards§a!
04:45:58 §9Fig Tree Gift. §7You helped cut §a100.0% §7and gained §e5 rewards§a!
04:46:07 §9Fig Tree Gift. §7You helped cut §a95.0% §7and gained §e5 rewards§a!
04:46:16 §9Fig Tree Gift. §7You helped cut §a100.0% §7and gained §e5 rewards§a!
04:46:26 §9Fig Tree Gift. §7You helped cut §a100.0% §7and gained §e5 rewards§a!
04:47:44 §9Fig Tree Gift. §7You helped cut §a100.0% §7and gained §e5 rewards§a!
04:47:50 §9Fig Tree Gift. §7You helped cut §a100.0% §7and gained §e5 rewards§a!
04:47:59 §9Fig Tree Gift. §7You helped cut §a100.0% §7and gained §e5 rewards§a!
04:48:09 §9Fig Tree Gift. §7You helped cut §a100.0% §7and gained §e5 rewards§a!
04:48:31 §9Fig Tree Gift. §7You helped cut §a100.0% §7and gained §e5 rewards§a!
04:48:42 §9Fig Tree Gift. §7You helped cut §a100.0% §7and gained §e5 rewards§a!
04:48:50 §9Fig Tree Gift. §7You helped cut §a100.0% §7and gained §e5 rewards§a!
04:49:04 §9Fig Tree Gift. §7You helped cut §a100.0% §7and gained §e5 rewards§a!
04:49:10 §9Fig Tree Gift. §7You helped cut §a100.0% §7and gained §e5 rewards§a!
04:49:38 §9Fig Tree Gift. §7You helped cut §a100.0% §7and gained §e5 rewards§a!
04:50:00 §9Fig Tree Gift. §7You helped cut §a100.0% §7and gained §e5 rewards§a!
04:51:07 §9Fig Tree Gift. §7You helped cut §a100.0% §7and gained §e5 rewards§a!
04:51:58 §9Fig Tree Gift. §7You helped cut §a100.0% §7and gained §e5 rewards§a!
04:52:12 §9Fig Tree Gift. §7You helped cut §a100.0% §7and gained §e5 rewards§a!
04:52:50 §9Fig Tree Gift. §7You helped cut §a100.0% §7and gained §e5 rewards§a!
04:52:57 §e[SkyHanni] §bYou have §368 §bmaterials in stash, §btotalling §31 type§b. §bClick to §3pickup §byour stash!
04:53:18 §9Fig Tree Gift. §7You helped cut §a100.0% §7and gained §e5 rewards§a!
04:53:36 §9Fig Tree Gift. §7You helped cut §a100.0% §7and gained §e5 rewards§a!
04:54:20 §9Fig Tree Gift. §7You helped cut §a100.0% §7and gained §e5 rewards§a!
04:54:42 §9Fig Tree Gift. §7You helped cut §a100.0% §7and gained §e5 rewards§a!
04:55:48 §9Fig Tree Gift. §7You helped cut §a100.0% §7and gained §e5 rewards§a!
04:55:55 §9Fig Tree Gift. §7You helped cut §a100.0% §7and gained §e5 rewards§a!
04:56:08 §9Fig Tree Gift. §7You helped cut §a100.0% §7and gained §e5 rewards§a!
04:56:20 §9Fig Tree Gift. §7You helped cut §a100.0% §7and gained §e5 rewards§a!
05:08:22 §9Fig Tree Gift. §7You helped cut §a100.0% §7and gained §e5 rewards§a!
05:08:22 §f - §fForaging Wisdom Booster
05:08:49 §9Fig Tree Gift. §7You helped cut §a100.0% §7and gained §e5 rewards§a!
05:09:54 §9Fig Tree Gift. §7You helped cut §a100.0% §7and gained §e5 rewards§a!
05:09:54 §f - §aEnchanted Book (§r§d§lFirst Impression I§r§a)
05:10:11 §9Fig Tree Gift. §7You helped cut §a100.0% §7and gained §e5 rewards§a!
05:11:00 §9Fig Tree Gift. §7You helped cut §a100.0% §7and gained §e5 rewards§a!
05:15:11 §9Fig Tree Gift. §7You helped cut §a100.0% §7and gained §e5 rewards§a!
05:15:18 §9Fig Tree Gift. §7You helped cut §a100.0% §7and gained §e5 rewards§a!
05:15:18 §f - §fSweep Booster
05:15:29 §9Fig Tree Gift. §7You helped cut §a100.0% §7and gained §e5 rewards§a!
05:15:35 §9Fig Tree Gift. §7You helped cut §a100.0% §7and gained §e5 rewards§a!
05:15:48 §9Fig Tree Gift. §7You helped cut §a100.0% §7and gained §e5 rewards§a!
05:16:12 §9Fig Tree Gift. §7You helped cut §a100.0% §7and gained §e5 rewards§a!
05:16:43 §9Fig Tree Gift. §7You helped cut §a100.0% §7and gained §e5 rewards§a!
05:17:00 §9Fig Tree Gift. §7You helped cut §a100.0% §7and gained §e5 rewards§a!
05:17:13 §9Fig Tree Gift. §7You helped cut §a100.0% §7and gained §e5 rewards§a!
05:17:13 §f - §aEnchanted Book (§r§d§lFirst Impression I§r§a)
05:17:30 §9Fig Tree Gift. §7You helped cut §a100.0% §7and gained §e5 rewards§a!
05:17:50 §9Fig Tree Gift. §7You helped cut §a100.0% §7and gained §e5 rewards§a!
05:18:12 §9Fig Tree Gift. §7You helped cut §a100.0% §7and gained §e5 rewards§a!
05:18:25 §9Fig Tree Gift. §7You helped cut §a100.0% §7and gained §e5 rewards§a!
05:18:25 §f - §fSweep Booster
05:18:40 §9Fig Tree Gift. §7You helped cut §a100.0% §7and gained §e5 rewards§a!
05:18:53 §9Fig Tree Gift. §7You helped cut §a100.0% §7and gained §e5 rewards§a!
05:19:33 §9Fig Tree Gift. §7You helped cut §a100.0% §7and gained §e5 rewards§a!
05:20:00 §9Fig Tree Gift. §7You helped cut §a100.0% §7and gained §e5 rewards§a!
05:20:24 §9Lunch Egg! §d§lNEW §a§lUNCOMMON §aSylvester §7(§6+2 §7and §6+0.003x c/s!§7)
05:20:33 §9Fig Tree Gift. §7You helped cut §a100.0% §7and gained §e5 rewards§a!
05:21:07 §9Fig Tree Gift. §7You helped cut §a100.0% §7and gained §e5 rewards§a!
05:22:12 §9Fig Tree Gift. §7You helped cut §a100.0% §7and gained §e5 rewards§a!
05:23:37 §9Fig Tree Gift. §7You helped cut §a100.0% §7and gained §e5 rewards§a!
05:23:47 §9Fig Tree Gift. §7You helped cut §a100.0% §7and gained §e5 rewards§a!
05:23:55 §9Fig Tree Gift. §7You helped cut §a100.0% §7and gained §e5 rewards§a!
05:25:36 §9Fig Tree Gift. §7You helped cut §a100.0% §7and gained §e5 rewards§a!
05:25:42 §9Fig Tree Gift. §7You helped cut §a100.0% §7and gained §e5 rewards§a!
05:26:27 §9Fig Tree Gift. §7You helped cut §a100.0% §7and gained §e5 rewards§a!
05:26:35 §9Fig Tree Gift. §7You helped cut §a100.0% §7and gained §e5 rewards§a!
05:26:43 §9Fig Tree Gift. §7You helped cut §a100.0% §7and gained §e5 rewards§a!
05:27:35 §9Fig Tree Gift. §7You helped cut §a100.0% §7and gained §e5 rewards§a!
05:27:45 §9Fig Tree Gift. §7You helped cut §a100.0% §7and gained §e5 rewards§a!
05:32:33 §9Fig Tree Gift. §7You helped cut §a100.0% §7and gained §e5 rewards§a!
05:32:47 §9Fig Tree Gift. §7You helped cut §a100.0% §7and gained §e5 rewards§a!
05:32:55 §9Fig Tree Gift. §7You helped cut §a100.0% §7and gained §e5 rewards§a!
05:33:07 §9Fig Tree Gift. §7You helped cut §a100.0% §7and gained §e5 rewards§a!
05:33:17 §9Fig Tree Gift. §7You helped cut §a100.0% §7and gained §e5 rewards§a!
05:34:15 §9Fig Tree Gift. §7You helped cut §a100.0% §7and gained §e5 rewards§a!
05:47:04 §aDinner Egg! §d§lNEW §5§lEPIC §5Punch §7(§6+10 §7and §6+0.005x c/s!§7)
05:47:14 §cHitman Rabbit! §7Duplicate §fGracie §7(§6+§61.2M §6Chocolate§7)
05:47:18 §cHitman Rabbit! §d§lNEW §f§lCOMMON §fMickey §7(§6+1 §7and §6+0.002x c/s!§7)
05:47:21 §cHitman Rabbit! §d§lNEW §a§lUNCOMMON §aAmazon §7(§6+2 §7and §6+0.003x c/s!§7)
05:47:25 §cHitman Rabbit! §d§lNEW §f§lCOMMON §fGloria §7(§6+1 §7and §6+0.002x c/s!§7)
06:00:40 §aSupper Egg! §7Duplicate §fFrancine §7(§6+§61.5M §6Chocolate§7)
06:06:07 §6§lBESTIARY §r§b§lMiner Zombie §7§84 §8➡§b §b5
06:22:16 §a§lPotion Effect! §r§aMining XP Boost III
06:33:22 §6§lBESTIARY §r§b§lAutomaton §7§87 §8➡§b §b8
06:47:30 §e[SkyHanni] §cYour Time Tower just expired and has 2 charges remaining. Click here to open the Chocolate Factory Menu.
06:47:43 §cHitman Rabbit! §d§lNEW §f§lCOMMON §fPaddy §7(§6+1 §7and §6+0.002x c/s!§7)
06:47:50 §cHitman Rabbit! §d§lNEW §f§lCOMMON §fHarley §7(§6+1 §7and §6+0.002x c/s!§7)
06:48:42 §e[SkyHanni] Profit for Crystal Nucleus Run§e: §61M
06:58:05 §aSupper Egg! §d§lNEW §f§lCOMMON §fCuddles §7(§6+1 §7and §6+0.002x c/s!§7)
07:04:10 §6Brunch Egg! §d§lNEW §a§lUNCOMMON §aDestiny §7(§6+2 §7and §6+0.003x c/s!§7)
07:19:13 §9Déjeuner Egg! §7Duplicate §fTheodore §7(§6+§61.5M §6Chocolate§7)
07:28:54 §9Déjeuner Egg! §d§lNEW §9§lRARE §9Kalumdai §7(§6+4 §7and §6+0.004x c/s!§7)
07:32:20 §9Lunch Egg! §d§lNEW §a§lUNCOMMON §aRaven §7(§6+2 §7and §6+0.003x c/s!§7)
07:47:27 §6§lBESTIARY §r§b§lGolden Goblin §7§86 §8➡§b §b7
07:47:38 §e[SkyHanni] §cYour Time Tower just expired and has 1 charge remaining. Click here to open the Chocolate Factory Menu.
08:02:38 §aDinner Egg! §d§lNEW §f§lCOMMON §fHopper §7(§6+1 §7and §6+0.002x c/s!§7)
08:16:50 §aSupper Egg! §d§lNEW §a§lUNCOMMON §aCotton §7(§6+2 §7and §6+0.003x c/s!§7)
09:15:09 §e[SkyHanni] Successfully loaded this year's contests from elitebot.dev automatically!
09:23:08 §6§lBESTIARY MILESTONE §874➡§e75
09:23:08 §6§lBESTIARY MILESTONE §874➡§e75
09:23:08 §6§lBESTIARY MILESTONE §874➡§e75
09:23:08 §6§lBESTIARY MILESTONE §874➡§e75
09:23:08 §6§lBESTIARY MILESTONE §874➡§e75
09:48:25 §6§lBESTIARY §r§b§lStar Sentry §7§81 §8➡§b §b2
09:48:29 §6§lBESTIARY §r§b§lThyst §7§81 §8➡§b §b2
09:48:45 §e[SkyHanni] §bYou have §33 §bmaterials in stash, §btotalling §31 type§b. §bClick to §3pickup §byour stash!
09:52:20 §e[SkyHanni] Found a treasure chest location
09:52:21 §e[SkyHanni] Found a treasure chest location
09:52:31 §e[SkyHanni] No chests found. Try standing still with the metal detector in a different spot.
09:52:31 §e[SkyHanni] No chests found. Try standing still with the metal detector in a different spot.
09:52:32 §e[SkyHanni] No chests found. Try standing still with the metal detector in a different spot.
09:52:32 §e[SkyHanni] No chests found. Try standing still with the metal detector in a different spot.
09:52:33 §e[SkyHanni] No chests found. Try standing still with the metal detector in a different spot.
09:52:34 §e[SkyHanni] No chests found. Try standing still with the metal detector in a different spot.
09:52:34 §e[SkyHanni] No chests found. Try standing still with the metal detector in a different spot.
09:52:35 §e[SkyHanni] No chests found. Try standing still with the metal detector in a different spot.
09:52:35 §e[SkyHanni] No chests found. Try standing still with the metal detector in a different spot.
09:52:36 §e[SkyHanni] No chests found. Try standing still with the metal detector in a different spot.
09:52:36 §e[SkyHanni] No chests found. Try standing still with the metal detector in a different spot.
09:52:37 §e[SkyHanni] No chests found. Try standing still with the metal detector in a different spot.
09:52:37 §e[SkyHanni] No chests found. Try standing still with the metal detector in a different spot.
09:52:38 §e[SkyHanni] No chests found. Try standing still with the metal detector in a different spot.
09:52:39 §e[SkyHanni] No chests found. Try standing still with the metal detector in a different spot.
09:52:39 §e[SkyHanni] No chests found. Try standing still with the metal detector in a different spot.
09:52:40 §e[SkyHanni] No chests found. Try standing still with the metal detector in a different spot.
09:52:40 §e[SkyHanni] No chests found. Try standing still with the metal detector in a different spot.
09:52:41 §e[SkyHanni] No chests found. Try standing still with the metal detector in a different spot.
09:52:41 §e[SkyHanni] Found a treasure chest location
09:52:42 §e[SkyHanni] Found a treasure chest location
09:52:43 §e[SkyHanni] Found a treasure chest location
09:52:45 §e[SkyHanni] No chests found. Try standing still with the metal detector in a different spot.
09:52:45 §e[SkyHanni] Found a treasure chest location
09:52:57 §e[SkyHanni] Found a treasure chest location
09:52:58 §e[SkyHanni] Found a treasure chest location
09:52:59 §e[SkyHanni] No chests found. Try standing still with the metal detector in a different spot.
09:53:03 §e[SkyHanni] No chests found. Try standing still with the metal detector in a different spot.
09:53:03 §e[SkyHanni] Found a treasure chest location
09:53:04 §e[SkyHanni] Found a treasure chest location
09:53:07 §e[SkyHanni] Found a treasure chest location
09:53:16 §e[SkyHanni] No chests found. Try standing still with the metal detector in a different spot.
09:53:17 §e[SkyHanni] Found a treasure chest location
09:53:27 §e[SkyHanni] No chests found. Try standing still with the metal detector in a different spot.
09:53:27 §e[SkyHanni] Found a treasure chest location
09:53:38 §e[SkyHanni] No chests found. Try standing still with the metal detector in a different spot.
09:53:39 §e[SkyHanni] Found a treasure chest location
09:53:44 §e[SkyHanni] Found a treasure chest location
09:53:48 §e[SkyHanni] Found a treasure chest location
09:54:01 §e[SkyHanni] Found a treasure chest location
09:54:12 §e[SkyHanni] No chests found. Try standing still with the metal detector in a different spot.
09:54:13 §e[SkyHanni] Found a treasure chest location
09:54:19 §e[SkyHanni] No chests found. Try standing still with the metal detector in a different spot.
09:54:20 §e[SkyHanni] No chests found. Try standing still with the metal detector in a different spot.
09:54:22 §e[SkyHanni] Found a treasure chest location
09:54:38 §e[SkyHanni] Found a treasure chest location
09:54:40 §e[SkyHanni] No chests found. Try standing still with the metal detector in a different spot.
09:54:41 §e[SkyHanni] Found a treasure chest location
09:54:55 §e[SkyHanni] No chests found. Try standing still with the metal detector in a different spot.
09:54:56 §e[SkyHanni] No chests found. Try standing still with the metal detector in a different spot.
09:54:57 §e[SkyHanni] Found a treasure chest location
09:55:03 §e[SkyHanni] No chests found. Try standing still with the metal detector in a different spot.
09:55:03 §e[SkyHanni] No chests found. Try standing still with the metal detector in a different spot.
09:55:04 §e[SkyHanni] No chests found. Try standing still with the metal detector in a different spot.
09:55:07 §e[SkyHanni] Found a treasure chest location
09:55:20 §e[SkyHanni] No chests found. Try standing still with the metal detector in a different spot.
09:55:21 §e[SkyHanni] Found a treasure chest location
09:56:04 §e[SkyHanni] No chests found. Try standing still with the metal detector in a different spot.
09:56:04 §e[SkyHanni] No chests found. Try standing still with the metal detector in a different spot.
09:56:05 §e[SkyHanni] Found a treasure chest location
09:56:09 §e[SkyHanni] No chests found. Try standing still with the metal detector in a different spot.
09:56:11 §e[SkyHanni] No chests found. Try standing still with the metal detector in a different spot.
09:56:12 §e[SkyHanni] Found a treasure chest location
09:56:21 §e[SkyHanni] No chests found. Try standing still with the metal detector in a different spot.
09:56:22 §e[SkyHanni] No chests found. Try standing still with the metal detector in a different spot.
09:56:22 §e[SkyHanni] No chests found. Try standing still with the metal detector in a different spot.
09:56:28 §e[SkyHanni] Found a treasure chest location
09:56:36 §e[SkyHanni] No chests found. Try standing still with the metal detector in a different spot.
09:56:37 §e[SkyHanni] No chests found. Try standing still with the metal detector in a different spot.
09:56:37 §e[SkyHanni] No chests found. Try standing still with the metal detector in a different spot.
09:56:38 §e[SkyHanni] Found a treasure chest location
09:56:49 §e[SkyHanni] No chests found. Try standing still with the metal detector in a different spot.
09:56:50 §e[SkyHanni] Found a treasure chest location
09:57:02 §e[SkyHanni] No chests found. Try standing still with the metal detector in a different spot.
09:57:03 §e[SkyHanni] Found a treasure chest location
09:57:05 §e[SkyHanni] No chests found. Try standing still with the metal detector in a different spot.
09:57:05 §e[SkyHanni] No chests found. Try standing still with the metal detector in a different spot.
09:57:06 §e[SkyHanni] Found a treasure chest location
09:57:07 §e[SkyHanni] No chests found. Try standing still with the metal detector in a different spot.
09:57:08 §e[SkyHanni] Found a treasure chest location
09:57:09 §e[SkyHanni] Found a treasure chest location
09:57:10 §e[SkyHanni] Found a treasure chest location
09:57:11 §e[SkyHanni] Found a treasure chest location
09:57:12 §e[SkyHanni] Found a treasure chest location
09:57:13 §e[SkyHanni] Found a treasure chest location
09:57:14 §e[SkyHanni] No chests found. Try standing still with the metal detector in a different spot.
09:57:15 §e[SkyHanni] Found a treasure chest location
09:57:16 §e[SkyHanni] Found a treasure chest location
09:57:17 §e[SkyHanni] Found a treasure chest location
09:57:18 §e[SkyHanni] Found a treasure chest location
09:57:19 §e[SkyHanni] Found a treasure chest location
09:57:20 §e[SkyHanni] Found a treasure chest location
09:57:21 §e[SkyHanni] Found a treasure chest location
09:57:22 §e[SkyHanni] No chests found. Try standing still with the metal detector in a different spot.
09:57:29 §e[SkyHanni] Found a treasure chest location
09:57:42 §e[SkyHanni] No chests found. Try standing still with the metal detector in a different spot.
09:57:43 §e[SkyHanni] Found a treasure chest location
09:57:53 §e[SkyHanni] No chests found. Try standing still with the metal detector in a different spot.
09:57:55 §e[SkyHanni] Found a treasure chest location
09:58:04 §e[SkyHanni] Found a treasure chest location
09:58:09 §e[SkyHanni] Found a treasure chest location
09:58:23 §e[SkyHanni] No chests found. Try standing still with the metal detector in a different spot.
09:58:37 §e[SkyHanni] Found a treasure chest location
09:58:45 §e[SkyHanni] No chests found. Try standing still with the metal detector in a different spot.
09:58:46 §e[SkyHanni] Found a treasure chest location
09:58:49 §e[SkyHanni] No chests found. Try standing still with the metal detector in a different spot.
09:58:49 §e[SkyHanni] Found a treasure chest location
09:58:52 §e[SkyHanni] Found a treasure chest location
09:58:58 §e[SkyHanni] Found a treasure chest location
09:58:59 §e[SkyHanni] Found a treasure chest location
09:59:04 §e[SkyHanni] Found a treasure chest location
09:59:19 §e[SkyHanni] No chests found. Try standing still with the metal detector in a different spot.
09:59:20 §e[SkyHanni] No chests found. Try standing still with the metal detector in a different spot.
09:59:21 §e[SkyHanni] No chests found. Try standing still with the metal detector in a different spot.
09:59:22 §e[SkyHanni] No chests found. Try standing still with the metal detector in a different spot.
09:59:23 §e[SkyHanni] Found a treasure chest location
09:59:47 §e[SkyHanni] No chests found. Try standing still with the metal detector in a different spot.
09:59:50 §e[SkyHanni] No chests found. Try standing still with the metal detector in a different spot.
09:59:51 §e[SkyHanni] No chests found. Try standing still with the metal detector in a different spot.
09:59:52 §e[SkyHanni] Found a treasure chest location
10:00:01 §e[SkyHanni] Found a treasure chest location
10:00:03 §e[SkyHanni] Found a treasure chest location
10:00:35 §e[SkyHanni] Found a treasure chest location
10:00:39 §e[SkyHanni] Found a treasure chest location
10:00:47 §e[SkyHanni] No chests found. Try standing still with the metal detector in a different spot.
10:00:50 §e[SkyHanni] No chests found. Try standing still with the metal detector in a different spot.
10:00:51 §e[SkyHanni] No chests found. Try standing still with the metal detector in a different spot.
10:00:51 §e[SkyHanni] No chests found. Try standing still with the metal detector in a different spot.
10:00:52 §e[SkyHanni] Found a treasure chest location
10:00:59 §e[SkyHanni] Found a treasure chest location
10:01:03 §e[SkyHanni] No chests found. Try standing still with the metal detector in a different spot.
10:01:05 §e[SkyHanni] Found a treasure chest location
10:01:12 §e[SkyHanni] Found a treasure chest location
10:01:19 §e[SkyHanni] No chests found. Try standing still with the metal detector in a different spot.
10:01:21 §e[SkyHanni] Found a treasure chest location
10:01:26 §e[SkyHanni] Found a treasure chest location
10:01:31 §e[SkyHanni] No chests found. Try standing still with the metal detector in a different spot.
10:01:32 §e[SkyHanni] Found a treasure chest location
10:01:49 §e[SkyHanni] No chests found. Try standing still with the metal detector in a different spot.
10:01:50 §e[SkyHanni] Found a treasure chest location
10:01:52 §e[SkyHanni] No chests found. Try standing still with the metal detector in a different spot.
10:01:53 §e[SkyHanni] Found a treasure chest location
10:02:07 §e[SkyHanni] No chests found. Try standing still with the metal detector in a different spot.
10:02:08 §e[SkyHanni] Found a treasure chest location
10:02:15 §e[SkyHanni] Found a treasure chest location
10:02:17 §e[SkyHanni] No chests found. Try standing still with the metal detector in a different spot.
10:02:17 §e[SkyHanni] No chests found. Try standing still with the metal detector in a different spot.
10:02:18 §e[SkyHanni] No chests found. Try standing still with the metal detector in a different spot.
10:02:21 §e[SkyHanni] Found a treasure chest location
10:02:22 §e[SkyHanni] Found a treasure chest location
10:02:48 §e[SkyHanni] No chests found. Try standing still with the metal detector in a different spot.
10:02:49 §e[SkyHanni] Found a treasure chest location
10:02:51 §e[SkyHanni] No chests found. Try standing still with the metal detector in a different spot.
10:02:52 §e[SkyHanni] No chests found. Try standing still with the metal detector in a different spot.
10:02:53 §e[SkyHanni] 2 possible locations found. Please try standing still with the metal detector in a different spot.
10:02:53 §e[SkyHanni] 2 possible locations found. Please try standing still with the metal detector in a different spot.
10:02:54 §e[SkyHanni] No chests found. Try standing still with the metal detector in a different spot.
10:02:55 §e[SkyHanni] No chests found. Try standing still with the metal detector in a different spot.
10:02:56 §e[SkyHanni] Found a treasure chest location
10:03:01 §e[SkyHanni] Found a treasure chest location
10:03:20 §e[SkyHanni] No chests found. Try standing still with the metal detector in a different spot.
10:03:21 §e[SkyHanni] No chests found. Try standing still with the metal detector in a different spot.
10:03:25 §e[SkyHanni] Found a treasure chest location
10:03:37 §e[SkyHanni] No chests found. Try standing still with the metal detector in a different spot.
10:03:38 §e[SkyHanni] Found a treasure chest location
10:03:44 §e[SkyHanni] No chests found. Try standing still with the metal detector in a different spot.
10:03:44 §e[SkyHanni] Found a treasure chest location
10:03:46 §e[SkyHanni] Found a treasure chest location
10:03:55 §e[SkyHanni] Found a treasure chest location
10:04:00 §e[SkyHanni] Found a treasure chest location
10:04:06 §e[SkyHanni] No chests found. Try standing still with the metal detector in a different spot.
10:04:07 §e[SkyHanni] Found a treasure chest location
10:05:48 §e[SkyHanni] Found a treasure chest location
10:05:49 §e[SkyHanni] Found a treasure chest location
10:05:50 §e[SkyHanni] Found a treasure chest location
10:07:08 §e[SkyHanni] 2 possible locations found. Please try standing still with the metal detector in a different spot.
10:15:56 §6§lBESTIARY §r§b§lAutomaton §7§88 §8➡§b §b9
10:24:16 §e[SkyHanni] §bYou have §33 §bmaterials in stash, §btotalling §31 type§b. §bClick to §3pickup §byour stash!
