20:25:23 §bNew day! §r§eYour §r§2Lottery §r§ebuff changed!
20:25:23 §eNew buff§r§r§r: §r§fGain §r§a+5% §r§2∮ Sweep§r§f.
20:25:23 §8§oYou can disable this messaging by toggling Lottery in your /hotf!
20:25:31 §bNew day! §r§eYour §r§2Lottery §r§ebuff changed!
20:25:31 §eNew buff§r§r§r: §r§fGain §r§a+5% §r§2∮ Sweep§r§f.
20:25:31 §8§oYou can disable this messaging by toggling Lottery in your /hotf!
20:27:13 §bNew day! §r§eYour §r§2Lottery §r§ebuff changed!
20:27:13 §eNew buff§r§r§r: §r§fGain §r§a+5% §r§2∮ Sweep§r§f.
20:27:13 §8§oYou can disable this messaging by toggling Lottery in your /hotf!
20:27:20 §bNew day! §r§eYour §r§2Lottery §r§ebuff changed!
20:27:20 §eNew buff§r§r§r: §r§fGain §r§a+5% §r§2∮ Sweep§r§f.
20:27:20 §8§oYou can disable this messaging by toggling Lottery in your /hotf!
20:31:27 §bNew day! §r§eYour §r§2Lottery §r§ebuff changed!
20:31:27 §eNew buff§r§r§r: §r§fGain §r§a+5% §r§2∮ Sweep§r§f.
20:31:27 §8§oYou can disable this messaging by toggling Lottery in your /hotf!
20:34:59 §bNew day! §r§eYour §r§2Lottery §r§ebuff changed!
20:34:59 §eNew buff§r§r§r: §r§fGain §r§a+5% §r§2∮ Sweep§r§f.
20:34:59 §8§oYou can disable this messaging by toggling Lottery in your /hotf!
20:39:30 §bNew day! §r§eYour §r§2Lottery §r§ebuff changed!
20:39:30 §eNew buff§r§r§r: §r§fGain §r§a+5% §r§2∮ Sweep§r§f.
20:39:30 §8§oYou can disable this messaging by toggling Lottery in your /hotf!
20:40:13 §bNew day! §r§eYour §r§2Lottery §r§ebuff changed!
20:40:13 §eNew buff§r§r§r: §r§fGain §r§a+5% §r§2∮ Sweep§r§f.
20:40:13 §8§oYou can disable this messaging by toggling Lottery in your /hotf!
20:54:59 §bNew day! §r§eYour §r§2Lottery §r§ebuff changed!
20:54:59 §eNew buff§r§r§r: §r§fGain §r§a+50 §r§6☘ Mangrove Fortune§r§f.
20:54:59 §8§oYou can disable this messaging by toggling Lottery in your /hotf!
21:01:29 §bNew day! §r§eYour §r§2Lottery §r§ebuff changed!
21:01:29 §eNew buff§r§r§r: §r§fGain §r§a+50 §r§6☘ Mangrove Fortune§r§f.
21:01:29 §8§oYou can disable this messaging by toggling Lottery in your /hotf!
21:01:46 §bNew day! §r§eYour §r§2Lottery §r§ebuff changed!
21:01:46 §eNew buff§r§r§r: §r§fGain §r§a+50 §r§6☘ Mangrove Fortune§r§f.
21:01:46 §8§oYou can disable this messaging by toggling Lottery in your /hotf!
21:04:26 §bNew day! §r§eYour §r§2Lottery §r§ebuff changed!
21:04:26 §eNew buff§r§r§r: §r§fGain §r§a+50 §r§6☘ Mangrove Fortune§r§f.
21:04:26 §8§oYou can disable this messaging by toggling Lottery in your /hotf!
21:04:36 §bNew day! §r§eYour §r§2Lottery §r§ebuff changed!
21:04:36 §eNew buff§r§r§r: §r§fGain §r§a+50 §r§6☘ Mangrove Fortune§r§f.
21:04:36 §8§oYou can disable this messaging by toggling Lottery in your /hotf!
21:07:44 §bNew day! §r§eYour §r§2Lottery §r§ebuff changed!
21:07:44 §eNew buff§r§r§r: §r§fGain §r§a+50 §r§6☘ Mangrove Fortune§r§f.
21:07:44 §8§oYou can disable this messaging by toggling Lottery in your /hotf!
21:15:02 §bNew day! §r§eYour §r§2Lottery §r§ebuff changed!
21:15:02 §eNew buff§r§r§r: §r§fGain §r§a+50 §r§6☘ Fig Fortune§r§f.
21:15:02 §8§oYou can disable this messaging by toggling Lottery in your /hotf!
21:23:56 §bNew day! §r§eYour §r§2Lottery §r§ebuff changed!
21:23:56 §eNew buff§r§r§r: §r§fGain §r§a+50 §r§6☘ Fig Fortune§r§f.
21:23:56 §8§oYou can disable this messaging by toggling Lottery in your /hotf!
21:26:03 §bNew day! §r§eYour §r§2Lottery §r§ebuff changed!
21:26:03 §eNew buff§r§r§r: §r§fGain §r§a+50 §r§6☘ Fig Fortune§r§f.
21:26:03 §8§oYou can disable this messaging by toggling Lottery in your /hotf!
21:34:59 §bNew day! §r§eYour §r§2Lottery §r§ebuff changed!
21:34:59 §eNew buff§r§r§r: §r§fGain §r§a+50 §r§6☘ Fig Fortune§r§f.
21:34:59 §8§oYou can disable this messaging by toggling Lottery in your /hotf!
21:44:47 §bNew day! §r§eYour §r§2Lottery §r§ebuff changed!
21:44:47 §eNew buff§r§r§r: §r§fGain §r§a+50 §r§6☘ Fig Fortune§r§f.
21:44:47 §8§oYou can disable this messaging by toggling Lottery in your /hotf!
