21:48:04 CRIMSON_ISLE
21:51:16 PRIVATE_ISLAND
21:52:05 NONE
21:52:06 HUB
21:53:41 PRIVATE_ISLAND_GUEST
21:53:45 CRIMSON_ISLE
21:54:32 HUB
21:55:37 PRIVATE_ISLAND_GUEST
21:55:40 CRIMSON_ISLE
21:57:33 PRIVATE_ISLAND
21:57:43 PRIVATE_ISLAND_GUEST
21:57:47 CRIMSON_ISLE
22:38:00 PRIVATE_ISLAND
22:38:30 CRIMSON_ISLE
22:54:23 THE_END
22:54:47 PRIVATE_ISLAND
22:54:48 NONE
22:54:48 PRIVATE_ISLAND
22:55:46 THE_END
22:55:53 SPIDER_DEN
22:56:02 THE_END
22:56:09 NONE
22:56:10 SPIDER_DEN
22:56:16 THE_END
22:56:23 SPIDER_DEN
22:56:29 NONE
22:56:30 THE_END
22:56:38 NONE
22:56:38 GALATEA
22:57:17 THE_END
22:57:27 GALATEA
22:57:43 THE_END
22:58:01 THE_END
23:00:35 HUB
23:03:00 THE_END
23:12:26 PRIVATE_ISLAND
23:12:41 NONE
23:12:42 THE_END
23:13:03 PRIVATE_ISLAND
23:16:08 GALATEA
23:18:20 NONE
23:18:21 THE_END
23:19:34 PRIVATE_ISLAND
23:24:27 NONE
23:24:28 THE_END
23:30:25 PRIVATE_ISLAND
23:31:03 NONE
23:31:03 THE_END
23:32:00 PRIVATE_ISLAND
23:32:05 THE_END
23:32:06 NONE
23:32:06 THE_END
23:32:18 NONE
23:32:19 SPIDER_DEN
23:32:25 THE_END
23:32:35 NONE
23:32:35 SPIDER_DEN
23:32:49 NONE
23:32:51 THE_END
23:35:20 PRIVATE_ISLAND
23:35:36 THE_END
23:48:48 PRIVATE_ISLAND
23:49:37 THE_END
23:49:50 THE_END
23:52:57 PRIVATE_ISLAND
23:53:16 THE_END
23:53:24 SPIDER_DEN
23:53:31 THE_END
00:03:31 DUNGEON_HUB
00:04:09 PRIVATE_ISLAND
00:04:25 THE_END
00:07:21 PRIVATE_ISLAND
00:07:42 NONE
00:07:43 THE_END
00:12:57 PRIVATE_ISLAND
00:13:13 NONE
00:13:13 HUB
00:13:39 PRIVATE_ISLAND
00:14:09 THE_END
00:16:18 PRIVATE_ISLAND
00:16:49 NONE
00:16:50 THE_END
00:23:43 DUNGEON_HUB
00:23:54 THE_END
00:28:47 DUNGEON_HUB
00:29:40 PRIVATE_ISLAND
00:31:20 HUB
00:32:20 PRIVATE_ISLAND
00:32:34 HUB
00:32:37 NONE
00:32:38 HUB
00:34:11 NONE
00:34:11 DUNGEON_HUB
00:34:41 NONE
00:34:41 HUB
00:35:14 NONE
00:35:15 WINTER
00:35:20 HUB
