10:37:45 §a[Archer] §r§fExtra Arrow Chance §r§c66%§r§f -> §r§a116%
10:37:45 §a[Archer] §r§fArrow Damage §r§c175.6%§r§f -> §r§a225.6%
10:41:38 §a[Archer] §r§fExtra Arrow Chance §r§c66%§r§f -> §r§a116%
10:41:38 §a[Archer] §r§fArrow Damage §r§c175.6%§r§f -> §r§a225.6%
10:51:17 §a[Healer] §r§fRenew Healing §r§c56%§r§f -> §r§a106%
10:51:17 §a[Healer] §r§fHealing Aura Healing §r§c1.1%§r§f -> §r§a2.1%
10:51:17 §a[Healer] §r§fGhost Healing Aura Healing §r§c3.5%§r§f -> §r§a4%
10:51:17 §a[Healer] §r§fRevive Cooldown §r§c94§r§f -> §r§a84
10:51:17 §a[Healer] §r§fOverheal Maximum Shield §r§c22.4%§r§f -> §r§a42.4%
10:51:17 §a[Healer] §r§fHealing Aura Range §r§c8§r§f -> §r§a16
11:19:57 §a[Healer] §r§fRenew Healing §r§c60%§r§f -> §r§a110%
11:19:57 §a[Healer] §r§fHealing Aura Healing §r§c1.2%§r§f -> §r§a2.2%
11:19:57 §a[Healer] §r§fGhost Healing Aura Healing §r§c5.5%§r§f -> §r§a6%
11:19:57 §a[Healer] §r§fRevive Cooldown §r§c90§r§f -> §r§a80
11:19:57 §a[Healer] §r§fOverheal Maximum Shield §r§c24%§r§f -> §r§a44%
11:19:57 §a[Healer] §r§fHealing Aura Range §r§c8§r§f -> §r§a16
11:31:10 §a[Healer] §r§fRenew Healing §r§c61%§r§f -> §r§a111%
11:31:10 §a[Healer] §r§fHealing Aura Healing §r§c1.2%§r§f -> §r§a2.2%
11:31:11 §a[Healer] §r§fGhost Healing Aura Healing §r§c5.5%§r§f -> §r§a6%
11:31:11 §a[Healer] §r§fRevive Cooldown §r§c89§r§f -> §r§a79
11:31:11 §a[Healer] §r§fOverheal Maximum Shield §r§c24.4%§r§f -> §r§a44.4%
11:31:11 §a[Healer] §r§fHealing Aura Range §r§c8§r§f -> §r§a16
