21:47:58 [EMPTY] §f §r§r§r§f §r§r§r§1 §r§r§r§0 §r§r§r§2 §r§r§r§f §r§r§r§f §r§r§r§2 §r§r§r§0 §r§r§r§4 §r§r§r§3 §r§r§r§9 §r§r§r§2 §r§r§r§0 §r§r§r§0 §r§r§r§3 §r§r§r§9 §r§r§r§2 §r§r§r§0 §r§r§r§0 §r§r§r§3 §r§r§r§9 §r§r§r§2 §r§r§r§0 §r§r§r§0 
21:48:03 [EMPTY] §8 §r§8 §r§1 §r§3 §r§3 §r§7 §r§8 
21:48:05 [EMPTY] 
21:48:05 [WELCOME] §eWelcome to §r§aHypixel SkyBlock§r§e!
21:48:05 [EMPTY] 
21:48:06 [PROFILE_JOIN] §aYou are playing on profile: §eLemon§b (Co-op)
21:48:06 [PROFILE_JOIN] §8Profile ID: 62b760d8-92b6-4501-ada0-1fd8583f5266
21:48:08 [LOTTERY] §bNew day! §r§eYour §r§2Lottery §r§ebuff changed!
21:48:08 [LOTTERY] §eNew buff§r§r§r: §r§fGain §r§a+50 §r§6☘ Fig Fortune§r§f.
21:48:08 [LOTTERY] §8§oYou can disable this messaging by toggling Lottery in your /hotf!
21:49:08 [SACKS_CHANGE] §6[Sacks] §r§a+3§r§e items§r§e.§r§8 (Last 5s.)
21:49:15 [SACKS_CHANGE] §6[Sacks] §r§a+5§r§e items§r§e.§r§8 (Last 5s.)
21:49:29 [SACKS_CHANGE] §6[Sacks] §r§a+4§r§e items§r§e.§r§8 (Last 5s.)
21:49:41 [GUILD_EXP] §aYou earned §r§28 GEXP §r§a+ §r§e24 Event EXP §r§afrom playing SkyBlock!
21:49:46 [SACKS_CHANGE] §6[Sacks] §r§a+5§r§e items§r§e, §r§c-154§r§e items§r§e.§r§8 (Last 12s.)
21:49:53 [SACKS_CHANGE] §6[Sacks] §r§a+4§r§e items§r§e.§r§8 (Last 5s.)
21:50:01 [SACKS_CHANGE] §6[Sacks] §r§a+3§r§e items§r§e.§r§8 (Last 5s.)
21:50:12 [SACKS_CHANGE] §6[Sacks] §r§a+5§r§e items§r§e.§r§8 (Last 5s.)
21:50:23 [SACKS_CHANGE] §6[Sacks] §r§a+4§r§e items§r§e.§r§8 (Last 5s.)
21:50:30 [SACKS_CHANGE] §6[Sacks] §r§a+3§r§e items§r§e.§r§8 (Last 5s.)
21:50:58 [SACKS_CHANGE] §6[Sacks] §r§a+7§r§e items§r§e.§r§8 (Last 9s.)
21:51:15 [EMPTY] §8 §r§8 §r§1 §r§3 §r§3 §r§7 §r§8 
21:51:18 [PROFILE_JOIN] §aYou are playing on profile: §eLemon§b (Co-op)
21:51:18 [PROFILE_JOIN] §8Profile ID: 62b760d8-92b6-4501-ada0-1fd8583f5266
21:51:20 [LOTTERY] §bNew day! §r§eYour §r§2Lottery §r§ebuff changed!
21:51:20 [LOTTERY] §eNew buff§r§r§r: §r§fGain §r§a+50 §r§6☘ Fig Fortune§r§f.
21:51:20 [LOTTERY] §8§oYou can disable this messaging by toggling Lottery in your /hotf!
21:51:27 [SACKS_CHANGE] §6[Sacks] §r§c-1§r§e item§r§e.§r§8 (Last 5s.)
21:51:33 [SACKS_CHANGE] §6[Sacks] §r§a+28§r§e items§r§e.§r§8 (Last 5s.)
21:52:05 [EMPTY] §8 §r§8 §r§1 §r§3 §r§3 §r§7 §r§8 
21:52:08 [PROFILE_JOIN] §aYou are playing on profile: §eLemon§b (Co-op)
21:52:08 [PROFILE_JOIN] §8Profile ID: 62b760d8-92b6-4501-ada0-1fd8583f5266
21:52:10 [LOTTERY] §bNew day! §r§eYour §r§2Lottery §r§ebuff changed!
21:52:10 [LOTTERY] §eNew buff§r§r§r: §r§fGain §r§a+50 §r§6☘ Fig Fortune§r§f.
21:52:10 [LOTTERY] §8§oYou can disable this messaging by toggling Lottery in your /hotf!
21:53:35 [GUILD_EXP] §aYou earned §r§265 GEXP §r§a+ §r§e195 Event EXP §r§afrom playing SkyBlock!
21:53:41 [EMPTY] §8 §r§8 §r§1 §r§3 §r§3 §r§7 §r§8 
21:53:44 [EMPTY] §8 §r§8 §r§1 §r§3 §r§3 §r§7 §r§8 
21:53:47 [PROFILE_JOIN] §aYou are playing on profile: §eLemon§b (Co-op)
21:53:47 [PROFILE_JOIN] §8Profile ID: 62b760d8-92b6-4501-ada0-1fd8583f5266
21:53:49 [LOTTERY] §bNew day! §r§eYour §r§2Lottery §r§ebuff changed!
21:53:49 [LOTTERY] §eNew buff§r§r§r: §r§fGain §r§a+50 §r§6☘ Fig Fortune§r§f.
21:53:49 [LOTTERY] §8§oYou can disable this messaging by toggling Lottery in your /hotf!
21:54:18 [EMPTY]  
21:54:18 [EMPTY]  
21:54:18 [EMPTY]  
21:54:31 [EMPTY] §8 §r§8 §r§1 §r§3 §r§3 §r§7 §r§8 
21:54:35 [PROFILE_JOIN] §aYou are playing on profile: §eLemon§b (Co-op)
21:54:35 [PROFILE_JOIN] §8Profile ID: 62b760d8-92b6-4501-ada0-1fd8583f5266
21:54:36 [LOTTERY] §bNew day! §r§eYour §r§2Lottery §r§ebuff changed!
21:54:36 [LOTTERY] §eNew buff§r§r§r: §r§fGain §r§a+50 §r§6☘ Fig Fortune§r§f.
21:54:36 [LOTTERY] §8§oYou can disable this messaging by toggling Lottery in your /hotf!
21:55:01 [LOTTERY] §bNew day! §r§eYour §r§2Lottery §r§ebuff changed!
21:55:01 [LOTTERY] §eNew buff§r§r§r: §r§fGain §r§a+50 §r§6☘ Fig Fortune§r§f.
21:55:01 [LOTTERY] §8§oYou can disable this messaging by toggling Lottery in your /hotf!
21:55:36 [EMPTY] §8 §r§8 §r§1 §r§3 §r§3 §r§7 §r§8 
21:55:40 [EMPTY] §8 §r§8 §r§1 §r§3 §r§3 §r§7 §r§8 
21:55:43 [PROFILE_JOIN] §aYou are playing on profile: §eLemon§b (Co-op)
21:55:43 [PROFILE_JOIN] §8Profile ID: 62b760d8-92b6-4501-ada0-1fd8583f5266
21:55:45 [LOTTERY] §bNew day! §r§eYour §r§2Lottery §r§ebuff changed!
21:55:45 [LOTTERY] §eNew buff§r§r§r: §r§fGain §r§a+50 §r§6☘ Fig Fortune§r§f.
21:55:45 [LOTTERY] §8§oYou can disable this messaging by toggling Lottery in your /hotf!
21:56:19 [SACKS_CHANGE] §6[Sacks] §r§a+11§r§e items§r§e.§r§8 (Last 5s.)
21:57:24 [SACKS_CHANGE] §6[Sacks] §r§a+58§r§e items§r§e.§r§8 (Last 5s.)
21:57:32 [EMPTY] §8 §r§8 §r§1 §r§3 §r§3 §r§7 §r§8 
21:57:35 [PROFILE_JOIN] §aYou are playing on profile: §eLemon§b (Co-op)
21:57:35 [PROFILE_JOIN] §8Profile ID: 62b760d8-92b6-4501-ada0-1fd8583f5266
21:57:37 [LOTTERY] §bNew day! §r§eYour §r§2Lottery §r§ebuff changed!
21:57:37 [LOTTERY] §eNew buff§r§r§r: §r§fGain §r§a+50 §r§6☘ Fig Fortune§r§f.
21:57:37 [LOTTERY] §8§oYou can disable this messaging by toggling Lottery in your /hotf!
21:57:42 [EMPTY] §8 §r§8 §r§1 §r§3 §r§3 §r§7 §r§8 
21:57:46 [PROFILE_JOIN] §aYou are playing on profile: §eLemon§b (Co-op)
21:57:46 [PROFILE_JOIN] §8Profile ID: 62b760d8-92b6-4501-ada0-1fd8583f5266
21:57:46 [EMPTY] §8 §r§8 §r§1 §r§3 §r§3 §r§7 §r§8 
21:57:49 [PROFILE_JOIN] §aYou are playing on profile: §eLemon§b (Co-op)
21:57:49 [PROFILE_JOIN] §8Profile ID: 62b760d8-92b6-4501-ada0-1fd8583f5266
21:57:51 [LOTTERY] §bNew day! §r§eYour §r§2Lottery §r§ebuff changed!
21:57:51 [LOTTERY] §eNew buff§r§r§r: §r§fGain §r§a+50 §r§6☘ Fig Fortune§r§f.
21:57:51 [LOTTERY] §8§oYou can disable this messaging by toggling Lottery in your /hotf!
21:58:36 [SACKS_CHANGE] §6[Sacks] §r§a+956§r§e items§r§e.§r§8 (Last 30s.)
21:59:09 [SACKS_CHANGE] §6[Sacks] §r§a+943§r§e items§r§e.§r§8 (Last 30s.)
21:59:45 [SACKS_CHANGE] §6[Sacks] §r§a+779§r§e items§r§e.§r§8 (Last 30s.)
22:00:16 [SACKS_CHANGE] §6[Sacks] §r§a+836§r§e items§r§e.§r§8 (Last 30s.)
22:00:36 [SACKS_CHANGE] §6[Sacks] §r§a+378§r§e items§r§e.§r§8 (Last 16s.)
22:00:42 [SACKS_CHANGE] §6[Sacks] §r§c-1,664§r§e items§r§e.§r§8 (Last 5s.)
22:01:18 [SACKS_CHANGE] §6[Sacks] §r§a+756§r§e items§r§e, §r§c-2,192§r§e items§r§e.§r§8 (Last 30s.)
22:01:38 [GUILD_EXP] §aYou earned §r§2380 GEXP §r§a+ §r§e1,140 Event EXP §r§afrom playing SkyBlock!
22:01:50 [SACKS_CHANGE] §6[Sacks] §r§a+837§r§e items§r§e.§r§8 (Last 30s.)
22:02:21 [SACKS_CHANGE] §6[Sacks] §r§a+933§r§e items§r§e.§r§8 (Last 30s.)
22:02:54 [SACKS_CHANGE] §6[Sacks] §r§a+761§r§e items§r§e.§r§8 (Last 30s.)
22:03:25 [SACKS_CHANGE] §6[Sacks] §r§a+907§r§e items§r§e.§r§8 (Last 30s.)
22:03:44 [SACKS_CHANGE] §6[Sacks] §r§a+328§r§e items§r§e.§r§8 (Last 17s.)
22:04:19 [SACKS_CHANGE] §6[Sacks] §r§a+879§r§e items§r§e.§r§8 (Last 30s.)
22:04:39 [SACKS_CHANGE] §6[Sacks] §r§a+359§r§e items§r§e.§r§8 (Last 17s.)
22:05:16 [SACKS_CHANGE] §6[Sacks] §r§a+676§r§e items§r§e, §r§c-5,659§r§e items§r§e.§r§8 (Last 30s.)
22:05:47 [SACKS_CHANGE] §6[Sacks] §r§a+834§r§e items§r§e.§r§8 (Last 30s.)
22:06:19 [SACKS_CHANGE] §6[Sacks] §r§a+960§r§e items§r§e.§r§8 (Last 30s.)
22:06:44 [GUILD_EXP] §aYou earned §r§2750 GEXP §r§a+ §r§e2,250 Event EXP §r§afrom playing SkyBlock!
22:06:51 [SACKS_CHANGE] §6[Sacks] §r§a+873§r§e items§r§e.§r§8 (Last 30s.)
22:07:23 [SACKS_CHANGE] §6[Sacks] §r§a+672§r§e items§r§e.§r§8 (Last 30s.)
22:07:54 [SACKS_CHANGE] §6[Sacks] §r§a+928§r§e items§r§e.§r§8 (Last 30s.)
22:08:17 [SACKS_CHANGE] §6[Sacks] §r§a+508§r§e items§r§e.§r§8 (Last 22s.)
22:08:48 [SACKS_CHANGE] §6[Sacks] §r§a+598§r§e items§r§e.§r§8 (Last 22s.)
22:10:24 [SACKS_CHANGE] §6[Sacks] §r§a+937§r§e items§r§e.§r§8 (Last 30s.)
22:10:58 [SACKS_CHANGE] §6[Sacks] §r§a+691§r§e items§r§e, §r§c-6,913§r§e items§r§e.§r§8 (Last 30s.)
22:11:07 [SACKS_CHANGE] §6[Sacks] §r§a+83§r§e items§r§e.§r§8 (Last 6s.)
22:11:54 [GUILD_EXP] §aYou earned §r§2650 GEXP §r§a+ §r§e1,950 Event EXP §r§afrom playing SkyBlock!
22:12:16 [SACKS_CHANGE] §6[Sacks] §r§a+969§r§e items§r§e.§r§8 (Last 30s.)
22:12:28 [SACKS_CHANGE] §6[Sacks] §r§a+192§r§e items§r§e.§r§8 (Last 9s.)
22:13:44 [SACKS_CHANGE] §6[Sacks] §r§a+954§r§e items§r§e.§r§8 (Last 30s.)
22:14:15 [SACKS_CHANGE] §6[Sacks] §r§a+1,016§r§e items§r§e.§r§8 (Last 30s.)
22:14:47 [SACKS_CHANGE] §6[Sacks] §r§a+829§r§e items§r§e.§r§8 (Last 30s.)
22:15:01 [LOTTERY] §bNew day! §r§eYour §r§2Lottery §r§ebuff changed!
22:15:01 [LOTTERY] §eNew buff§r§r§r: §r§fGain §r§a+50 §r§6☘ Fig Fortune§r§f.
22:15:01 [LOTTERY] §8§oYou can disable this messaging by toggling Lottery in your /hotf!
22:15:19 [SACKS_CHANGE] §6[Sacks] §r§a+924§r§e items§r§e.§r§8 (Last 30s.)
22:15:50 [SACKS_CHANGE] §6[Sacks] §r§a+905§r§e items§r§e.§r§8 (Last 30s.)
22:16:21 [SACKS_CHANGE] §6[Sacks] §r§a+939§r§e items§r§e.§r§8 (Last 30s.)
22:16:52 [SACKS_CHANGE] §6[Sacks] §r§a+1,019§r§e items§r§e.§r§8 (Last 30s.)
22:17:07 [GUILD_EXP] §aYou earned §r§2660 GEXP §r§a+ §r§e1,980 Event EXP §r§afrom playing SkyBlock!
22:17:24 [SACKS_CHANGE] §6[Sacks] §r§a+951§r§e items§r§e.§r§8 (Last 30s.)
22:17:55 [SACKS_CHANGE] §6[Sacks] §r§a+986§r§e items§r§e.§r§8 (Last 30s.)
22:18:27 [SACKS_CHANGE] §6[Sacks] §r§a+827§r§e items§r§e.§r§8 (Last 30s.)
22:18:59 [SACKS_CHANGE] §6[Sacks] §r§a+972§r§e items§r§e.§r§8 (Last 30s.)
22:19:30 [SACKS_CHANGE] §6[Sacks] §r§a+869§r§e items§r§e.§r§8 (Last 30s.)
22:20:02 [SACKS_CHANGE] §6[Sacks] §r§a+924§r§e items§r§e.§r§8 (Last 30s.)
22:20:36 [SACKS_CHANGE] §6[Sacks] §r§a+812§r§e items§r§e.§r§8 (Last 30s.)
22:21:09 [SACKS_CHANGE] §6[Sacks] §r§a+1,014§r§e items§r§e.§r§8 (Last 30s.)
22:21:40 [SACKS_CHANGE] §6[Sacks] §r§a+955§r§e items§r§e.§r§8 (Last 30s.)
22:22:17 [SACKS_CHANGE] §6[Sacks] §r§a+965§r§e items§r§e, §r§c-16,881§r§e items§r§e.§r§8 (Last 30s.)
22:22:18 [GUILD_EXP] §aYou earned §r§2750 GEXP §r§a+ §r§e2,250 Event EXP §r§afrom playing SkyBlock!
22:22:47 [SACKS_CHANGE] §6[Sacks] §r§a+894§r§e items§r§e.§r§8 (Last 30s.)
22:23:03 [SACKS_CHANGE] §6[Sacks] §r§a+414§r§e items§r§e.§r§8 (Last 14s.)
22:23:36 [SACKS_CHANGE] §6[Sacks] §r§a+989§r§e items§r§e.§r§8 (Last 30s.)
22:24:07 [SACKS_CHANGE] §6[Sacks] §r§a+922§r§e items§r§e.§r§8 (Last 30s.)
22:24:39 [SACKS_CHANGE] §6[Sacks] §r§a+1,007§r§e items§r§e.§r§8 (Last 30s.)
22:25:11 [SACKS_CHANGE] §6[Sacks] §r§a+947§r§e items§r§e.§r§8 (Last 30s.)
22:25:44 [SACKS_CHANGE] §6[Sacks] §r§a+1,089§r§e items§r§e.§r§8 (Last 30s.)
22:26:10 [SACKS_CHANGE] §6[Sacks] §r§a+629§r§e items§r§e.§r§8 (Last 25s.)
22:27:12 [SACKS_CHANGE] §6[Sacks] §r§a+990§r§e items§r§e.§r§8 (Last 30s.)
22:27:24 [SACKS_CHANGE] §6[Sacks] §r§a+172§r§e items§r§e.§r§8 (Last 10s.)
22:27:25 [GUILD_EXP] §aYou earned §r§2750 GEXP §r§a+ §r§e2,250 Event EXP §r§afrom playing SkyBlock!
22:27:39 [SACKS_CHANGE] §6[Sacks] §r§a+182§r§e items§r§e.§r§8 (Last 9s.)
22:28:27 [SACKS_CHANGE] §6[Sacks] §r§a+848§r§e items§r§e.§r§8 (Last 30s.)
22:28:59 [SACKS_CHANGE] §6[Sacks] §r§a+892§r§e items§r§e.§r§8 (Last 30s.)
22:29:30 [SACKS_CHANGE] §6[Sacks] §r§a+1,004§r§e items§r§e.§r§8 (Last 30s.)
22:30:02 [SACKS_CHANGE] §6[Sacks] §r§a+988§r§e items§r§e.§r§8 (Last 30s.)
22:30:22 [SACKS_CHANGE] §6[Sacks] §r§a+543§r§e items§r§e.§r§8 (Last 19s.)
22:31:13 [SACKS_CHANGE] §6[Sacks] §r§a+453§r§e items§r§e.§r§8 (Last 17s.)
22:32:12 [SACKS_CHANGE] §6[Sacks] §r§a+982§r§e items§r§e.§r§8 (Last 30s.)
22:32:33 [GUILD_EXP] §aYou earned §r§2706 GEXP §r§a+ §r§e2,118 Event EXP §r§afrom playing SkyBlock!
22:32:44 [SACKS_CHANGE] §6[Sacks] §r§a+929§r§e items§r§e.§r§8 (Last 30s.)
22:33:16 [SACKS_CHANGE] §6[Sacks] §r§a+1,031§r§e items§r§e.§r§8 (Last 30s.)
22:33:49 [SACKS_CHANGE] §6[Sacks] §r§a+867§r§e items§r§e.§r§8 (Last 30s.)
22:34:23 [SACKS_CHANGE] §6[Sacks] §r§a+1,057§r§e items§r§e.§r§8 (Last 30s.)
22:34:55 [SACKS_CHANGE] §6[Sacks] §r§a+937§r§e items§r§e.§r§8 (Last 30s.)
22:35:01 [LOTTERY] §bNew day! §r§eYour §r§2Lottery §r§ebuff changed!
22:35:01 [LOTTERY] §eNew buff§r§r§r: §r§fGain §r§a+5% §r§2∮ Sweep§r§f.
22:35:01 [LOTTERY] §8§oYou can disable this messaging by toggling Lottery in your /hotf!
22:35:27 [SACKS_CHANGE] §6[Sacks] §r§a+802§r§e items§r§e.§r§8 (Last 30s.)
22:35:41 [SACKS_CHANGE] §6[Sacks] §r§a+305§r§e items§r§e.§r§8 (Last 13s.)
22:35:54 [SACKS_CHANGE] §6[Sacks] §r§a+2§r§e items§r§e.§r§8 (Last 10s.)
22:36:09 [SACKS_CHANGE] §6[Sacks] §r§a+3§r§e items§r§e.§r§8 (Last 13s.)
22:36:16 [SACKS_CHANGE] §6[Sacks] §r§a+1§r§e item§r§e.§r§8 (Last 5s.)
22:36:24 [SACKS_CHANGE] §6[Sacks] §r§a+1§r§e item§r§e.§r§8 (Last 5s.)
22:36:38 [SACKS_CHANGE] §6[Sacks] §r§a+44§r§e items§r§e.§r§8 (Last 13s.)
22:37:04 [SACKS_CHANGE] §6[Sacks] §r§a+5§r§e items§r§e.§r§8 (Last 22s.)
22:37:10 [SACKS_CHANGE] §6[Sacks] §r§a+1§r§e item§r§e.§r§8 (Last 5s.)
22:37:17 [SACKS_CHANGE] §6[Sacks] §r§a+1§r§e item§r§e.§r§8 (Last 5s.)
22:37:23 [SACKS_CHANGE] §6[Sacks] §r§a+1§r§e item§r§e.§r§8 (Last 5s.)
22:37:40 [GUILD_EXP] §aYou earned §r§2750 GEXP §r§a+ §r§e2,250 Event EXP §r§afrom playing SkyBlock!
22:38:00 [EMPTY] §8 §r§8 §r§1 §r§3 §r§3 §r§7 §r§8 
22:38:03 [PROFILE_JOIN] §aYou are playing on profile: §eLemon§b (Co-op)
22:38:03 [PROFILE_JOIN] §8Profile ID: 62b760d8-92b6-4501-ada0-1fd8583f5266
22:38:05 [LOTTERY] §bNew day! §r§eYour §r§2Lottery §r§ebuff changed!
22:38:05 [LOTTERY] §eNew buff§r§r§r: §r§fGain §r§a+5% §r§2∮ Sweep§r§f.
22:38:05 [LOTTERY] §8§oYou can disable this messaging by toggling Lottery in your /hotf!
22:38:30 [EMPTY] §8 §r§8 §r§1 §r§3 §r§3 §r§7 §r§8 
22:38:33 [PROFILE_JOIN] §aYou are playing on profile: §eLemon§b (Co-op)
22:38:33 [PROFILE_JOIN] §8Profile ID: 62b760d8-92b6-4501-ada0-1fd8583f5266
22:38:35 [LOTTERY] §bNew day! §r§eYour §r§2Lottery §r§ebuff changed!
22:38:35 [LOTTERY] §eNew buff§r§r§r: §r§fGain §r§a+5% §r§2∮ Sweep§r§f.
22:38:35 [LOTTERY] §8§oYou can disable this messaging by toggling Lottery in your /hotf!
22:40:12 [GUILD_EXP] §aYou earned §r§285 GEXP §r§a+ §r§e255 Event EXP §r§afrom playing SkyBlock!
22:40:17 [EMPTY] 
22:42:25 [EMPTY] 
22:42:48 [EMPTY] 
22:44:24 [EMPTY] 
22:44:33 [EMPTY] 
22:45:17 [GUILD_EXP] §aYou earned §r§2608 GEXP §r§a+ §r§e1,824 Event EXP §r§afrom playing SkyBlock!
22:45:26 [EMPTY] 
22:45:34 [EMPTY] 
22:47:04 [EMPTY] 
22:47:14 [EMPTY] 
22:48:45 [EMPTY] 
22:49:09 [EMPTY]  
22:49:09 [EMPTY]  
22:49:09 [EMPTY]  
22:49:29 [EMPTY] 
22:50:23 [GUILD_EXP] §aYou earned §r§2384 GEXP §r§a+ §r§e1,152 Event EXP §r§afrom playing SkyBlock!
22:50:50 [EMPTY] 
22:51:42 [EMPTY] 
22:52:57 [EMPTY] 
22:53:11 [EMPTY] 
22:53:46 [EMPTY] 
22:54:22 [EMPTY] §8 §r§8 §r§1 §r§3 §r§3 §r§7 §r§8 
22:54:25 [PROFILE_JOIN] §aYou are playing on profile: §eLemon§b (Co-op)
22:54:25 [PROFILE_JOIN] §8Profile ID: 62b760d8-92b6-4501-ada0-1fd8583f5266
22:54:27 [LOTTERY] §bNew day! §r§eYour §r§2Lottery §r§ebuff changed!
22:54:27 [LOTTERY] §eNew buff§r§r§r: §r§fGain §r§a+5% §r§2∮ Sweep§r§f.
22:54:27 [LOTTERY] §8§oYou can disable this messaging by toggling Lottery in your /hotf!
22:54:46 [EMPTY] §8 §r§8 §r§1 §r§3 §r§3 §r§7 §r§8 
22:54:50 [PROFILE_JOIN] §aYou are playing on profile: §eLemon§b (Co-op)
22:54:50 [PROFILE_JOIN] §8Profile ID: 62b760d8-92b6-4501-ada0-1fd8583f5266
22:54:51 [LOTTERY] §bNew day! §r§eYour §r§2Lottery §r§ebuff changed!
22:54:51 [LOTTERY] §eNew buff§r§r§r: §r§fGain §r§a+5% §r§2∮ Sweep§r§f.
22:54:51 [LOTTERY] §8§oYou can disable this messaging by toggling Lottery in your /hotf!
22:55:01 [LOTTERY] §bNew day! §r§eYour §r§2Lottery §r§ebuff changed!
22:55:01 [LOTTERY] §eNew buff§r§r§r: §r§fGain §r§a+5% §r§2∮ Sweep§r§f.
22:55:01 [LOTTERY] §8§oYou can disable this messaging by toggling Lottery in your /hotf!
22:55:45 [EMPTY] §8 §r§8 §r§1 §r§3 §r§3 §r§7 §r§8 
22:55:48 [PROFILE_JOIN] §aYou are playing on profile: §eLemon§b (Co-op)
22:55:48 [PROFILE_JOIN] §8Profile ID: 62b760d8-92b6-4501-ada0-1fd8583f5266
22:55:50 [LOTTERY] §bNew day! §r§eYour §r§2Lottery §r§ebuff changed!
22:55:50 [LOTTERY] §eNew buff§r§r§r: §r§fGain §r§a+5% §r§2∮ Sweep§r§f.
22:55:50 [LOTTERY] §8§oYou can disable this messaging by toggling Lottery in your /hotf!
22:55:53 [EMPTY] §8 §r§8 §r§1 §r§3 §r§3 §r§7 §r§8 
22:55:56 [PROFILE_JOIN] §aYou are playing on profile: §eLemon§b (Co-op)
22:55:56 [PROFILE_JOIN] §8Profile ID: 62b760d8-92b6-4501-ada0-1fd8583f5266
22:55:58 [LOTTERY] §bNew day! §r§eYour §r§2Lottery §r§ebuff changed!
22:55:58 [LOTTERY] §eNew buff§r§r§r: §r§fGain §r§a+5% §r§2∮ Sweep§r§f.
22:55:58 [LOTTERY] §8§oYou can disable this messaging by toggling Lottery in your /hotf!
22:56:01 [EMPTY] §8 §r§8 §r§1 §r§3 §r§3 §r§7 §r§8 
22:56:04 [PROFILE_JOIN] §aYou are playing on profile: §eLemon§b (Co-op)
22:56:04 [PROFILE_JOIN] §8Profile ID: 62b760d8-92b6-4501-ada0-1fd8583f5266
22:56:06 [LOTTERY] §bNew day! §r§eYour §r§2Lottery §r§ebuff changed!
22:56:06 [LOTTERY] §eNew buff§r§r§r: §r§fGain §r§a+5% §r§2∮ Sweep§r§f.
22:56:06 [LOTTERY] §8§oYou can disable this messaging by toggling Lottery in your /hotf!
22:56:09 [EMPTY] §8 §r§8 §r§1 §r§3 §r§3 §r§7 §r§8 
22:56:12 [PROFILE_JOIN] §aYou are playing on profile: §eLemon§b (Co-op)
22:56:12 [PROFILE_JOIN] §8Profile ID: 62b760d8-92b6-4501-ada0-1fd8583f5266
22:56:14 [LOTTERY] §bNew day! §r§eYour §r§2Lottery §r§ebuff changed!
22:56:14 [LOTTERY] §eNew buff§r§r§r: §r§fGain §r§a+5% §r§2∮ Sweep§r§f.
22:56:14 [LOTTERY] §8§oYou can disable this messaging by toggling Lottery in your /hotf!
22:56:15 [EMPTY] §8 §r§8 §r§1 §r§3 §r§3 §r§7 §r§8 
22:56:19 [PROFILE_JOIN] §aYou are playing on profile: §eLemon§b (Co-op)
22:56:19 [PROFILE_JOIN] §8Profile ID: 62b760d8-92b6-4501-ada0-1fd8583f5266
22:56:20 [LOTTERY] §bNew day! §r§eYour §r§2Lottery §r§ebuff changed!
22:56:20 [LOTTERY] §eNew buff§r§r§r: §r§fGain §r§a+5% §r§2∮ Sweep§r§f.
22:56:20 [LOTTERY] §8§oYou can disable this messaging by toggling Lottery in your /hotf!
22:56:22 [EMPTY] §8 §r§8 §r§1 §r§3 §r§3 §r§7 §r§8 
22:56:25 [PROFILE_JOIN] §aYou are playing on profile: §eLemon§b (Co-op)
22:56:25 [PROFILE_JOIN] §8Profile ID: 62b760d8-92b6-4501-ada0-1fd8583f5266
22:56:27 [LOTTERY] §bNew day! §r§eYour §r§2Lottery §r§ebuff changed!
22:56:27 [LOTTERY] §eNew buff§r§r§r: §r§fGain §r§a+5% §r§2∮ Sweep§r§f.
22:56:27 [LOTTERY] §8§oYou can disable this messaging by toggling Lottery in your /hotf!
22:56:29 [EMPTY] §8 §r§8 §r§1 §r§3 §r§3 §r§7 §r§8 
22:56:33 [PROFILE_JOIN] §aYou are playing on profile: §eLemon§b (Co-op)
22:56:33 [PROFILE_JOIN] §8Profile ID: 62b760d8-92b6-4501-ada0-1fd8583f5266
22:56:34 [LOTTERY] §bNew day! §r§eYour §r§2Lottery §r§ebuff changed!
22:56:34 [LOTTERY] §eNew buff§r§r§r: §r§fGain §r§a+5% §r§2∮ Sweep§r§f.
22:56:34 [LOTTERY] §8§oYou can disable this messaging by toggling Lottery in your /hotf!
22:56:37 [EMPTY] §8 §r§8 §r§1 §r§3 §r§3 §r§7 §r§8 
22:56:41 [PROFILE_JOIN] §aYou are playing on profile: §eLemon§b (Co-op)
22:56:41 [PROFILE_JOIN] §8Profile ID: 62b760d8-92b6-4501-ada0-1fd8583f5266
22:57:16 [EMPTY] §8 §r§8 §r§1 §r§3 §r§3 §r§7 §r§8 
22:57:19 [PROFILE_JOIN] §aYou are playing on profile: §eLemon§b (Co-op)
22:57:19 [PROFILE_JOIN] §8Profile ID: 62b760d8-92b6-4501-ada0-1fd8583f5266
22:57:20 [LOTTERY] §bNew day! §r§eYour §r§2Lottery §r§ebuff changed!
22:57:20 [LOTTERY] §eNew buff§r§r§r: §r§fGain §r§a+5% §r§2∮ Sweep§r§f.
22:57:20 [LOTTERY] §8§oYou can disable this messaging by toggling Lottery in your /hotf!
22:57:26 [EMPTY] §8 §r§8 §r§1 §r§3 §r§3 §r§7 §r§8 
22:57:29 [PROFILE_JOIN] §aYou are playing on profile: §eLemon§b (Co-op)
22:57:29 [PROFILE_JOIN] §8Profile ID: 62b760d8-92b6-4501-ada0-1fd8583f5266
22:57:42 [EMPTY] §8 §r§8 §r§1 §r§3 §r§3 §r§7 §r§8 
22:57:46 [PROFILE_JOIN] §aYou are playing on profile: §eLemon§b (Co-op)
22:57:46 [PROFILE_JOIN] §8Profile ID: 62b760d8-92b6-4501-ada0-1fd8583f5266
22:57:47 [LOTTERY] §bNew day! §r§eYour §r§2Lottery §r§ebuff changed!
22:57:47 [LOTTERY] §eNew buff§r§r§r: §r§fGain §r§a+5% §r§2∮ Sweep§r§f.
22:57:47 [LOTTERY] §8§oYou can disable this messaging by toggling Lottery in your /hotf!
22:57:59 [EMPTY] §8 §r§8 §r§1 §r§3 §r§3 §r§7 §r§8 
22:58:04 [PROFILE_JOIN] §aYou are playing on profile: §eLemon§b (Co-op)
22:58:04 [PROFILE_JOIN] §8Profile ID: 62b760d8-92b6-4501-ada0-1fd8583f5266
22:58:05 [LOTTERY] §bNew day! §r§eYour §r§2Lottery §r§ebuff changed!
22:58:05 [LOTTERY] §eNew buff§r§r§r: §r§fGain §r§a+5% §r§2∮ Sweep§r§f.
22:58:05 [LOTTERY] §8§oYou can disable this messaging by toggling Lottery in your /hotf!
22:58:23 [SACKS_CHANGE] §6[Sacks] §r§a+10§r§e items§r§e.§r§8 (Last 6s.)
22:58:47 [SACKS_CHANGE] §6[Sacks] §r§a+34§r§e items§r§e.§r§8 (Last 12s.)
22:59:15 [SACKS_CHANGE] §6[Sacks] §r§a+70§r§e items§r§e.§r§8 (Last 26s.)
22:59:26 [SACKS_CHANGE] §6[Sacks] §r§a+25§r§e items§r§e.§r§8 (Last 9s.)
23:00:35 [EMPTY] §8 §r§8 §r§1 §r§3 §r§3 §r§7 §r§8 
23:00:38 [PROFILE_JOIN] §aYou are playing on profile: §eLemon§b (Co-op)
23:00:38 [PROFILE_JOIN] §8Profile ID: 62b760d8-92b6-4501-ada0-1fd8583f5266
23:00:40 [LOTTERY] §bNew day! §r§eYour §r§2Lottery §r§ebuff changed!
23:00:40 [LOTTERY] §eNew buff§r§r§r: §r§fGain §r§a+5% §r§2∮ Sweep§r§f.
23:00:40 [LOTTERY] §8§oYou can disable this messaging by toggling Lottery in your /hotf!
23:01:28 [SACKS_CHANGE] §6[Sacks] §r§a+41§r§e items§r§e.§r§8 (Last 30s.)
23:01:34 [SACKS_CHANGE] §6[Sacks] §r§a+2§r§e items§r§e.§r§8 (Last 5s.)
23:01:45 [SACKS_CHANGE] §6[Sacks] §r§a+5§r§e items§r§e.§r§8 (Last 6s.)
23:01:49 [EMPTY] 
23:01:49 [EMPTY] §c
23:02:09 [GUILD_EXP] §aYou earned §r§253 GEXP §r§afrom playing SkyBlock!
23:02:11 [SACKS_CHANGE] §6[Sacks] §r§a+18§r§e items§r§e.§r§8 (Last 24s.)
23:03:00 [EMPTY] §8 §r§8 §r§1 §r§3 §r§3 §r§7 §r§8 
23:03:03 [PROFILE_JOIN] §aYou are playing on profile: §eLemon§b (Co-op)
23:03:03 [PROFILE_JOIN] §8Profile ID: 62b760d8-92b6-4501-ada0-1fd8583f5266
23:03:05 [LOTTERY] §bNew day! §r§eYour §r§2Lottery §r§ebuff changed!
23:03:05 [LOTTERY] §eNew buff§r§r§r: §r§fGain §r§a+5% §r§2∮ Sweep§r§f.
23:03:05 [LOTTERY] §8§oYou can disable this messaging by toggling Lottery in your /hotf!
23:03:38 [SACKS_CHANGE] §6[Sacks] §r§a+46§r§e items§r§e.§r§8 (Last 18s.)
23:03:52 [SACKS_CHANGE] §6[Sacks] §r§a+26§r§e items§r§e.§r§8 (Last 13s.)
23:03:52 [EMPTY] 
23:03:52 [EMPTY] 
23:03:52 [EMPTY] 
23:03:52 [EMPTY] 
23:04:03 [SACKS_CHANGE] §6[Sacks] §r§a+13§r§e items§r§e.§r§8 (Last 8s.)
23:04:14 [SACKS_CHANGE] §6[Sacks] §r§a+17§r§e items§r§e.§r§8 (Last 9s.)
23:04:23 [SACKS_CHANGE] §6[Sacks] §r§a+7§r§e items§r§e.§r§8 (Last 5s.)
23:05:13 [SACKS_CHANGE] §6[Sacks] §r§a+95§r§e items§r§e.§r§8 (Last 30s.)
23:05:24 [SACKS_CHANGE] §6[Sacks] §r§a+19§r§e items§r§e.§r§8 (Last 9s.)
23:05:32 [SACKS_CHANGE] §6[Sacks] §r§a+1§r§e item§r§e.§r§8 (Last 5s.)
23:05:45 [EMPTY]  
23:05:45 [EMPTY]  
23:05:45 [EMPTY]  
23:05:54 [SACKS_CHANGE] §6[Sacks] §r§a+3§r§e items§r§e.§r§8 (Last 5s.)
23:06:30 [SACKS_CHANGE] §6[Sacks] §r§a+40§r§e items§r§e.§r§8 (Last 21s.)
23:06:49 [SACKS_CHANGE] §6[Sacks] §r§a+32§r§e items§r§e.§r§8 (Last 18s.)
23:07:06 [SACKS_CHANGE] §6[Sacks] §r§a+39§r§e items§r§e.§r§8 (Last 16s.)
23:07:20 [SACKS_CHANGE] §6[Sacks] §r§a+1§r§e item§r§e.§r§8 (Last 5s.)
23:07:27 [SACKS_CHANGE] §6[Sacks] §r§a+3§r§e items§r§e.§r§8 (Last 5s.)
23:07:39 [GUILD_EXP] §aYou earned §r§2518 GEXP §r§afrom playing SkyBlock!
23:07:50 [SACKS_CHANGE] §6[Sacks] §r§a+16§r§e items§r§e.§r§8 (Last 11s.)
23:08:11 [SACKS_CHANGE] §6[Sacks] §r§a+53§r§e items§r§e.§r§8 (Last 19s.)
23:08:51 [SACKS_CHANGE] §6[Sacks] §r§a+50§r§e items§r§e.§r§8 (Last 16s.)
23:09:14 [SACKS_CHANGE] §6[Sacks] §r§a+59§r§e items§r§e.§r§8 (Last 17s.)
23:09:36 [SACKS_CHANGE] §6[Sacks] §r§a+12§r§e items§r§e.§r§8 (Last 8s.)
23:10:03 [SACKS_CHANGE] §6[Sacks] §r§a+87§r§e items§r§e.§r§8 (Last 21s.)
23:10:17 [SACKS_CHANGE] §6[Sacks] §r§a+36§r§e items§r§e.§r§8 (Last 13s.)
23:10:34 [SACKS_CHANGE] §6[Sacks] §r§a+12§r§e items§r§e.§r§8 (Last 7s.)
23:11:59 [SACKS_CHANGE] §6[Sacks] §r§a+30§r§e items§r§e.§r§8 (Last 19s.)
23:12:23 [SACKS_CHANGE] §6[Sacks] §r§a+37§r§e items§r§e.§r§8 (Last 15s.)
23:12:26 [EMPTY] §8 §r§8 §r§1 §r§3 §r§3 §r§7 §r§8 
23:12:29 [PROFILE_JOIN] §aYou are playing on profile: §eLemon§b (Co-op)
23:12:29 [PROFILE_JOIN] §8Profile ID: 62b760d8-92b6-4501-ada0-1fd8583f5266
23:12:31 [LOTTERY] §bNew day! §r§eYour §r§2Lottery §r§ebuff changed!
23:12:31 [LOTTERY] §eNew buff§r§r§r: §r§fGain §r§a+5% §r§2∮ Sweep§r§f.
23:12:31 [LOTTERY] §8§oYou can disable this messaging by toggling Lottery in your /hotf!
23:12:41 [EMPTY] §8 §r§8 §r§1 §r§3 §r§3 §r§7 §r§8 
23:12:45 [PROFILE_JOIN] §aYou are playing on profile: §eLemon§b (Co-op)
23:12:45 [PROFILE_JOIN] §8Profile ID: 62b760d8-92b6-4501-ada0-1fd8583f5266
23:12:46 [LOTTERY] §bNew day! §r§eYour §r§2Lottery §r§ebuff changed!
23:12:46 [LOTTERY] §eNew buff§r§r§r: §r§fGain §r§a+5% §r§2∮ Sweep§r§f.
23:12:46 [LOTTERY] §8§oYou can disable this messaging by toggling Lottery in your /hotf!
23:13:03 [EMPTY] §8 §r§8 §r§1 §r§3 §r§3 §r§7 §r§8 
23:13:06 [PROFILE_JOIN] §aYou are playing on profile: §eLemon§b (Co-op)
23:13:06 [PROFILE_JOIN] §8Profile ID: 62b760d8-92b6-4501-ada0-1fd8583f5266
23:13:08 [LOTTERY] §bNew day! §r§eYour §r§2Lottery §r§ebuff changed!
23:13:08 [LOTTERY] §eNew buff§r§r§r: §r§fGain §r§a+5% §r§2∮ Sweep§r§f.
23:13:08 [LOTTERY] §8§oYou can disable this messaging by toggling Lottery in your /hotf!
23:15:00 [LOTTERY] §bNew day! §r§eYour §r§2Lottery §r§ebuff changed!
23:15:00 [LOTTERY] §eNew buff§r§r§r: §r§fGain §r§a+5% §r§2∮ Sweep§r§f.
23:15:00 [LOTTERY] §8§oYou can disable this messaging by toggling Lottery in your /hotf!
23:16:07 [EMPTY] §8 §r§8 §r§1 §r§3 §r§3 §r§7 §r§8 
23:16:10 [PROFILE_JOIN] §aYou are playing on profile: §eLemon§b (Co-op)
23:16:10 [PROFILE_JOIN] §8Profile ID: 62b760d8-92b6-4501-ada0-1fd8583f5266
23:17:03 [EMPTY] 
23:17:09 [EMPTY] 
23:17:41 [EMPTY] 
23:18:11 [GUILD_EXP] §aYou earned §r§2148 GEXP §r§afrom playing SkyBlock!
23:18:20 [EMPTY] §8 §r§8 §r§1 §r§3 §r§3 §r§7 §r§8 
23:18:23 [PROFILE_JOIN] §aYou are playing on profile: §eLemon§b (Co-op)
23:18:23 [PROFILE_JOIN] §8Profile ID: 62b760d8-92b6-4501-ada0-1fd8583f5266
23:18:25 [LOTTERY] §bNew day! §r§eYour §r§2Lottery §r§ebuff changed!
23:18:25 [LOTTERY] §eNew buff§r§r§r: §r§fGain §r§a+5% §r§2∮ Sweep§r§f.
23:18:25 [LOTTERY] §8§oYou can disable this messaging by toggling Lottery in your /hotf!
23:18:51 [SACKS_CHANGE] §6[Sacks] §r§a+60§r§e items§r§e.§r§8 (Last 24s.)
23:19:10 [SACKS_CHANGE] §6[Sacks] §r§a+4§r§e items§r§e.§r§8 (Last 5s.)
23:19:21 [SACKS_CHANGE] §6[Sacks] §r§a+7§r§e items§r§e.§r§8 (Last 5s.)
23:19:30 [SACKS_CHANGE] §6[Sacks] §r§a+2§r§e items§r§e.§r§8 (Last 5s.)
23:19:33 [EMPTY] §8 §r§8 §r§1 §r§3 §r§3 §r§7 §r§8 
23:19:37 [PROFILE_JOIN] §aYou are playing on profile: §eLemon§b (Co-op)
23:19:37 [PROFILE_JOIN] §8Profile ID: 62b760d8-92b6-4501-ada0-1fd8583f5266
23:19:38 [LOTTERY] §bNew day! §r§eYour §r§2Lottery §r§ebuff changed!
23:19:38 [LOTTERY] §eNew buff§r§r§r: §r§fGain §r§a+5% §r§2∮ Sweep§r§f.
23:19:38 [LOTTERY] §8§oYou can disable this messaging by toggling Lottery in your /hotf!
23:24:27 [EMPTY] §8 §r§8 §r§1 §r§3 §r§3 §r§7 §r§8 
23:24:31 [PROFILE_JOIN] §aYou are playing on profile: §eLemon§b (Co-op)
23:24:31 [PROFILE_JOIN] §8Profile ID: 62b760d8-92b6-4501-ada0-1fd8583f5266
23:24:32 [LOTTERY] §bNew day! §r§eYour §r§2Lottery §r§ebuff changed!
23:24:32 [LOTTERY] §eNew buff§r§r§r: §r§fGain §r§a+5% §r§2∮ Sweep§r§f.
23:24:32 [LOTTERY] §8§oYou can disable this messaging by toggling Lottery in your /hotf!
23:24:49 [SACKS_CHANGE] §6[Sacks] §r§a+14§r§e items§r§e.§r§8 (Last 6s.)
23:25:21 [SACKS_CHANGE] §6[Sacks] §r§a+89§r§e items§r§e.§r§8 (Last 30s.)
23:25:27 [SACKS_CHANGE] §6[Sacks] §r§a+5§r§e items§r§e.§r§8 (Last 5s.)
23:26:04 [SACKS_CHANGE] §6[Sacks] §r§a+122§r§e items§r§e.§r§8 (Last 30s.)
23:26:35 [GUILD_EXP] §aYou earned §r§2163 GEXP §r§afrom playing SkyBlock!
23:26:36 [SACKS_CHANGE] §6[Sacks] §r§a+81§r§e items§r§e.§r§8 (Last 30s.)
23:27:07 [SACKS_CHANGE] §6[Sacks] §r§a+100§r§e items§r§e.§r§8 (Last 30s.)
23:27:16 [SACKS_CHANGE] §6[Sacks] §r§a+17§r§e items§r§e.§r§8 (Last 8s.)
23:27:37 [SACKS_CHANGE] §6[Sacks] §r§a+37§r§e items§r§e.§r§8 (Last 13s.)
23:28:09 [SACKS_CHANGE] §6[Sacks] §r§a+94§r§e items§r§e.§r§8 (Last 30s.)
23:28:26 [SACKS_CHANGE] §6[Sacks] §r§a+22§r§e items§r§e.§r§8 (Last 14s.)
23:29:33 [SACKS_CHANGE] §6[Sacks] §r§a+80§r§e items§r§e.§r§8 (Last 30s.)
23:29:34 [EMPTY]  
23:29:34 [BESTIARY] §f                                  §6§lBESTIARY
23:29:34 [BESTIARY] §f                            §b§lEnderman §7§819 §8➡§b §b20
23:29:34 [BESTIARY] 
23:29:34 [BESTIARY]                                   §r§6§lREWARDS
23:29:34 [BESTIARY]                         §r§8+§r§a5 Enderman §r§b✯ Magic Find
23:29:34 [BESTIARY]                          §r§8+§r§a5 Enderman §r§c❁ Strength
23:29:34 [BESTIARY]                             §r§8+§r§62% §r§aEnderman §r§7coins
23:29:34 [BESTIARY]                     §r§8+§r§a50% §r§7chance for extra XP orbs
23:29:34 [BESTIARY]                                §r§8+§r§b1 SkyBlock XP
23:29:34 [BESTIARY] 
23:29:34 [BESTIARY] §3§l▬▬▬▬▬▬▬▬▬▬▬▬▬▬▬▬▬▬▬▬▬▬▬▬▬▬▬▬▬▬▬▬▬▬▬▬▬▬▬▬▬▬▬▬▬▬▬▬▬▬▬▬▬▬▬▬▬▬▬▬▬▬▬▬
23:30:04 [SACKS_CHANGE] §6[Sacks] §r§a+73§r§e items§r§e.§r§8 (Last 30s.)
23:30:24 [EMPTY] §8 §r§8 §r§1 §r§3 §r§3 §r§7 §r§8 
23:30:28 [PROFILE_JOIN] §aYou are playing on profile: §eLemon§b (Co-op)
23:30:28 [PROFILE_JOIN] §8Profile ID: 62b760d8-92b6-4501-ada0-1fd8583f5266
23:30:29 [LOTTERY] §bNew day! §r§eYour §r§2Lottery §r§ebuff changed!
23:30:29 [LOTTERY] §eNew buff§r§r§r: §r§fGain §r§a+5% §r§2∮ Sweep§r§f.
23:30:29 [LOTTERY] §8§oYou can disable this messaging by toggling Lottery in your /hotf!
23:31:03 [EMPTY] §8 §r§8 §r§1 §r§3 §r§3 §r§7 §r§8 
23:31:06 [PROFILE_JOIN] §aYou are playing on profile: §eLemon§b (Co-op)
23:31:06 [PROFILE_JOIN] §8Profile ID: 62b760d8-92b6-4501-ada0-1fd8583f5266
23:31:08 [LOTTERY] §bNew day! §r§eYour §r§2Lottery §r§ebuff changed!
23:31:08 [LOTTERY] §eNew buff§r§r§r: §r§fGain §r§a+5% §r§2∮ Sweep§r§f.
23:31:08 [LOTTERY] §8§oYou can disable this messaging by toggling Lottery in your /hotf!
23:31:34 [SACKS_CHANGE] §6[Sacks] §r§a+4§r§e items§r§e.§r§8 (Last 5s.)
23:31:48 [SACKS_CHANGE] §6[Sacks] §r§a+9§r§e items§r§e.§r§8 (Last 9s.)
23:31:58 [SACKS_CHANGE] §6[Sacks] §r§a+3§r§e items§r§e.§r§8 (Last 5s.)
23:31:59 [EMPTY] §8 §r§8 §r§1 §r§3 §r§3 §r§7 §r§8 
23:32:02 [PROFILE_JOIN] §aYou are playing on profile: §eLemon§b (Co-op)
23:32:02 [PROFILE_JOIN] §8Profile ID: 62b760d8-92b6-4501-ada0-1fd8583f5266
23:32:04 [LOTTERY] §bNew day! §r§eYour §r§2Lottery §r§ebuff changed!
23:32:04 [LOTTERY] §eNew buff§r§r§r: §r§fGain §r§a+5% §r§2∮ Sweep§r§f.
23:32:04 [LOTTERY] §8§oYou can disable this messaging by toggling Lottery in your /hotf!
23:32:05 [EMPTY] §8 §r§8 §r§1 §r§3 §r§3 §r§7 §r§8 
23:32:08 [PROFILE_JOIN] §aYou are playing on profile: §eLemon§b (Co-op)
23:32:08 [PROFILE_JOIN] §8Profile ID: 62b760d8-92b6-4501-ada0-1fd8583f5266
23:32:09 [LOTTERY] §bNew day! §r§eYour §r§2Lottery §r§ebuff changed!
23:32:09 [LOTTERY] §eNew buff§r§r§r: §r§fGain §r§a+5% §r§2∮ Sweep§r§f.
23:32:09 [LOTTERY] §8§oYou can disable this messaging by toggling Lottery in your /hotf!
23:32:18 [EMPTY] §8 §r§8 §r§1 §r§3 §r§3 §r§7 §r§8 
23:32:21 [PROFILE_JOIN] §aYou are playing on profile: §eLemon§b (Co-op)
23:32:21 [PROFILE_JOIN] §8Profile ID: 62b760d8-92b6-4501-ada0-1fd8583f5266
23:32:23 [LOTTERY] §bNew day! §r§eYour §r§2Lottery §r§ebuff changed!
23:32:23 [LOTTERY] §eNew buff§r§r§r: §r§fGain §r§a+5% §r§2∮ Sweep§r§f.
23:32:23 [LOTTERY] §8§oYou can disable this messaging by toggling Lottery in your /hotf!
23:32:25 [EMPTY] §8 §r§8 §r§1 §r§3 §r§3 §r§7 §r§8 
23:32:29 [PROFILE_JOIN] §aYou are playing on profile: §eLemon§b (Co-op)
23:32:29 [PROFILE_JOIN] §8Profile ID: 62b760d8-92b6-4501-ada0-1fd8583f5266
23:32:30 [LOTTERY] §bNew day! §r§eYour §r§2Lottery §r§ebuff changed!
23:32:30 [LOTTERY] §eNew buff§r§r§r: §r§fGain §r§a+5% §r§2∮ Sweep§r§f.
23:32:30 [LOTTERY] §8§oYou can disable this messaging by toggling Lottery in your /hotf!
23:32:35 [EMPTY] §8 §r§8 §r§1 §r§3 §r§3 §r§7 §r§8 
23:32:38 [PROFILE_JOIN] §aYou are playing on profile: §eLemon§b (Co-op)
23:32:38 [PROFILE_JOIN] §8Profile ID: 62b760d8-92b6-4501-ada0-1fd8583f5266
23:32:40 [LOTTERY] §bNew day! §r§eYour §r§2Lottery §r§ebuff changed!
23:32:40 [LOTTERY] §eNew buff§r§r§r: §r§fGain §r§a+5% §r§2∮ Sweep§r§f.
23:32:40 [LOTTERY] §8§oYou can disable this messaging by toggling Lottery in your /hotf!
23:32:49 [EMPTY] §8 §r§8 §r§1 §r§3 §r§3 §r§7 §r§8 
23:32:53 [PROFILE_JOIN] §aYou are playing on profile: §eLemon§b (Co-op)
23:32:53 [PROFILE_JOIN] §8Profile ID: 62b760d8-92b6-4501-ada0-1fd8583f5266
23:32:54 [LOTTERY] §bNew day! §r§eYour §r§2Lottery §r§ebuff changed!
23:32:54 [LOTTERY] §eNew buff§r§r§r: §r§fGain §r§a+5% §r§2∮ Sweep§r§f.
23:32:54 [LOTTERY] §8§oYou can disable this messaging by toggling Lottery in your /hotf!
23:33:34 [EMPTY] 
23:33:34 [EMPTY] 
23:33:34 [EMPTY] 
23:33:34 [EMPTY] 
23:34:35 [SACKS_CHANGE] §6[Sacks] §r§a+1§r§e item§r§e.§r§8 (Last 5s.)
23:34:46 [EMPTY] 
23:34:46 [EMPTY] 
23:34:46 [EMPTY] 
23:34:46 [EMPTY] 
23:34:46 [EMPTY]  
23:34:46 [BESTIARY] §f                                  §6§lBESTIARY
23:34:46 [BESTIARY] §f                             §b§lDragon §7§810 §8➡§b §b11
23:34:46 [BESTIARY] 
23:34:46 [BESTIARY]                                   §r§6§lREWARDS
23:34:46 [BESTIARY]                          §r§8+§r§a4 Dragon §r§b✯ Magic Find
23:34:46 [BESTIARY]                           §r§8+§r§a4 Dragon §r§c❁ Strength
23:34:46 [BESTIARY]                              §r§8+§r§62% §r§aDragon §r§7coins
23:34:46 [BESTIARY]                     §r§8+§r§a50% §r§7chance for extra XP orbs
23:34:46 [BESTIARY]                                §r§8+§r§b1 SkyBlock XP
23:34:46 [BESTIARY] 
23:34:46 [BESTIARY] §3§l▬▬▬▬▬▬▬▬▬▬▬▬▬▬▬▬▬▬▬▬▬▬▬▬▬▬▬▬▬▬▬▬▬▬▬▬▬▬▬▬▬▬▬▬▬▬▬▬▬▬▬▬▬▬▬▬▬▬▬▬▬▬▬▬
23:35:00 [LOTTERY] §bNew day! §r§eYour §r§2Lottery §r§ebuff changed!
23:35:00 [LOTTERY] §eNew buff§r§r§r: §r§fGain §r§a+50 §r§6☘ Mangrove Fortune§r§f.
23:35:00 [LOTTERY] §8§oYou can disable this messaging by toggling Lottery in your /hotf!
23:35:03 [SACKS_CHANGE] §6[Sacks] §r§a+24§r§e items§r§e.§r§8 (Last 8s.)
23:35:20 [EMPTY] §8 §r§8 §r§1 §r§3 §r§3 §r§7 §r§8 
23:35:23 [PROFILE_JOIN] §aYou are playing on profile: §eLemon§b (Co-op)
23:35:23 [PROFILE_JOIN] §8Profile ID: 62b760d8-92b6-4501-ada0-1fd8583f5266
23:35:25 [LOTTERY] §bNew day! §r§eYour §r§2Lottery §r§ebuff changed!
23:35:25 [LOTTERY] §eNew buff§r§r§r: §r§fGain §r§a+50 §r§6☘ Mangrove Fortune§r§f.
23:35:25 [LOTTERY] §8§oYou can disable this messaging by toggling Lottery in your /hotf!
23:35:36 [EMPTY] §8 §r§8 §r§1 §r§3 §r§3 §r§7 §r§8 
23:35:39 [PROFILE_JOIN] §aYou are playing on profile: §eLemon§b (Co-op)
23:35:39 [PROFILE_JOIN] §8Profile ID: 62b760d8-92b6-4501-ada0-1fd8583f5266
23:35:41 [LOTTERY] §bNew day! §r§eYour §r§2Lottery §r§ebuff changed!
23:35:41 [LOTTERY] §eNew buff§r§r§r: §r§fGain §r§a+50 §r§6☘ Mangrove Fortune§r§f.
23:35:41 [LOTTERY] §8§oYou can disable this messaging by toggling Lottery in your /hotf!
23:36:07 [EMPTY] 
23:36:14 [SACKS_CHANGE] §6[Sacks] §r§a+108§r§e items§r§e.§r§8 (Last 30s.)
23:36:48 [SACKS_CHANGE] §6[Sacks] §r§a+101§r§e items§r§e.§r§8 (Last 30s.)
23:36:57 [GUILD_EXP] §aYou earned §r§248 GEXP §r§afrom playing SkyBlock!
23:37:20 [SACKS_CHANGE] §6[Sacks] §r§a+100§r§e items§r§e.§r§8 (Last 30s.)
23:37:51 [SACKS_CHANGE] §6[Sacks] §r§a+111§r§e items§r§e.§r§8 (Last 30s.)
23:38:24 [SACKS_CHANGE] §6[Sacks] §r§a+87§r§e items§r§e.§r§8 (Last 30s.)
23:38:56 [SACKS_CHANGE] §6[Sacks] §r§a+112§r§e items§r§e.§r§8 (Last 30s.)
23:39:27 [SACKS_CHANGE] §6[Sacks] §r§a+93§r§e items§r§e.§r§8 (Last 30s.)
23:39:59 [SACKS_CHANGE] §6[Sacks] §r§a+91§r§e items§r§e.§r§8 (Last 30s.)
23:40:30 [SACKS_CHANGE] §6[Sacks] §r§a+97§r§e items§r§e.§r§8 (Last 30s.)
23:40:41 [SACKS_CHANGE] §6[Sacks] §r§a+23§r§e items§r§e.§r§8 (Last 10s.)
23:41:25 [SACKS_CHANGE] §6[Sacks] §r§a+56§r§e items§r§e.§r§8 (Last 21s.)
23:42:01 [SACKS_CHANGE] §6[Sacks] §r§a+102§r§e items§r§e.§r§8 (Last 30s.)
23:42:02 [GUILD_EXP] §aYou earned §r§2750 GEXP §r§afrom playing SkyBlock!
23:42:34 [SACKS_CHANGE] §6[Sacks] §r§a+88§r§e items§r§e.§r§8 (Last 30s.)
23:43:11 [SACKS_CHANGE] §6[Sacks] §r§a+30§r§e items§r§e.§r§8 (Last 10s.)
23:44:00 [SACKS_CHANGE] §6[Sacks] §r§a+95§r§e items§r§e.§r§8 (Last 30s.)
23:44:26 [SACKS_CHANGE] §6[Sacks] §r§a+62§r§e items§r§e.§r§8 (Last 23s.)
23:44:38 [SACKS_CHANGE] §6[Sacks] §r§a+1§r§e item§r§e.§r§8 (Last 5s.)
23:44:46 [SACKS_CHANGE] §6[Sacks] §r§a+9§r§e items§r§e.§r§8 (Last 7s.)
23:45:12 [SACKS_CHANGE] §6[Sacks] §r§a+9§r§e items§r§e.§r§8 (Last 5s.)
23:46:36 [SACKS_CHANGE] §6[Sacks] §r§a+14§r§e items§r§e.§r§8 (Last 19s.)
23:46:53 [SACKS_CHANGE] §6[Sacks] §r§a+11§r§e items§r§e.§r§8 (Last 10s.)
23:46:55 [EMPTY] 
23:46:55 [EMPTY] 
23:46:55 [EMPTY] 
23:46:55 [EMPTY] 
23:47:03 [SACKS_CHANGE] §6[Sacks] §r§a+1§r§e item§r§e.§r§8 (Last 5s.)
23:47:09 [GUILD_EXP] §aYou earned §r§2750 GEXP §r§afrom playing SkyBlock!
23:47:24 [SACKS_CHANGE] §6[Sacks] §r§a+12§r§e items§r§e.§r§8 (Last 15s.)
23:48:47 [EMPTY] §8 §r§8 §r§1 §r§3 §r§3 §r§7 §r§8 
23:48:50 [PROFILE_JOIN] §aYou are playing on profile: §eLemon§b (Co-op)
23:48:50 [PROFILE_JOIN] §8Profile ID: 62b760d8-92b6-4501-ada0-1fd8583f5266
23:48:52 [LOTTERY] §bNew day! §r§eYour §r§2Lottery §r§ebuff changed!
23:48:52 [LOTTERY] §eNew buff§r§r§r: §r§fGain §r§a+50 §r§6☘ Mangrove Fortune§r§f.
23:48:52 [LOTTERY] §8§oYou can disable this messaging by toggling Lottery in your /hotf!
23:49:35 [EMPTY] §8 §r§8 §r§1 §r§3 §r§3 §r§7 §r§8 
23:49:39 [PROFILE_JOIN] §aYou are playing on profile: §eLemon§b (Co-op)
23:49:39 [PROFILE_JOIN] §8Profile ID: 62b760d8-92b6-4501-ada0-1fd8583f5266
23:49:41 [LOTTERY] §bNew day! §r§eYour §r§2Lottery §r§ebuff changed!
23:49:41 [LOTTERY] §eNew buff§r§r§r: §r§fGain §r§a+50 §r§6☘ Mangrove Fortune§r§f.
23:49:41 [LOTTERY] §8§oYou can disable this messaging by toggling Lottery in your /hotf!
23:49:49 [EMPTY] §8 §r§8 §r§1 §r§3 §r§3 §r§7 §r§8 
23:49:53 [PROFILE_JOIN] §aYou are playing on profile: §eLemon§b (Co-op)
23:49:53 [PROFILE_JOIN] §8Profile ID: 62b760d8-92b6-4501-ada0-1fd8583f5266
23:49:54 [LOTTERY] §bNew day! §r§eYour §r§2Lottery §r§ebuff changed!
23:49:54 [LOTTERY] §eNew buff§r§r§r: §r§fGain §r§a+50 §r§6☘ Mangrove Fortune§r§f.
23:49:54 [LOTTERY] §8§oYou can disable this messaging by toggling Lottery in your /hotf!
23:50:50 [EMPTY] 
23:50:50 [EMPTY] 
23:50:50 [EMPTY] 
23:50:50 [EMPTY] 
23:51:05 [SACKS_CHANGE] §6[Sacks] §r§a+1§r§e item§r§e.§r§8 (Last 5s.)
23:51:26 [SACKS_CHANGE] §6[Sacks] §r§a+1§r§e item§r§e.§r§8 (Last 5s.)
23:51:50 [SACKS_CHANGE] §6[Sacks] §r§a+1§r§e item§r§e.§r§8 (Last 5s.)
23:51:59 [SACKS_CHANGE] §6[Sacks] §r§a+1§r§e item§r§e.§r§8 (Last 5s.)
23:52:13 [GUILD_EXP] §aYou earned §r§2338 GEXP §r§afrom playing SkyBlock!
23:52:50 [SACKS_CHANGE] §6[Sacks] §r§a+1§r§e item§r§e.§r§8 (Last 5s.)
23:52:55 [EMPTY] §8 §r§8 §r§1 §r§3 §r§3 §r§7 §r§8 
23:52:59 [PROFILE_JOIN] §aYou are playing on profile: §eLemon§b (Co-op)
23:52:59 [PROFILE_JOIN] §8Profile ID: 62b760d8-92b6-4501-ada0-1fd8583f5266
23:53:00 [LOTTERY] §bNew day! §r§eYour §r§2Lottery §r§ebuff changed!
23:53:00 [LOTTERY] §eNew buff§r§r§r: §r§fGain §r§a+50 §r§6☘ Mangrove Fortune§r§f.
23:53:00 [LOTTERY] §8§oYou can disable this messaging by toggling Lottery in your /hotf!
23:53:15 [EMPTY] §8 §r§8 §r§1 §r§3 §r§3 §r§7 §r§8 
23:53:19 [PROFILE_JOIN] §aYou are playing on profile: §eLemon§b (Co-op)
23:53:19 [PROFILE_JOIN] §8Profile ID: 62b760d8-92b6-4501-ada0-1fd8583f5266
23:53:20 [LOTTERY] §bNew day! §r§eYour §r§2Lottery §r§ebuff changed!
23:53:20 [LOTTERY] §eNew buff§r§r§r: §r§fGain §r§a+50 §r§6☘ Mangrove Fortune§r§f.
23:53:20 [LOTTERY] §8§oYou can disable this messaging by toggling Lottery in your /hotf!
23:53:23 [EMPTY] §8 §r§8 §r§1 §r§3 §r§3 §r§7 §r§8 
23:53:27 [PROFILE_JOIN] §aYou are playing on profile: §eLemon§b (Co-op)
23:53:27 [PROFILE_JOIN] §8Profile ID: 62b760d8-92b6-4501-ada0-1fd8583f5266
23:53:28 [LOTTERY] §bNew day! §r§eYour §r§2Lottery §r§ebuff changed!
23:53:28 [LOTTERY] §eNew buff§r§r§r: §r§fGain §r§a+50 §r§6☘ Mangrove Fortune§r§f.
23:53:28 [LOTTERY] §8§oYou can disable this messaging by toggling Lottery in your /hotf!
23:53:30 [EMPTY] §8 §r§8 §r§1 §r§3 §r§3 §r§7 §r§8 
23:53:33 [PROFILE_JOIN] §aYou are playing on profile: §eLemon§b (Co-op)
23:53:33 [PROFILE_JOIN] §8Profile ID: 62b760d8-92b6-4501-ada0-1fd8583f5266
23:53:35 [LOTTERY] §bNew day! §r§eYour §r§2Lottery §r§ebuff changed!
23:53:35 [LOTTERY] §eNew buff§r§r§r: §r§fGain §r§a+50 §r§6☘ Mangrove Fortune§r§f.
23:53:35 [LOTTERY] §8§oYou can disable this messaging by toggling Lottery in your /hotf!
23:54:13 [SACKS_CHANGE] §6[Sacks] §r§a+13§r§e items§r§e.§r§8 (Last 9s.)
23:54:58 [SACKS_CHANGE] §6[Sacks] §r§a+10§r§e items§r§e.§r§8 (Last 7s.)
23:55:00 [LOTTERY] §bNew day! §r§eYour §r§2Lottery §r§ebuff changed!
23:55:00 [LOTTERY] §eNew buff§r§r§r: §r§fGain §r§a+50 §r§6☘ Fig Fortune§r§f.
23:55:00 [LOTTERY] §8§oYou can disable this messaging by toggling Lottery in your /hotf!
23:55:12 [SACKS_CHANGE] §6[Sacks] §r§a+1§r§e item§r§e.§r§8 (Last 5s.)
23:55:19 [SACKS_CHANGE] §6[Sacks] §r§a+7§r§e items§r§e.§r§8 (Last 6s.)
23:55:42 [SACKS_CHANGE] §6[Sacks] §r§a+20§r§e items§r§e.§r§8 (Last 20s.)
23:55:58 [GUILD_EXP] §aYou earned §r§2203 GEXP §r§afrom playing SkyBlock!
23:56:04 [SACKS_CHANGE] §6[Sacks] §r§a+1§r§e item§r§e.§r§8 (Last 5s.)
23:56:31 [SACKS_CHANGE] §6[Sacks] §r§a+1§r§e item§r§e.§r§8 (Last 5s.)
23:56:52 [SACKS_CHANGE] §6[Sacks] §r§a+9§r§e items§r§e.§r§8 (Last 16s.)
23:57:22 [SACKS_CHANGE] §6[Sacks] §r§a+3§r§e items§r§e.§r§8 (Last 12s.)
23:57:39 [SACKS_CHANGE] §6[Sacks] §r§a+3§r§e items§r§e.§r§8 (Last 14s.)
23:57:47 [SACKS_CHANGE] §6[Sacks] §r§a+1§r§e item§r§e.§r§8 (Last 5s.)
23:57:53 [SACKS_CHANGE] §6[Sacks] §r§a+1§r§e item§r§e.§r§8 (Last 5s.)
23:58:07 [SACKS_CHANGE] §6[Sacks] §r§a+10§r§e items§r§e.§r§8 (Last 9s.)
23:58:16 [SACKS_CHANGE] §6[Sacks] §r§a+1§r§e item§r§e.§r§8 (Last 5s.)
23:58:49 [SACKS_CHANGE] §6[Sacks] §r§a+12§r§e items§r§e.§r§8 (Last 30s.)
23:59:00 [SACKS_CHANGE] §6[Sacks] §r§a+10§r§e items§r§e.§r§8 (Last 10s.)
23:59:26 [SACKS_CHANGE] §6[Sacks] §r§a+26§r§e items§r§e.§r§8 (Last 24s.)
23:59:30 [EMPTY]  
23:59:30 [BESTIARY] §f                                  §6§lBESTIARY
23:59:30 [BESTIARY] §f                           §b§lEndermite §7§818 §8➡§b §b19
23:59:30 [BESTIARY] 
23:59:30 [BESTIARY]                                   §r§6§lREWARDS
23:59:30 [BESTIARY]                         §r§8+§r§a5 Endermite §r§b✯ Magic Find
23:59:30 [BESTIARY]                          §r§8+§r§a5 Endermite §r§c❁ Strength
23:59:30 [BESTIARY]                             §r§8+§r§62% §r§aEndermite §r§7coins
23:59:30 [BESTIARY]                     §r§8+§r§a50% §r§7chance for extra XP orbs
23:59:30 [BESTIARY]                                §r§8+§r§b1 SkyBlock XP
23:59:30 [BESTIARY] 
23:59:30 [BESTIARY] §3§l▬▬▬▬▬▬▬▬▬▬▬▬▬▬▬▬▬▬▬▬▬▬▬▬▬▬▬▬▬▬▬▬▬▬▬▬▬▬▬▬▬▬▬▬▬▬▬▬▬▬▬▬▬▬▬▬▬▬▬▬▬▬▬▬
23:59:36 [SACKS_CHANGE] §6[Sacks] §r§a+14§r§e items§r§e.§r§8 (Last 5s.)
23:59:47 [SACKS_CHANGE] §6[Sacks] §r§a+2§r§e items§r§e.§r§8 (Last 9s.)
00:00:20 [SACKS_CHANGE] §6[Sacks] §r§a+10§r§e items§r§e.§r§8 (Last 30s.)
00:00:36 [SACKS_CHANGE] §6[Sacks] §r§a+2§r§e items§r§e.§r§8 (Last 7s.)
00:00:43 [SACKS_CHANGE] §6[Sacks] §r§a+1§r§e item§r§e.§r§8 (Last 5s.)
00:01:03 [GUILD_EXP] §aYou earned §r§2750 GEXP §r§afrom playing SkyBlock!
00:01:13 [SACKS_CHANGE] §6[Sacks] §r§a+12§r§e items§r§e.§r§8 (Last 27s.)
00:01:40 [SACKS_CHANGE] §6[Sacks] §r§a+5§r§e items§r§e.§r§8 (Last 23s.)
00:02:08 [SACKS_CHANGE] §6[Sacks] §r§a+7§r§e items§r§e.§r§8 (Last 15s.)
00:02:19 [SACKS_CHANGE] §6[Sacks] §r§a+6§r§e items§r§e.§r§8 (Last 5s.)
00:02:41 [SACKS_CHANGE] §6[Sacks] §r§a+11§r§e items§r§e.§r§8 (Last 5s.)
00:03:04 [SACKS_CHANGE] §6[Sacks] §r§a+9§r§e items§r§e.§r§8 (Last 14s.)
00:03:31 [EMPTY] §8 §r§8 §r§1 §r§3 §r§3 §r§7 §r§8 
00:03:34 [PROFILE_JOIN] §aYou are playing on profile: §eLemon§b (Co-op)
00:03:34 [PROFILE_JOIN] §8Profile ID: 62b760d8-92b6-4501-ada0-1fd8583f5266
00:03:36 [LOTTERY] §bNew day! §r§eYour §r§2Lottery §r§ebuff changed!
00:03:36 [LOTTERY] §eNew buff§r§r§r: §r§fGain §r§a+50 §r§6☘ Fig Fortune§r§f.
00:03:36 [LOTTERY] §8§oYou can disable this messaging by toggling Lottery in your /hotf!
00:04:08 [EMPTY] §8 §r§8 §r§1 §r§3 §r§3 §r§7 §r§8 
00:04:12 [PROFILE_JOIN] §aYou are playing on profile: §eLemon§b (Co-op)
00:04:12 [PROFILE_JOIN] §8Profile ID: 62b760d8-92b6-4501-ada0-1fd8583f5266
00:04:13 [LOTTERY] §bNew day! §r§eYour §r§2Lottery §r§ebuff changed!
00:04:13 [LOTTERY] §eNew buff§r§r§r: §r§fGain §r§a+50 §r§6☘ Fig Fortune§r§f.
00:04:13 [LOTTERY] §8§oYou can disable this messaging by toggling Lottery in your /hotf!
00:04:25 [EMPTY] §8 §r§8 §r§1 §r§3 §r§3 §r§7 §r§8 
00:04:28 [PROFILE_JOIN] §aYou are playing on profile: §eLemon§b (Co-op)
00:04:28 [PROFILE_JOIN] §8Profile ID: 62b760d8-92b6-4501-ada0-1fd8583f5266
00:04:30 [LOTTERY] §bNew day! §r§eYour §r§2Lottery §r§ebuff changed!
00:04:30 [LOTTERY] §eNew buff§r§r§r: §r§fGain §r§a+50 §r§6☘ Fig Fortune§r§f.
00:04:30 [LOTTERY] §8§oYou can disable this messaging by toggling Lottery in your /hotf!
00:04:48 [SACKS_CHANGE] §6[Sacks] §r§a+2§r§e items§r§e.§r§8 (Last 9s.)
00:05:04 [SACKS_CHANGE] §6[Sacks] §r§a+3§r§e items§r§e.§r§8 (Last 13s.)
00:05:15 [SACKS_CHANGE] §6[Sacks] §r§a+2§r§e items§r§e.§r§8 (Last 6s.)
00:05:33 [SACKS_CHANGE] §6[Sacks] §r§a+4§r§e items§r§e.§r§8 (Last 15s.)
00:05:39 [SACKS_CHANGE] §6[Sacks] §r§a+2§r§e items§r§e.§r§8 (Last 5s.)
00:06:10 [SACKS_CHANGE] §6[Sacks] §r§a+19§r§e items§r§e.§r§8 (Last 30s.)
00:06:12 [GUILD_EXP] §aYou earned §r§2556 GEXP §r§afrom playing SkyBlock!
00:06:30 [SACKS_CHANGE] §6[Sacks] §r§a+1§r§e item§r§e.§r§8 (Last 5s.)
00:06:56 [SACKS_CHANGE] §6[Sacks] §r§a+24§r§e items§r§e.§r§8 (Last 25s.)
00:07:12 [EMPTY] 
00:07:12 [EMPTY] 
00:07:12 [EMPTY] 
00:07:12 [EMPTY] 
00:07:13 [SACKS_CHANGE] §6[Sacks] §r§a+3§r§e items§r§e.§r§8 (Last 12s.)
00:07:20 [SACKS_CHANGE] §6[Sacks] §r§a+1§r§e item§r§e.§r§8 (Last 5s.)
00:07:21 [EMPTY] §8 §r§8 §r§1 §r§3 §r§3 §r§7 §r§8 
00:07:24 [PROFILE_JOIN] §aYou are playing on profile: §eLemon§b (Co-op)
00:07:24 [PROFILE_JOIN] §8Profile ID: 62b760d8-92b6-4501-ada0-1fd8583f5266
00:07:26 [LOTTERY] §bNew day! §r§eYour §r§2Lottery §r§ebuff changed!
00:07:26 [LOTTERY] §eNew buff§r§r§r: §r§fGain §r§a+50 §r§6☘ Fig Fortune§r§f.
00:07:26 [LOTTERY] §8§oYou can disable this messaging by toggling Lottery in your /hotf!
00:07:35 [COMPACT_POTION_EFFECT] §a§lBUFF! §fYou have gained §r§aCombat XP Boost II§r§f! Press TAB or type /effects to view your active effects!
00:07:42 [EMPTY] §8 §r§8 §r§1 §r§3 §r§3 §r§7 §r§8 
00:07:45 [PROFILE_JOIN] §aYou are playing on profile: §eLemon§b (Co-op)
00:07:45 [PROFILE_JOIN] §8Profile ID: 62b760d8-92b6-4501-ada0-1fd8583f5266
00:07:47 [LOTTERY] §bNew day! §r§eYour §r§2Lottery §r§ebuff changed!
00:07:47 [LOTTERY] §eNew buff§r§r§r: §r§fGain §r§a+50 §r§6☘ Fig Fortune§r§f.
00:07:47 [LOTTERY] §8§oYou can disable this messaging by toggling Lottery in your /hotf!
00:08:03 [SACKS_CHANGE] §6[Sacks] §r§a+3§r§e items§r§e.§r§8 (Last 12s.)
00:08:17 [SACKS_CHANGE] §6[Sacks] §r§a+2§r§e items§r§e.§r§8 (Last 9s.)
00:08:23 [SACKS_CHANGE] §6[Sacks] §r§a+1§r§e item§r§e.§r§8 (Last 5s.)
00:08:29 [SACKS_CHANGE] §6[Sacks] §r§a+1§r§e item§r§e.§r§8 (Last 5s.)
00:08:40 [SACKS_CHANGE] §6[Sacks] §r§a+2§r§e items§r§e.§r§8 (Last 8s.)
00:08:49 [SACKS_CHANGE] §6[Sacks] §r§a+1§r§e item§r§e.§r§8 (Last 5s.)
00:09:04 [SACKS_CHANGE] §6[Sacks] §r§a+4§r§e items§r§e.§r§8 (Last 14s.)
00:09:32 [SACKS_CHANGE] §6[Sacks] §r§a+2§r§e items§r§e.§r§8 (Last 5s.)
00:09:49 [SACKS_CHANGE] §6[Sacks] §r§a+4§r§e items§r§e.§r§8 (Last 10s.)
00:10:00 [SACKS_CHANGE] §6[Sacks] §r§a+3§r§e items§r§e.§r§8 (Last 10s.)
00:10:19 [SACKS_CHANGE] §6[Sacks] §r§a+4§r§e items§r§e.§r§8 (Last 17s.)
00:10:45 [SACKS_CHANGE] §6[Sacks] §r§a+1§r§e item§r§e.§r§8 (Last 5s.)
00:10:52 [SACKS_CHANGE] §6[Sacks] §r§a+1§r§e item§r§e.§r§8 (Last 5s.)
00:10:59 [SACKS_CHANGE] §6[Sacks] §r§a+1§r§e item§r§e.§r§8 (Last 5s.)
00:11:09 [SACKS_CHANGE] §6[Sacks] §r§a+2§r§e items§r§e.§r§8 (Last 7s.)
00:11:20 [GUILD_EXP] §aYou earned §r§2698 GEXP §r§afrom playing SkyBlock!
00:11:25 [SACKS_CHANGE] §6[Sacks] §r§a+9§r§e items§r§e.§r§8 (Last 13s.)
00:11:43 [SACKS_CHANGE] §6[Sacks] §r§a+17§r§e items§r§e.§r§8 (Last 17s.)
00:11:59 [SACKS_CHANGE] §6[Sacks] §r§a+1§r§e item§r§e.§r§8 (Last 5s.)
00:12:06 [SACKS_CHANGE] §6[Sacks] §r§a+1§r§e item§r§e.§r§8 (Last 5s.)
00:12:19 [SACKS_CHANGE] §6[Sacks] §r§a+1§r§e item§r§e.§r§8 (Last 5s.)
00:12:34 [SACKS_CHANGE] §6[Sacks] §r§a+1§r§e item§r§e.§r§8 (Last 5s.)
00:12:53 [SACKS_CHANGE] §6[Sacks] §r§a+11§r§e items§r§e.§r§8 (Last 18s.)
00:12:57 [EMPTY] §8 §r§8 §r§1 §r§3 §r§3 §r§7 §r§8 
00:13:00 [PROFILE_JOIN] §aYou are playing on profile: §eLemon§b (Co-op)
00:13:00 [PROFILE_JOIN] §8Profile ID: 62b760d8-92b6-4501-ada0-1fd8583f5266
00:13:02 [LOTTERY] §bNew day! §r§eYour §r§2Lottery §r§ebuff changed!
00:13:02 [LOTTERY] §eNew buff§r§r§r: §r§fGain §r§a+50 §r§6☘ Fig Fortune§r§f.
00:13:02 [LOTTERY] §8§oYou can disable this messaging by toggling Lottery in your /hotf!
00:13:13 [EMPTY] §8 §r§8 §r§1 §r§3 §r§3 §r§7 §r§8 
00:13:16 [PROFILE_JOIN] §aYou are playing on profile: §eLemon§b (Co-op)
00:13:16 [PROFILE_JOIN] §8Profile ID: 62b760d8-92b6-4501-ada0-1fd8583f5266
00:13:18 [LOTTERY] §bNew day! §r§eYour §r§2Lottery §r§ebuff changed!
00:13:18 [LOTTERY] §eNew buff§r§r§r: §r§fGain §r§a+50 §r§6☘ Fig Fortune§r§f.
00:13:18 [LOTTERY] §8§oYou can disable this messaging by toggling Lottery in your /hotf!
00:13:38 [EMPTY] §8 §r§8 §r§1 §r§3 §r§3 §r§7 §r§8 
00:13:41 [PROFILE_JOIN] §aYou are playing on profile: §eLemon§b (Co-op)
00:13:41 [PROFILE_JOIN] §8Profile ID: 62b760d8-92b6-4501-ada0-1fd8583f5266
00:13:43 [LOTTERY] §bNew day! §r§eYour §r§2Lottery §r§ebuff changed!
00:13:43 [LOTTERY] §eNew buff§r§r§r: §r§fGain §r§a+50 §r§6☘ Fig Fortune§r§f.
00:13:43 [LOTTERY] §8§oYou can disable this messaging by toggling Lottery in your /hotf!
00:14:08 [EMPTY] §8 §r§8 §r§1 §r§3 §r§3 §r§7 §r§8 
00:14:11 [EMPTY] 
00:14:11 [EMPTY] 
00:14:11 [EMPTY] 
00:14:11 [EMPTY] 
00:14:12 [PROFILE_JOIN] §aYou are playing on profile: §eLemon§b (Co-op)
00:14:12 [PROFILE_JOIN] §8Profile ID: 62b760d8-92b6-4501-ada0-1fd8583f5266
00:14:13 [LOTTERY] §bNew day! §r§eYour §r§2Lottery §r§ebuff changed!
00:14:13 [LOTTERY] §eNew buff§r§r§r: §r§fGain §r§a+50 §r§6☘ Fig Fortune§r§f.
00:14:13 [LOTTERY] §8§oYou can disable this messaging by toggling Lottery in your /hotf!
00:15:01 [LOTTERY] §bNew day! §r§eYour §r§2Lottery §r§ebuff changed!
00:15:01 [LOTTERY] §eNew buff§r§r§r: §r§fGain §r§a+50 §r§6☘ Mangrove Fortune§r§f.
00:15:01 [LOTTERY] §8§oYou can disable this messaging by toggling Lottery in your /hotf!
00:15:05 [SACKS_CHANGE] §6[Sacks] §r§a+38§r§e items§r§e.§r§8 (Last 30s.)
00:15:14 [SACKS_CHANGE] §6[Sacks] §r§a+8§r§e items§r§e.§r§8 (Last 8s.)
00:15:28 [EMPTY] 
00:15:28 [EMPTY] 
00:15:28 [EMPTY] 
00:15:28 [EMPTY] 
00:15:40 [SACKS_CHANGE] §6[Sacks] §r§a+9§r§e items§r§e.§r§8 (Last 13s.)
00:15:54 [SACKS_CHANGE] §6[Sacks] §r§a+1§r§e item§r§e.§r§8 (Last 5s.)
00:16:01 [SACKS_CHANGE] §6[Sacks] §r§c-1,344§r§e items§r§e.§r§8 (Last 5s.)
00:16:08 [SACKS_CHANGE] §6[Sacks] §r§c-1,216§r§e items§r§e.§r§8 (Last 5s.)
00:16:17 [EMPTY] §8 §r§8 §r§1 §r§3 §r§3 §r§7 §r§8 
00:16:20 [PROFILE_JOIN] §aYou are playing on profile: §eLemon§b (Co-op)
00:16:20 [PROFILE_JOIN] §8Profile ID: 62b760d8-92b6-4501-ada0-1fd8583f5266
00:16:22 [LOTTERY] §bNew day! §r§eYour §r§2Lottery §r§ebuff changed!
00:16:22 [LOTTERY] §eNew buff§r§r§r: §r§fGain §r§a+50 §r§6☘ Mangrove Fortune§r§f.
00:16:22 [LOTTERY] §8§oYou can disable this messaging by toggling Lottery in your /hotf!
00:16:23 [SACKS_CHANGE] §6[Sacks] §r§a+1§r§e item§r§e.§r§8 (Last 5s.)
00:16:49 [EMPTY] §8 §r§8 §r§1 §r§3 §r§3 §r§7 §r§8 
00:16:52 [PROFILE_JOIN] §aYou are playing on profile: §eLemon§b (Co-op)
00:16:52 [PROFILE_JOIN] §8Profile ID: 62b760d8-92b6-4501-ada0-1fd8583f5266
00:16:54 [LOTTERY] §bNew day! §r§eYour §r§2Lottery §r§ebuff changed!
00:16:54 [LOTTERY] §eNew buff§r§r§r: §r§fGain §r§a+50 §r§6☘ Mangrove Fortune§r§f.
00:16:54 [LOTTERY] §8§oYou can disable this messaging by toggling Lottery in your /hotf!
00:17:07 [SACKS_CHANGE] §6[Sacks] §r§a+1§r§e item§r§e.§r§8 (Last 5s.)
00:17:13 [SACKS_CHANGE] §6[Sacks] §r§a+1§r§e item§r§e.§r§8 (Last 5s.)
00:17:36 [SACKS_CHANGE] §6[Sacks] §r§a+14§r§e items§r§e.§r§8 (Last 19s.)
00:17:44 [SACKS_CHANGE] §6[Sacks] §r§a+1§r§e item§r§e.§r§8 (Last 5s.)
00:17:53 [SACKS_CHANGE] §6[Sacks] §r§a+5§r§e items§r§e.§r§8 (Last 5s.)
00:18:17 [SACKS_CHANGE] §6[Sacks] §r§a+148§r§e items§r§e.§r§8 (Last 23s.)
00:18:23 [SACKS_CHANGE] §6[Sacks] §r§a+1§r§e item§r§e.§r§8 (Last 5s.)
00:18:40 [SACKS_CHANGE] §6[Sacks] §r§a+3§r§e items§r§e.§r§8 (Last 9s.)
00:19:07 [SACKS_CHANGE] §6[Sacks] §r§a+123§r§e items§r§e.§r§8 (Last 24s.)
00:19:18 [SACKS_CHANGE] §6[Sacks] §r§a+4§r§e items§r§e.§r§8 (Last 5s.)
00:19:41 [EMPTY] 
00:19:41 [EMPTY] 
00:19:41 [EMPTY] 
00:19:41 [EMPTY] 
00:19:43 [SACKS_CHANGE] §6[Sacks] §r§a+11§r§e items§r§e.§r§8 (Last 17s.)
00:19:50 [SACKS_CHANGE] §6[Sacks] §r§a+1§r§e item§r§e.§r§8 (Last 5s.)
00:20:08 [SACKS_CHANGE] §6[Sacks] §r§a+4§r§e items§r§e.§r§8 (Last 17s.)
00:20:22 [SACKS_CHANGE] §6[Sacks] §r§a+2§r§e items§r§e.§r§8 (Last 10s.)
00:20:30 [SACKS_CHANGE] §6[Sacks] §r§a+1§r§e item§r§e.§r§8 (Last 5s.)
00:20:46 [SACKS_CHANGE] §6[Sacks] §r§a+3§r§e items§r§e.§r§8 (Last 10s.)
00:20:57 [SACKS_CHANGE] §6[Sacks] §r§a+3§r§e items§r§e.§r§8 (Last 10s.)
00:21:12 [SACKS_CHANGE] §6[Sacks] §r§a+13§r§e items§r§e.§r§8 (Last 10s.)
00:21:18 [SACKS_CHANGE] §6[Sacks] §r§a+1§r§e item§r§e.§r§8 (Last 5s.)
00:21:32 [SACKS_CHANGE] §6[Sacks] §r§a+3§r§e items§r§e.§r§8 (Last 10s.)
00:21:51 [GUILD_EXP] §aYou earned §r§2588 GEXP §r§afrom playing SkyBlock!
00:22:00 [SACKS_CHANGE] §6[Sacks] §r§a+4§r§e items§r§e.§r§8 (Last 17s.)
00:22:22 [SACKS_CHANGE] §6[Sacks] §r§a+5§r§e items§r§e.§r§8 (Last 21s.)
00:22:30 [SACKS_CHANGE] §6[Sacks] §r§a+2§r§e items§r§e.§r§8 (Last 6s.)
00:22:41 [SACKS_CHANGE] §6[Sacks] §r§a+2§r§e items§r§e.§r§8 (Last 9s.)
00:22:47 [SACKS_CHANGE] §6[Sacks] §r§a+1§r§e item§r§e.§r§8 (Last 5s.)
00:23:05 [SACKS_CHANGE] §6[Sacks] §r§a+14§r§e items§r§e.§r§8 (Last 16s.)
00:23:28 [SACKS_CHANGE] §6[Sacks] §r§a+17§r§e items§r§e.§r§8 (Last 21s.)
00:23:43 [EMPTY] §8 §r§8 §r§1 §r§3 §r§3 §r§7 §r§8 
00:23:46 [PROFILE_JOIN] §aYou are playing on profile: §eLemon§b (Co-op)
00:23:46 [PROFILE_JOIN] §8Profile ID: 62b760d8-92b6-4501-ada0-1fd8583f5266
00:23:48 [LOTTERY] §bNew day! §r§eYour §r§2Lottery §r§ebuff changed!
00:23:48 [LOTTERY] §eNew buff§r§r§r: §r§fGain §r§a+50 §r§6☘ Mangrove Fortune§r§f.
00:23:48 [LOTTERY] §8§oYou can disable this messaging by toggling Lottery in your /hotf!
00:23:53 [EMPTY] §8 §r§8 §r§1 §r§3 §r§3 §r§7 §r§8 
00:23:57 [PROFILE_JOIN] §aYou are playing on profile: §eLemon§b (Co-op)
00:23:57 [PROFILE_JOIN] §8Profile ID: 62b760d8-92b6-4501-ada0-1fd8583f5266
00:23:58 [LOTTERY] §bNew day! §r§eYour §r§2Lottery §r§ebuff changed!
00:23:58 [LOTTERY] §eNew buff§r§r§r: §r§fGain §r§a+50 §r§6☘ Mangrove Fortune§r§f.
00:23:58 [LOTTERY] §8§oYou can disable this messaging by toggling Lottery in your /hotf!
00:24:52 [SACKS_CHANGE] §6[Sacks] §r§a+3§r§e items§r§e.§r§8 (Last 5s.)
00:25:01 [SACKS_CHANGE] §6[Sacks] §r§a+4§r§e items§r§e.§r§8 (Last 5s.)
00:25:16 [SACKS_CHANGE] §6[Sacks] §r§a+7§r§e items§r§e.§r§8 (Last 10s.)
00:25:22 [SACKS_CHANGE] §6[Sacks] §r§a+5§r§e items§r§e.§r§8 (Last 5s.)
00:25:28 [SACKS_CHANGE] §6[Sacks] §r§a+1§r§e item§r§e.§r§8 (Last 5s.)
00:26:31 [SACKS_CHANGE] §6[Sacks] §r§a+6§r§e items§r§e.§r§8 (Last 5s.)
00:26:51 [SACKS_CHANGE] §6[Sacks] §r§a+6§r§e items§r§e.§r§8 (Last 5s.)
00:27:04 [SACKS_CHANGE] §6[Sacks] §r§a+5§r§e items§r§e.§r§8 (Last 5s.)
00:27:18 [SACKS_CHANGE] §6[Sacks] §r§a+4§r§e items§r§e.§r§8 (Last 5s.)
00:27:40 [SACKS_CHANGE] §6[Sacks] §r§a+16§r§e items§r§e.§r§8 (Last 20s.)
00:27:50 [SACKS_CHANGE] §6[Sacks] §r§a+2§r§e items§r§e.§r§8 (Last 5s.)
00:27:59 [GUILD_EXP] §aYou earned §r§2215 GEXP §r§afrom playing SkyBlock!
00:28:20 [SACKS_CHANGE] §6[Sacks] §r§a+11§r§e items§r§e.§r§8 (Last 15s.)
00:28:35 [SACKS_CHANGE] §6[Sacks] §r§a+7§r§e items§r§e.§r§8 (Last 10s.)
00:28:46 [EMPTY] §8 §r§8 §r§1 §r§3 §r§3 §r§7 §r§8 
00:28:49 [PROFILE_JOIN] §aYou are playing on profile: §eLemon§b (Co-op)
00:28:49 [PROFILE_JOIN] §8Profile ID: 62b760d8-92b6-4501-ada0-1fd8583f5266
00:28:50 [RARE_DROPS] §6§lRARE REWARD! §r§6prplx §r§efound a §r§5Fuming Potato Book §r§ein their Obsidian Chest§r§e!
00:28:51 [LOTTERY] §bNew day! §r§eYour §r§2Lottery §r§ebuff changed!
00:28:51 [LOTTERY] §eNew buff§r§r§r: §r§fGain §r§a+50 §r§6☘ Mangrove Fortune§r§f.
00:28:51 [LOTTERY] §8§oYou can disable this messaging by toggling Lottery in your /hotf!
00:29:06 [RARE_DROPS] §6§lRARE REWARD! §r§6prplx §r§efound a §r§5Fuming Potato Book §r§ein their Obsidian Chest§r§e!
00:29:35 [RARE_DROPS] §6§lRARE REWARD! §r§bpraanik §r§efound a §r§6Recombobulator 3000 §r§ein their Bedrock Chest§r§e!
00:29:39 [EMPTY] §8 §r§8 §r§1 §r§3 §r§3 §r§7 §r§8 
00:29:42 [PROFILE_JOIN] §aYou are playing on profile: §eLemon§b (Co-op)
00:29:42 [PROFILE_JOIN] §8Profile ID: 62b760d8-92b6-4501-ada0-1fd8583f5266
00:29:44 [LOTTERY] §bNew day! §r§eYour §r§2Lottery §r§ebuff changed!
00:29:44 [LOTTERY] §eNew buff§r§r§r: §r§fGain §r§a+50 §r§6☘ Mangrove Fortune§r§f.
00:29:44 [LOTTERY] §8§oYou can disable this messaging by toggling Lottery in your /hotf!
00:30:02 [SACKS_CHANGE] §6[Sacks] §r§a+145§r§e items§r§e.§r§8 (Last 5s.)
00:30:59 [SACKS_CHANGE] §6[Sacks] §r§c-731§r§e items§r§e.§r§8 (Last 5s.)
00:31:19 [EMPTY] §8 §r§8 §r§1 §r§3 §r§3 §r§7 §r§8 
00:31:22 [PROFILE_JOIN] §aYou are playing on profile: §eLemon§b (Co-op)
00:31:22 [PROFILE_JOIN] §8Profile ID: 62b760d8-92b6-4501-ada0-1fd8583f5266
00:31:24 [LOTTERY] §bNew day! §r§eYour §r§2Lottery §r§ebuff changed!
00:31:24 [LOTTERY] §eNew buff§r§r§r: §r§fGain §r§a+50 §r§6☘ Mangrove Fortune§r§f.
00:31:24 [LOTTERY] §8§oYou can disable this messaging by toggling Lottery in your /hotf!
00:31:44 [EMPTY]  
00:31:44 [EMPTY]  
00:31:44 [EMPTY]  
00:32:19 [EMPTY] §8 §r§8 §r§1 §r§3 §r§3 §r§7 §r§8 
00:32:22 [PROFILE_JOIN] §aYou are playing on profile: §eLemon§b (Co-op)
00:32:22 [PROFILE_JOIN] §8Profile ID: 62b760d8-92b6-4501-ada0-1fd8583f5266
00:32:24 [LOTTERY] §bNew day! §r§eYour §r§2Lottery §r§ebuff changed!
00:32:24 [LOTTERY] §eNew buff§r§r§r: §r§fGain §r§a+50 §r§6☘ Mangrove Fortune§r§f.
00:32:24 [LOTTERY] §8§oYou can disable this messaging by toggling Lottery in your /hotf!
00:32:33 [EMPTY] §8 §r§8 §r§1 §r§3 §r§3 §r§7 §r§8 
00:32:36 [PROFILE_JOIN] §aYou are playing on profile: §eLemon§b (Co-op)
00:32:36 [PROFILE_JOIN] §8Profile ID: 62b760d8-92b6-4501-ada0-1fd8583f5266
00:32:37 [EMPTY] §8 §r§8 §r§1 §r§3 §r§3 §r§7 §r§8 
00:32:41 [PROFILE_JOIN] §aYou are playing on profile: §eLemon§b (Co-op)
00:32:41 [PROFILE_JOIN] §8Profile ID: 62b760d8-92b6-4501-ada0-1fd8583f5266
00:32:42 [LOTTERY] §bNew day! §r§eYour §r§2Lottery §r§ebuff changed!
00:32:42 [LOTTERY] §eNew buff§r§r§r: §r§fGain §r§a+50 §r§6☘ Mangrove Fortune§r§f.
00:32:42 [LOTTERY] §8§oYou can disable this messaging by toggling Lottery in your /hotf!
00:33:52 [GUILD_EXP] §aYou earned §r§228 GEXP §r§afrom playing SkyBlock!
00:34:11 [EMPTY] §8 §r§8 §r§1 §r§3 §r§3 §r§7 §r§8 
00:34:14 [PROFILE_JOIN] §aYou are playing on profile: §eLemon§b (Co-op)
00:34:14 [PROFILE_JOIN] §8Profile ID: 62b760d8-92b6-4501-ada0-1fd8583f5266
00:34:16 [LOTTERY] §bNew day! §r§eYour §r§2Lottery §r§ebuff changed!
00:34:16 [LOTTERY] §eNew buff§r§r§r: §r§fGain §r§a+50 §r§6☘ Mangrove Fortune§r§f.
00:34:16 [LOTTERY] §8§oYou can disable this messaging by toggling Lottery in your /hotf!
00:34:19 [REFORGE_HIDE] §aYou reforged your §r§5Pure Skeletor Helmet §r§6✪✪✪✪✪ §r§ainto a §r§5Wise Skeletor Helmet §r§6✪✪✪✪✪§r§a!
00:34:20 [REFORGE_HIDE] §aYou reforged your §r§5Wise Skeletor Helmet §r§6✪✪✪✪✪ §r§ainto a §r§5Heavy Skeletor Helmet §r§6✪✪✪✪✪§r§a!
00:34:20 [REFORGE_HIDE] §aYou reforged your §r§5Heavy Skeletor Helmet §r§6✪✪✪✪✪ §r§ainto a §r§5Pure Skeletor Helmet §r§6✪✪✪✪✪§r§a!
00:34:21 [REFORGE_HIDE] §aYou reforged your §r§5Pure Skeletor Helmet §r§6✪✪✪✪✪ §r§ainto a §r§5Mythic Skeletor Helmet §r§6✪✪✪✪✪§r§a!
00:34:22 [REFORGE_HIDE] §aYou reforged your §r§5Mythic Skeletor Helmet §r§6✪✪✪✪✪ §r§ainto a §r§5Heavy Skeletor Helmet §r§6✪✪✪✪✪§r§a!
00:34:22 [REFORGE_HIDE] §aYou reforged your §r§5Heavy Skeletor Helmet §r§6✪✪✪✪✪ §r§ainto a §r§5Wise Skeletor Helmet §r§6✪✪✪✪✪§r§a!
00:34:23 [REFORGE_HIDE] §aYou reforged your §r§5Wise Skeletor Helmet §r§6✪✪✪✪✪ §r§ainto a §r§5Fierce Skeletor Helmet §r§6✪✪✪✪✪§r§a!
00:34:41 [EMPTY] §8 §r§8 §r§1 §r§3 §r§3 §r§7 §r§8 
00:34:44 [PROFILE_JOIN] §aYou are playing on profile: §eLemon§b (Co-op)
00:34:44 [PROFILE_JOIN] §8Profile ID: 62b760d8-92b6-4501-ada0-1fd8583f5266
00:34:46 [LOTTERY] §bNew day! §r§eYour §r§2Lottery §r§ebuff changed!
00:34:46 [LOTTERY] §eNew buff§r§r§r: §r§fGain §r§a+50 §r§6☘ Mangrove Fortune§r§f.
00:34:46 [LOTTERY] §8§oYou can disable this messaging by toggling Lottery in your /hotf!
00:35:01 [LOTTERY] §bNew day! §r§eYour §r§2Lottery §r§ebuff changed!
00:35:01 [LOTTERY] §eNew buff§r§r§r: §r§fGain §r§a+5% §r§2∮ Sweep§r§f.
00:35:01 [LOTTERY] §8§oYou can disable this messaging by toggling Lottery in your /hotf!
00:35:14 [EMPTY] §8 §r§8 §r§1 §r§3 §r§3 §r§7 §r§8 
00:35:18 [PROFILE_JOIN] §aYou are playing on profile: §eLemon§b (Co-op)
00:35:18 [PROFILE_JOIN] §8Profile ID: 62b760d8-92b6-4501-ada0-1fd8583f5266
00:35:19 [LOTTERY] §bNew day! §r§eYour §r§2Lottery §r§ebuff changed!
00:35:19 [LOTTERY] §eNew buff§r§r§r: §r§fGain §r§a+5% §r§2∮ Sweep§r§f.
00:35:19 [LOTTERY] §8§oYou can disable this messaging by toggling Lottery in your /hotf!
00:35:20 [EMPTY] §8 §r§8 §r§1 §r§3 §r§3 §r§7 §r§8 
00:35:23 [PROFILE_JOIN] §aYou are playing on profile: §eLemon§b (Co-op)
00:35:23 [PROFILE_JOIN] §8Profile ID: 62b760d8-92b6-4501-ada0-1fd8583f5266
00:35:25 [LOTTERY] §bNew day! §r§eYour §r§2Lottery §r§ebuff changed!
00:35:25 [LOTTERY] §eNew buff§r§r§r: §r§fGain §r§a+5% §r§2∮ Sweep§r§f.
00:35:25 [LOTTERY] §8§oYou can disable this messaging by toggling Lottery in your /hotf!
00:37:31 [EMPTY] 
00:37:31 [EMPTY] 
00:37:33 [EMPTY] 
00:37:33 [EMPTY] 
00:37:35 [EMPTY] 
00:37:35 [EMPTY] 
00:37:41 [EMPTY] 
00:37:41 [EMPTY] 
