21:46:10 §e[SkyHanni] Reloaded 7,560 items in the NEU repo
21:48:04 §e[SkyHanni] Reset Reputation Helper.
21:48:04 §e[SkyHanni] Reset Reputation Helper.
21:48:06 §e[SkyHanni] Sulphur progress: 1/5
21:53:45 §e[SkyHanni] Reset Reputation Helper.
21:55:40 §e[SkyHanni] Reset Reputation Helper.
21:57:47 §e[SkyHanni] Reset Reputation Helper.
21:57:49 §e[SkyHanni] Reset Reputation Helper.
22:00:07 §e[SkyHanni] Reset Reputation Helper.
22:04:53 §e[SkyHanni] Reset Reputation Helper.
22:21:51 §e[SkyHanni] Reset Reputation Helper.
22:37:32 §e[SkyHanni] Reset Reputation Helper.
22:38:30 §e[SkyHanni] Reset Reputation Helper.
22:40:28 §e[SkyHanni] Reset Reputation Helper.
22:42:29 §e[SkyHanni] Reset Reputation Helper.
22:54:44 §e[SkyHanni] It took §b§e2s§e to kill §aVoidgloom Seraph 1.
22:58:23 §e[SkyHanni] It took §b§e7s§e to kill §cVoidgloom Seraph 3.
23:02:51 §e[SkyHanni] Slayer quest took §b2m 59s§e to complete.
23:04:25 §e[SkyHanni] It took §b§e14s§e to kill §aVoidgloom Seraph 1.
23:04:35 §e[SkyHanni] Slayer quest took §b1m 40s§e to complete.
23:05:26 §e[SkyHanni] It took §b§e23s§e to kill §4Voidgloom Seraph 4.
23:05:27 §e[SkyHanni] It took §b§e7s§e to kill §aVoidgloom Seraph 1.
23:05:38 §e[SkyHanni] Slayer quest took §b58s§e to complete.
23:06:18 §e[SkyHanni] It took §b§e33s§e to kill §4Voidgloom Seraph 4.
23:07:17 §e[SkyHanni] It took §b§e16s§e to kill §aVoidgloom Seraph 1.
23:07:48 §e[SkyHanni] It took §b§e13s§e to kill §eVoidgloom Seraph 2.
23:08:21 §e[SkyHanni] Slayer quest took §b2m 18s§e to complete.
23:09:24 §e[SkyHanni] It took §b§e14s§e to kill §aVoidgloom Seraph 1.
23:09:38 §e[SkyHanni] Slayer quest took §b1m 13s§e to complete.
23:09:57 §e[SkyHanni] It took §b§e31s§e to kill §4Voidgloom Seraph 4.
23:10:26 §e[SkyHanni] It took §b§e14s§e to kill §aVoidgloom Seraph 1.
23:10:35 §e[SkyHanni] Slayer quest took §b55s§e to complete.
23:18:58 §e[SkyHanni] It took §b§e24s§e to kill §cVoidgloom Seraph 3.
23:19:02 §e[SkyHanni] It took §b§e15s§e to kill §aVoidgloom Seraph 1.
23:25:17 §e[SkyHanni] It took §b§e13s§e to kill §aVoidgloom Seraph 1.
23:25:38 §e[SkyHanni] It took §b§e26s§e to kill §4Voidgloom Seraph 4.
23:26:11 §e[SkyHanni] It took §b§e3s§e to kill §aVoidgloom Seraph 1.
23:29:31 §e[SkyHanni] It took §b§e12s§e to kill §aVoidgloom Seraph 1.
23:29:34 §6§lBESTIARY §r§b§lEnderman §7§819 §8➡§b §b20
23:32:30 §e[SkyHanni] It took §b§e4s§e to kill §aVoidgloom Seraph 1.
23:34:46 §6§lBESTIARY §r§b§lDragon §7§810 §8➡§b §b11
23:37:00 §e[SkyHanni] It took §b§e56s§e to kill §cVoidgloom Seraph 3.
23:37:52 §e[SkyHanni] It took §b§e35s§e to kill §4Voidgloom Seraph 4.
23:38:08 §e[SkyHanni] It took §b§e11s§e to kill §eVoidgloom Seraph 2.
23:38:24 §e[SkyHanni] It took §b§e55s§e to kill §4Voidgloom Seraph 4.
23:42:10 §e[SkyHanni] It took §b§e1m 8s§e to kill §4Voidgloom Seraph 4.
23:43:50 §e[SkyHanni] It took §b§e3s§e to kill §aVoidgloom Seraph 1.
23:44:27 §e[SkyHanni] It took §b§e1m 8s§e to kill §4Voidgloom Seraph 4.
23:45:46 §e[SkyHanni] It took §b§e8s§e to kill §aVoidgloom Seraph 1.
23:46:02 §e[SkyHanni] It took §b§e1m 13s§e to kill §eVoidgloom Seraph 2.
23:46:26 §e[SkyHanni] It took §b§e50s§e to kill §4Voidgloom Seraph 4.
23:49:58 §e[SkyHanni] It took §b§e7s§e to kill §aVoidgloom Seraph 1.
23:52:05 §e[SkyHanni] It took §b§e3s§e to kill §aVoidgloom Seraph 1.
23:54:28 §e[SkyHanni] It took §b§e13s§e to kill §4Voidgloom Seraph 4.
23:54:45 §e[SkyHanni] It took §b§e18s§e to kill §aVoidgloom Seraph 1.
23:55:24 §e[SkyHanni] It took §b§e44s§e to kill §4Voidgloom Seraph 4.
23:55:38 §e[SkyHanni] It took §b§e21s§e to kill §aVoidgloom Seraph 1.
23:57:54 §e[SkyHanni] It took §b§e18s§e to kill §aVoidgloom Seraph 1.
23:57:54 §e[SkyHanni] It took §b§e25s§e to kill §4Voidgloom Seraph 4.
23:59:30 §6§lBESTIARY §r§b§lEndermite §7§818 §8➡§b §b19
23:59:53 §e[SkyHanni] It took §b§e5s§e to kill §aVoidgloom Seraph 1.
00:00:02 §e[SkyHanni] It took §b§e52s§e to kill §4Voidgloom Seraph 4.
00:00:30 §e[SkyHanni] It took §b§e17s§e to kill §aVoidgloom Seraph 1.
00:02:05 §e[SkyHanni] It took §b§e52s§e to kill §4Voidgloom Seraph 4.
00:05:09 §e[SkyHanni] It took §b§e25s§e to kill §4Voidgloom Seraph 4.
00:05:26 §e[SkyHanni] It took §b§e36s§e to kill §4Voidgloom Seraph 4.
00:07:35 §a§lPotion Effect! §r§aCombat XP Boost II
00:08:03 §e[SkyHanni] It took §b§e4s§e to kill §4Voidgloom Seraph 4.
00:08:53 §e[SkyHanni] It took §b§e9s§e to kill §aVoidgloom Seraph 1.
00:09:23 §e[SkyHanni] Slayer quest took §b58m 46s§e to complete.
00:10:29 §e[SkyHanni] It took §b§e15s§e to kill §aVoidgloom Seraph 1.
00:10:31 §e[SkyHanni] It took §b§e6s§e to kill §aVoidgloom Seraph 1.
00:10:34 §e[SkyHanni] Slayer quest took §b1m 8s§e to complete.
00:11:52 §e[SkyHanni] It took §b§e13s§e to kill §aVoidgloom Seraph 1.
00:12:02 §e[SkyHanni] Slayer quest took §b1m 25s§e to complete.
00:12:31 §e[SkyHanni] It took §b§e5s§e to kill §aVoidgloom Seraph 1.
00:15:17 §e[SkyHanni] It took §b§e7s§e to kill §aVoidgloom Seraph 1.
00:15:23 §e[SkyHanni] It took §b§e15s§e to kill §aVoidgloom Seraph 1.
00:19:58 §e[SkyHanni] It took §b§e11s§e to kill §aVoidgloom Seraph 1.
00:20:59 §e[SkyHanni] It took §b§e12s§e to kill §aVoidgloom Seraph 1.
00:21:59 §e[SkyHanni] It took §b§e1m 25s§e to kill §cVoidgloom Seraph 3.
00:34:55 §e[SkyHanni] Slayer quest took §b22m 51s§e to complete.
