19:04:37 [allowed] §b§m--------------§r§f  §r§aGuild: Message Of The Day  §r§b§m--------------
19:04:37 [allowed] §b| §r§f1 Corinthians 7:34:"The unmarried woman or virgin is concerned about the Lord's affairs: Her aim is to be devoted to the Lord in both body and spirit."
19:04:37 [allowed] §b§m-----------------------------------------------------
19:04:38 [allowed] §aYou are still radiating with §bGenerosity§r§a!
19:04:38 [EMPTY] §f §r§r§r§f §r§r§r§1 §r§r§r§0 §r§r§r§2 §r§r§r§f §r§r§r§f §r§r§r§2 §r§r§r§0 §r§r§r§4 §r§r§r§3 §r§r§r§9 §r§r§r§2 §r§r§r§0 §r§r§r§0 §r§r§r§3 §r§r§r§9 §r§r§r§2 §r§r§r§0 §r§r§r§0 §r§r§r§3 §r§r§r§9 §r§r§r§2 §r§r§r§0 §r§r§r§0 
19:04:39 [allowed]  §b>§c>§a>§r §r§6[MVP§c++§6] smi§f §6joined the lobby!§r §a<§c<§b<
19:04:40 [allowed] §b[MVP§c+§b] notnoemt§f §6joined the lobby!
19:04:41 [allowed]   §r§f§l➤ §r§6You have reached your Hype limit! Add Hype to Prototype Lobby minigames by right-clicking with the Hype Diamond!
19:04:43 [allowed] §b[MVP§c+§b] jaydenpw§f §6joined the lobby!
19:04:43 [allowed] §b[MVP§f+§b] LordSharkFood§f §6joined the lobby!
19:04:49 [allowed] §7Sending to server mini97CE...
19:04:49 [allowed] §b[MVP§4+§b] Masako__§f §6joined the lobby!
19:04:49 [EMPTY] §8 §r§8 §r§1 §r§3 §r§3 §r§7 §r§8 
19:04:49 [allowed] §eProfile ID: §r§a62b760d8-92b6-4501-ada0-1fd8583f5266
19:04:49 [allowed] §e§lCLICK THIS TO SUGGEST IT IN CHAT §7§l[DASHES]
19:04:49 [allowed] §e§lCLICK THIS TO SUGGEST IT IN CHAT §7§l[NO DASHES]
19:04:50 [allowed] §6HUNT §e- §a5 §eof your §atraps §ecaught something!
19:04:50 [allowed] §7[§eClick here to collect them.§7]
19:04:51 [EMPTY] 
19:04:51 [WELCOME] §eWelcome to §r§aHypixel SkyBlock§r§e!
19:04:51 [EMPTY] 
19:04:51 [allowed] §eLatest update: §bSkyBlock v0.23.2 §e§lCLICK
19:04:52 [PROFILE_JOIN] §aYou are playing on profile: §eLemon§b (Co-op)
19:04:52 [PROFILE_JOIN] §8Profile ID: 62b760d8-92b6-4501-ada0-1fd8583f5266
19:04:56 [allowed] §7Warping...
19:04:56 [allowed] §7Sending to server mini28BM...
19:04:56 [EMPTY] §8 §r§8 §r§1 §r§3 §r§3 §r§7 §r§8 
19:04:57 [allowed] §6HUNT §e- §a5 §eof your §atraps §ecaught something!
19:04:57 [allowed] §7[§eClick here to collect them.§7]
19:04:58 [EMPTY]  
19:04:58 [STASH_COMPACT] §f                  §7You have §33 §7materials stashed away!
19:04:58 [STASH_COMPACT] §f               §8(This totals 1 type of material stashed!)
19:04:58 [allowed] §e[SkyHanni] §bYou have §33 §bmaterials in stash, §btotalling §31 type§b. §bClick to §3pickup §byour stash!
19:04:58 [STASH_COMPACT] §f                §3§l>>> §3§lCLICK HERE§b to pick them up! §3§l<<<
19:04:58 [EMPTY]   
19:05:00 [PROFILE_JOIN] §aYou are playing on profile: §eLemon§b (Co-op)
19:05:00 [PROFILE_JOIN] §8Profile ID: 62b760d8-92b6-4501-ada0-1fd8583f5266
19:05:01 [allowed] §e[NPC] §bKat§f: §rOh, hey!
19:05:02 [allowed] §e[NPC] §bKat§f: §rI was able to upgrade your pet §9Enderman§f to §5§LEPIC§f.
19:05:04 [allowed] §aSuccessfully added §r§5Enderman §r§ato your pet menu!
19:05:06 [allowed] §e[NPC] §bKat§f: §rIf you have any other pets you'd like to upgrade, you know where to find me!
19:05:06 [EMPTY]  
19:05:06 [allowed]                           §r§3§lSKYBLOCK LEVEL UP
19:05:06 [allowed]                              §r§eLevel §r§8110 ➡ §r§8[§r§e111§r§8]
19:05:06 [EMPTY]  
19:05:06 [allowed]                                   §r§6§lREWARDS
19:05:06 [allowed]                                  §r§8+§r§a5 §r§c❤ Health
19:05:06 [EMPTY]  
19:05:59 [EMPTY]  
19:05:59 [STASH_COMPACT] §f                  §7You have §33 §7materials stashed away!
19:05:59 [STASH_COMPACT] §f               §8(This totals 1 type of material stashed!)
19:05:59 [STASH_COMPACT] §f                §3§l>>> §3§lCLICK HERE§b to pick them up! §3§l<<<
19:05:59 [EMPTY]   
19:06:08 [allowed] §e[SkyHanni] There is no party invite to accept!
19:06:10 [allowed] §9§m-----------------------------------------------------§r
§r§a[VIP§r§6+§r§a] himej0shi §r§ehas invited you to join their party!
§r§eYou have §r§c60 §r§eseconds to accept. §r§6Click here to join!§r
§r§9§m-----------------------------------------------------
19:06:11 [allowed] §9§m-----------------------------------------------------
19:06:11 [allowed] §eYou have joined §r§a[VIP§r§6+§r§a] himej0shi's §r§eparty!
19:06:11 [allowed] §9§m-----------------------------------------------------
19:06:12 [allowed] §9§m-----------------------------
19:06:12 [allowed] §eParty Leader, §r§a[VIP§r§6+§r§a] himej0shi§r§e, summoned you to their server.
19:06:12 [allowed] §9§m-----------------------------
19:06:12 [allowed] §7Sending to server mini16DS...
19:06:12 [EMPTY] §8 §r§8 §r§1 §r§3 §r§3 §r§7 §r§8 
19:06:13 [allowed] §6HUNT §e- §a5 §eof your §atraps §ecaught something!
19:06:13 [allowed] §7[§eClick here to collect them.§7]
19:06:15 [PROFILE_JOIN] §aYou are playing on profile: §eLemon§b (Co-op)
19:06:15 [PROFILE_JOIN] §8Profile ID: 62b760d8-92b6-4501-ada0-1fd8583f5266
19:06:24 [allowed] §aYou are now in the §r§6ALL§r§a channel
19:06:27 [allowed] §cYou have chat disabled! Enable it again with /togglechat
19:06:30 [allowed] §aYou will now see chat!
19:06:33 [allowed] §8[§r§e111§r§8] §r§b[MVP§r§3+§r§b] catholicschool§r§f: nyaa~
19:06:38 [allowed] §d§lHOPPITY'S HUNT §r§dA §r§9Chocolate Lunch Egg §r§dhas appeared!
19:06:51 [EMPTY]  
19:06:51 [STASH_COMPACT] §f                  §7You have §33 §7materials stashed away!
19:06:51 [STASH_COMPACT] §f               §8(This totals 1 type of material stashed!)
19:06:51 [allowed] §e[SkyHanni] §bYou have §33 §bmaterials in stash, §btotalling §31 type§b. §bClick to §3pickup §byour stash!
19:06:51 [STASH_COMPACT] §f                §3§l>>> §3§lCLICK HERE§b to pick them up! §3§l<<<
19:06:51 [EMPTY]   
19:07:24 [allowed] §cThere are blocks in the way!
19:07:45 [SACKS_CHANGE] §6[Sacks] §r§a+1§r§e item§r§e.§r§8 (Last 5s.)
19:07:46 [allowed] §cWhoa! Slow down there!
19:07:49 [allowed] §7Warping you to your SkyBlock island...
19:07:49 [allowed] §7Sending to server mini66CW...
19:07:50 [EMPTY] §8 §r§8 §r§1 §r§3 §r§3 §r§7 §r§8 
19:07:50 [allowed] §6HUNT §e- §a5 §eof your §atraps §ecaught something!
19:07:50 [allowed] §7[§eClick here to collect them.§7]
19:07:53 [PROFILE_JOIN] §aYou are playing on profile: §eLemon§b (Co-op)
19:07:53 [PROFILE_JOIN] §8Profile ID: 62b760d8-92b6-4501-ada0-1fd8583f5266
19:07:54 [EMPTY]  
19:07:54 [STASH_COMPACT] §f                  §7You have §33 §7materials stashed away!
19:07:54 [STASH_COMPACT] §f               §8(This totals 1 type of material stashed!)
19:07:54 [allowed] §e[SkyHanni] §bYou have §33 §bmaterials in stash, §btotalling §31 type§b. §bClick to §3pickup §byour stash!
19:07:54 [STASH_COMPACT] §f                §3§l>>> §3§lCLICK HERE§b to pick them up! §3§l<<<
19:07:54 [EMPTY]   
19:08:11 [allowed] §cYour inventory does not have enough free space to add all items!
19:08:13 [allowed] §9§m-----------------------------
19:08:13 [allowed] §eParty Leader, §r§a[VIP§r§6+§r§a] himej0shi§r§e, summoned you to their server.
19:08:13 [allowed] §9§m-----------------------------
19:08:13 [allowed] §7Sending to server mini16DS...
19:08:14 [EMPTY] §8 §r§8 §r§1 §r§3 §r§3 §r§7 §r§8 
19:08:15 [allowed] §6HUNT §e- §a5 §eof your §atraps §ecaught something!
19:08:15 [allowed] §7[§eClick here to collect them.§7]
19:08:17 [PROFILE_JOIN] §aYou are playing on profile: §eLemon§b (Co-op)
19:08:17 [PROFILE_JOIN] §8Profile ID: 62b760d8-92b6-4501-ada0-1fd8583f5266
19:08:53 [EMPTY]  
19:08:53 [STASH_COMPACT] §f                  §7You have §33 §7materials stashed away!
19:08:53 [STASH_COMPACT] §f               §8(This totals 1 type of material stashed!)
19:08:53 [allowed] §e[SkyHanni] §bYou have §33 §bmaterials in stash, §btotalling §31 type§b. §bClick to §3pickup §byour stash!
19:08:53 [STASH_COMPACT] §f                §3§l>>> §3§lCLICK HERE§b to pick them up! §3§l<<<
19:08:53 [EMPTY]   
19:09:24 [allowed] §aSuccessfully added §r§5Enderman §r§ato your pet menu!
19:09:27 [allowed] §cThere are blocks in the way!
19:09:27 [allowed] §cThere are blocks in the way!
19:09:27 [allowed] §cThere are blocks in the way!
19:09:54 [EMPTY]  
19:09:54 [STASH_COMPACT] §f                  §7You have §33 §7materials stashed away!
19:09:54 [STASH_COMPACT] §f               §8(This totals 1 type of material stashed!)
19:09:54 [STASH_COMPACT] §f                §3§l>>> §3§lCLICK HERE§b to pick them up! §3§l<<<
19:09:54 [EMPTY]   
