19:04:38 §f §r§r§r§f §r§r§r§1 §r§r§r§0 §r§r§r§2 §r§r§r§f §r§r§r§f §r§r§r§2 §r§r§r§0 §r§r§r§4 §r§r§r§3 §r§r§r§9 §r§r§r§2 §r§r§r§0 §r§r§r§0 §r§r§r§3 §r§r§r§9 §r§r§r§2 §r§r§r§0 §r§r§r§0 §r§r§r§3 §r§r§r§9 §r§r§r§2 §r§r§r§0 §r§r§r§0 
19:04:49 §8 §r§8 §r§1 §r§3 §r§3 §r§7 §r§8 
19:04:51 
19:04:51 
19:04:56 §8 §r§8 §r§1 §r§3 §r§3 §r§7 §r§8 
19:04:58  
19:04:58   
19:05:06  
19:05:06  
19:05:06  
19:05:59  
19:05:59   
19:06:12 §8 §r§8 §r§1 §r§3 §r§3 §r§7 §r§8 
19:06:51  
19:06:51   
19:07:50 §8 §r§8 §r§1 §r§3 §r§3 §r§7 §r§8 
19:07:54  
19:07:54   
19:08:14 §8 §r§8 §r§1 §r§3 §r§3 §r§7 §r§8 
19:08:53  
19:08:53   
19:09:54  
19:09:54   
