03:45:49 §f                                  §6§lBESTIARY
03:45:49 §f                             §b§lStridersurfer §7§b1
03:45:49 
03:45:49                                   §r§6§lREWARDS
03:45:49                      §r§8+§r§a2 Stridersurfer §r§b✯ Magic Find
03:45:49                       §r§8+§r§a2 Stridersurfer §r§c❁ Strength
03:45:49                          §r§8+§r§62% §r§aStridersurfer §r§7coins
03:45:49                     §r§8+§r§a50% §r§7chance for extra XP orbs
03:45:49                                §r§8+§r§b1 SkyBlock XP
03:45:49 
03:45:49 §3§l▬▬▬▬▬▬▬▬▬▬▬▬▬▬▬▬▬▬▬▬▬▬▬▬▬▬▬▬▬▬▬▬▬▬▬▬▬▬▬▬▬▬▬▬▬▬▬▬▬▬▬▬▬▬▬▬▬▬▬▬▬▬▬▬
03:47:27 §f                                  §6§lBESTIARY
03:47:27 §f                          §b§lStridersurfer §7§81 §8➡§b §b2
03:47:27 
03:47:27                                   §r§6§lREWARDS
03:47:27                      §r§8+§r§a2 Stridersurfer §r§b✯ Magic Find
03:47:27                       §r§8+§r§a2 Stridersurfer §r§c❁ Strength
03:47:27                          §r§8+§r§62% §r§aStridersurfer §r§7coins
03:47:27                     §r§8+§r§a50% §r§7chance for extra XP orbs
03:47:27                                §r§8+§r§b1 SkyBlock XP
03:47:27 
03:47:27 §3§l▬▬▬▬▬▬▬▬▬▬▬▬▬▬▬▬▬▬▬▬▬▬▬▬▬▬▬▬▬▬▬▬▬▬▬▬▬▬▬▬▬▬▬▬▬▬▬▬▬▬▬▬▬▬▬▬▬▬▬▬▬▬▬▬
03:49:12 §f                                  §6§lBESTIARY
03:49:12 §f                          §b§lStridersurfer §7§82 §8➡§b §b3
03:49:12 
03:49:12                                   §r§6§lREWARDS
03:49:12                      §r§8+§r§a2 Stridersurfer §r§b✯ Magic Find
03:49:12                       §r§8+§r§a2 Stridersurfer §r§c❁ Strength
03:49:12                          §r§8+§r§62% §r§aStridersurfer §r§7coins
03:49:12                     §r§8+§r§a50% §r§7chance for extra XP orbs
03:49:12                                §r§8+§r§b1 SkyBlock XP
03:49:12 
03:49:12 §3§l▬▬▬▬▬▬▬▬▬▬▬▬▬▬▬▬▬▬▬▬▬▬▬▬▬▬▬▬▬▬▬▬▬▬▬▬▬▬▬▬▬▬▬▬▬▬▬▬▬▬▬▬▬▬▬▬▬▬▬▬▬▬▬▬
