02:39:28 §f §r§r§r§f §r§r§r§1 §r§r§r§0 §r§r§r§2 §r§r§r§f §r§r§r§f §r§r§r§2 §r§r§r§0 §r§r§r§4 §r§r§r§3 §r§r§r§9 §r§r§r§2 §r§r§r§0 §r§r§r§0 §r§r§r§3 §r§r§r§9 §r§r§r§2 §r§r§r§0 §r§r§r§0 §r§r§r§3 §r§r§r§9 §r§r§r§2 §r§r§r§0 §r§r§r§0 
02:39:47 §8 §r§8 §r§1 §r§3 §r§3 §r§7 §r§8 
02:39:50 
02:39:50 
02:41:17 §8 §r§8 §r§1 §r§3 §r§3 §r§7 §r§8 
02:42:33 §8 §r§8 §r§1 §r§3 §r§3 §r§7 §r§8 
02:44:27 §8 §r§8 §r§1 §r§3 §r§3 §r§7 §r§8 
02:52:38 
02:53:58 §8 §r§8 §r§1 §r§3 §r§3 §r§7 §r§8 
02:56:51 §8 §r§8 §r§1 §r§3 §r§3 §r§7 §r§8 
02:57:13 §8 §r§8 §r§1 §r§3 §r§3 §r§7 §r§8 
02:57:55 §8 §r§8 §r§1 §r§3 §r§3 §r§7 §r§8 
02:59:27 §8 §r§8 §r§1 §r§3 §r§3 §r§7 §r§8 
03:01:34 
03:01:34 §c
03:03:59 §8 §r§8 §r§1 §r§3 §r§3 §r§7 §r§8 
03:04:22 §8 §r§8 §r§1 §r§3 §r§3 §r§7 §r§8 
03:06:23 §8 §r§8 §r§1 §r§3 §r§3 §r§7 §r§8 
03:25:17 
03:25:17 
03:25:17 
03:25:17 
03:26:39 
03:26:39 
03:26:39 
03:26:39 
03:26:39 
03:26:39 
03:26:39 
03:26:39 
03:26:39 
03:26:39 
03:26:39 
03:26:39 
03:26:39 
03:26:39 
03:26:41  
03:26:41  
03:26:41  
03:34:46 
03:34:46 
03:34:46 
03:34:46 
03:36:48 §8 §r§8 §r§1 §r§3 §r§3 §r§7 §r§8 
03:43:11 §8 §r§8 §r§1 §r§3 §r§3 §r§7 §r§8 
03:44:11 §8 §r§8 §r§1 §r§3 §r§3 §r§7 §r§8 
03:45:49  
03:47:27  
03:47:28 
03:47:28 
03:47:28 
03:47:28 
03:49:12  
03:51:38 §8 §r§8 §r§1 §r§3 §r§3 §r§7 §r§8 
03:51:54 §8 §r§8 §r§1 §r§3 §r§3 §r§7 §r§8 
03:52:00 §8 §r§8 §r§1 §r§3 §r§3 §r§7 §r§8 
03:53:01 §8 §r§8 §r§1 §r§3 §r§3 §r§7 §r§8 
03:55:44 §8 §r§8 §r§1 §r§3 §r§3 §r§7 §r§8 
03:56:59 §8 §r§8 §r§1 §r§3 §r§3 §r§7 §r§8 
03:57:32 §8 §r§8 §r§1 §r§3 §r§3 §r§7 §r§8 
03:58:00 
03:59:46 
03:59:46 
03:59:46 
03:59:46 
04:00:13 
04:00:13 
04:03:16 
04:03:16 
