20:56:43 [allowed] §aYou are still radiating with §bGenerosity§r§a!
20:56:43 [EMPTY] §f §r§r§r§f §r§r§r§1 §r§r§r§0 §r§r§r§2 §r§r§r§f §r§r§r§f §r§r§r§2 §r§r§r§0 §r§r§r§4 §r§r§r§3 §r§r§r§9 §r§r§r§2 §r§r§r§0 §r§r§r§0 §r§r§r§3 §r§r§r§9 §r§r§r§2 §r§r§r§0 §r§r§r§0 §r§r§r§3 §r§r§r§9 §r§r§r§2 §r§r§r§0 §r§r§r§0 
20:57:02 [allowed] §aSending you to mega20C!
20:57:02 [EMPTY] §8 §r§8 §r§1 §r§3 §r§3 §r§7 §r§8 
20:57:03 [allowed] §e§r§bcatholicschool§r§r§r§e has joined (§r§b20§r§r§r§e/§r§b100§r§r§r§e)!§r§e
20:57:03 [allowed] §eThe game is starting in §r§b375 §r§eseconds!
20:57:08 [allowed] §a§lTeleporting you to the lobby in 3 seconds... Right-click again to cancel the teleport!
20:57:10 [allowed] §e§r§a2SickWitIt§r§r§r§e has joined (§r§b21§r§r§r§e/§r§b100§r§r§r§e)!§r§e
20:57:11 [allowed] §aYou are still radiating with §bGenerosity§r§a!
20:57:11 [EMPTY] §f §r§r§r§f §r§r§r§1 §r§r§r§0 §r§r§r§2 §r§r§r§f §r§r§r§f §r§r§r§2 §r§r§r§0 §r§r§r§4 §r§r§r§3 §r§r§r§9 §r§r§r§2 §r§r§r§0 §r§r§r§0 §r§r§r§3 §r§r§r§9 §r§r§r§2 §r§r§r§0 §r§r§r§0 §r§r§r§3 §r§r§r§9 §r§r§r§2 §r§r§r§0 §r§r§r§0 
20:57:13 [allowed] §7Sending to server mini8G...
20:57:14 [EMPTY] §8 §r§8 §r§1 §r§3 §r§3 §r§7 §r§8 
20:57:16 [EMPTY] 
20:57:16 [WELCOME] §eWelcome to §r§aHypixel SkyBlock§r§e!
20:57:16 [EMPTY] 
20:57:16 [allowed] §eLatest update: §bSkyBlock v0.23.2 §e§lCLICK
20:57:17 [PROFILE_JOIN] §aYou are playing on profile: §eLemon§b (Co-op)
20:57:17 [PROFILE_JOIN] §8Profile ID: 62b760d8-92b6-4501-ada0-1fd8583f5266
20:57:19 [LOTTERY] §bNew day! §r§eYour §r§2Lottery §r§ebuff changed!
20:57:19 [LOTTERY] §eNew buff§r§r§r: §r§fGain §r§a+50 §r§6☘ Fig Fortune§r§f.
20:57:19 [LOTTERY] §8§oYou can disable this messaging by toggling Lottery in your /hotf!
20:59:24 [allowed] §7Warping...
20:59:24 [allowed] §7Sending to server mini38T...
20:59:24 [EMPTY] §8 §r§8 §r§1 §r§3 §r§3 §r§7 §r§8 
20:59:27 [allowed] §8[§r§a135§r§8] §r§6[MVP§f++§6] FemboyProfis§f§r§f: no im farming for eman7
20:59:27 [PROFILE_JOIN] §aYou are playing on profile: §eLemon§b (Co-op)
20:59:27 [PROFILE_JOIN] §8Profile ID: 62b760d8-92b6-4501-ada0-1fd8583f5266
20:59:29 [LOTTERY] §bNew day! §r§eYour §r§2Lottery §r§ebuff changed!
20:59:29 [LOTTERY] §eNew buff§r§r§r: §r§fGain §r§a+50 §r§6☘ Fig Fortune§r§f.
20:59:29 [LOTTERY] §8§oYou can disable this messaging by toggling Lottery in your /hotf!
20:59:31 [allowed] §8[§r§3255§r§8] §r§6❁ §r§b[MVP§a+§b] ElectroStorm§f§r§f: and do you phase skip?
20:59:32 [allowed] §cThere are blocks in the way!
20:59:34 [allowed] §8[§r§a135§r§8] §r§6[MVP§f++§6] FemboyProfis§f§r§f: yeahg
20:59:43 [allowed] §8[§r§3255§r§8] §r§6❁ §r§b[MVP§a+§b] ElectroStorm§f§r§f: then ur only issue is hits phase ig
20:59:46 [allowed] §8[§r§a135§r§8] §r§6[MVP§f++§6] FemboyProfis§f§r§f: yeah
20:59:51 [allowed] §8[§r§a135§r§8] §r§6[MVP§f++§6] FemboyProfis§f§r§f: i use tank zombies :pray:
20:59:55 [allowed] §8[§r§3255§r§8] §r§6❁ §r§b[MVP§a+§b] ElectroStorm§f§r§f: i do use SOS for mana regen
21:00:08 [allowed] §8[§r§3255§r§8] §r§6❁ §r§b[MVP§a+§b] ElectroStorm§f§r§f: yeah no wonder ur much slower then kekw
21:00:08 [allowed] §8[§r§a135§r§8] §r§6[MVP§f++§6] FemboyProfis§f§r§f: i mean i can spam hype witout any mana problem
21:00:20 [allowed] §8[§r§a135§r§8] §r§6[MVP§f++§6] FemboyProfis§f§r§f: i have overflux
21:00:24 [allowed] §8[§r§3255§r§8] §r§6❁ §r§b[MVP§a+§b] ElectroStorm§f§r§f: i cant :(
21:00:27 [allowed] §8[§r§a135§r§8] §r§6[MVP§f++§6] FemboyProfis§f§r§f: i was thinking abt getting a plasma because whjy not lmao
21:00:30 [allowed] §8[§r§a135§r§8] §r§6[MVP§f++§6] FemboyProfis§f§r§f: but its just 25%
21:00:54 [allowed] §8[§r§a135§r§8] §r§6[MVP§f++§6] FemboyProfis§f§r§f: is there like any ability damage im missing or sum
21:01:02 [allowed] §8[§r§3255§r§8] §r§6❁ §r§b[MVP§a+§b] ElectroStorm§f§r§f: maybe
21:01:05 [allowed] §8[§r§3255§r§8] §r§6❁ §r§b[MVP§a+§b] ElectroStorm§f§r§f: use loving cp
21:01:06 [allowed] §8[§r§a135§r§8] §r§6[MVP§f++§6] FemboyProfis§f§r§f: because no way that 300 int makes u deal like 800k more dmhg
21:01:08 [allowed] §8[§r§a135§r§8] §r§6[MVP§f++§6] FemboyProfis§f§r§f: same
21:01:10 [allowed] §8[§r§a135§r§8] §r§6[MVP§f++§6] FemboyProfis§f§r§f: i do
21:01:18 [allowed] §8[§3255§8] §6❁ §r§b[MVP§a+§b] ElectroStorm§f§7 is holding §r§8[§6Glistening Implosion Belt§8]
21:01:20 [allowed] §8[§r§3255§r§8] §r§6❁ §r§b[MVP§a+§b] ElectroStorm§f§r§f: this?
21:01:25 [allowed] §8[§r§a135§r§8] §r§6[MVP§f++§6] FemboyProfis§f§r§f: yeah
21:01:28 [allowed] §8[§r§a135§r§8] §r§6[MVP§f++§6] FemboyProfis§f§r§f: does it matter if recomb?
21:01:29 [allowed] §8[§r§715§r§8] §r§b[MVP§d+§b] RealKanojo§f§r§f: Wait is glistening better?
21:01:34 [allowed] §8[§r§715§r§8] §r§b[MVP§d+§b] RealKanojo§f§r§f: I thought waxed was best
21:01:38 [GUILD_EXP] §aYou earned §r§288 GEXP §r§afrom playing SkyBlock!
21:01:38 [allowed] §8[§r§3255§r§8] §r§6❁ §r§b[MVP§a+§b] ElectroStorm§f§r§f: idk kanojo
21:01:40 [EMPTY] 
21:01:40 [allowed] §4[WATCHDOG ANNOUNCEMENT]
21:01:40 [allowed] Watchdog has banned §r§c§l8,393§r§f players in the last 7 days.
21:01:40 [allowed] Staff have banned an additional §r§c§l9,097§r§f in the last 7 days.
21:01:40 [allowed] §cBlacklisted modifications are a bannable offense!
21:01:40 [EMPTY] §c
21:01:44 [allowed] §8[§r§a135§r§8] §r§6[MVP§f++§6] FemboyProfis§f§r§f: not for int i think
21:01:44 [allowed] §8[§r§3255§r§8] §r§6❁ §r§b[MVP§a+§b] ElectroStorm§f§r§f: and i dont think so femboy
21:01:46 [allowed] §8[§3255§8] §6❁ §r§b[MVP§a+§b] ElectroStorm§f§7 is holding §r§8[§dHeroic Hyperion §6✪✪✪✪✪§8]
21:01:50 [allowed] §8[§r§3255§r§8] §r§6❁ §r§b[MVP§a+§b] ElectroStorm§f§r§f: u can peep my hype
21:02:04 [allowed] §8[§r§f41§r§8] §r§a[VIP§6+§a] Marruchann§f§r§f: how do i make my weapon show in chat
21:02:10 [allowed] §8[§r§715§r§8] §r§b[MVP§d+§b] RealKanojo§f§r§f: do ./show
21:02:12 [allowed] §8[§r§f64§r§8] §r§a[VIP] LucasD2707§f§r§f: ./show
21:02:18 [allowed] §8[§r§f64§r§8] §r§a[VIP] LucasD2707§f§r§f: but you have to have a booster cookie
21:02:19 [allowed] §8[§r§3243§r§8] §r§6✎ §r§b[MVP§d+§b] 67femboy§f§r§f: selling t4 eman carries sub 50s 1.2m per (PARTY ME)
21:02:27 [allowed] §8[§r§f41§r§8] §r§a[VIP§6+§a] Marruchann§f§r§f: how much is a booster cookie
21:02:28 [allowed] §8[§r§a135§r§8] §r§6[MVP§f++§6] FemboyProfis§f§r§f: i rlly dont understand tho
21:02:31 [allowed] §8[§a135§8] §r§6[MVP§f++§6] FemboyProfis§f§7 is holding §r§8[§dHeroic Hyperion §6✪✪✪✪✪§c➌§8]
21:02:32 [allowed] §8[§r§f55§r§8] §r§7CreeperCraft832§7§r§7: 11m
21:02:33 [allowed] §8[§r§f64§r§8] §r§a[VIP] LucasD2707§f§r§f: around 13m
21:02:33 [allowed] §8[§r§a135§r§8] §r§6[MVP§f++§6] FemboyProfis§f§r§f: this is mine
21:02:42 [allowed] §8[§r§f49§r§8] §r§b[MVP§f+§b] Blu3S0ul§f§r§f: didn't booster cookies used to be like only a few mil
21:02:42 [allowed] §8[§r§f41§r§8] §r§a[VIP§6+§a] Marruchann§f§r§f: jeezus'
21:02:44 [allowed] §cThere are blocks in the way!
21:02:47 [allowed] §8[§r§f49§r§8] §r§b[MVP§f+§b] Blu3S0ul§f§r§f: Istg 11mil is insane
21:02:49 [allowed] §a§l+5 Kill Combo §r§b+3% §r§b✯ Magic Find
21:02:50 [allowed] §cThere are blocks in the way!
21:02:54 [allowed] §cThere are blocks in the way!
21:02:56 [allowed] §a§l+10 Kill Combo §r§8+§r§610 §r§7coins per kill
21:03:00 [allowed] §cThere are blocks in the way!
21:03:05 [allowed] §9§l+15 Kill Combo §r§b+3% §r§b✯ Magic Find
21:03:06 [allowed] §cThere are blocks in the way!
21:03:08 [allowed] §cThere are blocks in the way!
21:03:12 [allowed] §5§l+20 Kill Combo §r§8§r§3+15☯ Combat Wisdom
21:03:13 [allowed] §cThere are blocks in the way!
21:03:15 [allowed] §8[§r§715§r§8] §r§b[MVP§d+§b] RealKanojo§f§r§f: I just got my hype
21:03:16 [SACKS_CHANGE] §6[Sacks] §r§a+103§r§e items§r§e.§r§8 (Last 30s.)
21:03:16 [allowed] §c§lThe ground begins to shake as an Endstone Protector rises from below!
21:03:20 [allowed] §cThere are blocks in the way!
21:03:20 [allowed] §5§l+25 Kill Combo §r§b+3% §r§b✯ Magic Find
21:03:24 [allowed] §8[§r§f41§r§8] §r§a[VIP§6+§a] Marruchann§f§r§f: my 4th endstone no eye
21:03:27 [allowed] §8[§r§715§r§8] §r§b[MVP§d+§b] RealKanojo§f§r§f: I think ive got it maxed but its not like that
21:03:28 [allowed] §cThere are blocks in the way!
21:03:29 [allowed] §cYour Kill Combo has expired! You reached a 29 Kill Combo!
21:03:31 [allowed] §8[§r§f49§r§8] §r§b[MVP§f+§b] Blu3S0ul§f§r§f: dude I got 2 eyes already
21:03:33 [allowed] §8[§r§715§r§8] §r§b[MVP§d+§b] RealKanojo§f§r§f: its as far maxed as i can get it
21:03:35 [allowed] §8[§r§f49§r§8] §r§b[MVP§f+§b] Blu3S0ul§f§r§f: In under 900 kills
21:03:36 [allowed] §c§lBEWARE - An Endstone Protector has risen!
21:03:39 [allowed] §a§l+5 Kill Combo §r§b+3% §r§b✯ Magic Find
21:03:48 [SACKS_CHANGE] §6[Sacks] §r§a+75§r§e items§r§e.§r§8 (Last 30s.)
21:03:51 [allowed] §cThere are blocks in the way!
21:03:54 [allowed] §a§l+10 Kill Combo §r§8+§r§610 §r§7coins per kill
21:03:58 [allowed] §cThere are blocks in the way!
21:04:06 [allowed] §cThere are blocks in the way!
21:04:07 [allowed] §9§l+15 Kill Combo §r§b+3% §r§b✯ Magic Find
21:04:15 [allowed] §5§l+20 Kill Combo §r§8§r§3+15☯ Combat Wisdom
21:04:20 [allowed] §cThere are blocks in the way!
21:04:22 [allowed] §5§l+25 Kill Combo §r§b+3% §r§b✯ Magic Find
21:04:23 [SACKS_CHANGE] §6[Sacks] §r§a+74§r§e items§r§e.§r§8 (Last 30s.)
21:04:29 [allowed] §cYour Kill Combo has expired! You reached a 29 Kill Combo!
21:04:33 [allowed] §cThere are blocks in the way!
21:04:37 [allowed] §a§l+5 Kill Combo §r§b+3% §r§b✯ Magic Find
21:04:38 [allowed] §a§l▬▬▬▬▬▬▬▬▬▬▬▬▬▬▬▬▬▬▬▬▬▬▬▬▬▬▬▬▬▬▬▬▬▬▬▬▬▬▬▬▬▬▬▬▬▬▬▬▬▬▬▬▬▬▬▬▬▬▬▬▬▬▬▬
21:04:38 [allowed]                     §r§6§lENDSTONE PROTECTOR DOWN!
21:04:38 [EMPTY] 
21:04:38 [allowed]                    §r§b[MVP§r§c+§r§b] tim3200§r§f §r§7dealt the final blow.
21:04:38 [EMPTY] 
21:04:38 [allowed]              §r§e§l1st Damager §r§7- §r§b[MVP§r§c+§r§b] tim3200§r§f §r§7- §r§e2,890,004
21:04:38 [allowed]          §r§6§l2nd Damager §r§7- §r§b[MVP§r§d+§r§b] FricedCheese§r§f §r§7- §r§e1,222,555
21:04:38 [allowed]             §r§c§l3rd Damager §r§7- §r§a[VIP] LucasD2707§r§f §r§7- §r§e760,834
21:04:38 [EMPTY] 
21:04:38 [allowed]                       §r§eYour Damage: §r§a0 §r§7(Position #21)
21:04:38 [allowed]                        §r§eZealots Contributed: §r§a33§r§e/100
21:04:38 [EMPTY] 
21:04:38 [allowed] §a§l▬▬▬▬▬▬▬▬▬▬▬▬▬▬▬▬▬▬▬▬▬▬▬▬▬▬▬▬▬▬▬▬▬▬▬▬▬▬▬▬▬▬▬▬▬▬▬▬▬▬▬▬▬▬▬▬▬▬▬▬▬▬▬▬
21:04:52 [SACKS_CHANGE] §6[Sacks] §r§a+60§r§e items§r§e.§r§8 (Last 27s.)
21:04:53 [allowed] §cThere are blocks in the way!
21:04:53 [allowed] §cYour Kill Combo has expired! You reached a 8 Kill Combo!
21:05:00 [allowed] §8[§r§f41§r§8] §r§a[VIP§6+§a] Marruchann§f§r§f: yeah im 1k zealots in
21:05:02 [allowed] §cThere are blocks in the way!
21:05:02 [allowed] §8[§r§a135§r§8] §r§6[MVP§f++§6] FemboyProfis§f§r§f: ohhh
21:05:02 [allowed] §a§l+5 Kill Combo §r§b+3% §r§b✯ Magic Find
21:05:02 [allowed] §8[§e98§8] §r§a[VIP§6+§a] himej0shi§f §7♲§7 is holding §r§8[§7[Lvl 1] §6Enderman§8]
21:05:04 [allowed] §8[§r§a135§r§8] §r§6[MVP§f++§6] FemboyProfis§f§r§f: waitt
21:05:05 [allowed] §8[§r§f41§r§8] §r§a[VIP§6+§a] Marruchann§f§r§f: its gg im never getting an eye
21:05:06 [allowed] §8[§r§a135§r§8] §r§6[MVP§f++§6] FemboyProfis§f§r§f: i know whyy
21:05:12 [allowed] §cThere are blocks in the way!
21:05:13 [allowed] §a§l+10 Kill Combo §r§8+§r§610 §r§7coins per kill
21:05:14 [allowed] §8[§r§f49§r§8] §r§b[MVP§f+§b] Blu3S0ul§f§r§f: Just get luckier bro
21:05:18 [allowed] §8[§r§f41§r§8] §r§a[VIP§6+§a] Marruchann§f§r§f: ur right
21:05:18 [allowed] §cThere are blocks in the way!
21:05:20 [allowed] §9§l+15 Kill Combo §r§b+3% §r§b✯ Magic Find
21:05:24 [SACKS_CHANGE] §6[Sacks] §r§a+73§r§e items§r§e.§r§8 (Last 30s.)
21:05:28 [allowed] §cThere are blocks in the way!
21:05:28 [allowed] §8[§r§f41§r§8] §r§a[VIP§6+§a] Marruchann§f§r§f: YO I GOT IT
21:05:28 [allowed] §5§l+20 Kill Combo §r§8§r§3+15☯ Combat Wisdom
21:05:31 [allowed] §8[§r§a135§r§8] §r§6[MVP§f++§6] FemboyProfis§f§r§f: ur enchanting 60 combat 60
21:05:32 [allowed] §8[§r§f41§r§8] §r§a[VIP§6+§a] Marruchann§f§r§f: YO
21:05:32 [allowed] §8[§r§f49§r§8] §r§b[MVP§f+§b] Blu3S0ul§f§r§f: I told you
21:05:33 [allowed] §8[§r§a135§r§8] §r§6[MVP§f++§6] FemboyProfis§f§r§f: im
21:05:33 [allowed] §cYour Kill Combo has expired! You reached a 22 Kill Combo!
21:05:35 [allowed] §3§l▬▬▬▬▬▬▬▬▬▬▬▬▬▬▬▬▬▬▬▬▬▬▬▬▬▬▬▬▬▬▬▬▬▬▬▬▬▬▬▬▬▬▬▬▬▬▬▬▬▬▬▬▬▬▬▬▬▬▬▬▬▬▬▬
21:05:35 [EMPTY]  
21:05:35 [BESTIARY] §f                                  §6§lBESTIARY
21:05:35 [BESTIARY] §f                              §b§lZealot §7§819 §8➡§b §b20
21:05:35 [BESTIARY] 
21:05:35 [BESTIARY]                                   §r§6§lREWARDS
21:05:35 [BESTIARY]                           §r§8+§r§a5 Zealot §r§b✯ Magic Find
21:05:35 [BESTIARY]                            §r§8+§r§a5 Zealot §r§c❁ Strength
21:05:35 [BESTIARY]                               §r§8+§r§62% §r§aZealot §r§7coins
21:05:35 [BESTIARY]                     §r§8+§r§a50% §r§7chance for extra XP orbs
21:05:35 [BESTIARY]                                §r§8+§r§b1 SkyBlock XP
21:05:35 [BESTIARY] 
21:05:35 [BESTIARY]   §r§f                         §6§lBESTIARY MILESTONE
21:05:35 [BESTIARY]   §r§f                                    §886➡§e87
21:05:35 [allowed] §6§lBESTIARY MILESTONE §886➡§e87
21:05:35 [BESTIARY] §6§lBESTIARY MILESTONE §886➡§e87
21:05:35 [BESTIARY] §6§lBESTIARY MILESTONE §886➡§e87
21:05:35 [BESTIARY] §6§lBESTIARY MILESTONE §886➡§e87
21:05:35 [BESTIARY] §6§lBESTIARY MILESTONE §886➡§e87
21:05:35 [BESTIARY] 
21:05:35 [allowed] §3§l▬▬▬▬▬▬▬▬▬▬▬▬▬▬▬▬▬▬▬▬▬▬▬▬▬▬▬▬▬▬▬▬▬▬▬▬▬▬▬▬▬▬▬▬▬▬▬▬▬▬▬▬▬▬▬▬▬▬▬▬▬▬▬▬
21:05:38 [allowed] §8[§r§f41§r§8] §r§a[VIP§6+§a] Marruchann§f§r§f: bro right as u said that
21:05:41 [allowed] §8[§r§a135§r§8] §r§6[MVP§f++§6] FemboyProfis§f§r§f: combat 32 enchanting 29
21:05:45 [allowed] §cThere are blocks in the way!
21:05:45 [SACKS_CHANGE] §6[Sacks] §r§a+40§r§e items§r§e.§r§8 (Last 19s.)
21:05:46 [allowed] §8[§r§f41§r§8] §r§a[VIP§6+§a] Marruchann§f§r§f: i smacked a zealot and was deadah boutta log
21:05:47 [allowed] §a§l+5 Kill Combo §r§b+3% §r§b✯ Magic Find
21:05:49 [allowed] §8[§r§f41§r§8] §r§a[VIP§6+§a] Marruchann§f§r§f: bro
21:05:51 [allowed] §5§lCHARM§7 You charmed a §aBruiser§7 and captured §92 Shards §7from it.
21:05:52 [allowed] §8[§r§f49§r§8] §r§b[MVP§f+§b] Blu3S0ul§f§r§f: my most eyes in under like 1k kills was 4 or smth
21:05:55 [allowed] §8[§r§f41§r§8] §r§a[VIP§6+§a] Marruchann§f§r§f: just took me like 1040 zealots
21:05:55 [allowed] §a§l+10 Kill Combo §r§8+§r§610 §r§7coins per kill
21:05:55 [allowed] §5§lCHARM§7 You charmed a §aBruiser§7 and captured its §9Shard§7.
21:05:56 [allowed] §8[§r§f49§r§8] §r§b[MVP§f+§b] Blu3S0ul§f§r§f: that was insane
21:05:56 [allowed] §cThere are blocks in the way!
21:06:06 [allowed] §9§l+15 Kill Combo §r§b+3% §r§b✯ Magic Find
21:06:06 [allowed] §8[§r§f41§r§8] §r§a[VIP§6+§a] Marruchann§f§r§f: holy luck
21:06:07 [allowed] §cThere are blocks in the way!
21:06:14 [allowed] §cYour Kill Combo has expired! You reached a 17 Kill Combo!
21:06:15 [allowed] §8[§r§f55§r§8] §r§7CreeperCraft832§7§r§7: i should get 1 eye every 50 kills
21:06:16 [SACKS_CHANGE] §6[Sacks] §r§a+64§r§e items§r§e.§r§8 (Last 29s.)
21:06:25 [allowed]  §b§l» §ahimej0shi §eis traveling to §aPrivate Island §e§lFOLLOW
21:06:27 [allowed] §cThere are blocks in the way!
21:06:36 [SACKS_CHANGE] §6[Sacks] §r§a+8§r§e items§r§e.§r§8 (Last 7s.)
21:06:41 [GUILD_EXP] §aYou earned §r§2450 GEXP §r§afrom playing SkyBlock!
21:06:42 [allowed] §cThere are blocks in the way!
21:06:46 [SACKS_CHANGE] §6[Sacks] §r§a+5§r§e items§r§e.§r§8 (Last 5s.)
21:06:55 [allowed] §a§l+5 Kill Combo §r§b+3% §r§b✯ Magic Find
21:07:03 [SACKS_CHANGE] §6[Sacks] §r§a+28§r§e items§r§e.§r§8 (Last 12s.)
21:07:06 [allowed] §8[§r§f49§r§8] §r§b[MVP§f+§b] Blu3S0ul§f§r§f: what if I put 4 eyes and get a holy dragon'
21:07:11 [SACKS_CHANGE] §6[Sacks] §r§a+10§r§e items§r§e.§r§8 (Last 7s.)
21:07:12 [allowed] §cYour Kill Combo has expired! You reached a 8 Kill Combo!
21:07:16 [allowed] §e§lLOOT SHARE §r§r§r§fYou received loot for assisting §r§bPoseFX§r§f!
21:07:18 [allowed] §cThere are blocks in the way!
21:07:26 [allowed] §a§l+5 Kill Combo §r§b+3% §r§b✯ Magic Find
21:07:29 [allowed] §cThere are blocks in the way!
21:07:36 [allowed] §e§lLOOT SHARE §r§r§r§fYou received loot for assisting §r§bPoseFX§r§f!
21:07:38 [allowed] §cThere are blocks in the way!
21:07:40 [allowed] §cYour Kill Combo has expired! You reached a 7 Kill Combo!
21:07:46 [SACKS_CHANGE] §6[Sacks] §r§a+43§r§e items§r§e.§r§8 (Last 30s.)
21:07:52 [allowed] §7Warping you to your SkyBlock island...
21:07:52 [allowed] §7Sending to server mini37AB...
21:07:52 [EMPTY] §8 §r§8 §r§1 §r§3 §r§3 §r§7 §r§8 
21:07:53 [EMPTY]  
21:07:53 [allowed] §f       §7You have §31 §7pending §3Bestiary Milestone §7to be claimed!
21:07:53 [allowed] §f                    §6§l>>> §6§lCLICK HERE§e to claim it! §6§l<<<
21:07:53 [EMPTY]   
21:07:53 [allowed] §6HUNT §e- Your trap on §bGalatea §ecaught a §aSalmon Shard§e!
21:07:53 [allowed] §7[§eClick here to collect it.§7]
21:07:53 [allowed] §cYou cannot drop items yet!
21:07:54 [allowed] §cYou cannot drop items yet!
21:07:54 [allowed] §cYou cannot drop items yet!
21:07:55 [PROFILE_JOIN] §aYou are playing on profile: §eLemon§b (Co-op)
21:07:55 [PROFILE_JOIN] §8Profile ID: 62b760d8-92b6-4501-ada0-1fd8583f5266
21:07:57 [LOTTERY] §bNew day! §r§eYour §r§2Lottery §r§ebuff changed!
21:07:57 [LOTTERY] §eNew buff§r§r§r: §r§fGain §r§a+50 §r§6☘ Fig Fortune§r§f.
21:07:57 [LOTTERY] §8§oYou can disable this messaging by toggling Lottery in your /hotf!
21:07:58 [allowed] §3§l▬▬▬▬▬▬▬▬▬▬▬▬▬▬▬▬▬▬▬▬▬▬▬▬▬▬▬▬▬▬▬▬▬▬▬▬▬▬▬▬▬▬▬▬▬▬▬▬▬▬▬▬▬▬▬▬▬▬▬▬▬▬▬▬
21:07:58 [EMPTY]  
21:07:58 [allowed]                          §r§6§lBESTIARY MILESTONE
21:07:58 [allowed]                                    §r§886 §r§8➡§r§e §r§e87
21:07:58 [EMPTY]  
21:07:58 [allowed]                                    §r§6§lREWARD
21:07:58 [allowed]                                  §r§8+§r§a1 §r§c❤ Health
21:07:58 [EMPTY]  
21:07:58 [allowed] §3§l▬▬▬▬▬▬▬▬▬▬▬▬▬▬▬▬▬▬▬▬▬▬▬▬▬▬▬▬▬▬▬▬▬▬▬▬▬▬▬▬▬▬▬▬▬▬▬▬▬▬▬▬▬▬▬▬▬▬▬▬▬▬▬▬
21:08:31 [allowed] §e[SkyHanni] You have gained §b357 §eBits.
21:08:55 [allowed] §aYou summoned your §r§6Elephant§r§a!
21:09:04 [allowed] §7Warping...
21:09:04 [allowed] §7Sending to server mini155DR...
21:09:05 [EMPTY] §8 §r§8 §r§1 §r§3 §r§3 §r§7 §r§8 
21:09:06 [allowed] §6HUNT §e- Your trap on §bGalatea §ecaught a §aSalmon Shard§e!
21:09:06 [allowed] §7[§eClick here to collect it.§7]
21:09:07 [allowed]  §b§l» §ahimej0shi §eis traveling to §aGarden §e§lFOLLOW
21:09:08 [PROFILE_JOIN] §aYou are playing on profile: §eLemon§b (Co-op)
21:09:08 [PROFILE_JOIN] §8Profile ID: 62b760d8-92b6-4501-ada0-1fd8583f5266
21:09:10 [LOTTERY] §bNew day! §r§eYour §r§2Lottery §r§ebuff changed!
21:09:10 [LOTTERY] §eNew buff§r§r§r: §r§fGain §r§a+50 §r§6☘ Fig Fortune§r§f.
21:09:10 [LOTTERY] §8§oYou can disable this messaging by toggling Lottery in your /hotf!
21:09:18 [allowed] §aTeleported you to §r§aPlot §r§7- §r§b5§r§a!
21:09:30 [allowed] §3§l▬▬▬▬▬▬▬▬▬▬▬▬▬▬▬▬▬▬▬▬▬▬▬▬▬▬▬▬▬▬▬▬▬▬▬▬▬▬▬▬▬▬▬▬▬▬▬▬▬▬▬▬▬▬▬▬▬▬▬▬▬▬▬▬
21:09:30 [EMPTY]  
21:09:30 [BESTIARY] §f                                  §6§lBESTIARY
21:09:30 [BESTIARY] §f                               §b§lBeetle §7§88 §8➡§b §b9
21:09:30 [BESTIARY] 
21:09:30 [BESTIARY]                                   §r§6§lREWARDS
21:09:30 [BESTIARY]                           §r§6+0.4☘ Farming Fortune
21:09:30 [BESTIARY]                               §r§8+§r§62% §r§aBeetle §r§7coins
21:09:30 [BESTIARY]                     §r§8+§r§a50% §r§7chance for extra XP orbs
21:09:30 [BESTIARY]                                §r§8+§r§b1 SkyBlock XP
21:09:30 [BESTIARY] 
21:09:30 [allowed] §6§lBESTIARY §r§b§lZealot §7§819 §8➡§b §b20
21:09:30 [BESTIARY] §3§l▬▬▬▬▬▬▬▬▬▬▬▬▬▬▬▬▬▬▬▬▬▬▬▬▬▬▬▬▬▬▬▬▬▬▬▬▬▬▬▬▬▬▬▬▬▬▬▬▬▬▬▬▬▬▬▬▬▬▬▬▬▬▬▬
21:09:30 [PEST_DROP] §eYou received §a13x Enchanted Nether Wart §efor killing a §2Beetle§e!
21:09:30 [allowed] §e[SkyHanni] You have gained §b7 §eBits.
21:09:33 [allowed]  §b§l» §ahimej0shi §eis traveling to §aPrivate Island §e§lFOLLOW
21:09:39 [PEST_DROP] §eYou received §a7x Enchanted Pumpkin §efor killing a §2Rat§e!
21:09:39 [allowed] §e[SkyHanni] You have gained §b7 §eBits.
21:09:41 [allowed] §aTeleported you to §r§aPlot §r§7- §r§b1§r§a!
21:09:44 [allowed] §cThis ability is on cooldown for 1s.
21:09:56 [PEST_DROP] §eYou received §a33x Enchanted Carrot §efor killing a §2Cricket§e!
21:09:57 [allowed] §e[SkyHanni] You have gained §b7 §eBits.
21:10:04 [allowed] §6HUNT §e- Your trap on §bGalatea §ecaught a §aSalmon Shard§e!
21:10:04 [allowed] §7[§eClick here to collect it.§7]
21:10:07 [allowed] §3§l▬▬▬▬▬▬▬▬▬▬▬▬▬▬▬▬▬▬▬▬▬▬▬▬▬▬▬▬▬▬▬▬▬▬▬▬▬▬▬▬▬▬▬▬▬▬▬▬▬▬▬▬▬▬▬▬▬▬▬▬▬▬▬▬
21:10:07 [EMPTY]  
21:10:07 [BESTIARY] §f                                  §6§lBESTIARY
21:10:07 [BESTIARY] §f                              §b§lMosquito §7§88 §8➡§b §b9
21:10:07 [BESTIARY] 
21:10:07 [BESTIARY]                                   §r§6§lREWARDS
21:10:07 [BESTIARY]                           §r§6+0.4☘ Farming Fortune
21:10:07 [BESTIARY]                              §r§8+§r§62% §r§aMosquito §r§7coins
21:10:07 [BESTIARY]                     §r§8+§r§a50% §r§7chance for extra XP orbs
21:10:07 [BESTIARY]                                §r§8+§r§b1 SkyBlock XP
21:10:07 [BESTIARY] 
21:10:07 [allowed] §6§lBESTIARY §r§b§lMosquito §7§88 §8➡§b §b9
21:10:07 [BESTIARY] §3§l▬▬▬▬▬▬▬▬▬▬▬▬▬▬▬▬▬▬▬▬▬▬▬▬▬▬▬▬▬▬▬▬▬▬▬▬▬▬▬▬▬▬▬▬▬▬▬▬▬▬▬▬▬▬▬▬▬▬▬▬▬▬▬▬
21:10:07 [PEST_DROP] §eYou received §a25x Enchanted Sugar §efor killing a §2Mosquito§e!
21:10:07 [allowed] §e[SkyHanni] You have gained §b7 §eBits.
21:10:17 [allowed] §aYour Garden is no longer infested and your §r§6☘ Farming Fortune §r§ahas returned to normal!
21:10:17 [PEST_DROP] §eYou received §a27x Enchanted Sugar §efor killing a §2Mosquito§e!
21:10:18 [allowed] §e[SkyHanni] You have gained §b7 §eBits.
21:10:21 [allowed] §aTeleported you to §r§aPlot §r§7- §r§b6§r§a!
21:10:26 [allowed]  §b§l» §ahimej0shi §eis traveling to §aGarden §e§lFOLLOW
21:10:32 [allowed] §4ൠ §r§7The Worm seems to have burrowed its way to somewhere else in the plot!
21:10:37 [allowed] §4ൠ §r§7Find the Worm!
21:10:40 [PEST_DROP] §eYou received §a14x Enchanted Brown Mushroom §efor killing a §2Slug§e!
21:10:40 [allowed] §e[SkyHanni] You have gained §b7 §eBits.
21:10:43 [PEST_DROP] §eYou received §a70x Enchanted Melon §efor killing an §2Earthworm§e!
21:10:44 [allowed] §e[SkyHanni] You have gained §b7 §eBits.
21:10:45 [allowed] §aTeleported you to §r§aPlot §r§7- §r§b1§r§a!
21:10:48 [allowed] §cThere are not any Pests on your Garden right now! Keep farming!
21:10:48 [allowed] §cThere are not any Pests on your Garden right now! Keep farming!
21:11:06 [allowed] §e[SkyHanni] Loaded Carrot milestone data from tab list!
21:11:13 [SACKS_CHANGE] §6[Sacks] §r§a+570§r§e items§r§e, §r§c-33§r§e items§r§e.§r§8 (Last 7s.)
21:11:17 [allowed] §aWalk Speed Cap set to: §r§e400
21:11:19 [allowed] §e[SkyHanni] §e1 §aPest Spawned in §b1§a!
21:11:19 [PESTS_SPAWN] §6§lGROSS! §7A §2Pest §7has appeared in §aPlot §7- §b1§7!
21:11:19 [PESTS_SPAWN]   §r§e§lCLICK HERE §eto teleport to the plot!
21:11:30 [allowed] §cThis ability is on cooldown for 1s.
21:11:31 [allowed] §cThis ability is on cooldown for 1s.
21:11:31 [SACKS_CHANGE] §6[Sacks] §r§a+1,309§r§e items§r§e, §r§c-98§r§e items§r§e.§r§8 (Last 13s.)
21:11:43 [allowed] §4ൠ §r§7The Worm seems to have burrowed its way to somewhere else in the plot!
21:11:54 [allowed] §4ൠ §r§7Find the Worm!
21:11:59 [allowed] §3§l▬▬▬▬▬▬▬▬▬▬▬▬▬▬▬▬▬▬▬▬▬▬▬▬▬▬▬▬▬▬▬▬▬▬▬▬▬▬▬▬▬▬▬▬▬▬▬▬▬▬▬▬▬▬▬▬▬▬▬▬▬▬▬▬
21:11:59 [EMPTY]  
21:11:59 [BESTIARY] §f                                  §6§lBESTIARY
21:11:59 [BESTIARY] §f                            §b§lEarthworm §7§87 §8➡§b §b8
21:11:59 [BESTIARY] 
21:11:59 [BESTIARY]                                   §r§6§lREWARDS
21:11:59 [BESTIARY]                           §r§6+0.4☘ Farming Fortune
21:11:59 [BESTIARY]                            §r§8+§r§62% §r§aEarthworm §r§7coins
21:11:59 [BESTIARY]                     §r§8+§r§a50% §r§7chance for extra XP orbs
21:11:59 [BESTIARY]                                §r§8+§r§b1 SkyBlock XP
21:11:59 [BESTIARY] 
21:11:59 [allowed] §6§lBESTIARY §r§b§lEarthworm §7§87 §8➡§b §b8
21:11:59 [BESTIARY] §3§l▬▬▬▬▬▬▬▬▬▬▬▬▬▬▬▬▬▬▬▬▬▬▬▬▬▬▬▬▬▬▬▬▬▬▬▬▬▬▬▬▬▬▬▬▬▬▬▬▬▬▬▬▬▬▬▬▬▬▬▬▬▬▬▬
21:11:59 [PEST_DROP] §eYou received §a70x Enchanted Melon §efor killing an §2Earthworm§e!
21:11:59 [allowed] §e[SkyHanni] You have gained §b7 §eBits.
21:12:00 [allowed] §e[SkyHanni] Loaded Melon milestone data from tab list!
21:12:37 [SACKS_CHANGE] §6[Sacks] §r§a+5,424§r§e items§r§e, §r§c-456§r§e items§r§e.§r§8 (Last 30s.)
21:13:08 [SACKS_CHANGE] §6[Sacks] §r§a+348§r§e items§r§e, §r§c-347§r§e items§r§e.§r§8 (Last 30s.)
21:13:44 [SACKS_CHANGE] §6[Sacks] §r§a+425§r§e items§r§e, §r§c-425§r§e items§r§e.§r§8 (Last 30s.)
21:14:06 [GUILD_EXP] §aYou earned §r§2590 GEXP §r§afrom playing SkyBlock!
21:14:15 [SACKS_CHANGE] §6[Sacks] §r§a+415§r§e items§r§e, §r§c-415§r§e items§r§e.§r§8 (Last 30s.)
21:14:17 [allowed] §2Guild > §a[VIP§6+§a] himej0shi§f: §rstarryfawnn collab
21:14:39 [allowed] §2Guild > §a[VIP§6+§a] himej0shi§f: §rta on prob synnitanud tho
21:14:46 [SACKS_CHANGE] §6[Sacks] §r§a+435§r§e items§r§e, §r§c-434§r§e items§r§e.§r§8 (Last 30s.)
21:15:00 [LOTTERY] §bNew day! §r§eYour §r§2Lottery §r§ebuff changed!
21:15:00 [LOTTERY] §eNew buff§r§r§r: §r§fGain §r§a+5% §r§2∮ Sweep§r§f.
21:15:00 [LOTTERY] §8§oYou can disable this messaging by toggling Lottery in your /hotf!
21:15:04 [allowed] §e[NPC] Jacob§f: §rMy contest has started!
21:15:06 [allowed] §e[NPC] Jacob§f: §rYour §aAnita's Ring §fis giving you §6+15☘ Mushroom Fortune §fduring the contest!
21:15:12 [allowed] §2Guild > §a[VIP§6+§a] himej0shi§f: §rtight tädi pousay
21:15:16 [SACKS_CHANGE] §6[Sacks] §r§a+404§r§e items§r§e, §r§c-406§r§e items§r§e.§r§8 (Last 30s.)
21:15:48 [SACKS_CHANGE] §6[Sacks] §r§a+395§r§e items§r§e, §r§c-393§r§e items§r§e.§r§8 (Last 30s.)
21:16:18 [SACKS_CHANGE] §6[Sacks] §r§a+395§r§e items§r§e, §r§c-396§r§e items§r§e.§r§8 (Last 30s.)
21:16:49 [SACKS_CHANGE] §6[Sacks] §r§a+342§r§e items§r§e, §r§c-342§r§e items§r§e.§r§8 (Last 30s.)
21:17:11 [allowed] §e[SkyHanni] §e1 §aPest Spawned in §b1§a!
21:17:11 [PESTS_SPAWN] §6§lGROSS! §7A §2Pest §7has appeared in §aPlot §7- §b1§7!
21:17:11 [PESTS_SPAWN]   §r§e§lCLICK HERE §eto teleport to the plot!
21:17:20 [SACKS_CHANGE] §6[Sacks] §r§a+349§r§e items§r§e, §r§c-349§r§e items§r§e.§r§8 (Last 30s.)
21:17:33 [SACKS_CHANGE] §6[Sacks] §r§a+90§r§e items§r§e, §r§c-90§r§e items§r§e.§r§8 (Last 12s.)
21:17:35 [allowed] §cGod Potion expires in §r§e30 Minutes§r§c
21:17:37 [PEST_DROP] §eYou received §a28x Enchanted Sugar §efor killing a §2Mosquito§e!
21:17:37 [allowed] §e[SkyHanni] You have gained §b7 §eBits.
21:18:12 [allowed] §3§l▬▬▬▬▬▬▬▬▬▬▬▬▬▬▬▬▬▬▬▬▬▬▬▬▬▬▬▬▬▬▬▬▬▬▬▬▬▬▬▬▬▬▬▬▬▬▬▬▬▬▬▬▬▬▬▬▬▬▬▬▬▬▬▬
21:18:12 [allowed]   §r§b§lGARDEN MILESTONE §3Carrot §820➜§321
21:18:12 [allowed]   §r§6Milestone 22 in §r§a1.5M Carrots
21:18:12 [EMPTY] 
21:18:12 [allowed]   §r§a§lREWARDS
21:18:12 [allowed]     §r§8+§r§2210 §r§7Garden Experience
21:18:12 [allowed]     §r§8+§r§350,000 §r§7Farming Experience
21:18:12 [allowed]     §r§8+§r§b1 SkyBlock XP
21:18:12 [allowed] §3§l▬▬▬▬▬▬▬▬▬▬▬▬▬▬▬▬▬▬▬▬▬▬▬▬▬▬▬▬▬▬▬▬▬▬▬▬▬▬▬▬▬▬▬▬▬▬▬▬▬▬▬▬▬▬▬▬▬▬▬▬▬▬▬▬
21:18:12 [SACKS_CHANGE] §6[Sacks] §r§a+435§r§e items§r§e, §r§c-435§r§e items§r§e.§r§8 (Last 30s.)
21:18:43 [SACKS_CHANGE] §6[Sacks] §r§a+328§r§e items§r§e, §r§c-328§r§e items§r§e.§r§8 (Last 30s.)
21:19:00 [SACKS_CHANGE] §6[Sacks] §r§a+149§r§e items§r§e, §r§c-149§r§e items§r§e.§r§8 (Last 16s.)
21:19:07 [GUILD_EXP] §aYou earned §r§2750 GEXP §r§afrom playing SkyBlock!
21:19:42 [SACKS_CHANGE] §6[Sacks] §r§a+437§r§e items§r§e, §r§c-436§r§e items§r§e.§r§8 (Last 30s.)
21:20:06 [SACKS_CHANGE] §6[Sacks] §r§a+226§r§e items§r§e, §r§c-227§r§e items§r§e.§r§8 (Last 24s.)
21:20:44 [SACKS_CHANGE] §6[Sacks] §r§a+409§r§e items§r§e, §r§c-408§r§e items§r§e.§r§8 (Last 30s.)
21:21:15 [SACKS_CHANGE] §6[Sacks] §r§a+402§r§e items§r§e, §r§c-403§r§e items§r§e.§r§8 (Last 30s.)
21:21:46 [SACKS_CHANGE] §6[Sacks] §r§a+437§r§e items§r§e, §r§c-436§r§e items§r§e.§r§8 (Last 30s.)
21:22:16 [SACKS_CHANGE] §6[Sacks] §r§a+336§r§e items§r§e, §r§c-337§r§e items§r§e.§r§8 (Last 30s.)
21:22:23 [SACKS_CHANGE] §6[Sacks] §r§a+18§r§e items§r§e, §r§c-19§r§e items§r§e.§r§8 (Last 6s.)
21:23:32 [SACKS_CHANGE] §6[Sacks] §r§a+407§r§e items§r§e, §r§c-405§r§e items§r§e.§r§8 (Last 30s.)
21:23:52 [allowed] §e[SkyHanni] §e1 §aPest Spawned in §b1§a!
21:23:52 [PESTS_SPAWN] §6§lGROSS! §7A §2Pest §7has appeared in §aPlot §7- §b1§7!
21:23:52 [PESTS_SPAWN]   §r§e§lCLICK HERE §eto teleport to the plot!
21:24:01 [SACKS_CHANGE] §6[Sacks] §r§a+268§r§e items§r§e, §r§c-269§r§e items§r§e.§r§8 (Last 29s.)
21:24:02 [allowed] §3§l▬▬▬▬▬▬▬▬▬▬▬▬▬▬▬▬▬▬▬▬▬▬▬▬▬▬▬▬▬▬▬▬▬▬▬▬▬▬▬▬▬▬▬▬▬▬▬▬▬▬▬▬▬▬▬▬▬▬▬▬▬▬▬▬
21:24:02 [EMPTY]  
21:24:02 [BESTIARY] §f                                  §6§lBESTIARY
21:24:02 [BESTIARY] §f                                  §b§lRat §7§86 §8➡§b §b7
21:24:02 [BESTIARY] 
21:24:02 [BESTIARY]                                   §r§6§lREWARDS
21:24:02 [BESTIARY]                           §r§6+0.4☘ Farming Fortune
21:24:02 [BESTIARY]                                 §r§8+§r§62% §r§aRat §r§7coins
21:24:02 [BESTIARY]                     §r§8+§r§a50% §r§7chance for extra XP orbs
21:24:02 [BESTIARY]                                §r§8+§r§b1 SkyBlock XP
21:24:02 [BESTIARY] 
21:24:02 [allowed] §6§lBESTIARY §r§b§lRat §7§86 §8➡§b §b7
21:24:02 [BESTIARY] §3§l▬▬▬▬▬▬▬▬▬▬▬▬▬▬▬▬▬▬▬▬▬▬▬▬▬▬▬▬▬▬▬▬▬▬▬▬▬▬▬▬▬▬▬▬▬▬▬▬▬▬▬▬▬▬▬▬▬▬▬▬▬▬▬▬
21:24:02 [PEST_DROP] §eYou received §a14x Enchanted Pumpkin §efor killing a §2Rat§e!
21:24:03 [allowed] §e[SkyHanni] Loaded Pumpkin milestone data from tab list!
21:24:03 [allowed] §e[SkyHanni] You have gained §b7 §eBits.
21:24:09 [GUILD_EXP] §aYou earned §r§2715 GEXP §r§afrom playing SkyBlock!
21:24:13 [EMPTY]  
21:24:13 [STASH_COMPACT] §f                 §7You have §313 §7materials stashed away!
21:24:13 [STASH_COMPACT] §f               §8(This totals 1 type of material stashed!)
21:24:13 [allowed] §e[SkyHanni] §bYou have §313 §bmaterials in stash, §btotalling §31 type§b. §bClick to §3pickup §byour stash!
21:24:13 [STASH_COMPACT] §f                §3§l>>> §3§lCLICK HERE§b to pick them up! §3§l<<<
21:24:13 [EMPTY]   
21:24:28 [SACKS_CHANGE] §6[Sacks] §r§a+225§r§e items§r§e, §r§c-225§r§e items§r§e.§r§8 (Last 19s.)
21:25:02 [SACKS_CHANGE] §6[Sacks] §r§a+388§r§e items§r§e, §r§c-388§r§e items§r§e.§r§8 (Last 30s.)
21:25:13 [EMPTY]  
21:25:13 [STASH_COMPACT] §f                 §7You have §313 §7materials stashed away!
21:25:13 [STASH_COMPACT] §f               §8(This totals 1 type of material stashed!)
21:25:13 [STASH_COMPACT] §f                §3§l>>> §3§lCLICK HERE§b to pick them up! §3§l<<<
21:25:13 [EMPTY]   
21:25:33 [SACKS_CHANGE] §6[Sacks] §r§a+378§r§e items§r§e, §r§c-378§r§e items§r§e.§r§8 (Last 30s.)
21:25:52 [allowed] §2Guild > §a[VIP§6+§a] himej0shi§f: §rur voice is so cute pls keep talking
21:26:04 [SACKS_CHANGE] §6[Sacks] §r§a+353§r§e items§r§e, §r§c-352§r§e items§r§e.§r§8 (Last 30s.)
21:26:14 [EMPTY]  
21:26:14 [STASH_COMPACT] §f                 §7You have §3313 §7materials stashed away!
21:26:14 [STASH_COMPACT] §f               §8(This totals 1 type of material stashed!)
21:26:14 [allowed] §e[SkyHanni] §bYou have §3313 §bmaterials in stash, §btotalling §31 type§b. §bClick to §3pickup §byour stash!
21:26:14 [STASH_COMPACT] §f                §3§l>>> §3§lCLICK HERE§b to pick them up! §3§l<<<
21:26:14 [EMPTY]   
21:26:19 [allowed] §2Guild > §a[VIP§6+§a] himej0shi§f: §rADORABLEEEEEEE
21:26:28 [allowed] §2Guild > §a[VIP§6+§a] himej0shi§f: §ri see u trying to hide ur smile fufufu
21:26:34 [SACKS_CHANGE] §6[Sacks] §r§a+262§r§e items§r§e, §r§c-263§r§e items§r§e.§r§8 (Last 30s.)
21:26:39 [allowed] §2Guild > §a[VIP§6+§a] himej0shi§f: §rmy body got excited
21:26:40 [allowed] §2Guild > §a[VIP§6+§a] himej0shi§f: §rfufufu
21:27:06 [SACKS_CHANGE] §6[Sacks] §r§a+333§r§e items§r§e, §r§c-333§r§e items§r§e.§r§8 (Last 30s.)
21:27:14 [EMPTY]  
21:27:14 [STASH_COMPACT] §f                §7You have §33,142 §7materials stashed away!
21:27:14 [STASH_COMPACT] §f               §8(This totals 1 type of material stashed!)
21:27:14 [allowed] §e[SkyHanni] §bYou have §33.1k §bmaterials in stash, §btotalling §31 type§b. §bClick to §3pickup §byour stash!
21:27:14 [STASH_COMPACT] §f                §3§l>>> §3§lCLICK HERE§b to pick them up! §3§l<<<
21:27:14 [EMPTY]   
21:27:37 [SACKS_CHANGE] §6[Sacks] §r§a+256§r§e items§r§e, §r§c-256§r§e items§r§e.§r§8 (Last 30s.)
21:28:08 [SACKS_CHANGE] §6[Sacks] §r§a+334§r§e items§r§e, §r§c-334§r§e items§r§e.§r§8 (Last 30s.)
21:28:14 [EMPTY]  
21:28:14 [STASH_COMPACT] §f               §7You have §311,720 §7materials stashed away!
21:28:14 [STASH_COMPACT] §f               §8(This totals 1 type of material stashed!)
21:28:14 [allowed] §e[SkyHanni] §bYou have §311k §bmaterials in stash, §btotalling §31 type§b. §bClick to §3pickup §byour stash!
21:28:14 [STASH_COMPACT] §f                §3§l>>> §3§lCLICK HERE§b to pick them up! §3§l<<<
21:28:14 [EMPTY]   
21:28:26 [allowed] §2Guild > §a[VIP§6+§a] himej0shi§f: §rsee kui sa kysid koguaeg siukseid asju see nii adorable kuna nagu väiksed lapsed küsivad koguaeg siukseid kysimusi awwww
21:28:39 [SACKS_CHANGE] §6[Sacks] §r§a+339§r§e items§r§e, §r§c-339§r§e items§r§e.§r§8 (Last 30s.)
21:29:10 [SACKS_CHANGE] §6[Sacks] §r§a+359§r§e items§r§e, §r§c-359§r§e items§r§e.§r§8 (Last 30s.)
21:29:10 [GUILD_EXP] §aYou earned §r§2750 GEXP §r§afrom playing SkyBlock!
21:29:15 [EMPTY]  
21:29:15 [STASH_COMPACT] §f               §7You have §319,142 §7materials stashed away!
21:29:15 [STASH_COMPACT] §f               §8(This totals 1 type of material stashed!)
21:29:15 [allowed] §e[SkyHanni] §bYou have §319k §bmaterials in stash, §btotalling §31 type§b. §bClick to §3pickup §byour stash!
21:29:15 [STASH_COMPACT] §f                §3§l>>> §3§lCLICK HERE§b to pick them up! §3§l<<<
21:29:15 [EMPTY]   
21:29:29 [allowed] §e[SkyHanni] §e1 §aPest Spawned in §b1§a!
21:29:29 [PESTS_SPAWN] §6§lGROSS! §7A §2Pest §7has appeared in §aPlot §7- §b1§7!
21:29:29 [PESTS_SPAWN]   §r§e§lCLICK HERE §eto teleport to the plot!
21:29:41 [SACKS_CHANGE] §6[Sacks] §r§a+380§r§e items§r§e, §r§c-380§r§e items§r§e.§r§8 (Last 30s.)
21:30:12 [SACKS_CHANGE] §6[Sacks] §r§a+312§r§e items§r§e, §r§c-312§r§e items§r§e.§r§8 (Last 30s.)
21:30:15 [EMPTY]  
21:30:15 [STASH_COMPACT] §f               §7You have §326,772 §7materials stashed away!
21:30:15 [STASH_COMPACT] §f               §8(This totals 1 type of material stashed!)
21:30:15 [allowed] §e[SkyHanni] §bYou have §326k §bmaterials in stash, §btotalling §31 type§b. §bClick to §3pickup §byour stash!
21:30:15 [STASH_COMPACT] §f                §3§l>>> §3§lCLICK HERE§b to pick them up! §3§l<<<
21:30:15 [EMPTY]   
21:30:44 [SACKS_CHANGE] §6[Sacks] §r§a+377§r§e items§r§e, §r§c-377§r§e items§r§e.§r§8 (Last 30s.)
21:31:15 [SACKS_CHANGE] §6[Sacks] §r§a+386§r§e items§r§e, §r§c-386§r§e items§r§e.§r§8 (Last 30s.)
21:31:15 [EMPTY]  
21:31:15 [STASH_COMPACT] §f               §7You have §337,147 §7materials stashed away!
21:31:15 [STASH_COMPACT] §f               §8(This totals 1 type of material stashed!)
21:31:15 [allowed] §e[SkyHanni] §bYou have §337k §bmaterials in stash, §btotalling §31 type§b. §bClick to §3pickup §byour stash!
21:31:15 [STASH_COMPACT] §f                §3§l>>> §3§lCLICK HERE§b to pick them up! §3§l<<<
21:31:15 [EMPTY]   
21:31:47 [SACKS_CHANGE] §6[Sacks] §r§a+383§r§e items§r§e, §r§c-383§r§e items§r§e.§r§8 (Last 30s.)
21:32:15 [EMPTY]  
21:32:15 [STASH_COMPACT] §f               §7You have §347,488 §7materials stashed away!
21:32:15 [STASH_COMPACT] §f               §8(This totals 1 type of material stashed!)
21:32:15 [allowed] §e[SkyHanni] §bYou have §347k §bmaterials in stash, §btotalling §31 type§b. §bClick to §3pickup §byour stash!
21:32:15 [STASH_COMPACT] §f                §3§l>>> §3§lCLICK HERE§b to pick them up! §3§l<<<
21:32:15 [EMPTY]   
21:32:18 [SACKS_CHANGE] §6[Sacks] §r§a+370§r§e items§r§e, §r§c-370§r§e items§r§e.§r§8 (Last 30s.)
21:32:49 [SACKS_CHANGE] §6[Sacks] §r§a+374§r§e items§r§e, §r§c-375§r§e items§r§e.§r§8 (Last 30s.)
21:33:15 [EMPTY]  
21:33:15 [STASH_COMPACT] §f               §7You have §351,610 §7materials stashed away!
21:33:15 [STASH_COMPACT] §f               §8(This totals 1 type of material stashed!)
21:33:15 [allowed] §e[SkyHanni] §bYou have §351k §bmaterials in stash, §btotalling §31 type§b. §bClick to §3pickup §byour stash!
21:33:15 [STASH_COMPACT] §f                §3§l>>> §3§lCLICK HERE§b to pick them up! §3§l<<<
21:33:15 [EMPTY]   
21:34:11 [GUILD_EXP] §aYou earned §r§2750 GEXP §r§afrom playing SkyBlock!
21:34:16 [EMPTY]  
21:34:16 [STASH_COMPACT] §f               §7You have §351,610 §7materials stashed away!
21:34:16 [STASH_COMPACT] §f               §8(This totals 1 type of material stashed!)
21:34:16 [STASH_COMPACT] §f                §3§l>>> §3§lCLICK HERE§b to pick them up! §3§l<<<
21:34:16 [EMPTY]   
21:35:00 [LOTTERY] §bNew day! §r§eYour §r§2Lottery §r§ebuff changed!
21:35:00 [LOTTERY] §eNew buff§r§r§r: §r§fGain §r§a+50 §r§6☘ Fig Fortune§r§f.
21:35:00 [LOTTERY] §8§oYou can disable this messaging by toggling Lottery in your /hotf!
21:35:16 [EMPTY]  
21:35:16 [STASH_COMPACT] §f               §7You have §351,610 §7materials stashed away!
21:35:16 [STASH_COMPACT] §f               §8(This totals 1 type of material stashed!)
21:35:16 [STASH_COMPACT] §f                §3§l>>> §3§lCLICK HERE§b to pick them up! §3§l<<<
21:35:16 [EMPTY]   
21:36:16 [EMPTY]  
21:36:16 [STASH_COMPACT] §f               §7You have §351,610 §7materials stashed away!
21:36:16 [STASH_COMPACT] §f               §8(This totals 1 type of material stashed!)
21:36:16 [STASH_COMPACT] §f                §3§l>>> §3§lCLICK HERE§b to pick them up! §3§l<<<
21:36:16 [EMPTY]   
21:36:25 [allowed] §e[SkyHanni] §e1 §aPest Spawned in §b1§a!
21:36:25 [PESTS_SPAWN] §6§lGROSS! §7A §2Pest §7has appeared in §aPlot §7- §b1§7!
21:36:25 [PESTS_SPAWN]   §r§e§lCLICK HERE §eto teleport to the plot!
21:37:16 [EMPTY]  
21:37:16 [STASH_COMPACT] §f               §7You have §351,610 §7materials stashed away!
21:37:16 [STASH_COMPACT] §f               §8(This totals 1 type of material stashed!)
21:37:16 [STASH_COMPACT] §f                §3§l>>> §3§lCLICK HERE§b to pick them up! §3§l<<<
21:37:16 [EMPTY]   
21:38:16 [EMPTY]  
21:38:16 [STASH_COMPACT] §f               §7You have §351,610 §7materials stashed away!
21:38:16 [STASH_COMPACT] §f               §8(This totals 1 type of material stashed!)
21:38:16 [STASH_COMPACT] §f                §3§l>>> §3§lCLICK HERE§b to pick them up! §3§l<<<
21:38:16 [EMPTY]   
21:38:16 [allowed] §eYour Agronomy Sack §r§eis full of §r§fCarrot§r§e!
21:38:22 [SACKS_CHANGE] §6[Sacks] §r§a+2§r§e items§r§e.§r§8 (Last 5s.)
21:38:30 [allowed] §eFrom stash: §r§fCarrot
21:38:30 [allowed] §eFrom stash: §r§fCarrot
21:38:30 [allowed] §eFrom stash: §r§fCarrot
21:38:30 [allowed] §eFrom stash: §r§fCarrot
21:38:30 [allowed] §eFrom stash: §r§fCarrot
21:38:30 [allowed] §eFrom stash: §r§fCarrot
21:38:30 [allowed] §eFrom stash: §r§fCarrot
21:38:30 [allowed] §eFrom stash: §r§fCarrot
21:38:30 [allowed] §eFrom stash: §r§fCarrot
21:38:30 [allowed] §eFrom stash: §r§fCarrot
21:38:30 [allowed] §eFrom stash: §r§fCarrot
21:38:30 [allowed] §eFrom stash: §r§fCarrot
21:38:30 [allowed] §eFrom stash: §r§fCarrot
21:38:30 [allowed] §eYou picked up §r§a806 §r§eitems from your material stash!
21:38:30 [allowed] §eYou still have §a50,778 materials §etotalling §b1 §etypes of materials in there!
21:38:34 [allowed] §eFrom stash: §r§fCarrot
21:38:34 [allowed] §eFrom stash: §r§fCarrot
21:38:34 [allowed] §eFrom stash: §r§fCarrot
21:38:34 [allowed] §eFrom stash: §r§fCarrot
21:38:34 [allowed] §eFrom stash: §r§fCarrot
21:38:34 [allowed] §eFrom stash: §r§fCarrot
21:38:34 [allowed] §eFrom stash: §r§fCarrot
21:38:34 [allowed] §eFrom stash: §r§fCarrot
21:38:34 [allowed] §eYou picked up §r§a496 §r§eitems from your material stash!
21:38:34 [allowed] §eYou still have §a50,266 materials §etotalling §b1 §etypes of materials in there!
21:38:37 [allowed] §e[SkyHanni] You have gained §b357 §eBits.
21:38:44 [allowed] §eYour Agronomy Sack §r§eis full of §r§fCarrot§r§e!
21:38:46 [allowed] §7Warping you to your SkyBlock island...
21:38:46 [allowed] §7Sending to server mini143BS...
21:38:46 [EMPTY] §8 §r§8 §r§1 §r§3 §r§3 §r§7 §r§8 
21:38:47 [allowed] §6HUNT §e- Your trap on §bGalatea §ecaught a §aSalmon Shard§e!
21:38:47 [allowed] §7[§eClick here to collect it.§7]
21:38:49 [PROFILE_JOIN] §aYou are playing on profile: §eLemon§b (Co-op)
21:38:49 [PROFILE_JOIN] §8Profile ID: 62b760d8-92b6-4501-ada0-1fd8583f5266
21:38:51 [EMPTY]  
21:38:51 [STASH_COMPACT] §f               §7You have §350,266 §7materials stashed away!
21:38:51 [STASH_COMPACT] §f               §8(This totals 1 type of material stashed!)
21:38:51 [allowed] §e[SkyHanni] §bYou have §350k §bmaterials in stash, §btotalling §31 type§b. §bClick to §3pickup §byour stash!
21:38:51 [STASH_COMPACT] §f                §3§l>>> §3§lCLICK HERE§b to pick them up! §3§l<<<
21:38:51 [EMPTY]   
21:38:51 [LOTTERY] §bNew day! §r§eYour §r§2Lottery §r§ebuff changed!
21:38:51 [LOTTERY] §eNew buff§r§r§r: §r§fGain §r§a+50 §r§6☘ Fig Fortune§r§f.
21:38:51 [LOTTERY] §8§oYou can disable this messaging by toggling Lottery in your /hotf!
21:39:46 [allowed] §6HUNT §e- Your trap on §bGalatea §ecaught a §aSalmon Shard§e!
21:39:46 [allowed] §7[§eClick here to collect it.§7]
21:39:51 [EMPTY]  
21:39:51 [STASH_COMPACT] §f               §7You have §350,266 §7materials stashed away!
21:39:51 [STASH_COMPACT] §f               §8(This totals 1 type of material stashed!)
21:39:51 [STASH_COMPACT] §f                §3§l>>> §3§lCLICK HERE§b to pick them up! §3§l<<<
21:39:51 [EMPTY]   
21:39:54 [allowed] §eFrom stash: §r§fCarrot
21:39:54 [allowed] §eFrom stash: §r§fCarrot
21:39:54 [allowed] §eFrom stash: §r§fCarrot
21:39:54 [allowed] §eFrom stash: §r§fCarrot
21:39:54 [allowed] §eFrom stash: §r§fCarrot
21:39:54 [allowed] §eFrom stash: §r§fCarrot
21:39:54 [allowed] §eFrom stash: §r§fCarrot
21:39:54 [allowed] §eFrom stash: §r§fCarrot
21:39:54 [allowed] §eFrom stash: §r§fCarrot
21:39:54 [allowed] §eFrom stash: §r§fCarrot
21:39:54 [allowed] §eFrom stash: §r§fCarrot
21:39:54 [allowed] §eFrom stash: §r§fCarrot
21:39:54 [allowed] §eFrom stash: §r§fCarrot
21:39:54 [allowed] §eFrom stash: §r§fCarrot
21:39:54 [allowed] §eFrom stash: §r§fCarrot
21:39:54 [allowed] §eFrom stash: §r§fCarrot
21:39:54 [allowed] §eFrom stash: §r§fCarrot
21:39:54 [allowed] §eFrom stash: §r§fCarrot
21:39:54 [allowed] §eYou picked up §r§a1116 §r§eitems from your material stash!
21:39:54 [allowed] §eYou still have §a49,114 materials §etotalling §b1 §etypes of materials in there!
21:39:58 [allowed] §eFrom stash: §r§fCarrot
21:39:58 [allowed] §eFrom stash: §r§fCarrot
21:39:58 [allowed] §eFrom stash: §r§fCarrot
21:39:58 [allowed] §eFrom stash: §r§fCarrot
21:39:58 [allowed] §eFrom stash: §r§fCarrot
21:39:58 [allowed] §eFrom stash: §r§fCarrot
21:39:58 [allowed] §eFrom stash: §r§fCarrot
21:39:58 [allowed] §eFrom stash: §r§fCarrot
21:39:58 [allowed] §eFrom stash: §r§fCarrot
21:39:58 [allowed] §eFrom stash: §r§fCarrot
21:39:58 [allowed] §eFrom stash: §r§fCarrot
21:39:58 [allowed] §eFrom stash: §r§fCarrot
21:39:58 [allowed] §eFrom stash: §r§fCarrot
21:39:58 [allowed] §eFrom stash: §r§fCarrot
21:39:58 [allowed] §eFrom stash: §r§fCarrot
21:39:58 [allowed] §eFrom stash: §r§fCarrot
21:39:58 [allowed] §eFrom stash: §r§fCarrot
21:39:58 [allowed] §eFrom stash: §r§fCarrot
21:39:58 [allowed] §eYou picked up §r§a1116 §r§eitems from your material stash!
21:39:58 [allowed] §eYou still have §a47,962 materials §etotalling §b1 §etypes of materials in there!
21:40:21 [allowed] §eFrom stash: §r§fCarrot
21:40:21 [allowed] §eFrom stash: §r§fCarrot
21:40:21 [allowed] §eFrom stash: §r§fCarrot
21:40:21 [allowed] §eFrom stash: §r§fCarrot
21:40:21 [allowed] §eFrom stash: §r§fCarrot
21:40:21 [allowed] §eFrom stash: §r§fCarrot
21:40:21 [allowed] §eFrom stash: §r§fCarrot
21:40:21 [allowed] §eFrom stash: §r§fCarrot
21:40:21 [allowed] §eFrom stash: §r§fCarrot
21:40:21 [allowed] §eFrom stash: §r§fCarrot
21:40:21 [allowed] §eFrom stash: §r§fCarrot
21:40:21 [allowed] §eFrom stash: §r§fCarrot
21:40:21 [allowed] §eFrom stash: §r§fCarrot
21:40:21 [allowed] §eFrom stash: §r§fCarrot
21:40:21 [allowed] §eFrom stash: §r§fCarrot
21:40:21 [allowed] §eFrom stash: §r§fCarrot
21:40:21 [allowed] §eYou picked up §r§a480 §r§eitems from your material stash!
21:40:21 [allowed] §eYou still have §a46,938 materials §etotalling §b1 §etypes of materials in there!
21:40:22 [allowed] §cCommand Failed: This command is on cooldown! Try again in §r§6about a second§r§c!
21:40:23 [allowed] §eFrom stash: §r§fCarrot
21:40:23 [allowed] §eFrom stash: §r§fCarrot
21:40:23 [allowed] §eFrom stash: §r§fCarrot
21:40:23 [allowed] §eFrom stash: §r§fCarrot
21:40:23 [allowed] §eFrom stash: §r§fCarrot
21:40:23 [allowed] §eFrom stash: §r§fCarrot
21:40:23 [allowed] §eFrom stash: §r§fCarrot
21:40:23 [allowed] §eFrom stash: §r§fCarrot
21:40:23 [allowed] §eFrom stash: §r§fCarrot
21:40:23 [allowed] §eFrom stash: §r§fCarrot
21:40:23 [allowed] §eFrom stash: §r§fCarrot
21:40:23 [allowed] §eFrom stash: §r§fCarrot
21:40:23 [allowed] §eFrom stash: §r§fCarrot
21:40:23 [allowed] §eFrom stash: §r§fCarrot
21:40:23 [allowed] §eFrom stash: §r§fCarrot
21:40:23 [allowed] §eFrom stash: §r§fCarrot
21:40:23 [allowed] §eFrom stash: §r§fCarrot
21:40:23 [allowed] §eFrom stash: §r§fCarrot
21:40:23 [allowed] §eYou picked up §r§a1116 §r§eitems from your material stash!
21:40:23 [allowed] §eYou still have §a45,786 materials §etotalling §b1 §etypes of materials in there!
21:40:25 [allowed] §eFrom stash: §r§fCarrot
21:40:25 [allowed] §eFrom stash: §r§fCarrot
21:40:25 [allowed] §eFrom stash: §r§fCarrot
21:40:25 [allowed] §eFrom stash: §r§fCarrot
21:40:25 [allowed] §eFrom stash: §r§fCarrot
21:40:25 [allowed] §eFrom stash: §r§fCarrot
21:40:25 [allowed] §eFrom stash: §r§fCarrot
21:40:25 [allowed] §eFrom stash: §r§fCarrot
21:40:25 [allowed] §eFrom stash: §r§fCarrot
21:40:25 [allowed] §eFrom stash: §r§fCarrot
21:40:25 [allowed] §eFrom stash: §r§fCarrot
21:40:25 [allowed] §eFrom stash: §r§fCarrot
21:40:25 [allowed] §eFrom stash: §r§fCarrot
21:40:25 [allowed] §eFrom stash: §r§fCarrot
21:40:25 [allowed] §eFrom stash: §r§fCarrot
21:40:25 [allowed] §eFrom stash: §r§fCarrot
21:40:25 [allowed] §eFrom stash: §r§fCarrot
21:40:25 [allowed] §eYou picked up §r§a510 §r§eitems from your material stash!
21:40:25 [allowed] §eYou still have §a44,698 materials §etotalling §b1 §etypes of materials in there!
21:40:26 [allowed] §cCommand Failed: This command is on cooldown! Try again in §r§6about a second§r§c!
21:40:27 [allowed] §eFrom stash: §r§fCarrot
21:40:27 [allowed] §eFrom stash: §r§fCarrot
21:40:27 [allowed] §eFrom stash: §r§fCarrot
21:40:27 [allowed] §eFrom stash: §r§fCarrot
21:40:27 [allowed] §eFrom stash: §r§fCarrot
21:40:27 [allowed] §eFrom stash: §r§fCarrot
21:40:27 [allowed] §eFrom stash: §r§fCarrot
21:40:27 [allowed] §eFrom stash: §r§fCarrot
21:40:27 [allowed] §eFrom stash: §r§fCarrot
21:40:27 [allowed] §eFrom stash: §r§fCarrot
21:40:27 [allowed] §eFrom stash: §r§fCarrot
21:40:27 [allowed] §eFrom stash: §r§fCarrot
21:40:27 [allowed] §eFrom stash: §r§fCarrot
21:40:27 [allowed] §eFrom stash: §r§fCarrot
21:40:27 [allowed] §eFrom stash: §r§fCarrot
21:40:27 [allowed] §eFrom stash: §r§fCarrot
21:40:27 [allowed] §eFrom stash: §r§fCarrot
21:40:27 [allowed] §eFrom stash: §r§fCarrot
21:40:27 [allowed] §eYou picked up §r§a1116 §r§eitems from your material stash!
21:40:27 [allowed] §eYou still have §a43,546 materials §etotalling §b1 §etypes of materials in there!
21:40:31 [allowed] §eFrom stash: §r§fCarrot
21:40:31 [allowed] §eFrom stash: §r§fCarrot
21:40:31 [allowed] §eFrom stash: §r§fCarrot
21:40:31 [allowed] §eFrom stash: §r§fCarrot
21:40:31 [allowed] §eFrom stash: §r§fCarrot
21:40:31 [allowed] §eFrom stash: §r§fCarrot
21:40:31 [allowed] §eFrom stash: §r§fCarrot
21:40:31 [allowed] §eFrom stash: §r§fCarrot
21:40:31 [allowed] §eFrom stash: §r§fCarrot
21:40:31 [allowed] §eFrom stash: §r§fCarrot
21:40:31 [allowed] §eFrom stash: §r§fCarrot
21:40:31 [allowed] §eFrom stash: §r§fCarrot
21:40:31 [allowed] §eFrom stash: §r§fCarrot
21:40:31 [allowed] §eFrom stash: §r§fCarrot
21:40:31 [allowed] §eFrom stash: §r§fCarrot
21:40:31 [allowed] §eFrom stash: §r§fCarrot
21:40:31 [allowed] §eFrom stash: §r§fCarrot
21:40:31 [allowed] §eYou picked up §r§a510 §r§eitems from your material stash!
21:40:31 [allowed] §eYou still have §a42,458 materials §etotalling §b1 §etypes of materials in there!
21:40:33 [allowed] §cYou cannot pick these items up while in an inventory.
21:40:37 [allowed] §cYou cannot pick these items up while in an inventory.
21:40:39 [allowed] §eFrom stash: §r§fCarrot
21:40:39 [allowed] §eFrom stash: §r§fCarrot
21:40:39 [allowed] §eFrom stash: §r§fCarrot
21:40:39 [allowed] §eFrom stash: §r§fCarrot
21:40:39 [allowed] §eFrom stash: §r§fCarrot
21:40:39 [allowed] §eFrom stash: §r§fCarrot
21:40:39 [allowed] §eFrom stash: §r§fCarrot
21:40:39 [allowed] §eFrom stash: §r§fCarrot
21:40:39 [allowed] §eFrom stash: §r§fCarrot
21:40:39 [allowed] §eFrom stash: §r§fCarrot
21:40:39 [allowed] §eFrom stash: §r§fCarrot
21:40:39 [allowed] §eFrom stash: §r§fCarrot
21:40:39 [allowed] §eFrom stash: §r§fCarrot
21:40:39 [allowed] §eFrom stash: §r§fCarrot
21:40:39 [allowed] §eFrom stash: §r§fCarrot
21:40:39 [allowed] §eFrom stash: §r§fCarrot
21:40:39 [allowed] §eFrom stash: §r§fCarrot
21:40:39 [allowed] §eFrom stash: §r§fCarrot
21:40:39 [allowed] §eYou picked up §r§a1116 §r§eitems from your material stash!
21:40:39 [allowed] §eYou still have §a41,306 materials §etotalling §b1 §etypes of materials in there!
21:40:41 [allowed] §eFrom stash: §r§fCarrot
21:40:41 [allowed] §eFrom stash: §r§fCarrot
21:40:41 [allowed] §eFrom stash: §r§fCarrot
21:40:41 [allowed] §eFrom stash: §r§fCarrot
21:40:41 [allowed] §eFrom stash: §r§fCarrot
21:40:41 [allowed] §eFrom stash: §r§fCarrot
21:40:41 [allowed] §eFrom stash: §r§fCarrot
21:40:41 [allowed] §eFrom stash: §r§fCarrot
21:40:41 [allowed] §eFrom stash: §r§fCarrot
21:40:41 [allowed] §eFrom stash: §r§fCarrot
21:40:41 [allowed] §eFrom stash: §r§fCarrot
21:40:41 [allowed] §eFrom stash: §r§fCarrot
21:40:41 [allowed] §eFrom stash: §r§fCarrot
21:40:41 [allowed] §eFrom stash: §r§fCarrot
21:40:41 [allowed] §eFrom stash: §r§fCarrot
21:40:41 [allowed] §eFrom stash: §r§fCarrot
21:40:41 [allowed] §eFrom stash: §r§fCarrot
21:40:41 [allowed] §eYou picked up §r§a510 §r§eitems from your material stash!
21:40:41 [allowed] §eYou still have §a40,218 materials §etotalling §b1 §etypes of materials in there!
21:40:44 [allowed] §eFrom stash: §r§fCarrot
21:40:44 [allowed] §eFrom stash: §r§fCarrot
21:40:44 [allowed] §eFrom stash: §r§fCarrot
21:40:44 [allowed] §eFrom stash: §r§fCarrot
21:40:44 [allowed] §eFrom stash: §r§fCarrot
21:40:44 [allowed] §eFrom stash: §r§fCarrot
21:40:44 [allowed] §eFrom stash: §r§fCarrot
21:40:44 [allowed] §eFrom stash: §r§fCarrot
21:40:44 [allowed] §eFrom stash: §r§fCarrot
21:40:44 [allowed] §eFrom stash: §r§fCarrot
21:40:44 [allowed] §eFrom stash: §r§fCarrot
21:40:44 [allowed] §eFrom stash: §r§fCarrot
21:40:44 [allowed] §eFrom stash: §r§fCarrot
21:40:44 [allowed] §eFrom stash: §r§fCarrot
21:40:44 [allowed] §eFrom stash: §r§fCarrot
21:40:44 [allowed] §eFrom stash: §r§fCarrot
21:40:44 [allowed] §eFrom stash: §r§fCarrot
21:40:44 [allowed] §eFrom stash: §r§fCarrot
21:40:44 [allowed] §eYou picked up §r§a1116 §r§eitems from your material stash!
21:40:44 [allowed] §eYou still have §a39,066 materials §etotalling §b1 §etypes of materials in there!
21:40:46 [allowed] §eFrom stash: §r§fCarrot
21:40:46 [allowed] §eFrom stash: §r§fCarrot
21:40:46 [allowed] §eFrom stash: §r§fCarrot
21:40:46 [allowed] §eFrom stash: §r§fCarrot
21:40:46 [allowed] §eFrom stash: §r§fCarrot
21:40:46 [allowed] §eFrom stash: §r§fCarrot
21:40:46 [allowed] §eFrom stash: §r§fCarrot
21:40:46 [allowed] §eFrom stash: §r§fCarrot
21:40:46 [allowed] §eFrom stash: §r§fCarrot
21:40:46 [allowed] §eFrom stash: §r§fCarrot
21:40:46 [allowed] §eFrom stash: §r§fCarrot
21:40:46 [allowed] §eFrom stash: §r§fCarrot
21:40:46 [allowed] §eFrom stash: §r§fCarrot
21:40:46 [allowed] §eFrom stash: §r§fCarrot
21:40:46 [allowed] §eFrom stash: §r§fCarrot
21:40:46 [allowed] §eFrom stash: §r§fCarrot
21:40:46 [allowed] §eFrom stash: §r§fCarrot
21:40:46 [allowed] §eYou picked up §r§a510 §r§eitems from your material stash!
21:40:46 [allowed] §eYou still have §a37,978 materials §etotalling §b1 §etypes of materials in there!
21:40:51 [EMPTY]  
21:40:51 [STASH_COMPACT] §f               §7You have §337,978 §7materials stashed away!
21:40:51 [STASH_COMPACT] §f               §8(This totals 1 type of material stashed!)
21:40:51 [allowed] §e[SkyHanni] §bYou have §337k §bmaterials in stash, §btotalling §31 type§b. §bClick to §3pickup §byour stash!
21:40:51 [STASH_COMPACT] §f                §3§l>>> §3§lCLICK HERE§b to pick them up! §3§l<<<
21:40:51 [EMPTY]   
21:41:17 [allowed] §eFrom stash: §r§fCarrot
21:41:17 [allowed] §eFrom stash: §r§fCarrot
21:41:17 [allowed] §eFrom stash: §r§fCarrot
21:41:17 [allowed] §eFrom stash: §r§fCarrot
21:41:17 [allowed] §eFrom stash: §r§fCarrot
21:41:17 [allowed] §eFrom stash: §r§fCarrot
21:41:17 [allowed] §eFrom stash: §r§fCarrot
21:41:17 [allowed] §eFrom stash: §r§fCarrot
21:41:17 [allowed] §eFrom stash: §r§fCarrot
21:41:17 [allowed] §eFrom stash: §r§fCarrot
21:41:17 [allowed] §eFrom stash: §r§fCarrot
21:41:17 [allowed] §eFrom stash: §r§fCarrot
21:41:17 [allowed] §eFrom stash: §r§fCarrot
21:41:17 [allowed] §eFrom stash: §r§fCarrot
21:41:17 [allowed] §eFrom stash: §r§fCarrot
21:41:17 [allowed] §eFrom stash: §r§fCarrot
21:41:17 [allowed] §eFrom stash: §r§fCarrot
21:41:17 [allowed] §eFrom stash: §r§fCarrot
21:41:17 [allowed] §eYou picked up §r§a1116 §r§eitems from your material stash!
21:41:17 [allowed] §eYou still have §a36,826 materials §etotalling §b1 §etypes of materials in there!
21:41:20 [allowed] §eFrom stash: §r§fCarrot
21:41:20 [allowed] §eFrom stash: §r§fCarrot
21:41:20 [allowed] §eFrom stash: §r§fCarrot
21:41:20 [allowed] §eFrom stash: §r§fCarrot
21:41:20 [allowed] §eFrom stash: §r§fCarrot
21:41:20 [allowed] §eFrom stash: §r§fCarrot
21:41:20 [allowed] §eFrom stash: §r§fCarrot
21:41:20 [allowed] §eFrom stash: §r§fCarrot
21:41:20 [allowed] §eFrom stash: §r§fCarrot
21:41:20 [allowed] §eFrom stash: §r§fCarrot
21:41:20 [allowed] §eFrom stash: §r§fCarrot
21:41:20 [allowed] §eFrom stash: §r§fCarrot
21:41:20 [allowed] §eFrom stash: §r§fCarrot
21:41:20 [allowed] §eFrom stash: §r§fCarrot
21:41:20 [allowed] §eFrom stash: §r§fCarrot
21:41:20 [allowed] §eFrom stash: §r§fCarrot
21:41:20 [allowed] §eYou picked up §r§a480 §r§eitems from your material stash!
21:41:20 [allowed] §eYou still have §a35,802 materials §etotalling §b1 §etypes of materials in there!
21:41:22 [allowed] §eFrom stash: §r§fCarrot
21:41:22 [allowed] §eFrom stash: §r§fCarrot
21:41:22 [allowed] §eFrom stash: §r§fCarrot
21:41:22 [allowed] §eFrom stash: §r§fCarrot
21:41:22 [allowed] §eFrom stash: §r§fCarrot
21:41:22 [allowed] §eFrom stash: §r§fCarrot
21:41:22 [allowed] §eFrom stash: §r§fCarrot
21:41:22 [allowed] §eFrom stash: §r§fCarrot
21:41:22 [allowed] §eFrom stash: §r§fCarrot
21:41:22 [allowed] §eFrom stash: §r§fCarrot
21:41:22 [allowed] §eFrom stash: §r§fCarrot
21:41:22 [allowed] §eFrom stash: §r§fCarrot
21:41:22 [allowed] §eFrom stash: §r§fCarrot
21:41:22 [allowed] §eFrom stash: §r§fCarrot
21:41:22 [allowed] §eFrom stash: §r§fCarrot
21:41:22 [allowed] §eYou picked up §r§a450 §r§eitems from your material stash!
21:41:22 [allowed] §eYou still have §a34,842 materials §etotalling §b1 §etypes of materials in there!
21:41:25 [allowed] §eFrom stash: §r§fCarrot
21:41:25 [allowed] §eFrom stash: §r§fCarrot
21:41:25 [allowed] §eFrom stash: §r§fCarrot
21:41:25 [allowed] §eFrom stash: §r§fCarrot
21:41:25 [allowed] §eFrom stash: §r§fCarrot
21:41:25 [allowed] §eFrom stash: §r§fCarrot
21:41:25 [allowed] §eFrom stash: §r§fCarrot
21:41:25 [allowed] §eFrom stash: §r§fCarrot
21:41:25 [allowed] §eFrom stash: §r§fCarrot
21:41:25 [allowed] §eFrom stash: §r§fCarrot
21:41:25 [allowed] §eFrom stash: §r§fCarrot
21:41:25 [allowed] §eFrom stash: §r§fCarrot
21:41:25 [allowed] §eFrom stash: §r§fCarrot
21:41:25 [allowed] §eFrom stash: §r§fCarrot
21:41:25 [allowed] §eFrom stash: §r§fCarrot
21:41:25 [allowed] §eYou picked up §r§a450 §r§eitems from your material stash!
21:41:25 [allowed] §eYou still have §a33,882 materials §etotalling §b1 §etypes of materials in there!
21:41:28 [allowed] §eFrom stash: §r§fCarrot
21:41:28 [allowed] §eFrom stash: §r§fCarrot
21:41:28 [allowed] §eFrom stash: §r§fCarrot
21:41:28 [allowed] §eFrom stash: §r§fCarrot
21:41:28 [allowed] §eFrom stash: §r§fCarrot
21:41:28 [allowed] §eFrom stash: §r§fCarrot
21:41:28 [allowed] §eFrom stash: §r§fCarrot
21:41:28 [allowed] §eFrom stash: §r§fCarrot
21:41:28 [allowed] §eFrom stash: §r§fCarrot
21:41:28 [allowed] §eFrom stash: §r§fCarrot
21:41:28 [allowed] §eFrom stash: §r§fCarrot
21:41:28 [allowed] §eFrom stash: §r§fCarrot
21:41:28 [allowed] §eFrom stash: §r§fCarrot
21:41:28 [allowed] §eFrom stash: §r§fCarrot
21:41:28 [allowed] §eFrom stash: §r§fCarrot
21:41:28 [allowed] §eYou picked up §r§a450 §r§eitems from your material stash!
21:41:28 [allowed] §eYou still have §a32,922 materials §etotalling §b1 §etypes of materials in there!
21:41:31 [allowed] §eFrom stash: §r§fCarrot
21:41:31 [allowed] §eFrom stash: §r§fCarrot
21:41:31 [allowed] §eFrom stash: §r§fCarrot
21:41:31 [allowed] §eFrom stash: §r§fCarrot
21:41:31 [allowed] §eFrom stash: §r§fCarrot
21:41:31 [allowed] §eFrom stash: §r§fCarrot
21:41:31 [allowed] §eFrom stash: §r§fCarrot
21:41:31 [allowed] §eFrom stash: §r§fCarrot
21:41:31 [allowed] §eFrom stash: §r§fCarrot
21:41:31 [allowed] §eFrom stash: §r§fCarrot
21:41:31 [allowed] §eFrom stash: §r§fCarrot
21:41:31 [allowed] §eFrom stash: §r§fCarrot
21:41:31 [allowed] §eFrom stash: §r§fCarrot
21:41:31 [allowed] §eFrom stash: §r§fCarrot
21:41:31 [allowed] §eFrom stash: §r§fCarrot
21:41:31 [allowed] §eYou picked up §r§a450 §r§eitems from your material stash!
21:41:31 [allowed] §eYou still have §a31,962 materials §etotalling §b1 §etypes of materials in there!
21:41:34 [allowed] §eFrom stash: §r§fCarrot
21:41:34 [allowed] §eFrom stash: §r§fCarrot
21:41:34 [allowed] §eFrom stash: §r§fCarrot
21:41:34 [allowed] §eFrom stash: §r§fCarrot
21:41:34 [allowed] §eFrom stash: §r§fCarrot
21:41:34 [allowed] §eFrom stash: §r§fCarrot
21:41:34 [allowed] §eFrom stash: §r§fCarrot
21:41:34 [allowed] §eFrom stash: §r§fCarrot
21:41:34 [allowed] §eFrom stash: §r§fCarrot
21:41:34 [allowed] §eFrom stash: §r§fCarrot
21:41:34 [allowed] §eFrom stash: §r§fCarrot
21:41:34 [allowed] §eFrom stash: §r§fCarrot
21:41:34 [allowed] §eFrom stash: §r§fCarrot
21:41:34 [allowed] §eFrom stash: §r§fCarrot
21:41:34 [allowed] §eFrom stash: §r§fCarrot
21:41:34 [allowed] §eYou picked up §r§a450 §r§eitems from your material stash!
21:41:34 [allowed] §eYou still have §a31,002 materials §etotalling §b1 §etypes of materials in there!
21:41:37 [allowed] §eFrom stash: §r§fCarrot
21:41:37 [allowed] §eFrom stash: §r§fCarrot
21:41:37 [allowed] §eFrom stash: §r§fCarrot
21:41:37 [allowed] §eFrom stash: §r§fCarrot
21:41:37 [allowed] §eFrom stash: §r§fCarrot
21:41:37 [allowed] §eFrom stash: §r§fCarrot
21:41:37 [allowed] §eFrom stash: §r§fCarrot
21:41:37 [allowed] §eFrom stash: §r§fCarrot
21:41:37 [allowed] §eFrom stash: §r§fCarrot
21:41:37 [allowed] §eFrom stash: §r§fCarrot
21:41:37 [allowed] §eFrom stash: §r§fCarrot
21:41:37 [allowed] §eFrom stash: §r§fCarrot
21:41:37 [allowed] §eFrom stash: §r§fCarrot
21:41:37 [allowed] §eFrom stash: §r§fCarrot
21:41:37 [allowed] §eFrom stash: §r§fCarrot
21:41:37 [allowed] §eYou picked up §r§a450 §r§eitems from your material stash!
21:41:37 [allowed] §eYou still have §a30,042 materials §etotalling §b1 §etypes of materials in there!
21:41:39 [allowed] §eFrom stash: §r§fCarrot
21:41:39 [allowed] §eFrom stash: §r§fCarrot
21:41:39 [allowed] §eFrom stash: §r§fCarrot
21:41:39 [allowed] §eFrom stash: §r§fCarrot
21:41:39 [allowed] §eFrom stash: §r§fCarrot
21:41:39 [allowed] §eFrom stash: §r§fCarrot
21:41:39 [allowed] §eFrom stash: §r§fCarrot
21:41:39 [allowed] §eFrom stash: §r§fCarrot
21:41:39 [allowed] §eFrom stash: §r§fCarrot
21:41:39 [allowed] §eFrom stash: §r§fCarrot
21:41:39 [allowed] §eFrom stash: §r§fCarrot
21:41:39 [allowed] §eFrom stash: §r§fCarrot
21:41:39 [allowed] §eFrom stash: §r§fCarrot
21:41:39 [allowed] §eFrom stash: §r§fCarrot
21:41:39 [allowed] §eFrom stash: §r§fCarrot
21:41:39 [allowed] §eYou picked up §r§a450 §r§eitems from your material stash!
21:41:39 [allowed] §eYou still have §a29,082 materials §etotalling §b1 §etypes of materials in there!
21:41:42 [allowed] §eFrom stash: §r§fCarrot
21:41:42 [allowed] §eFrom stash: §r§fCarrot
21:41:42 [allowed] §eFrom stash: §r§fCarrot
21:41:42 [allowed] §eFrom stash: §r§fCarrot
21:41:42 [allowed] §eFrom stash: §r§fCarrot
21:41:42 [allowed] §eFrom stash: §r§fCarrot
21:41:42 [allowed] §eFrom stash: §r§fCarrot
21:41:42 [allowed] §eFrom stash: §r§fCarrot
21:41:42 [allowed] §eFrom stash: §r§fCarrot
21:41:42 [allowed] §eFrom stash: §r§fCarrot
21:41:42 [allowed] §eFrom stash: §r§fCarrot
21:41:42 [allowed] §eFrom stash: §r§fCarrot
21:41:42 [allowed] §eFrom stash: §r§fCarrot
21:41:42 [allowed] §eFrom stash: §r§fCarrot
21:41:42 [allowed] §eFrom stash: §r§fCarrot
21:41:42 [allowed] §eYou picked up §r§a450 §r§eitems from your material stash!
21:41:42 [allowed] §eYou still have §a28,122 materials §etotalling §b1 §etypes of materials in there!
21:41:46 [allowed] §eFrom stash: §r§fCarrot
21:41:46 [allowed] §eFrom stash: §r§fCarrot
21:41:46 [allowed] §eFrom stash: §r§fCarrot
21:41:46 [allowed] §eFrom stash: §r§fCarrot
21:41:46 [allowed] §eFrom stash: §r§fCarrot
21:41:46 [allowed] §eFrom stash: §r§fCarrot
21:41:46 [allowed] §eFrom stash: §r§fCarrot
21:41:46 [allowed] §eFrom stash: §r§fCarrot
21:41:46 [allowed] §eFrom stash: §r§fCarrot
21:41:46 [allowed] §eFrom stash: §r§fCarrot
21:41:46 [allowed] §eFrom stash: §r§fCarrot
21:41:46 [allowed] §eFrom stash: §r§fCarrot
21:41:46 [allowed] §eFrom stash: §r§fCarrot
21:41:46 [allowed] §eFrom stash: §r§fCarrot
21:41:46 [allowed] §eFrom stash: §r§fCarrot
21:41:46 [allowed] §eYou picked up §r§a450 §r§eitems from your material stash!
21:41:46 [allowed] §eYou still have §a27,162 materials §etotalling §b1 §etypes of materials in there!
21:41:48 [allowed] §eFrom stash: §r§fCarrot
21:41:48 [allowed] §eFrom stash: §r§fCarrot
21:41:48 [allowed] §eFrom stash: §r§fCarrot
21:41:48 [allowed] §eFrom stash: §r§fCarrot
21:41:48 [allowed] §eFrom stash: §r§fCarrot
21:41:48 [allowed] §eFrom stash: §r§fCarrot
21:41:48 [allowed] §eFrom stash: §r§fCarrot
21:41:48 [allowed] §eFrom stash: §r§fCarrot
21:41:48 [allowed] §eFrom stash: §r§fCarrot
21:41:48 [allowed] §eFrom stash: §r§fCarrot
21:41:48 [allowed] §eFrom stash: §r§fCarrot
21:41:48 [allowed] §eFrom stash: §r§fCarrot
21:41:48 [allowed] §eFrom stash: §r§fCarrot
21:41:48 [allowed] §eFrom stash: §r§fCarrot
21:41:48 [allowed] §eYou picked up §r§a420 §r§eitems from your material stash!
21:41:48 [allowed] §eYou still have §a26,266 materials §etotalling §b1 §etypes of materials in there!
21:41:51 [allowed] §eFrom stash: §r§fCarrot
21:41:51 [allowed] §eFrom stash: §r§fCarrot
21:41:51 [allowed] §eFrom stash: §r§fCarrot
21:41:51 [allowed] §eFrom stash: §r§fCarrot
21:41:51 [allowed] §eFrom stash: §r§fCarrot
21:41:51 [allowed] §eFrom stash: §r§fCarrot
21:41:51 [allowed] §eFrom stash: §r§fCarrot
21:41:51 [allowed] §eFrom stash: §r§fCarrot
21:41:51 [allowed] §eFrom stash: §r§fCarrot
21:41:51 [allowed] §eFrom stash: §r§fCarrot
21:41:51 [allowed] §eFrom stash: §r§fCarrot
21:41:51 [allowed] §eFrom stash: §r§fCarrot
21:41:51 [allowed] §eFrom stash: §r§fCarrot
21:41:51 [allowed] §eFrom stash: §r§fCarrot
21:41:51 [allowed] §eFrom stash: §r§fCarrot
21:41:51 [allowed] §eYou picked up §r§a450 §r§eitems from your material stash!
21:41:51 [allowed] §eYou still have §a25,306 materials §etotalling §b1 §etypes of materials in there!
21:41:51 [EMPTY]  
21:41:51 [STASH_COMPACT] §f               §7You have §325,306 §7materials stashed away!
21:41:51 [STASH_COMPACT] §f               §8(This totals 1 type of material stashed!)
21:41:51 [allowed] §e[SkyHanni] §bYou have §325k §bmaterials in stash, §btotalling §31 type§b. §bClick to §3pickup §byour stash!
21:41:51 [STASH_COMPACT] §f                §3§l>>> §3§lCLICK HERE§b to pick them up! §3§l<<<
21:41:51 [EMPTY]   
21:41:52 [allowed] §2Guild > §a[VIP§6+§a] himej0shi§f: §rtahan nähak uidas sa katsud ennast minu ees
21:41:54 [allowed] §eFrom stash: §r§fCarrot
21:41:54 [allowed] §eFrom stash: §r§fCarrot
21:41:54 [allowed] §eFrom stash: §r§fCarrot
21:41:54 [allowed] §eFrom stash: §r§fCarrot
21:41:54 [allowed] §eFrom stash: §r§fCarrot
21:41:54 [allowed] §eFrom stash: §r§fCarrot
21:41:54 [allowed] §eFrom stash: §r§fCarrot
21:41:54 [allowed] §eFrom stash: §r§fCarrot
21:41:54 [allowed] §eFrom stash: §r§fCarrot
21:41:54 [allowed] §eFrom stash: §r§fCarrot
21:41:54 [allowed] §eFrom stash: §r§fCarrot
21:41:54 [allowed] §eFrom stash: §r§fCarrot
21:41:54 [allowed] §eFrom stash: §r§fCarrot
21:41:54 [allowed] §eFrom stash: §r§fCarrot
21:41:54 [allowed] §eFrom stash: §r§fCarrot
21:41:54 [allowed] §eYou picked up §r§a450 §r§eitems from your material stash!
21:41:54 [allowed] §eYou still have §a24,346 materials §etotalling §b1 §etypes of materials in there!
21:41:57 [allowed] §2Guild > §a[VIP§6+§a] himej0shi§f: §rlis mind vaadates
21:41:57 [allowed] §eFrom stash: §r§fCarrot
21:41:57 [allowed] §eFrom stash: §r§fCarrot
21:41:57 [allowed] §eFrom stash: §r§fCarrot
21:41:57 [allowed] §eFrom stash: §r§fCarrot
21:41:57 [allowed] §eFrom stash: §r§fCarrot
21:41:57 [allowed] §eFrom stash: §r§fCarrot
21:41:57 [allowed] §eFrom stash: §r§fCarrot
21:41:57 [allowed] §eFrom stash: §r§fCarrot
21:41:57 [allowed] §eFrom stash: §r§fCarrot
21:41:57 [allowed] §eFrom stash: §r§fCarrot
21:41:57 [allowed] §eFrom stash: §r§fCarrot
21:41:57 [allowed] §eFrom stash: §r§fCarrot
21:41:57 [allowed] §eFrom stash: §r§fCarrot
21:41:57 [allowed] §eFrom stash: §r§fCarrot
21:41:57 [allowed] §eFrom stash: §r§fCarrot
21:41:57 [allowed] §eYou picked up §r§a450 §r§eitems from your material stash!
21:41:57 [allowed] §eYou still have §a23,386 materials §etotalling §b1 §etypes of materials in there!
21:42:01 [allowed] §eFrom stash: §r§fCarrot
21:42:01 [allowed] §eFrom stash: §r§fCarrot
21:42:01 [allowed] §eFrom stash: §r§fCarrot
21:42:01 [allowed] §eFrom stash: §r§fCarrot
21:42:01 [allowed] §eFrom stash: §r§fCarrot
21:42:01 [allowed] §eFrom stash: §r§fCarrot
21:42:01 [allowed] §eFrom stash: §r§fCarrot
21:42:01 [allowed] §eFrom stash: §r§fCarrot
21:42:01 [allowed] §eFrom stash: §r§fCarrot
21:42:01 [allowed] §eFrom stash: §r§fCarrot
21:42:01 [allowed] §eFrom stash: §r§fCarrot
21:42:01 [allowed] §eFrom stash: §r§fCarrot
21:42:01 [allowed] §eFrom stash: §r§fCarrot
21:42:01 [allowed] §eFrom stash: §r§fCarrot
21:42:01 [allowed] §eFrom stash: §r§fCarrot
21:42:01 [allowed] §eYou picked up §r§a450 §r§eitems from your material stash!
21:42:01 [allowed] §eYou still have §a22,426 materials §etotalling §b1 §etypes of materials in there!
21:42:05 [allowed] §eFrom stash: §r§fCarrot
21:42:05 [allowed] §eFrom stash: §r§fCarrot
21:42:05 [allowed] §eFrom stash: §r§fCarrot
21:42:05 [allowed] §eFrom stash: §r§fCarrot
21:42:05 [allowed] §eFrom stash: §r§fCarrot
21:42:05 [allowed] §eFrom stash: §r§fCarrot
21:42:05 [allowed] §eFrom stash: §r§fCarrot
21:42:05 [allowed] §eFrom stash: §r§fCarrot
21:42:05 [allowed] §eFrom stash: §r§fCarrot
21:42:06 [allowed] §eFrom stash: §r§fCarrot
21:42:06 [allowed] §eFrom stash: §r§fCarrot
21:42:06 [allowed] §eFrom stash: §r§fCarrot
21:42:06 [allowed] §eFrom stash: §r§fCarrot
21:42:06 [allowed] §eFrom stash: §r§fCarrot
21:42:06 [allowed] §eFrom stash: §r§fCarrot
21:42:06 [allowed] §eYou picked up §r§a450 §r§eitems from your material stash!
21:42:06 [allowed] §eYou still have §a21,466 materials §etotalling §b1 §etypes of materials in there!
21:42:08 [allowed] §eFrom stash: §r§fCarrot
21:42:08 [allowed] §eFrom stash: §r§fCarrot
21:42:08 [allowed] §eFrom stash: §r§fCarrot
21:42:08 [allowed] §eFrom stash: §r§fCarrot
21:42:08 [allowed] §eFrom stash: §r§fCarrot
21:42:08 [allowed] §eFrom stash: §r§fCarrot
21:42:08 [allowed] §eFrom stash: §r§fCarrot
21:42:08 [allowed] §eFrom stash: §r§fCarrot
21:42:08 [allowed] §eFrom stash: §r§fCarrot
21:42:08 [allowed] §eFrom stash: §r§fCarrot
21:42:08 [allowed] §eFrom stash: §r§fCarrot
21:42:08 [allowed] §eFrom stash: §r§fCarrot
21:42:08 [allowed] §eFrom stash: §r§fCarrot
21:42:08 [allowed] §eFrom stash: §r§fCarrot
21:42:08 [allowed] §eFrom stash: §r§fCarrot
21:42:08 [allowed] §eYou picked up §r§a450 §r§eitems from your material stash!
21:42:08 [allowed] §eYou still have §a20,506 materials §etotalling §b1 §etypes of materials in there!
21:42:21 [allowed] §eFrom stash: §r§fCarrot
21:42:21 [allowed] §eFrom stash: §r§fCarrot
21:42:21 [allowed] §eFrom stash: §r§fCarrot
21:42:21 [allowed] §eFrom stash: §r§fCarrot
21:42:21 [allowed] §eFrom stash: §r§fCarrot
21:42:21 [allowed] §eFrom stash: §r§fCarrot
21:42:21 [allowed] §eFrom stash: §r§fCarrot
21:42:21 [allowed] §eFrom stash: §r§fCarrot
21:42:21 [allowed] §eFrom stash: §r§fCarrot
21:42:21 [allowed] §eFrom stash: §r§fCarrot
21:42:21 [allowed] §eFrom stash: §r§fCarrot
21:42:21 [allowed] §eFrom stash: §r§fCarrot
21:42:21 [allowed] §eFrom stash: §r§fCarrot
21:42:21 [allowed] §eFrom stash: §r§fCarrot
21:42:21 [allowed] §eFrom stash: §r§fCarrot
21:42:21 [allowed] §eYou picked up §r§a450 §r§eitems from your material stash!
21:42:21 [allowed] §eYou still have §a19,546 materials §etotalling §b1 §etypes of materials in there!
21:42:21 [allowed] §cCommand Failed: This command is on cooldown! Try again in §r§6about a second§r§c!
21:42:25 [allowed] §eFrom stash: §r§fCarrot
21:42:25 [allowed] §eFrom stash: §r§fCarrot
21:42:25 [allowed] §eFrom stash: §r§fCarrot
21:42:25 [allowed] §eFrom stash: §r§fCarrot
21:42:25 [allowed] §eFrom stash: §r§fCarrot
21:42:25 [allowed] §eFrom stash: §r§fCarrot
21:42:25 [allowed] §eFrom stash: §r§fCarrot
21:42:25 [allowed] §eFrom stash: §r§fCarrot
21:42:25 [allowed] §eFrom stash: §r§fCarrot
21:42:25 [allowed] §eFrom stash: §r§fCarrot
21:42:25 [allowed] §eFrom stash: §r§fCarrot
21:42:25 [allowed] §eFrom stash: §r§fCarrot
21:42:25 [allowed] §eFrom stash: §r§fCarrot
21:42:25 [allowed] §eFrom stash: §r§fCarrot
21:42:25 [allowed] §eFrom stash: §r§fCarrot
21:42:25 [allowed] §eYou picked up §r§a450 §r§eitems from your material stash!
21:42:25 [allowed] §eYou still have §a18,586 materials §etotalling §b1 §etypes of materials in there!
21:42:30 [allowed] §eFrom stash: §r§fCarrot
21:42:30 [allowed] §eFrom stash: §r§fCarrot
21:42:30 [allowed] §eFrom stash: §r§fCarrot
21:42:30 [allowed] §eFrom stash: §r§fCarrot
21:42:30 [allowed] §eFrom stash: §r§fCarrot
21:42:30 [allowed] §eFrom stash: §r§fCarrot
21:42:30 [allowed] §eFrom stash: §r§fCarrot
21:42:30 [allowed] §eFrom stash: §r§fCarrot
21:42:30 [allowed] §eFrom stash: §r§fCarrot
21:42:30 [allowed] §eFrom stash: §r§fCarrot
21:42:30 [allowed] §eFrom stash: §r§fCarrot
21:42:30 [allowed] §eFrom stash: §r§fCarrot
21:42:30 [allowed] §eFrom stash: §r§fCarrot
21:42:30 [allowed] §eFrom stash: §r§fCarrot
21:42:30 [allowed] §eFrom stash: §r§fCarrot
21:42:30 [allowed] §eYou picked up §r§a450 §r§eitems from your material stash!
21:42:30 [allowed] §eYou still have §a17,626 materials §etotalling §b1 §etypes of materials in there!
21:42:33 [allowed] §eFrom stash: §r§fCarrot
21:42:33 [allowed] §eFrom stash: §r§fCarrot
21:42:33 [allowed] §eFrom stash: §r§fCarrot
21:42:33 [allowed] §eFrom stash: §r§fCarrot
21:42:33 [allowed] §eFrom stash: §r§fCarrot
21:42:33 [allowed] §eFrom stash: §r§fCarrot
21:42:33 [allowed] §eFrom stash: §r§fCarrot
21:42:33 [allowed] §eFrom stash: §r§fCarrot
21:42:33 [allowed] §eFrom stash: §r§fCarrot
21:42:33 [allowed] §eFrom stash: §r§fCarrot
21:42:33 [allowed] §eFrom stash: §r§fCarrot
21:42:33 [allowed] §eFrom stash: §r§fCarrot
21:42:33 [allowed] §eFrom stash: §r§fCarrot
21:42:33 [allowed] §eFrom stash: §r§fCarrot
21:42:33 [allowed] §eFrom stash: §r§fCarrot
21:42:33 [allowed] §eYou picked up §r§a450 §r§eitems from your material stash!
21:42:33 [allowed] §eYou still have §a16,666 materials §etotalling §b1 §etypes of materials in there!
21:42:36 [allowed] §eFrom stash: §r§fCarrot
21:42:36 [allowed] §eFrom stash: §r§fCarrot
21:42:36 [allowed] §eFrom stash: §r§fCarrot
21:42:36 [allowed] §eFrom stash: §r§fCarrot
21:42:36 [allowed] §eFrom stash: §r§fCarrot
21:42:36 [allowed] §eFrom stash: §r§fCarrot
21:42:36 [allowed] §eFrom stash: §r§fCarrot
21:42:36 [allowed] §eFrom stash: §r§fCarrot
21:42:36 [allowed] §eFrom stash: §r§fCarrot
21:42:36 [allowed] §eFrom stash: §r§fCarrot
21:42:36 [allowed] §eFrom stash: §r§fCarrot
21:42:36 [allowed] §eFrom stash: §r§fCarrot
21:42:36 [allowed] §eFrom stash: §r§fCarrot
21:42:36 [allowed] §eFrom stash: §r§fCarrot
21:42:36 [allowed] §eYou picked up §r§a420 §r§eitems from your material stash!
21:42:36 [allowed] §eYou still have §a15,770 materials §etotalling §b1 §etypes of materials in there!
21:42:40 [allowed] §eFrom stash: §r§fCarrot
21:42:40 [allowed] §eFrom stash: §r§fCarrot
21:42:40 [allowed] §eFrom stash: §r§fCarrot
21:42:40 [allowed] §eFrom stash: §r§fCarrot
21:42:40 [allowed] §eFrom stash: §r§fCarrot
21:42:40 [allowed] §eFrom stash: §r§fCarrot
21:42:40 [allowed] §eFrom stash: §r§fCarrot
21:42:40 [allowed] §eFrom stash: §r§fCarrot
21:42:40 [allowed] §eFrom stash: §r§fCarrot
21:42:40 [allowed] §eFrom stash: §r§fCarrot
21:42:40 [allowed] §eFrom stash: §r§fCarrot
21:42:40 [allowed] §eFrom stash: §r§fCarrot
21:42:40 [allowed] §eFrom stash: §r§fCarrot
21:42:40 [allowed] §eFrom stash: §r§fCarrot
21:42:40 [allowed] §eFrom stash: §r§fCarrot
21:42:40 [allowed] §eYou picked up §r§a450 §r§eitems from your material stash!
21:42:40 [allowed] §eYou still have §a14,810 materials §etotalling §b1 §etypes of materials in there!
21:42:43 [allowed] §eFrom stash: §r§fCarrot
21:42:43 [allowed] §eFrom stash: §r§fCarrot
21:42:43 [allowed] §eFrom stash: §r§fCarrot
21:42:43 [allowed] §eFrom stash: §r§fCarrot
21:42:43 [allowed] §eFrom stash: §r§fCarrot
21:42:43 [allowed] §eFrom stash: §r§fCarrot
21:42:43 [allowed] §eFrom stash: §r§fCarrot
21:42:43 [allowed] §eFrom stash: §r§fCarrot
21:42:43 [allowed] §eFrom stash: §r§fCarrot
21:42:43 [allowed] §eFrom stash: §r§fCarrot
21:42:43 [allowed] §eFrom stash: §r§fCarrot
21:42:43 [allowed] §eFrom stash: §r§fCarrot
21:42:43 [allowed] §eFrom stash: §r§fCarrot
21:42:43 [allowed] §eFrom stash: §r§fCarrot
21:42:43 [allowed] §eFrom stash: §r§fCarrot
21:42:43 [allowed] §eYou picked up §r§a450 §r§eitems from your material stash!
21:42:43 [allowed] §eYou still have §a13,850 materials §etotalling §b1 §etypes of materials in there!
21:42:45 [allowed] §eFrom stash: §r§fCarrot
21:42:45 [allowed] §eFrom stash: §r§fCarrot
21:42:45 [allowed] §eFrom stash: §r§fCarrot
21:42:45 [allowed] §eFrom stash: §r§fCarrot
21:42:45 [allowed] §eFrom stash: §r§fCarrot
21:42:45 [allowed] §eFrom stash: §r§fCarrot
21:42:45 [allowed] §eFrom stash: §r§fCarrot
21:42:45 [allowed] §eFrom stash: §r§fCarrot
21:42:45 [allowed] §eFrom stash: §r§fCarrot
21:42:45 [allowed] §eFrom stash: §r§fCarrot
21:42:45 [allowed] §eFrom stash: §r§fCarrot
21:42:45 [allowed] §eFrom stash: §r§fCarrot
21:42:45 [allowed] §eFrom stash: §r§fCarrot
21:42:45 [allowed] §eFrom stash: §r§fCarrot
21:42:45 [allowed] §eFrom stash: §r§fCarrot
21:42:45 [allowed] §eYou picked up §r§a450 §r§eitems from your material stash!
21:42:45 [allowed] §eYou still have §a12,890 materials §etotalling §b1 §etypes of materials in there!
21:42:52 [EMPTY]  
21:42:52 [STASH_COMPACT] §f               §7You have §312,890 §7materials stashed away!
21:42:52 [STASH_COMPACT] §f               §8(This totals 1 type of material stashed!)
21:42:52 [allowed] §e[SkyHanni] §bYou have §312k §bmaterials in stash, §btotalling §31 type§b. §bClick to §3pickup §byour stash!
21:42:52 [STASH_COMPACT] §f                §3§l>>> §3§lCLICK HERE§b to pick them up! §3§l<<<
21:42:52 [EMPTY]   
21:43:23 [allowed] §eFrom stash: §r§fCarrot
21:43:23 [allowed] §eFrom stash: §r§fCarrot
21:43:23 [allowed] §eFrom stash: §r§fCarrot
21:43:23 [allowed] §eFrom stash: §r§fCarrot
21:43:23 [allowed] §eFrom stash: §r§fCarrot
21:43:23 [allowed] §eFrom stash: §r§fCarrot
21:43:23 [allowed] §eFrom stash: §r§fCarrot
21:43:23 [allowed] §eFrom stash: §r§fCarrot
21:43:23 [allowed] §eFrom stash: §r§fCarrot
21:43:23 [allowed] §eFrom stash: §r§fCarrot
21:43:23 [allowed] §eFrom stash: §r§fCarrot
21:43:23 [allowed] §eFrom stash: §r§fCarrot
21:43:23 [allowed] §eFrom stash: §r§fCarrot
21:43:23 [allowed] §eFrom stash: §r§fCarrot
21:43:23 [allowed] §eFrom stash: §r§fCarrot
21:43:23 [allowed] §eYou picked up §r§a450 §r§eitems from your material stash!
21:43:23 [allowed] §eYou still have §a11,930 materials §etotalling §b1 §etypes of materials in there!
21:43:28 [allowed] §eFrom stash: §r§fCarrot
21:43:28 [allowed] §eFrom stash: §r§fCarrot
21:43:28 [allowed] §eFrom stash: §r§fCarrot
21:43:28 [allowed] §eFrom stash: §r§fCarrot
21:43:28 [allowed] §eFrom stash: §r§fCarrot
21:43:28 [allowed] §eFrom stash: §r§fCarrot
21:43:28 [allowed] §eFrom stash: §r§fCarrot
21:43:28 [allowed] §eFrom stash: §r§fCarrot
21:43:28 [allowed] §eFrom stash: §r§fCarrot
21:43:28 [allowed] §eFrom stash: §r§fCarrot
21:43:28 [allowed] §eFrom stash: §r§fCarrot
21:43:28 [allowed] §eFrom stash: §r§fCarrot
21:43:28 [allowed] §eFrom stash: §r§fCarrot
21:43:28 [allowed] §eFrom stash: §r§fCarrot
21:43:28 [allowed] §eFrom stash: §r§fCarrot
21:43:28 [allowed] §eYou picked up §r§a450 §r§eitems from your material stash!
21:43:28 [allowed] §eYou still have §a10,970 materials §etotalling §b1 §etypes of materials in there!
21:43:31 [allowed] §eFrom stash: §r§fCarrot
21:43:31 [allowed] §eFrom stash: §r§fCarrot
21:43:31 [allowed] §eFrom stash: §r§fCarrot
21:43:31 [allowed] §eFrom stash: §r§fCarrot
21:43:31 [allowed] §eFrom stash: §r§fCarrot
21:43:31 [allowed] §eFrom stash: §r§fCarrot
21:43:31 [allowed] §eFrom stash: §r§fCarrot
21:43:31 [allowed] §eFrom stash: §r§fCarrot
21:43:31 [allowed] §eFrom stash: §r§fCarrot
21:43:31 [allowed] §eFrom stash: §r§fCarrot
21:43:31 [allowed] §eFrom stash: §r§fCarrot
21:43:31 [allowed] §eFrom stash: §r§fCarrot
21:43:31 [allowed] §eFrom stash: §r§fCarrot
21:43:31 [allowed] §eFrom stash: §r§fCarrot
21:43:31 [allowed] §eFrom stash: §r§fCarrot
21:43:31 [allowed] §eYou picked up §r§a450 §r§eitems from your material stash!
21:43:31 [allowed] §eYou still have §a10,010 materials §etotalling §b1 §etypes of materials in there!
21:43:34 [allowed] §eFrom stash: §r§fCarrot
21:43:34 [allowed] §eFrom stash: §r§fCarrot
21:43:34 [allowed] §eFrom stash: §r§fCarrot
21:43:34 [allowed] §eFrom stash: §r§fCarrot
21:43:34 [allowed] §eFrom stash: §r§fCarrot
21:43:34 [allowed] §eFrom stash: §r§fCarrot
21:43:34 [allowed] §eFrom stash: §r§fCarrot
21:43:34 [allowed] §eFrom stash: §r§fCarrot
21:43:34 [allowed] §eFrom stash: §r§fCarrot
21:43:34 [allowed] §eFrom stash: §r§fCarrot
21:43:34 [allowed] §eFrom stash: §r§fCarrot
21:43:34 [allowed] §eFrom stash: §r§fCarrot
21:43:34 [allowed] §eFrom stash: §r§fCarrot
21:43:34 [allowed] §eFrom stash: §r§fCarrot
21:43:34 [allowed] §eFrom stash: §r§fCarrot
21:43:34 [allowed] §eYou picked up §r§a450 §r§eitems from your material stash!
21:43:34 [allowed] §eYou still have §a9,050 materials §etotalling §b1 §etypes of materials in there!
21:43:37 [allowed] §eFrom stash: §r§fCarrot
21:43:37 [allowed] §eFrom stash: §r§fCarrot
21:43:37 [allowed] §eFrom stash: §r§fCarrot
21:43:37 [allowed] §eFrom stash: §r§fCarrot
21:43:37 [allowed] §eFrom stash: §r§fCarrot
21:43:37 [allowed] §eFrom stash: §r§fCarrot
21:43:37 [allowed] §eFrom stash: §r§fCarrot
21:43:37 [allowed] §eFrom stash: §r§fCarrot
21:43:37 [allowed] §eFrom stash: §r§fCarrot
21:43:37 [allowed] §eFrom stash: §r§fCarrot
21:43:37 [allowed] §eFrom stash: §r§fCarrot
21:43:37 [allowed] §eFrom stash: §r§fCarrot
21:43:37 [allowed] §eFrom stash: §r§fCarrot
21:43:37 [allowed] §eFrom stash: §r§fCarrot
21:43:37 [allowed] §eFrom stash: §r§fCarrot
21:43:37 [allowed] §eYou picked up §r§a450 §r§eitems from your material stash!
21:43:37 [allowed] §eYou still have §a8,090 materials §etotalling §b1 §etypes of materials in there!
21:43:40 [allowed] §eFrom stash: §r§fCarrot
21:43:40 [allowed] §eFrom stash: §r§fCarrot
21:43:40 [allowed] §eFrom stash: §r§fCarrot
21:43:40 [allowed] §eFrom stash: §r§fCarrot
21:43:40 [allowed] §eFrom stash: §r§fCarrot
21:43:40 [allowed] §eFrom stash: §r§fCarrot
21:43:40 [allowed] §eFrom stash: §r§fCarrot
21:43:40 [allowed] §eFrom stash: §r§fCarrot
21:43:40 [allowed] §eFrom stash: §r§fCarrot
21:43:40 [allowed] §eFrom stash: §r§fCarrot
21:43:40 [allowed] §eFrom stash: §r§fCarrot
21:43:40 [allowed] §eFrom stash: §r§fCarrot
21:43:40 [allowed] §eFrom stash: §r§fCarrot
21:43:40 [allowed] §eFrom stash: §r§fCarrot
21:43:40 [allowed] §eFrom stash: §r§fCarrot
21:43:40 [allowed] §eYou picked up §r§a450 §r§eitems from your material stash!
21:43:40 [allowed] §eYou still have §a7,130 materials §etotalling §b1 §etypes of materials in there!
21:43:43 [allowed] §eFrom stash: §r§fCarrot
21:43:43 [allowed] §eFrom stash: §r§fCarrot
21:43:43 [allowed] §eFrom stash: §r§fCarrot
21:43:43 [allowed] §eFrom stash: §r§fCarrot
21:43:43 [allowed] §eFrom stash: §r§fCarrot
21:43:43 [allowed] §eFrom stash: §r§fCarrot
21:43:43 [allowed] §eFrom stash: §r§fCarrot
21:43:43 [allowed] §eFrom stash: §r§fCarrot
21:43:43 [allowed] §eFrom stash: §r§fCarrot
21:43:43 [allowed] §eFrom stash: §r§fCarrot
21:43:43 [allowed] §eFrom stash: §r§fCarrot
21:43:43 [allowed] §eFrom stash: §r§fCarrot
21:43:43 [allowed] §eFrom stash: §r§fCarrot
21:43:43 [allowed] §eFrom stash: §r§fCarrot
21:43:43 [allowed] §eYou picked up §r§a420 §r§eitems from your material stash!
21:43:43 [allowed] §eYou still have §a6,234 materials §etotalling §b1 §etypes of materials in there!
21:43:46 [allowed] §eFrom stash: §r§fCarrot
21:43:46 [allowed] §eFrom stash: §r§fCarrot
21:43:46 [allowed] §eFrom stash: §r§fCarrot
21:43:46 [allowed] §eFrom stash: §r§fCarrot
21:43:46 [allowed] §eFrom stash: §r§fCarrot
21:43:46 [allowed] §eFrom stash: §r§fCarrot
21:43:46 [allowed] §eFrom stash: §r§fCarrot
21:43:46 [allowed] §eFrom stash: §r§fCarrot
21:43:46 [allowed] §eFrom stash: §r§fCarrot
21:43:46 [allowed] §eFrom stash: §r§fCarrot
21:43:46 [allowed] §eFrom stash: §r§fCarrot
21:43:46 [allowed] §eFrom stash: §r§fCarrot
21:43:46 [allowed] §eYou picked up §r§a714 §r§eitems from your material stash!
21:43:46 [allowed] §eYou still have §a5,466 materials §etotalling §b1 §etypes of materials in there!
21:43:47 [GUILD_EXP] §aYou earned §r§2226 GEXP §r§afrom playing SkyBlock!
21:43:51 [allowed] §eFrom stash: §r§fCarrot
21:43:51 [allowed] §eFrom stash: §r§fCarrot
21:43:51 [allowed] §eFrom stash: §r§fCarrot
21:43:51 [allowed] §eFrom stash: §r§fCarrot
21:43:51 [allowed] §eFrom stash: §r§fCarrot
21:43:51 [allowed] §eFrom stash: §r§fCarrot
21:43:51 [allowed] §eFrom stash: §r§fCarrot
21:43:51 [allowed] §eFrom stash: §r§fCarrot
21:43:51 [allowed] §eFrom stash: §r§fCarrot
21:43:51 [allowed] §eFrom stash: §r§fCarrot
21:43:51 [allowed] §eFrom stash: §r§fCarrot
21:43:51 [allowed] §eFrom stash: §r§fCarrot
21:43:51 [allowed] §eFrom stash: §r§fCarrot
21:43:51 [allowed] §eYou picked up §r§a390 §r§eitems from your material stash!
21:43:51 [allowed] §eYou still have §a4,634 materials §etotalling §b1 §etypes of materials in there!
21:43:52 [EMPTY]  
21:43:52 [STASH_COMPACT] §f                §7You have §34,634 §7materials stashed away!
21:43:52 [STASH_COMPACT] §f               §8(This totals 1 type of material stashed!)
21:43:52 [allowed] §e[SkyHanni] §bYou have §34.6k §bmaterials in stash, §btotalling §31 type§b. §bClick to §3pickup §byour stash!
21:43:52 [STASH_COMPACT] §f                §3§l>>> §3§lCLICK HERE§b to pick them up! §3§l<<<
21:43:52 [EMPTY]   
21:43:55 [allowed] §eFrom stash: §r§fCarrot
21:43:55 [allowed] §eFrom stash: §r§fCarrot
21:43:55 [allowed] §eFrom stash: §r§fCarrot
21:43:55 [allowed] §eFrom stash: §r§fCarrot
21:43:55 [allowed] §eFrom stash: §r§fCarrot
21:43:55 [allowed] §eFrom stash: §r§fCarrot
21:43:55 [allowed] §eFrom stash: §r§fCarrot
21:43:55 [allowed] §eFrom stash: §r§fCarrot
21:43:55 [allowed] §eFrom stash: §r§fCarrot
21:43:55 [allowed] §eFrom stash: §r§fCarrot
21:43:55 [allowed] §eFrom stash: §r§fCarrot
21:43:55 [allowed] §eFrom stash: §r§fCarrot
21:43:55 [allowed] §eFrom stash: §r§fCarrot
21:43:55 [allowed] §eYou picked up §r§a806 §r§eitems from your material stash!
21:43:55 [allowed] §eYou still have §a3,802 materials §etotalling §b1 §etypes of materials in there!
21:44:00 [allowed] §eFrom stash: §r§fCarrot
21:44:00 [allowed] §eFrom stash: §r§fCarrot
21:44:00 [allowed] §eFrom stash: §r§fCarrot
21:44:00 [allowed] §eFrom stash: §r§fCarrot
21:44:00 [allowed] §eFrom stash: §r§fCarrot
21:44:00 [allowed] §eFrom stash: §r§fCarrot
21:44:00 [allowed] §eFrom stash: §r§fCarrot
21:44:00 [allowed] §eFrom stash: §r§fCarrot
21:44:00 [allowed] §eFrom stash: §r§fCarrot
21:44:00 [allowed] §eFrom stash: §r§fCarrot
21:44:00 [allowed] §eFrom stash: §r§fCarrot
21:44:00 [allowed] §eFrom stash: §r§fCarrot
21:44:00 [allowed] §eYou picked up §r§a360 §r§eitems from your material stash!
21:44:00 [allowed] §eYou still have §a3,034 materials §etotalling §b1 §etypes of materials in there!
21:44:03 [allowed] §eFrom stash: §r§fCarrot
21:44:03 [allowed] §eFrom stash: §r§fCarrot
21:44:03 [allowed] §eFrom stash: §r§fCarrot
21:44:03 [allowed] §eFrom stash: §r§fCarrot
21:44:03 [allowed] §eFrom stash: §r§fCarrot
21:44:03 [allowed] §eFrom stash: §r§fCarrot
21:44:03 [allowed] §eFrom stash: §r§fCarrot
21:44:03 [allowed] §eFrom stash: §r§fCarrot
21:44:03 [allowed] §eFrom stash: §r§fCarrot
21:44:03 [allowed] §eFrom stash: §r§fCarrot
21:44:03 [allowed] §eFrom stash: §r§fCarrot
21:44:03 [allowed] §eFrom stash: §r§fCarrot
21:44:03 [allowed] §eFrom stash: §r§fCarrot
21:44:03 [allowed] §eYou picked up §r§a806 §r§eitems from your material stash!
21:44:03 [allowed] §eYou still have §a2,202 materials §etotalling §b1 §etypes of materials in there!
21:44:05 [allowed] §eFrom stash: §r§fCarrot
21:44:05 [allowed] §eFrom stash: §r§fCarrot
21:44:05 [allowed] §eFrom stash: §r§fCarrot
21:44:05 [allowed] §eFrom stash: §r§fCarrot
21:44:05 [allowed] §eFrom stash: §r§fCarrot
21:44:05 [allowed] §eFrom stash: §r§fCarrot
21:44:05 [allowed] §eFrom stash: §r§fCarrot
21:44:05 [allowed] §eFrom stash: §r§fCarrot
21:44:05 [allowed] §eFrom stash: §r§fCarrot
21:44:05 [allowed] §eFrom stash: §r§fCarrot
21:44:05 [allowed] §eFrom stash: §r§fCarrot
21:44:05 [allowed] §eFrom stash: §r§fCarrot
21:44:05 [allowed] §eYou picked up §r§a360 §r§eitems from your material stash!
21:44:05 [allowed] §eYou still have §a1,434 materials §etotalling §b1 §etypes of materials in there!
21:44:07 [allowed] §eFrom stash: §r§fCarrot
21:44:07 [allowed] §eFrom stash: §r§fCarrot
21:44:07 [allowed] §eFrom stash: §r§fCarrot
21:44:07 [allowed] §eFrom stash: §r§fCarrot
21:44:07 [allowed] §eFrom stash: §r§fCarrot
21:44:07 [allowed] §eFrom stash: §r§fCarrot
21:44:07 [allowed] §eFrom stash: §r§fCarrot
21:44:07 [allowed] §eFrom stash: §r§fCarrot
21:44:07 [allowed] §eFrom stash: §r§fCarrot
21:44:07 [allowed] §eFrom stash: §r§fCarrot
21:44:07 [allowed] §eFrom stash: §r§fCarrot
21:44:07 [allowed] §eFrom stash: §r§fCarrot
21:44:07 [allowed] §eFrom stash: §r§fCarrot
21:44:07 [allowed] §eYou picked up §r§a806 §r§eitems from your material stash!
21:44:07 [allowed] §eYou still have §a602 materials §etotalling §b1 §etypes of materials in there!
21:44:10 [allowed] §eFrom stash: §r§fCarrot
21:44:10 [allowed] §eFrom stash: §r§fCarrot
21:44:10 [allowed] §eFrom stash: §r§fCarrot
21:44:10 [allowed] §eFrom stash: §r§fCarrot
21:44:10 [allowed] §eFrom stash: §r§fCarrot
21:44:10 [allowed] §eFrom stash: §r§fCarrot
21:44:10 [allowed] §eFrom stash: §r§fCarrot
21:44:10 [allowed] §eFrom stash: §r§fCarrot
21:44:10 [allowed] §eFrom stash: §r§fCarrot
21:44:10 [allowed] §eFrom stash: §r§fCarrot
21:44:10 [allowed] §eYou picked up §r§aall §r§eitems from your material stash!
21:44:11 [allowed] §2Guild > §a[VIP§6+§a] himej0shi§f: §rhoia seda 12ndaks teehee
21:44:45 [allowed] §2Guild > §a[VIP§6+§a] himej0shi§f: §ri wonder if u would be able to come just from touching yourself while looking at me :3
21:45:20 [SACKS_CHANGE] §6[Sacks] §r§c-6,720§r§e items§r§e.§r§8 (Last 9s.)
21:46:00 [allowed] §7Warping...
21:46:00 [allowed] §7Sending to server mini155DR...
21:46:01 [EMPTY] §8 §r§8 §r§1 §r§3 §r§3 §r§7 §r§8 
21:46:02 [allowed] §6HUNT §e- Your trap on §bGalatea §ecaught a §aSalmon Shard§e!
21:46:02 [allowed] §7[§eClick here to collect it.§7]
21:46:04 [PROFILE_JOIN] §aYou are playing on profile: §eLemon§b (Co-op)
21:46:04 [PROFILE_JOIN] §8Profile ID: 62b760d8-92b6-4501-ada0-1fd8583f5266
21:46:06 [LOTTERY] §bNew day! §r§eYour §r§2Lottery §r§ebuff changed!
21:46:06 [LOTTERY] §eNew buff§r§r§r: §r§fGain §r§a+50 §r§6☘ Fig Fortune§r§f.
21:46:06 [LOTTERY] §8§oYou can disable this messaging by toggling Lottery in your /hotf!
21:46:18 [allowed] §ahimej0shi §ahas sent you a trade request. §bClick here §ato accept!
21:46:18 [allowed] §ahimej0shi §ahas sent you a trade request. §bClick here §ato accept!
21:46:26 [allowed] §6Trade completed with §r§a[VIP§r§6+§r§a] himej0shi§r§f§r§6!
21:46:26 [allowed]  §r§c§l- §r§83x §r§9Great Carrot Candy
21:46:26 [allowed]  §r§a§l+ §r§864x §r§aEnchanted Carrot
21:46:28 [allowed] §cThe /trade request from §r§a[VIP§r§6+§r§a] himej0shi§r§f §r§cexpired!
21:46:44 [allowed] §ahimej0shi §ahas sent you a trade request. §bClick here §ato accept!
21:46:44 [allowed] §ahimej0shi §ahas sent you a trade request. §bClick here §ato accept!
21:46:54 [allowed] §cThe /trade request from §r§a[VIP§r§6+§r§a] himej0shi§r§f §r§cexpired!
21:47:03 [allowed] §6Trade completed with §r§a[VIP§r§6+§r§a] himej0shi§r§f§r§6!
21:47:03 [allowed]  §r§a§l+ §r§83x §r§aEnchanted Carrot
21:47:11 [allowed] §aYou have sent a trade request to §r§ahimej0shi§r§a.
21:47:26 [allowed] §6Trade completed with §r§a[VIP§r§6+§r§a] himej0shi§r§f§r§6!
21:47:26 [allowed]  §r§c§l- §r§82x §r§aSimple Carrot Candy
21:47:26 [allowed]  §r§c§l- §r§81x §r§9Great Carrot Candy
21:47:26 [allowed]  §r§c§l- §r§81x §r§aEnchanted Carrot
21:47:30 [allowed] §aTeleported you to §r§aPlot §r§7- §r§b6§r§a!
21:47:34 [allowed] §cThis ability is on cooldown for 1s.
21:47:47 [PEST_DROP] §eYou received §a14x Enchanted Wheat §efor killing a §2Fly§e!
21:47:47 [allowed] §e[SkyHanni] You have gained §b7 §eBits.
21:47:52 [allowed] §7Warping you to your SkyBlock island...
21:47:53 [allowed] §7Sending to server mini9AF...
21:47:53 [EMPTY] §8 §r§8 §r§1 §r§3 §r§3 §r§7 §r§8 
21:47:54 [allowed] §6HUNT §e- Your trap on §bGalatea §ecaught a §aSalmon Shard§e!
21:47:54 [allowed] §7[§eClick here to collect it.§7]
21:47:56 [PROFILE_JOIN] §aYou are playing on profile: §eLemon§b (Co-op)
21:47:56 [PROFILE_JOIN] §8Profile ID: 62b760d8-92b6-4501-ada0-1fd8583f5266
21:47:58 [LOTTERY] §bNew day! §r§eYour §r§2Lottery §r§ebuff changed!
21:47:58 [LOTTERY] §eNew buff§r§r§r: §r§fGain §r§a+50 §r§6☘ Fig Fortune§r§f.
21:47:58 [LOTTERY] §8§oYou can disable this messaging by toggling Lottery in your /hotf!
21:48:03 [allowed]  §b§l» §ahimej0shi §eis traveling to §aPrivate Island §e§lFOLLOW
21:48:53 [allowed] §6HUNT §e- Your trap on §bGalatea §ecaught a §aSalmon Shard§e!
21:48:53 [allowed] §7[§eClick here to collect it.§7]
21:48:56 [allowed] §aYou caught a §aSalmon §aShard!
21:49:00 [allowed] §7Warping...
21:49:00 [allowed] §7Sending to server mini31DA...
21:49:01 [EMPTY] §8 §r§8 §r§1 §r§3 §r§3 §r§7 §r§8 
21:49:04 [PROFILE_JOIN] §aYou are playing on profile: §eLemon§b (Co-op)
21:49:04 [PROFILE_JOIN] §8Profile ID: 62b760d8-92b6-4501-ada0-1fd8583f5266
21:49:06 [allowed] §bNew day! §r§eYour §r§2Lottery §r§ebuff changed!
21:49:06 [allowed] §eNew buff§r§r§r: §r§fGain §r§a+50 §r§6☘ Fig Fortune§r§f.
21:49:08 [allowed] §aYou placed a Trap near a Shard location! §r§8(§r§b5§r§7/§r§b5 §r§7traps placed§r§8)
