20:56:43 [EMPTY] §f §r§r§r§f §r§r§r§1 §r§r§r§0 §r§r§r§2 §r§r§r§f §r§r§r§f §r§r§r§2 §r§r§r§0 §r§r§r§4 §r§r§r§3 §r§r§r§9 §r§r§r§2 §r§r§r§0 §r§r§r§0 §r§r§r§3 §r§r§r§9 §r§r§r§2 §r§r§r§0 §r§r§r§0 §r§r§r§3 §r§r§r§9 §r§r§r§2 §r§r§r§0 §r§r§r§0 
20:57:02 [EMPTY] §8 §r§8 §r§1 §r§3 §r§3 §r§7 §r§8 
20:57:11 [EMPTY] §f §r§r§r§f §r§r§r§1 §r§r§r§0 §r§r§r§2 §r§r§r§f §r§r§r§f §r§r§r§2 §r§r§r§0 §r§r§r§4 §r§r§r§3 §r§r§r§9 §r§r§r§2 §r§r§r§0 §r§r§r§0 §r§r§r§3 §r§r§r§9 §r§r§r§2 §r§r§r§0 §r§r§r§0 §r§r§r§3 §r§r§r§9 §r§r§r§2 §r§r§r§0 §r§r§r§0 
20:57:14 [EMPTY] §8 §r§8 §r§1 §r§3 §r§3 §r§7 §r§8 
20:57:16 [EMPTY] 
20:57:16 [WELCOME] §eWelcome to §r§aHypixel SkyBlock§r§e!
20:57:16 [EMPTY] 
20:57:17 [PROFILE_JOIN] §aYou are playing on profile: §eLemon§b (Co-op)
20:57:17 [PROFILE_JOIN] §8Profile ID: 62b760d8-92b6-4501-ada0-1fd8583f5266
20:57:19 [LOTTERY] §bNew day! §r§eYour §r§2Lottery §r§ebuff changed!
20:57:19 [LOTTERY] §eNew buff§r§r§r: §r§fGain §r§a+50 §r§6☘ Fig Fortune§r§f.
20:57:19 [LOTTERY] §8§oYou can disable this messaging by toggling Lottery in your /hotf!
20:59:24 [EMPTY] §8 §r§8 §r§1 §r§3 §r§3 §r§7 §r§8 
20:59:27 [PROFILE_JOIN] §aYou are playing on profile: §eLemon§b (Co-op)
20:59:27 [PROFILE_JOIN] §8Profile ID: 62b760d8-92b6-4501-ada0-1fd8583f5266
20:59:29 [LOTTERY] §bNew day! §r§eYour §r§2Lottery §r§ebuff changed!
20:59:29 [LOTTERY] §eNew buff§r§r§r: §r§fGain §r§a+50 §r§6☘ Fig Fortune§r§f.
20:59:29 [LOTTERY] §8§oYou can disable this messaging by toggling Lottery in your /hotf!
21:01:38 [GUILD_EXP] §aYou earned §r§288 GEXP §r§afrom playing SkyBlock!
21:01:40 [EMPTY] 
21:01:40 [EMPTY] §c
21:03:16 [SACKS_CHANGE] §6[Sacks] §r§a+103§r§e items§r§e.§r§8 (Last 30s.)
21:03:48 [SACKS_CHANGE] §6[Sacks] §r§a+75§r§e items§r§e.§r§8 (Last 30s.)
21:04:23 [SACKS_CHANGE] §6[Sacks] §r§a+74§r§e items§r§e.§r§8 (Last 30s.)
21:04:38 [EMPTY] 
21:04:38 [EMPTY] 
21:04:38 [EMPTY] 
21:04:38 [EMPTY] 
21:04:52 [SACKS_CHANGE] §6[Sacks] §r§a+60§r§e items§r§e.§r§8 (Last 27s.)
21:05:24 [SACKS_CHANGE] §6[Sacks] §r§a+73§r§e items§r§e.§r§8 (Last 30s.)
21:05:35 [EMPTY]  
21:05:35 [BESTIARY] §f                                  §6§lBESTIARY
21:05:35 [BESTIARY] §f                              §b§lZealot §7§819 §8➡§b §b20
21:05:35 [BESTIARY] 
21:05:35 [BESTIARY]                                   §r§6§lREWARDS
21:05:35 [BESTIARY]                           §r§8+§r§a5 Zealot §r§b✯ Magic Find
21:05:35 [BESTIARY]                            §r§8+§r§a5 Zealot §r§c❁ Strength
21:05:35 [BESTIARY]                               §r§8+§r§62% §r§aZealot §r§7coins
21:05:35 [BESTIARY]                     §r§8+§r§a50% §r§7chance for extra XP orbs
21:05:35 [BESTIARY]                                §r§8+§r§b1 SkyBlock XP
21:05:35 [BESTIARY] 
21:05:35 [BESTIARY]   §r§f                         §6§lBESTIARY MILESTONE
21:05:35 [BESTIARY]   §r§f                                    §886➡§e87
21:05:35 [BESTIARY] §6§lBESTIARY MILESTONE §886➡§e87
21:05:35 [BESTIARY] §6§lBESTIARY MILESTONE §886➡§e87
21:05:35 [BESTIARY] §6§lBESTIARY MILESTONE §886➡§e87
21:05:35 [BESTIARY] §6§lBESTIARY MILESTONE §886➡§e87
21:05:35 [BESTIARY] 
21:05:45 [SACKS_CHANGE] §6[Sacks] §r§a+40§r§e items§r§e.§r§8 (Last 19s.)
21:06:16 [SACKS_CHANGE] §6[Sacks] §r§a+64§r§e items§r§e.§r§8 (Last 29s.)
21:06:36 [SACKS_CHANGE] §6[Sacks] §r§a+8§r§e items§r§e.§r§8 (Last 7s.)
21:06:41 [GUILD_EXP] §aYou earned §r§2450 GEXP §r§afrom playing SkyBlock!
21:06:46 [SACKS_CHANGE] §6[Sacks] §r§a+5§r§e items§r§e.§r§8 (Last 5s.)
21:07:03 [SACKS_CHANGE] §6[Sacks] §r§a+28§r§e items§r§e.§r§8 (Last 12s.)
21:07:11 [SACKS_CHANGE] §6[Sacks] §r§a+10§r§e items§r§e.§r§8 (Last 7s.)
21:07:46 [SACKS_CHANGE] §6[Sacks] §r§a+43§r§e items§r§e.§r§8 (Last 30s.)
21:07:52 [EMPTY] §8 §r§8 §r§1 §r§3 §r§3 §r§7 §r§8 
21:07:53 [EMPTY]  
21:07:53 [EMPTY]   
21:07:55 [PROFILE_JOIN] §aYou are playing on profile: §eLemon§b (Co-op)
21:07:55 [PROFILE_JOIN] §8Profile ID: 62b760d8-92b6-4501-ada0-1fd8583f5266
21:07:57 [LOTTERY] §bNew day! §r§eYour §r§2Lottery §r§ebuff changed!
21:07:57 [LOTTERY] §eNew buff§r§r§r: §r§fGain §r§a+50 §r§6☘ Fig Fortune§r§f.
21:07:57 [LOTTERY] §8§oYou can disable this messaging by toggling Lottery in your /hotf!
21:07:58 [EMPTY]  
21:07:58 [EMPTY]  
21:07:58 [EMPTY]  
21:09:05 [EMPTY] §8 §r§8 §r§1 §r§3 §r§3 §r§7 §r§8 
21:09:08 [PROFILE_JOIN] §aYou are playing on profile: §eLemon§b (Co-op)
21:09:08 [PROFILE_JOIN] §8Profile ID: 62b760d8-92b6-4501-ada0-1fd8583f5266
21:09:10 [LOTTERY] §bNew day! §r§eYour §r§2Lottery §r§ebuff changed!
21:09:10 [LOTTERY] §eNew buff§r§r§r: §r§fGain §r§a+50 §r§6☘ Fig Fortune§r§f.
21:09:10 [LOTTERY] §8§oYou can disable this messaging by toggling Lottery in your /hotf!
21:09:30 [EMPTY]  
21:09:30 [BESTIARY] §f                                  §6§lBESTIARY
21:09:30 [BESTIARY] §f                               §b§lBeetle §7§88 §8➡§b §b9
21:09:30 [BESTIARY] 
21:09:30 [BESTIARY]                                   §r§6§lREWARDS
21:09:30 [BESTIARY]                           §r§6+0.4☘ Farming Fortune
21:09:30 [BESTIARY]                               §r§8+§r§62% §r§aBeetle §r§7coins
21:09:30 [BESTIARY]                     §r§8+§r§a50% §r§7chance for extra XP orbs
21:09:30 [BESTIARY]                                §r§8+§r§b1 SkyBlock XP
21:09:30 [BESTIARY] 
21:09:30 [BESTIARY] §3§l▬▬▬▬▬▬▬▬▬▬▬▬▬▬▬▬▬▬▬▬▬▬▬▬▬▬▬▬▬▬▬▬▬▬▬▬▬▬▬▬▬▬▬▬▬▬▬▬▬▬▬▬▬▬▬▬▬▬▬▬▬▬▬▬
21:09:30 [PEST_DROP] §eYou received §a13x Enchanted Nether Wart §efor killing a §2Beetle§e!
21:09:39 [PEST_DROP] §eYou received §a7x Enchanted Pumpkin §efor killing a §2Rat§e!
21:09:56 [PEST_DROP] §eYou received §a33x Enchanted Carrot §efor killing a §2Cricket§e!
21:10:07 [EMPTY]  
21:10:07 [BESTIARY] §f                                  §6§lBESTIARY
21:10:07 [BESTIARY] §f                              §b§lMosquito §7§88 §8➡§b §b9
21:10:07 [BESTIARY] 
21:10:07 [BESTIARY]                                   §r§6§lREWARDS
21:10:07 [BESTIARY]                           §r§6+0.4☘ Farming Fortune
21:10:07 [BESTIARY]                              §r§8+§r§62% §r§aMosquito §r§7coins
21:10:07 [BESTIARY]                     §r§8+§r§a50% §r§7chance for extra XP orbs
21:10:07 [BESTIARY]                                §r§8+§r§b1 SkyBlock XP
21:10:07 [BESTIARY] 
21:10:07 [BESTIARY] §3§l▬▬▬▬▬▬▬▬▬▬▬▬▬▬▬▬▬▬▬▬▬▬▬▬▬▬▬▬▬▬▬▬▬▬▬▬▬▬▬▬▬▬▬▬▬▬▬▬▬▬▬▬▬▬▬▬▬▬▬▬▬▬▬▬
21:10:07 [PEST_DROP] §eYou received §a25x Enchanted Sugar §efor killing a §2Mosquito§e!
21:10:17 [PEST_DROP] §eYou received §a27x Enchanted Sugar §efor killing a §2Mosquito§e!
21:10:40 [PEST_DROP] §eYou received §a14x Enchanted Brown Mushroom §efor killing a §2Slug§e!
21:10:43 [PEST_DROP] §eYou received §a70x Enchanted Melon §efor killing an §2Earthworm§e!
21:11:13 [SACKS_CHANGE] §6[Sacks] §r§a+570§r§e items§r§e, §r§c-33§r§e items§r§e.§r§8 (Last 7s.)
21:11:19 [PESTS_SPAWN] §6§lGROSS! §7A §2Pest §7has appeared in §aPlot §7- §b1§7!
21:11:19 [PESTS_SPAWN]   §r§e§lCLICK HERE §eto teleport to the plot!
21:11:31 [SACKS_CHANGE] §6[Sacks] §r§a+1,309§r§e items§r§e, §r§c-98§r§e items§r§e.§r§8 (Last 13s.)
21:11:59 [EMPTY]  
21:11:59 [BESTIARY] §f                                  §6§lBESTIARY
21:11:59 [BESTIARY] §f                            §b§lEarthworm §7§87 §8➡§b §b8
21:11:59 [BESTIARY] 
21:11:59 [BESTIARY]                                   §r§6§lREWARDS
21:11:59 [BESTIARY]                           §r§6+0.4☘ Farming Fortune
21:11:59 [BESTIARY]                            §r§8+§r§62% §r§aEarthworm §r§7coins
21:11:59 [BESTIARY]                     §r§8+§r§a50% §r§7chance for extra XP orbs
21:11:59 [BESTIARY]                                §r§8+§r§b1 SkyBlock XP
21:11:59 [BESTIARY] 
21:11:59 [BESTIARY] §3§l▬▬▬▬▬▬▬▬▬▬▬▬▬▬▬▬▬▬▬▬▬▬▬▬▬▬▬▬▬▬▬▬▬▬▬▬▬▬▬▬▬▬▬▬▬▬▬▬▬▬▬▬▬▬▬▬▬▬▬▬▬▬▬▬
21:11:59 [PEST_DROP] §eYou received §a70x Enchanted Melon §efor killing an §2Earthworm§e!
21:12:37 [SACKS_CHANGE] §6[Sacks] §r§a+5,424§r§e items§r§e, §r§c-456§r§e items§r§e.§r§8 (Last 30s.)
21:13:08 [SACKS_CHANGE] §6[Sacks] §r§a+348§r§e items§r§e, §r§c-347§r§e items§r§e.§r§8 (Last 30s.)
21:13:44 [SACKS_CHANGE] §6[Sacks] §r§a+425§r§e items§r§e, §r§c-425§r§e items§r§e.§r§8 (Last 30s.)
21:14:06 [GUILD_EXP] §aYou earned §r§2590 GEXP §r§afrom playing SkyBlock!
21:14:15 [SACKS_CHANGE] §6[Sacks] §r§a+415§r§e items§r§e, §r§c-415§r§e items§r§e.§r§8 (Last 30s.)
21:14:46 [SACKS_CHANGE] §6[Sacks] §r§a+435§r§e items§r§e, §r§c-434§r§e items§r§e.§r§8 (Last 30s.)
21:15:00 [LOTTERY] §bNew day! §r§eYour §r§2Lottery §r§ebuff changed!
21:15:00 [LOTTERY] §eNew buff§r§r§r: §r§fGain §r§a+5% §r§2∮ Sweep§r§f.
21:15:00 [LOTTERY] §8§oYou can disable this messaging by toggling Lottery in your /hotf!
21:15:16 [SACKS_CHANGE] §6[Sacks] §r§a+404§r§e items§r§e, §r§c-406§r§e items§r§e.§r§8 (Last 30s.)
21:15:48 [SACKS_CHANGE] §6[Sacks] §r§a+395§r§e items§r§e, §r§c-393§r§e items§r§e.§r§8 (Last 30s.)
21:16:18 [SACKS_CHANGE] §6[Sacks] §r§a+395§r§e items§r§e, §r§c-396§r§e items§r§e.§r§8 (Last 30s.)
21:16:49 [SACKS_CHANGE] §6[Sacks] §r§a+342§r§e items§r§e, §r§c-342§r§e items§r§e.§r§8 (Last 30s.)
21:17:11 [PESTS_SPAWN] §6§lGROSS! §7A §2Pest §7has appeared in §aPlot §7- §b1§7!
21:17:11 [PESTS_SPAWN]   §r§e§lCLICK HERE §eto teleport to the plot!
21:17:20 [SACKS_CHANGE] §6[Sacks] §r§a+349§r§e items§r§e, §r§c-349§r§e items§r§e.§r§8 (Last 30s.)
21:17:33 [SACKS_CHANGE] §6[Sacks] §r§a+90§r§e items§r§e, §r§c-90§r§e items§r§e.§r§8 (Last 12s.)
21:17:37 [PEST_DROP] §eYou received §a28x Enchanted Sugar §efor killing a §2Mosquito§e!
21:18:12 [EMPTY] 
21:18:12 [SACKS_CHANGE] §6[Sacks] §r§a+435§r§e items§r§e, §r§c-435§r§e items§r§e.§r§8 (Last 30s.)
21:18:43 [SACKS_CHANGE] §6[Sacks] §r§a+328§r§e items§r§e, §r§c-328§r§e items§r§e.§r§8 (Last 30s.)
21:19:00 [SACKS_CHANGE] §6[Sacks] §r§a+149§r§e items§r§e, §r§c-149§r§e items§r§e.§r§8 (Last 16s.)
21:19:07 [GUILD_EXP] §aYou earned §r§2750 GEXP §r§afrom playing SkyBlock!
21:19:42 [SACKS_CHANGE] §6[Sacks] §r§a+437§r§e items§r§e, §r§c-436§r§e items§r§e.§r§8 (Last 30s.)
21:20:06 [SACKS_CHANGE] §6[Sacks] §r§a+226§r§e items§r§e, §r§c-227§r§e items§r§e.§r§8 (Last 24s.)
21:20:44 [SACKS_CHANGE] §6[Sacks] §r§a+409§r§e items§r§e, §r§c-408§r§e items§r§e.§r§8 (Last 30s.)
21:21:15 [SACKS_CHANGE] §6[Sacks] §r§a+402§r§e items§r§e, §r§c-403§r§e items§r§e.§r§8 (Last 30s.)
21:21:46 [SACKS_CHANGE] §6[Sacks] §r§a+437§r§e items§r§e, §r§c-436§r§e items§r§e.§r§8 (Last 30s.)
21:22:16 [SACKS_CHANGE] §6[Sacks] §r§a+336§r§e items§r§e, §r§c-337§r§e items§r§e.§r§8 (Last 30s.)
21:22:23 [SACKS_CHANGE] §6[Sacks] §r§a+18§r§e items§r§e, §r§c-19§r§e items§r§e.§r§8 (Last 6s.)
21:23:32 [SACKS_CHANGE] §6[Sacks] §r§a+407§r§e items§r§e, §r§c-405§r§e items§r§e.§r§8 (Last 30s.)
21:23:52 [PESTS_SPAWN] §6§lGROSS! §7A §2Pest §7has appeared in §aPlot §7- §b1§7!
21:23:52 [PESTS_SPAWN]   §r§e§lCLICK HERE §eto teleport to the plot!
21:24:01 [SACKS_CHANGE] §6[Sacks] §r§a+268§r§e items§r§e, §r§c-269§r§e items§r§e.§r§8 (Last 29s.)
21:24:02 [EMPTY]  
21:24:02 [BESTIARY] §f                                  §6§lBESTIARY
21:24:02 [BESTIARY] §f                                  §b§lRat §7§86 §8➡§b §b7
21:24:02 [BESTIARY] 
21:24:02 [BESTIARY]                                   §r§6§lREWARDS
21:24:02 [BESTIARY]                           §r§6+0.4☘ Farming Fortune
21:24:02 [BESTIARY]                                 §r§8+§r§62% §r§aRat §r§7coins
21:24:02 [BESTIARY]                     §r§8+§r§a50% §r§7chance for extra XP orbs
21:24:02 [BESTIARY]                                §r§8+§r§b1 SkyBlock XP
21:24:02 [BESTIARY] 
21:24:02 [BESTIARY] §3§l▬▬▬▬▬▬▬▬▬▬▬▬▬▬▬▬▬▬▬▬▬▬▬▬▬▬▬▬▬▬▬▬▬▬▬▬▬▬▬▬▬▬▬▬▬▬▬▬▬▬▬▬▬▬▬▬▬▬▬▬▬▬▬▬
21:24:02 [PEST_DROP] §eYou received §a14x Enchanted Pumpkin §efor killing a §2Rat§e!
21:24:09 [GUILD_EXP] §aYou earned §r§2715 GEXP §r§afrom playing SkyBlock!
21:24:13 [EMPTY]  
21:24:13 [STASH_COMPACT] §f                 §7You have §313 §7materials stashed away!
21:24:13 [STASH_COMPACT] §f               §8(This totals 1 type of material stashed!)
21:24:13 [STASH_COMPACT] §f                §3§l>>> §3§lCLICK HERE§b to pick them up! §3§l<<<
21:24:13 [EMPTY]   
21:24:28 [SACKS_CHANGE] §6[Sacks] §r§a+225§r§e items§r§e, §r§c-225§r§e items§r§e.§r§8 (Last 19s.)
21:25:02 [SACKS_CHANGE] §6[Sacks] §r§a+388§r§e items§r§e, §r§c-388§r§e items§r§e.§r§8 (Last 30s.)
21:25:13 [EMPTY]  
21:25:13 [STASH_COMPACT] §f                 §7You have §313 §7materials stashed away!
21:25:13 [STASH_COMPACT] §f               §8(This totals 1 type of material stashed!)
21:25:13 [STASH_COMPACT] §f                §3§l>>> §3§lCLICK HERE§b to pick them up! §3§l<<<
21:25:13 [EMPTY]   
21:25:33 [SACKS_CHANGE] §6[Sacks] §r§a+378§r§e items§r§e, §r§c-378§r§e items§r§e.§r§8 (Last 30s.)
21:26:04 [SACKS_CHANGE] §6[Sacks] §r§a+353§r§e items§r§e, §r§c-352§r§e items§r§e.§r§8 (Last 30s.)
21:26:14 [EMPTY]  
21:26:14 [STASH_COMPACT] §f                 §7You have §3313 §7materials stashed away!
21:26:14 [STASH_COMPACT] §f               §8(This totals 1 type of material stashed!)
21:26:14 [STASH_COMPACT] §f                §3§l>>> §3§lCLICK HERE§b to pick them up! §3§l<<<
21:26:14 [EMPTY]   
21:26:34 [SACKS_CHANGE] §6[Sacks] §r§a+262§r§e items§r§e, §r§c-263§r§e items§r§e.§r§8 (Last 30s.)
21:27:06 [SACKS_CHANGE] §6[Sacks] §r§a+333§r§e items§r§e, §r§c-333§r§e items§r§e.§r§8 (Last 30s.)
21:27:14 [EMPTY]  
21:27:14 [STASH_COMPACT] §f                §7You have §33,142 §7materials stashed away!
21:27:14 [STASH_COMPACT] §f               §8(This totals 1 type of material stashed!)
21:27:14 [STASH_COMPACT] §f                §3§l>>> §3§lCLICK HERE§b to pick them up! §3§l<<<
21:27:14 [EMPTY]   
21:27:37 [SACKS_CHANGE] §6[Sacks] §r§a+256§r§e items§r§e, §r§c-256§r§e items§r§e.§r§8 (Last 30s.)
21:28:08 [SACKS_CHANGE] §6[Sacks] §r§a+334§r§e items§r§e, §r§c-334§r§e items§r§e.§r§8 (Last 30s.)
21:28:14 [EMPTY]  
21:28:14 [STASH_COMPACT] §f               §7You have §311,720 §7materials stashed away!
21:28:14 [STASH_COMPACT] §f               §8(This totals 1 type of material stashed!)
21:28:14 [STASH_COMPACT] §f                §3§l>>> §3§lCLICK HERE§b to pick them up! §3§l<<<
21:28:14 [EMPTY]   
21:28:39 [SACKS_CHANGE] §6[Sacks] §r§a+339§r§e items§r§e, §r§c-339§r§e items§r§e.§r§8 (Last 30s.)
21:29:10 [SACKS_CHANGE] §6[Sacks] §r§a+359§r§e items§r§e, §r§c-359§r§e items§r§e.§r§8 (Last 30s.)
21:29:10 [GUILD_EXP] §aYou earned §r§2750 GEXP §r§afrom playing SkyBlock!
21:29:15 [EMPTY]  
21:29:15 [STASH_COMPACT] §f               §7You have §319,142 §7materials stashed away!
21:29:15 [STASH_COMPACT] §f               §8(This totals 1 type of material stashed!)
21:29:15 [STASH_COMPACT] §f                §3§l>>> §3§lCLICK HERE§b to pick them up! §3§l<<<
21:29:15 [EMPTY]   
21:29:29 [PESTS_SPAWN] §6§lGROSS! §7A §2Pest §7has appeared in §aPlot §7- §b1§7!
21:29:29 [PESTS_SPAWN]   §r§e§lCLICK HERE §eto teleport to the plot!
21:29:41 [SACKS_CHANGE] §6[Sacks] §r§a+380§r§e items§r§e, §r§c-380§r§e items§r§e.§r§8 (Last 30s.)
21:30:12 [SACKS_CHANGE] §6[Sacks] §r§a+312§r§e items§r§e, §r§c-312§r§e items§r§e.§r§8 (Last 30s.)
21:30:15 [EMPTY]  
21:30:15 [STASH_COMPACT] §f               §7You have §326,772 §7materials stashed away!
21:30:15 [STASH_COMPACT] §f               §8(This totals 1 type of material stashed!)
21:30:15 [STASH_COMPACT] §f                §3§l>>> §3§lCLICK HERE§b to pick them up! §3§l<<<
21:30:15 [EMPTY]   
21:30:44 [SACKS_CHANGE] §6[Sacks] §r§a+377§r§e items§r§e, §r§c-377§r§e items§r§e.§r§8 (Last 30s.)
21:31:15 [SACKS_CHANGE] §6[Sacks] §r§a+386§r§e items§r§e, §r§c-386§r§e items§r§e.§r§8 (Last 30s.)
21:31:15 [EMPTY]  
21:31:15 [STASH_COMPACT] §f               §7You have §337,147 §7materials stashed away!
21:31:15 [STASH_COMPACT] §f               §8(This totals 1 type of material stashed!)
21:31:15 [STASH_COMPACT] §f                §3§l>>> §3§lCLICK HERE§b to pick them up! §3§l<<<
21:31:15 [EMPTY]   
21:31:47 [SACKS_CHANGE] §6[Sacks] §r§a+383§r§e items§r§e, §r§c-383§r§e items§r§e.§r§8 (Last 30s.)
21:32:15 [EMPTY]  
21:32:15 [STASH_COMPACT] §f               §7You have §347,488 §7materials stashed away!
21:32:15 [STASH_COMPACT] §f               §8(This totals 1 type of material stashed!)
21:32:15 [STASH_COMPACT] §f                §3§l>>> §3§lCLICK HERE§b to pick them up! §3§l<<<
21:32:15 [EMPTY]   
21:32:18 [SACKS_CHANGE] §6[Sacks] §r§a+370§r§e items§r§e, §r§c-370§r§e items§r§e.§r§8 (Last 30s.)
21:32:49 [SACKS_CHANGE] §6[Sacks] §r§a+374§r§e items§r§e, §r§c-375§r§e items§r§e.§r§8 (Last 30s.)
21:33:15 [EMPTY]  
21:33:15 [STASH_COMPACT] §f               §7You have §351,610 §7materials stashed away!
21:33:15 [STASH_COMPACT] §f               §8(This totals 1 type of material stashed!)
21:33:15 [STASH_COMPACT] §f                §3§l>>> §3§lCLICK HERE§b to pick them up! §3§l<<<
21:33:15 [EMPTY]   
21:34:11 [GUILD_EXP] §aYou earned §r§2750 GEXP §r§afrom playing SkyBlock!
21:34:16 [EMPTY]  
21:34:16 [STASH_COMPACT] §f               §7You have §351,610 §7materials stashed away!
21:34:16 [STASH_COMPACT] §f               §8(This totals 1 type of material stashed!)
21:34:16 [STASH_COMPACT] §f                §3§l>>> §3§lCLICK HERE§b to pick them up! §3§l<<<
21:34:16 [EMPTY]   
21:35:00 [LOTTERY] §bNew day! §r§eYour §r§2Lottery §r§ebuff changed!
21:35:00 [LOTTERY] §eNew buff§r§r§r: §r§fGain §r§a+50 §r§6☘ Fig Fortune§r§f.
21:35:00 [LOTTERY] §8§oYou can disable this messaging by toggling Lottery in your /hotf!
21:35:16 [EMPTY]  
21:35:16 [STASH_COMPACT] §f               §7You have §351,610 §7materials stashed away!
21:35:16 [STASH_COMPACT] §f               §8(This totals 1 type of material stashed!)
21:35:16 [STASH_COMPACT] §f                §3§l>>> §3§lCLICK HERE§b to pick them up! §3§l<<<
21:35:16 [EMPTY]   
21:36:16 [EMPTY]  
21:36:16 [STASH_COMPACT] §f               §7You have §351,610 §7materials stashed away!
21:36:16 [STASH_COMPACT] §f               §8(This totals 1 type of material stashed!)
21:36:16 [STASH_COMPACT] §f                §3§l>>> §3§lCLICK HERE§b to pick them up! §3§l<<<
21:36:16 [EMPTY]   
21:36:25 [PESTS_SPAWN] §6§lGROSS! §7A §2Pest §7has appeared in §aPlot §7- §b1§7!
21:36:25 [PESTS_SPAWN]   §r§e§lCLICK HERE §eto teleport to the plot!
21:37:16 [EMPTY]  
21:37:16 [STASH_COMPACT] §f               §7You have §351,610 §7materials stashed away!
21:37:16 [STASH_COMPACT] §f               §8(This totals 1 type of material stashed!)
21:37:16 [STASH_COMPACT] §f                §3§l>>> §3§lCLICK HERE§b to pick them up! §3§l<<<
21:37:16 [EMPTY]   
21:38:16 [EMPTY]  
21:38:16 [STASH_COMPACT] §f               §7You have §351,610 §7materials stashed away!
21:38:16 [STASH_COMPACT] §f               §8(This totals 1 type of material stashed!)
21:38:16 [STASH_COMPACT] §f                §3§l>>> §3§lCLICK HERE§b to pick them up! §3§l<<<
21:38:16 [EMPTY]   
21:38:22 [SACKS_CHANGE] §6[Sacks] §r§a+2§r§e items§r§e.§r§8 (Last 5s.)
21:38:46 [EMPTY] §8 §r§8 §r§1 §r§3 §r§3 §r§7 §r§8 
21:38:49 [PROFILE_JOIN] §aYou are playing on profile: §eLemon§b (Co-op)
21:38:49 [PROFILE_JOIN] §8Profile ID: 62b760d8-92b6-4501-ada0-1fd8583f5266
21:38:51 [EMPTY]  
21:38:51 [STASH_COMPACT] §f               §7You have §350,266 §7materials stashed away!
21:38:51 [STASH_COMPACT] §f               §8(This totals 1 type of material stashed!)
21:38:51 [STASH_COMPACT] §f                §3§l>>> §3§lCLICK HERE§b to pick them up! §3§l<<<
21:38:51 [EMPTY]   
21:38:51 [LOTTERY] §bNew day! §r§eYour §r§2Lottery §r§ebuff changed!
21:38:51 [LOTTERY] §eNew buff§r§r§r: §r§fGain §r§a+50 §r§6☘ Fig Fortune§r§f.
21:38:51 [LOTTERY] §8§oYou can disable this messaging by toggling Lottery in your /hotf!
21:39:51 [EMPTY]  
21:39:51 [STASH_COMPACT] §f               §7You have §350,266 §7materials stashed away!
21:39:51 [STASH_COMPACT] §f               §8(This totals 1 type of material stashed!)
21:39:51 [STASH_COMPACT] §f                §3§l>>> §3§lCLICK HERE§b to pick them up! §3§l<<<
21:39:51 [EMPTY]   
21:40:51 [EMPTY]  
21:40:51 [STASH_COMPACT] §f               §7You have §337,978 §7materials stashed away!
21:40:51 [STASH_COMPACT] §f               §8(This totals 1 type of material stashed!)
21:40:51 [STASH_COMPACT] §f                §3§l>>> §3§lCLICK HERE§b to pick them up! §3§l<<<
21:40:51 [EMPTY]   
21:41:51 [EMPTY]  
21:41:51 [STASH_COMPACT] §f               §7You have §325,306 §7materials stashed away!
21:41:51 [STASH_COMPACT] §f               §8(This totals 1 type of material stashed!)
21:41:51 [STASH_COMPACT] §f                §3§l>>> §3§lCLICK HERE§b to pick them up! §3§l<<<
21:41:51 [EMPTY]   
21:42:52 [EMPTY]  
21:42:52 [STASH_COMPACT] §f               §7You have §312,890 §7materials stashed away!
21:42:52 [STASH_COMPACT] §f               §8(This totals 1 type of material stashed!)
21:42:52 [STASH_COMPACT] §f                §3§l>>> §3§lCLICK HERE§b to pick them up! §3§l<<<
21:42:52 [EMPTY]   
21:43:47 [GUILD_EXP] §aYou earned §r§2226 GEXP §r§afrom playing SkyBlock!
21:43:52 [EMPTY]  
21:43:52 [STASH_COMPACT] §f                §7You have §34,634 §7materials stashed away!
21:43:52 [STASH_COMPACT] §f               §8(This totals 1 type of material stashed!)
21:43:52 [STASH_COMPACT] §f                §3§l>>> §3§lCLICK HERE§b to pick them up! §3§l<<<
21:43:52 [EMPTY]   
21:45:20 [SACKS_CHANGE] §6[Sacks] §r§c-6,720§r§e items§r§e.§r§8 (Last 9s.)
21:46:01 [EMPTY] §8 §r§8 §r§1 §r§3 §r§3 §r§7 §r§8 
21:46:04 [PROFILE_JOIN] §aYou are playing on profile: §eLemon§b (Co-op)
21:46:04 [PROFILE_JOIN] §8Profile ID: 62b760d8-92b6-4501-ada0-1fd8583f5266
21:46:06 [LOTTERY] §bNew day! §r§eYour §r§2Lottery §r§ebuff changed!
21:46:06 [LOTTERY] §eNew buff§r§r§r: §r§fGain §r§a+50 §r§6☘ Fig Fortune§r§f.
21:46:06 [LOTTERY] §8§oYou can disable this messaging by toggling Lottery in your /hotf!
21:47:47 [PEST_DROP] §eYou received §a14x Enchanted Wheat §efor killing a §2Fly§e!
21:47:53 [EMPTY] §8 §r§8 §r§1 §r§3 §r§3 §r§7 §r§8 
21:47:56 [PROFILE_JOIN] §aYou are playing on profile: §eLemon§b (Co-op)
21:47:56 [PROFILE_JOIN] §8Profile ID: 62b760d8-92b6-4501-ada0-1fd8583f5266
21:47:58 [LOTTERY] §bNew day! §r§eYour §r§2Lottery §r§ebuff changed!
21:47:58 [LOTTERY] §eNew buff§r§r§r: §r§fGain §r§a+50 §r§6☘ Fig Fortune§r§f.
21:47:58 [LOTTERY] §8§oYou can disable this messaging by toggling Lottery in your /hotf!
21:49:01 [EMPTY] §8 §r§8 §r§1 §r§3 §r§3 §r§7 §r§8 
21:49:04 [PROFILE_JOIN] §aYou are playing on profile: §eLemon§b (Co-op)
21:49:04 [PROFILE_JOIN] §8Profile ID: 62b760d8-92b6-4501-ada0-1fd8583f5266
