19:43:48 [EMPTY] §f §r§r§r§f §r§r§r§1 §r§r§r§0 §r§r§r§2 §r§r§r§f §r§r§r§f §r§r§r§2 §r§r§r§0 §r§r§r§4 §r§r§r§3 §r§r§r§9 §r§r§r§2 §r§r§r§0 §r§r§r§0 §r§r§r§3 §r§r§r§9 §r§r§r§2 §r§r§r§0 §r§r§r§0 §r§r§r§3 §r§r§r§9 §r§r§r§2 §r§r§r§0 §r§r§r§0 
19:44:26 [EMPTY] §8 §r§8 §r§1 §r§3 §r§3 §r§7 §r§8 
19:44:28 [EMPTY] 
19:44:28 [WELCOME] §eWelcome to §r§aHypixel SkyBlock§r§e!
19:44:28 [EMPTY] 
19:44:29 [PROFILE_JOIN] §aYou are playing on profile: §eLemon§b (Co-op)
19:44:29 [PROFILE_JOIN] §8Profile ID: 62b760d8-92b6-4501-ada0-1fd8583f5266
19:44:31 [LOTTERY] §bNew day! §r§eYour §r§2Lottery §r§ebuff changed!
19:44:31 [LOTTERY] §eNew buff§r§r§r: §r§fGain §r§a+5% §r§2∮ Sweep§r§f.
19:44:31 [LOTTERY] §8§oYou can disable this messaging by toggling Lottery in your /hotf!
19:47:22 [EMPTY] §8 §r§8 §r§1 §r§3 §r§3 §r§7 §r§8 
19:47:25 [PROFILE_JOIN] §aYou are playing on profile: §eLemon§b (Co-op)
19:47:25 [PROFILE_JOIN] §8Profile ID: 62b760d8-92b6-4501-ada0-1fd8583f5266
19:47:27 [LOTTERY] §bNew day! §r§eYour §r§2Lottery §r§ebuff changed!
19:47:27 [LOTTERY] §eNew buff§r§r§r: §r§fGain §r§a+5% §r§2∮ Sweep§r§f.
19:47:27 [LOTTERY] §8§oYou can disable this messaging by toggling Lottery in your /hotf!
19:52:24 [GUILD_EXP] §aYou earned §r§285 GEXP §r§a+ §r§e255 Event EXP §r§afrom playing SkyBlock!
19:54:59 [LOTTERY] §bNew day! §r§eYour §r§2Lottery §r§ebuff changed!
19:54:59 [LOTTERY] §eNew buff§r§r§r: §r§fGain §r§a+50 §r§6☘ Mangrove Fortune§r§f.
19:54:59 [LOTTERY] §8§oYou can disable this messaging by toggling Lottery in your /hotf!
20:07:08 [EMPTY] 
20:07:08 [EMPTY] 
20:07:08 [EMPTY] 
20:07:08 [EMPTY] 
20:08:08 [SACKS_CHANGE] §6[Sacks] §r§a+1§r§e item§r§e.§r§8 (Last 5s.)
20:10:13 [EMPTY] 
20:10:13 [EMPTY] 
20:10:13 [EMPTY] 
20:10:13 [EMPTY] 
20:11:14 [SACKS_CHANGE] §6[Sacks] §r§a+10§r§e items§r§e.§r§8 (Last 5s.)
20:14:59 [LOTTERY] §bNew day! §r§eYour §r§2Lottery §r§ebuff changed!
20:14:59 [LOTTERY] §eNew buff§r§r§r: §r§fGain §r§a+50 §r§6☘ Fig Fortune§r§f.
20:14:59 [LOTTERY] §8§oYou can disable this messaging by toggling Lottery in your /hotf!
20:22:50 [GUILD_EXP] §aYou earned §r§2156 GEXP §r§a+ §r§e468 Event EXP §r§afrom playing SkyBlock!
