19:01:09 [EMPTY] §f §r§r§r§f §r§r§r§1 §r§r§r§0 §r§r§r§2 §r§r§r§f §r§r§r§f §r§r§r§2 §r§r§r§0 §r§r§r§4 §r§r§r§3 §r§r§r§9 §r§r§r§2 §r§r§r§0 §r§r§r§0 §r§r§r§3 §r§r§r§9 §r§r§r§2 §r§r§r§0 §r§r§r§0 §r§r§r§3 §r§r§r§9 §r§r§r§2 §r§r§r§0 §r§r§r§0 
19:01:15 [EMPTY] §8 §r§8 §r§1 §r§3 §r§3 §r§7 §r§8 
19:01:17 [EMPTY] 
19:01:17 [WELCOME] §eWelcome to §r§aHypixel SkyBlock§r§e!
19:01:17 [EMPTY] 
19:01:18 [PROFILE_JOIN] §aYou are playing on profile: §eLemon§b (Co-op)
19:01:18 [PROFILE_JOIN] §8Profile ID: 62b760d8-92b6-4501-ada0-1fd8583f5266
19:01:48 [EMPTY] 
19:01:48 [EMPTY] §c
20:24:59 [EMPTY] §f §r§r§r§f §r§r§r§1 §r§r§r§0 §r§r§r§2 §r§r§r§f §r§r§r§f §r§r§r§2 §r§r§r§0 §r§r§r§4 §r§r§r§3 §r§r§r§9 §r§r§r§2 §r§r§r§0 §r§r§r§0 §r§r§r§3 §r§r§r§9 §r§r§r§2 §r§r§r§0 §r§r§r§0 §r§r§r§3 §r§r§r§9 §r§r§r§2 §r§r§r§0 §r§r§r§0 
20:25:03 [EMPTY] §8 §r§8 §r§1 §r§3 §r§3 §r§7 §r§8 
20:25:04 [EMPTY] 
20:25:04 [WELCOME] §eWelcome to §r§aHypixel SkyBlock§r§e!
20:25:04 [EMPTY] 
20:25:06 [PROFILE_JOIN] §aYou are playing on profile: §eLemon§b (Co-op)
20:25:06 [PROFILE_JOIN] §8Profile ID: 62b760d8-92b6-4501-ada0-1fd8583f5266
20:25:18 [EMPTY] §8 §r§8 §r§1 §r§3 §r§3 §r§7 §r§8 
20:25:21 [PROFILE_JOIN] §aYou are playing on profile: §eLemon§b (Co-op)
20:25:21 [PROFILE_JOIN] §8Profile ID: 62b760d8-92b6-4501-ada0-1fd8583f5266
20:25:23 [LOTTERY] §bNew day! §r§eYour §r§2Lottery §r§ebuff changed!
20:25:23 [LOTTERY] §eNew buff§r§r§r: §r§fGain §r§a+5% §r§2∮ Sweep§r§f.
20:25:23 [LOTTERY] §8§oYou can disable this messaging by toggling Lottery in your /hotf!
20:25:26 [EMPTY] §8 §r§8 §r§1 §r§3 §r§3 §r§7 §r§8 
20:25:29 [PROFILE_JOIN] §aYou are playing on profile: §eLemon§b (Co-op)
20:25:29 [PROFILE_JOIN] §8Profile ID: 62b760d8-92b6-4501-ada0-1fd8583f5266
20:25:31 [LOTTERY] §bNew day! §r§eYour §r§2Lottery §r§ebuff changed!
20:25:31 [LOTTERY] §eNew buff§r§r§r: §r§fGain §r§a+5% §r§2∮ Sweep§r§f.
20:25:31 [LOTTERY] §8§oYou can disable this messaging by toggling Lottery in your /hotf!
20:27:08 [EMPTY] §8 §r§8 §r§1 §r§3 §r§3 §r§7 §r§8 
20:27:12 [PROFILE_JOIN] §aYou are playing on profile: §eLemon§b (Co-op)
20:27:12 [PROFILE_JOIN] §8Profile ID: 62b760d8-92b6-4501-ada0-1fd8583f5266
20:27:13 [LOTTERY] §bNew day! §r§eYour §r§2Lottery §r§ebuff changed!
20:27:13 [LOTTERY] §eNew buff§r§r§r: §r§fGain §r§a+5% §r§2∮ Sweep§r§f.
20:27:13 [LOTTERY] §8§oYou can disable this messaging by toggling Lottery in your /hotf!
20:27:15 [EMPTY] §8 §r§8 §r§1 §r§3 §r§3 §r§7 §r§8 
20:27:18 [PROFILE_JOIN] §aYou are playing on profile: §eLemon§b (Co-op)
20:27:18 [PROFILE_JOIN] §8Profile ID: 62b760d8-92b6-4501-ada0-1fd8583f5266
20:27:20 [LOTTERY] §bNew day! §r§eYour §r§2Lottery §r§ebuff changed!
20:27:20 [LOTTERY] §eNew buff§r§r§r: §r§fGain §r§a+5% §r§2∮ Sweep§r§f.
20:27:20 [LOTTERY] §8§oYou can disable this messaging by toggling Lottery in your /hotf!
20:27:55 [SACKS_CHANGE] §6[Sacks] §r§a+5§r§e items§r§e.§r§8 (Last 14s.)
20:28:06 [SACKS_CHANGE] §6[Sacks] §r§a+2§r§e items§r§e.§r§8 (Last 10s.)
20:28:18 [SACKS_CHANGE] §6[Sacks] §r§a+1§r§e item§r§e.§r§8 (Last 5s.)
20:28:38 [SACKS_CHANGE] §6[Sacks] §r§a+2§r§e items§r§e.§r§8 (Last 10s.)
20:28:45 [EMPTY] 
20:28:45 [EMPTY] 
20:29:11 [SACKS_CHANGE] §6[Sacks] §r§a+68§r§e items§r§e.§r§8 (Last 14s.)
20:29:21 [SACKS_CHANGE] §6[Sacks] §r§a+2§r§e items§r§e.§r§8 (Last 9s.)
20:29:34 [SACKS_CHANGE] §6[Sacks] §r§a+2§r§e items§r§e.§r§8 (Last 9s.)
20:30:09 [SACKS_CHANGE] §6[Sacks] §r§a+1§r§e item§r§e.§r§8 (Last 5s.)
20:30:24 [SACKS_CHANGE] §6[Sacks] §r§a+49§r§e items§r§e.§r§8 (Last 11s.)
20:30:53 [GUILD_EXP] §aYou earned §r§2263 GEXP §r§a+ §r§e789 Event EXP §r§afrom playing SkyBlock!
20:30:55 [SACKS_CHANGE] §6[Sacks] §r§a+47§r§e items§r§e.§r§8 (Last 30s.)
20:31:08 [SACKS_CHANGE] §6[Sacks] §r§a+3§r§e items§r§e.§r§8 (Last 10s.)
20:31:15 [EMPTY] §f §r§r§r§f §r§r§r§1 §r§r§r§0 §r§r§r§2 §r§r§r§f §r§r§r§f §r§r§r§2 §r§r§r§0 §r§r§r§4 §r§r§r§3 §r§r§r§9 §r§r§r§2 §r§r§r§0 §r§r§r§0 §r§r§r§3 §r§r§r§9 §r§r§r§2 §r§r§r§0 §r§r§r§0 §r§r§r§3 §r§r§r§9 §r§r§r§2 §r§r§r§0 §r§r§r§0 
20:31:18 [EMPTY] §8 §r§8 §r§1 §r§3 §r§3 §r§7 §r§8 
20:31:20 [EMPTY] 
20:31:20 [WELCOME] §eWelcome to §r§aHypixel SkyBlock§r§e!
20:31:20 [EMPTY] 
20:31:21 [PROFILE_JOIN] §aYou are playing on profile: §eLemon§b (Co-op)
20:31:21 [PROFILE_JOIN] §8Profile ID: 62b760d8-92b6-4501-ada0-1fd8583f5266
20:31:22 [EMPTY] §8 §r§8 §r§1 §r§3 §r§3 §r§7 §r§8 
20:31:25 [PROFILE_JOIN] §aYou are playing on profile: §eLemon§b (Co-op)
20:31:25 [PROFILE_JOIN] §8Profile ID: 62b760d8-92b6-4501-ada0-1fd8583f5266
20:31:27 [LOTTERY] §bNew day! §r§eYour §r§2Lottery §r§ebuff changed!
20:31:27 [LOTTERY] §eNew buff§r§r§r: §r§fGain §r§a+5% §r§2∮ Sweep§r§f.
20:31:27 [LOTTERY] §8§oYou can disable this messaging by toggling Lottery in your /hotf!
20:32:05 [SACKS_CHANGE] §6[Sacks] §r§a+35§r§e items§r§e.§r§8 (Last 12s.)
20:32:11 [SACKS_CHANGE] §6[Sacks] §r§a+46§r§e items§r§e.§r§8 (Last 5s.)
20:32:48 [SACKS_CHANGE] §6[Sacks] §r§a+76§r§e items§r§e.§r§8 (Last 30s.)
20:33:07 [SACKS_CHANGE] §6[Sacks] §r§a+5§r§e items§r§e.§r§8 (Last 18s.)
20:33:50 [SACKS_CHANGE] §6[Sacks] §r§a+4§r§e items§r§e.§r§8 (Last 17s.)
20:33:56 [SACKS_CHANGE] §6[Sacks] §r§a+1§r§e item§r§e.§r§8 (Last 5s.)
20:34:02 [SACKS_CHANGE] §6[Sacks] §r§a+1§r§e item§r§e.§r§8 (Last 5s.)
20:34:12 [SACKS_CHANGE] §6[Sacks] §r§a+1§r§e item§r§e.§r§8 (Last 5s.)
20:34:27 [SACKS_CHANGE] §6[Sacks] §r§a+1§r§e item§r§e.§r§8 (Last 5s.)
20:34:44 [SACKS_CHANGE] §6[Sacks] §r§a+2§r§e items§r§e.§r§8 (Last 6s.)
20:34:59 [LOTTERY] §bNew day! §r§eYour §r§2Lottery §r§ebuff changed!
20:34:59 [LOTTERY] §eNew buff§r§r§r: §r§fGain §r§a+5% §r§2∮ Sweep§r§f.
20:34:59 [LOTTERY] §8§oYou can disable this messaging by toggling Lottery in your /hotf!
20:35:03 [SACKS_CHANGE] §6[Sacks] §r§a+1§r§e item§r§e.§r§8 (Last 5s.)
20:35:21 [SACKS_CHANGE] §6[Sacks] §r§a+2§r§e items§r§e.§r§8 (Last 10s.)
20:35:30 [SACKS_CHANGE] §6[Sacks] §r§a+1§r§e item§r§e.§r§8 (Last 5s.)
20:35:42 [GUILD_EXP] §aYou earned §r§2495 GEXP §r§a+ §r§e1,485 Event EXP §r§afrom playing SkyBlock!
20:35:45 [SACKS_CHANGE] §6[Sacks] §r§a+3§r§e items§r§e.§r§8 (Last 14s.)
20:35:52 [SACKS_CHANGE] §6[Sacks] §r§a+1§r§e item§r§e.§r§8 (Last 5s.)
20:36:05 [SACKS_CHANGE] §6[Sacks] §r§a+1§r§e item§r§e.§r§8 (Last 5s.)
20:36:11 [SACKS_CHANGE] §6[Sacks] §r§a+1§r§e item§r§e.§r§8 (Last 5s.)
20:36:23 [SACKS_CHANGE] §6[Sacks] §r§a+1§r§e item§r§e.§r§8 (Last 5s.)
20:37:02 [SACKS_CHANGE] §6[Sacks] §r§a+10§r§e items§r§e.§r§8 (Last 26s.)
20:37:27 [SACKS_CHANGE] §6[Sacks] §r§a+70§r§e items§r§e.§r§8 (Last 24s.)
20:37:44 [SACKS_CHANGE] §6[Sacks] §r§a+49§r§e items§r§e.§r§8 (Last 13s.)
20:37:56 [SACKS_CHANGE] §6[Sacks] §r§a+9§r§e items§r§e.§r§8 (Last 10s.)
20:38:10 [SACKS_CHANGE] §6[Sacks] §r§a+35§r§e items§r§e.§r§8 (Last 13s.)
20:38:40 [SACKS_CHANGE] §6[Sacks] §r§a+85§r§e items§r§e.§r§8 (Last 28s.)
20:38:50 [SACKS_CHANGE] §6[Sacks] §r§a+35§r§e items§r§e.§r§8 (Last 9s.)
20:38:56 [SACKS_CHANGE] §6[Sacks] §r§a+32§r§e items§r§e.§r§8 (Last 5s.)
20:39:14 [SACKS_CHANGE] §6[Sacks] §r§a+8§r§e items§r§e.§r§8 (Last 16s.)
20:39:26 [EMPTY] §8 §r§8 §r§1 §r§3 §r§3 §r§7 §r§8 
20:39:29 [PROFILE_JOIN] §aYou are playing on profile: §eLemon§b (Co-op)
20:39:29 [PROFILE_JOIN] §8Profile ID: 62b760d8-92b6-4501-ada0-1fd8583f5266
20:39:30 [LOTTERY] §bNew day! §r§eYour §r§2Lottery §r§ebuff changed!
20:39:30 [LOTTERY] §eNew buff§r§r§r: §r§fGain §r§a+5% §r§2∮ Sweep§r§f.
20:39:30 [LOTTERY] §8§oYou can disable this messaging by toggling Lottery in your /hotf!
20:40:08 [EMPTY] §8 §r§8 §r§1 §r§3 §r§3 §r§7 §r§8 
20:40:12 [PROFILE_JOIN] §aYou are playing on profile: §eLemon§b (Co-op)
20:40:12 [PROFILE_JOIN] §8Profile ID: 62b760d8-92b6-4501-ada0-1fd8583f5266
20:40:13 [LOTTERY] §bNew day! §r§eYour §r§2Lottery §r§ebuff changed!
20:40:13 [LOTTERY] §eNew buff§r§r§r: §r§fGain §r§a+5% §r§2∮ Sweep§r§f.
20:40:13 [LOTTERY] §8§oYou can disable this messaging by toggling Lottery in your /hotf!
20:40:48 [SACKS_CHANGE] §6[Sacks] §r§a+532§r§e items§r§e.§r§8 (Last 30s.)
20:41:19 [SACKS_CHANGE] §6[Sacks] §r§a+435§r§e items§r§e.§r§8 (Last 30s.)
20:41:30 [SACKS_CHANGE] §6[Sacks] §r§a+2§r§e items§r§e.§r§8 (Last 6s.)
20:41:39 [SACKS_CHANGE] §6[Sacks] §r§a+32§r§e items§r§e.§r§8 (Last 5s.)
20:42:12 [SACKS_CHANGE] §6[Sacks] §r§a+271§r§e items§r§e.§r§8 (Last 30s.)
20:42:25 [SACKS_CHANGE] §6[Sacks] §r§a+41§r§e items§r§e.§r§8 (Last 11s.)
20:43:01 [SACKS_CHANGE] §6[Sacks] §r§a+308§r§e items§r§e.§r§8 (Last 30s.)
20:43:33 [SACKS_CHANGE] §6[Sacks] §r§a+247§r§e items§r§e.§r§8 (Last 30s.)
20:44:00 [SACKS_CHANGE] §6[Sacks] §r§a+162§r§e items§r§e.§r§8 (Last 26s.)
20:45:26 [SACKS_CHANGE] §6[Sacks] §r§a+327§r§e items§r§e.§r§8 (Last 30s.)
20:45:57 [SACKS_CHANGE] §6[Sacks] §r§a+702§r§e items§r§e.§r§8 (Last 30s.)
20:46:03 [GUILD_EXP] §aYou earned §r§2636 GEXP §r§a+ §r§e1,908 Event EXP §r§afrom playing SkyBlock!
20:46:05 [SACKS_CHANGE] §6[Sacks] §r§a+29§r§e items§r§e.§r§8 (Last 6s.)
20:46:37 [SACKS_CHANGE] §6[Sacks] §r§a+53§r§e items§r§e.§r§8 (Last 13s.)
20:47:08 [SACKS_CHANGE] §6[Sacks] §r§a+249§r§e items§r§e.§r§8 (Last 30s.)
20:47:39 [SACKS_CHANGE] §6[Sacks] §r§a+188§r§e items§r§e.§r§8 (Last 30s.)
20:47:50 [SACKS_CHANGE] §6[Sacks] §r§a+126§r§e items§r§e.§r§8 (Last 9s.)
20:48:15 [SACKS_CHANGE] §6[Sacks] §r§a+170§r§e items§r§e.§r§8 (Last 24s.)
20:48:29 [SACKS_CHANGE] §6[Sacks] §r§a+2§r§e items§r§e.§r§8 (Last 8s.)
20:49:03 [SACKS_CHANGE] §6[Sacks] §r§a+278§r§e items§r§e.§r§8 (Last 27s.)
20:49:31 [SACKS_CHANGE] §6[Sacks] §r§a+149§r§e items§r§e.§r§8 (Last 19s.)
20:49:43 [SACKS_CHANGE] §6[Sacks] §r§a+61§r§e items§r§e.§r§8 (Last 11s.)
20:49:53 [SACKS_CHANGE] §6[Sacks] §r§a+21§r§e items§r§e.§r§8 (Last 9s.)
20:50:24 [SACKS_CHANGE] §6[Sacks] §r§a+192§r§e items§r§e.§r§8 (Last 30s.)
20:50:53 [SACKS_CHANGE] §6[Sacks] §r§a+374§r§e items§r§e.§r§8 (Last 28s.)
20:51:04 [GUILD_EXP] §aYou earned §r§2750 GEXP §r§a+ §r§e2,250 Event EXP §r§afrom playing SkyBlock!
20:51:24 [SACKS_CHANGE] §6[Sacks] §r§a+347§r§e items§r§e.§r§8 (Last 30s.)
20:51:56 [SACKS_CHANGE] §6[Sacks] §r§a+311§r§e items§r§e.§r§8 (Last 30s.)
20:52:27 [SACKS_CHANGE] §6[Sacks] §r§a+193§r§e items§r§e.§r§8 (Last 30s.)
20:52:39 [SACKS_CHANGE] §6[Sacks] §r§a+122§r§e items§r§e.§r§8 (Last 11s.)
20:52:52 [SACKS_CHANGE] §6[Sacks] §r§a+44§r§e items§r§e.§r§8 (Last 7s.)
20:53:23 [SACKS_CHANGE] §6[Sacks] §r§a+260§r§e items§r§e.§r§8 (Last 29s.)
20:53:44 [SACKS_CHANGE] §6[Sacks] §r§a+48§r§e items§r§e.§r§8 (Last 18s.)
20:54:21 [SACKS_CHANGE] §6[Sacks] §r§a+120§r§e items§r§e.§r§8 (Last 30s.)
20:54:52 [SACKS_CHANGE] §6[Sacks] §r§a+214§r§e items§r§e.§r§8 (Last 30s.)
20:54:59 [LOTTERY] §bNew day! §r§eYour §r§2Lottery §r§ebuff changed!
20:54:59 [LOTTERY] §eNew buff§r§r§r: §r§fGain §r§a+50 §r§6☘ Mangrove Fortune§r§f.
20:54:59 [LOTTERY] §8§oYou can disable this messaging by toggling Lottery in your /hotf!
20:55:14 [SACKS_CHANGE] §6[Sacks] §r§a+62§r§e items§r§e.§r§8 (Last 21s.)
20:55:23 [SACKS_CHANGE] §6[Sacks] §r§a+2§r§e items§r§e.§r§8 (Last 8s.)
20:55:31 [SACKS_CHANGE] §6[Sacks] §r§a+10§r§e items§r§e.§r§8 (Last 7s.)
20:56:05 [GUILD_EXP] §aYou earned §r§2750 GEXP §r§a+ §r§e2,250 Event EXP §r§afrom playing SkyBlock!
20:56:24 [SACKS_CHANGE] §6[Sacks] §r§a+64§r§e items§r§e.§r§8 (Last 11s.)
20:56:49 [SACKS_CHANGE] §6[Sacks] §r§a+71§r§e items§r§e.§r§8 (Last 17s.)
20:56:59 [SACKS_CHANGE] §6[Sacks] §r§a+11§r§e items§r§e.§r§8 (Last 8s.)
20:57:17 [SACKS_CHANGE] §6[Sacks] §r§a+28§r§e items§r§e.§r§8 (Last 16s.)
20:57:44 [SACKS_CHANGE] §6[Sacks] §r§a+7§r§e items§r§e.§r§8 (Last 13s.)
20:58:18 [SACKS_CHANGE] §6[Sacks] §r§a+160§r§e items§r§e.§r§8 (Last 30s.)
20:58:39 [SACKS_CHANGE] §6[Sacks] §r§a+155§r§e items§r§e.§r§8 (Last 20s.)
20:58:46 [SACKS_CHANGE] §6[Sacks] §r§a+2§r§e items§r§e.§r§8 (Last 6s.)
20:59:03 [SACKS_CHANGE] §6[Sacks] §r§a+20§r§e items§r§e.§r§8 (Last 15s.)
20:59:28 [SACKS_CHANGE] §6[Sacks] §r§a+32§r§e items§r§e.§r§8 (Last 24s.)
20:59:59 [SACKS_CHANGE] §6[Sacks] §r§a+501§r§e items§r§e.§r§8 (Last 30s.)
21:00:30 [SACKS_CHANGE] §6[Sacks] §r§a+397§r§e items§r§e.§r§8 (Last 30s.)
21:01:01 [SACKS_CHANGE] §6[Sacks] §r§a+115§r§e items§r§e.§r§8 (Last 30s.)
21:01:06 [GUILD_EXP] §aYou earned §r§2711 GEXP §r§a+ §r§e2,133 Event EXP §r§afrom playing SkyBlock!
21:01:24 [EMPTY] §8 §r§8 §r§1 §r§3 §r§3 §r§7 §r§8 
21:01:28 [PROFILE_JOIN] §aYou are playing on profile: §eLemon§b (Co-op)
21:01:28 [PROFILE_JOIN] §8Profile ID: 62b760d8-92b6-4501-ada0-1fd8583f5266
21:01:29 [LOTTERY] §bNew day! §r§eYour §r§2Lottery §r§ebuff changed!
21:01:29 [LOTTERY] §eNew buff§r§r§r: §r§fGain §r§a+50 §r§6☘ Mangrove Fortune§r§f.
21:01:29 [LOTTERY] §8§oYou can disable this messaging by toggling Lottery in your /hotf!
21:01:41 [EMPTY] §8 §r§8 §r§1 §r§3 §r§3 §r§7 §r§8 
21:01:44 [PROFILE_JOIN] §aYou are playing on profile: §eLemon§b (Co-op)
21:01:44 [PROFILE_JOIN] §8Profile ID: 62b760d8-92b6-4501-ada0-1fd8583f5266
21:01:46 [LOTTERY] §bNew day! §r§eYour §r§2Lottery §r§ebuff changed!
21:01:46 [LOTTERY] §eNew buff§r§r§r: §r§fGain §r§a+50 §r§6☘ Mangrove Fortune§r§f.
21:01:46 [LOTTERY] §8§oYou can disable this messaging by toggling Lottery in your /hotf!
21:01:47 [EMPTY] 
21:01:47 [EMPTY] §c
21:04:21 [EMPTY] §8 §r§8 §r§1 §r§3 §r§3 §r§7 §r§8 
21:04:24 [PROFILE_JOIN] §aYou are playing on profile: §eLemon§b (Co-op)
21:04:24 [PROFILE_JOIN] §8Profile ID: 62b760d8-92b6-4501-ada0-1fd8583f5266
21:04:26 [LOTTERY] §bNew day! §r§eYour §r§2Lottery §r§ebuff changed!
21:04:26 [LOTTERY] §eNew buff§r§r§r: §r§fGain §r§a+50 §r§6☘ Mangrove Fortune§r§f.
21:04:26 [LOTTERY] §8§oYou can disable this messaging by toggling Lottery in your /hotf!
21:04:31 [EMPTY] §8 §r§8 §r§1 §r§3 §r§3 §r§7 §r§8 
21:04:34 [PROFILE_JOIN] §aYou are playing on profile: §eLemon§b (Co-op)
21:04:34 [PROFILE_JOIN] §8Profile ID: 62b760d8-92b6-4501-ada0-1fd8583f5266
21:04:36 [LOTTERY] §bNew day! §r§eYour §r§2Lottery §r§ebuff changed!
21:04:36 [LOTTERY] §eNew buff§r§r§r: §r§fGain §r§a+50 §r§6☘ Mangrove Fortune§r§f.
21:04:36 [LOTTERY] §8§oYou can disable this messaging by toggling Lottery in your /hotf!
21:05:09 [SACKS_CHANGE] §6[Sacks] §r§a+8§r§e items§r§e.§r§8 (Last 6s.)
21:05:31 [SACKS_CHANGE] §6[Sacks] §r§a+15§r§e items§r§e.§r§8 (Last 8s.)
21:06:15 [GUILD_EXP] §aYou earned §r§280 GEXP §r§a+ §r§e240 Event EXP §r§afrom playing SkyBlock!
21:07:36 [EMPTY] §8 §r§8 §r§1 §r§3 §r§3 §r§7 §r§8 
21:07:39 [EMPTY] §8 §r§8 §r§1 §r§3 §r§3 §r§7 §r§8 
21:07:43 [PROFILE_JOIN] §aYou are playing on profile: §eLemon§b (Co-op)
21:07:43 [PROFILE_JOIN] §8Profile ID: 62b760d8-92b6-4501-ada0-1fd8583f5266
21:07:44 [LOTTERY] §bNew day! §r§eYour §r§2Lottery §r§ebuff changed!
21:07:44 [LOTTERY] §eNew buff§r§r§r: §r§fGain §r§a+50 §r§6☘ Mangrove Fortune§r§f.
21:07:44 [LOTTERY] §8§oYou can disable this messaging by toggling Lottery in your /hotf!
21:07:55 [SACKS_CHANGE] §6[Sacks] §r§c-97§r§e items§r§e.§r§8 (Last 8s.)
21:08:01 [SACKS_CHANGE] §6[Sacks] §r§a+97§r§e items§r§e.§r§8 (Last 5s.)
21:08:27 [SACKS_CHANGE] §6[Sacks] §r§a+3§r§e items§r§e.§r§8 (Last 5s.)
21:08:41 [SACKS_CHANGE] §6[Sacks] §r§a+8§r§e items§r§e.§r§8 (Last 9s.)
21:08:52 [SACKS_CHANGE] §6[Sacks] §r§a+9§r§e items§r§e.§r§8 (Last 5s.)
21:09:20 [SACKS_CHANGE] §6[Sacks] §r§a+4§r§e items§r§e.§r§8 (Last 5s.)
21:09:38 [SACKS_CHANGE] §6[Sacks] §r§a+4§r§e items§r§e.§r§8 (Last 5s.)
21:09:50 [SACKS_CHANGE] §6[Sacks] §r§a+8§r§e items§r§e.§r§8 (Last 8s.)
21:10:00 [SACKS_CHANGE] §6[Sacks] §r§a+4§r§e items§r§e.§r§8 (Last 5s.)
21:10:09 [SACKS_CHANGE] §6[Sacks] §r§a+4§r§e items§r§e.§r§8 (Last 5s.)
21:10:20 [SACKS_CHANGE] §6[Sacks] §r§a+3§r§e items§r§e.§r§8 (Last 5s.)
21:10:26 [SACKS_CHANGE] §6[Sacks] §r§a+3§r§e items§r§e.§r§8 (Last 5s.)
21:10:35 [GUILD_EXP] §aYou earned §r§2278 GEXP §r§a+ §r§e834 Event EXP §r§afrom playing SkyBlock!
21:10:38 [SACKS_CHANGE] §6[Sacks] §r§a+5§r§e items§r§e.§r§8 (Last 5s.)
21:10:55 [SACKS_CHANGE] §6[Sacks] §r§a+4§r§e items§r§e.§r§8 (Last 5s.)
21:11:18 [SACKS_CHANGE] §6[Sacks] §r§a+4§r§e items§r§e.§r§8 (Last 5s.)
21:11:31 [SACKS_CHANGE] §6[Sacks] §r§a+4§r§e items§r§e.§r§8 (Last 5s.)
21:11:45 [SACKS_CHANGE] §6[Sacks] §r§a+7§r§e items§r§e.§r§8 (Last 6s.)
21:11:56 [SACKS_CHANGE] §6[Sacks] §r§a+4§r§e items§r§e.§r§8 (Last 5s.)
21:12:04 [SACKS_CHANGE] §6[Sacks] §r§a+5§r§e items§r§e.§r§8 (Last 5s.)
21:12:14 [SACKS_CHANGE] §6[Sacks] §r§a+4§r§e items§r§e.§r§8 (Last 5s.)
21:12:24 [SACKS_CHANGE] §6[Sacks] §r§a+5§r§e items§r§e.§r§8 (Last 5s.)
21:12:35 [SACKS_CHANGE] §6[Sacks] §r§a+4§r§e items§r§e.§r§8 (Last 5s.)
21:12:43 [SACKS_CHANGE] §6[Sacks] §r§a+5§r§e items§r§e.§r§8 (Last 5s.)
21:12:51 [SACKS_CHANGE] §6[Sacks] §r§a+4§r§e items§r§e.§r§8 (Last 5s.)
21:13:00 [SACKS_CHANGE] §6[Sacks] §r§a+3§r§e items§r§e.§r§8 (Last 5s.)
21:13:06 [SACKS_CHANGE] §6[Sacks] §r§a+5§r§e items§r§e.§r§8 (Last 5s.)
21:13:18 [SACKS_CHANGE] §6[Sacks] §r§a+5§r§e items§r§e.§r§8 (Last 5s.)
21:13:49 [SACKS_CHANGE] §6[Sacks] §r§a+3§r§e items§r§e.§r§8 (Last 5s.)
21:14:03 [SACKS_CHANGE] §6[Sacks] §r§a+3§r§e items§r§e.§r§8 (Last 5s.)
21:14:33 [SACKS_CHANGE] §6[Sacks] §r§a+4§r§e items§r§e.§r§8 (Last 5s.)
21:14:39 [SACKS_CHANGE] §6[Sacks] §r§a+4§r§e items§r§e.§r§8 (Last 5s.)
21:14:53 [SACKS_CHANGE] §6[Sacks] §r§a+3§r§e items§r§e.§r§8 (Last 5s.)
21:15:02 [LOTTERY] §bNew day! §r§eYour §r§2Lottery §r§ebuff changed!
21:15:02 [LOTTERY] §eNew buff§r§r§r: §r§fGain §r§a+50 §r§6☘ Fig Fortune§r§f.
21:15:02 [LOTTERY] §8§oYou can disable this messaging by toggling Lottery in your /hotf!
21:15:17 [SACKS_CHANGE] §6[Sacks] §r§a+3§r§e items§r§e.§r§8 (Last 5s.)
21:15:24 [SACKS_CHANGE] §6[Sacks] §r§a+5§r§e items§r§e.§r§8 (Last 5s.)
21:15:35 [SACKS_CHANGE] §6[Sacks] §r§a+74§r§e items§r§e, §r§c-233§r§e items§r§e.§r§8 (Last 8s.)
21:15:44 [GUILD_EXP] §aYou earned §r§2750 GEXP §r§a+ §r§e2,250 Event EXP §r§afrom playing SkyBlock!
21:15:47 [SACKS_CHANGE] §6[Sacks] §r§a+4§r§e items§r§e.§r§8 (Last 5s.)
21:19:23 [EMPTY] 
21:19:23 [EMPTY] 
21:19:23 [EMPTY] 
21:19:54 [SACKS_CHANGE] §6[Sacks] §r§a+138§r§e items§r§e.§r§8 (Last 7s.)
21:20:02 [SACKS_CHANGE] §6[Sacks] §r§a+5§r§e items§r§e.§r§8 (Last 5s.)
21:20:15 [SACKS_CHANGE] §6[Sacks] §r§a+69§r§e items§r§e.§r§8 (Last 9s.)
21:20:27 [SACKS_CHANGE] §6[Sacks] §r§a+110§r§e items§r§e.§r§8 (Last 8s.)
21:20:41 [SACKS_CHANGE] §6[Sacks] §r§a+95§r§e items§r§e.§r§8 (Last 6s.)
21:20:48 [SACKS_CHANGE] §6[Sacks] §r§a+3§r§e items§r§e.§r§8 (Last 5s.)
21:20:49 [GUILD_EXP] §aYou earned §r§2690 GEXP §r§a+ §r§e2,070 Event EXP §r§afrom playing SkyBlock!
21:21:15 [EMPTY] 
21:21:15 [EMPTY] 
21:23:44 [EMPTY] §8 §r§8 §r§1 §r§3 §r§3 §r§7 §r§8 
21:23:47 [EMPTY] §8 §r§8 §r§1 §r§3 §r§3 §r§7 §r§8 
21:23:50 [PROFILE_JOIN] §aYou are playing on profile: §eLemon§b (Co-op)
21:23:50 [PROFILE_JOIN] §8Profile ID: 62b760d8-92b6-4501-ada0-1fd8583f5266
21:23:51 [EMPTY] §8 §r§8 §r§1 §r§3 §r§3 §r§7 §r§8 
21:23:54 [PROFILE_JOIN] §aYou are playing on profile: §eLemon§b (Co-op)
21:23:54 [PROFILE_JOIN] §8Profile ID: 62b760d8-92b6-4501-ada0-1fd8583f5266
21:23:56 [LOTTERY] §bNew day! §r§eYour §r§2Lottery §r§ebuff changed!
21:23:56 [LOTTERY] §eNew buff§r§r§r: §r§fGain §r§a+50 §r§6☘ Fig Fortune§r§f.
21:23:56 [LOTTERY] §8§oYou can disable this messaging by toggling Lottery in your /hotf!
21:25:53 [EMPTY] §f §r§r§r§f §r§r§r§1 §r§r§r§0 §r§r§r§2 §r§r§r§f §r§r§r§f §r§r§r§2 §r§r§r§0 §r§r§r§4 §r§r§r§3 §r§r§r§9 §r§r§r§2 §r§r§r§0 §r§r§r§0 §r§r§r§3 §r§r§r§9 §r§r§r§2 §r§r§r§0 §r§r§r§0 §r§r§r§3 §r§r§r§9 §r§r§r§2 §r§r§r§0 §r§r§r§0 
21:25:58 [EMPTY] §8 §r§8 §r§1 §r§3 §r§3 §r§7 §r§8 
21:26:01 [EMPTY] 
21:26:01 [WELCOME] §eWelcome to §r§aHypixel SkyBlock§r§e!
21:26:01 [EMPTY] 
21:26:02 [PROFILE_JOIN] §aYou are playing on profile: §eLemon§b (Co-op)
21:26:02 [PROFILE_JOIN] §8Profile ID: 62b760d8-92b6-4501-ada0-1fd8583f5266
21:26:03 [LOTTERY] §bNew day! §r§eYour §r§2Lottery §r§ebuff changed!
21:26:03 [LOTTERY] §eNew buff§r§r§r: §r§fGain §r§a+50 §r§6☘ Fig Fortune§r§f.
21:26:03 [LOTTERY] §8§oYou can disable this messaging by toggling Lottery in your /hotf!
21:26:36 [EMPTY] 
21:28:43 [EMPTY] 
21:28:50 [EMPTY] 
21:28:50 [EMPTY] 
21:28:58 [EMPTY] 
21:29:19 [EMPTY] 
21:29:26 [EMPTY] 
21:30:57 [GUILD_EXP] §aYou earned §r§2481 GEXP §r§a+ §r§e1,443 Event EXP §r§afrom playing SkyBlock!
21:32:14 [EMPTY] 
21:32:23 [EMPTY] 
21:32:23 [EMPTY] 
21:32:31 [EMPTY] 
21:34:38 [EMPTY] 
21:34:59 [LOTTERY] §bNew day! §r§eYour §r§2Lottery §r§ebuff changed!
21:34:59 [LOTTERY] §eNew buff§r§r§r: §r§fGain §r§a+50 §r§6☘ Fig Fortune§r§f.
21:34:59 [LOTTERY] §8§oYou can disable this messaging by toggling Lottery in your /hotf!
21:35:00 [EMPTY] 
21:35:00 [EMPTY] 
21:36:03 [GUILD_EXP] §aYou earned §r§2108 GEXP §r§a+ §r§e324 Event EXP §r§afrom playing SkyBlock!
21:36:46 [EMPTY] 
21:36:46 [EMPTY] 
21:41:10 [GUILD_EXP] §aYou earned §r§2576 GEXP §r§a+ §r§e1,728 Event EXP §r§afrom playing SkyBlock!
21:41:47 [SACKS_CHANGE] §6[Sacks] §r§a+3§r§e items§r§e.§r§8 (Last 5s.)
21:41:54 [SACKS_CHANGE] §6[Sacks] §r§a+4§r§e items§r§e.§r§8 (Last 5s.)
21:42:09 [SACKS_CHANGE] §6[Sacks] §r§a+7§r§e items§r§e.§r§8 (Last 10s.)
21:42:23 [SACKS_CHANGE] §6[Sacks] §r§a+4§r§e items§r§e.§r§8 (Last 5s.)
21:42:35 [SACKS_CHANGE] §6[Sacks] §r§a+4§r§e items§r§e.§r§8 (Last 5s.)
21:42:48 [SACKS_CHANGE] §6[Sacks] §r§a+4§r§e items§r§e.§r§8 (Last 5s.)
21:43:06 [SACKS_CHANGE] §6[Sacks] §r§a+5§r§e items§r§e.§r§8 (Last 5s.)
21:43:44 [SACKS_CHANGE] §6[Sacks] §r§a+6§r§e items§r§e.§r§8 (Last 10s.)
21:43:56 [SACKS_CHANGE] §6[Sacks] §r§a+122§r§e items§r§e, §r§c-122§r§e items§r§e.§r§8 (Last 7s.)
21:44:08 [SACKS_CHANGE] §6[Sacks] §r§a+7§r§e items§r§e.§r§8 (Last 10s.)
21:44:28 [EMPTY] §f §r§r§r§f §r§r§r§1 §r§r§r§0 §r§r§r§2 §r§r§r§f §r§r§r§f §r§r§r§2 §r§r§r§0 §r§r§r§4 §r§r§r§3 §r§r§r§9 §r§r§r§2 §r§r§r§0 §r§r§r§0 §r§r§r§3 §r§r§r§9 §r§r§r§2 §r§r§r§0 §r§r§r§0 §r§r§r§3 §r§r§r§9 §r§r§r§2 §r§r§r§0 §r§r§r§0 
21:44:42 [EMPTY] §8 §r§8 §r§1 §r§3 §r§3 §r§7 §r§8 
21:44:45 [EMPTY] 
21:44:45 [WELCOME] §eWelcome to §r§aHypixel SkyBlock§r§e!
21:44:45 [EMPTY] 
21:44:46 [PROFILE_JOIN] §aYou are playing on profile: §eLemon§b (Co-op)
21:44:46 [PROFILE_JOIN] §8Profile ID: 62b760d8-92b6-4501-ada0-1fd8583f5266
21:44:47 [LOTTERY] §bNew day! §r§eYour §r§2Lottery §r§ebuff changed!
21:44:47 [LOTTERY] §eNew buff§r§r§r: §r§fGain §r§a+50 §r§6☘ Fig Fortune§r§f.
21:44:47 [LOTTERY] §8§oYou can disable this messaging by toggling Lottery in your /hotf!
