12:04:41 HUB
12:06:34 NONE
12:06:34 GALATEA
12:09:12 PRIVATE_ISLAND
12:11:31 GARDEN
12:20:54 NONE
12:20:55 PRIVATE_ISLAND
12:23:50 NONE
12:23:50 HUB
12:24:15 PRIVATE_ISLAND
12:28:25 HUB
12:28:45 PRIVATE_ISLAND
12:30:15 PRIVATE_ISLAND_GUEST
12:30:21 NONE
12:30:22 DWARVEN_MINES
12:31:20 PRIVATE_ISLAND
12:37:40 HUB
12:40:31 PRIVATE_ISLAND
12:49:24 NONE
12:49:25 HUB
12:49:57 PRIVATE_ISLAND
12:51:13 HUB
12:52:27 NONE
12:52:27 BACKWATER_BAYOU
12:53:06 NONE
12:53:07 HUB
12:53:11 BACKWATER_BAYOU
12:53:35 HUB
12:53:42 BACKWATER_BAYOU
12:56:31 HUB
12:56:35 BACKWATER_BAYOU
12:56:52 HUB
12:57:00 NONE
12:57:00 BACKWATER_BAYOU
12:57:10 NONE
12:57:11 HUB
12:57:20 BACKWATER_BAYOU
12:57:49 HUB
12:57:53 BACKWATER_BAYOU
12:58:02 HUB
12:58:06 BACKWATER_BAYOU
12:58:12 HUB
12:58:35 NONE
12:58:35 BACKWATER_BAYOU
12:59:20 NONE
12:59:21 HUB
12:59:28 NONE
12:59:29 BACKWATER_BAYOU
13:26:51 HUB
13:27:10 PRIVATE_ISLAND
13:29:26 HUB
13:29:54 PRIVATE_ISLAND
13:37:52 GALATEA
13:49:22 DUNGEON_HUB
13:50:12 PRIVATE_ISLAND
13:55:49 DUNGEON_HUB
13:56:34 PRIVATE_ISLAND
13:56:51 GALATEA
13:58:18 PRIVATE_ISLAND
13:59:04 GALATEA
15:11:11 HUB
15:22:11 PRIVATE_ISLAND
15:24:57 NONE
15:24:58 THE_END
15:25:36 PRIVATE_ISLAND
15:25:41 THE_END
15:31:55 PRIVATE_ISLAND
15:34:25 NONE
15:34:25 THE_END
15:38:27 PRIVATE_ISLAND
15:38:36 THE_END
15:38:52 PRIVATE_ISLAND
15:39:00 THE_END
15:39:44 PRIVATE_ISLAND
15:40:43 NONE
15:40:44 THE_END
15:40:59 PRIVATE_ISLAND
15:41:13 THE_END
15:46:42 PRIVATE_ISLAND
15:47:02 NONE
15:47:03 THE_END
15:47:42 PRIVATE_ISLAND
15:49:23 NONE
15:49:24 THE_END
15:50:40 PRIVATE_ISLAND
15:52:25 NONE
15:52:25 THE_END
15:52:26 NONE
15:52:26 THE_END
15:52:44 PRIVATE_ISLAND
16:25:41 THE_END
16:26:37 PRIVATE_ISLAND
16:27:37 NONE
16:27:37 THE_END
16:28:11 PRIVATE_ISLAND
16:28:31 NONE
16:28:31 THE_END
16:28:48 PRIVATE_ISLAND
16:38:12 THE_END
16:38:20 SPIDER_DEN
16:38:30 THE_END
16:38:41 SPIDER_DEN
16:38:50 THE_END
16:39:07 NONE
16:39:08 PRIVATE_ISLAND
16:39:15 NONE
16:39:17 THE_END
16:39:25 SPIDER_DEN
16:39:36 NONE
16:39:36 THE_END
16:39:50 SPIDER_DEN
16:39:54 NONE
16:39:54 THE_END
16:40:31 SPIDER_DEN
16:40:36 NONE
16:40:37 THE_END
16:40:52 SPIDER_DEN
16:41:00 NONE
16:41:00 THE_END
16:41:15 NONE
16:41:16 SPIDER_DEN
16:41:27 THE_END
16:41:43 HUB
16:41:50 THE_END
16:42:02 SPIDER_DEN
16:42:07 NONE
16:42:07 THE_END
16:44:16 PRIVATE_ISLAND
16:44:36 THE_END
16:44:43 NONE
16:44:44 SPIDER_DEN
16:44:51 THE_END
16:45:02 SPIDER_DEN
16:45:12 THE_END
16:46:22 PRIVATE_ISLAND
16:46:26 DUNGEON_HUB
