17:59:51 §f                                  §6§lBESTIARY
17:59:51 §f                           §b§lStar Sentry §7§82 §8➡§b §b3
17:59:51 
17:59:51                                   §r§6§lREWARDS
17:59:51                       §r§8+§r§a2 §r§5Star Sentry §r§b✯ Magic Find
17:59:51                        §r§8+§r§a2 §r§5Star Sentry §r§c❁ Strength
17:59:51                           §r§8+§r§62% §r§a§r§5Star Sentry §r§7coins
17:59:51                     §r§8+§r§a50% §r§7chance for extra XP orbs
17:59:51                                §r§8+§r§b1 SkyBlock XP
17:59:51 
17:59:51 §3§l▬▬▬▬▬▬▬▬▬▬▬▬▬▬▬▬▬▬▬▬▬▬▬▬▬▬▬▬▬▬▬▬▬▬▬▬▬▬▬▬▬▬▬▬▬▬▬▬▬▬▬▬▬▬▬▬▬▬▬▬▬▬▬▬
18:00:30 §f                                  §6§lBESTIARY
18:00:30 §f                           §b§lStar Sentry §7§83 §8➡§b §b4
18:00:30 
18:00:30                                   §r§6§lREWARDS
18:00:30                       §r§8+§r§a2 §r§5Star Sentry §r§b✯ Magic Find
18:00:30                        §r§8+§r§a2 §r§5Star Sentry §r§c❁ Strength
18:00:30                           §r§8+§r§62% §r§a§r§5Star Sentry §r§7coins
18:00:30                     §r§8+§r§a50% §r§7chance for extra XP orbs
18:00:30                                §r§8+§r§b1 SkyBlock XP
18:00:30 
18:00:30 §3§l▬▬▬▬▬▬▬▬▬▬▬▬▬▬▬▬▬▬▬▬▬▬▬▬▬▬▬▬▬▬▬▬▬▬▬▬▬▬▬▬▬▬▬▬▬▬▬▬▬▬▬▬▬▬▬▬▬▬▬▬▬▬▬▬
18:01:46 §f                                  §6§lBESTIARY
18:01:46 §f                           §b§lStar Sentry §7§84 §8➡§b §b5
18:01:46 
18:01:46                                   §r§6§lREWARDS
18:01:46                       §r§8+§r§a2 §r§5Star Sentry §r§b✯ Magic Find
18:01:46                        §r§8+§r§a2 §r§5Star Sentry §r§c❁ Strength
18:01:46                           §r§8+§r§62% §r§a§r§5Star Sentry §r§7coins
18:01:46                     §r§8+§r§a50% §r§7chance for extra XP orbs
18:01:46                                §r§8+§r§b1 SkyBlock XP
18:01:46 
18:01:46 §3§l▬▬▬▬▬▬▬▬▬▬▬▬▬▬▬▬▬▬▬▬▬▬▬▬▬▬▬▬▬▬▬▬▬▬▬▬▬▬▬▬▬▬▬▬▬▬▬▬▬▬▬▬▬▬▬▬▬▬▬▬▬▬▬▬
19:07:01 §f                                  §6§lBESTIARY
19:07:01 §f                         §b§lGolden Goblin §7§89 §8➡§b §b10
19:07:01 
19:07:01                                   §r§6§lREWARDS
19:07:01                       §r§8+§r§a3 Golden Goblin §r§b✯ Magic Find
19:07:01                       §r§8+§r§a3 Golden Goblin §r§c❁ Strength
19:07:01                           §r§8+§r§62% §r§aGolden Goblin §r§7coins
19:07:01                     §r§8+§r§a50% §r§7chance for extra XP orbs
19:07:01                                §r§8+§r§b1 SkyBlock XP
19:07:01 
19:07:01   §r§f                         §6§lBESTIARY MILESTONE
19:07:01   §r§f                                    §889➡§e90
19:07:01 §6§lBESTIARY MILESTONE §889➡§e90
19:07:01 §6§lBESTIARY MILESTONE §889➡§e90
19:07:01 §6§lBESTIARY MILESTONE §889➡§e90
19:07:01 §6§lBESTIARY MILESTONE §889➡§e90
19:07:01 
