17:56:40 §f §r§r§r§f §r§r§r§1 §r§r§r§0 §r§r§r§2 §r§r§r§f §r§r§r§f §r§r§r§2 §r§r§r§0 §r§r§r§4 §r§r§r§3 §r§r§r§9 §r§r§r§2 §r§r§r§0 §r§r§r§0 §r§r§r§3 §r§r§r§9 §r§r§r§2 §r§r§r§0 §r§r§r§0 §r§r§r§3 §r§r§r§9 §r§r§r§2 §r§r§r§0 §r§r§r§0 
17:56:52 §8 §r§8 §r§1 §r§3 §r§3 §r§7 §r§8 
17:57:25 §f §r§r§r§f §r§r§r§1 §r§r§r§0 §r§r§r§2 §r§r§r§f §r§r§r§f §r§r§r§2 §r§r§r§0 §r§r§r§4 §r§r§r§3 §r§r§r§9 §r§r§r§2 §r§r§r§0 §r§r§r§0 §r§r§r§3 §r§r§r§9 §r§r§r§2 §r§r§r§0 §r§r§r§0 §r§r§r§3 §r§r§r§9 §r§r§r§2 §r§r§r§0 §r§r§r§0 
17:57:29 §8 §r§8 §r§1 §r§3 §r§3 §r§7 §r§8 
17:57:31 
17:57:31 
17:57:41 §8 §r§8 §r§1 §r§3 §r§3 §r§7 §r§8 
17:59:11 §8 §r§8 §r§1 §r§3 §r§3 §r§7 §r§8 
17:59:15 §8 §r§8 §r§1 §r§3 §r§3 §r§7 §r§8 
17:59:51  
18:00:30  
18:01:46  
18:03:03                                         
18:21:16 
18:23:06                                         
18:23:06                                         
18:43:07                                         
19:01:18 
19:01:47 
19:01:47 §c
19:03:07                                         
19:03:07                                         
19:07:01  
19:23:04                                         
19:41:17 
19:43:08                                         
19:43:08                                         
