17:57:34 §bNew day! §r§eYour §r§2Lottery §r§ebuff changed!
17:57:34 §eNew buff§r§r§r: §r§fGain §r§a+5% §r§2∮ Sweep§r§f.
17:57:34 §8§oYou can disable this messaging by toggling Lottery in your /hotf!
17:57:46 §bNew day! §r§eYour §r§2Lottery §r§ebuff changed!
17:57:46 §eNew buff§r§r§r: §r§fGain §r§a+5% §r§2∮ Sweep§r§f.
17:57:46 §8§oYou can disable this messaging by toggling Lottery in your /hotf!
17:59:20 §bNew day! §r§eYour §r§2Lottery §r§ebuff changed!
17:59:20 §eNew buff§r§r§r: §r§fGain §r§a+5% §r§2∮ Sweep§r§f.
17:59:20 §8§oYou can disable this messaging by toggling Lottery in your /hotf!
18:15:01 §bNew day! §r§eYour §r§2Lottery §r§ebuff changed!
18:15:01 §eNew buff§r§r§r: §r§fGain §r§a+50 §r§6☘ Mangrove Fortune§r§f.
18:15:01 §8§oYou can disable this messaging by toggling Lottery in your /hotf!
18:35:01 §bNew day! §r§eYour §r§2Lottery §r§ebuff changed!
18:35:01 §eNew buff§r§r§r: §r§fGain §r§a+50 §r§6☘ Mangrove Fortune§r§f.
18:35:01 §8§oYou can disable this messaging by toggling Lottery in your /hotf!
18:55:01 §bNew day! §r§eYour §r§2Lottery §r§ebuff changed!
18:55:01 §eNew buff§r§r§r: §r§fGain §r§a+50 §r§6☘ Mangrove Fortune§r§f.
18:55:01 §8§oYou can disable this messaging by toggling Lottery in your /hotf!
19:15:00 §bNew day! §r§eYour §r§2Lottery §r§ebuff changed!
19:15:00 §eNew buff§r§r§r: §r§fGain §r§a+50 §r§6☘ Fig Fortune§r§f.
19:15:00 §8§oYou can disable this messaging by toggling Lottery in your /hotf!
19:35:00 §bNew day! §r§eYour §r§2Lottery §r§ebuff changed!
19:35:00 §eNew buff§r§r§r: §r§fGain §r§a+50 §r§6☘ Fig Fortune§r§f.
19:35:00 §8§oYou can disable this messaging by toggling Lottery in your /hotf!
19:55:00 §bNew day! §r§eYour §r§2Lottery §r§ebuff changed!
19:55:00 §eNew buff§r§r§r: §r§fGain §r§a+50 §r§6☘ Fig Fortune§r§f.
19:55:00 §8§oYou can disable this messaging by toggling Lottery in your /hotf!
