17:59:49 §6[Sacks] §r§a+8§r§e items§r§e.§r§8 (Last 14s.)
18:00:02 §6[Sacks] §r§a+12§r§e items§r§e.§r§8 (Last 10s.)
18:00:11 §6[Sacks] §r§a+5§r§e items§r§e.§r§8 (Last 5s.)
18:00:42 §6[Sacks] §r§a+43§r§e items§r§e.§r§8 (Last 30s.)
18:01:00 §6[Sacks] §r§a+13§r§e items§r§e.§r§8 (Last 11s.)
18:01:32 §6[Sacks] §r§a+11§r§e items§r§e.§r§8 (Last 9s.)
18:01:58 §6[Sacks] §r§a+28§r§e items§r§e.§r§8 (Last 19s.)
18:03:04 §6[Sacks] §r§a+1§r§e item§r§e.§r§8 (Last 5s.)
18:03:50 §6[Sacks] §r§a+2,677§r§e items§r§e.§r§8 (Last 30s.)
18:04:20 §6[Sacks] §r§a+2,056§r§e items§r§e.§r§8 (Last 29s.)
18:04:55 §6[Sacks] §r§a+3,107§r§e items§r§e.§r§8 (Last 30s.)
18:05:26 §6[Sacks] §r§a+124§r§e items§r§e.§r§8 (Last 30s.)
18:05:58 §6[Sacks] §r§a+23§r§e items§r§e.§r§8 (Last 30s.)
18:06:30 §6[Sacks] §r§a+22§r§e items§r§e.§r§8 (Last 30s.)
18:07:02 §6[Sacks] §r§a+16§r§e items§r§e.§r§8 (Last 30s.)
18:07:35 §6[Sacks] §r§a+20§r§e items§r§e.§r§8 (Last 30s.)
18:08:06 §6[Sacks] §r§a+16§r§e items§r§e.§r§8 (Last 30s.)
18:08:42 §6[Sacks] §r§a+20§r§e items§r§e.§r§8 (Last 30s.)
18:09:13 §6[Sacks] §r§a+17§r§e items§r§e.§r§8 (Last 30s.)
18:09:44 §6[Sacks] §r§a+18§r§e items§r§e.§r§8 (Last 30s.)
18:11:09 §6[Sacks] §r§a+22§r§e items§r§e.§r§8 (Last 30s.)
18:11:40 §6[Sacks] §r§a+15§r§e items§r§e.§r§8 (Last 30s.)
18:12:11 §6[Sacks] §r§a+22§r§e items§r§e.§r§8 (Last 30s.)
18:12:43 §6[Sacks] §r§a+20§r§e items§r§e.§r§8 (Last 30s.)
18:13:14 §6[Sacks] §r§a+23§r§e items§r§e.§r§8 (Last 30s.)
18:13:47 §6[Sacks] §r§a+19§r§e items§r§e.§r§8 (Last 30s.)
18:14:20 §6[Sacks] §r§a+24§r§e items§r§e.§r§8 (Last 30s.)
18:14:27 §6[Sacks] §r§a+1§r§e item§r§e.§r§8 (Last 5s.)
18:18:48 §6[Sacks] §r§a+21§r§e items§r§e.§r§8 (Last 30s.)
18:18:59 §6[Sacks] §r§a+3§r§e items§r§e.§r§8 (Last 9s.)
18:19:09 §6[Sacks] §r§a+3§r§e items§r§e.§r§8 (Last 9s.)
18:19:52 §6[Sacks] §r§a+22§r§e items§r§e.§r§8 (Last 30s.)
18:20:26 §6[Sacks] §r§a+13§r§e items§r§e.§r§8 (Last 30s.)
18:20:57 §6[Sacks] §r§a+21§r§e items§r§e.§r§8 (Last 30s.)
18:21:31 §6[Sacks] §r§a+14§r§e items§r§e.§r§8 (Last 30s.)
18:21:53 §6[Sacks] §r§a+12§r§e items§r§e.§r§8 (Last 20s.)
18:22:12 §6[Sacks] §r§a+1§r§e item§r§e.§r§8 (Last 5s.)
18:22:40 §6[Sacks] §r§a+3§r§e items§r§e.§r§8 (Last 8s.)
18:23:22 §6[Sacks] §r§a+17§r§e items§r§e.§r§8 (Last 29s.)
18:23:36 §6[Sacks] §r§a+5§r§e items§r§e.§r§8 (Last 12s.)
18:24:19 §6[Sacks] §r§a+18§r§e items§r§e.§r§8 (Last 30s.)
18:24:50 §6[Sacks] §r§a+126§r§e items§r§e, §r§c-20,160§r§e items§r§e.§r§8 (Last 9s.)
18:25:06 §6[Sacks] §r§a+152§r§e items§r§e.§r§8 (Last 5s.)
18:25:38 §6[Sacks] §r§a+2,520§r§e items§r§e, §r§c-603§r§e items§r§e.§r§8 (Last 30s.)
18:26:09 §6[Sacks] §r§a+1,755§r§e items§r§e.§r§8 (Last 30s.)
18:26:40 §6[Sacks] §r§a+2,674§r§e items§r§e.§r§8 (Last 30s.)
18:27:12 §6[Sacks] §r§a+2,394§r§e items§r§e.§r§8 (Last 30s.)
18:27:43 §6[Sacks] §r§a+2,790§r§e items§r§e.§r§8 (Last 30s.)
18:28:14 §6[Sacks] §r§a+2,385§r§e items§r§e.§r§8 (Last 30s.)
18:28:46 §6[Sacks] §r§a+3,393§r§e items§r§e.§r§8 (Last 30s.)
18:29:17 §6[Sacks] §r§a+2,160§r§e items§r§e.§r§8 (Last 30s.)
18:29:49 §6[Sacks] §r§a+302§r§e items§r§e.§r§8 (Last 30s.)
18:30:21 §6[Sacks] §r§a+18§r§e items§r§e.§r§8 (Last 30s.)
18:30:53 §6[Sacks] §r§a+21§r§e items§r§e.§r§8 (Last 30s.)
18:31:24 §6[Sacks] §r§a+15§r§e items§r§e.§r§8 (Last 30s.)
18:31:56 §6[Sacks] §r§a+20§r§e items§r§e.§r§8 (Last 30s.)
18:32:27 §6[Sacks] §r§a+17§r§e items§r§e.§r§8 (Last 30s.)
18:32:57 §6[Sacks] §r§a+19§r§e items§r§e.§r§8 (Last 30s.)
18:33:31 §6[Sacks] §r§a+18§r§e items§r§e.§r§8 (Last 30s.)
18:34:03 §6[Sacks] §r§a+16§r§e items§r§e.§r§8 (Last 30s.)
18:34:41 §6[Sacks] §r§a+18§r§e items§r§e.§r§8 (Last 30s.)
18:35:14 §6[Sacks] §r§a+24§r§e items§r§e.§r§8 (Last 30s.)
18:35:46 §6[Sacks] §r§a+17§r§e items§r§e.§r§8 (Last 30s.)
18:36:17 §6[Sacks] §r§a+21§r§e items§r§e.§r§8 (Last 30s.)
18:36:48 §6[Sacks] §r§a+17§r§e items§r§e.§r§8 (Last 30s.)
18:37:19 §6[Sacks] §r§a+21§r§e items§r§e.§r§8 (Last 30s.)
18:37:51 §6[Sacks] §r§a+18§r§e items§r§e.§r§8 (Last 30s.)
18:38:24 §6[Sacks] §r§a+22§r§e items§r§e.§r§8 (Last 30s.)
18:38:56 §6[Sacks] §r§a+14§r§e items§r§e.§r§8 (Last 30s.)
18:39:28 §6[Sacks] §r§a+22§r§e items§r§e.§r§8 (Last 30s.)
18:39:59 §6[Sacks] §r§a+18§r§e items§r§e.§r§8 (Last 30s.)
18:40:32 §6[Sacks] §r§a+22§r§e items§r§e.§r§8 (Last 30s.)
18:41:06 §6[Sacks] §r§a+18§r§e items§r§e.§r§8 (Last 30s.)
18:41:38 §6[Sacks] §r§a+21§r§e items§r§e.§r§8 (Last 30s.)
18:42:10 §6[Sacks] §r§a+17§r§e items§r§e.§r§8 (Last 30s.)
18:42:19 §6[Sacks] §r§a+3§r§e items§r§e.§r§8 (Last 8s.)
19:06:17 §6[Sacks] §r§a+20§r§e items§r§e.§r§8 (Last 30s.)
19:06:50 §6[Sacks] §r§a+21§r§e items§r§e.§r§8 (Last 30s.)
19:07:32 §6[Sacks] §r§a+15§r§e items§r§e.§r§8 (Last 30s.)
19:07:41 §6[Sacks] §r§a+3§r§e items§r§e.§r§8 (Last 8s.)
19:07:50 §6[Sacks] §r§a+5§r§e items§r§e.§r§8 (Last 5s.)
19:07:59 §6[Sacks] §r§a+8§r§e items§r§e.§r§8 (Last 8s.)
19:08:06 §6[Sacks] §r§a+5§r§e items§r§e.§r§8 (Last 5s.)
19:08:28 §6[Sacks] §r§a+5§r§e items§r§e.§r§8 (Last 12s.)
19:09:01 §6[Sacks] §r§a+16§r§e items§r§e.§r§8 (Last 30s.)
19:09:33 §6[Sacks] §r§a+17§r§e items§r§e.§r§8 (Last 30s.)
19:10:04 §6[Sacks] §r§a+21§r§e items§r§e.§r§8 (Last 30s.)
19:10:30 §6[Sacks] §r§a+8§r§e items§r§e.§r§8 (Last 21s.)
19:11:01 §6[Sacks] §r§a+16§r§e items§r§e.§r§8 (Last 30s.)
19:11:33 §6[Sacks] §r§a+19§r§e items§r§e.§r§8 (Last 30s.)
19:12:04 §6[Sacks] §r§a+100§r§e items§r§e.§r§8 (Last 30s.)
19:12:36 §6[Sacks] §r§a+16§r§e items§r§e.§r§8 (Last 30s.)
19:13:08 §6[Sacks] §r§a+19§r§e items§r§e.§r§8 (Last 30s.)
19:13:39 §6[Sacks] §r§a+19§r§e items§r§e.§r§8 (Last 30s.)
19:14:10 §6[Sacks] §r§a+22§r§e items§r§e.§r§8 (Last 30s.)
19:14:42 §6[Sacks] §r§a+18§r§e items§r§e.§r§8 (Last 30s.)
19:15:15 §6[Sacks] §r§a+23§r§e items§r§e.§r§8 (Last 30s.)
19:15:47 §6[Sacks] §r§a+17§r§e items§r§e.§r§8 (Last 30s.)
19:16:19 §6[Sacks] §r§a+22§r§e items§r§e.§r§8 (Last 30s.)
19:16:34 §6[Sacks] §r§a+6§r§e items§r§e.§r§8 (Last 14s.)
19:17:16 §6[Sacks] §r§a+17§r§e items§r§e.§r§8 (Last 30s.)
19:17:24 §6[Sacks] §r§a+1§r§e item§r§e.§r§8 (Last 5s.)
19:17:40 §6[Sacks] §r§a+4§r§e items§r§e.§r§8 (Last 11s.)
19:17:55 §6[Sacks] §r§a+1§r§e item§r§e.§r§8 (Last 5s.)
19:34:44 §6[Sacks] §r§a+72§r§e items§r§e.§r§8 (Last 18s.)
19:37:30 §6[Sacks] §r§a+11§r§e items§r§e.§r§8 (Last 23s.)
19:37:44 §6[Sacks] §r§a+4§r§e items§r§e.§r§8 (Last 12s.)
19:39:01 §6[Sacks] §r§a+16§r§e items§r§e.§r§8 (Last 28s.)
19:39:43 §6[Sacks] §r§a+10§r§e items§r§e.§r§8 (Last 25s.)
19:41:05 §6[Sacks] §r§a+6§r§e items§r§e.§r§8 (Last 20s.)
19:42:06 §6[Sacks] §r§a+3§r§e items§r§e.§r§8 (Last 12s.)
19:42:36 §6[Sacks] §r§a+6§r§e items§r§e.§r§8 (Last 18s.)
19:43:11 §6[Sacks] §r§a+4§r§e items§r§e.§r§8 (Last 11s.)
19:44:33 §6[Sacks] §r§a+14§r§e items§r§e.§r§8 (Last 21s.)
19:45:06 §6[Sacks] §r§a+14§r§e items§r§e.§r§8 (Last 30s.)
19:45:12 §6[Sacks] §r§a+1§r§e item§r§e.§r§8 (Last 5s.)
19:46:15 §6[Sacks] §r§a+15§r§e items§r§e.§r§8 (Last 30s.)
19:47:15 §6[Sacks] §r§a+13§r§e items§r§e.§r§8 (Last 30s.)
19:47:51 §6[Sacks] §r§a+15§r§e items§r§e.§r§8 (Last 30s.)
19:48:08 §6[Sacks] §r§a+7§r§e items§r§e.§r§8 (Last 15s.)
19:49:00 §6[Sacks] §r§a+8§r§e items§r§e.§r§8 (Last 22s.)
19:49:47 §6[Sacks] §r§a+15§r§e items§r§e.§r§8 (Last 30s.)
19:50:29 §6[Sacks] §r§a+6§r§e items§r§e.§r§8 (Last 18s.)
19:51:01 §6[Sacks] §r§a+14§r§e items§r§e.§r§8 (Last 30s.)
19:51:32 §6[Sacks] §r§a+15§r§e items§r§e.§r§8 (Last 30s.)
19:52:06 §6[Sacks] §r§a+110§r§e items§r§e.§r§8 (Last 28s.)
19:52:51 §6[Sacks] §r§a+5§r§e items§r§e.§r§8 (Last 5s.)
19:53:56 §6[Sacks] §r§a+5§r§e items§r§e.§r§8 (Last 5s.)
