11:49:25 §e[SkyHanni] Reloaded 7,560 items in the NEU repo
11:54:38 §bAgatha's §eContest: You earned §r§b69 §epoints, placing you in the §fCOMMON §ebracket!
11:54:42 §9Fig Tree Gift. §7You helped cut §a100.0% §7and gained §e5 rewards§a!
11:55:41 §9Mangrove Tree Gift. §7You helped cut §a100.0% §7and gained §e5 rewards§a!
11:56:00 §9Mangrove Tree Gift. §7You helped cut §a74.5% §7and gained §e5 rewards§a!
11:56:17 §9Mangrove Tree Gift. §7You helped cut §a100.0% §7and gained §e5 rewards§a!
11:56:41 §9Mangrove Tree Gift. §7You helped cut §a100.0% §7and gained §e5 rewards§a!
11:57:40 §9Mangrove Tree Gift. §7You helped cut §a100.0% §7and gained §e5 rewards§a!
11:57:57 §9Mangrove Tree Gift. §7You helped cut §a100.0% §7and gained §e5 rewards§a!
11:58:18 §9Mangrove Tree Gift. §7You helped cut §a100.0% §7and gained §e5 rewards§a!
11:58:43 §9Mangrove Tree Gift. §7You helped cut §a100.0% §7and gained §e5 rewards§a!
11:59:02 §9Mangrove Tree Gift. §7You helped cut §a100.0% §7and gained §e5 rewards§a!
11:59:18 §9Mangrove Tree Gift. §7You helped cut §a100.0% §7and gained §e5 rewards§a!
11:59:40 §9Mangrove Tree Gift. §7You helped cut §a100.0% §7and gained §e5 rewards§a!
11:59:52 §9Mangrove Tree Gift. §7You helped cut §a100.0% §7and gained §e5 rewards§a!
12:00:13 §9Mangrove Tree Gift. §7You helped cut §a100.0% §7and gained §e5 rewards§a!
12:00:59 §9Mangrove Tree Gift. §7You helped cut §a100.0% §7and gained §e5 rewards§a!
12:01:18 §9Mangrove Tree Gift. §7You helped cut §a100.0% §7and gained §e5 rewards§a!
12:01:39 §9Mangrove Tree Gift. §7You helped cut §a100.0% §7and gained §e5 rewards§a!
12:02:03 §9Mangrove Tree Gift. §7You helped cut §a100.0% §7and gained §e5 rewards§a!
12:02:15 §9Mangrove Tree Gift. §7You helped cut §a100.0% §7and gained §e5 rewards§a!
12:02:29 §9Mangrove Tree Gift. §7You helped cut §a100.0% §7and gained §e5 rewards§a!
12:02:51 §9Mangrove Tree Gift. §7You helped cut §a89.6% §7and gained §e5 rewards§a!
12:03:11 §9Mangrove Tree Gift. §7You helped cut §a100.0% §7and gained §e5 rewards§a!
12:03:40 §9Mangrove Tree Gift. §7You helped cut §a100.0% §7and gained §e5 rewards§a!
12:04:03 §e[SkyHanni] §bYou have §32.3k §bmaterials in stash, §btotalling §31 type§b. §bClick to §3pickup §byour stash!
12:04:05 §9Mangrove Tree Gift. §7You helped cut §a100.0% §7and gained §e5 rewards§a!
12:04:44 §9Mangrove Tree Gift. §7You helped cut §a100.0% §7and gained §e5 rewards§a!
12:06:28 §9Mangrove Tree Gift. §7You helped cut §a100.0% §7and gained §e5 rewards§a!
12:06:50 §9Mangrove Tree Gift. §7You helped cut §a100.0% §7and gained §e5 rewards§a!
12:06:50 §f - §fForaging Wisdom Booster
12:07:27 §9Mangrove Tree Gift. §7You helped cut §a100.0% §7and gained §e5 rewards§a!
12:08:26 §9Mangrove Tree Gift. §7You helped cut §a100.0% §7and gained §e5 rewards§a!
12:08:43 §9Mangrove Tree Gift. §7You helped cut §a100.0% §7and gained §e5 rewards§a!
12:09:03 §9Mangrove Tree Gift. §7You helped cut §a100.0% §7and gained §e5 rewards§a!
12:09:18 §9Mangrove Tree Gift. §7You helped cut §a100.0% §7and gained §e5 rewards§a!
12:10:21 §9Mangrove Tree Gift. §7You helped cut §a100.0% §7and gained §e5 rewards§a!
12:10:36 §b§bAgatha's §eContest: You broke a §dpersonal best §eof §b34,535 §6Mangrove logs §ecollected during a contest! Keep it up!
12:10:42 §9Mangrove Tree Gift. §7You helped cut §a100.0% §7and gained §e5 rewards§a!
12:10:56 §9Mangrove Tree Gift. §7You helped cut §a100.0% §7and gained §e5 rewards§a!
12:11:13 §9Mangrove Tree Gift. §7You helped cut §a100.0% §7and gained §e5 rewards§a!
12:11:58 §9Mangrove Tree Gift. §7You helped cut §a100.0% §7and gained §e5 rewards§a!
12:12:20 §9Mangrove Tree Gift. §7You helped cut §a100.0% §7and gained §e5 rewards§a!
12:12:33 §9Mangrove Tree Gift. §7You helped cut §a100.0% §7and gained §e5 rewards§a!
12:12:51 §9Mangrove Tree Gift. §7You helped cut §a100.0% §7and gained §e5 rewards§a!
12:13:16 §9Mangrove Tree Gift. §7You helped cut §a100.0% §7and gained §e5 rewards§a!
12:13:16 §f - §aEnchanted Book (§r§d§lFirst Impression I§r§a)
12:13:36 §9Mangrove Tree Gift. §7You helped cut §a100.0% §7and gained §e5 rewards§a!
12:13:51 §9Mangrove Tree Gift. §7You helped cut §a100.0% §7and gained §e5 rewards§a!
12:14:09 §9Mangrove Tree Gift. §7You helped cut §a100.0% §7and gained §e5 rewards§a!
12:14:32 §9Mangrove Tree Gift. §7You helped cut §a100.0% §7and gained §e5 rewards§a!
12:14:32 §6Mangrove PB§e: Your §2Sweep §eincreased by §r§24.58% §efrom collecting §r§b45,810 §r§bMangrove §bLogs §e(§r§a11,275 §emore than your previous record)!
12:14:39 §bAgatha's §eContest: You earned §r§b2,311 §epoints, placing you in the §6LEGENDARY §ebracket!
12:14:58 §9Mangrove Tree Gift. §7You helped cut §a100.0% §7and gained §e5 rewards§a!
12:15:12 §9Mangrove Tree Gift. §7You helped cut §a100.0% §7and gained §e5 rewards§a!
12:15:42 §9Mangrove Tree Gift. §7You helped cut §a100.0% §7and gained §e5 rewards§a!
12:16:07 §9Mangrove Tree Gift. §7You helped cut §a100.0% §7and gained §e5 rewards§a!
12:16:25 §9Mangrove Tree Gift. §7You helped cut §a100.0% §7and gained §e5 rewards§a!
12:16:38 §9Mangrove Tree Gift. §7You helped cut §a100.0% §7and gained §e5 rewards§a!
12:16:55 §9Mangrove Tree Gift. §7You helped cut §a100.0% §7and gained §e5 rewards§a!
12:17:22 §9Mangrove Tree Gift. §7You helped cut §a100.0% §7and gained §e5 rewards§a!
12:17:46 §9Mangrove Tree Gift. §7You helped cut §a100.0% §7and gained §e5 rewards§a!
12:18:02 §9Mangrove Tree Gift. §7You helped cut §a100.0% §7and gained §e5 rewards§a!
12:18:26 §9Mangrove Tree Gift. §7You helped cut §a100.0% §7and gained §e5 rewards§a!
12:18:59 §9Mangrove Tree Gift. §7You helped cut §a100.0% §7and gained §e5 rewards§a!
12:19:14 §9Mangrove Tree Gift. §7You helped cut §a100.0% §7and gained §e5 rewards§a!
12:19:47 §9Mangrove Tree Gift. §7You helped cut §a100.0% §7and gained §e5 rewards§a!
12:20:05 §9Mangrove Tree Gift. §7You helped cut §a100.0% §7and gained §e5 rewards§a!
12:20:22 §9Mangrove Tree Gift. §7You helped cut §a100.0% §7and gained §e5 rewards§a!
12:20:35 §9Mangrove Tree Gift. §7You helped cut §a100.0% §7and gained §e5 rewards§a!
12:21:00 §9Mangrove Tree Gift. §7You helped cut §a100.0% §7and gained §e5 rewards§a!
12:21:19 §9Mangrove Tree Gift. §7You helped cut §a100.0% §7and gained §e5 rewards§a!
12:21:32 §9Mangrove Tree Gift. §7You helped cut §a100.0% §7and gained §e5 rewards§a!
12:21:45 §9Mangrove Tree Gift. §7You helped cut §a100.0% §7and gained §e5 rewards§a!
12:22:08 §9Mangrove Tree Gift. §7You helped cut §a100.0% §7and gained §e5 rewards§a!
12:22:28 §9Mangrove Tree Gift. §7You helped cut §a100.0% §7and gained §e5 rewards§a!
12:22:42 §9Mangrove Tree Gift. §7You helped cut §a100.0% §7and gained §e5 rewards§a!
12:22:56 §9Mangrove Tree Gift. §7You helped cut §a100.0% §7and gained §e5 rewards§a!
12:23:22 §9Mangrove Tree Gift. §7You helped cut §a100.0% §7and gained §e5 rewards§a!
12:23:46 §9Mangrove Tree Gift. §7You helped cut §a100.0% §7and gained §e5 rewards§a!
12:24:30 §9Mangrove Tree Gift. §7You helped cut §a100.0% §7and gained §e5 rewards§a!
12:24:44 §9Mangrove Tree Gift. §7You helped cut §a100.0% §7and gained §e5 rewards§a!
12:25:05 §9Mangrove Tree Gift. §7You helped cut §a100.0% §7and gained §e5 rewards§a!
12:25:23 §9Mangrove Tree Gift. §7You helped cut §a100.0% §7and gained §e5 rewards§a!
12:25:37 §9Mangrove Tree Gift. §7You helped cut §a100.0% §7and gained §e5 rewards§a!
12:26:02 §9Mangrove Tree Gift. §7You helped cut §a100.0% §7and gained §e5 rewards§a!
12:34:39 §bAgatha's §eContest: You earned §r§b1,623 §epoints, placing you in the §6LEGENDARY §ebracket!
12:39:16 §9Mangrove Tree Gift. §7You helped cut §a100.0% §7and gained §e5 rewards§a!
12:39:43 §9Mangrove Tree Gift. §7You helped cut §a100.0% §7and gained §e5 rewards§a!
12:40:10 §9Mangrove Tree Gift. §7You helped cut §a100.0% §7and gained §e5 rewards§a!
12:41:07 §9Mangrove Tree Gift. §7You helped cut §a100.0% §7and gained §e5 rewards§a!
12:41:19 §9Mangrove Tree Gift. §7You helped cut §a100.0% §7and gained §e5 rewards§a!
12:42:00 §9Mangrove Tree Gift. §7You helped cut §a100.0% §7and gained §e5 rewards§a!
12:42:00 §f - §fForaging Wisdom Booster
12:42:16 §9Mangrove Tree Gift. §7You helped cut §a100.0% §7and gained §e5 rewards§a!
12:42:35 §9Mangrove Tree Gift. §7You helped cut §a100.0% §7and gained §e5 rewards§a!
12:43:10 §9Mangrove Tree Gift. §7You helped cut §a100.0% §7and gained §e5 rewards§a!
12:43:27 §9Mangrove Tree Gift. §7You helped cut §a100.0% §7and gained §e5 rewards§a!
12:44:15 §9Mangrove Tree Gift. §7You helped cut §a100.0% §7and gained §e5 rewards§a!
12:44:35 §9Mangrove Tree Gift. §7You helped cut §a100.0% §7and gained §e5 rewards§a!
12:44:35 §f - §fForaging Wisdom Booster
12:45:15 §9Mangrove Tree Gift. §7You helped cut §a100.0% §7and gained §e5 rewards§a!
12:46:06 §9Mangrove Tree Gift. §7You helped cut §a100.0% §7and gained §e5 rewards§a!
12:46:28 §9Mangrove Tree Gift. §7You helped cut §a100.0% §7and gained §e5 rewards§a!
12:46:45 §9Mangrove Tree Gift. §7You helped cut §a100.0% §7and gained §e5 rewards§a!
12:47:02 §9Mangrove Tree Gift. §7You helped cut §a100.0% §7and gained §e5 rewards§a!
12:47:37 §9Mangrove Tree Gift. §7You helped cut §a100.0% §7and gained §e5 rewards§a!
12:48:40 §9Mangrove Tree Gift. §7You helped cut §a100.0% §7and gained §e5 rewards§a!
12:48:57 §9Mangrove Tree Gift. §7You helped cut §a100.0% §7and gained §e5 rewards§a!
12:49:23 §9Mangrove Tree Gift. §7You helped cut §a100.0% §7and gained §e5 rewards§a!
12:49:51 §9Mangrove Tree Gift. §7You helped cut §a100.0% §7and gained §e5 rewards§a!
12:50:42 §9Mangrove Tree Gift. §7You helped cut §a100.0% §7and gained §e5 rewards§a!
12:50:58 §9Mangrove Tree Gift. §7You helped cut §a100.0% §7and gained §e5 rewards§a!
12:51:23 §9Mangrove Tree Gift. §7You helped cut §a100.0% §7and gained §e5 rewards§a!
12:51:38 §9Mangrove Tree Gift. §7You helped cut §a100.0% §7and gained §e5 rewards§a!
12:52:06 §9Mangrove Tree Gift. §7You helped cut §a100.0% §7and gained §e5 rewards§a!
12:52:23 §9Mangrove Tree Gift. §7You helped cut §a100.0% §7and gained §e5 rewards§a!
12:53:18 §9Mangrove Tree Gift. §7You helped cut §a100.0% §7and gained §e5 rewards§a!
12:53:36 §9Mangrove Tree Gift. §7You helped cut §a100.0% §7and gained §e5 rewards§a!
12:53:36 §f - §aEnchanted Book (§r§d§lFirst Impression I§r§a)
12:53:52 §9Mangrove Tree Gift. §7You helped cut §a100.0% §7and gained §e5 rewards§a!
12:54:30 §9Mangrove Tree Gift. §7You helped cut §a100.0% §7and gained §e5 rewards§a!
12:54:39 §bAgatha's §eContest: You earned §r§b1,786 §epoints, placing you in the §6LEGENDARY §ebracket!
12:56:54 §9Mangrove Tree Gift. §7You helped cut §a100.0% §7and gained §e5 rewards§a!
12:56:54 §f - §fForaging Wisdom Booster
12:57:17 §9Mangrove Tree Gift. §7You helped cut §a100.0% §7and gained §e5 rewards§a!
12:57:32 §9Mangrove Tree Gift. §7You helped cut §a100.0% §7and gained §e5 rewards§a!
12:58:29 §9Mangrove Tree Gift. §7You helped cut §a100.0% §7and gained §e5 rewards§a!
13:03:39 §9Fig Tree Gift. §7You helped cut §a100.0% §7and gained §e5 rewards§a!
13:03:46 §9Fig Tree Gift. §7You helped cut §a100.0% §7and gained §e5 rewards§a!
13:03:54 §9Fig Tree Gift. §7You helped cut §a100.0% §7and gained §e5 rewards§a!
13:04:00 §9Fig Tree Gift. §7You helped cut §a100.0% §7and gained §e5 rewards§a!
13:04:07 §9Fig Tree Gift. §7You helped cut §a100.0% §7and gained §e5 rewards§a!
13:04:32 §9Fig Tree Gift. §7You helped cut §a100.0% §7and gained §e5 rewards§a!
13:04:56 §9Fig Tree Gift. §7You helped cut §a100.0% §7and gained §e5 rewards§a!
13:05:06 §9Fig Tree Gift. §7You helped cut §a100.0% §7and gained §e5 rewards§a!
13:05:16 §9Fig Tree Gift. §7You helped cut §a100.0% §7and gained §e5 rewards§a!
13:05:23 §9Fig Tree Gift. §7You helped cut §a100.0% §7and gained §e5 rewards§a!
13:05:39 §9Fig Tree Gift. §7You helped cut §a100.0% §7and gained §e5 rewards§a!
13:05:45 §9Fig Tree Gift. §7You helped cut §a100.0% §7and gained §e5 rewards§a!
13:05:56 §9Fig Tree Gift. §7You helped cut §a100.0% §7and gained §e5 rewards§a!
13:06:07 §9Fig Tree Gift. §7You helped cut §a100.0% §7and gained §e5 rewards§a!
13:06:16 §9Fig Tree Gift. §7You helped cut §a100.0% §7and gained §e5 rewards§a!
13:06:32 §9Fig Tree Gift. §7You helped cut §a100.0% §7and gained §e5 rewards§a!
13:06:45 §9Fig Tree Gift. §7You helped cut §a100.0% §7and gained §e5 rewards§a!
13:07:10 §9Fig Tree Gift. §7You helped cut §a100.0% §7and gained §e5 rewards§a!
13:07:16 §9Fig Tree Gift. §7You helped cut §a100.0% §7and gained §e5 rewards§a!
13:07:17 §e[SkyHanni] §bYou have §3832 §bmaterials in stash, §btotalling §31 type§b. §bClick to §3pickup §byour stash!
13:07:42 §9Fig Tree Gift. §7You helped cut §a98.9% §7and gained §e5 rewards§a!
13:08:05 §9Fig Tree Gift. §7You helped cut §a100.0% §7and gained §e5 rewards§a!
13:08:11 §9Fig Tree Gift. §7You helped cut §a100.0% §7and gained §e5 rewards§a!
13:08:37 §9Fig Tree Gift. §7You helped cut §a100.0% §7and gained §e5 rewards§a!
13:08:48 §9Fig Tree Gift. §7You helped cut §a100.0% §7and gained §e5 rewards§a!
13:08:58 §9Fig Tree Gift. §7You helped cut §a100.0% §7and gained §e5 rewards§a!
13:08:58 §f - §fSweep Booster
13:09:06 §9Fig Tree Gift. §7You helped cut §a100.0% §7and gained §e5 rewards§a!
13:09:33 §9Fig Tree Gift. §7You helped cut §a100.0% §7and gained §e5 rewards§a!
13:09:33 §f - §fSweep Booster
13:10:24 §9Fig Tree Gift. §7You helped cut §a100.0% §7and gained §e5 rewards§a!
13:10:49 §9Fig Tree Gift. §7You helped cut §a100.0% §7and gained §e5 rewards§a!
13:10:56 §9Fig Tree Gift. §7You helped cut §a100.0% §7and gained §e5 rewards§a!
13:11:01 §9Fig Tree Gift. §7You helped cut §a100.0% §7and gained §e5 rewards§a!
13:11:18 §9Fig Tree Gift. §7You helped cut §a100.0% §7and gained §e5 rewards§a!
13:11:44 §9Fig Tree Gift. §7You helped cut §a100.0% §7and gained §e5 rewards§a!
13:14:38 §bAgatha's §eContest: You earned §r§b1,696 §epoints, placing you in the §6LEGENDARY §ebracket!
13:40:14 §9Fig Tree Gift. §7You helped cut §a100.0% §7and gained §e5 rewards§a!
13:41:05 §9Fig Tree Gift. §7You helped cut §a100.0% §7and gained §e5 rewards§a!
13:41:14 §9Fig Tree Gift. §7You helped cut §a100.0% §7and gained §e5 rewards§a!
13:41:25 §9Fig Tree Gift. §7You helped cut §a100.0% §7and gained §e5 rewards§a!
13:41:34 §9Fig Tree Gift. §7You helped cut §a100.0% §7and gained §e5 rewards§a!
13:41:59 §9Fig Tree Gift. §7You helped cut §a100.0% §7and gained §e5 rewards§a!
13:42:15 §9Fig Tree Gift. §7You helped cut §a100.0% §7and gained §e5 rewards§a!
13:42:27 §9Fig Tree Gift. §7You helped cut §a100.0% §7and gained §e5 rewards§a!
13:42:36 §9Fig Tree Gift. §7You helped cut §a100.0% §7and gained §e5 rewards§a!
13:42:47 §9Fig Tree Gift. §7You helped cut §a100.0% §7and gained §e5 rewards§a!
13:42:54 §9Fig Tree Gift. §7You helped cut §a100.0% §7and gained §e5 rewards§a!
13:43:00 §9Fig Tree Gift. §7You helped cut §a100.0% §7and gained §e5 rewards§a!
13:43:06 §9Fig Tree Gift. §7You helped cut §a100.0% §7and gained §e5 rewards§a!
13:43:42 §9Fig Tree Gift. §7You helped cut §a100.0% §7and gained §e5 rewards§a!
13:44:08 §9Fig Tree Gift. §7You helped cut §a100.0% §7and gained §e5 rewards§a!
13:44:17 §9Fig Tree Gift. §7You helped cut §a100.0% §7and gained §e5 rewards§a!
13:44:23 §9Fig Tree Gift. §7You helped cut §a100.0% §7and gained §e5 rewards§a!
13:44:29 §9Fig Tree Gift. §7You helped cut §c5.4% §7and gained §e0 rewards§a!
13:44:35 §e[SkyHanni] §bYou have §34.5k §bmaterials in stash, §btotalling §31 type§b. §bClick to §3pickup §byour stash!
13:44:35 §9Fig Tree Gift. §7You helped cut §a70.6% §7and gained §e5 rewards§a!
13:45:05 §9Fig Tree Gift. §7You helped cut §a100.0% §7and gained §e5 rewards§a!
13:45:34 §9Fig Tree Gift. §7You helped cut §a100.0% §7and gained §e5 rewards§a!
13:45:35 §e[SkyHanni] §bYou have §36k §bmaterials in stash, §btotalling §31 type§b. §bClick to §3pickup §byour stash!
13:45:42 §9Fig Tree Gift. §7You helped cut §a100.0% §7and gained §e5 rewards§a!
13:45:50 §9Fig Tree Gift. §7You helped cut §a100.0% §7and gained §e5 rewards§a!
13:45:56 §9Fig Tree Gift. §7You helped cut §a100.0% §7and gained §e5 rewards§a!
13:46:09 §9Fig Tree Gift. §7You helped cut §a100.0% §7and gained §e5 rewards§a!
13:46:35 §e[SkyHanni] §bYou have §33.3k §bmaterials in stash, §btotalling §31 type§b. §bClick to §3pickup §byour stash!
13:46:42 §9Fig Tree Gift. §7You helped cut §a100.0% §7and gained §e5 rewards§a!
13:46:57 §9Fig Tree Gift. §7You helped cut §a100.0% §7and gained §e5 rewards§a!
13:47:17 §9Fig Tree Gift. §7You helped cut §a100.0% §7and gained §e5 rewards§a!
13:47:25 §9Fig Tree Gift. §7You helped cut §a100.0% §7and gained §e5 rewards§a!
13:47:35 §e[SkyHanni] §bYou have §3573 §bmaterials in stash, §btotalling §31 type§b. §bClick to §3pickup §byour stash!
13:47:49 §9Fig Tree Gift. §7You helped cut §a100.0% §7and gained §e5 rewards§a!
13:47:56 §9Fig Tree Gift. §7You helped cut §a100.0% §7and gained §e5 rewards§a!
13:48:04 §9Fig Tree Gift. §7You helped cut §a100.0% §7and gained §e5 rewards§a!
13:48:14 §b§bAgatha's §eContest: You broke a §dpersonal best §eof §b49,075 §6Fig logs §ecollected during a contest! Keep it up!
13:48:15 §9Fig Tree Gift. §7You helped cut §a100.0% §7and gained §e5 rewards§a!
13:48:15 §f - §aEnchanted Book (§r§d§lFirst Impression I§r§a)
13:48:23 §9Fig Tree Gift. §7You helped cut §a100.0% §7and gained §e5 rewards§a!
13:48:42 §9Fig Tree Gift. §7You helped cut §a100.0% §7and gained §e5 rewards§a!
13:48:51 §9Fig Tree Gift. §7You helped cut §a100.0% §7and gained §e5 rewards§a!
13:48:57 §9Fig Tree Gift. §7You helped cut §a100.0% §7and gained §e5 rewards§a!
13:49:08 §9Fig Tree Gift. §7You helped cut §a100.0% §7and gained §e5 rewards§a!
13:49:16 §9Fig Tree Gift. §7You helped cut §a100.0% §7and gained §e5 rewards§a!
13:49:26 §9Fig Tree Gift. §7You helped cut §a100.0% §7and gained §e5 rewards§a!
13:52:03 §9Mangrove Tree Gift. §7You helped cut §a100.0% §7and gained §e5 rewards§a!
13:52:15 §9Mangrove Tree Gift. §7You helped cut §a100.0% §7and gained §e5 rewards§a!
13:52:48 §9Mangrove Tree Gift. §7You helped cut §a100.0% §7and gained §e5 rewards§a!
13:53:33 §9Mangrove Tree Gift. §7You helped cut §a100.0% §7and gained §e5 rewards§a!
13:53:53 §9Mangrove Tree Gift. §7You helped cut §a100.0% §7and gained §e5 rewards§a!
13:53:53 §f - §aEnchanted Book (§r§d§lFirst Impression I§r§a)
13:54:15 §9Mangrove Tree Gift. §7You helped cut §a100.0% §7and gained §e5 rewards§a!
13:54:32 §6Fig PB§e: Your §2Sweep §eincreased by §r§26.03% §efrom collecting §r§b60,270 §r§bFig §bLogs §e(§r§a11,195 §emore than your previous record)!
13:54:43 §bAgatha's §eContest: You earned §r§b2,740 §epoints, placing you in the §6LEGENDARY §ebracket!Your previous §dpersonal best §ewas §b2,570 §epoints!
14:18:02 §e[SkyHanni] §cYour Time Tower just expired and has 2 charges remaining. Click here to open the Chocolate Factory Menu.
14:34:38 §bAgatha's §eContest: You earned §r§b117 §epoints, placing you in the §aUNCOMMON §ebracket!
14:40:11 §a§lPotion Effect! §r§aForaging XP Boost III
14:41:48 §9Mangrove Tree Gift. §7You helped cut §a100.0% §7and gained §e5 rewards§a!
14:42:00 §9Mangrove Tree Gift. §7You helped cut §a100.0% §7and gained §e5 rewards§a!
14:42:19 §9Mangrove Tree Gift. §7You helped cut §a100.0% §7and gained §e5 rewards§a!
14:42:34 §9Mangrove Tree Gift. §7You helped cut §a100.0% §7and gained §e5 rewards§a!
14:42:59 §9Mangrove Tree Gift. §7You helped cut §a100.0% §7and gained §e5 rewards§a!
14:43:21 §9Mangrove Tree Gift. §7You helped cut §a100.0% §7and gained §e5 rewards§a!
14:43:54 §9Mangrove Tree Gift. §7You helped cut §a100.0% §7and gained §e5 rewards§a!
14:44:08 §9Mangrove Tree Gift. §7You helped cut §a100.0% §7and gained §e5 rewards§a!
14:44:36 §9Mangrove Tree Gift. §7You helped cut §a100.0% §7and gained §e5 rewards§a!
14:44:59 §9Mangrove Tree Gift. §7You helped cut §a100.0% §7and gained §e5 rewards§a!
14:45:49 §9Mangrove Tree Gift. §7You helped cut §a100.0% §7and gained §e5 rewards§a!
14:46:12 §9Mangrove Tree Gift. §7You helped cut §a100.0% §7and gained §e5 rewards§a!
14:46:12 §f - §aEnchanted Book (§r§d§lFirst Impression I§r§a)
14:46:25 §9Mangrove Tree Gift. §7You helped cut §a100.0% §7and gained §e5 rewards§a!
14:46:43 §9Mangrove Tree Gift. §7You helped cut §a100.0% §7and gained §e5 rewards§a!
14:47:08 §9Mangrove Tree Gift. §7You helped cut §a100.0% §7and gained §e5 rewards§a!
14:47:29 §9Mangrove Tree Gift. §7You helped cut §a100.0% §7and gained §e5 rewards§a!
14:47:42 §9Mangrove Tree Gift. §7You helped cut §a100.0% §7and gained §e5 rewards§a!
14:48:30 §9Mangrove Tree Gift. §7You helped cut §a100.0% §7and gained §e5 rewards§a!
14:48:52 §9Mangrove Tree Gift. §7You helped cut §a100.0% §7and gained §e5 rewards§a!
14:49:20 §9Mangrove Tree Gift. §7You helped cut §a100.0% §7and gained §e5 rewards§a!
14:49:34 §9Mangrove Tree Gift. §7You helped cut §a100.0% §7and gained §e5 rewards§a!
14:49:53 §9Mangrove Tree Gift. §7You helped cut §a100.0% §7and gained §e5 rewards§a!
14:50:18 §9Mangrove Tree Gift. §7You helped cut §a100.0% §7and gained §e5 rewards§a!
14:50:30 §9Mangrove Tree Gift. §7You helped cut §a100.0% §7and gained §e5 rewards§a!
14:51:04 §9Mangrove Tree Gift. §7You helped cut §a100.0% §7and gained §e5 rewards§a!
14:51:26 §9Mangrove Tree Gift. §7You helped cut §a100.0% §7and gained §e5 rewards§a!
14:51:43 §9Mangrove Tree Gift. §7You helped cut §a100.0% §7and gained §e5 rewards§a!
14:51:58 §9Mangrove Tree Gift. §7You helped cut §a100.0% §7and gained §e5 rewards§a!
14:52:16 §9Mangrove Tree Gift. §7You helped cut §a100.0% §7and gained §e5 rewards§a!
14:53:13 §9Mangrove Tree Gift. §7You helped cut §a100.0% §7and gained §e5 rewards§a!
14:53:38 §9Mangrove Tree Gift. §7You helped cut §a100.0% §7and gained §e5 rewards§a!
14:53:55 §9Mangrove Tree Gift. §7You helped cut §a100.0% §7and gained §e5 rewards§a!
14:54:07 §9Mangrove Tree Gift. §7You helped cut §a100.0% §7and gained §e5 rewards§a!
14:54:23 §9Mangrove Tree Gift. §7You helped cut §a100.0% §7and gained §e5 rewards§a!
14:54:38 §bAgatha's §eContest: You earned §r§b1,860 §epoints, placing you in the §6LEGENDARY §ebracket!
14:54:42 §9Mangrove Tree Gift. §7You helped cut §a100.0% §7and gained §e5 rewards§a!
14:55:03 §9Mangrove Tree Gift. §7You helped cut §a100.0% §7and gained §e5 rewards§a!
14:55:13 §9Mangrove Tree Gift. §7You helped cut §a100.0% §7and gained §e5 rewards§a!
14:55:26 §9Mangrove Tree Gift. §7You helped cut §a100.0% §7and gained §e5 rewards§a!
18:14:28 §e[SkyHanni] §cYour Time Tower just expired and has 1 charge remaining. Click here to open the Chocolate Factory Menu.
