18:56:22 Trying to load config from config\skyhanni\config.json
18:56:22 load-config-now
18:56:23 Loaded config from file
18:56:23 Trying to load sacks from config\skyhanni\sacks.json
18:56:23 load-sacks-now
18:56:23 Loaded sacks from file
18:56:23 Trying to load friends from config\skyhanni\friends.json
18:56:23 load-friends-now
18:56:23 Loaded friends from file
18:56:23 Trying to load known_features from config\skyhanni\known_features.json
18:56:23 load-known_features-now
18:56:23 Loaded known_features from file
18:56:23 Trying to load jacob_contests from config\skyhanni\jacob_contests.json
18:56:23 load-jacob_contests-now
18:56:23 Loaded jacob_contests from file
18:56:23 Trying to load visual_words from config\skyhanni\visual_words.json
18:56:23 Setting visual_words to be blank as it did not exist. It will be saved once something is written to it
18:56:23 Trying to load pets from config\skyhanni\pets.json
18:56:23 load-pets-now
18:56:23 Loaded pets from file
18:56:23 Trying to load storage from config\skyhanni\storage.json
18:56:23 load-storage-now
18:56:23 Loaded storage from file
18:56:23 Trying to load routes from config\skyhanni\routes.json
18:56:23 load-routes-now
18:56:23 Loaded routes from file
18:57:23 saveConfig: auto-save-60s
18:57:23 Saving config file
18:57:23 Saved config file successfully
18:57:23 saveConfig: auto-save-60s
18:57:23 Saving config file
18:57:23 Saved config file successfully
18:57:24 saveConfig: Updated known feature flags
18:57:24 Saving known_features file
18:57:24 Saved known_features file successfully
18:57:24 saveConfig: Updated known feature flags
18:57:24 Saving known_features file
18:57:24 Saved known_features file successfully
18:57:33 saveConfig: saving-data
18:57:33 Saving pets file
18:57:33 Saved pets file successfully
18:57:33 saveConfig: saving-data
18:57:33 Saving pets file
18:57:33 Saved pets file successfully
18:58:04 saveConfig: saving-data
18:58:04 Saving pets file
18:58:04 Saved pets file successfully
18:58:04 saveConfig: saving-data
18:58:04 Saving pets file
18:58:04 Saved pets file successfully
18:58:23 saveConfig: auto-save-60s
18:58:23 Saving config file
18:58:23 Saved config file successfully
18:58:23 saveConfig: auto-save-60s
18:58:23 Saving config file
18:58:23 Saved config file successfully
18:59:23 saveConfig: auto-save-60s
18:59:23 Saving config file
18:59:23 Saved config file successfully
18:59:23 saveConfig: auto-save-60s
18:59:23 Saving config file
18:59:23 Saved config file successfully
18:59:32 saveConfig: shutdown-hook
18:59:32 Saving config file
