13:47:27 [allowed] §aYou are still radiating with §bGenerosity§r§a!
13:47:45 [allowed]  §b>§c>§a>§r §r§6[MVP§d++§6] oZatrex_§f §6joined the lobby!§r §a<§c<§b<
13:48:07 [allowed] §7Sending to server mini193BJ...
13:48:07 [allowed] §eProfile ID: §r§a62b760d8-92b6-4501-ada0-1fd8583f5266
13:48:07 [allowed] §e§lCLICK THIS TO SUGGEST IT IN CHAT §7§l[DASHES]
13:48:07 [allowed] §e§lCLICK THIS TO SUGGEST IT IN CHAT §7§l[NO DASHES]
13:48:10 [allowed] §eLatest update: §bSkyBlock v0.23.2 §e§lCLICK
13:48:42 [allowed] §7Warping...
13:48:43 [allowed] §7Sending to server mini22AV...
13:49:04 [allowed] §7Warping...
13:49:07 [allowed] §7Warping you to your SkyBlock island...
13:49:07 [allowed] §7Sending to server mini148AN...
13:49:48 [allowed] §2Guild > §a[VIP§6+§a] himej0shi§f: §rbaaack
13:49:52 [allowed] §2Guild > §b[MVP§3+§b] catholicschool§f: §rwb
13:49:56 [allowed] §2Guild > §a[VIP§6+§a] himej0shi§f: §rhead tiktokid olid ty
13:50:02 [allowed] §2Guild > §b[MVP§3+§b] catholicschool§f: §rnp
13:51:09 [allowed] §aSuccessfully added §r§9Horse §r§ato your pet menu!
13:51:11 [allowed] §7Finding player...
13:51:15 [allowed] §7Warping...
13:51:15 [allowed] §7Sending to server mini12BU...
13:51:34 [allowed] §7Sending to server mini25BS...
13:51:39 [allowed] §7Warping...
13:51:39 [allowed] §7Sending to server mini65BT...
13:51:44 [allowed] §2Guild > §a[VIP§6+§a] himej0shi§f: §rteed ka artifacte?
13:51:45 [allowed] §a§l+5 Kill Combo §r§b+3% §r§b✯ Magic Find
13:51:52 [allowed] §2Guild > §b[MVP§3+§b] catholicschool§f: §ra i forgot
13:51:56 [allowed] §cYour Kill Combo has expired! You reached a 9 Kill Combo!
13:51:58 [allowed] §2Guild > §b[MVP§3+§b] catholicschool§f: §rhakkasin leatherit koguma horse pet ugprade jaoks
13:52:02 [allowed] §2Guild > §a[VIP§6+§a] himej0shi§f: §raa okiii gll
13:52:03 [allowed] §a§l+5 Kill Combo §r§b+3% §r§b✯ Magic Find
13:52:04 [allowed] §a§l+10 Kill Combo §r§8+§r§610 §r§7coins per kill
13:52:08 [allowed] §9§l+15 Kill Combo §r§b+3% §r§b✯ Magic Find
13:52:11 [allowed] §5§l+20 Kill Combo §r§8§r§3+15☯ Combat Wisdom
13:52:17 [allowed] §5§l+25 Kill Combo §r§b+3% §r§b✯ Magic Find
13:52:21 [allowed] §6§l+30 Kill Combo §r§8+§r§610 §r§7coins per kill
13:52:25 [allowed] §cYour Kill Combo has expired! You reached a 31 Kill Combo!
13:52:30 [allowed] §a§l+5 Kill Combo §r§b+3% §r§b✯ Magic Find
13:52:36 [allowed] §a§l+10 Kill Combo §r§8+§r§610 §r§7coins per kill
13:52:45 [allowed] §9§l+15 Kill Combo §r§b+3% §r§b✯ Magic Find
13:52:50 [allowed] §5§l+20 Kill Combo §r§8§r§3+15☯ Combat Wisdom
13:52:59 [allowed] §5§l+25 Kill Combo §r§b+3% §r§b✯ Magic Find
13:53:01 [allowed] §cYour Kill Combo has expired! You reached a 25 Kill Combo!
13:53:14 [allowed] §a§l+5 Kill Combo §r§b+3% §r§b✯ Magic Find
13:53:24 [allowed] §a§l+10 Kill Combo §r§8+§r§610 §r§7coins per kill
13:53:31 [allowed] §cYour Kill Combo has expired! You reached a 12 Kill Combo!
13:53:47 [allowed] §a§l+5 Kill Combo §r§b+3% §r§b✯ Magic Find
13:53:55 [allowed] §a§l+10 Kill Combo §r§8+§r§610 §r§7coins per kill
13:54:03 [allowed] §cYour Kill Combo has expired! You reached a 14 Kill Combo!
13:54:09 [allowed] §a§l+5 Kill Combo §r§b+3% §r§b✯ Magic Find
13:54:15 [allowed] §a§l+10 Kill Combo §r§8+§r§610 §r§7coins per kill
13:54:24 [allowed] §cYour Kill Combo has expired! You reached a 12 Kill Combo!
13:54:32 [allowed] §a§l+5 Kill Combo §r§b+3% §r§b✯ Magic Find
13:54:37 [allowed] §a§l+10 Kill Combo §r§8+§r§610 §r§7coins per kill
13:54:45 [allowed] §cYour Kill Combo has expired! You reached a 13 Kill Combo!
13:54:52 [allowed] §a§l+5 Kill Combo §r§b+3% §r§b✯ Magic Find
13:55:02 [allowed] §a§l+10 Kill Combo §r§8+§r§610 §r§7coins per kill
13:55:05 [allowed] §9§l+15 Kill Combo §r§b+3% §r§b✯ Magic Find
13:55:12 [allowed] §cYour Kill Combo has expired! You reached a 17 Kill Combo!
13:55:17 [allowed] §a§l+5 Kill Combo §r§b+3% §r§b✯ Magic Find
13:55:20 [allowed] §2Guild > §a[VIP§6+§a] himej0shi§f: §rlowk peaks voidedge katana tegema
13:55:25 [allowed] §a§l+10 Kill Combo §r§8+§r§610 §r§7coins per kill
13:55:29 [allowed] §cYour Kill Combo has expired! You reached a 10 Kill Combo!
13:55:42 [allowed] §2Guild > §b[MVP§3+§b] catholicschool§f: §ra see mis atomsplitteriks ugradib?
13:55:51 [allowed] §2Guild > §b[MVP§3+§b] catholicschool§f: §rfrom ender slayer right?
13:55:54 [allowed] §2Guild > §a[VIP§6+§a] himej0shi§f: §rya
13:55:55 [allowed] §a§l+5 Kill Combo §r§b+3% §r§b✯ Magic Find
13:55:58 [allowed] §2Guild > §a[VIP§6+§a] himej0shi§f: §rteeb endermanidele rohkem dmg
13:55:58 [allowed] §2Guild > §b[MVP§3+§b] catholicschool§f: §rbig moves :O
13:56:02 [allowed] §cYour Kill Combo has expired! You reached a 6 Kill Combo!
13:56:04 [allowed] §a§l+5 Kill Combo §r§b+3% §r§b✯ Magic Find
13:56:05 [allowed] §2Guild > §a[VIP§6+§a] himej0shi§f: §rss suurem võimalus teha neid paremaid slayereid hgfdhjg
13:56:06 [allowed] §a§l+10 Kill Combo §r§8+§r§610 §r§7coins per kill
13:56:12 [allowed] §2Guild > §a[VIP§6+§a] himej0shi§f: §rnana is learning heehehhe
13:56:13 [allowed] §2Guild > §b[MVP§3+§b] catholicschool§f: §rooo jaa see needed
13:56:14 [allowed] §cYour Kill Combo has expired! You reached a 14 Kill Combo!
13:56:20 [allowed] §2Guild > §b[MVP§3+§b] catholicschool§f: §rfhghf ja sa parem skyblockis kui nmina
13:56:22 [allowed] §2Guild > §a[VIP§6+§a] himej0shi§f: §rmul hea tunne et õpin igast uusi asju ghjfhdfg
13:56:24 [allowed] §2Guild > §b[MVP§3+§b] catholicschool§f: §rteadlikum vahemalt
13:56:25 [allowed] §2Guild > §a[VIP§6+§a] himej0shi§f: §rmisaajaad
13:56:28 [allowed] §2Guild > §b[MVP§3+§b] catholicschool§f: §rim being fr
13:56:30 [allowed] §a§l+5 Kill Combo §r§b+3% §r§b✯ Magic Find
13:56:31 [allowed] §a§l+10 Kill Combo §r§8+§r§610 §r§7coins per kill
13:56:34 [allowed] §2Guild > §b[MVP§3+§b] catholicschool§f: §ri only know da old stuff
13:56:36 [allowed] §9§l+15 Kill Combo §r§b+3% §r§b✯ Magic Find
13:56:40 [allowed] §2Guild > §b[MVP§3+§b] catholicschool§f: §ru surpass me
13:56:40 [allowed] §2Guild > §a[VIP§6+§a] himej0shi§f: §rskyblock põnev ss vahel googledan hihi
13:56:42 [allowed] §cYour Kill Combo has expired! You reached a 16 Kill Combo!
13:56:46 [allowed] §2Guild > §b[MVP§3+§b] catholicschool§f: §rmhm fhghfg
13:56:51 [allowed] §a§l+5 Kill Combo §r§b+3% §r§b✯ Magic Find
13:56:58 [allowed] §a§l+10 Kill Combo §r§8+§r§610 §r§7coins per kill
13:57:00 [allowed] §9§l+15 Kill Combo §r§b+3% §r§b✯ Magic Find
13:57:03 [allowed] §5§l+20 Kill Combo §r§8§r§3+15☯ Combat Wisdom
13:57:06 [allowed] §2Guild > §b[MVP§3+§b] catholicschool§f: §rmining lapiz?
13:57:07 [allowed] §cYour Kill Combo has expired! You reached a 21 Kill Combo!
13:57:08 [allowed] §2Guild > §a[VIP§6+§a] himej0shi§f: §ra ma ennem minin meile lapise ära
13:57:09 [allowed] §2Guild > §a[VIP§6+§a] himej0shi§f: §rmhmm
13:57:41 [allowed] §a§l+5 Kill Combo §r§b+3% §r§b✯ Magic Find
13:57:42 [allowed] §a§l+10 Kill Combo §r§8+§r§610 §r§7coins per kill
13:57:43 [allowed] §9§l+15 Kill Combo §r§b+3% §r§b✯ Magic Find
13:57:45 [allowed] §2Guild > §a[VIP§6+§a] himej0shi§f: §rsee chat seal vasakul keskel kinda hea ss ma näen seda palju loogilisemalt
13:57:47 [allowed] §5§l+20 Kill Combo §r§8§r§3+15☯ Combat Wisdom
13:57:51 [allowed] §5§l+25 Kill Combo §r§b+3% §r§b✯ Magic Find
13:57:57 [allowed] §6§l+30 Kill Combo §r§8+§r§610 §r§7coins per kill
13:57:59 [allowed] §cYour Kill Combo has expired! You reached a 30 Kill Combo!
13:58:00 [allowed] §2Guild > §b[MVP§3+§b] catholicschool§f: §r:o
13:58:04 [allowed] §a§l+5 Kill Combo §r§b+3% §r§b✯ Magic Find
13:58:07 [allowed] §2Guild > §b[MVP§3+§b] catholicschool§f: §ri see waht you mean
13:58:11 [allowed] §cYour Kill Combo has expired! You reached a 5 Kill Combo!
13:58:14 [allowed] §a§l+5 Kill Combo §r§b+3% §r§b✯ Magic Find
13:58:15 [allowed] §a§l+10 Kill Combo §r§8+§r§610 §r§7coins per kill
13:58:20 [allowed] §9§l+15 Kill Combo §r§b+3% §r§b✯ Magic Find
13:58:24 [allowed] §5§l+20 Kill Combo §r§8§r§3+15☯ Combat Wisdom
13:58:29 [allowed] §5§l+25 Kill Combo §r§b+3% §r§b✯ Magic Find
13:58:32 [allowed] §6§l+30 Kill Combo §r§8+§r§610 §r§7coins per kill
13:58:46 [allowed] §cYour Kill Combo has expired! You reached a 44 Kill Combo!
13:58:49 [allowed] §a§l+5 Kill Combo §r§b+3% §r§b✯ Magic Find
13:58:55 [allowed] §cYour Kill Combo has expired! You reached a 5 Kill Combo!
13:58:58 [allowed] §2Guild > §b[MVP§3+§b] catholicschool§f: §rsneezed
13:59:01 [allowed] §a§l+5 Kill Combo §r§b+3% §r§b✯ Magic Find
13:59:03 [allowed] §2Guild > §a[VIP§6+§a] himej0shi§f: §rterviseeeeeks!
13:59:07 [allowed] §2Guild > §b[MVP§3+§b] catholicschool§f: §raitah
13:59:08 [allowed] §a§l+10 Kill Combo §r§8+§r§610 §r§7coins per kill
13:59:12 [allowed] §2Guild > §a[VIP§6+§a] himej0shi§f: §rhgfdhfgd paluun
13:59:13 [allowed] §9§l+15 Kill Combo §r§b+3% §r§b✯ Magic Find
13:59:20 [allowed] §5§l+20 Kill Combo §r§8§r§3+15☯ Combat Wisdom
13:59:29 [allowed] §5§l+25 Kill Combo §r§b+3% §r§b✯ Magic Find
13:59:35 [allowed] §cYour Kill Combo has expired! You reached a 29 Kill Combo!
13:59:40 [allowed] §a§l+5 Kill Combo §r§b+3% §r§b✯ Magic Find
13:59:42 [allowed] §a§l+10 Kill Combo §r§8+§r§610 §r§7coins per kill
13:59:47 [allowed] §9§l+15 Kill Combo §r§b+3% §r§b✯ Magic Find
13:59:53 [allowed] §5§l+20 Kill Combo §r§8§r§3+15☯ Combat Wisdom
13:59:57 [allowed] §cYour Kill Combo has expired! You reached a 21 Kill Combo!
14:00:03 [allowed] §a§l+5 Kill Combo §r§b+3% §r§b✯ Magic Find
14:00:07 [allowed] §a§l+10 Kill Combo §r§8+§r§610 §r§7coins per kill
14:00:11 [allowed] §cYour Kill Combo has expired! You reached a 10 Kill Combo!
14:00:17 [allowed] §a§l+5 Kill Combo §r§b+3% §r§b✯ Magic Find
14:00:23 [allowed] §a§l+10 Kill Combo §r§8+§r§610 §r§7coins per kill
14:00:26 [allowed] §9§l+15 Kill Combo §r§b+3% §r§b✯ Magic Find
14:00:31 [allowed] §5§l+20 Kill Combo §r§8§r§3+15☯ Combat Wisdom
14:00:36 [allowed] §5§l+25 Kill Combo §r§b+3% §r§b✯ Magic Find
14:00:41 [allowed] §cYour Kill Combo has expired! You reached a 27 Kill Combo!
14:00:46 [allowed] §a§l+5 Kill Combo §r§b+3% §r§b✯ Magic Find
14:00:52 [allowed] §a§l+10 Kill Combo §r§8+§r§610 §r§7coins per kill
14:00:57 [allowed] §9§l+15 Kill Combo §r§b+3% §r§b✯ Magic Find
14:01:01 [allowed] §5§l+20 Kill Combo §r§8§r§3+15☯ Combat Wisdom
14:01:03 [allowed] §5§l+25 Kill Combo §r§b+3% §r§b✯ Magic Find
14:01:08 [allowed] §6§l+30 Kill Combo §r§8+§r§610 §r§7coins per kill
14:01:24 [allowed] §cYour Kill Combo has expired! You reached a 45 Kill Combo!
14:01:27 [allowed] §a§l+5 Kill Combo §r§b+3% §r§b✯ Magic Find
14:01:33 [allowed] §a§l+10 Kill Combo §r§8+§r§610 §r§7coins per kill
14:01:39 [allowed] §9§l+15 Kill Combo §r§b+3% §r§b✯ Magic Find
14:01:44 [allowed] §5§l+20 Kill Combo §r§8§r§3+15☯ Combat Wisdom
14:01:47 [allowed] §5§l+25 Kill Combo §r§b+3% §r§b✯ Magic Find
14:01:51 [allowed] §6§l+30 Kill Combo §r§8+§r§610 §r§7coins per kill
14:01:56 [allowed] §cYour Kill Combo has expired! You reached a 33 Kill Combo!
14:02:14 [allowed] §7Warping...
14:02:14 [allowed] §7Sending to server mini86AV...
14:02:24 [allowed] §e[NPC] §bKat§f: §rI'll get your §9Horse §fupgraded to §5§LEPIC §fin no time!
14:02:28 [allowed] §e[NPC] §bKat§f: §rCome back in §e30 seconds §fto pick it up!
14:02:59 [allowed] §e[NPC] §bKat§f: §rOh, hey!
14:03:00 [allowed] §e[NPC] §bKat§f: §rI was able to upgrade your pet §9Horse§f to §5§LEPIC§f.
14:03:04 [allowed] §e[NPC] §bKat§f: §rIf you have any other pets you'd like to upgrade, you know where to find me!
14:03:07 [allowed] §7Warping...
14:03:09 [allowed] §7Warping you to your SkyBlock island...
14:03:10 [allowed] §7Sending to server mini93CM...
14:03:17 [allowed] §7Warping...
14:03:17 [allowed] §7Sending to server mini150AF...
14:03:22 [allowed] §e[NPC] §bKat§f: §rI'll get your §5Horse §fupgraded to §6§LLEGENDARY §fin no time!
14:03:25 [allowed] §7Warping you to your SkyBlock island...
14:03:25 [allowed] §cCouldn't warp you! Try again later. §r§7(DYNAMIC_POOL_ERROR)
14:03:25 [allowed] §e[NPC] §bKat§f: §rCome back in §e45 seconds §fto pick it up!
14:03:28 [allowed] §7Warping you to your SkyBlock island...
14:03:28 [allowed] §cCouldn't warp you! Try again later. §r§7(DYNAMIC_POOL_ERROR)
14:03:31 [allowed] §5Rabbit Uncle §r§7has been promoted to §r§7[162§r§7] §r§5Manager§r§7!
14:03:32 [allowed] §d§lTIME TOWER! §r§7Your §r§6Chocolate Factory §r§7production has increased by §r§6+1.2x §r§7for §r§a1h§r§7!
14:03:33 [allowed] §5Rabbit Dog §r§7has been promoted to §r§7[159§r§7] §r§5Manager§r§7!
14:03:33 [allowed] §5Rabbit Granny §r§7has been promoted to §r§7[166§r§7] §r§5Manager§r§7!
14:03:34 [allowed] §5Rabbit Daddy §r§7has been promoted to §r§7[171§r§7] §r§5Manager§r§7!
14:03:34 [allowed] §6Rabbit Sis §r§7has been promoted to §r§7[177§r§7] §r§6Director§r§7!
14:03:35 [allowed] §5Rabbit Dog §r§7has been promoted to §r§7[160§r§7] §r§5Manager§r§7!
14:03:36 [allowed] §5Rabbit Uncle §r§7has been promoted to §r§7[163§r§7] §r§5Manager§r§7!
14:03:36 [allowed] §5Rabbit Granny §r§7has been promoted to §r§7[167§r§7] §r§5Manager§r§7!
14:03:37 [allowed] §5Rabbit Daddy §r§7has been promoted to §r§7[172§r§7] §r§5Manager§r§7!
14:03:37 [allowed] §6Rabbit Sis §r§7has been promoted to §r§7[178§r§7] §r§6Director§r§7!
14:03:38 [allowed] §5Rabbit Granny §r§7has been promoted to §r§7[168§r§7] §r§5Manager§r§7!
14:03:41 [allowed] §f                  §d§lCHOCOLATE FACTORY PRESTIGE
14:03:41 [allowed] §f                            §6Chocolate Factory V
14:03:41 [allowed] §f                                  §6§lREWARDS
14:03:41 [allowed] §f               §fChocolate Production Multiplier: §81.5 ➜ §62x
14:03:41 [allowed] §f              §fMax Rabbit Rarity: §8§lLEGENDARY §8➜ §D§LMYTHIC
14:03:41 [allowed] §f                        §fMax Chocolate: §810B ➜ §625B
14:03:41 [allowed] §f                §fMax Employee: §8[180] ➜ §7[200§7] §dExecutive
14:03:41 [allowed] §f                              §b+25 SkyBlock XP
14:03:43 [allowed]                           §r§3§lSKYBLOCK LEVEL UP
14:03:43 [allowed]                              §r§aLevel §r§8121 ➡ §r§8[§r§a122§r§8]
14:03:43 [allowed]                                   §r§6§lREWARDS
14:03:43 [allowed]                                  §r§8+§r§a5 §r§c❤ Health
14:03:47 [allowed] §2Guild > §b[MVP§3+§b] catholicschool§f: §rp5 chocolatefactory
14:03:52 [allowed] §cThe Time Tower is charging!
14:03:53 [allowed] Rabbit Bro §r§7has been promoted to §r§7[1§r§7] §r§fIntern§r§7!
14:03:54 [allowed] Rabbit Bro §r§7has been promoted to §r§7[2§r§7] §r§fIntern§r§7!
14:03:55 [allowed] Rabbit Bro §r§7has been promoted to §r§7[3§r§7] §r§fIntern§r§7!
14:03:55 [allowed] Rabbit Bro §r§7has been promoted to §r§7[4§r§7] §r§fIntern§r§7!
14:03:55 [allowed] Rabbit Bro §r§7has been promoted to §r§7[5§r§7] §r§fIntern§r§7!
14:03:56 [allowed] Rabbit Bro §r§7has been promoted to §r§7[6§r§7] §r§fIntern§r§7!
14:03:56 [allowed] Rabbit Bro §r§7has been promoted to §r§7[7§r§7] §r§fIntern§r§7!
14:03:57 [allowed] Rabbit Bro §r§7has been promoted to §r§7[8§r§7] §r§fIntern§r§7!
14:03:57 [allowed] Rabbit Bro §r§7has been promoted to §r§7[9§r§7] §r§fIntern§r§7!
14:03:57 [allowed] §aRabbit Bro §r§7has been promoted to §r§7[10§r§7] §r§aEmployee§r§7!
14:03:57 [allowed] §aRabbit Bro §r§7has been promoted to §r§7[11§r§7] §r§aEmployee§r§7!
14:03:57 [allowed] §cYou don't have enough Chocolate!
14:03:57 [allowed] §cYou don't have enough Chocolate!
14:03:58 [allowed] §cYou don't have enough Chocolate!
14:03:58 [allowed] §cYou don't have enough Chocolate!
14:04:00 [allowed] §aRabbit Bro §r§7has been promoted to §r§7[12§r§7] §r§aEmployee§r§7!
14:04:03 [allowed] §2Guild > §a[VIP§6+§a] himej0shi§f: §raaa tyy et meelde tuletasid
14:04:05 [allowed] §aRabbit Bro §r§7has been promoted to §r§7[13§r§7] §r§aEmployee§r§7!
14:04:06 [allowed] §aRabbit Bro §r§7has been promoted to §r§7[14§r§7] §r§aEmployee§r§7!
14:04:07 [allowed] §aRabbit Bro §r§7has been promoted to §r§7[15§r§7] §r§aEmployee§r§7!
14:04:09 [allowed] §7You will now produce §r§6+2 Chocolate §r§7per click!
14:04:10 [allowed] §7You will now produce §r§6+3 Chocolate §r§7per click!
14:04:14 [allowed] §7You will now produce §r§6+4 Chocolate §r§7per click!
14:04:16 [allowed] §7You will now produce §r§6+5 Chocolate §r§7per click!
14:04:16 [allowed] §7You will now produce §r§6+6 Chocolate §r§7per click!
14:04:16 [allowed] §cYou don't have enough Chocolate!
14:04:17 [allowed] §cYou don't have enough Chocolate!
14:04:17 [allowed] §cYou don't have enough Chocolate!
14:04:17 [allowed] §cYou don't have enough Chocolate!
14:04:26 [allowed] §aRabbit Bro §r§7has been promoted to §r§7[16§r§7] §r§aEmployee§r§7!
14:04:27 [allowed] §aRabbit Bro §r§7has been promoted to §r§7[17§r§7] §r§aEmployee§r§7!
14:04:27 [allowed] §aRabbit Bro §r§7has been promoted to §r§7[18§r§7] §r§aEmployee§r§7!
14:04:27 [allowed] §aRabbit Bro §r§7has been promoted to §r§7[19§r§7] §r§aEmployee§r§7!
14:04:28 [allowed] §aRabbit Bro §r§7has been promoted to §r§7[20§r§7] §r§aEmployee§r§7!
14:04:29 [allowed] §cYou don't have enough Chocolate!
14:04:29 [allowed] §aRabbit Bro §r§7has been promoted to §r§7[21§r§7] §r§aEmployee§r§7!
14:04:33 [allowed] §7You will now produce §r§6+7 Chocolate §r§7per click!
14:04:34 [allowed] §2Guild > §a[VIP§6+§a] himej0shi§f: §rsain smooth chocolate bar accessory
14:04:45 [allowed] §2Guild > §b[MVP§3+§b] catholicschool§f: §rwoawo
14:04:55 [allowed] §2Guild > §b[MVP§3+§b] catholicschool§f: §rmul ple veel noid unustasin osta enne prestigemist :Sob:
14:04:56 [allowed] §e[NPC] §bKat§f: §rOh, hey!
14:04:57 [allowed] §e[NPC] §bKat§f: §rI was able to upgrade your pet §5Horse§f to §6§LLEGENDARY§f.
14:05:01 [allowed] §e[NPC] §bKat§f: §rIf you have any other pets you'd like to upgrade, you know where to find me!
14:05:01 [allowed] §aSuccessfully added §r§6Horse §r§ato your pet menu!
14:05:01 [allowed] §2Guild > §a[VIP§6+§a] himej0shi§f: §rim dedicated to the accessory grind hgfjhdfg
14:05:26 [allowed] §aYou sold your §r§7[Lvl 21] §r§9Armadillo §r§ato §r§eGeorge §r§afor §r§61,000 Coins§r§a!
14:05:27 [allowed] §7Warping you to your SkyBlock island...
14:05:28 [allowed] §7Sending to server mini78AT...
14:05:41 [allowed] §7Warping...
14:05:41 [allowed] §7Sending to server mini152BV...
14:05:47 [allowed] §bNew day! §r§eYour §r§2Lottery §r§ebuff changed!
14:05:47 [allowed] §eNew buff§r§r§r: §r§fGain §r§a+50 §r§6☘ Mangrove Fortune§r§f.
14:05:47 [allowed] §8[§r§733§r§8] §r§a[VIP] ehhs§f§r§f: dude
14:05:53 [allowed]   §r§6§lSTARLYN CONTEST REWARDS CLAIMED
14:05:53 [allowed]   §r§a§lREWARDS
14:05:53 [allowed]     §r§7§aAgatha's Coupon §8x10
14:05:53 [allowed]     §r§7§8+§32,500 Forest Whispers
14:05:53 [allowed]     §r§7§8+§f10x §dForest Essence
14:05:53 [allowed]     §r§7§8+§310,000 §7Foraging Experience
14:05:53 [allowed]     §r§7§8+§a1,300 HOTF EXP
14:05:55 [allowed] §8[§r§733§r§8] §r§a[VIP] ehhs§f§r§f: stop griefing my route pls
14:06:06 [allowed] §8[§r§f69§r§8] §r§7ericistoo_04§7§r§7: im farming too
14:06:06 [allowed] §7Warping you to your SkyBlock island...
14:06:06 [allowed] §7Sending to server mini88CG...
14:06:51 [allowed] §aWarped from the §r§9Blue Teleport Pad§r§a to the §r§amusume Teleport Pad§r§a!
14:06:52 [allowed] §3§l▬▬▬▬▬▬▬▬▬▬▬▬▬▬▬▬▬▬▬▬▬▬▬▬▬▬▬▬▬▬▬▬▬▬▬▬▬▬▬▬▬▬▬▬▬▬▬▬▬▬▬▬▬▬▬▬▬▬▬▬▬▬▬▬
14:06:52 [allowed] §6§lBESTIARY §r§b§lCreeper §7§83 §8➡§b §b4
14:06:59 [allowed] §aWarped from the §r§amusume Teleport Pad§r§a to the §r§9Blue Teleport Pad§r§a!
14:07:34 [allowed] §2Guild > §b[MVP§3+§b] catholicschool§f: §rajha lapiz
14:07:37 [allowed] §2Guild > §b[MVP§3+§b] catholicschool§f: §rtulen appi
14:07:38 [allowed] §7Finding player...
14:07:39 [allowed] §7Sending a visit request...
14:07:39 [allowed] §7Sending to server mini194U...
14:07:40 [allowed] §f§m-----------------------------------------------------
§r§cYou should NEVER enter your Microsoft account details anywhere but on official Microsoft services!

§r§cExternal links from untrusted sources should be avoided.
§r§f§m-----------------------------------------------------
14:07:41 [allowed] §2Guild > §a[VIP§6+§a] himej0shi§f: §ro okiiii
14:07:42 [allowed] §7Sending to server mini62AW...
14:07:45 [allowed] §9§m-----------------------------------------------------§r
§r§a[VIP§r§6+§r§a] himej0shi §r§ehas invited you to join their party!
§r§eYou have §r§c60 §r§eseconds to accept. §r§6Click here to join!§r
§r§9§m-----------------------------------------------------
14:07:52 [allowed] §2Guild > §a[VIP§6+§a] himej0shi§f: §ra tglt
14:07:54 [allowed] §2Guild > §a[VIP§6+§a] himej0shi§f: §rerinevates parem teha
14:07:55 [allowed] §2Guild > §b[MVP§3+§b] catholicschool§f: §rsamas serveris vist ple motet
14:07:57 [allowed] §2Guild > §b[MVP§3+§b] catholicschool§f: §rmhm
14:07:57 [allowed] §2Guild > §a[VIP§6+§a] himej0shi§f: §rjaa
14:08:39 [allowed] §aYou summoned your §r§6Silverfish§r§a!
14:08:45 [allowed] §9§m-----------------------------------------------------
14:08:45 [allowed] §eThe party invite from §r§a[VIP§r§6+§r§a] himej0shi §r§ehas expired.
14:08:45 [allowed] §9§m-----------------------------------------------------
14:09:08 [allowed] §2Guild > §a[VIP§6+§a] himej0shi§f: §rmul 2 enchnated blokci prg
14:09:10 [allowed] §aYou summoned your §r§6Mithril Golem§r§a!
14:09:17 [allowed] §aYour §r§6Mithril Golem §r§aleveled up to level §r§92§r§a!
14:09:21 [allowed] §aYour §r§6Mithril Golem §r§aleveled up to level §r§93§r§a!
14:09:25 [allowed] §2Guild > §a[VIP§6+§a] himej0shi§f: §rmu jungle pick natuke parem kui mithril :D
14:09:25 [allowed] §2Guild > §b[MVP§3+§b] catholicschool§f: §rdamn
14:09:35 [allowed] §aYour §r§6Mithril Golem §r§aleveled up to level §r§94§r§a!
14:09:40 [allowed] §aYour §r§6Mithril Golem §r§aleveled up to level §r§95§r§a!
14:09:45 [allowed] §2Guild > §b[MVP§3+§b] catholicschool§f: §rhow ist hat possible
14:09:49 [allowed] §aYour §r§6Mithril Golem §r§aleveled up to level §r§96§r§a!
14:09:55 [allowed] §aYou used your §r§6Pickobulus §r§aPickaxe Ability!
14:09:55 [allowed] §aYour §r§6Mithril Golem §r§aleveled up to level §r§97§r§a!
14:09:55 [allowed] §aYour §r§6Mithril Golem §r§aleveled up to level §r§98§r§a!
14:09:55 [allowed] §7Your §r§aPickobulus §r§7destroyed §r§e17 §r§7blocks!
14:09:59 [allowed] §6The sound of pickaxes clashing against the rock has attracted the attention of the §r§lPOWDER GHAST!
14:09:59 [allowed] §eFind the §r§6Powder Ghast§r§e near the §r§bForge Basin§r§e!
14:10:00 [allowed] §2Guild > §a[VIP§6+§a] himej0shi§f: §rrohkem mining speed
14:10:03 [allowed] §aYour §r§6Mithril Golem §r§aleveled up to level §r§99§r§a!
14:10:04 [allowed] §2Guild > §a[VIP§6+§a] himej0shi§f: §rmithril 418
14:10:08 [allowed] §2Guild > §a[VIP§6+§a] himej0shi§f: §rjungle 460
14:10:12 [allowed] §2Guild > §b[MVP§3+§b] catholicschool§f: §ra minu um 490
14:10:22 [allowed] §aYour §r§6Mithril Golem §r§aleveled up to level §r§910§r§a!
14:10:27 [allowed] §2Guild > §a[VIP§6+§a] himej0shi§f: §rwow proff
14:10:28 [allowed] §2Guild > §b[MVP§3+§b] catholicschool§f: §rsee magnetic bonus ka reforge stone
14:10:33 [allowed] §2Guild > §a[VIP§6+§a] himej0shi§f: §raa
14:10:37 [allowed] §aYour §r§6Mithril Golem §r§aleveled up to level §r§911§r§a!
14:10:38 [allowed] §2Guild > §a[VIP§6+§a] himej0shi§f: §root kas meil kodus ka neid?
14:10:41 [allowed] §7Warping you to your SkyBlock island...
14:10:42 [allowed] §7Sending to server mini7BG...
14:10:44 [allowed]  §b§l» §ahimej0shi §eis traveling to §aPrivate Island §e§lFOLLOW
14:10:59 [allowed] §2Guild > §b[MVP§3+§b] catholicschool§f: §rno
14:11:16 [allowed] §2Guild > §b[MVP§3+§b] catholicschool§f: §rlapis crystal itemi nimi
14:11:18 [allowed] §7Finding player...
14:11:19 [allowed] §7Sending a visit request...
14:11:19 [allowed] §7Sending to server mini194U...
14:11:20 [allowed] §f§m-----------------------------------------------------
§r§cYou should NEVER enter your Microsoft account details anywhere but on official Microsoft services!

§r§cExternal links from untrusted sources should be avoided.
§r§f§m-----------------------------------------------------
14:11:23 [allowed] §7Sending to server mini5DC...
14:11:23 [allowed] §2Guild > §a[VIP§6+§a] himej0shi§f: §ra on
14:11:26 [allowed]  §b§l» §ahimej0shi §eis traveling to §aDungeon Hub §e§lFOLLOW
14:11:27 [allowed] §2Guild > §b[MVP§3+§b] catholicschool§f: §r:O
14:11:28 [allowed] §2Guild > §b[MVP§3+§b] catholicschool§f: §rfghghf
14:11:39 [allowed]  §b§l» §ahimej0shi §eis traveling to §aPrivate Island §e§lFOLLOW
14:11:46 [allowed] §cThere are blocks in the way!
14:11:58 [allowed] §aYour §r§6Mithril Golem §r§aleveled up to level §r§912§r§a!
14:12:08 [allowed] §aYour §r§6Mithril Golem §r§aleveled up to level §r§913§r§a!
14:12:21 [allowed] §aYour §r§6Mithril Golem §r§aleveled up to level §r§914§r§a!
14:12:29 [allowed] §aYou used your §r§6Pickobulus §r§aPickaxe Ability!
14:12:29 [allowed] §aYour §r§6Mithril Golem §r§aleveled up to level §r§915§r§a!
14:12:29 [allowed] §7Your §r§aPickobulus §r§7destroyed §r§e29 §r§7blocks!
14:12:40 [allowed] §aYour §r§6Mithril Golem §r§aleveled up to level §r§916§r§a!
14:12:55 [allowed] §aYour §r§6Mithril Golem §r§aleveled up to level §r§917§r§a!
14:13:30 [allowed] §a§r§6Pickobulus §r§ais now available!
14:13:35 [allowed] §aYou used your §r§6Pickobulus §r§aPickaxe Ability!
14:13:35 [allowed] §aYour §r§6Mithril Golem §r§aleveled up to level §r§918§r§a!
14:13:35 [allowed] §7Your §r§aPickobulus §r§7destroyed §r§e21 §r§7blocks!
14:13:42 [allowed] §8[§r§f66§r§8] §r§a[VIP§6+§a] Twxqa§f§r§f: divan drill?
14:13:48 [allowed] §aYour §r§6Mithril Golem §r§aleveled up to level §r§919§r§a!
14:14:08 [allowed] §aYour §r§6Mithril Golem §r§aleveled up to level §r§920§r§a!
14:14:35 [allowed] §a§r§6Pickobulus §r§ais now available!
14:14:40 [allowed]  §b§l» §ahimej0shi §eis traveling to §aPrivate Island §e§lFOLLOW
14:14:41 [allowed] §aYou used your §r§6Pickobulus §r§aPickaxe Ability!
14:14:41 [allowed] §aYour §r§6Mithril Golem §r§aleveled up to level §r§921§r§a!
14:14:41 [allowed] §7Your §r§aPickobulus §r§7destroyed §r§e26 §r§7blocks!
14:14:44 [allowed]  §b§l» §ahimej0shi §eis traveling to §aDwarven Mines §e§lFOLLOW
14:14:47 [allowed] §bhimej0shi joined SkyBlock.
14:14:55 [allowed]  §b§l» §ahimej0shi §eis traveling to §aPrivate Island §e§lFOLLOW
14:15:02 [allowed] §aYour §r§6Mithril Golem §r§aleveled up to level §r§922§r§a!
14:15:27 [allowed] §aYour §r§6Mithril Golem §r§aleveled up to level §r§923§r§a!
14:15:42 [allowed] §a§r§6Pickobulus §r§ais now available!
14:15:46 [allowed] §aYou used your §r§6Pickobulus §r§aPickaxe Ability!
14:15:46 [allowed] §aYour §r§6Mithril Golem §r§aleveled up to level §r§924§r§a!
14:15:46 [allowed] §7Your §r§aPickobulus §r§7destroyed §r§e16 §r§7blocks!
14:15:46 [allowed] §e[SkyHanni] §bYou have §31.9k §bmaterials in stash, §btotalling §31 type§b. §bClick to §3pickup §byour stash!
14:15:56 [allowed] §eFrom stash: §r§fLapis Lazuli
14:15:56 [allowed] §eFrom stash: §r§fLapis Lazuli
14:15:56 [allowed] §eFrom stash: §r§fLapis Lazuli
14:15:56 [allowed] §eFrom stash: §r§fLapis Lazuli
14:15:56 [allowed] §eFrom stash: §r§fLapis Lazuli
14:15:56 [allowed] §eFrom stash: §r§fLapis Lazuli
14:15:56 [allowed] §eFrom stash: §r§fLapis Lazuli
14:15:56 [allowed] §eFrom stash: §r§fLapis Lazuli
14:15:56 [allowed] §eFrom stash: §r§fLapis Lazuli
14:15:56 [allowed] §eFrom stash: §r§fLapis Lazuli
14:15:56 [allowed] §eFrom stash: §r§fLapis Lazuli
14:15:56 [allowed] §eFrom stash: §r§fLapis Lazuli
14:15:56 [allowed] §eFrom stash: §r§fLapis Lazuli
14:15:56 [allowed] §eFrom stash: §r§fLapis Lazuli
14:15:56 [allowed] §eFrom stash: §r§fLapis Lazuli
14:15:56 [allowed] §eFrom stash: §r§fLapis Lazuli
14:15:56 [allowed] §eFrom stash: §r§fLapis Lazuli
14:15:56 [allowed] §eFrom stash: §r§fLapis Lazuli
14:15:56 [allowed] §eFrom stash: §r§fLapis Lazuli
14:15:56 [allowed] §eFrom stash: §r§fLapis Lazuli
14:15:56 [allowed] §eFrom stash: §r§fLapis Lazuli
14:15:56 [allowed] §eYou picked up §r§a672 §r§eitems from your material stash!
14:15:56 [allowed] §eYou still have §a786 materials §etotalling §b1 §etypes of materials in there!
14:15:57 [allowed]  §b§l» §ahimej0shi §eis traveling to §aPrivate Island §e§lFOLLOW
14:15:57 [allowed] §cCommand Failed: This command is on cooldown! Try again in §r§6about a second§r§c!
14:15:58 [allowed] §eFrom stash: §r§fLapis Lazuli
14:15:58 [allowed] §eFrom stash: §r§fLapis Lazuli
14:15:58 [allowed] §eFrom stash: §r§fLapis Lazuli
14:15:58 [allowed] §eFrom stash: §r§fLapis Lazuli
14:15:58 [allowed] §eFrom stash: §r§fLapis Lazuli
14:15:58 [allowed] §eFrom stash: §r§fLapis Lazuli
14:15:58 [allowed] §eFrom stash: §r§fLapis Lazuli
14:15:58 [allowed] §eFrom stash: §r§fLapis Lazuli
14:15:58 [allowed] §eFrom stash: §r§fLapis Lazuli
14:15:58 [allowed] §eFrom stash: §r§fLapis Lazuli
14:15:58 [allowed] §eFrom stash: §r§fLapis Lazuli
14:15:58 [allowed] §eFrom stash: §r§fLapis Lazuli
14:15:58 [allowed] §eFrom stash: §r§fLapis Lazuli
14:15:58 [allowed] §eYou picked up §r§aall §r§eitems from your material stash!
14:16:01 [allowed]  §b§l» §ahimej0shi §eis traveling to §aDwarven Mines §e§lFOLLOW
14:16:05 [allowed] §bhimej0shi joined SkyBlock.
14:16:12 [allowed]  §b§l» §ahimej0shi §eis traveling to §aPrivate Island §e§lFOLLOW
14:16:16 [allowed]  §b§l» §ahimej0shi §eis traveling to §aDwarven Mines §e§lFOLLOW
14:16:17 [allowed] §2Guild > §b[MVP§3+§b] catholicschool§f: §r1 block
14:16:20 [allowed] §bhimej0shi joined SkyBlock.
14:16:32 [allowed] §2Guild > §a[VIP§6+§a] himej0shi§f: §rpanen yhe refined mithrili tegema forge jhgfdhfg
14:16:46 [allowed] §2Guild > §b[MVP§3+§b] catholicschool§f: §rsomef kign moid tped into me
14:16:46 [allowed] §a§r§6Pickobulus §r§ais now available!
14:16:48 [allowed] §aYou used your §r§6Pickobulus §r§aPickaxe Ability!
14:16:48 [allowed] §aYour §r§6Mithril Golem §r§aleveled up to level §r§925§r§a!
14:16:48 [allowed] §7Your §r§aPickobulus §r§7destroyed §r§e39 §r§7blocks!
14:16:49 [allowed] §cYou will no longer see chat!
14:16:50 [allowed] §aYou will now see chat!
14:16:54 [allowed] §2Guild > §b[MVP§3+§b] catholicschool§f: §rjust starting at me now
14:17:01 [allowed] §2Guild > §a[VIP§6+§a] himej0shi§f: §rwtf
14:17:04 [allowed] §2Guild > §b[MVP§3+§b] catholicschool§f: §ropk he left eww so grosss
14:17:05 [allowed] §2Guild > §a[VIP§6+§a] himej0shi§f: §rewww
14:17:06 [allowed] §2Guild > §b[MVP§3+§b] catholicschool§f: §rand scary
14:17:14 [allowed] §2Guild > §a[VIP§6+§a] himej0shi§f: §rpush him down the mines
14:17:21 [allowed] §aYour §r§6Mithril Golem §r§aleveled up to level §r§926§r§a!
14:17:46 [allowed]  §b§l» §ahimej0shi §eis traveling to §aPrivate Island §e§lFOLLOW
14:17:49 [allowed] §a§r§6Pickobulus §r§ais now available!
14:17:50 [allowed] §bhimej0shi joined SkyBlock.
14:17:56 [allowed] §2Guild > §b[MVP§3+§b] catholicschool§f: §rdevilman crybaby horse sounds scene
14:18:01 [allowed] §aYou used your §r§6Pickobulus §r§aPickaxe Ability!
14:18:01 [allowed] §aYour §r§6Mithril Golem §r§aleveled up to level §r§927§r§a!
14:18:01 [allowed] §7Your §r§aPickobulus §r§7destroyed §r§e17 §r§7blocks!
14:18:09 [allowed] §2Guild > §a[VIP§6+§a] himej0shi§f: §rpalju sul mithrili on mul 30 enchanted veel vaja hgjfdhdg
14:18:13 [allowed] §2Guild > §a[VIP§6+§a] himej0shi§f: §raa ei 2 6
14:18:18 [allowed] §2Guild > §a[VIP§6+§a] himej0shi§f: §r26
14:18:27 [allowed] §a§l▬▬▬▬▬▬▬▬▬▬▬▬▬▬▬▬▬▬▬▬▬▬▬▬▬▬▬▬▬▬▬▬▬▬▬▬▬▬▬▬▬▬▬▬▬▬▬▬▬▬▬▬▬▬▬▬▬▬▬▬▬▬▬▬
14:18:27 [allowed]                            §r§b§l2X POWDER ENDED!
14:18:27 [allowed]                            §r§7Passive Active Event
14:18:27 [allowed]    Powder amount is back to normal, but there will be another
14:18:27 [allowed] §f                                 event soon!
14:18:27 [allowed] §a§l▬▬▬▬▬▬▬▬▬▬▬▬▬▬▬▬▬▬▬▬▬▬▬▬▬▬▬▬▬▬▬▬▬▬▬▬▬▬▬▬▬▬▬▬▬▬▬▬▬▬▬▬▬▬▬▬▬▬▬▬▬▬▬▬
14:18:50 [allowed] §2Guild > §b[MVP§3+§b] catholicschool§f: §r30 enchanted ongi
14:18:52 [allowed] §cYour Pickaxe ability is on cooldown for 10s.
14:18:55 [allowed] §7Warping you to your SkyBlock island...
14:18:55 [allowed] §7Sending to server mini66AF...
14:18:55 [allowed] §2Guild > §a[VIP§6+§a] himej0shi§f: §rpalun :3
14:18:59 [allowed] §aYou have sent a trade request to §r§ahimej0shi§r§a.
14:19:05 [allowed] §6Trade completed with §r§a[VIP§r§6+§r§a] himej0shi§r§f§r§6!
14:19:05 [allowed]  §r§c§l- §r§830x §r§9Enchanted Mithril
14:19:05 [allowed]  §r§c§l- §r§832x §r§fMithril
14:19:07 [allowed] §7Finding player...
14:19:08 [allowed] §2Guild > §a[VIP§6+§a] himej0shi§f: §rAITÄÄ
14:19:09 [allowed] §7Finding player...
14:19:09 [allowed] §cThis command is on cooldown, please try again in a moment!
14:19:13 [allowed] §7Finding player...
14:19:14 [allowed] §7Sending a visit request...
14:19:14 [allowed]  §b§l» §ahimej0shi §eis traveling to §aPrivate Island §e§lFOLLOW
14:19:14 [allowed] §7Sending to server mini194U...
14:19:16 [allowed] §f§m-----------------------------------------------------
§r§cYou should NEVER enter your Microsoft account details anywhere but on official Microsoft services!

§r§cExternal links from untrusted sources should be avoided.
§r§f§m-----------------------------------------------------
14:19:16 [allowed] §2Guild > §b[MVP§3+§b] catholicschool§f: §rnp
14:19:17 [allowed] §2Guild > §a[VIP§6+§a] himej0shi§f: §rtäää
14:19:18 [allowed] §7Sending to server mini27AN...
14:19:20 [allowed]  §b§l» §ahimej0shi §eis traveling to §aDwarven Mines §e§lFOLLOW
14:19:37 [allowed] §cThere are blocks in the way!
14:19:39 [allowed] §aYou used your §r§6Pickobulus §r§aPickaxe Ability!
14:19:39 [allowed] §7Your §r§aPickobulus §r§7destroyed §r§e17 §r§7blocks!
14:19:51 [allowed]  §b§l» §ahimej0shi §eis traveling to §aPrivate Island §e§lFOLLOW
14:19:53 [allowed] §aYour §r§6Mithril Golem §r§aleveled up to level §r§928§r§a!
14:20:02 [allowed]  §b§l» §ahimej0shi §eis traveling to §aPrivate Island §e§lFOLLOW
14:20:07 [allowed]  §b§l» §ahimej0shi §eis traveling to §aDwarven Mines §e§lFOLLOW
14:20:11 [allowed] §bhimej0shi joined SkyBlock.
14:20:13 [allowed] §2Guild > §b[MVP§3+§b] catholicschool§f: §rma teen pausi
14:20:13 [allowed] §2Guild > §a[VIP§6+§a] himej0shi§f: §ra sama server
14:20:16 [allowed] §2Guild > §a[VIP§6+§a] himej0shi§f: §ra okiii
14:20:19 [allowed] §2Guild > §a[VIP§6+§a] himej0shi§f: §rgll
14:20:20 [allowed] §2Guild > §b[MVP§3+§b] catholicschool§f: §rgl
14:20:22 [allowed] §cYour Pickaxe ability is on cooldown for 17s.
14:20:22 [allowed] §2Guild > §a[VIP§6+§a] himej0shi§f: §rtyyyy
