13:47:27 [EMPTY] §f §r§r§r§f §r§r§r§1 §r§r§r§0 §r§r§r§2 §r§r§r§f §r§r§r§f §r§r§r§2 §r§r§r§0 §r§r§r§4 §r§r§r§3 §r§r§r§9 §r§r§r§2 §r§r§r§0 §r§r§r§0 §r§r§r§3 §r§r§r§9 §r§r§r§2 §r§r§r§0 §r§r§r§0 §r§r§r§3 §r§r§r§9 §r§r§r§2 §r§r§r§0 §r§r§r§0 
13:48:07 [EMPTY] §8 §r§8 §r§1 §r§3 §r§3 §r§7 §r§8 
13:48:09 [EMPTY] 
13:48:10 [WELCOME] §eWelcome to §r§aHypixel SkyBlock§r§e!
13:48:10 [EMPTY] 
13:48:10 [PROFILE_JOIN] §aYou are playing on profile: §eLemon§b (Co-op)
13:48:10 [PROFILE_JOIN] §8Profile ID: 62b760d8-92b6-4501-ada0-1fd8583f5266
13:48:12 [LOTTERY] §bNew day! §r§eYour §r§2Lottery §r§ebuff changed!
13:48:12 [LOTTERY] §eNew buff§r§r§r: §r§fGain §r§a+50 §r§6☘ Mangrove Fortune§r§f.
13:48:12 [LOTTERY] §8§oYou can disable this messaging by toggling Lottery in your /hotf!
13:48:28 [SACKS_CHANGE] §6[Sacks] §r§a+3§r§e items§r§e.§r§8 (Last 5s.)
13:48:43 [EMPTY] §8 §r§8 §r§1 §r§3 §r§3 §r§7 §r§8 
13:48:46 [PROFILE_JOIN] §aYou are playing on profile: §eLemon§b (Co-op)
13:48:46 [PROFILE_JOIN] §8Profile ID: 62b760d8-92b6-4501-ada0-1fd8583f5266
13:48:48 [LOTTERY] §bNew day! §r§eYour §r§2Lottery §r§ebuff changed!
13:48:48 [LOTTERY] §eNew buff§r§r§r: §r§fGain §r§a+50 §r§6☘ Mangrove Fortune§r§f.
13:48:48 [LOTTERY] §8§oYou can disable this messaging by toggling Lottery in your /hotf!
13:49:07 [EMPTY] §8 §r§8 §r§1 §r§3 §r§3 §r§7 §r§8 
13:49:10 [PROFILE_JOIN] §aYou are playing on profile: §eLemon§b (Co-op)
13:49:11 [PROFILE_JOIN] §8Profile ID: 62b760d8-92b6-4501-ada0-1fd8583f5266
13:49:12 [LOTTERY] §bNew day! §r§eYour §r§2Lottery §r§ebuff changed!
13:49:12 [LOTTERY] §eNew buff§r§r§r: §r§fGain §r§a+50 §r§6☘ Mangrove Fortune§r§f.
13:49:12 [LOTTERY] §8§oYou can disable this messaging by toggling Lottery in your /hotf!
13:49:26 [SACKS_CHANGE] §6[Sacks] §r§a+784§r§e items§r§e.§r§8 (Last 9s.)
13:50:04 [SACKS_CHANGE] §6[Sacks] §r§c-102§r§e items§r§e.§r§8 (Last 5s.)
13:51:15 [EMPTY] §8 §r§8 §r§1 §r§3 §r§3 §r§7 §r§8 
13:51:18 [PROFILE_JOIN] §aYou are playing on profile: §eLemon§b (Co-op)
13:51:18 [PROFILE_JOIN] §8Profile ID: 62b760d8-92b6-4501-ada0-1fd8583f5266
13:51:20 [LOTTERY] §bNew day! §r§eYour §r§2Lottery §r§ebuff changed!
13:51:20 [LOTTERY] §eNew buff§r§r§r: §r§fGain §r§a+50 §r§6☘ Mangrove Fortune§r§f.
13:51:20 [LOTTERY] §8§oYou can disable this messaging by toggling Lottery in your /hotf!
13:51:30 [SACKS_CHANGE] §6[Sacks] §r§a+10§r§e items§r§e.§r§8 (Last 10s.)
13:51:35 [EMPTY] §8 §r§8 §r§1 §r§3 §r§3 §r§7 §r§8 
13:51:38 [PROFILE_JOIN] §aYou are playing on profile: §eLemon§b (Co-op)
13:51:38 [PROFILE_JOIN] §8Profile ID: 62b760d8-92b6-4501-ada0-1fd8583f5266
13:51:39 [EMPTY] §8 §r§8 §r§1 §r§3 §r§3 §r§7 §r§8 
13:51:42 [PROFILE_JOIN] §aYou are playing on profile: §eLemon§b (Co-op)
13:51:42 [PROFILE_JOIN] §8Profile ID: 62b760d8-92b6-4501-ada0-1fd8583f5266
13:51:44 [LOTTERY] §bNew day! §r§eYour §r§2Lottery §r§ebuff changed!
13:51:44 [LOTTERY] §eNew buff§r§r§r: §r§fGain §r§a+50 §r§6☘ Mangrove Fortune§r§f.
13:51:44 [LOTTERY] §8§oYou can disable this messaging by toggling Lottery in your /hotf!
13:51:55 [SACKS_CHANGE] §6[Sacks] §r§a+25§r§e items§r§e.§r§8 (Last 12s.)
13:52:32 [SACKS_CHANGE] §6[Sacks] §r§a+111§r§e items§r§e.§r§8 (Last 30s.)
13:53:03 [SACKS_CHANGE] §6[Sacks] §r§a+51§r§e items§r§e.§r§8 (Last 30s.)
13:53:31 [SACKS_CHANGE] §6[Sacks] §r§a+34§r§e items§r§e.§r§8 (Last 21s.)
13:54:04 [SACKS_CHANGE] §6[Sacks] §r§a+41§r§e items§r§e.§r§8 (Last 23s.)
13:54:11 [GUILD_EXP] §aYou earned §r§2223 GEXP §r§a+ §r§e669 Event EXP §r§afrom playing SkyBlock!
13:54:25 [SACKS_CHANGE] §6[Sacks] §r§a+27§r§e items§r§e.§r§8 (Last 19s.)
13:54:56 [SACKS_CHANGE] §6[Sacks] §r§a+56§r§e items§r§e.§r§8 (Last 30s.)
13:54:59 [LOTTERY] §bNew day! §r§eYour §r§2Lottery §r§ebuff changed!
13:54:59 [LOTTERY] §eNew buff§r§r§r: §r§fGain §r§a+50 §r§6☘ Mangrove Fortune§r§f.
13:54:59 [LOTTERY] §8§oYou can disable this messaging by toggling Lottery in your /hotf!
13:55:29 [SACKS_CHANGE] §6[Sacks] §r§a+50§r§e items§r§e.§r§8 (Last 30s.)
13:56:01 [SACKS_CHANGE] §6[Sacks] §r§a+18§r§e items§r§e.§r§8 (Last 8s.)
13:56:14 [SACKS_CHANGE] §6[Sacks] §r§a+40§r§e items§r§e.§r§8 (Last 11s.)
13:56:20 [SACKS_CHANGE] §6[Sacks] §r§a+8§r§e items§r§e.§r§8 (Last 5s.)
13:56:55 [SACKS_CHANGE] §6[Sacks] §r§a+72§r§e items§r§e.§r§8 (Last 30s.)
13:57:08 [SACKS_CHANGE] §6[Sacks] §r§a+32§r§e items§r§e.§r§8 (Last 10s.)
13:57:18 [SACKS_CHANGE] §6[Sacks] §r§a+3§r§e items§r§e, §r§c-1,728§r§e items§r§e.§r§8 (Last 9s.)
13:57:26 [SACKS_CHANGE] §6[Sacks] §r§c-1,536§r§e items§r§e.§r§8 (Last 5s.)
13:57:32 [SACKS_CHANGE] §6[Sacks] §r§c-882§r§e items§r§e.§r§8 (Last 5s.)
13:58:05 [SACKS_CHANGE] §6[Sacks] §r§a+263§r§e items§r§e.§r§8 (Last 30s.)
13:58:42 [SACKS_CHANGE] §6[Sacks] §r§a+112§r§e items§r§e.§r§8 (Last 30s.)
13:58:54 [SACKS_CHANGE] §6[Sacks] §r§a+22§r§e items§r§e.§r§8 (Last 10s.)
13:59:11 [GUILD_EXP] §aYou earned §r§2750 GEXP §r§a+ §r§e2,250 Event EXP §r§afrom playing SkyBlock!
13:59:27 [SACKS_CHANGE] §6[Sacks] §r§a+70§r§e items§r§e.§r§8 (Last 30s.)
13:59:58 [SACKS_CHANGE] §6[Sacks] §r§a+76§r§e items§r§e.§r§8 (Last 30s.)
14:00:12 [SACKS_CHANGE] §6[Sacks] §r§a+28§r§e items§r§e.§r§8 (Last 12s.)
14:00:45 [SACKS_CHANGE] §6[Sacks] §r§a+78§r§e items§r§e.§r§8 (Last 30s.)
14:01:16 [SACKS_CHANGE] §6[Sacks] §r§a+76§r§e items§r§e.§r§8 (Last 30s.)
14:01:47 [SACKS_CHANGE] §6[Sacks] §r§a+88§r§e items§r§e.§r§8 (Last 30s.)
14:02:05 [SACKS_CHANGE] §6[Sacks] §r§a+36§r§e items§r§e.§r§8 (Last 17s.)
14:02:14 [EMPTY] §8 §r§8 §r§1 §r§3 §r§3 §r§7 §r§8 
14:02:17 [PROFILE_JOIN] §aYou are playing on profile: §eLemon§b (Co-op)
14:02:17 [PROFILE_JOIN] §8Profile ID: 62b760d8-92b6-4501-ada0-1fd8583f5266
14:02:19 [LOTTERY] §bNew day! §r§eYour §r§2Lottery §r§ebuff changed!
14:02:19 [LOTTERY] §eNew buff§r§r§r: §r§fGain §r§a+50 §r§6☘ Mangrove Fortune§r§f.
14:02:19 [LOTTERY] §8§oYou can disable this messaging by toggling Lottery in your /hotf!
14:03:10 [EMPTY] §8 §r§8 §r§1 §r§3 §r§3 §r§7 §r§8 
14:03:13 [PROFILE_JOIN] §aYou are playing on profile: §eLemon§b (Co-op)
14:03:13 [PROFILE_JOIN] §8Profile ID: 62b760d8-92b6-4501-ada0-1fd8583f5266
14:03:15 [LOTTERY] §bNew day! §r§eYour §r§2Lottery §r§ebuff changed!
14:03:15 [LOTTERY] §eNew buff§r§r§r: §r§fGain §r§a+50 §r§6☘ Mangrove Fortune§r§f.
14:03:15 [LOTTERY] §8§oYou can disable this messaging by toggling Lottery in your /hotf!
14:03:17 [EMPTY] §8 §r§8 §r§1 §r§3 §r§3 §r§7 §r§8 
14:03:20 [PROFILE_JOIN] §aYou are playing on profile: §eLemon§b (Co-op)
14:03:20 [PROFILE_JOIN] §8Profile ID: 62b760d8-92b6-4501-ada0-1fd8583f5266
14:03:22 [LOTTERY] §bNew day! §r§eYour §r§2Lottery §r§ebuff changed!
14:03:22 [LOTTERY] §eNew buff§r§r§r: §r§fGain §r§a+50 §r§6☘ Mangrove Fortune§r§f.
14:03:22 [LOTTERY] §8§oYou can disable this messaging by toggling Lottery in your /hotf!
14:03:41 [EMPTY]  
14:03:41 [EMPTY]  
14:03:41 [EMPTY]  
14:03:43 [EMPTY]  
14:03:43 [EMPTY]  
14:03:43 [EMPTY]  
14:05:28 [EMPTY] §8 §r§8 §r§1 §r§3 §r§3 §r§7 §r§8 
14:05:32 [PROFILE_JOIN] §aYou are playing on profile: §eLemon§b (Co-op)
14:05:32 [PROFILE_JOIN] §8Profile ID: 62b760d8-92b6-4501-ada0-1fd8583f5266
14:05:33 [LOTTERY] §bNew day! §r§eYour §r§2Lottery §r§ebuff changed!
14:05:33 [LOTTERY] §eNew buff§r§r§r: §r§fGain §r§a+50 §r§6☘ Mangrove Fortune§r§f.
14:05:33 [LOTTERY] §8§oYou can disable this messaging by toggling Lottery in your /hotf!
14:05:42 [EMPTY] §8 §r§8 §r§1 §r§3 §r§3 §r§7 §r§8 
14:05:45 [PROFILE_JOIN] §aYou are playing on profile: §eLemon§b (Co-op)
14:05:45 [PROFILE_JOIN] §8Profile ID: 62b760d8-92b6-4501-ada0-1fd8583f5266
14:06:07 [EMPTY] §8 §r§8 §r§1 §r§3 §r§3 §r§7 §r§8 
14:06:10 [PROFILE_JOIN] §aYou are playing on profile: §eLemon§b (Co-op)
14:06:10 [PROFILE_JOIN] §8Profile ID: 62b760d8-92b6-4501-ada0-1fd8583f5266
14:06:12 [LOTTERY] §bNew day! §r§eYour §r§2Lottery §r§ebuff changed!
14:06:12 [LOTTERY] §eNew buff§r§r§r: §r§fGain §r§a+50 §r§6☘ Mangrove Fortune§r§f.
14:06:12 [LOTTERY] §8§oYou can disable this messaging by toggling Lottery in your /hotf!
14:06:52 [EMPTY]  
14:06:52 [BESTIARY] §f                                  §6§lBESTIARY
14:06:52 [BESTIARY] §f                              §b§lCreeper §7§83 §8➡§b §b4
14:06:52 [BESTIARY] 
14:06:52 [BESTIARY]                                   §r§6§lREWARDS
14:06:52 [BESTIARY]                          §r§8+§r§a2 Creeper §r§b✯ Magic Find
14:06:52 [BESTIARY]                          §r§8+§r§a2 Creeper §r§c❁ Strength
14:06:52 [BESTIARY]                              §r§8+§r§62% §r§aCreeper §r§7coins
14:06:52 [BESTIARY]                     §r§8+§r§a50% §r§7chance for extra XP orbs
14:06:52 [BESTIARY]                                §r§8+§r§b1 SkyBlock XP
14:06:52 [BESTIARY] 
14:06:52 [BESTIARY] §3§l▬▬▬▬▬▬▬▬▬▬▬▬▬▬▬▬▬▬▬▬▬▬▬▬▬▬▬▬▬▬▬▬▬▬▬▬▬▬▬▬▬▬▬▬▬▬▬▬▬▬▬▬▬▬▬▬▬▬▬▬▬▬▬▬
14:07:03 [SACKS_CHANGE] §6[Sacks] §r§a+65§r§e items§r§e.§r§8 (Last 16s.)
14:07:39 [EMPTY] §8 §r§8 §r§1 §r§3 §r§3 §r§7 §r§8 
14:07:43 [EMPTY] §8 §r§8 §r§1 §r§3 §r§3 §r§7 §r§8 
14:07:46 [PROFILE_JOIN] §aYou are playing on profile: §eLemon§b (Co-op)
14:07:46 [PROFILE_JOIN] §8Profile ID: 62b760d8-92b6-4501-ada0-1fd8583f5266
14:07:48 [LOTTERY] §bNew day! §r§eYour §r§2Lottery §r§ebuff changed!
14:07:48 [LOTTERY] §eNew buff§r§r§r: §r§fGain §r§a+50 §r§6☘ Mangrove Fortune§r§f.
14:07:48 [LOTTERY] §8§oYou can disable this messaging by toggling Lottery in your /hotf!
14:08:26 [SACKS_CHANGE] §6[Sacks] §r§a+54§r§e items§r§e.§r§8 (Last 5s.)
14:09:43 [SACKS_CHANGE] §6[Sacks] §r§a+1,674§r§e items§r§e.§r§8 (Last 30s.)
14:09:54 [GUILD_EXP] §aYou earned §r§278 GEXP §r§a+ §r§e234 Event EXP §r§afrom playing SkyBlock!
14:10:11 [SACKS_CHANGE] §6[Sacks] §r§a+2,304§r§e items§r§e.§r§8 (Last 25s.)
14:10:19 [SACKS_CHANGE] §6[Sacks] §r§a+144§r§e items§r§e.§r§8 (Last 6s.)
14:10:28 [SACKS_CHANGE] §6[Sacks] §r§a+333§r§e items§r§e.§r§8 (Last 7s.)
14:10:42 [EMPTY] §8 §r§8 §r§1 §r§3 §r§3 §r§7 §r§8 
14:10:45 [PROFILE_JOIN] §aYou are playing on profile: §eLemon§b (Co-op)
14:10:45 [PROFILE_JOIN] §8Profile ID: 62b760d8-92b6-4501-ada0-1fd8583f5266
14:10:47 [LOTTERY] §bNew day! §r§eYour §r§2Lottery §r§ebuff changed!
14:10:47 [LOTTERY] §eNew buff§r§r§r: §r§fGain §r§a+50 §r§6☘ Mangrove Fortune§r§f.
14:10:47 [LOTTERY] §8§oYou can disable this messaging by toggling Lottery in your /hotf!
14:11:20 [EMPTY] §8 §r§8 §r§1 §r§3 §r§3 §r§7 §r§8 
14:11:23 [EMPTY] §8 §r§8 §r§1 §r§3 §r§3 §r§7 §r§8 
14:11:26 [PROFILE_JOIN] §aYou are playing on profile: §eLemon§b (Co-op)
14:11:26 [PROFILE_JOIN] §8Profile ID: 62b760d8-92b6-4501-ada0-1fd8583f5266
14:11:28 [LOTTERY] §bNew day! §r§eYour §r§2Lottery §r§ebuff changed!
14:11:28 [LOTTERY] §eNew buff§r§r§r: §r§fGain §r§a+50 §r§6☘ Mangrove Fortune§r§f.
14:11:28 [LOTTERY] §8§oYou can disable this messaging by toggling Lottery in your /hotf!
14:12:21 [SACKS_CHANGE] §6[Sacks] §r§a+2,457§r§e items§r§e.§r§8 (Last 30s.)
14:12:52 [SACKS_CHANGE] §6[Sacks] §r§a+3,247§r§e items§r§e.§r§8 (Last 30s.)
14:13:10 [SACKS_CHANGE] §6[Sacks] §r§a+1,026§r§e items§r§e.§r§8 (Last 16s.)
14:14:04 [SACKS_CHANGE] §6[Sacks] §r§a+3,258§r§e items§r§e.§r§8 (Last 30s.)
14:14:21 [SACKS_CHANGE] §6[Sacks] §r§a+828§r§e items§r§e.§r§8 (Last 16s.)
14:15:00 [LOTTERY] §bNew day! §r§eYour §r§2Lottery §r§ebuff changed!
14:15:00 [LOTTERY] §eNew buff§r§r§r: §r§fGain §r§a+50 §r§6☘ Fig Fortune§r§f.
14:15:00 [LOTTERY] §8§oYou can disable this messaging by toggling Lottery in your /hotf!
14:15:05 [SACKS_CHANGE] §6[Sacks] §r§a+3,204§r§e items§r§e.§r§8 (Last 30s.)
14:15:17 [SACKS_CHANGE] §6[Sacks] §r§a+601§r§e items§r§e.§r§8 (Last 11s.)
14:15:42 [GUILD_EXP] §aYou earned §r§2133 GEXP §r§a+ §r§e399 Event EXP §r§afrom playing SkyBlock!
14:15:46 [EMPTY]  
14:15:46 [STASH_COMPACT] §f                §7You have §31,986 §7materials stashed away!
14:15:46 [STASH_COMPACT] §f               §8(This totals 1 type of material stashed!)
14:15:46 [STASH_COMPACT] §f                §3§l>>> §3§lCLICK HERE§b to pick them up! §3§l<<<
14:15:46 [EMPTY]   
14:16:27 [SACKS_CHANGE] §6[Sacks] §r§a+1,081§r§e items§r§e, §r§c-20,324§r§e items§r§e.§r§8 (Last 30s.)
14:16:54 [SACKS_CHANGE] §6[Sacks] §r§a+2,043§r§e items§r§e.§r§8 (Last 26s.)
14:17:05 [SACKS_CHANGE] §6[Sacks] §r§a+333§r§e items§r§e.§r§8 (Last 7s.)
14:17:37 [SACKS_CHANGE] §6[Sacks] §r§a+2,772§r§e items§r§e.§r§8 (Last 30s.)
14:17:54 [SACKS_CHANGE] §6[Sacks] §r§a+891§r§e items§r§e.§r§8 (Last 15s.)
14:18:15 [SACKS_CHANGE] §6[Sacks] §r§a+1,926§r§e items§r§e.§r§8 (Last 17s.)
14:18:27 [EMPTY] 
14:18:29 [SACKS_CHANGE] §6[Sacks] §r§c-1,472§r§e items§r§e.§r§8 (Last 5s.)
14:18:36 [SACKS_CHANGE] §6[Sacks] §r§c-1,344§r§e items§r§e.§r§8 (Last 5s.)
14:18:42 [SACKS_CHANGE] §6[Sacks] §r§c-1,280§r§e items§r§e.§r§8 (Last 5s.)
14:18:49 [SACKS_CHANGE] §6[Sacks] §r§c-736§r§e items§r§e.§r§8 (Last 5s.)
14:18:55 [EMPTY] §8 §r§8 §r§1 §r§3 §r§3 §r§7 §r§8 
14:18:58 [PROFILE_JOIN] §aYou are playing on profile: §eLemon§b (Co-op)
14:18:58 [PROFILE_JOIN] §8Profile ID: 62b760d8-92b6-4501-ada0-1fd8583f5266
14:19:00 [LOTTERY] §bNew day! §r§eYour §r§2Lottery §r§ebuff changed!
14:19:00 [LOTTERY] §eNew buff§r§r§r: §r§fGain §r§a+50 §r§6☘ Fig Fortune§r§f.
14:19:00 [LOTTERY] §8§oYou can disable this messaging by toggling Lottery in your /hotf!
14:19:15 [EMPTY] §8 §r§8 §r§1 §r§3 §r§3 §r§7 §r§8 
14:19:18 [PROFILE_JOIN] §aYou are playing on profile: §eLemon§b (Co-op)
14:19:18 [PROFILE_JOIN] §8Profile ID: 62b760d8-92b6-4501-ada0-1fd8583f5266
14:19:19 [EMPTY] §8 §r§8 §r§1 §r§3 §r§3 §r§7 §r§8 
14:19:22 [PROFILE_JOIN] §aYou are playing on profile: §eLemon§b (Co-op)
14:19:22 [PROFILE_JOIN] §8Profile ID: 62b760d8-92b6-4501-ada0-1fd8583f5266
14:19:24 [LOTTERY] §bNew day! §r§eYour §r§2Lottery §r§ebuff changed!
14:19:24 [LOTTERY] §eNew buff§r§r§r: §r§fGain §r§a+50 §r§6☘ Fig Fortune§r§f.
14:19:24 [LOTTERY] §8§oYou can disable this messaging by toggling Lottery in your /hotf!
14:20:10 [SACKS_CHANGE] §6[Sacks] §r§a+3,015§r§e items§r§e.§r§8 (Last 30s.)
14:20:20 [SACKS_CHANGE] §6[Sacks] §r§a+117§r§e items§r§e.§r§8 (Last 9s.)
