21:41:29 §f                                  §6§lBESTIARY
21:41:29 §f                            §b§lMagma Cube §7§85 §8➡§b §b6
21:41:29 
21:41:29                                   §r§6§lREWARDS
21:41:29                        §r§8+§r§a3 Magma Cube §r§b✯ Magic Find
21:41:29                        §r§8+§r§a3 Magma Cube §r§c❁ Strength
21:41:29                            §r§8+§r§62% §r§aMagma Cube §r§7coins
21:41:29                     §r§8+§r§a50% §r§7chance for extra XP orbs
21:41:29                                §r§8+§r§b1 SkyBlock XP
21:41:29 
21:41:29 §3§l▬▬▬▬▬▬▬▬▬▬▬▬▬▬▬▬▬▬▬▬▬▬▬▬▬▬▬▬▬▬▬▬▬▬▬▬▬▬▬▬▬▬▬▬▬▬▬▬▬▬▬▬▬▬▬▬▬▬▬▬▬▬▬▬
21:44:32 §f                                  §6§lBESTIARY
21:44:32 §f                               §b§lVanquisher §7§b1
21:44:32 
21:44:32                                   §r§6§lREWARDS
21:44:32                        §r§8+§r§a2 §r§5Vanquisher §r§b✯ Magic Find
21:44:32                         §r§8+§r§a2 §r§5Vanquisher §r§c❁ Strength
21:44:32                            §r§8+§r§62% §r§a§r§5Vanquisher §r§7coins
21:44:32                     §r§8+§r§a50% §r§7chance for extra XP orbs
21:44:32                                §r§8+§r§b1 SkyBlock XP
21:44:32 
21:44:32   §r§f                         §6§lBESTIARY MILESTONE
21:44:32   §r§f                                    §888➡§e89
21:44:32 §6§lBESTIARY MILESTONE §888➡§e89
21:44:32 §6§lBESTIARY MILESTONE §888➡§e89
21:44:32 §6§lBESTIARY MILESTONE §888➡§e89
21:44:32 §6§lBESTIARY MILESTONE §888➡§e89
21:44:32 
22:09:33 §f                                  §6§lBESTIARY
22:09:33 §f                            §b§lMagma Cube §7§86 §8➡§b §b7
22:09:33 
22:09:33                                   §r§6§lREWARDS
22:09:33                        §r§8+§r§a3 Magma Cube §r§b✯ Magic Find
22:09:33                        §r§8+§r§a3 Magma Cube §r§c❁ Strength
22:09:33                            §r§8+§r§62% §r§aMagma Cube §r§7coins
22:09:33                     §r§8+§r§a50% §r§7chance for extra XP orbs
22:09:33                                §r§8+§r§b1 SkyBlock XP
22:09:33 
22:09:33 §3§l▬▬▬▬▬▬▬▬▬▬▬▬▬▬▬▬▬▬▬▬▬▬▬▬▬▬▬▬▬▬▬▬▬▬▬▬▬▬▬▬▬▬▬▬▬▬▬▬▬▬▬▬▬▬▬▬▬▬▬▬▬▬▬▬
22:11:08 §f                                  §6§lBESTIARY
22:11:08 §f                            §b§lFlaming Spider §7§b1
22:11:08 
22:11:08                                   §r§6§lREWARDS
22:11:08                      §r§8+§r§a2 Flaming Spider §r§b✯ Magic Find
22:11:08                       §r§8+§r§a2 Flaming Spider §r§c❁ Strength
22:11:08                          §r§8+§r§62% §r§aFlaming Spider §r§7coins
22:11:08                     §r§8+§r§a50% §r§7chance for extra XP orbs
22:11:08                                §r§8+§r§b1 SkyBlock XP
22:11:08 
22:11:08 §3§l▬▬▬▬▬▬▬▬▬▬▬▬▬▬▬▬▬▬▬▬▬▬▬▬▬▬▬▬▬▬▬▬▬▬▬▬▬▬▬▬▬▬▬▬▬▬▬▬▬▬▬▬▬▬▬▬▬▬▬▬▬▬▬▬
22:13:02 §f                                  §6§lBESTIARY
22:13:02 §f                         §b§lFlaming Spider §7§81 §8➡§b §b2
22:13:02 
22:13:02                                   §r§6§lREWARDS
22:13:02                      §r§8+§r§a2 Flaming Spider §r§b✯ Magic Find
22:13:02                       §r§8+§r§a2 Flaming Spider §r§c❁ Strength
22:13:02                          §r§8+§r§62% §r§aFlaming Spider §r§7coins
22:13:02                     §r§8+§r§a50% §r§7chance for extra XP orbs
22:13:02                                §r§8+§r§b1 SkyBlock XP
22:13:02 
22:13:02 §3§l▬▬▬▬▬▬▬▬▬▬▬▬▬▬▬▬▬▬▬▬▬▬▬▬▬▬▬▬▬▬▬▬▬▬▬▬▬▬▬▬▬▬▬▬▬▬▬▬▬▬▬▬▬▬▬▬▬▬▬▬▬▬▬▬
22:14:49 §f                                  §6§lBESTIARY
22:14:49 §f                          §b§lMagma Cube Rider §7§b1
22:14:49 
22:14:49                                   §r§6§lREWARDS
22:14:49                    §r§8+§r§a2 Magma Cube Rider §r§b✯ Magic Find
22:14:49                     §r§8+§r§a2 Magma Cube Rider §r§c❁ Strength
22:14:49                        §r§8+§r§62% §r§aMagma Cube Rider §r§7coins
22:14:49                     §r§8+§r§a50% §r§7chance for extra XP orbs
22:14:49                                §r§8+§r§b1 SkyBlock XP
22:14:49 
22:14:49 §3§l▬▬▬▬▬▬▬▬▬▬▬▬▬▬▬▬▬▬▬▬▬▬▬▬▬▬▬▬▬▬▬▬▬▬▬▬▬▬▬▬▬▬▬▬▬▬▬▬▬▬▬▬▬▬▬▬▬▬▬▬▬▬▬▬
22:17:03 §f                                  §6§lBESTIARY
22:17:03 §f                         §b§lFlaming Spider §7§82 §8➡§b §b3
22:17:03 
22:17:03                                   §r§6§lREWARDS
22:17:03                      §r§8+§r§a2 Flaming Spider §r§b✯ Magic Find
22:17:03                       §r§8+§r§a2 Flaming Spider §r§c❁ Strength
22:17:03                          §r§8+§r§62% §r§aFlaming Spider §r§7coins
22:17:03                     §r§8+§r§a50% §r§7chance for extra XP orbs
22:17:03                                §r§8+§r§b1 SkyBlock XP
22:17:03 
22:17:03 §3§l▬▬▬▬▬▬▬▬▬▬▬▬▬▬▬▬▬▬▬▬▬▬▬▬▬▬▬▬▬▬▬▬▬▬▬▬▬▬▬▬▬▬▬▬▬▬▬▬▬▬▬▬▬▬▬▬▬▬▬▬▬▬▬▬
