21:11:52 §bNew day! §r§eYour §r§2Lottery §r§ebuff changed!
21:11:52 §eNew buff§r§r§r: §r§fGain §r§a+50 §r§6☘ Fig Fortune§r§f.
21:11:52 §8§oYou can disable this messaging by toggling Lottery in your /hotf!
21:15:00 §bNew day! §r§eYour §r§2Lottery §r§ebuff changed!
21:15:00 §eNew buff§r§r§r: §r§fGain §r§a+5% §r§2∮ Sweep§r§f.
21:15:00 §8§oYou can disable this messaging by toggling Lottery in your /hotf!
21:18:52 §bNew day! §r§eYour §r§2Lottery §r§ebuff changed!
21:18:52 §eNew buff§r§r§r: §r§fGain §r§a+5% §r§2∮ Sweep§r§f.
21:18:52 §8§oYou can disable this messaging by toggling Lottery in your /hotf!
21:20:29 §bNew day! §r§eYour §r§2Lottery §r§ebuff changed!
21:20:29 §eNew buff§r§r§r: §r§fGain §r§a+5% §r§2∮ Sweep§r§f.
21:20:29 §8§oYou can disable this messaging by toggling Lottery in your /hotf!
21:20:41 §bNew day! §r§eYour §r§2Lottery §r§ebuff changed!
21:20:41 §eNew buff§r§r§r: §r§fGain §r§a+5% §r§2∮ Sweep§r§f.
21:20:41 §8§oYou can disable this messaging by toggling Lottery in your /hotf!
21:22:00 §bNew day! §r§eYour §r§2Lottery §r§ebuff changed!
21:22:00 §eNew buff§r§r§r: §r§fGain §r§a+5% §r§2∮ Sweep§r§f.
21:22:00 §8§oYou can disable this messaging by toggling Lottery in your /hotf!
21:22:17 §bNew day! §r§eYour §r§2Lottery §r§ebuff changed!
21:22:17 §eNew buff§r§r§r: §r§fGain §r§a+5% §r§2∮ Sweep§r§f.
21:22:17 §8§oYou can disable this messaging by toggling Lottery in your /hotf!
21:24:00 §bNew day! §r§eYour §r§2Lottery §r§ebuff changed!
21:24:00 §eNew buff§r§r§r: §r§fGain §r§a+5% §r§2∮ Sweep§r§f.
21:24:00 §8§oYou can disable this messaging by toggling Lottery in your /hotf!
21:25:55 §bNew day! §r§eYour §r§2Lottery §r§ebuff changed!
21:25:56 §eNew buff§r§r§r: §r§fGain §r§a+5% §r§2∮ Sweep§r§f.
21:25:56 §8§oYou can disable this messaging by toggling Lottery in your /hotf!
21:35:01 §bNew day! §r§eYour §r§2Lottery §r§ebuff changed!
21:35:01 §eNew buff§r§r§r: §r§fGain §r§a+50 §r§6☘ Mangrove Fortune§r§f.
21:35:01 §8§oYou can disable this messaging by toggling Lottery in your /hotf!
21:35:53 §bNew day! §r§eYour §r§2Lottery §r§ebuff changed!
21:35:53 §eNew buff§r§r§r: §r§fGain §r§a+50 §r§6☘ Mangrove Fortune§r§f.
21:35:53 §8§oYou can disable this messaging by toggling Lottery in your /hotf!
21:37:41 §bNew day! §r§eYour §r§2Lottery §r§ebuff changed!
21:37:41 §eNew buff§r§r§r: §r§fGain §r§a+50 §r§6☘ Mangrove Fortune§r§f.
21:37:41 §8§oYou can disable this messaging by toggling Lottery in your /hotf!
21:38:02 §bNew day! §r§eYour §r§2Lottery §r§ebuff changed!
21:38:02 §eNew buff§r§r§r: §r§fGain §r§a+50 §r§6☘ Mangrove Fortune§r§f.
21:38:02 §8§oYou can disable this messaging by toggling Lottery in your /hotf!
21:55:00 §bNew day! §r§eYour §r§2Lottery §r§ebuff changed!
21:55:00 §eNew buff§r§r§r: §r§fGain §r§a+50 §r§6☘ Mangrove Fortune§r§f.
21:55:00 §8§oYou can disable this messaging by toggling Lottery in your /hotf!
22:15:02 §bNew day! §r§eYour §r§2Lottery §r§ebuff changed!
22:15:02 §eNew buff§r§r§r: §r§fGain §r§a+50 §r§6☘ Fig Fortune§r§f.
22:15:02 §8§oYou can disable this messaging by toggling Lottery in your /hotf!
22:35:01 §bNew day! §r§eYour §r§2Lottery §r§ebuff changed!
22:35:01 §eNew buff§r§r§r: §r§fGain §r§a+5% §r§2∮ Sweep§r§f.
22:35:01 §8§oYou can disable this messaging by toggling Lottery in your /hotf!
