01:33:34 §f                                  §6§lBESTIARY
01:33:34 §f                                 §b§lSkeleton §7§b1
01:33:34 
01:33:34                                   §r§6§lREWARDS
01:33:34                          §r§8+§r§a2 Skeleton §r§b✯ Magic Find
01:33:34                          §r§8+§r§a2 Skeleton §r§c❁ Strength
01:33:34                              §r§8+§r§62% §r§aSkeleton §r§7coins
01:33:34                     §r§8+§r§a50% §r§7chance for extra XP orbs
01:33:34                                §r§8+§r§b1 SkyBlock XP
01:33:34 
01:33:34 §3§l▬▬▬▬▬▬▬▬▬▬▬▬▬▬▬▬▬▬▬▬▬▬▬▬▬▬▬▬▬▬▬▬▬▬▬▬▬▬▬▬▬▬▬▬▬▬▬▬▬▬▬▬▬▬▬▬▬▬▬▬▬▬▬▬
01:51:35 §f                                  §6§lBESTIARY
01:51:35 §f                                 §b§lSlug §7§86 §8➡§b §b7
01:51:35 
01:51:35                                   §r§6§lREWARDS
01:51:35                           §r§6+0.4☘ Farming Fortune
01:51:35                                §r§8+§r§62% §r§aSlug §r§7coins
01:51:35                     §r§8+§r§a50% §r§7chance for extra XP orbs
01:51:35                                §r§8+§r§b1 SkyBlock XP
01:51:35 
01:51:35 §3§l▬▬▬▬▬▬▬▬▬▬▬▬▬▬▬▬▬▬▬▬▬▬▬▬▬▬▬▬▬▬▬▬▬▬▬▬▬▬▬▬▬▬▬▬▬▬▬▬▬▬▬▬▬▬▬▬▬▬▬▬▬▬▬▬
01:52:12 §f                                  §6§lBESTIARY
01:52:12 §f                              §b§lMosquito §7§85 §8➡§b §b6
01:52:12 
01:52:12                                   §r§6§lREWARDS
01:52:12                           §r§6+0.4☘ Farming Fortune
01:52:12                              §r§8+§r§62% §r§aMosquito §r§7coins
01:52:12                     §r§8+§r§a50% §r§7chance for extra XP orbs
01:52:12                                §r§8+§r§b1 SkyBlock XP
01:52:12 
01:52:12 §3§l▬▬▬▬▬▬▬▬▬▬▬▬▬▬▬▬▬▬▬▬▬▬▬▬▬▬▬▬▬▬▬▬▬▬▬▬▬▬▬▬▬▬▬▬▬▬▬▬▬▬▬▬▬▬▬▬▬▬▬▬▬▬▬▬
01:52:47 §f                                  §6§lBESTIARY
01:52:47 §f                                 §b§lMoth §7§84 §8➡§b §b5
01:52:47 
01:52:47                                   §r§6§lREWARDS
01:52:47                           §r§6+0.4☘ Farming Fortune
01:52:47                                §r§8+§r§62% §r§aMoth §r§7coins
01:52:47                     §r§8+§r§a50% §r§7chance for extra XP orbs
01:52:47                                §r§8+§r§b1 SkyBlock XP
01:52:47 
01:52:47 §3§l▬▬▬▬▬▬▬▬▬▬▬▬▬▬▬▬▬▬▬▬▬▬▬▬▬▬▬▬▬▬▬▬▬▬▬▬▬▬▬▬▬▬▬▬▬▬▬▬▬▬▬▬▬▬▬▬▬▬▬▬▬▬▬▬
01:53:16 §f                                  §6§lBESTIARY
01:53:16 §f                            §b§lEarthworm §7§84 §8➡§b §b5
01:53:16 
01:53:16                                   §r§6§lREWARDS
01:53:16                           §r§6+0.4☘ Farming Fortune
01:53:16                            §r§8+§r§62% §r§aEarthworm §r§7coins
01:53:16                     §r§8+§r§a50% §r§7chance for extra XP orbs
01:53:16                                §r§8+§r§b1 SkyBlock XP
01:53:16 
01:53:16   §r§f                         §6§lBESTIARY MILESTONE
01:53:16   §r§f                                    §864➡§e65
01:53:16 §6§lBESTIARY MILESTONE §864➡§e65
01:53:16 §6§lBESTIARY MILESTONE §864➡§e65
01:53:16 §6§lBESTIARY MILESTONE §864➡§e65
01:53:16 §6§lBESTIARY MILESTONE §864➡§e65
01:53:16 §6§lBESTIARY MILESTONE §864➡§e65
01:53:16 
02:13:45 §f                                  §6§lBESTIARY
02:13:45 §f                                  §b§lFly §7§84 §8➡§b §b5
02:13:45 
02:13:45                                   §r§6§lREWARDS
02:13:45                           §r§6+0.4☘ Farming Fortune
02:13:45                                 §r§8+§r§62% §r§aFly §r§7coins
02:13:45                     §r§8+§r§a50% §r§7chance for extra XP orbs
02:13:45                                §r§8+§r§b1 SkyBlock XP
02:13:45 
02:13:45 §3§l▬▬▬▬▬▬▬▬▬▬▬▬▬▬▬▬▬▬▬▬▬▬▬▬▬▬▬▬▬▬▬▬▬▬▬▬▬▬▬▬▬▬▬▬▬▬▬▬▬▬▬▬▬▬▬▬▬▬▬▬▬▬▬▬
02:24:39 §f                                  §6§lBESTIARY
02:24:39 §f                               §b§lLocust §7§86 §8➡§b §b7
02:24:39 
02:24:39                                   §r§6§lREWARDS
02:24:39                           §r§6+0.4☘ Farming Fortune
02:24:39                               §r§8+§r§62% §r§aLocust §r§7coins
02:24:39                     §r§8+§r§a50% §r§7chance for extra XP orbs
02:24:39                                §r§8+§r§b1 SkyBlock XP
02:24:39 
02:24:39 §3§l▬▬▬▬▬▬▬▬▬▬▬▬▬▬▬▬▬▬▬▬▬▬▬▬▬▬▬▬▬▬▬▬▬▬▬▬▬▬▬▬▬▬▬▬▬▬▬▬▬▬▬▬▬▬▬▬▬▬▬▬▬▬▬▬
02:37:43 §f                                  §6§lBESTIARY
02:37:43 §f                         §b§lSplitter Spider §7§88 §8➡§b §b9
02:37:43 
02:37:43                                   §r§6§lREWARDS
02:37:43                      §r§8+§r§a3 Splitter Spider §r§b✯ Magic Find
02:37:43                       §r§8+§r§a3 Splitter Spider §r§c❁ Strength
02:37:43                          §r§8+§r§62% §r§aSplitter Spider §r§7coins
02:37:43                     §r§8+§r§a50% §r§7chance for extra XP orbs
02:37:43                                §r§8+§r§b1 SkyBlock XP
02:37:43 
02:37:43 §3§l▬▬▬▬▬▬▬▬▬▬▬▬▬▬▬▬▬▬▬▬▬▬▬▬▬▬▬▬▬▬▬▬▬▬▬▬▬▬▬▬▬▬▬▬▬▬▬▬▬▬▬▬▬▬▬▬▬▬▬▬▬▬▬▬
02:38:29 §f                                  §6§lBESTIARY
02:38:29 §f                       §b§lArachne's Keeper §7§86 §8➡§b §b7
02:38:29 
02:38:29                                   §r§6§lREWARDS
02:38:29                    §r§8+§r§a3 Arachne's Keeper §r§b✯ Magic Find
02:38:29                    §r§8+§r§a3 Arachne's Keeper §r§c❁ Strength
02:38:29                        §r§8+§r§62% §r§aArachne's Keeper §r§7coins
02:38:29                     §r§8+§r§a50% §r§7chance for extra XP orbs
02:38:29                                §r§8+§r§b1 SkyBlock XP
02:38:29 
02:38:29 §3§l▬▬▬▬▬▬▬▬▬▬▬▬▬▬▬▬▬▬▬▬▬▬▬▬▬▬▬▬▬▬▬▬▬▬▬▬▬▬▬▬▬▬▬▬▬▬▬▬▬▬▬▬▬▬▬▬▬▬▬▬▬▬▬▬
02:39:23 §f                                  §6§lBESTIARY
02:39:23 §f                           §b§lScary Jerry §7§83 §8➡§b §b4
02:39:23 
02:39:23                                   §r§6§lREWARDS
02:39:23                       §r§8+§r§a2 §r§6Scary Jerry §r§b✯ Magic Find
02:39:23                        §r§8+§r§a2 §r§6Scary Jerry §r§c❁ Strength
02:39:23                           §r§8+§r§62% §r§a§r§6Scary Jerry §r§7coins
02:39:23                     §r§8+§r§a50% §r§7chance for extra XP orbs
02:39:23                                §r§8+§r§b1 SkyBlock XP
02:39:23 
02:39:23 §3§l▬▬▬▬▬▬▬▬▬▬▬▬▬▬▬▬▬▬▬▬▬▬▬▬▬▬▬▬▬▬▬▬▬▬▬▬▬▬▬▬▬▬▬▬▬▬▬▬▬▬▬▬▬▬▬▬▬▬▬▬▬▬▬▬
02:41:17 §f                                  §6§lBESTIARY
02:41:17 §f                        §b§lGravel Skeleton §7§85 §8➡§b §b6
02:41:17 
02:41:17                                   §r§6§lREWARDS
02:41:17                     §r§8+§r§a3 Gravel Skeleton §r§b✯ Magic Find
02:41:17                      §r§8+§r§a3 Gravel Skeleton §r§c❁ Strength
02:41:17                         §r§8+§r§62% §r§aGravel Skeleton §r§7coins
02:41:17                     §r§8+§r§a50% §r§7chance for extra XP orbs
02:41:17                                §r§8+§r§b1 SkyBlock XP
02:41:17 
02:41:17 §3§l▬▬▬▬▬▬▬▬▬▬▬▬▬▬▬▬▬▬▬▬▬▬▬▬▬▬▬▬▬▬▬▬▬▬▬▬▬▬▬▬▬▬▬▬▬▬▬▬▬▬▬▬▬▬▬▬▬▬▬▬▬▬▬▬
02:45:34 §f                                  §6§lBESTIARY
02:45:34 §f                            §b§lSilverfish §7§89 §8➡§b §b10
02:45:34 
02:45:34                                   §r§6§lREWARDS
02:45:34                         §r§8+§r§a3 Silverfish §r§b✯ Magic Find
02:45:34                          §r§8+§r§a3 Silverfish §r§c❁ Strength
02:45:34                             §r§8+§r§62% §r§aSilverfish §r§7coins
02:45:34                     §r§8+§r§a50% §r§7chance for extra XP orbs
02:45:34                                §r§8+§r§b1 SkyBlock XP
02:45:34 
02:45:34 §3§l▬▬▬▬▬▬▬▬▬▬▬▬▬▬▬▬▬▬▬▬▬▬▬▬▬▬▬▬▬▬▬▬▬▬▬▬▬▬▬▬▬▬▬▬▬▬▬▬▬▬▬▬▬▬▬▬▬▬▬▬▬▬▬▬
02:46:11 §f                                  §6§lBESTIARY
02:46:11 §f                         §b§lWeaver Spider §7§88 §8➡§b §b9
02:46:11 
02:46:11                                   §r§6§lREWARDS
02:46:11                      §r§8+§r§a3 Weaver Spider §r§b✯ Magic Find
02:46:11                       §r§8+§r§a3 Weaver Spider §r§c❁ Strength
02:46:11                          §r§8+§r§62% §r§aWeaver Spider §r§7coins
02:46:11                     §r§8+§r§a50% §r§7chance for extra XP orbs
02:46:11                                §r§8+§r§b1 SkyBlock XP
02:46:11 
02:46:11 §3§l▬▬▬▬▬▬▬▬▬▬▬▬▬▬▬▬▬▬▬▬▬▬▬▬▬▬▬▬▬▬▬▬▬▬▬▬▬▬▬▬▬▬▬▬▬▬▬▬▬▬▬▬▬▬▬▬▬▬▬▬▬▬▬▬
02:47:24 §f                                  §6§lBESTIARY
02:47:24 §f                       §b§lVoracious Spider §7§89 §8➡§b §b10
02:47:24 
02:47:24                                   §r§6§lREWARDS
02:47:24                    §r§8+§r§a3 Voracious Spider §r§b✯ Magic Find
02:47:24                     §r§8+§r§a3 Voracious Spider §r§c❁ Strength
02:47:24                        §r§8+§r§62% §r§aVoracious Spider §r§7coins
02:47:24                     §r§8+§r§a50% §r§7chance for extra XP orbs
02:47:24                                §r§8+§r§b1 SkyBlock XP
02:47:24 
02:47:24 §3§l▬▬▬▬▬▬▬▬▬▬▬▬▬▬▬▬▬▬▬▬▬▬▬▬▬▬▬▬▬▬▬▬▬▬▬▬▬▬▬▬▬▬▬▬▬▬▬▬▬▬▬▬▬▬▬▬▬▬▬▬▬▬▬▬
02:55:51 §f                                  §6§lBESTIARY
02:55:51 §f                           §b§lCrazy Witch §7§83 §8➡§b §b4
02:55:51 
02:55:51                                   §r§6§lREWARDS
02:55:51                        §r§8+§r§a2 §r§8Crazy Witch §r§b✯ Magic Find
02:55:51                        §r§8+§r§a2 §r§8Crazy Witch §r§c❁ Strength
02:55:51                            §r§8+§r§62% §r§a§r§8Crazy Witch §r§7coins
02:55:51                     §r§8+§r§a50% §r§7chance for extra XP orbs
02:55:51                                §r§8+§r§b1 SkyBlock XP
02:55:51 
02:55:51   §r§f                         §6§lBESTIARY MILESTONE
02:55:51   §r§f                                    §865➡§e66
02:55:51 §6§lBESTIARY MILESTONE §865➡§e66
02:55:51 §6§lBESTIARY MILESTONE §865➡§e66
02:55:51 §6§lBESTIARY MILESTONE §865➡§e66
02:55:51 §6§lBESTIARY MILESTONE §865➡§e66
02:55:51 
02:56:05 §f                                  §6§lBESTIARY
02:56:05 §f                         §b§lDasher Spider §7§89 §8➡§b §b10
02:56:05 
02:56:05                                   §r§6§lREWARDS
02:56:05                      §r§8+§r§a3 Dasher Spider §r§b✯ Magic Find
02:56:05                       §r§8+§r§a3 Dasher Spider §r§c❁ Strength
02:56:05                          §r§8+§r§62% §r§aDasher Spider §r§7coins
02:56:05                     §r§8+§r§a50% §r§7chance for extra XP orbs
02:56:05                                §r§8+§r§b1 SkyBlock XP
02:56:05 
02:56:05 §3§l▬▬▬▬▬▬▬▬▬▬▬▬▬▬▬▬▬▬▬▬▬▬▬▬▬▬▬▬▬▬▬▬▬▬▬▬▬▬▬▬▬▬▬▬▬▬▬▬▬▬▬▬▬▬▬▬▬▬▬▬▬▬▬▬
02:56:52 §f                                  §6§lBESTIARY
02:56:52 §f                       §b§lArachne's Keeper §7§87 §8➡§b §b8
02:56:52 
02:56:52                                   §r§6§lREWARDS
02:56:52                    §r§8+§r§a3 Arachne's Keeper §r§b✯ Magic Find
02:56:52                    §r§8+§r§a3 Arachne's Keeper §r§c❁ Strength
02:56:52                        §r§8+§r§62% §r§aArachne's Keeper §r§7coins
02:56:52                     §r§8+§r§a50% §r§7chance for extra XP orbs
02:56:52                                §r§8+§r§b1 SkyBlock XP
02:56:52 
02:56:52 §3§l▬▬▬▬▬▬▬▬▬▬▬▬▬▬▬▬▬▬▬▬▬▬▬▬▬▬▬▬▬▬▬▬▬▬▬▬▬▬▬▬▬▬▬▬▬▬▬▬▬▬▬▬▬▬▬▬▬▬▬▬▬▬▬▬
03:09:02 §f                                  §6§lBESTIARY
03:09:02 §f                          §b§lSpider Jockey §7§86 §8➡§b §b7
03:09:02 
03:09:02                                   §r§6§lREWARDS
03:09:02                      §r§8+§r§a3 Spider Jockey §r§b✯ Magic Find
03:09:02                       §r§8+§r§a3 Spider Jockey §r§c❁ Strength
03:09:02                          §r§8+§r§62% §r§aSpider Jockey §r§7coins
03:09:02                     §r§8+§r§a50% §r§7chance for extra XP orbs
03:09:02                                §r§8+§r§b1 SkyBlock XP
03:09:02 
03:09:02 §3§l▬▬▬▬▬▬▬▬▬▬▬▬▬▬▬▬▬▬▬▬▬▬▬▬▬▬▬▬▬▬▬▬▬▬▬▬▬▬▬▬▬▬▬▬▬▬▬▬▬▬▬▬▬▬▬▬▬▬▬▬▬▬▬▬
