01:13:42 §f §r§r§r§f §r§r§r§1 §r§r§r§0 §r§r§r§2 §r§r§r§f §r§r§r§f §r§r§r§2 §r§r§r§0 §r§r§r§4 §r§r§r§3 §r§r§r§9 §r§r§r§2 §r§r§r§0 §r§r§r§0 §r§r§r§3 §r§r§r§9 §r§r§r§2 §r§r§r§0 §r§r§r§0 §r§r§r§3 §r§r§r§9 §r§r§r§2 §r§r§r§0 §r§r§r§0 
01:14:12 §8 §r§8 §r§1 §r§3 §r§3 §r§7 §r§8 
01:14:15 
01:14:15 
01:14:16 
01:14:16 
01:14:16 
01:14:16 
01:19:15 
01:22:11 
01:23:57 §8 §r§8 §r§1 §r§3 §r§3 §r§7 §r§8 
01:27:34 §8 §r§8 §r§1 §r§3 §r§3 §r§7 §r§8 
01:31:38 §8 §r§8 §r§1 §r§3 §r§3 §r§7 §r§8 
01:33:03 §8 §r§8 §r§1 §r§3 §r§3 §r§7 §r§8 
01:33:34  
01:34:14 §8 §r§8 §r§1 §r§3 §r§3 §r§7 §r§8 
01:37:29 §8 §r§8 §r§1 §r§3 §r§3 §r§7 §r§8 
01:44:02 
01:44:02 
01:44:02 
01:44:02 
01:46:58 §8 §r§8 §r§1 §r§3 §r§3 §r§7 §r§8 
01:49:48 §8 §r§8 §r§1 §r§3 §r§3 §r§7 §r§8 
01:51:35  
01:52:12  
01:52:47  
01:53:16  
01:53:43 
01:53:43 
02:09:07 §8 §r§8 §r§1 §r§3 §r§3 §r§7 §r§8 
02:09:08  
02:09:08   
02:09:12  
02:09:12  
02:09:12  
02:09:49 §8 §r§8 §r§1 §r§3 §r§3 §r§7 §r§8 
02:13:45  
02:24:39  
02:26:56 §8 §r§8 §r§1 §r§3 §r§3 §r§7 §r§8 
02:29:45 §8 §r§8 §r§1 §r§3 §r§3 §r§7 §r§8 
02:30:15 §8 §r§8 §r§1 §r§3 §r§3 §r§7 §r§8 
02:30:37 §8 §r§8 §r§1 §r§3 §r§3 §r§7 §r§8 
02:31:03 §8 §r§8 §r§1 §r§3 §r§3 §r§7 §r§8 
02:37:43  
02:38:29  
02:39:23  
02:40:46 
02:40:46 
02:40:46 
02:40:46 
02:41:17  
02:42:01 
02:42:01 
02:42:01 
02:42:01 
02:45:34  
02:46:11  
02:47:24  
02:55:51  
02:56:05  
02:56:52  
03:01:35 
03:01:35 §c
03:01:41 §8 §r§8 §r§1 §r§3 §r§3 §r§7 §r§8 
03:01:42  
03:01:42   
03:01:54  
03:01:54  
03:01:54  
03:01:56 §8 §r§8 §r§1 §r§3 §r§3 §r§7 §r§8 
03:02:16 §8 §r§8 §r§1 §r§3 §r§3 §r§7 §r§8 
03:02:25 §8 §r§8 §r§1 §r§3 §r§3 §r§7 §r§8 
03:03:50 §8 §r§8 §r§1 §r§3 §r§3 §r§7 §r§8 
03:04:41 §8 §r§8 §r§1 §r§3 §r§3 §r§7 §r§8 
03:05:03 §8 §r§8 §r§1 §r§3 §r§3 §r§7 §r§8 
03:09:02  
