22:55:44 Trying to load config from config\skyhanni\config.json
22:55:44 load-config-now
22:55:44 Loaded config from file
22:55:44 Trying to load sacks from config\skyhanni\sacks.json
22:55:44 load-sacks-now
22:55:44 Loaded sacks from file
22:55:44 Trying to load friends from config\skyhanni\friends.json
22:55:44 load-friends-now
22:55:44 Loaded friends from file
22:55:44 Trying to load known_features from config\skyhanni\known_features.json
22:55:44 load-known_features-now
22:55:44 Loaded known_features from file
22:55:44 Trying to load jacob_contests from config\skyhanni\jacob_contests.json
22:55:44 load-jacob_contests-now
22:55:45 Loaded jacob_contests from file
22:55:45 Trying to load visual_words from config\skyhanni\visual_words.json
22:55:45 Setting visual_words to be blank as it did not exist. It will be saved once something is written to it
22:55:45 Trying to load pets from config\skyhanni\pets.json
22:55:45 load-pets-now
22:55:45 Loaded pets from file
22:55:45 Trying to load storage from config\skyhanni\storage.json
22:55:45 load-storage-now
22:55:45 Loaded storage from file
22:55:45 Trying to load routes from config\skyhanni\routes.json
22:55:45 load-routes-now
22:55:45 Loaded routes from file
22:56:20 saveConfig: Updated known feature flags
22:56:20 Saving known_features file
22:56:20 Saved known_features file successfully
22:56:20 saveConfig: Updated known feature flags
22:56:20 Saving known_features file
22:56:20 Saved known_features file successfully
22:56:36 saveConfig: saving-data
22:56:36 Saving pets file
22:56:36 Saved pets file successfully
22:56:36 saveConfig: saving-data
22:56:36 Saving pets file
22:56:36 Saved pets file successfully
22:56:45 saveConfig: auto-save-60s
22:56:45 Saving config file
22:56:45 Saved config file successfully
22:56:45 saveConfig: auto-save-60s
22:56:45 Saving config file
22:56:45 Saved config file successfully
22:56:58 saveConfig: Updated Items
22:56:58 Saving storage file
22:56:59 Saved storage file successfully
22:56:59 saveConfig: Updated Items
22:56:59 Saving storage file
22:56:59 Saved storage file successfully
22:57:00 saveConfig: Updated Items
22:57:00 Saving storage file
22:57:00 Saved storage file successfully
22:57:00 saveConfig: Updated Items
22:57:00 Saving storage file
22:57:00 Saved storage file successfully
22:57:01 saveConfig: Updated Items
22:57:01 Saving storage file
22:57:01 Saved storage file successfully
22:57:01 saveConfig: Updated Items
22:57:01 Saving storage file
22:57:01 Saved storage file successfully
22:57:02 saveConfig: Updated Items
22:57:02 Saving storage file
22:57:03 Saved storage file successfully
22:57:03 saveConfig: Updated Items
22:57:03 Saving storage file
22:57:03 Saved storage file successfully
22:57:07 saveConfig: saving-data
22:57:07 Saving pets file
22:57:07 Saved pets file successfully
22:57:07 saveConfig: saving-data
22:57:07 Saving pets file
22:57:07 Saved pets file successfully
22:57:12 saveConfig: Updated Items
22:57:12 Saving storage file
22:57:12 Saved storage file successfully
22:57:12 saveConfig: Updated Items
22:57:12 Saving storage file
22:57:12 Saved storage file successfully
22:57:24 saveConfig: Updated Items
22:57:24 Saving storage file
22:57:24 Saved storage file successfully
22:57:24 saveConfig: Updated Items
22:57:24 Saving storage file
22:57:24 Saved storage file successfully
22:57:29 saveConfig: Updated Items
22:57:29 Saving storage file
22:57:29 Saved storage file successfully
22:57:29 saveConfig: Updated Items
22:57:29 Saving storage file
22:57:29 Saved storage file successfully
22:57:32 saveConfig: Updated Items
22:57:32 Saving storage file
22:57:32 Saved storage file successfully
22:57:32 saveConfig: Updated Items
22:57:32 Saving storage file
22:57:32 Saved storage file successfully
22:57:34 saveConfig: Updated Items
22:57:34 Saving storage file
22:57:34 Saved storage file successfully
22:57:34 saveConfig: Updated Items
22:57:34 Saving storage file
22:57:34 Saved storage file successfully
22:57:37 saveConfig: Updated Items
22:57:37 Saving storage file
22:57:37 Saved storage file successfully
22:57:37 saveConfig: Updated Items
22:57:37 Saving storage file
22:57:37 Saved storage file successfully
22:57:38 saveConfig: saving-data
22:57:38 Saving pets file
22:57:38 Saved pets file successfully
22:57:38 saveConfig: saving-data
22:57:38 Saving pets file
22:57:38 Saved pets file successfully
22:57:41 saveConfig: Updated Items
22:57:41 Saving storage file
22:57:41 Saved storage file successfully
22:57:41 saveConfig: Updated Items
22:57:41 Saving storage file
22:57:41 Saved storage file successfully
22:57:42 saveConfig: Updated Items
22:57:42 Saving storage file
22:57:42 Saved storage file successfully
22:57:42 saveConfig: Updated Items
22:57:42 Saving storage file
22:57:42 Saved storage file successfully
22:57:45 saveConfig: auto-save-60s
22:57:45 Saving config file
22:57:45 Saved config file successfully
22:57:45 saveConfig: auto-save-60s
22:57:45 Saving config file
22:57:45 Saved config file successfully
22:57:47 saveConfig: Updated Items
22:57:47 Saving storage file
22:57:47 Saved storage file successfully
22:57:47 saveConfig: Updated Items
22:57:47 Saving storage file
22:57:47 Saved storage file successfully
22:57:48 saveConfig: Updated Items
22:57:48 Saving storage file
22:57:48 Saved storage file successfully
22:57:48 saveConfig: Updated Items
22:57:48 Saving storage file
22:57:48 Saved storage file successfully
22:57:49 saveConfig: Updated Items
22:57:49 Saving storage file
22:57:49 Saved storage file successfully
22:57:49 saveConfig: Updated Items
22:57:49 Saving storage file
22:57:49 Saved storage file successfully
22:57:54 saveConfig: Updated Items
22:57:54 Saving storage file
22:57:54 Saved storage file successfully
22:57:54 saveConfig: Updated Items
22:57:54 Saving storage file
22:57:54 Saved storage file successfully
22:57:55 saveConfig: Updated Items
22:57:55 Saving storage file
22:57:55 Saved storage file successfully
22:57:55 saveConfig: Updated Items
22:57:55 Saving storage file
22:57:55 Saved storage file successfully
22:57:56 saveConfig: Updated Items
22:57:56 Saving storage file
22:57:56 Saved storage file successfully
22:57:56 saveConfig: Updated Items
22:57:56 Saving storage file
22:57:56 Saved storage file successfully
22:57:57 saveConfig: Updated Items
22:57:57 Saving storage file
22:57:57 Saved storage file successfully
22:57:57 saveConfig: Updated Items
22:57:57 Saving storage file
22:57:57 Saved storage file successfully
22:57:58 saveConfig: Updated Items
22:57:58 Saving storage file
22:57:58 Saved storage file successfully
22:57:58 saveConfig: Updated Items
22:57:58 Saving storage file
22:57:58 Saved storage file successfully
22:58:05 saveConfig: Updated Items
22:58:05 Saving storage file
22:58:05 Saved storage file successfully
22:58:05 saveConfig: Updated Items
22:58:05 Saving storage file
22:58:05 Saved storage file successfully
22:58:06 saveConfig: Updated Items
22:58:06 Saving storage file
22:58:06 Saved storage file successfully
22:58:06 saveConfig: Updated Items
22:58:06 Saving storage file
22:58:06 Saved storage file successfully
22:58:07 saveConfig: Updated Items
22:58:07 Saving storage file
22:58:07 Saved storage file successfully
22:58:07 saveConfig: Updated Items
22:58:07 Saving storage file
22:58:07 Saved storage file successfully
22:58:11 saveConfig: Updated Items
22:58:11 Saving storage file
22:58:11 Saved storage file successfully
22:58:11 saveConfig: Updated Items
22:58:11 Saving storage file
22:58:11 Saved storage file successfully
22:58:13 saveConfig: Updated Items
22:58:13 Saving storage file
22:58:13 Saved storage file successfully
22:58:13 saveConfig: Updated Items
22:58:13 Saving storage file
22:58:13 Saved storage file successfully
22:58:15 saveConfig: Updated Items
22:58:15 Saving storage file
22:58:15 Saved storage file successfully
22:58:15 saveConfig: Updated Items
22:58:15 Saving storage file
22:58:15 Saved storage file successfully
22:58:16 saveConfig: Updated Items
22:58:16 Saving storage file
22:58:16 Saved storage file successfully
22:58:16 saveConfig: Updated Items
22:58:16 Saving storage file
22:58:16 Saved storage file successfully
22:58:16 saveConfig: saving-data
22:58:16 Saving pets file
22:58:16 Saved pets file successfully
22:58:16 saveConfig: saving-data
22:58:16 Saving pets file
22:58:16 Saved pets file successfully
22:58:19 saveConfig: Updated Items
22:58:19 Saving storage file
22:58:19 Saved storage file successfully
22:58:19 saveConfig: Updated Items
22:58:19 Saving storage file
22:58:19 Saved storage file successfully
22:58:22 saveConfig: Updated Items
22:58:22 Saving storage file
22:58:22 Saved storage file successfully
22:58:22 saveConfig: Updated Items
22:58:22 Saving storage file
22:58:22 Saved storage file successfully
22:58:23 saveConfig: Updated Items
22:58:23 Saving storage file
22:58:23 Saved storage file successfully
22:58:23 saveConfig: Updated Items
22:58:23 Saving storage file
22:58:23 Saved storage file successfully
22:58:26 saveConfig: Updated Items
22:58:26 Saving storage file
22:58:26 Saved storage file successfully
22:58:26 saveConfig: Updated Items
22:58:26 Saving storage file
22:58:26 Saved storage file successfully
22:58:27 saveConfig: Updated Items
22:58:27 Saving storage file
22:58:27 Saved storage file successfully
22:58:27 saveConfig: Updated Items
22:58:27 Saving storage file
22:58:27 Saved storage file successfully
22:58:30 saveConfig: Updated Items
22:58:30 Saving storage file
22:58:30 Saved storage file successfully
22:58:30 saveConfig: Updated Items
22:58:30 Saving storage file
22:58:30 Saved storage file successfully
22:58:31 saveConfig: Updated Items
22:58:31 Saving storage file
22:58:31 Saved storage file successfully
22:58:31 saveConfig: Updated Items
22:58:31 Saving storage file
22:58:31 Saved storage file successfully
22:58:32 saveConfig: Updated Items
22:58:32 Saving storage file
22:58:32 Saved storage file successfully
22:58:32 saveConfig: Updated Items
22:58:32 Saving storage file
22:58:32 Saved storage file successfully
22:58:37 saveConfig: Updated Items
22:58:37 Saving storage file
22:58:37 Saved storage file successfully
22:58:37 saveConfig: Updated Items
22:58:37 Saving storage file
22:58:37 Saved storage file successfully
22:58:38 saveConfig: Updated Items
22:58:38 Saving storage file
22:58:38 Saved storage file successfully
22:58:38 saveConfig: Updated Items
22:58:38 Saving storage file
22:58:38 Saved storage file successfully
22:58:39 saveConfig: Updated Items
22:58:39 Saving storage file
22:58:39 Saved storage file successfully
22:58:39 saveConfig: Updated Items
22:58:39 Saving storage file
22:58:39 Saved storage file successfully
22:58:40 saveConfig: Updated Items
22:58:40 Saving storage file
22:58:40 Saved storage file successfully
22:58:40 saveConfig: Updated Items
22:58:40 Saving storage file
22:58:40 Saved storage file successfully
22:58:44 saveConfig: Updated Items
22:58:44 Saving storage file
22:58:44 Saved storage file successfully
22:58:44 saveConfig: Updated Items
22:58:44 Saving storage file
22:58:44 Saved storage file successfully
22:58:45 saveConfig: auto-save-60s
22:58:45 Saving config file
22:58:45 Saved config file successfully
22:58:45 saveConfig: auto-save-60s
22:58:45 Saving config file
22:58:45 Saved config file successfully
22:58:45 saveConfig: Updated Items
22:58:45 Saving storage file
22:58:45 Saved storage file successfully
22:58:45 saveConfig: Updated Items
22:58:45 Saving storage file
22:58:45 Saved storage file successfully
22:58:46 saveConfig: Updated Items
22:58:46 Saving storage file
22:58:46 Saved storage file successfully
22:58:46 saveConfig: Updated Items
22:58:46 Saving storage file
22:58:46 Saved storage file successfully
22:58:47 saveConfig: Updated Items
22:58:47 Saving storage file
22:58:47 Saved storage file successfully
22:58:47 saveConfig: Updated Items
22:58:47 Saving storage file
22:58:47 Saved storage file successfully
22:58:52 saveConfig: Updated Items
22:58:52 Saving storage file
22:58:52 Saved storage file successfully
22:58:52 saveConfig: Updated Items
22:58:52 Saving storage file
22:58:52 Saved storage file successfully
22:58:53 saveConfig: Updated Items
22:58:53 Saving storage file
22:58:53 Saved storage file successfully
22:58:53 saveConfig: Updated Items
22:58:53 Saving storage file
22:58:53 Saved storage file successfully
22:58:54 saveConfig: Updated Items
22:58:54 Saving storage file
22:58:54 Saved storage file successfully
22:58:54 saveConfig: Updated Items
22:58:54 Saving storage file
22:58:54 Saved storage file successfully
22:58:55 saveConfig: Updated Items
22:58:55 Saving storage file
22:58:55 Saved storage file successfully
22:58:55 saveConfig: Updated Items
22:58:55 Saving storage file
22:58:55 Saved storage file successfully
22:58:56 saveConfig: Updated Items
22:58:56 Saving storage file
22:58:56 Saved storage file successfully
22:58:56 saveConfig: Updated Items
22:58:56 Saving storage file
22:58:56 Saved storage file successfully
22:58:58 saveConfig: Updated Items
22:58:58 Saving storage file
22:58:58 Saved storage file successfully
22:58:58 saveConfig: Updated Items
22:58:58 Saving storage file
22:58:58 Saved storage file successfully
22:58:59 saveConfig: Updated Items
22:58:59 Saving storage file
22:58:59 Saved storage file successfully
22:58:59 saveConfig: Updated Items
22:58:59 Saving storage file
22:58:59 Saved storage file successfully
22:59:00 saveConfig: Updated Items
22:59:00 Saving storage file
22:59:00 Saved storage file successfully
22:59:00 saveConfig: Updated Items
22:59:00 Saving storage file
22:59:00 Saved storage file successfully
22:59:01 saveConfig: Updated Items
22:59:01 Saving storage file
22:59:01 Saved storage file successfully
22:59:01 saveConfig: Updated Items
22:59:01 Saving storage file
22:59:01 Saved storage file successfully
22:59:01 saveConfig: saving-data
22:59:01 Saving pets file
22:59:01 Saved pets file successfully
22:59:01 saveConfig: saving-data
22:59:01 Saving pets file
22:59:01 Saved pets file successfully
22:59:02 saveConfig: Updated Items
22:59:02 Saving storage file
22:59:02 Saved storage file successfully
22:59:02 saveConfig: Updated Items
22:59:02 Saving storage file
22:59:02 Saved storage file successfully
22:59:04 saveConfig: Updated Items
22:59:04 Saving storage file
22:59:04 Saved storage file successfully
22:59:04 saveConfig: Updated Items
22:59:04 Saving storage file
22:59:04 Saved storage file successfully
22:59:06 saveConfig: Updated Items
22:59:06 Saving storage file
22:59:06 Saved storage file successfully
22:59:06 saveConfig: Updated Items
22:59:06 Saving storage file
22:59:06 Saved storage file successfully
22:59:07 saveConfig: Updated Items
22:59:07 Saving storage file
22:59:07 Saved storage file successfully
22:59:07 saveConfig: Updated Items
22:59:07 Saving storage file
22:59:07 Saved storage file successfully
22:59:10 saveConfig: Updated Items
22:59:10 Saving storage file
22:59:10 Saved storage file successfully
22:59:10 saveConfig: Updated Items
22:59:10 Saving storage file
22:59:10 Saved storage file successfully
22:59:11 saveConfig: Updated Items
22:59:11 Saving storage file
22:59:11 Saved storage file successfully
22:59:11 saveConfig: Updated Items
22:59:11 Saving storage file
22:59:11 Saved storage file successfully
22:59:12 saveConfig: Updated Items
22:59:12 Saving storage file
22:59:12 Saved storage file successfully
22:59:12 saveConfig: Updated Items
22:59:12 Saving storage file
22:59:12 Saved storage file successfully
22:59:15 saveConfig: Updated Items
22:59:15 Saving storage file
22:59:15 Saved storage file successfully
22:59:15 saveConfig: Updated Items
22:59:15 Saving storage file
22:59:15 Saved storage file successfully
22:59:17 saveConfig: Updated Items
22:59:17 Saving storage file
22:59:17 Saved storage file successfully
22:59:17 saveConfig: Updated Items
22:59:17 Saving storage file
22:59:17 Saved storage file successfully
22:59:19 saveConfig: Updated Items
22:59:19 Saving storage file
22:59:19 Saved storage file successfully
22:59:19 saveConfig: Updated Items
22:59:19 Saving storage file
22:59:19 Saved storage file successfully
22:59:20 saveConfig: Updated Items
22:59:20 Saving storage file
22:59:20 Saved storage file successfully
22:59:20 saveConfig: Updated Items
22:59:20 Saving storage file
22:59:20 Saved storage file successfully
22:59:21 saveConfig: Updated Items
22:59:21 Saving storage file
22:59:21 Saved storage file successfully
22:59:21 saveConfig: Updated Items
22:59:21 Saving storage file
22:59:21 Saved storage file successfully
22:59:23 saveConfig: Updated Items
22:59:23 Saving storage file
22:59:23 Saved storage file successfully
22:59:23 saveConfig: Updated Items
22:59:23 Saving storage file
22:59:23 Saved storage file successfully
22:59:25 saveConfig: Updated Items
22:59:25 Saving storage file
22:59:25 Saved storage file successfully
22:59:25 saveConfig: Updated Items
22:59:25 Saving storage file
22:59:25 Saved storage file successfully
22:59:28 saveConfig: Updated Items
22:59:28 Saving storage file
22:59:28 Saved storage file successfully
22:59:28 saveConfig: Updated Items
22:59:28 Saving storage file
22:59:28 Saved storage file successfully
22:59:31 saveConfig: Updated Items
22:59:31 Saving storage file
22:59:31 Saved storage file successfully
22:59:31 saveConfig: Updated Items
22:59:31 Saving storage file
22:59:31 Saved storage file successfully
22:59:32 saveConfig: Updated Items
22:59:32 Saving storage file
22:59:32 Saved storage file successfully
22:59:32 saveConfig: Updated Items
22:59:32 Saving storage file
22:59:32 Saved storage file successfully
22:59:34 saveConfig: saving-data
22:59:34 Saving pets file
22:59:34 Saved pets file successfully
22:59:34 saveConfig: saving-data
22:59:34 Saving pets file
22:59:34 Saved pets file successfully
22:59:37 saveConfig: Updated Items
22:59:37 Saving storage file
22:59:37 Saved storage file successfully
22:59:37 saveConfig: Updated Items
22:59:37 Saving storage file
22:59:37 Saved storage file successfully
22:59:45 saveConfig: auto-save-60s
22:59:45 Saving config file
22:59:45 Saved config file successfully
22:59:45 saveConfig: auto-save-60s
22:59:45 Saving config file
22:59:45 Saved config file successfully
23:00:05 saveConfig: saving-data
23:00:05 Saving pets file
23:00:05 Saved pets file successfully
23:00:05 saveConfig: saving-data
23:00:05 Saving pets file
23:00:05 Saved pets file successfully
23:00:36 saveConfig: saving-data
23:00:36 Saving pets file
23:00:36 Saved pets file successfully
23:00:36 saveConfig: saving-data
23:00:36 Saving pets file
23:00:36 Saved pets file successfully
23:00:45 saveConfig: auto-save-60s
23:00:45 Saving config file
23:00:45 Saved config file successfully
23:00:45 saveConfig: auto-save-60s
23:00:45 Saving config file
23:00:45 Saved config file successfully
23:00:55 saveConfig: saving-data
23:00:55 Saving sacks file
23:00:55 Saved sacks file successfully
23:00:55 saveConfig: saving-data
23:00:55 Saving sacks file
23:00:55 Saved sacks file successfully
23:01:02 saveConfig: saving-data
23:01:02 Saving sacks file
23:01:02 Saved sacks file successfully
23:01:02 saveConfig: saving-data
23:01:02 Saving sacks file
23:01:02 Saved sacks file successfully
23:01:07 saveConfig: saving-data
23:01:07 Saving pets file
23:01:07 Saved pets file successfully
23:01:07 saveConfig: saving-data
23:01:07 Saving pets file
23:01:07 Saved pets file successfully
23:01:38 saveConfig: saving-data
23:01:38 Saving pets file
23:01:38 Saved pets file successfully
23:01:38 saveConfig: saving-data
23:01:38 Saving pets file
23:01:38 Saved pets file successfully
23:01:39 saveConfig: saving-data
23:01:39 Saving sacks file
23:01:39 Saved sacks file successfully
23:01:39 saveConfig: saving-data
23:01:39 Saving sacks file
23:01:39 Saved sacks file successfully
23:01:45 saveConfig: auto-save-60s
23:01:45 Saving config file
23:01:45 Saved config file successfully
23:01:45 saveConfig: auto-save-60s
23:01:45 Saving config file
23:01:45 Saved config file successfully
23:02:09 saveConfig: saving-data
23:02:09 Saving pets file
23:02:09 Saved pets file successfully
23:02:09 saveConfig: saving-data
23:02:09 Saving pets file
23:02:09 Saved pets file successfully
23:02:13 saveConfig: saving-data
23:02:13 Saving sacks file
23:02:13 Saved sacks file successfully
23:02:13 saveConfig: saving-data
23:02:13 Saving sacks file
23:02:13 Saved sacks file successfully
23:02:40 saveConfig: saving-data
23:02:40 Saving pets file
23:02:40 Saved pets file successfully
23:02:40 saveConfig: saving-data
23:02:40 Saving pets file
23:02:40 Saved pets file successfully
23:02:44 saveConfig: saving-data
23:02:44 Saving sacks file
23:02:44 Saved sacks file successfully
23:02:44 saveConfig: saving-data
23:02:44 Saving sacks file
23:02:44 Saved sacks file successfully
23:02:45 saveConfig: auto-save-60s
23:02:45 Saving config file
23:02:45 Saved config file successfully
23:02:45 saveConfig: auto-save-60s
23:02:45 Saving config file
23:02:45 Saved config file successfully
23:03:11 saveConfig: saving-data
23:03:11 Saving pets file
23:03:11 Saved pets file successfully
23:03:11 saveConfig: saving-data
23:03:11 Saving pets file
23:03:11 Saved pets file successfully
23:03:18 saveConfig: saving-data
23:03:18 Saving sacks file
23:03:18 Saved sacks file successfully
23:03:18 saveConfig: saving-data
23:03:18 Saving sacks file
23:03:18 Saved sacks file successfully
23:03:42 saveConfig: saving-data
23:03:42 Saving pets file
23:03:42 Saved pets file successfully
23:03:42 saveConfig: saving-data
23:03:42 Saving pets file
23:03:42 Saved pets file successfully
23:03:45 saveConfig: auto-save-60s
23:03:45 Saving config file
23:03:45 Saved config file successfully
23:03:45 saveConfig: auto-save-60s
23:03:45 Saving config file
23:03:45 Saved config file successfully
23:03:52 saveConfig: saving-data
23:03:52 Saving sacks file
23:03:52 Saved sacks file successfully
23:03:52 saveConfig: saving-data
23:03:52 Saving sacks file
23:03:52 Saved sacks file successfully
23:04:13 saveConfig: saving-data
23:04:13 Saving pets file
23:04:13 Saved pets file successfully
23:04:13 saveConfig: saving-data
23:04:13 Saving pets file
23:04:13 Saved pets file successfully
23:04:19 saveConfig: saving-data
23:04:19 Saving sacks file
23:04:19 Saved sacks file successfully
23:04:19 saveConfig: saving-data
23:04:19 Saving sacks file
23:04:19 Saved sacks file successfully
23:04:44 saveConfig: saving-data
23:04:44 Saving pets file
23:04:44 Saved pets file successfully
23:04:44 saveConfig: saving-data
23:04:44 Saving pets file
23:04:44 Saved pets file successfully
23:04:45 saveConfig: auto-save-60s
23:04:45 Saving config file
23:04:45 Saved config file successfully
23:04:45 saveConfig: auto-save-60s
23:04:45 Saving config file
23:04:45 Saved config file successfully
23:04:50 saveConfig: saving-data
23:04:50 Saving sacks file
23:04:50 Saved sacks file successfully
23:04:50 saveConfig: saving-data
23:04:50 Saving sacks file
23:04:50 Saved sacks file successfully
23:05:15 saveConfig: saving-data
23:05:15 Saving pets file
23:05:15 Saved pets file successfully
23:05:15 saveConfig: saving-data
23:05:15 Saving pets file
23:05:15 Saved pets file successfully
23:05:26 saveConfig: saving-data
23:05:26 Saving sacks file
23:05:26 Saved sacks file successfully
23:05:26 saveConfig: saving-data
23:05:26 Saving sacks file
23:05:26 Saved sacks file successfully
23:05:45 saveConfig: auto-save-60s
23:05:45 Saving config file
23:05:45 Saved config file successfully
23:05:45 saveConfig: auto-save-60s
23:05:45 Saving config file
23:05:45 Saved config file successfully
23:05:46 saveConfig: saving-data
23:05:46 Saving pets file
23:05:46 Saved pets file successfully
23:05:46 saveConfig: saving-data
23:05:46 Saving pets file
23:05:46 Saved pets file successfully
23:05:57 saveConfig: saving-data
23:05:57 Saving sacks file
23:05:57 Saved sacks file successfully
23:05:57 saveConfig: saving-data
23:05:57 Saving sacks file
23:05:57 Saved sacks file successfully
23:06:17 saveConfig: saving-data
23:06:17 Saving pets file
23:06:17 Saved pets file successfully
23:06:17 saveConfig: saving-data
23:06:17 Saving pets file
23:06:17 Saved pets file successfully
23:06:30 saveConfig: saving-data
23:06:30 Saving sacks file
23:06:30 Saved sacks file successfully
23:06:30 saveConfig: saving-data
23:06:30 Saving sacks file
23:06:30 Saved sacks file successfully
23:06:45 saveConfig: auto-save-60s
23:06:45 Saving config file
23:06:45 Saved config file successfully
23:06:45 saveConfig: auto-save-60s
23:06:45 Saving config file
23:06:45 Saved config file successfully
23:06:48 saveConfig: saving-data
23:06:48 Saving pets file
23:06:48 Saved pets file successfully
23:06:48 saveConfig: saving-data
23:06:48 Saving pets file
23:06:48 Saved pets file successfully
23:07:03 saveConfig: saving-data
23:07:03 Saving sacks file
23:07:03 Saved sacks file successfully
23:07:03 saveConfig: saving-data
23:07:03 Saving sacks file
23:07:03 Saved sacks file successfully
23:07:18 saveConfig: saving-data
23:07:18 Saving pets file
23:07:18 Saved pets file successfully
23:07:18 saveConfig: saving-data
23:07:18 Saving pets file
23:07:18 Saved pets file successfully
23:07:35 saveConfig: saving-data
23:07:35 Saving sacks file
23:07:35 Saved sacks file successfully
23:07:35 saveConfig: saving-data
23:07:35 Saving sacks file
23:07:35 Saved sacks file successfully
23:07:45 saveConfig: auto-save-60s
23:07:45 Saving config file
23:07:45 Saved config file successfully
23:07:45 saveConfig: auto-save-60s
23:07:45 Saving config file
23:07:45 Saved config file successfully
23:07:49 saveConfig: saving-data
23:07:49 Saving pets file
23:07:49 Saved pets file successfully
23:07:49 saveConfig: saving-data
23:07:49 Saving pets file
23:07:49 Saved pets file successfully
23:07:56 saveConfig: saving-data
23:07:56 Saving sacks file
23:07:56 Saved sacks file successfully
23:07:56 saveConfig: saving-data
23:07:56 Saving sacks file
23:07:56 Saved sacks file successfully
23:07:59 saveConfig: Updated Items
23:07:59 Saving storage file
23:07:59 Saved storage file successfully
23:07:59 saveConfig: Updated Items
23:07:59 Saving storage file
23:07:59 Saved storage file successfully
23:08:18 saveConfig: saving-data
23:08:18 Saving sacks file
23:08:18 Saved sacks file successfully
23:08:18 saveConfig: saving-data
23:08:18 Saving sacks file
23:08:18 Saved sacks file successfully
23:08:20 saveConfig: saving-data
23:08:20 Saving pets file
23:08:20 Saved pets file successfully
23:08:20 saveConfig: saving-data
23:08:20 Saving pets file
23:08:20 Saved pets file successfully
23:08:45 saveConfig: auto-save-60s
23:08:45 Saving config file
23:08:45 Saved config file successfully
23:08:45 saveConfig: auto-save-60s
23:08:45 Saving config file
23:08:45 Saved config file successfully
23:08:49 saveConfig: saving-data
23:08:49 Saving sacks file
23:08:49 Saved sacks file successfully
23:08:49 saveConfig: saving-data
23:08:49 Saving sacks file
23:08:49 Saved sacks file successfully
23:08:51 saveConfig: saving-data
23:08:51 Saving pets file
23:08:51 Saved pets file successfully
23:08:51 saveConfig: saving-data
23:08:51 Saving pets file
23:08:51 Saved pets file successfully
23:09:20 saveConfig: saving-data
23:09:20 Saving sacks file
23:09:20 Saved sacks file successfully
23:09:20 saveConfig: saving-data
23:09:20 Saving sacks file
23:09:20 Saved sacks file successfully
23:09:22 saveConfig: saving-data
23:09:22 Saving pets file
23:09:22 Saved pets file successfully
23:09:22 saveConfig: saving-data
23:09:22 Saving pets file
23:09:22 Saved pets file successfully
23:09:45 saveConfig: auto-save-60s
23:09:45 Saving config file
23:09:45 Saved config file successfully
23:09:45 saveConfig: auto-save-60s
23:09:45 Saving config file
23:09:45 Saved config file successfully
23:09:52 saveConfig: saving-data
23:09:52 Saving sacks file
23:09:52 Saved sacks file successfully
23:09:52 saveConfig: saving-data
23:09:52 Saving sacks file
23:09:52 Saved sacks file successfully
23:09:53 saveConfig: saving-data
23:09:53 Saving pets file
23:09:53 Saved pets file successfully
23:09:53 saveConfig: saving-data
23:09:53 Saving pets file
23:09:53 Saved pets file successfully
23:10:23 saveConfig: saving-data
23:10:23 Saving pets file
23:10:23 Saved pets file successfully
23:10:23 saveConfig: saving-data
23:10:23 Saving pets file
23:10:23 Saved pets file successfully
23:10:24 saveConfig: saving-data
23:10:24 Saving sacks file
23:10:24 Saved sacks file successfully
23:10:24 saveConfig: saving-data
23:10:24 Saving sacks file
23:10:24 Saved sacks file successfully
23:10:45 saveConfig: auto-save-60s
23:10:45 Saving config file
23:10:45 Saved config file successfully
23:10:45 saveConfig: auto-save-60s
23:10:45 Saving config file
23:10:45 Saved config file successfully
23:10:54 saveConfig: saving-data
23:10:54 Saving pets file
23:10:54 Saved pets file successfully
23:10:54 saveConfig: saving-data
23:10:54 Saving pets file
23:10:54 Saved pets file successfully
23:10:56 saveConfig: saving-data
23:10:56 Saving sacks file
23:10:56 Saved sacks file successfully
23:10:56 saveConfig: saving-data
23:10:56 Saving sacks file
23:10:56 Saved sacks file successfully
23:11:20 saveConfig: saving-data
23:11:20 Saving sacks file
23:11:20 Saved sacks file successfully
23:11:20 saveConfig: saving-data
23:11:20 Saving sacks file
23:11:20 Saved sacks file successfully
23:11:25 saveConfig: saving-data
23:11:25 Saving pets file
23:11:25 Saved pets file successfully
23:11:25 saveConfig: saving-data
23:11:25 Saving pets file
23:11:25 Saved pets file successfully
23:11:43 saveConfig: saving-data
23:11:43 Saving sacks file
23:11:43 Saved sacks file successfully
23:11:43 saveConfig: saving-data
23:11:43 Saving sacks file
23:11:43 Saved sacks file successfully
23:11:45 saveConfig: auto-save-60s
23:11:45 Saving config file
23:11:45 Saved config file successfully
23:11:45 saveConfig: auto-save-60s
23:11:45 Saving config file
23:11:45 Saved config file successfully
23:11:56 saveConfig: saving-data
23:11:56 Saving pets file
23:11:56 Saved pets file successfully
23:11:56 saveConfig: saving-data
23:11:56 Saving pets file
23:11:56 Saved pets file successfully
23:12:10 saveConfig: saving-data
23:12:10 Saving sacks file
23:12:10 Saved sacks file successfully
23:12:10 saveConfig: saving-data
23:12:10 Saving sacks file
23:12:10 Saved sacks file successfully
23:12:27 saveConfig: saving-data
23:12:27 Saving pets file
23:12:27 Saved pets file successfully
23:12:27 saveConfig: saving-data
23:12:27 Saving pets file
23:12:27 Saved pets file successfully
23:12:35 saveConfig: saving-data
23:12:35 Saving sacks file
23:12:35 Saved sacks file successfully
23:12:35 saveConfig: saving-data
23:12:35 Saving sacks file
23:12:35 Saved sacks file successfully
23:12:44 saveConfig: saving-data
23:12:44 Saving sacks file
23:12:44 Saved sacks file successfully
23:12:44 saveConfig: saving-data
23:12:44 Saving sacks file
23:12:44 Saved sacks file successfully
23:12:45 saveConfig: auto-save-60s
23:12:45 Saving config file
23:12:45 Saved config file successfully
23:12:45 saveConfig: auto-save-60s
23:12:45 Saving config file
23:12:45 Saved config file successfully
23:12:52 saveConfig: Updated Items
23:12:52 Saving storage file
23:12:52 Saved storage file successfully
23:12:52 saveConfig: Updated Items
23:12:52 Saving storage file
23:12:52 Saved storage file successfully
23:12:54 saveConfig: Updated Items
23:12:54 Saving storage file
23:12:54 Saved storage file successfully
23:12:54 saveConfig: Updated Items
23:12:54 Saving storage file
23:12:54 Saved storage file successfully
23:12:58 saveConfig: saving-data
23:12:58 Saving pets file
23:12:58 Saved pets file successfully
23:12:58 saveConfig: saving-data
23:12:58 Saving pets file
23:12:58 Saved pets file successfully
23:13:09 saveConfig: Updated Items
23:13:09 Saving storage file
23:13:09 Saved storage file successfully
23:13:09 saveConfig: Updated Items
23:13:09 Saving storage file
23:13:09 Saved storage file successfully
23:13:12 saveConfig: Updated Items
23:13:12 Saving storage file
23:13:12 Saved storage file successfully
23:13:12 saveConfig: Updated Items
23:13:12 Saving storage file
23:13:12 Saved storage file successfully
23:13:13 saveConfig: Updated Items
23:13:13 Saving storage file
23:13:13 Saved storage file successfully
23:13:13 saveConfig: Updated Items
23:13:13 Saving storage file
23:13:13 Saved storage file successfully
23:13:15 saveConfig: Updated Items
23:13:15 Saving storage file
23:13:15 Saved storage file successfully
23:13:15 saveConfig: Updated Items
23:13:15 Saving storage file
23:13:15 Saved storage file successfully
23:13:18 saveConfig: Updated Items
23:13:18 Saving storage file
23:13:18 Saved storage file successfully
23:13:18 saveConfig: Updated Items
23:13:18 Saving storage file
23:13:18 Saved storage file successfully
23:13:20 saveConfig: saving-data
23:13:20 Saving sacks file
23:13:20 Saved sacks file successfully
23:13:20 saveConfig: saving-data
23:13:20 Saving sacks file
23:13:20 Saved sacks file successfully
23:13:21 saveConfig: Updated Items
23:13:21 Saving storage file
23:13:21 Saved storage file successfully
23:13:21 saveConfig: Updated Items
23:13:21 Saving storage file
23:13:21 Saved storage file successfully
23:13:22 saveConfig: Updated Items
23:13:22 Saving storage file
23:13:22 Saved storage file successfully
23:13:22 saveConfig: Updated Items
23:13:22 Saving storage file
23:13:22 Saved storage file successfully
23:13:24 saveConfig: Updated Items
23:13:24 Saving storage file
23:13:24 Saved storage file successfully
23:13:24 saveConfig: Updated Items
23:13:24 Saving storage file
23:13:24 Saved storage file successfully
23:13:25 saveConfig: Updated Items
23:13:25 Saving storage file
23:13:25 Saved storage file successfully
23:13:25 saveConfig: Updated Items
23:13:25 Saving storage file
23:13:25 Saved storage file successfully
23:13:29 saveConfig: saving-data
23:13:29 Saving pets file
23:13:29 Saved pets file successfully
23:13:29 saveConfig: saving-data
23:13:29 Saving pets file
23:13:29 Saved pets file successfully
23:13:32 saveConfig: Updated Items
23:13:32 Saving storage file
23:13:32 Saved storage file successfully
23:13:32 saveConfig: Updated Items
23:13:32 Saving storage file
23:13:32 Saved storage file successfully
23:13:32 saveConfig: saving-data
23:13:32 Saving sacks file
23:13:32 Saved sacks file successfully
23:13:32 saveConfig: saving-data
23:13:32 Saving sacks file
23:13:32 Saved sacks file successfully
23:13:33 saveConfig: Updated Items
23:13:33 Saving storage file
23:13:33 Saved storage file successfully
23:13:33 saveConfig: Updated Items
23:13:33 Saving storage file
23:13:33 Saved storage file successfully
23:13:34 saveConfig: Updated Items
23:13:34 Saving storage file
23:13:34 Saved storage file successfully
23:13:34 saveConfig: Updated Items
23:13:34 Saving storage file
23:13:34 Saved storage file successfully
23:13:39 saveConfig: saving-data
23:13:39 Saving sacks file
23:13:39 Saved sacks file successfully
23:13:39 saveConfig: saving-data
23:13:39 Saving sacks file
23:13:39 Saved sacks file successfully
23:13:42 saveConfig: Updated Items
23:13:42 Saving storage file
23:13:42 Saved storage file successfully
23:13:42 saveConfig: Updated Items
23:13:42 Saving storage file
23:13:42 Saved storage file successfully
23:13:43 saveConfig: Updated Items
23:13:43 Saving storage file
23:13:43 Saved storage file successfully
23:13:43 saveConfig: Updated Items
23:13:43 Saving storage file
23:13:43 Saved storage file successfully
23:13:45 saveConfig: auto-save-60s
23:13:45 Saving config file
23:13:45 Saved config file successfully
23:13:45 saveConfig: auto-save-60s
23:13:45 Saving config file
23:13:45 Saved config file successfully
23:13:50 saveConfig: Updated Items
23:13:50 Saving storage file
23:13:50 Saved storage file successfully
23:13:50 saveConfig: Updated Items
23:13:50 Saving storage file
23:13:50 Saved storage file successfully
23:13:51 saveConfig: Updated Items
23:13:51 Saving storage file
23:13:51 Saved storage file successfully
23:13:51 saveConfig: Updated Items
23:13:51 Saving storage file
23:13:51 Saved storage file successfully
23:13:52 saveConfig: Updated Items
23:13:52 Saving storage file
23:13:52 Saved storage file successfully
23:13:52 saveConfig: Updated Items
23:13:52 Saving storage file
23:13:52 Saved storage file successfully
23:13:53 saveConfig: Updated Items
23:13:53 Saving storage file
23:13:53 Saved storage file successfully
23:13:53 saveConfig: Updated Items
23:13:53 Saving storage file
23:13:53 Saved storage file successfully
23:13:54 saveConfig: Updated Items
23:13:54 Saving storage file
23:13:54 Saved storage file successfully
23:13:54 saveConfig: Updated Items
23:13:54 Saving storage file
23:13:54 Saved storage file successfully
23:14:00 saveConfig: Updated Items
23:14:00 Saving storage file
23:14:00 Saved storage file successfully
23:14:00 saveConfig: Updated Items
23:14:00 Saving storage file
23:14:00 Saved storage file successfully
23:14:01 saveConfig: Updated Items
23:14:01 Saving storage file
23:14:01 Saved storage file successfully
23:14:01 saveConfig: Updated Items
23:14:01 Saving storage file
23:14:01 Saved storage file successfully
23:14:07 saveConfig: Updated Items
23:14:07 Saving storage file
23:14:07 Saved storage file successfully
23:14:07 saveConfig: Updated Items
23:14:07 Saving storage file
23:14:07 Saved storage file successfully
23:14:08 saveConfig: Updated Items
23:14:08 Saving storage file
23:14:08 Saved storage file successfully
23:14:08 saveConfig: Updated Items
23:14:08 Saving storage file
23:14:08 Saved storage file successfully
23:14:09 saveConfig: Updated Items
23:14:09 Saving storage file
23:14:09 Saved storage file successfully
23:14:09 saveConfig: Updated Items
23:14:09 Saving storage file
23:14:09 Saved storage file successfully
23:14:10 saveConfig: Updated Items
23:14:10 Saving storage file
23:14:10 Saved storage file successfully
23:14:10 saveConfig: Updated Items
23:14:10 Saving storage file
23:14:10 Saved storage file successfully
23:14:14 saveConfig: Updated Items
23:14:14 Saving storage file
23:14:14 Saved storage file successfully
23:14:14 saveConfig: Updated Items
23:14:14 Saving storage file
23:14:14 Saved storage file successfully
23:14:15 saveConfig: Updated Items
23:14:15 Saving storage file
23:14:15 Saved storage file successfully
23:14:15 saveConfig: Updated Items
23:14:15 Saving storage file
23:14:15 Saved storage file successfully
23:14:17 saveConfig: Updated Items
23:14:17 Saving storage file
23:14:17 Saved storage file successfully
23:14:17 saveConfig: Updated Items
23:14:17 Saving storage file
23:14:17 Saved storage file successfully
23:14:31 saveConfig: saving-data
23:14:31 Saving pets file
23:14:31 Saved pets file successfully
23:14:31 saveConfig: saving-data
23:14:31 Saving pets file
23:14:31 Saved pets file successfully
23:14:37 saveConfig: Updated Items
23:14:37 Saving storage file
23:14:37 Saved storage file successfully
23:14:37 saveConfig: Updated Items
23:14:37 Saving storage file
23:14:37 Saved storage file successfully
23:14:38 saveConfig: Updated Items
23:14:38 Saving storage file
23:14:38 Saved storage file successfully
23:14:38 saveConfig: Updated Items
23:14:38 Saving storage file
23:14:38 Saved storage file successfully
23:14:39 saveConfig: Updated Items
23:14:39 Saving storage file
23:14:39 Saved storage file successfully
23:14:39 saveConfig: Updated Items
23:14:39 Saving storage file
23:14:39 Saved storage file successfully
23:14:45 saveConfig: auto-save-60s
23:14:45 Saving config file
23:14:45 Saved config file successfully
23:14:45 saveConfig: auto-save-60s
23:14:45 Saving config file
23:14:45 Saved config file successfully
23:15:02 saveConfig: saving-data
23:15:02 Saving pets file
23:15:02 Saved pets file successfully
23:15:02 saveConfig: saving-data
23:15:02 Saving pets file
23:15:02 Saved pets file successfully
23:15:33 saveConfig: saving-data
23:15:33 Saving pets file
23:15:33 Saved pets file successfully
23:15:33 saveConfig: saving-data
23:15:33 Saving pets file
23:15:33 Saved pets file successfully
23:15:45 saveConfig: auto-save-60s
23:15:45 Saving config file
23:15:45 Saved config file successfully
23:15:45 saveConfig: auto-save-60s
23:15:45 Saving config file
23:15:45 Saved config file successfully
23:16:04 saveConfig: saving-data
23:16:04 Saving pets file
23:16:04 Saved pets file successfully
23:16:04 saveConfig: saving-data
23:16:04 Saving pets file
23:16:04 Saved pets file successfully
23:16:09 saveConfig: saving-data
23:16:09 Saving sacks file
23:16:09 Saved sacks file successfully
23:16:09 saveConfig: saving-data
23:16:09 Saving sacks file
23:16:09 Saved sacks file successfully
23:16:35 saveConfig: saving-data
23:16:35 Saving pets file
23:16:35 Saved pets file successfully
23:16:35 saveConfig: saving-data
23:16:35 Saving pets file
23:16:35 Saved pets file successfully
23:16:45 saveConfig: auto-save-60s
23:16:45 Saving config file
23:16:45 Saved config file successfully
23:16:45 saveConfig: auto-save-60s
23:16:45 Saving config file
23:16:45 Saved config file successfully
23:17:06 saveConfig: saving-data
23:17:06 Saving pets file
23:17:06 Saved pets file successfully
23:17:06 saveConfig: saving-data
23:17:06 Saving pets file
23:17:06 Saved pets file successfully
23:17:37 saveConfig: saving-data
23:17:37 Saving pets file
23:17:37 Saved pets file successfully
23:17:37 saveConfig: saving-data
23:17:37 Saving pets file
23:17:37 Saved pets file successfully
23:17:45 saveConfig: auto-save-60s
23:17:45 Saving config file
23:17:45 Saved config file successfully
23:17:45 saveConfig: auto-save-60s
23:17:45 Saving config file
23:17:45 Saved config file successfully
23:18:08 saveConfig: saving-data
23:18:08 Saving pets file
23:18:08 Saved pets file successfully
23:18:08 saveConfig: saving-data
23:18:08 Saving pets file
23:18:08 Saved pets file successfully
23:18:38 saveConfig: saving-data
23:18:38 Saving pets file
23:18:38 Saved pets file successfully
23:18:38 saveConfig: saving-data
23:18:38 Saving pets file
23:18:38 Saved pets file successfully
23:18:45 saveConfig: auto-save-60s
23:18:45 Saving config file
23:18:45 Saved config file successfully
23:18:45 saveConfig: auto-save-60s
23:18:45 Saving config file
23:18:45 Saved config file successfully
23:19:08 saveConfig: saving-data
23:19:08 Saving sacks file
23:19:08 Saved sacks file successfully
23:19:08 saveConfig: saving-data
23:19:08 Saving sacks file
23:19:08 Saved sacks file successfully
23:19:09 saveConfig: saving-data
23:19:09 Saving pets file
23:19:09 Saved pets file successfully
23:19:09 saveConfig: saving-data
23:19:09 Saving pets file
23:19:09 Saved pets file successfully
23:19:18 saveConfig: saving-data
23:19:18 Saving sacks file
23:19:18 Saved sacks file successfully
23:19:18 saveConfig: saving-data
23:19:18 Saving sacks file
23:19:18 Saved sacks file successfully
23:19:40 saveConfig: saving-data
23:19:40 Saving pets file
23:19:40 Saved pets file successfully
23:19:40 saveConfig: saving-data
23:19:40 Saving pets file
23:19:40 Saved pets file successfully
23:19:45 saveConfig: auto-save-60s
23:19:45 Saving config file
23:19:45 Saved config file successfully
23:19:45 saveConfig: auto-save-60s
23:19:45 Saving config file
23:19:45 Saved config file successfully
23:19:48 saveConfig: saving-data
23:19:48 Saving sacks file
23:19:48 Saved sacks file successfully
23:19:48 saveConfig: saving-data
23:19:48 Saving sacks file
23:19:48 Saved sacks file successfully
23:20:11 saveConfig: saving-data
23:20:11 Saving pets file
23:20:11 Saved pets file successfully
23:20:11 saveConfig: saving-data
23:20:11 Saving pets file
23:20:11 Saved pets file successfully
23:20:21 saveConfig: saving-data
23:20:21 Saving sacks file
23:20:21 Saved sacks file successfully
23:20:21 saveConfig: saving-data
23:20:21 Saving sacks file
23:20:21 Saved sacks file successfully
23:20:24 saveConfig: Updated Items
23:20:24 Saving storage file
23:20:24 Saved storage file successfully
23:20:24 saveConfig: Updated Items
23:20:24 Saving storage file
23:20:24 Saved storage file successfully
23:20:25 saveConfig: Updated Items
23:20:25 Saving storage file
23:20:25 Saved storage file successfully
23:20:25 saveConfig: Updated Items
23:20:25 Saving storage file
23:20:25 Saved storage file successfully
23:20:31 saveConfig: Updated Items
23:20:31 Saving storage file
23:20:31 Saved storage file successfully
23:20:31 saveConfig: Updated Items
23:20:31 Saving storage file
23:20:31 Saved storage file successfully
23:20:42 saveConfig: saving-data
23:20:42 Saving pets file
23:20:42 Saved pets file successfully
23:20:42 saveConfig: saving-data
23:20:42 Saving pets file
23:20:42 Saved pets file successfully
23:20:45 saveConfig: auto-save-60s
23:20:45 Saving config file
23:20:45 Saved config file successfully
23:20:45 saveConfig: auto-save-60s
23:20:45 Saving config file
23:20:45 Saved config file successfully
23:20:46 saveConfig: saving-data
23:20:46 Saving sacks file
23:20:46 Saved sacks file successfully
23:20:46 saveConfig: saving-data
23:20:46 Saving sacks file
23:20:46 Saved sacks file successfully
23:21:13 saveConfig: saving-data
23:21:13 Saving pets file
23:21:13 Saved pets file successfully
23:21:13 saveConfig: saving-data
23:21:13 Saving pets file
23:21:13 Saved pets file successfully
23:21:20 saveConfig: saving-data
23:21:20 Saving sacks file
23:21:20 Saved sacks file successfully
23:21:20 saveConfig: saving-data
23:21:20 Saving sacks file
23:21:20 Saved sacks file successfully
23:21:22 saveConfig: Updated Items
23:21:22 Saving storage file
23:21:22 Saved storage file successfully
23:21:22 saveConfig: Updated Items
23:21:22 Saving storage file
23:21:22 Saved storage file successfully
23:21:35 saveConfig: Updated Items
23:21:35 Saving storage file
23:21:35 Saved storage file successfully
23:21:35 saveConfig: Updated Items
23:21:35 Saving storage file
23:21:35 Saved storage file successfully
23:21:36 saveConfig: Updated Items
23:21:36 Saving storage file
23:21:36 Saved storage file successfully
23:21:36 saveConfig: Updated Items
23:21:36 Saving storage file
23:21:36 Saved storage file successfully
23:21:37 saveConfig: Updated Items
23:21:37 Saving storage file
23:21:37 Saved storage file successfully
23:21:37 saveConfig: Updated Items
23:21:37 Saving storage file
23:21:37 Saved storage file successfully
23:21:38 saveConfig: Updated Items
23:21:38 Saving storage file
23:21:38 Saved storage file successfully
23:21:38 saveConfig: Updated Items
23:21:38 Saving storage file
23:21:38 Saved storage file successfully
23:21:39 saveConfig: Updated Items
23:21:39 Saving storage file
23:21:39 Saved storage file successfully
23:21:39 saveConfig: Updated Items
23:21:39 Saving storage file
23:21:39 Saved storage file successfully
23:21:44 saveConfig: saving-data
23:21:44 Saving pets file
23:21:44 Saved pets file successfully
23:21:44 saveConfig: saving-data
23:21:44 Saving pets file
23:21:44 Saved pets file successfully
23:21:45 saveConfig: auto-save-60s
23:21:45 Saving config file
23:21:45 Saved config file successfully
23:21:45 saveConfig: auto-save-60s
23:21:45 Saving config file
23:21:45 Saved config file successfully
23:22:06 saveConfig: saving-data
23:22:06 Saving sacks file
23:22:06 Saved sacks file successfully
23:22:06 saveConfig: saving-data
23:22:06 Saving sacks file
23:22:06 Saved sacks file successfully
23:22:15 saveConfig: saving-data
23:22:15 Saving pets file
23:22:15 Saved pets file successfully
23:22:15 saveConfig: saving-data
23:22:15 Saving pets file
23:22:15 Saved pets file successfully
23:22:45 saveConfig: auto-save-60s
23:22:45 Saving config file
23:22:45 Saved config file successfully
23:22:45 saveConfig: auto-save-60s
23:22:45 Saving config file
23:22:45 Saved config file successfully
23:22:45 saveConfig: saving-data
23:22:45 Saving pets file
23:22:45 Saved pets file successfully
23:22:45 saveConfig: saving-data
23:22:45 Saving pets file
23:22:45 Saved pets file successfully
23:23:16 saveConfig: saving-data
23:23:16 Saving pets file
23:23:16 Saved pets file successfully
23:23:16 saveConfig: saving-data
23:23:16 Saving pets file
23:23:16 Saved pets file successfully
23:23:45 saveConfig: auto-save-60s
23:23:45 Saving config file
23:23:45 Saved config file successfully
23:23:45 saveConfig: auto-save-60s
23:23:45 Saving config file
23:23:45 Saved config file successfully
23:23:47 saveConfig: saving-data
23:23:47 Saving pets file
23:23:47 Saved pets file successfully
23:23:47 saveConfig: saving-data
23:23:47 Saving pets file
23:23:47 Saved pets file successfully
23:24:10 saveConfig: saving-data
23:24:10 Saving sacks file
23:24:10 Saved sacks file successfully
23:24:10 saveConfig: saving-data
23:24:10 Saving sacks file
23:24:10 Saved sacks file successfully
23:24:18 saveConfig: saving-data
23:24:18 Saving pets file
23:24:18 Saved pets file successfully
23:24:18 saveConfig: saving-data
23:24:18 Saving pets file
23:24:18 Saved pets file successfully
23:24:21 saveConfig: Updated Items
23:24:21 Saving storage file
23:24:21 Saved storage file successfully
23:24:21 saveConfig: Updated Items
23:24:21 Saving storage file
23:24:21 Saved storage file successfully
23:24:23 saveConfig: Updated Items
23:24:23 Saving storage file
23:24:23 Saved storage file successfully
23:24:23 saveConfig: Updated Items
23:24:23 Saving storage file
23:24:23 Saved storage file successfully
23:24:25 saveConfig: saving-data
23:24:25 Saving sacks file
23:24:25 Saved sacks file successfully
23:24:25 saveConfig: saving-data
23:24:25 Saving sacks file
23:24:25 Saved sacks file successfully
23:24:28 saveConfig: Updated Items
23:24:28 Saving storage file
23:24:28 Saved storage file successfully
23:24:28 saveConfig: Updated Items
23:24:28 Saving storage file
23:24:28 Saved storage file successfully
23:24:29 saveConfig: Updated Items
23:24:29 Saving storage file
23:24:29 Saved storage file successfully
23:24:29 saveConfig: Updated Items
23:24:29 Saving storage file
23:24:29 Saved storage file successfully
23:24:30 saveConfig: Updated Items
23:24:30 Saving storage file
23:24:30 Saved storage file successfully
23:24:30 saveConfig: Updated Items
23:24:30 Saving storage file
23:24:30 Saved storage file successfully
23:24:45 saveConfig: auto-save-60s
23:24:45 Saving config file
23:24:45 Saved config file successfully
23:24:45 saveConfig: auto-save-60s
23:24:45 Saving config file
23:24:45 Saved config file successfully
23:24:49 saveConfig: saving-data
23:24:49 Saving pets file
23:24:49 Saved pets file successfully
23:24:49 saveConfig: saving-data
23:24:49 Saving pets file
23:24:49 Saved pets file successfully
23:24:50 saveConfig: saving-data
23:24:50 Saving sacks file
23:24:50 Saved sacks file successfully
23:24:50 saveConfig: saving-data
23:24:50 Saving sacks file
23:24:50 Saved sacks file successfully
23:24:52 saveConfig: Updated Items
23:24:52 Saving storage file
23:24:52 Saved storage file successfully
23:24:52 saveConfig: Updated Items
23:24:52 Saving storage file
23:24:52 Saved storage file successfully
23:25:20 saveConfig: saving-data
23:25:20 Saving pets file
23:25:20 Saved pets file successfully
23:25:20 saveConfig: saving-data
23:25:20 Saving pets file
23:25:20 Saved pets file successfully
23:25:45 saveConfig: auto-save-60s
23:25:45 Saving config file
23:25:45 Saved config file successfully
23:25:45 saveConfig: auto-save-60s
23:25:45 Saving config file
23:25:45 Saved config file successfully
23:25:51 saveConfig: saving-data
23:25:51 Saving pets file
23:25:51 Saved pets file successfully
23:25:51 saveConfig: saving-data
23:25:51 Saving pets file
23:25:51 Saved pets file successfully
23:26:21 saveConfig: saving-data
23:26:21 Saving pets file
23:26:21 Saved pets file successfully
23:26:21 saveConfig: saving-data
23:26:21 Saving pets file
23:26:21 Saved pets file successfully
23:26:45 saveConfig: auto-save-60s
23:26:45 Saving config file
23:26:45 Saved config file successfully
23:26:45 saveConfig: auto-save-60s
23:26:45 Saving config file
23:26:45 Saved config file successfully
23:27:45 saveConfig: auto-save-60s
23:27:45 Saving config file
23:27:45 Saved config file successfully
23:27:45 saveConfig: auto-save-60s
23:27:45 Saving config file
23:27:45 Saved config file successfully
23:27:54 saveConfig: saving-data
23:27:54 Saving pets file
23:27:54 Saved pets file successfully
23:27:54 saveConfig: saving-data
23:27:54 Saving pets file
23:27:54 Saved pets file successfully
23:28:25 saveConfig: saving-data
23:28:25 Saving pets file
23:28:25 Saved pets file successfully
23:28:25 saveConfig: saving-data
23:28:25 Saving pets file
23:28:25 Saved pets file successfully
23:28:45 saveConfig: auto-save-60s
23:28:45 Saving config file
23:28:45 Saved config file successfully
23:28:45 saveConfig: auto-save-60s
23:28:45 Saving config file
23:28:45 Saved config file successfully
23:28:56 saveConfig: saving-data
23:28:56 Saving pets file
23:28:56 Saved pets file successfully
23:28:56 saveConfig: saving-data
23:28:56 Saving pets file
23:28:56 Saved pets file successfully
23:29:27 saveConfig: saving-data
23:29:27 Saving pets file
23:29:27 Saved pets file successfully
23:29:27 saveConfig: saving-data
23:29:27 Saving pets file
23:29:27 Saved pets file successfully
23:29:45 saveConfig: auto-save-60s
23:29:45 Saving config file
23:29:45 Saved config file successfully
23:29:45 saveConfig: auto-save-60s
23:29:45 Saving config file
23:29:45 Saved config file successfully
23:29:59 saveConfig: saving-data
23:29:59 Saving pets file
23:29:59 Saved pets file successfully
23:29:59 saveConfig: saving-data
23:29:59 Saving pets file
23:29:59 Saved pets file successfully
23:30:04 saveConfig: saving-data
23:30:04 Saving sacks file
23:30:04 Saved sacks file successfully
23:30:04 saveConfig: saving-data
23:30:04 Saving sacks file
23:30:04 Saved sacks file successfully
23:30:29 saveConfig: saving-data
23:30:29 Saving pets file
23:30:29 Saved pets file successfully
23:30:29 saveConfig: saving-data
23:30:29 Saving pets file
23:30:29 Saved pets file successfully
23:30:30 saveConfig: Updated Items
23:30:30 Saving storage file
23:30:30 Saved storage file successfully
23:30:30 saveConfig: Updated Items
23:30:30 Saving storage file
23:30:30 Saved storage file successfully
23:30:32 saveConfig: Updated Items
23:30:32 Saving storage file
23:30:32 Saved storage file successfully
23:30:32 saveConfig: Updated Items
23:30:32 Saving storage file
23:30:32 Saved storage file successfully
23:30:45 saveConfig: auto-save-60s
23:30:45 Saving config file
23:30:45 Saved config file successfully
23:30:45 saveConfig: auto-save-60s
23:30:45 Saving config file
23:30:45 Saved config file successfully
23:31:00 saveConfig: saving-data
23:31:00 Saving pets file
23:31:00 Saved pets file successfully
23:31:00 saveConfig: saving-data
23:31:00 Saving pets file
23:31:00 Saved pets file successfully
23:31:31 saveConfig: saving-data
23:31:31 Saving pets file
23:31:31 Saved pets file successfully
23:31:31 saveConfig: saving-data
23:31:31 Saving pets file
23:31:31 Saved pets file successfully
23:31:45 saveConfig: auto-save-60s
23:31:45 Saving config file
23:31:45 Saved config file successfully
23:31:45 saveConfig: auto-save-60s
23:31:45 Saving config file
23:31:45 Saved config file successfully
23:32:02 saveConfig: saving-data
23:32:02 Saving pets file
23:32:02 Saved pets file successfully
23:32:02 saveConfig: saving-data
23:32:02 Saving pets file
23:32:02 Saved pets file successfully
23:32:33 saveConfig: saving-data
23:32:33 Saving pets file
23:32:33 Saved pets file successfully
23:32:33 saveConfig: saving-data
23:32:33 Saving pets file
23:32:33 Saved pets file successfully
23:32:45 saveConfig: auto-save-60s
23:32:45 Saving config file
23:32:45 Saved config file successfully
23:32:45 saveConfig: auto-save-60s
23:32:45 Saving config file
23:32:45 Saved config file successfully
23:33:04 saveConfig: saving-data
23:33:04 Saving pets file
23:33:04 Saved pets file successfully
23:33:04 saveConfig: saving-data
23:33:04 Saving pets file
23:33:04 Saved pets file successfully
23:33:35 saveConfig: saving-data
23:33:35 Saving pets file
23:33:35 Saved pets file successfully
23:33:35 saveConfig: saving-data
23:33:35 Saving pets file
23:33:35 Saved pets file successfully
23:33:45 saveConfig: auto-save-60s
23:33:45 Saving config file
23:33:45 Saved config file successfully
23:33:45 saveConfig: auto-save-60s
23:33:45 Saving config file
23:33:45 Saved config file successfully
23:34:06 saveConfig: saving-data
23:34:06 Saving pets file
23:34:06 Saved pets file successfully
23:34:06 saveConfig: saving-data
23:34:06 Saving pets file
23:34:06 Saved pets file successfully
23:34:13 saveConfig: saving-data
23:34:13 Saving sacks file
23:34:13 Saved sacks file successfully
23:34:13 saveConfig: saving-data
23:34:13 Saving sacks file
23:34:13 Saved sacks file successfully
23:34:19 saveConfig: Updated Items
23:34:19 Saving storage file
23:34:19 Saved storage file successfully
23:34:19 saveConfig: Updated Items
23:34:19 Saving storage file
23:34:19 Saved storage file successfully
23:34:19 saveConfig: saving-data
23:34:19 Saving sacks file
23:34:19 Saved sacks file successfully
23:34:19 saveConfig: saving-data
23:34:19 Saving sacks file
23:34:19 Saved sacks file successfully
23:34:24 saveConfig: Updated Items
23:34:24 Saving storage file
23:34:24 Saved storage file successfully
23:34:24 saveConfig: Updated Items
23:34:24 Saving storage file
23:34:24 Saved storage file successfully
23:34:37 saveConfig: saving-data
23:34:37 Saving pets file
23:34:37 Saved pets file successfully
23:34:37 saveConfig: saving-data
23:34:37 Saving pets file
23:34:37 Saved pets file successfully
23:34:45 saveConfig: auto-save-60s
23:34:45 Saving config file
23:34:45 Saved config file successfully
23:34:45 saveConfig: auto-save-60s
23:34:45 Saving config file
23:34:45 Saved config file successfully
23:35:08 saveConfig: saving-data
23:35:08 Saving pets file
23:35:08 Saved pets file successfully
23:35:08 saveConfig: saving-data
23:35:08 Saving pets file
23:35:08 Saved pets file successfully
23:35:39 saveConfig: saving-data
23:35:39 Saving pets file
23:35:39 Saved pets file successfully
23:35:39 saveConfig: saving-data
23:35:39 Saving pets file
23:35:39 Saved pets file successfully
23:35:45 saveConfig: auto-save-60s
23:35:45 Saving config file
23:35:45 Saved config file successfully
23:35:45 saveConfig: auto-save-60s
23:35:45 Saving config file
23:35:45 Saved config file successfully
23:36:10 saveConfig: saving-data
23:36:10 Saving pets file
23:36:10 Saved pets file successfully
23:36:10 saveConfig: saving-data
23:36:10 Saving pets file
23:36:10 Saved pets file successfully
23:36:41 saveConfig: saving-data
23:36:41 Saving pets file
23:36:41 Saved pets file successfully
23:36:41 saveConfig: saving-data
23:36:41 Saving pets file
23:36:41 Saved pets file successfully
23:36:41 saveConfig: saving-data
23:36:41 Saving sacks file
23:36:41 Saved sacks file successfully
23:36:41 saveConfig: saving-data
23:36:41 Saving sacks file
23:36:41 Saved sacks file successfully
23:36:45 saveConfig: auto-save-60s
23:36:45 Saving config file
23:36:45 Saved config file successfully
23:36:45 saveConfig: auto-save-60s
23:36:45 Saving config file
23:36:45 Saved config file successfully
23:37:12 saveConfig: saving-data
23:37:12 Saving pets file
23:37:12 Saved pets file successfully
23:37:12 saveConfig: saving-data
23:37:12 Saving pets file
23:37:12 Saved pets file successfully
23:37:43 saveConfig: saving-data
23:37:43 Saving pets file
23:37:43 Saved pets file successfully
23:37:43 saveConfig: saving-data
23:37:43 Saving pets file
23:37:43 Saved pets file successfully
23:37:45 saveConfig: auto-save-60s
23:37:45 Saving config file
23:37:45 Saved config file successfully
23:37:45 saveConfig: auto-save-60s
23:37:45 Saving config file
23:37:45 Saved config file successfully
23:38:14 saveConfig: saving-data
23:38:14 Saving pets file
23:38:14 Saved pets file successfully
23:38:14 saveConfig: saving-data
23:38:14 Saving pets file
23:38:14 Saved pets file successfully
23:38:35 saveConfig: Updated Items
23:38:35 Saving storage file
23:38:35 Saved storage file successfully
23:38:35 saveConfig: Updated Items
23:38:35 Saving storage file
23:38:35 Saved storage file successfully
23:38:45 saveConfig: auto-save-60s
23:38:45 Saving config file
23:38:45 Saved config file successfully
23:38:45 saveConfig: auto-save-60s
23:38:45 Saving config file
23:38:45 Saved config file successfully
23:38:45 saveConfig: saving-data
23:38:45 Saving pets file
23:38:45 Saved pets file successfully
23:38:45 saveConfig: saving-data
23:38:45 Saving pets file
23:38:45 Saved pets file successfully
23:38:48 saveConfig: saving-data
23:38:48 Saving sacks file
23:38:48 Saved sacks file successfully
23:38:48 saveConfig: saving-data
23:38:48 Saving sacks file
23:38:48 Saved sacks file successfully
23:38:53 saveConfig: Updated Items
23:38:53 Saving storage file
23:38:53 Saved storage file successfully
23:38:53 saveConfig: Updated Items
23:38:53 Saving storage file
23:38:53 Saved storage file successfully
23:38:54 saveConfig: Updated Items
23:38:54 Saving storage file
23:38:54 Saved storage file successfully
23:38:54 saveConfig: Updated Items
23:38:54 Saving storage file
23:38:54 Saved storage file successfully
23:38:55 saveConfig: Updated Items
23:38:55 Saving storage file
23:38:55 Saved storage file successfully
23:38:55 saveConfig: Updated Items
23:38:55 Saving storage file
23:38:55 Saved storage file successfully
23:38:56 saveConfig: Updated Items
23:38:56 Saving storage file
23:38:56 Saved storage file successfully
23:38:56 saveConfig: Updated Items
23:38:56 Saving storage file
23:38:56 Saved storage file successfully
23:38:57 saveConfig: saving-data
23:38:57 Saving sacks file
23:38:57 Saved sacks file successfully
23:38:57 saveConfig: saving-data
23:38:57 Saving sacks file
23:38:57 Saved sacks file successfully
23:38:58 saveConfig: Updated Items
23:38:58 Saving storage file
23:38:58 Saved storage file successfully
23:38:58 saveConfig: Updated Items
23:38:58 Saving storage file
23:38:58 Saved storage file successfully
23:39:16 saveConfig: saving-data
23:39:16 Saving pets file
23:39:16 Saved pets file successfully
23:39:16 saveConfig: saving-data
23:39:16 Saving pets file
23:39:16 Saved pets file successfully
23:39:45 saveConfig: auto-save-60s
23:39:45 Saving config file
23:39:45 Saved config file successfully
23:39:45 saveConfig: auto-save-60s
23:39:45 Saving config file
23:39:45 Saved config file successfully
23:39:47 saveConfig: saving-data
23:39:47 Saving pets file
23:39:47 Saved pets file successfully
23:39:47 saveConfig: saving-data
23:39:47 Saving pets file
23:39:47 Saved pets file successfully
23:40:04 saveConfig: Updated Items
23:40:04 Saving storage file
23:40:04 Saved storage file successfully
23:40:04 saveConfig: Updated Items
23:40:04 Saving storage file
23:40:04 Saved storage file successfully
23:40:05 saveConfig: Updated Items
23:40:05 Saving storage file
23:40:05 Saved storage file successfully
23:40:05 saveConfig: Updated Items
23:40:05 Saving storage file
23:40:05 Saved storage file successfully
23:40:06 saveConfig: Updated Items
23:40:06 Saving storage file
23:40:06 Saved storage file successfully
23:40:06 saveConfig: Updated Items
23:40:06 Saving storage file
23:40:06 Saved storage file successfully
23:40:07 saveConfig: Updated Items
23:40:07 Saving storage file
23:40:07 Saved storage file successfully
23:40:07 saveConfig: Updated Items
23:40:07 Saving storage file
23:40:07 Saved storage file successfully
23:40:08 saveConfig: Updated Items
23:40:08 Saving storage file
23:40:08 Saved storage file successfully
23:40:08 saveConfig: Updated Items
23:40:08 Saving storage file
23:40:08 Saved storage file successfully
23:40:09 saveConfig: Updated Items
23:40:09 Saving storage file
23:40:09 Saved storage file successfully
23:40:09 saveConfig: Updated Items
23:40:09 Saving storage file
23:40:09 Saved storage file successfully
23:40:10 saveConfig: Updated Items
23:40:10 Saving storage file
23:40:10 Saved storage file successfully
23:40:10 saveConfig: Updated Items
23:40:10 Saving storage file
23:40:10 Saved storage file successfully
23:40:11 saveConfig: Updated Items
23:40:11 Saving storage file
23:40:11 Saved storage file successfully
23:40:11 saveConfig: Updated Items
23:40:11 Saving storage file
23:40:11 Saved storage file successfully
23:40:18 saveConfig: saving-data
23:40:18 Saving pets file
23:40:18 Saved pets file successfully
23:40:18 saveConfig: saving-data
23:40:18 Saving pets file
23:40:18 Saved pets file successfully
23:40:30 saveConfig: Updated Items
23:40:30 Saving storage file
23:40:30 Saved storage file successfully
23:40:30 saveConfig: Updated Items
23:40:30 Saving storage file
23:40:30 Saved storage file successfully
23:40:31 saveConfig: Updated Items
23:40:31 Saving storage file
23:40:31 Saved storage file successfully
23:40:31 saveConfig: Updated Items
23:40:31 Saving storage file
23:40:31 Saved storage file successfully
23:40:34 saveConfig: Updated Items
23:40:34 Saving storage file
23:40:34 Saved storage file successfully
23:40:34 saveConfig: Updated Items
23:40:34 Saving storage file
23:40:34 Saved storage file successfully
23:40:37 saveConfig: Updated Items
23:40:37 Saving storage file
23:40:37 Saved storage file successfully
23:40:37 saveConfig: Updated Items
23:40:37 Saving storage file
23:40:37 Saved storage file successfully
23:40:41 saveConfig: Updated Items
23:40:41 Saving storage file
23:40:41 Saved storage file successfully
23:40:41 saveConfig: Updated Items
23:40:41 Saving storage file
23:40:41 Saved storage file successfully
23:40:42 saveConfig: Updated Items
23:40:42 Saving storage file
23:40:42 Saved storage file successfully
23:40:42 saveConfig: Updated Items
23:40:42 Saving storage file
23:40:42 Saved storage file successfully
23:40:43 saveConfig: Updated Items
23:40:43 Saving storage file
23:40:43 Saved storage file successfully
23:40:43 saveConfig: Updated Items
23:40:43 Saving storage file
23:40:43 Saved storage file successfully
23:40:44 saveConfig: Updated Items
23:40:44 Saving storage file
23:40:44 Saved storage file successfully
23:40:44 saveConfig: Updated Items
23:40:44 Saving storage file
23:40:44 Saved storage file successfully
23:40:45 saveConfig: auto-save-60s
23:40:45 Saving config file
23:40:45 Saved config file successfully
23:40:45 saveConfig: auto-save-60s
23:40:45 Saving config file
23:40:45 Saved config file successfully
23:40:48 saveConfig: Updated Items
23:40:48 Saving storage file
23:40:48 Saved storage file successfully
23:40:48 saveConfig: Updated Items
23:40:48 Saving storage file
23:40:48 Saved storage file successfully
23:40:54 saveConfig: Updated Items
23:40:54 Saving storage file
23:40:54 Saved storage file successfully
23:40:54 saveConfig: Updated Items
23:40:54 Saving storage file
23:40:54 Saved storage file successfully
23:40:57 saveConfig: Updated Items
23:40:57 Saving storage file
23:40:57 Saved storage file successfully
23:40:57 saveConfig: Updated Items
23:40:57 Saving storage file
23:40:57 Saved storage file successfully
23:41:01 saveConfig: Updated Items
23:41:01 Saving storage file
23:41:01 Saved storage file successfully
23:41:01 saveConfig: Updated Items
23:41:01 Saving storage file
23:41:01 Saved storage file successfully
23:41:10 saveConfig: Updated Items
23:41:10 Saving storage file
23:41:10 Saved storage file successfully
23:41:10 saveConfig: Updated Items
23:41:10 Saving storage file
23:41:10 Saved storage file successfully
23:41:11 saveConfig: Updated Items
23:41:11 Saving storage file
23:41:11 Saved storage file successfully
23:41:11 saveConfig: Updated Items
23:41:11 Saving storage file
23:41:11 Saved storage file successfully
23:41:12 saveConfig: Updated Items
23:41:12 Saving storage file
23:41:12 Saved storage file successfully
23:41:12 saveConfig: Updated Items
23:41:12 Saving storage file
23:41:12 Saved storage file successfully
23:41:13 saveConfig: Updated Items
23:41:13 Saving storage file
23:41:13 Saved storage file successfully
23:41:13 saveConfig: Updated Items
23:41:13 Saving storage file
23:41:13 Saved storage file successfully
23:41:17 saveConfig: Updated Items
23:41:17 Saving storage file
23:41:17 Saved storage file successfully
23:41:17 saveConfig: Updated Items
23:41:17 Saving storage file
23:41:17 Saved storage file successfully
23:41:22 saveConfig: Updated Items
23:41:22 Saving storage file
23:41:22 Saved storage file successfully
23:41:22 saveConfig: Updated Items
23:41:22 Saving storage file
23:41:22 Saved storage file successfully
23:41:23 saveConfig: Updated Items
23:41:23 Saving storage file
23:41:23 Saved storage file successfully
23:41:23 saveConfig: Updated Items
23:41:23 Saving storage file
23:41:23 Saved storage file successfully
23:41:24 saveConfig: Updated Items
23:41:24 Saving storage file
23:41:24 Saved storage file successfully
23:41:24 saveConfig: Updated Items
23:41:24 Saving storage file
23:41:24 Saved storage file successfully
23:41:25 saveConfig: Updated Items
23:41:25 Saving storage file
23:41:25 Saved storage file successfully
23:41:25 saveConfig: Updated Items
23:41:25 Saving storage file
23:41:25 Saved storage file successfully
23:41:26 saveConfig: Updated Items
23:41:26 Saving storage file
23:41:26 Saved storage file successfully
23:41:26 saveConfig: Updated Items
23:41:26 Saving storage file
23:41:26 Saved storage file successfully
23:41:27 saveConfig: Updated Items
23:41:27 Saving storage file
23:41:27 Saved storage file successfully
23:41:27 saveConfig: Updated Items
23:41:27 Saving storage file
23:41:27 Saved storage file successfully
23:41:28 saveConfig: Updated Items
23:41:28 Saving storage file
23:41:28 Saved storage file successfully
23:41:28 saveConfig: Updated Items
23:41:28 Saving storage file
23:41:28 Saved storage file successfully
23:41:29 saveConfig: Updated Items
23:41:29 Saving storage file
23:41:29 Saved storage file successfully
23:41:29 saveConfig: Updated Items
23:41:29 Saving storage file
23:41:29 Saved storage file successfully
23:41:30 saveConfig: Updated Items
23:41:30 Saving storage file
23:41:30 Saved storage file successfully
23:41:30 saveConfig: Updated Items
23:41:30 Saving storage file
23:41:30 Saved storage file successfully
23:41:33 saveConfig: Updated Items
23:41:33 Saving storage file
23:41:33 Saved storage file successfully
23:41:33 saveConfig: Updated Items
23:41:33 Saving storage file
23:41:33 Saved storage file successfully
23:41:34 saveConfig: Updated Items
23:41:34 Saving storage file
23:41:34 Saved storage file successfully
23:41:34 saveConfig: Updated Items
23:41:34 Saving storage file
23:41:34 Saved storage file successfully
23:41:35 saveConfig: Updated Items
23:41:35 Saving storage file
23:41:35 Saved storage file successfully
23:41:35 saveConfig: Updated Items
23:41:35 Saving storage file
23:41:35 Saved storage file successfully
23:41:36 saveConfig: Updated Items
23:41:36 Saving storage file
23:41:36 Saved storage file successfully
23:41:36 saveConfig: Updated Items
23:41:36 Saving storage file
23:41:36 Saved storage file successfully
23:41:37 saveConfig: Updated Items
23:41:37 Saving storage file
23:41:37 Saved storage file successfully
23:41:37 saveConfig: Updated Items
23:41:37 Saving storage file
23:41:37 Saved storage file successfully
23:41:38 saveConfig: Updated Items
23:41:38 Saving storage file
23:41:38 Saved storage file successfully
23:41:38 saveConfig: Updated Items
23:41:38 Saving storage file
23:41:38 Saved storage file successfully
23:41:39 saveConfig: Updated Items
23:41:39 Saving storage file
23:41:39 Saved storage file successfully
23:41:39 saveConfig: Updated Items
23:41:39 Saving storage file
23:41:39 Saved storage file successfully
23:41:40 saveConfig: Updated Items
23:41:40 Saving storage file
23:41:40 Saved storage file successfully
23:41:40 saveConfig: Updated Items
23:41:40 Saving storage file
23:41:40 Saved storage file successfully
23:41:41 saveConfig: Updated Items
23:41:41 Saving storage file
23:41:41 Saved storage file successfully
23:41:41 saveConfig: Updated Items
23:41:41 Saving storage file
23:41:41 Saved storage file successfully
23:41:45 saveConfig: auto-save-60s
23:41:45 Saving config file
23:41:45 Saved config file successfully
23:41:45 saveConfig: auto-save-60s
23:41:45 Saving config file
23:41:45 Saved config file successfully
23:41:50 saveConfig: Updated Items
23:41:50 Saving storage file
23:41:50 Saved storage file successfully
23:41:50 saveConfig: Updated Items
23:41:50 Saving storage file
23:41:50 Saved storage file successfully
23:42:05 saveConfig: saving-data
23:42:05 Saving pets file
23:42:05 Saved pets file successfully
23:42:05 saveConfig: saving-data
23:42:05 Saving pets file
23:42:05 Saved pets file successfully
23:42:10 saveConfig: Updated Items
23:42:10 Saving storage file
23:42:10 Saved storage file successfully
23:42:10 saveConfig: Updated Items
23:42:10 Saving storage file
23:42:10 Saved storage file successfully
23:42:36 saveConfig: saving-data
23:42:36 Saving pets file
23:42:36 Saved pets file successfully
23:42:36 saveConfig: saving-data
23:42:36 Saving pets file
23:42:36 Saved pets file successfully
23:42:45 saveConfig: auto-save-60s
23:42:45 Saving config file
23:42:45 Saved config file successfully
23:42:45 saveConfig: auto-save-60s
23:42:45 Saving config file
23:42:45 Saved config file successfully
23:43:07 saveConfig: saving-data
23:43:07 Saving pets file
23:43:07 Saved pets file successfully
23:43:07 saveConfig: saving-data
23:43:07 Saving pets file
23:43:07 Saved pets file successfully
23:43:28 saveConfig: saving-data
23:43:28 Saving sacks file
23:43:28 Saved sacks file successfully
23:43:28 saveConfig: saving-data
23:43:28 Saving sacks file
23:43:28 Saved sacks file successfully
23:43:38 saveConfig: saving-data
23:43:38 Saving pets file
23:43:38 Saved pets file successfully
23:43:38 saveConfig: saving-data
23:43:38 Saving pets file
23:43:38 Saved pets file successfully
23:43:40 saveConfig: saving-data
23:43:40 Saving sacks file
23:43:40 Saved sacks file successfully
23:43:40 saveConfig: saving-data
23:43:40 Saving sacks file
23:43:40 Saved sacks file successfully
23:43:45 saveConfig: auto-save-60s
23:43:45 Saving config file
23:43:45 Saved config file successfully
23:43:45 saveConfig: auto-save-60s
23:43:45 Saving config file
23:43:45 Saved config file successfully
23:43:51 saveConfig: saving-data
23:43:51 Saving sacks file
23:43:51 Saved sacks file successfully
23:43:51 saveConfig: saving-data
23:43:51 Saving sacks file
23:43:51 Saved sacks file successfully
23:43:52 saveConfig: Updated Items
23:43:52 Saving storage file
23:43:52 Saved storage file successfully
23:43:52 saveConfig: Updated Items
23:43:52 Saving storage file
23:43:52 Saved storage file successfully
23:44:09 saveConfig: saving-data
23:44:09 Saving pets file
23:44:09 Saved pets file successfully
23:44:09 saveConfig: saving-data
23:44:09 Saving pets file
23:44:09 Saved pets file successfully
23:44:45 saveConfig: auto-save-60s
23:44:45 Saving config file
23:44:45 Saved config file successfully
23:44:45 saveConfig: auto-save-60s
23:44:45 Saving config file
23:44:45 Saved config file successfully
23:45:03 saveConfig: Updated Items
23:45:03 Saving storage file
23:45:03 Saved storage file successfully
23:45:03 saveConfig: Updated Items
23:45:03 Saving storage file
23:45:03 Saved storage file successfully
23:45:07 saveConfig: saving-data
23:45:07 Saving pets file
23:45:07 Saved pets file successfully
23:45:07 saveConfig: saving-data
23:45:07 Saving pets file
23:45:07 Saved pets file successfully
23:45:31 saveConfig: saving-data
23:45:31 Saving sacks file
23:45:31 Saved sacks file successfully
23:45:31 saveConfig: saving-data
23:45:31 Saving sacks file
23:45:31 Saved sacks file successfully
23:45:38 saveConfig: saving-data
23:45:38 Saving pets file
23:45:38 Saved pets file successfully
23:45:38 saveConfig: saving-data
23:45:38 Saving pets file
23:45:38 Saved pets file successfully
23:45:45 saveConfig: auto-save-60s
23:45:45 Saving config file
23:45:45 Saved config file successfully
23:45:45 saveConfig: auto-save-60s
23:45:45 Saving config file
23:45:45 Saved config file successfully
23:46:09 saveConfig: saving-data
23:46:09 Saving pets file
23:46:09 Saved pets file successfully
23:46:09 saveConfig: saving-data
23:46:09 Saving pets file
23:46:09 Saved pets file successfully
23:46:23 saveConfig: shutdown-hook
23:46:23 Saving config file
