07:58:52 [EMPTY] §f §r§r§r§f §r§r§r§1 §r§r§r§0 §r§r§r§2 §r§r§r§f §r§r§r§f §r§r§r§2 §r§r§r§0 §r§r§r§4 §r§r§r§3 §r§r§r§9 §r§r§r§2 §r§r§r§0 §r§r§r§0 §r§r§r§3 §r§r§r§9 §r§r§r§2 §r§r§r§0 §r§r§r§0 §r§r§r§3 §r§r§r§9 §r§r§r§2 §r§r§r§0 §r§r§r§0 
07:59:06 [EMPTY] §8 §r§8 §r§1 §r§3 §r§3 §r§7 §r§8 
07:59:09 [EMPTY] 
07:59:09 [WELCOME] §eWelcome to §r§aHypixel SkyBlock§r§e!
07:59:09 [EMPTY] 
07:59:11 [PROFILE_JOIN] §aYou are playing on profile: §eLemon§b (Co-op)
07:59:11 [PROFILE_JOIN] §8Profile ID: 62b760d8-92b6-4501-ada0-1fd8583f5266
08:00:40 [GUILD_EXP] §aYou earned §r§230 GEXP §r§a+ §r§e90 Event EXP §r§afrom playing SkyBlock!
08:04:49 [EMPTY] §8 §r§8 §r§1 §r§3 §r§3 §r§7 §r§8 
08:04:52 [PROFILE_JOIN] §aYou are playing on profile: §eLemon§b (Co-op)
08:04:52 [PROFILE_JOIN] §8Profile ID: 62b760d8-92b6-4501-ada0-1fd8583f5266
08:05:06 [SACKS_CHANGE] §6[Sacks] §r§a+10§r§e items§r§e.§r§8 (Last 14s.)
08:05:33 [EMPTY] §8 §r§8 §r§1 §r§3 §r§3 §r§7 §r§8 
08:05:36 [PROFILE_JOIN] §aYou are playing on profile: §eLemon§b (Co-op)
08:05:36 [PROFILE_JOIN] §8Profile ID: 62b760d8-92b6-4501-ada0-1fd8583f5266
08:05:41 [GUILD_EXP] §aYou earned §r§2403 GEXP §r§a+ §r§e1,209 Event EXP §r§afrom playing SkyBlock!
08:06:02 [EMPTY] §8 §r§8 §r§1 §r§3 §r§3 §r§7 §r§8 
08:06:05 [PROFILE_JOIN] §aYou are playing on profile: §eLemon§b (Co-op)
08:06:05 [PROFILE_JOIN] §8Profile ID: 62b760d8-92b6-4501-ada0-1fd8583f5266
08:06:29 [EMPTY] §8 §r§8 §r§1 §r§3 §r§3 §r§7 §r§8 
08:06:32 [PROFILE_JOIN] §aYou are playing on profile: §eLemon§b (Co-op)
08:06:32 [PROFILE_JOIN] §8Profile ID: 62b760d8-92b6-4501-ada0-1fd8583f5266
08:09:12 [COMPACT_POTION_EFFECT] §a§lBUFF! §fYou have gained §r§aCombat XP Boost II§r§f! Press TAB or type /effects to view your active effects!
08:09:54 [EMPTY] §8 §r§8 §r§1 §r§3 §r§3 §r§7 §r§8 
08:09:57 [PROFILE_JOIN] §aYou are playing on profile: §eLemon§b (Co-op)
08:09:57 [PROFILE_JOIN] §8Profile ID: 62b760d8-92b6-4501-ada0-1fd8583f5266
08:10:05 [SACKS_CHANGE] §6[Sacks] §r§a+2§r§e items§r§e.§r§8 (Last 5s.)
08:10:30 [SACKS_CHANGE] §6[Sacks] §r§a+12§r§e items§r§e.§r§8 (Last 12s.)
08:10:30 [EMPTY] §8 §r§8 §r§1 §r§3 §r§3 §r§7 §r§8 
08:10:34 [PROFILE_JOIN] §aYou are playing on profile: §eLemon§b (Co-op)
08:10:34 [PROFILE_JOIN] §8Profile ID: 62b760d8-92b6-4501-ada0-1fd8583f5266
08:10:38 [EMPTY] §8 §r§8 §r§1 §r§3 §r§3 §r§7 §r§8 
08:10:42 [PROFILE_JOIN] §aYou are playing on profile: §eLemon§b (Co-op)
08:10:42 [PROFILE_JOIN] §8Profile ID: 62b760d8-92b6-4501-ada0-1fd8583f5266
08:11:11 [SACKS_CHANGE] §6[Sacks] §r§a+21§r§e items§r§e.§r§8 (Last 14s.)
08:11:15 [EMPTY] §8 §r§8 §r§1 §r§3 §r§3 §r§7 §r§8 
08:11:18 [PROFILE_JOIN] §aYou are playing on profile: §eLemon§b (Co-op)
08:11:18 [PROFILE_JOIN] §8Profile ID: 62b760d8-92b6-4501-ada0-1fd8583f5266
08:11:41 [EMPTY] §8 §r§8 §r§1 §r§3 §r§3 §r§7 §r§8 
08:11:44 [PROFILE_JOIN] §aYou are playing on profile: §eLemon§b (Co-op)
08:11:44 [PROFILE_JOIN] §8Profile ID: 62b760d8-92b6-4501-ada0-1fd8583f5266
08:12:17 [EMPTY] §8 §r§8 §r§1 §r§3 §r§3 §r§7 §r§8 
08:12:20 [PROFILE_JOIN] §aYou are playing on profile: §eLemon§b (Co-op)
08:12:20 [PROFILE_JOIN] §8Profile ID: 62b760d8-92b6-4501-ada0-1fd8583f5266
08:12:27 [EMPTY] §8 §r§8 §r§1 §r§3 §r§3 §r§7 §r§8 
08:12:30 [PROFILE_JOIN] §aYou are playing on profile: §eLemon§b (Co-op)
08:12:30 [PROFILE_JOIN] §8Profile ID: 62b760d8-92b6-4501-ada0-1fd8583f5266
08:13:15 [EMPTY] 
08:13:15 [EMPTY] 
08:13:15 [EMPTY] 
08:13:15 [EMPTY] 
08:14:14 [GUILD_EXP] §aYou earned §r§275 GEXP §r§a+ §r§e225 Event EXP §r§afrom playing SkyBlock!
08:15:16 [EMPTY]  
08:15:16 [EMPTY]  
08:15:16 [EMPTY]  
08:18:19 [EMPTY] §8 §r§8 §r§1 §r§3 §r§3 §r§7 §r§8 
08:18:22 [PROFILE_JOIN] §aYou are playing on profile: §eLemon§b (Co-op)
08:18:22 [PROFILE_JOIN] §8Profile ID: 62b760d8-92b6-4501-ada0-1fd8583f5266
08:18:26 [EMPTY] §8 §r§8 §r§1 §r§3 §r§3 §r§7 §r§8 
08:18:29 [PROFILE_JOIN] §aYou are playing on profile: §eLemon§b (Co-op)
08:18:29 [PROFILE_JOIN] §8Profile ID: 62b760d8-92b6-4501-ada0-1fd8583f5266
08:19:15 [EMPTY] §8 §r§8 §r§1 §r§3 §r§3 §r§7 §r§8 
08:19:19 [PROFILE_JOIN] §aYou are playing on profile: §eLemon§b (Co-op)
08:19:19 [PROFILE_JOIN] §8Profile ID: 62b760d8-92b6-4501-ada0-1fd8583f5266
08:19:21 [EMPTY] §8 §r§8 §r§1 §r§3 §r§3 §r§7 §r§8 
08:19:25 [PROFILE_JOIN] §aYou are playing on profile: §eLemon§b (Co-op)
08:19:25 [PROFILE_JOIN] §8Profile ID: 62b760d8-92b6-4501-ada0-1fd8583f5266
08:20:51 [EMPTY] §8 §r§8 §r§1 §r§3 §r§3 §r§7 §r§8 
08:20:54 [PROFILE_JOIN] §aYou are playing on profile: §eLemon§b (Co-op)
08:20:54 [PROFILE_JOIN] §8Profile ID: 62b760d8-92b6-4501-ada0-1fd8583f5266
08:24:47 [GUILD_EXP] §aYou earned §r§2196 GEXP §r§a+ §r§e588 Event EXP §r§afrom playing SkyBlock!
08:26:33 [EMPTY] §8 §r§8 §r§1 §r§3 §r§3 §r§7 §r§8 
08:26:36 [PROFILE_JOIN] §aYou are playing on profile: §eLemon§b (Co-op)
08:26:36 [PROFILE_JOIN] §8Profile ID: 62b760d8-92b6-4501-ada0-1fd8583f5266
08:26:42 [EMPTY] §8 §r§8 §r§1 §r§3 §r§3 §r§7 §r§8 
08:26:45 [PROFILE_JOIN] §aYou are playing on profile: §eLemon§b (Co-op)
08:26:45 [PROFILE_JOIN] §8Profile ID: 62b760d8-92b6-4501-ada0-1fd8583f5266
08:27:35 [SACKS_CHANGE] §6[Sacks] §r§a+56§r§e items§r§e.§r§8 (Last 29s.)
08:27:43 [EMPTY] §8 §r§8 §r§1 §r§3 §r§3 §r§7 §r§8 
08:27:46 [PROFILE_JOIN] §aYou are playing on profile: §eLemon§b (Co-op)
08:27:46 [PROFILE_JOIN] §8Profile ID: 62b760d8-92b6-4501-ada0-1fd8583f5266
08:33:50 [EMPTY] §8 §r§8 §r§1 §r§3 §r§3 §r§7 §r§8 
08:33:54 [PROFILE_JOIN] §aYou are playing on profile: §eLemon§b (Co-op)
08:33:54 [PROFILE_JOIN] §8Profile ID: 62b760d8-92b6-4501-ada0-1fd8583f5266
08:34:43 [SACKS_CHANGE] §6[Sacks] §r§a+51§r§e items§r§e.§r§8 (Last 19s.)
08:34:44 [EMPTY] §8 §r§8 §r§1 §r§3 §r§3 §r§7 §r§8 
08:34:47 [PROFILE_JOIN] §aYou are playing on profile: §eLemon§b (Co-op)
08:34:47 [PROFILE_JOIN] §8Profile ID: 62b760d8-92b6-4501-ada0-1fd8583f5266
08:38:02 [SACKS_CHANGE] §6[Sacks] §r§a+2§r§e items§r§e.§r§8 (Last 5s.)
08:38:08 [SACKS_CHANGE] §6[Sacks] §r§a+2§r§e items§r§e.§r§8 (Last 5s.)
08:39:44 [GUILD_EXP] §aYou earned §r§2186 GEXP §r§a+ §r§e558 Event EXP §r§afrom playing SkyBlock!
08:41:45 [EMPTY] §8 §r§8 §r§1 §r§3 §r§3 §r§7 §r§8 
08:41:48 [PROFILE_JOIN] §aYou are playing on profile: §eLemon§b (Co-op)
08:41:48 [PROFILE_JOIN] §8Profile ID: 62b760d8-92b6-4501-ada0-1fd8583f5266
08:42:16 [EMPTY] §8 §r§8 §r§1 §r§3 §r§3 §r§7 §r§8 
08:42:19 [PROFILE_JOIN] §aYou are playing on profile: §eLemon§b (Co-op)
08:42:19 [PROFILE_JOIN] §8Profile ID: 62b760d8-92b6-4501-ada0-1fd8583f5266
08:42:30 [EMPTY] §8 §r§8 §r§1 §r§3 §r§3 §r§7 §r§8 
08:42:33 [PROFILE_JOIN] §aYou are playing on profile: §eLemon§b (Co-op)
08:42:33 [PROFILE_JOIN] §8Profile ID: 62b760d8-92b6-4501-ada0-1fd8583f5266
08:43:17 [EMPTY] §8 §r§8 §r§1 §r§3 §r§3 §r§7 §r§8 
08:43:20 [PROFILE_JOIN] §aYou are playing on profile: §eLemon§b (Co-op)
08:43:20 [PROFILE_JOIN] §8Profile ID: 62b760d8-92b6-4501-ada0-1fd8583f5266
08:43:38 [EMPTY] §8 §r§8 §r§1 §r§3 §r§3 §r§7 §r§8 
08:43:42 [PROFILE_JOIN] §aYou are playing on profile: §eLemon§b (Co-op)
08:43:42 [PROFILE_JOIN] §8Profile ID: 62b760d8-92b6-4501-ada0-1fd8583f5266
08:44:30 [EMPTY]  
08:44:30 [BESTIARY] §f                                  §6§lBESTIARY
08:44:30 [BESTIARY] §f                              §b§lZealot §7§816 §8➡§b §b17
08:44:30 [BESTIARY] 
08:44:30 [BESTIARY]                                   §r§6§lREWARDS
08:44:30 [BESTIARY]                           §r§8+§r§a5 Zealot §r§b✯ Magic Find
08:44:30 [BESTIARY]                            §r§8+§r§a5 Zealot §r§c❁ Strength
08:44:30 [BESTIARY]                               §r§8+§r§62% §r§aZealot §r§7coins
08:44:30 [BESTIARY]                     §r§8+§r§a50% §r§7chance for extra XP orbs
08:44:30 [BESTIARY]                                §r§8+§r§b1 SkyBlock XP
08:44:30 [BESTIARY] 
08:44:30 [BESTIARY] §3§l▬▬▬▬▬▬▬▬▬▬▬▬▬▬▬▬▬▬▬▬▬▬▬▬▬▬▬▬▬▬▬▬▬▬▬▬▬▬▬▬▬▬▬▬▬▬▬▬▬▬▬▬▬▬▬▬▬▬▬▬▬▬▬▬
08:44:31 [SACKS_CHANGE] §6[Sacks] §r§a+94§r§e items§r§e.§r§8 (Last 30s.)
08:44:55 [SACKS_CHANGE] §6[Sacks] §r§a+41§r§e items§r§e.§r§8 (Last 21s.)
08:45:32 [SACKS_CHANGE] §6[Sacks] §r§a+58§r§e items§r§e.§r§8 (Last 30s.)
08:45:45 [EMPTY] §8 §r§8 §r§1 §r§3 §r§3 §r§7 §r§8 
08:45:48 [PROFILE_JOIN] §aYou are playing on profile: §eLemon§b (Co-op)
08:45:48 [PROFILE_JOIN] §8Profile ID: 62b760d8-92b6-4501-ada0-1fd8583f5266
08:46:06 [EMPTY] §8 §r§8 §r§1 §r§3 §r§3 §r§7 §r§8 
08:46:10 [PROFILE_JOIN] §aYou are playing on profile: §eLemon§b (Co-op)
08:46:10 [PROFILE_JOIN] §8Profile ID: 62b760d8-92b6-4501-ada0-1fd8583f5266
08:46:26 [SACKS_CHANGE] §6[Sacks] §r§a+4§r§e items§r§e.§r§8 (Last 5s.)
08:47:00 [SACKS_CHANGE] §6[Sacks] §r§a+85§r§e items§r§e.§r§8 (Last 30s.)
08:47:31 [SACKS_CHANGE] §6[Sacks] §r§a+74§r§e items§r§e.§r§8 (Last 30s.)
08:47:39 [EMPTY] §8 §r§8 §r§1 §r§3 §r§3 §r§7 §r§8 
08:47:43 [PROFILE_JOIN] §aYou are playing on profile: §eLemon§b (Co-op)
08:47:43 [PROFILE_JOIN] §8Profile ID: 62b760d8-92b6-4501-ada0-1fd8583f5266
08:47:56 [EMPTY] §8 §r§8 §r§1 §r§3 §r§3 §r§7 §r§8 
08:47:59 [PROFILE_JOIN] §aYou are playing on profile: §eLemon§b (Co-op)
08:47:59 [PROFILE_JOIN] §8Profile ID: 62b760d8-92b6-4501-ada0-1fd8583f5266
08:48:39 [EMPTY] 
08:48:39 [EMPTY] 
08:48:39 [EMPTY] 
08:48:39 [EMPTY] 
08:49:31 [SACKS_CHANGE] §6[Sacks] §r§a+25§r§e items§r§e.§r§8 (Last 12s.)
08:49:39 [SACKS_CHANGE] §6[Sacks] §r§a+10§r§e items§r§e.§r§8 (Last 5s.)
08:49:59 [EMPTY] 
08:49:59 [EMPTY] 
08:49:59 [EMPTY] 
08:49:59 [EMPTY] 
08:50:14 [SACKS_CHANGE] §6[Sacks] §r§a+69§r§e items§r§e.§r§8 (Last 30s.)
08:50:59 [SACKS_CHANGE] §6[Sacks] §r§a+96§r§e items§r§e.§r§8 (Last 30s.)
08:51:13 [SACKS_CHANGE] §6[Sacks] §r§a+29§r§e items§r§e.§r§8 (Last 13s.)
08:51:25 [EMPTY] 
08:51:25 [EMPTY] 
08:51:25 [EMPTY] 
08:51:25 [EMPTY] 
08:51:36 [SACKS_CHANGE] §6[Sacks] §r§a+32§r§e items§r§e.§r§8 (Last 21s.)
08:51:42 [SACKS_CHANGE] §6[Sacks] §r§a+5§r§e items§r§e.§r§8 (Last 5s.)
08:52:43 [EMPTY] 
08:52:43 [EMPTY] 
08:52:43 [EMPTY] 
08:52:43 [EMPTY] 
08:52:51 [SACKS_CHANGE] §6[Sacks] §r§a+70§r§e items§r§e.§r§8 (Last 30s.)
08:53:13 [SACKS_CHANGE] §6[Sacks] §r§a+35§r§e items§r§e.§r§8 (Last 18s.)
08:53:44 [SACKS_CHANGE] §6[Sacks] §r§a+10§r§e items§r§e.§r§8 (Last 5s.)
08:53:44 [GUILD_EXP] §aYou earned §r§2583 GEXP §r§a+ §r§e1,749 Event EXP §r§afrom playing SkyBlock!
08:54:12 [EMPTY] 
08:54:12 [EMPTY] 
08:54:12 [EMPTY] 
08:54:12 [EMPTY] 
08:55:12 [SACKS_CHANGE] §6[Sacks] §r§a+10§r§e items§r§e.§r§8 (Last 5s.)
08:55:35 [EMPTY] 
08:55:35 [EMPTY] 
08:55:35 [EMPTY] 
08:55:35 [EMPTY] 
08:56:42 [SACKS_CHANGE] §6[Sacks] §r§a+87§r§e items§r§e.§r§8 (Last 30s.)
08:56:54 [EMPTY] 
08:56:54 [EMPTY] 
08:56:54 [EMPTY] 
08:56:54 [EMPTY] 
08:57:15 [SACKS_CHANGE] §6[Sacks] §r§a+107§r§e items§r§e.§r§8 (Last 30s.)
08:57:45 [SACKS_CHANGE] §6[Sacks] §r§a+52§r§e items§r§e.§r§8 (Last 28s.)
08:58:17 [SACKS_CHANGE] §6[Sacks] §r§a+87§r§e items§r§e.§r§8 (Last 30s.)
08:58:20 [EMPTY] 
08:58:20 [EMPTY] 
08:58:20 [EMPTY] 
08:58:20 [EMPTY] 
08:58:31 [SACKS_CHANGE] §6[Sacks] §r§a+24§r§e items§r§e.§r§8 (Last 12s.)
08:58:51 [GUILD_EXP] §aYou earned §r§2413 GEXP §r§a+ §r§e1,239 Event EXP §r§afrom playing SkyBlock!
08:59:05 [SACKS_CHANGE] §6[Sacks] §r§a+81§r§e items§r§e.§r§8 (Last 30s.)
08:59:21 [SACKS_CHANGE] §6[Sacks] §r§a+10§r§e items§r§e.§r§8 (Last 5s.)
09:00:23 [SACKS_CHANGE] §6[Sacks] §r§a+90§r§e items§r§e.§r§8 (Last 30s.)
09:00:29 [SACKS_CHANGE] §6[Sacks] §r§a+4§r§e items§r§e.§r§8 (Last 5s.)
09:00:39 [EMPTY] §8 §r§8 §r§1 §r§3 §r§3 §r§7 §r§8 
09:00:42 [PROFILE_JOIN] §aYou are playing on profile: §eLemon§b (Co-op)
09:00:42 [PROFILE_JOIN] §8Profile ID: 62b760d8-92b6-4501-ada0-1fd8583f5266
09:01:40 [EMPTY] 
09:01:40 [EMPTY] §c
09:03:13 [EMPTY] 
09:03:17 [EMPTY] 
09:03:21 [EMPTY] 
09:04:49 [EMPTY] §8 §r§8 §r§1 §r§3 §r§3 §r§7 §r§8 
09:04:52 [PROFILE_JOIN] §aYou are playing on profile: §eLemon§b (Co-op)
09:04:52 [PROFILE_JOIN] §8Profile ID: 62b760d8-92b6-4501-ada0-1fd8583f5266
09:05:34 [SACKS_CHANGE] §6[Sacks] §r§a+73§r§e items§r§e.§r§8 (Last 30s.)
09:05:43 [SACKS_CHANGE] §6[Sacks] §r§a+7§r§e items§r§e.§r§8 (Last 7s.)
09:05:57 [EMPTY] §8 §r§8 §r§1 §r§3 §r§3 §r§7 §r§8 
09:06:01 [PROFILE_JOIN] §aYou are playing on profile: §eLemon§b (Co-op)
09:06:01 [PROFILE_JOIN] §8Profile ID: 62b760d8-92b6-4501-ada0-1fd8583f5266
09:06:11 [EMPTY] §8 §r§8 §r§1 §r§3 §r§3 §r§7 §r§8 
09:06:14 [PROFILE_JOIN] §aYou are playing on profile: §eLemon§b (Co-op)
09:06:14 [PROFILE_JOIN] §8Profile ID: 62b760d8-92b6-4501-ada0-1fd8583f5266
09:06:59 [SACKS_CHANGE] §6[Sacks] §r§a+80§r§e items§r§e.§r§8 (Last 30s.)
09:07:28 [GUILD_EXP] §aYou earned §r§223 GEXP §r§a+ §r§e69 Event EXP §r§afrom playing SkyBlock!
09:07:32 [SACKS_CHANGE] §6[Sacks] §r§a+95§r§e items§r§e.§r§8 (Last 30s.)
09:08:05 [SACKS_CHANGE] §6[Sacks] §r§a+72§r§e items§r§e.§r§8 (Last 30s.)
09:08:26 [EMPTY]  
09:08:26 [BESTIARY] §f                                  §6§lBESTIARY
09:08:26 [BESTIARY] §f                              §b§lZealot §7§817 §8➡§b §b18
09:08:26 [BESTIARY] 
09:08:26 [BESTIARY]                                   §r§6§lREWARDS
09:08:26 [BESTIARY]                           §r§8+§r§a5 Zealot §r§b✯ Magic Find
09:08:26 [BESTIARY]                            §r§8+§r§a5 Zealot §r§c❁ Strength
09:08:26 [BESTIARY]                               §r§8+§r§62% §r§aZealot §r§7coins
09:08:26 [BESTIARY]                     §r§8+§r§a50% §r§7chance for extra XP orbs
09:08:26 [BESTIARY]                                §r§8+§r§b1 SkyBlock XP
09:08:26 [BESTIARY] 
09:08:26 [BESTIARY] §3§l▬▬▬▬▬▬▬▬▬▬▬▬▬▬▬▬▬▬▬▬▬▬▬▬▬▬▬▬▬▬▬▬▬▬▬▬▬▬▬▬▬▬▬▬▬▬▬▬▬▬▬▬▬▬▬▬▬▬▬▬▬▬▬▬
09:08:36 [SACKS_CHANGE] §6[Sacks] §r§a+57§r§e items§r§e.§r§8 (Last 30s.)
09:08:55 [SACKS_CHANGE] §6[Sacks] §r§a+39§r§e items§r§e.§r§8 (Last 16s.)
09:09:28 [SACKS_CHANGE] §6[Sacks] §r§a+74§r§e items§r§e.§r§8 (Last 30s.)
09:09:40 [SACKS_CHANGE] §6[Sacks] §r§a+15§r§e items§r§e.§r§8 (Last 8s.)
09:11:29 [EMPTY] §8 §r§8 §r§1 §r§3 §r§3 §r§7 §r§8 
09:11:33 [PROFILE_JOIN] §aYou are playing on profile: §eLemon§b (Co-op)
09:11:33 [PROFILE_JOIN] §8Profile ID: 62b760d8-92b6-4501-ada0-1fd8583f5266
09:27:10 [EMPTY] §8 §r§8 §r§1 §r§3 §r§3 §r§7 §r§8 
09:27:13 [PROFILE_JOIN] §aYou are playing on profile: §eLemon§b (Co-op)
09:27:13 [PROFILE_JOIN] §8Profile ID: 62b760d8-92b6-4501-ada0-1fd8583f5266
09:27:55 [SACKS_CHANGE] §6[Sacks] §r§a+78§r§e items§r§e.§r§8 (Last 30s.)
09:28:17 [SACKS_CHANGE] §6[Sacks] §r§a+47§r§e items§r§e.§r§8 (Last 21s.)
09:32:56 [GUILD_EXP] §aYou earned §r§2228 GEXP §r§a+ §r§e684 Event EXP §r§afrom playing SkyBlock!
09:36:53 [EMPTY] §8 §r§8 §r§1 §r§3 §r§3 §r§7 §r§8 
09:36:57 [PROFILE_JOIN] §aYou are playing on profile: §eLemon§b (Co-op)
09:36:57 [PROFILE_JOIN] §8Profile ID: 62b760d8-92b6-4501-ada0-1fd8583f5266
09:51:55 [GUILD_EXP] §aYou earned §r§278 GEXP §r§a+ §r§e234 Event EXP §r§afrom playing SkyBlock!
10:08:01 [EMPTY] §8 §r§8 §r§1 §r§3 §r§3 §r§7 §r§8 
10:08:04 [PROFILE_JOIN] §aYou are playing on profile: §eLemon§b (Co-op)
10:08:04 [PROFILE_JOIN] §8Profile ID: 62b760d8-92b6-4501-ada0-1fd8583f5266
10:09:05 [EMPTY] §8 §r§8 §r§1 §r§3 §r§3 §r§7 §r§8 
10:09:08 [PROFILE_JOIN] §aYou are playing on profile: §eLemon§b (Co-op)
10:09:08 [PROFILE_JOIN] §8Profile ID: 62b760d8-92b6-4501-ada0-1fd8583f5266
10:11:59 [EMPTY] §8 §r§8 §r§1 §r§3 §r§3 §r§7 §r§8 
10:12:03 [PROFILE_JOIN] §aYou are playing on profile: §eLemon§b (Co-op)
10:12:03 [PROFILE_JOIN] §8Profile ID: 62b760d8-92b6-4501-ada0-1fd8583f5266
10:14:21 [EMPTY] §8 §r§8 §r§1 §r§3 §r§3 §r§7 §r§8 
10:14:25 [PROFILE_JOIN] §aYou are playing on profile: §eLemon§b (Co-op)
10:14:25 [PROFILE_JOIN] §8Profile ID: 62b760d8-92b6-4501-ada0-1fd8583f5266
10:15:26 [EMPTY] §8 §r§8 §r§1 §r§3 §r§3 §r§7 §r§8 
10:15:29 [PROFILE_JOIN] §aYou are playing on profile: §eLemon§b (Co-op)
10:15:29 [PROFILE_JOIN] §8Profile ID: 62b760d8-92b6-4501-ada0-1fd8583f5266
10:16:09 [EMPTY] 
10:16:14 [EMPTY] §8 §r§8 §r§1 §r§3 §r§3 §r§7 §r§8 
10:16:17 [PROFILE_JOIN] §aYou are playing on profile: §eLemon§b (Co-op)
10:16:17 [PROFILE_JOIN] §8Profile ID: 62b760d8-92b6-4501-ada0-1fd8583f5266
10:19:13 [EMPTY] §8 §r§8 §r§1 §r§3 §r§3 §r§7 §r§8 
10:19:17 [PROFILE_JOIN] §aYou are playing on profile: §eLemon§b (Co-op)
10:19:17 [PROFILE_JOIN] §8Profile ID: 62b760d8-92b6-4501-ada0-1fd8583f5266
10:19:38 [SACKS_CHANGE] §6[Sacks] §r§a+3§r§e items§r§e.§r§8 (Last 5s.)
10:19:54 [SACKS_CHANGE] §6[Sacks] §r§a+11§r§e items§r§e.§r§8 (Last 7s.)
10:20:16 [SACKS_CHANGE] §6[Sacks] §r§a+32§r§e items§r§e.§r§8 (Last 21s.)
10:20:48 [SACKS_CHANGE] §6[Sacks] §r§a+56§r§e items§r§e.§r§8 (Last 30s.)
10:20:49 [EMPTY] §8 §r§8 §r§1 §r§3 §r§3 §r§7 §r§8 
10:20:52 [PROFILE_JOIN] §aYou are playing on profile: §eLemon§b (Co-op)
10:20:52 [PROFILE_JOIN] §8Profile ID: 62b760d8-92b6-4501-ada0-1fd8583f5266
10:20:56 [EMPTY] §8 §r§8 §r§1 §r§3 §r§3 §r§7 §r§8 
10:20:59 [PROFILE_JOIN] §aYou are playing on profile: §eLemon§b (Co-op)
10:20:59 [PROFILE_JOIN] §8Profile ID: 62b760d8-92b6-4501-ada0-1fd8583f5266
10:21:06 [SACKS_CHANGE] §6[Sacks] §r§a+2§r§e items§r§e.§r§8 (Last 5s.)
10:21:27 [EMPTY] §8 §r§8 §r§1 §r§3 §r§3 §r§7 §r§8 
10:21:30 [PROFILE_JOIN] §aYou are playing on profile: §eLemon§b (Co-op)
10:21:30 [PROFILE_JOIN] §8Profile ID: 62b760d8-92b6-4501-ada0-1fd8583f5266
10:21:33 [EMPTY] §8 §r§8 §r§1 §r§3 §r§3 §r§7 §r§8 
10:21:36 [PROFILE_JOIN] §aYou are playing on profile: §eLemon§b (Co-op)
10:21:36 [PROFILE_JOIN] §8Profile ID: 62b760d8-92b6-4501-ada0-1fd8583f5266
10:22:16 [EMPTY] §8 §r§8 §r§1 §r§3 §r§3 §r§7 §r§8 
10:22:19 [PROFILE_JOIN] §aYou are playing on profile: §eLemon§b (Co-op)
10:22:19 [PROFILE_JOIN] §8Profile ID: 62b760d8-92b6-4501-ada0-1fd8583f5266
10:22:24 [EMPTY] §8 §r§8 §r§1 §r§3 §r§3 §r§7 §r§8 
10:22:27 [PROFILE_JOIN] §aYou are playing on profile: §eLemon§b (Co-op)
10:22:27 [PROFILE_JOIN] §8Profile ID: 62b760d8-92b6-4501-ada0-1fd8583f5266
10:22:52 [SACKS_CHANGE] §6[Sacks] §r§a+6§r§e items§r§e.§r§8 (Last 5s.)
10:23:06 [SACKS_CHANGE] §6[Sacks] §r§a+16§r§e items§r§e.§r§8 (Last 10s.)
10:23:37 [SACKS_CHANGE] §6[Sacks] §r§a+81§r§e items§r§e.§r§8 (Last 29s.)
10:24:02 [SACKS_CHANGE] §6[Sacks] §r§a+29§r§e items§r§e.§r§8 (Last 13s.)
10:24:04 [EMPTY] §8 §r§8 §r§1 §r§3 §r§3 §r§7 §r§8 
10:24:08 [PROFILE_JOIN] §aYou are playing on profile: §eLemon§b (Co-op)
10:24:08 [PROFILE_JOIN] §8Profile ID: 62b760d8-92b6-4501-ada0-1fd8583f5266
10:29:05 [GUILD_EXP] §aYou earned §r§2260 GEXP §r§a+ §r§e780 Event EXP §r§afrom playing SkyBlock!
10:34:06 [GUILD_EXP] §aYou earned §r§2218 GEXP §r§a+ §r§e654 Event EXP §r§afrom playing SkyBlock!
10:35:04 [SACKS_CHANGE] §6[Sacks] §r§a+132§r§e items§r§e, §r§c-132§r§e items§r§e.§r§8 (Last 6s.)
10:35:42 [SACKS_CHANGE] §6[Sacks] §r§c-1,723§r§e items§r§e.§r§8 (Last 5s.)
10:39:07 [GUILD_EXP] §aYou earned §r§2501 GEXP §r§a+ §r§e1,503 Event EXP §r§afrom playing SkyBlock!
10:40:29 [SACKS_CHANGE] §6[Sacks] §r§c-114§r§e items§r§e.§r§8 (Last 5s.)
10:42:27 [SACKS_CHANGE] §6[Sacks] §r§a+1§r§e item§r§e.§r§8 (Last 5s.)
10:42:49 [SACKS_CHANGE] §6[Sacks] §r§c-10§r§e items§r§e.§r§8 (Last 13s.)
10:43:00 [SACKS_CHANGE] §6[Sacks] §r§c-17§r§e items§r§e.§r§8 (Last 8s.)
10:44:07 [GUILD_EXP] §aYou earned §r§2421 GEXP §r§a+ §r§e1,263 Event EXP §r§afrom playing SkyBlock!
10:44:14 [SACKS_CHANGE] §6[Sacks] §r§a+327§r§e items§r§e, §r§c-14,343§r§e items§r§e.§r§8 (Last 21s.)
10:44:22 [EMPTY] §8 §r§8 §r§1 §r§3 §r§3 §r§7 §r§8 
10:44:26 [PROFILE_JOIN] §aYou are playing on profile: §eLemon§b (Co-op)
10:44:26 [PROFILE_JOIN] §8Profile ID: 62b760d8-92b6-4501-ada0-1fd8583f5266
10:44:29 [EMPTY] §8 §r§8 §r§1 §r§3 §r§3 §r§7 §r§8 
10:44:32 [PROFILE_JOIN] §aYou are playing on profile: §eLemon§b (Co-op)
10:44:32 [PROFILE_JOIN] §8Profile ID: 62b760d8-92b6-4501-ada0-1fd8583f5266
10:45:24 [SACKS_CHANGE] §6[Sacks] §r§a+3,593§r§e items§r§e.§r§8 (Last 30s.)
10:45:55 [SACKS_CHANGE] §6[Sacks] §r§a+3,623§r§e items§r§e.§r§8 (Last 30s.)
10:46:25 [SACKS_CHANGE] §6[Sacks] §r§a+3,641§r§e items§r§e.§r§8 (Last 30s.)
10:46:56 [SACKS_CHANGE] §6[Sacks] §r§a+3,572§r§e items§r§e.§r§8 (Last 30s.)
10:47:16 [SACKS_CHANGE] §6[Sacks] §r§a+267§r§e items§r§e, §r§c-14,717§r§e items§r§e.§r§8 (Last 19s.)
10:47:30 [GUILD_EXP] §aYou earned §r§2280 GEXP §r§a+ §r§e840 Event EXP §r§afrom playing SkyBlock!
10:47:52 [SACKS_CHANGE] §6[Sacks] §r§a+3,256§r§e items§r§e.§r§8 (Last 30s.)
10:48:25 [SACKS_CHANGE] §6[Sacks] §r§a+3,825§r§e items§r§e.§r§8 (Last 30s.)
10:48:56 [SACKS_CHANGE] §6[Sacks] §r§a+3,804§r§e items§r§e.§r§8 (Last 30s.)
10:49:27 [SACKS_CHANGE] §6[Sacks] §r§a+2,836§r§e items§r§e.§r§8 (Last 30s.)
10:49:58 [SACKS_CHANGE] §6[Sacks] §r§a+2,341§r§e items§r§e.§r§8 (Last 30s.)
10:50:29 [SACKS_CHANGE] §6[Sacks] §r§a+3,524§r§e items§r§e.§r§8 (Last 30s.)
10:51:00 [SACKS_CHANGE] §6[Sacks] §r§a+530§r§e items§r§e.§r§8 (Last 30s.)
10:51:31 [SACKS_CHANGE] §6[Sacks] §r§a+23§r§e items§r§e.§r§8 (Last 30s.)
10:52:03 [SACKS_CHANGE] §6[Sacks] §r§a+23§r§e items§r§e.§r§8 (Last 30s.)
10:52:12 [SACKS_CHANGE] §6[Sacks] §r§a+3§r§e items§r§e.§r§8 (Last 8s.)
10:52:34 [GUILD_EXP] §aYou earned §r§2750 GEXP §r§a+ §r§e2,250 Event EXP §r§afrom playing SkyBlock!
10:52:36 [SACKS_CHANGE] §6[Sacks] §r§a+1,662§r§e items§r§e, §r§c-21,891§r§e items§r§e.§r§8 (Last 22s.)
10:53:22 [SACKS_CHANGE] §6[Sacks] §r§a+229§r§e items§r§e.§r§8 (Last 5s.)
10:53:35 [EMPTY] §8 §r§8 §r§1 §r§3 §r§3 §r§7 §r§8 
10:53:38 [PROFILE_JOIN] §aYou are playing on profile: §eLemon§b (Co-op)
10:53:39 [PROFILE_JOIN] §8Profile ID: 62b760d8-92b6-4501-ada0-1fd8583f5266
10:54:25 [SACKS_CHANGE] §6[Sacks] §r§a+102§r§e items§r§e.§r§8 (Last 15s.)
10:54:36 [SACKS_CHANGE] §6[Sacks] §r§a+106§r§e items§r§e.§r§8 (Last 9s.)
10:54:49 [SACKS_CHANGE] §6[Sacks] §r§a+14§r§e items§r§e.§r§8 (Last 12s.)
10:55:14 [SACKS_CHANGE] §6[Sacks] §r§c-1,792§r§e items§r§e.§r§8 (Last 5s.)
10:55:35 [SACKS_CHANGE] §6[Sacks] §r§c-1,311§r§e items§r§e.§r§8 (Last 5s.)
10:56:38 [SACKS_CHANGE] §6[Sacks] §r§a+1,856§r§e items§r§e, §r§c-1,920§r§e items§r§e.§r§8 (Last 11s.)
10:56:45 [SACKS_CHANGE] §6[Sacks] §r§c-75§r§e items§r§e.§r§8 (Last 5s.)
10:58:27 [SACKS_CHANGE] §6[Sacks] §r§a+30§r§e items§r§e, §r§c-30§r§e items§r§e.§r§8 (Last 13s.)
10:58:36 [GUILD_EXP] §aYou earned §r§2548 GEXP §r§a+ §r§e1,644 Event EXP §r§afrom playing SkyBlock!
10:58:39 [SACKS_CHANGE] §6[Sacks] §r§a+30§r§e items§r§e.§r§8 (Last 5s.)
10:58:41 [EMPTY] §8 §r§8 §r§1 §r§3 §r§3 §r§7 §r§8 
10:58:45 [PROFILE_JOIN] §aYou are playing on profile: §eLemon§b (Co-op)
10:58:45 [PROFILE_JOIN] §8Profile ID: 62b760d8-92b6-4501-ada0-1fd8583f5266
10:58:46 [EMPTY] §8 §r§8 §r§1 §r§3 §r§3 §r§7 §r§8 
10:58:49 [PROFILE_JOIN] §aYou are playing on profile: §eLemon§b (Co-op)
10:58:49 [PROFILE_JOIN] §8Profile ID: 62b760d8-92b6-4501-ada0-1fd8583f5266
10:59:39 [SACKS_CHANGE] §6[Sacks] §r§a+604§r§e items§r§e.§r§8 (Last 13s.)
11:00:08 [SACKS_CHANGE] §6[Sacks] §r§a+220§r§e items§r§e.§r§8 (Last 11s.)
11:00:54 [SACKS_CHANGE] §6[Sacks] §r§a+80§r§e items§r§e.§r§8 (Last 6s.)
11:01:39 [EMPTY] 
11:01:39 [EMPTY] §c
11:02:48 [SACKS_CHANGE] §6[Sacks] §r§a+865§r§e items§r§e.§r§8 (Last 19s.)
11:03:31 [SACKS_CHANGE] §6[Sacks] §r§a+148§r§e items§r§e, §r§c-1,775§r§e items§r§e.§r§8 (Last 9s.)
11:04:12 [EMPTY] 
11:04:32 [SACKS_CHANGE] §6[Sacks] §r§a+663§r§e items§r§e.§r§8 (Last 11s.)
11:04:38 [GUILD_EXP] §aYou earned §r§2161 GEXP §r§a+ §r§e483 Event EXP §r§afrom playing SkyBlock!
11:05:12 [SACKS_CHANGE] §6[Sacks] §r§a+1,085§r§e items§r§e.§r§8 (Last 30s.)
11:05:42 [SACKS_CHANGE] §6[Sacks] §r§a+1,266§r§e items§r§e.§r§8 (Last 30s.)
11:05:49 [EMPTY]                                         
11:05:49 [EMPTY]                                         
11:06:13 [SACKS_CHANGE] §6[Sacks] §r§a+1,160§r§e items§r§e.§r§8 (Last 30s.)
11:06:45 [SACKS_CHANGE] §6[Sacks] §r§a+1,370§r§e items§r§e.§r§8 (Last 30s.)
11:06:59 [SACKS_CHANGE] §6[Sacks] §r§a+295§r§e items§r§e.§r§8 (Last 13s.)
11:07:34 [SACKS_CHANGE] §6[Sacks] §r§a+1,330§r§e items§r§e.§r§8 (Last 30s.)
11:08:05 [SACKS_CHANGE] §6[Sacks] §r§a+1,540§r§e items§r§e.§r§8 (Last 30s.)
11:08:35 [SACKS_CHANGE] §6[Sacks] §r§a+1,305§r§e items§r§e.§r§8 (Last 30s.)
11:09:07 [SACKS_CHANGE] §6[Sacks] §r§a+1,570§r§e items§r§e.§r§8 (Last 30s.)
11:09:38 [SACKS_CHANGE] §6[Sacks] §r§a+1,345§r§e items§r§e.§r§8 (Last 30s.)
11:09:42 [GUILD_EXP] §aYou earned §r§2503 GEXP §r§a+ §r§e1,509 Event EXP §r§afrom playing SkyBlock!
11:10:10 [SACKS_CHANGE] §6[Sacks] §r§a+1,595§r§e items§r§e.§r§8 (Last 30s.)
11:10:41 [SACKS_CHANGE] §6[Sacks] §r§a+1,320§r§e items§r§e.§r§8 (Last 30s.)
11:11:10 [EMPTY] §8 §r§8 §r§1 §r§3 §r§3 §r§7 §r§8 
11:11:14 [PROFILE_JOIN] §aYou are playing on profile: §eLemon§b (Co-op)
11:11:14 [PROFILE_JOIN] §8Profile ID: 62b760d8-92b6-4501-ada0-1fd8583f5266
11:11:55 [SACKS_CHANGE] §6[Sacks] §r§a+3§r§e items§r§e.§r§8 (Last 5s.)
11:14:41 [SACKS_CHANGE] §6[Sacks] §r§a+3§r§e items§r§e.§r§8 (Last 5s.)
11:16:11 [GUILD_EXP] §aYou earned §r§2373 GEXP §r§a+ §r§e1,119 Event EXP §r§afrom playing SkyBlock!
11:18:10 [SACKS_CHANGE] §6[Sacks] §r§a+1§r§e item§r§e.§r§8 (Last 5s.)
11:21:12 [GUILD_EXP] §aYou earned §r§2125 GEXP §r§a+ §r§e375 Event EXP §r§afrom playing SkyBlock!
11:31:13 [GUILD_EXP] §aYou earned §r§2148 GEXP §r§a+ §r§e444 Event EXP §r§afrom playing SkyBlock!
11:31:42 [SACKS_CHANGE] §6[Sacks] §r§a+1§r§e item§r§e.§r§8 (Last 5s.)
11:33:30 [SACKS_CHANGE] §6[Sacks] §r§a+4§r§e items§r§e.§r§8 (Last 5s.)
11:35:11 [SACKS_CHANGE] §6[Sacks] §r§a+1§r§e item§r§e.§r§8 (Last 5s.)
11:36:13 [GUILD_EXP] §aYou earned §r§2724 GEXP §r§a+ §r§e2,172 Event EXP §r§afrom playing SkyBlock!
11:41:14 [GUILD_EXP] §aYou earned §r§2641 GEXP §r§a+ §r§e1,923 Event EXP §r§afrom playing SkyBlock!
11:42:53 [SACKS_CHANGE] §6[Sacks] §r§c-1,728§r§e items§r§e.§r§8 (Last 5s.)
11:44:48 [EMPTY] §8 §r§8 §r§1 §r§3 §r§3 §r§7 §r§8 
11:44:51 [PROFILE_JOIN] §aYou are playing on profile: §eLemon§b (Co-op)
11:44:51 [PROFILE_JOIN] §8Profile ID: 62b760d8-92b6-4501-ada0-1fd8583f5266
11:46:25 [EMPTY] §8 §r§8 §r§1 §r§3 §r§3 §r§7 §r§8 
11:46:28 [PROFILE_JOIN] §aYou are playing on profile: §eLemon§b (Co-op)
11:46:28 [PROFILE_JOIN] §8Profile ID: 62b760d8-92b6-4501-ada0-1fd8583f5266
11:46:37 [EMPTY] §8 §r§8 §r§1 §r§3 §r§3 §r§7 §r§8 
11:46:41 [PROFILE_JOIN] §aYou are playing on profile: §eLemon§b (Co-op)
11:46:41 [PROFILE_JOIN] §8Profile ID: 62b760d8-92b6-4501-ada0-1fd8583f5266
11:46:49 [SACKS_CHANGE] §6[Sacks] §r§a+47§r§e items§r§e.§r§8 (Last 9s.)
11:47:40 [SACKS_CHANGE] §6[Sacks] §r§a+562§r§e items§r§e.§r§8 (Last 21s.)
11:48:12 [SACKS_CHANGE] §6[Sacks] §r§a+2,719§r§e items§r§e.§r§8 (Last 30s.)
11:48:43 [SACKS_CHANGE] §6[Sacks] §r§a+2,057§r§e items§r§e.§r§8 (Last 30s.)
11:49:14 [SACKS_CHANGE] §6[Sacks] §r§a+1,774§r§e items§r§e.§r§8 (Last 30s.)
11:49:46 [SACKS_CHANGE] §6[Sacks] §r§a+1,559§r§e items§r§e.§r§8 (Last 30s.)
11:50:17 [SACKS_CHANGE] §6[Sacks] §r§a+2,695§r§e items§r§e.§r§8 (Last 30s.)
11:50:47 [SACKS_CHANGE] §6[Sacks] §r§a+1,615§r§e items§r§e.§r§8 (Last 30s.)
11:51:19 [SACKS_CHANGE] §6[Sacks] §r§a+1,563§r§e items§r§e.§r§8 (Last 30s.)
11:51:27 [GUILD_EXP] §aYou earned §r§2560 GEXP §r§a+ §r§e1,680 Event EXP §r§afrom playing SkyBlock!
11:51:29 [SACKS_CHANGE] §6[Sacks] §r§a+429§r§e items§r§e.§r§8 (Last 9s.)
11:51:42 [EMPTY] 
11:51:42 [EMPTY] 
11:51:42 [EMPTY] 
11:51:42 [EMPTY] 
11:52:10 [EMPTY]  
11:52:10 [BESTIARY] §f                                  §6§lBESTIARY
11:52:10 [BESTIARY] §f                           §b§lEndermite §7§817 §8➡§b §b18
11:52:10 [BESTIARY] 
11:52:10 [BESTIARY]                                   §r§6§lREWARDS
11:52:10 [BESTIARY]                         §r§8+§r§a5 Endermite §r§b✯ Magic Find
11:52:10 [BESTIARY]                          §r§8+§r§a5 Endermite §r§c❁ Strength
11:52:10 [BESTIARY]                             §r§8+§r§62% §r§aEndermite §r§7coins
11:52:10 [BESTIARY]                     §r§8+§r§a50% §r§7chance for extra XP orbs
11:52:10 [BESTIARY]                                §r§8+§r§b1 SkyBlock XP
11:52:10 [BESTIARY] 
11:52:10 [BESTIARY] §3§l▬▬▬▬▬▬▬▬▬▬▬▬▬▬▬▬▬▬▬▬▬▬▬▬▬▬▬▬▬▬▬▬▬▬▬▬▬▬▬▬▬▬▬▬▬▬▬▬▬▬▬▬▬▬▬▬▬▬▬▬▬▬▬▬
11:52:18 [SACKS_CHANGE] §6[Sacks] §r§a+1,317§r§e items§r§e.§r§8 (Last 30s.)
11:52:50 [SACKS_CHANGE] §6[Sacks] §r§a+1,586§r§e items§r§e.§r§8 (Last 30s.)
11:53:04 [SACKS_CHANGE] §6[Sacks] §r§a+273§r§e items§r§e.§r§8 (Last 13s.)
11:53:46 [SACKS_CHANGE] §6[Sacks] §r§a+25§r§e items§r§e.§r§8 (Last 7s.)
11:54:45 [EMPTY] §8 §r§8 §r§1 §r§3 §r§3 §r§7 §r§8 
11:54:49 [PROFILE_JOIN] §aYou are playing on profile: §eLemon§b (Co-op)
11:54:49 [PROFILE_JOIN] §8Profile ID: 62b760d8-92b6-4501-ada0-1fd8583f5266
11:55:28 [EMPTY] §8 §r§8 §r§1 §r§3 §r§3 §r§7 §r§8 
11:55:31 [PROFILE_JOIN] §aYou are playing on profile: §eLemon§b (Co-op)
11:55:31 [PROFILE_JOIN] §8Profile ID: 62b760d8-92b6-4501-ada0-1fd8583f5266
11:57:07 [GUILD_EXP] §aYou earned §r§285 GEXP §r§a+ §r§e255 Event EXP §r§afrom playing SkyBlock!
