15:01:44 Trying to load config from config\skyhanni\config.json
15:01:44 load-config-now
15:01:44 Loaded config from file
15:01:44 Trying to load sacks from config\skyhanni\sacks.json
15:01:44 load-sacks-now
15:01:44 Loaded sacks from file
15:01:44 Trying to load friends from config\skyhanni\friends.json
15:01:44 load-friends-now
15:01:44 Loaded friends from file
15:01:44 Trying to load known_features from config\skyhanni\known_features.json
15:01:44 load-known_features-now
15:01:44 Loaded known_features from file
15:01:44 Trying to load jacob_contests from config\skyhanni\jacob_contests.json
15:01:44 load-jacob_contests-now
15:01:44 Loaded jacob_contests from file
15:01:44 Trying to load visual_words from config\skyhanni\visual_words.json
15:01:44 Setting visual_words to be blank as it did not exist. It will be saved once something is written to it
15:01:44 Trying to load pets from config\skyhanni\pets.json
15:01:44 load-pets-now
15:01:44 Loaded pets from file
15:01:44 Trying to load storage from config\skyhanni\storage.json
15:01:44 load-storage-now
15:01:44 Loaded storage from file
15:01:44 Trying to load routes from config\skyhanni\routes.json
15:01:44 load-routes-now
15:01:44 Loaded routes from file
15:02:22 saveConfig: Updated known feature flags
15:02:22 Saving known_features file
15:02:22 Saved known_features file successfully
15:02:22 saveConfig: Updated known feature flags
15:02:22 Saving known_features file
15:02:22 Saved known_features file successfully
15:02:44 saveConfig: auto-save-60s
15:02:44 Saving config file
15:02:44 Saved config file successfully
15:02:44 saveConfig: auto-save-60s
15:02:44 Saving config file
15:02:44 Saved config file successfully
15:03:44 saveConfig: auto-save-60s
15:03:44 Saving config file
15:03:44 Saved config file successfully
15:03:44 saveConfig: auto-save-60s
15:03:44 Saving config file
15:03:44 Saved config file successfully
15:04:44 saveConfig: auto-save-60s
15:04:44 Saving config file
15:04:44 Saved config file successfully
15:04:44 saveConfig: auto-save-60s
15:04:44 Saving config file
15:04:44 Saved config file successfully
15:05:44 saveConfig: Updated Items
15:05:44 Saving storage file
15:05:44 Saved storage file successfully
15:05:44 saveConfig: Updated Items
15:05:44 Saving storage file
15:05:44 Saved storage file successfully
15:05:44 saveConfig: auto-save-60s
15:05:44 Saving config file
15:05:44 Saved config file successfully
15:05:44 saveConfig: auto-save-60s
15:05:44 Saving config file
15:05:44 Saved config file successfully
15:05:46 saveConfig: Updated Items
15:05:46 Saving storage file
15:05:46 Saved storage file successfully
15:05:46 saveConfig: Updated Items
15:05:46 Saving storage file
15:05:46 Saved storage file successfully
15:05:47 saveConfig: Updated Items
15:05:47 Saving storage file
15:05:47 Saved storage file successfully
15:05:47 saveConfig: Updated Items
15:05:47 Saving storage file
15:05:47 Saved storage file successfully
15:06:03 saveConfig: Updated Items
15:06:03 Saving storage file
15:06:03 Saved storage file successfully
15:06:03 saveConfig: Updated Items
15:06:03 Saving storage file
15:06:03 Saved storage file successfully
15:06:04 saveConfig: Updated Items
15:06:04 Saving storage file
15:06:04 Saved storage file successfully
15:06:04 saveConfig: Updated Items
15:06:04 Saving storage file
15:06:04 Saved storage file successfully
15:06:06 saveConfig: Updated Items
15:06:06 Saving storage file
15:06:06 Saved storage file successfully
15:06:06 saveConfig: Updated Items
15:06:06 Saving storage file
15:06:06 Saved storage file successfully
15:06:07 saveConfig: Updated Items
15:06:07 Saving storage file
15:06:07 Saved storage file successfully
15:06:07 saveConfig: Updated Items
15:06:07 Saving storage file
15:06:07 Saved storage file successfully
15:06:09 saveConfig: Updated Items
15:06:09 Saving storage file
15:06:09 Saved storage file successfully
15:06:09 saveConfig: Updated Items
15:06:09 Saving storage file
15:06:09 Saved storage file successfully
15:06:10 saveConfig: Updated Items
15:06:10 Saving storage file
15:06:10 Saved storage file successfully
15:06:10 saveConfig: Updated Items
15:06:10 Saving storage file
15:06:10 Saved storage file successfully
15:06:27 saveConfig: Updated Items
15:06:27 Saving storage file
15:06:27 Saved storage file successfully
15:06:27 saveConfig: Updated Items
15:06:27 Saving storage file
15:06:27 Saved storage file successfully
15:06:28 saveConfig: Updated Items
15:06:28 Saving storage file
15:06:28 Saved storage file successfully
15:06:28 saveConfig: Updated Items
15:06:28 Saving storage file
15:06:28 Saved storage file successfully
15:06:29 saveConfig: Updated Items
15:06:29 Saving storage file
15:06:29 Saved storage file successfully
15:06:29 saveConfig: Updated Items
15:06:29 Saving storage file
15:06:29 Saved storage file successfully
15:06:30 saveConfig: Updated Items
15:06:30 Saving storage file
15:06:30 Saved storage file successfully
15:06:30 saveConfig: Updated Items
15:06:30 Saving storage file
15:06:30 Saved storage file successfully
15:06:44 saveConfig: auto-save-60s
15:06:44 Saving config file
15:06:44 Saved config file successfully
15:06:44 saveConfig: auto-save-60s
15:06:44 Saving config file
15:06:44 Saved config file successfully
15:07:03 saveConfig: Updated Items
15:07:03 Saving storage file
15:07:03 Saved storage file successfully
15:07:03 saveConfig: Updated Items
15:07:03 Saving storage file
15:07:03 Saved storage file successfully
15:07:04 saveConfig: Updated Items
15:07:04 Saving storage file
15:07:04 Saved storage file successfully
15:07:04 saveConfig: Updated Items
15:07:04 Saving storage file
15:07:04 Saved storage file successfully
15:07:05 saveConfig: Updated Items
15:07:05 Saving storage file
15:07:05 Saved storage file successfully
15:07:05 saveConfig: Updated Items
15:07:05 Saving storage file
15:07:05 Saved storage file successfully
15:07:06 saveConfig: Updated Items
15:07:06 Saving storage file
15:07:06 Saved storage file successfully
15:07:06 saveConfig: Updated Items
15:07:06 Saving storage file
15:07:06 Saved storage file successfully
15:07:07 saveConfig: Updated Items
15:07:07 Saving storage file
15:07:07 Saved storage file successfully
15:07:07 saveConfig: Updated Items
15:07:07 Saving storage file
15:07:07 Saved storage file successfully
15:07:10 saveConfig: Updated Items
15:07:10 Saving storage file
15:07:10 Saved storage file successfully
15:07:10 saveConfig: Updated Items
15:07:10 Saving storage file
15:07:10 Saved storage file successfully
15:07:29 saveConfig: Updated Items
15:07:29 Saving storage file
15:07:29 Saved storage file successfully
15:07:29 saveConfig: Updated Items
15:07:29 Saving storage file
15:07:29 Saved storage file successfully
15:07:30 saveConfig: Updated Items
15:07:30 Saving storage file
15:07:30 Saved storage file successfully
15:07:30 saveConfig: Updated Items
15:07:30 Saving storage file
15:07:30 Saved storage file successfully
15:07:31 saveConfig: Updated Items
15:07:31 Saving storage file
15:07:31 Saved storage file successfully
15:07:31 saveConfig: Updated Items
15:07:31 Saving storage file
15:07:31 Saved storage file successfully
15:07:34 saveConfig: Updated Items
15:07:34 Saving storage file
15:07:34 Saved storage file successfully
15:07:34 saveConfig: Updated Items
15:07:34 Saving storage file
15:07:34 Saved storage file successfully
15:07:35 saveConfig: Updated Items
15:07:35 Saving storage file
15:07:35 Saved storage file successfully
15:07:35 saveConfig: Updated Items
15:07:35 Saving storage file
15:07:35 Saved storage file successfully
15:07:36 saveConfig: Updated Items
15:07:36 Saving storage file
15:07:36 Saved storage file successfully
15:07:36 saveConfig: Updated Items
15:07:36 Saving storage file
15:07:36 Saved storage file successfully
15:07:37 saveConfig: Updated Items
15:07:37 Saving storage file
15:07:37 Saved storage file successfully
15:07:37 saveConfig: Updated Items
15:07:37 Saving storage file
15:07:37 Saved storage file successfully
15:07:39 saveConfig: Updated Items
15:07:39 Saving storage file
15:07:39 Saved storage file successfully
15:07:39 saveConfig: Updated Items
15:07:39 Saving storage file
15:07:39 Saved storage file successfully
15:07:40 saveConfig: Updated Items
15:07:40 Saving storage file
15:07:40 Saved storage file successfully
15:07:40 saveConfig: Updated Items
15:07:40 Saving storage file
15:07:40 Saved storage file successfully
15:07:41 saveConfig: Updated Items
15:07:41 Saving storage file
15:07:41 Saved storage file successfully
15:07:41 saveConfig: Updated Items
15:07:41 Saving storage file
15:07:41 Saved storage file successfully
15:07:43 saveConfig: Updated Items
15:07:43 Saving storage file
15:07:43 Saved storage file successfully
15:07:43 saveConfig: Updated Items
15:07:43 Saving storage file
15:07:43 Saved storage file successfully
15:07:44 saveConfig: Updated Items
15:07:44 Saving storage file
15:07:44 Saved storage file successfully
15:07:44 saveConfig: Updated Items
15:07:44 Saving storage file
15:07:44 Saved storage file successfully
15:07:44 saveConfig: auto-save-60s
15:07:44 Saving config file
15:07:44 Saved config file successfully
15:07:44 saveConfig: auto-save-60s
15:07:44 Saving config file
15:07:44 Saved config file successfully
15:07:46 saveConfig: Updated Items
15:07:46 Saving storage file
15:07:46 Saved storage file successfully
15:07:46 saveConfig: Updated Items
15:07:46 Saving storage file
15:07:46 Saved storage file successfully
15:07:47 saveConfig: Updated Items
15:07:47 Saving storage file
15:07:47 Saved storage file successfully
15:07:47 saveConfig: Updated Items
15:07:47 Saving storage file
15:07:47 Saved storage file successfully
15:07:48 saveConfig: Updated Items
15:07:48 Saving storage file
15:07:48 Saved storage file successfully
15:07:48 saveConfig: Updated Items
15:07:48 Saving storage file
15:07:48 Saved storage file successfully
15:07:49 saveConfig: Updated Items
15:07:49 Saving storage file
15:07:49 Saved storage file successfully
15:07:49 saveConfig: Updated Items
15:07:49 Saving storage file
15:07:49 Saved storage file successfully
15:07:50 saveConfig: Updated Items
15:07:50 Saving storage file
15:07:50 Saved storage file successfully
15:07:50 saveConfig: Updated Items
15:07:50 Saving storage file
15:07:50 Saved storage file successfully
15:07:51 saveConfig: Updated Items
15:07:51 Saving storage file
15:07:51 Saved storage file successfully
15:07:51 saveConfig: Updated Items
15:07:51 Saving storage file
15:07:51 Saved storage file successfully
15:07:52 saveConfig: Updated Items
15:07:52 Saving storage file
15:07:52 Saved storage file successfully
15:07:52 saveConfig: Updated Items
15:07:52 Saving storage file
15:07:52 Saved storage file successfully
15:07:53 saveConfig: Updated Items
15:07:53 Saving storage file
15:07:53 Saved storage file successfully
15:07:53 saveConfig: Updated Items
15:07:53 Saving storage file
15:07:53 Saved storage file successfully
15:07:54 saveConfig: Updated Items
15:07:54 Saving storage file
15:07:54 Saved storage file successfully
15:07:54 saveConfig: Updated Items
15:07:54 Saving storage file
15:07:54 Saved storage file successfully
15:07:55 saveConfig: Updated Items
15:07:55 Saving storage file
15:07:55 Saved storage file successfully
15:07:55 saveConfig: Updated Items
15:07:55 Saving storage file
15:07:55 Saved storage file successfully
15:07:56 saveConfig: Updated Items
15:07:56 Saving storage file
15:07:56 Saved storage file successfully
15:07:56 saveConfig: Updated Items
15:07:56 Saving storage file
15:07:56 Saved storage file successfully
15:07:57 saveConfig: Updated Items
15:07:57 Saving storage file
15:07:57 Saved storage file successfully
15:07:57 saveConfig: Updated Items
15:07:57 Saving storage file
15:07:57 Saved storage file successfully
15:07:58 saveConfig: Updated Items
15:07:58 Saving storage file
15:07:58 Saved storage file successfully
15:07:58 saveConfig: Updated Items
15:07:58 Saving storage file
15:07:58 Saved storage file successfully
15:07:59 saveConfig: Updated Items
15:07:59 Saving storage file
15:07:59 Saved storage file successfully
15:07:59 saveConfig: Updated Items
15:07:59 Saving storage file
15:07:59 Saved storage file successfully
15:08:00 saveConfig: Updated Items
15:08:00 Saving storage file
15:08:00 Saved storage file successfully
15:08:00 saveConfig: Updated Items
15:08:00 Saving storage file
15:08:00 Saved storage file successfully
15:08:01 saveConfig: Updated Items
15:08:01 Saving storage file
15:08:01 Saved storage file successfully
15:08:01 saveConfig: Updated Items
15:08:01 Saving storage file
15:08:01 Saved storage file successfully
15:08:02 saveConfig: Updated Items
15:08:02 Saving storage file
15:08:02 Saved storage file successfully
15:08:02 saveConfig: Updated Items
15:08:02 Saving storage file
15:08:02 Saved storage file successfully
15:08:03 saveConfig: Updated Items
15:08:03 Saving storage file
15:08:03 Saved storage file successfully
15:08:03 saveConfig: Updated Items
15:08:03 Saving storage file
15:08:03 Saved storage file successfully
15:08:04 saveConfig: Updated Items
15:08:04 Saving storage file
15:08:04 Saved storage file successfully
15:08:04 saveConfig: Updated Items
15:08:04 Saving storage file
15:08:04 Saved storage file successfully
15:08:05 saveConfig: Updated Items
15:08:05 Saving storage file
15:08:05 Saved storage file successfully
15:08:05 saveConfig: Updated Items
15:08:05 Saving storage file
15:08:05 Saved storage file successfully
15:08:07 saveConfig: Updated Items
15:08:07 Saving storage file
15:08:07 Saved storage file successfully
15:08:07 saveConfig: Updated Items
15:08:07 Saving storage file
15:08:07 Saved storage file successfully
15:08:08 saveConfig: Updated Items
15:08:08 Saving storage file
15:08:08 Saved storage file successfully
15:08:08 saveConfig: Updated Items
15:08:08 Saving storage file
15:08:08 Saved storage file successfully
15:08:10 saveConfig: Updated Items
15:08:10 Saving storage file
15:08:10 Saved storage file successfully
15:08:10 saveConfig: Updated Items
15:08:10 Saving storage file
15:08:10 Saved storage file successfully
15:08:11 saveConfig: Updated Items
15:08:11 Saving storage file
15:08:11 Saved storage file successfully
15:08:11 saveConfig: Updated Items
15:08:11 Saving storage file
15:08:11 Saved storage file successfully
15:08:12 saveConfig: Updated Items
15:08:12 Saving storage file
15:08:12 Saved storage file successfully
15:08:12 saveConfig: Updated Items
15:08:12 Saving storage file
15:08:12 Saved storage file successfully
15:08:14 saveConfig: Updated Items
15:08:14 Saving storage file
15:08:14 Saved storage file successfully
15:08:14 saveConfig: Updated Items
15:08:14 Saving storage file
15:08:14 Saved storage file successfully
15:08:18 saveConfig: Updated Items
15:08:18 Saving storage file
15:08:18 Saved storage file successfully
15:08:18 saveConfig: Updated Items
15:08:18 Saving storage file
15:08:18 Saved storage file successfully
15:08:19 saveConfig: Updated Items
15:08:19 Saving storage file
15:08:19 Saved storage file successfully
15:08:19 saveConfig: Updated Items
15:08:19 Saving storage file
15:08:19 Saved storage file successfully
15:08:20 saveConfig: Updated Items
15:08:20 Saving storage file
15:08:20 Saved storage file successfully
15:08:20 saveConfig: Updated Items
15:08:20 Saving storage file
15:08:20 Saved storage file successfully
15:08:23 saveConfig: Updated Items
15:08:23 Saving storage file
15:08:23 Saved storage file successfully
15:08:23 saveConfig: Updated Items
15:08:23 Saving storage file
15:08:23 Saved storage file successfully
15:08:26 saveConfig: Updated Items
15:08:26 Saving storage file
15:08:26 Saved storage file successfully
15:08:26 saveConfig: Updated Items
15:08:26 Saving storage file
15:08:26 Saved storage file successfully
15:08:27 saveConfig: Updated Items
15:08:27 Saving storage file
15:08:27 Saved storage file successfully
15:08:27 saveConfig: Updated Items
15:08:27 Saving storage file
15:08:27 Saved storage file successfully
15:08:29 saveConfig: Updated Items
15:08:29 Saving storage file
15:08:29 Saved storage file successfully
15:08:29 saveConfig: Updated Items
15:08:29 Saving storage file
15:08:29 Saved storage file successfully
15:08:30 saveConfig: Updated Items
15:08:30 Saving storage file
15:08:30 Saved storage file successfully
15:08:30 saveConfig: Updated Items
15:08:30 Saving storage file
15:08:30 Saved storage file successfully
15:08:31 saveConfig: Updated Items
15:08:31 Saving storage file
15:08:31 Saved storage file successfully
15:08:31 saveConfig: Updated Items
15:08:31 Saving storage file
15:08:31 Saved storage file successfully
15:08:32 saveConfig: Updated Items
15:08:32 Saving storage file
15:08:32 Saved storage file successfully
15:08:32 saveConfig: Updated Items
15:08:32 Saving storage file
15:08:32 Saved storage file successfully
15:08:33 saveConfig: Updated Items
15:08:33 Saving storage file
15:08:33 Saved storage file successfully
15:08:33 saveConfig: Updated Items
15:08:33 Saving storage file
15:08:33 Saved storage file successfully
15:08:34 saveConfig: Updated Items
15:08:34 Saving storage file
15:08:34 Saved storage file successfully
15:08:34 saveConfig: Updated Items
15:08:34 Saving storage file
15:08:34 Saved storage file successfully
15:08:35 saveConfig: Updated Items
15:08:35 Saving storage file
15:08:35 Saved storage file successfully
15:08:35 saveConfig: Updated Items
15:08:35 Saving storage file
15:08:35 Saved storage file successfully
15:08:36 saveConfig: Updated Items
15:08:36 Saving storage file
15:08:36 Saved storage file successfully
15:08:36 saveConfig: Updated Items
15:08:36 Saving storage file
15:08:36 Saved storage file successfully
15:08:37 saveConfig: Updated Items
15:08:37 Saving storage file
15:08:37 Saved storage file successfully
15:08:37 saveConfig: Updated Items
15:08:37 Saving storage file
15:08:37 Saved storage file successfully
15:08:39 saveConfig: Updated Items
15:08:39 Saving storage file
15:08:39 Saved storage file successfully
15:08:39 saveConfig: Updated Items
15:08:39 Saving storage file
15:08:39 Saved storage file successfully
15:08:40 saveConfig: Updated Items
15:08:40 Saving storage file
15:08:40 Saved storage file successfully
15:08:40 saveConfig: Updated Items
15:08:40 Saving storage file
15:08:40 Saved storage file successfully
15:08:44 saveConfig: auto-save-60s
15:08:44 Saving config file
15:08:44 Saved config file successfully
15:08:44 saveConfig: auto-save-60s
15:08:44 Saving config file
15:08:44 Saved config file successfully
15:09:12 saveConfig: Updated Items
15:09:12 Saving storage file
15:09:12 Saved storage file successfully
15:09:12 saveConfig: Updated Items
15:09:12 Saving storage file
15:09:12 Saved storage file successfully
15:09:13 saveConfig: Updated Items
15:09:13 Saving storage file
15:09:13 Saved storage file successfully
15:09:13 saveConfig: Updated Items
15:09:13 Saving storage file
15:09:13 Saved storage file successfully
15:09:15 saveConfig: Updated Items
15:09:15 Saving storage file
15:09:15 Saved storage file successfully
15:09:15 saveConfig: Updated Items
15:09:15 Saving storage file
15:09:15 Saved storage file successfully
15:09:18 saveConfig: Updated Items
15:09:18 Saving storage file
15:09:18 Saved storage file successfully
15:09:18 saveConfig: Updated Items
15:09:18 Saving storage file
15:09:18 Saved storage file successfully
15:09:19 saveConfig: Updated Items
15:09:19 Saving storage file
15:09:19 Saved storage file successfully
15:09:19 saveConfig: Updated Items
15:09:19 Saving storage file
15:09:19 Saved storage file successfully
15:09:20 saveConfig: Updated Items
15:09:20 Saving storage file
15:09:20 Saved storage file successfully
15:09:20 saveConfig: Updated Items
15:09:20 Saving storage file
15:09:20 Saved storage file successfully
15:09:21 saveConfig: Updated Items
15:09:21 Saving storage file
15:09:21 Saved storage file successfully
15:09:21 saveConfig: Updated Items
15:09:21 Saving storage file
15:09:21 Saved storage file successfully
15:09:22 saveConfig: Updated Items
15:09:22 Saving storage file
15:09:22 Saved storage file successfully
15:09:22 saveConfig: Updated Items
15:09:22 Saving storage file
15:09:22 Saved storage file successfully
15:09:23 saveConfig: Updated Items
15:09:23 Saving storage file
15:09:23 Saved storage file successfully
15:09:23 saveConfig: Updated Items
15:09:23 Saving storage file
15:09:23 Saved storage file successfully
15:09:24 saveConfig: Updated Items
15:09:24 Saving storage file
15:09:24 Saved storage file successfully
15:09:24 saveConfig: Updated Items
15:09:24 Saving storage file
15:09:24 Saved storage file successfully
15:09:26 saveConfig: Updated Items
15:09:26 Saving storage file
15:09:26 Saved storage file successfully
15:09:26 saveConfig: Updated Items
15:09:26 Saving storage file
15:09:26 Saved storage file successfully
15:09:27 saveConfig: Updated Items
15:09:27 Saving storage file
15:09:27 Saved storage file successfully
15:09:27 saveConfig: Updated Items
15:09:27 Saving storage file
15:09:27 Saved storage file successfully
15:09:44 saveConfig: auto-save-60s
15:09:44 Saving config file
15:09:44 Saved config file successfully
15:09:44 saveConfig: auto-save-60s
15:09:44 Saving config file
15:09:44 Saved config file successfully
15:10:44 saveConfig: auto-save-60s
15:10:44 Saving config file
15:10:44 Saved config file successfully
15:10:44 saveConfig: auto-save-60s
15:10:44 Saving config file
15:10:44 Saved config file successfully
15:11:44 saveConfig: auto-save-60s
15:11:44 Saving config file
15:11:44 Saved config file successfully
15:11:44 saveConfig: auto-save-60s
15:11:44 Saving config file
15:11:44 Saved config file successfully
15:12:44 saveConfig: auto-save-60s
15:12:44 Saving config file
15:12:44 Saved config file successfully
15:12:44 saveConfig: auto-save-60s
15:12:44 Saving config file
15:12:44 Saved config file successfully
15:13:44 saveConfig: auto-save-60s
15:13:44 Saving config file
15:13:44 Saved config file successfully
15:13:44 saveConfig: auto-save-60s
15:13:44 Saving config file
15:13:44 Saved config file successfully
15:14:44 saveConfig: auto-save-60s
15:14:44 Saving config file
15:14:44 Saved config file successfully
15:14:44 saveConfig: auto-save-60s
15:14:44 Saving config file
15:14:44 Saved config file successfully
15:15:44 saveConfig: auto-save-60s
15:15:44 Saving config file
15:15:44 Saved config file successfully
15:15:44 saveConfig: auto-save-60s
15:15:44 Saving config file
15:15:44 Saved config file successfully
15:16:44 saveConfig: auto-save-60s
15:16:44 Saving config file
15:16:44 Saved config file successfully
15:16:44 saveConfig: auto-save-60s
15:16:44 Saving config file
15:16:44 Saved config file successfully
15:17:44 saveConfig: auto-save-60s
15:17:44 Saving config file
15:17:44 Saved config file successfully
15:17:44 saveConfig: auto-save-60s
15:17:44 Saving config file
15:17:44 Saved config file successfully
15:18:44 saveConfig: auto-save-60s
15:18:44 Saving config file
15:18:44 Saved config file successfully
15:18:44 saveConfig: auto-save-60s
15:18:44 Saving config file
15:18:44 Saved config file successfully
15:19:44 saveConfig: auto-save-60s
15:19:44 Saving config file
15:19:44 Saved config file successfully
15:19:44 saveConfig: auto-save-60s
15:19:44 Saving config file
15:19:44 Saved config file successfully
15:20:44 saveConfig: auto-save-60s
15:20:44 Saving config file
15:20:44 Saved config file successfully
15:20:44 saveConfig: auto-save-60s
15:20:44 Saving config file
15:20:44 Saved config file successfully
15:21:44 saveConfig: auto-save-60s
15:21:44 Saving config file
15:21:44 Saved config file successfully
15:21:44 saveConfig: auto-save-60s
15:21:44 Saving config file
15:21:44 Saved config file successfully
15:22:44 saveConfig: auto-save-60s
15:22:44 Saving config file
15:22:44 Saved config file successfully
15:22:44 saveConfig: auto-save-60s
15:22:44 Saving config file
15:22:44 Saved config file successfully
15:23:44 saveConfig: auto-save-60s
15:23:44 Saving config file
15:23:44 Saved config file successfully
15:23:44 saveConfig: auto-save-60s
15:23:44 Saving config file
15:23:44 Saved config file successfully
15:24:44 saveConfig: auto-save-60s
15:24:44 Saving config file
15:24:44 Saved config file successfully
15:24:44 saveConfig: auto-save-60s
15:24:44 Saving config file
15:24:44 Saved config file successfully
15:25:44 saveConfig: auto-save-60s
15:25:44 Saving config file
15:25:44 Saved config file successfully
15:25:44 saveConfig: auto-save-60s
15:25:44 Saving config file
15:25:44 Saved config file successfully
15:26:44 saveConfig: auto-save-60s
15:26:44 Saving config file
15:26:44 Saved config file successfully
15:26:44 saveConfig: auto-save-60s
15:26:44 Saving config file
15:26:44 Saved config file successfully
15:27:44 saveConfig: auto-save-60s
15:27:44 Saving config file
15:27:44 Saved config file successfully
15:27:44 saveConfig: auto-save-60s
15:27:44 Saving config file
15:27:44 Saved config file successfully
15:28:44 saveConfig: auto-save-60s
15:28:44 Saving config file
15:28:44 Saved config file successfully
15:28:44 saveConfig: auto-save-60s
15:28:44 Saving config file
15:28:44 Saved config file successfully
15:29:44 saveConfig: auto-save-60s
15:29:44 Saving config file
15:29:44 Saved config file successfully
15:29:44 saveConfig: auto-save-60s
15:29:44 Saving config file
15:29:44 Saved config file successfully
15:30:44 saveConfig: auto-save-60s
15:30:44 Saving config file
15:30:44 Saved config file successfully
15:30:44 saveConfig: auto-save-60s
15:30:44 Saving config file
15:30:44 Saved config file successfully
15:31:18 saveConfig: shutdown-hook
15:31:18 Saving config file
