10:12:45 §e[SkyHanni] Reloaded 7531 items in the NEU repo
10:14:45 §e[SkyHanni] Successfully loaded this year's contests from elitebot.dev automatically!
10:16:31 §e[SkyHanni] §bYou have §31.1k §bmaterials in stash, §btotalling §32 types§b. §bClick to §3pickup §byour stash!
10:17:32 §e[SkyHanni] §bYou have §39.3k §bmaterials in stash, §btotalling §32 types§b. §bClick to §3pickup §byour stash!
10:17:54 §e[SkyHanni] §bYou have §310k §bmaterials in stash, §btotalling §32 types§b. §bClick to §3pickup §byour stash!
10:19:31 §e[SkyHanni] §bYou have §322k §bmaterials in stash, §btotalling §32 types§b. §bClick to §3pickup §byour stash!
10:21:03 §e[SkyHanni] §bYou have §328k §bmaterials in stash, §btotalling §32 types§b. §bClick to §3pickup §byour stash!
10:22:03 §e[SkyHanni] §bYou have §325k §bmaterials in stash, §btotalling §32 types§b. §bClick to §3pickup §byour stash!
10:23:03 §e[SkyHanni] §bYou have §37.5k §bmaterials in stash, §btotalling §31 type§b. §bClick to §3pickup §byour stash!
10:23:43 §6§lOFFER ACCEPTED §7w/§r§aOringo§6§l!§r §215§7, §34k§7, §c13§7, §7§fPet Cake
10:40:12 §e[SkyHanni] Loaded Pumpkin milestone data from tab list!
10:40:13 §e[SkyHanni] §e1 §aPest Spawned in §b7§a!
10:40:27 §6§lBESTIARY §r§b§lCricket §7§86 §8➡§b §b7
11:27:00 §e[SkyHanni] §e1 §aPest Spawned in §b7§a!
11:27:20 §e[SkyHanni] Started tracking your Jacob Contest Blocks Per Second!
11:32:01 §e[SkyHanni] §e1 §aPest Spawned in §b4§a!
11:47:11 §e[SkyHanni] §e1 §aPest Spawned in §b7§a!
11:52:26 §e[SkyHanni] §e1 §aPest Spawned in §b7§a!
11:52:50 §6§lBESTIARY §r§b§lRat §7§85 §8➡§b §b6
11:57:30 §e[SkyHanni] §e1 §aPest Spawned in §b4§a!
11:57:45 §6§lBESTIARY §r§b§lMosquito §7§84 §8➡§b §b5
12:05:00 §e[SkyHanni] §bYou have §32k §bmaterials in stash, §btotalling §32 types§b. §bClick to §3pickup §byour stash!
12:06:01 §e[SkyHanni] §bYou have §37.7k §bmaterials in stash, §btotalling §32 types§b. §bClick to §3pickup §byour stash!
12:07:27 §e[SkyHanni] §bYou have §311k §bmaterials in stash, §btotalling §32 types§b. §bClick to §3pickup §byour stash!
12:28:28 §e[SkyHanni] §bYou have §312k §bmaterials in stash, §btotalling §32 types§b. §bClick to §3pickup §byour stash!
12:30:28 §e[SkyHanni] §bYou have §315k §bmaterials in stash, §btotalling §32 types§b. §bClick to §3pickup §byour stash!
12:31:29 §e[SkyHanni] §bYou have §320k §bmaterials in stash, §btotalling §32 types§b. §bClick to §3pickup §byour stash!
12:32:29 §e[SkyHanni] §bYou have §321k §bmaterials in stash, §btotalling §32 types§b. §bClick to §3pickup §byour stash!
12:33:59 §e[SkyHanni] §bYou have §311k §bmaterials in stash, §btotalling §32 types§b. §bClick to §3pickup §byour stash!
12:35:00 §e[SkyHanni] §bYou have §33.8k §bmaterials in stash, §btotalling §31 type§b. §bClick to §3pickup §byour stash!
12:46:56 §6§lBESTIARY MILESTONE §863➡§e64
12:46:56 §6§lBESTIARY MILESTONE §863➡§e64
12:46:56 §6§lBESTIARY MILESTONE §863➡§e64
12:46:56 §6§lBESTIARY MILESTONE §863➡§e64
12:46:56 §6§lBESTIARY MILESTONE §863➡§e64
12:51:15 §6§lBESTIARY §r§b§lWolf §7§83 §8➡§b §b4
12:54:51 §6§lBESTIARY §r§b§lOld Wolf §7§82 §8➡§b §b3
12:55:24 §6§lBESTIARY §r§b§lWolf §7§84 §8➡§b §b5
12:57:12 §6§lBESTIARY §r§b§lOld Wolf §7§83 §8➡§b §b4
13:03:08 §e[SkyHanni] The Broodmother was killed!
13:08:09 §e[SkyHanni] The Broodmother was killed!
13:21:46 §e[SkyHanni] The Broodmother was killed!
13:43:56 §e[SkyHanni] The Broodmother was killed!
13:47:03 §6§lBESTIARY §r§b§lArachne §7§810 §8➡§b §b11
