16:04:43 [EMPTY] §f §r§r§r§f §r§r§r§1 §r§r§r§0 §r§r§r§2 §r§r§r§f §r§r§r§f §r§r§r§2 §r§r§r§0 §r§r§r§4 §r§r§r§3 §r§r§r§9 §r§r§r§2 §r§r§r§0 §r§r§r§0 §r§r§r§3 §r§r§r§9 §r§r§r§2 §r§r§r§0 §r§r§r§0 §r§r§r§3 §r§r§r§9 §r§r§r§2 §r§r§r§0 §r§r§r§0 
16:04:57 [EMPTY] §8 §r§8 §r§1 §r§3 §r§3 §r§7 §r§8 
16:04:59 [EMPTY] 
16:04:59 [WELCOME] §eWelcome to §r§aHypixel SkyBlock§r§e!
16:04:59 [EMPTY] 
16:05:00 [PROFILE_JOIN] §aYou are playing on profile: §eLemon§b (Co-op)
16:05:00 [PROFILE_JOIN] §8Profile ID: 62b760d8-92b6-4501-ada0-1fd8583f5266
16:05:28 [EMPTY] §8 §r§8 §r§1 §r§3 §r§3 §r§7 §r§8 
16:05:32 [PROFILE_JOIN] §aYou are playing on profile: §eLemon§b (Co-op)
16:05:32 [PROFILE_JOIN] §8Profile ID: 62b760d8-92b6-4501-ada0-1fd8583f5266
16:05:33 [LOTTERY] §bNew day! §r§eYour §r§2Lottery §r§ebuff changed!
16:05:33 [LOTTERY] §eNew buff§r§r§r: §r§fGain §r§a+5% §r§2∮ Sweep§r§f.
16:05:33 [LOTTERY] §8§oYou can disable this messaging by toggling Lottery in your /hotf!
16:05:39 [EMPTY] §8 §r§8 §r§1 §r§3 §r§3 §r§7 §r§8 
16:05:42 [PROFILE_JOIN] §aYou are playing on profile: §eLemon§b (Co-op)
16:05:42 [PROFILE_JOIN] §8Profile ID: 62b760d8-92b6-4501-ada0-1fd8583f5266
16:05:44 [LOTTERY] §bNew day! §r§eYour §r§2Lottery §r§ebuff changed!
16:05:44 [LOTTERY] §eNew buff§r§r§r: §r§fGain §r§a+5% §r§2∮ Sweep§r§f.
16:05:44 [LOTTERY] §8§oYou can disable this messaging by toggling Lottery in your /hotf!
17:47:04 [EMPTY] §f §r§r§r§f §r§r§r§1 §r§r§r§0 §r§r§r§2 §r§r§r§f §r§r§r§f §r§r§r§2 §r§r§r§0 §r§r§r§4 §r§r§r§3 §r§r§r§9 §r§r§r§2 §r§r§r§0 §r§r§r§0 §r§r§r§3 §r§r§r§9 §r§r§r§2 §r§r§r§0 §r§r§r§0 §r§r§r§3 §r§r§r§9 §r§r§r§2 §r§r§r§0 §r§r§r§0 
17:47:09 [EMPTY] §8 §r§8 §r§1 §r§3 §r§3 §r§7 §r§8 
17:47:12 [EMPTY] 
17:47:12 [WELCOME] §eWelcome to §r§aHypixel SkyBlock§r§e!
17:47:12 [EMPTY] 
17:47:12 [PROFILE_JOIN] §aYou are playing on profile: §eLemon§b (Co-op)
17:47:12 [PROFILE_JOIN] §8Profile ID: 62b760d8-92b6-4501-ada0-1fd8583f5266
17:47:14 [LOTTERY] §bNew day! §r§eYour §r§2Lottery §r§ebuff changed!
17:47:14 [LOTTERY] §eNew buff§r§r§r: §r§fGain §r§a+50 §r§6☘ Mangrove Fortune§r§f.
17:47:14 [LOTTERY] §8§oYou can disable this messaging by toggling Lottery in your /hotf!
17:50:12 [EMPTY] §8 §r§8 §r§1 §r§3 §r§3 §r§7 §r§8 
17:50:15 [PROFILE_JOIN] §aYou are playing on profile: §eLemon§b (Co-op)
17:50:15 [PROFILE_JOIN] §8Profile ID: 62b760d8-92b6-4501-ada0-1fd8583f5266
17:50:17 [LOTTERY] §bNew day! §r§eYour §r§2Lottery §r§ebuff changed!
17:50:17 [LOTTERY] §eNew buff§r§r§r: §r§fGain §r§a+50 §r§6☘ Mangrove Fortune§r§f.
17:50:17 [LOTTERY] §8§oYou can disable this messaging by toggling Lottery in your /hotf!
17:51:07 [EMPTY] §8 §r§8 §r§1 §r§3 §r§3 §r§7 §r§8 
17:51:11 [PROFILE_JOIN] §aYou are playing on profile: §eLemon§b (Co-op)
17:51:11 [PROFILE_JOIN] §8Profile ID: 62b760d8-92b6-4501-ada0-1fd8583f5266
17:51:12 [LOTTERY] §bNew day! §r§eYour §r§2Lottery §r§ebuff changed!
17:51:12 [LOTTERY] §eNew buff§r§r§r: §r§fGain §r§a+50 §r§6☘ Mangrove Fortune§r§f.
17:51:12 [LOTTERY] §8§oYou can disable this messaging by toggling Lottery in your /hotf!
17:51:52 [EMPTY] §8 §r§8 §r§1 §r§3 §r§3 §r§7 §r§8 
17:51:55 [PROFILE_JOIN] §aYou are playing on profile: §eLemon§b (Co-op)
17:51:55 [PROFILE_JOIN] §8Profile ID: 62b760d8-92b6-4501-ada0-1fd8583f5266
17:51:57 [LOTTERY] §bNew day! §r§eYour §r§2Lottery §r§ebuff changed!
17:51:57 [LOTTERY] §eNew buff§r§r§r: §r§fGain §r§a+50 §r§6☘ Mangrove Fortune§r§f.
17:51:57 [LOTTERY] §8§oYou can disable this messaging by toggling Lottery in your /hotf!
17:52:11 [GUILD_EXP] §aYou earned §r§2408 GEXP §r§a+ §r§e1,224 Event EXP §r§afrom playing SkyBlock!
17:52:26 [EMPTY] §8 §r§8 §r§1 §r§3 §r§3 §r§7 §r§8 
17:52:30 [PROFILE_JOIN] §aYou are playing on profile: §eLemon§b (Co-op)
17:52:30 [PROFILE_JOIN] §8Profile ID: 62b760d8-92b6-4501-ada0-1fd8583f5266
17:52:31 [LOTTERY] §bNew day! §r§eYour §r§2Lottery §r§ebuff changed!
17:52:31 [LOTTERY] §eNew buff§r§r§r: §r§fGain §r§a+50 §r§6☘ Mangrove Fortune§r§f.
17:52:31 [LOTTERY] §8§oYou can disable this messaging by toggling Lottery in your /hotf!
17:52:33 [EMPTY] §8 §r§8 §r§1 §r§3 §r§3 §r§7 §r§8 
17:52:37 [PROFILE_JOIN] §aYou are playing on profile: §eLemon§b (Co-op)
17:52:37 [PROFILE_JOIN] §8Profile ID: 62b760d8-92b6-4501-ada0-1fd8583f5266
17:52:38 [LOTTERY] §bNew day! §r§eYour §r§2Lottery §r§ebuff changed!
17:52:38 [LOTTERY] §eNew buff§r§r§r: §r§fGain §r§a+50 §r§6☘ Mangrove Fortune§r§f.
17:52:38 [LOTTERY] §8§oYou can disable this messaging by toggling Lottery in your /hotf!
17:52:56 [EMPTY] §8 §r§8 §r§1 §r§3 §r§3 §r§7 §r§8 
17:52:59 [PROFILE_JOIN] §aYou are playing on profile: §eLemon§b (Co-op)
17:52:59 [PROFILE_JOIN] §8Profile ID: 62b760d8-92b6-4501-ada0-1fd8583f5266
17:53:01 [LOTTERY] §bNew day! §r§eYour §r§2Lottery §r§ebuff changed!
17:53:01 [LOTTERY] §eNew buff§r§r§r: §r§fGain §r§a+50 §r§6☘ Mangrove Fortune§r§f.
17:53:01 [LOTTERY] §8§oYou can disable this messaging by toggling Lottery in your /hotf!
17:53:04 [EMPTY] §8 §r§8 §r§1 §r§3 §r§3 §r§7 §r§8 
17:53:07 [PROFILE_JOIN] §aYou are playing on profile: §eLemon§b (Co-op)
17:53:07 [PROFILE_JOIN] §8Profile ID: 62b760d8-92b6-4501-ada0-1fd8583f5266
17:53:09 [LOTTERY] §bNew day! §r§eYour §r§2Lottery §r§ebuff changed!
17:53:09 [LOTTERY] §eNew buff§r§r§r: §r§fGain §r§a+50 §r§6☘ Mangrove Fortune§r§f.
17:53:09 [LOTTERY] §8§oYou can disable this messaging by toggling Lottery in your /hotf!
17:53:10 [EMPTY] §8 §r§8 §r§1 §r§3 §r§3 §r§7 §r§8 
17:53:13 [PROFILE_JOIN] §aYou are playing on profile: §eLemon§b (Co-op)
17:53:13 [PROFILE_JOIN] §8Profile ID: 62b760d8-92b6-4501-ada0-1fd8583f5266
17:53:15 [LOTTERY] §bNew day! §r§eYour §r§2Lottery §r§ebuff changed!
17:53:15 [LOTTERY] §eNew buff§r§r§r: §r§fGain §r§a+50 §r§6☘ Mangrove Fortune§r§f.
17:53:15 [LOTTERY] §8§oYou can disable this messaging by toggling Lottery in your /hotf!
17:53:20 [EMPTY] §8 §r§8 §r§1 §r§3 §r§3 §r§7 §r§8 
17:53:23 [EMPTY] §8 §r§8 §r§1 §r§3 §r§3 §r§7 §r§8 
17:53:26 [PROFILE_JOIN] §aYou are playing on profile: §eLemon§b (Co-op)
17:53:27 [PROFILE_JOIN] §8Profile ID: 62b760d8-92b6-4501-ada0-1fd8583f5266
17:53:28 [LOTTERY] §bNew day! §r§eYour §r§2Lottery §r§ebuff changed!
17:53:28 [LOTTERY] §eNew buff§r§r§r: §r§fGain §r§a+50 §r§6☘ Mangrove Fortune§r§f.
17:53:28 [LOTTERY] §8§oYou can disable this messaging by toggling Lottery in your /hotf!
17:53:33 [EMPTY] §8 §r§8 §r§1 §r§3 §r§3 §r§7 §r§8 
17:53:36 [PROFILE_JOIN] §aYou are playing on profile: §eLemon§b (Co-op)
17:53:36 [PROFILE_JOIN] §8Profile ID: 62b760d8-92b6-4501-ada0-1fd8583f5266
17:53:38 [LOTTERY] §bNew day! §r§eYour §r§2Lottery §r§ebuff changed!
17:53:38 [LOTTERY] §eNew buff§r§r§r: §r§fGain §r§a+50 §r§6☘ Mangrove Fortune§r§f.
17:53:38 [LOTTERY] §8§oYou can disable this messaging by toggling Lottery in your /hotf!
17:53:53 [EMPTY] §8 §r§8 §r§1 §r§3 §r§3 §r§7 §r§8 
17:53:56 [PROFILE_JOIN] §aYou are playing on profile: §eLemon§b (Co-op)
17:53:56 [PROFILE_JOIN] §8Profile ID: 62b760d8-92b6-4501-ada0-1fd8583f5266
17:53:58 [LOTTERY] §bNew day! §r§eYour §r§2Lottery §r§ebuff changed!
17:53:58 [LOTTERY] §eNew buff§r§r§r: §r§fGain §r§a+50 §r§6☘ Mangrove Fortune§r§f.
17:53:58 [LOTTERY] §8§oYou can disable this messaging by toggling Lottery in your /hotf!
17:54:59 [LOTTERY] §bNew day! §r§eYour §r§2Lottery §r§ebuff changed!
17:54:59 [LOTTERY] §eNew buff§r§r§r: §r§fGain §r§a+5% §r§2∮ Sweep§r§f.
17:54:59 [LOTTERY] §8§oYou can disable this messaging by toggling Lottery in your /hotf!
17:55:58 [GUILD_EXP] §aYou earned §r§2105 GEXP §r§a+ §r§e315 Event EXP §r§afrom playing SkyBlock!
17:56:49 [SACKS_CHANGE] §6[Sacks] §r§a+2§r§e items§r§e.§r§8 (Last 5s.)
17:56:53 [EMPTY] 
17:56:53 [EMPTY] 
17:56:53 [EMPTY] 
17:56:53 [EMPTY] 
17:57:11 [SACKS_CHANGE] §6[Sacks] §r§a+28§r§e items§r§e.§r§8 (Last 10s.)
17:59:14 [EMPTY] 
17:59:14 [EMPTY] 
17:59:14 [EMPTY] 
17:59:14 [EMPTY] 
17:59:24 [SACKS_CHANGE] §6[Sacks] §r§a+20§r§e items§r§e.§r§8 (Last 5s.)
17:59:32 [SACKS_CHANGE] §6[Sacks] §r§a+4§r§e items§r§e.§r§8 (Last 5s.)
18:00:36 [EMPTY] 
18:00:36 [EMPTY] 
18:00:36 [EMPTY] 
18:00:36 [EMPTY] 
18:00:48 [SACKS_CHANGE] §6[Sacks] §r§a+22§r§e items§r§e.§r§8 (Last 7s.)
18:00:59 [GUILD_EXP] §aYou earned §r§2716 GEXP §r§a+ §r§e2,148 Event EXP §r§afrom playing SkyBlock!
18:01:07 [EMPTY] §8 §r§8 §r§1 §r§3 §r§3 §r§7 §r§8 
18:01:11 [PROFILE_JOIN] §aYou are playing on profile: §eLemon§b (Co-op)
18:01:11 [PROFILE_JOIN] §8Profile ID: 62b760d8-92b6-4501-ada0-1fd8583f5266
18:01:12 [LOTTERY] §bNew day! §r§eYour §r§2Lottery §r§ebuff changed!
18:01:12 [LOTTERY] §eNew buff§r§r§r: §r§fGain §r§a+5% §r§2∮ Sweep§r§f.
18:01:12 [LOTTERY] §8§oYou can disable this messaging by toggling Lottery in your /hotf!
18:01:20 [EMPTY] §8 §r§8 §r§1 §r§3 §r§3 §r§7 §r§8 
18:01:23 [PROFILE_JOIN] §aYou are playing on profile: §eLemon§b (Co-op)
18:01:23 [PROFILE_JOIN] §8Profile ID: 62b760d8-92b6-4501-ada0-1fd8583f5266
18:01:25 [LOTTERY] §bNew day! §r§eYour §r§2Lottery §r§ebuff changed!
18:01:25 [LOTTERY] §eNew buff§r§r§r: §r§fGain §r§a+5% §r§2∮ Sweep§r§f.
18:01:25 [LOTTERY] §8§oYou can disable this messaging by toggling Lottery in your /hotf!
18:01:31 [EMPTY] §8 §r§8 §r§1 §r§3 §r§3 §r§7 §r§8 
18:01:34 [PROFILE_JOIN] §aYou are playing on profile: §eLemon§b (Co-op)
18:01:34 [PROFILE_JOIN] §8Profile ID: 62b760d8-92b6-4501-ada0-1fd8583f5266
18:01:36 [LOTTERY] §bNew day! §r§eYour §r§2Lottery §r§ebuff changed!
18:01:36 [LOTTERY] §eNew buff§r§r§r: §r§fGain §r§a+5% §r§2∮ Sweep§r§f.
18:01:36 [LOTTERY] §8§oYou can disable this messaging by toggling Lottery in your /hotf!
18:01:49 [EMPTY] §8 §r§8 §r§1 §r§3 §r§3 §r§7 §r§8 
18:01:53 [PROFILE_JOIN] §aYou are playing on profile: §eLemon§b (Co-op)
18:01:53 [PROFILE_JOIN] §8Profile ID: 62b760d8-92b6-4501-ada0-1fd8583f5266
18:01:54 [LOTTERY] §bNew day! §r§eYour §r§2Lottery §r§ebuff changed!
18:01:54 [LOTTERY] §eNew buff§r§r§r: §r§fGain §r§a+5% §r§2∮ Sweep§r§f.
18:01:54 [LOTTERY] §8§oYou can disable this messaging by toggling Lottery in your /hotf!
18:03:08 [EMPTY] §8 §r§8 §r§1 §r§3 §r§3 §r§7 §r§8 
18:03:11 [PROFILE_JOIN] §aYou are playing on profile: §eLemon§b (Co-op)
18:03:11 [PROFILE_JOIN] §8Profile ID: 62b760d8-92b6-4501-ada0-1fd8583f5266
18:03:13 [LOTTERY] §bNew day! §r§eYour §r§2Lottery §r§ebuff changed!
18:03:13 [LOTTERY] §eNew buff§r§r§r: §r§fGain §r§a+5% §r§2∮ Sweep§r§f.
18:03:13 [LOTTERY] §8§oYou can disable this messaging by toggling Lottery in your /hotf!
18:03:53 [SACKS_CHANGE] §6[Sacks] §r§a+11§r§e items§r§e.§r§8 (Last 5s.)
18:04:07 [EMPTY] 
18:04:07 [EMPTY] 
18:04:07 [EMPTY] 
18:04:07 [EMPTY] 
18:04:24 [SACKS_CHANGE] §6[Sacks] §r§a+25§r§e items§r§e.§r§8 (Last 9s.)
18:06:22 [EMPTY] 
18:06:22 [EMPTY] 
18:06:22 [EMPTY] 
18:06:22 [EMPTY] 
18:06:54 [SACKS_CHANGE] §6[Sacks] §r§a+20§r§e items§r§e.§r§8 (Last 10s.)
18:07:23 [SACKS_CHANGE] §6[Sacks] §r§a+6§r§e items§r§e.§r§8 (Last 5s.)
18:08:13 [EMPTY] 
18:08:13 [EMPTY] 
18:08:13 [EMPTY] 
18:08:13 [EMPTY] 
18:08:25 [SACKS_CHANGE] §6[Sacks] §r§a+27§r§e items§r§e.§r§8 (Last 7s.)
18:08:43 [EMPTY] §8 §r§8 §r§1 §r§3 §r§3 §r§7 §r§8 
18:08:47 [PROFILE_JOIN] §aYou are playing on profile: §eLemon§b (Co-op)
18:08:47 [PROFILE_JOIN] §8Profile ID: 62b760d8-92b6-4501-ada0-1fd8583f5266
18:08:49 [LOTTERY] §bNew day! §r§eYour §r§2Lottery §r§ebuff changed!
18:08:49 [LOTTERY] §eNew buff§r§r§r: §r§fGain §r§a+5% §r§2∮ Sweep§r§f.
18:08:49 [LOTTERY] §8§oYou can disable this messaging by toggling Lottery in your /hotf!
18:10:56 [EMPTY] §8 §r§8 §r§1 §r§3 §r§3 §r§7 §r§8 
18:10:59 [PROFILE_JOIN] §aYou are playing on profile: §eLemon§b (Co-op)
18:10:59 [PROFILE_JOIN] §8Profile ID: 62b760d8-92b6-4501-ada0-1fd8583f5266
18:11:01 [LOTTERY] §bNew day! §r§eYour §r§2Lottery §r§ebuff changed!
18:11:01 [LOTTERY] §eNew buff§r§r§r: §r§fGain §r§a+5% §r§2∮ Sweep§r§f.
18:11:01 [LOTTERY] §8§oYou can disable this messaging by toggling Lottery in your /hotf!
18:11:42 [EMPTY] §8 §r§8 §r§1 §r§3 §r§3 §r§7 §r§8 
18:11:46 [PROFILE_JOIN] §aYou are playing on profile: §eLemon§b (Co-op)
18:11:46 [PROFILE_JOIN] §8Profile ID: 62b760d8-92b6-4501-ada0-1fd8583f5266
18:11:47 [LOTTERY] §bNew day! §r§eYour §r§2Lottery §r§ebuff changed!
18:11:47 [LOTTERY] §eNew buff§r§r§r: §r§fGain §r§a+5% §r§2∮ Sweep§r§f.
18:11:47 [LOTTERY] §8§oYou can disable this messaging by toggling Lottery in your /hotf!
18:12:35 [EMPTY] §8 §r§8 §r§1 §r§3 §r§3 §r§7 §r§8 
18:12:39 [PROFILE_JOIN] §aYou are playing on profile: §eLemon§b (Co-op)
18:12:39 [PROFILE_JOIN] §8Profile ID: 62b760d8-92b6-4501-ada0-1fd8583f5266
18:12:40 [LOTTERY] §bNew day! §r§eYour §r§2Lottery §r§ebuff changed!
18:12:40 [LOTTERY] §eNew buff§r§r§r: §r§fGain §r§a+5% §r§2∮ Sweep§r§f.
18:12:40 [LOTTERY] §8§oYou can disable this messaging by toggling Lottery in your /hotf!
18:13:11 [EMPTY] §8 §r§8 §r§1 §r§3 §r§3 §r§7 §r§8 
18:13:14 [PROFILE_JOIN] §aYou are playing on profile: §eLemon§b (Co-op)
18:13:14 [PROFILE_JOIN] §8Profile ID: 62b760d8-92b6-4501-ada0-1fd8583f5266
18:13:16 [LOTTERY] §bNew day! §r§eYour §r§2Lottery §r§ebuff changed!
18:13:16 [LOTTERY] §eNew buff§r§r§r: §r§fGain §r§a+5% §r§2∮ Sweep§r§f.
18:13:16 [LOTTERY] §8§oYou can disable this messaging by toggling Lottery in your /hotf!
18:14:42 [EMPTY] 
18:14:44 [EMPTY]  
18:14:44 [EMPTY]  
18:14:44 [EMPTY]  
18:14:59 [LOTTERY] §bNew day! §r§eYour §r§2Lottery §r§ebuff changed!
18:14:59 [LOTTERY] §eNew buff§r§r§r: §r§fGain §r§a+50 §r§6☘ Fig Fortune§r§f.
18:14:59 [LOTTERY] §8§oYou can disable this messaging by toggling Lottery in your /hotf!
18:15:16 [EMPTY] 
18:15:21 [EMPTY] §8 §r§8 §r§1 §r§3 §r§3 §r§7 §r§8 
18:15:24 [PROFILE_JOIN] §aYou are playing on profile: §eLemon§b (Co-op)
18:15:24 [PROFILE_JOIN] §8Profile ID: 62b760d8-92b6-4501-ada0-1fd8583f5266
18:15:26 [LOTTERY] §bNew day! §r§eYour §r§2Lottery §r§ebuff changed!
18:15:26 [LOTTERY] §eNew buff§r§r§r: §r§fGain §r§a+50 §r§6☘ Fig Fortune§r§f.
18:15:26 [LOTTERY] §8§oYou can disable this messaging by toggling Lottery in your /hotf!
18:15:53 [EMPTY] §8 §r§8 §r§1 §r§3 §r§3 §r§7 §r§8 
18:15:57 [PROFILE_JOIN] §aYou are playing on profile: §eLemon§b (Co-op)
18:15:57 [PROFILE_JOIN] §8Profile ID: 62b760d8-92b6-4501-ada0-1fd8583f5266
18:15:58 [LOTTERY] §bNew day! §r§eYour §r§2Lottery §r§ebuff changed!
18:15:58 [LOTTERY] §eNew buff§r§r§r: §r§fGain §r§a+50 §r§6☘ Fig Fortune§r§f.
18:15:58 [LOTTERY] §8§oYou can disable this messaging by toggling Lottery in your /hotf!
18:16:39 [GUILD_EXP] §aYou earned §r§2100 GEXP §r§a+ §r§e300 Event EXP §r§afrom playing SkyBlock!
18:19:16 [EMPTY] §8 §r§8 §r§1 §r§3 §r§3 §r§7 §r§8 
18:19:19 [PROFILE_JOIN] §aYou are playing on profile: §eLemon§b (Co-op)
18:19:19 [PROFILE_JOIN] §8Profile ID: 62b760d8-92b6-4501-ada0-1fd8583f5266
18:19:21 [LOTTERY] §bNew day! §r§eYour §r§2Lottery §r§ebuff changed!
18:19:21 [LOTTERY] §eNew buff§r§r§r: §r§fGain §r§a+50 §r§6☘ Fig Fortune§r§f.
18:19:21 [LOTTERY] §8§oYou can disable this messaging by toggling Lottery in your /hotf!
18:19:45 [SACKS_CHANGE] §6[Sacks] §r§a+16§r§e items§r§e.§r§8 (Last 8s.)
18:20:02 [EMPTY] 
18:20:02 [EMPTY] 
18:20:02 [EMPTY] 
18:20:02 [EMPTY] 
18:20:02 [EMPTY]  
18:20:02 [BESTIARY] §f                                  §6§lBESTIARY
18:20:02 [BESTIARY] §f                        §b§lEndstone Protector §7§b1
18:20:02 [BESTIARY] 
18:20:02 [BESTIARY]                                   §r§6§lREWARDS
18:20:02 [BESTIARY]                  §r§8+§r§a2 Endstone Protector §r§b✯ Magic Find
18:20:02 [BESTIARY]                   §r§8+§r§a2 Endstone Protector §r§c❁ Strength
18:20:02 [BESTIARY]                      §r§8+§r§62% §r§aEndstone Protector §r§7coins
18:20:02 [BESTIARY]                     §r§8+§r§a50% §r§7chance for extra XP orbs
18:20:02 [BESTIARY]                                §r§8+§r§b1 SkyBlock XP
18:20:02 [BESTIARY] 
18:20:02 [BESTIARY] §3§l▬▬▬▬▬▬▬▬▬▬▬▬▬▬▬▬▬▬▬▬▬▬▬▬▬▬▬▬▬▬▬▬▬▬▬▬▬▬▬▬▬▬▬▬▬▬▬▬▬▬▬▬▬▬▬▬▬▬▬▬▬▬▬▬
18:20:14 [SACKS_CHANGE] §6[Sacks] §r§a+20§r§e items§r§e.§r§8 (Last 8s.)
18:20:48 [SACKS_CHANGE] §6[Sacks] §r§a+2§r§e items§r§e.§r§8 (Last 5s.)
18:20:59 [EMPTY] §8 §r§8 §r§1 §r§3 §r§3 §r§7 §r§8 
18:21:02 [PROFILE_JOIN] §aYou are playing on profile: §eLemon§b (Co-op)
18:21:02 [PROFILE_JOIN] §8Profile ID: 62b760d8-92b6-4501-ada0-1fd8583f5266
18:21:04 [LOTTERY] §bNew day! §r§eYour §r§2Lottery §r§ebuff changed!
18:21:04 [LOTTERY] §eNew buff§r§r§r: §r§fGain §r§a+50 §r§6☘ Fig Fortune§r§f.
18:21:04 [LOTTERY] §8§oYou can disable this messaging by toggling Lottery in your /hotf!
18:23:38 [EMPTY] §8 §r§8 §r§1 §r§3 §r§3 §r§7 §r§8 
18:23:42 [PROFILE_JOIN] §aYou are playing on profile: §eLemon§b (Co-op)
18:23:42 [PROFILE_JOIN] §8Profile ID: 62b760d8-92b6-4501-ada0-1fd8583f5266
18:23:43 [LOTTERY] §bNew day! §r§eYour §r§2Lottery §r§ebuff changed!
18:23:43 [LOTTERY] §eNew buff§r§r§r: §r§fGain §r§a+50 §r§6☘ Fig Fortune§r§f.
18:23:43 [LOTTERY] §8§oYou can disable this messaging by toggling Lottery in your /hotf!
18:24:16 [REFORGE_HIDE] §aYou reforged your §r§6Aspect of the Dragons §r§ainto a §r§6Gentle Aspect of the Dragons§r§a!
18:24:17 [REFORGE_HIDE] §aYou reforged your §r§6Gentle Aspect of the Dragons §r§ainto a §r§6Odd Aspect of the Dragons§r§a!
18:24:18 [REFORGE_HIDE] §aYou reforged your §r§6Odd Aspect of the Dragons §r§ainto a §r§6Spicy Aspect of the Dragons§r§a!
18:25:10 [EMPTY] §8 §r§8 §r§1 §r§3 §r§3 §r§7 §r§8 
18:25:13 [PROFILE_JOIN] §aYou are playing on profile: §eLemon§b (Co-op)
18:25:13 [PROFILE_JOIN] §8Profile ID: 62b760d8-92b6-4501-ada0-1fd8583f5266
18:25:15 [LOTTERY] §bNew day! §r§eYour §r§2Lottery §r§ebuff changed!
18:25:15 [LOTTERY] §eNew buff§r§r§r: §r§fGain §r§a+50 §r§6☘ Fig Fortune§r§f.
18:25:15 [LOTTERY] §8§oYou can disable this messaging by toggling Lottery in your /hotf!
18:25:52 [SACKS_CHANGE] §6[Sacks] §r§a+73§r§e items§r§e.§r§8 (Last 30s.)
18:25:59 [SACKS_CHANGE] §6[Sacks] §r§a+6§r§e items§r§e.§r§8 (Last 5s.)
18:27:06 [SACKS_CHANGE] §6[Sacks] §r§a+32§r§e items§r§e.§r§8 (Last 16s.)
18:27:23 [SACKS_CHANGE] §6[Sacks] §r§a+28§r§e items§r§e.§r§8 (Last 11s.)
18:27:49 [SACKS_CHANGE] §6[Sacks] §r§a+42§r§e items§r§e.§r§8 (Last 24s.)
18:28:25 [SACKS_CHANGE] §6[Sacks] §r§a+106§r§e items§r§e.§r§8 (Last 30s.)
18:28:56 [SACKS_CHANGE] §6[Sacks] §r§a+96§r§e items§r§e.§r§8 (Last 30s.)
18:29:30 [SACKS_CHANGE] §6[Sacks] §r§a+108§r§e items§r§e.§r§8 (Last 30s.)
18:29:49 [GUILD_EXP] §aYou earned §r§2520 GEXP §r§a+ §r§e1,560 Event EXP §r§afrom playing SkyBlock!
18:29:51 [SACKS_CHANGE] §6[Sacks] §r§a+40§r§e items§r§e.§r§8 (Last 19s.)
18:30:07 [SACKS_CHANGE] §6[Sacks] §r§a+36§r§e items§r§e.§r§8 (Last 14s.)
18:30:29 [SACKS_CHANGE] §6[Sacks] §r§a+44§r§e items§r§e.§r§8 (Last 21s.)
18:31:02 [SACKS_CHANGE] §6[Sacks] §r§a+110§r§e items§r§e.§r§8 (Last 30s.)
18:31:15 [SACKS_CHANGE] §6[Sacks] §r§a+25§r§e items§r§e.§r§8 (Last 11s.)
18:34:51 [GUILD_EXP] §aYou earned §r§2540 GEXP §r§a+ §r§e1,620 Event EXP §r§afrom playing SkyBlock!
18:35:00 [LOTTERY] §bNew day! §r§eYour §r§2Lottery §r§ebuff changed!
18:35:00 [LOTTERY] §eNew buff§r§r§r: §r§fGain §r§a+50 §r§6☘ Mangrove Fortune§r§f.
18:35:00 [LOTTERY] §8§oYou can disable this messaging by toggling Lottery in your /hotf!
18:36:20 [EMPTY] 
18:36:20 [EMPTY] 
18:36:20 [EMPTY] 
18:36:20 [EMPTY] 
18:36:39 [SACKS_CHANGE] §6[Sacks] §r§a+23§r§e items§r§e.§r§8 (Last 10s.)
18:37:00 [SACKS_CHANGE] §6[Sacks] §r§a+23§r§e items§r§e, §r§c-239§r§e items§r§e.§r§8 (Last 12s.)
18:37:21 [SACKS_CHANGE] §6[Sacks] §r§a+19§r§e items§r§e.§r§8 (Last 5s.)
18:39:09 [SACKS_CHANGE] §6[Sacks] §r§a+86§r§e items§r§e.§r§8 (Last 30s.)
18:39:28 [EMPTY] 
18:39:28 [EMPTY] 
18:39:28 [EMPTY] 
18:39:28 [EMPTY] 
18:39:28 [SACKS_CHANGE] §6[Sacks] §r§a+43§r§e items§r§e.§r§8 (Last 16s.)
18:39:37 [EMPTY] 
18:39:42 [EMPTY] 
18:39:56 [GUILD_EXP] §aYou earned §r§2414 GEXP §r§a+ §r§e1,242 Event EXP §r§afrom playing SkyBlock!
18:40:50 [SACKS_CHANGE] §6[Sacks] §r§a+109§r§e items§r§e.§r§8 (Last 30s.)
18:41:11 [SACKS_CHANGE] §6[Sacks] §r§a+42§r§e items§r§e.§r§8 (Last 18s.)
18:41:17 [EMPTY] 
18:41:17 [EMPTY] 
18:41:17 [EMPTY] 
18:41:17 [EMPTY] 
18:41:30 [SACKS_CHANGE] §6[Sacks] §r§a+51§r§e items§r§e.§r§8 (Last 18s.)
18:41:42 [SACKS_CHANGE] §6[Sacks] §r§a+9§r§e items§r§e.§r§8 (Last 6s.)
18:42:07 [SACKS_CHANGE] §6[Sacks] §r§a+92§r§e items§r§e.§r§8 (Last 24s.)
18:42:12 [EMPTY] §8 §r§8 §r§1 §r§3 §r§3 §r§7 §r§8 
18:42:15 [PROFILE_JOIN] §aYou are playing on profile: §eLemon§b (Co-op)
18:42:15 [PROFILE_JOIN] §8Profile ID: 62b760d8-92b6-4501-ada0-1fd8583f5266
18:42:17 [LOTTERY] §bNew day! §r§eYour §r§2Lottery §r§ebuff changed!
18:42:17 [LOTTERY] §eNew buff§r§r§r: §r§fGain §r§a+50 §r§6☘ Mangrove Fortune§r§f.
18:42:17 [LOTTERY] §8§oYou can disable this messaging by toggling Lottery in your /hotf!
18:42:21 [EMPTY] §8 §r§8 §r§1 §r§3 §r§3 §r§7 §r§8 
18:42:24 [PROFILE_JOIN] §aYou are playing on profile: §eLemon§b (Co-op)
18:42:24 [PROFILE_JOIN] §8Profile ID: 62b760d8-92b6-4501-ada0-1fd8583f5266
18:42:26 [LOTTERY] §bNew day! §r§eYour §r§2Lottery §r§ebuff changed!
18:42:26 [LOTTERY] §eNew buff§r§r§r: §r§fGain §r§a+50 §r§6☘ Mangrove Fortune§r§f.
18:42:26 [LOTTERY] §8§oYou can disable this messaging by toggling Lottery in your /hotf!
18:43:53 [EMPTY] §8 §r§8 §r§1 §r§3 §r§3 §r§7 §r§8 
18:43:56 [PROFILE_JOIN] §aYou are playing on profile: §eLemon§b (Co-op)
18:43:56 [PROFILE_JOIN] §8Profile ID: 62b760d8-92b6-4501-ada0-1fd8583f5266
18:43:58 [LOTTERY] §bNew day! §r§eYour §r§2Lottery §r§ebuff changed!
18:43:58 [LOTTERY] §eNew buff§r§r§r: §r§fGain §r§a+50 §r§6☘ Mangrove Fortune§r§f.
18:43:58 [LOTTERY] §8§oYou can disable this messaging by toggling Lottery in your /hotf!
