12:00:45 §f §r§r§r§f §r§r§r§1 §r§r§r§0 §r§r§r§2 §r§r§r§f §r§r§r§f §r§r§r§2 §r§r§r§0 §r§r§r§4 §r§r§r§3 §r§r§r§9 §r§r§r§2 §r§r§r§0 §r§r§r§0 §r§r§r§3 §r§r§r§9 §r§r§r§2 §r§r§r§0 §r§r§r§0 §r§r§r§3 §r§r§r§9 §r§r§r§2 §r§r§r§0 §r§r§r§0 
12:04:40 §8 §r§8 §r§1 §r§3 §r§3 §r§7 §r§8 
12:04:42 
12:04:42 
12:06:34 §8 §r§8 §r§1 §r§3 §r§3 §r§7 §r§8 
12:06:40 
12:09:12 §8 §r§8 §r§1 §r§3 §r§3 §r§7 §r§8 
12:11:30 §8 §r§8 §r§1 §r§3 §r§3 §r§7 §r§8 
12:19:05  
12:19:21  
12:20:54 §8 §r§8 §r§1 §r§3 §r§3 §r§7 §r§8 
12:23:50 §8 §r§8 §r§1 §r§3 §r§3 §r§7 §r§8 
12:24:15 §8 §r§8 §r§1 §r§3 §r§3 §r§7 §r§8 
12:28:24 §8 §r§8 §r§1 §r§3 §r§3 §r§7 §r§8 
12:28:44 §8 §r§8 §r§1 §r§3 §r§3 §r§7 §r§8 
12:30:15 §8 §r§8 §r§1 §r§3 §r§3 §r§7 §r§8 
12:30:21 §8 §r§8 §r§1 §r§3 §r§3 §r§7 §r§8 
12:31:20 §8 §r§8 §r§1 §r§3 §r§3 §r§7 §r§8 
12:37:39 §8 §r§8 §r§1 §r§3 §r§3 §r§7 §r§8 
12:40:30 §8 §r§8 §r§1 §r§3 §r§3 §r§7 §r§8 
12:49:24 §8 §r§8 §r§1 §r§3 §r§3 §r§7 §r§8 
12:49:56 §8 §r§8 §r§1 §r§3 §r§3 §r§7 §r§8 
12:51:12 §8 §r§8 §r§1 §r§3 §r§3 §r§7 §r§8 
12:52:27 §8 §r§8 §r§1 §r§3 §r§3 §r§7 §r§8 
12:53:06 §8 §r§8 §r§1 §r§3 §r§3 §r§7 §r§8 
12:53:11 §8 §r§8 §r§1 §r§3 §r§3 §r§7 §r§8 
12:53:21  
12:53:35 §8 §r§8 §r§1 §r§3 §r§3 §r§7 §r§8 
12:53:35  
12:53:35   
12:53:40  
12:53:40  
12:53:40  
12:53:42 §8 §r§8 §r§1 §r§3 §r§3 §r§7 §r§8 
12:54:33  
12:54:50  
12:55:35  
12:55:48  
12:56:30 §8 §r§8 §r§1 §r§3 §r§3 §r§7 §r§8 
12:56:35 §8 §r§8 §r§1 §r§3 §r§3 §r§7 §r§8 
12:56:51 §8 §r§8 §r§1 §r§3 §r§3 §r§7 §r§8 
12:57:00 §8 §r§8 §r§1 §r§3 §r§3 §r§7 §r§8 
12:57:10 §8 §r§8 §r§1 §r§3 §r§3 §r§7 §r§8 
12:57:19 §8 §r§8 §r§1 §r§3 §r§3 §r§7 §r§8 
12:57:38  
12:57:48 §8 §r§8 §r§1 §r§3 §r§3 §r§7 §r§8 
12:57:53 §8 §r§8 §r§1 §r§3 §r§3 §r§7 §r§8 
12:58:02 §8 §r§8 §r§1 §r§3 §r§3 §r§7 §r§8 
12:58:05 §8 §r§8 §r§1 §r§3 §r§3 §r§7 §r§8 
12:58:11 §8 §r§8 §r§1 §r§3 §r§3 §r§7 §r§8 
12:58:35 §8 §r§8 §r§1 §r§3 §r§3 §r§7 §r§8 
12:59:20 §8 §r§8 §r§1 §r§3 §r§3 §r§7 §r§8 
12:59:28 §8 §r§8 §r§1 §r§3 §r§3 §r§7 §r§8 
12:59:35  
12:59:39  
12:59:51  
13:00:03  
13:01:39 
13:01:39 §c
13:03:07  
13:03:57  
13:03:59  
13:04:00  
13:04:16  
13:04:32  
13:08:05  
13:09:39  
13:11:08  
13:11:39  
13:11:40  
13:12:12  
13:14:26  
13:14:29  
13:22:16  
13:23:31  
13:23:44  
13:23:48  
13:25:51  
13:26:50 §8 §r§8 §r§1 §r§3 §r§3 §r§7 §r§8 
13:26:51  
13:26:51   
13:27:09 §8 §r§8 §r§1 §r§3 §r§3 §r§7 §r§8 
13:27:10  
13:27:10   
13:29:25 §8 §r§8 §r§1 §r§3 §r§3 §r§7 §r§8 
13:29:26  
13:29:26   
13:29:52 §8 §r§8 §r§1 §r§3 §r§3 §r§7 §r§8 
13:29:53  
13:29:53   
13:37:51 §8 §r§8 §r§1 §r§3 §r§3 §r§7 §r§8 
13:37:52  
13:37:52   
13:37:57  
13:37:57  
13:37:57  
13:37:57 
13:47:29 
13:47:29 
13:49:21 §8 §r§8 §r§1 §r§3 §r§3 §r§7 §r§8 
13:50:12 §8 §r§8 §r§1 §r§3 §r§3 §r§7 §r§8 
13:55:49 §8 §r§8 §r§1 §r§3 §r§3 §r§7 §r§8 
13:56:33 §8 §r§8 §r§1 §r§3 §r§3 §r§7 §r§8 
13:56:51 §8 §r§8 §r§1 §r§3 §r§3 §r§7 §r§8 
13:58:18 §8 §r§8 §r§1 §r§3 §r§3 §r§7 §r§8 
13:59:03 §8 §r§8 §r§1 §r§3 §r§3 §r§7 §r§8 
14:01:07 
14:01:07 
14:17:21 
14:17:21 
14:27:16 
14:28:02 
14:28:02 
14:34:44  
14:34:44   
14:35:44  
14:35:44   
14:37:46 
14:37:48  
14:37:48  
14:37:48  
15:01:39 
15:01:39 §c
15:09:14 
15:09:15 
15:09:15 
15:09:15 
15:09:15 
15:11:10 §8 §r§8 §r§1 §r§3 §r§3 §r§7 §r§8 
15:22:10 §8 §r§8 §r§1 §r§3 §r§3 §r§7 §r§8 
15:24:57 §8 §r§8 §r§1 §r§3 §r§3 §r§7 §r§8 
15:25:36 §8 §r§8 §r§1 §r§3 §r§3 §r§7 §r§8 
15:25:40 §8 §r§8 §r§1 §r§3 §r§3 §r§7 §r§8 
15:31:54 §8 §r§8 §r§1 §r§3 §r§3 §r§7 §r§8 
15:34:25 §8 §r§8 §r§1 §r§3 §r§3 §r§7 §r§8 
15:38:27 §8 §r§8 §r§1 §r§3 §r§3 §r§7 §r§8 
15:38:35 §8 §r§8 §r§1 §r§3 §r§3 §r§7 §r§8 
15:38:52 §8 §r§8 §r§1 §r§3 §r§3 §r§7 §r§8 
15:38:59 §8 §r§8 §r§1 §r§3 §r§3 §r§7 §r§8 
15:39:44 §8 §r§8 §r§1 §r§3 §r§3 §r§7 §r§8 
15:40:43 §8 §r§8 §r§1 §r§3 §r§3 §r§7 §r§8 
15:40:58 §8 §r§8 §r§1 §r§3 §r§3 §r§7 §r§8 
15:41:12 §8 §r§8 §r§1 §r§3 §r§3 §r§7 §r§8 
15:46:42 §8 §r§8 §r§1 §r§3 §r§3 §r§7 §r§8 
15:47:02 §8 §r§8 §r§1 §r§3 §r§3 §r§7 §r§8 
15:47:41 §8 §r§8 §r§1 §r§3 §r§3 §r§7 §r§8 
15:49:23 §8 §r§8 §r§1 §r§3 §r§3 §r§7 §r§8 
15:50:39 §8 §r§8 §r§1 §r§3 §r§3 §r§7 §r§8 
15:52:25 §8 §r§8 §r§1 §r§3 §r§3 §r§7 §r§8 
15:52:44 §8 §r§8 §r§1 §r§3 §r§3 §r§7 §r§8 
16:25:41 §8 §r§8 §r§1 §r§3 §r§3 §r§7 §r§8 
16:26:37 §8 §r§8 §r§1 §r§3 §r§3 §r§7 §r§8 
16:27:37 §8 §r§8 §r§1 §r§3 §r§3 §r§7 §r§8 
16:28:11 §8 §r§8 §r§1 §r§3 §r§3 §r§7 §r§8 
16:28:31 §8 §r§8 §r§1 §r§3 §r§3 §r§7 §r§8 
16:28:47 §8 §r§8 §r§1 §r§3 §r§3 §r§7 §r§8 
16:38:11 §8 §r§8 §r§1 §r§3 §r§3 §r§7 §r§8 
16:38:19 §8 §r§8 §r§1 §r§3 §r§3 §r§7 §r§8 
16:38:29 §8 §r§8 §r§1 §r§3 §r§3 §r§7 §r§8 
16:38:40 §8 §r§8 §r§1 §r§3 §r§3 §r§7 §r§8 
16:38:49 §8 §r§8 §r§1 §r§3 §r§3 §r§7 §r§8 
16:39:08 §8 §r§8 §r§1 §r§3 §r§3 §r§7 §r§8 
16:39:15 §8 §r§8 §r§1 §r§3 §r§3 §r§7 §r§8 
16:39:24 §8 §r§8 §r§1 §r§3 §r§3 §r§7 §r§8 
16:39:36 §8 §r§8 §r§1 §r§3 §r§3 §r§7 §r§8 
16:39:49 §8 §r§8 §r§1 §r§3 §r§3 §r§7 §r§8 
16:39:54 §8 §r§8 §r§1 §r§3 §r§3 §r§7 §r§8 
16:40:31 §8 §r§8 §r§1 §r§3 §r§3 §r§7 §r§8 
16:40:36 §8 §r§8 §r§1 §r§3 §r§3 §r§7 §r§8 
16:40:51 §8 §r§8 §r§1 §r§3 §r§3 §r§7 §r§8 
16:41:00 §8 §r§8 §r§1 §r§3 §r§3 §r§7 §r§8 
16:41:03 
16:41:03 
16:41:03 
16:41:03 
16:41:15 §8 §r§8 §r§1 §r§3 §r§3 §r§7 §r§8 
16:41:27 §8 §r§8 §r§1 §r§3 §r§3 §r§7 §r§8 
16:41:41 §8 §r§8 §r§1 §r§3 §r§3 §r§7 §r§8 
16:41:49 §8 §r§8 §r§1 §r§3 §r§3 §r§7 §r§8 
16:42:01 §8 §r§8 §r§1 §r§3 §r§3 §r§7 §r§8 
16:42:07 §8 §r§8 §r§1 §r§3 §r§3 §r§7 §r§8 
16:43:26 
16:43:26 
16:43:26 
16:43:26 
16:44:15 §8 §r§8 §r§1 §r§3 §r§3 §r§7 §r§8 
16:44:35 §8 §r§8 §r§1 §r§3 §r§3 §r§7 §r§8 
16:44:43 §8 §r§8 §r§1 §r§3 §r§3 §r§7 §r§8 
16:44:51 §8 §r§8 §r§1 §r§3 §r§3 §r§7 §r§8 
16:45:02 §8 §r§8 §r§1 §r§3 §r§3 §r§7 §r§8 
16:45:12 §8 §r§8 §r§1 §r§3 §r§3 §r§7 §r§8 
16:45:39  
16:46:22 §8 §r§8 §r§1 §r§3 §r§3 §r§7 §r§8 
16:46:25 §8 §r§8 §r§1 §r§3 §r§3 §r§7 §r§8 
