15:11:15 §bNew day! §r§eYour §r§2Lottery §r§ebuff changed!
15:11:15 §eNew buff§r§r§r: §r§fGain §r§a+50 §r§6☘ Mangrove Fortune§r§f.
15:11:15 §8§oYou can disable this messaging by toggling Lottery in your /hotf!
15:15:01 §bNew day! §r§eYour §r§2Lottery §r§ebuff changed!
15:15:01 §eNew buff§r§r§r: §r§fGain §r§a+50 §r§6☘ Fig Fortune§r§f.
15:15:01 §8§oYou can disable this messaging by toggling Lottery in your /hotf!
15:22:15 §bNew day! §r§eYour §r§2Lottery §r§ebuff changed!
15:22:15 §eNew buff§r§r§r: §r§fGain §r§a+50 §r§6☘ Fig Fortune§r§f.
15:22:15 §8§oYou can disable this messaging by toggling Lottery in your /hotf!
15:25:02 §bNew day! §r§eYour §r§2Lottery §r§ebuff changed!
15:25:02 §eNew buff§r§r§r: §r§fGain §r§a+50 §r§6☘ Fig Fortune§r§f.
15:25:02 §8§oYou can disable this messaging by toggling Lottery in your /hotf!
15:25:45 §bNew day! §r§eYour §r§2Lottery §r§ebuff changed!
15:25:45 §eNew buff§r§r§r: §r§fGain §r§a+50 §r§6☘ Fig Fortune§r§f.
15:25:45 §8§oYou can disable this messaging by toggling Lottery in your /hotf!
15:31:59 §bNew day! §r§eYour §r§2Lottery §r§ebuff changed!
15:31:59 §eNew buff§r§r§r: §r§fGain §r§a+50 §r§6☘ Fig Fortune§r§f.
15:31:59 §8§oYou can disable this messaging by toggling Lottery in your /hotf!
15:34:30 §bNew day! §r§eYour §r§2Lottery §r§ebuff changed!
15:34:30 §eNew buff§r§r§r: §r§fGain §r§a+50 §r§6☘ Fig Fortune§r§f.
15:34:30 §8§oYou can disable this messaging by toggling Lottery in your /hotf!
15:35:00 §bNew day! §r§eYour §r§2Lottery §r§ebuff changed!
15:35:00 §eNew buff§r§r§r: §r§fGain §r§a+50 §r§6☘ Fig Fortune§r§f.
15:35:00 §8§oYou can disable this messaging by toggling Lottery in your /hotf!
15:38:32 §bNew day! §r§eYour §r§2Lottery §r§ebuff changed!
15:38:32 §eNew buff§r§r§r: §r§fGain §r§a+50 §r§6☘ Fig Fortune§r§f.
15:38:32 §8§oYou can disable this messaging by toggling Lottery in your /hotf!
15:38:40 §bNew day! §r§eYour §r§2Lottery §r§ebuff changed!
15:38:40 §eNew buff§r§r§r: §r§fGain §r§a+50 §r§6☘ Fig Fortune§r§f.
15:38:40 §8§oYou can disable this messaging by toggling Lottery in your /hotf!
15:38:56 §bNew day! §r§eYour §r§2Lottery §r§ebuff changed!
15:38:57 §eNew buff§r§r§r: §r§fGain §r§a+50 §r§6☘ Fig Fortune§r§f.
15:38:57 §8§oYou can disable this messaging by toggling Lottery in your /hotf!
15:39:04 §bNew day! §r§eYour §r§2Lottery §r§ebuff changed!
15:39:04 §eNew buff§r§r§r: §r§fGain §r§a+50 §r§6☘ Fig Fortune§r§f.
15:39:04 §8§oYou can disable this messaging by toggling Lottery in your /hotf!
15:39:49 §bNew day! §r§eYour §r§2Lottery §r§ebuff changed!
15:39:49 §eNew buff§r§r§r: §r§fGain §r§a+50 §r§6☘ Fig Fortune§r§f.
15:39:49 §8§oYou can disable this messaging by toggling Lottery in your /hotf!
15:40:48 §bNew day! §r§eYour §r§2Lottery §r§ebuff changed!
15:40:48 §eNew buff§r§r§r: §r§fGain §r§a+50 §r§6☘ Fig Fortune§r§f.
15:40:48 §8§oYou can disable this messaging by toggling Lottery in your /hotf!
15:41:03 §bNew day! §r§eYour §r§2Lottery §r§ebuff changed!
15:41:03 §eNew buff§r§r§r: §r§fGain §r§a+50 §r§6☘ Fig Fortune§r§f.
15:41:03 §8§oYou can disable this messaging by toggling Lottery in your /hotf!
15:41:17 §bNew day! §r§eYour §r§2Lottery §r§ebuff changed!
15:41:17 §eNew buff§r§r§r: §r§fGain §r§a+50 §r§6☘ Fig Fortune§r§f.
15:41:17 §8§oYou can disable this messaging by toggling Lottery in your /hotf!
15:46:47 §bNew day! §r§eYour §r§2Lottery §r§ebuff changed!
15:46:47 §eNew buff§r§r§r: §r§fGain §r§a+50 §r§6☘ Fig Fortune§r§f.
15:46:47 §8§oYou can disable this messaging by toggling Lottery in your /hotf!
15:47:07 §bNew day! §r§eYour §r§2Lottery §r§ebuff changed!
15:47:07 §eNew buff§r§r§r: §r§fGain §r§a+50 §r§6☘ Fig Fortune§r§f.
15:47:07 §8§oYou can disable this messaging by toggling Lottery in your /hotf!
15:47:46 §bNew day! §r§eYour §r§2Lottery §r§ebuff changed!
15:47:46 §eNew buff§r§r§r: §r§fGain §r§a+50 §r§6☘ Fig Fortune§r§f.
15:47:46 §8§oYou can disable this messaging by toggling Lottery in your /hotf!
15:49:28 §bNew day! §r§eYour §r§2Lottery §r§ebuff changed!
15:49:28 §eNew buff§r§r§r: §r§fGain §r§a+50 §r§6☘ Fig Fortune§r§f.
15:49:28 §8§oYou can disable this messaging by toggling Lottery in your /hotf!
15:50:44 §bNew day! §r§eYour §r§2Lottery §r§ebuff changed!
15:50:44 §eNew buff§r§r§r: §r§fGain §r§a+50 §r§6☘ Fig Fortune§r§f.
15:50:44 §8§oYou can disable this messaging by toggling Lottery in your /hotf!
15:52:30 §bNew day! §r§eYour §r§2Lottery §r§ebuff changed!
15:52:30 §eNew buff§r§r§r: §r§fGain §r§a+50 §r§6☘ Fig Fortune§r§f.
15:52:30 §8§oYou can disable this messaging by toggling Lottery in your /hotf!
15:52:49 §bNew day! §r§eYour §r§2Lottery §r§ebuff changed!
15:52:49 §eNew buff§r§r§r: §r§fGain §r§a+50 §r§6☘ Fig Fortune§r§f.
15:52:49 §8§oYou can disable this messaging by toggling Lottery in your /hotf!
15:55:00 §bNew day! §r§eYour §r§2Lottery §r§ebuff changed!
15:55:00 §eNew buff§r§r§r: §r§fGain §r§a+50 §r§6☘ Fig Fortune§r§f.
15:55:00 §8§oYou can disable this messaging by toggling Lottery in your /hotf!
16:15:00 §bNew day! §r§eYour §r§2Lottery §r§ebuff changed!
16:15:00 §eNew buff§r§r§r: §r§fGain §r§a+50 §r§6☘ Mangrove Fortune§r§f.
16:15:00 §8§oYou can disable this messaging by toggling Lottery in your /hotf!
16:25:46 §bNew day! §r§eYour §r§2Lottery §r§ebuff changed!
16:25:46 §eNew buff§r§r§r: §r§fGain §r§a+50 §r§6☘ Mangrove Fortune§r§f.
16:25:46 §8§oYou can disable this messaging by toggling Lottery in your /hotf!
16:26:42 §bNew day! §r§eYour §r§2Lottery §r§ebuff changed!
16:26:42 §eNew buff§r§r§r: §r§fGain §r§a+50 §r§6☘ Mangrove Fortune§r§f.
16:26:42 §8§oYou can disable this messaging by toggling Lottery in your /hotf!
16:27:42 §bNew day! §r§eYour §r§2Lottery §r§ebuff changed!
16:27:42 §eNew buff§r§r§r: §r§fGain §r§a+50 §r§6☘ Mangrove Fortune§r§f.
16:27:42 §8§oYou can disable this messaging by toggling Lottery in your /hotf!
16:28:16 §bNew day! §r§eYour §r§2Lottery §r§ebuff changed!
16:28:16 §eNew buff§r§r§r: §r§fGain §r§a+50 §r§6☘ Mangrove Fortune§r§f.
16:28:16 §8§oYou can disable this messaging by toggling Lottery in your /hotf!
16:28:36 §bNew day! §r§eYour §r§2Lottery §r§ebuff changed!
16:28:36 §eNew buff§r§r§r: §r§fGain §r§a+50 §r§6☘ Mangrove Fortune§r§f.
16:28:36 §8§oYou can disable this messaging by toggling Lottery in your /hotf!
16:28:52 §bNew day! §r§eYour §r§2Lottery §r§ebuff changed!
16:28:52 §eNew buff§r§r§r: §r§fGain §r§a+50 §r§6☘ Mangrove Fortune§r§f.
16:28:52 §8§oYou can disable this messaging by toggling Lottery in your /hotf!
16:34:59 §bNew day! §r§eYour §r§2Lottery §r§ebuff changed!
16:34:59 §eNew buff§r§r§r: §r§fGain §r§a+5% §r§2∮ Sweep§r§f.
16:34:59 §8§oYou can disable this messaging by toggling Lottery in your /hotf!
16:38:16 §bNew day! §r§eYour §r§2Lottery §r§ebuff changed!
16:38:16 §eNew buff§r§r§r: §r§fGain §r§a+5% §r§2∮ Sweep§r§f.
16:38:16 §8§oYou can disable this messaging by toggling Lottery in your /hotf!
16:38:24 §bNew day! §r§eYour §r§2Lottery §r§ebuff changed!
16:38:24 §eNew buff§r§r§r: §r§fGain §r§a+5% §r§2∮ Sweep§r§f.
16:38:24 §8§oYou can disable this messaging by toggling Lottery in your /hotf!
16:38:34 §bNew day! §r§eYour §r§2Lottery §r§ebuff changed!
16:38:34 §eNew buff§r§r§r: §r§fGain §r§a+5% §r§2∮ Sweep§r§f.
16:38:34 §8§oYou can disable this messaging by toggling Lottery in your /hotf!
16:38:46 §bNew day! §r§eYour §r§2Lottery §r§ebuff changed!
16:38:46 §eNew buff§r§r§r: §r§fGain §r§a+5% §r§2∮ Sweep§r§f.
16:38:46 §8§oYou can disable this messaging by toggling Lottery in your /hotf!
16:38:54 §bNew day! §r§eYour §r§2Lottery §r§ebuff changed!
16:38:54 §eNew buff§r§r§r: §r§fGain §r§a+5% §r§2∮ Sweep§r§f.
16:38:54 §8§oYou can disable this messaging by toggling Lottery in your /hotf!
16:39:12 §bNew day! §r§eYour §r§2Lottery §r§ebuff changed!
16:39:12 §eNew buff§r§r§r: §r§fGain §r§a+5% §r§2∮ Sweep§r§f.
16:39:12 §8§oYou can disable this messaging by toggling Lottery in your /hotf!
16:39:20 §bNew day! §r§eYour §r§2Lottery §r§ebuff changed!
16:39:20 §eNew buff§r§r§r: §r§fGain §r§a+5% §r§2∮ Sweep§r§f.
16:39:20 §8§oYou can disable this messaging by toggling Lottery in your /hotf!
16:39:29 §bNew day! §r§eYour §r§2Lottery §r§ebuff changed!
16:39:29 §eNew buff§r§r§r: §r§fGain §r§a+5% §r§2∮ Sweep§r§f.
16:39:29 §8§oYou can disable this messaging by toggling Lottery in your /hotf!
16:39:41 §bNew day! §r§eYour §r§2Lottery §r§ebuff changed!
16:39:41 §eNew buff§r§r§r: §r§fGain §r§a+5% §r§2∮ Sweep§r§f.
16:39:41 §8§oYou can disable this messaging by toggling Lottery in your /hotf!
16:39:59 §bNew day! §r§eYour §r§2Lottery §r§ebuff changed!
16:39:59 §eNew buff§r§r§r: §r§fGain §r§a+5% §r§2∮ Sweep§r§f.
16:39:59 §8§oYou can disable this messaging by toggling Lottery in your /hotf!
16:40:36 §bNew day! §r§eYour §r§2Lottery §r§ebuff changed!
16:40:36 §eNew buff§r§r§r: §r§fGain §r§a+5% §r§2∮ Sweep§r§f.
16:40:36 §8§oYou can disable this messaging by toggling Lottery in your /hotf!
16:40:41 §bNew day! §r§eYour §r§2Lottery §r§ebuff changed!
16:40:41 §eNew buff§r§r§r: §r§fGain §r§a+5% §r§2∮ Sweep§r§f.
16:40:41 §8§oYou can disable this messaging by toggling Lottery in your /hotf!
16:40:56 §bNew day! §r§eYour §r§2Lottery §r§ebuff changed!
16:40:56 §eNew buff§r§r§r: §r§fGain §r§a+5% §r§2∮ Sweep§r§f.
16:40:56 §8§oYou can disable this messaging by toggling Lottery in your /hotf!
16:41:05 §bNew day! §r§eYour §r§2Lottery §r§ebuff changed!
16:41:05 §eNew buff§r§r§r: §r§fGain §r§a+5% §r§2∮ Sweep§r§f.
16:41:05 §8§oYou can disable this messaging by toggling Lottery in your /hotf!
16:41:20 §bNew day! §r§eYour §r§2Lottery §r§ebuff changed!
16:41:20 §eNew buff§r§r§r: §r§fGain §r§a+5% §r§2∮ Sweep§r§f.
16:41:20 §8§oYou can disable this messaging by toggling Lottery in your /hotf!
16:41:31 §bNew day! §r§eYour §r§2Lottery §r§ebuff changed!
16:41:31 §eNew buff§r§r§r: §r§fGain §r§a+5% §r§2∮ Sweep§r§f.
16:41:31 §8§oYou can disable this messaging by toggling Lottery in your /hotf!
16:41:46 §bNew day! §r§eYour §r§2Lottery §r§ebuff changed!
16:41:46 §eNew buff§r§r§r: §r§fGain §r§a+5% §r§2∮ Sweep§r§f.
16:41:46 §8§oYou can disable this messaging by toggling Lottery in your /hotf!
16:41:54 §bNew day! §r§eYour §r§2Lottery §r§ebuff changed!
16:41:54 §eNew buff§r§r§r: §r§fGain §r§a+5% §r§2∮ Sweep§r§f.
16:41:54 §8§oYou can disable this messaging by toggling Lottery in your /hotf!
16:42:06 §bNew day! §r§eYour §r§2Lottery §r§ebuff changed!
16:42:06 §eNew buff§r§r§r: §r§fGain §r§a+5% §r§2∮ Sweep§r§f.
16:42:06 §8§oYou can disable this messaging by toggling Lottery in your /hotf!
16:42:12 §bNew day! §r§eYour §r§2Lottery §r§ebuff changed!
16:42:12 §eNew buff§r§r§r: §r§fGain §r§a+5% §r§2∮ Sweep§r§f.
16:42:12 §8§oYou can disable this messaging by toggling Lottery in your /hotf!
16:44:20 §bNew day! §r§eYour §r§2Lottery §r§ebuff changed!
16:44:20 §eNew buff§r§r§r: §r§fGain §r§a+5% §r§2∮ Sweep§r§f.
16:44:20 §8§oYou can disable this messaging by toggling Lottery in your /hotf!
16:44:40 §bNew day! §r§eYour §r§2Lottery §r§ebuff changed!
16:44:40 §eNew buff§r§r§r: §r§fGain §r§a+5% §r§2∮ Sweep§r§f.
16:44:40 §8§oYou can disable this messaging by toggling Lottery in your /hotf!
16:44:48 §bNew day! §r§eYour §r§2Lottery §r§ebuff changed!
16:44:48 §eNew buff§r§r§r: §r§fGain §r§a+5% §r§2∮ Sweep§r§f.
16:44:48 §8§oYou can disable this messaging by toggling Lottery in your /hotf!
16:44:56 §bNew day! §r§eYour §r§2Lottery §r§ebuff changed!
16:44:56 §eNew buff§r§r§r: §r§fGain §r§a+5% §r§2∮ Sweep§r§f.
16:44:56 §8§oYou can disable this messaging by toggling Lottery in your /hotf!
16:45:06 §bNew day! §r§eYour §r§2Lottery §r§ebuff changed!
16:45:06 §eNew buff§r§r§r: §r§fGain §r§a+5% §r§2∮ Sweep§r§f.
16:45:06 §8§oYou can disable this messaging by toggling Lottery in your /hotf!
16:45:17 §bNew day! §r§eYour §r§2Lottery §r§ebuff changed!
16:45:17 §eNew buff§r§r§r: §r§fGain §r§a+5% §r§2∮ Sweep§r§f.
16:45:17 §8§oYou can disable this messaging by toggling Lottery in your /hotf!
16:46:30 §bNew day! §r§eYour §r§2Lottery §r§ebuff changed!
16:46:30 §eNew buff§r§r§r: §r§fGain §r§a+5% §r§2∮ Sweep§r§f.
16:46:30 §8§oYou can disable this messaging by toggling Lottery in your /hotf!
