12:16:26 §6[Sacks] §r§a+1§r§e item§r§e.§r§8 (Last 5s.)
12:24:11 §6[Sacks] §r§c-340§r§e items§r§e.§r§8 (Last 5s.)
12:25:57 §6[Sacks] §r§a+768§r§e items§r§e.§r§8 (Last 5s.)
12:26:11 §6[Sacks] §r§a+4§r§e items§r§e.§r§8 (Last 5s.)
12:26:25 §6[Sacks] §r§c-1,390§r§e items§r§e.§r§8 (Last 5s.)
12:29:43 §6[Sacks] §r§c-1,856§r§e items§r§e.§r§8 (Last 5s.)
12:29:57 §6[Sacks] §r§a+1§r§e item§r§e, §r§c-68§r§e items§r§e.§r§8 (Last 5s.)
12:30:06 §6[Sacks] §r§c-1§r§e item§r§e.§r§8 (Last 5s.)
12:31:02 §6[Sacks] §r§a+115§r§e items§r§e.§r§8 (Last 5s.)
12:50:29 §6[Sacks] §r§a+100§r§e items§r§e, §r§c-16,486§r§e items§r§e.§r§8 (Last 19s.)
12:52:01 §6[Sacks] §r§a+395§r§e items§r§e.§r§8 (Last 5s.)
12:53:29 §6[Sacks] §r§a+1§r§e item§r§e.§r§8 (Last 5s.)
12:53:56 §6[Sacks] §r§a+2§r§e items§r§e.§r§8 (Last 5s.)
12:54:09 §6[Sacks] §r§a+1§r§e item§r§e.§r§8 (Last 5s.)
12:54:15 §6[Sacks] §r§a+4§r§e items§r§e.§r§8 (Last 5s.)
12:54:24 §6[Sacks] §r§a+4§r§e items§r§e.§r§8 (Last 5s.)
12:55:00 §6[Sacks] §r§a+3§r§e items§r§e.§r§8 (Last 5s.)
12:55:30 §6[Sacks] §r§a+1§r§e item§r§e.§r§8 (Last 5s.)
12:55:41 §6[Sacks] §r§a+4§r§e items§r§e.§r§8 (Last 5s.)
12:57:34 §6[Sacks] §r§a+3§r§e items§r§e.§r§8 (Last 5s.)
12:59:05 §6[Sacks] §r§a+4§r§e items§r§e.§r§8 (Last 5s.)
12:59:51 §6[Sacks] §r§a+17§r§e items§r§e.§r§8 (Last 16s.)
13:00:24 §6[Sacks] §r§a+5§r§e items§r§e.§r§8 (Last 9s.)
13:00:34 §6[Sacks] §r§a+5§r§e items§r§e.§r§8 (Last 5s.)
13:00:54 §6[Sacks] §r§a+5§r§e items§r§e.§r§8 (Last 10s.)
13:02:05 §6[Sacks] §r§a+1§r§e item§r§e.§r§8 (Last 5s.)
13:02:15 §6[Sacks] §r§a+4§r§e items§r§e.§r§8 (Last 9s.)
13:02:54 §6[Sacks] §r§a+5§r§e items§r§e.§r§8 (Last 9s.)
13:03:12 §6[Sacks] §r§a+3§r§e items§r§e.§r§8 (Last 5s.)
13:03:37 §6[Sacks] §r§a+2§r§e items§r§e.§r§8 (Last 5s.)
13:04:08 §6[Sacks] §r§a+15§r§e items§r§e.§r§8 (Last 11s.)
13:05:05 §6[Sacks] §r§a+2§r§e items§r§e.§r§8 (Last 5s.)
13:05:12 §6[Sacks] §r§a+2§r§e items§r§e.§r§8 (Last 5s.)
13:05:22 §6[Sacks] §r§a+3§r§e items§r§e.§r§8 (Last 5s.)
13:05:48 §6[Sacks] §r§a+2§r§e items§r§e.§r§8 (Last 5s.)
13:06:12 §6[Sacks] §r§a+1§r§e item§r§e.§r§8 (Last 5s.)
13:06:29 §6[Sacks] §r§a+3§r§e items§r§e.§r§8 (Last 5s.)
13:07:06 §6[Sacks] §r§a+4§r§e items§r§e.§r§8 (Last 6s.)
13:07:41 §6[Sacks] §r§a+5§r§e items§r§e.§r§8 (Last 6s.)
13:08:00 §6[Sacks] §r§a+3§r§e items§r§e.§r§8 (Last 5s.)
13:08:19 §6[Sacks] §r§a+1§r§e item§r§e.§r§8 (Last 5s.)
13:08:41 §6[Sacks] §r§a+5§r§e items§r§e.§r§8 (Last 7s.)
13:09:00 §6[Sacks] §r§a+1§r§e item§r§e.§r§8 (Last 5s.)
13:09:09 §6[Sacks] §r§a+2§r§e items§r§e.§r§8 (Last 5s.)
13:09:15 §6[Sacks] §r§a+1§r§e item§r§e.§r§8 (Last 5s.)
13:09:44 §6[Sacks] §r§a+2§r§e items§r§e.§r§8 (Last 5s.)
13:09:51 §6[Sacks] §r§a+2§r§e items§r§e.§r§8 (Last 5s.)
13:09:57 §6[Sacks] §r§a+1§r§e item§r§e.§r§8 (Last 5s.)
13:10:31 §6[Sacks] §r§a+2§r§e items§r§e.§r§8 (Last 5s.)
13:10:45 §6[Sacks] §r§a+1§r§e item§r§e.§r§8 (Last 5s.)
13:11:13 §6[Sacks] §r§a+2§r§e items§r§e.§r§8 (Last 5s.)
13:11:41 §6[Sacks] §r§a+3§r§e items§r§e.§r§8 (Last 5s.)
13:12:30 §6[Sacks] §r§a+2§r§e items§r§e.§r§8 (Last 5s.)
13:13:00 §6[Sacks] §r§a+2§r§e items§r§e.§r§8 (Last 5s.)
13:13:06 §6[Sacks] §r§a+3§r§e items§r§e.§r§8 (Last 5s.)
13:13:31 §6[Sacks] §r§a+2§r§e items§r§e.§r§8 (Last 5s.)
13:13:42 §6[Sacks] §r§a+4§r§e items§r§e.§r§8 (Last 5s.)
13:13:55 §6[Sacks] §r§a+1§r§e item§r§e.§r§8 (Last 5s.)
13:14:23 §6[Sacks] §r§a+4§r§e items§r§e.§r§8 (Last 6s.)
13:14:31 §6[Sacks] §r§a+1§r§e item§r§e.§r§8 (Last 5s.)
13:14:37 §6[Sacks] §r§a+1§r§e item§r§e.§r§8 (Last 5s.)
13:22:22 §6[Sacks] §r§a+10§r§e items§r§e.§r§8 (Last 7s.)
13:23:36 §6[Sacks] §r§a+2§r§e items§r§e.§r§8 (Last 5s.)
13:24:01 §6[Sacks] §r§a+4§r§e items§r§e.§r§8 (Last 5s.)
13:25:37 §6[Sacks] §r§a+3§r§e items§r§e.§r§8 (Last 5s.)
13:26:04 §6[Sacks] §r§a+4§r§e items§r§e.§r§8 (Last 5s.)
13:26:30 §6[Sacks] §r§a+6§r§e items§r§e.§r§8 (Last 9s.)
13:33:36 §6[Sacks] §r§a+3§r§e items§r§e.§r§8 (Last 5s.)
13:36:49 §6[Sacks] §r§c-1,728§r§e items§r§e.§r§8 (Last 5s.)
13:36:59 §6[Sacks] §r§c-107§r§e items§r§e.§r§8 (Last 5s.)
13:37:07 §6[Sacks] §r§c-242§r§e items§r§e.§r§8 (Last 5s.)
13:39:03 §6[Sacks] §r§a+2§r§e items§r§e.§r§8 (Last 5s.)
13:39:18 §6[Sacks] §r§a+4§r§e items§r§e.§r§8 (Last 9s.)
13:39:24 §6[Sacks] §r§a+2§r§e items§r§e.§r§8 (Last 5s.)
13:39:59 §6[Sacks] §r§a+1,348§r§e items§r§e.§r§8 (Last 30s.)
13:40:17 §6[Sacks] §r§a+998§r§e items§r§e.§r§8 (Last 14s.)
13:40:49 §6[Sacks] §r§a+1,620§r§e items§r§e.§r§8 (Last 30s.)
13:41:04 §6[Sacks] §r§a+40§r§e items§r§e.§r§8 (Last 5s.)
13:41:17 §6[Sacks] §r§a+176§r§e items§r§e.§r§8 (Last 12s.)
13:41:40 §6[Sacks] §r§a+754§r§e items§r§e.§r§8 (Last 12s.)
13:42:24 §6[Sacks] §r§a+761§r§e items§r§e.§r§8 (Last 22s.)
13:42:54 §6[Sacks] §r§a+1,326§r§e items§r§e.§r§8 (Last 29s.)
13:43:15 §6[Sacks] §r§a+67§r§e items§r§e.§r§8 (Last 8s.)
13:43:54 §6[Sacks] §r§a+705§r§e items§r§e.§r§8 (Last 14s.)
13:44:24 §6[Sacks] §r§a+997§r§e items§r§e.§r§8 (Last 18s.)
13:45:06 §6[Sacks] §r§a+893§r§e items§r§e.§r§8 (Last 26s.)
13:45:44 §6[Sacks] §r§a+81§r§e items§r§e.§r§8 (Last 5s.)
13:46:16 §6[Sacks] §r§a+897§r§e items§r§e.§r§8 (Last 30s.)
13:46:28 §6[Sacks] §r§a+725§r§e items§r§e.§r§8 (Last 10s.)
13:46:36 §6[Sacks] §r§a+6§r§e items§r§e.§r§8 (Last 6s.)
13:47:34 §6[Sacks] §r§a+2§r§e items§r§e.§r§8 (Last 5s.)
13:48:16 §6[Sacks] §r§a+1,436§r§e items§r§e.§r§8 (Last 25s.)
13:48:39 §6[Sacks] §r§a+1,396§r§e items§r§e.§r§8 (Last 21s.)
13:48:56 §6[Sacks] §r§a+1,393§r§e items§r§e.§r§8 (Last 15s.)
13:57:23 §6[Sacks] §r§a+1,425§r§e items§r§e.§r§8 (Last 30s.)
13:57:46 §6[Sacks] §r§a+2§r§e items§r§e.§r§8 (Last 5s.)
13:59:36 §6[Sacks] §r§a+1,769§r§e items§r§e.§r§8 (Last 30s.)
13:59:44 §6[Sacks] §r§a+185§r§e items§r§e.§r§8 (Last 7s.)
13:59:53 §6[Sacks] §r§a+3§r§e items§r§e.§r§8 (Last 5s.)
14:00:10 §6[Sacks] §r§a+126§r§e items§r§e, §r§c-20,160§r§e items§r§e.§r§8 (Last 12s.)
14:00:31 §6[Sacks] §r§a+1,580§r§e items§r§e.§r§8 (Last 19s.)
14:01:36 §6[Sacks] §r§a+2,163§r§e items§r§e.§r§8 (Last 29s.)
14:01:56 §6[Sacks] §r§a+703§r§e items§r§e.§r§8 (Last 19s.)
14:02:09 §6[Sacks] §r§a+778§r§e items§r§e.§r§8 (Last 12s.)
14:02:36 §6[Sacks] §r§a+4§r§e items§r§e.§r§8 (Last 6s.)
14:03:04 §6[Sacks] §r§a+1,113§r§e items§r§e.§r§8 (Last 23s.)
14:03:40 §6[Sacks] §r§a+2,834§r§e items§r§e.§r§8 (Last 30s.)
14:04:12 §6[Sacks] §r§a+1,700§r§e items§r§e.§r§8 (Last 30s.)
14:04:20 §6[Sacks] §r§a+6§r§e items§r§e.§r§8 (Last 5s.)
14:04:34 §6[Sacks] §r§a+981§r§e items§r§e.§r§8 (Last 11s.)
14:04:48 §6[Sacks] §r§a+275§r§e items§r§e.§r§8 (Last 11s.)
14:04:56 §6[Sacks] §r§a+144§r§e items§r§e.§r§8 (Last 6s.)
14:05:35 §6[Sacks] §r§a+1,207§r§e items§r§e.§r§8 (Last 30s.)
14:05:55 §6[Sacks] §r§a+40§r§e items§r§e.§r§8 (Last 5s.)
14:06:14 §6[Sacks] §r§a+701§r§e items§r§e.§r§8 (Last 15s.)
14:06:48 §6[Sacks] §r§a+1,496§r§e items§r§e.§r§8 (Last 30s.)
14:07:27 §6[Sacks] §r§a+42§r§e items§r§e.§r§8 (Last 10s.)
14:07:44 §6[Sacks] §r§a+845§r§e items§r§e.§r§8 (Last 16s.)
14:07:55 §6[Sacks] §r§a+503§r§e items§r§e.§r§8 (Last 7s.)
14:08:52 §6[Sacks] §r§a+480§r§e items§r§e.§r§8 (Last 22s.)
14:09:26 §6[Sacks] §r§a+1,956§r§e items§r§e.§r§8 (Last 30s.)
14:09:40 §6[Sacks] §r§a+4§r§e items§r§e.§r§8 (Last 6s.)
14:09:54 §6[Sacks] §r§a+712§r§e items§r§e.§r§8 (Last 8s.)
14:10:19 §6[Sacks] §r§a+32§r§e items§r§e.§r§8 (Last 22s.)
14:10:50 §6[Sacks] §r§a+3§r§e items§r§e.§r§8 (Last 12s.)
14:11:02 §6[Sacks] §r§a+10§r§e items§r§e.§r§8 (Last 10s.)
14:11:33 §6[Sacks] §r§a+15§r§e items§r§e.§r§8 (Last 25s.)
14:11:46 §6[Sacks] §r§a+6§r§e items§r§e.§r§8 (Last 7s.)
14:12:27 §6[Sacks] §r§a+25§r§e items§r§e.§r§8 (Last 30s.)
14:12:44 §6[Sacks] §r§a+2§r§e items§r§e.§r§8 (Last 5s.)
14:13:05 §6[Sacks] §r§a+14§r§e items§r§e.§r§8 (Last 20s.)
14:13:16 §6[Sacks] §r§a+5§r§e items§r§e.§r§8 (Last 7s.)
14:13:23 §6[Sacks] §r§a+6§r§e items§r§e.§r§8 (Last 5s.)
14:13:44 §6[Sacks] §r§a+6§r§e items§r§e.§r§8 (Last 8s.)
14:14:17 §6[Sacks] §r§a+22§r§e items§r§e.§r§8 (Last 30s.)
14:14:30 §6[Sacks] §r§a+7§r§e items§r§e.§r§8 (Last 7s.)
14:15:10 §6[Sacks] §r§a+16§r§e items§r§e.§r§8 (Last 21s.)
14:15:50 §6[Sacks] §r§a+7§r§e items§r§e.§r§8 (Last 7s.)
14:16:02 §6[Sacks] §r§a+8§r§e items§r§e.§r§8 (Last 8s.)
14:16:30 §6[Sacks] §r§a+16§r§e items§r§e.§r§8 (Last 25s.)
14:16:51 §6[Sacks] §r§a+13§r§e items§r§e.§r§8 (Last 18s.)
14:17:26 §6[Sacks] §r§a+2§r§e items§r§e.§r§8 (Last 5s.)
14:17:43 §6[Sacks] §r§a+8§r§e items§r§e.§r§8 (Last 15s.)
14:18:13 §6[Sacks] §r§a+6§r§e items§r§e.§r§8 (Last 5s.)
14:18:36 §6[Sacks] §r§a+1,129§r§e items§r§e.§r§8 (Last 20s.)
14:19:19 §6[Sacks] §r§a+1,884§r§e items§r§e.§r§8 (Last 30s.)
14:19:36 §6[Sacks] §r§a+1,164§r§e items§r§e.§r§8 (Last 15s.)
14:20:00 §6[Sacks] §r§a+549§r§e items§r§e.§r§8 (Last 11s.)
14:20:18 §6[Sacks] §r§a+24§r§e items§r§e.§r§8 (Last 5s.)
14:20:47 §6[Sacks] §r§a+729§r§e items§r§e.§r§8 (Last 26s.)
14:21:24 §6[Sacks] §r§a+1,077§r§e items§r§e.§r§8 (Last 29s.)
14:21:55 §6[Sacks] §r§a+1,123§r§e items§r§e.§r§8 (Last 30s.)
14:22:34 §6[Sacks] §r§a+721§r§e items§r§e.§r§8 (Last 19s.)
14:22:58 §6[Sacks] §r§a+1,074§r§e items§r§e.§r§8 (Last 19s.)
14:23:12 §6[Sacks] §r§a+5§r§e items§r§e.§r§8 (Last 9s.)
14:23:44 §6[Sacks] §r§a+16§r§e items§r§e.§r§8 (Last 30s.)
14:24:11 §6[Sacks] §r§a+9§r§e items§r§e.§r§8 (Last 16s.)
14:24:22 §6[Sacks] §r§a+4§r§e items§r§e.§r§8 (Last 10s.)
14:24:28 §6[Sacks] §r§a+1§r§e item§r§e.§r§8 (Last 5s.)
14:25:08 §6[Sacks] §r§a+25§r§e items§r§e.§r§8 (Last 30s.)
14:25:42 §6[Sacks] §r§a+19§r§e items§r§e.§r§8 (Last 30s.)
14:26:10 §6[Sacks] §r§a+24§r§e items§r§e.§r§8 (Last 26s.)
14:26:42 §6[Sacks] §r§a+27§r§e items§r§e.§r§8 (Last 30s.)
14:26:54 §6[Sacks] §r§a+3§r§e items§r§e.§r§8 (Last 10s.)
14:27:25 §6[Sacks] §r§a+28§r§e items§r§e.§r§8 (Last 30s.)
14:27:48 §6[Sacks] §r§a+15§r§e items§r§e.§r§8 (Last 18s.)
14:28:07 §6[Sacks] §r§a+2§r§e items§r§e.§r§8 (Last 5s.)
14:28:31 §6[Sacks] §r§a+1,113§r§e items§r§e.§r§8 (Last 18s.)
14:29:07 §6[Sacks] §r§a+1,164§r§e items§r§e.§r§8 (Last 23s.)
14:29:33 §6[Sacks] §r§a+1,289§r§e items§r§e.§r§8 (Last 22s.)
14:29:49 §6[Sacks] §r§a+665§r§e items§r§e.§r§8 (Last 12s.)
14:30:14 §6[Sacks] §r§a+1,243§r§e items§r§e.§r§8 (Last 24s.)
14:30:36 §6[Sacks] §r§a+126§r§e items§r§e.§r§8 (Last 5s.)
14:30:49 §6[Sacks] §r§a+626§r§e items§r§e.§r§8 (Last 11s.)
14:31:29 §6[Sacks] §r§a+1,146§r§e items§r§e.§r§8 (Last 19s.)
14:31:57 §6[Sacks] §r§a+1,233§r§e items§r§e.§r§8 (Last 22s.)
14:32:47 §6[Sacks] §r§a+1,155§r§e items§r§e.§r§8 (Last 18s.)
14:33:10 §6[Sacks] §r§a+662§r§e items§r§e.§r§8 (Last 17s.)
14:33:46 §6[Sacks] §r§a+161§r§e items§r§e.§r§8 (Last 8s.)
14:33:53 §6[Sacks] §r§a+3§r§e items§r§e.§r§8 (Last 5s.)
14:34:18 §6[Sacks] §r§a+3§r§e items§r§e.§r§8 (Last 5s.)
14:35:04 §6[Sacks] §r§a+105§r§e items§r§e, §r§c-16,704§r§e items§r§e.§r§8 (Last 15s.)
14:35:39 §6[Sacks] §r§a+253§r§e items§r§e, §r§c-3,586§r§e items§r§e.§r§8 (Last 13s.)
14:35:56 §6[Sacks] §r§c-1,408§r§e items§r§e.§r§8 (Last 5s.)
14:36:31 §6[Sacks] §r§a+379§r§e items§r§e, §r§c-18,905§r§e items§r§e.§r§8 (Last 27s.)
14:36:49 §6[Sacks] §r§a+774§r§e items§r§e.§r§8 (Last 11s.)
14:37:40 §6[Sacks] §r§a+2,831§r§e items§r§e.§r§8 (Last 30s.)
14:37:52 §6[Sacks] §r§a+261§r§e items§r§e.§r§8 (Last 10s.)
14:38:04 §6[Sacks] §r§a+769§r§e items§r§e.§r§8 (Last 10s.)
14:38:31 §6[Sacks] §r§a+6§r§e items§r§e.§r§8 (Last 5s.)
14:38:59 §6[Sacks] §r§a+776§r§e items§r§e.§r§8 (Last 10s.)
14:40:47 §6[Sacks] §r§a+2,259§r§e items§r§e.§r§8 (Last 30s.)
14:41:08 §6[Sacks] §r§a+1,599§r§e items§r§e.§r§8 (Last 17s.)
14:41:35 §6[Sacks] §r§a+1,494§r§e items§r§e.§r§8 (Last 24s.)
14:42:06 §6[Sacks] §r§a+2,165§r§e items§r§e.§r§8 (Last 30s.)
14:42:26 §6[Sacks] §r§a+1,692§r§e items§r§e.§r§8 (Last 19s.)
14:42:58 §6[Sacks] §r§a+3,043§r§e items§r§e.§r§8 (Last 30s.)
14:43:17 §6[Sacks] §r§a+1,535§r§e items§r§e.§r§8 (Last 16s.)
14:43:59 §6[Sacks] §r§a+1,033§r§e items§r§e.§r§8 (Last 30s.)
14:44:07 §6[Sacks] §r§a+4§r§e items§r§e.§r§8 (Last 6s.)
14:44:22 §6[Sacks] §r§a+8§r§e items§r§e.§r§8 (Last 11s.)
14:44:53 §6[Sacks] §r§a+27§r§e items§r§e.§r§8 (Last 30s.)
14:45:09 §6[Sacks] §r§a+10§r§e items§r§e.§r§8 (Last 15s.)
14:45:27 §6[Sacks] §r§a+14§r§e items§r§e.§r§8 (Last 17s.)
14:45:45 §6[Sacks] §r§a+16§r§e items§r§e.§r§8 (Last 14s.)
14:46:04 §6[Sacks] §r§a+10§r§e items§r§e.§r§8 (Last 12s.)
14:46:16 §6[Sacks] §r§a+8§r§e items§r§e.§r§8 (Last 8s.)
14:46:45 §6[Sacks] §r§a+22§r§e items§r§e.§r§8 (Last 26s.)
14:47:03 §6[Sacks] §r§a+16§r§e items§r§e.§r§8 (Last 15s.)
14:47:21 §6[Sacks] §r§a+776§r§e items§r§e.§r§8 (Last 14s.)
14:47:56 §6[Sacks] §r§a+1,357§r§e items§r§e.§r§8 (Last 25s.)
14:48:32 §6[Sacks] §r§a+1,205§r§e items§r§e.§r§8 (Last 24s.)
14:48:46 §6[Sacks] §r§a+663§r§e items§r§e.§r§8 (Last 13s.)
14:49:18 §6[Sacks] §r§a+1,145§r§e items§r§e.§r§8 (Last 28s.)
14:49:42 §6[Sacks] §r§a+1,183§r§e items§r§e.§r§8 (Last 22s.)
14:50:02 §6[Sacks] §r§a+1,173§r§e items§r§e.§r§8 (Last 16s.)
14:50:24 §6[Sacks] §r§a+758§r§e items§r§e.§r§8 (Last 20s.)
14:50:43 §6[Sacks] §r§a+767§r§e items§r§e.§r§8 (Last 15s.)
14:51:17 §6[Sacks] §r§a+1,363§r§e items§r§e.§r§8 (Last 21s.)
15:11:08 §6[Sacks] §r§a+8§r§e items§r§e, §r§c-1,280§r§e items§r§e.§r§8 (Last 5s.)
15:11:56 §6[Sacks] §r§a+126§r§e items§r§e, §r§c-20,352§r§e items§r§e.§r§8 (Last 17s.)
15:12:16 §6[Sacks] §r§a+661§r§e items§r§e, §r§c-9,656§r§e items§r§e.§r§8 (Last 10s.)
15:12:38 §6[Sacks] §r§c-782§r§e items§r§e.§r§8 (Last 5s.)
15:23:44 §6[Sacks] §r§a+404§r§e items§r§e.§r§8 (Last 10s.)
15:24:06 §6[Sacks] §r§a+166§r§e items§r§e.§r§8 (Last 5s.)
15:24:12 §6[Sacks] §r§c-531§r§e items§r§e.§r§8 (Last 5s.)
15:30:50 §6[Sacks] §r§a+67§r§e items§r§e.§r§8 (Last 22s.)
15:31:03 §6[Sacks] §r§a+4§r§e items§r§e.§r§8 (Last 5s.)
15:31:23 §6[Sacks] §r§a+33§r§e items§r§e.§r§8 (Last 18s.)
15:35:10 §6[Sacks] §r§a+101§r§e items§r§e.§r§8 (Last 30s.)
15:35:31 §6[Sacks] §r§a+61§r§e items§r§e.§r§8 (Last 19s.)
15:37:59 §6[Sacks] §r§a+62§r§e items§r§e.§r§8 (Last 26s.)
15:42:01 §6[Sacks] §r§a+73§r§e items§r§e.§r§8 (Last 30s.)
15:42:35 §6[Sacks] §r§a+74§r§e items§r§e.§r§8 (Last 30s.)
15:43:09 §6[Sacks] §r§a+86§r§e items§r§e.§r§8 (Last 30s.)
15:43:43 §6[Sacks] §r§a+78§r§e items§r§e.§r§8 (Last 30s.)
15:44:13 §6[Sacks] §r§a+57§r§e items§r§e.§r§8 (Last 29s.)
15:44:47 §6[Sacks] §r§a+90§r§e items§r§e.§r§8 (Last 30s.)
15:45:19 §6[Sacks] §r§a+67§r§e items§r§e.§r§8 (Last 30s.)
15:45:51 §6[Sacks] §r§a+76§r§e items§r§e.§r§8 (Last 30s.)
15:46:29 §6[Sacks] §r§a+81§r§e items§r§e.§r§8 (Last 30s.)
15:47:33 §6[Sacks] §r§a+11§r§e items§r§e.§r§8 (Last 7s.)
15:50:18 §6[Sacks] §r§a+41§r§e items§r§e.§r§8 (Last 19s.)
15:52:34 §6[Sacks] §r§a+2§r§e items§r§e.§r§8 (Last 5s.)
16:26:20 §6[Sacks] §r§a+56§r§e items§r§e.§r§8 (Last 23s.)
16:26:32 §6[Sacks] §r§a+11§r§e items§r§e.§r§8 (Last 7s.)
16:28:10 §6[Sacks] §r§a+4§r§e items§r§e.§r§8 (Last 5s.)
16:43:45 §6[Sacks] §r§a+14§r§e items§r§e.§r§8 (Last 9s.)
16:43:54 §6[Sacks] §r§a+8§r§e items§r§e.§r§8 (Last 7s.)
16:45:58 §6[Sacks] §r§a+94§r§e items§r§e.§r§8 (Last 30s.)
16:46:05 §6[Sacks] §r§a+3§r§e items§r§e.§r§8 (Last 5s.)
