14:34:02 §eOne or more items didn't fit in your inventory and were added to your material stash! §6Click here §eto pick them up!
14:34:02 §eOne or more items didn't fit in your inventory and were added to your item stash! §6Click here §eto pick them up!
14:34:03 §eOne or more items didn't fit in your inventory and were added to your material stash! §6Click here §eto pick them up!
14:34:03 §eOne or more items didn't fit in your inventory and were added to your item stash! §6Click here §eto pick them up!
14:34:04 §eOne or more items didn't fit in your inventory and were added to your material stash! §6Click here §eto pick them up!
14:34:04 §eOne or more items didn't fit in your inventory and were added to your item stash! §6Click here §eto pick them up!
14:34:05 §eOne or more items didn't fit in your inventory and were added to your material stash! §6Click here §eto pick them up!
14:34:05 §eOne or more items didn't fit in your inventory and were added to your item stash! §6Click here §eto pick them up!
14:34:08 §eOne or more items didn't fit in your inventory and were added to your material stash! §6Click here §eto pick them up!
14:34:08 §eOne or more items didn't fit in your inventory and were added to your item stash! §6Click here §eto pick them up!
14:34:08 §eOne or more items didn't fit in your inventory and were added to your material stash! §6Click here §eto pick them up!
14:34:08 §eOne or more items didn't fit in your inventory and were added to your item stash! §6Click here §eto pick them up!
14:34:08 §eOne or more items didn't fit in your inventory and were added to your material stash! §6Click here §eto pick them up!
14:34:08 §eOne or more items didn't fit in your inventory and were added to your item stash! §6Click here §eto pick them up!
14:34:08 §eOne or more items didn't fit in your inventory and were added to your material stash! §6Click here §eto pick them up!
14:34:09 §eOne or more items didn't fit in your inventory and were added to your item stash! §6Click here §eto pick them up!
14:34:09 §eOne or more items didn't fit in your inventory and were added to your material stash! §6Click here §eto pick them up!
14:34:09 §eOne or more items didn't fit in your inventory and were added to your item stash! §6Click here §eto pick them up!
14:34:11 §eOne or more items didn't fit in your inventory and were added to your material stash! §6Click here §eto pick them up!
14:34:11 §eOne or more items didn't fit in your inventory and were added to your item stash! §6Click here §eto pick them up!
14:34:12 §eOne or more items didn't fit in your inventory and were added to your material stash! §6Click here §eto pick them up!
14:34:12 §eOne or more items didn't fit in your inventory and were added to your item stash! §6Click here §eto pick them up!
14:34:12 §eOne or more items didn't fit in your inventory and were added to your material stash! §6Click here §eto pick them up!
14:34:12 §eOne or more items didn't fit in your inventory and were added to your item stash! §6Click here §eto pick them up!
14:34:12 §eOne or more items didn't fit in your inventory and were added to your material stash! §6Click here §eto pick them up!
14:34:12 §eOne or more items didn't fit in your inventory and were added to your item stash! §6Click here §eto pick them up!
14:34:44 §f                 §7You have §3552 §7materials stashed away!
14:34:44 §f               §8(This totals 1 type of material stashed!)
14:34:44 §f                §3§l>>> §3§lCLICK HERE§b to pick them up! §3§l<<<
14:35:44 §f                 §7You have §3552 §7materials stashed away!
14:35:44 §f               §8(This totals 1 type of material stashed!)
14:35:44 §f                §3§l>>> §3§lCLICK HERE§b to pick them up! §3§l<<<
