13:39:55 §9§l▬▬▬▬▬▬▬▬▬▬▬▬▬▬▬▬▬▬▬▬▬▬▬▬▬▬▬▬▬▬▬▬▬▬▬▬▬▬▬▬▬▬▬▬▬▬▬▬▬▬▬▬▬▬▬▬▬▬▬▬▬▬▬▬
13:39:55                                  §r§9§lTREE GIFT
13:39:55 
13:39:55                  §r§7You helped cut §r§a100% §r§7of the §r§aFig Tree§r§7.
13:39:55 §f                       §e+5 rewards gained! §8(hover)
13:39:55 
13:39:55                                 §r§d§lBONUS GIFT
13:39:55                           §r§7§r§aStretching Sticks §r§8(§r§a20%§r§8)
13:39:55                             §r§7§r§fSweep Booster §r§8(§r§a1%§r§8)
13:39:55 §9§l▬▬▬▬▬▬▬▬▬▬▬▬▬▬▬▬▬▬▬▬▬▬▬▬▬▬▬▬▬▬▬▬▬▬▬▬▬▬▬▬▬▬▬▬▬▬▬▬▬▬▬▬▬▬▬▬▬▬▬▬▬▬▬▬
13:40:26 §9§l▬▬▬▬▬▬▬▬▬▬▬▬▬▬▬▬▬▬▬▬▬▬▬▬▬▬▬▬▬▬▬▬▬▬▬▬▬▬▬▬▬▬▬▬▬▬▬▬▬▬▬▬▬▬▬▬▬▬▬▬▬▬▬▬
13:40:26                                  §r§9§lTREE GIFT
13:40:26 
13:40:26                  §r§7You helped cut §r§a100% §r§7of the §r§aFig Tree§r§7.
13:40:26 §f                       §e+5 rewards gained! §8(hover)
13:40:26 
13:40:26                                 §r§d§lBONUS GIFT
13:40:26                           §r§7§r§aStretching Sticks §r§8(§r§a20%§r§8)
13:40:26 §9§l▬▬▬▬▬▬▬▬▬▬▬▬▬▬▬▬▬▬▬▬▬▬▬▬▬▬▬▬▬▬▬▬▬▬▬▬▬▬▬▬▬▬▬▬▬▬▬▬▬▬▬▬▬▬▬▬▬▬▬▬▬▬▬▬
13:41:11 §9§l▬▬▬▬▬▬▬▬▬▬▬▬▬▬▬▬▬▬▬▬▬▬▬▬▬▬▬▬▬▬▬▬▬▬▬▬▬▬▬▬▬▬▬▬▬▬▬▬▬▬▬▬▬▬▬▬▬▬▬▬▬▬▬▬
13:41:11                                  §r§9§lTREE GIFT
13:41:11 
13:41:11                  §r§7You helped cut §r§a100% §r§7of the §r§aFig Tree§r§7.
13:41:11 §f                       §e+5 rewards gained! §8(hover)
13:41:11 
13:41:11                                 §r§d§lBONUS GIFT
13:41:11                           §r§7§r§aStretching Sticks §r§8(§r§a20%§r§8)
13:41:11                      §r§7A §r§dPhanpyre §r§7fell from the Tree!
13:41:11 §9§l▬▬▬▬▬▬▬▬▬▬▬▬▬▬▬▬▬▬▬▬▬▬▬▬▬▬▬▬▬▬▬▬▬▬▬▬▬▬▬▬▬▬▬▬▬▬▬▬▬▬▬▬▬▬▬▬▬▬▬▬▬▬▬▬
13:41:35 §9§l▬▬▬▬▬▬▬▬▬▬▬▬▬▬▬▬▬▬▬▬▬▬▬▬▬▬▬▬▬▬▬▬▬▬▬▬▬▬▬▬▬▬▬▬▬▬▬▬▬▬▬▬▬▬▬▬▬▬▬▬▬▬▬▬
13:41:35                                  §r§9§lTREE GIFT
13:41:35 
13:41:35                  §r§7You helped cut §r§a100% §r§7of the §r§aFig Tree§r§7.
13:41:35 §f                       §e+5 rewards gained! §8(hover)
13:41:35 
13:41:35                                 §r§d§lBONUS GIFT
13:41:35                           §r§7§r§aStretching Sticks §r§8(§r§a20%§r§8)
13:41:35 §9§l▬▬▬▬▬▬▬▬▬▬▬▬▬▬▬▬▬▬▬▬▬▬▬▬▬▬▬▬▬▬▬▬▬▬▬▬▬▬▬▬▬▬▬▬▬▬▬▬▬▬▬▬▬▬▬▬▬▬▬▬▬▬▬▬
13:42:09 §9§l▬▬▬▬▬▬▬▬▬▬▬▬▬▬▬▬▬▬▬▬▬▬▬▬▬▬▬▬▬▬▬▬▬▬▬▬▬▬▬▬▬▬▬▬▬▬▬▬▬▬▬▬▬▬▬▬▬▬▬▬▬▬▬▬
13:42:09                                  §r§9§lTREE GIFT
13:42:09 
13:42:09                  §r§7You helped cut §r§a100% §r§7of the §r§aFig Tree§r§7.
13:42:09 §f                       §e+5 rewards gained! §8(hover)
13:42:09 §9§l▬▬▬▬▬▬▬▬▬▬▬▬▬▬▬▬▬▬▬▬▬▬▬▬▬▬▬▬▬▬▬▬▬▬▬▬▬▬▬▬▬▬▬▬▬▬▬▬▬▬▬▬▬▬▬▬▬▬▬▬▬▬▬▬
13:43:39 §9§l▬▬▬▬▬▬▬▬▬▬▬▬▬▬▬▬▬▬▬▬▬▬▬▬▬▬▬▬▬▬▬▬▬▬▬▬▬▬▬▬▬▬▬▬▬▬▬▬▬▬▬▬▬▬▬▬▬▬▬▬▬▬▬▬
13:43:39                                  §r§9§lTREE GIFT
13:43:39 
13:43:39                  §r§7You helped cut §r§a100% §r§7of the §r§aFig Tree§r§7.
13:43:39 §f                       §e+5 rewards gained! §8(hover)
13:43:39 
13:43:39                                 §r§d§lBONUS GIFT
13:43:39                           §r§7§r§aStretching Sticks §r§8(§r§a20%§r§8)
13:43:40 §9§l▬▬▬▬▬▬▬▬▬▬▬▬▬▬▬▬▬▬▬▬▬▬▬▬▬▬▬▬▬▬▬▬▬▬▬▬▬▬▬▬▬▬▬▬▬▬▬▬▬▬▬▬▬▬▬▬▬▬▬▬▬▬▬▬
13:45:47 §9§l▬▬▬▬▬▬▬▬▬▬▬▬▬▬▬▬▬▬▬▬▬▬▬▬▬▬▬▬▬▬▬▬▬▬▬▬▬▬▬▬▬▬▬▬▬▬▬▬▬▬▬▬▬▬▬▬▬▬▬▬▬▬▬▬
13:45:47                                  §r§9§lTREE GIFT
13:45:47 
13:45:47                  §r§7You helped cut §r§a100% §r§7of the §r§aFig Tree§r§7.
13:45:47 §f                       §e+5 rewards gained! §8(hover)
13:45:47 
13:45:47                                 §r§d§lBONUS GIFT
13:45:47                           §r§7§r§aStretching Sticks §r§8(§r§a20%§r§8)
13:45:47 §9§l▬▬▬▬▬▬▬▬▬▬▬▬▬▬▬▬▬▬▬▬▬▬▬▬▬▬▬▬▬▬▬▬▬▬▬▬▬▬▬▬▬▬▬▬▬▬▬▬▬▬▬▬▬▬▬▬▬▬▬▬▬▬▬▬
13:46:03 §9§l▬▬▬▬▬▬▬▬▬▬▬▬▬▬▬▬▬▬▬▬▬▬▬▬▬▬▬▬▬▬▬▬▬▬▬▬▬▬▬▬▬▬▬▬▬▬▬▬▬▬▬▬▬▬▬▬▬▬▬▬▬▬▬▬
13:46:03                                  §r§9§lTREE GIFT
13:46:03 
13:46:03                  §r§7You helped cut §r§a100% §r§7of the §r§aFig Tree§r§7.
13:46:03 §f                       §e+5 rewards gained! §8(hover)
13:46:03 
13:46:03                                 §r§d§lBONUS GIFT
13:46:03                           §r§7§r§aStretching Sticks §r§8(§r§a20%§r§8)
13:46:03 §9§l▬▬▬▬▬▬▬▬▬▬▬▬▬▬▬▬▬▬▬▬▬▬▬▬▬▬▬▬▬▬▬▬▬▬▬▬▬▬▬▬▬▬▬▬▬▬▬▬▬▬▬▬▬▬▬▬▬▬▬▬▬▬▬▬
13:46:22 §9§l▬▬▬▬▬▬▬▬▬▬▬▬▬▬▬▬▬▬▬▬▬▬▬▬▬▬▬▬▬▬▬▬▬▬▬▬▬▬▬▬▬▬▬▬▬▬▬▬▬▬▬▬▬▬▬▬▬▬▬▬▬▬▬▬
13:46:22                                  §r§9§lTREE GIFT
13:46:22 
13:46:22                  §r§7You helped cut §r§a100% §r§7of the §r§aFig Tree§r§7.
13:46:22 §f                       §e+5 rewards gained! §8(hover)
13:46:22 §9§l▬▬▬▬▬▬▬▬▬▬▬▬▬▬▬▬▬▬▬▬▬▬▬▬▬▬▬▬▬▬▬▬▬▬▬▬▬▬▬▬▬▬▬▬▬▬▬▬▬▬▬▬▬▬▬▬▬▬▬▬▬▬▬▬
13:48:06 §9§l▬▬▬▬▬▬▬▬▬▬▬▬▬▬▬▬▬▬▬▬▬▬▬▬▬▬▬▬▬▬▬▬▬▬▬▬▬▬▬▬▬▬▬▬▬▬▬▬▬▬▬▬▬▬▬▬▬▬▬▬▬▬▬▬
13:48:06                                  §r§9§lTREE GIFT
13:48:06 
13:48:06                  §r§7You helped cut §r§a100% §r§7of the §r§aFig Tree§r§7.
13:48:06 §f                       §e+5 rewards gained! §8(hover)
13:48:06 
13:48:06                                 §r§d§lBONUS GIFT
13:48:06                           §r§7§r§aStretching Sticks §r§8(§r§a20%§r§8)
13:48:06 §9§l▬▬▬▬▬▬▬▬▬▬▬▬▬▬▬▬▬▬▬▬▬▬▬▬▬▬▬▬▬▬▬▬▬▬▬▬▬▬▬▬▬▬▬▬▬▬▬▬▬▬▬▬▬▬▬▬▬▬▬▬▬▬▬▬
13:48:33 §9§l▬▬▬▬▬▬▬▬▬▬▬▬▬▬▬▬▬▬▬▬▬▬▬▬▬▬▬▬▬▬▬▬▬▬▬▬▬▬▬▬▬▬▬▬▬▬▬▬▬▬▬▬▬▬▬▬▬▬▬▬▬▬▬▬
13:48:33                                  §r§9§lTREE GIFT
13:48:33 
13:48:33                  §r§7You helped cut §r§a100% §r§7of the §r§aFig Tree§r§7.
13:48:33 §f                       §e+5 rewards gained! §8(hover)
13:48:33 
13:48:33                                 §r§d§lBONUS GIFT
13:48:33                           §r§7§r§aStretching Sticks §r§8(§r§a20%§r§8)
13:48:33                      §r§7A §r§dPhanpyre §r§7fell from the Tree!
13:48:33 §9§l▬▬▬▬▬▬▬▬▬▬▬▬▬▬▬▬▬▬▬▬▬▬▬▬▬▬▬▬▬▬▬▬▬▬▬▬▬▬▬▬▬▬▬▬▬▬▬▬▬▬▬▬▬▬▬▬▬▬▬▬▬▬▬▬
13:48:50 §9§l▬▬▬▬▬▬▬▬▬▬▬▬▬▬▬▬▬▬▬▬▬▬▬▬▬▬▬▬▬▬▬▬▬▬▬▬▬▬▬▬▬▬▬▬▬▬▬▬▬▬▬▬▬▬▬▬▬▬▬▬▬▬▬▬
13:48:50                                  §r§9§lTREE GIFT
13:48:50 
13:48:50                  §r§7You helped cut §r§a100% §r§7of the §r§aFig Tree§r§7.
13:48:50 §f                       §e+5 rewards gained! §8(hover)
13:48:50 
13:48:50                                 §r§d§lBONUS GIFT
13:48:50                           §r§7§r§aStretching Sticks §r§8(§r§a20%§r§8)
13:48:50 §9§l▬▬▬▬▬▬▬▬▬▬▬▬▬▬▬▬▬▬▬▬▬▬▬▬▬▬▬▬▬▬▬▬▬▬▬▬▬▬▬▬▬▬▬▬▬▬▬▬▬▬▬▬▬▬▬▬▬▬▬▬▬▬▬▬
13:57:08 §9§l▬▬▬▬▬▬▬▬▬▬▬▬▬▬▬▬▬▬▬▬▬▬▬▬▬▬▬▬▬▬▬▬▬▬▬▬▬▬▬▬▬▬▬▬▬▬▬▬▬▬▬▬▬▬▬▬▬▬▬▬▬▬▬▬
13:57:08                                  §r§9§lTREE GIFT
13:57:08 
13:57:08                  §r§7You helped cut §r§a100% §r§7of the §r§aFig Tree§r§7.
13:57:08 §f                       §e+5 rewards gained! §8(hover)
13:57:08 §9§l▬▬▬▬▬▬▬▬▬▬▬▬▬▬▬▬▬▬▬▬▬▬▬▬▬▬▬▬▬▬▬▬▬▬▬▬▬▬▬▬▬▬▬▬▬▬▬▬▬▬▬▬▬▬▬▬▬▬▬▬▬▬▬▬
13:57:18 §9§l▬▬▬▬▬▬▬▬▬▬▬▬▬▬▬▬▬▬▬▬▬▬▬▬▬▬▬▬▬▬▬▬▬▬▬▬▬▬▬▬▬▬▬▬▬▬▬▬▬▬▬▬▬▬▬▬▬▬▬▬▬▬▬▬
13:57:18                                  §r§9§lTREE GIFT
13:57:18 
13:57:18                  §r§7You helped cut §r§a100% §r§7of the §r§aFig Tree§r§7.
13:57:18 §f                       §e+5 rewards gained! §8(hover)
13:57:18                      §r§7A §r§dPhanpyre §r§7fell from the Tree!
13:57:18 §9§l▬▬▬▬▬▬▬▬▬▬▬▬▬▬▬▬▬▬▬▬▬▬▬▬▬▬▬▬▬▬▬▬▬▬▬▬▬▬▬▬▬▬▬▬▬▬▬▬▬▬▬▬▬▬▬▬▬▬▬▬▬▬▬▬
13:59:13 §9§l▬▬▬▬▬▬▬▬▬▬▬▬▬▬▬▬▬▬▬▬▬▬▬▬▬▬▬▬▬▬▬▬▬▬▬▬▬▬▬▬▬▬▬▬▬▬▬▬▬▬▬▬▬▬▬▬▬▬▬▬▬▬▬▬
13:59:13                                  §r§9§lTREE GIFT
13:59:13 
13:59:13                  §r§7You helped cut §r§a100% §r§7of the §r§aFig Tree§r§7.
13:59:13 §f                       §e+5 rewards gained! §8(hover)
13:59:13 §9§l▬▬▬▬▬▬▬▬▬▬▬▬▬▬▬▬▬▬▬▬▬▬▬▬▬▬▬▬▬▬▬▬▬▬▬▬▬▬▬▬▬▬▬▬▬▬▬▬▬▬▬▬▬▬▬▬▬▬▬▬▬▬▬▬
13:59:21 §9§l▬▬▬▬▬▬▬▬▬▬▬▬▬▬▬▬▬▬▬▬▬▬▬▬▬▬▬▬▬▬▬▬▬▬▬▬▬▬▬▬▬▬▬▬▬▬▬▬▬▬▬▬▬▬▬▬▬▬▬▬▬▬▬▬
13:59:21                                  §r§9§lTREE GIFT
13:59:21 
13:59:21                  §r§7You helped cut §r§a100% §r§7of the §r§aFig Tree§r§7.
13:59:21 §f                       §e+5 rewards gained! §8(hover)
13:59:21 
13:59:21                                 §r§d§lBONUS GIFT
13:59:21                           §r§7§r§aStretching Sticks §r§8(§r§a20%§r§8)
13:59:21 §9§l▬▬▬▬▬▬▬▬▬▬▬▬▬▬▬▬▬▬▬▬▬▬▬▬▬▬▬▬▬▬▬▬▬▬▬▬▬▬▬▬▬▬▬▬▬▬▬▬▬▬▬▬▬▬▬▬▬▬▬▬▬▬▬▬
13:59:47 §9§l▬▬▬▬▬▬▬▬▬▬▬▬▬▬▬▬▬▬▬▬▬▬▬▬▬▬▬▬▬▬▬▬▬▬▬▬▬▬▬▬▬▬▬▬▬▬▬▬▬▬▬▬▬▬▬▬▬▬▬▬▬▬▬▬
13:59:47                                  §r§9§lTREE GIFT
13:59:47 
13:59:47                  §r§7You helped cut §r§a100% §r§7of the §r§aFig Tree§r§7.
13:59:47 §f                       §e+5 rewards gained! §8(hover)
13:59:47 §9§l▬▬▬▬▬▬▬▬▬▬▬▬▬▬▬▬▬▬▬▬▬▬▬▬▬▬▬▬▬▬▬▬▬▬▬▬▬▬▬▬▬▬▬▬▬▬▬▬▬▬▬▬▬▬▬▬▬▬▬▬▬▬▬▬
14:00:16 §9§l▬▬▬▬▬▬▬▬▬▬▬▬▬▬▬▬▬▬▬▬▬▬▬▬▬▬▬▬▬▬▬▬▬▬▬▬▬▬▬▬▬▬▬▬▬▬▬▬▬▬▬▬▬▬▬▬▬▬▬▬▬▬▬▬
14:00:16                                  §r§9§lTREE GIFT
14:00:16 
14:00:16                  §r§7You helped cut §r§a100% §r§7of the §r§aFig Tree§r§7.
14:00:16 §f                       §e+5 rewards gained! §8(hover)
14:00:16                      §r§7A §r§dPhanpyre §r§7fell from the Tree!
14:00:16 §9§l▬▬▬▬▬▬▬▬▬▬▬▬▬▬▬▬▬▬▬▬▬▬▬▬▬▬▬▬▬▬▬▬▬▬▬▬▬▬▬▬▬▬▬▬▬▬▬▬▬▬▬▬▬▬▬▬▬▬▬▬▬▬▬▬
14:01:17 §9§l▬▬▬▬▬▬▬▬▬▬▬▬▬▬▬▬▬▬▬▬▬▬▬▬▬▬▬▬▬▬▬▬▬▬▬▬▬▬▬▬▬▬▬▬▬▬▬▬▬▬▬▬▬▬▬▬▬▬▬▬▬▬▬▬
14:01:17                                  §r§9§lTREE GIFT
14:01:17 
14:01:17                  §r§7You helped cut §r§a100% §r§7of the §r§aFig Tree§r§7.
14:01:17 §f                       §e+5 rewards gained! §8(hover)
14:01:17 
14:01:17                                 §r§d§lBONUS GIFT
14:01:17                           §r§7§r§aStretching Sticks §r§8(§r§a20%§r§8)
14:01:17 §9§l▬▬▬▬▬▬▬▬▬▬▬▬▬▬▬▬▬▬▬▬▬▬▬▬▬▬▬▬▬▬▬▬▬▬▬▬▬▬▬▬▬▬▬▬▬▬▬▬▬▬▬▬▬▬▬▬▬▬▬▬▬▬▬▬
14:01:23 §9§l▬▬▬▬▬▬▬▬▬▬▬▬▬▬▬▬▬▬▬▬▬▬▬▬▬▬▬▬▬▬▬▬▬▬▬▬▬▬▬▬▬▬▬▬▬▬▬▬▬▬▬▬▬▬▬▬▬▬▬▬▬▬▬▬
14:01:23                                  §r§9§lTREE GIFT
14:01:23 
14:01:23                   §r§7You helped cut §r§a60% §r§7of the §r§aFig Tree§r§7.
14:01:23 §f                       §e+5 rewards gained! §8(hover)
14:01:23 
14:01:23                                 §r§d§lBONUS GIFT
14:01:23                           §r§7§r§aStretching Sticks §r§8(§r§a20%§r§8)
14:01:23                             §r§7§r§fSweep Booster §r§8(§r§a1%§r§8)
14:01:23                      §r§7A §r§dPhanflare §r§7fell from the Tree!
14:01:23 §9§l▬▬▬▬▬▬▬▬▬▬▬▬▬▬▬▬▬▬▬▬▬▬▬▬▬▬▬▬▬▬▬▬▬▬▬▬▬▬▬▬▬▬▬▬▬▬▬▬▬▬▬▬▬▬▬▬▬▬▬▬▬▬▬▬
14:01:57 §9§l▬▬▬▬▬▬▬▬▬▬▬▬▬▬▬▬▬▬▬▬▬▬▬▬▬▬▬▬▬▬▬▬▬▬▬▬▬▬▬▬▬▬▬▬▬▬▬▬▬▬▬▬▬▬▬▬▬▬▬▬▬▬▬▬
14:01:57                                  §r§9§lTREE GIFT
14:01:57 
14:01:57                  §r§7You helped cut §r§a100% §r§7of the §r§aFig Tree§r§7.
14:01:57 §f                       §e+5 rewards gained! §8(hover)
14:01:57 
14:01:57                                 §r§d§lBONUS GIFT
14:01:57                           §r§7§r§aStretching Sticks §r§8(§r§a20%§r§8)
14:01:57                             §r§7§r§fSweep Booster §r§8(§r§a1%§r§8)
14:01:57 §9§l▬▬▬▬▬▬▬▬▬▬▬▬▬▬▬▬▬▬▬▬▬▬▬▬▬▬▬▬▬▬▬▬▬▬▬▬▬▬▬▬▬▬▬▬▬▬▬▬▬▬▬▬▬▬▬▬▬▬▬▬▬▬▬▬
14:02:04 §9§l▬▬▬▬▬▬▬▬▬▬▬▬▬▬▬▬▬▬▬▬▬▬▬▬▬▬▬▬▬▬▬▬▬▬▬▬▬▬▬▬▬▬▬▬▬▬▬▬▬▬▬▬▬▬▬▬▬▬▬▬▬▬▬▬
14:02:04                                  §r§9§lTREE GIFT
14:02:04 
14:02:04                  §r§7You helped cut §r§a100% §r§7of the §r§aFig Tree§r§7.
14:02:04 §f                       §e+5 rewards gained! §8(hover)
14:02:04                      §r§7A §r§dPhanflare §r§7fell from the Tree!
14:02:04 §9§l▬▬▬▬▬▬▬▬▬▬▬▬▬▬▬▬▬▬▬▬▬▬▬▬▬▬▬▬▬▬▬▬▬▬▬▬▬▬▬▬▬▬▬▬▬▬▬▬▬▬▬▬▬▬▬▬▬▬▬▬▬▬▬▬
14:02:47 §9§l▬▬▬▬▬▬▬▬▬▬▬▬▬▬▬▬▬▬▬▬▬▬▬▬▬▬▬▬▬▬▬▬▬▬▬▬▬▬▬▬▬▬▬▬▬▬▬▬▬▬▬▬▬▬▬▬▬▬▬▬▬▬▬▬
14:02:47                                  §r§9§lTREE GIFT
14:02:47 
14:02:47                  §r§7You helped cut §r§a100% §r§7of the §r§aFig Tree§r§7.
14:02:47 §f                       §e+5 rewards gained! §8(hover)
14:02:47 
14:02:47                                 §r§d§lBONUS GIFT
14:02:47                           §r§7§r§aStretching Sticks §r§8(§r§a20%§r§8)
14:02:47                      §r§7A §r§dPhanflare §r§7fell from the Tree!
14:02:47 §9§l▬▬▬▬▬▬▬▬▬▬▬▬▬▬▬▬▬▬▬▬▬▬▬▬▬▬▬▬▬▬▬▬▬▬▬▬▬▬▬▬▬▬▬▬▬▬▬▬▬▬▬▬▬▬▬▬▬▬▬▬▬▬▬▬
14:03:13 §9§l▬▬▬▬▬▬▬▬▬▬▬▬▬▬▬▬▬▬▬▬▬▬▬▬▬▬▬▬▬▬▬▬▬▬▬▬▬▬▬▬▬▬▬▬▬▬▬▬▬▬▬▬▬▬▬▬▬▬▬▬▬▬▬▬
14:03:13                                  §r§9§lTREE GIFT
14:03:13 
14:03:13                  §r§7You helped cut §r§a100% §r§7of the §r§aFig Tree§r§7.
14:03:13 §f                       §e+5 rewards gained! §8(hover)
14:03:13 §9§l▬▬▬▬▬▬▬▬▬▬▬▬▬▬▬▬▬▬▬▬▬▬▬▬▬▬▬▬▬▬▬▬▬▬▬▬▬▬▬▬▬▬▬▬▬▬▬▬▬▬▬▬▬▬▬▬▬▬▬▬▬▬▬▬
14:03:38 §9§l▬▬▬▬▬▬▬▬▬▬▬▬▬▬▬▬▬▬▬▬▬▬▬▬▬▬▬▬▬▬▬▬▬▬▬▬▬▬▬▬▬▬▬▬▬▬▬▬▬▬▬▬▬▬▬▬▬▬▬▬▬▬▬▬
14:03:38                                  §r§9§lTREE GIFT
14:03:38 
14:03:38                  §r§7You helped cut §r§a100% §r§7of the §r§aFig Tree§r§7.
14:03:38 §f                       §e+5 rewards gained! §8(hover)
14:03:38 
14:03:38                                 §r§d§lBONUS GIFT
14:03:38                           §r§7§r§aStretching Sticks §r§8(§r§a20%§r§8)
14:03:38                      §r§7§r§fForaging Wisdom Booster §r§8(§r§a0.5%§r§8)
14:03:38 §9§l▬▬▬▬▬▬▬▬▬▬▬▬▬▬▬▬▬▬▬▬▬▬▬▬▬▬▬▬▬▬▬▬▬▬▬▬▬▬▬▬▬▬▬▬▬▬▬▬▬▬▬▬▬▬▬▬▬▬▬▬▬▬▬▬
14:04:03 §9§l▬▬▬▬▬▬▬▬▬▬▬▬▬▬▬▬▬▬▬▬▬▬▬▬▬▬▬▬▬▬▬▬▬▬▬▬▬▬▬▬▬▬▬▬▬▬▬▬▬▬▬▬▬▬▬▬▬▬▬▬▬▬▬▬
14:04:03                                  §r§9§lTREE GIFT
14:04:03 
14:04:03                  §r§7You helped cut §r§a100% §r§7of the §r§aFig Tree§r§7.
14:04:03 §f                       §e+5 rewards gained! §8(hover)
14:04:03 
14:04:03                                 §r§d§lBONUS GIFT
14:04:03                           §r§7§r§aStretching Sticks §r§8(§r§a20%§r§8)
14:04:03 §9§l▬▬▬▬▬▬▬▬▬▬▬▬▬▬▬▬▬▬▬▬▬▬▬▬▬▬▬▬▬▬▬▬▬▬▬▬▬▬▬▬▬▬▬▬▬▬▬▬▬▬▬▬▬▬▬▬▬▬▬▬▬▬▬▬
14:05:04 §9§l▬▬▬▬▬▬▬▬▬▬▬▬▬▬▬▬▬▬▬▬▬▬▬▬▬▬▬▬▬▬▬▬▬▬▬▬▬▬▬▬▬▬▬▬▬▬▬▬▬▬▬▬▬▬▬▬▬▬▬▬▬▬▬▬
14:05:04                                  §r§9§lTREE GIFT
14:05:04 
14:05:04                  §r§7You helped cut §r§a100% §r§7of the §r§aFig Tree§r§7.
14:05:04 §f                       §e+5 rewards gained! §8(hover)
14:05:04 
14:05:04                                 §r§d§lBONUS GIFT
14:05:04                           §r§7§r§aStretching Sticks §r§8(§r§a20%§r§8)
14:05:04 §9§l▬▬▬▬▬▬▬▬▬▬▬▬▬▬▬▬▬▬▬▬▬▬▬▬▬▬▬▬▬▬▬▬▬▬▬▬▬▬▬▬▬▬▬▬▬▬▬▬▬▬▬▬▬▬▬▬▬▬▬▬▬▬▬▬
14:06:00 §9§l▬▬▬▬▬▬▬▬▬▬▬▬▬▬▬▬▬▬▬▬▬▬▬▬▬▬▬▬▬▬▬▬▬▬▬▬▬▬▬▬▬▬▬▬▬▬▬▬▬▬▬▬▬▬▬▬▬▬▬▬▬▬▬▬
14:06:01                                  §r§9§lTREE GIFT
14:06:01 
14:06:01                  §r§7You helped cut §r§a100% §r§7of the §r§aFig Tree§r§7.
14:06:01 §f                       §e+5 rewards gained! §8(hover)
14:06:01 
14:06:01                                 §r§d§lBONUS GIFT
14:06:01                           §r§7§r§aStretching Sticks §r§8(§r§a20%§r§8)
14:06:01 §9§l▬▬▬▬▬▬▬▬▬▬▬▬▬▬▬▬▬▬▬▬▬▬▬▬▬▬▬▬▬▬▬▬▬▬▬▬▬▬▬▬▬▬▬▬▬▬▬▬▬▬▬▬▬▬▬▬▬▬▬▬▬▬▬▬
14:07:27 §9§l▬▬▬▬▬▬▬▬▬▬▬▬▬▬▬▬▬▬▬▬▬▬▬▬▬▬▬▬▬▬▬▬▬▬▬▬▬▬▬▬▬▬▬▬▬▬▬▬▬▬▬▬▬▬▬▬▬▬▬▬▬▬▬▬
14:07:27                                  §r§9§lTREE GIFT
14:07:27 
14:07:27                  §r§7You helped cut §r§a100% §r§7of the §r§aFig Tree§r§7.
14:07:27 §f                       §e+5 rewards gained! §8(hover)
14:07:27 
14:07:27                                 §r§d§lBONUS GIFT
14:07:27                           §r§7§r§aStretching Sticks §r§8(§r§a20%§r§8)
14:07:27 §9§l▬▬▬▬▬▬▬▬▬▬▬▬▬▬▬▬▬▬▬▬▬▬▬▬▬▬▬▬▬▬▬▬▬▬▬▬▬▬▬▬▬▬▬▬▬▬▬▬▬▬▬▬▬▬▬▬▬▬▬▬▬▬▬▬
14:07:39 §9§l▬▬▬▬▬▬▬▬▬▬▬▬▬▬▬▬▬▬▬▬▬▬▬▬▬▬▬▬▬▬▬▬▬▬▬▬▬▬▬▬▬▬▬▬▬▬▬▬▬▬▬▬▬▬▬▬▬▬▬▬▬▬▬▬
14:07:39                                  §r§9§lTREE GIFT
14:07:39 
14:07:39                  §r§7You helped cut §r§a100% §r§7of the §r§aFig Tree§r§7.
14:07:39 §f                       §e+5 rewards gained! §8(hover)
14:07:39 
14:07:39                                 §r§d§lBONUS GIFT
14:07:39                           §r§7§r§aStretching Sticks §r§8(§r§a20%§r§8)
14:07:39 §9§l▬▬▬▬▬▬▬▬▬▬▬▬▬▬▬▬▬▬▬▬▬▬▬▬▬▬▬▬▬▬▬▬▬▬▬▬▬▬▬▬▬▬▬▬▬▬▬▬▬▬▬▬▬▬▬▬▬▬▬▬▬▬▬▬
14:08:40 §9§l▬▬▬▬▬▬▬▬▬▬▬▬▬▬▬▬▬▬▬▬▬▬▬▬▬▬▬▬▬▬▬▬▬▬▬▬▬▬▬▬▬▬▬▬▬▬▬▬▬▬▬▬▬▬▬▬▬▬▬▬▬▬▬▬
14:08:40                                  §r§9§lTREE GIFT
14:08:40 
14:08:40                  §r§7You helped cut §r§a100% §r§7of the §r§aFig Tree§r§7.
14:08:40 §f                       §e+5 rewards gained! §8(hover)
14:08:40 
14:08:40                                 §r§d§lBONUS GIFT
14:08:40                           §r§7§r§aStretching Sticks §r§8(§r§a20%§r§8)
14:08:40                      §r§7A §r§dPhanpyre §r§7fell from the Tree!
14:08:40 §9§l▬▬▬▬▬▬▬▬▬▬▬▬▬▬▬▬▬▬▬▬▬▬▬▬▬▬▬▬▬▬▬▬▬▬▬▬▬▬▬▬▬▬▬▬▬▬▬▬▬▬▬▬▬▬▬▬▬▬▬▬▬▬▬▬
14:09:09 §9§l▬▬▬▬▬▬▬▬▬▬▬▬▬▬▬▬▬▬▬▬▬▬▬▬▬▬▬▬▬▬▬▬▬▬▬▬▬▬▬▬▬▬▬▬▬▬▬▬▬▬▬▬▬▬▬▬▬▬▬▬▬▬▬▬
14:09:09                                  §r§9§lTREE GIFT
14:09:09 
14:09:09                  §r§7You helped cut §r§a100% §r§7of the §r§aFig Tree§r§7.
14:09:09 §f                       §e+5 rewards gained! §8(hover)
14:09:09 
14:09:09                                 §r§d§lBONUS GIFT
14:09:09                           §r§7§r§aStretching Sticks §r§8(§r§a20%§r§8)
14:09:09 §9§l▬▬▬▬▬▬▬▬▬▬▬▬▬▬▬▬▬▬▬▬▬▬▬▬▬▬▬▬▬▬▬▬▬▬▬▬▬▬▬▬▬▬▬▬▬▬▬▬▬▬▬▬▬▬▬▬▬▬▬▬▬▬▬▬
14:09:16 §9§l▬▬▬▬▬▬▬▬▬▬▬▬▬▬▬▬▬▬▬▬▬▬▬▬▬▬▬▬▬▬▬▬▬▬▬▬▬▬▬▬▬▬▬▬▬▬▬▬▬▬▬▬▬▬▬▬▬▬▬▬▬▬▬▬
14:09:16                                  §r§9§lTREE GIFT
14:09:16 
14:09:16                  §r§7You helped cut §r§a100% §r§7of the §r§aFig Tree§r§7.
14:09:16 §f                       §e+5 rewards gained! §8(hover)
14:09:16 §9§l▬▬▬▬▬▬▬▬▬▬▬▬▬▬▬▬▬▬▬▬▬▬▬▬▬▬▬▬▬▬▬▬▬▬▬▬▬▬▬▬▬▬▬▬▬▬▬▬▬▬▬▬▬▬▬▬▬▬▬▬▬▬▬▬
14:09:25 §9§l▬▬▬▬▬▬▬▬▬▬▬▬▬▬▬▬▬▬▬▬▬▬▬▬▬▬▬▬▬▬▬▬▬▬▬▬▬▬▬▬▬▬▬▬▬▬▬▬▬▬▬▬▬▬▬▬▬▬▬▬▬▬▬▬
14:09:25                                  §r§9§lTREE GIFT
14:09:25 
14:09:25                  §r§7You helped cut §r§a100% §r§7of the §r§aFig Tree§r§7.
14:09:25 §f                       §e+5 rewards gained! §8(hover)
14:09:25 §9§l▬▬▬▬▬▬▬▬▬▬▬▬▬▬▬▬▬▬▬▬▬▬▬▬▬▬▬▬▬▬▬▬▬▬▬▬▬▬▬▬▬▬▬▬▬▬▬▬▬▬▬▬▬▬▬▬▬▬▬▬▬▬▬▬
14:09:49 §9§l▬▬▬▬▬▬▬▬▬▬▬▬▬▬▬▬▬▬▬▬▬▬▬▬▬▬▬▬▬▬▬▬▬▬▬▬▬▬▬▬▬▬▬▬▬▬▬▬▬▬▬▬▬▬▬▬▬▬▬▬▬▬▬▬
14:09:49                                  §r§9§lTREE GIFT
14:09:49 
14:09:49                  §r§7You helped cut §r§a100% §r§7of the §r§aFig Tree§r§7.
14:09:49 §f                       §e+5 rewards gained! §8(hover)
14:09:49                      §r§7A §r§dPhanflare §r§7fell from the Tree!
14:09:49 §9§l▬▬▬▬▬▬▬▬▬▬▬▬▬▬▬▬▬▬▬▬▬▬▬▬▬▬▬▬▬▬▬▬▬▬▬▬▬▬▬▬▬▬▬▬▬▬▬▬▬▬▬▬▬▬▬▬▬▬▬▬▬▬▬▬
14:10:57 §9§l▬▬▬▬▬▬▬▬▬▬▬▬▬▬▬▬▬▬▬▬▬▬▬▬▬▬▬▬▬▬▬▬▬▬▬▬▬▬▬▬▬▬▬▬▬▬▬▬▬▬▬▬▬▬▬▬▬▬▬▬▬▬▬▬
14:10:57                                  §r§9§lTREE GIFT
14:10:57 
14:10:57                  §r§7You helped cut §r§a100% §r§7of the §r§aFig Tree§r§7.
14:10:57 §f                       §e+5 rewards gained! §8(hover)
14:10:57 
14:10:57                                 §r§d§lBONUS GIFT
14:10:57                           §r§7§r§aStretching Sticks §r§8(§r§a20%§r§8)
14:10:57 §9§l▬▬▬▬▬▬▬▬▬▬▬▬▬▬▬▬▬▬▬▬▬▬▬▬▬▬▬▬▬▬▬▬▬▬▬▬▬▬▬▬▬▬▬▬▬▬▬▬▬▬▬▬▬▬▬▬▬▬▬▬▬▬▬▬
14:12:02 §9§l▬▬▬▬▬▬▬▬▬▬▬▬▬▬▬▬▬▬▬▬▬▬▬▬▬▬▬▬▬▬▬▬▬▬▬▬▬▬▬▬▬▬▬▬▬▬▬▬▬▬▬▬▬▬▬▬▬▬▬▬▬▬▬▬
14:12:02                                  §r§9§lTREE GIFT
14:12:02 
14:12:02                  §r§7You helped cut §r§a100% §r§7of the §r§aFig Tree§r§7.
14:12:02 §f                       §e+5 rewards gained! §8(hover)
14:12:02 §9§l▬▬▬▬▬▬▬▬▬▬▬▬▬▬▬▬▬▬▬▬▬▬▬▬▬▬▬▬▬▬▬▬▬▬▬▬▬▬▬▬▬▬▬▬▬▬▬▬▬▬▬▬▬▬▬▬▬▬▬▬▬▬▬▬
14:12:10 §9§l▬▬▬▬▬▬▬▬▬▬▬▬▬▬▬▬▬▬▬▬▬▬▬▬▬▬▬▬▬▬▬▬▬▬▬▬▬▬▬▬▬▬▬▬▬▬▬▬▬▬▬▬▬▬▬▬▬▬▬▬▬▬▬▬
14:12:10                                  §r§9§lTREE GIFT
14:12:10 
14:12:10                  §r§7You helped cut §r§a100% §r§7of the §r§aFig Tree§r§7.
14:12:10 §f                       §e+5 rewards gained! §8(hover)
14:12:10 §9§l▬▬▬▬▬▬▬▬▬▬▬▬▬▬▬▬▬▬▬▬▬▬▬▬▬▬▬▬▬▬▬▬▬▬▬▬▬▬▬▬▬▬▬▬▬▬▬▬▬▬▬▬▬▬▬▬▬▬▬▬▬▬▬▬
14:12:19 §9§l▬▬▬▬▬▬▬▬▬▬▬▬▬▬▬▬▬▬▬▬▬▬▬▬▬▬▬▬▬▬▬▬▬▬▬▬▬▬▬▬▬▬▬▬▬▬▬▬▬▬▬▬▬▬▬▬▬▬▬▬▬▬▬▬
14:12:19                                  §r§9§lTREE GIFT
14:12:19 
14:12:19                  §r§7You helped cut §r§a100% §r§7of the §r§aFig Tree§r§7.
14:12:19 §f                       §e+5 rewards gained! §8(hover)
14:12:19 §9§l▬▬▬▬▬▬▬▬▬▬▬▬▬▬▬▬▬▬▬▬▬▬▬▬▬▬▬▬▬▬▬▬▬▬▬▬▬▬▬▬▬▬▬▬▬▬▬▬▬▬▬▬▬▬▬▬▬▬▬▬▬▬▬▬
14:12:59 §9§l▬▬▬▬▬▬▬▬▬▬▬▬▬▬▬▬▬▬▬▬▬▬▬▬▬▬▬▬▬▬▬▬▬▬▬▬▬▬▬▬▬▬▬▬▬▬▬▬▬▬▬▬▬▬▬▬▬▬▬▬▬▬▬▬
14:12:59                                  §r§9§lTREE GIFT
14:12:59 
14:12:59                  §r§7You helped cut §r§a100% §r§7of the §r§aFig Tree§r§7.
14:12:59 §f                       §e+5 rewards gained! §8(hover)
14:12:59 
14:12:59                                 §r§d§lBONUS GIFT
14:12:59                           §r§7§r§aStretching Sticks §r§8(§r§a20%§r§8)
14:12:59 §9§l▬▬▬▬▬▬▬▬▬▬▬▬▬▬▬▬▬▬▬▬▬▬▬▬▬▬▬▬▬▬▬▬▬▬▬▬▬▬▬▬▬▬▬▬▬▬▬▬▬▬▬▬▬▬▬▬▬▬▬▬▬▬▬▬
14:13:18 §9§l▬▬▬▬▬▬▬▬▬▬▬▬▬▬▬▬▬▬▬▬▬▬▬▬▬▬▬▬▬▬▬▬▬▬▬▬▬▬▬▬▬▬▬▬▬▬▬▬▬▬▬▬▬▬▬▬▬▬▬▬▬▬▬▬
14:13:18                                  §r§9§lTREE GIFT
14:13:18 
14:13:18                  §r§7You helped cut §r§a63.2% §r§7of the §r§aFig Tree§r§7.
14:13:18 §f                       §e+5 rewards gained! §8(hover)
14:13:18 
14:13:18                                 §r§d§lBONUS GIFT
14:13:18                           §r§7§r§aStretching Sticks §r§8(§r§a20%§r§8)
14:13:18 §9§l▬▬▬▬▬▬▬▬▬▬▬▬▬▬▬▬▬▬▬▬▬▬▬▬▬▬▬▬▬▬▬▬▬▬▬▬▬▬▬▬▬▬▬▬▬▬▬▬▬▬▬▬▬▬▬▬▬▬▬▬▬▬▬▬
14:13:39 §9§l▬▬▬▬▬▬▬▬▬▬▬▬▬▬▬▬▬▬▬▬▬▬▬▬▬▬▬▬▬▬▬▬▬▬▬▬▬▬▬▬▬▬▬▬▬▬▬▬▬▬▬▬▬▬▬▬▬▬▬▬▬▬▬▬
14:13:39                                  §r§9§lTREE GIFT
14:13:39 
14:13:39                  §r§7You helped cut §r§a100% §r§7of the §r§aFig Tree§r§7.
14:13:39 §f                       §e+5 rewards gained! §8(hover)
14:13:39 §9§l▬▬▬▬▬▬▬▬▬▬▬▬▬▬▬▬▬▬▬▬▬▬▬▬▬▬▬▬▬▬▬▬▬▬▬▬▬▬▬▬▬▬▬▬▬▬▬▬▬▬▬▬▬▬▬▬▬▬▬▬▬▬▬▬
14:14:14 §9§l▬▬▬▬▬▬▬▬▬▬▬▬▬▬▬▬▬▬▬▬▬▬▬▬▬▬▬▬▬▬▬▬▬▬▬▬▬▬▬▬▬▬▬▬▬▬▬▬▬▬▬▬▬▬▬▬▬▬▬▬▬▬▬▬
14:14:14                                  §r§9§lTREE GIFT
14:14:14 
14:14:14                  §r§7You helped cut §r§a100% §r§7of the §r§aFig Tree§r§7.
14:14:14 §f                       §e+5 rewards gained! §8(hover)
14:14:14 
14:14:14                                 §r§d§lBONUS GIFT
14:14:14                           §r§7§r§aStretching Sticks §r§8(§r§a20%§r§8)
14:14:14 §9§l▬▬▬▬▬▬▬▬▬▬▬▬▬▬▬▬▬▬▬▬▬▬▬▬▬▬▬▬▬▬▬▬▬▬▬▬▬▬▬▬▬▬▬▬▬▬▬▬▬▬▬▬▬▬▬▬▬▬▬▬▬▬▬▬
14:14:25 §9§l▬▬▬▬▬▬▬▬▬▬▬▬▬▬▬▬▬▬▬▬▬▬▬▬▬▬▬▬▬▬▬▬▬▬▬▬▬▬▬▬▬▬▬▬▬▬▬▬▬▬▬▬▬▬▬▬▬▬▬▬▬▬▬▬
14:14:25                                  §r§9§lTREE GIFT
14:14:25 
14:14:25                  §r§7You helped cut §r§a100% §r§7of the §r§aFig Tree§r§7.
14:14:25 §f                       §e+5 rewards gained! §8(hover)
14:14:25 
14:14:25                                 §r§d§lBONUS GIFT
14:14:25                             §r§7§r§fSweep Booster §r§8(§r§a1%§r§8)
14:14:25                      §r§7A §r§dPhanpyre §r§7fell from the Tree!
14:14:25 §9§l▬▬▬▬▬▬▬▬▬▬▬▬▬▬▬▬▬▬▬▬▬▬▬▬▬▬▬▬▬▬▬▬▬▬▬▬▬▬▬▬▬▬▬▬▬▬▬▬▬▬▬▬▬▬▬▬▬▬▬▬▬▬▬▬
14:15:04 §9§l▬▬▬▬▬▬▬▬▬▬▬▬▬▬▬▬▬▬▬▬▬▬▬▬▬▬▬▬▬▬▬▬▬▬▬▬▬▬▬▬▬▬▬▬▬▬▬▬▬▬▬▬▬▬▬▬▬▬▬▬▬▬▬▬
14:15:04                                  §r§9§lTREE GIFT
14:15:04 
14:15:05                  §r§7You helped cut §r§a100% §r§7of the §r§aFig Tree§r§7.
14:15:05 §f                       §e+5 rewards gained! §8(hover)
14:15:05 
14:15:05                                 §r§d§lBONUS GIFT
14:15:05                           §r§7§r§aStretching Sticks §r§8(§r§a20%§r§8)
14:15:05                      §r§7§r§fForaging Wisdom Booster §r§8(§r§a0.5%§r§8)
14:15:05 §9§l▬▬▬▬▬▬▬▬▬▬▬▬▬▬▬▬▬▬▬▬▬▬▬▬▬▬▬▬▬▬▬▬▬▬▬▬▬▬▬▬▬▬▬▬▬▬▬▬▬▬▬▬▬▬▬▬▬▬▬▬▬▬▬▬
14:15:45 §9§l▬▬▬▬▬▬▬▬▬▬▬▬▬▬▬▬▬▬▬▬▬▬▬▬▬▬▬▬▬▬▬▬▬▬▬▬▬▬▬▬▬▬▬▬▬▬▬▬▬▬▬▬▬▬▬▬▬▬▬▬▬▬▬▬
14:15:45                                  §r§9§lTREE GIFT
14:15:45 
14:15:45                  §r§7You helped cut §r§a100% §r§7of the §r§aFig Tree§r§7.
14:15:45 §f                       §e+5 rewards gained! §8(hover)
14:15:45                      §r§7A §r§dPhanpyre §r§7fell from the Tree!
14:15:45 §9§l▬▬▬▬▬▬▬▬▬▬▬▬▬▬▬▬▬▬▬▬▬▬▬▬▬▬▬▬▬▬▬▬▬▬▬▬▬▬▬▬▬▬▬▬▬▬▬▬▬▬▬▬▬▬▬▬▬▬▬▬▬▬▬▬
14:15:57 §9§l▬▬▬▬▬▬▬▬▬▬▬▬▬▬▬▬▬▬▬▬▬▬▬▬▬▬▬▬▬▬▬▬▬▬▬▬▬▬▬▬▬▬▬▬▬▬▬▬▬▬▬▬▬▬▬▬▬▬▬▬▬▬▬▬
14:15:57                                  §r§9§lTREE GIFT
14:15:57 
14:15:57                  §r§7You helped cut §r§a100% §r§7of the §r§aFig Tree§r§7.
14:15:57 §f                       §e+5 rewards gained! §8(hover)
14:15:57 §9§l▬▬▬▬▬▬▬▬▬▬▬▬▬▬▬▬▬▬▬▬▬▬▬▬▬▬▬▬▬▬▬▬▬▬▬▬▬▬▬▬▬▬▬▬▬▬▬▬▬▬▬▬▬▬▬▬▬▬▬▬▬▬▬▬
14:16:09 §9§l▬▬▬▬▬▬▬▬▬▬▬▬▬▬▬▬▬▬▬▬▬▬▬▬▬▬▬▬▬▬▬▬▬▬▬▬▬▬▬▬▬▬▬▬▬▬▬▬▬▬▬▬▬▬▬▬▬▬▬▬▬▬▬▬
14:16:09                                  §r§9§lTREE GIFT
14:16:09 
14:16:09                  §r§7You helped cut §r§a100% §r§7of the §r§aFig Tree§r§7.
14:16:09 §f                       §e+5 rewards gained! §8(hover)
14:16:09 §9§l▬▬▬▬▬▬▬▬▬▬▬▬▬▬▬▬▬▬▬▬▬▬▬▬▬▬▬▬▬▬▬▬▬▬▬▬▬▬▬▬▬▬▬▬▬▬▬▬▬▬▬▬▬▬▬▬▬▬▬▬▬▬▬▬
14:16:46 §9§l▬▬▬▬▬▬▬▬▬▬▬▬▬▬▬▬▬▬▬▬▬▬▬▬▬▬▬▬▬▬▬▬▬▬▬▬▬▬▬▬▬▬▬▬▬▬▬▬▬▬▬▬▬▬▬▬▬▬▬▬▬▬▬▬
14:16:46                                  §r§9§lTREE GIFT
14:16:46 
14:16:46                  §r§7You helped cut §r§a100% §r§7of the §r§aFig Tree§r§7.
14:16:46 §f                       §e+5 rewards gained! §8(hover)
14:16:46 
14:16:46                                 §r§d§lBONUS GIFT
14:16:46                           §r§7§r§aStretching Sticks §r§8(§r§a20%§r§8)
14:16:46                             §r§7§r§fSweep Booster §r§8(§r§a1%§r§8)
14:16:46 §9§l▬▬▬▬▬▬▬▬▬▬▬▬▬▬▬▬▬▬▬▬▬▬▬▬▬▬▬▬▬▬▬▬▬▬▬▬▬▬▬▬▬▬▬▬▬▬▬▬▬▬▬▬▬▬▬▬▬▬▬▬▬▬▬▬
14:18:07 §9§l▬▬▬▬▬▬▬▬▬▬▬▬▬▬▬▬▬▬▬▬▬▬▬▬▬▬▬▬▬▬▬▬▬▬▬▬▬▬▬▬▬▬▬▬▬▬▬▬▬▬▬▬▬▬▬▬▬▬▬▬▬▬▬▬
14:18:07                                  §r§9§lTREE GIFT
14:18:07 
14:18:07                  §r§7You helped cut §r§a100% §r§7of the §r§aFig Tree§r§7.
14:18:07 §f                       §e+5 rewards gained! §8(hover)
14:18:07 
14:18:07                                 §r§d§lBONUS GIFT
14:18:07                           §r§7§r§aStretching Sticks §r§8(§r§a20%§r§8)
14:18:07                      §r§7A §r§dPhanpyre §r§7fell from the Tree!
14:18:07 §9§l▬▬▬▬▬▬▬▬▬▬▬▬▬▬▬▬▬▬▬▬▬▬▬▬▬▬▬▬▬▬▬▬▬▬▬▬▬▬▬▬▬▬▬▬▬▬▬▬▬▬▬▬▬▬▬▬▬▬▬▬▬▬▬▬
14:18:30 §9§l▬▬▬▬▬▬▬▬▬▬▬▬▬▬▬▬▬▬▬▬▬▬▬▬▬▬▬▬▬▬▬▬▬▬▬▬▬▬▬▬▬▬▬▬▬▬▬▬▬▬▬▬▬▬▬▬▬▬▬▬▬▬▬▬
14:18:30                                  §r§9§lTREE GIFT
14:18:30 
14:18:30              §r§7You helped cut §r§a100% §r§7of the §r§aMangrove Tree§r§7.
14:18:30 §f                       §e+5 rewards gained! §8(hover)
14:18:30                      §r§7A §r§dPhanflare §r§7fell from the Tree!
14:18:30 §9§l▬▬▬▬▬▬▬▬▬▬▬▬▬▬▬▬▬▬▬▬▬▬▬▬▬▬▬▬▬▬▬▬▬▬▬▬▬▬▬▬▬▬▬▬▬▬▬▬▬▬▬▬▬▬▬▬▬▬▬▬▬▬▬▬
14:19:01 §9§l▬▬▬▬▬▬▬▬▬▬▬▬▬▬▬▬▬▬▬▬▬▬▬▬▬▬▬▬▬▬▬▬▬▬▬▬▬▬▬▬▬▬▬▬▬▬▬▬▬▬▬▬▬▬▬▬▬▬▬▬▬▬▬▬
14:19:01                                  §r§9§lTREE GIFT
14:19:01 
14:19:01              §r§7You helped cut §r§a100% §r§7of the §r§aMangrove Tree§r§7.
14:19:01 §f                       §e+5 rewards gained! §8(hover)
14:19:01 §9§l▬▬▬▬▬▬▬▬▬▬▬▬▬▬▬▬▬▬▬▬▬▬▬▬▬▬▬▬▬▬▬▬▬▬▬▬▬▬▬▬▬▬▬▬▬▬▬▬▬▬▬▬▬▬▬▬▬▬▬▬▬▬▬▬
14:19:15 §9§l▬▬▬▬▬▬▬▬▬▬▬▬▬▬▬▬▬▬▬▬▬▬▬▬▬▬▬▬▬▬▬▬▬▬▬▬▬▬▬▬▬▬▬▬▬▬▬▬▬▬▬▬▬▬▬▬▬▬▬▬▬▬▬▬
14:19:15                                  §r§9§lTREE GIFT
14:19:15 
14:19:15              §r§7You helped cut §r§a100% §r§7of the §r§aMangrove Tree§r§7.
14:19:15 §f                       §e+5 rewards gained! §8(hover)
14:19:15                      §r§7A §r§dPhanflare §r§7fell from the Tree!
14:19:15 §9§l▬▬▬▬▬▬▬▬▬▬▬▬▬▬▬▬▬▬▬▬▬▬▬▬▬▬▬▬▬▬▬▬▬▬▬▬▬▬▬▬▬▬▬▬▬▬▬▬▬▬▬▬▬▬▬▬▬▬▬▬▬▬▬▬
14:19:30 §9§l▬▬▬▬▬▬▬▬▬▬▬▬▬▬▬▬▬▬▬▬▬▬▬▬▬▬▬▬▬▬▬▬▬▬▬▬▬▬▬▬▬▬▬▬▬▬▬▬▬▬▬▬▬▬▬▬▬▬▬▬▬▬▬▬
14:19:30                                  §r§9§lTREE GIFT
14:19:30 
14:19:30              §r§7You helped cut §r§a100% §r§7of the §r§aMangrove Tree§r§7.
14:19:30 §f                       §e+5 rewards gained! §8(hover)
14:19:30                      §r§7A §r§dPhanpyre §r§7fell from the Tree!
14:19:30 §9§l▬▬▬▬▬▬▬▬▬▬▬▬▬▬▬▬▬▬▬▬▬▬▬▬▬▬▬▬▬▬▬▬▬▬▬▬▬▬▬▬▬▬▬▬▬▬▬▬▬▬▬▬▬▬▬▬▬▬▬▬▬▬▬▬
14:21:03 §9§l▬▬▬▬▬▬▬▬▬▬▬▬▬▬▬▬▬▬▬▬▬▬▬▬▬▬▬▬▬▬▬▬▬▬▬▬▬▬▬▬▬▬▬▬▬▬▬▬▬▬▬▬▬▬▬▬▬▬▬▬▬▬▬▬
14:21:03                                  §r§9§lTREE GIFT
14:21:03 
14:21:03              §r§7You helped cut §r§a100% §r§7of the §r§aMangrove Tree§r§7.
14:21:03 §f                       §e+5 rewards gained! §8(hover)
14:21:03 §9§l▬▬▬▬▬▬▬▬▬▬▬▬▬▬▬▬▬▬▬▬▬▬▬▬▬▬▬▬▬▬▬▬▬▬▬▬▬▬▬▬▬▬▬▬▬▬▬▬▬▬▬▬▬▬▬▬▬▬▬▬▬▬▬▬
14:21:18 §9§l▬▬▬▬▬▬▬▬▬▬▬▬▬▬▬▬▬▬▬▬▬▬▬▬▬▬▬▬▬▬▬▬▬▬▬▬▬▬▬▬▬▬▬▬▬▬▬▬▬▬▬▬▬▬▬▬▬▬▬▬▬▬▬▬
14:21:18                                  §r§9§lTREE GIFT
14:21:18 
14:21:18              §r§7You helped cut §r§a100% §r§7of the §r§aMangrove Tree§r§7.
14:21:18 §f                       §e+5 rewards gained! §8(hover)
14:21:18 §9§l▬▬▬▬▬▬▬▬▬▬▬▬▬▬▬▬▬▬▬▬▬▬▬▬▬▬▬▬▬▬▬▬▬▬▬▬▬▬▬▬▬▬▬▬▬▬▬▬▬▬▬▬▬▬▬▬▬▬▬▬▬▬▬▬
14:21:52 §9§l▬▬▬▬▬▬▬▬▬▬▬▬▬▬▬▬▬▬▬▬▬▬▬▬▬▬▬▬▬▬▬▬▬▬▬▬▬▬▬▬▬▬▬▬▬▬▬▬▬▬▬▬▬▬▬▬▬▬▬▬▬▬▬▬
14:21:52                                  §r§9§lTREE GIFT
14:21:52 
14:21:52              §r§7You helped cut §r§a100% §r§7of the §r§aMangrove Tree§r§7.
14:21:52 §f                       §e+5 rewards gained! §8(hover)
14:21:52                      §r§7A §r§dPhanpyre §r§7fell from the Tree!
14:21:52 §9§l▬▬▬▬▬▬▬▬▬▬▬▬▬▬▬▬▬▬▬▬▬▬▬▬▬▬▬▬▬▬▬▬▬▬▬▬▬▬▬▬▬▬▬▬▬▬▬▬▬▬▬▬▬▬▬▬▬▬▬▬▬▬▬▬
14:22:28 §9§l▬▬▬▬▬▬▬▬▬▬▬▬▬▬▬▬▬▬▬▬▬▬▬▬▬▬▬▬▬▬▬▬▬▬▬▬▬▬▬▬▬▬▬▬▬▬▬▬▬▬▬▬▬▬▬▬▬▬▬▬▬▬▬▬
14:22:28                                  §r§9§lTREE GIFT
14:22:28 
14:22:28              §r§7You helped cut §r§a100% §r§7of the §r§aMangrove Tree§r§7.
14:22:28 §f                       §e+5 rewards gained! §8(hover)
14:22:28                      §r§7A §r§dPhanpyre §r§7fell from the Tree!
14:22:28 §9§l▬▬▬▬▬▬▬▬▬▬▬▬▬▬▬▬▬▬▬▬▬▬▬▬▬▬▬▬▬▬▬▬▬▬▬▬▬▬▬▬▬▬▬▬▬▬▬▬▬▬▬▬▬▬▬▬▬▬▬▬▬▬▬▬
14:22:52 §9§l▬▬▬▬▬▬▬▬▬▬▬▬▬▬▬▬▬▬▬▬▬▬▬▬▬▬▬▬▬▬▬▬▬▬▬▬▬▬▬▬▬▬▬▬▬▬▬▬▬▬▬▬▬▬▬▬▬▬▬▬▬▬▬▬
14:22:52                                  §r§9§lTREE GIFT
14:22:52 
14:22:52              §r§7You helped cut §r§a100% §r§7of the §r§aMangrove Tree§r§7.
14:22:52 §f                       §e+5 rewards gained! §8(hover)
14:22:52 §9§l▬▬▬▬▬▬▬▬▬▬▬▬▬▬▬▬▬▬▬▬▬▬▬▬▬▬▬▬▬▬▬▬▬▬▬▬▬▬▬▬▬▬▬▬▬▬▬▬▬▬▬▬▬▬▬▬▬▬▬▬▬▬▬▬
14:23:41 §9§l▬▬▬▬▬▬▬▬▬▬▬▬▬▬▬▬▬▬▬▬▬▬▬▬▬▬▬▬▬▬▬▬▬▬▬▬▬▬▬▬▬▬▬▬▬▬▬▬▬▬▬▬▬▬▬▬▬▬▬▬▬▬▬▬
14:23:41                                  §r§9§lTREE GIFT
14:23:41 
14:23:41                  §r§7You helped cut §r§a100% §r§7of the §r§aFig Tree§r§7.
14:23:41 §f                       §e+5 rewards gained! §8(hover)
14:23:41 
14:23:41                                 §r§d§lBONUS GIFT
14:23:41                           §r§7§r§aStretching Sticks §r§8(§r§a20%§r§8)
14:23:41 §9§l▬▬▬▬▬▬▬▬▬▬▬▬▬▬▬▬▬▬▬▬▬▬▬▬▬▬▬▬▬▬▬▬▬▬▬▬▬▬▬▬▬▬▬▬▬▬▬▬▬▬▬▬▬▬▬▬▬▬▬▬▬▬▬▬
14:24:06 §9§l▬▬▬▬▬▬▬▬▬▬▬▬▬▬▬▬▬▬▬▬▬▬▬▬▬▬▬▬▬▬▬▬▬▬▬▬▬▬▬▬▬▬▬▬▬▬▬▬▬▬▬▬▬▬▬▬▬▬▬▬▬▬▬▬
14:24:06                                  §r§9§lTREE GIFT
14:24:06 
14:24:06                  §r§7You helped cut §r§a100% §r§7of the §r§aFig Tree§r§7.
14:24:06 §f                       §e+5 rewards gained! §8(hover)
14:24:06 
14:24:06                                 §r§d§lBONUS GIFT
14:24:06                           §r§7§r§aStretching Sticks §r§8(§r§a20%§r§8)
14:24:06 §9§l▬▬▬▬▬▬▬▬▬▬▬▬▬▬▬▬▬▬▬▬▬▬▬▬▬▬▬▬▬▬▬▬▬▬▬▬▬▬▬▬▬▬▬▬▬▬▬▬▬▬▬▬▬▬▬▬▬▬▬▬▬▬▬▬
14:24:37 §9§l▬▬▬▬▬▬▬▬▬▬▬▬▬▬▬▬▬▬▬▬▬▬▬▬▬▬▬▬▬▬▬▬▬▬▬▬▬▬▬▬▬▬▬▬▬▬▬▬▬▬▬▬▬▬▬▬▬▬▬▬▬▬▬▬
14:24:37                                  §r§9§lTREE GIFT
14:24:37 
14:24:37                  §r§7You helped cut §r§a100% §r§7of the §r§aFig Tree§r§7.
14:24:37 §f                       §e+5 rewards gained! §8(hover)
14:24:37 §9§l▬▬▬▬▬▬▬▬▬▬▬▬▬▬▬▬▬▬▬▬▬▬▬▬▬▬▬▬▬▬▬▬▬▬▬▬▬▬▬▬▬▬▬▬▬▬▬▬▬▬▬▬▬▬▬▬▬▬▬▬▬▬▬▬
14:24:47 §9§l▬▬▬▬▬▬▬▬▬▬▬▬▬▬▬▬▬▬▬▬▬▬▬▬▬▬▬▬▬▬▬▬▬▬▬▬▬▬▬▬▬▬▬▬▬▬▬▬▬▬▬▬▬▬▬▬▬▬▬▬▬▬▬▬
14:24:47                                  §r§9§lTREE GIFT
14:24:47 
14:24:47                  §r§7You helped cut §r§a100% §r§7of the §r§aFig Tree§r§7.
14:24:47 §f                       §e+5 rewards gained! §8(hover)
14:24:47 §9§l▬▬▬▬▬▬▬▬▬▬▬▬▬▬▬▬▬▬▬▬▬▬▬▬▬▬▬▬▬▬▬▬▬▬▬▬▬▬▬▬▬▬▬▬▬▬▬▬▬▬▬▬▬▬▬▬▬▬▬▬▬▬▬▬
14:24:52 §9§l▬▬▬▬▬▬▬▬▬▬▬▬▬▬▬▬▬▬▬▬▬▬▬▬▬▬▬▬▬▬▬▬▬▬▬▬▬▬▬▬▬▬▬▬▬▬▬▬▬▬▬▬▬▬▬▬▬▬▬▬▬▬▬▬
14:24:52                                  §r§9§lTREE GIFT
14:24:52 
14:24:52                  §r§7You helped cut §r§a100% §r§7of the §r§aFig Tree§r§7.
14:24:52 §f                       §e+5 rewards gained! §8(hover)
14:24:52 
14:24:52                                 §r§d§lBONUS GIFT
14:24:52                           §r§7§r§aStretching Sticks §r§8(§r§a20%§r§8)
14:24:52 §9§l▬▬▬▬▬▬▬▬▬▬▬▬▬▬▬▬▬▬▬▬▬▬▬▬▬▬▬▬▬▬▬▬▬▬▬▬▬▬▬▬▬▬▬▬▬▬▬▬▬▬▬▬▬▬▬▬▬▬▬▬▬▬▬▬
14:25:11 §9§l▬▬▬▬▬▬▬▬▬▬▬▬▬▬▬▬▬▬▬▬▬▬▬▬▬▬▬▬▬▬▬▬▬▬▬▬▬▬▬▬▬▬▬▬▬▬▬▬▬▬▬▬▬▬▬▬▬▬▬▬▬▬▬▬
14:25:11                                  §r§9§lTREE GIFT
14:25:11 
14:25:11                  §r§7You helped cut §r§a100% §r§7of the §r§aFig Tree§r§7.
14:25:11 §f                       §e+5 rewards gained! §8(hover)
14:25:11 
14:25:11                                 §r§d§lBONUS GIFT
14:25:11                           §r§7§r§aStretching Sticks §r§8(§r§a20%§r§8)
14:25:11 §9§l▬▬▬▬▬▬▬▬▬▬▬▬▬▬▬▬▬▬▬▬▬▬▬▬▬▬▬▬▬▬▬▬▬▬▬▬▬▬▬▬▬▬▬▬▬▬▬▬▬▬▬▬▬▬▬▬▬▬▬▬▬▬▬▬
14:25:46 §9§l▬▬▬▬▬▬▬▬▬▬▬▬▬▬▬▬▬▬▬▬▬▬▬▬▬▬▬▬▬▬▬▬▬▬▬▬▬▬▬▬▬▬▬▬▬▬▬▬▬▬▬▬▬▬▬▬▬▬▬▬▬▬▬▬
14:25:46                                  §r§9§lTREE GIFT
14:25:46 
14:25:46                  §r§7You helped cut §r§a100% §r§7of the §r§aFig Tree§r§7.
14:25:46 §f                       §e+5 rewards gained! §8(hover)
14:25:46 
14:25:46                                 §r§d§lBONUS GIFT
14:25:46                           §r§7§r§aStretching Sticks §r§8(§r§a20%§r§8)
14:25:46                      §r§7A §r§dPhanflare §r§7fell from the Tree!
14:25:46 §9§l▬▬▬▬▬▬▬▬▬▬▬▬▬▬▬▬▬▬▬▬▬▬▬▬▬▬▬▬▬▬▬▬▬▬▬▬▬▬▬▬▬▬▬▬▬▬▬▬▬▬▬▬▬▬▬▬▬▬▬▬▬▬▬▬
14:25:55 §9§l▬▬▬▬▬▬▬▬▬▬▬▬▬▬▬▬▬▬▬▬▬▬▬▬▬▬▬▬▬▬▬▬▬▬▬▬▬▬▬▬▬▬▬▬▬▬▬▬▬▬▬▬▬▬▬▬▬▬▬▬▬▬▬▬
14:25:55                                  §r§9§lTREE GIFT
14:25:55 
14:25:55                  §r§7You helped cut §r§a100% §r§7of the §r§aFig Tree§r§7.
14:25:55 §f                       §e+5 rewards gained! §8(hover)
14:25:55 
14:25:55                                 §r§d§lBONUS GIFT
14:25:55                           §r§7§r§aStretching Sticks §r§8(§r§a20%§r§8)
14:25:55                      §r§7A §r§dPhanpyre §r§7fell from the Tree!
14:25:55 §9§l▬▬▬▬▬▬▬▬▬▬▬▬▬▬▬▬▬▬▬▬▬▬▬▬▬▬▬▬▬▬▬▬▬▬▬▬▬▬▬▬▬▬▬▬▬▬▬▬▬▬▬▬▬▬▬▬▬▬▬▬▬▬▬▬
14:26:04 §9§l▬▬▬▬▬▬▬▬▬▬▬▬▬▬▬▬▬▬▬▬▬▬▬▬▬▬▬▬▬▬▬▬▬▬▬▬▬▬▬▬▬▬▬▬▬▬▬▬▬▬▬▬▬▬▬▬▬▬▬▬▬▬▬▬
14:26:04                                  §r§9§lTREE GIFT
14:26:04 
14:26:04                  §r§7You helped cut §r§a100% §r§7of the §r§aFig Tree§r§7.
14:26:04 §f                       §e+5 rewards gained! §8(hover)
14:26:04 §9§l▬▬▬▬▬▬▬▬▬▬▬▬▬▬▬▬▬▬▬▬▬▬▬▬▬▬▬▬▬▬▬▬▬▬▬▬▬▬▬▬▬▬▬▬▬▬▬▬▬▬▬▬▬▬▬▬▬▬▬▬▬▬▬▬
14:26:16 §9§l▬▬▬▬▬▬▬▬▬▬▬▬▬▬▬▬▬▬▬▬▬▬▬▬▬▬▬▬▬▬▬▬▬▬▬▬▬▬▬▬▬▬▬▬▬▬▬▬▬▬▬▬▬▬▬▬▬▬▬▬▬▬▬▬
14:26:16                                  §r§9§lTREE GIFT
14:26:16 
14:26:16                  §r§7You helped cut §r§a100% §r§7of the §r§aFig Tree§r§7.
14:26:16 §f                       §e+5 rewards gained! §8(hover)
14:26:16 
14:26:16                                 §r§d§lBONUS GIFT
14:26:16                           §r§7§r§aStretching Sticks §r§8(§r§a20%§r§8)
14:26:16 §9§l▬▬▬▬▬▬▬▬▬▬▬▬▬▬▬▬▬▬▬▬▬▬▬▬▬▬▬▬▬▬▬▬▬▬▬▬▬▬▬▬▬▬▬▬▬▬▬▬▬▬▬▬▬▬▬▬▬▬▬▬▬▬▬▬
14:26:24 §9§l▬▬▬▬▬▬▬▬▬▬▬▬▬▬▬▬▬▬▬▬▬▬▬▬▬▬▬▬▬▬▬▬▬▬▬▬▬▬▬▬▬▬▬▬▬▬▬▬▬▬▬▬▬▬▬▬▬▬▬▬▬▬▬▬
14:26:24                                  §r§9§lTREE GIFT
14:26:24 
14:26:24                  §r§7You helped cut §r§a100% §r§7of the §r§aFig Tree§r§7.
14:26:24 §f                       §e+5 rewards gained! §8(hover)
14:26:24 §9§l▬▬▬▬▬▬▬▬▬▬▬▬▬▬▬▬▬▬▬▬▬▬▬▬▬▬▬▬▬▬▬▬▬▬▬▬▬▬▬▬▬▬▬▬▬▬▬▬▬▬▬▬▬▬▬▬▬▬▬▬▬▬▬▬
14:26:32 §9§l▬▬▬▬▬▬▬▬▬▬▬▬▬▬▬▬▬▬▬▬▬▬▬▬▬▬▬▬▬▬▬▬▬▬▬▬▬▬▬▬▬▬▬▬▬▬▬▬▬▬▬▬▬▬▬▬▬▬▬▬▬▬▬▬
14:26:32                                  §r§9§lTREE GIFT
14:26:32 
14:26:32                  §r§7You helped cut §r§a100% §r§7of the §r§aFig Tree§r§7.
14:26:32 §f                       §e+5 rewards gained! §8(hover)
14:26:32 §9§l▬▬▬▬▬▬▬▬▬▬▬▬▬▬▬▬▬▬▬▬▬▬▬▬▬▬▬▬▬▬▬▬▬▬▬▬▬▬▬▬▬▬▬▬▬▬▬▬▬▬▬▬▬▬▬▬▬▬▬▬▬▬▬▬
14:26:58 §9§l▬▬▬▬▬▬▬▬▬▬▬▬▬▬▬▬▬▬▬▬▬▬▬▬▬▬▬▬▬▬▬▬▬▬▬▬▬▬▬▬▬▬▬▬▬▬▬▬▬▬▬▬▬▬▬▬▬▬▬▬▬▬▬▬
14:26:58                                  §r§9§lTREE GIFT
14:26:58 
14:26:58                  §r§7You helped cut §r§a100% §r§7of the §r§aFig Tree§r§7.
14:26:58 §f                       §e+5 rewards gained! §8(hover)
14:26:58 
14:26:58                                 §r§d§lBONUS GIFT
14:26:58                           §r§7§r§aStretching Sticks §r§8(§r§a20%§r§8)
14:26:58 §9§l▬▬▬▬▬▬▬▬▬▬▬▬▬▬▬▬▬▬▬▬▬▬▬▬▬▬▬▬▬▬▬▬▬▬▬▬▬▬▬▬▬▬▬▬▬▬▬▬▬▬▬▬▬▬▬▬▬▬▬▬▬▬▬▬
14:27:07 §9§l▬▬▬▬▬▬▬▬▬▬▬▬▬▬▬▬▬▬▬▬▬▬▬▬▬▬▬▬▬▬▬▬▬▬▬▬▬▬▬▬▬▬▬▬▬▬▬▬▬▬▬▬▬▬▬▬▬▬▬▬▬▬▬▬
14:27:07                                  §r§9§lTREE GIFT
14:27:07 
14:27:07                  §r§7You helped cut §r§a100% §r§7of the §r§aFig Tree§r§7.
14:27:07 §f                       §e+5 rewards gained! §8(hover)
14:27:07 §9§l▬▬▬▬▬▬▬▬▬▬▬▬▬▬▬▬▬▬▬▬▬▬▬▬▬▬▬▬▬▬▬▬▬▬▬▬▬▬▬▬▬▬▬▬▬▬▬▬▬▬▬▬▬▬▬▬▬▬▬▬▬▬▬▬
14:27:16 §9§l▬▬▬▬▬▬▬▬▬▬▬▬▬▬▬▬▬▬▬▬▬▬▬▬▬▬▬▬▬▬▬▬▬▬▬▬▬▬▬▬▬▬▬▬▬▬▬▬▬▬▬▬▬▬▬▬▬▬▬▬▬▬▬▬
14:27:16                                  §r§9§lTREE GIFT
14:27:16 
14:27:16                  §r§7You helped cut §r§a100% §r§7of the §r§aFig Tree§r§7.
14:27:16 §f                       §e+5 rewards gained! §8(hover)
14:27:16 §9§l▬▬▬▬▬▬▬▬▬▬▬▬▬▬▬▬▬▬▬▬▬▬▬▬▬▬▬▬▬▬▬▬▬▬▬▬▬▬▬▬▬▬▬▬▬▬▬▬▬▬▬▬▬▬▬▬▬▬▬▬▬▬▬▬
14:27:24 §9§l▬▬▬▬▬▬▬▬▬▬▬▬▬▬▬▬▬▬▬▬▬▬▬▬▬▬▬▬▬▬▬▬▬▬▬▬▬▬▬▬▬▬▬▬▬▬▬▬▬▬▬▬▬▬▬▬▬▬▬▬▬▬▬▬
14:27:24                                  §r§9§lTREE GIFT
14:27:24 
14:27:24                  §r§7You helped cut §r§a100% §r§7of the §r§aFig Tree§r§7.
14:27:24 §f                       §e+5 rewards gained! §8(hover)
14:27:24 
14:27:24                                 §r§d§lBONUS GIFT
14:27:24                           §r§7§r§aStretching Sticks §r§8(§r§a20%§r§8)
14:27:24 §9§l▬▬▬▬▬▬▬▬▬▬▬▬▬▬▬▬▬▬▬▬▬▬▬▬▬▬▬▬▬▬▬▬▬▬▬▬▬▬▬▬▬▬▬▬▬▬▬▬▬▬▬▬▬▬▬▬▬▬▬▬▬▬▬▬
14:27:43 §9§l▬▬▬▬▬▬▬▬▬▬▬▬▬▬▬▬▬▬▬▬▬▬▬▬▬▬▬▬▬▬▬▬▬▬▬▬▬▬▬▬▬▬▬▬▬▬▬▬▬▬▬▬▬▬▬▬▬▬▬▬▬▬▬▬
14:27:43                                  §r§9§lTREE GIFT
14:27:43 
14:27:43                  §r§7You helped cut §r§a100% §r§7of the §r§aFig Tree§r§7.
14:27:43 §f                       §e+5 rewards gained! §8(hover)
14:27:43 
14:27:43                                 §r§d§lBONUS GIFT
14:27:43                           §r§7§r§aStretching Sticks §r§8(§r§a20%§r§8)
14:27:43 §9§l▬▬▬▬▬▬▬▬▬▬▬▬▬▬▬▬▬▬▬▬▬▬▬▬▬▬▬▬▬▬▬▬▬▬▬▬▬▬▬▬▬▬▬▬▬▬▬▬▬▬▬▬▬▬▬▬▬▬▬▬▬▬▬▬
14:28:25 §9§l▬▬▬▬▬▬▬▬▬▬▬▬▬▬▬▬▬▬▬▬▬▬▬▬▬▬▬▬▬▬▬▬▬▬▬▬▬▬▬▬▬▬▬▬▬▬▬▬▬▬▬▬▬▬▬▬▬▬▬▬▬▬▬▬
14:28:25                                  §r§9§lTREE GIFT
14:28:25 
14:28:25              §r§7You helped cut §r§a100% §r§7of the §r§aMangrove Tree§r§7.
14:28:25 §f                       §e+5 rewards gained! §8(hover)
14:28:25                      §r§7A §r§dPhanpyre §r§7fell from the Tree!
14:28:25 §9§l▬▬▬▬▬▬▬▬▬▬▬▬▬▬▬▬▬▬▬▬▬▬▬▬▬▬▬▬▬▬▬▬▬▬▬▬▬▬▬▬▬▬▬▬▬▬▬▬▬▬▬▬▬▬▬▬▬▬▬▬▬▬▬▬
14:29:02 §9§l▬▬▬▬▬▬▬▬▬▬▬▬▬▬▬▬▬▬▬▬▬▬▬▬▬▬▬▬▬▬▬▬▬▬▬▬▬▬▬▬▬▬▬▬▬▬▬▬▬▬▬▬▬▬▬▬▬▬▬▬▬▬▬▬
14:29:02                                  §r§9§lTREE GIFT
14:29:02 
14:29:02              §r§7You helped cut §r§a100% §r§7of the §r§aMangrove Tree§r§7.
14:29:02 §f                       §e+5 rewards gained! §8(hover)
14:29:02 §9§l▬▬▬▬▬▬▬▬▬▬▬▬▬▬▬▬▬▬▬▬▬▬▬▬▬▬▬▬▬▬▬▬▬▬▬▬▬▬▬▬▬▬▬▬▬▬▬▬▬▬▬▬▬▬▬▬▬▬▬▬▬▬▬▬
14:29:28 §9§l▬▬▬▬▬▬▬▬▬▬▬▬▬▬▬▬▬▬▬▬▬▬▬▬▬▬▬▬▬▬▬▬▬▬▬▬▬▬▬▬▬▬▬▬▬▬▬▬▬▬▬▬▬▬▬▬▬▬▬▬▬▬▬▬
14:29:28                                  §r§9§lTREE GIFT
14:29:28 
14:29:28              §r§7You helped cut §r§a100% §r§7of the §r§aMangrove Tree§r§7.
14:29:28 §f                       §e+5 rewards gained! §8(hover)
14:29:28 
14:29:28                                 §r§d§lBONUS GIFT
14:29:28                                §r§7§r§aDeep Root §r§8(§r§a4%§r§8)
14:29:28                      §r§7A §r§dPhanpyre §r§7fell from the Tree!
14:29:28 §9§l▬▬▬▬▬▬▬▬▬▬▬▬▬▬▬▬▬▬▬▬▬▬▬▬▬▬▬▬▬▬▬▬▬▬▬▬▬▬▬▬▬▬▬▬▬▬▬▬▬▬▬▬▬▬▬▬▬▬▬▬▬▬▬▬
14:29:44 §9§l▬▬▬▬▬▬▬▬▬▬▬▬▬▬▬▬▬▬▬▬▬▬▬▬▬▬▬▬▬▬▬▬▬▬▬▬▬▬▬▬▬▬▬▬▬▬▬▬▬▬▬▬▬▬▬▬▬▬▬▬▬▬▬▬
14:29:44                                  §r§9§lTREE GIFT
14:29:44 
14:29:44              §r§7You helped cut §r§a100% §r§7of the §r§aMangrove Tree§r§7.
14:29:44 §f                       §e+5 rewards gained! §8(hover)
14:29:44 
14:29:44                                 §r§d§lBONUS GIFT
14:29:44                                §r§7§r§aDeep Root §r§8(§r§a4%§r§8)
14:29:44 §9§l▬▬▬▬▬▬▬▬▬▬▬▬▬▬▬▬▬▬▬▬▬▬▬▬▬▬▬▬▬▬▬▬▬▬▬▬▬▬▬▬▬▬▬▬▬▬▬▬▬▬▬▬▬▬▬▬▬▬▬▬▬▬▬▬
14:30:09 §9§l▬▬▬▬▬▬▬▬▬▬▬▬▬▬▬▬▬▬▬▬▬▬▬▬▬▬▬▬▬▬▬▬▬▬▬▬▬▬▬▬▬▬▬▬▬▬▬▬▬▬▬▬▬▬▬▬▬▬▬▬▬▬▬▬
14:30:09                                  §r§9§lTREE GIFT
14:30:09 
14:30:09              §r§7You helped cut §r§a100% §r§7of the §r§aMangrove Tree§r§7.
14:30:09 §f                       §e+5 rewards gained! §8(hover)
14:30:09 §9§l▬▬▬▬▬▬▬▬▬▬▬▬▬▬▬▬▬▬▬▬▬▬▬▬▬▬▬▬▬▬▬▬▬▬▬▬▬▬▬▬▬▬▬▬▬▬▬▬▬▬▬▬▬▬▬▬▬▬▬▬▬▬▬▬
14:30:44 §9§l▬▬▬▬▬▬▬▬▬▬▬▬▬▬▬▬▬▬▬▬▬▬▬▬▬▬▬▬▬▬▬▬▬▬▬▬▬▬▬▬▬▬▬▬▬▬▬▬▬▬▬▬▬▬▬▬▬▬▬▬▬▬▬▬
14:30:44                                  §r§9§lTREE GIFT
14:30:44 
14:30:44              §r§7You helped cut §r§a100% §r§7of the §r§aMangrove Tree§r§7.
14:30:44 §f                       §e+5 rewards gained! §8(hover)
14:30:44 §9§l▬▬▬▬▬▬▬▬▬▬▬▬▬▬▬▬▬▬▬▬▬▬▬▬▬▬▬▬▬▬▬▬▬▬▬▬▬▬▬▬▬▬▬▬▬▬▬▬▬▬▬▬▬▬▬▬▬▬▬▬▬▬▬▬
14:31:23 §9§l▬▬▬▬▬▬▬▬▬▬▬▬▬▬▬▬▬▬▬▬▬▬▬▬▬▬▬▬▬▬▬▬▬▬▬▬▬▬▬▬▬▬▬▬▬▬▬▬▬▬▬▬▬▬▬▬▬▬▬▬▬▬▬▬
14:31:23                                  §r§9§lTREE GIFT
14:31:23 
14:31:23              §r§7You helped cut §r§a100% §r§7of the §r§aMangrove Tree§r§7.
14:31:23 §f                       §e+5 rewards gained! §8(hover)
14:31:23 §9§l▬▬▬▬▬▬▬▬▬▬▬▬▬▬▬▬▬▬▬▬▬▬▬▬▬▬▬▬▬▬▬▬▬▬▬▬▬▬▬▬▬▬▬▬▬▬▬▬▬▬▬▬▬▬▬▬▬▬▬▬▬▬▬▬
14:31:51 §9§l▬▬▬▬▬▬▬▬▬▬▬▬▬▬▬▬▬▬▬▬▬▬▬▬▬▬▬▬▬▬▬▬▬▬▬▬▬▬▬▬▬▬▬▬▬▬▬▬▬▬▬▬▬▬▬▬▬▬▬▬▬▬▬▬
14:31:51                                  §r§9§lTREE GIFT
14:31:51 
14:31:51              §r§7You helped cut §r§a100% §r§7of the §r§aMangrove Tree§r§7.
14:31:51 §f                       §e+5 rewards gained! §8(hover)
14:31:51 §9§l▬▬▬▬▬▬▬▬▬▬▬▬▬▬▬▬▬▬▬▬▬▬▬▬▬▬▬▬▬▬▬▬▬▬▬▬▬▬▬▬▬▬▬▬▬▬▬▬▬▬▬▬▬▬▬▬▬▬▬▬▬▬▬▬
14:32:41 §9§l▬▬▬▬▬▬▬▬▬▬▬▬▬▬▬▬▬▬▬▬▬▬▬▬▬▬▬▬▬▬▬▬▬▬▬▬▬▬▬▬▬▬▬▬▬▬▬▬▬▬▬▬▬▬▬▬▬▬▬▬▬▬▬▬
14:32:41                                  §r§9§lTREE GIFT
14:32:41 
14:32:41              §r§7You helped cut §r§a100% §r§7of the §r§aMangrove Tree§r§7.
14:32:41 §f                       §e+5 rewards gained! §8(hover)
14:32:41 §9§l▬▬▬▬▬▬▬▬▬▬▬▬▬▬▬▬▬▬▬▬▬▬▬▬▬▬▬▬▬▬▬▬▬▬▬▬▬▬▬▬▬▬▬▬▬▬▬▬▬▬▬▬▬▬▬▬▬▬▬▬▬▬▬▬
14:33:05 §9§l▬▬▬▬▬▬▬▬▬▬▬▬▬▬▬▬▬▬▬▬▬▬▬▬▬▬▬▬▬▬▬▬▬▬▬▬▬▬▬▬▬▬▬▬▬▬▬▬▬▬▬▬▬▬▬▬▬▬▬▬▬▬▬▬
14:33:05                                  §r§9§lTREE GIFT
14:33:05 
14:33:05              §r§7You helped cut §r§a100% §r§7of the §r§aMangrove Tree§r§7.
14:33:05 §f                       §e+5 rewards gained! §8(hover)
14:33:05 §9§l▬▬▬▬▬▬▬▬▬▬▬▬▬▬▬▬▬▬▬▬▬▬▬▬▬▬▬▬▬▬▬▬▬▬▬▬▬▬▬▬▬▬▬▬▬▬▬▬▬▬▬▬▬▬▬▬▬▬▬▬▬▬▬▬
14:33:48 §9§l▬▬▬▬▬▬▬▬▬▬▬▬▬▬▬▬▬▬▬▬▬▬▬▬▬▬▬▬▬▬▬▬▬▬▬▬▬▬▬▬▬▬▬▬▬▬▬▬▬▬▬▬▬▬▬▬▬▬▬▬▬▬▬▬
14:33:48                                  §r§9§lTREE GIFT
14:33:48 
14:33:48              §r§7You helped cut §r§a100% §r§7of the §r§aMangrove Tree§r§7.
14:33:48 §f                       §e+5 rewards gained! §8(hover)
14:33:48 
14:33:48                                 §r§d§lBONUS GIFT
14:33:48                                §r§7§r§aDeep Root §r§8(§r§a4%§r§8)
14:33:48 §9§l▬▬▬▬▬▬▬▬▬▬▬▬▬▬▬▬▬▬▬▬▬▬▬▬▬▬▬▬▬▬▬▬▬▬▬▬▬▬▬▬▬▬▬▬▬▬▬▬▬▬▬▬▬▬▬▬▬▬▬▬▬▬▬▬
14:34:12 §9§l▬▬▬▬▬▬▬▬▬▬▬▬▬▬▬▬▬▬▬▬▬▬▬▬▬▬▬▬▬▬▬▬▬▬▬▬▬▬▬▬▬▬▬▬▬▬▬▬▬▬▬▬▬▬▬▬▬▬▬▬▬▬▬▬
14:34:12                                  §r§9§lTREE GIFT
14:34:12 
14:34:12              §r§7You helped cut §r§a100% §r§7of the §r§aMangrove Tree§r§7.
14:34:12 §f                       §e+5 rewards gained! §8(hover)
14:34:12                      §r§7A §r§dPhanflare §r§7fell from the Tree!
14:34:12 §9§l▬▬▬▬▬▬▬▬▬▬▬▬▬▬▬▬▬▬▬▬▬▬▬▬▬▬▬▬▬▬▬▬▬▬▬▬▬▬▬▬▬▬▬▬▬▬▬▬▬▬▬▬▬▬▬▬▬▬▬▬▬▬▬▬
14:36:43 §9§l▬▬▬▬▬▬▬▬▬▬▬▬▬▬▬▬▬▬▬▬▬▬▬▬▬▬▬▬▬▬▬▬▬▬▬▬▬▬▬▬▬▬▬▬▬▬▬▬▬▬▬▬▬▬▬▬▬▬▬▬▬▬▬▬
14:36:43                                  §r§9§lTREE GIFT
14:36:43 
14:36:43                  §r§7You helped cut §r§a100% §r§7of the §r§aFig Tree§r§7.
14:36:43 §f                       §e+5 rewards gained! §8(hover)
14:36:43 §9§l▬▬▬▬▬▬▬▬▬▬▬▬▬▬▬▬▬▬▬▬▬▬▬▬▬▬▬▬▬▬▬▬▬▬▬▬▬▬▬▬▬▬▬▬▬▬▬▬▬▬▬▬▬▬▬▬▬▬▬▬▬▬▬▬
14:37:16 §9§l▬▬▬▬▬▬▬▬▬▬▬▬▬▬▬▬▬▬▬▬▬▬▬▬▬▬▬▬▬▬▬▬▬▬▬▬▬▬▬▬▬▬▬▬▬▬▬▬▬▬▬▬▬▬▬▬▬▬▬▬▬▬▬▬
14:37:16                                  §r§9§lTREE GIFT
14:37:16 
14:37:16                  §r§7You helped cut §r§a100% §r§7of the §r§aFig Tree§r§7.
14:37:16 §f                       §e+5 rewards gained! §8(hover)
14:37:16 
14:37:16                                 §r§d§lBONUS GIFT
14:37:16                           §r§7§r§aStretching Sticks §r§8(§r§a20%§r§8)
14:37:16 §9§l▬▬▬▬▬▬▬▬▬▬▬▬▬▬▬▬▬▬▬▬▬▬▬▬▬▬▬▬▬▬▬▬▬▬▬▬▬▬▬▬▬▬▬▬▬▬▬▬▬▬▬▬▬▬▬▬▬▬▬▬▬▬▬▬
14:37:46 §9§l▬▬▬▬▬▬▬▬▬▬▬▬▬▬▬▬▬▬▬▬▬▬▬▬▬▬▬▬▬▬▬▬▬▬▬▬▬▬▬▬▬▬▬▬▬▬▬▬▬▬▬▬▬▬▬▬▬▬▬▬▬▬▬▬
14:37:46                                  §r§9§lTREE GIFT
14:37:46 
14:37:46                  §r§7You helped cut §r§a100% §r§7of the §r§aFig Tree§r§7.
14:37:46 §f                       §e+5 rewards gained! §8(hover)
14:37:46 
14:37:46                                 §r§d§lBONUS GIFT
14:37:46                           §r§7§r§aStretching Sticks §r§8(§r§a20%§r§8)
14:37:46                      §r§7§r§fForaging Wisdom Booster §r§8(§r§a0.5%§r§8)
14:37:46 §9§l▬▬▬▬▬▬▬▬▬▬▬▬▬▬▬▬▬▬▬▬▬▬▬▬▬▬▬▬▬▬▬▬▬▬▬▬▬▬▬▬▬▬▬▬▬▬▬▬▬▬▬▬▬▬▬▬▬▬▬▬▬▬▬▬
14:37:58 §9§l▬▬▬▬▬▬▬▬▬▬▬▬▬▬▬▬▬▬▬▬▬▬▬▬▬▬▬▬▬▬▬▬▬▬▬▬▬▬▬▬▬▬▬▬▬▬▬▬▬▬▬▬▬▬▬▬▬▬▬▬▬▬▬▬
14:37:58                                  §r§9§lTREE GIFT
14:37:58 
14:37:58                  §r§7You helped cut §r§a100% §r§7of the §r§aFig Tree§r§7.
14:37:58 §f                       §e+5 rewards gained! §8(hover)
14:37:58 
14:37:58                                 §r§d§lBONUS GIFT
14:37:58                           §r§7§r§aStretching Sticks §r§8(§r§a20%§r§8)
14:37:58 §9§l▬▬▬▬▬▬▬▬▬▬▬▬▬▬▬▬▬▬▬▬▬▬▬▬▬▬▬▬▬▬▬▬▬▬▬▬▬▬▬▬▬▬▬▬▬▬▬▬▬▬▬▬▬▬▬▬▬▬▬▬▬▬▬▬
14:38:53 §9§l▬▬▬▬▬▬▬▬▬▬▬▬▬▬▬▬▬▬▬▬▬▬▬▬▬▬▬▬▬▬▬▬▬▬▬▬▬▬▬▬▬▬▬▬▬▬▬▬▬▬▬▬▬▬▬▬▬▬▬▬▬▬▬▬
14:38:53                                  §r§9§lTREE GIFT
14:38:53 
14:38:53                  §r§7You helped cut §r§a100% §r§7of the §r§aFig Tree§r§7.
14:38:53 §f                       §e+5 rewards gained! §8(hover)
14:38:53                      §r§7A §r§dPhanpyre §r§7fell from the Tree!
14:38:53 §9§l▬▬▬▬▬▬▬▬▬▬▬▬▬▬▬▬▬▬▬▬▬▬▬▬▬▬▬▬▬▬▬▬▬▬▬▬▬▬▬▬▬▬▬▬▬▬▬▬▬▬▬▬▬▬▬▬▬▬▬▬▬▬▬▬
14:40:36 §9§l▬▬▬▬▬▬▬▬▬▬▬▬▬▬▬▬▬▬▬▬▬▬▬▬▬▬▬▬▬▬▬▬▬▬▬▬▬▬▬▬▬▬▬▬▬▬▬▬▬▬▬▬▬▬▬▬▬▬▬▬▬▬▬▬
14:40:36                                  §r§9§lTREE GIFT
14:40:36 
14:40:36                  §r§7You helped cut §r§a100% §r§7of the §r§aFig Tree§r§7.
14:40:36 §f                       §e+5 rewards gained! §8(hover)
14:40:36 
14:40:36                                 §r§d§lBONUS GIFT
14:40:36                           §r§7§r§aStretching Sticks §r§8(§r§a20%§r§8)
14:40:36 §9§l▬▬▬▬▬▬▬▬▬▬▬▬▬▬▬▬▬▬▬▬▬▬▬▬▬▬▬▬▬▬▬▬▬▬▬▬▬▬▬▬▬▬▬▬▬▬▬▬▬▬▬▬▬▬▬▬▬▬▬▬▬▬▬▬
14:40:44 §9§l▬▬▬▬▬▬▬▬▬▬▬▬▬▬▬▬▬▬▬▬▬▬▬▬▬▬▬▬▬▬▬▬▬▬▬▬▬▬▬▬▬▬▬▬▬▬▬▬▬▬▬▬▬▬▬▬▬▬▬▬▬▬▬▬
14:40:44                                  §r§9§lTREE GIFT
14:40:44 
14:40:44                  §r§7You helped cut §r§a100% §r§7of the §r§aFig Tree§r§7.
14:40:44 §f                       §e+5 rewards gained! §8(hover)
14:40:44                      §r§7A §r§dPhanflare §r§7fell from the Tree!
14:40:44 §9§l▬▬▬▬▬▬▬▬▬▬▬▬▬▬▬▬▬▬▬▬▬▬▬▬▬▬▬▬▬▬▬▬▬▬▬▬▬▬▬▬▬▬▬▬▬▬▬▬▬▬▬▬▬▬▬▬▬▬▬▬▬▬▬▬
14:40:55 §9§l▬▬▬▬▬▬▬▬▬▬▬▬▬▬▬▬▬▬▬▬▬▬▬▬▬▬▬▬▬▬▬▬▬▬▬▬▬▬▬▬▬▬▬▬▬▬▬▬▬▬▬▬▬▬▬▬▬▬▬▬▬▬▬▬
14:40:55                                  §r§9§lTREE GIFT
14:40:55 
14:40:55                  §r§7You helped cut §r§a100% §r§7of the §r§aFig Tree§r§7.
14:40:55 §f                       §e+5 rewards gained! §8(hover)
14:40:55 
14:40:55                                 §r§d§lBONUS GIFT
14:40:55                           §r§7§r§aStretching Sticks §r§8(§r§a20%§r§8)
14:40:55 §9§l▬▬▬▬▬▬▬▬▬▬▬▬▬▬▬▬▬▬▬▬▬▬▬▬▬▬▬▬▬▬▬▬▬▬▬▬▬▬▬▬▬▬▬▬▬▬▬▬▬▬▬▬▬▬▬▬▬▬▬▬▬▬▬▬
14:41:03 §9§l▬▬▬▬▬▬▬▬▬▬▬▬▬▬▬▬▬▬▬▬▬▬▬▬▬▬▬▬▬▬▬▬▬▬▬▬▬▬▬▬▬▬▬▬▬▬▬▬▬▬▬▬▬▬▬▬▬▬▬▬▬▬▬▬
14:41:03                                  §r§9§lTREE GIFT
14:41:03 
14:41:03                  §r§7You helped cut §r§a100% §r§7of the §r§aFig Tree§r§7.
14:41:03 §f                       §e+5 rewards gained! §8(hover)
14:41:03 
14:41:03                                 §r§d§lBONUS GIFT
14:41:03                           §r§7§r§aStretching Sticks §r§8(§r§a20%§r§8)
14:41:03                      §r§7A §r§dPhanflare §r§7fell from the Tree!
14:41:03 §9§l▬▬▬▬▬▬▬▬▬▬▬▬▬▬▬▬▬▬▬▬▬▬▬▬▬▬▬▬▬▬▬▬▬▬▬▬▬▬▬▬▬▬▬▬▬▬▬▬▬▬▬▬▬▬▬▬▬▬▬▬▬▬▬▬
14:41:28 §9§l▬▬▬▬▬▬▬▬▬▬▬▬▬▬▬▬▬▬▬▬▬▬▬▬▬▬▬▬▬▬▬▬▬▬▬▬▬▬▬▬▬▬▬▬▬▬▬▬▬▬▬▬▬▬▬▬▬▬▬▬▬▬▬▬
14:41:28                                  §r§9§lTREE GIFT
14:41:28 
14:41:28                  §r§7You helped cut §r§a100% §r§7of the §r§aFig Tree§r§7.
14:41:28 §f                       §e+5 rewards gained! §8(hover)
14:41:28 
14:41:28                                 §r§d§lBONUS GIFT
14:41:28                           §r§7§r§aStretching Sticks §r§8(§r§a20%§r§8)
14:41:28 §9§l▬▬▬▬▬▬▬▬▬▬▬▬▬▬▬▬▬▬▬▬▬▬▬▬▬▬▬▬▬▬▬▬▬▬▬▬▬▬▬▬▬▬▬▬▬▬▬▬▬▬▬▬▬▬▬▬▬▬▬▬▬▬▬▬
14:41:57 §9§l▬▬▬▬▬▬▬▬▬▬▬▬▬▬▬▬▬▬▬▬▬▬▬▬▬▬▬▬▬▬▬▬▬▬▬▬▬▬▬▬▬▬▬▬▬▬▬▬▬▬▬▬▬▬▬▬▬▬▬▬▬▬▬▬
14:41:57                                  §r§9§lTREE GIFT
14:41:57 
14:41:57                  §r§7You helped cut §r§a100% §r§7of the §r§aFig Tree§r§7.
14:41:57 §f                       §e+5 rewards gained! §8(hover)
14:41:57 
14:41:57                                 §r§d§lBONUS GIFT
14:41:57                           §r§7§r§aStretching Sticks §r§8(§r§a20%§r§8)
14:41:57 §9§l▬▬▬▬▬▬▬▬▬▬▬▬▬▬▬▬▬▬▬▬▬▬▬▬▬▬▬▬▬▬▬▬▬▬▬▬▬▬▬▬▬▬▬▬▬▬▬▬▬▬▬▬▬▬▬▬▬▬▬▬▬▬▬▬
14:42:07 §9§l▬▬▬▬▬▬▬▬▬▬▬▬▬▬▬▬▬▬▬▬▬▬▬▬▬▬▬▬▬▬▬▬▬▬▬▬▬▬▬▬▬▬▬▬▬▬▬▬▬▬▬▬▬▬▬▬▬▬▬▬▬▬▬▬
14:42:07                                  §r§9§lTREE GIFT
14:42:07 
14:42:07                  §r§7You helped cut §r§a100% §r§7of the §r§aFig Tree§r§7.
14:42:07 §f                       §e+5 rewards gained! §8(hover)
14:42:07 
14:42:07                                 §r§d§lBONUS GIFT
14:42:07                           §r§7§r§aStretching Sticks §r§8(§r§a20%§r§8)
14:42:07                      §r§7A §r§dPhanflare §r§7fell from the Tree!
14:42:07 §9§l▬▬▬▬▬▬▬▬▬▬▬▬▬▬▬▬▬▬▬▬▬▬▬▬▬▬▬▬▬▬▬▬▬▬▬▬▬▬▬▬▬▬▬▬▬▬▬▬▬▬▬▬▬▬▬▬▬▬▬▬▬▬▬▬
14:42:13 §9§l▬▬▬▬▬▬▬▬▬▬▬▬▬▬▬▬▬▬▬▬▬▬▬▬▬▬▬▬▬▬▬▬▬▬▬▬▬▬▬▬▬▬▬▬▬▬▬▬▬▬▬▬▬▬▬▬▬▬▬▬▬▬▬▬
14:42:13                                  §r§9§lTREE GIFT
14:42:13 
14:42:13                  §r§7You helped cut §r§a100% §r§7of the §r§aFig Tree§r§7.
14:42:13 §f                       §e+5 rewards gained! §8(hover)
14:42:13 
14:42:13                                 §r§d§lBONUS GIFT
14:42:13                           §r§7§r§aStretching Sticks §r§8(§r§a20%§r§8)
14:42:13 §9§l▬▬▬▬▬▬▬▬▬▬▬▬▬▬▬▬▬▬▬▬▬▬▬▬▬▬▬▬▬▬▬▬▬▬▬▬▬▬▬▬▬▬▬▬▬▬▬▬▬▬▬▬▬▬▬▬▬▬▬▬▬▬▬▬
14:42:21 §9§l▬▬▬▬▬▬▬▬▬▬▬▬▬▬▬▬▬▬▬▬▬▬▬▬▬▬▬▬▬▬▬▬▬▬▬▬▬▬▬▬▬▬▬▬▬▬▬▬▬▬▬▬▬▬▬▬▬▬▬▬▬▬▬▬
14:42:21                                  §r§9§lTREE GIFT
14:42:21 
14:42:21                  §r§7You helped cut §r§a100% §r§7of the §r§aFig Tree§r§7.
14:42:21 §f                       §e+5 rewards gained! §8(hover)
14:42:21 
14:42:21                                 §r§d§lBONUS GIFT
14:42:21                           §r§7§r§aStretching Sticks §r§8(§r§a20%§r§8)
14:42:21 §9§l▬▬▬▬▬▬▬▬▬▬▬▬▬▬▬▬▬▬▬▬▬▬▬▬▬▬▬▬▬▬▬▬▬▬▬▬▬▬▬▬▬▬▬▬▬▬▬▬▬▬▬▬▬▬▬▬▬▬▬▬▬▬▬▬
14:42:32 §9§l▬▬▬▬▬▬▬▬▬▬▬▬▬▬▬▬▬▬▬▬▬▬▬▬▬▬▬▬▬▬▬▬▬▬▬▬▬▬▬▬▬▬▬▬▬▬▬▬▬▬▬▬▬▬▬▬▬▬▬▬▬▬▬▬
14:42:32                                  §r§9§lTREE GIFT
14:42:32 
14:42:32                  §r§7You helped cut §r§a100% §r§7of the §r§aFig Tree§r§7.
14:42:32 §f                       §e+5 rewards gained! §8(hover)
14:42:32 §9§l▬▬▬▬▬▬▬▬▬▬▬▬▬▬▬▬▬▬▬▬▬▬▬▬▬▬▬▬▬▬▬▬▬▬▬▬▬▬▬▬▬▬▬▬▬▬▬▬▬▬▬▬▬▬▬▬▬▬▬▬▬▬▬▬
14:42:39 §9§l▬▬▬▬▬▬▬▬▬▬▬▬▬▬▬▬▬▬▬▬▬▬▬▬▬▬▬▬▬▬▬▬▬▬▬▬▬▬▬▬▬▬▬▬▬▬▬▬▬▬▬▬▬▬▬▬▬▬▬▬▬▬▬▬
14:42:39                                  §r§9§lTREE GIFT
14:42:39 
14:42:39                  §r§7You helped cut §r§a100% §r§7of the §r§aFig Tree§r§7.
14:42:39 §f                       §e+5 rewards gained! §8(hover)
14:42:39 §9§l▬▬▬▬▬▬▬▬▬▬▬▬▬▬▬▬▬▬▬▬▬▬▬▬▬▬▬▬▬▬▬▬▬▬▬▬▬▬▬▬▬▬▬▬▬▬▬▬▬▬▬▬▬▬▬▬▬▬▬▬▬▬▬▬
14:42:57 §9§l▬▬▬▬▬▬▬▬▬▬▬▬▬▬▬▬▬▬▬▬▬▬▬▬▬▬▬▬▬▬▬▬▬▬▬▬▬▬▬▬▬▬▬▬▬▬▬▬▬▬▬▬▬▬▬▬▬▬▬▬▬▬▬▬
14:42:57                                  §r§9§lTREE GIFT
14:42:57 
14:42:57                  §r§7You helped cut §r§a100% §r§7of the §r§aFig Tree§r§7.
14:42:57 §f                       §e+5 rewards gained! §8(hover)
14:42:57 
14:42:57                                 §r§d§lBONUS GIFT
14:42:57                           §r§7§r§aStretching Sticks §r§8(§r§a20%§r§8)
14:42:57 §9§l▬▬▬▬▬▬▬▬▬▬▬▬▬▬▬▬▬▬▬▬▬▬▬▬▬▬▬▬▬▬▬▬▬▬▬▬▬▬▬▬▬▬▬▬▬▬▬▬▬▬▬▬▬▬▬▬▬▬▬▬▬▬▬▬
14:43:05 §9§l▬▬▬▬▬▬▬▬▬▬▬▬▬▬▬▬▬▬▬▬▬▬▬▬▬▬▬▬▬▬▬▬▬▬▬▬▬▬▬▬▬▬▬▬▬▬▬▬▬▬▬▬▬▬▬▬▬▬▬▬▬▬▬▬
14:43:05                                  §r§9§lTREE GIFT
14:43:05 
14:43:05                  §r§7You helped cut §r§a100% §r§7of the §r§aFig Tree§r§7.
14:43:05 §f                       §e+5 rewards gained! §8(hover)
14:43:05 
14:43:05                                 §r§d§lBONUS GIFT
14:43:05                           §r§7§r§aStretching Sticks §r§8(§r§a20%§r§8)
14:43:05 §9§l▬▬▬▬▬▬▬▬▬▬▬▬▬▬▬▬▬▬▬▬▬▬▬▬▬▬▬▬▬▬▬▬▬▬▬▬▬▬▬▬▬▬▬▬▬▬▬▬▬▬▬▬▬▬▬▬▬▬▬▬▬▬▬▬
14:43:12 §9§l▬▬▬▬▬▬▬▬▬▬▬▬▬▬▬▬▬▬▬▬▬▬▬▬▬▬▬▬▬▬▬▬▬▬▬▬▬▬▬▬▬▬▬▬▬▬▬▬▬▬▬▬▬▬▬▬▬▬▬▬▬▬▬▬
14:43:12                                  §r§9§lTREE GIFT
14:43:12 
14:43:12                  §r§7You helped cut §r§a100% §r§7of the §r§aFig Tree§r§7.
14:43:12 §f                       §e+5 rewards gained! §8(hover)
14:43:12 
14:43:12                                 §r§d§lBONUS GIFT
14:43:12                           §r§7§r§aStretching Sticks §r§8(§r§a20%§r§8)
14:43:12 §9§l▬▬▬▬▬▬▬▬▬▬▬▬▬▬▬▬▬▬▬▬▬▬▬▬▬▬▬▬▬▬▬▬▬▬▬▬▬▬▬▬▬▬▬▬▬▬▬▬▬▬▬▬▬▬▬▬▬▬▬▬▬▬▬▬
14:43:32 §9§l▬▬▬▬▬▬▬▬▬▬▬▬▬▬▬▬▬▬▬▬▬▬▬▬▬▬▬▬▬▬▬▬▬▬▬▬▬▬▬▬▬▬▬▬▬▬▬▬▬▬▬▬▬▬▬▬▬▬▬▬▬▬▬▬
14:43:32                                  §r§9§lTREE GIFT
14:43:32 
14:43:32                  §r§7You helped cut §r§a100% §r§7of the §r§aFig Tree§r§7.
14:43:32 §f                       §e+5 rewards gained! §8(hover)
14:43:32 §9§l▬▬▬▬▬▬▬▬▬▬▬▬▬▬▬▬▬▬▬▬▬▬▬▬▬▬▬▬▬▬▬▬▬▬▬▬▬▬▬▬▬▬▬▬▬▬▬▬▬▬▬▬▬▬▬▬▬▬▬▬▬▬▬▬
14:43:53 §9§l▬▬▬▬▬▬▬▬▬▬▬▬▬▬▬▬▬▬▬▬▬▬▬▬▬▬▬▬▬▬▬▬▬▬▬▬▬▬▬▬▬▬▬▬▬▬▬▬▬▬▬▬▬▬▬▬▬▬▬▬▬▬▬▬
14:43:53                                  §r§9§lTREE GIFT
14:43:53 
14:43:53                  §r§7You helped cut §r§a100% §r§7of the §r§aFig Tree§r§7.
14:43:53 §f                       §e+5 rewards gained! §8(hover)
14:43:53 
14:43:53                                 §r§d§lBONUS GIFT
14:43:53                           §r§7§r§aStretching Sticks §r§8(§r§a20%§r§8)
14:43:53                      §r§7A §r§dPhanflare §r§7fell from the Tree!
14:43:53 §9§l▬▬▬▬▬▬▬▬▬▬▬▬▬▬▬▬▬▬▬▬▬▬▬▬▬▬▬▬▬▬▬▬▬▬▬▬▬▬▬▬▬▬▬▬▬▬▬▬▬▬▬▬▬▬▬▬▬▬▬▬▬▬▬▬
14:44:02 §9§l▬▬▬▬▬▬▬▬▬▬▬▬▬▬▬▬▬▬▬▬▬▬▬▬▬▬▬▬▬▬▬▬▬▬▬▬▬▬▬▬▬▬▬▬▬▬▬▬▬▬▬▬▬▬▬▬▬▬▬▬▬▬▬▬
14:44:02                                  §r§9§lTREE GIFT
14:44:02 
14:44:02                  §r§7You helped cut §r§a100% §r§7of the §r§aFig Tree§r§7.
14:44:02 §f                       §e+5 rewards gained! §8(hover)
14:44:02                      §r§7A §r§dPhanpyre §r§7fell from the Tree!
14:44:02 §9§l▬▬▬▬▬▬▬▬▬▬▬▬▬▬▬▬▬▬▬▬▬▬▬▬▬▬▬▬▬▬▬▬▬▬▬▬▬▬▬▬▬▬▬▬▬▬▬▬▬▬▬▬▬▬▬▬▬▬▬▬▬▬▬▬
14:44:16 §9§l▬▬▬▬▬▬▬▬▬▬▬▬▬▬▬▬▬▬▬▬▬▬▬▬▬▬▬▬▬▬▬▬▬▬▬▬▬▬▬▬▬▬▬▬▬▬▬▬▬▬▬▬▬▬▬▬▬▬▬▬▬▬▬▬
14:44:16                                  §r§9§lTREE GIFT
14:44:16 
14:44:16                  §r§7You helped cut §r§a100% §r§7of the §r§aFig Tree§r§7.
14:44:16 §f                       §e+5 rewards gained! §8(hover)
14:44:16                      §r§7A §r§dPhanpyre §r§7fell from the Tree!
14:44:16 §9§l▬▬▬▬▬▬▬▬▬▬▬▬▬▬▬▬▬▬▬▬▬▬▬▬▬▬▬▬▬▬▬▬▬▬▬▬▬▬▬▬▬▬▬▬▬▬▬▬▬▬▬▬▬▬▬▬▬▬▬▬▬▬▬▬
14:44:25 §9§l▬▬▬▬▬▬▬▬▬▬▬▬▬▬▬▬▬▬▬▬▬▬▬▬▬▬▬▬▬▬▬▬▬▬▬▬▬▬▬▬▬▬▬▬▬▬▬▬▬▬▬▬▬▬▬▬▬▬▬▬▬▬▬▬
14:44:25                                  §r§9§lTREE GIFT
14:44:25 
14:44:25                  §r§7You helped cut §r§a100% §r§7of the §r§aFig Tree§r§7.
14:44:25 §f                       §e+5 rewards gained! §8(hover)
14:44:25 
14:44:25                                 §r§d§lBONUS GIFT
14:44:25                           §r§7§r§aStretching Sticks §r§8(§r§a20%§r§8)
14:44:25 §9§l▬▬▬▬▬▬▬▬▬▬▬▬▬▬▬▬▬▬▬▬▬▬▬▬▬▬▬▬▬▬▬▬▬▬▬▬▬▬▬▬▬▬▬▬▬▬▬▬▬▬▬▬▬▬▬▬▬▬▬▬▬▬▬▬
14:44:44 §9§l▬▬▬▬▬▬▬▬▬▬▬▬▬▬▬▬▬▬▬▬▬▬▬▬▬▬▬▬▬▬▬▬▬▬▬▬▬▬▬▬▬▬▬▬▬▬▬▬▬▬▬▬▬▬▬▬▬▬▬▬▬▬▬▬
14:44:44                                  §r§9§lTREE GIFT
14:44:44 
14:44:44                  §r§7You helped cut §r§a100% §r§7of the §r§aFig Tree§r§7.
14:44:44 §f                       §e+5 rewards gained! §8(hover)
14:44:44 
14:44:44                                 §r§d§lBONUS GIFT
14:44:44                           §r§7§r§aStretching Sticks §r§8(§r§a20%§r§8)
14:44:44 §9§l▬▬▬▬▬▬▬▬▬▬▬▬▬▬▬▬▬▬▬▬▬▬▬▬▬▬▬▬▬▬▬▬▬▬▬▬▬▬▬▬▬▬▬▬▬▬▬▬▬▬▬▬▬▬▬▬▬▬▬▬▬▬▬▬
14:45:03 §9§l▬▬▬▬▬▬▬▬▬▬▬▬▬▬▬▬▬▬▬▬▬▬▬▬▬▬▬▬▬▬▬▬▬▬▬▬▬▬▬▬▬▬▬▬▬▬▬▬▬▬▬▬▬▬▬▬▬▬▬▬▬▬▬▬
14:45:03                                  §r§9§lTREE GIFT
14:45:03 
14:45:03                  §r§7You helped cut §r§a100% §r§7of the §r§aFig Tree§r§7.
14:45:03 §f                       §e+5 rewards gained! §8(hover)
14:45:03 
14:45:03                                 §r§d§lBONUS GIFT
14:45:03                           §r§7§r§aStretching Sticks §r§8(§r§a20%§r§8)
14:45:03 §9§l▬▬▬▬▬▬▬▬▬▬▬▬▬▬▬▬▬▬▬▬▬▬▬▬▬▬▬▬▬▬▬▬▬▬▬▬▬▬▬▬▬▬▬▬▬▬▬▬▬▬▬▬▬▬▬▬▬▬▬▬▬▬▬▬
14:45:21 §9§l▬▬▬▬▬▬▬▬▬▬▬▬▬▬▬▬▬▬▬▬▬▬▬▬▬▬▬▬▬▬▬▬▬▬▬▬▬▬▬▬▬▬▬▬▬▬▬▬▬▬▬▬▬▬▬▬▬▬▬▬▬▬▬▬
14:45:21                                  §r§9§lTREE GIFT
14:45:21 
14:45:21                  §r§7You helped cut §r§a100% §r§7of the §r§aFig Tree§r§7.
14:45:21 §f                       §e+5 rewards gained! §8(hover)
14:45:21 
14:45:21                                 §r§d§lBONUS GIFT
14:45:21                           §r§7§r§aStretching Sticks §r§8(§r§a20%§r§8)
14:45:21 §9§l▬▬▬▬▬▬▬▬▬▬▬▬▬▬▬▬▬▬▬▬▬▬▬▬▬▬▬▬▬▬▬▬▬▬▬▬▬▬▬▬▬▬▬▬▬▬▬▬▬▬▬▬▬▬▬▬▬▬▬▬▬▬▬▬
14:45:33 §9§l▬▬▬▬▬▬▬▬▬▬▬▬▬▬▬▬▬▬▬▬▬▬▬▬▬▬▬▬▬▬▬▬▬▬▬▬▬▬▬▬▬▬▬▬▬▬▬▬▬▬▬▬▬▬▬▬▬▬▬▬▬▬▬▬
14:45:33                                  §r§9§lTREE GIFT
14:45:33 
14:45:33                  §r§7You helped cut §r§a100% §r§7of the §r§aFig Tree§r§7.
14:45:33 §f                       §e+5 rewards gained! §8(hover)
14:45:33 
14:45:33                                 §r§d§lBONUS GIFT
14:45:33                           §r§7§r§aStretching Sticks §r§8(§r§a20%§r§8)
14:45:33 §9§l▬▬▬▬▬▬▬▬▬▬▬▬▬▬▬▬▬▬▬▬▬▬▬▬▬▬▬▬▬▬▬▬▬▬▬▬▬▬▬▬▬▬▬▬▬▬▬▬▬▬▬▬▬▬▬▬▬▬▬▬▬▬▬▬
14:45:39 §9§l▬▬▬▬▬▬▬▬▬▬▬▬▬▬▬▬▬▬▬▬▬▬▬▬▬▬▬▬▬▬▬▬▬▬▬▬▬▬▬▬▬▬▬▬▬▬▬▬▬▬▬▬▬▬▬▬▬▬▬▬▬▬▬▬
14:45:39                                  §r§9§lTREE GIFT
14:45:39 
14:45:39                  §r§7You helped cut §r§a100% §r§7of the §r§aFig Tree§r§7.
14:45:39 §f                       §e+5 rewards gained! §8(hover)
14:45:39 
14:45:39                                 §r§d§lBONUS GIFT
14:45:39                           §r§7§r§aStretching Sticks §r§8(§r§a20%§r§8)
14:45:39                      §r§7A §r§dPhanpyre §r§7fell from the Tree!
14:45:39 §9§l▬▬▬▬▬▬▬▬▬▬▬▬▬▬▬▬▬▬▬▬▬▬▬▬▬▬▬▬▬▬▬▬▬▬▬▬▬▬▬▬▬▬▬▬▬▬▬▬▬▬▬▬▬▬▬▬▬▬▬▬▬▬▬▬
14:45:59 §9§l▬▬▬▬▬▬▬▬▬▬▬▬▬▬▬▬▬▬▬▬▬▬▬▬▬▬▬▬▬▬▬▬▬▬▬▬▬▬▬▬▬▬▬▬▬▬▬▬▬▬▬▬▬▬▬▬▬▬▬▬▬▬▬▬
14:45:59                                  §r§9§lTREE GIFT
14:45:59 
14:45:59                  §r§7You helped cut §r§a100% §r§7of the §r§aFig Tree§r§7.
14:45:59 §f                       §e+5 rewards gained! §8(hover)
14:45:59 
14:45:59                                 §r§d§lBONUS GIFT
14:45:59                           §r§7§r§aStretching Sticks §r§8(§r§a20%§r§8)
14:45:59 §9§l▬▬▬▬▬▬▬▬▬▬▬▬▬▬▬▬▬▬▬▬▬▬▬▬▬▬▬▬▬▬▬▬▬▬▬▬▬▬▬▬▬▬▬▬▬▬▬▬▬▬▬▬▬▬▬▬▬▬▬▬▬▬▬▬
14:46:11 §9§l▬▬▬▬▬▬▬▬▬▬▬▬▬▬▬▬▬▬▬▬▬▬▬▬▬▬▬▬▬▬▬▬▬▬▬▬▬▬▬▬▬▬▬▬▬▬▬▬▬▬▬▬▬▬▬▬▬▬▬▬▬▬▬▬
14:46:11                                  §r§9§lTREE GIFT
14:46:11 
14:46:11                  §r§7You helped cut §r§a100% §r§7of the §r§aFig Tree§r§7.
14:46:11 §f                       §e+5 rewards gained! §8(hover)
14:46:11 
14:46:11                                 §r§d§lBONUS GIFT
14:46:11                           §r§7§r§aStretching Sticks §r§8(§r§a20%§r§8)
14:46:11 §9§l▬▬▬▬▬▬▬▬▬▬▬▬▬▬▬▬▬▬▬▬▬▬▬▬▬▬▬▬▬▬▬▬▬▬▬▬▬▬▬▬▬▬▬▬▬▬▬▬▬▬▬▬▬▬▬▬▬▬▬▬▬▬▬▬
14:46:32 §9§l▬▬▬▬▬▬▬▬▬▬▬▬▬▬▬▬▬▬▬▬▬▬▬▬▬▬▬▬▬▬▬▬▬▬▬▬▬▬▬▬▬▬▬▬▬▬▬▬▬▬▬▬▬▬▬▬▬▬▬▬▬▬▬▬
14:46:32                                  §r§9§lTREE GIFT
14:46:32 
14:46:32                  §r§7You helped cut §r§a100% §r§7of the §r§aFig Tree§r§7.
14:46:32 §f                       §e+5 rewards gained! §8(hover)
14:46:32 
14:46:32                                 §r§d§lBONUS GIFT
14:46:32                           §r§7§r§aStretching Sticks §r§8(§r§a20%§r§8)
14:46:32 §9§l▬▬▬▬▬▬▬▬▬▬▬▬▬▬▬▬▬▬▬▬▬▬▬▬▬▬▬▬▬▬▬▬▬▬▬▬▬▬▬▬▬▬▬▬▬▬▬▬▬▬▬▬▬▬▬▬▬▬▬▬▬▬▬▬
14:46:40 §9§l▬▬▬▬▬▬▬▬▬▬▬▬▬▬▬▬▬▬▬▬▬▬▬▬▬▬▬▬▬▬▬▬▬▬▬▬▬▬▬▬▬▬▬▬▬▬▬▬▬▬▬▬▬▬▬▬▬▬▬▬▬▬▬▬
14:46:40                                  §r§9§lTREE GIFT
14:46:40 
14:46:40                  §r§7You helped cut §r§a100% §r§7of the §r§aFig Tree§r§7.
14:46:40 §f                       §e+5 rewards gained! §8(hover)
14:46:40 
14:46:40                                 §r§d§lBONUS GIFT
14:46:40                           §r§7§r§aStretching Sticks §r§8(§r§a20%§r§8)
14:46:40 §9§l▬▬▬▬▬▬▬▬▬▬▬▬▬▬▬▬▬▬▬▬▬▬▬▬▬▬▬▬▬▬▬▬▬▬▬▬▬▬▬▬▬▬▬▬▬▬▬▬▬▬▬▬▬▬▬▬▬▬▬▬▬▬▬▬
14:46:51 §9§l▬▬▬▬▬▬▬▬▬▬▬▬▬▬▬▬▬▬▬▬▬▬▬▬▬▬▬▬▬▬▬▬▬▬▬▬▬▬▬▬▬▬▬▬▬▬▬▬▬▬▬▬▬▬▬▬▬▬▬▬▬▬▬▬
14:46:51                                  §r§9§lTREE GIFT
14:46:51 
14:46:51                  §r§7You helped cut §r§a100% §r§7of the §r§aFig Tree§r§7.
14:46:51 §f                       §e+5 rewards gained! §8(hover)
14:46:51 
14:46:51                                 §r§d§lBONUS GIFT
14:46:51                           §r§7§r§aStretching Sticks §r§8(§r§a20%§r§8)
14:46:51 §9§l▬▬▬▬▬▬▬▬▬▬▬▬▬▬▬▬▬▬▬▬▬▬▬▬▬▬▬▬▬▬▬▬▬▬▬▬▬▬▬▬▬▬▬▬▬▬▬▬▬▬▬▬▬▬▬▬▬▬▬▬▬▬▬▬
14:46:57 §9§l▬▬▬▬▬▬▬▬▬▬▬▬▬▬▬▬▬▬▬▬▬▬▬▬▬▬▬▬▬▬▬▬▬▬▬▬▬▬▬▬▬▬▬▬▬▬▬▬▬▬▬▬▬▬▬▬▬▬▬▬▬▬▬▬
14:46:57                                  §r§9§lTREE GIFT
14:46:57 
14:46:57                  §r§7You helped cut §r§a100% §r§7of the §r§aFig Tree§r§7.
14:46:57 §f                       §e+5 rewards gained! §8(hover)
14:46:57 
14:46:57                                 §r§d§lBONUS GIFT
14:46:57                           §r§7§r§aStretching Sticks §r§8(§r§a20%§r§8)
14:46:57 §9§l▬▬▬▬▬▬▬▬▬▬▬▬▬▬▬▬▬▬▬▬▬▬▬▬▬▬▬▬▬▬▬▬▬▬▬▬▬▬▬▬▬▬▬▬▬▬▬▬▬▬▬▬▬▬▬▬▬▬▬▬▬▬▬▬
14:47:16 §9§l▬▬▬▬▬▬▬▬▬▬▬▬▬▬▬▬▬▬▬▬▬▬▬▬▬▬▬▬▬▬▬▬▬▬▬▬▬▬▬▬▬▬▬▬▬▬▬▬▬▬▬▬▬▬▬▬▬▬▬▬▬▬▬▬
14:47:16                                  §r§9§lTREE GIFT
14:47:16 
14:47:16              §r§7You helped cut §r§a100% §r§7of the §r§aMangrove Tree§r§7.
14:47:16 §f                       §e+5 rewards gained! §8(hover)
14:47:16 §9§l▬▬▬▬▬▬▬▬▬▬▬▬▬▬▬▬▬▬▬▬▬▬▬▬▬▬▬▬▬▬▬▬▬▬▬▬▬▬▬▬▬▬▬▬▬▬▬▬▬▬▬▬▬▬▬▬▬▬▬▬▬▬▬▬
14:47:51 §9§l▬▬▬▬▬▬▬▬▬▬▬▬▬▬▬▬▬▬▬▬▬▬▬▬▬▬▬▬▬▬▬▬▬▬▬▬▬▬▬▬▬▬▬▬▬▬▬▬▬▬▬▬▬▬▬▬▬▬▬▬▬▬▬▬
14:47:51                                  §r§9§lTREE GIFT
14:47:51 
14:47:51              §r§7You helped cut §r§a100% §r§7of the §r§aMangrove Tree§r§7.
14:47:51 §f                       §e+5 rewards gained! §8(hover)
14:47:51 §9§l▬▬▬▬▬▬▬▬▬▬▬▬▬▬▬▬▬▬▬▬▬▬▬▬▬▬▬▬▬▬▬▬▬▬▬▬▬▬▬▬▬▬▬▬▬▬▬▬▬▬▬▬▬▬▬▬▬▬▬▬▬▬▬▬
14:48:27 §9§l▬▬▬▬▬▬▬▬▬▬▬▬▬▬▬▬▬▬▬▬▬▬▬▬▬▬▬▬▬▬▬▬▬▬▬▬▬▬▬▬▬▬▬▬▬▬▬▬▬▬▬▬▬▬▬▬▬▬▬▬▬▬▬▬
14:48:27                                  §r§9§lTREE GIFT
14:48:27 
14:48:27              §r§7You helped cut §r§a100% §r§7of the §r§aMangrove Tree§r§7.
14:48:27 §f                       §e+5 rewards gained! §8(hover)
14:48:27 
14:48:27                                 §r§d§lBONUS GIFT
14:48:27                            §r§7§r§fSweep Booster §r§8(§r§a1.5%§r§8)
14:48:27 §9§l▬▬▬▬▬▬▬▬▬▬▬▬▬▬▬▬▬▬▬▬▬▬▬▬▬▬▬▬▬▬▬▬▬▬▬▬▬▬▬▬▬▬▬▬▬▬▬▬▬▬▬▬▬▬▬▬▬▬▬▬▬▬▬▬
14:48:58 §9§l▬▬▬▬▬▬▬▬▬▬▬▬▬▬▬▬▬▬▬▬▬▬▬▬▬▬▬▬▬▬▬▬▬▬▬▬▬▬▬▬▬▬▬▬▬▬▬▬▬▬▬▬▬▬▬▬▬▬▬▬▬▬▬▬
14:48:58                                  §r§9§lTREE GIFT
14:48:58 
14:48:58              §r§7You helped cut §r§a100% §r§7of the §r§aMangrove Tree§r§7.
14:48:58 §f                       §e+5 rewards gained! §8(hover)
14:48:58 §9§l▬▬▬▬▬▬▬▬▬▬▬▬▬▬▬▬▬▬▬▬▬▬▬▬▬▬▬▬▬▬▬▬▬▬▬▬▬▬▬▬▬▬▬▬▬▬▬▬▬▬▬▬▬▬▬▬▬▬▬▬▬▬▬▬
14:49:12 §9§l▬▬▬▬▬▬▬▬▬▬▬▬▬▬▬▬▬▬▬▬▬▬▬▬▬▬▬▬▬▬▬▬▬▬▬▬▬▬▬▬▬▬▬▬▬▬▬▬▬▬▬▬▬▬▬▬▬▬▬▬▬▬▬▬
14:49:12                                  §r§9§lTREE GIFT
14:49:12 
14:49:12              §r§7You helped cut §r§a100% §r§7of the §r§aMangrove Tree§r§7.
14:49:12 §f                       §e+5 rewards gained! §8(hover)
14:49:12 §9§l▬▬▬▬▬▬▬▬▬▬▬▬▬▬▬▬▬▬▬▬▬▬▬▬▬▬▬▬▬▬▬▬▬▬▬▬▬▬▬▬▬▬▬▬▬▬▬▬▬▬▬▬▬▬▬▬▬▬▬▬▬▬▬▬
14:49:37 §9§l▬▬▬▬▬▬▬▬▬▬▬▬▬▬▬▬▬▬▬▬▬▬▬▬▬▬▬▬▬▬▬▬▬▬▬▬▬▬▬▬▬▬▬▬▬▬▬▬▬▬▬▬▬▬▬▬▬▬▬▬▬▬▬▬
14:49:37                                  §r§9§lTREE GIFT
14:49:37 
14:49:37              §r§7You helped cut §r§a100% §r§7of the §r§aMangrove Tree§r§7.
14:49:37 §f                       §e+5 rewards gained! §8(hover)
14:49:37 §9§l▬▬▬▬▬▬▬▬▬▬▬▬▬▬▬▬▬▬▬▬▬▬▬▬▬▬▬▬▬▬▬▬▬▬▬▬▬▬▬▬▬▬▬▬▬▬▬▬▬▬▬▬▬▬▬▬▬▬▬▬▬▬▬▬
14:49:57 §9§l▬▬▬▬▬▬▬▬▬▬▬▬▬▬▬▬▬▬▬▬▬▬▬▬▬▬▬▬▬▬▬▬▬▬▬▬▬▬▬▬▬▬▬▬▬▬▬▬▬▬▬▬▬▬▬▬▬▬▬▬▬▬▬▬
14:49:57                                  §r§9§lTREE GIFT
14:49:57 
14:49:57              §r§7You helped cut §r§a100% §r§7of the §r§aMangrove Tree§r§7.
14:49:57 §f                       §e+5 rewards gained! §8(hover)
14:49:57 
14:49:57                                 §r§d§lBONUS GIFT
14:49:57                            §r§7§r§fSweep Booster §r§8(§r§a1.5%§r§8)
14:49:57                      §r§7A §r§dPhanpyre §r§7fell from the Tree!
14:49:57 §9§l▬▬▬▬▬▬▬▬▬▬▬▬▬▬▬▬▬▬▬▬▬▬▬▬▬▬▬▬▬▬▬▬▬▬▬▬▬▬▬▬▬▬▬▬▬▬▬▬▬▬▬▬▬▬▬▬▬▬▬▬▬▬▬▬
14:50:18 §9§l▬▬▬▬▬▬▬▬▬▬▬▬▬▬▬▬▬▬▬▬▬▬▬▬▬▬▬▬▬▬▬▬▬▬▬▬▬▬▬▬▬▬▬▬▬▬▬▬▬▬▬▬▬▬▬▬▬▬▬▬▬▬▬▬
14:50:18                                  §r§9§lTREE GIFT
14:50:18 
14:50:18              §r§7You helped cut §r§a100% §r§7of the §r§aMangrove Tree§r§7.
14:50:18 §f                       §e+5 rewards gained! §8(hover)
14:50:18 §9§l▬▬▬▬▬▬▬▬▬▬▬▬▬▬▬▬▬▬▬▬▬▬▬▬▬▬▬▬▬▬▬▬▬▬▬▬▬▬▬▬▬▬▬▬▬▬▬▬▬▬▬▬▬▬▬▬▬▬▬▬▬▬▬▬
14:50:37 §9§l▬▬▬▬▬▬▬▬▬▬▬▬▬▬▬▬▬▬▬▬▬▬▬▬▬▬▬▬▬▬▬▬▬▬▬▬▬▬▬▬▬▬▬▬▬▬▬▬▬▬▬▬▬▬▬▬▬▬▬▬▬▬▬▬
14:50:37                                  §r§9§lTREE GIFT
14:50:37 
14:50:37              §r§7You helped cut §r§a100% §r§7of the §r§aMangrove Tree§r§7.
14:50:37 §f                       §e+5 rewards gained! §8(hover)
14:50:37 §9§l▬▬▬▬▬▬▬▬▬▬▬▬▬▬▬▬▬▬▬▬▬▬▬▬▬▬▬▬▬▬▬▬▬▬▬▬▬▬▬▬▬▬▬▬▬▬▬▬▬▬▬▬▬▬▬▬▬▬▬▬▬▬▬▬
14:51:11 §9§l▬▬▬▬▬▬▬▬▬▬▬▬▬▬▬▬▬▬▬▬▬▬▬▬▬▬▬▬▬▬▬▬▬▬▬▬▬▬▬▬▬▬▬▬▬▬▬▬▬▬▬▬▬▬▬▬▬▬▬▬▬▬▬▬
14:51:11                                  §r§9§lTREE GIFT
14:51:11 
14:51:11              §r§7You helped cut §r§a100% §r§7of the §r§aMangrove Tree§r§7.
14:51:11 §f                       §e+5 rewards gained! §8(hover)
14:51:11 
14:51:11                                 §r§d§lBONUS GIFT
14:51:11                            §r§7§r§fSweep Booster §r§8(§r§a1.5%§r§8)
14:51:11                      §r§7A §r§dPhanflare §r§7fell from the Tree!
14:51:11 §9§l▬▬▬▬▬▬▬▬▬▬▬▬▬▬▬▬▬▬▬▬▬▬▬▬▬▬▬▬▬▬▬▬▬▬▬▬▬▬▬▬▬▬▬▬▬▬▬▬▬▬▬▬▬▬▬▬▬▬▬▬▬▬▬▬
