08:59:38 §f §r§r§r§f §r§r§r§1 §r§r§r§0 §r§r§r§2 §r§r§r§f §r§r§r§f §r§r§r§2 §r§r§r§0 §r§r§r§4 §r§r§r§3 §r§r§r§9 §r§r§r§2 §r§r§r§0 §r§r§r§0 §r§r§r§3 §r§r§r§9 §r§r§r§2 §r§r§r§0 §r§r§r§0 §r§r§r§3 §r§r§r§9 §r§r§r§2 §r§r§r§0 §r§r§r§0 
08:59:47 §8 §r§8 §r§1 §r§3 §r§3 §r§7 §r§8 
08:59:50 
08:59:50 
09:01:37 
09:01:37 §c
09:02:02 §8 §r§8 §r§1 §r§3 §r§3 §r§7 §r§8 
09:03:24 §8 §r§8 §r§1 §r§3 §r§3 §r§7 §r§8 
09:04:45 §8 §r§8 §r§1 §r§3 §r§3 §r§7 §r§8 
09:05:35 §8 §r§8 §r§1 §r§3 §r§3 §r§7 §r§8 
09:19:03 §8 §r§8 §r§1 §r§3 §r§3 §r§7 §r§8 
09:20:43 §8 §r§8 §r§1 §r§3 §r§3 §r§7 §r§8 
09:20:47 §8 §r§8 §r§1 §r§3 §r§3 §r§7 §r§8 
09:21:08 §8 §r§8 §r§1 §r§3 §r§3 §r§7 §r§8 
09:22:43 
09:24:57 
09:24:58 
09:28:39 
09:29:38                                         
09:36:17 §f §r§r§r§f §r§r§r§1 §r§r§r§0 §r§r§r§2 §r§r§r§f §r§r§r§f §r§r§r§2 §r§r§r§0 §r§r§r§4 §r§r§r§3 §r§r§r§9 §r§r§r§2 §r§r§r§0 §r§r§r§0 §r§r§r§3 §r§r§r§9 §r§r§r§2 §r§r§r§0 §r§r§r§0 §r§r§r§3 §r§r§r§9 §r§r§r§2 §r§r§r§0 §r§r§r§0 
09:36:23 §8 §r§8 §r§1 §r§3 §r§3 §r§7 §r§8 
09:36:25 
09:36:25 
09:36:59 §8 §r§8 §r§1 §r§3 §r§3 §r§7 §r§8 
09:37:38 §8 §r§8 §r§1 §r§3 §r§3 §r§7 §r§8 
09:48:04 
09:49:53                                         
10:07:58 
10:09:46                                         
10:24:48 
10:29:49                                         
10:41:55 
