09:04:06 §6[Sacks] §r§c-1,216§r§e items§r§e.§r§8 (Last 5s.)
09:05:59 §6[Sacks] §r§a+33§r§e items§r§e, §r§c-2,717§r§e items§r§e.§r§8 (Last 13s.)
09:06:10 §6[Sacks] §r§a+36§r§e items§r§e.§r§8 (Last 5s.)
09:21:24 §6[Sacks] §r§a+101§r§e items§r§e.§r§8 (Last 8s.)
09:23:05 §6[Sacks] §r§a+1,625§r§e items§r§e.§r§8 (Last 30s.)
09:23:19 §6[Sacks] §r§a+413§r§e items§r§e.§r§8 (Last 13s.)
09:24:02 §6[Sacks] §r§a+11§r§e items§r§e.§r§8 (Last 5s.)
09:25:03 §6[Sacks] §r§a+142§r§e items§r§e.§r§8 (Last 7s.)
09:28:04 §6[Sacks] §r§a+119§r§e items§r§e.§r§8 (Last 9s.)
09:28:15 §6[Sacks] §r§a+12§r§e items§r§e.§r§8 (Last 5s.)
09:28:38 §6[Sacks] §r§a+320§r§e items§r§e.§r§8 (Last 15s.)
09:28:44 §6[Sacks] §r§a+16§r§e items§r§e.§r§8 (Last 5s.)
09:28:56 §6[Sacks] §r§a+1,600§r§e items§r§e, §r§c-1,600§r§e items§r§e.§r§8 (Last 6s.)
09:29:29 §6[Sacks] §r§a+155§r§e items§r§e.§r§8 (Last 12s.)
09:29:46 §6[Sacks] §r§a+23§r§e items§r§e.§r§8 (Last 5s.)
09:30:14 §6[Sacks] §r§a+20§r§e items§r§e.§r§8 (Last 11s.)
09:30:36 §6[Sacks] §r§a+19§r§e items§r§e.§r§8 (Last 8s.)
09:31:05 §6[Sacks] §r§a+24§r§e items§r§e.§r§8 (Last 14s.)
09:31:28 §6[Sacks] §r§a+41§r§e items§r§e.§r§8 (Last 21s.)
09:31:43 §6[Sacks] §r§a+8§r§e items§r§e.§r§8 (Last 7s.)
09:32:15 §6[Sacks] §r§a+86§r§e items§r§e.§r§8 (Last 30s.)
09:32:34 §6[Sacks] §r§a+45§r§e items§r§e.§r§8 (Last 17s.)
09:32:49 §6[Sacks] §r§a+14§r§e items§r§e.§r§8 (Last 7s.)
09:33:09 §6[Sacks] §r§a+27§r§e items§r§e.§r§8 (Last 13s.)
09:33:36 §6[Sacks] §r§a+23§r§e items§r§e.§r§8 (Last 5s.)
09:33:45 §6[Sacks] §r§a+15§r§e items§r§e.§r§8 (Last 5s.)
09:34:27 §6[Sacks] §r§a+190§r§e items§r§e.§r§8 (Last 8s.)
09:34:51 §6[Sacks] §r§a+75§r§e items§r§e.§r§8 (Last 7s.)
09:35:22 §6[Sacks] §r§a+46§r§e items§r§e.§r§8 (Last 5s.)
09:36:12 §6[Sacks] §r§a+12§r§e items§r§e.§r§8 (Last 5s.)
09:39:42 §6[Sacks] §r§a+758§r§e items§r§e.§r§8 (Last 12s.)
09:40:15 §6[Sacks] §r§a+15§r§e items§r§e.§r§8 (Last 5s.)
09:41:29 §6[Sacks] §r§a+23§r§e items§r§e.§r§8 (Last 5s.)
09:41:36 §6[Sacks] §r§a+23§r§e items§r§e.§r§8 (Last 5s.)
09:42:15 §6[Sacks] §r§a+15§r§e items§r§e.§r§8 (Last 5s.)
09:42:42 §6[Sacks] §r§a+23§r§e items§r§e.§r§8 (Last 5s.)
09:43:07 §6[Sacks] §r§a+46§r§e items§r§e.§r§8 (Last 10s.)
09:44:02 §6[Sacks] §r§a+15§r§e items§r§e.§r§8 (Last 5s.)
09:44:09 §6[Sacks] §r§a+15§r§e items§r§e.§r§8 (Last 5s.)
09:44:28 §6[Sacks] §r§a+31§r§e items§r§e.§r§8 (Last 10s.)
09:44:43 §6[Sacks] §r§a+15§r§e items§r§e.§r§8 (Last 5s.)
09:46:13 §6[Sacks] §r§a+35§r§e items§r§e.§r§8 (Last 8s.)
10:15:50 §6[Sacks] §r§a+38§r§e items§r§e.§r§8 (Last 5s.)
10:17:08 §6[Sacks] §r§c-1,536§r§e items§r§e.§r§8 (Last 5s.)
10:17:32 §6[Sacks] §r§a+111§r§e items§r§e, §r§c-11,377§r§e items§r§e.§r§8 (Last 16s.)
10:34:13 §6[Sacks] §r§a+318§r§e items§r§e.§r§8 (Last 17s.)
10:34:27 §6[Sacks] §r§a+72§r§e items§r§e.§r§8 (Last 7s.)
10:38:11 §6[Sacks] §r§a+35§r§e items§r§e.§r§8 (Last 6s.)
10:38:21 §6[Sacks] §r§a+86§r§e items§r§e.§r§8 (Last 8s.)
10:38:37 §6[Sacks] §r§a+39§r§e items§r§e.§r§8 (Last 6s.)
10:39:00 §6[Sacks] §r§a+161§r§e items§r§e.§r§8 (Last 11s.)
10:40:08 §6[Sacks] §r§a+30§r§e items§r§e.§r§8 (Last 6s.)
10:40:26 §6[Sacks] §r§a+249§r§e items§r§e.§r§8 (Last 16s.)
10:41:53 §6[Sacks] §r§a+582§r§e items§r§e.§r§8 (Last 13s.)
10:42:01 §6[Sacks] §r§a+32§r§e items§r§e.§r§8 (Last 5s.)
