20:57:13 §f                                  §6§lBESTIARY
20:57:13 §f                             §b§lSea Witch §7§85 §8➡§b §b6
20:57:13 
20:57:13                                   §r§6§lREWARDS
20:57:13                         §r§8+§r§a3 Sea Witch §r§b✯ Magic Find
20:57:13                          §r§8+§r§a3 Sea Witch §r§c❁ Strength
20:57:13                             §r§8+§r§62% §r§aSea Witch §r§7coins
20:57:13                     §r§8+§r§a50% §r§7chance for extra XP orbs
20:57:13                                §r§8+§r§b1 SkyBlock XP
20:57:13 
20:57:13 §3§l▬▬▬▬▬▬▬▬▬▬▬▬▬▬▬▬▬▬▬▬▬▬▬▬▬▬▬▬▬▬▬▬▬▬▬▬▬▬▬▬▬▬▬▬▬▬▬▬▬▬▬▬▬▬▬▬▬▬▬▬▬▬▬▬
20:58:20 §f                                  §6§lBESTIARY
20:58:20 §f                              §b§lAgarimoo §7§81 §8➡§b §b2
20:58:20 
20:58:20                                   §r§6§lREWARDS
20:58:20                         §r§8+§r§a2 Agarimoo §r§b✯ Magic Find
20:58:20                          §r§8+§r§a2 Agarimoo §r§c❁ Strength
20:58:20                             §r§8+§r§62% §r§aAgarimoo §r§7coins
20:58:20                     §r§8+§r§a50% §r§7chance for extra XP orbs
20:58:20                                §r§8+§r§b1 SkyBlock XP
20:58:20 
20:58:20 §3§l▬▬▬▬▬▬▬▬▬▬▬▬▬▬▬▬▬▬▬▬▬▬▬▬▬▬▬▬▬▬▬▬▬▬▬▬▬▬▬▬▬▬▬▬▬▬▬▬▬▬▬▬▬▬▬▬▬▬▬▬▬▬▬▬
20:59:00 §f                                  §6§lBESTIARY
20:59:00 §f                              §b§lWater Hydra §7§b1
20:59:00 
20:59:00                                   §r§6§lREWARDS
20:59:00                       §r§8+§r§a2 Water Hydra §r§b✯ Magic Find
20:59:00                        §r§8+§r§a2 Water Hydra §r§c❁ Strength
20:59:00                           §r§8+§r§62% §r§aWater Hydra §r§7coins
20:59:00                     §r§8+§r§a50% §r§7chance for extra XP orbs
20:59:00                                §r§8+§r§b1 SkyBlock XP
20:59:00 
20:59:00 §3§l▬▬▬▬▬▬▬▬▬▬▬▬▬▬▬▬▬▬▬▬▬▬▬▬▬▬▬▬▬▬▬▬▬▬▬▬▬▬▬▬▬▬▬▬▬▬▬▬▬▬▬▬▬▬▬▬▬▬▬▬▬▬▬▬
20:59:03 §f                                  §6§lBESTIARY
20:59:03 §f                         §b§lDumpster Diver §7§88 §8➡§b §b9
20:59:03 
20:59:03                                   §r§6§lREWARDS
20:59:03                     §r§8+§r§a3 Dumpster Diver §r§b✯ Magic Find
20:59:03                      §r§8+§r§a3 Dumpster Diver §r§c❁ Strength
20:59:03                         §r§8+§r§62% §r§aDumpster Diver §r§7coins
20:59:03                     §r§8+§r§a50% §r§7chance for extra XP orbs
20:59:03                                §r§8+§r§b1 SkyBlock XP
20:59:03 
20:59:03 §3§l▬▬▬▬▬▬▬▬▬▬▬▬▬▬▬▬▬▬▬▬▬▬▬▬▬▬▬▬▬▬▬▬▬▬▬▬▬▬▬▬▬▬▬▬▬▬▬▬▬▬▬▬▬▬▬▬▬▬▬▬▬▬▬▬
20:59:15 §f                                  §6§lBESTIARY
20:59:15 §f                              §b§lAgarimoo §7§82 §8➡§b §b3
20:59:15 
20:59:15                                   §r§6§lREWARDS
20:59:15                         §r§8+§r§a2 Agarimoo §r§b✯ Magic Find
20:59:15                          §r§8+§r§a2 Agarimoo §r§c❁ Strength
20:59:15                             §r§8+§r§62% §r§aAgarimoo §r§7coins
20:59:15                     §r§8+§r§a50% §r§7chance for extra XP orbs
20:59:15                                §r§8+§r§b1 SkyBlock XP
20:59:15 
20:59:15 §3§l▬▬▬▬▬▬▬▬▬▬▬▬▬▬▬▬▬▬▬▬▬▬▬▬▬▬▬▬▬▬▬▬▬▬▬▬▬▬▬▬▬▬▬▬▬▬▬▬▬▬▬▬▬▬▬▬▬▬▬▬▬▬▬▬
20:59:47 §f                                  §6§lBESTIARY
20:59:47 §f                           §b§lSnapping Turtle §7§b1
20:59:47 
20:59:47                                   §r§6§lREWARDS
20:59:47                     §r§8+§r§a2 Snapping Turtle §r§b✯ Magic Find
20:59:47                      §r§8+§r§a2 Snapping Turtle §r§c❁ Strength
20:59:47                         §r§8+§r§62% §r§aSnapping Turtle §r§7coins
20:59:47                     §r§8+§r§a50% §r§7chance for extra XP orbs
20:59:47                                §r§8+§r§b1 SkyBlock XP
20:59:47 
20:59:47 §3§l▬▬▬▬▬▬▬▬▬▬▬▬▬▬▬▬▬▬▬▬▬▬▬▬▬▬▬▬▬▬▬▬▬▬▬▬▬▬▬▬▬▬▬▬▬▬▬▬▬▬▬▬▬▬▬▬▬▬▬▬▬▬▬▬
20:59:58 §f                                  §6§lBESTIARY
20:59:58 §f                               §b§lCatfish §7§85 §8➡§b §b6
20:59:58 
20:59:58                                   §r§6§lREWARDS
20:59:58                           §r§8+§r§a3 Catfish §r§b✯ Magic Find
20:59:58                           §r§8+§r§a3 Catfish §r§c❁ Strength
20:59:58                               §r§8+§r§62% §r§aCatfish §r§7coins
20:59:58                     §r§8+§r§a50% §r§7chance for extra XP orbs
20:59:58                                §r§8+§r§b1 SkyBlock XP
20:59:58 
20:59:58 §3§l▬▬▬▬▬▬▬▬▬▬▬▬▬▬▬▬▬▬▬▬▬▬▬▬▬▬▬▬▬▬▬▬▬▬▬▬▬▬▬▬▬▬▬▬▬▬▬▬▬▬▬▬▬▬▬▬▬▬▬▬▬▬▬▬
21:00:30 §f                                  §6§lBESTIARY
21:00:30 §f                           §b§lWater Hydra §7§81 §8➡§b §b2
21:00:30 
21:00:30                                   §r§6§lREWARDS
21:00:30                       §r§8+§r§a2 Water Hydra §r§b✯ Magic Find
21:00:30                        §r§8+§r§a2 Water Hydra §r§c❁ Strength
21:00:30                           §r§8+§r§62% §r§aWater Hydra §r§7coins
21:00:30                     §r§8+§r§a50% §r§7chance for extra XP orbs
21:00:30                                §r§8+§r§b1 SkyBlock XP
21:00:30 
21:00:30 §3§l▬▬▬▬▬▬▬▬▬▬▬▬▬▬▬▬▬▬▬▬▬▬▬▬▬▬▬▬▬▬▬▬▬▬▬▬▬▬▬▬▬▬▬▬▬▬▬▬▬▬▬▬▬▬▬▬▬▬▬▬▬▬▬▬
21:00:42 §f                                  §6§lBESTIARY
21:00:42 §f                      §b§lGuardian Defender §7§82 §8➡§b §b3
21:00:42 
21:00:42                                   §r§6§lREWARDS
21:00:42                   §r§8+§r§a2 Guardian Defender §r§b✯ Magic Find
21:00:42                    §r§8+§r§a2 Guardian Defender §r§c❁ Strength
21:00:42                       §r§8+§r§62% §r§aGuardian Defender §r§7coins
21:00:42                     §r§8+§r§a50% §r§7chance for extra XP orbs
21:00:42                                §r§8+§r§b1 SkyBlock XP
21:00:42 
21:00:42 §3§l▬▬▬▬▬▬▬▬▬▬▬▬▬▬▬▬▬▬▬▬▬▬▬▬▬▬▬▬▬▬▬▬▬▬▬▬▬▬▬▬▬▬▬▬▬▬▬▬▬▬▬▬▬▬▬▬▬▬▬▬▬▬▬▬
21:01:07 §f                                  §6§lBESTIARY
21:01:07 §f                              §b§lAgarimoo §7§83 §8➡§b §b4
21:01:07 
21:01:07                                   §r§6§lREWARDS
21:01:07                         §r§8+§r§a2 Agarimoo §r§b✯ Magic Find
21:01:07                          §r§8+§r§a2 Agarimoo §r§c❁ Strength
21:01:07                             §r§8+§r§62% §r§aAgarimoo §r§7coins
21:01:07                     §r§8+§r§a50% §r§7chance for extra XP orbs
21:01:07                                §r§8+§r§b1 SkyBlock XP
21:01:07 
21:01:07   §r§f                         §6§lBESTIARY MILESTONE
21:01:07   §r§f                                    §890➡§e91
21:01:07 §6§lBESTIARY MILESTONE §890➡§e91
21:01:07 §6§lBESTIARY MILESTONE §890➡§e91
21:01:07 §6§lBESTIARY MILESTONE §890➡§e91
21:01:07 §6§lBESTIARY MILESTONE §890➡§e91
21:01:07 
21:01:50 §f                                  §6§lBESTIARY
21:01:50 §f                          §b§lBayou Sludge §7§85 §8➡§b §b6
21:01:50 
21:01:50                                   §r§6§lREWARDS
21:01:50                       §r§8+§r§a3 Bayou Sludge §r§b✯ Magic Find
21:01:50                       §r§8+§r§a3 Bayou Sludge §r§c❁ Strength
21:01:50                           §r§8+§r§62% §r§aBayou Sludge §r§7coins
21:01:50                     §r§8+§r§a50% §r§7chance for extra XP orbs
21:01:50                                §r§8+§r§b1 SkyBlock XP
21:01:50 
21:01:50 §3§l▬▬▬▬▬▬▬▬▬▬▬▬▬▬▬▬▬▬▬▬▬▬▬▬▬▬▬▬▬▬▬▬▬▬▬▬▬▬▬▬▬▬▬▬▬▬▬▬▬▬▬▬▬▬▬▬▬▬▬▬▬▬▬▬
21:04:09 §f                                  §6§lBESTIARY
21:04:09 §f                              §b§lAgarimoo §7§84 §8➡§b §b5
21:04:09 
21:04:09                                   §r§6§lREWARDS
21:04:09                         §r§8+§r§a2 Agarimoo §r§b✯ Magic Find
21:04:09                          §r§8+§r§a2 Agarimoo §r§c❁ Strength
21:04:09                             §r§8+§r§62% §r§aAgarimoo §r§7coins
21:04:09                     §r§8+§r§a50% §r§7chance for extra XP orbs
21:04:09                                §r§8+§r§b1 SkyBlock XP
21:04:09 
21:04:09 §3§l▬▬▬▬▬▬▬▬▬▬▬▬▬▬▬▬▬▬▬▬▬▬▬▬▬▬▬▬▬▬▬▬▬▬▬▬▬▬▬▬▬▬▬▬▬▬▬▬▬▬▬▬▬▬▬▬▬▬▬▬▬▬▬▬
21:04:46 §f                                  §6§lBESTIARY
21:04:46 §f                         §b§lTrash Gobbler §7§89 §8➡§b §b10
21:04:46 
21:04:46                                   §r§6§lREWARDS
21:04:46                      §r§8+§r§a3 Trash Gobbler §r§b✯ Magic Find
21:04:46                       §r§8+§r§a3 Trash Gobbler §r§c❁ Strength
21:04:46                          §r§8+§r§62% §r§aTrash Gobbler §r§7coins
21:04:46                     §r§8+§r§a50% §r§7chance for extra XP orbs
21:04:46                                §r§8+§r§b1 SkyBlock XP
21:04:46 
21:04:46 §3§l▬▬▬▬▬▬▬▬▬▬▬▬▬▬▬▬▬▬▬▬▬▬▬▬▬▬▬▬▬▬▬▬▬▬▬▬▬▬▬▬▬▬▬▬▬▬▬▬▬▬▬▬▬▬▬▬▬▬▬▬▬▬▬▬
21:05:25 §f                                  §6§lBESTIARY
21:05:25 §f                                §b§lFrog Man §7§b1
21:05:25 
21:05:25                                   §r§6§lREWARDS
21:05:25                         §r§8+§r§a2 Frog Man §r§b✯ Magic Find
21:05:25                          §r§8+§r§a2 Frog Man §r§c❁ Strength
21:05:25                             §r§8+§r§62% §r§aFrog Man §r§7coins
21:05:25                     §r§8+§r§a50% §r§7chance for extra XP orbs
21:05:25                                §r§8+§r§b1 SkyBlock XP
21:05:25 
21:05:25 §3§l▬▬▬▬▬▬▬▬▬▬▬▬▬▬▬▬▬▬▬▬▬▬▬▬▬▬▬▬▬▬▬▬▬▬▬▬▬▬▬▬▬▬▬▬▬▬▬▬▬▬▬▬▬▬▬▬▬▬▬▬▬▬▬▬
21:06:10 §f                                  §6§lBESTIARY
21:06:10 §f                       §b§lRider of the Deep §7§85 §8➡§b §b6
21:06:10 
21:06:10                                   §r§6§lREWARDS
21:06:10                    §r§8+§r§a3 Rider of the Deep §r§b✯ Magic Find
21:06:10                     §r§8+§r§a3 Rider of the Deep §r§c❁ Strength
21:06:10                        §r§8+§r§62% §r§aRider of the Deep §r§7coins
21:06:10                     §r§8+§r§a50% §r§7chance for extra XP orbs
21:06:10                                §r§8+§r§b1 SkyBlock XP
21:06:10 
21:06:10 §3§l▬▬▬▬▬▬▬▬▬▬▬▬▬▬▬▬▬▬▬▬▬▬▬▬▬▬▬▬▬▬▬▬▬▬▬▬▬▬▬▬▬▬▬▬▬▬▬▬▬▬▬▬▬▬▬▬▬▬▬▬▬▬▬▬
21:06:35 §f                                  §6§lBESTIARY
21:06:35 §f                              §b§lBanshee §7§87 §8➡§b §b8
21:06:35 
21:06:35                                   §r§6§lREWARDS
21:06:35                          §r§8+§r§a3 Banshee §r§b✯ Magic Find
21:06:35                          §r§8+§r§a3 Banshee §r§c❁ Strength
21:06:35                              §r§8+§r§62% §r§aBanshee §r§7coins
21:06:35                     §r§8+§r§a50% §r§7chance for extra XP orbs
21:06:35                                §r§8+§r§b1 SkyBlock XP
21:06:35 
21:06:35 §3§l▬▬▬▬▬▬▬▬▬▬▬▬▬▬▬▬▬▬▬▬▬▬▬▬▬▬▬▬▬▬▬▬▬▬▬▬▬▬▬▬▬▬▬▬▬▬▬▬▬▬▬▬▬▬▬▬▬▬▬▬▬▬▬▬
21:26:58 §f                                  §6§lBESTIARY
21:26:58 §f                            §b§lMagma Cube §7§87 §8➡§b §b8
21:26:58 
21:26:58                                   §r§6§lREWARDS
21:26:58                        §r§8+§r§a3 Magma Cube §r§b✯ Magic Find
21:26:58                        §r§8+§r§a3 Magma Cube §r§c❁ Strength
21:26:58                            §r§8+§r§62% §r§aMagma Cube §r§7coins
21:26:58                     §r§8+§r§a50% §r§7chance for extra XP orbs
21:26:58                                §r§8+§r§b1 SkyBlock XP
21:26:58 
21:26:58 §3§l▬▬▬▬▬▬▬▬▬▬▬▬▬▬▬▬▬▬▬▬▬▬▬▬▬▬▬▬▬▬▬▬▬▬▬▬▬▬▬▬▬▬▬▬▬▬▬▬▬▬▬▬▬▬▬▬▬▬▬▬▬▬▬▬
21:38:00 §f                                  §6§lBESTIARY
21:38:00 §f                            §b§lMagma Cube §7§88 §8➡§b §b9
21:38:00 
21:38:00                                   §r§6§lREWARDS
21:38:00                        §r§8+§r§a3 Magma Cube §r§b✯ Magic Find
21:38:00                        §r§8+§r§a3 Magma Cube §r§c❁ Strength
21:38:00                            §r§8+§r§62% §r§aMagma Cube §r§7coins
21:38:00                     §r§8+§r§a50% §r§7chance for extra XP orbs
21:38:00                                §r§8+§r§b1 SkyBlock XP
21:38:00 
21:38:00 §3§l▬▬▬▬▬▬▬▬▬▬▬▬▬▬▬▬▬▬▬▬▬▬▬▬▬▬▬▬▬▬▬▬▬▬▬▬▬▬▬▬▬▬▬▬▬▬▬▬▬▬▬▬▬▬▬▬▬▬▬▬▬▬▬▬
21:42:55 §f                                  §6§lBESTIARY
21:42:55 §f                                  §b§lMatcho §7§b1
21:42:55 
21:42:55                                   §r§6§lREWARDS
21:42:55                           §r§8+§r§a2 Matcho §r§b✯ Magic Find
21:42:55                           §r§8+§r§a2 Matcho §r§c❁ Strength
21:42:55                               §r§8+§r§62% §r§aMatcho §r§7coins
21:42:55                     §r§8+§r§a50% §r§7chance for extra XP orbs
21:42:55                                §r§8+§r§b1 SkyBlock XP
21:42:55 
21:42:55 §3§l▬▬▬▬▬▬▬▬▬▬▬▬▬▬▬▬▬▬▬▬▬▬▬▬▬▬▬▬▬▬▬▬▬▬▬▬▬▬▬▬▬▬▬▬▬▬▬▬▬▬▬▬▬▬▬▬▬▬▬▬▬▬▬▬
22:00:23 §f                                  §6§lBESTIARY
22:00:23 §f                           §b§lMagma Cube §7§89 §8➡§b §b10
22:00:23 
22:00:23                                   §r§6§lREWARDS
22:00:23                        §r§8+§r§a3 Magma Cube §r§b✯ Magic Find
22:00:23                        §r§8+§r§a3 Magma Cube §r§c❁ Strength
22:00:23                            §r§8+§r§62% §r§aMagma Cube §r§7coins
22:00:23                     §r§8+§r§a50% §r§7chance for extra XP orbs
22:00:23                                §r§8+§r§b1 SkyBlock XP
22:00:23 
22:00:23   §r§f                         §6§lBESTIARY MILESTONE
22:00:23   §r§f                                    §891➡§e92
22:00:23 §6§lBESTIARY MILESTONE §891➡§e92
22:00:23 §6§lBESTIARY MILESTONE §891➡§e92
22:00:23 §6§lBESTIARY MILESTONE §891➡§e92
22:00:23 §6§lBESTIARY MILESTONE §891➡§e92
22:00:23 
22:14:58 §f                                  §6§lBESTIARY
22:14:58 §f                               §b§lMatcho §7§81 §8➡§b §b2
22:14:58 
22:14:58                                   §r§6§lREWARDS
22:14:58                           §r§8+§r§a2 Matcho §r§b✯ Magic Find
22:14:58                           §r§8+§r§a2 Matcho §r§c❁ Strength
22:14:58                               §r§8+§r§62% §r§aMatcho §r§7coins
22:14:58                     §r§8+§r§a50% §r§7chance for extra XP orbs
22:14:58                                §r§8+§r§b1 SkyBlock XP
22:14:58 
22:14:58 §3§l▬▬▬▬▬▬▬▬▬▬▬▬▬▬▬▬▬▬▬▬▬▬▬▬▬▬▬▬▬▬▬▬▬▬▬▬▬▬▬▬▬▬▬▬▬▬▬▬▬▬▬▬▬▬▬▬▬▬▬▬▬▬▬▬
23:18:12 §f                                  §6§lBESTIARY
23:18:12 §f                               §b§lSpider §7§82 §8➡§b §b3
23:18:12 
23:18:12                                   §r§6§lREWARDS
23:18:12                           §r§8+§r§a2 Spider §r§b✯ Magic Find
23:18:12                            §r§8+§r§a2 Spider §r§c❁ Strength
23:18:12                               §r§8+§r§62% §r§aSpider §r§7coins
23:18:12                     §r§8+§r§a50% §r§7chance for extra XP orbs
23:18:12                                §r§8+§r§b1 SkyBlock XP
23:18:12 
23:18:12 §3§l▬▬▬▬▬▬▬▬▬▬▬▬▬▬▬▬▬▬▬▬▬▬▬▬▬▬▬▬▬▬▬▬▬▬▬▬▬▬▬▬▬▬▬▬▬▬▬▬▬▬▬▬▬▬▬▬▬▬▬▬▬▬▬▬
23:18:13 §f                                  §6§lBESTIARY
23:18:13 §f                              §b§lSkeleton §7§82 §8➡§b §b3
23:18:13 
23:18:13                                   §r§6§lREWARDS
23:18:13                          §r§8+§r§a2 Skeleton §r§b✯ Magic Find
23:18:13                          §r§8+§r§a2 Skeleton §r§c❁ Strength
23:18:13                              §r§8+§r§62% §r§aSkeleton §r§7coins
23:18:13                     §r§8+§r§a50% §r§7chance for extra XP orbs
23:18:13                                §r§8+§r§b1 SkyBlock XP
23:18:13 
23:18:13 §3§l▬▬▬▬▬▬▬▬▬▬▬▬▬▬▬▬▬▬▬▬▬▬▬▬▬▬▬▬▬▬▬▬▬▬▬▬▬▬▬▬▬▬▬▬▬▬▬▬▬▬▬▬▬▬▬▬▬▬▬▬▬▬▬▬
23:31:11 §f                                  §6§lBESTIARY
23:31:11 §f                             §b§lMushroom Cow §7§b1
23:31:11 
23:31:11                                   §r§6§lREWARDS
23:31:11                      §r§8+§r§a2 Mushroom Cow §r§b✯ Magic Find
23:31:11                       §r§8+§r§a2 Mushroom Cow §r§c❁ Strength
23:31:11                          §r§8+§r§62% §r§aMushroom Cow §r§7coins
23:31:11                     §r§8+§r§a50% §r§7chance for extra XP orbs
23:31:11                                §r§8+§r§b1 SkyBlock XP
23:31:11 
23:31:12 §3§l▬▬▬▬▬▬▬▬▬▬▬▬▬▬▬▬▬▬▬▬▬▬▬▬▬▬▬▬▬▬▬▬▬▬▬▬▬▬▬▬▬▬▬▬▬▬▬▬▬▬▬▬▬▬▬▬▬▬▬▬▬▬▬▬
23:32:30 §f                                  §6§lBESTIARY
23:32:30 §f                          §b§lMushroom Cow §7§81 §8➡§b §b2
23:32:30 
23:32:30                                   §r§6§lREWARDS
23:32:30                      §r§8+§r§a2 Mushroom Cow §r§b✯ Magic Find
23:32:30                       §r§8+§r§a2 Mushroom Cow §r§c❁ Strength
23:32:30                          §r§8+§r§62% §r§aMushroom Cow §r§7coins
23:32:30                     §r§8+§r§a50% §r§7chance for extra XP orbs
23:32:30                                §r§8+§r§b1 SkyBlock XP
23:32:30 
23:32:30 §3§l▬▬▬▬▬▬▬▬▬▬▬▬▬▬▬▬▬▬▬▬▬▬▬▬▬▬▬▬▬▬▬▬▬▬▬▬▬▬▬▬▬▬▬▬▬▬▬▬▬▬▬▬▬▬▬▬▬▬▬▬▬▬▬▬
23:33:50 §f                                  §6§lBESTIARY
23:33:50 §f                          §b§lMushroom Cow §7§82 §8➡§b §b3
23:33:50 
23:33:50                                   §r§6§lREWARDS
23:33:50                      §r§8+§r§a2 Mushroom Cow §r§b✯ Magic Find
23:33:50                       §r§8+§r§a2 Mushroom Cow §r§c❁ Strength
23:33:50                          §r§8+§r§62% §r§aMushroom Cow §r§7coins
23:33:50                     §r§8+§r§a50% §r§7chance for extra XP orbs
23:33:50                                §r§8+§r§b1 SkyBlock XP
23:33:50 
23:33:50 §3§l▬▬▬▬▬▬▬▬▬▬▬▬▬▬▬▬▬▬▬▬▬▬▬▬▬▬▬▬▬▬▬▬▬▬▬▬▬▬▬▬▬▬▬▬▬▬▬▬▬▬▬▬▬▬▬▬▬▬▬▬▬▬▬▬
23:36:57 §f                                  §6§lBESTIARY
23:36:57 §f                          §b§lMushroom Cow §7§83 §8➡§b §b4
23:36:57 
23:36:57                                   §r§6§lREWARDS
23:36:57                      §r§8+§r§a2 Mushroom Cow §r§b✯ Magic Find
23:36:57                       §r§8+§r§a2 Mushroom Cow §r§c❁ Strength
23:36:57                          §r§8+§r§62% §r§aMushroom Cow §r§7coins
23:36:57                     §r§8+§r§a50% §r§7chance for extra XP orbs
23:36:57                                §r§8+§r§b1 SkyBlock XP
23:36:57 
23:36:57 §3§l▬▬▬▬▬▬▬▬▬▬▬▬▬▬▬▬▬▬▬▬▬▬▬▬▬▬▬▬▬▬▬▬▬▬▬▬▬▬▬▬▬▬▬▬▬▬▬▬▬▬▬▬▬▬▬▬▬▬▬▬▬▬▬▬
23:46:59 §f                                  §6§lBESTIARY
23:46:59 §f                          §b§lMushroom Cow §7§84 §8➡§b §b5
23:46:59 
23:46:59                                   §r§6§lREWARDS
23:46:59                      §r§8+§r§a2 Mushroom Cow §r§b✯ Magic Find
23:46:59                       §r§8+§r§a2 Mushroom Cow §r§c❁ Strength
23:46:59                          §r§8+§r§62% §r§aMushroom Cow §r§7coins
23:46:59                     §r§8+§r§a50% §r§7chance for extra XP orbs
23:46:59                                §r§8+§r§b1 SkyBlock XP
23:46:59 
23:46:59 §3§l▬▬▬▬▬▬▬▬▬▬▬▬▬▬▬▬▬▬▬▬▬▬▬▬▬▬▬▬▬▬▬▬▬▬▬▬▬▬▬▬▬▬▬▬▬▬▬▬▬▬▬▬▬▬▬▬▬▬▬▬▬▬▬▬
23:54:21 §f                                  §6§lBESTIARY
23:54:21 §f                       §b§lSoul of the Alpha §7§81 §8➡§b §b2
23:54:21 
23:54:21                                   §r§6§lREWARDS
23:54:21                    §r§8+§r§a2 §r§3Soul of the Alpha §r§b✯ Magic Find
23:54:21                     §r§8+§r§a2 §r§3Soul of the Alpha §r§c❁ Strength
23:54:21                        §r§8+§r§62% §r§a§r§3Soul of the Alpha §r§7coins
23:54:21                     §r§8+§r§a50% §r§7chance for extra XP orbs
23:54:21                                §r§8+§r§b1 SkyBlock XP
23:54:21 
23:54:21 §3§l▬▬▬▬▬▬▬▬▬▬▬▬▬▬▬▬▬▬▬▬▬▬▬▬▬▬▬▬▬▬▬▬▬▬▬▬▬▬▬▬▬▬▬▬▬▬▬▬▬▬▬▬▬▬▬▬▬▬▬▬▬▬▬▬
23:54:40 §f                                  §6§lBESTIARY
23:54:40 §f                          §b§lHowling Spirit §7§83 §8➡§b §b4
23:54:40 
23:54:40                                   §r§6§lREWARDS
23:54:40                       §r§8+§r§a2 §r§bHowling Spirit §r§b✯ Magic Find
23:54:40                        §r§8+§r§a2 §r§bHowling Spirit §r§c❁ Strength
23:54:40                           §r§8+§r§62% §r§a§r§bHowling Spirit §r§7coins
23:54:40                     §r§8+§r§a50% §r§7chance for extra XP orbs
23:54:40                                §r§8+§r§b1 SkyBlock XP
23:54:40 
23:54:40   §r§f                         §6§lBESTIARY MILESTONE
23:54:40   §r§f                                    §892➡§e93
23:54:40 §6§lBESTIARY MILESTONE §892➡§e93
23:54:40 §6§lBESTIARY MILESTONE §892➡§e93
23:54:40 §6§lBESTIARY MILESTONE §892➡§e93
23:54:40 §6§lBESTIARY MILESTONE §892➡§e93
23:54:40 
23:55:00 §f                                  §6§lBESTIARY
23:55:00 §f                            §b§lPack Spirit §7§84 §8➡§b §b5
23:55:00 
23:55:00                                   §r§6§lREWARDS
23:55:00                        §r§8+§r§a2 §r§bPack Spirit §r§b✯ Magic Find
23:55:00                         §r§8+§r§a2 §r§bPack Spirit §r§c❁ Strength
23:55:00                            §r§8+§r§62% §r§a§r§bPack Spirit §r§7coins
23:55:00                     §r§8+§r§a50% §r§7chance for extra XP orbs
23:55:00                                §r§8+§r§b1 SkyBlock XP
23:55:00 
23:55:00 §3§l▬▬▬▬▬▬▬▬▬▬▬▬▬▬▬▬▬▬▬▬▬▬▬▬▬▬▬▬▬▬▬▬▬▬▬▬▬▬▬▬▬▬▬▬▬▬▬▬▬▬▬▬▬▬▬▬▬▬▬▬▬▬▬▬
23:55:15 §f                                  §6§lBESTIARY
23:55:15 §f                       §b§lSoul of the Alpha §7§82 §8➡§b §b3
23:55:15 
23:55:15                                   §r§6§lREWARDS
23:55:15                    §r§8+§r§a2 §r§3Soul of the Alpha §r§b✯ Magic Find
23:55:15                     §r§8+§r§a2 §r§3Soul of the Alpha §r§c❁ Strength
23:55:15                        §r§8+§r§62% §r§a§r§3Soul of the Alpha §r§7coins
23:55:15                     §r§8+§r§a50% §r§7chance for extra XP orbs
23:55:15                                §r§8+§r§b1 SkyBlock XP
23:55:15 
23:55:15 §3§l▬▬▬▬▬▬▬▬▬▬▬▬▬▬▬▬▬▬▬▬▬▬▬▬▬▬▬▬▬▬▬▬▬▬▬▬▬▬▬▬▬▬▬▬▬▬▬▬▬▬▬▬▬▬▬▬▬▬▬▬▬▬▬▬
23:56:46 §f                                  §6§lBESTIARY
23:56:46 §f                       §b§lSoul of the Alpha §7§83 §8➡§b §b4
23:56:46 
23:56:46                                   §r§6§lREWARDS
23:56:46                    §r§8+§r§a2 §r§3Soul of the Alpha §r§b✯ Magic Find
23:56:46                     §r§8+§r§a2 §r§3Soul of the Alpha §r§c❁ Strength
23:56:46                        §r§8+§r§62% §r§a§r§3Soul of the Alpha §r§7coins
23:56:46                     §r§8+§r§a50% §r§7chance for extra XP orbs
23:56:46                                §r§8+§r§b1 SkyBlock XP
23:56:46 
23:56:46 §3§l▬▬▬▬▬▬▬▬▬▬▬▬▬▬▬▬▬▬▬▬▬▬▬▬▬▬▬▬▬▬▬▬▬▬▬▬▬▬▬▬▬▬▬▬▬▬▬▬▬▬▬▬▬▬▬▬▬▬▬▬▬▬▬▬
23:56:47 §f                                  §6§lBESTIARY
23:56:47 §f                          §b§lHowling Spirit §7§84 §8➡§b §b5
23:56:47 
23:56:47                                   §r§6§lREWARDS
23:56:47                       §r§8+§r§a2 §r§bHowling Spirit §r§b✯ Magic Find
23:56:47                        §r§8+§r§a2 §r§bHowling Spirit §r§c❁ Strength
23:56:47                           §r§8+§r§62% §r§a§r§bHowling Spirit §r§7coins
23:56:47                     §r§8+§r§a50% §r§7chance for extra XP orbs
23:56:47                                §r§8+§r§b1 SkyBlock XP
23:56:47 
23:56:47 §3§l▬▬▬▬▬▬▬▬▬▬▬▬▬▬▬▬▬▬▬▬▬▬▬▬▬▬▬▬▬▬▬▬▬▬▬▬▬▬▬▬▬▬▬▬▬▬▬▬▬▬▬▬▬▬▬▬▬▬▬▬▬▬▬▬
23:57:12 §f                                  §6§lBESTIARY
23:57:12 §f                            §b§lPack Spirit §7§85 §8➡§b §b6
23:57:12 
23:57:12                                   §r§6§lREWARDS
23:57:12                        §r§8+§r§a3 §r§bPack Spirit §r§b✯ Magic Find
23:57:12                         §r§8+§r§a3 §r§bPack Spirit §r§c❁ Strength
23:57:12                            §r§8+§r§62% §r§a§r§bPack Spirit §r§7coins
23:57:12                     §r§8+§r§a50% §r§7chance for extra XP orbs
23:57:12                                §r§8+§r§b1 SkyBlock XP
23:57:12 
23:57:12 §3§l▬▬▬▬▬▬▬▬▬▬▬▬▬▬▬▬▬▬▬▬▬▬▬▬▬▬▬▬▬▬▬▬▬▬▬▬▬▬▬▬▬▬▬▬▬▬▬▬▬▬▬▬▬▬▬▬▬▬▬▬▬▬▬▬
23:58:37 §f                                  §6§lBESTIARY
23:58:37 §f                       §b§lSoul of the Alpha §7§84 §8➡§b §b5
23:58:37 
23:58:37                                   §r§6§lREWARDS
23:58:37                    §r§8+§r§a2 §r§3Soul of the Alpha §r§b✯ Magic Find
23:58:37                     §r§8+§r§a2 §r§3Soul of the Alpha §r§c❁ Strength
23:58:37                        §r§8+§r§62% §r§a§r§3Soul of the Alpha §r§7coins
23:58:37                     §r§8+§r§a50% §r§7chance for extra XP orbs
23:58:37                                §r§8+§r§b1 SkyBlock XP
23:58:37 
23:58:37 §3§l▬▬▬▬▬▬▬▬▬▬▬▬▬▬▬▬▬▬▬▬▬▬▬▬▬▬▬▬▬▬▬▬▬▬▬▬▬▬▬▬▬▬▬▬▬▬▬▬▬▬▬▬▬▬▬▬▬▬▬▬▬▬▬▬
00:00:35 §f                                  §6§lBESTIARY
00:00:35 §f                          §b§lHowling Spirit §7§85 §8➡§b §b6
00:00:35 
00:00:35                                   §r§6§lREWARDS
00:00:35                       §r§8+§r§a3 §r§bHowling Spirit §r§b✯ Magic Find
00:00:35                        §r§8+§r§a3 §r§bHowling Spirit §r§c❁ Strength
00:00:35                           §r§8+§r§62% §r§a§r§bHowling Spirit §r§7coins
00:00:35                     §r§8+§r§a50% §r§7chance for extra XP orbs
00:00:35 §e[SkyHanni] Low on arrows §e(87 left)
00:00:35                                §r§8+§r§b1 SkyBlock XP
00:00:35 
00:00:35 §3§l▬▬▬▬▬▬▬▬▬▬▬▬▬▬▬▬▬▬▬▬▬▬▬▬▬▬▬▬▬▬▬▬▬▬▬▬▬▬▬▬▬▬▬▬▬▬▬▬▬▬▬▬▬▬▬▬▬▬▬▬▬▬▬▬
00:00:53 §f                                  §6§lBESTIARY
00:00:53 §f                       §b§lSoul of the Alpha §7§85 §8➡§b §b6
00:00:53 
00:00:53                                   §r§6§lREWARDS
00:00:53                    §r§8+§r§a3 §r§3Soul of the Alpha §r§b✯ Magic Find
00:00:53                     §r§8+§r§a3 §r§3Soul of the Alpha §r§c❁ Strength
00:00:53                        §r§8+§r§62% §r§a§r§3Soul of the Alpha §r§7coins
00:00:53                     §r§8+§r§a50% §r§7chance for extra XP orbs
00:00:53                                §r§8+§r§b1 SkyBlock XP
00:00:53 
00:00:53 §3§l▬▬▬▬▬▬▬▬▬▬▬▬▬▬▬▬▬▬▬▬▬▬▬▬▬▬▬▬▬▬▬▬▬▬▬▬▬▬▬▬▬▬▬▬▬▬▬▬▬▬▬▬▬▬▬▬▬▬▬▬▬▬▬▬
00:01:31 §f                                  §6§lBESTIARY
00:01:31 §f                            §b§lPack Spirit §7§86 §8➡§b §b7
00:01:31 
00:01:31                                   §r§6§lREWARDS
00:01:31                        §r§8+§r§a3 §r§bPack Spirit §r§b✯ Magic Find
00:01:31                         §r§8+§r§a3 §r§bPack Spirit §r§c❁ Strength
00:01:31                            §r§8+§r§62% §r§a§r§bPack Spirit §r§7coins
00:01:31                     §r§8+§r§a50% §r§7chance for extra XP orbs
00:01:31                                §r§8+§r§b1 SkyBlock XP
00:01:31 
00:01:31 §3§l▬▬▬▬▬▬▬▬▬▬▬▬▬▬▬▬▬▬▬▬▬▬▬▬▬▬▬▬▬▬▬▬▬▬▬▬▬▬▬▬▬▬▬▬▬▬▬▬▬▬▬▬▬▬▬▬▬▬▬▬▬▬▬▬
00:02:59 §f                                  §6§lBESTIARY
00:02:59 §f                       §b§lSoul of the Alpha §7§86 §8➡§b §b7
00:02:59 
00:02:59                                   §r§6§lREWARDS
00:02:59                    §r§8+§r§a3 §r§3Soul of the Alpha §r§b✯ Magic Find
00:02:59                     §r§8+§r§a3 §r§3Soul of the Alpha §r§c❁ Strength
00:02:59                        §r§8+§r§62% §r§a§r§3Soul of the Alpha §r§7coins
00:02:59                     §r§8+§r§a50% §r§7chance for extra XP orbs
00:02:59                                §r§8+§r§b1 SkyBlock XP
00:02:59 
00:02:59   §r§f                         §6§lBESTIARY MILESTONE
00:02:59   §r§f                                    §893➡§e94
00:02:59 §6§lBESTIARY MILESTONE §893➡§e94
00:02:59 §6§lBESTIARY MILESTONE §893➡§e94
00:02:59 §6§lBESTIARY MILESTONE §893➡§e94
00:02:59 §6§lBESTIARY MILESTONE §893➡§e94
00:02:59 
