20:50:35 §f §r§r§r§f §r§r§r§1 §r§r§r§0 §r§r§r§2 §r§r§r§f §r§r§r§f §r§r§r§2 §r§r§r§0 §r§r§r§4 §r§r§r§3 §r§r§r§9 §r§r§r§2 §r§r§r§0 §r§r§r§0 §r§r§r§3 §r§r§r§9 §r§r§r§2 §r§r§r§0 §r§r§r§0 §r§r§r§3 §r§r§r§9 §r§r§r§2 §r§r§r§0 §r§r§r§0 
20:50:54 §8 §r§8 §r§1 §r§3 §r§3 §r§7 §r§8 
20:50:55  
20:50:55   
20:50:56 
20:50:56 
20:51:03  
20:51:03  
20:51:03  
20:51:03 
20:51:06 §8 §r§8 §r§1 §r§3 §r§3 §r§7 §r§8 
20:56:59 §8 §r§8 §r§1 §r§3 §r§3 §r§7 §r§8 
20:57:13  
20:58:20  
20:59:00  
20:59:03  
20:59:15  
20:59:47  
20:59:58  
21:00:30  
21:00:42  
21:01:07  
21:01:47 
21:01:47 §c
21:01:50  
21:04:09  
21:04:46  
21:05:25  
21:06:10  
21:06:35  
21:06:53 §8 §r§8 §r§1 §r§3 §r§3 §r§7 §r§8 
21:06:54  
21:06:54   
21:06:59  
21:06:59  
21:06:59  
21:10:46 §f §r§r§r§f §r§r§r§1 §r§r§r§0 §r§r§r§2 §r§r§r§f §r§r§r§f §r§r§r§2 §r§r§r§0 §r§r§r§4 §r§r§r§3 §r§r§r§9 §r§r§r§2 §r§r§r§0 §r§r§r§0 §r§r§r§3 §r§r§r§9 §r§r§r§2 §r§r§r§0 §r§r§r§0 §r§r§r§3 §r§r§r§9 §r§r§r§2 §r§r§r§0 §r§r§r§0 
21:10:49 §8 §r§8 §r§1 §r§3 §r§3 §r§7 §r§8 
21:10:51 
21:10:51 
21:11:06 §8 §r§8 §r§1 §r§3 §r§3 §r§7 §r§8 
21:11:47 §8 §r§8 §r§1 §r§3 §r§3 §r§7 §r§8 
21:14:36 §8 §r§8 §r§1 §r§3 §r§3 §r§7 §r§8 
21:14:50 §8 §r§8 §r§1 §r§3 §r§3 §r§7 §r§8 
21:17:50 §8 §r§8 §r§1 §r§3 §r§3 §r§7 §r§8 
21:17:53 §8 §r§8 §r§1 §r§3 §r§3 §r§7 §r§8 
21:26:58  
21:38:00  
21:39:19 
21:42:55  
21:45:54 §8 §r§8 §r§1 §r§3 §r§3 §r§7 §r§8 
21:45:56 
21:46:17 §8 §r§8 §r§1 §r§3 §r§3 §r§7 §r§8 
21:49:34 §8 §r§8 §r§1 §r§3 §r§3 §r§7 §r§8 
21:49:48 §8 §r§8 §r§1 §r§3 §r§3 §r§7 §r§8 
21:50:19 §8 §r§8 §r§1 §r§3 §r§3 §r§7 §r§8 
21:55:27 §8 §r§8 §r§1 §r§3 §r§3 §r§7 §r§8 
21:55:42 §8 §r§8 §r§1 §r§3 §r§3 §r§7 §r§8 
21:55:50 §8 §r§8 §r§1 §r§3 §r§3 §r§7 §r§8 
21:56:01  
21:56:01  
21:56:01  
21:56:23 §8 §r§8 §r§1 §r§3 §r§3 §r§7 §r§8 
21:56:27 §8 §r§8 §r§1 §r§3 §r§3 §r§7 §r§8 
22:00:23  
22:14:58  
22:19:10 §8 §r§8 §r§1 §r§3 §r§3 §r§7 §r§8 
22:19:11  
22:19:11   
22:19:16  
22:19:16  
22:19:16  
22:41:53 
22:41:53 
22:41:53 
22:41:53 
22:45:20 
22:45:20 
22:46:04 
22:46:04 
22:46:04 
22:46:04 
22:53:36 
22:53:39 
22:53:42 
22:53:53 
22:53:58 
22:54:00 
22:54:03 
22:54:05 
22:54:09 
22:54:15 
22:54:21 
22:54:24 
22:54:28 
22:54:30 
22:54:32 
22:54:34 
22:54:35 
22:54:36 
22:54:37 
22:56:07 §8 §r§8 §r§1 §r§3 §r§3 §r§7 §r§8 
23:01:47 
23:01:47 §c
23:02:05 §8 §r§8 §r§1 §r§3 §r§3 §r§7 §r§8 
23:04:04 §8 §r§8 §r§1 §r§3 §r§3 §r§7 §r§8 
23:04:47 §8 §r§8 §r§1 §r§3 §r§3 §r§7 §r§8 
23:04:58 §8 §r§8 §r§1 §r§3 §r§3 §r§7 §r§8 
23:06:26 §8 §r§8 §r§1 §r§3 §r§3 §r§7 §r§8 
23:06:52 §8 §r§8 §r§1 §r§3 §r§3 §r§7 §r§8 
23:07:17 §8 §r§8 §r§1 §r§3 §r§3 §r§7 §r§8 
23:08:22 
23:08:22 
23:08:22 
23:08:22 
23:09:40 
23:09:40 
23:09:40 
23:09:40 
23:11:08 
23:11:08 
23:11:08 
23:11:08 
23:12:25 
23:12:25 
23:12:25 
23:12:25 
23:13:55 
23:13:55 
23:13:55 
23:13:55 
23:15:16 
23:15:16 
23:15:16 
23:15:16 
23:17:12 
23:17:12 
23:17:12 
23:17:12 
23:17:55 §8 §r§8 §r§1 §r§3 §r§3 §r§7 §r§8 
23:18:00 
23:18:11  
23:18:13  
23:19:00 
23:20:25 
23:22:50 §8 §r§8 §r§1 §r§3 §r§3 §r§7 §r§8 
23:23:15 §8 §r§8 §r§1 §r§3 §r§3 §r§7 §r§8 
23:24:08 
23:24:29 §8 §r§8 §r§1 §r§3 §r§3 §r§7 §r§8 
23:24:38 §8 §r§8 §r§1 §r§3 §r§3 §r§7 §r§8 
23:25:01 §8 §r§8 §r§1 §r§3 §r§3 §r§7 §r§8 
23:25:50 §8 §r§8 §r§1 §r§3 §r§3 §r§7 §r§8 
23:26:09 §8 §r§8 §r§1 §r§3 §r§3 §r§7 §r§8 
23:26:48 §8 §r§8 §r§1 §r§3 §r§3 §r§7 §r§8 
23:28:29 
23:28:29 
23:28:29 
23:28:29 
23:28:52 §8 §r§8 §r§1 §r§3 §r§3 §r§7 §r§8 
23:29:15 §8 §r§8 §r§1 §r§3 §r§3 §r§7 §r§8 
23:31:11  
23:32:30  
23:33:50  
23:36:57  
23:37:02 
23:39:55 
23:39:55 
23:39:55 
23:41:57 
23:46:59  
23:52:18 §8 §r§8 §r§1 §r§3 §r§3 §r§7 §r§8 
23:52:19 
23:52:35 §8 §r§8 §r§1 §r§3 §r§3 §r§7 §r§8 
23:53:16 §8 §r§8 §r§1 §r§3 §r§3 §r§7 §r§8 
23:54:21  
23:54:40  
23:55:00  
23:55:15  
23:56:46  
23:56:47  
23:57:12  
23:58:37  
00:00:35  
00:00:53  
00:01:31  
00:02:59  
00:04:34 §8 §r§8 §r§1 §r§3 §r§3 §r§7 §r§8 
00:04:35  
00:04:35   
00:04:39  
00:04:39  
00:04:39  
00:04:40  
00:04:40  
00:04:40  
