20:50:59 §bNew day! §r§eYour §r§2Lottery §r§ebuff changed!
20:50:59 §eNew buff§r§r§r: §r§fGain §r§a+5% §r§2∮ Sweep§r§f.
20:50:59 §8§oYou can disable this messaging by toggling Lottery in your /hotf!
20:51:11 §bNew day! §r§eYour §r§2Lottery §r§ebuff changed!
20:51:11 §eNew buff§r§r§r: §r§fGain §r§a+5% §r§2∮ Sweep§r§f.
20:51:11 §8§oYou can disable this messaging by toggling Lottery in your /hotf!
20:54:59 §bNew day! §r§eYour §r§2Lottery §r§ebuff changed!
20:54:59 §eNew buff§r§r§r: §r§fGain §r§a+50 §r§6☘ Fig Fortune§r§f.
20:54:59 §8§oYou can disable this messaging by toggling Lottery in your /hotf!
20:57:04 §bNew day! §r§eYour §r§2Lottery §r§ebuff changed!
20:57:04 §eNew buff§r§r§r: §r§fGain §r§a+50 §r§6☘ Fig Fortune§r§f.
20:57:04 §8§oYou can disable this messaging by toggling Lottery in your /hotf!
21:06:58 §bNew day! §r§eYour §r§2Lottery §r§ebuff changed!
21:06:58 §eNew buff§r§r§r: §r§fGain §r§a+50 §r§6☘ Fig Fortune§r§f.
21:06:58 §8§oYou can disable this messaging by toggling Lottery in your /hotf!
21:11:11 §bNew day! §r§eYour §r§2Lottery §r§ebuff changed!
21:11:11 §eNew buff§r§r§r: §r§fGain §r§a+50 §r§6☘ Fig Fortune§r§f.
21:11:11 §8§oYou can disable this messaging by toggling Lottery in your /hotf!
21:14:41 §bNew day! §r§eYour §r§2Lottery §r§ebuff changed!
21:14:41 §eNew buff§r§r§r: §r§fGain §r§a+50 §r§6☘ Fig Fortune§r§f.
21:14:41 §8§oYou can disable this messaging by toggling Lottery in your /hotf!
21:14:55 §bNew day! §r§eYour §r§2Lottery §r§ebuff changed!
21:14:55 §eNew buff§r§r§r: §r§fGain §r§a+50 §r§6☘ Fig Fortune§r§f.
21:14:55 §8§oYou can disable this messaging by toggling Lottery in your /hotf!
21:15:05 §bNew day! §r§eYour §r§2Lottery §r§ebuff changed!
21:15:05 §eNew buff§r§r§r: §r§fGain §r§a+50 §r§6☘ Fig Fortune§r§f.
21:15:05 §8§oYou can disable this messaging by toggling Lottery in your /hotf!
21:17:58 §bNew day! §r§eYour §r§2Lottery §r§ebuff changed!
21:17:58 §eNew buff§r§r§r: §r§fGain §r§a+50 §r§6☘ Fig Fortune§r§f.
21:17:58 §8§oYou can disable this messaging by toggling Lottery in your /hotf!
21:35:01 §bNew day! §r§eYour §r§2Lottery §r§ebuff changed!
21:35:01 §eNew buff§r§r§r: §r§fGain §r§a+50 §r§6☘ Fig Fortune§r§f.
21:35:01 §8§oYou can disable this messaging by toggling Lottery in your /hotf!
21:45:59 §bNew day! §r§eYour §r§2Lottery §r§ebuff changed!
21:45:59 §eNew buff§r§r§r: §r§fGain §r§a+50 §r§6☘ Fig Fortune§r§f.
21:45:59 §8§oYou can disable this messaging by toggling Lottery in your /hotf!
21:46:22 §bNew day! §r§eYour §r§2Lottery §r§ebuff changed!
21:46:22 §eNew buff§r§r§r: §r§fGain §r§a+50 §r§6☘ Fig Fortune§r§f.
21:46:22 §8§oYou can disable this messaging by toggling Lottery in your /hotf!
21:49:39 §bNew day! §r§eYour §r§2Lottery §r§ebuff changed!
21:49:39 §eNew buff§r§r§r: §r§fGain §r§a+50 §r§6☘ Fig Fortune§r§f.
21:49:39 §8§oYou can disable this messaging by toggling Lottery in your /hotf!
21:49:52 §bNew day! §r§eYour §r§2Lottery §r§ebuff changed!
21:49:52 §eNew buff§r§r§r: §r§fGain §r§a+50 §r§6☘ Fig Fortune§r§f.
21:49:52 §8§oYou can disable this messaging by toggling Lottery in your /hotf!
21:50:25 §bNew day! §r§eYour §r§2Lottery §r§ebuff changed!
21:50:25 §eNew buff§r§r§r: §r§fGain §r§a+50 §r§6☘ Fig Fortune§r§f.
21:50:25 §8§oYou can disable this messaging by toggling Lottery in your /hotf!
21:55:00 §bNew day! §r§eYour §r§2Lottery §r§ebuff changed!
21:55:00 §eNew buff§r§r§r: §r§fGain §r§a+5% §r§2∮ Sweep§r§f.
21:55:00 §8§oYou can disable this messaging by toggling Lottery in your /hotf!
21:55:33 §bNew day! §r§eYour §r§2Lottery §r§ebuff changed!
21:55:33 §eNew buff§r§r§r: §r§fGain §r§a+5% §r§2∮ Sweep§r§f.
21:55:33 §8§oYou can disable this messaging by toggling Lottery in your /hotf!
21:55:47 §bNew day! §r§eYour §r§2Lottery §r§ebuff changed!
21:55:47 §eNew buff§r§r§r: §r§fGain §r§a+5% §r§2∮ Sweep§r§f.
21:55:47 §8§oYou can disable this messaging by toggling Lottery in your /hotf!
21:55:57 §bNew day! §r§eYour §r§2Lottery §r§ebuff changed!
21:55:57 §eNew buff§r§r§r: §r§fGain §r§a+5% §r§2∮ Sweep§r§f.
21:55:57 §8§oYou can disable this messaging by toggling Lottery in your /hotf!
21:56:31 §bNew day! §r§eYour §r§2Lottery §r§ebuff changed!
21:56:31 §eNew buff§r§r§r: §r§fGain §r§a+5% §r§2∮ Sweep§r§f.
21:56:31 §8§oYou can disable this messaging by toggling Lottery in your /hotf!
22:15:01 §bNew day! §r§eYour §r§2Lottery §r§ebuff changed!
22:15:01 §eNew buff§r§r§r: §r§fGain §r§a+50 §r§6☘ Fig Fortune§r§f.
22:15:01 §8§oYou can disable this messaging by toggling Lottery in your /hotf!
22:19:15 §bNew day! §r§eYour §r§2Lottery §r§ebuff changed!
22:19:15 §eNew buff§r§r§r: §r§fGain §r§a+50 §r§6☘ Fig Fortune§r§f.
22:19:15 §8§oYou can disable this messaging by toggling Lottery in your /hotf!
22:35:01 §bNew day! §r§eYour §r§2Lottery §r§ebuff changed!
22:35:01 §eNew buff§r§r§r: §r§fGain §r§a+50 §r§6☘ Fig Fortune§r§f.
22:35:01 §8§oYou can disable this messaging by toggling Lottery in your /hotf!
22:55:00 §bNew day! §r§eYour §r§2Lottery §r§ebuff changed!
22:55:00 §eNew buff§r§r§r: §r§fGain §r§a+50 §r§6☘ Fig Fortune§r§f.
22:55:00 §8§oYou can disable this messaging by toggling Lottery in your /hotf!
23:02:09 §bNew day! §r§eYour §r§2Lottery §r§ebuff changed!
23:02:09 §eNew buff§r§r§r: §r§fGain §r§a+50 §r§6☘ Fig Fortune§r§f.
23:02:09 §8§oYou can disable this messaging by toggling Lottery in your /hotf!
23:04:09 §bNew day! §r§eYour §r§2Lottery §r§ebuff changed!
23:04:09 §eNew buff§r§r§r: §r§fGain §r§a+50 §r§6☘ Fig Fortune§r§f.
23:04:09 §8§oYou can disable this messaging by toggling Lottery in your /hotf!
23:04:52 §bNew day! §r§eYour §r§2Lottery §r§ebuff changed!
23:04:52 §eNew buff§r§r§r: §r§fGain §r§a+50 §r§6☘ Fig Fortune§r§f.
23:04:52 §8§oYou can disable this messaging by toggling Lottery in your /hotf!
23:05:03 §bNew day! §r§eYour §r§2Lottery §r§ebuff changed!
23:05:03 §eNew buff§r§r§r: §r§fGain §r§a+50 §r§6☘ Fig Fortune§r§f.
23:05:03 §8§oYou can disable this messaging by toggling Lottery in your /hotf!
23:06:30 §bNew day! §r§eYour §r§2Lottery §r§ebuff changed!
23:06:30 §eNew buff§r§r§r: §r§fGain §r§a+50 §r§6☘ Fig Fortune§r§f.
23:06:30 §8§oYou can disable this messaging by toggling Lottery in your /hotf!
23:06:57 §bNew day! §r§eYour §r§2Lottery §r§ebuff changed!
23:06:57 §eNew buff§r§r§r: §r§fGain §r§a+50 §r§6☘ Fig Fortune§r§f.
23:06:57 §8§oYou can disable this messaging by toggling Lottery in your /hotf!
23:07:22 §bNew day! §r§eYour §r§2Lottery §r§ebuff changed!
23:07:22 §eNew buff§r§r§r: §r§fGain §r§a+50 §r§6☘ Fig Fortune§r§f.
23:07:22 §8§oYou can disable this messaging by toggling Lottery in your /hotf!
23:15:03 §bNew day! §r§eYour §r§2Lottery §r§ebuff changed!
23:15:03 §eNew buff§r§r§r: §r§fGain §r§a+5% §r§2∮ Sweep§r§f.
23:15:03 §8§oYou can disable this messaging by toggling Lottery in your /hotf!
23:18:00 §bNew day! §r§eYour §r§2Lottery §r§ebuff changed!
23:18:00 §eNew buff§r§r§r: §r§fGain §r§a+5% §r§2∮ Sweep§r§f.
23:18:00 §8§oYou can disable this messaging by toggling Lottery in your /hotf!
23:22:55 §bNew day! §r§eYour §r§2Lottery §r§ebuff changed!
23:22:55 §eNew buff§r§r§r: §r§fGain §r§a+5% §r§2∮ Sweep§r§f.
23:22:55 §8§oYou can disable this messaging by toggling Lottery in your /hotf!
23:23:20 §bNew day! §r§eYour §r§2Lottery §r§ebuff changed!
23:23:20 §eNew buff§r§r§r: §r§fGain §r§a+5% §r§2∮ Sweep§r§f.
23:23:20 §8§oYou can disable this messaging by toggling Lottery in your /hotf!
23:24:43 §bNew day! §r§eYour §r§2Lottery §r§ebuff changed!
23:24:43 §eNew buff§r§r§r: §r§fGain §r§a+5% §r§2∮ Sweep§r§f.
23:24:43 §8§oYou can disable this messaging by toggling Lottery in your /hotf!
23:25:06 §bNew day! §r§eYour §r§2Lottery §r§ebuff changed!
23:25:06 §eNew buff§r§r§r: §r§fGain §r§a+5% §r§2∮ Sweep§r§f.
23:25:06 §8§oYou can disable this messaging by toggling Lottery in your /hotf!
23:26:14 §bNew day! §r§eYour §r§2Lottery §r§ebuff changed!
23:26:14 §eNew buff§r§r§r: §r§fGain §r§a+5% §r§2∮ Sweep§r§f.
23:26:14 §8§oYou can disable this messaging by toggling Lottery in your /hotf!
23:26:53 §bNew day! §r§eYour §r§2Lottery §r§ebuff changed!
23:26:53 §eNew buff§r§r§r: §r§fGain §r§a+5% §r§2∮ Sweep§r§f.
23:26:53 §8§oYou can disable this messaging by toggling Lottery in your /hotf!
23:28:57 §bNew day! §r§eYour §r§2Lottery §r§ebuff changed!
23:28:57 §eNew buff§r§r§r: §r§fGain §r§a+5% §r§2∮ Sweep§r§f.
23:28:57 §8§oYou can disable this messaging by toggling Lottery in your /hotf!
23:29:20 §bNew day! §r§eYour §r§2Lottery §r§ebuff changed!
23:29:20 §eNew buff§r§r§r: §r§fGain §r§a+5% §r§2∮ Sweep§r§f.
23:29:20 §8§oYou can disable this messaging by toggling Lottery in your /hotf!
23:35:00 §bNew day! §r§eYour §r§2Lottery §r§ebuff changed!
23:35:00 §eNew buff§r§r§r: §r§fGain §r§a+5% §r§2∮ Sweep§r§f.
23:35:00 §8§oYou can disable this messaging by toggling Lottery in your /hotf!
23:52:23 §bNew day! §r§eYour §r§2Lottery §r§ebuff changed!
23:52:23 §eNew buff§r§r§r: §r§fGain §r§a+5% §r§2∮ Sweep§r§f.
23:52:23 §8§oYou can disable this messaging by toggling Lottery in your /hotf!
23:52:40 §bNew day! §r§eYour §r§2Lottery §r§ebuff changed!
23:52:40 §eNew buff§r§r§r: §r§fGain §r§a+5% §r§2∮ Sweep§r§f.
23:52:40 §8§oYou can disable this messaging by toggling Lottery in your /hotf!
00:04:39 §bNew day! §r§eYour §r§2Lottery §r§ebuff changed!
00:04:39 §eNew buff§r§r§r: §r§fGain §r§a+50 §r§6☘ Mangrove Fortune§r§f.
00:04:39 §8§oYou can disable this messaging by toggling Lottery in your /hotf!
