00:00:44 THE_PARK
00:01:46 HUB
00:02:28 PRIVATE_ISLAND
00:04:57 NONE
00:04:57 THE_PARK
00:06:05 PRIVATE_ISLAND
00:17:48 THE_PARK
00:17:56 THE_FARMING_ISLANDS
00:19:01 PRIVATE_ISLAND
00:36:14 HUB
00:36:22 PRIVATE_ISLAND
00:36:30 HUB
00:37:15 PRIVATE_ISLAND
00:37:40 HUB
00:38:10 PRIVATE_ISLAND
00:41:21 NONE
00:41:22 HUB
00:42:32 PRIVATE_ISLAND
00:45:23 NONE
00:45:24 HUB
00:47:01 NONE
00:47:01 GALATEA
00:47:29 PRIVATE_ISLAND
00:47:43 PRIVATE_ISLAND_GUEST
00:47:59 DWARVEN_MINES
00:54:09 PRIVATE_ISLAND
00:55:18 NONE
00:55:19 DUNGEON_HUB
00:55:36 NONE
00:55:37 HUB
00:55:50 DUNGEON_HUB
00:56:40 NONE
00:56:40 PRIVATE_ISLAND_GUEST
00:56:43 DWARVEN_MINES
00:57:45 NONE
00:57:45 GARDEN
01:00:27 PRIVATE_ISLAND_GUEST
01:00:31 NONE
01:00:32 DWARVEN_MINES
01:56:19 NONE
01:56:24 DWARVEN_MINES
