15:55:20 [allowed] §aYou are still radiating with §bGenerosity§r§a!
15:55:20 [EMPTY] §f §r§r§r§f §r§r§r§1 §r§r§r§0 §r§r§r§2 §r§r§r§f §r§r§r§f §r§r§r§2 §r§r§r§0 §r§r§r§4 §r§r§r§3 §r§r§r§9 §r§r§r§2 §r§r§r§0 §r§r§r§0 §r§r§r§3 §r§r§r§9 §r§r§r§2 §r§r§r§0 §r§r§r§0 §r§r§r§3 §r§r§r§9 §r§r§r§2 §r§r§r§0 §r§r§r§0 
15:55:29 [allowed] §2Guild > §a[VIP§6+§a] himej0shi§f: §rhaiiiiiiiiiii
15:55:43 [allowed] §b[MVP§3+§b] Zjonnie§f §6joined the lobby!
15:55:46 [allowed] §2Guild > §b[MVP§3+§b] catholicschool§f: §rhai
15:55:48 [allowed] §7Sending to server mini197AW...
15:55:48 [EMPTY] §8 §r§8 §r§1 §r§3 §r§3 §r§7 §r§8 
15:55:49 [allowed] §eProfile ID: §r§a62b760d8-92b6-4501-ada0-1fd8583f5266
15:55:49 [allowed] §e§lCLICK THIS TO SUGGEST IT IN CHAT §7§l[DASHES]
15:55:49 [allowed] §e§lCLICK THIS TO SUGGEST IT IN CHAT §7§l[NO DASHES]
15:55:51 [EMPTY] 
15:55:51 [WELCOME] §eWelcome to §r§aHypixel SkyBlock§r§e!
15:55:51 [EMPTY] 
15:55:51 [allowed] §eLatest update: §bSkyBlock v0.23.2 §e§lCLICK
15:55:52 [PROFILE_JOIN] §aYou are playing on profile: §eLemon§b (Co-op)
15:55:52 [PROFILE_JOIN] §8Profile ID: 62b760d8-92b6-4501-ada0-1fd8583f5266
15:55:53 [LOTTERY] §bNew day! §r§eYour §r§2Lottery §r§ebuff changed!
15:55:53 [LOTTERY] §eNew buff§r§r§r: §r§fGain §r§a+5% §r§2∮ Sweep§r§f.
15:55:53 [LOTTERY] §8§oYou can disable this messaging by toggling Lottery in your /hotf!
15:56:06 [allowed] §7Warping...
15:56:06 [allowed] §7Sending to server mega13E...
15:56:06 [EMPTY] §8 §r§8 §r§1 §r§3 §r§3 §r§7 §r§8 
15:56:10 [PROFILE_JOIN] §aYou are playing on profile: §eLemon§b (Co-op)
15:56:10 [PROFILE_JOIN] §8Profile ID: 62b760d8-92b6-4501-ada0-1fd8583f5266
15:56:11 [LOTTERY] §bNew day! §r§eYour §r§2Lottery §r§ebuff changed!
15:56:11 [LOTTERY] §eNew buff§r§r§r: §r§fGain §r§a+5% §r§2∮ Sweep§r§f.
15:56:11 [LOTTERY] §8§oYou can disable this messaging by toggling Lottery in your /hotf!
15:57:17 [allowed] §2Guild > §a[VIP§6+§a] himej0shi§f: §rdid the cat img work
15:57:49 [allowed] §2Guild > §b[MVP§3+§b] catholicschool§f: §rmhm aga see vist resettib ennast ss
15:58:08 [allowed] §2Guild > §a[VIP§6+§a] himej0shi§f: §rokii
15:58:49 [allowed] §2Guild > §a[VIP§6+§a] himej0shi§f: §rvõime 16:45 teha black souls kui soovid!
15:59:40 [allowed] §2Guild > §b[MVP§3+§b] catholicschool§f: §rokiii
15:59:41 [allowed] §2Guild > §b[MVP§3+§b] catholicschool§f: §rsobib
15:59:50 [allowed] §2Guild > §a[VIP§6+§a] himej0shi§f: §ryayyy
16:00:55 [allowed] §d§lHOPPITY'S HUNT §r§dA §r§6Chocolate Brunch Egg §r§dhas appeared!
16:00:55 [GUILD_EXP] §aYou earned §r§2124 GEXP §r§a+ §r§e372 Event EXP §r§afrom playing SkyBlock!
16:01:32 [allowed] §cOut of sync, check your internet connection!
16:01:34 [allowed] §cYou were spawned in Limbo.
16:01:34 [allowed] §b/limbo for more information.
16:04:05 [allowed] §aYou are still radiating with §bGenerosity§r§a!
16:04:05 [EMPTY] §f §r§r§r§f §r§r§r§1 §r§r§r§0 §r§r§r§2 §r§r§r§f §r§r§r§f §r§r§r§2 §r§r§r§0 §r§r§r§4 §r§r§r§3 §r§r§r§9 §r§r§r§2 §r§r§r§0 §r§r§r§0 §r§r§r§3 §r§r§r§9 §r§r§r§2 §r§r§r§0 §r§r§r§0 §r§r§r§3 §r§r§r§9 §r§r§r§2 §r§r§r§0 §r§r§r§0 
16:04:05 [allowed] §b✦ §r§7You earned §r§b12 §r§7Mystery Dust!
16:04:05 [allowed] §b§b✦ §r§7You earned §a26 §7Pet Consumables items!
16:04:15 [allowed] §7Sending to server mega13E...
16:04:15 [EMPTY] §8 §r§8 §r§1 §r§3 §r§3 §r§7 §r§8 
16:04:18 [EMPTY] 
16:04:18 [WELCOME] §eWelcome to §r§aHypixel SkyBlock§r§e!
16:04:18 [EMPTY] 
16:04:18 [allowed] §eLatest update: §bSkyBlock v0.23.2 §e§lCLICK
16:04:18 [PROFILE_JOIN] §aYou are playing on profile: §eLemon§b (Co-op)
16:04:18 [PROFILE_JOIN] §8Profile ID: 62b760d8-92b6-4501-ada0-1fd8583f5266
16:04:20 [LOTTERY] §bNew day! §r§eYour §r§2Lottery §r§ebuff changed!
16:04:20 [LOTTERY] §eNew buff§r§r§r: §r§fGain §r§a+5% §r§2∮ Sweep§r§f.
16:04:20 [LOTTERY] §8§oYou can disable this messaging by toggling Lottery in your /hotf!
16:04:44 [allowed] §2Guild > §a[VIP§6+§a] himej0shi§f: §rpeebreak!
16:05:21 [allowed] §2Guild > §b[MVP§3+§b] catholicschool§f: §rgll
16:06:41 [allowed] §d§lHOPPITY'S HUNT §r§dA §r§9Chocolate Déjeuner Egg §r§dhas appeared!
