19:45:28 Trying to load config from config\skyhanni\config.json
19:45:28 load-config-now
19:45:28 Loaded config from file
19:45:28 Trying to load sacks from config\skyhanni\sacks.json
19:45:28 load-sacks-now
19:45:28 Loaded sacks from file
19:45:28 Trying to load friends from config\skyhanni\friends.json
19:45:28 load-friends-now
19:45:28 Loaded friends from file
19:45:28 Trying to load known_features from config\skyhanni\known_features.json
19:45:28 load-known_features-now
19:45:28 Loaded known_features from file
19:45:28 Trying to load jacob_contests from config\skyhanni\jacob_contests.json
19:45:28 load-jacob_contests-now
19:45:28 Loaded jacob_contests from file
19:45:28 Trying to load visual_words from config\skyhanni\visual_words.json
19:45:28 Setting visual_words to be blank as it did not exist. It will be saved once something is written to it
19:45:28 Trying to load pets from config\skyhanni\pets.json
19:45:28 load-pets-now
19:45:28 Loaded pets from file
19:45:28 Trying to load storage from config\skyhanni\storage.json
19:45:28 load-storage-now
19:45:28 Loaded storage from file
19:45:28 Trying to load routes from config\skyhanni\routes.json
19:45:28 load-routes-now
19:45:28 Loaded routes from file
19:46:25 saveConfig: Updated known feature flags
19:46:25 Saving known_features file
19:46:25 Saved known_features file successfully
19:46:25 saveConfig: Updated known feature flags
19:46:25 Saving known_features file
19:46:25 Saved known_features file successfully
19:46:28 saveConfig: auto-save-60s
19:46:28 Saving config file
19:46:28 Saved config file successfully
19:46:28 saveConfig: auto-save-60s
19:46:28 Saving config file
19:46:28 Saved config file successfully
19:47:28 saveConfig: auto-save-60s
19:47:28 Saving config file
19:47:28 Saved config file successfully
19:47:28 saveConfig: auto-save-60s
19:47:28 Saving config file
19:47:28 Saved config file successfully
19:47:56 saveConfig: saving-data
19:47:56 Saving sacks file
19:47:56 Saved sacks file successfully
19:47:56 saveConfig: saving-data
19:47:56 Saving sacks file
19:47:56 Saved sacks file successfully
19:48:03 saveConfig: saving-data
19:48:03 Saving sacks file
19:48:03 Saved sacks file successfully
19:48:03 saveConfig: saving-data
19:48:03 Saving sacks file
19:48:03 Saved sacks file successfully
19:48:10 saveConfig: saving-data
19:48:10 Saving sacks file
19:48:10 Saved sacks file successfully
19:48:10 saveConfig: saving-data
19:48:10 Saving sacks file
19:48:10 Saved sacks file successfully
19:48:28 saveConfig: auto-save-60s
19:48:28 Saving config file
19:48:28 Saved config file successfully
19:48:28 saveConfig: auto-save-60s
19:48:28 Saving config file
19:48:28 Saved config file successfully
19:48:35 saveConfig: saving-data
19:48:35 Saving sacks file
19:48:35 Saved sacks file successfully
19:48:35 saveConfig: saving-data
19:48:35 Saving sacks file
19:48:36 Saved sacks file successfully
19:49:28 saveConfig: auto-save-60s
19:49:28 Saving config file
19:49:28 Saved config file successfully
19:49:28 saveConfig: auto-save-60s
19:49:28 Saving config file
19:49:28 Saved config file successfully
19:49:31 saveConfig: saving-data
19:49:31 Saving sacks file
19:49:31 Saved sacks file successfully
19:49:31 saveConfig: saving-data
19:49:31 Saving sacks file
19:49:31 Saved sacks file successfully
19:49:54 saveConfig: saving-data
19:49:54 Saving sacks file
19:49:54 Saved sacks file successfully
19:49:54 saveConfig: saving-data
19:49:54 Saving sacks file
19:49:54 Saved sacks file successfully
19:50:28 saveConfig: auto-save-60s
19:50:28 Saving config file
19:50:28 Saved config file successfully
19:50:28 saveConfig: auto-save-60s
19:50:28 Saving config file
19:50:28 Saved config file successfully
19:50:47 saveConfig: saving-data
19:50:47 Saving sacks file
19:50:47 Saved sacks file successfully
19:50:47 saveConfig: saving-data
19:50:47 Saving sacks file
19:50:47 Saved sacks file successfully
19:51:28 saveConfig: auto-save-60s
19:51:28 Saving config file
19:51:28 Saved config file successfully
19:51:28 saveConfig: auto-save-60s
19:51:28 Saving config file
19:51:28 Saved config file successfully
19:52:28 saveConfig: auto-save-60s
19:52:28 Saving config file
19:52:28 Saved config file successfully
19:52:28 saveConfig: auto-save-60s
19:52:28 Saving config file
19:52:28 Saved config file successfully
19:52:55 saveConfig: saving-data
19:52:55 Saving sacks file
19:52:55 Saved sacks file successfully
19:52:55 saveConfig: saving-data
19:52:55 Saving sacks file
19:52:55 Saved sacks file successfully
19:53:06 saveConfig: saving-data
19:53:06 Saving sacks file
19:53:06 Saved sacks file successfully
19:53:06 saveConfig: saving-data
19:53:06 Saving sacks file
19:53:06 Saved sacks file successfully
19:53:15 saveConfig: saving-data
19:53:15 Saving sacks file
19:53:15 Saved sacks file successfully
19:53:15 saveConfig: saving-data
19:53:15 Saving sacks file
19:53:15 Saved sacks file successfully
19:53:28 saveConfig: auto-save-60s
19:53:28 Saving config file
19:53:28 Saved config file successfully
19:53:28 saveConfig: auto-save-60s
19:53:28 Saving config file
19:53:28 Saved config file successfully
19:53:48 saveConfig: saving-data
19:53:48 Saving sacks file
19:53:48 Saved sacks file successfully
19:53:48 saveConfig: saving-data
19:53:48 Saving sacks file
19:53:48 Saved sacks file successfully
19:54:04 saveConfig: saving-data
19:54:04 Saving sacks file
19:54:04 Saved sacks file successfully
19:54:04 saveConfig: saving-data
19:54:04 Saving sacks file
19:54:04 Saved sacks file successfully
19:54:28 saveConfig: auto-save-60s
19:54:28 Saving config file
19:54:28 Saved config file successfully
19:54:28 saveConfig: auto-save-60s
19:54:28 Saving config file
19:54:28 Saved config file successfully
19:54:32 saveConfig: saving-data
19:54:32 Saving sacks file
19:54:32 Saved sacks file successfully
19:54:32 saveConfig: saving-data
19:54:32 Saving sacks file
19:54:32 Saved sacks file successfully
19:55:22 saveConfig: saving-data
19:55:22 Saving sacks file
19:55:22 Saved sacks file successfully
19:55:22 saveConfig: saving-data
19:55:22 Saving sacks file
19:55:22 Saved sacks file successfully
19:55:28 saveConfig: auto-save-60s
19:55:28 Saving config file
19:55:28 Saved config file successfully
19:55:28 saveConfig: auto-save-60s
19:55:28 Saving config file
19:55:28 Saved config file successfully
19:55:54 saveConfig: saving-data
19:55:54 Saving sacks file
19:55:54 Saved sacks file successfully
19:55:54 saveConfig: saving-data
19:55:54 Saving sacks file
19:55:54 Saved sacks file successfully
19:56:25 saveConfig: saving-data
19:56:25 Saving sacks file
19:56:25 Saved sacks file successfully
19:56:25 saveConfig: saving-data
19:56:25 Saving sacks file
19:56:25 Saved sacks file successfully
19:56:28 saveConfig: auto-save-60s
19:56:28 Saving config file
19:56:28 Saved config file successfully
19:56:28 saveConfig: auto-save-60s
19:56:28 Saving config file
19:56:28 Saved config file successfully
19:56:43 saveConfig: saving-data
19:56:43 Saving sacks file
19:56:43 Saved sacks file successfully
19:56:43 saveConfig: saving-data
19:56:43 Saving sacks file
19:56:43 Saved sacks file successfully
19:57:28 saveConfig: auto-save-60s
19:57:28 Saving config file
19:57:28 Saved config file successfully
19:57:28 saveConfig: auto-save-60s
19:57:28 Saving config file
19:57:28 Saved config file successfully
19:57:30 saveConfig: saving-data
19:57:30 Saving sacks file
19:57:30 Saved sacks file successfully
19:57:30 saveConfig: saving-data
19:57:30 Saving sacks file
19:57:30 Saved sacks file successfully
19:57:49 saveConfig: saving-data
19:57:49 Saving sacks file
19:57:49 Saved sacks file successfully
19:57:49 saveConfig: saving-data
19:57:49 Saving sacks file
19:57:49 Saved sacks file successfully
19:58:28 saveConfig: auto-save-60s
19:58:28 Saving config file
19:58:28 Saved config file successfully
19:58:28 saveConfig: auto-save-60s
19:58:28 Saving config file
19:58:28 Saved config file successfully
19:58:29 saveConfig: saving-data
19:58:29 Saving sacks file
19:58:29 Saved sacks file successfully
19:58:29 saveConfig: saving-data
19:58:29 Saving sacks file
19:58:29 Saved sacks file successfully
19:58:46 saveConfig: saving-data
19:58:46 Saving sacks file
19:58:46 Saved sacks file successfully
19:58:46 saveConfig: saving-data
19:58:46 Saving sacks file
19:58:46 Saved sacks file successfully
19:59:18 saveConfig: saving-data
19:59:18 Saving sacks file
19:59:18 Saved sacks file successfully
19:59:18 saveConfig: saving-data
19:59:18 Saving sacks file
19:59:18 Saved sacks file successfully
19:59:28 saveConfig: auto-save-60s
19:59:28 Saving config file
19:59:28 Saved config file successfully
19:59:28 saveConfig: auto-save-60s
19:59:28 Saving config file
19:59:28 Saved config file successfully
19:59:44 saveConfig: saving-data
19:59:44 Saving sacks file
19:59:44 Saved sacks file successfully
19:59:44 saveConfig: saving-data
19:59:44 Saving sacks file
19:59:44 Saved sacks file successfully
20:00:05 saveConfig: saving-data
20:00:05 Saving sacks file
20:00:05 Saved sacks file successfully
20:00:05 saveConfig: saving-data
20:00:05 Saving sacks file
20:00:05 Saved sacks file successfully
20:00:28 saveConfig: auto-save-60s
20:00:28 Saving config file
20:00:28 Saved config file successfully
20:00:28 saveConfig: auto-save-60s
20:00:28 Saving config file
20:00:28 Saved config file successfully
20:00:37 saveConfig: saving-data
20:00:37 Saving sacks file
20:00:37 Saved sacks file successfully
20:00:37 saveConfig: saving-data
20:00:37 Saving sacks file
20:00:37 Saved sacks file successfully
20:00:59 saveConfig: saving-data
20:00:59 Saving sacks file
20:00:59 Saved sacks file successfully
20:00:59 saveConfig: saving-data
20:00:59 Saving sacks file
20:00:59 Saved sacks file successfully
20:01:12 saveConfig: saving-data
20:01:12 Saving sacks file
20:01:12 Saved sacks file successfully
20:01:12 saveConfig: saving-data
20:01:12 Saving sacks file
20:01:12 Saved sacks file successfully
20:01:19 saveConfig: saving-data
20:01:19 Saving sacks file
20:01:19 Saved sacks file successfully
20:01:19 saveConfig: saving-data
20:01:19 Saving sacks file
20:01:19 Saved sacks file successfully
20:01:27 saveConfig: saving-data
20:01:27 Saving sacks file
20:01:27 Saved sacks file successfully
20:01:27 saveConfig: saving-data
20:01:27 Saving sacks file
20:01:27 Saved sacks file successfully
20:01:28 saveConfig: auto-save-60s
20:01:28 Saving config file
20:01:28 Saved config file successfully
20:01:28 saveConfig: auto-save-60s
20:01:28 Saving config file
20:01:28 Saved config file successfully
20:01:35 saveConfig: saving-data
20:01:35 Saving sacks file
20:01:35 Saved sacks file successfully
20:01:35 saveConfig: saving-data
20:01:35 Saving sacks file
20:01:35 Saved sacks file successfully
20:02:13 saveConfig: saving-data
20:02:13 Saving sacks file
20:02:13 Saved sacks file successfully
20:02:13 saveConfig: saving-data
20:02:13 Saving sacks file
20:02:13 Saved sacks file successfully
20:02:28 saveConfig: auto-save-60s
20:02:28 Saving config file
20:02:28 Saved config file successfully
20:02:28 saveConfig: auto-save-60s
20:02:28 Saving config file
20:02:28 Saved config file successfully
20:03:28 saveConfig: auto-save-60s
20:03:28 Saving config file
20:03:28 Saved config file successfully
20:03:28 saveConfig: auto-save-60s
20:03:28 Saving config file
20:03:28 Saved config file successfully
20:04:21 saveConfig: saving-data
20:04:21 Saving sacks file
20:04:21 Saved sacks file successfully
20:04:21 saveConfig: saving-data
20:04:21 Saving sacks file
20:04:21 Saved sacks file successfully
20:04:28 saveConfig: auto-save-60s
20:04:28 Saving config file
20:04:28 Saved config file successfully
20:04:28 saveConfig: auto-save-60s
20:04:28 Saving config file
20:04:28 Saved config file successfully
20:04:39 saveConfig: saving-data
20:04:39 Saving sacks file
20:04:39 Saved sacks file successfully
20:04:39 saveConfig: saving-data
20:04:39 Saving sacks file
20:04:39 Saved sacks file successfully
20:05:20 saveConfig: saving-data
20:05:20 Saving sacks file
20:05:20 Saved sacks file successfully
20:05:20 saveConfig: saving-data
20:05:20 Saving sacks file
20:05:20 Saved sacks file successfully
20:05:28 saveConfig: auto-save-60s
20:05:28 Saving config file
20:05:28 Saved config file successfully
20:05:28 saveConfig: auto-save-60s
20:05:28 Saving config file
20:05:28 Saved config file successfully
20:05:33 saveConfig: saving-data
20:05:33 Saving sacks file
20:05:33 Saved sacks file successfully
20:05:33 saveConfig: saving-data
20:05:33 Saving sacks file
20:05:33 Saved sacks file successfully
20:06:03 saveConfig: saving-data
20:06:03 Saving sacks file
20:06:03 Saved sacks file successfully
20:06:03 saveConfig: saving-data
20:06:03 Saving sacks file
20:06:03 Saved sacks file successfully
20:06:28 saveConfig: auto-save-60s
20:06:28 Saving config file
20:06:28 Saved config file successfully
20:06:28 saveConfig: auto-save-60s
20:06:28 Saving config file
20:06:28 Saved config file successfully
20:07:18 saveConfig: saving-data
20:07:18 Saving sacks file
20:07:18 Saved sacks file successfully
20:07:18 saveConfig: saving-data
20:07:18 Saving sacks file
20:07:18 Saved sacks file successfully
20:07:27 saveConfig: saving-data
20:07:27 Saving sacks file
20:07:27 Saved sacks file successfully
20:07:27 saveConfig: saving-data
20:07:27 Saving sacks file
20:07:27 Saved sacks file successfully
20:07:28 saveConfig: auto-save-60s
20:07:28 Saving config file
20:07:28 Saved config file successfully
20:07:28 saveConfig: auto-save-60s
20:07:28 Saving config file
20:07:28 Saved config file successfully
20:07:58 saveConfig: saving-data
20:07:58 Saving sacks file
20:07:58 Saved sacks file successfully
20:07:58 saveConfig: saving-data
20:07:58 Saving sacks file
20:07:58 Saved sacks file successfully
20:08:28 saveConfig: auto-save-60s
20:08:28 Saving config file
20:08:28 Saved config file successfully
20:08:28 saveConfig: auto-save-60s
20:08:28 Saving config file
20:08:28 Saved config file successfully
20:08:29 saveConfig: saving-data
20:08:29 Saving sacks file
20:08:29 Saved sacks file successfully
20:08:29 saveConfig: saving-data
20:08:29 Saving sacks file
20:08:29 Saved sacks file successfully
20:08:42 saveConfig: saving-data
20:08:42 Saving sacks file
20:08:42 Saved sacks file successfully
20:08:42 saveConfig: saving-data
20:08:42 Saving sacks file
20:08:42 Saved sacks file successfully
20:08:56 saveConfig: saving-data
20:08:56 Saving sacks file
20:08:56 Saved sacks file successfully
20:08:56 saveConfig: saving-data
20:08:56 Saving sacks file
20:08:56 Saved sacks file successfully
20:09:28 saveConfig: auto-save-60s
20:09:28 Saving config file
20:09:28 Saved config file successfully
20:09:28 saveConfig: auto-save-60s
20:09:28 Saving config file
20:09:28 Saved config file successfully
20:09:31 saveConfig: saving-data
20:09:31 Saving sacks file
20:09:31 Saved sacks file successfully
20:09:31 saveConfig: saving-data
20:09:31 Saving sacks file
20:09:31 Saved sacks file successfully
20:09:47 saveConfig: saving-data
20:09:47 Saving sacks file
20:09:47 Saved sacks file successfully
20:09:47 saveConfig: saving-data
20:09:47 Saving sacks file
20:09:47 Saved sacks file successfully
20:10:21 saveConfig: saving-data
20:10:21 Saving sacks file
20:10:21 Saved sacks file successfully
20:10:21 saveConfig: saving-data
20:10:21 Saving sacks file
20:10:21 Saved sacks file successfully
20:10:28 saveConfig: auto-save-60s
20:10:28 Saving config file
20:10:28 Saved config file successfully
20:10:28 saveConfig: auto-save-60s
20:10:28 Saving config file
20:10:28 Saved config file successfully
20:10:46 saveConfig: saving-data
20:10:46 Saving sacks file
20:10:46 Saved sacks file successfully
20:10:46 saveConfig: saving-data
20:10:46 Saving sacks file
20:10:46 Saved sacks file successfully
20:11:20 saveConfig: saving-data
20:11:20 Saving sacks file
20:11:20 Saved sacks file successfully
20:11:20 saveConfig: saving-data
20:11:20 Saving sacks file
20:11:20 Saved sacks file successfully
20:11:28 saveConfig: auto-save-60s
20:11:28 Saving config file
20:11:28 Saved config file successfully
20:11:28 saveConfig: auto-save-60s
20:11:28 Saving config file
20:11:28 Saved config file successfully
20:11:51 saveConfig: saving-data
20:11:51 Saving sacks file
20:11:51 Saved sacks file successfully
20:11:51 saveConfig: saving-data
20:11:51 Saving sacks file
20:11:51 Saved sacks file successfully
20:12:22 saveConfig: saving-data
20:12:22 Saving sacks file
20:12:22 Saved sacks file successfully
20:12:22 saveConfig: saving-data
20:12:22 Saving sacks file
20:12:22 Saved sacks file successfully
20:12:28 saveConfig: auto-save-60s
20:12:28 Saving config file
20:12:28 Saved config file successfully
20:12:28 saveConfig: auto-save-60s
20:12:28 Saving config file
20:12:28 Saved config file successfully
20:12:59 saveConfig: saving-data
20:12:59 Saving sacks file
20:12:59 Saved sacks file successfully
20:12:59 saveConfig: saving-data
20:12:59 Saving sacks file
20:12:59 Saved sacks file successfully
20:13:14 saveConfig: saving-data
20:13:14 Saving sacks file
20:13:14 Saved sacks file successfully
20:13:14 saveConfig: saving-data
20:13:14 Saving sacks file
20:13:14 Saved sacks file successfully
20:13:28 saveConfig: auto-save-60s
20:13:28 Saving config file
20:13:28 Saved config file successfully
20:13:28 saveConfig: auto-save-60s
20:13:28 Saving config file
20:13:28 Saved config file successfully
20:13:50 saveConfig: saving-data
20:13:50 Saving sacks file
20:13:50 Saved sacks file successfully
20:13:50 saveConfig: saving-data
20:13:50 Saving sacks file
20:13:50 Saved sacks file successfully
20:14:21 saveConfig: saving-data
20:14:21 Saving sacks file
20:14:21 Saved sacks file successfully
20:14:21 saveConfig: saving-data
20:14:21 Saving sacks file
20:14:21 Saved sacks file successfully
20:14:28 saveConfig: auto-save-60s
20:14:28 Saving config file
20:14:28 Saved config file successfully
20:14:28 saveConfig: auto-save-60s
20:14:28 Saving config file
20:14:28 Saved config file successfully
20:14:53 saveConfig: saving-data
20:14:53 Saving sacks file
20:14:53 Saved sacks file successfully
20:14:53 saveConfig: saving-data
20:14:53 Saving sacks file
20:14:53 Saved sacks file successfully
20:15:24 saveConfig: saving-data
20:15:24 Saving sacks file
20:15:24 Saved sacks file successfully
20:15:24 saveConfig: saving-data
20:15:24 Saving sacks file
20:15:24 Saved sacks file successfully
20:15:28 saveConfig: auto-save-60s
20:15:28 Saving config file
20:15:28 Saved config file successfully
20:15:28 saveConfig: auto-save-60s
20:15:28 Saving config file
20:15:28 Saved config file successfully
20:15:55 saveConfig: saving-data
20:15:55 Saving sacks file
20:15:55 Saved sacks file successfully
20:15:55 saveConfig: saving-data
20:15:55 Saving sacks file
20:15:55 Saved sacks file successfully
20:16:26 saveConfig: saving-data
20:16:26 Saving sacks file
20:16:26 Saved sacks file successfully
20:16:26 saveConfig: saving-data
20:16:26 Saving sacks file
20:16:26 Saved sacks file successfully
20:16:28 saveConfig: auto-save-60s
20:16:28 Saving config file
20:16:28 Saved config file successfully
20:16:28 saveConfig: auto-save-60s
20:16:28 Saving config file
20:16:28 Saved config file successfully
20:16:57 saveConfig: saving-data
20:16:57 Saving sacks file
20:16:57 Saved sacks file successfully
20:16:57 saveConfig: saving-data
20:16:57 Saving sacks file
20:16:57 Saved sacks file successfully
20:17:09 saveConfig: saving-data
20:17:09 Saving sacks file
20:17:09 Saved sacks file successfully
20:17:09 saveConfig: saving-data
20:17:09 Saving sacks file
20:17:09 Saved sacks file successfully
20:17:17 saveConfig: saving-data
20:17:17 Saving sacks file
20:17:17 Saved sacks file successfully
20:17:17 saveConfig: saving-data
20:17:17 Saving sacks file
20:17:17 Saved sacks file successfully
20:17:28 saveConfig: auto-save-60s
20:17:28 Saving config file
20:17:28 Saved config file successfully
20:17:28 saveConfig: auto-save-60s
20:17:28 Saving config file
20:17:28 Saved config file successfully
20:18:00 saveConfig: saving-data
20:18:00 Saving sacks file
20:18:00 Saved sacks file successfully
20:18:00 saveConfig: saving-data
20:18:00 Saving sacks file
20:18:00 Saved sacks file successfully
20:18:28 saveConfig: auto-save-60s
20:18:28 Saving config file
20:18:28 Saved config file successfully
20:18:28 saveConfig: auto-save-60s
20:18:28 Saving config file
20:18:28 Saved config file successfully
20:18:32 saveConfig: saving-data
20:18:32 Saving sacks file
20:18:32 Saved sacks file successfully
20:18:32 saveConfig: saving-data
20:18:32 Saving sacks file
20:18:32 Saved sacks file successfully
20:18:38 saveConfig: saving-data
20:18:38 Saving sacks file
20:18:38 Saved sacks file successfully
20:18:38 saveConfig: saving-data
20:18:38 Saving sacks file
20:18:38 Saved sacks file successfully
20:19:10 saveConfig: saving-data
20:19:10 Saving sacks file
20:19:10 Saved sacks file successfully
20:19:10 saveConfig: saving-data
20:19:10 Saving sacks file
20:19:10 Saved sacks file successfully
20:19:28 saveConfig: auto-save-60s
20:19:28 Saving config file
20:19:28 Saved config file successfully
20:19:28 saveConfig: auto-save-60s
20:19:28 Saving config file
20:19:28 Saved config file successfully
20:19:49 saveConfig: saving-data
20:19:49 Saving sacks file
20:19:49 Saved sacks file successfully
20:19:49 saveConfig: saving-data
20:19:49 Saving sacks file
20:19:49 Saved sacks file successfully
20:20:20 saveConfig: saving-data
20:20:20 Saving sacks file
20:20:20 Saved sacks file successfully
20:20:20 saveConfig: saving-data
20:20:20 Saving sacks file
20:20:20 Saved sacks file successfully
20:20:28 saveConfig: auto-save-60s
20:20:28 Saving config file
20:20:28 Saved config file successfully
20:20:28 saveConfig: auto-save-60s
20:20:28 Saving config file
20:20:28 Saved config file successfully
20:20:28 saveConfig: saving-data
20:20:28 Saving sacks file
20:20:28 Saved sacks file successfully
20:20:28 saveConfig: saving-data
20:20:28 Saving sacks file
20:20:28 Saved sacks file successfully
20:21:03 saveConfig: saving-data
20:21:03 Saving sacks file
20:21:03 Saved sacks file successfully
20:21:03 saveConfig: saving-data
20:21:03 Saving sacks file
20:21:03 Saved sacks file successfully
20:21:09 saveConfig: saving-data
20:21:09 Saving sacks file
20:21:09 Saved sacks file successfully
20:21:09 saveConfig: saving-data
20:21:09 Saving sacks file
20:21:09 Saved sacks file successfully
20:21:28 saveConfig: auto-save-60s
20:21:28 Saving config file
20:21:28 Saved config file successfully
20:21:28 saveConfig: auto-save-60s
20:21:28 Saving config file
20:21:28 Saved config file successfully
20:21:58 saveConfig: saving-data
20:21:58 Saving sacks file
20:21:58 Saved sacks file successfully
20:21:58 saveConfig: saving-data
20:21:58 Saving sacks file
20:21:58 Saved sacks file successfully
20:22:21 saveConfig: saving-data
20:22:21 Saving sacks file
20:22:21 Saved sacks file successfully
20:22:21 saveConfig: saving-data
20:22:21 Saving sacks file
20:22:21 Saved sacks file successfully
20:22:28 saveConfig: auto-save-60s
20:22:28 Saving config file
20:22:28 Saved config file successfully
20:22:28 saveConfig: auto-save-60s
20:22:28 Saving config file
20:22:28 Saved config file successfully
20:22:38 saveConfig: saving-data
20:22:38 Saving sacks file
20:22:38 Saved sacks file successfully
20:22:38 saveConfig: saving-data
20:22:38 Saving sacks file
20:22:38 Saved sacks file successfully
20:23:03 saveConfig: saving-data
20:23:03 Saving sacks file
20:23:03 Saved sacks file successfully
20:23:03 saveConfig: saving-data
20:23:03 Saving sacks file
20:23:03 Saved sacks file successfully
20:23:19 saveConfig: saving-data
20:23:19 Saving sacks file
20:23:19 Saved sacks file successfully
20:23:19 saveConfig: saving-data
20:23:19 Saving sacks file
20:23:19 Saved sacks file successfully
20:23:28 saveConfig: auto-save-60s
20:23:28 Saving config file
20:23:28 Saved config file successfully
20:23:28 saveConfig: auto-save-60s
20:23:28 Saving config file
20:23:28 Saved config file successfully
20:24:08 saveConfig: saving-data
20:24:08 Saving sacks file
20:24:08 Saved sacks file successfully
20:24:08 saveConfig: saving-data
20:24:08 Saving sacks file
20:24:08 Saved sacks file successfully
20:24:22 saveConfig: saving-data
20:24:22 Saving sacks file
20:24:22 Saved sacks file successfully
20:24:22 saveConfig: saving-data
20:24:22 Saving sacks file
20:24:22 Saved sacks file successfully
20:24:28 saveConfig: auto-save-60s
20:24:28 Saving config file
20:24:28 Saved config file successfully
20:24:28 saveConfig: auto-save-60s
20:24:28 Saving config file
20:24:28 Saved config file successfully
20:25:00 saveConfig: saving-data
20:25:00 Saving sacks file
20:25:00 Saved sacks file successfully
20:25:00 saveConfig: saving-data
20:25:00 Saving sacks file
20:25:00 Saved sacks file successfully
20:25:28 saveConfig: auto-save-60s
20:25:28 Saving config file
20:25:28 Saved config file successfully
20:25:28 saveConfig: auto-save-60s
20:25:28 Saving config file
20:25:28 Saved config file successfully
20:25:31 saveConfig: saving-data
20:25:31 Saving sacks file
20:25:31 Saved sacks file successfully
20:25:31 saveConfig: saving-data
20:25:31 Saving sacks file
20:25:31 Saved sacks file successfully
20:26:02 saveConfig: saving-data
20:26:02 Saving sacks file
20:26:02 Saved sacks file successfully
20:26:02 saveConfig: saving-data
20:26:02 Saving sacks file
20:26:02 Saved sacks file successfully
20:26:16 saveConfig: saving-data
20:26:16 Saving sacks file
20:26:16 Saved sacks file successfully
20:26:16 saveConfig: saving-data
20:26:16 Saving sacks file
20:26:16 Saved sacks file successfully
20:26:24 saveConfig: saving-data
20:26:24 Saving sacks file
20:26:24 Saved sacks file successfully
20:26:24 saveConfig: saving-data
20:26:24 Saving sacks file
20:26:24 Saved sacks file successfully
20:26:28 saveConfig: auto-save-60s
20:26:28 Saving config file
20:26:28 Saved config file successfully
20:26:28 saveConfig: auto-save-60s
20:26:28 Saving config file
20:26:28 Saved config file successfully
20:26:43 saveConfig: saving-data
20:26:43 Saving sacks file
20:26:43 Saved sacks file successfully
20:26:43 saveConfig: saving-data
20:26:43 Saving sacks file
20:26:43 Saved sacks file successfully
20:27:06 saveConfig: saving-data
20:27:06 Saving sacks file
20:27:06 Saved sacks file successfully
20:27:06 saveConfig: saving-data
20:27:06 Saving sacks file
20:27:06 Saved sacks file successfully
20:27:28 saveConfig: auto-save-60s
20:27:28 Saving config file
20:27:28 Saved config file successfully
20:27:28 saveConfig: auto-save-60s
20:27:28 Saving config file
20:27:28 Saved config file successfully
20:27:35 saveConfig: saving-data
20:27:35 Saving sacks file
20:27:35 Saved sacks file successfully
20:27:35 saveConfig: saving-data
20:27:35 Saving sacks file
20:27:35 Saved sacks file successfully
20:27:56 saveConfig: saving-data
20:27:56 Saving sacks file
20:27:56 Saved sacks file successfully
20:27:56 saveConfig: saving-data
20:27:56 Saving sacks file
20:27:56 Saved sacks file successfully
20:28:28 saveConfig: auto-save-60s
20:28:28 Saving config file
20:28:28 Saved config file successfully
20:28:28 saveConfig: auto-save-60s
20:28:28 Saving config file
20:28:28 Saved config file successfully
20:29:28 saveConfig: auto-save-60s
20:29:28 Saving config file
20:29:29 Saved config file successfully
20:29:29 saveConfig: auto-save-60s
20:29:29 Saving config file
20:29:29 Saved config file successfully
20:29:43 saveConfig: saving-data
20:29:43 Saving sacks file
20:29:43 Saved sacks file successfully
20:29:43 saveConfig: saving-data
20:29:43 Saving sacks file
20:29:43 Saved sacks file successfully
20:30:26 saveConfig: saving-data
20:30:26 Saving sacks file
20:30:26 Saved sacks file successfully
20:30:26 saveConfig: saving-data
20:30:26 Saving sacks file
20:30:26 Saved sacks file successfully
20:30:28 saveConfig: auto-save-60s
20:30:28 Saving config file
20:30:28 Saved config file successfully
20:30:28 saveConfig: auto-save-60s
20:30:28 Saving config file
20:30:28 Saved config file successfully
20:30:57 saveConfig: saving-data
20:30:57 Saving sacks file
20:30:57 Saved sacks file successfully
20:30:57 saveConfig: saving-data
20:30:57 Saving sacks file
20:30:57 Saved sacks file successfully
20:31:28 saveConfig: auto-save-60s
20:31:28 Saving config file
20:31:28 Saved config file successfully
20:31:28 saveConfig: auto-save-60s
20:31:28 Saving config file
20:31:28 Saved config file successfully
20:31:29 saveConfig: saving-data
20:31:29 Saving sacks file
20:31:29 Saved sacks file successfully
20:31:29 saveConfig: saving-data
20:31:29 Saving sacks file
20:31:29 Saved sacks file successfully
20:31:37 saveConfig: saving-data
20:31:37 Saving sacks file
20:31:37 Saved sacks file successfully
20:31:37 saveConfig: saving-data
20:31:37 Saving sacks file
20:31:37 Saved sacks file successfully
20:31:55 saveConfig: saving-data
20:31:55 Saving sacks file
20:31:55 Saved sacks file successfully
20:31:55 saveConfig: saving-data
20:31:55 Saving sacks file
20:31:55 Saved sacks file successfully
20:32:06 saveConfig: saving-data
20:32:06 Saving sacks file
20:32:06 Saved sacks file successfully
20:32:06 saveConfig: saving-data
20:32:06 Saving sacks file
20:32:06 Saved sacks file successfully
20:32:22 saveConfig: saving-data
20:32:22 Saving sacks file
20:32:22 Saved sacks file successfully
20:32:22 saveConfig: saving-data
20:32:22 Saving sacks file
20:32:22 Saved sacks file successfully
20:32:28 saveConfig: auto-save-60s
20:32:28 Saving config file
20:32:28 Saved config file successfully
20:32:28 saveConfig: auto-save-60s
20:32:28 Saving config file
20:32:28 Saved config file successfully
20:33:01 saveConfig: saving-data
20:33:01 Saving sacks file
20:33:01 Saved sacks file successfully
20:33:01 saveConfig: saving-data
20:33:01 Saving sacks file
20:33:01 Saved sacks file successfully
20:33:28 saveConfig: auto-save-60s
20:33:28 Saving config file
20:33:28 Saved config file successfully
20:33:28 saveConfig: auto-save-60s
20:33:28 Saving config file
20:33:28 Saved config file successfully
20:33:39 saveConfig: saving-data
20:33:39 Saving sacks file
20:33:39 Saved sacks file successfully
20:33:39 saveConfig: saving-data
20:33:39 Saving sacks file
20:33:39 Saved sacks file successfully
20:33:52 saveConfig: saving-data
20:33:52 Saving sacks file
20:33:52 Saved sacks file successfully
20:33:52 saveConfig: saving-data
20:33:52 Saving sacks file
20:33:52 Saved sacks file successfully
20:34:07 saveConfig: saving-data
20:34:07 Saving sacks file
20:34:07 Saved sacks file successfully
20:34:07 saveConfig: saving-data
20:34:07 Saving sacks file
20:34:07 Saved sacks file successfully
20:34:28 saveConfig: auto-save-60s
20:34:28 Saving config file
20:34:28 Saved config file successfully
20:34:28 saveConfig: auto-save-60s
20:34:28 Saving config file
20:34:28 Saved config file successfully
20:34:37 saveConfig: saving-data
20:34:37 Saving sacks file
20:34:37 Saved sacks file successfully
20:34:37 saveConfig: saving-data
20:34:37 Saving sacks file
20:34:37 Saved sacks file successfully
20:34:45 saveConfig: saving-data
20:34:45 Saving sacks file
20:34:45 Saved sacks file successfully
20:34:45 saveConfig: saving-data
20:34:45 Saving sacks file
20:34:45 Saved sacks file successfully
20:35:06 saveConfig: saving-data
20:35:06 Saving sacks file
20:35:06 Saved sacks file successfully
20:35:06 saveConfig: saving-data
20:35:06 Saving sacks file
20:35:06 Saved sacks file successfully
20:35:20 saveConfig: saving-data
20:35:20 Saving sacks file
20:35:20 Saved sacks file successfully
20:35:20 saveConfig: saving-data
20:35:20 Saving sacks file
20:35:20 Saved sacks file successfully
20:35:28 saveConfig: auto-save-60s
20:35:28 Saving config file
20:35:28 Saved config file successfully
20:35:28 saveConfig: auto-save-60s
20:35:28 Saving config file
20:35:28 Saved config file successfully
20:35:51 saveConfig: saving-data
20:35:51 Saving sacks file
20:35:51 Saved sacks file successfully
20:35:51 saveConfig: saving-data
20:35:51 Saving sacks file
20:35:51 Saved sacks file successfully
20:36:23 saveConfig: saving-data
20:36:23 Saving sacks file
20:36:23 Saved sacks file successfully
20:36:23 saveConfig: saving-data
20:36:23 Saving sacks file
20:36:23 Saved sacks file successfully
20:36:28 saveConfig: auto-save-60s
20:36:28 Saving config file
20:36:28 Saved config file successfully
20:36:28 saveConfig: auto-save-60s
20:36:28 Saving config file
20:36:28 Saved config file successfully
20:36:48 saveConfig: saving-data
20:36:48 Saving sacks file
20:36:48 Saved sacks file successfully
20:36:48 saveConfig: saving-data
20:36:48 Saving sacks file
20:36:48 Saved sacks file successfully
20:37:00 saveConfig: saving-data
20:37:00 Saving sacks file
20:37:00 Saved sacks file successfully
20:37:00 saveConfig: saving-data
20:37:00 Saving sacks file
20:37:00 Saved sacks file successfully
20:37:15 saveConfig: saving-data
20:37:15 Saving sacks file
20:37:15 Saved sacks file successfully
20:37:15 saveConfig: saving-data
20:37:15 Saving sacks file
20:37:15 Saved sacks file successfully
20:37:28 saveConfig: auto-save-60s
20:37:28 Saving config file
20:37:28 Saved config file successfully
20:37:28 saveConfig: auto-save-60s
20:37:28 Saving config file
20:37:28 Saved config file successfully
20:37:43 saveConfig: saving-data
20:37:43 Saving sacks file
20:37:43 Saved sacks file successfully
20:37:43 saveConfig: saving-data
20:37:43 Saving sacks file
20:37:43 Saved sacks file successfully
20:38:28 saveConfig: auto-save-60s
20:38:28 Saving config file
20:38:28 Saved config file successfully
20:38:28 saveConfig: auto-save-60s
20:38:28 Saving config file
20:38:28 Saved config file successfully
20:39:28 saveConfig: auto-save-60s
20:39:28 Saving config file
20:39:28 Saved config file successfully
20:39:28 saveConfig: auto-save-60s
20:39:28 Saving config file
20:39:28 Saved config file successfully
20:40:28 saveConfig: auto-save-60s
20:40:28 Saving config file
20:40:28 Saved config file successfully
20:40:28 saveConfig: auto-save-60s
20:40:28 Saving config file
20:40:28 Saved config file successfully
20:41:28 saveConfig: auto-save-60s
20:41:28 Saving config file
20:41:28 Saved config file successfully
20:41:28 saveConfig: auto-save-60s
20:41:28 Saving config file
20:41:28 Saved config file successfully
20:42:28 saveConfig: auto-save-60s
20:42:28 Saving config file
20:42:28 Saved config file successfully
20:42:28 saveConfig: auto-save-60s
20:42:28 Saving config file
20:42:28 Saved config file successfully
20:43:28 saveConfig: auto-save-60s
20:43:28 Saving config file
20:43:28 Saved config file successfully
20:43:28 saveConfig: auto-save-60s
20:43:28 Saving config file
20:43:28 Saved config file successfully
20:44:28 saveConfig: auto-save-60s
20:44:28 Saving config file
20:44:28 Saved config file successfully
20:44:28 saveConfig: auto-save-60s
20:44:28 Saving config file
20:44:28 Saved config file successfully
20:45:28 saveConfig: auto-save-60s
20:45:28 Saving config file
20:45:28 Saved config file successfully
20:45:28 saveConfig: auto-save-60s
20:45:28 Saving config file
20:45:28 Saved config file successfully
20:46:28 saveConfig: auto-save-60s
20:46:28 Saving config file
20:46:28 Saved config file successfully
20:46:28 saveConfig: auto-save-60s
20:46:28 Saving config file
20:46:28 Saved config file successfully
20:47:28 saveConfig: auto-save-60s
20:47:28 Saving config file
20:47:28 Saved config file successfully
20:47:28 saveConfig: auto-save-60s
20:47:28 Saving config file
20:47:28 Saved config file successfully
20:48:26 saveConfig: saving-data
20:48:26 Saving sacks file
20:48:26 Saved sacks file successfully
20:48:26 saveConfig: saving-data
20:48:26 Saving sacks file
20:48:26 Saved sacks file successfully
20:48:28 saveConfig: auto-save-60s
20:48:28 Saving config file
20:48:28 Saved config file successfully
20:48:28 saveConfig: auto-save-60s
20:48:28 Saving config file
20:48:28 Saved config file successfully
20:48:32 saveConfig: saving-data
20:48:32 Saving sacks file
20:48:32 Saved sacks file successfully
20:48:32 saveConfig: saving-data
20:48:32 Saving sacks file
20:48:32 Saved sacks file successfully
20:48:53 saveConfig: saving-data
20:48:53 Saving sacks file
20:48:53 Saved sacks file successfully
20:48:53 saveConfig: saving-data
20:48:53 Saving sacks file
20:48:53 Saved sacks file successfully
20:48:59 saveConfig: saving-data
20:48:59 Saving sacks file
20:48:59 Saved sacks file successfully
20:48:59 saveConfig: saving-data
20:48:59 Saving sacks file
20:48:59 Saved sacks file successfully
20:49:22 saveConfig: saving-data
20:49:22 Saving sacks file
20:49:22 Saved sacks file successfully
20:49:22 saveConfig: saving-data
20:49:22 Saving sacks file
20:49:22 Saved sacks file successfully
20:49:28 saveConfig: auto-save-60s
20:49:28 Saving config file
20:49:28 Saved config file successfully
20:49:28 saveConfig: auto-save-60s
20:49:28 Saving config file
20:49:28 Saved config file successfully
20:49:58 saveConfig: saving-data
20:49:58 Saving sacks file
20:49:58 Saved sacks file successfully
20:49:58 saveConfig: saving-data
20:49:58 Saving sacks file
20:49:58 Saved sacks file successfully
20:50:28 saveConfig: auto-save-60s
20:50:28 Saving config file
20:50:28 Saved config file successfully
20:50:28 saveConfig: auto-save-60s
20:50:28 Saving config file
20:50:28 Saved config file successfully
20:50:30 saveConfig: saving-data
20:50:30 Saving sacks file
20:50:33 Saved sacks file successfully
20:50:33 saveConfig: saving-data
20:50:33 Saving sacks file
20:50:33 Saved sacks file successfully
20:50:47 saveConfig: saving-data
20:50:47 Saving sacks file
20:50:47 Saved sacks file successfully
20:50:47 saveConfig: saving-data
20:50:47 Saving sacks file
20:50:47 Saved sacks file successfully
20:51:26 saveConfig: saving-data
20:51:26 Saving sacks file
20:51:26 Saved sacks file successfully
20:51:26 saveConfig: saving-data
20:51:26 Saving sacks file
20:51:26 Saved sacks file successfully
20:51:28 saveConfig: auto-save-60s
20:51:28 Saving config file
20:51:28 Saved config file successfully
20:51:28 saveConfig: auto-save-60s
20:51:28 Saving config file
20:51:28 Saved config file successfully
20:51:45 saveConfig: saving-data
20:51:45 Saving sacks file
20:51:45 Saved sacks file successfully
20:51:45 saveConfig: saving-data
20:51:45 Saving sacks file
20:51:45 Saved sacks file successfully
20:52:01 saveConfig: saving-data
20:52:01 Saving sacks file
20:52:01 Saved sacks file successfully
20:52:01 saveConfig: saving-data
20:52:01 Saving sacks file
20:52:01 Saved sacks file successfully
20:52:11 saveConfig: saving-data
20:52:11 Saving sacks file
20:52:11 Saved sacks file successfully
20:52:11 saveConfig: saving-data
20:52:11 Saving sacks file
20:52:11 Saved sacks file successfully
20:52:20 saveConfig: saving-data
20:52:20 Saving sacks file
20:52:20 Saved sacks file successfully
20:52:20 saveConfig: saving-data
20:52:20 Saving sacks file
20:52:20 Saved sacks file successfully
20:52:28 saveConfig: auto-save-60s
20:52:28 Saving config file
20:52:28 Saved config file successfully
20:52:28 saveConfig: auto-save-60s
20:52:28 Saving config file
20:52:28 Saved config file successfully
20:52:41 saveConfig: saving-data
20:52:41 Saving sacks file
20:52:41 Saved sacks file successfully
20:52:41 saveConfig: saving-data
20:52:41 Saving sacks file
20:52:41 Saved sacks file successfully
20:52:55 saveConfig: saving-data
20:52:55 Saving sacks file
20:52:55 Saved sacks file successfully
20:52:55 saveConfig: saving-data
20:52:55 Saving sacks file
20:52:55 Saved sacks file successfully
20:53:09 saveConfig: saving-data
20:53:09 Saving sacks file
20:53:09 Saved sacks file successfully
20:53:09 saveConfig: saving-data
20:53:09 Saving sacks file
20:53:09 Saved sacks file successfully
20:53:16 saveConfig: saving-data
20:53:16 Saving sacks file
20:53:16 Saved sacks file successfully
20:53:16 saveConfig: saving-data
20:53:16 Saving sacks file
20:53:16 Saved sacks file successfully
20:53:28 saveConfig: auto-save-60s
20:53:28 Saving config file
20:53:28 Saved config file successfully
20:53:28 saveConfig: auto-save-60s
20:53:28 Saving config file
20:53:28 Saved config file successfully
20:53:30 saveConfig: saving-data
20:53:30 Saving sacks file
20:53:30 Saved sacks file successfully
20:53:30 saveConfig: saving-data
20:53:30 Saving sacks file
20:53:30 Saved sacks file successfully
20:54:01 saveConfig: saving-data
20:54:01 Saving sacks file
20:54:01 Saved sacks file successfully
20:54:01 saveConfig: saving-data
20:54:01 Saving sacks file
20:54:01 Saved sacks file successfully
20:54:25 saveConfig: saving-data
20:54:25 Saving sacks file
20:54:25 Saved sacks file successfully
20:54:25 saveConfig: saving-data
20:54:25 Saving sacks file
20:54:25 Saved sacks file successfully
20:54:28 saveConfig: auto-save-60s
20:54:28 Saving config file
20:54:28 Saved config file successfully
20:54:28 saveConfig: auto-save-60s
20:54:28 Saving config file
20:54:28 Saved config file successfully
20:54:35 saveConfig: saving-data
20:54:35 Saving sacks file
20:54:35 Saved sacks file successfully
20:54:35 saveConfig: saving-data
20:54:35 Saving sacks file
20:54:35 Saved sacks file successfully
20:54:39 saveConfig: saving-data
20:54:39 Saving sacks file
20:54:39 Saved sacks file successfully
20:54:39 saveConfig: saving-data
20:54:39 Saving sacks file
20:54:39 Saved sacks file successfully
20:54:46 saveConfig: saving-data
20:54:46 Saving sacks file
20:54:46 Saved sacks file successfully
20:54:46 saveConfig: saving-data
20:54:46 Saving sacks file
20:54:46 Saved sacks file successfully
20:54:47 saveConfig: saving-data
20:54:47 Saving sacks file
20:54:47 Saved sacks file successfully
20:54:47 saveConfig: saving-data
20:54:47 Saving sacks file
20:54:47 Saved sacks file successfully
20:54:50 saveConfig: saving-data
20:54:50 Saving sacks file
20:54:50 Saved sacks file successfully
20:54:50 saveConfig: saving-data
20:54:50 Saving sacks file
20:54:50 Saved sacks file successfully
20:55:06 saveConfig: saving-data
20:55:06 Saving sacks file
20:55:06 Saved sacks file successfully
20:55:06 saveConfig: saving-data
20:55:06 Saving sacks file
20:55:06 Saved sacks file successfully
20:55:17 saveConfig: saving-data
20:55:17 Saving sacks file
20:55:17 Saved sacks file successfully
20:55:17 saveConfig: saving-data
20:55:17 Saving sacks file
20:55:17 Saved sacks file successfully
20:55:21 saveConfig: saving-data
20:55:21 Saving sacks file
20:55:21 Saved sacks file successfully
20:55:21 saveConfig: saving-data
20:55:21 Saving sacks file
20:55:21 Saved sacks file successfully
20:55:27 saveConfig: saving-data
20:55:27 Saving sacks file
20:55:27 Saved sacks file successfully
20:55:27 saveConfig: saving-data
20:55:27 Saving sacks file
20:55:27 Saved sacks file successfully
20:55:28 saveConfig: auto-save-60s
20:55:28 Saving config file
20:55:28 Saved config file successfully
20:55:28 saveConfig: auto-save-60s
20:55:28 Saving config file
20:55:28 Saved config file successfully
20:55:32 saveConfig: saving-data
20:55:32 Saving sacks file
20:55:32 Saved sacks file successfully
20:55:32 saveConfig: saving-data
20:55:32 Saving sacks file
20:55:32 Saved sacks file successfully
20:55:34 saveConfig: saving-data
20:55:34 Saving sacks file
20:55:34 Saved sacks file successfully
20:55:34 saveConfig: saving-data
20:55:34 Saving sacks file
20:55:34 Saved sacks file successfully
20:55:43 saveConfig: saving-data
20:55:43 Saving sacks file
20:55:43 Saved sacks file successfully
20:55:43 saveConfig: saving-data
20:55:43 Saving sacks file
20:55:43 Saved sacks file successfully
20:56:17 saveConfig: shutdown-hook
20:56:17 Saving config file
