08:56:39 §e[SkyHanni] Reloaded 7531 items in the NEU repo
09:39:26 §6§lBESTIARY §r§b§lGolden Goblin §7§85 §8➡§b §b6
10:03:02 §6§lBESTIARY §r§b§lGrunt §7§b1
10:05:44 §6§lBESTIARY §r§b§lAutomaton §7§b1
10:08:47 §e[SkyHanni] The Broodmother was killed!
10:10:46 §6§lBESTIARY §r§b§lSludge §7§b1
10:10:52 §6§lBESTIARY §r§b§lSludge §7§81 §8➡§b §b2
10:12:32 §6§lBESTIARY MILESTONE §866➡§e67
10:12:32 §6§lBESTIARY MILESTONE §866➡§e67
10:12:32 §6§lBESTIARY MILESTONE §866➡§e67
10:12:32 §6§lBESTIARY MILESTONE §866➡§e67
10:12:32 §6§lBESTIARY MILESTONE §866➡§e67
10:13:09 §6§lBESTIARY §r§b§lSpider §7§b1
10:51:12 §c[SkyHanni 4.7.0 1.21.5]: Could not find server id§c. Click here to copy the error into the clipboard.
10:58:45 §6§lBESTIARY §r§b§lFels §7§81 §8➡§b §b2
11:01:12 §c[SkyHanni 4.7.0 1.21.5]: Could not find server id§c. Click here to copy the error into the clipboard.
11:05:19 §6§lBESTIARY §r§b§lShadow Assassin §7§87 §8➡§b §b8
11:19:45 §c[SkyHanni 4.7.0 1.21.5]: Could not find server id§c. Click here to copy the error into the clipboard.
11:31:05 §c[SkyHanni 4.7.0 1.21.5]: Could not find server id§c. Click here to copy the error into the clipboard.
11:31:57 §6§lBESTIARY §r§b§lShadow Assassin §7§88 §8➡§b §b9
11:41:05 §c[SkyHanni 4.7.0 1.21.5]: Could not find server id§c. Click here to copy the error into the clipboard.
11:41:45 §6§lBESTIARY §r§b§lFels §7§82 §8➡§b §b3
12:01:31 §e[SkyHanni] Successfully loaded this year's contests from elitebot.dev automatically!
12:03:34 §6§lBESTIARY §r§b§lMoth §7§85 §8➡§b §b6
12:05:06 §e[SkyHanni] §e1 §aPest Spawned in §b20§a!
12:06:08 §e[SkyHanni] Loaded Nether Wart milestone data from tab list!
12:25:10 §e[SkyHanni] §e1 §aPest Spawned in §b14§a!
12:25:27 §6§lBESTIARY §r§b§lMite §7§83 §8➡§b §b4
12:30:23 §e[SkyHanni] §e1 §aPest Spawned in §b4§a!
12:37:46 §e[SkyHanni] §e1 §aPest Spawned in §b7§a!
12:39:27 §e[SkyHanni] Loaded Pumpkin milestone data from tab list!
12:42:59 §e[SkyHanni] §e1 §aPest Spawned in §b4§a!
12:56:32 §6§lBESTIARY §r§b§lLapis Zombie §7§84 §8➡§b §b5
12:56:52 §6§lBESTIARY §r§b§lRedstone Pigman §7§b1
12:57:33 §6§lBESTIARY MILESTONE §867➡§e68
12:57:33 §6§lBESTIARY MILESTONE §867➡§e68
12:57:33 §6§lBESTIARY MILESTONE §867➡§e68
12:57:33 §6§lBESTIARY MILESTONE §867➡§e68
12:57:33 §6§lBESTIARY MILESTONE §867➡§e68
12:58:16 §6§lBESTIARY §r§b§lRedstone Pigman §7§81 §8➡§b §b2
