01:13:42 [EMPTY] §f §r§r§r§f §r§r§r§1 §r§r§r§0 §r§r§r§2 §r§r§r§f §r§r§r§f §r§r§r§2 §r§r§r§0 §r§r§r§4 §r§r§r§3 §r§r§r§9 §r§r§r§2 §r§r§r§0 §r§r§r§0 §r§r§r§3 §r§r§r§9 §r§r§r§2 §r§r§r§0 §r§r§r§0 §r§r§r§3 §r§r§r§9 §r§r§r§2 §r§r§r§0 §r§r§r§0 
01:14:12 [EMPTY] §8 §r§8 §r§1 §r§3 §r§3 §r§7 §r§8 
01:14:15 [EMPTY] 
01:14:15 [WELCOME] §eWelcome to §r§aHypixel SkyBlock§r§e!
01:14:15 [EMPTY] 
01:14:16 [PROFILE_JOIN] §aYou are playing on profile: §eLemon§b (Co-op)
01:14:16 [PROFILE_JOIN] §8Profile ID: 62b760d8-92b6-4501-ada0-1fd8583f5266
01:14:16 [EMPTY] 
01:14:16 [EMPTY] 
01:14:16 [EMPTY] 
01:14:16 [EMPTY] 
01:18:25 [GUILD_EXP] §aYou earned §r§2333 GEXP §r§a+ §r§e999 Event EXP §r§afrom playing SkyBlock!
01:19:15 [EMPTY] 
01:22:11 [EMPTY] 
01:23:25 [GUILD_EXP] §aYou earned §r§2416 GEXP §r§a+ §r§e1,090 Event EXP §r§afrom playing SkyBlock!
01:23:57 [EMPTY] §8 §r§8 §r§1 §r§3 §r§3 §r§7 §r§8 
01:24:01 [PROFILE_JOIN] §aYou are playing on profile: §eLemon§b (Co-op)
01:24:01 [PROFILE_JOIN] §8Profile ID: 62b760d8-92b6-4501-ada0-1fd8583f5266
01:27:34 [EMPTY] §8 §r§8 §r§1 §r§3 §r§3 §r§7 §r§8 
01:27:37 [PROFILE_JOIN] §aYou are playing on profile: §eLemon§b (Co-op)
01:27:37 [PROFILE_JOIN] §8Profile ID: 62b760d8-92b6-4501-ada0-1fd8583f5266
01:31:38 [EMPTY] §8 §r§8 §r§1 §r§3 §r§3 §r§7 §r§8 
01:31:42 [PROFILE_JOIN] §aYou are playing on profile: §eLemon§b (Co-op)
01:31:42 [PROFILE_JOIN] §8Profile ID: 62b760d8-92b6-4501-ada0-1fd8583f5266
01:33:03 [EMPTY] §8 §r§8 §r§1 §r§3 §r§3 §r§7 §r§8 
01:33:07 [PROFILE_JOIN] §aYou are playing on profile: §eLemon§b (Co-op)
01:33:07 [PROFILE_JOIN] §8Profile ID: 62b760d8-92b6-4501-ada0-1fd8583f5266
01:33:34 [EMPTY]  
01:33:34 [BESTIARY] §f                                  §6§lBESTIARY
01:33:34 [BESTIARY] §f                                 §b§lSkeleton §7§b1
01:33:34 [BESTIARY] 
01:33:34 [BESTIARY]                                   §r§6§lREWARDS
01:33:34 [BESTIARY]                          §r§8+§r§a2 Skeleton §r§b✯ Magic Find
01:33:34 [BESTIARY]                          §r§8+§r§a2 Skeleton §r§c❁ Strength
01:33:34 [BESTIARY]                              §r§8+§r§62% §r§aSkeleton §r§7coins
01:33:34 [BESTIARY]                     §r§8+§r§a50% §r§7chance for extra XP orbs
01:33:34 [BESTIARY]                                §r§8+§r§b1 SkyBlock XP
01:33:34 [BESTIARY] 
01:33:34 [BESTIARY] §3§l▬▬▬▬▬▬▬▬▬▬▬▬▬▬▬▬▬▬▬▬▬▬▬▬▬▬▬▬▬▬▬▬▬▬▬▬▬▬▬▬▬▬▬▬▬▬▬▬▬▬▬▬▬▬▬▬▬▬▬▬▬▬▬▬
01:34:14 [EMPTY] §8 §r§8 §r§1 §r§3 §r§3 §r§7 §r§8 
01:34:18 [PROFILE_JOIN] §aYou are playing on profile: §eLemon§b (Co-op)
01:34:18 [PROFILE_JOIN] §8Profile ID: 62b760d8-92b6-4501-ada0-1fd8583f5266
01:37:29 [EMPTY] §8 §r§8 §r§1 §r§3 §r§3 §r§7 §r§8 
01:37:32 [PROFILE_JOIN] §aYou are playing on profile: §eLemon§b (Co-op)
01:37:32 [PROFILE_JOIN] §8Profile ID: 62b760d8-92b6-4501-ada0-1fd8583f5266
01:41:27 [GUILD_EXP] §aYou earned §r§2413 GEXP §r§afrom playing SkyBlock!
01:44:02 [EMPTY] 
01:44:02 [EMPTY] 
01:44:02 [EMPTY] 
01:44:02 [EMPTY] 
01:46:33 [GUILD_EXP] §aYou earned §r§2655 GEXP §r§afrom playing SkyBlock!
01:46:58 [EMPTY] §8 §r§8 §r§1 §r§3 §r§3 §r§7 §r§8 
01:47:02 [PROFILE_JOIN] §aYou are playing on profile: §eLemon§b (Co-op)
01:47:02 [PROFILE_JOIN] §8Profile ID: 62b760d8-92b6-4501-ada0-1fd8583f5266
01:49:48 [EMPTY] §8 §r§8 §r§1 §r§3 §r§3 §r§7 §r§8 
01:49:52 [PROFILE_JOIN] §aYou are playing on profile: §eLemon§b (Co-op)
01:49:52 [PROFILE_JOIN] §8Profile ID: 62b760d8-92b6-4501-ada0-1fd8583f5266
01:50:35 [PEST_DROP] §eYou received §a10x Enchanted Potato §efor killing a §2Locust§e!
01:50:52 [PEST_DROP] §eYou received §a11x Enchanted Sugar §efor killing a §2Mosquito§e!
01:51:15 [PEST_DROP] §eYou received §a35x Enchanted Melon §efor killing an §2Earthworm§e!
01:51:35 [EMPTY]  
01:51:35 [BESTIARY] §f                                  §6§lBESTIARY
01:51:35 [BESTIARY] §f                                 §b§lSlug §7§86 §8➡§b §b7
01:51:35 [BESTIARY] 
01:51:35 [BESTIARY]                                   §r§6§lREWARDS
01:51:35 [BESTIARY]                           §r§6+0.4☘ Farming Fortune
01:51:35 [BESTIARY]                                §r§8+§r§62% §r§aSlug §r§7coins
01:51:35 [BESTIARY]                     §r§8+§r§a50% §r§7chance for extra XP orbs
01:51:35 [BESTIARY]                                §r§8+§r§b1 SkyBlock XP
01:51:35 [BESTIARY] 
01:51:35 [BESTIARY] §3§l▬▬▬▬▬▬▬▬▬▬▬▬▬▬▬▬▬▬▬▬▬▬▬▬▬▬▬▬▬▬▬▬▬▬▬▬▬▬▬▬▬▬▬▬▬▬▬▬▬▬▬▬▬▬▬▬▬▬▬▬▬▬▬▬
01:51:35 [PEST_DROP] §eYou received §a8x Enchanted Brown Mushroom §efor killing a §2Slug§e!
01:51:54 [PEST_DROP] §eYou received §a9x Enchanted Wheat §efor killing a §2Fly§e!
01:52:12 [EMPTY]  
01:52:12 [BESTIARY] §f                                  §6§lBESTIARY
01:52:12 [BESTIARY] §f                              §b§lMosquito §7§85 §8➡§b §b6
01:52:12 [BESTIARY] 
01:52:12 [BESTIARY]                                   §r§6§lREWARDS
01:52:12 [BESTIARY]                           §r§6+0.4☘ Farming Fortune
01:52:12 [BESTIARY]                              §r§8+§r§62% §r§aMosquito §r§7coins
01:52:12 [BESTIARY]                     §r§8+§r§a50% §r§7chance for extra XP orbs
01:52:12 [BESTIARY]                                §r§8+§r§b1 SkyBlock XP
01:52:12 [BESTIARY] 
01:52:12 [BESTIARY] §3§l▬▬▬▬▬▬▬▬▬▬▬▬▬▬▬▬▬▬▬▬▬▬▬▬▬▬▬▬▬▬▬▬▬▬▬▬▬▬▬▬▬▬▬▬▬▬▬▬▬▬▬▬▬▬▬▬▬▬▬▬▬▬▬▬
01:52:12 [PEST_DROP] §eYou received §a19x Enchanted Sugar §efor killing a §2Mosquito§e!
01:52:47 [EMPTY]  
01:52:47 [BESTIARY] §f                                  §6§lBESTIARY
01:52:47 [BESTIARY] §f                                 §b§lMoth §7§84 §8➡§b §b5
01:52:47 [BESTIARY] 
01:52:47 [BESTIARY]                                   §r§6§lREWARDS
01:52:47 [BESTIARY]                           §r§6+0.4☘ Farming Fortune
01:52:47 [BESTIARY]                                §r§8+§r§62% §r§aMoth §r§7coins
01:52:47 [BESTIARY]                     §r§8+§r§a50% §r§7chance for extra XP orbs
01:52:47 [BESTIARY]                                §r§8+§r§b1 SkyBlock XP
01:52:47 [BESTIARY] 
01:52:47 [BESTIARY] §3§l▬▬▬▬▬▬▬▬▬▬▬▬▬▬▬▬▬▬▬▬▬▬▬▬▬▬▬▬▬▬▬▬▬▬▬▬▬▬▬▬▬▬▬▬▬▬▬▬▬▬▬▬▬▬▬▬▬▬▬▬▬▬▬▬
01:52:47 [PEST_DROP] §eYou received §a27x Enchanted Cocoa Beans §efor killing a §2Moth§e!
01:53:16 [EMPTY]  
01:53:16 [BESTIARY] §f                                  §6§lBESTIARY
01:53:16 [BESTIARY] §f                            §b§lEarthworm §7§84 §8➡§b §b5
01:53:16 [BESTIARY] 
01:53:16 [BESTIARY]                                   §r§6§lREWARDS
01:53:16 [BESTIARY]                           §r§6+0.4☘ Farming Fortune
01:53:16 [BESTIARY]                            §r§8+§r§62% §r§aEarthworm §r§7coins
01:53:16 [BESTIARY]                     §r§8+§r§a50% §r§7chance for extra XP orbs
01:53:16 [BESTIARY]                                §r§8+§r§b1 SkyBlock XP
01:53:16 [BESTIARY] 
01:53:16 [BESTIARY]   §r§f                         §6§lBESTIARY MILESTONE
01:53:16 [BESTIARY]   §r§f                                    §864➡§e65
01:53:16 [BESTIARY] §6§lBESTIARY MILESTONE §864➡§e65
01:53:16 [BESTIARY] §6§lBESTIARY MILESTONE §864➡§e65
01:53:16 [BESTIARY] §6§lBESTIARY MILESTONE §864➡§e65
01:53:16 [BESTIARY] §6§lBESTIARY MILESTONE §864➡§e65
01:53:16 [BESTIARY] §6§lBESTIARY MILESTONE §864➡§e65
01:53:16 [BESTIARY] 
01:53:16 [PEST_DROP] §eYou received §a47x Enchanted Melon §efor killing an §2Earthworm§e!
01:53:25 [GARDEN_VISITOR_MESSAGE] §e[NPC] §9Old Man Garry§f: §r§fPeople have no manners these days. They come up to me, and disappear instantly! They don't even greet me! Back in my day, we were raised better than that.
01:53:26 [GARDEN_VISITOR_MESSAGE] §e[NPC] §aArthur§f: §r§fMy wheat minion has been slacking recently, I am thinking about giving it an upgrade. He hasn't produced any wheat in years! Every time I check on him, he's empty.
01:53:29 [GARDEN_VISITOR_MESSAGE] §e[NPC] §aHornum§f: §r§fBuurrrp!
01:53:31 [GARDEN_VISITOR_MESSAGE] §e[NPC] §aFriendly Hiker§f: §r§fI'm planning to head back into the gorge to fetch my hiker friend, but I'll need some meat to cook before I head in there.
01:53:35 [GARDEN_VISITOR_MESSAGE] §e[NPC] §aHornum§f: §r§fburp
01:53:38 [GARDEN_VISITOR_MESSAGE] §e[NPC] §9Iron Forger§f: §r§fI've recently got into cooking, yesterday I made pasta carbonara, today I'm planning on baking a carrot cake.
01:53:39 [NEW_VISITOR_ARRIVED] §a§r§aLynn §r§ehas arrived on your §r§aGarden§r§e!
01:53:41 [GARDEN_VISITOR_MESSAGE] §e[NPC] §aLynn§f: §r§fIf you ever get lost, you should check on the Desk on what to do next.
01:53:43 [COMPACT_VISITOR] §6§lOFFER ACCEPTED §r§8with §r§aLynn §r§8(§r§a§lUNCOMMON§r§8)
01:53:43 [EMPTY] 
01:53:43 [COMPACT_VISITOR]   §r§a§lREWARDS
01:53:43 [COMPACT_VISITOR]     §r§8+§r§215 §r§7Garden Experience
01:53:43 [COMPACT_VISITOR]     §r§8+§r§35.8k §r§7Farming XP
01:53:43 [COMPACT_VISITOR]     §r§8+§r§c20 Copper
01:53:43 [EMPTY] 
01:53:43 [GARDEN_VISITOR_MESSAGE] §e[NPC] §aLynn§f: §r§fHave a good one.
01:54:49 [GUILD_EXP] §aYou earned §r§2558 GEXP §r§afrom playing SkyBlock!
01:55:37 [PESTS_SPAWN] §6§lGROSS! §7A §2Pest §7has appeared in §aPlot §7- §b7§7!
01:55:37 [PESTS_SPAWN]   §r§e§lCLICK HERE §eto teleport to the plot!
01:55:52 [PEST_DROP] §eYou received §a19x Enchanted Sugar §efor killing a §2Mosquito§e!
01:59:36 [NEW_VISITOR_ARRIVED] §9§r§9Tammy §r§ehas arrived on your §r§aGarden§r§e!
01:59:50 [GUILD_EXP] §aYou earned §r§2750 GEXP §r§afrom playing SkyBlock!
02:02:30 [PESTS_SPAWN] §6§lGROSS! §7A §2Pest §7has appeared in §aPlot §7- §b4§7!
02:02:30 [PESTS_SPAWN]   §r§e§lCLICK HERE §eto teleport to the plot!
02:02:45 [PEST_DROP] §eYou received §a19x Enchanted Cactus Green §efor killing a §2Mite§e!
02:04:51 [GUILD_EXP] §aYou earned §r§2730 GEXP §r§afrom playing SkyBlock!
02:07:31 [PESTS_SPAWN] §6§lGROSS! §7A §2Pest §7has appeared in §aPlot §7- §b4§7!
02:07:31 [PESTS_SPAWN]   §r§e§lCLICK HERE §eto teleport to the plot!
02:07:45 [PEST_DROP] §eYou received §a29x Enchanted Nether Wart §efor killing a §2Beetle§e!
02:09:07 [EMPTY] §8 §r§8 §r§1 §r§3 §r§3 §r§7 §r§8 
02:09:08 [EMPTY]  
02:09:08 [EMPTY]   
02:09:11 [PROFILE_JOIN] §aYou are playing on profile: §eLemon§b (Co-op)
02:09:11 [PROFILE_JOIN] §8Profile ID: 62b760d8-92b6-4501-ada0-1fd8583f5266
02:09:12 [EMPTY]  
02:09:12 [EMPTY]  
02:09:12 [EMPTY]  
02:09:49 [EMPTY] §8 §r§8 §r§1 §r§3 §r§3 §r§7 §r§8 
02:09:52 [PROFILE_JOIN] §aYou are playing on profile: §eLemon§b (Co-op)
02:09:52 [PROFILE_JOIN] §8Profile ID: 62b760d8-92b6-4501-ada0-1fd8583f5266
02:13:26 [PESTS_SPAWN] §6§lGROSS! §7A §2Pest §7has appeared in §aPlot §7- §b7§7!
02:13:26 [PESTS_SPAWN]   §r§e§lCLICK HERE §eto teleport to the plot!
02:13:45 [EMPTY]  
02:13:45 [BESTIARY] §f                                  §6§lBESTIARY
02:13:45 [BESTIARY] §f                                  §b§lFly §7§84 §8➡§b §b5
02:13:45 [BESTIARY] 
02:13:45 [BESTIARY]                                   §r§6§lREWARDS
02:13:45 [BESTIARY]                           §r§6+0.4☘ Farming Fortune
02:13:45 [BESTIARY]                                 §r§8+§r§62% §r§aFly §r§7coins
02:13:45 [BESTIARY]                     §r§8+§r§a50% §r§7chance for extra XP orbs
02:13:45 [BESTIARY]                                §r§8+§r§b1 SkyBlock XP
02:13:45 [BESTIARY] 
02:13:45 [BESTIARY] §3§l▬▬▬▬▬▬▬▬▬▬▬▬▬▬▬▬▬▬▬▬▬▬▬▬▬▬▬▬▬▬▬▬▬▬▬▬▬▬▬▬▬▬▬▬▬▬▬▬▬▬▬▬▬▬▬▬▬▬▬▬▬▬▬▬
02:13:45 [PEST_DROP] §eYou received §a10x Enchanted Wheat §efor killing a §2Fly§e!
02:14:50 [GUILD_EXP] §aYou earned §r§2398 GEXP §r§afrom playing SkyBlock!
02:19:00 [PESTS_SPAWN] §6§lGROSS! §7A §2Pest §7has appeared in §aPlot §7- §b4§7!
02:19:00 [PESTS_SPAWN]   §r§e§lCLICK HERE §eto teleport to the plot!
02:19:29 [PEST_DROP] §eYou received §a19x Enchanted Sugar §efor killing a §2Mosquito§e!
02:19:50 [GUILD_EXP] §aYou earned §r§2750 GEXP §r§afrom playing SkyBlock!
02:24:15 [PESTS_SPAWN] §6§lGROSS! §7A §2Pest §7has appeared in §aPlot §7- §b7§7!
02:24:15 [PESTS_SPAWN]   §r§e§lCLICK HERE §eto teleport to the plot!
02:24:39 [EMPTY]  
02:24:39 [BESTIARY] §f                                  §6§lBESTIARY
02:24:39 [BESTIARY] §f                               §b§lLocust §7§86 §8➡§b §b7
02:24:39 [BESTIARY] 
02:24:39 [BESTIARY]                                   §r§6§lREWARDS
02:24:39 [BESTIARY]                           §r§6+0.4☘ Farming Fortune
02:24:39 [BESTIARY]                               §r§8+§r§62% §r§aLocust §r§7coins
02:24:39 [BESTIARY]                     §r§8+§r§a50% §r§7chance for extra XP orbs
02:24:39 [BESTIARY]                                §r§8+§r§b1 SkyBlock XP
02:24:39 [BESTIARY] 
02:24:39 [BESTIARY] §3§l▬▬▬▬▬▬▬▬▬▬▬▬▬▬▬▬▬▬▬▬▬▬▬▬▬▬▬▬▬▬▬▬▬▬▬▬▬▬▬▬▬▬▬▬▬▬▬▬▬▬▬▬▬▬▬▬▬▬▬▬▬▬▬▬
02:24:39 [PEST_DROP] §eYou received §a31x Enchanted Potato §efor killing a §2Locust§e!
02:24:51 [GUILD_EXP] §aYou earned §r§2750 GEXP §r§afrom playing SkyBlock!
02:26:56 [EMPTY] §8 §r§8 §r§1 §r§3 §r§3 §r§7 §r§8 
02:26:59 [PROFILE_JOIN] §aYou are playing on profile: §eLemon§b (Co-op)
02:26:59 [PROFILE_JOIN] §8Profile ID: 62b760d8-92b6-4501-ada0-1fd8583f5266
02:29:45 [EMPTY] §8 §r§8 §r§1 §r§3 §r§3 §r§7 §r§8 
02:29:48 [PROFILE_JOIN] §aYou are playing on profile: §eLemon§b (Co-op)
02:29:48 [PROFILE_JOIN] §8Profile ID: 62b760d8-92b6-4501-ada0-1fd8583f5266
02:30:15 [EMPTY] §8 §r§8 §r§1 §r§3 §r§3 §r§7 §r§8 
02:30:18 [PROFILE_JOIN] §aYou are playing on profile: §eLemon§b (Co-op)
02:30:18 [PROFILE_JOIN] §8Profile ID: 62b760d8-92b6-4501-ada0-1fd8583f5266
02:30:37 [EMPTY] §8 §r§8 §r§1 §r§3 §r§3 §r§7 §r§8 
02:30:40 [PROFILE_JOIN] §aYou are playing on profile: §eLemon§b (Co-op)
02:30:40 [PROFILE_JOIN] §8Profile ID: 62b760d8-92b6-4501-ada0-1fd8583f5266
02:31:03 [EMPTY] §8 §r§8 §r§1 §r§3 §r§3 §r§7 §r§8 
02:31:07 [PROFILE_JOIN] §aYou are playing on profile: §eLemon§b (Co-op)
02:31:07 [PROFILE_JOIN] §8Profile ID: 62b760d8-92b6-4501-ada0-1fd8583f5266
02:36:23 [GUILD_EXP] §aYou earned §r§2413 GEXP §r§afrom playing SkyBlock!
02:37:43 [EMPTY]  
02:37:43 [BESTIARY] §f                                  §6§lBESTIARY
02:37:43 [BESTIARY] §f                         §b§lSplitter Spider §7§88 §8➡§b §b9
02:37:43 [BESTIARY] 
02:37:43 [BESTIARY]                                   §r§6§lREWARDS
02:37:43 [BESTIARY]                      §r§8+§r§a3 Splitter Spider §r§b✯ Magic Find
02:37:43 [BESTIARY]                       §r§8+§r§a3 Splitter Spider §r§c❁ Strength
02:37:43 [BESTIARY]                          §r§8+§r§62% §r§aSplitter Spider §r§7coins
02:37:43 [BESTIARY]                     §r§8+§r§a50% §r§7chance for extra XP orbs
02:37:43 [BESTIARY]                                §r§8+§r§b1 SkyBlock XP
02:37:43 [BESTIARY] 
02:37:43 [BESTIARY] §3§l▬▬▬▬▬▬▬▬▬▬▬▬▬▬▬▬▬▬▬▬▬▬▬▬▬▬▬▬▬▬▬▬▬▬▬▬▬▬▬▬▬▬▬▬▬▬▬▬▬▬▬▬▬▬▬▬▬▬▬▬▬▬▬▬
02:38:29 [EMPTY]  
02:38:29 [BESTIARY] §f                                  §6§lBESTIARY
02:38:29 [BESTIARY] §f                       §b§lArachne's Keeper §7§86 §8➡§b §b7
02:38:29 [BESTIARY] 
02:38:29 [BESTIARY]                                   §r§6§lREWARDS
02:38:29 [BESTIARY]                    §r§8+§r§a3 Arachne's Keeper §r§b✯ Magic Find
02:38:29 [BESTIARY]                    §r§8+§r§a3 Arachne's Keeper §r§c❁ Strength
02:38:29 [BESTIARY]                        §r§8+§r§62% §r§aArachne's Keeper §r§7coins
02:38:29 [BESTIARY]                     §r§8+§r§a50% §r§7chance for extra XP orbs
02:38:29 [BESTIARY]                                §r§8+§r§b1 SkyBlock XP
02:38:29 [BESTIARY] 
02:38:29 [BESTIARY] §3§l▬▬▬▬▬▬▬▬▬▬▬▬▬▬▬▬▬▬▬▬▬▬▬▬▬▬▬▬▬▬▬▬▬▬▬▬▬▬▬▬▬▬▬▬▬▬▬▬▬▬▬▬▬▬▬▬▬▬▬▬▬▬▬▬
02:39:23 [EMPTY]  
02:39:23 [BESTIARY] §f                                  §6§lBESTIARY
02:39:23 [BESTIARY] §f                           §b§lScary Jerry §7§83 §8➡§b §b4
02:39:23 [BESTIARY] 
02:39:23 [BESTIARY]                                   §r§6§lREWARDS
02:39:23 [BESTIARY]                       §r§8+§r§a2 §r§6Scary Jerry §r§b✯ Magic Find
02:39:23 [BESTIARY]                        §r§8+§r§a2 §r§6Scary Jerry §r§c❁ Strength
02:39:23 [BESTIARY]                           §r§8+§r§62% §r§a§r§6Scary Jerry §r§7coins
02:39:23 [BESTIARY]                     §r§8+§r§a50% §r§7chance for extra XP orbs
02:39:23 [BESTIARY]                                §r§8+§r§b1 SkyBlock XP
02:39:23 [BESTIARY] 
02:39:23 [BESTIARY] §3§l▬▬▬▬▬▬▬▬▬▬▬▬▬▬▬▬▬▬▬▬▬▬▬▬▬▬▬▬▬▬▬▬▬▬▬▬▬▬▬▬▬▬▬▬▬▬▬▬▬▬▬▬▬▬▬▬▬▬▬▬▬▬▬▬
02:40:46 [EMPTY] 
02:40:46 [EMPTY] 
02:40:46 [EMPTY] 
02:40:46 [EMPTY] 
02:41:17 [EMPTY]  
02:41:17 [BESTIARY] §f                                  §6§lBESTIARY
02:41:17 [BESTIARY] §f                        §b§lGravel Skeleton §7§85 §8➡§b §b6
02:41:17 [BESTIARY] 
02:41:17 [BESTIARY]                                   §r§6§lREWARDS
02:41:17 [BESTIARY]                     §r§8+§r§a3 Gravel Skeleton §r§b✯ Magic Find
02:41:17 [BESTIARY]                      §r§8+§r§a3 Gravel Skeleton §r§c❁ Strength
02:41:17 [BESTIARY]                         §r§8+§r§62% §r§aGravel Skeleton §r§7coins
02:41:17 [BESTIARY]                     §r§8+§r§a50% §r§7chance for extra XP orbs
02:41:17 [BESTIARY]                                §r§8+§r§b1 SkyBlock XP
02:41:17 [BESTIARY] 
02:41:17 [BESTIARY] §3§l▬▬▬▬▬▬▬▬▬▬▬▬▬▬▬▬▬▬▬▬▬▬▬▬▬▬▬▬▬▬▬▬▬▬▬▬▬▬▬▬▬▬▬▬▬▬▬▬▬▬▬▬▬▬▬▬▬▬▬▬▬▬▬▬
02:41:29 [GUILD_EXP] §aYou earned §r§2743 GEXP §r§afrom playing SkyBlock!
02:42:01 [EMPTY] 
02:42:01 [EMPTY] 
02:42:01 [EMPTY] 
02:42:01 [EMPTY] 
02:45:34 [EMPTY]  
02:45:34 [BESTIARY] §f                                  §6§lBESTIARY
02:45:34 [BESTIARY] §f                            §b§lSilverfish §7§89 §8➡§b §b10
02:45:34 [BESTIARY] 
02:45:34 [BESTIARY]                                   §r§6§lREWARDS
02:45:34 [BESTIARY]                         §r§8+§r§a3 Silverfish §r§b✯ Magic Find
02:45:34 [BESTIARY]                          §r§8+§r§a3 Silverfish §r§c❁ Strength
02:45:34 [BESTIARY]                             §r§8+§r§62% §r§aSilverfish §r§7coins
02:45:34 [BESTIARY]                     §r§8+§r§a50% §r§7chance for extra XP orbs
02:45:34 [BESTIARY]                                §r§8+§r§b1 SkyBlock XP
02:45:34 [BESTIARY] 
02:45:34 [BESTIARY] §3§l▬▬▬▬▬▬▬▬▬▬▬▬▬▬▬▬▬▬▬▬▬▬▬▬▬▬▬▬▬▬▬▬▬▬▬▬▬▬▬▬▬▬▬▬▬▬▬▬▬▬▬▬▬▬▬▬▬▬▬▬▬▬▬▬
02:46:11 [EMPTY]  
02:46:11 [BESTIARY] §f                                  §6§lBESTIARY
02:46:11 [BESTIARY] §f                         §b§lWeaver Spider §7§88 §8➡§b §b9
02:46:11 [BESTIARY] 
02:46:11 [BESTIARY]                                   §r§6§lREWARDS
02:46:11 [BESTIARY]                      §r§8+§r§a3 Weaver Spider §r§b✯ Magic Find
02:46:11 [BESTIARY]                       §r§8+§r§a3 Weaver Spider §r§c❁ Strength
02:46:11 [BESTIARY]                          §r§8+§r§62% §r§aWeaver Spider §r§7coins
02:46:11 [BESTIARY]                     §r§8+§r§a50% §r§7chance for extra XP orbs
02:46:11 [BESTIARY]                                §r§8+§r§b1 SkyBlock XP
02:46:11 [BESTIARY] 
02:46:11 [BESTIARY] §3§l▬▬▬▬▬▬▬▬▬▬▬▬▬▬▬▬▬▬▬▬▬▬▬▬▬▬▬▬▬▬▬▬▬▬▬▬▬▬▬▬▬▬▬▬▬▬▬▬▬▬▬▬▬▬▬▬▬▬▬▬▬▬▬▬
02:46:33 [GUILD_EXP] §aYou earned §r§2750 GEXP §r§afrom playing SkyBlock!
02:47:24 [EMPTY]  
02:47:24 [BESTIARY] §f                                  §6§lBESTIARY
02:47:24 [BESTIARY] §f                       §b§lVoracious Spider §7§89 §8➡§b §b10
02:47:24 [BESTIARY] 
02:47:24 [BESTIARY]                                   §r§6§lREWARDS
02:47:24 [BESTIARY]                    §r§8+§r§a3 Voracious Spider §r§b✯ Magic Find
02:47:24 [BESTIARY]                     §r§8+§r§a3 Voracious Spider §r§c❁ Strength
02:47:24 [BESTIARY]                        §r§8+§r§62% §r§aVoracious Spider §r§7coins
02:47:24 [BESTIARY]                     §r§8+§r§a50% §r§7chance for extra XP orbs
02:47:24 [BESTIARY]                                §r§8+§r§b1 SkyBlock XP
02:47:24 [BESTIARY] 
02:47:24 [BESTIARY] §3§l▬▬▬▬▬▬▬▬▬▬▬▬▬▬▬▬▬▬▬▬▬▬▬▬▬▬▬▬▬▬▬▬▬▬▬▬▬▬▬▬▬▬▬▬▬▬▬▬▬▬▬▬▬▬▬▬▬▬▬▬▬▬▬▬
02:51:37 [GUILD_EXP] §aYou earned §r§2750 GEXP §r§afrom playing SkyBlock!
02:55:51 [EMPTY]  
02:55:51 [BESTIARY] §f                                  §6§lBESTIARY
02:55:51 [BESTIARY] §f                           §b§lCrazy Witch §7§83 §8➡§b §b4
02:55:51 [BESTIARY] 
02:55:51 [BESTIARY]                                   §r§6§lREWARDS
02:55:51 [BESTIARY]                        §r§8+§r§a2 §r§8Crazy Witch §r§b✯ Magic Find
02:55:51 [BESTIARY]                        §r§8+§r§a2 §r§8Crazy Witch §r§c❁ Strength
02:55:51 [BESTIARY]                            §r§8+§r§62% §r§a§r§8Crazy Witch §r§7coins
02:55:51 [BESTIARY]                     §r§8+§r§a50% §r§7chance for extra XP orbs
02:55:51 [BESTIARY]                                §r§8+§r§b1 SkyBlock XP
02:55:51 [BESTIARY] 
02:55:51 [BESTIARY]   §r§f                         §6§lBESTIARY MILESTONE
02:55:51 [BESTIARY]   §r§f                                    §865➡§e66
02:55:51 [BESTIARY] §6§lBESTIARY MILESTONE §865➡§e66
02:55:51 [BESTIARY] §6§lBESTIARY MILESTONE §865➡§e66
02:55:51 [BESTIARY] §6§lBESTIARY MILESTONE §865➡§e66
02:55:51 [BESTIARY] §6§lBESTIARY MILESTONE §865➡§e66
02:55:51 [BESTIARY] 
02:56:05 [EMPTY]  
02:56:05 [BESTIARY] §f                                  §6§lBESTIARY
02:56:05 [BESTIARY] §f                         §b§lDasher Spider §7§89 §8➡§b §b10
02:56:05 [BESTIARY] 
02:56:05 [BESTIARY]                                   §r§6§lREWARDS
02:56:05 [BESTIARY]                      §r§8+§r§a3 Dasher Spider §r§b✯ Magic Find
02:56:05 [BESTIARY]                       §r§8+§r§a3 Dasher Spider §r§c❁ Strength
02:56:05 [BESTIARY]                          §r§8+§r§62% §r§aDasher Spider §r§7coins
02:56:05 [BESTIARY]                     §r§8+§r§a50% §r§7chance for extra XP orbs
02:56:05 [BESTIARY]                                §r§8+§r§b1 SkyBlock XP
02:56:05 [BESTIARY] 
02:56:05 [BESTIARY] §3§l▬▬▬▬▬▬▬▬▬▬▬▬▬▬▬▬▬▬▬▬▬▬▬▬▬▬▬▬▬▬▬▬▬▬▬▬▬▬▬▬▬▬▬▬▬▬▬▬▬▬▬▬▬▬▬▬▬▬▬▬▬▬▬▬
02:56:42 [GUILD_EXP] §aYou earned §r§2750 GEXP §r§afrom playing SkyBlock!
02:56:52 [EMPTY]  
02:56:52 [BESTIARY] §f                                  §6§lBESTIARY
02:56:52 [BESTIARY] §f                       §b§lArachne's Keeper §7§87 §8➡§b §b8
02:56:52 [BESTIARY] 
02:56:52 [BESTIARY]                                   §r§6§lREWARDS
02:56:52 [BESTIARY]                    §r§8+§r§a3 Arachne's Keeper §r§b✯ Magic Find
02:56:52 [BESTIARY]                    §r§8+§r§a3 Arachne's Keeper §r§c❁ Strength
02:56:52 [BESTIARY]                        §r§8+§r§62% §r§aArachne's Keeper §r§7coins
02:56:52 [BESTIARY]                     §r§8+§r§a50% §r§7chance for extra XP orbs
02:56:52 [BESTIARY]                                §r§8+§r§b1 SkyBlock XP
02:56:52 [BESTIARY] 
02:56:52 [BESTIARY] §3§l▬▬▬▬▬▬▬▬▬▬▬▬▬▬▬▬▬▬▬▬▬▬▬▬▬▬▬▬▬▬▬▬▬▬▬▬▬▬▬▬▬▬▬▬▬▬▬▬▬▬▬▬▬▬▬▬▬▬▬▬▬▬▬▬
03:01:35 [EMPTY] 
03:01:35 [EMPTY] §c
03:01:41 [EMPTY] §8 §r§8 §r§1 §r§3 §r§3 §r§7 §r§8 
03:01:42 [EMPTY]  
03:01:42 [EMPTY]   
03:01:45 [PROFILE_JOIN] §aYou are playing on profile: §eLemon§b (Co-op)
03:01:45 [PROFILE_JOIN] §8Profile ID: 62b760d8-92b6-4501-ada0-1fd8583f5266
03:01:54 [EMPTY]  
03:01:54 [EMPTY]  
03:01:54 [EMPTY]  
03:01:56 [EMPTY] §8 §r§8 §r§1 §r§3 §r§3 §r§7 §r§8 
03:01:59 [PROFILE_JOIN] §aYou are playing on profile: §eLemon§b (Co-op)
03:01:59 [PROFILE_JOIN] §8Profile ID: 62b760d8-92b6-4501-ada0-1fd8583f5266
03:02:16 [EMPTY] §8 §r§8 §r§1 §r§3 §r§3 §r§7 §r§8 
03:02:19 [PROFILE_JOIN] §aYou are playing on profile: §eLemon§b (Co-op)
03:02:19 [PROFILE_JOIN] §8Profile ID: 62b760d8-92b6-4501-ada0-1fd8583f5266
03:02:25 [EMPTY] §8 §r§8 §r§1 §r§3 §r§3 §r§7 §r§8 
03:02:28 [PROFILE_JOIN] §aYou are playing on profile: §eLemon§b (Co-op)
03:02:28 [PROFILE_JOIN] §8Profile ID: 62b760d8-92b6-4501-ada0-1fd8583f5266
03:03:50 [EMPTY] §8 §r§8 §r§1 §r§3 §r§3 §r§7 §r§8 
03:03:53 [PROFILE_JOIN] §aYou are playing on profile: §eLemon§b (Co-op)
03:03:53 [PROFILE_JOIN] §8Profile ID: 62b760d8-92b6-4501-ada0-1fd8583f5266
03:04:41 [EMPTY] §8 §r§8 §r§1 §r§3 §r§3 §r§7 §r§8 
03:04:44 [PROFILE_JOIN] §aYou are playing on profile: §eLemon§b (Co-op)
03:04:44 [PROFILE_JOIN] §8Profile ID: 62b760d8-92b6-4501-ada0-1fd8583f5266
03:05:00 [RARE_DROPS] §6§lRARE REWARD! §r§byiens §r§efound a §r§6Recombobulator 3000 §r§ein their Bedrock Chest§r§e!
03:05:03 [EMPTY] §8 §r§8 §r§1 §r§3 §r§3 §r§7 §r§8 
03:05:06 [PROFILE_JOIN] §aYou are playing on profile: §eLemon§b (Co-op)
03:05:06 [PROFILE_JOIN] §8Profile ID: 62b760d8-92b6-4501-ada0-1fd8583f5266
03:06:51 [GUILD_EXP] §aYou earned §r§2321 GEXP §r§afrom playing SkyBlock!
03:09:02 [EMPTY]  
03:09:02 [BESTIARY] §f                                  §6§lBESTIARY
03:09:02 [BESTIARY] §f                          §b§lSpider Jockey §7§86 §8➡§b §b7
03:09:02 [BESTIARY] 
03:09:02 [BESTIARY]                                   §r§6§lREWARDS
03:09:02 [BESTIARY]                      §r§8+§r§a3 Spider Jockey §r§b✯ Magic Find
03:09:02 [BESTIARY]                       §r§8+§r§a3 Spider Jockey §r§c❁ Strength
03:09:02 [BESTIARY]                          §r§8+§r§62% §r§aSpider Jockey §r§7coins
03:09:02 [BESTIARY]                     §r§8+§r§a50% §r§7chance for extra XP orbs
03:09:02 [BESTIARY]                                §r§8+§r§b1 SkyBlock XP
03:09:02 [BESTIARY] 
03:09:02 [BESTIARY] §3§l▬▬▬▬▬▬▬▬▬▬▬▬▬▬▬▬▬▬▬▬▬▬▬▬▬▬▬▬▬▬▬▬▬▬▬▬▬▬▬▬▬▬▬▬▬▬▬▬▬▬▬▬▬▬▬▬▬▬▬▬▬▬▬▬
03:11:56 [GUILD_EXP] §aYou earned §r§2750 GEXP §r§afrom playing SkyBlock!
03:17:01 [GUILD_EXP] §aYou earned §r§2750 GEXP §r§afrom playing SkyBlock!
