01:13:18 §e[SkyHanni] Reloaded 7531 items in the NEU repo
01:33:34 §6§lBESTIARY §r§b§lSkeleton §7§b1
01:42:44 §e[SkyHanni] The Broodmother was killed!
01:49:49 §e[SkyHanni] Successfully loaded this year's contests from elitebot.dev automatically!
01:51:35 §6§lBESTIARY §r§b§lSlug §7§86 §8➡§b §b7
01:52:12 §6§lBESTIARY §r§b§lMosquito §7§85 §8➡§b §b6
01:52:47 §6§lBESTIARY §r§b§lMoth §7§84 §8➡§b §b5
01:53:16 §6§lBESTIARY MILESTONE §864➡§e65
01:53:16 §6§lBESTIARY MILESTONE §864➡§e65
01:53:16 §6§lBESTIARY MILESTONE §864➡§e65
01:53:16 §6§lBESTIARY MILESTONE §864➡§e65
01:53:16 §6§lBESTIARY MILESTONE §864➡§e65
01:53:16 §6§lBESTIARY MILESTONE §864➡§e65
01:53:17 §e[SkyHanni] Loaded Melon milestone data from tab list!
01:53:44 §6§lOFFER ACCEPTED §7w/§r§aLynn§6§l!§r §215§7, §35.8k§7, §c20
01:54:23 §e[SkyHanni] Loaded Pumpkin milestone data from tab list!
01:55:37 §e[SkyHanni] §e1 §aPest Spawned in §b7§a!
02:02:30 §e[SkyHanni] §e1 §aPest Spawned in §b4§a!
02:07:31 §e[SkyHanni] §e1 §aPest Spawned in §b4§a!
02:13:26 §e[SkyHanni] §e1 §aPest Spawned in §b7§a!
02:13:45 §6§lBESTIARY §r§b§lEarthworm §7§84 §8➡§b §b5
02:15:08 §e[SkyHanni] Started tracking your Jacob Contest Blocks Per Second!
02:19:00 §e[SkyHanni] §e1 §aPest Spawned in §b4§a!
02:24:15 §e[SkyHanni] §e1 §aPest Spawned in §b7§a!
02:24:39 §6§lBESTIARY §r§b§lLocust §7§86 §8➡§b §b7
02:32:38 §e[SkyHanni] The Broodmother was killed!
02:37:43 §6§lBESTIARY §r§b§lSplitter Spider §7§88 §8➡§b §b9
02:38:29 §6§lBESTIARY §r§b§lArachne's Keeper §7§86 §8➡§b §b7
02:39:23 §6§lBESTIARY §r§b§lScary Jerry §7§83 §8➡§b §b4
02:41:17 §6§lBESTIARY §r§b§lGravel Skeleton §7§85 §8➡§b §b6
02:42:52 §e[SkyHanni] The Broodmother was killed!
02:45:34 §6§lBESTIARY §r§b§lSilverfish §7§89 §8➡§b §b10
02:46:11 §6§lBESTIARY §r§b§lWeaver Spider §7§88 §8➡§b §b9
02:47:24 §6§lBESTIARY §r§b§lVoracious Spider §7§89 §8➡§b §b10
02:53:34 §e[SkyHanni] The Broodmother was killed!
02:55:51 §6§lBESTIARY MILESTONE §865➡§e66
02:55:51 §6§lBESTIARY MILESTONE §865➡§e66
02:55:51 §6§lBESTIARY MILESTONE §865➡§e66
02:55:51 §6§lBESTIARY MILESTONE §865➡§e66
02:55:51 §6§lBESTIARY MILESTONE §865➡§e66
02:56:05 §6§lBESTIARY §r§b§lCrazy Witch §7§83 §8➡§b §b4
02:56:52 §6§lBESTIARY §r§b§lArachne's Keeper §7§87 §8➡§b §b8
02:59:51 §e[SkyHanni] Low on arrows §e(100 left)
03:00:24 §e[SkyHanni] Low on arrows §e(82 left)
03:00:55 §e[SkyHanni] Low on arrows §e(64 left)
03:01:26 §e[SkyHanni] Low on arrows §e(55 left)
03:05:13 §e[SkyHanni] The Broodmother was killed!
03:09:02 §6§lBESTIARY §r§b§lSpider Jockey §7§86 §8➡§b §b7
03:19:47 §e[SkyHanni] The Broodmother was killed!
