07:42:54 §f §r§r§r§f §r§r§r§1 §r§r§r§0 §r§r§r§2 §r§r§r§f §r§r§r§f §r§r§r§2 §r§r§r§0 §r§r§r§4 §r§r§r§3 §r§r§r§9 §r§r§r§2 §r§r§r§0 §r§r§r§0 §r§r§r§3 §r§r§r§9 §r§r§r§2 §r§r§r§0 §r§r§r§0 §r§r§r§3 §r§r§r§9 §r§r§r§2 §r§r§r§0 §r§r§r§0 
07:45:18 §8 §r§8 §r§1 §r§3 §r§3 §r§7 §r§8 
07:45:21 
07:45:21 
07:45:43 §8 §r§8 §r§1 §r§3 §r§3 §r§7 §r§8 
07:54:44 §8 §r§8 §r§1 §r§3 §r§3 §r§7 §r§8 
08:14:52  
08:14:52   
08:39:47 §8 §r§8 §r§1 §r§3 §r§3 §r§7 §r§8 
08:41:31 §8 §r§8 §r§1 §r§3 §r§3 §r§7 §r§8 
08:41:44 §8 §r§8 §r§1 §r§3 §r§3 §r§7 §r§8 
08:42:08 
08:42:08 
08:42:08 
08:42:08 
08:45:15 §f §r§r§r§f §r§r§r§1 §r§r§r§0 §r§r§r§2 §r§r§r§f §r§r§r§f §r§r§r§2 §r§r§r§0 §r§r§r§4 §r§r§r§3 §r§r§r§9 §r§r§r§2 §r§r§r§0 §r§r§r§0 §r§r§r§3 §r§r§r§9 §r§r§r§2 §r§r§r§0 §r§r§r§0 §r§r§r§3 §r§r§r§9 §r§r§r§2 §r§r§r§0 §r§r§r§0 
08:45:39 §8 §r§8 §r§1 §r§3 §r§3 §r§7 §r§8 
08:45:41 
08:45:41 
08:46:13 §8 §r§8 §r§1 §r§3 §r§3 §r§7 §r§8 
08:46:23 §8 §r§8 §r§1 §r§3 §r§3 §r§7 §r§8 
08:47:04 §8 §r§8 §r§1 §r§3 §r§3 §r§7 §r§8 
08:47:24 §8 §r§8 §r§1 §r§3 §r§3 §r§7 §r§8 
08:47:36 §8 §r§8 §r§1 §r§3 §r§3 §r§7 §r§8 
08:49:24 §8 §r§8 §r§1 §r§3 §r§3 §r§7 §r§8 
09:01:40 
09:01:40 §c
09:23:09 §8 §r§8 §r§1 §r§3 §r§3 §r§7 §r§8 
09:29:00 
09:29:00 
09:29:00 
09:29:00 
09:32:30 
09:35:57 
09:35:57 
09:35:57 
09:35:57 
10:03:02 
10:03:02 
10:03:02 
10:03:02 
10:07:10  
10:29:31 
10:29:31 
10:29:31 
10:35:33 
10:35:33 
10:35:33 
10:35:33 
10:36:30 
10:36:30 
10:36:30 
10:36:30 
10:43:51 
10:43:51 
10:43:51 
10:43:51 
10:44:58 §8 §r§8 §r§1 §r§3 §r§3 §r§7 §r§8 
10:55:19 §8 §r§8 §r§1 §r§3 §r§3 §r§7 §r§8 
10:59:30 §8 §r§8 §r§1 §r§3 §r§3 §r§7 §r§8 
11:01:40 
11:01:40 §c
11:23:15 §8 §r§8 §r§1 §r§3 §r§3 §r§7 §r§8 
11:23:30 §8 §r§8 §r§1 §r§3 §r§3 §r§7 §r§8 
11:47:10 §8 §r§8 §r§1 §r§3 §r§3 §r§7 §r§8 
11:47:26 §8 §r§8 §r§1 §r§3 §r§3 §r§7 §r§8 
11:47:35 §8 §r§8 §r§1 §r§3 §r§3 §r§7 §r§8 
11:54:16 §8 §r§8 §r§1 §r§3 §r§3 §r§7 §r§8 
12:48:38 §8 §r§8 §r§1 §r§3 §r§3 §r§7 §r§8 
12:53:44 
12:53:44 
12:53:49 
12:53:49 
12:53:49 
12:53:51 
12:53:51 
12:54:46 
12:54:46 
12:54:54 
12:54:54 
12:54:54 
12:54:56 
12:54:56 
12:55:59 
12:55:59 
12:56:02 
12:56:02 
12:56:02 
12:56:04 
12:56:04 
12:57:05 
12:57:05 
12:57:05 
12:57:07 
12:57:07 
12:57:13 
12:57:13 
12:57:13 
12:58:10 §8 §r§8 §r§1 §r§3 §r§3 §r§7 §r§8 
13:01:40 
13:01:40 §c
13:02:59 
13:02:59 
13:02:59 
13:06:31 §8 §r§8 §r§1 §r§3 §r§3 §r§7 §r§8 
13:06:45 §8 §r§8 §r§1 §r§3 §r§3 §r§7 §r§8 
13:14:06 
13:14:06 
13:14:06 
13:15:04 §8 §r§8 §r§1 §r§3 §r§3 §r§7 §r§8 
13:15:20 §8 §r§8 §r§1 §r§3 §r§3 §r§7 §r§8 
13:16:58 
13:16:58 
13:16:58 
13:21:56 
13:21:56 
13:21:56 
13:22:46 
13:22:46 
13:22:46 
13:25:07 
13:25:07 
13:25:07 
13:28:51 
13:28:51 
13:28:51 
13:29:53 
13:29:53 
13:29:53 
13:32:58 §8 §r§8 §r§1 §r§3 §r§3 §r§7 §r§8 
13:35:27 §8 §r§8 §r§1 §r§3 §r§3 §r§7 §r§8 
13:36:50 
13:36:50 
13:36:50 
13:39:34 §8 §r§8 §r§1 §r§3 §r§3 §r§7 §r§8 
13:41:30 §8 §r§8 §r§1 §r§3 §r§3 §r§7 §r§8 
13:49:16 §8 §r§8 §r§1 §r§3 §r§3 §r§7 §r§8 
13:52:07 §8 §r§8 §r§1 §r§3 §r§3 §r§7 §r§8 
