07:45:23 §bNew day! §r§eYour §r§2Lottery §r§ebuff changed!
07:45:23 §eNew buff§r§r§r: §r§fGain §r§a+5% §r§2∮ Sweep§r§f.
07:45:23 §8§oYou can disable this messaging by toggling Lottery in your /hotf!
07:45:48 §bNew day! §r§eYour §r§2Lottery §r§ebuff changed!
07:45:48 §eNew buff§r§r§r: §r§fGain §r§a+5% §r§2∮ Sweep§r§f.
07:45:48 §8§oYou can disable this messaging by toggling Lottery in your /hotf!
07:54:49 §bNew day! §r§eYour §r§2Lottery §r§ebuff changed!
07:54:49 §eNew buff§r§r§r: §r§fGain §r§a+5% §r§2∮ Sweep§r§f.
07:54:49 §8§oYou can disable this messaging by toggling Lottery in your /hotf!
07:54:59 §bNew day! §r§eYour §r§2Lottery §r§ebuff changed!
07:54:59 §eNew buff§r§r§r: §r§fGain §r§a+50 §r§6☘ Fig Fortune§r§f.
07:54:59 §8§oYou can disable this messaging by toggling Lottery in your /hotf!
08:14:59 §bNew day! §r§eYour §r§2Lottery §r§ebuff changed!
08:14:59 §eNew buff§r§r§r: §r§fGain §r§a+5% §r§2∮ Sweep§r§f.
08:14:59 §8§oYou can disable this messaging by toggling Lottery in your /hotf!
08:35:00 §bNew day! §r§eYour §r§2Lottery §r§ebuff changed!
08:35:00 §eNew buff§r§r§r: §r§fGain §r§a+50 §r§6☘ Mangrove Fortune§r§f.
08:35:00 §8§oYou can disable this messaging by toggling Lottery in your /hotf!
08:39:52 §bNew day! §r§eYour §r§2Lottery §r§ebuff changed!
08:39:52 §eNew buff§r§r§r: §r§fGain §r§a+50 §r§6☘ Mangrove Fortune§r§f.
08:39:52 §8§oYou can disable this messaging by toggling Lottery in your /hotf!
08:41:36 §bNew day! §r§eYour §r§2Lottery §r§ebuff changed!
08:41:36 §eNew buff§r§r§r: §r§fGain §r§a+50 §r§6☘ Mangrove Fortune§r§f.
08:41:36 §8§oYou can disable this messaging by toggling Lottery in your /hotf!
08:41:49 §bNew day! §r§eYour §r§2Lottery §r§ebuff changed!
08:41:49 §eNew buff§r§r§r: §r§fGain §r§a+50 §r§6☘ Mangrove Fortune§r§f.
08:41:49 §8§oYou can disable this messaging by toggling Lottery in your /hotf!
08:45:43 §bNew day! §r§eYour §r§2Lottery §r§ebuff changed!
08:45:44 §eNew buff§r§r§r: §r§fGain §r§a+50 §r§6☘ Mangrove Fortune§r§f.
08:45:44 §8§oYou can disable this messaging by toggling Lottery in your /hotf!
08:46:18 §bNew day! §r§eYour §r§2Lottery §r§ebuff changed!
08:46:18 §eNew buff§r§r§r: §r§fGain §r§a+50 §r§6☘ Mangrove Fortune§r§f.
08:46:18 §8§oYou can disable this messaging by toggling Lottery in your /hotf!
08:47:09 §bNew day! §r§eYour §r§2Lottery §r§ebuff changed!
08:47:09 §eNew buff§r§r§r: §r§fGain §r§a+50 §r§6☘ Mangrove Fortune§r§f.
08:47:09 §8§oYou can disable this messaging by toggling Lottery in your /hotf!
08:47:29 §bNew day! §r§eYour §r§2Lottery §r§ebuff changed!
08:47:29 §eNew buff§r§r§r: §r§fGain §r§a+50 §r§6☘ Mangrove Fortune§r§f.
08:47:29 §8§oYou can disable this messaging by toggling Lottery in your /hotf!
08:47:41 §bNew day! §r§eYour §r§2Lottery §r§ebuff changed!
08:47:41 §eNew buff§r§r§r: §r§fGain §r§a+50 §r§6☘ Mangrove Fortune§r§f.
08:47:41 §8§oYou can disable this messaging by toggling Lottery in your /hotf!
08:49:28 §bNew day! §r§eYour §r§2Lottery §r§ebuff changed!
08:49:29 §eNew buff§r§r§r: §r§fGain §r§a+50 §r§6☘ Mangrove Fortune§r§f.
08:49:29 §8§oYou can disable this messaging by toggling Lottery in your /hotf!
08:55:00 §bNew day! §r§eYour §r§2Lottery §r§ebuff changed!
08:55:00 §eNew buff§r§r§r: §r§fGain §r§a+5% §r§2∮ Sweep§r§f.
08:55:00 §8§oYou can disable this messaging by toggling Lottery in your /hotf!
09:14:59 §bNew day! §r§eYour §r§2Lottery §r§ebuff changed!
09:14:59 §eNew buff§r§r§r: §r§fGain §r§a+50 §r§6☘ Mangrove Fortune§r§f.
09:14:59 §8§oYou can disable this messaging by toggling Lottery in your /hotf!
09:23:14 §bNew day! §r§eYour §r§2Lottery §r§ebuff changed!
09:23:14 §eNew buff§r§r§r: §r§fGain §r§a+50 §r§6☘ Mangrove Fortune§r§f.
09:23:14 §8§oYou can disable this messaging by toggling Lottery in your /hotf!
09:34:59 §bNew day! §r§eYour §r§2Lottery §r§ebuff changed!
09:34:59 §eNew buff§r§r§r: §r§fGain §r§a+50 §r§6☘ Fig Fortune§r§f.
09:34:59 §8§oYou can disable this messaging by toggling Lottery in your /hotf!
09:55:00 §bNew day! §r§eYour §r§2Lottery §r§ebuff changed!
09:55:00 §eNew buff§r§r§r: §r§fGain §r§a+50 §r§6☘ Fig Fortune§r§f.
09:55:00 §8§oYou can disable this messaging by toggling Lottery in your /hotf!
10:15:00 §bNew day! §r§eYour §r§2Lottery §r§ebuff changed!
10:15:00 §eNew buff§r§r§r: §r§fGain §r§a+50 §r§6☘ Fig Fortune§r§f.
10:15:00 §8§oYou can disable this messaging by toggling Lottery in your /hotf!
10:35:00 §bNew day! §r§eYour §r§2Lottery §r§ebuff changed!
10:35:00 §eNew buff§r§r§r: §r§fGain §r§a+5% §r§2∮ Sweep§r§f.
10:35:00 §8§oYou can disable this messaging by toggling Lottery in your /hotf!
10:45:03 §bNew day! §r§eYour §r§2Lottery §r§ebuff changed!
10:45:03 §eNew buff§r§r§r: §r§fGain §r§a+5% §r§2∮ Sweep§r§f.
10:45:03 §8§oYou can disable this messaging by toggling Lottery in your /hotf!
10:54:59 §bNew day! §r§eYour §r§2Lottery §r§ebuff changed!
10:54:59 §eNew buff§r§r§r: §r§fGain §r§a+5% §r§2∮ Sweep§r§f.
10:54:59 §8§oYou can disable this messaging by toggling Lottery in your /hotf!
10:59:35 §bNew day! §r§eYour §r§2Lottery §r§ebuff changed!
10:59:35 §eNew buff§r§r§r: §r§fGain §r§a+5% §r§2∮ Sweep§r§f.
10:59:35 §8§oYou can disable this messaging by toggling Lottery in your /hotf!
11:14:59 §bNew day! §r§eYour §r§2Lottery §r§ebuff changed!
11:14:59 §eNew buff§r§r§r: §r§fGain §r§a+50 §r§6☘ Fig Fortune§r§f.
11:14:59 §8§oYou can disable this messaging by toggling Lottery in your /hotf!
11:23:20 §bNew day! §r§eYour §r§2Lottery §r§ebuff changed!
11:23:20 §eNew buff§r§r§r: §r§fGain §r§a+50 §r§6☘ Fig Fortune§r§f.
11:23:20 §8§oYou can disable this messaging by toggling Lottery in your /hotf!
11:23:35 §bNew day! §r§eYour §r§2Lottery §r§ebuff changed!
11:23:35 §eNew buff§r§r§r: §r§fGain §r§a+50 §r§6☘ Fig Fortune§r§f.
11:23:35 §8§oYou can disable this messaging by toggling Lottery in your /hotf!
11:34:59 §bNew day! §r§eYour §r§2Lottery §r§ebuff changed!
11:34:59 §eNew buff§r§r§r: §r§fGain §r§a+50 §r§6☘ Mangrove Fortune§r§f.
11:34:59 §8§oYou can disable this messaging by toggling Lottery in your /hotf!
11:47:15 §bNew day! §r§eYour §r§2Lottery §r§ebuff changed!
11:47:15 §eNew buff§r§r§r: §r§fGain §r§a+50 §r§6☘ Mangrove Fortune§r§f.
11:47:15 §8§oYou can disable this messaging by toggling Lottery in your /hotf!
11:47:31 §bNew day! §r§eYour §r§2Lottery §r§ebuff changed!
11:47:31 §eNew buff§r§r§r: §r§fGain §r§a+50 §r§6☘ Mangrove Fortune§r§f.
11:47:31 §8§oYou can disable this messaging by toggling Lottery in your /hotf!
11:47:40 §bNew day! §r§eYour §r§2Lottery §r§ebuff changed!
11:47:40 §eNew buff§r§r§r: §r§fGain §r§a+50 §r§6☘ Mangrove Fortune§r§f.
11:47:40 §8§oYou can disable this messaging by toggling Lottery in your /hotf!
11:54:21 §bNew day! §r§eYour §r§2Lottery §r§ebuff changed!
11:54:21 §eNew buff§r§r§r: §r§fGain §r§a+50 §r§6☘ Mangrove Fortune§r§f.
11:54:21 §8§oYou can disable this messaging by toggling Lottery in your /hotf!
11:54:59 §bNew day! §r§eYour §r§2Lottery §r§ebuff changed!
11:54:59 §eNew buff§r§r§r: §r§fGain §r§a+50 §r§6☘ Mangrove Fortune§r§f.
11:54:59 §8§oYou can disable this messaging by toggling Lottery in your /hotf!
12:14:59 §bNew day! §r§eYour §r§2Lottery §r§ebuff changed!
12:14:59 §eNew buff§r§r§r: §r§fGain §r§a+5% §r§2∮ Sweep§r§f.
12:14:59 §8§oYou can disable this messaging by toggling Lottery in your /hotf!
12:34:58 §bNew day! §r§eYour §r§2Lottery §r§ebuff changed!
12:34:58 §eNew buff§r§r§r: §r§fGain §r§a+50 §r§6☘ Mangrove Fortune§r§f.
12:34:58 §8§oYou can disable this messaging by toggling Lottery in your /hotf!
12:48:43 §bNew day! §r§eYour §r§2Lottery §r§ebuff changed!
12:48:43 §eNew buff§r§r§r: §r§fGain §r§a+50 §r§6☘ Mangrove Fortune§r§f.
12:48:43 §8§oYou can disable this messaging by toggling Lottery in your /hotf!
12:54:59 §bNew day! §r§eYour §r§2Lottery §r§ebuff changed!
12:54:59 §eNew buff§r§r§r: §r§fGain §r§a+5% §r§2∮ Sweep§r§f.
12:54:59 §8§oYou can disable this messaging by toggling Lottery in your /hotf!
12:58:14 §bNew day! §r§eYour §r§2Lottery §r§ebuff changed!
12:58:14 §eNew buff§r§r§r: §r§fGain §r§a+5% §r§2∮ Sweep§r§f.
12:58:14 §8§oYou can disable this messaging by toggling Lottery in your /hotf!
13:06:36 §bNew day! §r§eYour §r§2Lottery §r§ebuff changed!
13:06:36 §eNew buff§r§r§r: §r§fGain §r§a+5% §r§2∮ Sweep§r§f.
13:06:36 §8§oYou can disable this messaging by toggling Lottery in your /hotf!
13:06:50 §bNew day! §r§eYour §r§2Lottery §r§ebuff changed!
13:06:50 §eNew buff§r§r§r: §r§fGain §r§a+5% §r§2∮ Sweep§r§f.
13:06:50 §8§oYou can disable this messaging by toggling Lottery in your /hotf!
13:14:59 §bNew day! §r§eYour §r§2Lottery §r§ebuff changed!
13:14:59 §eNew buff§r§r§r: §r§fGain §r§a+50 §r§6☘ Mangrove Fortune§r§f.
13:14:59 §8§oYou can disable this messaging by toggling Lottery in your /hotf!
13:15:08 §bNew day! §r§eYour §r§2Lottery §r§ebuff changed!
13:15:08 §eNew buff§r§r§r: §r§fGain §r§a+50 §r§6☘ Mangrove Fortune§r§f.
13:15:08 §8§oYou can disable this messaging by toggling Lottery in your /hotf!
13:15:25 §bNew day! §r§eYour §r§2Lottery §r§ebuff changed!
13:15:25 §eNew buff§r§r§r: §r§fGain §r§a+50 §r§6☘ Mangrove Fortune§r§f.
13:15:25 §8§oYou can disable this messaging by toggling Lottery in your /hotf!
13:33:03 §bNew day! §r§eYour §r§2Lottery §r§ebuff changed!
13:33:03 §eNew buff§r§r§r: §r§fGain §r§a+50 §r§6☘ Mangrove Fortune§r§f.
13:33:03 §8§oYou can disable this messaging by toggling Lottery in your /hotf!
13:34:59 §bNew day! §r§eYour §r§2Lottery §r§ebuff changed!
13:34:59 §eNew buff§r§r§r: §r§fGain §r§a+50 §r§6☘ Mangrove Fortune§r§f.
13:34:59 §8§oYou can disable this messaging by toggling Lottery in your /hotf!
13:35:32 §bNew day! §r§eYour §r§2Lottery §r§ebuff changed!
13:35:32 §eNew buff§r§r§r: §r§fGain §r§a+50 §r§6☘ Mangrove Fortune§r§f.
13:35:32 §8§oYou can disable this messaging by toggling Lottery in your /hotf!
13:39:39 §bNew day! §r§eYour §r§2Lottery §r§ebuff changed!
13:39:39 §eNew buff§r§r§r: §r§fGain §r§a+50 §r§6☘ Mangrove Fortune§r§f.
13:39:39 §8§oYou can disable this messaging by toggling Lottery in your /hotf!
13:41:35 §bNew day! §r§eYour §r§2Lottery §r§ebuff changed!
13:41:35 §eNew buff§r§r§r: §r§fGain §r§a+50 §r§6☘ Mangrove Fortune§r§f.
13:41:35 §8§oYou can disable this messaging by toggling Lottery in your /hotf!
13:49:21 §bNew day! §r§eYour §r§2Lottery §r§ebuff changed!
13:49:21 §eNew buff§r§r§r: §r§fGain §r§a+50 §r§6☘ Mangrove Fortune§r§f.
13:49:21 §8§oYou can disable this messaging by toggling Lottery in your /hotf!
