07:45:37 §6[Sacks] §r§a+11§r§e items§r§e.§r§8 (Last 6s.)
07:46:34 §6[Sacks] §r§a+92§r§e items§r§e.§r§8 (Last 30s.)
07:47:07 §6[Sacks] §r§a+95§r§e items§r§e.§r§8 (Last 30s.)
07:47:40 §6[Sacks] §r§a+116§r§e items§r§e.§r§8 (Last 30s.)
07:47:55 §6[Sacks] §r§a+36§r§e items§r§e.§r§8 (Last 14s.)
07:48:30 §6[Sacks] §r§a+56§r§e items§r§e.§r§8 (Last 28s.)
07:49:01 §6[Sacks] §r§a+50§r§e items§r§e.§r§8 (Last 27s.)
07:49:13 §6[Sacks] §r§a+3§r§e items§r§e.§r§8 (Last 5s.)
07:49:24 §6[Sacks] §r§a+14§r§e items§r§e.§r§8 (Last 10s.)
07:49:48 §6[Sacks] §r§a+40§r§e items§r§e.§r§8 (Last 20s.)
07:50:11 §6[Sacks] §r§a+25§r§e items§r§e.§r§8 (Last 15s.)
07:50:49 §6[Sacks] §r§a+58§r§e items§r§e.§r§8 (Last 30s.)
07:51:23 §6[Sacks] §r§a+70§r§e items§r§e.§r§8 (Last 30s.)
07:51:40 §6[Sacks] §r§a+17§r§e items§r§e.§r§8 (Last 8s.)
07:51:53 §6[Sacks] §r§a+10§r§e items§r§e.§r§8 (Last 8s.)
07:52:20 §6[Sacks] §r§a+45§r§e items§r§e.§r§8 (Last 23s.)
07:52:53 §6[Sacks] §r§a+62§r§e items§r§e.§r§8 (Last 30s.)
07:53:07 §6[Sacks] §r§a+20§r§e items§r§e.§r§8 (Last 13s.)
07:53:22 §6[Sacks] §r§a+7§r§e items§r§e.§r§8 (Last 12s.)
07:54:08 §6[Sacks] §r§a+1§r§e item§r§e.§r§8 (Last 5s.)
07:55:33 §6[Sacks] §r§a+660§r§e items§r§e, §r§c-13,201§r§e items§r§e.§r§8 (Last 25s.)
07:55:53 §6[Sacks] §r§a+1,250§r§e items§r§e.§r§8 (Last 15s.)
07:56:17 §6[Sacks] §r§a+348§r§e items§r§e, §r§c-6,959§r§e items§r§e.§r§8 (Last 20s.)
08:07:30 §6[Sacks] §r§a+471§r§e items§r§e, §r§c-448§r§e items§r§e.§r§8 (Last 9s.)
08:08:00 §6[Sacks] §r§a+27§r§e items§r§e.§r§8 (Last 15s.)
08:09:07 §6[Sacks] §r§a+1,523§r§e items§r§e.§r§8 (Last 11s.)
08:09:51 §6[Sacks] §r§c-21§r§e items§r§e.§r§8 (Last 5s.)
08:10:19 §6[Sacks] §r§c-368§r§e items§r§e.§r§8 (Last 5s.)
08:15:37 §6[Sacks] §r§a+447§r§e items§r§e.§r§8 (Last 12s.)
08:16:04 §6[Sacks] §r§c-83§r§e items§r§e.§r§8 (Last 5s.)
08:16:40 §6[Sacks] §r§a+1,411§r§e items§r§e.§r§8 (Last 19s.)
08:17:31 §6[Sacks] §r§c-1,792§r§e items§r§e.§r§8 (Last 5s.)
08:17:53 §6[Sacks] §r§a+149§r§e items§r§e, §r§c-11,565§r§e items§r§e.§r§8 (Last 10s.)
08:18:08 §6[Sacks] §r§a+11§r§e items§r§e.§r§8 (Last 5s.)
08:30:30 §6[Sacks] §r§a+19§r§e items§r§e.§r§8 (Last 18s.)
08:41:03 §6[Sacks] §r§a+36§r§e items§r§e.§r§8 (Last 20s.)
08:42:02 §6[Sacks] §r§a+4§r§e items§r§e.§r§8 (Last 5s.)
08:42:13 §6[Sacks] §r§a+3§r§e items§r§e.§r§8 (Last 5s.)
08:42:35 §6[Sacks] §r§a+32§r§e items§r§e.§r§8 (Last 17s.)
08:42:55 §6[Sacks] §r§a+51§r§e items§r§e.§r§8 (Last 19s.)
08:43:14 §6[Sacks] §r§a+50§r§e items§r§e.§r§8 (Last 18s.)
08:48:24 §6[Sacks] §r§a+90§r§e items§r§e.§r§8 (Last 30s.)
08:48:59 §6[Sacks] §r§a+102§r§e items§r§e.§r§8 (Last 30s.)
08:49:23 §6[Sacks] §r§a+79§r§e items§r§e.§r§8 (Last 22s.)
09:23:59 §6[Sacks] §r§a+94§r§e items§r§e.§r§8 (Last 30s.)
09:24:22 §6[Sacks] §r§a+45§r§e items§r§e.§r§8 (Last 18s.)
09:24:45 §6[Sacks] §r§a+33§r§e items§r§e.§r§8 (Last 19s.)
09:24:57 §6[Sacks] §r§a+8§r§e items§r§e.§r§8 (Last 6s.)
09:25:10 §6[Sacks] §r§a+29§r§e items§r§e.§r§8 (Last 10s.)
09:25:22 §6[Sacks] §r§a+24§r§e items§r§e.§r§8 (Last 10s.)
09:25:56 §6[Sacks] §r§a+68§r§e items§r§e.§r§8 (Last 27s.)
09:26:29 §6[Sacks] §r§a+42§r§e items§r§e.§r§8 (Last 19s.)
09:27:01 §6[Sacks] §r§a+105§r§e items§r§e.§r§8 (Last 30s.)
09:27:34 §6[Sacks] §r§a+87§r§e items§r§e.§r§8 (Last 30s.)
09:27:53 §6[Sacks] §r§a+30§r§e items§r§e.§r§8 (Last 16s.)
09:28:09 §6[Sacks] §r§a+27§r§e items§r§e.§r§8 (Last 12s.)
09:28:15 §6[Sacks] §r§a+3§r§e items§r§e.§r§8 (Last 5s.)
09:28:52 §6[Sacks] §r§a+92§r§e items§r§e.§r§8 (Last 30s.)
09:29:25 §6[Sacks] §r§a+63§r§e items§r§e.§r§8 (Last 30s.)
09:29:35 §6[Sacks] §r§a+11§r§e items§r§e.§r§8 (Last 6s.)
09:30:09 §6[Sacks] §r§a+105§r§e items§r§e.§r§8 (Last 30s.)
09:30:37 §6[Sacks] §r§a+67§r§e items§r§e.§r§8 (Last 26s.)
09:31:12 §6[Sacks] §r§a+87§r§e items§r§e.§r§8 (Last 30s.)
09:31:26 §6[Sacks] §r§a+17§r§e items§r§e.§r§8 (Last 11s.)
09:31:48 §6[Sacks] §r§a+53§r§e items§r§e.§r§8 (Last 19s.)
09:32:22 §6[Sacks] §r§a+106§r§e items§r§e.§r§8 (Last 30s.)
09:32:53 §6[Sacks] §r§a+91§r§e items§r§e.§r§8 (Last 30s.)
09:33:02 §6[Sacks] §r§a+15§r§e items§r§e.§r§8 (Last 8s.)
09:33:28 §6[Sacks] §r§a+62§r§e items§r§e.§r§8 (Last 23s.)
09:34:40 §6[Sacks] §r§a+93§r§e items§r§e.§r§8 (Last 30s.)
09:34:49 §6[Sacks] §r§a+14§r§e items§r§e.§r§8 (Last 8s.)
09:35:23 §6[Sacks] §r§a+99§r§e items§r§e.§r§8 (Last 30s.)
09:36:01 §6[Sacks] §r§a+30§r§e items§r§e.§r§8 (Last 18s.)
09:36:30 §6[Sacks] §r§a+55§r§e items§r§e.§r§8 (Last 24s.)
09:36:58 §6[Sacks] §r§a+10§r§e items§r§e.§r§8 (Last 5s.)
09:38:38 §6[Sacks] §r§a+22§r§e items§r§e.§r§8 (Last 9s.)
09:38:44 §6[Sacks] §r§a+6§r§e items§r§e.§r§8 (Last 5s.)
09:38:54 §6[Sacks] §r§a+20§r§e items§r§e.§r§8 (Last 8s.)
09:39:28 §6[Sacks] §r§a+89§r§e items§r§e.§r§8 (Last 30s.)
09:39:48 §6[Sacks] §r§a+33§r§e items§r§e.§r§8 (Last 13s.)
09:40:10 §6[Sacks] §r§a+9§r§e items§r§e.§r§8 (Last 6s.)
09:41:05 §6[Sacks] §r§a+62§r§e items§r§e.§r§8 (Last 30s.)
09:41:45 §6[Sacks] §r§a+82§r§e items§r§e.§r§8 (Last 26s.)
09:41:59 §6[Sacks] §r§a+9§r§e items§r§e.§r§8 (Last 8s.)
09:42:23 §6[Sacks] §r§a+38§r§e items§r§e.§r§8 (Last 20s.)
09:42:59 §6[Sacks] §r§a+64§r§e items§r§e.§r§8 (Last 30s.)
09:43:24 §6[Sacks] §r§a+35§r§e items§r§e.§r§8 (Last 19s.)
09:43:39 §6[Sacks] §r§a+18§r§e items§r§e.§r§8 (Last 9s.)
09:44:13 §6[Sacks] §r§a+108§r§e items§r§e.§r§8 (Last 30s.)
09:44:54 §6[Sacks] §r§a+84§r§e items§r§e.§r§8 (Last 30s.)
09:45:17 §6[Sacks] §r§a+47§r§e items§r§e.§r§8 (Last 19s.)
09:45:51 §6[Sacks] §r§a+117§r§e items§r§e.§r§8 (Last 30s.)
09:46:18 §6[Sacks] §r§a+67§r§e items§r§e.§r§8 (Last 25s.)
09:46:50 §6[Sacks] §r§a+78§r§e items§r§e.§r§8 (Last 30s.)
09:47:21 §6[Sacks] §r§a+88§r§e items§r§e.§r§8 (Last 30s.)
09:47:55 §6[Sacks] §r§a+80§r§e items§r§e.§r§8 (Last 30s.)
09:48:26 §6[Sacks] §r§a+97§r§e items§r§e.§r§8 (Last 30s.)
09:49:01 §6[Sacks] §r§a+88§r§e items§r§e.§r§8 (Last 30s.)
09:49:12 §6[Sacks] §r§a+12§r§e items§r§e.§r§8 (Last 7s.)
09:49:26 §6[Sacks] §r§a+20§r§e items§r§e.§r§8 (Last 11s.)
09:49:47 §6[Sacks] §r§a+50§r§e items§r§e.§r§8 (Last 20s.)
09:50:20 §6[Sacks] §r§a+118§r§e items§r§e.§r§8 (Last 30s.)
09:50:39 §6[Sacks] §r§a+51§r§e items§r§e.§r§8 (Last 18s.)
09:51:05 §6[Sacks] §r§a+48§r§e items§r§e.§r§8 (Last 24s.)
09:51:28 §6[Sacks] §r§a+63§r§e items§r§e.§r§8 (Last 21s.)
09:52:01 §6[Sacks] §r§a+47§r§e items§r§e.§r§8 (Last 20s.)
09:52:11 §6[Sacks] §r§a+16§r§e items§r§e.§r§8 (Last 8s.)
09:52:32 §6[Sacks] §r§a+46§r§e items§r§e.§r§8 (Last 18s.)
09:52:47 §6[Sacks] §r§a+21§r§e items§r§e.§r§8 (Last 10s.)
09:53:19 §6[Sacks] §r§a+95§r§e items§r§e.§r§8 (Last 30s.)
09:53:52 §6[Sacks] §r§a+96§r§e items§r§e.§r§8 (Last 30s.)
09:54:07 §6[Sacks] §r§a+30§r§e items§r§e.§r§8 (Last 13s.)
09:54:35 §6[Sacks] §r§a+32§r§e items§r§e.§r§8 (Last 17s.)
09:54:47 §6[Sacks] §r§a+10§r§e items§r§e.§r§8 (Last 5s.)
09:55:08 §6[Sacks] §r§a+49§r§e items§r§e.§r§8 (Last 18s.)
09:55:43 §6[Sacks] §r§a+96§r§e items§r§e.§r§8 (Last 30s.)
09:55:57 §6[Sacks] §r§a+26§r§e items§r§e.§r§8 (Last 12s.)
09:56:06 §6[Sacks] §r§a+16§r§e items§r§e.§r§8 (Last 7s.)
09:56:40 §6[Sacks] §r§a+104§r§e items§r§e.§r§8 (Last 30s.)
09:57:12 §6[Sacks] §r§a+82§r§e items§r§e.§r§8 (Last 30s.)
09:57:44 §6[Sacks] §r§a+73§r§e items§r§e.§r§8 (Last 27s.)
09:58:02 §6[Sacks] §r§a+35§r§e items§r§e.§r§8 (Last 15s.)
09:58:33 §6[Sacks] §r§a+65§r§e items§r§e.§r§8 (Last 30s.)
09:59:07 §6[Sacks] §r§a+78§r§e items§r§e.§r§8 (Last 30s.)
09:59:22 §6[Sacks] §r§a+35§r§e items§r§e.§r§8 (Last 13s.)
09:59:50 §6[Sacks] §r§a+66§r§e items§r§e.§r§8 (Last 25s.)
10:00:24 §6[Sacks] §r§a+100§r§e items§r§e.§r§8 (Last 30s.)
10:01:02 §6[Sacks] §r§a+83§r§e items§r§e.§r§8 (Last 30s.)
10:01:10 §6[Sacks] §r§a+8§r§e items§r§e.§r§8 (Last 7s.)
10:01:18 §6[Sacks] §r§a+8§r§e items§r§e.§r§8 (Last 6s.)
10:01:34 §6[Sacks] §r§a+22§r§e items§r§e.§r§8 (Last 10s.)
10:01:57 §6[Sacks] §r§a+31§r§e items§r§e.§r§8 (Last 19s.)
10:02:06 §6[Sacks] §r§a+14§r§e items§r§e.§r§8 (Last 8s.)
10:02:28 §6[Sacks] §r§a+45§r§e items§r§e.§r§8 (Last 18s.)
10:02:35 §6[Sacks] §r§a+9§r§e items§r§e.§r§8 (Last 6s.)
10:03:04 §6[Sacks] §r§a+64§r§e items§r§e.§r§8 (Last 25s.)
10:03:36 §6[Sacks] §r§a+91§r§e items§r§e.§r§8 (Last 30s.)
10:04:07 §6[Sacks] §r§a+65§r§e items§r§e.§r§8 (Last 30s.)
10:04:39 §6[Sacks] §r§a+75§r§e items§r§e.§r§8 (Last 30s.)
10:05:06 §6[Sacks] §r§a+57§r§e items§r§e.§r§8 (Last 25s.)
10:05:16 §6[Sacks] §r§a+10§r§e items§r§e.§r§8 (Last 7s.)
10:05:30 §6[Sacks] §r§a+26§r§e items§r§e.§r§8 (Last 9s.)
10:06:02 §6[Sacks] §r§a+65§r§e items§r§e.§r§8 (Last 30s.)
10:06:11 §6[Sacks] §r§a+15§r§e items§r§e.§r§8 (Last 8s.)
10:06:25 §6[Sacks] §r§a+11§r§e items§r§e.§r§8 (Last 7s.)
10:06:55 §6[Sacks] §r§a+61§r§e items§r§e.§r§8 (Last 26s.)
10:07:26 §6[Sacks] §r§a+65§r§e items§r§e.§r§8 (Last 30s.)
10:07:40 §6[Sacks] §r§a+24§r§e items§r§e.§r§8 (Last 12s.)
10:07:53 §6[Sacks] §r§a+17§r§e items§r§e.§r§8 (Last 10s.)
10:08:25 §6[Sacks] §r§a+79§r§e items§r§e.§r§8 (Last 30s.)
10:08:56 §6[Sacks] §r§a+71§r§e items§r§e.§r§8 (Last 28s.)
10:09:06 §6[Sacks] §r§a+1§r§e item§r§e.§r§8 (Last 5s.)
10:09:24 §6[Sacks] §r§a+3§r§e items§r§e.§r§8 (Last 5s.)
10:09:35 §6[Sacks] §r§a+20§r§e items§r§e.§r§8 (Last 9s.)
10:09:52 §6[Sacks] §r§a+10§r§e items§r§e.§r§8 (Last 6s.)
10:10:06 §6[Sacks] §r§a+15§r§e items§r§e.§r§8 (Last 9s.)
10:10:29 §6[Sacks] §r§a+38§r§e items§r§e.§r§8 (Last 18s.)
10:10:42 §6[Sacks] §r§a+26§r§e items§r§e.§r§8 (Last 10s.)
10:11:10 §6[Sacks] §r§a+67§r§e items§r§e.§r§8 (Last 26s.)
10:11:42 §6[Sacks] §r§a+82§r§e items§r§e.§r§8 (Last 30s.)
10:12:00 §6[Sacks] §r§a+27§r§e items§r§e.§r§8 (Last 16s.)
10:12:31 §6[Sacks] §r§a+71§r§e items§r§e.§r§8 (Last 30s.)
10:13:03 §6[Sacks] §r§a+74§r§e items§r§e.§r§8 (Last 30s.)
10:13:15 §6[Sacks] §r§a+21§r§e items§r§e.§r§8 (Last 11s.)
10:13:47 §6[Sacks] §r§a+91§r§e items§r§e.§r§8 (Last 30s.)
10:13:58 §6[Sacks] §r§a+15§r§e items§r§e.§r§8 (Last 6s.)
10:14:45 §6[Sacks] §r§a+137§r§e items§r§e.§r§8 (Last 30s.)
10:15:11 §6[Sacks] §r§a+63§r§e items§r§e.§r§8 (Last 24s.)
10:15:32 §6[Sacks] §r§a+19§r§e items§r§e.§r§8 (Last 7s.)
10:15:50 §6[Sacks] §r§a+46§r§e items§r§e.§r§8 (Last 17s.)
10:16:22 §6[Sacks] §r§a+112§r§e items§r§e.§r§8 (Last 30s.)
10:16:32 §6[Sacks] §r§a+15§r§e items§r§e.§r§8 (Last 8s.)
10:16:46 §6[Sacks] §r§a+8§r§e items§r§e.§r§8 (Last 6s.)
10:17:10 §6[Sacks] §r§a+45§r§e items§r§e.§r§8 (Last 21s.)
10:17:17 §6[Sacks] §r§a+7§r§e items§r§e.§r§8 (Last 6s.)
10:17:35 §6[Sacks] §r§a+36§r§e items§r§e.§r§8 (Last 15s.)
10:17:59 §6[Sacks] §r§a+30§r§e items§r§e.§r§8 (Last 19s.)
10:18:10 §6[Sacks] §r§a+13§r§e items§r§e.§r§8 (Last 9s.)
10:18:43 §6[Sacks] §r§a+78§r§e items§r§e.§r§8 (Last 30s.)
10:18:53 §6[Sacks] §r§a+16§r§e items§r§e.§r§8 (Last 9s.)
10:19:10 §6[Sacks] §r§a+39§r§e items§r§e.§r§8 (Last 15s.)
10:19:26 §6[Sacks] §r§a+21§r§e items§r§e.§r§8 (Last 14s.)
10:19:49 §6[Sacks] §r§a+48§r§e items§r§e.§r§8 (Last 20s.)
10:20:04 §6[Sacks] §r§a+8§r§e items§r§e.§r§8 (Last 6s.)
10:20:30 §6[Sacks] §r§a+40§r§e items§r§e.§r§8 (Last 24s.)
10:21:07 §6[Sacks] §r§a+80§r§e items§r§e.§r§8 (Last 30s.)
10:21:27 §6[Sacks] §r§a+38§r§e items§r§e.§r§8 (Last 14s.)
10:22:08 §6[Sacks] §r§a+100§r§e items§r§e.§r§8 (Last 30s.)
10:22:14 §6[Sacks] §r§a+4§r§e items§r§e.§r§8 (Last 5s.)
10:22:48 §6[Sacks] §r§a+67§r§e items§r§e.§r§8 (Last 30s.)
10:23:00 §6[Sacks] §r§a+23§r§e items§r§e.§r§8 (Last 10s.)
10:23:33 §6[Sacks] §r§a+102§r§e items§r§e.§r§8 (Last 30s.)
10:24:06 §6[Sacks] §r§a+77§r§e items§r§e.§r§8 (Last 30s.)
10:24:39 §6[Sacks] §r§a+76§r§e items§r§e.§r§8 (Last 30s.)
10:24:59 §6[Sacks] §r§a+49§r§e items§r§e.§r§8 (Last 17s.)
10:25:14 §6[Sacks] §r§a+43§r§e items§r§e.§r§8 (Last 14s.)
10:25:38 §6[Sacks] §r§a+54§r§e items§r§e.§r§8 (Last 22s.)
10:25:58 §6[Sacks] §r§a+29§r§e items§r§e.§r§8 (Last 15s.)
10:26:08 §6[Sacks] §r§a+19§r§e items§r§e.§r§8 (Last 8s.)
10:26:29 §6[Sacks] §r§a+32§r§e items§r§e.§r§8 (Last 13s.)
10:26:37 §6[Sacks] §r§a+1§r§e item§r§e.§r§8 (Last 5s.)
10:26:50 §6[Sacks] §r§a+5§r§e items§r§e.§r§8 (Last 9s.)
10:27:17 §6[Sacks] §r§a+4§r§e items§r§e.§r§8 (Last 5s.)
10:27:28 §6[Sacks] §r§a+9§r§e items§r§e.§r§8 (Last 7s.)
10:29:59 §6[Sacks] §r§a+9§r§e items§r§e.§r§8 (Last 5s.)
10:36:33 §6[Sacks] §r§a+1§r§e item§r§e.§r§8 (Last 5s.)
10:37:30 §6[Sacks] §r§a+10§r§e items§r§e.§r§8 (Last 5s.)
10:44:51 §6[Sacks] §r§a+10§r§e items§r§e.§r§8 (Last 5s.)
10:49:57 §6[Sacks] §r§a+184§r§e items§r§e, §r§c-184§r§e items§r§e.§r§8 (Last 11s.)
11:24:15 §6[Sacks] §r§a+605§r§e items§r§e.§r§8 (Last 23s.)
11:24:48 §6[Sacks] §r§a+995§r§e items§r§e.§r§8 (Last 30s.)
11:24:54 §6[Sacks] §r§a+9§r§e items§r§e.§r§8 (Last 5s.)
11:25:27 §6[Sacks] §r§a+982§r§e items§r§e.§r§8 (Last 30s.)
11:25:34 §6[Sacks] §r§a+82§r§e items§r§e.§r§8 (Last 6s.)
11:25:58 §6[Sacks] §r§a+499§r§e items§r§e.§r§8 (Last 23s.)
11:26:29 §6[Sacks] §r§a+884§r§e items§r§e.§r§8 (Last 30s.)
11:27:00 §6[Sacks] §r§a+841§r§e items§r§e.§r§8 (Last 30s.)
11:27:30 §6[Sacks] §r§a+912§r§e items§r§e.§r§8 (Last 30s.)
11:27:42 §6[Sacks] §r§a+73§r§e items§r§e.§r§8 (Last 6s.)
11:28:14 §6[Sacks] §r§a+912§r§e items§r§e.§r§8 (Last 30s.)
11:28:45 §6[Sacks] §r§a+824§r§e items§r§e.§r§8 (Last 30s.)
11:29:17 §6[Sacks] §r§a+865§r§e items§r§e.§r§8 (Last 30s.)
11:29:29 §6[Sacks] §r§a+329§r§e items§r§e.§r§8 (Last 11s.)
11:39:11 §6[Sacks] §r§a+397§r§e items§r§e.§r§8 (Last 14s.)
11:40:22 §6[Sacks] §r§a+196§r§e items§r§e.§r§8 (Last 10s.)
11:41:38 §6[Sacks] §r§a+387§r§e items§r§e.§r§8 (Last 15s.)
11:41:59 §6[Sacks] §r§a+196§r§e items§r§e.§r§8 (Last 9s.)
11:42:53 §6[Sacks] §r§a+875§r§e items§r§e.§r§8 (Last 30s.)
11:43:00 §6[Sacks] §r§a+66§r§e items§r§e.§r§8 (Last 6s.)
11:43:53 §6[Sacks] §r§a+543§r§e items§r§e.§r§8 (Last 25s.)
11:44:08 §6[Sacks] §r§a+201§r§e items§r§e.§r§8 (Last 6s.)
11:44:25 §6[Sacks] §r§a+187§r§e items§r§e.§r§8 (Last 14s.)
11:44:36 §6[Sacks] §r§a+37§r§e items§r§e.§r§8 (Last 6s.)
11:45:09 §6[Sacks] §r§a+786§r§e items§r§e.§r§8 (Last 30s.)
11:45:32 §6[Sacks] §r§a+187§r§e items§r§e.§r§8 (Last 7s.)
11:46:45 §6[Sacks] §r§a+603§r§e items§r§e.§r§8 (Last 25s.)
11:46:57 §6[Sacks] §r§a+153§r§e items§r§e.§r§8 (Last 9s.)
11:48:11 §6[Sacks] §r§a+109§r§e items§r§e.§r§8 (Last 5s.)
11:48:27 §6[Sacks] §r§a+180§r§e items§r§e.§r§8 (Last 9s.)
11:48:33 §6[Sacks] §r§a+21§r§e items§r§e.§r§8 (Last 5s.)
11:48:59 §6[Sacks] §r§a+567§r§e items§r§e.§r§8 (Last 23s.)
11:49:16 §6[Sacks] §r§a+167§r§e items§r§e.§r§8 (Last 12s.)
11:49:45 §6[Sacks] §r§a+685§r§e items§r§e.§r§8 (Last 25s.)
11:50:18 §6[Sacks] §r§a+474§r§e items§r§e.§r§8 (Last 24s.)
11:50:45 §6[Sacks] §r§a+325§r§e items§r§e.§r§8 (Last 13s.)
11:51:30 §6[Sacks] §r§a+101§r§e items§r§e.§r§8 (Last 7s.)
11:52:10 §6[Sacks] §r§a+956§r§e items§r§e.§r§8 (Last 30s.)
11:52:42 §6[Sacks] §r§a+683§r§e items§r§e.§r§8 (Last 30s.)
11:52:56 §6[Sacks] §r§a+46§r§e items§r§e.§r§8 (Last 6s.)
11:53:10 §6[Sacks] §r§a+208§r§e items§r§e.§r§8 (Last 10s.)
11:53:45 §6[Sacks] §r§a+590§r§e items§r§e.§r§8 (Last 23s.)
11:53:55 §6[Sacks] §r§a+96§r§e items§r§e.§r§8 (Last 7s.)
11:56:01 §6[Sacks] §r§c-1,728§r§e items§r§e.§r§8 (Last 5s.)
11:56:23 §6[Sacks] §r§a+137§r§e items§r§e, §r§c-17,671§r§e items§r§e.§r§8 (Last 16s.)
11:56:36 §6[Sacks] §r§a+1§r§e item§r§e.§r§8 (Last 5s.)
11:59:01 §6[Sacks] §r§a+2§r§e items§r§e.§r§8 (Last 5s.)
13:41:29 §6[Sacks] §r§a+60§r§e items§r§e.§r§8 (Last 5s.)
13:50:58 §6[Sacks] §r§c-28§r§e items§r§e.§r§8 (Last 8s.)
13:51:32 §6[Sacks] §r§c-194§r§e items§r§e.§r§8 (Last 5s.)
13:51:39 §6[Sacks] §r§a+194§r§e items§r§e.§r§8 (Last 5s.)
13:52:26 §6[Sacks] §r§a+724§r§e items§r§e.§r§8 (Last 10s.)
