08:44:30 §f                                  §6§lBESTIARY
08:44:30 §f                              §b§lZealot §7§816 §8➡§b §b17
08:44:30 
08:44:30                                   §r§6§lREWARDS
08:44:30                           §r§8+§r§a5 Zealot §r§b✯ Magic Find
08:44:30                            §r§8+§r§a5 Zealot §r§c❁ Strength
08:44:30                               §r§8+§r§62% §r§aZealot §r§7coins
08:44:30                     §r§8+§r§a50% §r§7chance for extra XP orbs
08:44:30                                §r§8+§r§b1 SkyBlock XP
08:44:30 
08:44:30 §3§l▬▬▬▬▬▬▬▬▬▬▬▬▬▬▬▬▬▬▬▬▬▬▬▬▬▬▬▬▬▬▬▬▬▬▬▬▬▬▬▬▬▬▬▬▬▬▬▬▬▬▬▬▬▬▬▬▬▬▬▬▬▬▬▬
09:08:26 §f                                  §6§lBESTIARY
09:08:26 §f                              §b§lZealot §7§817 §8➡§b §b18
09:08:26 
09:08:26                                   §r§6§lREWARDS
09:08:26                           §r§8+§r§a5 Zealot §r§b✯ Magic Find
09:08:26                            §r§8+§r§a5 Zealot §r§c❁ Strength
09:08:26                               §r§8+§r§62% §r§aZealot §r§7coins
09:08:26                     §r§8+§r§a50% §r§7chance for extra XP orbs
09:08:26                                §r§8+§r§b1 SkyBlock XP
09:08:26 
09:08:26 §3§l▬▬▬▬▬▬▬▬▬▬▬▬▬▬▬▬▬▬▬▬▬▬▬▬▬▬▬▬▬▬▬▬▬▬▬▬▬▬▬▬▬▬▬▬▬▬▬▬▬▬▬▬▬▬▬▬▬▬▬▬▬▬▬▬
11:52:10 §f                                  §6§lBESTIARY
11:52:10 §f                           §b§lEndermite §7§817 §8➡§b §b18
11:52:10 
11:52:10                                   §r§6§lREWARDS
11:52:10                         §r§8+§r§a5 Endermite §r§b✯ Magic Find
11:52:10                          §r§8+§r§a5 Endermite §r§c❁ Strength
11:52:10                             §r§8+§r§62% §r§aEndermite §r§7coins
11:52:10                     §r§8+§r§a50% §r§7chance for extra XP orbs
11:52:10                                §r§8+§r§b1 SkyBlock XP
11:52:10 
11:52:10 §3§l▬▬▬▬▬▬▬▬▬▬▬▬▬▬▬▬▬▬▬▬▬▬▬▬▬▬▬▬▬▬▬▬▬▬▬▬▬▬▬▬▬▬▬▬▬▬▬▬▬▬▬▬▬▬▬▬▬▬▬▬▬▬▬▬
