07:58:52 §f §r§r§r§f §r§r§r§1 §r§r§r§0 §r§r§r§2 §r§r§r§f §r§r§r§f §r§r§r§2 §r§r§r§0 §r§r§r§4 §r§r§r§3 §r§r§r§9 §r§r§r§2 §r§r§r§0 §r§r§r§0 §r§r§r§3 §r§r§r§9 §r§r§r§2 §r§r§r§0 §r§r§r§0 §r§r§r§3 §r§r§r§9 §r§r§r§2 §r§r§r§0 §r§r§r§0 
07:59:06 §8 §r§8 §r§1 §r§3 §r§3 §r§7 §r§8 
07:59:09 
07:59:09 
08:04:49 §8 §r§8 §r§1 §r§3 §r§3 §r§7 §r§8 
08:05:33 §8 §r§8 §r§1 §r§3 §r§3 §r§7 §r§8 
08:06:02 §8 §r§8 §r§1 §r§3 §r§3 §r§7 §r§8 
08:06:29 §8 §r§8 §r§1 §r§3 §r§3 §r§7 §r§8 
08:09:54 §8 §r§8 §r§1 §r§3 §r§3 §r§7 §r§8 
08:10:30 §8 §r§8 §r§1 §r§3 §r§3 §r§7 §r§8 
08:10:38 §8 §r§8 §r§1 §r§3 §r§3 §r§7 §r§8 
08:11:15 §8 §r§8 §r§1 §r§3 §r§3 §r§7 §r§8 
08:11:41 §8 §r§8 §r§1 §r§3 §r§3 §r§7 §r§8 
08:12:17 §8 §r§8 §r§1 §r§3 §r§3 §r§7 §r§8 
08:12:27 §8 §r§8 §r§1 §r§3 §r§3 §r§7 §r§8 
08:13:15 
08:13:15 
08:13:15 
08:13:15 
08:15:16  
08:15:16  
08:15:16  
08:18:19 §8 §r§8 §r§1 §r§3 §r§3 §r§7 §r§8 
08:18:26 §8 §r§8 §r§1 §r§3 §r§3 §r§7 §r§8 
08:19:15 §8 §r§8 §r§1 §r§3 §r§3 §r§7 §r§8 
08:19:21 §8 §r§8 §r§1 §r§3 §r§3 §r§7 §r§8 
08:20:51 §8 §r§8 §r§1 §r§3 §r§3 §r§7 §r§8 
08:26:33 §8 §r§8 §r§1 §r§3 §r§3 §r§7 §r§8 
08:26:42 §8 §r§8 §r§1 §r§3 §r§3 §r§7 §r§8 
08:27:43 §8 §r§8 §r§1 §r§3 §r§3 §r§7 §r§8 
08:33:50 §8 §r§8 §r§1 §r§3 §r§3 §r§7 §r§8 
08:34:44 §8 §r§8 §r§1 §r§3 §r§3 §r§7 §r§8 
08:41:45 §8 §r§8 §r§1 §r§3 §r§3 §r§7 §r§8 
08:42:16 §8 §r§8 §r§1 §r§3 §r§3 §r§7 §r§8 
08:42:30 §8 §r§8 §r§1 §r§3 §r§3 §r§7 §r§8 
08:43:17 §8 §r§8 §r§1 §r§3 §r§3 §r§7 §r§8 
08:43:38 §8 §r§8 §r§1 §r§3 §r§3 §r§7 §r§8 
08:44:30  
08:45:45 §8 §r§8 §r§1 §r§3 §r§3 §r§7 §r§8 
08:46:06 §8 §r§8 §r§1 §r§3 §r§3 §r§7 §r§8 
08:47:39 §8 §r§8 §r§1 §r§3 §r§3 §r§7 §r§8 
08:47:56 §8 §r§8 §r§1 §r§3 §r§3 §r§7 §r§8 
08:48:39 
08:48:39 
08:48:39 
08:48:39 
08:49:59 
08:49:59 
08:49:59 
08:49:59 
08:51:25 
08:51:25 
08:51:25 
08:51:25 
08:52:43 
08:52:43 
08:52:43 
08:52:43 
08:54:12 
08:54:12 
08:54:12 
08:54:12 
08:55:35 
08:55:35 
08:55:35 
08:55:35 
08:56:54 
08:56:54 
08:56:54 
08:56:54 
08:58:20 
08:58:20 
08:58:20 
08:58:20 
09:00:39 §8 §r§8 §r§1 §r§3 §r§3 §r§7 §r§8 
09:01:40 
09:01:40 §c
09:03:13 
09:03:17 
09:03:21 
09:04:49 §8 §r§8 §r§1 §r§3 §r§3 §r§7 §r§8 
09:05:57 §8 §r§8 §r§1 §r§3 §r§3 §r§7 §r§8 
09:06:11 §8 §r§8 §r§1 §r§3 §r§3 §r§7 §r§8 
09:08:26  
09:11:29 §8 §r§8 §r§1 §r§3 §r§3 §r§7 §r§8 
09:27:10 §8 §r§8 §r§1 §r§3 §r§3 §r§7 §r§8 
09:36:53 §8 §r§8 §r§1 §r§3 §r§3 §r§7 §r§8 
10:08:01 §8 §r§8 §r§1 §r§3 §r§3 §r§7 §r§8 
10:09:05 §8 §r§8 §r§1 §r§3 §r§3 §r§7 §r§8 
10:11:59 §8 §r§8 §r§1 §r§3 §r§3 §r§7 §r§8 
10:14:21 §8 §r§8 §r§1 §r§3 §r§3 §r§7 §r§8 
10:15:26 §8 §r§8 §r§1 §r§3 §r§3 §r§7 §r§8 
10:16:09 
10:16:14 §8 §r§8 §r§1 §r§3 §r§3 §r§7 §r§8 
10:19:13 §8 §r§8 §r§1 §r§3 §r§3 §r§7 §r§8 
10:20:49 §8 §r§8 §r§1 §r§3 §r§3 §r§7 §r§8 
10:20:56 §8 §r§8 §r§1 §r§3 §r§3 §r§7 §r§8 
10:21:27 §8 §r§8 §r§1 §r§3 §r§3 §r§7 §r§8 
10:21:33 §8 §r§8 §r§1 §r§3 §r§3 §r§7 §r§8 
10:22:16 §8 §r§8 §r§1 §r§3 §r§3 §r§7 §r§8 
10:22:24 §8 §r§8 §r§1 §r§3 §r§3 §r§7 §r§8 
10:24:04 §8 §r§8 §r§1 §r§3 §r§3 §r§7 §r§8 
10:44:22 §8 §r§8 §r§1 §r§3 §r§3 §r§7 §r§8 
10:44:29 §8 §r§8 §r§1 §r§3 §r§3 §r§7 §r§8 
10:53:35 §8 §r§8 §r§1 §r§3 §r§3 §r§7 §r§8 
10:58:41 §8 §r§8 §r§1 §r§3 §r§3 §r§7 §r§8 
10:58:46 §8 §r§8 §r§1 §r§3 §r§3 §r§7 §r§8 
11:01:39 
11:01:39 §c
11:04:12 
11:05:49                                         
11:05:49                                         
11:11:10 §8 §r§8 §r§1 §r§3 §r§3 §r§7 §r§8 
11:44:48 §8 §r§8 §r§1 §r§3 §r§3 §r§7 §r§8 
11:46:25 §8 §r§8 §r§1 §r§3 §r§3 §r§7 §r§8 
11:46:37 §8 §r§8 §r§1 §r§3 §r§3 §r§7 §r§8 
11:51:42 
11:51:42 
11:51:42 
11:51:42 
11:52:10  
11:54:45 §8 §r§8 §r§1 §r§3 §r§3 §r§7 §r§8 
11:55:28 §8 §r§8 §r§1 §r§3 §r§3 §r§7 §r§8 
