08:05:06 §6[Sacks] §r§a+10§r§e items§r§e.§r§8 (Last 14s.)
08:10:05 §6[Sacks] §r§a+2§r§e items§r§e.§r§8 (Last 5s.)
08:10:30 §6[Sacks] §r§a+12§r§e items§r§e.§r§8 (Last 12s.)
08:11:11 §6[Sacks] §r§a+21§r§e items§r§e.§r§8 (Last 14s.)
08:27:35 §6[Sacks] §r§a+56§r§e items§r§e.§r§8 (Last 29s.)
08:34:43 §6[Sacks] §r§a+51§r§e items§r§e.§r§8 (Last 19s.)
08:38:02 §6[Sacks] §r§a+2§r§e items§r§e.§r§8 (Last 5s.)
08:38:08 §6[Sacks] §r§a+2§r§e items§r§e.§r§8 (Last 5s.)
08:44:31 §6[Sacks] §r§a+94§r§e items§r§e.§r§8 (Last 30s.)
08:44:55 §6[Sacks] §r§a+41§r§e items§r§e.§r§8 (Last 21s.)
08:45:32 §6[Sacks] §r§a+58§r§e items§r§e.§r§8 (Last 30s.)
08:46:26 §6[Sacks] §r§a+4§r§e items§r§e.§r§8 (Last 5s.)
08:47:00 §6[Sacks] §r§a+85§r§e items§r§e.§r§8 (Last 30s.)
08:47:31 §6[Sacks] §r§a+74§r§e items§r§e.§r§8 (Last 30s.)
08:49:31 §6[Sacks] §r§a+25§r§e items§r§e.§r§8 (Last 12s.)
08:49:39 §6[Sacks] §r§a+10§r§e items§r§e.§r§8 (Last 5s.)
08:50:14 §6[Sacks] §r§a+69§r§e items§r§e.§r§8 (Last 30s.)
08:50:59 §6[Sacks] §r§a+96§r§e items§r§e.§r§8 (Last 30s.)
08:51:13 §6[Sacks] §r§a+29§r§e items§r§e.§r§8 (Last 13s.)
08:51:36 §6[Sacks] §r§a+32§r§e items§r§e.§r§8 (Last 21s.)
08:51:42 §6[Sacks] §r§a+5§r§e items§r§e.§r§8 (Last 5s.)
08:52:51 §6[Sacks] §r§a+70§r§e items§r§e.§r§8 (Last 30s.)
08:53:13 §6[Sacks] §r§a+35§r§e items§r§e.§r§8 (Last 18s.)
08:53:44 §6[Sacks] §r§a+10§r§e items§r§e.§r§8 (Last 5s.)
08:55:12 §6[Sacks] §r§a+10§r§e items§r§e.§r§8 (Last 5s.)
08:56:42 §6[Sacks] §r§a+87§r§e items§r§e.§r§8 (Last 30s.)
08:57:15 §6[Sacks] §r§a+107§r§e items§r§e.§r§8 (Last 30s.)
08:57:45 §6[Sacks] §r§a+52§r§e items§r§e.§r§8 (Last 28s.)
08:58:17 §6[Sacks] §r§a+87§r§e items§r§e.§r§8 (Last 30s.)
08:58:31 §6[Sacks] §r§a+24§r§e items§r§e.§r§8 (Last 12s.)
08:59:05 §6[Sacks] §r§a+81§r§e items§r§e.§r§8 (Last 30s.)
08:59:21 §6[Sacks] §r§a+10§r§e items§r§e.§r§8 (Last 5s.)
09:00:23 §6[Sacks] §r§a+90§r§e items§r§e.§r§8 (Last 30s.)
09:00:29 §6[Sacks] §r§a+4§r§e items§r§e.§r§8 (Last 5s.)
09:05:34 §6[Sacks] §r§a+73§r§e items§r§e.§r§8 (Last 30s.)
09:05:43 §6[Sacks] §r§a+7§r§e items§r§e.§r§8 (Last 7s.)
09:06:59 §6[Sacks] §r§a+80§r§e items§r§e.§r§8 (Last 30s.)
09:07:32 §6[Sacks] §r§a+95§r§e items§r§e.§r§8 (Last 30s.)
09:08:05 §6[Sacks] §r§a+72§r§e items§r§e.§r§8 (Last 30s.)
09:08:36 §6[Sacks] §r§a+57§r§e items§r§e.§r§8 (Last 30s.)
09:08:55 §6[Sacks] §r§a+39§r§e items§r§e.§r§8 (Last 16s.)
09:09:28 §6[Sacks] §r§a+74§r§e items§r§e.§r§8 (Last 30s.)
09:09:40 §6[Sacks] §r§a+15§r§e items§r§e.§r§8 (Last 8s.)
09:27:55 §6[Sacks] §r§a+78§r§e items§r§e.§r§8 (Last 30s.)
09:28:17 §6[Sacks] §r§a+47§r§e items§r§e.§r§8 (Last 21s.)
10:19:38 §6[Sacks] §r§a+3§r§e items§r§e.§r§8 (Last 5s.)
10:19:54 §6[Sacks] §r§a+11§r§e items§r§e.§r§8 (Last 7s.)
10:20:16 §6[Sacks] §r§a+32§r§e items§r§e.§r§8 (Last 21s.)
10:20:48 §6[Sacks] §r§a+56§r§e items§r§e.§r§8 (Last 30s.)
10:21:06 §6[Sacks] §r§a+2§r§e items§r§e.§r§8 (Last 5s.)
10:22:52 §6[Sacks] §r§a+6§r§e items§r§e.§r§8 (Last 5s.)
10:23:06 §6[Sacks] §r§a+16§r§e items§r§e.§r§8 (Last 10s.)
10:23:37 §6[Sacks] §r§a+81§r§e items§r§e.§r§8 (Last 29s.)
10:24:02 §6[Sacks] §r§a+29§r§e items§r§e.§r§8 (Last 13s.)
10:35:04 §6[Sacks] §r§a+132§r§e items§r§e, §r§c-132§r§e items§r§e.§r§8 (Last 6s.)
10:35:42 §6[Sacks] §r§c-1,723§r§e items§r§e.§r§8 (Last 5s.)
10:40:29 §6[Sacks] §r§c-114§r§e items§r§e.§r§8 (Last 5s.)
10:42:27 §6[Sacks] §r§a+1§r§e item§r§e.§r§8 (Last 5s.)
10:42:49 §6[Sacks] §r§c-10§r§e items§r§e.§r§8 (Last 13s.)
10:43:00 §6[Sacks] §r§c-17§r§e items§r§e.§r§8 (Last 8s.)
10:44:14 §6[Sacks] §r§a+327§r§e items§r§e, §r§c-14,343§r§e items§r§e.§r§8 (Last 21s.)
10:45:24 §6[Sacks] §r§a+3,593§r§e items§r§e.§r§8 (Last 30s.)
10:45:55 §6[Sacks] §r§a+3,623§r§e items§r§e.§r§8 (Last 30s.)
10:46:25 §6[Sacks] §r§a+3,641§r§e items§r§e.§r§8 (Last 30s.)
10:46:56 §6[Sacks] §r§a+3,572§r§e items§r§e.§r§8 (Last 30s.)
10:47:16 §6[Sacks] §r§a+267§r§e items§r§e, §r§c-14,717§r§e items§r§e.§r§8 (Last 19s.)
10:47:52 §6[Sacks] §r§a+3,256§r§e items§r§e.§r§8 (Last 30s.)
10:48:25 §6[Sacks] §r§a+3,825§r§e items§r§e.§r§8 (Last 30s.)
10:48:56 §6[Sacks] §r§a+3,804§r§e items§r§e.§r§8 (Last 30s.)
10:49:27 §6[Sacks] §r§a+2,836§r§e items§r§e.§r§8 (Last 30s.)
10:49:58 §6[Sacks] §r§a+2,341§r§e items§r§e.§r§8 (Last 30s.)
10:50:29 §6[Sacks] §r§a+3,524§r§e items§r§e.§r§8 (Last 30s.)
10:51:00 §6[Sacks] §r§a+530§r§e items§r§e.§r§8 (Last 30s.)
10:51:31 §6[Sacks] §r§a+23§r§e items§r§e.§r§8 (Last 30s.)
10:52:03 §6[Sacks] §r§a+23§r§e items§r§e.§r§8 (Last 30s.)
10:52:12 §6[Sacks] §r§a+3§r§e items§r§e.§r§8 (Last 8s.)
10:52:36 §6[Sacks] §r§a+1,662§r§e items§r§e, §r§c-21,891§r§e items§r§e.§r§8 (Last 22s.)
10:53:22 §6[Sacks] §r§a+229§r§e items§r§e.§r§8 (Last 5s.)
10:54:25 §6[Sacks] §r§a+102§r§e items§r§e.§r§8 (Last 15s.)
10:54:36 §6[Sacks] §r§a+106§r§e items§r§e.§r§8 (Last 9s.)
10:54:49 §6[Sacks] §r§a+14§r§e items§r§e.§r§8 (Last 12s.)
10:55:14 §6[Sacks] §r§c-1,792§r§e items§r§e.§r§8 (Last 5s.)
10:55:35 §6[Sacks] §r§c-1,311§r§e items§r§e.§r§8 (Last 5s.)
10:56:38 §6[Sacks] §r§a+1,856§r§e items§r§e, §r§c-1,920§r§e items§r§e.§r§8 (Last 11s.)
10:56:45 §6[Sacks] §r§c-75§r§e items§r§e.§r§8 (Last 5s.)
10:58:27 §6[Sacks] §r§a+30§r§e items§r§e, §r§c-30§r§e items§r§e.§r§8 (Last 13s.)
10:58:39 §6[Sacks] §r§a+30§r§e items§r§e.§r§8 (Last 5s.)
10:59:39 §6[Sacks] §r§a+604§r§e items§r§e.§r§8 (Last 13s.)
11:00:08 §6[Sacks] §r§a+220§r§e items§r§e.§r§8 (Last 11s.)
11:00:54 §6[Sacks] §r§a+80§r§e items§r§e.§r§8 (Last 6s.)
11:02:48 §6[Sacks] §r§a+865§r§e items§r§e.§r§8 (Last 19s.)
11:03:31 §6[Sacks] §r§a+148§r§e items§r§e, §r§c-1,775§r§e items§r§e.§r§8 (Last 9s.)
11:04:32 §6[Sacks] §r§a+663§r§e items§r§e.§r§8 (Last 11s.)
11:05:12 §6[Sacks] §r§a+1,085§r§e items§r§e.§r§8 (Last 30s.)
11:05:42 §6[Sacks] §r§a+1,266§r§e items§r§e.§r§8 (Last 30s.)
11:06:13 §6[Sacks] §r§a+1,160§r§e items§r§e.§r§8 (Last 30s.)
11:06:45 §6[Sacks] §r§a+1,370§r§e items§r§e.§r§8 (Last 30s.)
11:06:59 §6[Sacks] §r§a+295§r§e items§r§e.§r§8 (Last 13s.)
11:07:34 §6[Sacks] §r§a+1,330§r§e items§r§e.§r§8 (Last 30s.)
11:08:05 §6[Sacks] §r§a+1,540§r§e items§r§e.§r§8 (Last 30s.)
11:08:35 §6[Sacks] §r§a+1,305§r§e items§r§e.§r§8 (Last 30s.)
11:09:07 §6[Sacks] §r§a+1,570§r§e items§r§e.§r§8 (Last 30s.)
11:09:38 §6[Sacks] §r§a+1,345§r§e items§r§e.§r§8 (Last 30s.)
11:10:10 §6[Sacks] §r§a+1,595§r§e items§r§e.§r§8 (Last 30s.)
11:10:41 §6[Sacks] §r§a+1,320§r§e items§r§e.§r§8 (Last 30s.)
11:11:55 §6[Sacks] §r§a+3§r§e items§r§e.§r§8 (Last 5s.)
11:14:41 §6[Sacks] §r§a+3§r§e items§r§e.§r§8 (Last 5s.)
11:18:10 §6[Sacks] §r§a+1§r§e item§r§e.§r§8 (Last 5s.)
11:31:42 §6[Sacks] §r§a+1§r§e item§r§e.§r§8 (Last 5s.)
11:33:30 §6[Sacks] §r§a+4§r§e items§r§e.§r§8 (Last 5s.)
11:35:11 §6[Sacks] §r§a+1§r§e item§r§e.§r§8 (Last 5s.)
11:42:53 §6[Sacks] §r§c-1,728§r§e items§r§e.§r§8 (Last 5s.)
11:46:49 §6[Sacks] §r§a+47§r§e items§r§e.§r§8 (Last 9s.)
11:47:40 §6[Sacks] §r§a+562§r§e items§r§e.§r§8 (Last 21s.)
11:48:12 §6[Sacks] §r§a+2,719§r§e items§r§e.§r§8 (Last 30s.)
11:48:43 §6[Sacks] §r§a+2,057§r§e items§r§e.§r§8 (Last 30s.)
11:49:14 §6[Sacks] §r§a+1,774§r§e items§r§e.§r§8 (Last 30s.)
11:49:46 §6[Sacks] §r§a+1,559§r§e items§r§e.§r§8 (Last 30s.)
11:50:17 §6[Sacks] §r§a+2,695§r§e items§r§e.§r§8 (Last 30s.)
11:50:47 §6[Sacks] §r§a+1,615§r§e items§r§e.§r§8 (Last 30s.)
11:51:19 §6[Sacks] §r§a+1,563§r§e items§r§e.§r§8 (Last 30s.)
11:51:29 §6[Sacks] §r§a+429§r§e items§r§e.§r§8 (Last 9s.)
11:52:18 §6[Sacks] §r§a+1,317§r§e items§r§e.§r§8 (Last 30s.)
11:52:50 §6[Sacks] §r§a+1,586§r§e items§r§e.§r§8 (Last 30s.)
11:53:04 §6[Sacks] §r§a+273§r§e items§r§e.§r§8 (Last 13s.)
11:53:46 §6[Sacks] §r§a+25§r§e items§r§e.§r§8 (Last 7s.)
