12:39:57 [allowed] §aYou are still radiating with §bGenerosity§r§a!
12:39:57 [EMPTY] §f §r§r§r§f §r§r§r§1 §r§r§r§0 §r§r§r§2 §r§r§r§f §r§r§r§f §r§r§r§2 §r§r§r§0 §r§r§r§4 §r§r§r§3 §r§r§r§9 §r§r§r§2 §r§r§r§0 §r§r§r§0 §r§r§r§3 §r§r§r§9 §r§r§r§2 §r§r§r§0 §r§r§r§0 §r§r§r§3 §r§r§r§9 §r§r§r§2 §r§r§r§0 §r§r§r§0 
12:40:05 [allowed] §7Sending to server mini67W...
12:40:05 [EMPTY] §8 §r§8 §r§1 §r§3 §r§3 §r§7 §r§8 
12:40:08 [EMPTY] 
12:40:08 [WELCOME] §eWelcome to §r§aHypixel SkyBlock§r§e!
12:40:08 [EMPTY] 
12:40:08 [allowed] §eLatest update: §bSkyBlock v0.23.2 §e§lCLICK
12:40:08 [PROFILE_JOIN] §aYou are playing on profile: §eLemon§b (Co-op)
12:40:08 [PROFILE_JOIN] §8Profile ID: 62b760d8-92b6-4501-ada0-1fd8583f5266
12:40:10 [allowed] §e[SkyHanni] You have gained §b357 §eBits.
12:40:10 [LOTTERY] §bNew day! §r§eYour §r§2Lottery §r§ebuff changed!
12:40:10 [LOTTERY] §eNew buff§r§r§r: §r§fGain §r§a+50 §r§6☘ Mangrove Fortune§r§f.
12:40:10 [LOTTERY] §8§oYou can disable this messaging by toggling Lottery in your /hotf!
12:40:11 [allowed] §b§m-----------------------------------------------------
12:40:11 [allowed] §6Guild Name: Convent
12:40:11 [EMPTY] 
12:40:11 [allowed]                              §r§a-- Guild Master --
12:40:11 [allowed] §b[MVP§r§3+§r§b] catholicschool§r§a ●  
12:40:11 [EMPTY] 
12:40:11 [allowed]                                 §r§a-- Mother --
12:40:11 [allowed] §a[VIP] peer2peer§r§c ●  §r§a[VIP§r§6+§r§a] himej0shi§r§c ●  
12:40:11 [EMPTY] 
12:40:11 [allowed]                                  §r§a-- Sister --
12:40:11 [allowed] §7getkankerirl§r§c ●  §r§7protestantschool§r§c ●  
12:40:11 [EMPTY] 
12:40:11 [allowed] §eTotal Members: §r§a5
12:40:11 [allowed] §eOnline Members: §r§a1
12:40:11 [allowed] §b§m-----------------------------------------------------
