21:05:34 PRIVATE_ISLAND
21:08:32 NONE
21:08:34 HUB
21:09:09 PRIVATE_ISLAND
21:18:25 NONE
21:18:25 HUB
21:18:52 PRIVATE_ISLAND
21:22:54 PRIVATE_ISLAND_GUEST
21:22:57 NONE
21:22:58 CRIMSON_ISLE
21:27:46 PRIVATE_ISLAND
21:35:29 NONE
21:35:30 PRIVATE_ISLAND_GUEST
21:36:44 CRIMSON_ISLE
21:40:34 NONE
21:40:35 PRIVATE_ISLAND
21:50:04 HUB
21:54:27 PRIVATE_ISLAND
22:02:54 NONE
22:02:55 THE_PARK
22:02:59 NONE
22:03:00 HUB
22:30:41 THE_PARK
22:31:00 NONE
22:31:00 THE_FARMING_ISLANDS
22:32:52 NONE
22:32:53 HUB
22:33:11 THE_FARMING_ISLANDS
22:45:29 NONE
22:45:29 GARDEN
23:01:53 NONE
23:01:55 HUB
23:01:55 NONE
23:01:55 HUB
23:02:31 PRIVATE_ISLAND
23:03:06 HUB
23:03:08 NONE
23:03:08 HUB
23:04:45 PRIVATE_ISLAND
23:04:46 NONE
23:04:46 PRIVATE_ISLAND
23:11:42 NONE
23:11:43 HUB
23:14:57 PRIVATE_ISLAND
23:19:22 GALATEA
23:20:15 PRIVATE_ISLAND
23:50:49 NONE
23:50:50 HUB
23:52:59 PRIVATE_ISLAND
23:53:15 PRIVATE_ISLAND_GUEST
23:53:19 NONE
23:53:19 DWARVEN_MINES
23:53:48 PRIVATE_ISLAND
23:53:55 HUB
00:16:56 HUB
00:16:56 NONE
00:16:56 HUB
00:17:20 PRIVATE_ISLAND
00:22:14 PRIVATE_ISLAND_GUEST
00:22:23 DWARVEN_MINES
00:23:49 PRIVATE_ISLAND
00:25:09 HUB
00:27:40 PRIVATE_ISLAND
00:37:07 NONE
00:37:08 HUB
00:37:12 NONE
00:37:13 DUNGEON_HUB
00:37:44 CATACOMBS
01:05:33 NONE
01:05:34 DUNGEON_HUB
01:05:48 DUNGEON_HUB
01:06:32 NONE
01:06:33 PRIVATE_ISLAND
01:06:44 NONE
01:06:48 PRIVATE_ISLAND
01:10:11 NONE
01:10:18 PRIVATE_ISLAND
01:12:04 DUNGEON_HUB
01:12:45 PRIVATE_ISLAND
01:13:20 GALATEA
01:13:57 PRIVATE_ISLAND
01:30:08 NONE
01:30:09 DUNGEON_HUB
01:30:30 CATACOMBS
01:55:00 DUNGEON_HUB
01:58:03 PRIVATE_ISLAND
02:44:43 NONE
