16:00:26 [allowed] §aYou are still radiating with §bGenerosity§r§a!
16:00:26 [allowed] §aYou have §61 §aunclaimed achievement reward!
16:00:26 [allowed] §eClick here to view it!
16:00:28 [allowed] §e[SkyHanni] §aSkyHanni found a new update: 4.11.0. Check §b/sh download update §afor more info.
16:00:28 [allowed] §e[SkyHanni] §e§lCLICK HERE §r§eto view changes.
16:00:30 [allowed] §2Guild > §a[VIP§6+§a] himej0shi§f: §rHAIIIIII
16:00:39 [allowed] §aClaimed reward for §r§e10,000 §r§aachievement points!
16:00:42 [allowed] §2Guild > §b[MVP§3+§b] catholicschool§f: §rhaii
16:00:51 [allowed] §7Sending to server mini263T...
16:00:52 [allowed] §eProfile ID: §r§a62b760d8-92b6-4501-ada0-1fd8583f5266
16:00:52 [allowed] §7[§r§rS§r§rk§r§ry§r§rb§r§rl§r§ro§r§rc§r§rk§r§re§r§rr§r§7] §rThere's a new Skyblocker update available! Skyblocker 5.6.0 for 1.21.5
16:00:52 [allowed] §e§lCLICK THIS TO SUGGEST IT IN CHAT §7§l[DASHES]
16:00:52 [allowed] §e§lCLICK THIS TO SUGGEST IT IN CHAT §7§l[NO DASHES]
16:00:53 [allowed] §d§l▬▬▬▬▬▬▬▬▬▬▬▬▬▬▬▬▬▬▬▬▬▬▬▬▬▬▬▬▬▬▬▬▬▬▬▬▬▬▬▬▬▬▬▬▬▬▬▬▬▬▬▬▬▬▬▬▬▬▬▬▬▬▬▬
                          §d§lHoppity's Hunt #89 Stats

    §7You found §b3§7/§a351 §6Chocolate Meal Eggs§7.

    §7Unique Rabbits: §f3
     §f1 §7- §a1 §7- §90 §7- §51 §7- §60 §7- §d0 §7- §b0

    §7Duplicate Rabbits: §f4
     §f2 §7- §a1 §7- §91 §7- §50 §7- §60 §7- §d0 §7- §b0
     §6+18,792,621 Chocolate

    §7You spent §b1m 1s §7in the §6Chocolate Factory§7.
    §7Leaderboard: §b#344,784 §c-> §b#341,116
     §7(§a+3,668 spots§7) §7Top §a4.36% §c-> §7Top §a4.32%
§d§l▬▬▬▬▬▬▬▬▬▬▬▬▬▬▬▬▬▬▬▬▬▬▬▬▬▬▬▬▬▬▬▬▬▬▬▬▬▬▬▬▬▬▬▬▬▬▬▬▬▬▬▬▬▬▬▬▬▬▬▬▬▬▬▬
16:00:53 [allowed] §6HUNT §e- §a5 §eof your §atraps §ecaught something!
16:00:53 [allowed] §7[§eClick here to collect them.§7]
16:00:53 [allowed] §e§l▬▬▬▬▬▬▬▬▬▬▬▬▬▬▬▬▬▬▬▬▬▬▬▬▬▬▬▬▬▬▬▬▬▬▬▬▬▬▬▬▬▬▬▬▬▬▬▬▬▬▬▬▬▬▬▬▬▬▬▬▬▬▬▬
16:00:53 [allowed]   §r§6§lCOLLECTION LEVEL UP §eMithril §8V➜§eVIII
16:00:53 [allowed]    §r§b§lCO-OP » §r§7Unlocked while you were offline
16:00:53 [allowed]   §r§a§lREWARDS
16:00:53 [allowed]     §r§7§aMithril Infusion §7Recipe
16:00:53 [allowed]     §r§7§8+§b4 SkyBlock XP
16:00:53 [allowed] §e§l▬▬▬▬▬▬▬▬▬▬▬▬▬▬▬▬▬▬▬▬▬▬▬▬▬▬▬▬▬▬▬▬▬▬▬▬▬▬▬▬▬▬▬▬▬▬▬▬▬▬▬▬▬▬▬▬▬▬▬▬▬▬▬▬
16:00:54 [allowed] §eLatest update: §bSkyBlock v0.23.2 §e§lCLICK
16:00:54 [allowed] §6[MVP§2++§6] nr1pir§f §acrafted a §eTier VIII Quartz Minion§a!
16:00:55 [allowed] §6[MVP§2++§6] nr1pir§f §acrafted a §eTier I Magma Cube Minion§a!
16:00:57 [allowed] §bNew day! §r§eYour §r§2Lottery §r§ebuff changed!
16:00:57 [allowed] §eNew buff§r§r§r: §r§fGain §r§a+5% §r§2∮ Sweep§r§f.
16:01:16 [allowed] §2Guild > §b[MVP§3+§b] catholicschool§f: §rmod update
