13:26:18 §f                                  §6§lBESTIARY
13:26:18 §f                          §b§lSuper Archer §7§85 §8➡§b §b6
13:26:18 
13:26:18                                   §r§6§lREWARDS
13:26:18                      §r§8+§r§a3 Super Archer §r§b✯ Magic Find
13:26:18                       §r§8+§r§a3 Super Archer §r§c❁ Strength
13:26:18                          §r§8+§r§62% §r§aSuper Archer §r§7coins
13:26:18                     §r§8+§r§a50% §r§7chance for extra XP orbs
13:26:18                                §r§8+§r§b1 SkyBlock XP
13:26:18 
13:26:18   §r§f                         §6§lBESTIARY MILESTONE
13:26:18   §r§f                                    §873➡§e74
13:26:18 §6§lBESTIARY MILESTONE §873➡§e74
13:26:18 §6§lBESTIARY MILESTONE §873➡§e74
13:26:18 §6§lBESTIARY MILESTONE §873➡§e74
13:26:18 §6§lBESTIARY MILESTONE §873➡§e74
13:26:18 
13:40:43 §f                                  §6§lBESTIARY
13:40:43 §f                         §b§lCrypt Lurker §7§815 §8➡§b §b16
13:40:43 
13:40:43                                   §r§6§lREWARDS
13:40:43                       §r§8+§r§a5 Crypt Lurker §r§b✯ Magic Find
13:40:43                       §r§8+§r§a5 Crypt Lurker §r§c❁ Strength
13:40:43                           §r§8+§r§62% §r§aCrypt Lurker §r§7coins
13:40:43                     §r§8+§r§a50% §r§7chance for extra XP orbs
13:40:43                                §r§8+§r§b1 SkyBlock XP
13:40:43 
13:40:43 §3§l▬▬▬▬▬▬▬▬▬▬▬▬▬▬▬▬▬▬▬▬▬▬▬▬▬▬▬▬▬▬▬▬▬▬▬▬▬▬▬▬▬▬▬▬▬▬▬▬▬▬▬▬▬▬▬▬▬▬▬▬▬▬▬▬
13:41:27 §f                                  §6§lBESTIARY
13:41:27 §f                       §b§lCrypt Souleater §7§811 §8➡§b §b12
13:41:27 
13:41:27                                   §r§6§lREWARDS
13:41:27                     §r§8+§r§a4 Crypt Souleater §r§b✯ Magic Find
13:41:27                      §r§8+§r§a4 Crypt Souleater §r§c❁ Strength
13:41:27                         §r§8+§r§62% §r§aCrypt Souleater §r§7coins
13:41:27                     §r§8+§r§a50% §r§7chance for extra XP orbs
13:41:27                                §r§8+§r§b1 SkyBlock XP
13:41:27 
13:41:27 §3§l▬▬▬▬▬▬▬▬▬▬▬▬▬▬▬▬▬▬▬▬▬▬▬▬▬▬▬▬▬▬▬▬▬▬▬▬▬▬▬▬▬▬▬▬▬▬▬▬▬▬▬▬▬▬▬▬▬▬▬▬▬▬▬▬
13:44:43 §f                                  §6§lBESTIARY
13:44:43 §f                                 §b§lFels §7§87 §8➡§b §b8
13:44:43 
13:44:43                                   §r§6§lREWARDS
13:44:43                            §r§8+§r§a3 Fels §r§b✯ Magic Find
13:44:43                             §r§8+§r§a3 Fels §r§c❁ Strength
13:44:43                                §r§8+§r§62% §r§aFels §r§7coins
13:44:43                     §r§8+§r§a50% §r§7chance for extra XP orbs
13:44:43                                §r§8+§r§b1 SkyBlock XP
13:44:43 
13:44:43 §3§l▬▬▬▬▬▬▬▬▬▬▬▬▬▬▬▬▬▬▬▬▬▬▬▬▬▬▬▬▬▬▬▬▬▬▬▬▬▬▬▬▬▬▬▬▬▬▬▬▬▬▬▬▬▬▬▬▬▬▬▬▬▬▬▬
