12:42:38 §f §r§r§r§f §r§r§r§1 §r§r§r§0 §r§r§r§2 §r§r§r§f §r§r§r§f §r§r§r§2 §r§r§r§0 §r§r§r§4 §r§r§r§3 §r§r§r§9 §r§r§r§2 §r§r§r§0 §r§r§r§0 §r§r§r§3 §r§r§r§9 §r§r§r§2 §r§r§r§0 §r§r§r§0 §r§r§r§3 §r§r§r§9 §r§r§r§2 §r§r§r§0 §r§r§r§0 
12:42:56 §8 §r§8 §r§1 §r§3 §r§3 §r§7 §r§8 
12:42:58 
12:42:58 
12:43:22 §8 §r§8 §r§1 §r§3 §r§3 §r§7 §r§8 
12:46:57 §8 §r§8 §r§1 §r§3 §r§3 §r§7 §r§8 
12:49:00 §8 §r§8 §r§1 §r§3 §r§3 §r§7 §r§8 
12:56:53 
12:56:53 
13:00:15 §8 §r§8 §r§1 §r§3 §r§3 §r§7 §r§8 
13:00:50 §8 §r§8 §r§1 §r§3 §r§3 §r§7 §r§8 
13:01:33 
13:01:33 §c
13:12:19 
13:12:21 
13:12:21 
13:12:35 §8 §r§8 §r§1 §r§3 §r§3 §r§7 §r§8 
13:12:54 
13:15:01 §8 §r§8 §r§1 §r§3 §r§3 §r§7 §r§8 
13:17:58 
13:17:58 
13:17:58 
13:19:18 
13:19:18 
13:19:18 
13:19:25 
13:19:25 
13:19:25 
13:26:18  
13:30:21 
13:30:21 
13:32:22 
13:32:24 
13:32:24 
13:32:24 §8 §r§8 §r§1 §r§3 §r§3 §r§7 §r§8 
13:32:25  
13:32:25   
13:36:59 §8 §r§8 §r§1 §r§3 §r§3 §r§7 §r§8 
13:37:00  
13:37:00   
13:37:46 §8 §r§8 §r§1 §r§3 §r§3 §r§7 §r§8 
13:37:47  
13:37:47   
13:37:52  
13:37:52  
13:37:52  
13:38:16 §8 §r§8 §r§1 §r§3 §r§3 §r§7 §r§8 
13:40:43  
13:41:27  
13:44:43  
13:45:20 
13:45:20 
13:45:20 
13:48:57 
13:48:57 
13:48:57 
13:49:04 
13:49:04 
13:49:04 
13:51:15 
13:51:15 
13:51:18 
13:51:18 
13:51:36 
13:51:36 
13:51:40 §8 §r§8 §r§1 §r§3 §r§3 §r§7 §r§8 
13:51:43 §8 §r§8 §r§1 §r§3 §r§3 §r§7 §r§8 
13:52:37 §8 §r§8 §r§1 §r§3 §r§3 §r§7 §r§8 
