19:38:10 `Zombie`4832604 missed {
 is already Found: false).
 Position: LorenzVec(x=4.6875, y=100.0, z=19.5)
 DistanceC: 17.697090072441924
Relative Position: LorenzVec(x=-2.731077642242197, y=0.0, z=-17.697090072441924)
 }
19:38:10 `Zombie`4832605 missed {
 is already Found: false).
 Position: LorenzVec(x=4.6875, y=100.0, z=19.5)
 DistanceC: 17.697090072441924
Relative Position: LorenzVec(x=-2.731077642242197, y=0.0, z=-17.697090072441924)
 }
19:38:10 `Zombie`4832606 missed {
 is already Found: false).
 Position: LorenzVec(x=4.6875, y=100.0, z=19.5)
 DistanceC: 17.697090072441924
Relative Position: LorenzVec(x=-2.731077642242197, y=0.0, z=-17.697090072441924)
 }
19:38:10 `Zombie`4832613 missed {
 is already Found: false).
 Position: LorenzVec(x=4.6875, y=100.0, z=19.5)
 DistanceC: 17.697090072441924
Relative Position: LorenzVec(x=-2.731077642242197, y=0.0, z=-17.697090072441924)
 }
19:38:10 `Zombie`4832614 missed {
 is already Found: false).
 Position: LorenzVec(x=4.6875, y=100.0, z=19.5)
 DistanceC: 17.697090072441924
Relative Position: LorenzVec(x=-2.731077642242197, y=0.0, z=-17.697090072441924)
 }
19:38:10 `Zombie`4832615 missed {
 is already Found: false).
 Position: LorenzVec(x=4.6875, y=100.0, z=19.5)
 DistanceC: 17.697090072441924
Relative Position: LorenzVec(x=-2.731077642242197, y=0.0, z=-17.697090072441924)
 }
19:38:10 `Zombie`4832616 missed {
 is already Found: false).
 Position: LorenzVec(x=4.6875, y=100.0, z=19.5)
 DistanceC: 17.697090072441924
Relative Position: LorenzVec(x=-2.731077642242197, y=0.0, z=-17.697090072441924)
 }
19:38:10 `Zombie`4834978 missed {
 is already Found: false).
 Position: LorenzVec(x=4.6875, y=100.0, z=19.5)
 DistanceC: 17.697090072441924
Relative Position: LorenzVec(x=-2.731077642242197, y=0.0, z=-17.697090072441924)
 }
19:38:10 `Zombie`4836108 missed {
 is already Found: false).
 Position: LorenzVec(x=4.6875, y=100.0, z=19.5)
 DistanceC: 17.697090072441924
Relative Position: LorenzVec(x=-2.731077642242197, y=0.0, z=-17.697090072441924)
 }
19:38:10 `Zombie`4837149 missed {
 is already Found: false).
 Position: LorenzVec(x=4.6875, y=100.0, z=19.5)
 DistanceC: 17.697090072441924
Relative Position: LorenzVec(x=-2.731077642242197, y=0.0, z=-17.697090072441924)
 }
19:38:10 `Zombie`4839606 missed {
 is already Found: false).
 Position: LorenzVec(x=4.6875, y=100.0, z=19.5)
 DistanceC: 17.697090072441924
Relative Position: LorenzVec(x=-2.731077642242197, y=0.0, z=-17.697090072441924)
 }
19:38:10 `Cave Spider`4841060 missed {
 is already Found: false).
 Position: LorenzVec(x=-0.40625, y=100.0, z=20.625)
 DistanceC: 16.572090072441924
Relative Position: LorenzVec(x=-7.824827642242197, y=0.0, z=-16.572090072441924)
 }
19:38:10 `Zombie`4844487 missed {
 is already Found: false).
 Position: LorenzVec(x=4.6875, y=100.0, z=19.5)
 DistanceC: 17.697090072441924
Relative Position: LorenzVec(x=-2.731077642242197, y=0.0, z=-17.697090072441924)
 }
19:38:10 `Zombie`4846839 missed {
 is already Found: false).
 Position: LorenzVec(x=4.6875, y=100.0, z=19.5)
 DistanceC: 17.697090072441924
Relative Position: LorenzVec(x=-2.731077642242197, y=0.0, z=-17.697090072441924)
 }
19:38:10 `Cave Spider`4849643 missed {
 is already Found: false).
 Position: LorenzVec(x=0.09375, y=100.0, z=20.625)
 DistanceC: 16.572090072441924
Relative Position: LorenzVec(x=-7.324827642242197, y=0.0, z=-16.572090072441924)
 }
19:38:10 `Zombie`4853796 missed {
 is already Found: false).
 Position: LorenzVec(x=4.6875, y=100.0, z=19.5)
 DistanceC: 17.697090072441924
Relative Position: LorenzVec(x=-2.731077642242197, y=0.0, z=-17.697090072441924)
 }
19:38:10 `Zombie`4857550 missed {
 is already Found: false).
 Position: LorenzVec(x=4.6875, y=100.0, z=19.5)
 DistanceC: 17.697090072441924
Relative Position: LorenzVec(x=-2.731077642242197, y=0.0, z=-17.697090072441924)
 }
19:38:10 `Cave Spider`4858140 missed {
 is already Found: false).
 Position: LorenzVec(x=1.5, y=102.02083333333333, z=20.625)
 DistanceC: 16.572090072441924
Relative Position: LorenzVec(x=-5.918577642242197, y=2.0208333333333286, z=-16.572090072441924)
 }
19:38:10 `Zombie`4860962 missed {
 is already Found: false).
 Position: LorenzVec(x=4.6875, y=100.0, z=19.5)
 DistanceC: 17.697090072441924
Relative Position: LorenzVec(x=-2.731077642242197, y=0.0, z=-17.697090072441924)
 }
19:38:10 `Zombie`4863192 missed {
 is already Found: false).
 Position: LorenzVec(x=4.6875, y=100.0, z=19.5)
 DistanceC: 17.697090072441924
Relative Position: LorenzVec(x=-2.731077642242197, y=0.0, z=-17.697090072441924)
 }
19:38:10 `Cave Spider`4866675 missed {
 is already Found: false).
 Position: LorenzVec(x=-0.53125, y=100.0, z=20.5625)
 DistanceC: 16.634590072441924
Relative Position: LorenzVec(x=-7.949827642242197, y=0.0, z=-16.634590072441924)
 }
19:38:10 `Zombie`4868407 missed {
 is already Found: false).
 Position: LorenzVec(x=4.6875, y=100.0, z=19.5)
 DistanceC: 17.697090072441924
Relative Position: LorenzVec(x=-2.731077642242197, y=0.0, z=-17.697090072441924)
 }
19:38:10 `Blaze`4870139 missed {
 is already Found: false).
 Position: LorenzVec(x=2.21875, y=100.0, z=19.75)
 DistanceC: 17.447090072441924
Relative Position: LorenzVec(x=-5.199827642242197, y=0.0, z=-17.447090072441924)
 }
19:38:10 `Zombie`4872849 missed {
 is already Found: false).
 Position: LorenzVec(x=4.6875, y=100.0, z=19.5)
 DistanceC: 17.697090072441924
Relative Position: LorenzVec(x=-2.731077642242197, y=0.0, z=-17.697090072441924)
 }
19:38:10 `Blaze`4838966 missed {
 is already Found: false).
 Position: LorenzVec(x=3.375, y=100.0, z=18.46875)
 DistanceC: 18.728340072441924
Relative Position: LorenzVec(x=-4.043577642242197, y=0.0, z=-18.728340072441924)
 }
19:38:10 `Blaze`4849333 missed {
 is already Found: false).
 Position: LorenzVec(x=3.15625, y=100.0, z=18.4375)
 DistanceC: 18.759590072441924
Relative Position: LorenzVec(x=-4.262327642242197, y=0.0, z=-18.759590072441924)
 }
19:38:11 `Blaze`4859741 missed {
 is already Found: false).
 Position: LorenzVec(x=3.25, y=100.13541666666667, z=17.34375)
 DistanceC: 19.853340072441924
Relative Position: LorenzVec(x=-4.168577642242197, y=0.1354166666666714, z=-19.853340072441924)
 }
19:38:14 `Cave Spider`4875524 missed {
 is already Found: false).
 Position: LorenzVec(x=3.5, y=100.0, z=18.5)
 DistanceC: 18.697090072441924
Relative Position: LorenzVec(x=-3.918577642242197, y=0.0, z=-18.697090072441924)
 }
19:38:32 `Zombie`4879011 missed {
 is already Found: false).
 Position: LorenzVec(x=4.5, y=100.0, z=20.5)
 DistanceC: 16.697090072441924
Relative Position: LorenzVec(x=-2.918577642242197, y=0.0, z=-16.697090072441924)
 }
19:38:38 `Blaze`4880119 missed {
 is already Found: false).
 Position: LorenzVec(x=3.5, y=100.0, z=18.5)
 DistanceC: 18.697090072441924
Relative Position: LorenzVec(x=-3.918577642242197, y=0.0, z=-18.697090072441924)
 }
19:38:48 `Zombie`4881971 missed {
 is already Found: false).
 Position: LorenzVec(x=3.5, y=100.0, z=20.5)
 DistanceC: 16.697090072441924
Relative Position: LorenzVec(x=-3.918577642242197, y=0.0, z=-16.697090072441924)
 }
19:38:56 `Cave Spider`4883511 missed {
 is already Found: false).
 Position: LorenzVec(x=-0.5, y=100.0, z=19.5)
 DistanceC: 17.697090072441924
Relative Position: LorenzVec(x=-7.918577642242197, y=0.0, z=-17.697090072441924)
 }
19:39:24 `Zombie`4888590 missed {
 is already Found: false).
 Position: LorenzVec(x=1.5, y=100.0, z=19.5)
 DistanceC: 17.697090072441924
Relative Position: LorenzVec(x=-5.918577642242197, y=0.0, z=-17.697090072441924)
 }
19:39:28 `Blaze`4889509 missed {
 is already Found: false).
 Position: LorenzVec(x=0.5, y=100.0, z=19.21875)
 DistanceC: 17.978340072441924
Relative Position: LorenzVec(x=-6.918577642242197, y=0.0, z=-17.978340072441924)
 }
19:39:34 `Zombie`4890697 missed {
 is already Found: false).
 Position: LorenzVec(x=4.5, y=100.0, z=17.5)
 DistanceC: 19.697090072441924
Relative Position: LorenzVec(x=-2.918577642242197, y=0.0, z=-19.697090072441924)
 }
19:39:38 `Cave Spider`4891493 missed {
 is already Found: false).
 Position: LorenzVec(x=2.5, y=100.875, z=17.5)
 DistanceC: 19.697090072441924
Relative Position: LorenzVec(x=-4.918577642242197, y=0.875, z=-19.697090072441924)
 }
19:40:16 `Zombie`4909375 missed {
 is already Found: false).
 Position: LorenzVec(x=3.5, y=100.75694444444446, z=18.673611111111114)
 DistanceC: 17.966693198006404
Relative Position: LorenzVec(x=-2.8696279041142896, y=0.7569444444444571, z=-17.966693198006404)
 }
19:40:18 `Blaze`4910354 missed {
 is already Found: false).
 Position: LorenzVec(x=2.447916666666667, y=101.04166666666666, z=19.46875)
 DistanceC: 17.171554309117518
Relative Position: LorenzVec(x=-3.9217112374476226, y=1.0416666666666572, z=-17.171554309117518)
 }
19:40:20 `Cave Spider`4910816 missed {
 is already Found: false).
 Position: LorenzVec(x=-0.5, y=100.0, z=17.5)
 DistanceC: 19.140304309117518
Relative Position: LorenzVec(x=-6.86962790411429, y=0.0, z=-19.140304309117518)
 }
19:40:20 `Zombie`4911053 missed {
 is already Found: false).
 Position: LorenzVec(x=4.5, y=100.0, z=16.5)
 DistanceC: 20.140304309117518
Relative Position: LorenzVec(x=-1.8696279041142896, y=0.0, z=-20.140304309117518)
 }
19:41:01 `Cave Spider`4919971 missed {
 is already Found: false).
 Position: LorenzVec(x=1.5, y=100.875, z=20.5)
 DistanceC: 18.133543788160708
Relative Position: LorenzVec(x=-15.207547974433403, y=-0.125, z=-18.133543788160708)
 }
19:41:06 `Zombie`4920816 missed {
 is already Found: false).
 Position: LorenzVec(x=3.5, y=100.0, z=18.5)
 DistanceC: 20.133543788160708
Relative Position: LorenzVec(x=-13.207547974433403, y=-1.0, z=-20.133543788160708)
 }
19:41:08 `Zombie`4921191 missed {
 is already Found: false).
 Position: LorenzVec(x=2.5, y=100.0, z=20.5)
 DistanceC: 18.133543788160708
Relative Position: LorenzVec(x=-14.207547974433403, y=-1.0, z=-18.133543788160708)
 }
19:41:09 `Blaze`4921293 missed {
 is already Found: false).
 Position: LorenzVec(x=2.28125, y=100.0, z=18.3125)
 DistanceC: 20.321043788160708
Relative Position: LorenzVec(x=-14.426297974433403, y=-1.0, z=-20.321043788160708)
 }
19:41:43 `Cave Spider`4928557 missed {
 is already Found: false).
 Position: LorenzVec(x=0.5, y=100.875, z=18.5)
 DistanceC: 20.133543788160708
Relative Position: LorenzVec(x=-16.207547974433403, y=-0.125, z=-20.133543788160708)
 }
19:41:52 `Zombie`4930487 missed {
 is already Found: false).
 Position: LorenzVec(x=1.5, y=100.0, z=17.5)
 DistanceC: 21.133543788160708
Relative Position: LorenzVec(x=-15.207547974433403, y=-1.0, z=-21.133543788160708)
 }
19:41:59 `Blaze`4931744 missed {
 is already Found: false).
 Position: LorenzVec(x=1.5, y=100.0, z=17.5)
 DistanceC: 21.133543788160708
Relative Position: LorenzVec(x=-15.207547974433403, y=-1.0, z=-21.133543788160708)
 }
19:42:00 `Zombie`4932058 missed {
 is already Found: false).
 Position: LorenzVec(x=4.5, y=100.875, z=18.5)
 DistanceC: 20.133543788160708
Relative Position: LorenzVec(x=-12.207547974433403, y=-0.125, z=-20.133543788160708)
 }
19:42:25 `Cave Spider`4936830 missed {
 is already Found: false).
 Position: LorenzVec(x=3.5, y=100.0, z=18.5)
 DistanceC: 20.133543788160708
Relative Position: LorenzVec(x=-13.207547974433403, y=-1.0, z=-20.133543788160708)
 }
