20:52:49 [allowed] §aYou are still radiating with §bGenerosity§r§a!
20:52:49 [EMPTY] §f §r§r§r§f §r§r§r§1 §r§r§r§0 §r§r§r§2 §r§r§r§f §r§r§r§f §r§r§r§2 §r§r§r§0 §r§r§r§4 §r§r§r§3 §r§r§r§9 §r§r§r§2 §r§r§r§0 §r§r§r§0 §r§r§r§3 §r§r§r§9 §r§r§r§2 §r§r§r§0 §r§r§r§0 §r§r§r§3 §r§r§r§9 §r§r§r§2 §r§r§r§0 §r§r§r§0 
20:52:50 [allowed] §b[MVP§c+§b] milo__123§f §6joined the lobby!
20:52:50 [allowed] §b[MVP§c+§b] Murkzii§f §6joined the lobby!
20:52:51 [allowed]   §r§f§l➤ §r§6You have reached your Hype limit! Add Hype to Prototype Lobby minigames by right-clicking with the Hype Diamond!
20:52:51 [allowed] §b[MVP§c+§b] 21yy§f §6joined the lobby!
20:52:57 [allowed] §b[MVP§c+§b] creativetrex§f §6joined the lobby!
20:52:59 [allowed] §b[MVP§f+§b] quarixk§f §6joined the lobby!
20:52:59 [allowed] §b[MVP§c+§b] TSCR§f §6joined the lobby!
20:52:59 [allowed] §b[MVP§a+§b] _Belial§f §6joined the lobby!
20:53:00 [allowed] §aYou are still radiating with §bGenerosity§r§a!
20:53:00 [EMPTY] §f §r§r§r§f §r§r§r§1 §r§r§r§0 §r§r§r§2 §r§r§r§f §r§r§r§f §r§r§r§2 §r§r§r§0 §r§r§r§4 §r§r§r§3 §r§r§r§9 §r§r§r§2 §r§r§r§0 §r§r§r§0 §r§r§r§3 §r§r§r§9 §r§r§r§2 §r§r§r§0 §r§r§r§0 §r§r§r§3 §r§r§r§9 §r§r§r§2 §r§r§r§0 §r§r§r§0 
20:53:04 [allowed] §7Sending to server mini200CC...
20:53:04 [EMPTY] §8 §r§8 §r§1 §r§3 §r§3 §r§7 §r§8 
20:53:06 [EMPTY] 
20:53:06 [WELCOME] §eWelcome to §r§aHypixel SkyBlock§r§e!
20:53:06 [EMPTY] 
20:53:06 [allowed] §eLatest update: §bSkyBlock v0.23.2 §e§lCLICK
20:53:07 [PROFILE_JOIN] §aYou are playing on profile: §eLemon§b (Co-op)
20:53:07 [PROFILE_JOIN] §8Profile ID: 62b760d8-92b6-4501-ada0-1fd8583f5266
20:53:09 [LOTTERY] §bNew day! §r§eYour §r§2Lottery §r§ebuff changed!
20:53:09 [LOTTERY] §eNew buff§r§r§r: §r§fGain §r§a+50 §r§6☘ Mangrove Fortune§r§f.
20:53:09 [LOTTERY] §8§oYou can disable this messaging by toggling Lottery in your /hotf!
