02:45:51 §f §r§r§r§f §r§r§r§1 §r§r§r§0 §r§r§r§2 §r§r§r§f §r§r§r§f §r§r§r§2 §r§r§r§0 §r§r§r§4 §r§r§r§3 §r§r§r§9 §r§r§r§2 §r§r§r§0 §r§r§r§0 §r§r§r§3 §r§r§r§9 §r§r§r§2 §r§r§r§0 §r§r§r§0 §r§r§r§3 §r§r§r§9 §r§r§r§2 §r§r§r§0 §r§r§r§0 
02:46:17 §f §r§r§r§f §r§r§r§1 §r§r§r§0 §r§r§r§2 §r§r§r§f §r§r§r§f §r§r§r§2 §r§r§r§0 §r§r§r§4 §r§r§r§3 §r§r§r§9 §r§r§r§2 §r§r§r§0 §r§r§r§0 §r§r§r§3 §r§r§r§9 §r§r§r§2 §r§r§r§0 §r§r§r§0 §r§r§r§3 §r§r§r§9 §r§r§r§2 §r§r§r§0 §r§r§r§0 
02:46:33 §8 §r§8 §r§1 §r§3 §r§3 §r§7 §r§8 
02:46:36 
02:46:36 
02:48:01 §8 §r§8 §r§1 §r§3 §r§3 §r§7 §r§8 
02:48:12 
02:48:12 
02:48:27 §8 §r§8 §r§1 §r§3 §r§3 §r§7 §r§8 
02:51:30 §8 §r§8 §r§1 §r§3 §r§3 §r§7 §r§8 
02:51:51 §8 §r§8 §r§1 §r§3 §r§3 §r§7 §r§8 
02:52:52 §8 §r§8 §r§1 §r§3 §r§3 §r§7 §r§8 
02:53:02 §8 §r§8 §r§1 §r§3 §r§3 §r§7 §r§8 
02:53:32 §8 §r§8 §r§1 §r§3 §r§3 §r§7 §r§8 
02:53:46 §8 §r§8 §r§1 §r§3 §r§3 §r§7 §r§8 
02:54:40 §8 §r§8 §r§1 §r§3 §r§3 §r§7 §r§8 
02:56:02 §8 §r§8 §r§1 §r§3 §r§3 §r§7 §r§8 
02:57:54 §8 §r§8 §r§1 §r§3 §r§3 §r§7 §r§8 
02:58:14 §8 §r§8 §r§1 §r§3 §r§3 §r§7 §r§8 
02:59:41 
02:59:43 
02:59:43 
03:00:02 §8 §r§8 §r§1 §r§3 §r§3 §r§7 §r§8 
03:00:11 §8 §r§8 §r§1 §r§3 §r§3 §r§7 §r§8 
03:01:33 
03:01:33 §c
03:02:44 
03:02:46 
03:02:46 
03:02:59 §8 §r§8 §r§1 §r§3 §r§3 §r§7 §r§8 
03:03:01 §8 §r§8 §r§1 §r§3 §r§3 §r§7 §r§8 
03:03:12 §8 §r§8 §r§1 §r§3 §r§3 §r§7 §r§8 
03:03:48  
03:03:50  
03:05:13  
03:06:09 
03:06:11 
03:06:11 
03:06:22 §8 §r§8 §r§1 §r§3 §r§3 §r§7 §r§8 
03:06:22  
03:06:22   
03:06:29  
03:06:29  
03:06:29  
03:06:35 §8 §r§8 §r§1 §r§3 §r§3 §r§7 §r§8 
03:12:20 
03:12:22 
03:12:22 
03:12:24 §8 §r§8 §r§1 §r§3 §r§3 §r§7 §r§8 
03:13:08 §8 §r§8 §r§1 §r§3 §r§3 §r§7 §r§8 
03:13:53  
03:16:15 
03:28:29 §8 §r§8 §r§1 §r§3 §r§3 §r§7 §r§8 
03:30:24 §8 §r§8 §r§1 §r§3 §r§3 §r§7 §r§8 
03:30:43 §8 §r§8 §r§1 §r§3 §r§3 §r§7 §r§8 
03:30:47 §8 §r§8 §r§1 §r§3 §r§3 §r§7 §r§8 
03:30:52 §8 §r§8 §r§1 §r§3 §r§3 §r§7 §r§8 
03:31:48 §8 §r§8 §r§1 §r§3 §r§3 §r§7 §r§8 
03:31:54 §8 §r§8 §r§1 §r§3 §r§3 §r§7 §r§8 
03:33:22 
03:33:22 
03:33:22 
03:36:52 
03:36:52 
03:38:57 §8 §r§8 §r§1 §r§3 §r§3 §r§7 §r§8 
03:39:01 §8 §r§8 §r§1 §r§3 §r§3 §r§7 §r§8 
03:39:47 §8 §r§8 §r§1 §r§3 §r§3 §r§7 §r§8 
03:40:30 §8 §r§8 §r§1 §r§3 §r§3 §r§7 §r§8 
03:41:26 §8 §r§8 §r§1 §r§3 §r§3 §r§7 §r§8 
03:41:42 §8 §r§8 §r§1 §r§3 §r§3 §r§7 §r§8 
03:42:25 §8 §r§8 §r§1 §r§3 §r§3 §r§7 §r§8 
03:42:28 §8 §r§8 §r§1 §r§3 §r§3 §r§7 §r§8 
03:48:03 
03:48:03 
03:48:03 
03:48:03 
03:52:46  
04:00:46 §8 §r§8 §r§1 §r§3 §r§3 §r§7 §r§8 
04:00:51 §8 §r§8 §r§1 §r§3 §r§3 §r§7 §r§8 
04:00:54 §8 §r§8 §r§1 §r§3 §r§3 §r§7 §r§8 
04:02:02 §8 §r§8 §r§1 §r§3 §r§3 §r§7 §r§8 
04:04:30 §8 §r§8 §r§1 §r§3 §r§3 §r§7 §r§8 
04:04:33 §8 §r§8 §r§1 §r§3 §r§3 §r§7 §r§8 
04:06:45 
04:06:45 
04:06:45 
04:06:45 
04:09:47 
04:09:47 
04:09:47 
04:09:47 
04:14:52  
04:16:49 
04:16:49 
04:16:49 
04:16:49 
04:17:16 §8 §r§8 §r§1 §r§3 §r§3 §r§7 §r§8 
04:18:06 §8 §r§8 §r§1 §r§3 §r§3 §r§7 §r§8 
04:18:48 §8 §r§8 §r§1 §r§3 §r§3 §r§7 §r§8 
04:19:11 §8 §r§8 §r§1 §r§3 §r§3 §r§7 §r§8 
04:19:19 §8 §r§8 §r§1 §r§3 §r§3 §r§7 §r§8 
04:20:56 §8 §r§8 §r§1 §r§3 §r§3 §r§7 §r§8 
04:21:32 §8 §r§8 §r§1 §r§3 §r§3 §r§7 §r§8 
04:22:00 §8 §r§8 §r§1 §r§3 §r§3 §r§7 §r§8 
04:22:36 §8 §r§8 §r§1 §r§3 §r§3 §r§7 §r§8 
04:23:01 §8 §r§8 §r§1 §r§3 §r§3 §r§7 §r§8 
04:23:26 §8 §r§8 §r§1 §r§3 §r§3 §r§7 §r§8 
04:24:40 §8 §r§8 §r§1 §r§3 §r§3 §r§7 §r§8 
04:25:15 §8 §r§8 §r§1 §r§3 §r§3 §r§7 §r§8 
04:25:46 §8 §r§8 §r§1 §r§3 §r§3 §r§7 §r§8 
04:26:17 §8 §r§8 §r§1 §r§3 §r§3 §r§7 §r§8 
04:26:24 §8 §r§8 §r§1 §r§3 §r§3 §r§7 §r§8 
04:27:59 §8 §r§8 §r§1 §r§3 §r§3 §r§7 §r§8 
04:46:44  
04:51:17  
04:51:17   
04:52:17  
04:52:17   
04:53:17  
04:53:17   
04:54:19  
04:54:19   
04:55:20  
04:55:20   
04:55:54 
04:55:54 
04:55:56 
04:55:56 
04:56:21  
04:56:21   
04:57:21  
04:57:21   
04:57:26 
04:57:26 
04:57:29 §8 §r§8 §r§1 §r§3 §r§3 §r§7 §r§8 
04:57:34  
04:57:34   
04:59:16 §8 §r§8 §r§1 §r§3 §r§3 §r§7 §r§8 
05:00:34 §8 §r§8 §r§1 §r§3 §r§3 §r§7 §r§8 
05:00:38 §8 §r§8 §r§1 §r§3 §r§3 §r§7 §r§8 
05:00:48 §8 §r§8 §r§1 §r§3 §r§3 §r§7 §r§8 
05:01:33 
05:01:33 §c
05:01:43 §8 §r§8 §r§1 §r§3 §r§3 §r§7 §r§8 
05:03:17 §8 §r§8 §r§1 §r§3 §r§3 §r§7 §r§8 
05:04:20  
05:04:20   
05:05:21  
05:05:21   
05:06:22  
05:06:22   
05:07:22  
05:07:22   
05:08:23  
05:08:23   
05:09:23  
05:09:23   
05:10:24  
05:10:24   
05:12:23 §8 §r§8 §r§1 §r§3 §r§3 §r§7 §r§8 
05:14:06 §8 §r§8 §r§1 §r§3 §r§3 §r§7 §r§8 
05:15:02 §8 §r§8 §r§1 §r§3 §r§3 §r§7 §r§8 
05:15:47 
05:15:49 
05:15:49 
05:15:55 §8 §r§8 §r§1 §r§3 §r§3 §r§7 §r§8 
05:16:04 §8 §r§8 §r§1 §r§3 §r§3 §r§7 §r§8 
05:20:10  
05:23:33  
05:32:36 
05:32:36 
05:32:38 
05:32:38 
05:32:57 §8 §r§8 §r§1 §r§3 §r§3 §r§7 §r§8 
05:33:36 §8 §r§8 §r§1 §r§3 §r§3 §r§7 §r§8 
05:35:58  
05:50:46  
05:50:46   
05:51:50  
05:51:50   
05:52:50  
05:52:50   
05:53:50  
05:53:50   
05:54:52  
05:54:52   
05:55:52  
05:55:52   
05:56:53  
05:56:53   
05:57:55  
05:57:55   
05:58:57  
05:58:57   
05:59:59  
05:59:59   
06:00:22 
06:00:22 
06:00:24 
06:00:24 
06:00:47 
06:00:47 
06:00:59  
06:00:59   
06:01:00 §8 §r§8 §r§1 §r§3 §r§3 §r§7 §r§8 
06:01:42 §8 §r§8 §r§1 §r§3 §r§3 §r§7 §r§8 
06:01:46  
06:01:46   
06:02:54 §8 §r§8 §r§1 §r§3 §r§3 §r§7 §r§8 
06:03:00 §8 §r§8 §r§1 §r§3 §r§3 §r§7 §r§8 
06:09:53 §8 §r§8 §r§1 §r§3 §r§3 §r§7 §r§8 
06:11:01  
06:11:01   
06:12:02  
06:12:02   
06:13:02  
06:13:02   
06:14:12 §8 §r§8 §r§1 §r§3 §r§3 §r§7 §r§8 
06:14:49  
06:14:49   
06:16:49  
06:16:49   
06:16:50 §8 §r§8 §r§1 §r§3 §r§3 §r§7 §r§8 
06:19:08 §8 §r§8 §r§1 §r§3 §r§3 §r§7 §r§8 
06:19:31 §8 §r§8 §r§1 §r§3 §r§3 §r§7 §r§8 
06:19:35 §8 §r§8 §r§1 §r§3 §r§3 §r§7 §r§8 
06:28:16  
06:28:54  
06:29:27  
06:29:58  
06:41:53  
06:44:36 §8 §r§8 §r§1 §r§3 §r§3 §r§7 §r§8 
06:44:36  
06:44:36   
06:44:40  
06:44:40  
06:44:40  
06:45:31 §8 §r§8 §r§1 §r§3 §r§3 §r§7 §r§8 
06:46:15 §8 §r§8 §r§1 §r§3 §r§3 §r§7 §r§8 
06:46:32 §8 §r§8 §r§1 §r§3 §r§3 §r§7 §r§8 
06:48:01  
07:01:33 
07:01:33 §c
07:08:39 §8 §r§8 §r§1 §r§3 §r§3 §r§7 §r§8 
07:08:47 §8 §r§8 §r§1 §r§3 §r§3 §r§7 §r§8 
07:09:31 §8 §r§8 §r§1 §r§3 §r§3 §r§7 §r§8 
07:10:24 §8 §r§8 §r§1 §r§3 §r§3 §r§7 §r§8 
07:11:34  
07:14:59  
07:18:35  
07:20:31 
07:20:31 
07:20:58 §8 §r§8 §r§1 §r§3 §r§3 §r§7 §r§8 
07:21:45 §8 §r§8 §r§1 §r§3 §r§3 §r§7 §r§8 
07:32:39  
07:38:30  
07:43:35  
08:13:56  
08:21:38 §8 §r§8 §r§1 §r§3 §r§3 §r§7 §r§8 
08:21:39  
08:21:39   
08:21:48 §f §r§r§r§f §r§r§r§1 §r§r§r§0 §r§r§r§2 §r§r§r§f §r§r§r§f §r§r§r§2 §r§r§r§0 §r§r§r§4 §r§r§r§3 §r§r§r§9 §r§r§r§2 §r§r§r§0 §r§r§r§0 §r§r§r§3 §r§r§r§9 §r§r§r§2 §r§r§r§0 §r§r§r§0 §r§r§r§3 §r§r§r§9 §r§r§r§2 §r§r§r§0 §r§r§r§0 
08:21:52 §8 §r§8 §r§1 §r§3 §r§3 §r§7 §r§8 
08:21:53  
08:21:53   
08:21:54 
08:21:54 
08:21:59  
08:21:59  
08:21:59  
08:24:58 §8 §r§8 §r§1 §r§3 §r§3 §r§7 §r§8 
08:26:27 §8 §r§8 §r§1 §r§3 §r§3 §r§7 §r§8 
08:27:34 §8 §r§8 §r§1 §r§3 §r§3 §r§7 §r§8 
08:28:17 §8 §r§8 §r§1 §r§3 §r§3 §r§7 §r§8 
08:29:16  
08:32:08 §8 §r§8 §r§1 §r§3 §r§3 §r§7 §r§8 
08:32:42 §8 §r§8 §r§1 §r§3 §r§3 §r§7 §r§8 
08:33:09 §8 §r§8 §r§1 §r§3 §r§3 §r§7 §r§8 
08:33:24 §8 §r§8 §r§1 §r§3 §r§3 §r§7 §r§8 
08:34:52  
08:34:52   
08:35:53 §8 §r§8 §r§1 §r§3 §r§3 §r§7 §r§8 
08:36:10 §8 §r§8 §r§1 §r§3 §r§3 §r§7 §r§8 
08:48:52  
08:55:13 
08:55:13 
08:58:01 
08:58:01 
08:58:14 
08:58:14 
08:58:14 
08:58:33 §8 §r§8 §r§1 §r§3 §r§3 §r§7 §r§8 
08:59:23 §8 §r§8 §r§1 §r§3 §r§3 §r§7 §r§8 
09:01:33 
09:01:33 §c
09:08:36 
09:08:36 
09:08:49 §8 §r§8 §r§1 §r§3 §r§3 §r§7 §r§8 
09:09:04 §8 §r§8 §r§1 §r§3 §r§3 §r§7 §r§8 
09:09:08 §8 §r§8 §r§1 §r§3 §r§3 §r§7 §r§8 
09:09:15 §8 §r§8 §r§1 §r§3 §r§3 §r§7 §r§8 
09:11:55  
09:19:44  
09:21:20 
09:28:49 
09:28:49 
09:29:37 §8 §r§8 §r§1 §r§3 §r§3 §r§7 §r§8 
09:29:57 §8 §r§8 §r§1 §r§3 §r§3 §r§7 §r§8 
09:31:24  
09:31:24   
09:32:06 §8 §r§8 §r§1 §r§3 §r§3 §r§7 §r§8 
09:32:34  
09:32:34   
09:32:57 §8 §r§8 §r§1 §r§3 §r§3 §r§7 §r§8 
09:33:08 §8 §r§8 §r§1 §r§3 §r§3 §r§7 §r§8 
09:33:13  
09:33:13   
09:33:38 §8 §r§8 §r§1 §r§3 §r§3 §r§7 §r§8 
09:33:53  
09:33:53   
09:34:54  
09:34:54   
09:35:55  
09:35:55   
09:36:56  
09:36:56   
09:37:57  
09:37:57   
09:38:58  
09:38:58   
09:39:58  
09:39:58   
09:40:59  
09:40:59   
09:42:00  
09:42:00   
09:43:01  
09:43:01   
09:44:02  
09:44:02   
09:45:03  
09:45:03   
09:46:04  
09:46:04   
09:47:05  
09:47:05   
09:48:06  
09:48:06   
09:49:07  
09:49:07   
09:49:39 §f §r§r§r§f §r§r§r§1 §r§r§r§0 §r§r§r§2 §r§r§r§f §r§r§r§f §r§r§r§2 §r§r§r§0 §r§r§r§4 §r§r§r§3 §r§r§r§9 §r§r§r§2 §r§r§r§0 §r§r§r§0 §r§r§r§3 §r§r§r§9 §r§r§r§2 §r§r§r§0 §r§r§r§0 §r§r§r§3 §r§r§r§9 §r§r§r§2 §r§r§r§0 §r§r§r§0 
09:51:45 §f §r§r§r§f §r§r§r§1 §r§r§r§0 §r§r§r§2 §r§r§r§f §r§r§r§f §r§r§r§2 §r§r§r§0 §r§r§r§4 §r§r§r§3 §r§r§r§9 §r§r§r§2 §r§r§r§0 §r§r§r§0 §r§r§r§3 §r§r§r§9 §r§r§r§2 §r§r§r§0 §r§r§r§0 §r§r§r§3 §r§r§r§9 §r§r§r§2 §r§r§r§0 §r§r§r§0 
09:53:52 §f §r§r§r§f §r§r§r§1 §r§r§r§0 §r§r§r§2 §r§r§r§f §r§r§r§f §r§r§r§2 §r§r§r§0 §r§r§r§4 §r§r§r§3 §r§r§r§9 §r§r§r§2 §r§r§r§0 §r§r§r§0 §r§r§r§3 §r§r§r§9 §r§r§r§2 §r§r§r§0 §r§r§r§0 §r§r§r§3 §r§r§r§9 §r§r§r§2 §r§r§r§0 §r§r§r§0 
09:55:58 §f §r§r§r§f §r§r§r§1 §r§r§r§0 §r§r§r§2 §r§r§r§f §r§r§r§f §r§r§r§2 §r§r§r§0 §r§r§r§4 §r§r§r§3 §r§r§r§9 §r§r§r§2 §r§r§r§0 §r§r§r§0 §r§r§r§3 §r§r§r§9 §r§r§r§2 §r§r§r§0 §r§r§r§0 §r§r§r§3 §r§r§r§9 §r§r§r§2 §r§r§r§0 §r§r§r§0 
09:58:04 §f §r§r§r§f §r§r§r§1 §r§r§r§0 §r§r§r§2 §r§r§r§f §r§r§r§f §r§r§r§2 §r§r§r§0 §r§r§r§4 §r§r§r§3 §r§r§r§9 §r§r§r§2 §r§r§r§0 §r§r§r§0 §r§r§r§3 §r§r§r§9 §r§r§r§2 §r§r§r§0 §r§r§r§0 §r§r§r§3 §r§r§r§9 §r§r§r§2 §r§r§r§0 §r§r§r§0 
10:00:10 §f §r§r§r§f §r§r§r§1 §r§r§r§0 §r§r§r§2 §r§r§r§f §r§r§r§f §r§r§r§2 §r§r§r§0 §r§r§r§4 §r§r§r§3 §r§r§r§9 §r§r§r§2 §r§r§r§0 §r§r§r§0 §r§r§r§3 §r§r§r§9 §r§r§r§2 §r§r§r§0 §r§r§r§0 §r§r§r§3 §r§r§r§9 §r§r§r§2 §r§r§r§0 §r§r§r§0 
10:02:16 §f §r§r§r§f §r§r§r§1 §r§r§r§0 §r§r§r§2 §r§r§r§f §r§r§r§f §r§r§r§2 §r§r§r§0 §r§r§r§4 §r§r§r§3 §r§r§r§9 §r§r§r§2 §r§r§r§0 §r§r§r§0 §r§r§r§3 §r§r§r§9 §r§r§r§2 §r§r§r§0 §r§r§r§0 §r§r§r§3 §r§r§r§9 §r§r§r§2 §r§r§r§0 §r§r§r§0 
10:04:23 §f §r§r§r§f §r§r§r§1 §r§r§r§0 §r§r§r§2 §r§r§r§f §r§r§r§f §r§r§r§2 §r§r§r§0 §r§r§r§4 §r§r§r§3 §r§r§r§9 §r§r§r§2 §r§r§r§0 §r§r§r§0 §r§r§r§3 §r§r§r§9 §r§r§r§2 §r§r§r§0 §r§r§r§0 §r§r§r§3 §r§r§r§9 §r§r§r§2 §r§r§r§0 §r§r§r§0 
10:05:57 §8 §r§8 §r§1 §r§3 §r§3 §r§7 §r§8 
10:06:00 
10:06:00 
10:06:33  
10:06:33   
10:07:34  
10:07:34   
10:08:35  
10:08:35   
10:09:36  
10:09:36   
10:10:37  
10:10:37   
