04:50:27 §eOne or more items didn't fit in your inventory and were added to your item stash! §6Click here §eto pick them up!
04:51:17 §f                     §7You have §a1 §7item stashed away!
04:51:17 §f                  §6§l>>> §6§lCLICK HERE§e to pick it up! §6§l<<<
04:52:17 §f                     §7You have §a1 §7item stashed away!
04:52:17 §f                  §6§l>>> §6§lCLICK HERE§e to pick it up! §6§l<<<
04:53:17 §f                     §7You have §a1 §7item stashed away!
04:53:17 §f                  §6§l>>> §6§lCLICK HERE§e to pick it up! §6§l<<<
04:54:19 §f                     §7You have §a1 §7item stashed away!
04:54:19 §f                  §6§l>>> §6§lCLICK HERE§e to pick it up! §6§l<<<
04:55:20 §f                     §7You have §a1 §7item stashed away!
04:55:20 §f                  §6§l>>> §6§lCLICK HERE§e to pick it up! §6§l<<<
04:56:21 §f                     §7You have §a1 §7item stashed away!
04:56:21 §f                  §6§l>>> §6§lCLICK HERE§e to pick it up! §6§l<<<
04:57:21 §f                     §7You have §a1 §7item stashed away!
04:57:21 §f                  §6§l>>> §6§lCLICK HERE§e to pick it up! §6§l<<<
04:57:34 §f                     §7You have §a1 §7item stashed away!
04:57:34 §f                  §6§l>>> §6§lCLICK HERE§e to pick it up! §6§l<<<
05:04:20 §f                §7You have §33,604 §7materials stashed away!
05:04:20 §f              §8(This totals 2 types of materials stashed!)
05:04:20 §f                §3§l>>> §3§lCLICK HERE§b to pick them up! §3§l<<<
05:04:52 §eOne or more items didn't fit in your inventory and were added to your material stash! §6Click here §eto pick them up!
05:04:52 §eOne or more items didn't fit in your inventory and were added to your item stash! §6Click here §eto pick them up!
05:05:21 §f                §7You have §36,123 §7materials stashed away!
05:05:21 §f              §8(This totals 2 types of materials stashed!)
05:05:21 §f                §3§l>>> §3§lCLICK HERE§b to pick them up! §3§l<<<
05:06:22 §f               §7You have §310,382 §7materials stashed away!
05:06:22 §f              §8(This totals 2 types of materials stashed!)
05:06:22 §f                §3§l>>> §3§lCLICK HERE§b to pick them up! §3§l<<<
05:07:22 §f                §7You have §39,934 §7materials stashed away!
05:07:22 §f              §8(This totals 2 types of materials stashed!)
05:07:22 §f                §3§l>>> §3§lCLICK HERE§b to pick them up! §3§l<<<
05:08:23 §f                §7You have §37,694 §7materials stashed away!
05:08:23 §f              §8(This totals 2 types of materials stashed!)
05:08:23 §f                §3§l>>> §3§lCLICK HERE§b to pick them up! §3§l<<<
05:09:23 §f                §7You have §35,454 §7materials stashed away!
05:09:23 §f              §8(This totals 2 types of materials stashed!)
05:09:23 §f                §3§l>>> §3§lCLICK HERE§b to pick them up! §3§l<<<
05:10:24 §f                §7You have §32,503 §7materials stashed away!
05:10:24 §f               §8(This totals 1 type of material stashed!)
05:10:24 §f                §3§l>>> §3§lCLICK HERE§b to pick them up! §3§l<<<
05:50:00 §eOne or more items didn't fit in your inventory and were added to your item stash! §6Click here §eto pick them up!
05:50:46 §f                     §7You have §a1 §7item stashed away!
05:50:46 §f                  §6§l>>> §6§lCLICK HERE§e to pick it up! §6§l<<<
05:51:50 §f                     §7You have §a1 §7item stashed away!
05:51:50 §f                  §6§l>>> §6§lCLICK HERE§e to pick it up! §6§l<<<
05:52:50 §f                     §7You have §a1 §7item stashed away!
05:52:50 §f                  §6§l>>> §6§lCLICK HERE§e to pick it up! §6§l<<<
05:53:50 §f                     §7You have §a1 §7item stashed away!
05:53:50 §f                  §6§l>>> §6§lCLICK HERE§e to pick it up! §6§l<<<
05:54:52 §f                     §7You have §a1 §7item stashed away!
05:54:52 §f                  §6§l>>> §6§lCLICK HERE§e to pick it up! §6§l<<<
05:55:52 §f                     §7You have §a1 §7item stashed away!
05:55:52 §f                  §6§l>>> §6§lCLICK HERE§e to pick it up! §6§l<<<
05:56:53 §f                     §7You have §a1 §7item stashed away!
05:56:53 §f                  §6§l>>> §6§lCLICK HERE§e to pick it up! §6§l<<<
05:57:55 §f                     §7You have §a1 §7item stashed away!
05:57:55 §f                  §6§l>>> §6§lCLICK HERE§e to pick it up! §6§l<<<
05:58:57 §f                     §7You have §a1 §7item stashed away!
05:58:57 §f                  §6§l>>> §6§lCLICK HERE§e to pick it up! §6§l<<<
05:59:59 §f                     §7You have §a1 §7item stashed away!
05:59:59 §f                  §6§l>>> §6§lCLICK HERE§e to pick it up! §6§l<<<
06:00:59 §f                     §7You have §a1 §7item stashed away!
06:00:59 §f                  §6§l>>> §6§lCLICK HERE§e to pick it up! §6§l<<<
06:01:46 §f                     §7You have §a1 §7item stashed away!
06:01:46 §f                  §6§l>>> §6§lCLICK HERE§e to pick it up! §6§l<<<
06:11:01 §f                 §7You have §3425 §7materials stashed away!
06:11:01 §f              §8(This totals 2 types of materials stashed!)
06:11:01 §f                §3§l>>> §3§lCLICK HERE§b to pick them up! §3§l<<<
06:12:02 §f                §7You have §36,950 §7materials stashed away!
06:12:02 §f              §8(This totals 2 types of materials stashed!)
06:12:02 §f                §3§l>>> §3§lCLICK HERE§b to pick them up! §3§l<<<
06:13:02 §f                 §7You have §3979 §7materials stashed away!
06:13:02 §f               §8(This totals 1 type of material stashed!)
06:13:02 §f                §3§l>>> §3§lCLICK HERE§b to pick them up! §3§l<<<
06:14:49 §f                §7You have §33,717 §7materials stashed away!
06:14:49 §f              §8(This totals 2 types of materials stashed!)
06:14:49 §f                §3§l>>> §3§lCLICK HERE§b to pick them up! §3§l<<<
06:16:49 §f                 §7You have §3501 §7materials stashed away!
06:16:49 §f              §8(This totals 2 types of materials stashed!)
06:16:49 §f                §3§l>>> §3§lCLICK HERE§b to pick them up! §3§l<<<
08:34:52 §f                 §7You have §3650 §7materials stashed away!
08:34:52 §f               §8(This totals 1 type of material stashed!)
08:34:52 §f                §3§l>>> §3§lCLICK HERE§b to pick them up! §3§l<<<
09:31:24 §f                §7You have §37,848 §7materials stashed away!
09:31:24 §f              §8(This totals 2 types of materials stashed!)
09:31:24 §f                §3§l>>> §3§lCLICK HERE§b to pick them up! §3§l<<<
09:32:34 §f               §7You have §315,148 §7materials stashed away!
09:32:34 §f              §8(This totals 2 types of materials stashed!)
09:32:34 §f                §3§l>>> §3§lCLICK HERE§b to pick them up! §3§l<<<
09:33:13 §f               §7You have §318,203 §7materials stashed away!
09:33:13 §f              §8(This totals 2 types of materials stashed!)
09:33:13 §f                §3§l>>> §3§lCLICK HERE§b to pick them up! §3§l<<<
09:33:53 §f               §7You have §322,608 §7materials stashed away!
09:33:53 §f              §8(This totals 2 types of materials stashed!)
09:33:53 §f                §3§l>>> §3§lCLICK HERE§b to pick them up! §3§l<<<
09:34:54 §f               §7You have §329,440 §7materials stashed away!
09:34:54 §f              §8(This totals 2 types of materials stashed!)
09:34:54 §f                §3§l>>> §3§lCLICK HERE§b to pick them up! §3§l<<<
09:35:55 §f               §7You have §329,440 §7materials stashed away!
09:35:55 §f              §8(This totals 2 types of materials stashed!)
09:35:55 §f                §3§l>>> §3§lCLICK HERE§b to pick them up! §3§l<<<
09:36:56 §f               §7You have §329,440 §7materials stashed away!
09:36:56 §f              §8(This totals 2 types of materials stashed!)
09:36:56 §f                §3§l>>> §3§lCLICK HERE§b to pick them up! §3§l<<<
09:37:57 §f               §7You have §329,440 §7materials stashed away!
09:37:57 §f              §8(This totals 2 types of materials stashed!)
09:37:57 §f                §3§l>>> §3§lCLICK HERE§b to pick them up! §3§l<<<
09:38:58 §f               §7You have §329,440 §7materials stashed away!
09:38:58 §f              §8(This totals 2 types of materials stashed!)
09:38:58 §f                §3§l>>> §3§lCLICK HERE§b to pick them up! §3§l<<<
09:39:58 §f               §7You have §329,440 §7materials stashed away!
09:39:58 §f              §8(This totals 2 types of materials stashed!)
09:39:58 §f                §3§l>>> §3§lCLICK HERE§b to pick them up! §3§l<<<
09:40:59 §f               §7You have §329,440 §7materials stashed away!
09:40:59 §f              §8(This totals 2 types of materials stashed!)
09:40:59 §f                §3§l>>> §3§lCLICK HERE§b to pick them up! §3§l<<<
09:42:00 §f               §7You have §329,440 §7materials stashed away!
09:42:00 §f              §8(This totals 2 types of materials stashed!)
09:42:00 §f                §3§l>>> §3§lCLICK HERE§b to pick them up! §3§l<<<
09:43:01 §f               §7You have §329,440 §7materials stashed away!
09:43:01 §f              §8(This totals 2 types of materials stashed!)
09:43:01 §f                §3§l>>> §3§lCLICK HERE§b to pick them up! §3§l<<<
09:44:02 §f               §7You have §329,440 §7materials stashed away!
09:44:02 §f              §8(This totals 2 types of materials stashed!)
09:44:02 §f                §3§l>>> §3§lCLICK HERE§b to pick them up! §3§l<<<
09:45:03 §f               §7You have §329,440 §7materials stashed away!
09:45:03 §f              §8(This totals 2 types of materials stashed!)
09:45:03 §f                §3§l>>> §3§lCLICK HERE§b to pick them up! §3§l<<<
09:46:04 §f               §7You have §329,440 §7materials stashed away!
09:46:04 §f              §8(This totals 2 types of materials stashed!)
09:46:04 §f                §3§l>>> §3§lCLICK HERE§b to pick them up! §3§l<<<
09:47:05 §f               §7You have §329,440 §7materials stashed away!
09:47:05 §f              §8(This totals 2 types of materials stashed!)
09:47:05 §f                §3§l>>> §3§lCLICK HERE§b to pick them up! §3§l<<<
09:48:06 §f               §7You have §329,440 §7materials stashed away!
09:48:06 §f              §8(This totals 2 types of materials stashed!)
09:48:06 §f                §3§l>>> §3§lCLICK HERE§b to pick them up! §3§l<<<
09:49:07 §f               §7You have §329,440 §7materials stashed away!
09:49:07 §f              §8(This totals 2 types of materials stashed!)
09:49:07 §f                §3§l>>> §3§lCLICK HERE§b to pick them up! §3§l<<<
10:06:33 §f               §7You have §329,440 §7materials stashed away!
10:06:33 §f              §8(This totals 2 types of materials stashed!)
10:06:33 §f                §3§l>>> §3§lCLICK HERE§b to pick them up! §3§l<<<
10:07:34 §f               §7You have §329,440 §7materials stashed away!
10:07:34 §f              §8(This totals 2 types of materials stashed!)
10:07:34 §f                §3§l>>> §3§lCLICK HERE§b to pick them up! §3§l<<<
10:08:35 §f               §7You have §335,481 §7materials stashed away!
10:08:35 §f              §8(This totals 2 types of materials stashed!)
10:08:35 §f                §3§l>>> §3§lCLICK HERE§b to pick them up! §3§l<<<
10:09:36 §f               §7You have §325,632 §7materials stashed away!
10:09:36 §f              §8(This totals 2 types of materials stashed!)
10:09:36 §f                §3§l>>> §3§lCLICK HERE§b to pick them up! §3§l<<<
10:10:37 §f               §7You have §316,608 §7materials stashed away!
10:10:37 §f              §8(This totals 2 types of materials stashed!)
10:10:37 §f                §3§l>>> §3§lCLICK HERE§b to pick them up! §3§l<<<
