17:40:55 §e[SkyHanni] Reloaded 7,559 items in the NEU repo
17:42:09 §e[SkyHanni] You have gained §b357 §eBits.
17:58:05 §a§lPotion Effect! §r§aAlchemy XP Boost II
17:58:09 §a§lPotion Effect! §r§aFishing XP Boost II
17:59:54 §a§lPotion Effect! §r§aEnchanting XP Boost III
18:01:25 §e[SkyHanni] §eYou have §62 §eitems in stash. §eClick to §6pickup §eyour stash!
18:01:25 §e[SkyHanni] §bYou have §31 §bmaterial in stash, §btotalling §31 type§b. §bClick to §3pickup §byour stash!
18:01:31 §a§lPotion Effect! §r§aAlchemy XP Boost I
18:01:34 §a§lPotion Effect! §r§aEnchanting XP Boost I
18:03:01 §a§lPotion Effect! §r§aEnchanting XP Boost I
18:05:26 §e[SkyHanni] §eYou have §63 §eitems in stash. §eClick to §6pickup §eyour stash!
18:05:40 §a§lPotion Effect! §r§aForaging XP Boost III
18:05:44 §a§lPotion Effect! §r§aCombat XP Boost III
18:06:26 §e[SkyHanni] §eYou have §64 §eitems in stash. §eClick to §6pickup §eyour stash!
18:10:27 §e[SkyHanni] §eYou have §67 §eitems in stash. §eClick to §6pickup §eyour stash!
18:11:27 §e[SkyHanni] §eYou have §610 §eitems in stash. §eClick to §6pickup §eyour stash!
18:12:47 §e[SkyHanni] You have gained §b357 §eBits.
18:14:27 §e[SkyHanni] §eYou have §62 §eitems in stash. §eClick to §6pickup §eyour stash!
18:15:00 §a§lPotion Effect! §r§aForaging XP Boost II
18:15:04 §a§lPotion Effect! §r§aFishing XP Boost II
18:15:07 §a§lPotion Effect! §r§aCombat XP Boost II
18:15:15 §a§lPotion Effect! §r§aEnchanting XP Boost II
18:17:28 §e[SkyHanni] §eYou have §610 §eitems in stash. §eClick to §6pickup §eyour stash!
18:17:28 §e[SkyHanni] §bYou have §32 §bmaterials in stash, §btotalling §31 type§b. §bClick to §3pickup §byour stash!
18:21:28 §e[SkyHanni] §eYou have §614 §eitems in stash. §eClick to §6pickup §eyour stash!
18:21:28 §e[SkyHanni] §bYou have §33 §bmaterials in stash, §btotalling §32 types§b. §bClick to §3pickup §byour stash!
18:21:46 §a§lPotion Effect! §r§aEnchanting XP Boost II
18:22:28 §e[SkyHanni] §eYou have §616 §eitems in stash. §eClick to §6pickup §eyour stash!
18:26:20 §e[SkyHanni] §eYou have §616 §eitems in stash. §eClick to §6pickup §eyour stash!
18:26:20 §e[SkyHanni] §bYou have §33 §bmaterials in stash, §btotalling §32 types§b. §bClick to §3pickup §byour stash!
18:26:55 §e[SkyHanni] §eYou have §616 §eitems in stash. §eClick to §6pickup §eyour stash!
18:26:56 §e[SkyHanni] §bYou have §33 §bmaterials in stash, §btotalling §32 types§b. §bClick to §3pickup §byour stash!
18:43:01 §e[SkyHanni] You have gained §b357 §eBits.
18:59:36 §6§lBESTIARY §r§b§lReindrake §7§81 §8➡§b §b2
19:03:35 §6§lBESTIARY §r§b§lFrosty §7§b1
19:03:51 §6§lBESTIARY §r§b§lFrozen Steve §7§b1
19:04:00 §6§lBESTIARY MILESTONE §887➡§e88
19:04:00 §6§lBESTIARY MILESTONE §887➡§e88
19:04:00 §6§lBESTIARY MILESTONE §887➡§e88
19:04:00 §6§lBESTIARY MILESTONE §887➡§e88
19:04:00 §6§lBESTIARY MILESTONE §887➡§e88
19:04:15 §6§lBESTIARY §r§b§lNutcracker §7§b1
19:04:29 §6§lBESTIARY §r§b§lFrosty §7§81 §8➡§b §b2
19:04:59 §6§lBESTIARY §r§b§lSea Leech §7§83 §8➡§b §b4
19:05:03 §6§lBESTIARY §r§b§lFrozen Steve §7§82 §8➡§b §b3
19:05:10 §6§lBESTIARY §r§b§lFrosty §7§82 §8➡§b §b3
19:05:10 §6§lBESTIARY §r§b§lGrinch §7§b1
19:07:26 §6§lBESTIARY §r§b§lReindrake §7§82 §8➡§b §b3
19:13:06 §e[SkyHanni] You have gained §b357 §eBits.
