14:11:12 [EMPTY] §f §r§r§r§f §r§r§r§1 §r§r§r§0 §r§r§r§2 §r§r§r§f §r§r§r§f §r§r§r§2 §r§r§r§0 §r§r§r§4 §r§r§r§3 §r§r§r§9 §r§r§r§2 §r§r§r§0 §r§r§r§0 §r§r§r§3 §r§r§r§9 §r§r§r§2 §r§r§r§0 §r§r§r§0 §r§r§r§3 §r§r§r§9 §r§r§r§2 §r§r§r§0 §r§r§r§0 
14:11:18 [EMPTY] §8 §r§8 §r§1 §r§3 §r§3 §r§7 §r§8 
14:11:19 [EMPTY]  
14:11:19 [EMPTY]   
14:11:20 [EMPTY] 
14:11:21 [WELCOME] §eWelcome to §r§aHypixel SkyBlock§r§e!
14:11:21 [EMPTY] 
14:11:21 [PROFILE_JOIN] §aYou are playing on profile: §eLemon§b (Co-op)
14:11:21 [PROFILE_JOIN] §8Profile ID: 62b760d8-92b6-4501-ada0-1fd8583f5266
14:12:24 [EMPTY]                                         
14:12:33 [EMPTY] §8 §r§8 §r§1 §r§3 §r§3 §r§7 §r§8 
14:12:33 [EMPTY]  
14:12:33 [EMPTY]   
14:12:36 [PROFILE_JOIN] §aYou are playing on profile: §eLemon§b (Co-op)
14:12:36 [PROFILE_JOIN] §8Profile ID: 62b760d8-92b6-4501-ada0-1fd8583f5266
14:12:45 [EMPTY]  
14:12:45 [EMPTY]  
14:12:45 [EMPTY]  
14:17:51 [SACKS_CHANGE] §6[Sacks] §r§a+23§r§e items§r§e.§r§8 (Last 5s.)
14:18:08 [SACKS_CHANGE] §6[Sacks] §r§a+68§r§e items§r§e.§r§8 (Last 15s.)
14:18:28 [SACKS_CHANGE] §6[Sacks] §r§a+76§r§e items§r§e.§r§8 (Last 12s.)
14:18:36 [GUILD_EXP] §aYou earned §r§2140 GEXP §r§a+ §r§e420 Event EXP §r§afrom playing SkyBlock!
14:18:43 [SACKS_CHANGE] §6[Sacks] §r§a+34§r§e items§r§e.§r§8 (Last 6s.)
14:18:58 [SACKS_CHANGE] §6[Sacks] §r§a+22§r§e items§r§e.§r§8 (Last 5s.)
14:19:17 [SACKS_CHANGE] §6[Sacks] §r§a+164§r§e items§r§e.§r§8 (Last 15s.)
14:19:53 [SACKS_CHANGE] §6[Sacks] §r§a+2,596§r§e items§r§e.§r§8 (Last 30s.)
14:20:01 [SACKS_CHANGE] §6[Sacks] §r§a+57§r§e items§r§e.§r§8 (Last 5s.)
14:20:01 [EMPTY] 
14:20:09 [SACKS_CHANGE] §6[Sacks] §r§a+46§r§e items§r§e.§r§8 (Last 5s.)
14:20:24 [SACKS_CHANGE] §6[Sacks] §r§a+104§r§e items§r§e.§r§8 (Last 10s.)
14:20:25 [EMPTY] 
14:20:30 [SACKS_CHANGE] §6[Sacks] §r§a+56§r§e items§r§e.§r§8 (Last 5s.)
14:21:04 [SACKS_CHANGE] §6[Sacks] §r§a+2,425§r§e items§r§e.§r§8 (Last 30s.)
14:21:21 [SACKS_CHANGE] §6[Sacks] §r§a+59§r§e items§r§e.§r§8 (Last 12s.)
14:22:08 [SACKS_CHANGE] §6[Sacks] §r§a+131§r§e items§r§e.§r§8 (Last 20s.)
14:22:26 [SACKS_CHANGE] §6[Sacks] §r§a+77§r§e items§r§e.§r§8 (Last 17s.)
14:22:26 [EMPTY] 
14:22:48 [SACKS_CHANGE] §6[Sacks] §r§a+46§r§e items§r§e.§r§8 (Last 5s.)
14:23:03 [SACKS_CHANGE] §6[Sacks] §r§a+28§r§e items§r§e.§r§8 (Last 7s.)
14:23:12 [SACKS_CHANGE] §6[Sacks] §r§a+38§r§e items§r§e.§r§8 (Last 7s.)
14:23:40 [GUILD_EXP] §aYou earned §r§2735 GEXP §r§a+ §r§e2,205 Event EXP §r§afrom playing SkyBlock!
14:23:51 [SACKS_CHANGE] §6[Sacks] §r§a+15§r§e items§r§e.§r§8 (Last 5s.)
14:24:09 [SACKS_CHANGE] §6[Sacks] §r§a+150§r§e items§r§e.§r§8 (Last 15s.)
14:24:16 [EMPTY]                                         
14:24:31 [SACKS_CHANGE] §6[Sacks] §r§a+155§r§e items§r§e.§r§8 (Last 20s.)
14:24:58 [SACKS_CHANGE] §6[Sacks] §r§a+337§r§e items§r§e.§r§8 (Last 26s.)
14:25:24 [EMPTY]  
14:25:24 [BESTIARY] §f                                  §6§lBESTIARY
14:25:24 [BESTIARY] §f                                 §b§lBal §7§89 §8➡§b §b10
14:25:24 [BESTIARY] 
14:25:24 [BESTIARY]                                   §r§6§lREWARDS
14:25:24 [BESTIARY]                             §r§8+§r§a3 §r§c§lBal §r§b✯ Magic Find
14:25:24 [BESTIARY]                             §r§8+§r§a3 §r§c§lBal §r§c❁ Strength
14:25:24 [BESTIARY]                                 §r§8+§r§62% §r§a§r§c§lBal §r§7coins
14:25:24 [BESTIARY]                     §r§8+§r§a50% §r§7chance for extra XP orbs
14:25:24 [BESTIARY]                                §r§8+§r§b1 SkyBlock XP
14:25:24 [BESTIARY] 
14:25:24 [BESTIARY] §3§l▬▬▬▬▬▬▬▬▬▬▬▬▬▬▬▬▬▬▬▬▬▬▬▬▬▬▬▬▬▬▬▬▬▬▬▬▬▬▬▬▬▬▬▬▬▬▬▬▬▬▬▬▬▬▬▬▬▬▬▬▬▬▬▬
14:25:30 [SACKS_CHANGE] §6[Sacks] §r§a+304§r§e items§r§e.§r§8 (Last 28s.)
14:25:45 [SACKS_CHANGE] §6[Sacks] §r§a+123§r§e items§r§e.§r§8 (Last 13s.)
14:26:00 [SACKS_CHANGE] §6[Sacks] §r§a+15§r§e items§r§e.§r§8 (Last 5s.)
14:26:11 [SACKS_CHANGE] §6[Sacks] §r§a+38§r§e items§r§e.§r§8 (Last 10s.)
14:26:18 [SACKS_CHANGE] §6[Sacks] §r§a+23§r§e items§r§e.§r§8 (Last 5s.)
14:26:37 [SACKS_CHANGE] §6[Sacks] §r§a+137§r§e items§r§e.§r§8 (Last 17s.)
14:26:56 [SACKS_CHANGE] §6[Sacks] §r§a+118§r§e items§r§e.§r§8 (Last 17s.)
14:27:07 [EMPTY]  
14:27:07 [BESTIARY] §f                                  §6§lBESTIARY
14:27:07 [BESTIARY] §f                                §b§lGrunt §7§86 §8➡§b §b7
14:27:07 [BESTIARY] 
14:27:07 [BESTIARY]                                   §r§6§lREWARDS
14:27:07 [BESTIARY]                           §r§8+§r§a3 Grunt §r§b✯ Magic Find
14:27:07 [BESTIARY]                            §r§8+§r§a3 Grunt §r§c❁ Strength
14:27:07 [BESTIARY]                               §r§8+§r§62% §r§aGrunt §r§7coins
14:27:07 [BESTIARY]                     §r§8+§r§a50% §r§7chance for extra XP orbs
14:27:07 [BESTIARY]                                §r§8+§r§b1 SkyBlock XP
14:27:07 [BESTIARY] 
14:27:07 [BESTIARY] §3§l▬▬▬▬▬▬▬▬▬▬▬▬▬▬▬▬▬▬▬▬▬▬▬▬▬▬▬▬▬▬▬▬▬▬▬▬▬▬▬▬▬▬▬▬▬▬▬▬▬▬▬▬▬▬▬▬▬▬▬▬▬▬▬▬
14:27:21 [SACKS_CHANGE] §6[Sacks] §r§a+222§r§e items§r§e.§r§8 (Last 19s.)
14:27:34 [SACKS_CHANGE] §6[Sacks] §r§a+23§r§e items§r§e.§r§8 (Last 5s.)
14:27:51 [SACKS_CHANGE] §6[Sacks] §r§a+129§r§e items§r§e.§r§8 (Last 10s.)
14:28:14 [SACKS_CHANGE] §6[Sacks] §r§a+15§r§e items§r§e.§r§8 (Last 5s.)
14:28:40 [SACKS_CHANGE] §6[Sacks] §r§a+189§r§e items§r§e.§r§8 (Last 20s.)
14:28:44 [GUILD_EXP] §aYou earned §r§2720 GEXP §r§a+ §r§e2,160 Event EXP §r§afrom playing SkyBlock!
14:28:56 [SACKS_CHANGE] §6[Sacks] §r§a+160§r§e items§r§e.§r§8 (Last 14s.)
14:29:02 [SACKS_CHANGE] §6[Sacks] §r§a+15§r§e items§r§e.§r§8 (Last 5s.)
14:29:55 [SACKS_CHANGE] §6[Sacks] §r§a+53§r§e items§r§e.§r§8 (Last 6s.)
14:30:06 [SACKS_CHANGE] §6[Sacks] §r§a+65§r§e items§r§e.§r§8 (Last 9s.)
14:30:12 [SACKS_CHANGE] §6[Sacks] §r§a+23§r§e items§r§e.§r§8 (Last 5s.)
14:30:35 [SACKS_CHANGE] §6[Sacks] §r§a+216§r§e items§r§e.§r§8 (Last 19s.)
14:31:41 [SACKS_CHANGE] §6[Sacks] §r§a+38§r§e items§r§e.§r§8 (Last 9s.)
14:31:55 [SACKS_CHANGE] §6[Sacks] §r§a+53§r§e items§r§e.§r§8 (Last 5s.)
14:32:18 [SACKS_CHANGE] §6[Sacks] §r§a+30§r§e items§r§e.§r§8 (Last 5s.)
14:32:34 [SACKS_CHANGE] §6[Sacks] §r§a+143§r§e items§r§e.§r§8 (Last 14s.)
14:33:19 [SACKS_CHANGE] §6[Sacks] §r§a+61§r§e items§r§e.§r§8 (Last 10s.)
14:33:25 [SACKS_CHANGE] §6[Sacks] §r§a+46§r§e items§r§e.§r§8 (Last 5s.)
14:33:45 [SACKS_CHANGE] §6[Sacks] §r§a+38§r§e items§r§e.§r§8 (Last 5s.)
14:33:48 [GUILD_EXP] §aYou earned §r§2620 GEXP §r§a+ §r§e1,860 Event EXP §r§afrom playing SkyBlock!
14:34:10 [SACKS_CHANGE] §6[Sacks] §r§a+164§r§e items§r§e.§r§8 (Last 22s.)
14:34:27 [SACKS_CHANGE] §6[Sacks] §r§a+50§r§e items§r§e.§r§8 (Last 7s.)
14:34:46 [EMPTY] 
14:34:56 [SACKS_CHANGE] §6[Sacks] §r§a+187§r§e items§r§e.§r§8 (Last 18s.)
14:35:07 [SACKS_CHANGE] §6[Sacks] §r§a+74§r§e items§r§e.§r§8 (Last 8s.)
14:35:22 [SACKS_CHANGE] §6[Sacks] §r§a+91§r§e items§r§e.§r§8 (Last 13s.)
14:35:33 [SACKS_CHANGE] §6[Sacks] §r§a+30§r§e items§r§e.§r§8 (Last 7s.)
14:36:14 [SACKS_CHANGE] §6[Sacks] §r§a+68§r§e items§r§e.§r§8 (Last 10s.)
14:36:22 [SACKS_CHANGE] §6[Sacks] §r§a+27§r§e items§r§e.§r§8 (Last 5s.)
14:36:30 [SACKS_CHANGE] §6[Sacks] §r§a+68§r§e items§r§e.§r§8 (Last 7s.)
14:36:40 [SACKS_CHANGE] §6[Sacks] §r§a+30§r§e items§r§e.§r§8 (Last 5s.)
14:36:50 [SACKS_CHANGE] §6[Sacks] §r§a+50§r§e items§r§e.§r§8 (Last 9s.)
14:37:02 [SACKS_CHANGE] §6[Sacks] §r§a+46§r§e items§r§e.§r§8 (Last 8s.)
14:37:19 [SACKS_CHANGE] §6[Sacks] §r§a+122§r§e items§r§e.§r§8 (Last 10s.)
14:37:27 [SACKS_CHANGE] §6[Sacks] §r§a+23§r§e items§r§e.§r§8 (Last 5s.)
14:37:46 [SACKS_CHANGE] §6[Sacks] §r§a+73§r§e items§r§e.§r§8 (Last 9s.)
14:37:58 [SACKS_CHANGE] §6[Sacks] §r§a+38§r§e items§r§e.§r§8 (Last 8s.)
14:38:44 [SACKS_CHANGE] §6[Sacks] §r§a+191§r§e items§r§e.§r§8 (Last 29s.)
14:38:53 [GUILD_EXP] §aYou earned §r§2750 GEXP §r§a+ §r§e2,250 Event EXP §r§afrom playing SkyBlock!
14:39:06 [SACKS_CHANGE] §6[Sacks] §r§a+52§r§e items§r§e.§r§8 (Last 10s.)
14:39:36 [SACKS_CHANGE] §6[Sacks] §r§a+88§r§e items§r§e.§r§8 (Last 5s.)
14:39:42 [SACKS_CHANGE] §6[Sacks] §r§a+23§r§e items§r§e.§r§8 (Last 5s.)
14:40:27 [SACKS_CHANGE] §6[Sacks] §r§a+236§r§e items§r§e.§r§8 (Last 23s.)
14:40:40 [SACKS_CHANGE] §6[Sacks] §r§a+87§r§e items§r§e.§r§8 (Last 8s.)
14:40:49 [SACKS_CHANGE] §6[Sacks] §r§a+19§r§e items§r§e.§r§8 (Last 5s.)
14:41:51 [EMPTY] §8 §r§8 §r§1 §r§3 §r§3 §r§7 §r§8 
14:41:54 [PROFILE_JOIN] §aYou are playing on profile: §eLemon§b (Co-op)
14:41:54 [PROFILE_JOIN] §8Profile ID: 62b760d8-92b6-4501-ada0-1fd8583f5266
14:41:54 [EMPTY] §8 §r§8 §r§1 §r§3 §r§3 §r§7 §r§8 
14:41:57 [PROFILE_JOIN] §aYou are playing on profile: §eLemon§b (Co-op)
14:41:57 [PROFILE_JOIN] §8Profile ID: 62b760d8-92b6-4501-ada0-1fd8583f5266
14:42:08 [EMPTY] §8 §r§8 §r§1 §r§3 §r§3 §r§7 §r§8 
14:42:11 [PROFILE_JOIN] §aYou are playing on profile: §eLemon§b (Co-op)
14:42:11 [PROFILE_JOIN] §8Profile ID: 62b760d8-92b6-4501-ada0-1fd8583f5266
14:43:04 [EMPTY] §8 §r§8 §r§1 §r§3 §r§3 §r§7 §r§8 
14:43:07 [EMPTY] §8 §r§8 §r§1 §r§3 §r§3 §r§7 §r§8 
14:43:10 [PROFILE_JOIN] §aYou are playing on profile: §eLemon§b (Co-op)
14:43:10 [PROFILE_JOIN] §8Profile ID: 62b760d8-92b6-4501-ada0-1fd8583f5266
14:43:56 [SACKS_CHANGE] §6[Sacks] §r§a+2,334§r§e items§r§e, §r§c-3,230§r§e items§r§e.§r§8 (Last 15s.)
14:44:11 [SACKS_CHANGE] §6[Sacks] §r§a+289§r§e items§r§e, §r§c-960§r§e items§r§e.§r§8 (Last 10s.)
14:44:25 [SACKS_CHANGE] §6[Sacks] §r§a+11§r§e items§r§e, §r§c-545§r§e items§r§e.§r§8 (Last 10s.)
14:44:46 [SACKS_CHANGE] §6[Sacks] §r§a+151§r§e items§r§e.§r§8 (Last 5s.)
14:44:55 [SACKS_CHANGE] §6[Sacks] §r§c-511§r§e items§r§e.§r§8 (Last 5s.)
14:45:05 [SACKS_CHANGE] §6[Sacks] §r§a+3§r§e items§r§e.§r§8 (Last 5s.)
14:45:24 [SACKS_CHANGE] §6[Sacks] §r§a+112§r§e items§r§e, §r§c-1,024§r§e items§r§e.§r§8 (Last 7s.)
14:45:43 [SACKS_CHANGE] §6[Sacks] §r§a+14§r§e items§r§e, §r§c-1,011§r§e items§r§e.§r§8 (Last 10s.)
14:45:54 [GUILD_EXP] §aYou earned §r§2103 GEXP §r§a+ §r§e309 Event EXP §r§afrom playing SkyBlock!
14:46:04 [SACKS_CHANGE] §6[Sacks] §r§a+293§r§e items§r§e, §r§c-13,504§r§e items§r§e.§r§8 (Last 17s.)
14:46:24 [SACKS_CHANGE] §6[Sacks] §r§a+32§r§e items§r§e, §r§c-2,996§r§e items§r§e.§r§8 (Last 7s.)
14:47:06 [EMPTY]                                         
14:47:20 [EMPTY] §8 §r§8 §r§1 §r§3 §r§3 §r§7 §r§8 
14:47:23 [PROFILE_JOIN] §aYou are playing on profile: §eLemon§b (Co-op)
14:47:23 [PROFILE_JOIN] §8Profile ID: 62b760d8-92b6-4501-ada0-1fd8583f5266
14:49:16 [EMPTY] §8 §r§8 §r§1 §r§3 §r§3 §r§7 §r§8 
14:49:20 [EMPTY] §8 §r§8 §r§1 §r§3 §r§3 §r§7 §r§8 
14:49:23 [PROFILE_JOIN] §aYou are playing on profile: §eLemon§b (Co-op)
14:49:23 [PROFILE_JOIN] §8Profile ID: 62b760d8-92b6-4501-ada0-1fd8583f5266
14:50:29 [EMPTY] §8 §r§8 §r§1 §r§3 §r§3 §r§7 §r§8 
14:50:32 [PROFILE_JOIN] §aYou are playing on profile: §eLemon§b (Co-op)
14:50:32 [PROFILE_JOIN] §8Profile ID: 62b760d8-92b6-4501-ada0-1fd8583f5266
14:52:26 [EMPTY] §8 §r§8 §r§1 §r§3 §r§3 §r§7 §r§8 
14:52:29 [EMPTY] §8 §r§8 §r§1 §r§3 §r§3 §r§7 §r§8 
14:52:32 [PROFILE_JOIN] §aYou are playing on profile: §eLemon§b (Co-op)
14:52:32 [PROFILE_JOIN] §8Profile ID: 62b760d8-92b6-4501-ada0-1fd8583f5266
14:53:31 [SACKS_CHANGE] §6[Sacks] §r§a+351§r§e items§r§e.§r§8 (Last 7s.)
14:54:10 [SACKS_CHANGE] §6[Sacks] §r§a+456§r§e items§r§e.§r§8 (Last 21s.)
14:54:18 [SACKS_CHANGE] §6[Sacks] §r§a+9§r§e items§r§e.§r§8 (Last 5s.)
14:55:21 [SACKS_CHANGE] §6[Sacks] §r§a+741§r§e items§r§e.§r§8 (Last 30s.)
14:55:45 [EMPTY] §8 §r§8 §r§1 §r§3 §r§3 §r§7 §r§8 
14:55:49 [PROFILE_JOIN] §aYou are playing on profile: §eLemon§b (Co-op)
14:55:49 [PROFILE_JOIN] §8Profile ID: 62b760d8-92b6-4501-ada0-1fd8583f5266
14:56:18 [SACKS_CHANGE] §6[Sacks] §r§a+31§r§e items§r§e.§r§8 (Last 5s.)
14:56:50 [EMPTY] §8 §r§8 §r§1 §r§3 §r§3 §r§7 §r§8 
14:56:53 [PROFILE_JOIN] §aYou are playing on profile: §eLemon§b (Co-op)
14:56:53 [PROFILE_JOIN] §8Profile ID: 62b760d8-92b6-4501-ada0-1fd8583f5266
14:57:10 [EMPTY] §8 §r§8 §r§1 §r§3 §r§3 §r§7 §r§8 
14:57:13 [PROFILE_JOIN] §aYou are playing on profile: §eLemon§b (Co-op)
14:57:13 [PROFILE_JOIN] §8Profile ID: 62b760d8-92b6-4501-ada0-1fd8583f5266
14:57:16 [EMPTY] §8 §r§8 §r§1 §r§3 §r§3 §r§7 §r§8 
14:57:19 [PROFILE_JOIN] §aYou are playing on profile: §eLemon§b (Co-op)
14:57:19 [PROFILE_JOIN] §8Profile ID: 62b760d8-92b6-4501-ada0-1fd8583f5266
14:57:52 [EMPTY] §8 §r§8 §r§1 §r§3 §r§3 §r§7 §r§8 
14:57:56 [PROFILE_JOIN] §aYou are playing on profile: §eLemon§b (Co-op)
14:57:56 [PROFILE_JOIN] §8Profile ID: 62b760d8-92b6-4501-ada0-1fd8583f5266
14:58:13 [EMPTY] §8 §r§8 §r§1 §r§3 §r§3 §r§7 §r§8 
14:58:16 [COMPACT_POTION_EFFECT] §a§lBUFF! §fYou have gained §r§aMining XP Boost II§r§f! Press TAB or type /effects to view your active effects!
14:58:16 [PROFILE_JOIN] §aYou are playing on profile: §eLemon§b (Co-op)
14:58:16 [PROFILE_JOIN] §8Profile ID: 62b760d8-92b6-4501-ada0-1fd8583f5266
14:59:24 [SACKS_CHANGE] §6[Sacks] §r§a+38§r§e items§r§e.§r§8 (Last 5s.)
14:59:57 [EMPTY] 
15:00:02 [SACKS_CHANGE] §6[Sacks] §r§a+32§r§e items§r§e.§r§8 (Last 5s.)
15:00:46 [EMPTY] 
15:01:37 [EMPTY] 
15:01:37 [EMPTY] §c
15:02:17 [GUILD_EXP] §aYou earned §r§2445 GEXP §r§a+ §r§e1,335 Event EXP §r§afrom playing SkyBlock!
15:02:55 [SACKS_CHANGE] §6[Sacks] §r§c-1,664§r§e items§r§e.§r§8 (Last 5s.)
15:03:17 [SACKS_CHANGE] §6[Sacks] §r§a+507§r§e items§r§e, §r§c-128§r§e items§r§e.§r§8 (Last 7s.)
15:03:34 [EMPTY]  
15:03:34 [BESTIARY] §f                                  §6§lBESTIARY
15:03:34 [BESTIARY] §f                                §b§lThyst §7§85 §8➡§b §b6
15:03:34 [BESTIARY] 
15:03:34 [BESTIARY]                                   §r§6§lREWARDS
15:03:34 [BESTIARY]                           §r§8+§r§a3 Thyst §r§b✯ Magic Find
15:03:34 [BESTIARY]                            §r§8+§r§a3 Thyst §r§c❁ Strength
15:03:34 [BESTIARY]                               §r§8+§r§62% §r§aThyst §r§7coins
15:03:34 [BESTIARY]                     §r§8+§r§a50% §r§7chance for extra XP orbs
15:03:34 [BESTIARY]                                §r§8+§r§b1 SkyBlock XP
15:03:34 [BESTIARY] 
15:03:34 [BESTIARY] §3§l▬▬▬▬▬▬▬▬▬▬▬▬▬▬▬▬▬▬▬▬▬▬▬▬▬▬▬▬▬▬▬▬▬▬▬▬▬▬▬▬▬▬▬▬▬▬▬▬▬▬▬▬▬▬▬▬▬▬▬▬▬▬▬▬
15:03:47 [EMPTY] 
15:03:56 [SACKS_CHANGE] §6[Sacks] §r§a+2,027§r§e items§r§e.§r§8 (Last 30s.)
15:03:59 [EMPTY] 
15:04:05 [SACKS_CHANGE] §6[Sacks] §r§a+81§r§e items§r§e.§r§8 (Last 6s.)
15:04:31 [SACKS_CHANGE] §6[Sacks] §r§a+641§r§e items§r§e.§r§8 (Last 21s.)
15:05:43 [SACKS_CHANGE] §6[Sacks] §r§a+322§r§e items§r§e.§r§8 (Last 11s.)
15:06:20 [SACKS_CHANGE] §6[Sacks] §r§a+1,767§r§e items§r§e.§r§8 (Last 20s.)
15:06:34 [SACKS_CHANGE] §6[Sacks] §r§a+906§r§e items§r§e.§r§8 (Last 11s.)
15:06:42 [EMPTY] 
15:06:51 [SACKS_CHANGE] §6[Sacks] §r§a+41§r§e items§r§e.§r§8 (Last 9s.)
15:07:24 [GUILD_EXP] §aYou earned §r§2720 GEXP §r§a+ §r§e2,160 Event EXP §r§afrom playing SkyBlock!
15:07:28 [EMPTY]  
15:07:28 [STASH_COMPACT] §f                §7You have §31,872 §7materials stashed away!
15:07:28 [STASH_COMPACT] §f               §8(This totals 1 type of material stashed!)
15:07:28 [STASH_COMPACT] §f                §3§l>>> §3§lCLICK HERE§b to pick them up! §3§l<<<
15:07:28 [EMPTY]   
15:07:30 [SACKS_CHANGE] §6[Sacks] §r§a+100§r§e items§r§e.§r§8 (Last 5s.)
15:07:45 [STASH_COMPACT] §eOne or more items didn't fit in your inventory and were added to your material stash! §6Click here §eto pick them up!
15:07:45 [STASH_COMPACT] §eOne or more items didn't fit in your inventory and were added to your item stash! §6Click here §eto pick them up!
15:07:45 [EMPTY] 
15:07:51 [SACKS_CHANGE] §6[Sacks] §r§a+24§r§e items§r§e.§r§8 (Last 5s.)
15:07:55 [EMPTY] 
15:08:03 [SACKS_CHANGE] §6[Sacks] §r§a+44§r§e items§r§e.§r§8 (Last 7s.)
15:08:15 [EMPTY] 
15:08:20 [SACKS_CHANGE] §6[Sacks] §r§a+64§r§e items§r§e.§r§8 (Last 5s.)
15:08:30 [EMPTY]  
15:08:30 [STASH_COMPACT] §f                §7You have §33,192 §7materials stashed away!
15:08:30 [STASH_COMPACT] §f              §8(This totals 2 types of materials stashed!)
15:08:30 [STASH_COMPACT] §f                §3§l>>> §3§lCLICK HERE§b to pick them up! §3§l<<<
15:08:30 [EMPTY]   
15:09:02 [SACKS_CHANGE] §6[Sacks] §r§a+6§r§e items§r§e.§r§8 (Last 12s.)
15:09:35 [SACKS_CHANGE] §6[Sacks] §r§a+1,099§r§e items§r§e, §r§c-20,224§r§e items§r§e.§r§8 (Last 30s.)
15:10:45 [SACKS_CHANGE] §6[Sacks] §r§a+571§r§e items§r§e.§r§8 (Last 6s.)
15:12:30 [GUILD_EXP] §aYou earned §r§2661 GEXP §r§a+ §r§e1,983 Event EXP §r§afrom playing SkyBlock!
15:13:28 [EMPTY] 
15:14:32 [EMPTY] 
15:14:37 [SACKS_CHANGE] §6[Sacks] §r§a+1,053§r§e items§r§e.§r§8 (Last 25s.)
15:14:56 [SACKS_CHANGE] §6[Sacks] §r§a+465§r§e items§r§e.§r§8 (Last 11s.)
15:15:06 [EMPTY]                                         
15:16:43 [SACKS_CHANGE] §6[Sacks] §r§a+61§r§e items§r§e.§r§8 (Last 9s.)
15:16:45 [EMPTY]  
15:16:45 [BESTIARY] §f                                  §6§lBESTIARY
15:16:45 [BESTIARY] §f                             §b§lButterfly §7§83 §8➡§b §b4
15:16:45 [BESTIARY] 
15:16:45 [BESTIARY]                                   §r§6§lREWARDS
15:16:45 [BESTIARY]                         §r§8+§r§a2 §r§eButterfly §r§b✯ Magic Find
15:16:45 [BESTIARY]                          §r§8+§r§a2 §r§eButterfly §r§c❁ Strength
15:16:45 [BESTIARY]                             §r§8+§r§62% §r§a§r§eButterfly §r§7coins
15:16:45 [BESTIARY]                     §r§8+§r§a50% §r§7chance for extra XP orbs
15:16:45 [BESTIARY]                                §r§8+§r§b1 SkyBlock XP
15:16:45 [BESTIARY] 
15:16:45 [BESTIARY] §3§l▬▬▬▬▬▬▬▬▬▬▬▬▬▬▬▬▬▬▬▬▬▬▬▬▬▬▬▬▬▬▬▬▬▬▬▬▬▬▬▬▬▬▬▬▬▬▬▬▬▬▬▬▬▬▬▬▬▬▬▬▬▬▬▬
15:16:51 [SACKS_CHANGE] §6[Sacks] §r§a+17§r§e items§r§e.§r§8 (Last 5s.)
15:16:52 [EMPTY] 
15:16:58 [SACKS_CHANGE] §6[Sacks] §r§a+96§r§e items§r§e.§r§8 (Last 5s.)
15:17:36 [GUILD_EXP] §aYou earned §r§2553 GEXP §r§a+ §r§e1,659 Event EXP §r§afrom playing SkyBlock!
15:19:17 [SACKS_CHANGE] §6[Sacks] §r§a+23§r§e items§r§e.§r§8 (Last 5s.)
15:19:30 [SACKS_CHANGE] §6[Sacks] §r§a+144§r§e items§r§e.§r§8 (Last 5s.)
15:19:51 [SACKS_CHANGE] §6[Sacks] §r§a+28§r§e items§r§e.§r§8 (Last 5s.)
15:21:18 [SACKS_CHANGE] §6[Sacks] §r§a+19§r§e items§r§e.§r§8 (Last 5s.)
15:21:44 [SACKS_CHANGE] §6[Sacks] §r§a+43§r§e items§r§e.§r§8 (Last 10s.)
15:21:54 [EMPTY] §8 §r§8 §r§1 §r§3 §r§3 §r§7 §r§8 
15:21:57 [PROFILE_JOIN] §aYou are playing on profile: §eLemon§b (Co-op)
15:21:57 [PROFILE_JOIN] §8Profile ID: 62b760d8-92b6-4501-ada0-1fd8583f5266
15:22:02 [EMPTY] §8 §r§8 §r§1 §r§3 §r§3 §r§7 §r§8 
15:22:05 [PROFILE_JOIN] §aYou are playing on profile: §eLemon§b (Co-op)
15:22:05 [PROFILE_JOIN] §8Profile ID: 62b760d8-92b6-4501-ada0-1fd8583f5266
15:22:13 [EMPTY] §8 §r§8 §r§1 §r§3 §r§3 §r§7 §r§8 
15:22:16 [PROFILE_JOIN] §aYou are playing on profile: §eLemon§b (Co-op)
15:22:16 [PROFILE_JOIN] §8Profile ID: 62b760d8-92b6-4501-ada0-1fd8583f5266
15:22:21 [EMPTY] §8 §r§8 §r§1 §r§3 §r§3 §r§7 §r§8 
15:22:24 [PROFILE_JOIN] §aYou are playing on profile: §eLemon§b (Co-op)
15:22:24 [PROFILE_JOIN] §8Profile ID: 62b760d8-92b6-4501-ada0-1fd8583f5266
15:22:26 [EMPTY] §8 §r§8 §r§1 §r§3 §r§3 §r§7 §r§8 
15:22:30 [PROFILE_JOIN] §aYou are playing on profile: §eLemon§b (Co-op)
15:22:30 [PROFILE_JOIN] §8Profile ID: 62b760d8-92b6-4501-ada0-1fd8583f5266
15:22:35 [EMPTY] 
15:24:01 [EMPTY] 
15:24:12 [EMPTY]                                         
15:25:15 [SACKS_CHANGE] §6[Sacks] §r§a+125§r§e items§r§e.§r§8 (Last 5s.)
15:25:28 [SACKS_CHANGE] §6[Sacks] §r§a+514§r§e items§r§e.§r§8 (Last 10s.)
15:25:29 [EMPTY] 
15:25:35 [EMPTY]  
15:25:35 [BESTIARY] §f                                  §6§lBESTIARY
15:25:35 [BESTIARY] §f                               §b§lSludge §7§88 §8➡§b §b9
15:25:35 [BESTIARY] 
15:25:35 [BESTIARY]                                   §r§6§lREWARDS
15:25:35 [BESTIARY]                           §r§8+§r§a3 Sludge §r§b✯ Magic Find
15:25:35 [BESTIARY]                            §r§8+§r§a3 Sludge §r§c❁ Strength
15:25:35 [BESTIARY]                               §r§8+§r§62% §r§aSludge §r§7coins
15:25:35 [BESTIARY]                     §r§8+§r§a50% §r§7chance for extra XP orbs
15:25:35 [BESTIARY]                                §r§8+§r§b1 SkyBlock XP
15:25:35 [BESTIARY] 
15:25:35 [BESTIARY] §3§l▬▬▬▬▬▬▬▬▬▬▬▬▬▬▬▬▬▬▬▬▬▬▬▬▬▬▬▬▬▬▬▬▬▬▬▬▬▬▬▬▬▬▬▬▬▬▬▬▬▬▬▬▬▬▬▬▬▬▬▬▬▬▬▬
15:25:38 [SACKS_CHANGE] §6[Sacks] §r§a+264§r§e items§r§e.§r§8 (Last 9s.)
15:25:56 [SACKS_CHANGE] §6[Sacks] §r§a+797§r§e items§r§e.§r§8 (Last 9s.)
15:26:18 [GUILD_EXP] §aYou earned §r§2240 GEXP §r§a+ §r§e720 Event EXP §r§afrom playing SkyBlock!
15:26:30 [SACKS_CHANGE] §6[Sacks] §r§a+571§r§e items§r§e.§r§8 (Last 12s.)
15:26:49 [SACKS_CHANGE] §6[Sacks] §r§a+392§r§e items§r§e.§r§8 (Last 15s.)
15:27:20 [SACKS_CHANGE] §6[Sacks] §r§a+3,615§r§e items§r§e.§r§8 (Last 30s.)
15:27:33 [SACKS_CHANGE] §6[Sacks] §r§a+154§r§e items§r§e.§r§8 (Last 6s.)
15:28:07 [SACKS_CHANGE] §6[Sacks] §r§a+256§r§e items§r§e.§r§8 (Last 11s.)
15:28:28 [SACKS_CHANGE] §6[Sacks] §r§a+759§r§e items§r§e.§r§8 (Last 20s.)
15:28:34 [EMPTY] 
15:28:40 [SACKS_CHANGE] §6[Sacks] §r§a+14§r§e items§r§e.§r§8 (Last 5s.)
15:29:20 [SACKS_CHANGE] §6[Sacks] §r§a+22§r§e items§r§e.§r§8 (Last 5s.)
15:29:44 [SACKS_CHANGE] §6[Sacks] §r§a+321§r§e items§r§e.§r§8 (Last 5s.)
15:30:39 [EMPTY] §8 §r§8 §r§1 §r§3 §r§3 §r§7 §r§8 
15:30:43 [PROFILE_JOIN] §aYou are playing on profile: §eLemon§b (Co-op)
15:30:43 [PROFILE_JOIN] §8Profile ID: 62b760d8-92b6-4501-ada0-1fd8583f5266
15:32:23 [EMPTY] §8 §r§8 §r§1 §r§3 §r§3 §r§7 §r§8 
15:32:27 [PROFILE_JOIN] §aYou are playing on profile: §eLemon§b (Co-op)
15:32:27 [PROFILE_JOIN] §8Profile ID: 62b760d8-92b6-4501-ada0-1fd8583f5266
15:32:38 [EMPTY] §8 §r§8 §r§1 §r§3 §r§3 §r§7 §r§8 
15:32:41 [PROFILE_JOIN] §aYou are playing on profile: §eLemon§b (Co-op)
15:32:41 [PROFILE_JOIN] §8Profile ID: 62b760d8-92b6-4501-ada0-1fd8583f5266
15:32:59 [EMPTY] §8 §r§8 §r§1 §r§3 §r§3 §r§7 §r§8 
15:33:03 [PROFILE_JOIN] §aYou are playing on profile: §eLemon§b (Co-op)
15:33:03 [PROFILE_JOIN] §8Profile ID: 62b760d8-92b6-4501-ada0-1fd8583f5266
15:33:11 [SACKS_CHANGE] §6[Sacks] §r§a+6§r§e items§r§e.§r§8 (Last 7s.)
15:33:30 [SACKS_CHANGE] §6[Sacks] §r§a+2§r§e items§r§e.§r§8 (Last 5s.)
15:33:57 [SACKS_CHANGE] §6[Sacks] §r§a+70§r§e items§r§e.§r§8 (Last 24s.)
15:34:04 [EMPTY]  
15:34:04 [BESTIARY] §f                                  §6§lBESTIARY
15:34:04 [BESTIARY] §f                            §b§lEnderman §7§818 §8➡§b §b19
15:34:04 [BESTIARY] 
15:34:04 [BESTIARY]                                   §r§6§lREWARDS
15:34:04 [BESTIARY]                         §r§8+§r§a5 Enderman §r§b✯ Magic Find
15:34:04 [BESTIARY]                          §r§8+§r§a5 Enderman §r§c❁ Strength
15:34:04 [BESTIARY]                             §r§8+§r§62% §r§aEnderman §r§7coins
15:34:04 [BESTIARY]                     §r§8+§r§a50% §r§7chance for extra XP orbs
15:34:04 [BESTIARY]                                §r§8+§r§b1 SkyBlock XP
15:34:04 [BESTIARY] 
15:34:04 [BESTIARY] §3§l▬▬▬▬▬▬▬▬▬▬▬▬▬▬▬▬▬▬▬▬▬▬▬▬▬▬▬▬▬▬▬▬▬▬▬▬▬▬▬▬▬▬▬▬▬▬▬▬▬▬▬▬▬▬▬▬▬▬▬▬▬▬▬▬
15:34:14 [SACKS_CHANGE] §6[Sacks] §r§a+27§r§e items§r§e.§r§8 (Last 12s.)
15:34:22 [GUILD_EXP] §aYou earned §r§245 GEXP §r§a+ §r§e135 Event EXP §r§afrom playing SkyBlock!
15:34:47 [SACKS_CHANGE] §6[Sacks] §r§a+71§r§e items§r§e.§r§8 (Last 30s.)
15:35:20 [SACKS_CHANGE] §6[Sacks] §r§a+62§r§e items§r§e.§r§8 (Last 30s.)
15:35:28 [SACKS_CHANGE] §6[Sacks] §r§a+4§r§e items§r§e.§r§8 (Last 5s.)
15:36:00 [SACKS_CHANGE] §6[Sacks] §r§a+108§r§e items§r§e.§r§8 (Last 30s.)
15:36:31 [SACKS_CHANGE] §6[Sacks] §r§a+87§r§e items§r§e.§r§8 (Last 30s.)
15:36:40 [SACKS_CHANGE] §6[Sacks] §r§a+3§r§e items§r§e.§r§8 (Last 7s.)
15:36:58 [SACKS_CHANGE] §6[Sacks] §r§a+24§r§e items§r§e.§r§8 (Last 13s.)
15:37:12 [SACKS_CHANGE] §6[Sacks] §r§a+14§r§e items§r§e.§r§8 (Last 11s.)
15:37:41 [SACKS_CHANGE] §6[Sacks] §r§a+45§r§e items§r§e.§r§8 (Last 27s.)
15:38:13 [SACKS_CHANGE] §6[Sacks] §r§a+59§r§e items§r§e.§r§8 (Last 30s.)
15:38:15 [EMPTY]  
15:38:15 [BESTIARY] §f                                  §6§lBESTIARY
15:38:15 [BESTIARY] §f                           §b§lEndermite §7§816 §8➡§b §b17
15:38:15 [BESTIARY] 
15:38:15 [BESTIARY]                                   §r§6§lREWARDS
15:38:15 [BESTIARY]                         §r§8+§r§a5 Endermite §r§b✯ Magic Find
15:38:15 [BESTIARY]                          §r§8+§r§a5 Endermite §r§c❁ Strength
15:38:15 [BESTIARY]                             §r§8+§r§62% §r§aEndermite §r§7coins
15:38:15 [BESTIARY]                     §r§8+§r§a50% §r§7chance for extra XP orbs
15:38:15 [BESTIARY]                                §r§8+§r§b1 SkyBlock XP
15:38:15 [BESTIARY] 
15:38:15 [BESTIARY] §3§l▬▬▬▬▬▬▬▬▬▬▬▬▬▬▬▬▬▬▬▬▬▬▬▬▬▬▬▬▬▬▬▬▬▬▬▬▬▬▬▬▬▬▬▬▬▬▬▬▬▬▬▬▬▬▬▬▬▬▬▬▬▬▬▬
15:38:45 [SACKS_CHANGE] §6[Sacks] §r§a+47§r§e items§r§e.§r§8 (Last 30s.)
15:39:17 [SACKS_CHANGE] §6[Sacks] §r§a+75§r§e items§r§e.§r§8 (Last 30s.)
15:39:29 [GUILD_EXP] §aYou earned §r§2750 GEXP §r§a+ §r§e2,250 Event EXP §r§afrom playing SkyBlock!
15:39:48 [SACKS_CHANGE] §6[Sacks] §r§a+65§r§e items§r§e.§r§8 (Last 30s.)
15:40:18 [SACKS_CHANGE] §6[Sacks] §r§a+53§r§e items§r§e.§r§8 (Last 28s.)
15:40:55 [SACKS_CHANGE] §6[Sacks] §r§a+100§r§e items§r§e.§r§8 (Last 30s.)
15:41:36 [SACKS_CHANGE] §6[Sacks] §r§a+73§r§e items§r§e.§r§8 (Last 30s.)
15:41:49 [SACKS_CHANGE] §6[Sacks] §r§a+21§r§e items§r§e.§r§8 (Last 12s.)
15:42:14 [SACKS_CHANGE] §6[Sacks] §r§a+36§r§e items§r§e.§r§8 (Last 19s.)
15:42:52 [SACKS_CHANGE] §6[Sacks] §r§a+101§r§e items§r§e.§r§8 (Last 30s.)
15:43:23 [SACKS_CHANGE] §6[Sacks] §r§a+58§r§e items§r§e.§r§8 (Last 30s.)
15:43:37 [SACKS_CHANGE] §6[Sacks] §r§a+10§r§e items§r§e.§r§8 (Last 12s.)
15:44:13 [SACKS_CHANGE] §6[Sacks] §r§a+44§r§e items§r§e.§r§8 (Last 30s.)
15:44:36 [GUILD_EXP] §aYou earned §r§2750 GEXP §r§a+ §r§e2,250 Event EXP §r§afrom playing SkyBlock!
15:44:50 [SACKS_CHANGE] §6[Sacks] §r§a+87§r§e items§r§e.§r§8 (Last 30s.)
15:45:03 [SACKS_CHANGE] §6[Sacks] §r§a+15§r§e items§r§e.§r§8 (Last 9s.)
15:45:25 [SACKS_CHANGE] §6[Sacks] §r§a+25§r§e items§r§e.§r§8 (Last 13s.)
15:45:43 [SACKS_CHANGE] §6[Sacks] §r§a+3§r§e items§r§e.§r§8 (Last 5s.)
15:45:58 [SACKS_CHANGE] §6[Sacks] §r§a+6§r§e items§r§e.§r§8 (Last 5s.)
15:46:12 [SACKS_CHANGE] §6[Sacks] §r§a+9§r§e items§r§e.§r§8 (Last 10s.)
15:46:32 [SACKS_CHANGE] §6[Sacks] §r§a+4§r§e items§r§e.§r§8 (Last 5s.)
15:46:54 [SACKS_CHANGE] §6[Sacks] §r§a+1§r§e item§r§e.§r§8 (Last 5s.)
15:47:11 [SACKS_CHANGE] §6[Sacks] §r§a+13§r§e items§r§e.§r§8 (Last 15s.)
15:47:29 [SACKS_CHANGE] §6[Sacks] §r§a+8§r§e items§r§e.§r§8 (Last 10s.)
15:47:51 [EMPTY] §8 §r§8 §r§1 §r§3 §r§3 §r§7 §r§8 
15:47:55 [PROFILE_JOIN] §aYou are playing on profile: §eLemon§b (Co-op)
15:47:55 [PROFILE_JOIN] §8Profile ID: 62b760d8-92b6-4501-ada0-1fd8583f5266
15:47:59 [EMPTY] §8 §r§8 §r§1 §r§3 §r§3 §r§7 §r§8 
15:48:02 [PROFILE_JOIN] §aYou are playing on profile: §eLemon§b (Co-op)
15:48:02 [PROFILE_JOIN] §8Profile ID: 62b760d8-92b6-4501-ada0-1fd8583f5266
15:48:55 [SACKS_CHANGE] §6[Sacks] §r§a+3,037§r§e items§r§e.§r§8 (Last 30s.)
15:49:23 [EMPTY]                                         
15:49:23 [EMPTY]                                         
15:49:24 [SACKS_CHANGE] §6[Sacks] §r§a+1,755§r§e items§r§e.§r§8 (Last 27s.)
15:49:39 [EMPTY]  
15:49:39 [BESTIARY] §f                                  §6§lBESTIARY
15:49:39 [BESTIARY] §f                        §b§lGoblin Raiders §7§810 §8➡§b §b11
15:49:39 [BESTIARY] 
15:49:39 [BESTIARY]                                   §r§6§lREWARDS
15:49:39 [BESTIARY]                      §r§8+§r§a4 Goblin Raiders §r§b✯ Magic Find
15:49:39 [BESTIARY]                       §r§8+§r§a4 Goblin Raiders §r§c❁ Strength
15:49:39 [BESTIARY]                          §r§8+§r§62% §r§aGoblin Raiders §r§7coins
15:49:39 [BESTIARY]                     §r§8+§r§a50% §r§7chance for extra XP orbs
15:49:39 [BESTIARY]                                §r§8+§r§b1 SkyBlock XP
15:49:39 [BESTIARY] 
15:49:39 [BESTIARY]   §r§f                         §6§lBESTIARY MILESTONE
15:49:39 [BESTIARY]   §r§f                                    §879➡§e80
15:49:39 [BESTIARY] §6§lBESTIARY MILESTONE §879➡§e80
15:49:39 [BESTIARY] §6§lBESTIARY MILESTONE §879➡§e80
15:49:39 [BESTIARY] §6§lBESTIARY MILESTONE §879➡§e80
15:49:39 [BESTIARY] §6§lBESTIARY MILESTONE §879➡§e80
15:49:39 [BESTIARY] 
15:49:50 [SACKS_CHANGE] §6[Sacks] §r§a+1§r§e item§r§e.§r§8 (Last 5s.)
15:50:29 [SACKS_CHANGE] §6[Sacks] §r§a+1§r§e item§r§e.§r§8 (Last 5s.)
15:50:37 [SACKS_CHANGE] §6[Sacks] §r§a+1§r§e item§r§e.§r§8 (Last 5s.)
15:50:43 [SACKS_CHANGE] §6[Sacks] §r§a+1§r§e item§r§e.§r§8 (Last 5s.)
15:50:55 [SACKS_CHANGE] §6[Sacks] §r§a+1§r§e item§r§e.§r§8 (Last 5s.)
15:52:27 [GUILD_EXP] §aYou earned §r§2400 GEXP §r§a+ §r§e1,200 Event EXP §r§afrom playing SkyBlock!
15:52:42 [SACKS_CHANGE] §6[Sacks] §r§a+2§r§e items§r§e.§r§8 (Last 5s.)
15:54:19 [EMPTY] 
15:54:19 [EMPTY] 
15:55:13 [SACKS_CHANGE] §6[Sacks] §r§a+238§r§e items§r§e.§r§8 (Last 7s.)
15:57:30 [GUILD_EXP] §aYou earned §r§2660 GEXP §r§a+ §r§e1,980 Event EXP §r§afrom playing SkyBlock!
16:02:33 [GUILD_EXP] §aYou earned §r§238 GEXP §r§a+ §r§e114 Event EXP §r§afrom playing SkyBlock!
16:05:05 [SACKS_CHANGE] §6[Sacks] §r§c-1,088§r§e items§r§e.§r§8 (Last 5s.)
16:05:36 [SACKS_CHANGE] §6[Sacks] §r§a+244§r§e items§r§e, §r§c-6,292§r§e items§r§e.§r§8 (Last 15s.)
16:05:51 [EMPTY] §8 §r§8 §r§1 §r§3 §r§3 §r§7 §r§8 
16:05:52 [EMPTY]  
16:05:52 [EMPTY]   
16:05:55 [PROFILE_JOIN] §aYou are playing on profile: §eLemon§b (Co-op)
16:05:55 [PROFILE_JOIN] §8Profile ID: 62b760d8-92b6-4501-ada0-1fd8583f5266
16:06:08 [EMPTY] §8 §r§8 §r§1 §r§3 §r§3 §r§7 §r§8 
16:06:08 [EMPTY]  
16:06:08 [EMPTY]   
16:06:11 [PROFILE_JOIN] §aYou are playing on profile: §eLemon§b (Co-op)
16:06:11 [PROFILE_JOIN] §8Profile ID: 62b760d8-92b6-4501-ada0-1fd8583f5266
16:06:13 [EMPTY]  
16:06:13 [EMPTY]  
16:06:13 [EMPTY]  
16:08:02 [GUILD_EXP] §aYou earned §r§270 GEXP §r§a+ §r§e210 Event EXP §r§afrom playing SkyBlock!
16:08:04 [EMPTY] §8 §r§8 §r§1 §r§3 §r§3 §r§7 §r§8 
16:08:07 [PROFILE_JOIN] §aYou are playing on profile: §eLemon§b (Co-op)
16:08:07 [PROFILE_JOIN] §8Profile ID: 62b760d8-92b6-4501-ada0-1fd8583f5266
16:08:37 [EMPTY] §8 §r§8 §r§1 §r§3 §r§3 §r§7 §r§8 
16:08:40 [PROFILE_JOIN] §aYou are playing on profile: §eLemon§b (Co-op)
16:08:40 [PROFILE_JOIN] §8Profile ID: 62b760d8-92b6-4501-ada0-1fd8583f5266
16:09:58 [EMPTY] §8 §r§8 §r§1 §r§3 §r§3 §r§7 §r§8 
16:10:02 [PROFILE_JOIN] §aYou are playing on profile: §eLemon§b (Co-op)
16:10:02 [PROFILE_JOIN] §8Profile ID: 62b760d8-92b6-4501-ada0-1fd8583f5266
16:10:26 [EMPTY] §8 §r§8 §r§1 §r§3 §r§3 §r§7 §r§8 
16:10:29 [PROFILE_JOIN] §aYou are playing on profile: §eLemon§b (Co-op)
16:10:29 [PROFILE_JOIN] §8Profile ID: 62b760d8-92b6-4501-ada0-1fd8583f5266
16:10:48 [EMPTY] §8 §r§8 §r§1 §r§3 §r§3 §r§7 §r§8 
16:10:52 [PROFILE_JOIN] §aYou are playing on profile: §eLemon§b (Co-op)
16:10:52 [PROFILE_JOIN] §8Profile ID: 62b760d8-92b6-4501-ada0-1fd8583f5266
16:12:23 [SACKS_CHANGE] §6[Sacks] §r§a+3,040§r§e items§r§e, §r§c-299§r§e items§r§e.§r§8 (Last 21s.)
16:12:33 [SACKS_CHANGE] §6[Sacks] §r§c-933§r§e items§r§e.§r§8 (Last 5s.)
16:12:58 [SACKS_CHANGE] §6[Sacks] §r§a+265§r§e items§r§e, §r§c-1,892§r§e items§r§e.§r§8 (Last 9s.)
16:13:31 [SACKS_CHANGE] §6[Sacks] §r§a+7,082§r§e items§r§e, §r§c-607§r§e items§r§e.§r§8 (Last 30s.)
16:14:02 [SACKS_CHANGE] §6[Sacks] §r§a+622§r§e items§r§e, §r§c-622§r§e items§r§e.§r§8 (Last 30s.)
16:14:33 [SACKS_CHANGE] §6[Sacks] §r§a+621§r§e items§r§e, §r§c-621§r§e items§r§e.§r§8 (Last 30s.)
16:14:56 [SACKS_CHANGE] §6[Sacks] §r§a+356§r§e items§r§e, §r§c-356§r§e items§r§e.§r§8 (Last 22s.)
16:15:31 [SACKS_CHANGE] §6[Sacks] §r§a+501§r§e items§r§e, §r§c-501§r§e items§r§e.§r§8 (Last 30s.)
16:15:50 [GUILD_EXP] §aYou earned §r§2526 GEXP §r§a+ §r§e1,578 Event EXP §r§afrom playing SkyBlock!
16:16:00 [PESTS_SPAWN] §6§lGROSS! §7A §2Pest §7has appeared in §aPlot §7- §b3§7!
16:16:00 [PESTS_SPAWN]   §r§e§lCLICK HERE §eto teleport to the plot!
16:16:02 [SACKS_CHANGE] §6[Sacks] §r§a+622§r§e items§r§e, §r§c-622§r§e items§r§e.§r§8 (Last 30s.)
16:16:09 [SACKS_CHANGE] §6[Sacks] §r§a+31§r§e items§r§e, §r§c-31§r§e items§r§e.§r§8 (Last 6s.)
16:16:26 [EMPTY]  
16:16:26 [EMPTY]  
16:16:26 [EMPTY]  
16:16:38 [SACKS_CHANGE] §6[Sacks] §r§a+129§r§e items§r§e, §r§c-129§r§e items§r§e.§r§8 (Last 13s.)
16:17:13 [SACKS_CHANGE] §6[Sacks] §r§a+154§r§e items§r§e, §r§c-154§r§e items§r§e.§r§8 (Last 13s.)
16:17:25 [SACKS_CHANGE] §6[Sacks] §r§a+119§r§e items§r§e, §r§c-119§r§e items§r§e.§r§8 (Last 11s.)
16:18:31 [SACKS_CHANGE] §6[Sacks] §r§a+122§r§e items§r§e, §r§c-122§r§e items§r§e.§r§8 (Last 11s.)
16:19:03 [SACKS_CHANGE] §6[Sacks] §r§a+2,358§r§e items§r§e, §r§c-7,055§r§e items§r§e.§r§8 (Last 30s.)
16:19:34 [SACKS_CHANGE] §6[Sacks] §r§a+5,309§r§e items§r§e, §r§c-612§r§e items§r§e.§r§8 (Last 30s.)
16:19:46 [SACKS_CHANGE] §6[Sacks] §r§a+136§r§e items§r§e, §r§c-136§r§e items§r§e.§r§8 (Last 11s.)
16:20:18 [SACKS_CHANGE] §6[Sacks] §r§c-6,719§r§e items§r§e.§r§8 (Last 10s.)
16:20:50 [GUILD_EXP] §aYou earned §r§2673 GEXP §r§a+ §r§e2,019 Event EXP §r§afrom playing SkyBlock!
16:20:54 [SACKS_CHANGE] §6[Sacks] §r§a+3,378§r§e items§r§e, §r§c-253§r§e items§r§e.§r§8 (Last 18s.)
16:22:03 [SACKS_CHANGE] §6[Sacks] §r§a+4,088§r§e items§r§e, §r§c-495§r§e items§r§e.§r§8 (Last 30s.)
16:22:11 [SACKS_CHANGE] §6[Sacks] §r§c-742§r§e items§r§e.§r§8 (Last 5s.)
16:22:33 [EMPTY] §8 §r§8 §r§1 §r§3 §r§3 §r§7 §r§8 
16:22:36 [PROFILE_JOIN] §aYou are playing on profile: §eLemon§b (Co-op)
16:22:36 [PROFILE_JOIN] §8Profile ID: 62b760d8-92b6-4501-ada0-1fd8583f5266
16:24:19 [EMPTY] §8 §r§8 §r§1 §r§3 §r§3 §r§7 §r§8 
16:24:23 [EMPTY] §8 §r§8 §r§1 §r§3 §r§3 §r§7 §r§8 
16:24:26 [PROFILE_JOIN] §aYou are playing on profile: §eLemon§b (Co-op)
16:24:26 [PROFILE_JOIN] §8Profile ID: 62b760d8-92b6-4501-ada0-1fd8583f5266
16:24:47 [SACKS_CHANGE] §6[Sacks] §r§a+182§r§e items§r§e.§r§8 (Last 5s.)
16:25:16 [SACKS_CHANGE] §6[Sacks] §r§a+553§r§e items§r§e.§r§8 (Last 23s.)
16:25:36 [SACKS_CHANGE] §6[Sacks] §r§a+392§r§e items§r§e.§r§8 (Last 18s.)
16:26:08 [SACKS_CHANGE] §6[Sacks] §r§a+767§r§e items§r§e.§r§8 (Last 30s.)
16:26:17 [SACKS_CHANGE] §6[Sacks] §r§a+143§r§e items§r§e.§r§8 (Last 5s.)
16:26:47 [GUILD_EXP] §aYou earned §r§2160 GEXP §r§a+ §r§e480 Event EXP §r§afrom playing SkyBlock!
16:26:56 [SACKS_CHANGE] §6[Sacks] §r§a+700§r§e items§r§e.§r§8 (Last 30s.)
16:27:15 [SACKS_CHANGE] §6[Sacks] §r§a+432§r§e items§r§e.§r§8 (Last 17s.)
16:27:22 [SACKS_CHANGE] §6[Sacks] §r§c-1,152§r§e items§r§e.§r§8 (Last 5s.)
16:27:41 [SACKS_CHANGE] §6[Sacks] §r§a+192§r§e items§r§e, §r§c-2,017§r§e items§r§e.§r§8 (Last 12s.)
16:28:11 [SACKS_CHANGE] §6[Sacks] §r§a+706§r§e items§r§e.§r§8 (Last 29s.)
16:28:50 [SACKS_CHANGE] §6[Sacks] §r§a+219§r§e items§r§e.§r§8 (Last 10s.)
16:29:15 [SACKS_CHANGE] §6[Sacks] §r§a+217§r§e items§r§e.§r§8 (Last 11s.)
16:29:59 [SACKS_CHANGE] §6[Sacks] §r§a+252§r§e items§r§e.§r§8 (Last 12s.)
16:31:54 [GUILD_EXP] §aYou earned §r§2656 GEXP §r§a+ §r§e1,968 Event EXP §r§afrom playing SkyBlock!
16:36:18 [SACKS_CHANGE] §6[Sacks] §r§a+172§r§e items§r§e.§r§8 (Last 9s.)
16:36:39 [SACKS_CHANGE] §6[Sacks] §r§a+202§r§e items§r§e.§r§8 (Last 9s.)
16:37:10 [SACKS_CHANGE] §6[Sacks] §r§a+119§r§e items§r§e.§r§8 (Last 7s.)
16:37:31 [SACKS_CHANGE] §6[Sacks] §r§a+182§r§e items§r§e.§r§8 (Last 10s.)
16:37:49 [SACKS_CHANGE] §6[Sacks] §r§a+397§r§e items§r§e.§r§8 (Last 15s.)
16:38:20 [SACKS_CHANGE] §6[Sacks] §r§a+994§r§e items§r§e.§r§8 (Last 30s.)
16:38:52 [SACKS_CHANGE] §6[Sacks] §r§a+868§r§e items§r§e.§r§8 (Last 30s.)
16:40:34 [SACKS_CHANGE] §6[Sacks] §r§a+873§r§e items§r§e.§r§8 (Last 30s.)
16:41:03 [SACKS_CHANGE] §6[Sacks] §r§a+589§r§e items§r§e.§r§8 (Last 25s.)
16:41:54 [SACKS_CHANGE] §6[Sacks] §r§a+620§r§e items§r§e.§r§8 (Last 25s.)
16:42:05 [GUILD_EXP] §aYou earned §r§2623 GEXP §r§a+ §r§e1,869 Event EXP §r§afrom playing SkyBlock!
16:42:28 [SACKS_CHANGE] §6[Sacks] §r§a+396§r§e items§r§e.§r§8 (Last 17s.)
16:43:11 [SACKS_CHANGE] §6[Sacks] §r§a+608§r§e items§r§e.§r§8 (Last 21s.)
16:43:26 [SACKS_CHANGE] §6[Sacks] §r§a+230§r§e items§r§e.§r§8 (Last 11s.)
16:44:01 [SACKS_CHANGE] §6[Sacks] §r§a+590§r§e items§r§e.§r§8 (Last 22s.)
16:45:02 [SACKS_CHANGE] §6[Sacks] §r§a+116§r§e items§r§e, §r§c-8,479§r§e items§r§e.§r§8 (Last 14s.)
16:47:11 [GUILD_EXP] §aYou earned §r§2481 GEXP §r§a+ §r§e499 Event EXP §r§afrom playing SkyBlock!
16:47:21 [SACKS_CHANGE] §6[Sacks] §r§a+238§r§e items§r§e.§r§8 (Last 13s.)
16:47:55 [SACKS_CHANGE] §6[Sacks] §r§a+987§r§e items§r§e.§r§8 (Last 30s.)
16:50:06 [SACKS_CHANGE] §6[Sacks] §r§a+139§r§e items§r§e.§r§8 (Last 5s.)
16:50:30 [SACKS_CHANGE] §6[Sacks] §r§a+144§r§e items§r§e.§r§8 (Last 9s.)
16:51:35 [SACKS_CHANGE] §6[Sacks] §r§a+1,002§r§e items§r§e.§r§8 (Last 30s.)
16:52:07 [SACKS_CHANGE] §6[Sacks] §r§a+916§r§e items§r§e.§r§8 (Last 30s.)
16:52:17 [GUILD_EXP] §aYou earned §r§2409 GEXP §r§afrom playing SkyBlock!
16:52:37 [SACKS_CHANGE] §6[Sacks] §r§a+970§r§e items§r§e.§r§8 (Last 30s.)
16:53:03 [SACKS_CHANGE] §6[Sacks] §r§a+637§r§e items§r§e.§r§8 (Last 24s.)
16:53:45 [SACKS_CHANGE] §6[Sacks] §r§a+1,098§r§e items§r§e.§r§8 (Last 30s.)
16:54:17 [SACKS_CHANGE] §6[Sacks] §r§a+986§r§e items§r§e.§r§8 (Last 30s.)
16:54:49 [SACKS_CHANGE] §6[Sacks] §r§a+954§r§e items§r§e.§r§8 (Last 30s.)
16:55:20 [SACKS_CHANGE] §6[Sacks] §r§a+1,039§r§e items§r§e.§r§8 (Last 30s.)
16:55:53 [SACKS_CHANGE] §6[Sacks] §r§a+805§r§e items§r§e.§r§8 (Last 30s.)
16:56:34 [SACKS_CHANGE] §6[Sacks] §r§a+926§r§e items§r§e.§r§8 (Last 30s.)
16:57:24 [GUILD_EXP] §aYou earned §r§2750 GEXP §r§afrom playing SkyBlock!
16:57:36 [SACKS_CHANGE] §6[Sacks] §r§a+270§r§e items§r§e.§r§8 (Last 12s.)
16:57:45 [SACKS_CHANGE] §6[Sacks] §r§a+92§r§e items§r§e.§r§8 (Last 5s.)
16:58:19 [SACKS_CHANGE] §6[Sacks] §r§a+460§r§e items§r§e.§r§8 (Last 19s.)
16:58:47 [SACKS_CHANGE] §6[Sacks] §r§a+191§r§e items§r§e.§r§8 (Last 9s.)
16:59:06 [SACKS_CHANGE] §6[Sacks] §r§a+73§r§e items§r§e.§r§8 (Last 7s.)
17:01:02 [SACKS_CHANGE] §6[Sacks] §r§a+1,084§r§e items§r§e.§r§8 (Last 30s.)
17:01:25 [SACKS_CHANGE] §6[Sacks] §r§a+528§r§e items§r§e.§r§8 (Last 22s.)
17:01:37 [EMPTY] 
17:01:37 [EMPTY] §c
17:01:59 [SACKS_CHANGE] §6[Sacks] §r§a+197§r§e items§r§e.§r§8 (Last 9s.)
17:02:30 [GUILD_EXP] §aYou earned §r§2516 GEXP §r§afrom playing SkyBlock!
17:05:59 [SACKS_CHANGE] §6[Sacks] §r§a+182§r§e items§r§e.§r§8 (Last 9s.)
17:06:17 [SACKS_CHANGE] §6[Sacks] §r§a+439§r§e items§r§e.§r§8 (Last 17s.)
17:06:58 [SACKS_CHANGE] §6[Sacks] §r§a+697§r§e items§r§e.§r§8 (Last 25s.)
17:07:38 [GUILD_EXP] §aYou earned §r§2328 GEXP §r§afrom playing SkyBlock!
17:07:39 [SACKS_CHANGE] §6[Sacks] §r§a+821§r§e items§r§e.§r§8 (Last 30s.)
17:09:01 [SACKS_CHANGE] §6[Sacks] §r§a+813§r§e items§r§e.§r§8 (Last 30s.)
17:09:54 [SACKS_CHANGE] §6[Sacks] §r§a+962§r§e items§r§e.§r§8 (Last 30s.)
17:10:21 [SACKS_CHANGE] §6[Sacks] §r§a+555§r§e items§r§e.§r§8 (Last 22s.)
17:10:41 [SACKS_CHANGE] §6[Sacks] §r§a+157§r§e items§r§e.§r§8 (Last 8s.)
17:10:51 [SACKS_CHANGE] §6[Sacks] §r§a+123§r§e items§r§e.§r§8 (Last 7s.)
17:11:49 [SACKS_CHANGE] §6[Sacks] §r§a+400§r§e items§r§e.§r§8 (Last 15s.)
17:12:28 [SACKS_CHANGE] §6[Sacks] §r§a+578§r§e items§r§e.§r§8 (Last 25s.)
17:12:44 [GUILD_EXP] §aYou earned §r§2635 GEXP §r§afrom playing SkyBlock!
17:13:22 [SACKS_CHANGE] §6[Sacks] §r§a+221§r§e items§r§e.§r§8 (Last 11s.)
17:13:35 [SACKS_CHANGE] §6[Sacks] §r§a+216§r§e items§r§e.§r§8 (Last 9s.)
17:14:49 [SACKS_CHANGE] §6[Sacks] §r§a+355§r§e items§r§e.§r§8 (Last 13s.)
17:14:55 [SACKS_CHANGE] §6[Sacks] §r§a+1§r§e item§r§e.§r§8 (Last 5s.)
17:15:04 [SACKS_CHANGE] §6[Sacks] §r§a+1§r§e item§r§e.§r§8 (Last 5s.)
17:15:15 [SACKS_CHANGE] §6[Sacks] §r§a+1§r§e item§r§e.§r§8 (Last 5s.)
17:15:51 [SACKS_CHANGE] §6[Sacks] §r§a+3§r§e items§r§e.§r§8 (Last 11s.)
17:15:59 [SACKS_CHANGE] §6[Sacks] §r§a+1§r§e item§r§e.§r§8 (Last 5s.)
17:16:51 [SACKS_CHANGE] §6[Sacks] §r§a+1§r§e item§r§e.§r§8 (Last 5s.)
17:17:01 [SACKS_CHANGE] §6[Sacks] §r§a+1§r§e item§r§e.§r§8 (Last 5s.)
17:17:50 [GUILD_EXP] §aYou earned §r§2575 GEXP §r§afrom playing SkyBlock!
17:17:57 [SACKS_CHANGE] §6[Sacks] §r§a+2§r§e items§r§e.§r§8 (Last 10s.)
17:18:23 [SACKS_CHANGE] §6[Sacks] §r§a+1§r§e item§r§e.§r§8 (Last 5s.)
17:18:33 [SACKS_CHANGE] §6[Sacks] §r§a+1§r§e item§r§e.§r§8 (Last 5s.)
17:18:42 [SACKS_CHANGE] §6[Sacks] §r§a+2§r§e items§r§e.§r§8 (Last 8s.)
17:18:50 [SACKS_CHANGE] §6[Sacks] §r§a+1§r§e item§r§e.§r§8 (Last 5s.)
17:18:55 [SACKS_CHANGE] §6[Sacks] §r§a+1§r§e item§r§e.§r§8 (Last 5s.)
17:19:01 [SACKS_CHANGE] §6[Sacks] §r§a+1§r§e item§r§e.§r§8 (Last 5s.)
17:19:21 [SACKS_CHANGE] §6[Sacks] §r§a+4§r§e items§r§e.§r§8 (Last 18s.)
17:19:27 [SACKS_CHANGE] §6[Sacks] §r§a+1§r§e item§r§e.§r§8 (Last 5s.)
17:19:33 [SACKS_CHANGE] §6[Sacks] §r§a+1§r§e item§r§e.§r§8 (Last 5s.)
17:19:54 [SACKS_CHANGE] §6[Sacks] §r§a+126§r§e items§r§e, §r§c-20,160§r§e items§r§e.§r§8 (Last 15s.)
17:20:11 [SACKS_CHANGE] §6[Sacks] §r§c-150§r§e items§r§e.§r§8 (Last 5s.)
17:20:23 [EMPTY] §8 §r§8 §r§1 §r§3 §r§3 §r§7 §r§8 
17:20:27 [PROFILE_JOIN] §aYou are playing on profile: §eLemon§b (Co-op)
17:20:27 [PROFILE_JOIN] §8Profile ID: 62b760d8-92b6-4501-ada0-1fd8583f5266
17:20:31 [EMPTY] §8 §r§8 §r§1 §r§3 §r§3 §r§7 §r§8 
17:20:35 [PROFILE_JOIN] §aYou are playing on profile: §eLemon§b (Co-op)
17:20:35 [PROFILE_JOIN] §8Profile ID: 62b760d8-92b6-4501-ada0-1fd8583f5266
17:20:35 [EMPTY] §8 §r§8 §r§1 §r§3 §r§3 §r§7 §r§8 
17:20:39 [PROFILE_JOIN] §aYou are playing on profile: §eLemon§b (Co-op)
17:20:39 [PROFILE_JOIN] §8Profile ID: 62b760d8-92b6-4501-ada0-1fd8583f5266
17:20:56 [EMPTY] §8 §r§8 §r§1 §r§3 §r§3 §r§7 §r§8 
17:20:59 [PROFILE_JOIN] §aYou are playing on profile: §eLemon§b (Co-op)
17:20:59 [PROFILE_JOIN] §8Profile ID: 62b760d8-92b6-4501-ada0-1fd8583f5266
17:21:01 [EMPTY] §8 §r§8 §r§1 §r§3 §r§3 §r§7 §r§8 
17:21:05 [PROFILE_JOIN] §aYou are playing on profile: §eLemon§b (Co-op)
17:21:05 [PROFILE_JOIN] §8Profile ID: 62b760d8-92b6-4501-ada0-1fd8583f5266
17:21:43 [SACKS_CHANGE] §6[Sacks] §r§a+435§r§e items§r§e.§r§8 (Last 15s.)
17:21:56 [SACKS_CHANGE] §6[Sacks] §r§a+176§r§e items§r§e.§r§8 (Last 6s.)
17:23:45 [SACKS_CHANGE] §6[Sacks] §r§a+19§r§e items§r§e.§r§8 (Last 6s.)
17:25:44 [GUILD_EXP] §aYou earned §r§2488 GEXP §r§afrom playing SkyBlock!
17:25:49 [SACKS_CHANGE] §6[Sacks] §r§a+2,552§r§e items§r§e.§r§8 (Last 30s.)
17:25:52 [EMPTY] §8 §r§8 §r§1 §r§3 §r§3 §r§7 §r§8 
17:25:55 [PROFILE_JOIN] §aYou are playing on profile: §eLemon§b (Co-op)
17:25:55 [PROFILE_JOIN] §8Profile ID: 62b760d8-92b6-4501-ada0-1fd8583f5266
17:26:17 [EMPTY] §8 §r§8 §r§1 §r§3 §r§3 §r§7 §r§8 
17:26:20 [PROFILE_JOIN] §aYou are playing on profile: §eLemon§b (Co-op)
17:26:20 [PROFILE_JOIN] §8Profile ID: 62b760d8-92b6-4501-ada0-1fd8583f5266
17:26:30 [EMPTY] §8 §r§8 §r§1 §r§3 §r§3 §r§7 §r§8 
17:26:33 [PROFILE_JOIN] §aYou are playing on profile: §eLemon§b (Co-op)
17:26:33 [PROFILE_JOIN] §8Profile ID: 62b760d8-92b6-4501-ada0-1fd8583f5266
17:28:41 [EMPTY] 
17:28:45 [EMPTY] 
17:28:51 [SACKS_CHANGE] §6[Sacks] §r§a+89§r§e items§r§e.§r§8 (Last 5s.)
17:30:03 [GUILD_EXP] §aYou earned §r§2349 GEXP §r§afrom playing SkyBlock!
17:30:42 [SACKS_CHANGE] §6[Sacks] §r§a+49§r§e items§r§e.§r§8 (Last 7s.)
17:31:07 [SACKS_CHANGE] §6[Sacks] §r§a+110§r§e items§r§e.§r§8 (Last 22s.)
17:31:11 [EMPTY] 
17:31:22 [EMPTY] 
17:31:38 [SACKS_CHANGE] §6[Sacks] §r§a+1,864§r§e items§r§e.§r§8 (Last 27s.)
17:31:55 [SACKS_CHANGE] §6[Sacks] §r§a+55§r§e items§r§e.§r§8 (Last 5s.)
17:31:55 [EMPTY] 
17:32:05 [SACKS_CHANGE] §6[Sacks] §r§a+453§r§e items§r§e.§r§8 (Last 9s.)
17:32:41 [SACKS_CHANGE] §6[Sacks] §r§a+1,408§r§e items§r§e.§r§8 (Last 20s.)
17:35:06 [GUILD_EXP] §aYou earned §r§2568 GEXP §r§afrom playing SkyBlock!
17:35:10 [SACKS_CHANGE] §6[Sacks] §r§a+241§r§e items§r§e.§r§8 (Last 8s.)
17:35:29 [EMPTY] 
17:35:44 [SACKS_CHANGE] §6[Sacks] §r§a+1,113§r§e items§r§e.§r§8 (Last 30s.)
17:35:52 [EMPTY] 
17:36:04 [EMPTY] 
17:36:12 [SACKS_CHANGE] §6[Sacks] §r§a+637§r§e items§r§e.§r§8 (Last 27s.)
17:36:27 [SACKS_CHANGE] §6[Sacks] §r§a+59§r§e items§r§e.§r§8 (Last 6s.)
17:36:43 [SACKS_CHANGE] §6[Sacks] §r§a+692§r§e items§r§e.§r§8 (Last 14s.)
17:36:58 [EMPTY] 
17:37:06 [SACKS_CHANGE] §6[Sacks] §r§a+492§r§e items§r§e.§r§8 (Last 22s.)
17:37:35 [SACKS_CHANGE] §6[Sacks] §r§a+328§r§e items§r§e.§r§8 (Last 22s.)
17:37:53 [SACKS_CHANGE] §6[Sacks] §r§a+190§r§e items§r§e.§r§8 (Last 12s.)
17:38:14 [SACKS_CHANGE] §6[Sacks] §r§a+79§r§e items§r§e.§r§8 (Last 9s.)
17:38:33 [SACKS_CHANGE] §6[Sacks] §r§a+73§r§e items§r§e.§r§8 (Last 7s.)
17:38:54 [SACKS_CHANGE] §6[Sacks] §r§a+59§r§e items§r§e.§r§8 (Last 11s.)
17:39:01 [SACKS_CHANGE] §6[Sacks] §r§a+33§r§e items§r§e.§r§8 (Last 5s.)
17:39:14 [SACKS_CHANGE] §6[Sacks] §r§a+99§r§e items§r§e.§r§8 (Last 11s.)
17:39:28 [SACKS_CHANGE] §6[Sacks] §r§a+15§r§e items§r§e.§r§8 (Last 5s.)
17:39:40 [SACKS_CHANGE] §6[Sacks] §r§a+18§r§e items§r§e.§r§8 (Last 5s.)
17:39:52 [SACKS_CHANGE] §6[Sacks] §r§a+28§r§e items§r§e.§r§8 (Last 5s.)
17:40:01 [SACKS_CHANGE] §6[Sacks] §r§a+18§r§e items§r§e.§r§8 (Last 5s.)
17:40:06 [EMPTY] 
17:40:09 [GUILD_EXP] §aYou earned §r§2615 GEXP §r§afrom playing SkyBlock!
17:40:09 [SACKS_CHANGE] §6[Sacks] §r§a+12§r§e items§r§e.§r§8 (Last 5s.)
17:40:34 [SACKS_CHANGE] §6[Sacks] §r§a+20§r§e items§r§e.§r§8 (Last 5s.)
17:41:00 [SACKS_CHANGE] §6[Sacks] §r§a+1,467§r§e items§r§e.§r§8 (Last 24s.)
17:41:23 [SACKS_CHANGE] §6[Sacks] §r§a+557§r§e items§r§e.§r§8 (Last 12s.)
17:41:37 [SACKS_CHANGE] §6[Sacks] §r§a+53§r§e items§r§e.§r§8 (Last 10s.)
17:42:19 [EMPTY] 
17:42:26 [SACKS_CHANGE] §6[Sacks] §r§a+564§r§e items§r§e.§r§8 (Last 15s.)
17:42:29 [EMPTY] 
17:42:45 [EMPTY] 
17:42:47 [SACKS_CHANGE] §6[Sacks] §r§a+589§r§e items§r§e.§r§8 (Last 17s.)
17:43:01 [SACKS_CHANGE] §6[Sacks] §r§a+159§r§e items§r§e.§r§8 (Last 7s.)
17:43:32 [SACKS_CHANGE] §6[Sacks] §r§a+45§r§e items§r§e.§r§8 (Last 5s.)
17:43:50 [SACKS_CHANGE] §6[Sacks] §r§a+40§r§e items§r§e.§r§8 (Last 5s.)
17:44:08 [EMPTY]                                         
17:44:14 [SACKS_CHANGE] §6[Sacks] §r§a+1§r§e item§r§e.§r§8 (Last 5s.)
17:44:23 [SACKS_CHANGE] §6[Sacks] §r§a+1§r§e item§r§e.§r§8 (Last 5s.)
17:44:52 [SACKS_CHANGE] §6[Sacks] §r§c-64§r§e items§r§e.§r§8 (Last 5s.)
17:45:11 [GUILD_EXP] §aYou earned §r§2750 GEXP §r§afrom playing SkyBlock!
17:45:46 [EMPTY] 
17:49:27 [SACKS_CHANGE] §6[Sacks] §r§a+1,113§r§e items§r§e.§r§8 (Last 27s.)
17:49:40 [SACKS_CHANGE] §6[Sacks] §r§a+95§r§e items§r§e.§r§8 (Last 8s.)
17:50:15 [GUILD_EXP] §aYou earned §r§2380 GEXP §r§afrom playing SkyBlock!
17:51:21 [SACKS_CHANGE] §6[Sacks] §r§a+38§r§e items§r§e.§r§8 (Last 5s.)
17:51:58 [EMPTY] 
17:52:04 [SACKS_CHANGE] §6[Sacks] §r§a+56§r§e items§r§e.§r§8 (Last 5s.)
17:55:18 [GUILD_EXP] §aYou earned §r§2646 GEXP §r§afrom playing SkyBlock!
17:55:23 [EMPTY]  
17:55:23 [STASH_COMPACT] §f                §7You have §31,260 §7materials stashed away!
17:55:23 [STASH_COMPACT] §f               §8(This totals 1 type of material stashed!)
17:55:23 [STASH_COMPACT] §f                §3§l>>> §3§lCLICK HERE§b to pick them up! §3§l<<<
17:55:23 [EMPTY]   
17:55:45 [SACKS_CHANGE] §6[Sacks] §r§a+430§r§e items§r§e.§r§8 (Last 5s.)
17:56:24 [EMPTY]  
17:56:24 [STASH_COMPACT] §f                §7You have §32,719 §7materials stashed away!
17:56:24 [STASH_COMPACT] §f               §8(This totals 1 type of material stashed!)
17:56:24 [STASH_COMPACT] §f                §3§l>>> §3§lCLICK HERE§b to pick them up! §3§l<<<
17:56:24 [EMPTY]   
17:57:03 [SACKS_CHANGE] §6[Sacks] §r§a+150§r§e items§r§e.§r§8 (Last 5s.)
17:57:20 [SACKS_CHANGE] §6[Sacks] §r§a+3§r§e items§r§e.§r§8 (Last 5s.)
17:57:24 [EMPTY]  
17:57:24 [STASH_COMPACT] §f                §7You have §35,232 §7materials stashed away!
17:57:24 [STASH_COMPACT] §f               §8(This totals 1 type of material stashed!)
17:57:24 [STASH_COMPACT] §f                §3§l>>> §3§lCLICK HERE§b to pick them up! §3§l<<<
17:57:24 [EMPTY]   
17:57:55 [SACKS_CHANGE] §6[Sacks] §r§a+1§r§e item§r§e.§r§8 (Last 5s.)
17:58:08 [SACKS_CHANGE] §6[Sacks] §r§a+267§r§e items§r§e.§r§8 (Last 7s.)
17:58:24 [EMPTY]  
17:58:24 [STASH_COMPACT] §f                §7You have §35,232 §7materials stashed away!
17:58:24 [STASH_COMPACT] §f               §8(This totals 1 type of material stashed!)
17:58:24 [STASH_COMPACT] §f                §3§l>>> §3§lCLICK HERE§b to pick them up! §3§l<<<
17:58:24 [EMPTY]   
17:59:07 [SACKS_CHANGE] §6[Sacks] §r§a+1§r§e item§r§e.§r§8 (Last 5s.)
17:59:25 [EMPTY]  
17:59:25 [STASH_COMPACT] §f                §7You have §35,232 §7materials stashed away!
17:59:25 [STASH_COMPACT] §f               §8(This totals 1 type of material stashed!)
17:59:25 [STASH_COMPACT] §f                §3§l>>> §3§lCLICK HERE§b to pick them up! §3§l<<<
17:59:25 [EMPTY]   
18:00:03 [SACKS_CHANGE] §6[Sacks] §r§a+295§r§e items§r§e.§r§8 (Last 7s.)
18:00:09 [EMPTY] 
18:00:15 [SACKS_CHANGE] §6[Sacks] §r§a+49§r§e items§r§e.§r§8 (Last 5s.)
18:00:21 [GUILD_EXP] §aYou earned §r§2630 GEXP §r§afrom playing SkyBlock!
18:00:26 [EMPTY]  
18:00:26 [STASH_COMPACT] §f                §7You have §35,232 §7materials stashed away!
18:00:26 [STASH_COMPACT] §f               §8(This totals 1 type of material stashed!)
18:00:26 [STASH_COMPACT] §f                §3§l>>> §3§lCLICK HERE§b to pick them up! §3§l<<<
18:00:26 [EMPTY]   
18:01:20 [SACKS_CHANGE] §6[Sacks] §r§a+1§r§e item§r§e.§r§8 (Last 5s.)
18:01:27 [EMPTY]  
18:01:27 [STASH_COMPACT] §f                §7You have §35,232 §7materials stashed away!
18:01:27 [STASH_COMPACT] §f               §8(This totals 1 type of material stashed!)
18:01:27 [STASH_COMPACT] §f                §3§l>>> §3§lCLICK HERE§b to pick them up! §3§l<<<
18:01:27 [EMPTY]   
18:01:30 [SACKS_CHANGE] §6[Sacks] §r§a+5§r§e items§r§e.§r§8 (Last 9s.)
18:02:03 [SACKS_CHANGE] §6[Sacks] §r§a+299§r§e items§r§e.§r§8 (Last 30s.)
18:02:15 [SACKS_CHANGE] §6[Sacks] §r§a+48§r§e items§r§e.§r§8 (Last 10s.)
18:02:20 [EMPTY] 
18:02:28 [EMPTY]  
18:02:28 [STASH_COMPACT] §f                §7You have §35,232 §7materials stashed away!
18:02:28 [STASH_COMPACT] §f               §8(This totals 1 type of material stashed!)
18:02:28 [STASH_COMPACT] §f                §3§l>>> §3§lCLICK HERE§b to pick them up! §3§l<<<
18:02:28 [EMPTY]   
18:02:34 [SACKS_CHANGE] §6[Sacks] §r§a+1§r§e item§r§e.§r§8 (Last 5s.)
18:02:44 [SACKS_CHANGE] §6[Sacks] §r§a+152§r§e items§r§e.§r§8 (Last 8s.)
18:03:29 [EMPTY]  
18:03:29 [STASH_COMPACT] §f                §7You have §35,232 §7materials stashed away!
18:03:29 [STASH_COMPACT] §f               §8(This totals 1 type of material stashed!)
18:03:29 [STASH_COMPACT] §f                §3§l>>> §3§lCLICK HERE§b to pick them up! §3§l<<<
18:03:29 [EMPTY]   
18:03:35 [SACKS_CHANGE] §6[Sacks] §r§a+377§r§e items§r§e.§r§8 (Last 17s.)
18:04:01 [EMPTY] 
18:04:10 [EMPTY]                                         
18:04:30 [EMPTY]  
18:04:30 [STASH_COMPACT] §f                §7You have §35,232 §7materials stashed away!
18:04:30 [STASH_COMPACT] §f               §8(This totals 1 type of material stashed!)
18:04:30 [STASH_COMPACT] §f                §3§l>>> §3§lCLICK HERE§b to pick them up! §3§l<<<
18:04:30 [EMPTY]   
18:04:31 [SACKS_CHANGE] §6[Sacks] §r§a+139§r§e items§r§e.§r§8 (Last 9s.)
18:04:37 [SACKS_CHANGE] §6[Sacks] §r§a+1§r§e item§r§e.§r§8 (Last 5s.)
18:05:18 [EMPTY] 
18:05:26 [GUILD_EXP] §aYou earned §r§2701 GEXP §r§afrom playing SkyBlock!
18:05:31 [EMPTY]  
18:05:31 [STASH_COMPACT] §f                §7You have §35,232 §7materials stashed away!
18:05:31 [STASH_COMPACT] §f               §8(This totals 1 type of material stashed!)
18:05:31 [STASH_COMPACT] §f                §3§l>>> §3§lCLICK HERE§b to pick them up! §3§l<<<
18:05:31 [EMPTY]   
18:06:32 [EMPTY]  
18:06:32 [STASH_COMPACT] §f                §7You have §35,232 §7materials stashed away!
18:06:32 [STASH_COMPACT] §f               §8(This totals 1 type of material stashed!)
18:06:32 [STASH_COMPACT] §f                §3§l>>> §3§lCLICK HERE§b to pick them up! §3§l<<<
18:06:32 [EMPTY]   
18:06:50 [SACKS_CHANGE] §6[Sacks] §r§a+1§r§e item§r§e.§r§8 (Last 5s.)
18:06:58 [SACKS_CHANGE] §6[Sacks] §r§a+408§r§e items§r§e.§r§8 (Last 7s.)
18:07:00 [EMPTY] 
18:07:31 [EMPTY] 
18:07:33 [EMPTY]  
18:07:33 [STASH_COMPACT] §f                §7You have §35,232 §7materials stashed away!
18:07:33 [STASH_COMPACT] §f               §8(This totals 1 type of material stashed!)
18:07:33 [STASH_COMPACT] §f                §3§l>>> §3§lCLICK HERE§b to pick them up! §3§l<<<
18:07:33 [EMPTY]   
18:07:42 [SACKS_CHANGE] §6[Sacks] §r§a+205§r§e items§r§e.§r§8 (Last 15s.)
18:07:42 [EMPTY] 
18:07:49 [SACKS_CHANGE] §6[Sacks] §r§a+129§r§e items§r§e.§r§8 (Last 6s.)
18:07:55 [SACKS_CHANGE] §6[Sacks] §r§a+1§r§e item§r§e.§r§8 (Last 5s.)
18:08:06 [SACKS_CHANGE] §6[Sacks] §r§a+15§r§e items§r§e.§r§8 (Last 5s.)
18:08:22 [SACKS_CHANGE] §6[Sacks] §r§a+147§r§e items§r§e.§r§8 (Last 8s.)
18:08:32 [SACKS_CHANGE] §6[Sacks] §r§a+1§r§e item§r§e.§r§8 (Last 5s.)
18:08:34 [EMPTY]  
18:08:34 [STASH_COMPACT] §f                §7You have §35,232 §7materials stashed away!
18:08:34 [STASH_COMPACT] §f               §8(This totals 1 type of material stashed!)
18:08:34 [STASH_COMPACT] §f                §3§l>>> §3§lCLICK HERE§b to pick them up! §3§l<<<
18:08:34 [EMPTY]   
18:09:34 [EMPTY]  
18:09:34 [STASH_COMPACT] §f                §7You have §35,232 §7materials stashed away!
18:09:34 [STASH_COMPACT] §f               §8(This totals 1 type of material stashed!)
18:09:34 [STASH_COMPACT] §f                §3§l>>> §3§lCLICK HERE§b to pick them up! §3§l<<<
18:09:34 [EMPTY]   
18:10:12 [SACKS_CHANGE] §6[Sacks] §r§a+216§r§e items§r§e.§r§8 (Last 9s.)
18:10:13 [EMPTY] 
18:10:18 [SACKS_CHANGE] §6[Sacks] §r§a+17§r§e items§r§e.§r§8 (Last 5s.)
18:10:31 [GUILD_EXP] §aYou earned §r§2685 GEXP §r§afrom playing SkyBlock!
18:10:35 [SACKS_CHANGE] §6[Sacks] §r§a+1§r§e item§r§e.§r§8 (Last 5s.)
18:10:35 [EMPTY]  
18:10:35 [STASH_COMPACT] §f                §7You have §35,232 §7materials stashed away!
18:10:35 [STASH_COMPACT] §f               §8(This totals 1 type of material stashed!)
18:10:35 [STASH_COMPACT] §f                §3§l>>> §3§lCLICK HERE§b to pick them up! §3§l<<<
18:10:35 [EMPTY]   
18:10:43 [SACKS_CHANGE] §6[Sacks] §r§a+1§r§e item§r§e.§r§8 (Last 5s.)
18:10:57 [SACKS_CHANGE] §6[Sacks] §r§a+1§r§e item§r§e.§r§8 (Last 5s.)
18:11:05 [SACKS_CHANGE] §6[Sacks] §r§a+1§r§e item§r§e.§r§8 (Last 5s.)
18:11:11 [SACKS_CHANGE] §6[Sacks] §r§a+1§r§e item§r§e.§r§8 (Last 5s.)
18:11:11 [EMPTY] 
18:11:17 [SACKS_CHANGE] §6[Sacks] §r§a+18§r§e items§r§e.§r§8 (Last 5s.)
18:11:23 [SACKS_CHANGE] §6[Sacks] §r§a+1§r§e item§r§e.§r§8 (Last 5s.)
18:11:24 [EMPTY] 
18:11:34 [SACKS_CHANGE] §6[Sacks] §r§a+17§r§e items§r§e.§r§8 (Last 9s.)
18:11:36 [EMPTY]  
18:11:36 [STASH_COMPACT] §f                §7You have §35,232 §7materials stashed away!
18:11:36 [STASH_COMPACT] §f               §8(This totals 1 type of material stashed!)
18:11:36 [STASH_COMPACT] §f                §3§l>>> §3§lCLICK HERE§b to pick them up! §3§l<<<
18:11:36 [EMPTY]   
18:11:40 [SACKS_CHANGE] §6[Sacks] §r§a+1§r§e item§r§e.§r§8 (Last 5s.)
18:11:42 [EMPTY] 
18:12:00 [SACKS_CHANGE] §6[Sacks] §r§a+65§r§e items§r§e.§r§8 (Last 18s.)
18:12:26 [SACKS_CHANGE] §6[Sacks] §r§a+63§r§e items§r§e.§r§8 (Last 17s.)
18:12:33 [SACKS_CHANGE] §6[Sacks] §r§a+11§r§e items§r§e.§r§8 (Last 6s.)
18:12:37 [EMPTY]  
18:12:37 [STASH_COMPACT] §f                §7You have §35,232 §7materials stashed away!
18:12:37 [STASH_COMPACT] §f               §8(This totals 1 type of material stashed!)
18:12:37 [STASH_COMPACT] §f                §3§l>>> §3§lCLICK HERE§b to pick them up! §3§l<<<
18:12:37 [EMPTY]   
18:12:57 [SACKS_CHANGE] §6[Sacks] §r§a+1§r§e item§r§e.§r§8 (Last 5s.)
18:13:38 [EMPTY]  
18:13:38 [STASH_COMPACT] §f                §7You have §35,232 §7materials stashed away!
18:13:38 [STASH_COMPACT] §f               §8(This totals 1 type of material stashed!)
18:13:38 [STASH_COMPACT] §f                §3§l>>> §3§lCLICK HERE§b to pick them up! §3§l<<<
18:13:38 [EMPTY]   
18:14:14 [SACKS_CHANGE] §6[Sacks] §r§a+1§r§e item§r§e.§r§8 (Last 5s.)
18:14:25 [SACKS_CHANGE] §6[Sacks] §r§a+306§r§e items§r§e.§r§8 (Last 9s.)
18:14:32 [EMPTY] 
18:14:37 [SACKS_CHANGE] §6[Sacks] §r§a+32§r§e items§r§e.§r§8 (Last 5s.)
18:14:39 [EMPTY]  
18:14:39 [STASH_COMPACT] §f                §7You have §35,232 §7materials stashed away!
18:14:39 [STASH_COMPACT] §f               §8(This totals 1 type of material stashed!)
18:14:39 [STASH_COMPACT] §f                §3§l>>> §3§lCLICK HERE§b to pick them up! §3§l<<<
18:14:39 [EMPTY]   
18:14:52 [SACKS_CHANGE] §6[Sacks] §r§a+1§r§e item§r§e.§r§8 (Last 5s.)
18:15:05 [SACKS_CHANGE] §6[Sacks] §r§a+1§r§e item§r§e.§r§8 (Last 5s.)
18:15:14 [SACKS_CHANGE] §6[Sacks] §r§a+1§r§e item§r§e.§r§8 (Last 5s.)
18:15:31 [SACKS_CHANGE] §6[Sacks] §r§a+38§r§e items§r§e.§r§8 (Last 6s.)
18:15:36 [GUILD_EXP] §aYou earned §r§2691 GEXP §r§afrom playing SkyBlock!
18:15:40 [EMPTY]  
18:15:40 [STASH_COMPACT] §f                §7You have §35,232 §7materials stashed away!
18:15:40 [STASH_COMPACT] §f               §8(This totals 1 type of material stashed!)
18:15:40 [STASH_COMPACT] §f                §3§l>>> §3§lCLICK HERE§b to pick them up! §3§l<<<
18:15:40 [EMPTY]   
18:15:58 [SACKS_CHANGE] §6[Sacks] §r§a+30§r§e items§r§e.§r§8 (Last 5s.)
18:16:41 [EMPTY]  
18:16:41 [STASH_COMPACT] §f                §7You have §35,232 §7materials stashed away!
18:16:41 [STASH_COMPACT] §f               §8(This totals 1 type of material stashed!)
18:16:41 [STASH_COMPACT] §f                §3§l>>> §3§lCLICK HERE§b to pick them up! §3§l<<<
18:16:41 [EMPTY]   
18:16:58 [SACKS_CHANGE] §6[Sacks] §r§a+76§r§e items§r§e.§r§8 (Last 9s.)
18:17:04 [SACKS_CHANGE] §6[Sacks] §r§a+12§r§e items§r§e.§r§8 (Last 5s.)
18:17:16 [SACKS_CHANGE] §6[Sacks] §r§a+4§r§e items§r§e.§r§8 (Last 6s.)
18:17:21 [EMPTY] 
18:17:42 [EMPTY]  
18:17:42 [STASH_COMPACT] §f                §7You have §35,232 §7materials stashed away!
18:17:42 [STASH_COMPACT] §f               §8(This totals 1 type of material stashed!)
18:17:42 [STASH_COMPACT] §f                §3§l>>> §3§lCLICK HERE§b to pick them up! §3§l<<<
18:17:42 [EMPTY]   
18:17:45 [SACKS_CHANGE] §6[Sacks] §r§a+1§r§e item§r§e.§r§8 (Last 5s.)
18:17:48 [EMPTY] 
18:17:53 [SACKS_CHANGE] §6[Sacks] §r§a+57§r§e items§r§e.§r§8 (Last 5s.)
18:18:00 [SACKS_CHANGE] §6[Sacks] §r§a+1§r§e item§r§e.§r§8 (Last 5s.)
18:18:07 [SACKS_CHANGE] §6[Sacks] §r§a+1§r§e item§r§e.§r§8 (Last 5s.)
18:18:37 [SACKS_CHANGE] §6[Sacks] §r§a+15§r§e items§r§e.§r§8 (Last 5s.)
18:18:43 [EMPTY]  
18:18:43 [STASH_COMPACT] §f                §7You have §35,232 §7materials stashed away!
18:18:43 [STASH_COMPACT] §f               §8(This totals 1 type of material stashed!)
18:18:43 [STASH_COMPACT] §f                §3§l>>> §3§lCLICK HERE§b to pick them up! §3§l<<<
18:18:43 [EMPTY]   
18:19:21 [SACKS_CHANGE] §6[Sacks] §r§a+1§r§e item§r§e.§r§8 (Last 5s.)
18:19:30 [SACKS_CHANGE] §6[Sacks] §r§a+1§r§e item§r§e.§r§8 (Last 5s.)
18:19:43 [SACKS_CHANGE] §6[Sacks] §r§a+2§r§e items§r§e.§r§8 (Last 10s.)
18:19:44 [EMPTY]  
18:19:44 [STASH_COMPACT] §f                §7You have §35,232 §7materials stashed away!
18:19:44 [STASH_COMPACT] §f               §8(This totals 1 type of material stashed!)
18:19:44 [STASH_COMPACT] §f                §3§l>>> §3§lCLICK HERE§b to pick them up! §3§l<<<
18:19:44 [EMPTY]   
18:19:50 [SACKS_CHANGE] §6[Sacks] §r§a+1§r§e item§r§e.§r§8 (Last 5s.)
18:19:53 [EMPTY] 
18:19:58 [SACKS_CHANGE] §6[Sacks] §r§a+48§r§e items§r§e.§r§8 (Last 5s.)
18:20:15 [SACKS_CHANGE] §6[Sacks] §r§a+337§r§e items§r§e.§r§8 (Last 12s.)
18:20:18 [EMPTY] 
18:20:23 [SACKS_CHANGE] §6[Sacks] §r§a+41§r§e items§r§e.§r§8 (Last 5s.)
18:20:34 [SACKS_CHANGE] §6[Sacks] §r§a+2§r§e items§r§e.§r§8 (Last 9s.)
18:20:40 [GUILD_EXP] §aYou earned §r§2629 GEXP §r§afrom playing SkyBlock!
18:20:41 [SACKS_CHANGE] §6[Sacks] §r§a+1§r§e item§r§e.§r§8 (Last 5s.)
18:20:45 [EMPTY]  
18:20:45 [STASH_COMPACT] §f                §7You have §35,232 §7materials stashed away!
18:20:45 [STASH_COMPACT] §f               §8(This totals 1 type of material stashed!)
18:20:45 [STASH_COMPACT] §f                §3§l>>> §3§lCLICK HERE§b to pick them up! §3§l<<<
18:20:45 [EMPTY]   
18:20:47 [SACKS_CHANGE] §6[Sacks] §r§a+1§r§e item§r§e.§r§8 (Last 5s.)
18:21:18 [SACKS_CHANGE] §6[Sacks] §r§a+295§r§e items§r§e.§r§8 (Last 30s.)
18:21:27 [SACKS_CHANGE] §6[Sacks] §r§a+60§r§e items§r§e.§r§8 (Last 5s.)
18:21:44 [SACKS_CHANGE] §6[Sacks] §r§a+9§r§e items§r§e.§r§8 (Last 5s.)
18:21:46 [EMPTY]  
18:21:46 [STASH_COMPACT] §f                §7You have §35,232 §7materials stashed away!
18:21:46 [STASH_COMPACT] §f               §8(This totals 1 type of material stashed!)
18:21:46 [STASH_COMPACT] §f                §3§l>>> §3§lCLICK HERE§b to pick them up! §3§l<<<
18:21:46 [EMPTY]   
18:21:59 [SACKS_CHANGE] §6[Sacks] §r§a+6§r§e items§r§e.§r§8 (Last 5s.)
18:22:06 [SACKS_CHANGE] §6[Sacks] §r§a+10§r§e items§r§e.§r§8 (Last 5s.)
18:22:17 [SACKS_CHANGE] §6[Sacks] §r§a+219§r§e items§r§e.§r§8 (Last 10s.)
18:22:23 [SACKS_CHANGE] §6[Sacks] §r§a+251§r§e items§r§e.§r§8 (Last 5s.)
18:22:27 [EMPTY] 
18:22:47 [EMPTY]  
18:22:47 [STASH_COMPACT] §f                §7You have §35,232 §7materials stashed away!
18:22:47 [STASH_COMPACT] §f               §8(This totals 1 type of material stashed!)
18:22:47 [STASH_COMPACT] §f                §3§l>>> §3§lCLICK HERE§b to pick them up! §3§l<<<
18:22:47 [EMPTY]   
18:22:54 [SACKS_CHANGE] §6[Sacks] §r§a+646§r§e items§r§e.§r§8 (Last 26s.)
18:23:04 [SACKS_CHANGE] §6[Sacks] §r§a+11§r§e items§r§e.§r§8 (Last 9s.)
18:23:19 [SACKS_CHANGE] §6[Sacks] §r§a+100§r§e items§r§e.§r§8 (Last 13s.)
18:23:36 [SACKS_CHANGE] §6[Sacks] §r§a+93§r§e items§r§e.§r§8 (Last 9s.)
18:23:47 [SACKS_CHANGE] §6[Sacks] §r§a+26§r§e items§r§e.§r§8 (Last 10s.)
18:23:47 [EMPTY]  
18:23:47 [STASH_COMPACT] §f                §7You have §35,232 §7materials stashed away!
18:23:47 [STASH_COMPACT] §f               §8(This totals 1 type of material stashed!)
18:23:47 [STASH_COMPACT] §f                §3§l>>> §3§lCLICK HERE§b to pick them up! §3§l<<<
18:23:47 [EMPTY]   
18:24:04 [EMPTY]                                         
18:24:10 [SACKS_CHANGE] §6[Sacks] §r§a+1§r§e item§r§e.§r§8 (Last 5s.)
18:24:24 [SACKS_CHANGE] §6[Sacks] §r§a+2§r§e items§r§e.§r§8 (Last 9s.)
18:24:31 [SACKS_CHANGE] §6[Sacks] §r§a+1§r§e item§r§e.§r§8 (Last 5s.)
18:24:41 [SACKS_CHANGE] §6[Sacks] §r§a+1§r§e item§r§e.§r§8 (Last 5s.)
18:24:47 [SACKS_CHANGE] §6[Sacks] §r§a+1§r§e item§r§e.§r§8 (Last 5s.)
18:24:48 [EMPTY]  
18:24:48 [STASH_COMPACT] §f                §7You have §35,244 §7materials stashed away!
18:24:48 [STASH_COMPACT] §f               §8(This totals 1 type of material stashed!)
18:24:48 [STASH_COMPACT] §f                §3§l>>> §3§lCLICK HERE§b to pick them up! §3§l<<<
18:24:48 [EMPTY]   
18:25:00 [SACKS_CHANGE] §6[Sacks] §r§a+13§r§e items§r§e.§r§8 (Last 10s.)
18:25:26 [SACKS_CHANGE] §6[Sacks] §r§a+204§r§e items§r§e.§r§8 (Last 23s.)
18:25:45 [GUILD_EXP] §aYou earned §r§2750 GEXP §r§afrom playing SkyBlock!
18:25:50 [EMPTY]  
18:25:50 [STASH_COMPACT] §f                §7You have §35,507 §7materials stashed away!
18:25:50 [STASH_COMPACT] §f               §8(This totals 1 type of material stashed!)
18:25:50 [STASH_COMPACT] §f                §3§l>>> §3§lCLICK HERE§b to pick them up! §3§l<<<
18:25:50 [EMPTY]   
18:25:57 [SACKS_CHANGE] §6[Sacks] §r§a+10§r§e items§r§e.§r§8 (Last 10s.)
18:26:02 [SACKS_CHANGE] §6[Sacks] §r§a+1§r§e item§r§e.§r§8 (Last 5s.)
18:26:15 [SACKS_CHANGE] §6[Sacks] §r§a+3§r§e items§r§e.§r§8 (Last 12s.)
18:26:51 [EMPTY]  
18:26:51 [STASH_COMPACT] §f                §7You have §34,675 §7materials stashed away!
18:26:51 [STASH_COMPACT] §f               §8(This totals 1 type of material stashed!)
18:26:51 [STASH_COMPACT] §f                §3§l>>> §3§lCLICK HERE§b to pick them up! §3§l<<<
18:26:51 [EMPTY]   
18:27:52 [EMPTY]  
18:27:52 [STASH_COMPACT] §f                §7You have §34,675 §7materials stashed away!
18:27:52 [STASH_COMPACT] §f               §8(This totals 1 type of material stashed!)
18:27:52 [STASH_COMPACT] §f                §3§l>>> §3§lCLICK HERE§b to pick them up! §3§l<<<
18:27:52 [EMPTY]   
18:28:25 [SACKS_CHANGE] §6[Sacks] §r§a+81§r§e items§r§e.§r§8 (Last 13s.)
18:28:26 [EMPTY] 
18:28:36 [SACKS_CHANGE] §6[Sacks] §r§a+1§r§e item§r§e.§r§8 (Last 5s.)
18:28:37 [EMPTY] 
18:28:50 [SACKS_CHANGE] §6[Sacks] §r§a+1§r§e item§r§e.§r§8 (Last 5s.)
18:28:53 [EMPTY]  
18:28:53 [STASH_COMPACT] §f                §7You have §34,675 §7materials stashed away!
18:28:53 [STASH_COMPACT] §f               §8(This totals 1 type of material stashed!)
18:28:53 [STASH_COMPACT] §f                §3§l>>> §3§lCLICK HERE§b to pick them up! §3§l<<<
18:28:53 [EMPTY]   
18:28:55 [SACKS_CHANGE] §6[Sacks] §r§a+1§r§e item§r§e.§r§8 (Last 5s.)
18:28:56 [EMPTY] 
18:29:01 [SACKS_CHANGE] §6[Sacks] §r§a+25§r§e items§r§e.§r§8 (Last 5s.)
18:29:06 [EMPTY] 
18:29:15 [SACKS_CHANGE] §6[Sacks] §r§a+9§r§e items§r§e.§r§8 (Last 8s.)
18:29:21 [SACKS_CHANGE] §6[Sacks] §r§a+1§r§e item§r§e.§r§8 (Last 5s.)
18:29:28 [SACKS_CHANGE] §6[Sacks] §r§a+21§r§e items§r§e.§r§8 (Last 5s.)
18:29:36 [EMPTY] 
18:29:41 [SACKS_CHANGE] §6[Sacks] §r§a+8§r§e items§r§e.§r§8 (Last 5s.)
18:29:54 [EMPTY]  
18:29:54 [STASH_COMPACT] §f                §7You have §34,675 §7materials stashed away!
18:29:54 [STASH_COMPACT] §f               §8(This totals 1 type of material stashed!)
18:29:54 [STASH_COMPACT] §f                §3§l>>> §3§lCLICK HERE§b to pick them up! §3§l<<<
18:29:54 [EMPTY]   
18:30:02 [SACKS_CHANGE] §6[Sacks] §r§a+1§r§e item§r§e.§r§8 (Last 5s.)
18:30:09 [SACKS_CHANGE] §6[Sacks] §r§a+1§r§e item§r§e.§r§8 (Last 5s.)
18:30:21 [SACKS_CHANGE] §6[Sacks] §r§a+10§r§e items§r§e.§r§8 (Last 11s.)
18:30:27 [SACKS_CHANGE] §6[Sacks] §r§a+1§r§e item§r§e.§r§8 (Last 5s.)
18:30:33 [SACKS_CHANGE] §6[Sacks] §r§a+1§r§e item§r§e.§r§8 (Last 5s.)
18:30:34 [EMPTY] 
18:30:40 [SACKS_CHANGE] §6[Sacks] §r§a+32§r§e items§r§e.§r§8 (Last 6s.)
18:30:46 [SACKS_CHANGE] §6[Sacks] §r§a+1§r§e item§r§e.§r§8 (Last 5s.)
18:30:46 [EMPTY] 
18:30:50 [GUILD_EXP] §aYou earned §r§2566 GEXP §r§afrom playing SkyBlock!
18:30:55 [EMPTY]  
18:30:55 [STASH_COMPACT] §f                §7You have §34,675 §7materials stashed away!
18:30:55 [STASH_COMPACT] §f               §8(This totals 1 type of material stashed!)
18:30:55 [STASH_COMPACT] §f                §3§l>>> §3§lCLICK HERE§b to pick them up! §3§l<<<
18:30:55 [EMPTY]   
18:30:59 [SACKS_CHANGE] §6[Sacks] §r§a+69§r§e items§r§e.§r§8 (Last 12s.)
18:31:06 [SACKS_CHANGE] §6[Sacks] §r§a+1§r§e item§r§e.§r§8 (Last 5s.)
18:31:13 [SACKS_CHANGE] §6[Sacks] §r§a+1§r§e item§r§e.§r§8 (Last 5s.)
18:31:28 [SACKS_CHANGE] §6[Sacks] §r§a+82§r§e items§r§e.§r§8 (Last 13s.)
18:31:40 [SACKS_CHANGE] §6[Sacks] §r§a+916§r§e items§r§e.§r§8 (Last 10s.)
18:31:48 [SACKS_CHANGE] §6[Sacks] §r§a+1§r§e item§r§e.§r§8 (Last 5s.)
18:31:56 [EMPTY]  
18:31:56 [STASH_COMPACT] §f                §7You have §34,675 §7materials stashed away!
18:31:56 [STASH_COMPACT] §f               §8(This totals 1 type of material stashed!)
18:31:56 [STASH_COMPACT] §f                §3§l>>> §3§lCLICK HERE§b to pick them up! §3§l<<<
18:31:56 [EMPTY]   
18:32:04 [SACKS_CHANGE] §6[Sacks] §r§a+1§r§e item§r§e.§r§8 (Last 5s.)
18:32:12 [SACKS_CHANGE] §6[Sacks] §r§a+1§r§e item§r§e.§r§8 (Last 5s.)
18:32:17 [SACKS_CHANGE] §6[Sacks] §r§a+1§r§e item§r§e.§r§8 (Last 5s.)
18:32:23 [EMPTY] §8 §r§8 §r§1 §r§3 §r§3 §r§7 §r§8 
18:32:26 [PROFILE_JOIN] §aYou are playing on profile: §eLemon§b (Co-op)
18:32:26 [PROFILE_JOIN] §8Profile ID: 62b760d8-92b6-4501-ada0-1fd8583f5266
18:32:28 [EMPTY]  
18:32:28 [STASH_COMPACT] §f                §7You have §34,227 §7materials stashed away!
18:32:28 [STASH_COMPACT] §f               §8(This totals 1 type of material stashed!)
18:32:28 [STASH_COMPACT] §f                §3§l>>> §3§lCLICK HERE§b to pick them up! §3§l<<<
18:32:28 [EMPTY]   
18:32:42 [SACKS_CHANGE] §6[Sacks] §r§a+4§r§e items§r§e.§r§8 (Last 16s.)
18:33:03 [SACKS_CHANGE] §6[Sacks] §r§a+4§r§e items§r§e.§r§8 (Last 19s.)
18:33:28 [EMPTY]  
18:33:28 [STASH_COMPACT] §f                 §7You have §3195 §7materials stashed away!
18:33:28 [STASH_COMPACT] §f               §8(This totals 1 type of material stashed!)
18:33:28 [STASH_COMPACT] §f                §3§l>>> §3§lCLICK HERE§b to pick them up! §3§l<<<
18:33:28 [EMPTY]   
18:34:07 [SACKS_CHANGE] §6[Sacks] §r§a+32§r§e items§r§e, §r§c-18,240§r§e items§r§e.§r§8 (Last 30s.)
18:34:24 [SACKS_CHANGE] §6[Sacks] §r§a+546§r§e items§r§e, §r§c-2,126§r§e items§r§e.§r§8 (Last 16s.)
18:37:24 [GUILD_EXP] §aYou earned §r§290 GEXP §r§afrom playing SkyBlock!
18:42:11 [EMPTY] §8 §r§8 §r§1 §r§3 §r§3 §r§7 §r§8 
18:42:14 [PROFILE_JOIN] §aYou are playing on profile: §eLemon§b (Co-op)
18:42:14 [PROFILE_JOIN] §8Profile ID: 62b760d8-92b6-4501-ada0-1fd8583f5266
18:43:18 [EMPTY] §8 §r§8 §r§1 §r§3 §r§3 §r§7 §r§8 
18:43:21 [PROFILE_JOIN] §aYou are playing on profile: §eLemon§b (Co-op)
18:43:21 [PROFILE_JOIN] §8Profile ID: 62b760d8-92b6-4501-ada0-1fd8583f5266
18:43:28 [SACKS_CHANGE] §6[Sacks] §r§a+2§r§e items§r§e.§r§8 (Last 5s.)
18:45:46 [EMPTY] §8 §r§8 §r§1 §r§3 §r§3 §r§7 §r§8 
18:45:49 [PROFILE_JOIN] §aYou are playing on profile: §eLemon§b (Co-op)
18:45:49 [PROFILE_JOIN] §8Profile ID: 62b760d8-92b6-4501-ada0-1fd8583f5266
18:49:47 [GUILD_EXP] §aYou earned §r§2440 GEXP §r§afrom playing SkyBlock!
18:54:48 [GUILD_EXP] §aYou earned §r§2750 GEXP §r§afrom playing SkyBlock!
18:55:49 [EMPTY] §8 §r§8 §r§1 §r§3 §r§3 §r§7 §r§8 
18:55:52 [PROFILE_JOIN] §aYou are playing on profile: §eLemon§b (Co-op)
18:55:52 [PROFILE_JOIN] §8Profile ID: 62b760d8-92b6-4501-ada0-1fd8583f5266
18:59:11 [EMPTY] §8 §r§8 §r§1 §r§3 §r§3 §r§7 §r§8 
18:59:14 [PROFILE_JOIN] §aYou are playing on profile: §eLemon§b (Co-op)
18:59:14 [PROFILE_JOIN] §8Profile ID: 62b760d8-92b6-4501-ada0-1fd8583f5266
18:59:23 [EMPTY] §f §r§r§r§f §r§r§r§1 §r§r§r§0 §r§r§r§2 §r§r§r§f §r§r§r§f §r§r§r§2 §r§r§r§0 §r§r§r§4 §r§r§r§3 §r§r§r§9 §r§r§r§2 §r§r§r§0 §r§r§r§0 §r§r§r§3 §r§r§r§9 §r§r§r§2 §r§r§r§0 §r§r§r§0 §r§r§r§3 §r§r§r§9 §r§r§r§2 §r§r§r§0 §r§r§r§0 
18:59:42 [EMPTY] §8 §r§8 §r§1 §r§3 §r§3 §r§7 §r§8 
18:59:44 [EMPTY] 
18:59:44 [WELCOME] §eWelcome to §r§aHypixel SkyBlock§r§e!
18:59:44 [EMPTY] 
18:59:45 [PROFILE_JOIN] §aYou are playing on profile: §eLemon§b (Co-op)
18:59:45 [PROFILE_JOIN] §8Profile ID: 62b760d8-92b6-4501-ada0-1fd8583f5266
18:59:50 [EMPTY] §8 §r§8 §r§1 §r§3 §r§3 §r§7 §r§8 
18:59:54 [PROFILE_JOIN] §aYou are playing on profile: §eLemon§b (Co-op)
18:59:54 [PROFILE_JOIN] §8Profile ID: 62b760d8-92b6-4501-ada0-1fd8583f5266
19:01:38 [EMPTY] 
19:01:38 [EMPTY] §c
19:04:52 [GUILD_EXP] §aYou earned §r§2100 GEXP §r§afrom playing SkyBlock!
19:15:46 [EMPTY] §8 §r§8 §r§1 §r§3 §r§3 §r§7 §r§8 
19:15:50 [PROFILE_JOIN] §aYou are playing on profile: §eLemon§b (Co-op)
19:15:50 [PROFILE_JOIN] §8Profile ID: 62b760d8-92b6-4501-ada0-1fd8583f5266
19:17:45 [EMPTY] §8 §r§8 §r§1 §r§3 §r§3 §r§7 §r§8 
19:17:48 [PROFILE_JOIN] §aYou are playing on profile: §eLemon§b (Co-op)
19:17:48 [PROFILE_JOIN] §8Profile ID: 62b760d8-92b6-4501-ada0-1fd8583f5266
19:18:54 [EMPTY] §8 §r§8 §r§1 §r§3 §r§3 §r§7 §r§8 
19:18:58 [PROFILE_JOIN] §aYou are playing on profile: §eLemon§b (Co-op)
19:18:58 [PROFILE_JOIN] §8Profile ID: 62b760d8-92b6-4501-ada0-1fd8583f5266
19:19:02 [SACKS_CHANGE] §6[Sacks] §r§a+2§r§e items§r§e.§r§8 (Last 5s.)
19:21:58 [EMPTY] §8 §r§8 §r§1 §r§3 §r§3 §r§7 §r§8 
19:22:01 [PROFILE_JOIN] §aYou are playing on profile: §eLemon§b (Co-op)
19:22:01 [PROFILE_JOIN] §8Profile ID: 62b760d8-92b6-4501-ada0-1fd8583f5266
19:23:14 [EMPTY] §8 §r§8 §r§1 §r§3 §r§3 §r§7 §r§8 
19:23:18 [PROFILE_JOIN] §aYou are playing on profile: §eLemon§b (Co-op)
19:23:18 [PROFILE_JOIN] §8Profile ID: 62b760d8-92b6-4501-ada0-1fd8583f5266
19:23:40 [EMPTY] §8 §r§8 §r§1 §r§3 §r§3 §r§7 §r§8 
19:23:43 [PROFILE_JOIN] §aYou are playing on profile: §eLemon§b (Co-op)
19:23:43 [PROFILE_JOIN] §8Profile ID: 62b760d8-92b6-4501-ada0-1fd8583f5266
19:25:02 [SACKS_CHANGE] §6[Sacks] §r§a+1,443§r§e items§r§e.§r§8 (Last 23s.)
19:25:03 [GUILD_EXP] §aYou earned §r§228 GEXP §r§afrom playing SkyBlock!
19:25:36 [SACKS_CHANGE] §6[Sacks] §r§a+2,836§r§e items§r§e.§r§8 (Last 30s.)
19:25:46 [SACKS_CHANGE] §6[Sacks] §r§a+52§r§e items§r§e, §r§c-64§r§e items§r§e.§r§8 (Last 9s.)
19:25:52 [EMPTY] 
19:26:06 [SACKS_CHANGE] §6[Sacks] §r§a+238§r§e items§r§e.§r§8 (Last 13s.)
19:26:48 [EMPTY]                                         
19:30:06 [GUILD_EXP] §aYou earned §r§2488 GEXP §r§afrom playing SkyBlock!
19:31:54 [EMPTY] 
19:32:00 [SACKS_CHANGE] §6[Sacks] §r§a+50§r§e items§r§e.§r§8 (Last 5s.)
19:32:07 [EMPTY] 
19:32:13 [SACKS_CHANGE] §6[Sacks] §r§a+56§r§e items§r§e.§r§8 (Last 5s.)
19:33:56 [EMPTY] 
19:35:04 [SACKS_CHANGE] §6[Sacks] §r§a+27§r§e items§r§e.§r§8 (Last 5s.)
19:35:10 [GUILD_EXP] §aYou earned §r§2412 GEXP §r§afrom playing SkyBlock!
19:35:11 [SACKS_CHANGE] §6[Sacks] §r§a+15§r§e items§r§e.§r§8 (Last 5s.)
19:35:18 [SACKS_CHANGE] §6[Sacks] §r§a+18§r§e items§r§e.§r§8 (Last 5s.)
19:35:46 [SACKS_CHANGE] §6[Sacks] §r§a+109§r§e items§r§e.§r§8 (Last 14s.)
19:35:52 [SACKS_CHANGE] §6[Sacks] §r§a+15§r§e items§r§e.§r§8 (Last 5s.)
19:36:00 [SACKS_CHANGE] §6[Sacks] §r§a+30§r§e items§r§e.§r§8 (Last 6s.)
19:36:17 [SACKS_CHANGE] §6[Sacks] §r§a+61§r§e items§r§e.§r§8 (Last 9s.)
19:36:42 [SACKS_CHANGE] §6[Sacks] §r§a+160§r§e items§r§e.§r§8 (Last 22s.)
19:36:58 [EMPTY] §8 §r§8 §r§1 §r§3 §r§3 §r§7 §r§8 
19:37:01 [PROFILE_JOIN] §aYou are playing on profile: §eLemon§b (Co-op)
19:37:02 [PROFILE_JOIN] §8Profile ID: 62b760d8-92b6-4501-ada0-1fd8583f5266
19:37:43 [EMPTY] §8 §r§8 §r§1 §r§3 §r§3 §r§7 §r§8 
19:37:46 [PROFILE_JOIN] §aYou are playing on profile: §eLemon§b (Co-op)
19:37:46 [PROFILE_JOIN] §8Profile ID: 62b760d8-92b6-4501-ada0-1fd8583f5266
