14:09:25 §e[SkyHanni] Reloaded 7,558 items in the NEU repo
14:22:48 §e[SkyHanni] You have gained §b14 §eBits.
14:25:24 §6§lBESTIARY §r§b§lBal §7§89 §8➡§b §b10
14:25:25 §e[SkyHanni] You have gained §b14 §eBits.
14:27:07 §6§lBESTIARY §r§b§lGrunt §7§86 §8➡§b §b7
14:27:08 §e[SkyHanni] You have gained §b357 §eBits.
14:28:09 §e[SkyHanni] You have gained §b14 §eBits.
14:31:28 §e[SkyHanni] You have gained §b14 §eBits.
14:57:21 §e[SkyHanni] You have gained §b357 §eBits.
14:58:16 §a§lPotion Effect! §r§aMining XP Boost II
15:03:34 §6§lBESTIARY §r§b§lThyst §7§85 §8➡§b §b6
15:07:28 §e[SkyHanni] §bYou have §31.8k §bmaterials in stash, §btotalling §31 type§b. §bClick to §3pickup §byour stash!
15:08:30 §e[SkyHanni] §bYou have §33.1k §bmaterials in stash, §btotalling §32 types§b. §bClick to §3pickup §byour stash!
15:16:45 §6§lBESTIARY §r§b§lButterfly §7§83 §8➡§b §b4
15:25:35 §6§lBESTIARY §r§b§lSludge §7§88 §8➡§b §b9
15:27:44 §e[SkyHanni] You have gained §b357 §eBits.
15:34:04 §6§lBESTIARY §r§b§lEnderman §7§818 §8➡§b §b19
15:38:15 §6§lBESTIARY §r§b§lEndermite §7§816 §8➡§b §b17
15:49:39 §6§lBESTIARY MILESTONE §879➡§e80
15:49:39 §6§lBESTIARY MILESTONE §879➡§e80
15:49:39 §6§lBESTIARY MILESTONE §879➡§e80
15:49:39 §6§lBESTIARY MILESTONE §879➡§e80
15:49:39 §6§lBESTIARY MILESTONE §879➡§e80
15:54:20 §e[SkyHanni] You have gained §b43 §eBits.
15:55:16 §e[SkyHanni] You have gained §b7 §eBits.
15:57:56 §e[SkyHanni] You have gained §b357 §eBits.
16:12:07 §e[SkyHanni] Loaded Nether Wart milestone data from tab list!
16:16:00 §e[SkyHanni] §e1 §aPest Spawned in §b3§a!
16:28:13 §e[SkyHanni] You have gained §b357 §eBits.
16:58:50 §e[SkyHanni] You have gained §b357 §eBits.
17:22:00 §e[SkyHanni] You have gained §b7 §eBits.
17:24:35 §e[SkyHanni] You have gained §b7 §eBits.
17:29:27 §e[SkyHanni] You have gained §b357 §eBits.
17:42:45 §e[SkyHanni] Profit for Crystal Nucleus Run§e: §c-704k
17:42:46 §e[SkyHanni] You have gained §b29 §eBits.
17:43:38 §e[SkyHanni] Found a treasure chest location
17:43:45 §e[SkyHanni] No chests found. Try standing still with the metal detector in a different spot.
17:43:46 §e[SkyHanni] 2 possible locations found. Please try standing still with the metal detector in a different spot.
17:43:47 §e[SkyHanni] No chests found. Try standing still with the metal detector in a different spot.
17:43:48 §e[SkyHanni] Found a treasure chest location
17:43:58 §e[SkyHanni] No chests found. Try standing still with the metal detector in a different spot.
17:43:59 §e[SkyHanni] No chests found. Try standing still with the metal detector in a different spot.
17:44:00 §e[SkyHanni] No chests found. Try standing still with the metal detector in a different spot.
17:44:01 §e[SkyHanni] Found a treasure chest location
17:44:09 §e[SkyHanni] No chests found. Try standing still with the metal detector in a different spot.
17:44:10 §e[SkyHanni] Found a treasure chest location
17:44:19 §e[SkyHanni] Found a treasure chest location
17:44:26 §e[SkyHanni] Found a treasure chest location
17:44:28 §e[SkyHanni] No chests found. Try standing still with the metal detector in a different spot.
17:44:29 §e[SkyHanni] Found a treasure chest location
17:44:52 §e[SkyHanni] Found a treasure chest location
17:45:01 §e[SkyHanni] Found a treasure chest location
17:55:23 §e[SkyHanni] §bYou have §31.2k §bmaterials in stash, §btotalling §31 type§b. §bClick to §3pickup §byour stash!
17:56:24 §e[SkyHanni] §bYou have §32.7k §bmaterials in stash, §btotalling §31 type§b. §bClick to §3pickup §byour stash!
17:57:24 §e[SkyHanni] §bYou have §35.2k §bmaterials in stash, §btotalling §31 type§b. §bClick to §3pickup §byour stash!
17:59:46 §e[SkyHanni] You have gained §b357 §eBits.
18:00:25 §e[SkyHanni] You have gained §b7 §eBits.
18:17:12 §e[SkyHanni] You have gained §b14 §eBits.
18:24:48 §e[SkyHanni] §bYou have §35.2k §bmaterials in stash, §btotalling §31 type§b. §bClick to §3pickup §byour stash!
18:25:50 §e[SkyHanni] §bYou have §35.5k §bmaterials in stash, §btotalling §31 type§b. §bClick to §3pickup §byour stash!
18:26:51 §e[SkyHanni] §bYou have §34.6k §bmaterials in stash, §btotalling §31 type§b. §bClick to §3pickup §byour stash!
18:30:14 §e[SkyHanni] You have gained §b357 §eBits.
18:32:28 §e[SkyHanni] §bYou have §34.2k §bmaterials in stash, §btotalling §31 type§b. §bClick to §3pickup §byour stash!
18:33:28 §e[SkyHanni] §bYou have §3195 §bmaterials in stash, §btotalling §31 type§b. §bClick to §3pickup §byour stash!
19:00:35 §e[SkyHanni] You have gained §b357 §eBits.
19:31:11 §e[SkyHanni] You have gained §b357 §eBits.
