02:51:32 New visitor detected: '§9Old Man Garry'
02:51:32 New visitor detected: '§9Iron Forger'
02:51:32 New visitor detected: '§aRyu'
02:51:32 New visitor detected: '§aDuke'
02:51:32 New visitor detected: '§aArthur'
06:20:45 New visitor detected: '§9Iron Forger'
06:20:45 New visitor detected: '§aRyu'
06:20:45 New visitor detected: '§aDuke'
06:20:45 New visitor detected: '§aArthur'
06:40:08 New visitor detected: '§9Iron Forger'
06:40:08 New visitor detected: '§aRyu'
06:40:08 New visitor detected: '§aDuke'
06:40:08 New visitor detected: '§aArthur'
07:03:42 New visitor detected: '§9Iron Forger'
07:03:42 New visitor detected: '§aRyu'
07:03:43 New visitor detected: '§9Iron Forger'
07:03:43 New visitor detected: '§aRyu'
07:03:43 New visitor detected: '§aDuke'
07:03:43 New visitor detected: '§aArthur'
08:21:10 New visitor detected: '§9Iron Forger'
08:21:10 New visitor detected: '§aRyu'
08:21:10 New visitor detected: '§aDuke'
08:21:10 New visitor detected: '§aArthur'
08:58:08 New visitor detected: '§aEmissary Carlton'
09:00:12 New visitor detected: '§aEmissary Carlton'
09:04:56 New visitor detected: '§9Iron Forger'
09:04:56 New visitor detected: '§aRyu'
09:04:56 New visitor detected: '§aArthur'
09:04:56 New visitor detected: '§aEmissary Carlton'
09:08:31 New visitor detected: '§9Iron Forger'
09:08:34 New visitor detected: '§aRyu'
09:08:39 New visitor detected: '§aArthur'
09:08:39 New visitor detected: '§aEmissary Carlton'
09:08:42 New visitor detected: '§aLeo'
09:10:43 New visitor detected: '§9Iron Forger'
09:10:43 New visitor detected: '§aArthur'
09:10:43 New visitor detected: '§aEmissary Carlton'
09:10:43 New visitor detected: '§aLeo'
09:23:23 New visitor detected: '§9Old Man Garry'
09:23:23 New visitor detected: '§9Iron Forger'
09:23:23 New visitor detected: '§aArthur'
09:23:23 New visitor detected: '§aEmissary Carlton'
09:23:23 New visitor detected: '§aLeo'
09:28:02 New visitor detected: '§9Iron Forger'
09:28:02 New visitor detected: '§9Iron Forger'
09:28:02 New visitor detected: '§aArthur'
09:28:02 New visitor detected: '§aEmissary Carlton'
09:28:02 New visitor detected: '§aLeo'
09:28:32 New visitor detected: '§9Old Man Garry'
09:28:32 New visitor detected: '§9Iron Forger'
09:28:32 New visitor detected: '§aArthur'
09:28:32 New visitor detected: '§aEmissary Carlton'
09:28:32 New visitor detected: '§aLeo'
09:28:53 New visitor detected: '§aOringo'
