02:46:34 PRIVATE_ISLAND
02:48:01 GALATEA
02:48:27 NONE
02:48:28 PRIVATE_ISLAND
02:51:30 NONE
02:51:30 GARDEN
02:51:51 NONE
02:51:51 PRIVATE_ISLAND
02:52:53 NONE
02:52:53 GARDEN
02:53:02 PRIVATE_ISLAND
02:53:33 GARDEN
02:53:47 PRIVATE_ISLAND
02:54:42 DUNGEON_HUB
02:56:02 NONE
02:56:02 HUB
02:57:55 DUNGEON_HUB
02:58:14 CATACOMBS
03:00:02 NONE
03:00:02 DUNGEON_HUB
03:00:11 CATACOMBS
03:02:59 NONE
03:02:59 HUB
03:03:01 NONE
03:03:02 DUNGEON_HUB
03:03:12 CATACOMBS
03:06:22 NONE
03:06:22 DUNGEON_HUB
03:06:36 CATACOMBS
03:12:25 DUNGEON_HUB
03:13:08 NONE
03:13:08 CATACOMBS
03:28:29 NONE
03:28:29 DUNGEON_HUB
03:30:25 PRIVATE_ISLAND
03:30:43 PRIVATE_ISLAND_GUEST
03:30:48 CRIMSON_ISLE
03:30:52 NONE
03:30:52 PRIVATE_ISLAND
03:31:48 NONE
03:31:48 PRIVATE_ISLAND_GUEST
03:31:54 NONE
03:31:55 CRIMSON_ISLE
03:38:57 NONE
03:38:58 PRIVATE_ISLAND_GUEST
03:39:01 NONE
03:39:02 CRIMSON_ISLE
03:39:47 HUB
03:40:30 NONE
03:40:31 PRIVATE_ISLAND
03:41:26 NONE
03:41:27 HUB
03:41:28 NONE
03:41:28 HUB
03:41:42 NONE
03:41:42 PRIVATE_ISLAND
03:42:25 NONE
03:42:25 PRIVATE_ISLAND_GUEST
03:42:28 NONE
03:42:29 THE_END
04:00:47 PRIVATE_ISLAND
04:00:51 NONE
04:00:52 PRIVATE_ISLAND_GUEST
04:00:54 NONE
04:00:55 THE_END
04:02:02 PRIVATE_ISLAND
04:04:30 PRIVATE_ISLAND_GUEST
04:04:33 NONE
04:04:34 THE_END
04:17:16 PRIVATE_ISLAND
04:18:07 HUB
04:18:49 PRIVATE_ISLAND
04:19:12 HUB
04:19:20 PRIVATE_ISLAND
04:20:56 NONE
04:20:56 DUNGEON_HUB
04:21:32 NONE
04:21:32 PRIVATE_ISLAND_GUEST
04:22:01 PRIVATE_ISLAND_GUEST
04:22:37 PRIVATE_ISLAND_GUEST
04:23:01 PRIVATE_ISLAND_GUEST
04:23:27 PRIVATE_ISLAND_GUEST
04:24:41 PRIVATE_ISLAND_GUEST
04:25:16 PRIVATE_ISLAND_GUEST
04:25:47 PRIVATE_ISLAND_GUEST
04:26:18 PRIVATE_ISLAND
04:26:24 DUNGEON_HUB
04:27:59 NONE
04:27:59 CATACOMBS
04:28:00 NONE
04:28:00 CATACOMBS
04:57:30 DUNGEON_HUB
04:59:17 PRIVATE_ISLAND
05:00:35 HUB
05:00:39 PRIVATE_ISLAND
05:00:48 THE_FARMING_ISLANDS
05:01:43 PRIVATE_ISLAND
05:03:18 HUB
05:12:23 NONE
05:12:23 PRIVATE_ISLAND
05:14:07 DUNGEON_HUB
05:15:02 CATACOMBS
05:15:55 NONE
05:15:55 DUNGEON_HUB
05:16:05 CATACOMBS
05:32:57 DUNGEON_HUB
05:33:37 CATACOMBS
06:01:01 DUNGEON_HUB
06:01:42 PRIVATE_ISLAND
06:02:54 DUNGEON_HUB
06:03:00 NONE
06:03:00 PRIVATE_ISLAND
06:09:53 NONE
06:09:54 HUB
06:14:13 THE_FARMING_ISLANDS
06:16:50 NONE
06:16:51 HUB
06:19:08 NONE
06:19:09 GARDEN
06:19:31 DUNGEON_HUB
06:19:36 GARDEN
06:44:36 PRIVATE_ISLAND
06:45:32 HUB
06:46:16 PRIVATE_ISLAND
06:46:32 NONE
06:46:32 GARDEN
07:08:40 HUB
07:08:48 GARDEN
07:09:31 PRIVATE_ISLAND
07:10:24 NONE
07:10:25 CRIMSON_ISLE
07:20:59 PRIVATE_ISLAND
07:21:46 GARDEN
08:21:39 PRIVATE_ISLAND
08:21:48 NONE
08:21:53 PRIVATE_ISLAND
08:24:59 HUB
08:26:28 PRIVATE_ISLAND
08:27:35 HUB
08:28:17 GARDEN
08:32:08 NONE
08:32:09 HUB
08:32:43 GARDEN
08:33:10 PRIVATE_ISLAND
08:33:25 THE_FARMING_ISLANDS
08:35:54 PRIVATE_ISLAND
08:36:11 GARDEN
08:58:34 PRIVATE_ISLAND
08:59:23 NONE
08:59:24 GARDEN
09:08:50 PRIVATE_ISLAND
09:09:04 NONE
09:09:05 GARDEN
09:09:08 NONE
09:09:09 PRIVATE_ISLAND
09:09:15 NONE
09:09:16 GARDEN
09:29:37 PRIVATE_ISLAND
09:29:57 NONE
09:29:58 HUB
09:32:07 THE_FARMING_ISLANDS
09:32:58 HUB
09:33:09 THE_FARMING_ISLANDS
09:33:38 NONE
09:33:38 HUB
09:49:39 NONE
10:05:58 HUB
