12:25:00 [EMPTY] §f §r§r§r§f §r§r§r§1 §r§r§r§0 §r§r§r§2 §r§r§r§f §r§r§r§f §r§r§r§2 §r§r§r§0 §r§r§r§4 §r§r§r§3 §r§r§r§9 §r§r§r§2 §r§r§r§0 §r§r§r§0 §r§r§r§3 §r§r§r§9 §r§r§r§2 §r§r§r§0 §r§r§r§0 §r§r§r§3 §r§r§r§9 §r§r§r§2 §r§r§r§0 §r§r§r§0 
12:25:08 [EMPTY] §8 §r§8 §r§1 §r§3 §r§3 §r§7 §r§8 
12:25:10 [EMPTY] 
12:25:10 [WELCOME] §eWelcome to §r§aHypixel SkyBlock§r§e!
12:25:10 [EMPTY] 
12:25:12 [PROFILE_JOIN] §aYou are playing on profile: §eLemon§b (Co-op)
12:25:12 [PROFILE_JOIN] §8Profile ID: 62b760d8-92b6-4501-ada0-1fd8583f5266
12:26:08 [EMPTY] §8 §r§8 §r§1 §r§3 §r§3 §r§7 §r§8 
12:26:11 [PROFILE_JOIN] §aYou are playing on profile: §eLemon§b (Co-op)
12:26:11 [PROFILE_JOIN] §8Profile ID: 62b760d8-92b6-4501-ada0-1fd8583f5266
12:26:22 [SACKS_CHANGE] §6[Sacks] §r§a+279§r§e items§r§e.§r§8 (Last 9s.)
12:26:57 [EMPTY] §8 §r§8 §r§1 §r§3 §r§3 §r§7 §r§8 
12:27:00 [PROFILE_JOIN] §aYou are playing on profile: §eLemon§b (Co-op)
12:27:00 [PROFILE_JOIN] §8Profile ID: 62b760d8-92b6-4501-ada0-1fd8583f5266
12:28:00 [SACKS_CHANGE] §6[Sacks] §r§a+24§r§e items§r§e.§r§8 (Last 5s.)
12:30:10 [GUILD_EXP] §aYou earned §r§2201 GEXP §r§a+ §r§e603 Event EXP §r§afrom playing SkyBlock!
12:32:39 [SACKS_CHANGE] §6[Sacks] §r§a+79§r§e items§r§e.§r§8 (Last 8s.)
12:34:22 [EMPTY] 
12:34:27 [SACKS_CHANGE] §6[Sacks] §r§a+32§r§e items§r§e.§r§8 (Last 5s.)
12:34:59 [EMPTY] 
12:35:05 [SACKS_CHANGE] §6[Sacks] §r§a+40§r§e items§r§e.§r§8 (Last 5s.)
12:35:14 [GUILD_EXP] §aYou earned §r§2123 GEXP §r§a+ §r§e369 Event EXP §r§afrom playing SkyBlock!
12:35:15 [SACKS_CHANGE] §6[Sacks] §r§a+15§r§e items§r§e.§r§8 (Last 5s.)
12:36:51 [SACKS_CHANGE] §6[Sacks] §r§a+15§r§e items§r§e.§r§8 (Last 5s.)
12:37:04 [EMPTY] §8 §r§8 §r§1 §r§3 §r§3 §r§7 §r§8 
12:37:07 [PROFILE_JOIN] §aYou are playing on profile: §eLemon§b (Co-op)
12:37:07 [PROFILE_JOIN] §8Profile ID: 62b760d8-92b6-4501-ada0-1fd8583f5266
12:37:27 [EMPTY] §8 §r§8 §r§1 §r§3 §r§3 §r§7 §r§8 
12:37:30 [PROFILE_JOIN] §aYou are playing on profile: §eLemon§b (Co-op)
12:37:30 [PROFILE_JOIN] §8Profile ID: 62b760d8-92b6-4501-ada0-1fd8583f5266
12:38:08 [EMPTY] §8 §r§8 §r§1 §r§3 §r§3 §r§7 §r§8 
12:38:11 [PROFILE_JOIN] §aYou are playing on profile: §eLemon§b (Co-op)
12:38:11 [PROFILE_JOIN] §8Profile ID: 62b760d8-92b6-4501-ada0-1fd8583f5266
12:38:23 [EMPTY] §8 §r§8 §r§1 §r§3 §r§3 §r§7 §r§8 
12:38:26 [PROFILE_JOIN] §aYou are playing on profile: §eLemon§b (Co-op)
12:38:26 [PROFILE_JOIN] §8Profile ID: 62b760d8-92b6-4501-ada0-1fd8583f5266
12:39:30 [EMPTY] §8 §r§8 §r§1 §r§3 §r§3 §r§7 §r§8 
12:39:34 [PROFILE_JOIN] §aYou are playing on profile: §eLemon§b (Co-op)
12:39:34 [PROFILE_JOIN] §8Profile ID: 62b760d8-92b6-4501-ada0-1fd8583f5266
12:40:18 [GUILD_EXP] §aYou earned §r§2208 GEXP §r§a+ §r§e624 Event EXP §r§afrom playing SkyBlock!
12:40:50 [EMPTY] §8 §r§8 §r§1 §r§3 §r§3 §r§7 §r§8 
12:40:53 [PROFILE_JOIN] §aYou are playing on profile: §eLemon§b (Co-op)
12:40:53 [PROFILE_JOIN] §8Profile ID: 62b760d8-92b6-4501-ada0-1fd8583f5266
12:42:08 [EMPTY] §8 §r§8 §r§1 §r§3 §r§3 §r§7 §r§8 
12:42:11 [PROFILE_JOIN] §aYou are playing on profile: §eLemon§b (Co-op)
12:42:11 [PROFILE_JOIN] §8Profile ID: 62b760d8-92b6-4501-ada0-1fd8583f5266
12:42:16 [EMPTY]                                         
12:43:45 [SACKS_CHANGE] §6[Sacks] §r§a+1,630§r§e items§r§e.§r§8 (Last 30s.)
12:43:54 [SACKS_CHANGE] §6[Sacks] §r§a+184§r§e items§r§e.§r§8 (Last 9s.)
12:44:00 [EMPTY] 
12:44:05 [SACKS_CHANGE] §6[Sacks] §r§a+38§r§e items§r§e.§r§8 (Last 10s.)
12:44:24 [SACKS_CHANGE] §6[Sacks] §r§a+292§r§e items§r§e.§r§8 (Last 16s.)
12:44:44 [SACKS_CHANGE] §6[Sacks] §r§a+30§r§e items§r§e.§r§8 (Last 6s.)
12:44:44 [EMPTY] 
12:45:04 [SACKS_CHANGE] §6[Sacks] §r§a+358§r§e items§r§e.§r§8 (Last 19s.)
12:46:13 [SACKS_CHANGE] §6[Sacks] §r§a+15§r§e items§r§e.§r§8 (Last 5s.)
12:46:27 [SACKS_CHANGE] §6[Sacks] §r§a+9§r§e items§r§e.§r§8 (Last 5s.)
12:46:30 [EMPTY] 
12:46:36 [SACKS_CHANGE] §6[Sacks] §r§a+31§r§e items§r§e.§r§8 (Last 8s.)
12:46:46 [SACKS_CHANGE] §6[Sacks] §r§a+11§r§e items§r§e.§r§8 (Last 5s.)
12:46:54 [SACKS_CHANGE] §6[Sacks] §r§a+20§r§e items§r§e.§r§8 (Last 5s.)
12:47:12 [SACKS_CHANGE] §6[Sacks] §r§a+375§r§e items§r§e.§r§8 (Last 10s.)
12:47:29 [SACKS_CHANGE] §6[Sacks] §r§a+46§r§e items§r§e.§r§8 (Last 8s.)
12:48:15 [SACKS_CHANGE] §6[Sacks] §r§a+711§r§e items§r§e.§r§8 (Last 5s.)
12:48:32 [SACKS_CHANGE] §6[Sacks] §r§a+23§r§e items§r§e.§r§8 (Last 5s.)
12:48:40 [GUILD_EXP] §aYou earned §r§2738 GEXP §r§a+ §r§e2,214 Event EXP §r§afrom playing SkyBlock!
12:48:56 [SACKS_CHANGE] §6[Sacks] §r§a+15§r§e items§r§e.§r§8 (Last 5s.)
12:49:08 [EMPTY] §8 §r§8 §r§1 §r§3 §r§3 §r§7 §r§8 
12:49:11 [PROFILE_JOIN] §aYou are playing on profile: §eLemon§b (Co-op)
12:49:11 [PROFILE_JOIN] §8Profile ID: 62b760d8-92b6-4501-ada0-1fd8583f5266
12:49:31 [EMPTY] §8 §r§8 §r§1 §r§3 §r§3 §r§7 §r§8 
12:49:35 [PROFILE_JOIN] §aYou are playing on profile: §eLemon§b (Co-op)
12:49:35 [PROFILE_JOIN] §8Profile ID: 62b760d8-92b6-4501-ada0-1fd8583f5266
12:50:11 [SACKS_CHANGE] §6[Sacks] §r§a+129§r§e items§r§e.§r§8 (Last 10s.)
12:50:18 [SACKS_CHANGE] §6[Sacks] §r§a+2§r§e items§r§e, §r§c-1,344§r§e items§r§e.§r§8 (Last 5s.)
12:50:39 [SACKS_CHANGE] §6[Sacks] §r§a+40§r§e items§r§e.§r§8 (Last 5s.)
12:50:54 [SACKS_CHANGE] §6[Sacks] §r§a+1§r§e item§r§e.§r§8 (Last 5s.)
12:51:19 [SACKS_CHANGE] §6[Sacks] §r§a+2§r§e items§r§e.§r§8 (Last 9s.)
12:52:11 [SACKS_CHANGE] §6[Sacks] §r§a+40§r§e items§r§e.§r§8 (Last 5s.)
12:52:35 [SACKS_CHANGE] §6[Sacks] §r§a+4§r§e items§r§e.§r§8 (Last 5s.)
12:53:16 [SACKS_CHANGE] §6[Sacks] §r§a+4§r§e items§r§e.§r§8 (Last 5s.)
12:53:41 [SACKS_CHANGE] §6[Sacks] §r§a+1§r§e item§r§e.§r§8 (Last 5s.)
12:53:46 [GUILD_EXP] §aYou earned §r§2588 GEXP §r§a+ §r§e1,764 Event EXP §r§afrom playing SkyBlock!
12:54:30 [EMPTY] 
12:54:57 [SACKS_CHANGE] §6[Sacks] §r§a+35§r§e items§r§e.§r§8 (Last 10s.)
12:55:18 [SACKS_CHANGE] §6[Sacks] §r§a+10§r§e items§r§e.§r§8 (Last 5s.)
12:56:13 [SACKS_CHANGE] §6[Sacks] §r§a+1,278§r§e items§r§e.§r§8 (Last 30s.)
12:57:12 [SACKS_CHANGE] §6[Sacks] §r§a+24§r§e items§r§e.§r§8 (Last 12s.)
12:57:44 [SACKS_CHANGE] §6[Sacks] §r§a+156§r§e items§r§e.§r§8 (Last 30s.)
12:57:53 [EMPTY]  
12:57:53 [BESTIARY] §f                                  §6§lBESTIARY
12:57:53 [BESTIARY] §f                                  §b§lBal §7§84 §8➡§b §b5
12:57:53 [BESTIARY] 
12:57:53 [BESTIARY]                                   §r§6§lREWARDS
12:57:53 [BESTIARY]                             §r§8+§r§a2 §r§c§lBal §r§b✯ Magic Find
12:57:53 [BESTIARY]                             §r§8+§r§a2 §r§c§lBal §r§c❁ Strength
12:57:53 [BESTIARY]                                 §r§8+§r§62% §r§a§r§c§lBal §r§7coins
12:57:53 [BESTIARY]                     §r§8+§r§a50% §r§7chance for extra XP orbs
12:57:53 [BESTIARY]                                §r§8+§r§b1 SkyBlock XP
12:57:53 [BESTIARY] 
12:57:53 [BESTIARY] §3§l▬▬▬▬▬▬▬▬▬▬▬▬▬▬▬▬▬▬▬▬▬▬▬▬▬▬▬▬▬▬▬▬▬▬▬▬▬▬▬▬▬▬▬▬▬▬▬▬▬▬▬▬▬▬▬▬▬▬▬▬▬▬▬▬
12:58:02 [SACKS_CHANGE] §6[Sacks] §r§a+9§r§e items§r§e.§r§8 (Last 15s.)
12:58:14 [SACKS_CHANGE] §6[Sacks] §r§a+26§r§e items§r§e.§r§8 (Last 8s.)
12:58:25 [SACKS_CHANGE] §6[Sacks] §r§a+2§r§e items§r§e.§r§8 (Last 5s.)
12:58:38 [SACKS_CHANGE] §6[Sacks] §r§a+27§r§e items§r§e.§r§8 (Last 6s.)
12:58:51 [SACKS_CHANGE] §6[Sacks] §r§a+45§r§e items§r§e.§r§8 (Last 11s.)
12:58:51 [GUILD_EXP] §aYou earned §r§2750 GEXP §r§a+ §r§e2,250 Event EXP §r§afrom playing SkyBlock!
12:59:12 [SACKS_CHANGE] §6[Sacks] §r§a+15§r§e items§r§e.§r§8 (Last 5s.)
12:59:22 [SACKS_CHANGE] §6[Sacks] §r§a+15§r§e items§r§e.§r§8 (Last 5s.)
12:59:35 [SACKS_CHANGE] §6[Sacks] §r§a+46§r§e items§r§e.§r§8 (Last 10s.)
12:59:54 [SACKS_CHANGE] §6[Sacks] §r§a+92§r§e items§r§e.§r§8 (Last 17s.)
13:00:10 [SACKS_CHANGE] §6[Sacks] §r§a+51§r§e items§r§e.§r§8 (Last 11s.)
13:00:34 [SACKS_CHANGE] §6[Sacks] §r§a+48§r§e items§r§e.§r§8 (Last 16s.)
13:00:37 [EMPTY] 
13:00:40 [SACKS_CHANGE] §6[Sacks] §r§a+1§r§e item§r§e.§r§8 (Last 5s.)
13:00:57 [SACKS_CHANGE] §6[Sacks] §r§a+38§r§e items§r§e.§r§8 (Last 11s.)
13:01:00 [EMPTY]  
13:01:00 [BESTIARY] §f                                  §6§lBESTIARY
13:01:00 [BESTIARY] §f                                 §b§lYog §7§87 §8➡§b §b8
13:01:00 [BESTIARY] 
13:01:00 [BESTIARY]                                   §r§6§lREWARDS
13:01:00 [BESTIARY]                             §r§8+§r§a3 Yog §r§b✯ Magic Find
13:01:00 [BESTIARY]                             §r§8+§r§a3 Yog §r§c❁ Strength
13:01:00 [BESTIARY]                                 §r§8+§r§62% §r§aYog §r§7coins
13:01:00 [BESTIARY]                     §r§8+§r§a50% §r§7chance for extra XP orbs
13:01:00 [BESTIARY]                                §r§8+§r§b1 SkyBlock XP
13:01:00 [BESTIARY] 
13:01:00 [BESTIARY] §3§l▬▬▬▬▬▬▬▬▬▬▬▬▬▬▬▬▬▬▬▬▬▬▬▬▬▬▬▬▬▬▬▬▬▬▬▬▬▬▬▬▬▬▬▬▬▬▬▬▬▬▬▬▬▬▬▬▬▬▬▬▬▬▬▬
13:01:06 [SACKS_CHANGE] §6[Sacks] §r§a+16§r§e items§r§e.§r§8 (Last 5s.)
13:01:37 [EMPTY] 
13:01:37 [EMPTY] §c
13:01:41 [SACKS_CHANGE] §6[Sacks] §r§a+81§r§e items§r§e.§r§8 (Last 30s.)
13:02:03 [SACKS_CHANGE] §6[Sacks] §r§a+95§r§e items§r§e.§r§8 (Last 21s.)
13:02:14 [EMPTY]                                         
13:02:27 [SACKS_CHANGE] §6[Sacks] §r§a+95§r§e items§r§e.§r§8 (Last 20s.)
13:03:15 [EMPTY] §8 §r§8 §r§1 §r§3 §r§3 §r§7 §r§8 
13:03:19 [PROFILE_JOIN] §aYou are playing on profile: §eLemon§b (Co-op)
13:03:19 [PROFILE_JOIN] §8Profile ID: 62b760d8-92b6-4501-ada0-1fd8583f5266
13:05:58 [EMPTY] §8 §r§8 §r§1 §r§3 §r§3 §r§7 §r§8 
13:06:02 [PROFILE_JOIN] §aYou are playing on profile: §eLemon§b (Co-op)
13:06:02 [PROFILE_JOIN] §8Profile ID: 62b760d8-92b6-4501-ada0-1fd8583f5266
13:07:47 [SACKS_CHANGE] §6[Sacks] §r§a+336§r§e items§r§e.§r§8 (Last 17s.)
13:08:29 [SACKS_CHANGE] §6[Sacks] §r§a+113§r§e items§r§e.§r§8 (Last 30s.)
13:08:39 [SACKS_CHANGE] §6[Sacks] §r§a+73§r§e items§r§e.§r§8 (Last 9s.)
13:08:56 [SACKS_CHANGE] §6[Sacks] §r§a+32§r§e items§r§e.§r§8 (Last 11s.)
13:09:29 [SACKS_CHANGE] §6[Sacks] §r§a+101§r§e items§r§e.§r§8 (Last 29s.)
13:09:56 [SACKS_CHANGE] §6[Sacks] §r§a+82§r§e items§r§e.§r§8 (Last 24s.)
13:10:04 [EMPTY]  
13:10:04 [BESTIARY] §f                                  §6§lBESTIARY
13:10:04 [BESTIARY] §f                                  §b§lBal §7§85 §8➡§b §b6
13:10:04 [BESTIARY] 
13:10:04 [BESTIARY]                                   §r§6§lREWARDS
13:10:04 [BESTIARY]                             §r§8+§r§a3 §r§c§lBal §r§b✯ Magic Find
13:10:04 [BESTIARY]                             §r§8+§r§a3 §r§c§lBal §r§c❁ Strength
13:10:04 [BESTIARY]                                 §r§8+§r§62% §r§a§r§c§lBal §r§7coins
13:10:04 [BESTIARY]                     §r§8+§r§a50% §r§7chance for extra XP orbs
13:10:04 [BESTIARY]                                §r§8+§r§b1 SkyBlock XP
13:10:04 [BESTIARY] 
13:10:04 [BESTIARY] §3§l▬▬▬▬▬▬▬▬▬▬▬▬▬▬▬▬▬▬▬▬▬▬▬▬▬▬▬▬▬▬▬▬▬▬▬▬▬▬▬▬▬▬▬▬▬▬▬▬▬▬▬▬▬▬▬▬▬▬▬▬▬▬▬▬
13:10:15 [GUILD_EXP] §aYou earned §r§2458 GEXP §r§a+ §r§e1,374 Event EXP §r§afrom playing SkyBlock!
13:10:21 [SACKS_CHANGE] §6[Sacks] §r§a+7§r§e items§r§e.§r§8 (Last 18s.)
13:10:33 [SACKS_CHANGE] §6[Sacks] §r§a+26§r§e items§r§e.§r§8 (Last 10s.)
13:11:09 [SACKS_CHANGE] §6[Sacks] §r§a+177§r§e items§r§e.§r§8 (Last 30s.)
13:11:26 [SACKS_CHANGE] §6[Sacks] §r§a+27§r§e items§r§e.§r§8 (Last 10s.)
13:11:52 [SACKS_CHANGE] §6[Sacks] §r§a+74§r§e items§r§e.§r§8 (Last 8s.)
13:12:16 [SACKS_CHANGE] §6[Sacks] §r§a+12§r§e items§r§e.§r§8 (Last 5s.)
13:12:43 [SACKS_CHANGE] §6[Sacks] §r§a+24§r§e items§r§e.§r§8 (Last 5s.)
13:13:07 [SACKS_CHANGE] §6[Sacks] §r§a+43§r§e items§r§e.§r§8 (Last 15s.)
13:13:18 [SACKS_CHANGE] §6[Sacks] §r§a+3§r§e items§r§e.§r§8 (Last 5s.)
13:13:27 [EMPTY] 
13:13:34 [SACKS_CHANGE] §6[Sacks] §r§a+51§r§e items§r§e.§r§8 (Last 14s.)
13:13:42 [SACKS_CHANGE] §6[Sacks] §r§a+1§r§e item§r§e.§r§8 (Last 5s.)
13:13:56 [SACKS_CHANGE] §6[Sacks] §r§a+5§r§e items§r§e.§r§8 (Last 12s.)
13:14:04 [SACKS_CHANGE] §6[Sacks] §r§a+15§r§e items§r§e.§r§8 (Last 5s.)
13:14:11 [SACKS_CHANGE] §6[Sacks] §r§a+2§r§e items§r§e.§r§8 (Last 5s.)
13:14:42 [SACKS_CHANGE] §6[Sacks] §r§a+41§r§e items§r§e.§r§8 (Last 7s.)
13:15:04 [SACKS_CHANGE] §6[Sacks] §r§a+239§r§e items§r§e.§r§8 (Last 12s.)
13:15:06 [EMPTY]                                         
13:15:22 [GUILD_EXP] §aYou earned §r§2750 GEXP §r§a+ §r§e2,250 Event EXP §r§afrom playing SkyBlock!
13:15:33 [SACKS_CHANGE] §6[Sacks] §r§a+22§r§e items§r§e.§r§8 (Last 5s.)
13:15:59 [SACKS_CHANGE] §6[Sacks] §r§a+21§r§e items§r§e.§r§8 (Last 12s.)
13:16:28 [SACKS_CHANGE] §6[Sacks] §r§a+26§r§e items§r§e.§r§8 (Last 24s.)
13:16:42 [SACKS_CHANGE] §6[Sacks] §r§a+15§r§e items§r§e.§r§8 (Last 5s.)
13:16:54 [SACKS_CHANGE] §6[Sacks] §r§a+5§r§e items§r§e.§r§8 (Last 11s.)
13:17:00 [SACKS_CHANGE] §6[Sacks] §r§a+23§r§e items§r§e.§r§8 (Last 5s.)
13:17:42 [SACKS_CHANGE] §6[Sacks] §r§a+30§r§e items§r§e.§r§8 (Last 12s.)
13:17:56 [SACKS_CHANGE] §6[Sacks] §r§a+16§r§e items§r§e.§r§8 (Last 8s.)
13:18:51 [SACKS_CHANGE] §6[Sacks] §r§a+78§r§e items§r§e.§r§8 (Last 13s.)
13:19:25 [SACKS_CHANGE] §6[Sacks] §r§a+149§r§e items§r§e.§r§8 (Last 30s.)
13:19:43 [EMPTY]  
13:19:43 [BESTIARY] §f                                  §6§lBESTIARY
13:19:43 [BESTIARY] §f                                  §b§lBal §7§86 §8➡§b §b7
13:19:43 [BESTIARY] 
13:19:43 [BESTIARY]                                   §r§6§lREWARDS
13:19:43 [BESTIARY]                             §r§8+§r§a3 §r§c§lBal §r§b✯ Magic Find
13:19:43 [BESTIARY]                             §r§8+§r§a3 §r§c§lBal §r§c❁ Strength
13:19:43 [BESTIARY]                                 §r§8+§r§62% §r§a§r§c§lBal §r§7coins
13:19:43 [BESTIARY]                     §r§8+§r§a50% §r§7chance for extra XP orbs
13:19:43 [BESTIARY]                                §r§8+§r§b1 SkyBlock XP
13:19:43 [BESTIARY] 
13:19:43 [BESTIARY] §3§l▬▬▬▬▬▬▬▬▬▬▬▬▬▬▬▬▬▬▬▬▬▬▬▬▬▬▬▬▬▬▬▬▬▬▬▬▬▬▬▬▬▬▬▬▬▬▬▬▬▬▬▬▬▬▬▬▬▬▬▬▬▬▬▬
13:19:57 [SACKS_CHANGE] §6[Sacks] §r§a+91§r§e items§r§e.§r§8 (Last 30s.)
13:20:07 [SACKS_CHANGE] §6[Sacks] §r§a+2§r§e items§r§e.§r§8 (Last 7s.)
13:20:25 [SACKS_CHANGE] §6[Sacks] §r§a+73§r§e items§r§e.§r§8 (Last 15s.)
13:20:29 [GUILD_EXP] §aYou earned §r§2569 GEXP §r§a+ §r§e1,707 Event EXP §r§afrom playing SkyBlock!
13:20:35 [SACKS_CHANGE] §6[Sacks] §r§a+23§r§e items§r§e.§r§8 (Last 5s.)
13:20:55 [SACKS_CHANGE] §6[Sacks] §r§a+50§r§e items§r§e.§r§8 (Last 8s.)
13:21:01 [SACKS_CHANGE] §6[Sacks] §r§a+15§r§e items§r§e.§r§8 (Last 5s.)
13:21:28 [SACKS_CHANGE] §6[Sacks] §r§a+2§r§e items§r§e.§r§8 (Last 5s.)
13:22:03 [SACKS_CHANGE] §6[Sacks] §r§a+43§r§e items§r§e.§r§8 (Last 30s.)
13:22:35 [SACKS_CHANGE] §6[Sacks] §r§a+60§r§e items§r§e.§r§8 (Last 30s.)
13:22:41 [SACKS_CHANGE] §6[Sacks] §r§a+14§r§e items§r§e.§r§8 (Last 5s.)
13:22:56 [SACKS_CHANGE] §6[Sacks] §r§a+2§r§e items§r§e.§r§8 (Last 5s.)
13:23:10 [SACKS_CHANGE] §6[Sacks] §r§a+5§r§e items§r§e.§r§8 (Last 11s.)
13:23:28 [SACKS_CHANGE] §6[Sacks] §r§a+15§r§e items§r§e.§r§8 (Last 5s.)
13:23:35 [SACKS_CHANGE] §6[Sacks] §r§a+1§r§e item§r§e.§r§8 (Last 5s.)
13:23:51 [SACKS_CHANGE] §6[Sacks] §r§a+53§r§e items§r§e.§r§8 (Last 11s.)
13:23:57 [SACKS_CHANGE] §6[Sacks] §r§a+15§r§e items§r§e.§r§8 (Last 5s.)
13:23:58 [EMPTY]  
13:23:58 [BESTIARY] §f                                  §6§lBESTIARY
13:23:58 [BESTIARY] §f                                 §b§lYog §7§88 §8➡§b §b9
13:23:58 [BESTIARY] 
13:23:58 [BESTIARY]                                   §r§6§lREWARDS
13:23:58 [BESTIARY]                             §r§8+§r§a3 Yog §r§b✯ Magic Find
13:23:58 [BESTIARY]                             §r§8+§r§a3 Yog §r§c❁ Strength
13:23:58 [BESTIARY]                                 §r§8+§r§62% §r§aYog §r§7coins
13:23:58 [BESTIARY]                     §r§8+§r§a50% §r§7chance for extra XP orbs
13:23:58 [BESTIARY]                                §r§8+§r§b1 SkyBlock XP
13:23:58 [BESTIARY] 
13:23:58 [BESTIARY] §3§l▬▬▬▬▬▬▬▬▬▬▬▬▬▬▬▬▬▬▬▬▬▬▬▬▬▬▬▬▬▬▬▬▬▬▬▬▬▬▬▬▬▬▬▬▬▬▬▬▬▬▬▬▬▬▬▬▬▬▬▬▬▬▬▬
13:24:13 [SACKS_CHANGE] §6[Sacks] §r§a+76§r§e items§r§e.§r§8 (Last 13s.)
13:24:21 [SACKS_CHANGE] §6[Sacks] §r§a+38§r§e items§r§e.§r§8 (Last 5s.)
13:24:35 [SACKS_CHANGE] §6[Sacks] §r§a+23§r§e items§r§e.§r§8 (Last 5s.)
13:24:57 [SACKS_CHANGE] §6[Sacks] §r§a+11§r§e items§r§e.§r§8 (Last 14s.)
13:25:03 [SACKS_CHANGE] §6[Sacks] §r§a+2§r§e items§r§e.§r§8 (Last 5s.)
13:25:12 [SACKS_CHANGE] §6[Sacks] §r§a+18§r§e items§r§e.§r§8 (Last 7s.)
13:25:36 [GUILD_EXP] §aYou earned §r§2750 GEXP §r§a+ §r§e2,250 Event EXP §r§afrom playing SkyBlock!
13:25:41 [SACKS_CHANGE] §6[Sacks] §r§a+46§r§e items§r§e.§r§8 (Last 28s.)
13:25:51 [SACKS_CHANGE] §6[Sacks] §r§a+1§r§e item§r§e.§r§8 (Last 5s.)
13:26:01 [SACKS_CHANGE] §6[Sacks] §r§a+4§r§e items§r§e.§r§8 (Last 5s.)
13:26:08 [SACKS_CHANGE] §6[Sacks] §r§a+1§r§e item§r§e.§r§8 (Last 5s.)
13:26:33 [SACKS_CHANGE] §6[Sacks] §r§a+124§r§e items§r§e.§r§8 (Last 18s.)
13:26:44 [SACKS_CHANGE] §6[Sacks] §r§a+11§r§e items§r§e.§r§8 (Last 8s.)
13:27:04 [SACKS_CHANGE] §6[Sacks] §r§a+1§r§e item§r§e.§r§8 (Last 5s.)
13:27:14 [SACKS_CHANGE] §6[Sacks] §r§a+3§r§e items§r§e.§r§8 (Last 8s.)
13:27:45 [EMPTY] §8 §r§8 §r§1 §r§3 §r§3 §r§7 §r§8 
13:27:49 [PROFILE_JOIN] §aYou are playing on profile: §eLemon§b (Co-op)
13:27:49 [PROFILE_JOIN] §8Profile ID: 62b760d8-92b6-4501-ada0-1fd8583f5266
13:27:56 [EMPTY] §8 §r§8 §r§1 §r§3 §r§3 §r§7 §r§8 
13:27:59 [PROFILE_JOIN] §aYou are playing on profile: §eLemon§b (Co-op)
13:27:59 [PROFILE_JOIN] §8Profile ID: 62b760d8-92b6-4501-ada0-1fd8583f5266
13:28:38 [EMPTY]  
13:28:38 [BESTIARY] §f                                  §6§lBESTIARY
13:28:38 [BESTIARY] §f                               §b§lSludge §7§87 §8➡§b §b8
13:28:38 [BESTIARY] 
13:28:38 [BESTIARY]                                   §r§6§lREWARDS
13:28:38 [BESTIARY]                           §r§8+§r§a3 Sludge §r§b✯ Magic Find
13:28:38 [BESTIARY]                            §r§8+§r§a3 Sludge §r§c❁ Strength
13:28:38 [BESTIARY]                               §r§8+§r§62% §r§aSludge §r§7coins
13:28:38 [BESTIARY]                     §r§8+§r§a50% §r§7chance for extra XP orbs
13:28:38 [BESTIARY]                                §r§8+§r§b1 SkyBlock XP
13:28:38 [BESTIARY] 
13:28:38 [BESTIARY] §3§l▬▬▬▬▬▬▬▬▬▬▬▬▬▬▬▬▬▬▬▬▬▬▬▬▬▬▬▬▬▬▬▬▬▬▬▬▬▬▬▬▬▬▬▬▬▬▬▬▬▬▬▬▬▬▬▬▬▬▬▬▬▬▬▬
13:29:25 [SACKS_CHANGE] §6[Sacks] §r§a+62§r§e items§r§e.§r§8 (Last 17s.)
13:29:46 [SACKS_CHANGE] §6[Sacks] §r§a+98§r§e items§r§e.§r§8 (Last 19s.)
13:29:56 [SACKS_CHANGE] §6[Sacks] §r§a+2§r§e items§r§e.§r§8 (Last 7s.)
13:30:02 [SACKS_CHANGE] §6[Sacks] §r§a+23§r§e items§r§e.§r§8 (Last 5s.)
13:30:08 [SACKS_CHANGE] §6[Sacks] §r§a+15§r§e items§r§e.§r§8 (Last 5s.)
13:30:36 [SACKS_CHANGE] §6[Sacks] §r§a+139§r§e items§r§e.§r§8 (Last 26s.)
13:30:41 [GUILD_EXP] §aYou earned §r§2698 GEXP §r§a+ §r§e2,094 Event EXP §r§afrom playing SkyBlock!
13:30:47 [SACKS_CHANGE] §6[Sacks] §r§a+27§r§e items§r§e.§r§8 (Last 7s.)
13:31:20 [SACKS_CHANGE] §6[Sacks] §r§a+112§r§e items§r§e.§r§8 (Last 30s.)
13:31:41 [EMPTY]  
13:31:41 [BESTIARY] §f                                  §6§lBESTIARY
13:31:41 [BESTIARY] §f                                  §b§lBal §7§87 §8➡§b §b8
13:31:41 [BESTIARY] 
13:31:41 [BESTIARY]                                   §r§6§lREWARDS
13:31:41 [BESTIARY]                             §r§8+§r§a3 §r§c§lBal §r§b✯ Magic Find
13:31:41 [BESTIARY]                             §r§8+§r§a3 §r§c§lBal §r§c❁ Strength
13:31:41 [BESTIARY]                                 §r§8+§r§62% §r§a§r§c§lBal §r§7coins
13:31:41 [BESTIARY]                     §r§8+§r§a50% §r§7chance for extra XP orbs
13:31:41 [BESTIARY]                                §r§8+§r§b1 SkyBlock XP
13:31:41 [BESTIARY] 
13:31:41 [BESTIARY]   §r§f                         §6§lBESTIARY MILESTONE
13:31:41 [BESTIARY]   §r§f                                    §878➡§e79
13:31:41 [BESTIARY] §6§lBESTIARY MILESTONE §878➡§e79
13:31:41 [BESTIARY] §6§lBESTIARY MILESTONE §878➡§e79
13:31:41 [BESTIARY] §6§lBESTIARY MILESTONE §878➡§e79
13:31:41 [BESTIARY] §6§lBESTIARY MILESTONE §878➡§e79
13:31:41 [BESTIARY] 
13:31:46 [SACKS_CHANGE] §6[Sacks] §r§a+90§r§e items§r§e.§r§8 (Last 23s.)
13:32:03 [SACKS_CHANGE] §6[Sacks] §r§a+21§r§e items§r§e.§r§8 (Last 15s.)
13:32:17 [SACKS_CHANGE] §6[Sacks] §r§a+15§r§e items§r§e.§r§8 (Last 5s.)
13:32:33 [SACKS_CHANGE] §6[Sacks] §r§a+24§r§e items§r§e.§r§8 (Last 7s.)
13:33:05 [SACKS_CHANGE] §6[Sacks] §r§a+75§r§e items§r§e.§r§8 (Last 18s.)
13:33:15 [SACKS_CHANGE] §6[Sacks] §r§a+19§r§e items§r§e.§r§8 (Last 6s.)
13:33:28 [EMPTY] 
13:33:33 [SACKS_CHANGE] §6[Sacks] §r§a+92§r§e items§r§e.§r§8 (Last 16s.)
13:33:48 [SACKS_CHANGE] §6[Sacks] §r§a+439§r§e items§r§e.§r§8 (Last 13s.)
13:34:30 [SACKS_CHANGE] §6[Sacks] §r§a+48§r§e items§r§e.§r§8 (Last 17s.)
13:34:48 [SACKS_CHANGE] §6[Sacks] §r§a+39§r§e items§r§e.§r§8 (Last 14s.)
13:34:57 [SACKS_CHANGE] §6[Sacks] §r§a+4§r§e items§r§e.§r§8 (Last 7s.)
13:35:05 [EMPTY]                                         
13:35:33 [SACKS_CHANGE] §6[Sacks] §r§a+71§r§e items§r§e.§r§8 (Last 21s.)
13:35:42 [SACKS_CHANGE] §6[Sacks] §r§a+18§r§e items§r§e.§r§8 (Last 8s.)
13:35:46 [GUILD_EXP] §aYou earned §r§2750 GEXP §r§a+ §r§e2,250 Event EXP §r§afrom playing SkyBlock!
13:35:50 [SACKS_CHANGE] §6[Sacks] §r§a+23§r§e items§r§e.§r§8 (Last 5s.)
13:36:22 [SACKS_CHANGE] §6[Sacks] §r§a+129§r§e items§r§e.§r§8 (Last 23s.)
13:36:30 [SACKS_CHANGE] §6[Sacks] §r§a+31§r§e items§r§e.§r§8 (Last 7s.)
13:36:36 [SACKS_CHANGE] §6[Sacks] §r§a+173§r§e items§r§e.§r§8 (Last 5s.)
13:36:56 [SACKS_CHANGE] §6[Sacks] §r§a+202§r§e items§r§e.§r§8 (Last 13s.)
13:37:43 [SACKS_CHANGE] §6[Sacks] §r§a+26§r§e items§r§e.§r§8 (Last 15s.)
13:37:59 [SACKS_CHANGE] §6[Sacks] §r§a+56§r§e items§r§e.§r§8 (Last 14s.)
13:38:06 [SACKS_CHANGE] §6[Sacks] §r§a+1§r§e item§r§e.§r§8 (Last 5s.)
13:38:28 [SACKS_CHANGE] §6[Sacks] §r§a+19§r§e items§r§e.§r§8 (Last 6s.)
13:38:34 [SACKS_CHANGE] §6[Sacks] §r§a+1§r§e item§r§e.§r§8 (Last 5s.)
13:38:45 [SACKS_CHANGE] §6[Sacks] §r§a+5§r§e items§r§e.§r§8 (Last 9s.)
13:39:32 [SACKS_CHANGE] §6[Sacks] §r§a+56§r§e items§r§e.§r§8 (Last 20s.)
13:39:57 [SACKS_CHANGE] §6[Sacks] §r§a+73§r§e items§r§e.§r§8 (Last 22s.)
13:40:22 [SACKS_CHANGE] §6[Sacks] §r§a+88§r§e items§r§e.§r§8 (Last 18s.)
13:40:50 [GUILD_EXP] §aYou earned §r§2683 GEXP §r§a+ §r§e2,049 Event EXP §r§afrom playing SkyBlock!
13:41:35 [SACKS_CHANGE] §6[Sacks] §r§a+199§r§e items§r§e.§r§8 (Last 30s.)
13:41:50 [SACKS_CHANGE] §6[Sacks] §r§a+53§r§e items§r§e.§r§8 (Last 8s.)
13:42:12 [SACKS_CHANGE] §6[Sacks] §r§a+35§r§e items§r§e.§r§8 (Last 7s.)
13:42:24 [SACKS_CHANGE] §6[Sacks] §r§a+1§r§e item§r§e.§r§8 (Last 5s.)
13:42:39 [SACKS_CHANGE] §6[Sacks] §r§a+60§r§e items§r§e.§r§8 (Last 14s.)
13:42:55 [SACKS_CHANGE] §6[Sacks] §r§a+15§r§e items§r§e.§r§8 (Last 5s.)
13:43:23 [SACKS_CHANGE] §6[Sacks] §r§a+39§r§e items§r§e.§r§8 (Last 20s.)
13:43:54 [SACKS_CHANGE] §6[Sacks] §r§a+124§r§e items§r§e.§r§8 (Last 29s.)
13:44:05 [SACKS_CHANGE] §6[Sacks] §r§a+19§r§e items§r§e.§r§8 (Last 9s.)
13:44:12 [SACKS_CHANGE] §6[Sacks] §r§a+4§r§e items§r§e.§r§8 (Last 5s.)
13:44:57 [SACKS_CHANGE] §6[Sacks] §r§a+31§r§e items§r§e.§r§8 (Last 15s.)
13:45:11 [SACKS_CHANGE] §6[Sacks] §r§a+15§r§e items§r§e.§r§8 (Last 5s.)
13:45:14 [EMPTY]  
13:45:14 [BESTIARY] §f                                  §6§lBESTIARY
13:45:14 [BESTIARY] §f                                 §b§lYog §7§89 §8➡§b §b10
13:45:14 [BESTIARY] 
13:45:14 [BESTIARY]                                   §r§6§lREWARDS
13:45:14 [BESTIARY]                             §r§8+§r§a3 Yog §r§b✯ Magic Find
13:45:14 [BESTIARY]                             §r§8+§r§a3 Yog §r§c❁ Strength
13:45:14 [BESTIARY]                                 §r§8+§r§62% §r§aYog §r§7coins
13:45:14 [BESTIARY]                     §r§8+§r§a50% §r§7chance for extra XP orbs
13:45:14 [BESTIARY]                                §r§8+§r§b1 SkyBlock XP
13:45:14 [BESTIARY] 
13:45:14 [BESTIARY] §3§l▬▬▬▬▬▬▬▬▬▬▬▬▬▬▬▬▬▬▬▬▬▬▬▬▬▬▬▬▬▬▬▬▬▬▬▬▬▬▬▬▬▬▬▬▬▬▬▬▬▬▬▬▬▬▬▬▬▬▬▬▬▬▬▬
13:45:30 [SACKS_CHANGE] §6[Sacks] §r§a+107§r§e items§r§e.§r§8 (Last 18s.)
13:45:54 [GUILD_EXP] §aYou earned §r§2743 GEXP §r§a+ §r§e2,229 Event EXP §r§afrom playing SkyBlock!
13:46:02 [SACKS_CHANGE] §6[Sacks] §r§a+452§r§e items§r§e.§r§8 (Last 5s.)
13:46:27 [SACKS_CHANGE] §6[Sacks] §r§a+62§r§e items§r§e.§r§8 (Last 9s.)
13:46:34 [SACKS_CHANGE] §6[Sacks] §r§a+12§r§e items§r§e.§r§8 (Last 5s.)
13:46:44 [SACKS_CHANGE] §6[Sacks] §r§a+15§r§e items§r§e.§r§8 (Last 5s.)
13:47:13 [SACKS_CHANGE] §6[Sacks] §r§a+92§r§e items§r§e.§r§8 (Last 11s.)
13:47:27 [SACKS_CHANGE] §6[Sacks] §r§a+58§r§e items§r§e.§r§8 (Last 12s.)
13:48:01 [SACKS_CHANGE] §6[Sacks] §r§a+168§r§e items§r§e.§r§8 (Last 30s.)
13:48:33 [SACKS_CHANGE] §6[Sacks] §r§a+94§r§e items§r§e.§r§8 (Last 30s.)
13:48:47 [EMPTY]  
13:48:47 [BESTIARY] §f                                  §6§lBESTIARY
13:48:47 [BESTIARY] §f                                  §b§lBal §7§88 §8➡§b §b9
13:48:47 [BESTIARY] 
13:48:47 [BESTIARY]                                   §r§6§lREWARDS
13:48:47 [BESTIARY]                             §r§8+§r§a3 §r§c§lBal §r§b✯ Magic Find
13:48:47 [BESTIARY]                             §r§8+§r§a3 §r§c§lBal §r§c❁ Strength
13:48:47 [BESTIARY]                                 §r§8+§r§62% §r§a§r§c§lBal §r§7coins
13:48:47 [BESTIARY]                     §r§8+§r§a50% §r§7chance for extra XP orbs
13:48:47 [BESTIARY]                                §r§8+§r§b1 SkyBlock XP
13:48:47 [BESTIARY] 
13:48:47 [BESTIARY] §3§l▬▬▬▬▬▬▬▬▬▬▬▬▬▬▬▬▬▬▬▬▬▬▬▬▬▬▬▬▬▬▬▬▬▬▬▬▬▬▬▬▬▬▬▬▬▬▬▬▬▬▬▬▬▬▬▬▬▬▬▬▬▬▬▬
13:49:03 [SACKS_CHANGE] §6[Sacks] §r§a+37§r§e items§r§e.§r§8 (Last 29s.)
13:49:23 [SACKS_CHANGE] §6[Sacks] §r§a+20§r§e items§r§e.§r§8 (Last 5s.)
13:49:42 [SACKS_CHANGE] §6[Sacks] §r§a+79§r§e items§r§e.§r§8 (Last 14s.)
13:49:48 [SACKS_CHANGE] §6[Sacks] §r§a+12§r§e items§r§e.§r§8 (Last 5s.)
13:50:16 [SACKS_CHANGE] §6[Sacks] §r§a+505§r§e items§r§e.§r§8 (Last 17s.)
13:50:25 [EMPTY] 
13:50:30 [SACKS_CHANGE] §6[Sacks] §r§a+216§r§e items§r§e.§r§8 (Last 12s.)
13:50:48 [SACKS_CHANGE] §6[Sacks] §r§a+39§r§e items§r§e.§r§8 (Last 5s.)
13:51:01 [GUILD_EXP] §aYou earned §r§2750 GEXP §r§a+ §r§e2,250 Event EXP §r§afrom playing SkyBlock!
13:51:03 [SACKS_CHANGE] §6[Sacks] §r§a+66§r§e items§r§e.§r§8 (Last 9s.)
13:51:50 [SACKS_CHANGE] §6[Sacks] §r§a+12§r§e items§r§e.§r§8 (Last 5s.)
13:52:03 [SACKS_CHANGE] §6[Sacks] §r§a+15§r§e items§r§e.§r§8 (Last 5s.)
13:52:09 [SACKS_CHANGE] §6[Sacks] §r§a+15§r§e items§r§e.§r§8 (Last 5s.)
13:52:47 [SACKS_CHANGE] §6[Sacks] §r§a+207§r§e items§r§e.§r§8 (Last 30s.)
13:53:03 [SACKS_CHANGE] §6[Sacks] §r§a+72§r§e items§r§e.§r§8 (Last 12s.)
13:53:14 [SACKS_CHANGE] §6[Sacks] §r§a+1§r§e item§r§e.§r§8 (Last 5s.)
13:53:24 [EMPTY] 
13:53:49 [SACKS_CHANGE] §6[Sacks] §r§a+30§r§e items§r§e.§r§8 (Last 8s.)
13:53:57 [SACKS_CHANGE] §6[Sacks] §r§a+237§r§e items§r§e.§r§8 (Last 5s.)
13:54:15 [SACKS_CHANGE] §6[Sacks] §r§a+12§r§e items§r§e.§r§8 (Last 5s.)
13:54:27 [SACKS_CHANGE] §6[Sacks] §r§a+27§r§e items§r§e.§r§8 (Last 10s.)
13:54:45 [SACKS_CHANGE] §6[Sacks] §r§a+86§r§e items§r§e.§r§8 (Last 17s.)
13:55:02 [EMPTY]                                         
13:55:08 [SACKS_CHANGE] §6[Sacks] §r§a+107§r§e items§r§e.§r§8 (Last 18s.)
13:55:37 [SACKS_CHANGE] §6[Sacks] §r§a+89§r§e items§r§e.§r§8 (Last 21s.)
13:55:44 [SACKS_CHANGE] §6[Sacks] §r§a+2§r§e items§r§e.§r§8 (Last 5s.)
13:55:50 [SACKS_CHANGE] §6[Sacks] §r§a+2§r§e items§r§e.§r§8 (Last 5s.)
13:56:07 [GUILD_EXP] §aYou earned §r§2750 GEXP §r§a+ §r§e2,250 Event EXP §r§afrom playing SkyBlock!
13:56:15 [SACKS_CHANGE] §6[Sacks] §r§a+79§r§e items§r§e.§r§8 (Last 18s.)
13:56:30 [SACKS_CHANGE] §6[Sacks] §r§a+27§r§e items§r§e.§r§8 (Last 5s.)
13:56:45 [SACKS_CHANGE] §6[Sacks] §r§a+68§r§e items§r§e.§r§8 (Last 11s.)
13:57:16 [SACKS_CHANGE] §6[Sacks] §r§a+132§r§e items§r§e.§r§8 (Last 27s.)
13:57:22 [SACKS_CHANGE] §6[Sacks] §r§a+23§r§e items§r§e.§r§8 (Last 5s.)
13:57:41 [SACKS_CHANGE] §6[Sacks] §r§a+15§r§e items§r§e.§r§8 (Last 5s.)
13:57:56 [SACKS_CHANGE] §6[Sacks] §r§a+6§r§e items§r§e.§r§8 (Last 12s.)
13:58:03 [SACKS_CHANGE] §6[Sacks] §r§a+23§r§e items§r§e.§r§8 (Last 5s.)
13:58:18 [SACKS_CHANGE] §6[Sacks] §r§a+42§r§e items§r§e.§r§8 (Last 10s.)
13:58:26 [SACKS_CHANGE] §6[Sacks] §r§a+30§r§e items§r§e.§r§8 (Last 8s.)
13:58:54 [SACKS_CHANGE] §6[Sacks] §r§a+15§r§e items§r§e.§r§8 (Last 5s.)
13:59:27 [SACKS_CHANGE] §6[Sacks] §r§a+1,157§r§e items§r§e.§r§8 (Last 25s.)
13:59:35 [SACKS_CHANGE] §6[Sacks] §r§a+86§r§e items§r§e.§r§8 (Last 6s.)
13:59:55 [SACKS_CHANGE] §6[Sacks] §r§a+34§r§e items§r§e.§r§8 (Last 8s.)
14:01:14 [GUILD_EXP] §aYou earned §r§2750 GEXP §r§a+ §r§e2,250 Event EXP §r§afrom playing SkyBlock!
14:01:43 [SACKS_CHANGE] §6[Sacks] §r§a+2,118§r§e items§r§e.§r§8 (Last 30s.)
14:02:28 [SACKS_CHANGE] §6[Sacks] §r§a+532§r§e items§r§e.§r§8 (Last 30s.)
14:02:58 [SACKS_CHANGE] §6[Sacks] §r§a+117§r§e items§r§e.§r§8 (Last 23s.)
14:06:20 [GUILD_EXP] §aYou earned §r§2415 GEXP §r§a+ §r§e1,245 Event EXP §r§afrom playing SkyBlock!
