08:56:47 Trying to load config from config\skyhanni\config.json
08:56:47 load-config-now
08:56:48 Loaded config from file
08:56:48 Trying to load sacks from config\skyhanni\sacks.json
08:56:48 load-sacks-now
08:56:48 Loaded sacks from file
08:56:48 Trying to load friends from config\skyhanni\friends.json
08:56:48 load-friends-now
08:56:48 Loaded friends from file
08:56:48 Trying to load known_features from config\skyhanni\known_features.json
08:56:48 load-known_features-now
08:56:48 Loaded known_features from file
08:56:48 Trying to load jacob_contests from config\skyhanni\jacob_contests.json
08:56:48 load-jacob_contests-now
08:56:48 Loaded jacob_contests from file
08:56:48 Trying to load visual_words from config\skyhanni\visual_words.json
08:56:48 Setting visual_words to be blank as it did not exist. It will be saved once something is written to it
08:56:48 Trying to load pets from config\skyhanni\pets.json
08:56:48 load-pets-now
08:56:48 Loaded pets from file
08:56:48 Trying to load storage from config\skyhanni\storage.json
08:56:48 load-storage-now
08:56:48 Loaded storage from file
08:56:48 Trying to load routes from config\skyhanni\routes.json
08:56:48 load-routes-now
08:56:48 Loaded routes from file
08:57:48 saveConfig: auto-save-60s
08:57:48 Saving config file
08:57:48 Saved config file successfully
08:57:48 saveConfig: auto-save-60s
08:57:48 Saving config file
08:57:48 Saved config file successfully
