16:09:00 §bNew day! §r§eYour §r§2Lottery §r§ebuff changed!
16:09:00 §eNew buff§r§r§r: §r§fGain §r§a+5% §r§2∮ Sweep§r§f.
16:09:00 §8§oYou can disable this messaging by toggling Lottery in your /hotf!
16:11:40 §bNew day! §r§eYour §r§2Lottery §r§ebuff changed!
16:11:40 §eNew buff§r§r§r: §r§fGain §r§a+5% §r§2∮ Sweep§r§f.
16:11:40 §8§oYou can disable this messaging by toggling Lottery in your /hotf!
16:15:01 §bNew day! §r§eYour §r§2Lottery §r§ebuff changed!
16:15:01 §eNew buff§r§r§r: §r§fGain §r§a+5% §r§2∮ Sweep§r§f.
16:15:01 §8§oYou can disable this messaging by toggling Lottery in your /hotf!
16:35:01 §bNew day! §r§eYour §r§2Lottery §r§ebuff changed!
16:35:01 §eNew buff§r§r§r: §r§fGain §r§a+50 §r§6☘ Mangrove Fortune§r§f.
16:35:01 §8§oYou can disable this messaging by toggling Lottery in your /hotf!
16:40:58 §bNew day! §r§eYour §r§2Lottery §r§ebuff changed!
16:40:58 §eNew buff§r§r§r: §r§fGain §r§a+50 §r§6☘ Mangrove Fortune§r§f.
16:40:58 §8§oYou can disable this messaging by toggling Lottery in your /hotf!
16:41:09 §bNew day! §r§eYour §r§2Lottery §r§ebuff changed!
16:41:09 §eNew buff§r§r§r: §r§fGain §r§a+50 §r§6☘ Mangrove Fortune§r§f.
16:41:09 §8§oYou can disable this messaging by toggling Lottery in your /hotf!
16:41:24 §bNew day! §r§eYour §r§2Lottery §r§ebuff changed!
16:41:24 §eNew buff§r§r§r: §r§fGain §r§a+50 §r§6☘ Mangrove Fortune§r§f.
16:41:24 §8§oYou can disable this messaging by toggling Lottery in your /hotf!
16:41:30 §bNew day! §r§eYour §r§2Lottery §r§ebuff changed!
16:41:30 §eNew buff§r§r§r: §r§fGain §r§a+50 §r§6☘ Mangrove Fortune§r§f.
16:41:30 §8§oYou can disable this messaging by toggling Lottery in your /hotf!
16:43:08 §bNew day! §r§eYour §r§2Lottery §r§ebuff changed!
16:43:08 §eNew buff§r§r§r: §r§fGain §r§a+50 §r§6☘ Mangrove Fortune§r§f.
16:43:08 §8§oYou can disable this messaging by toggling Lottery in your /hotf!
16:45:39 §bNew day! §r§eYour §r§2Lottery §r§ebuff changed!
16:45:39 §eNew buff§r§r§r: §r§fGain §r§a+50 §r§6☘ Mangrove Fortune§r§f.
16:45:39 §8§oYou can disable this messaging by toggling Lottery in your /hotf!
16:55:01 §bNew day! §r§eYour §r§2Lottery §r§ebuff changed!
16:55:01 §eNew buff§r§r§r: §r§fGain §r§a+50 §r§6☘ Mangrove Fortune§r§f.
16:55:01 §8§oYou can disable this messaging by toggling Lottery in your /hotf!
17:15:01 §bNew day! §r§eYour §r§2Lottery §r§ebuff changed!
17:15:01 §eNew buff§r§r§r: §r§fGain §r§a+50 §r§6☘ Mangrove Fortune§r§f.
17:15:01 §8§oYou can disable this messaging by toggling Lottery in your /hotf!
17:35:01 §bNew day! §r§eYour §r§2Lottery §r§ebuff changed!
17:35:01 §eNew buff§r§r§r: §r§fGain §r§a+50 §r§6☘ Fig Fortune§r§f.
17:35:01 §8§oYou can disable this messaging by toggling Lottery in your /hotf!
