08:59:38 [allowed] §aYou are still radiating with §bGenerosity§r§a!
08:59:40 [allowed]  §b>§c>§a>§r §r§b[MVP§6++§b] JayPurr§f §6joined the lobby!§r §a<§c<§b<
08:59:41 [allowed]   §r§f§l➤ §r§6You have reached your Hype limit! Add Hype to Prototype Lobby minigames by right-clicking with the Hype Diamond!
08:59:41 [allowed] §b[MVP§9+§b] Aeonl§f §6joined the lobby!
08:59:43 [allowed] §b[MVP§a+§b] yellow_scrub§f §6joined the lobby!
08:59:47 [allowed] §7Sending to server mini10CD...
08:59:50 [allowed] §eLatest update: §bSkyBlock v0.23.2 §e§lCLICK
08:59:57 [allowed] §2Guild > §a[VIP§6+§a] himej0shi§f: §rhaii
09:01:18 [allowed]  §9§l» §ahimej0shi §eis traveling to §aHub §e§lFOLLOW
09:01:37 [allowed] §4[WATCHDOG ANNOUNCEMENT]
09:01:37 [allowed] Watchdog has banned §r§c§l8,503§r§f players in the last 7 days.
09:01:37 [allowed] Staff have banned an additional §r§c§l8,851§r§f in the last 7 days.
09:01:37 [allowed] §cBlacklisted modifications are a bannable offense!
09:01:38 [allowed] §2Guild > §b[MVP§3+§b] catholicschool§f: §rHAIIIIIIIIIIII
09:01:44 [allowed] §2Guild > §a[VIP§6+§a] himej0shi§f: §rHAIIIIIIIIIIII
09:01:48 [allowed]  §9§l» §ahimej0shi §eis traveling to §aPrivate Island §e§lFOLLOW
09:01:58 [allowed] §7Finding player...
09:02:02 [allowed] §7Warping...
09:02:02 [allowed] §7Sending to server mini34DG...
09:02:19 [allowed] §cYou haven't unlocked this fast travel destination!
09:03:23 [allowed] §7Warping you to your SkyBlock island...
09:03:23 [allowed] §7Sending to server mini10CD...
09:03:31 [allowed]  §9§l» §ahimej0shi §eis traveling to §aHub §e§lFOLLOW
09:03:37 [allowed]  §9§l» §ahimej0shi §eis traveling to §aPrivate Island §e§lFOLLOW
09:03:41 [allowed]  §9§l» §ahimej0shi §eis traveling to §aThe End §e§lFOLLOW
09:04:30 [allowed] §aYou summoned your §r§6Silverfish§r§a!
09:04:44 [allowed] §7Warping...
09:04:44 [allowed] §7Sending to server mini31CQ...
09:05:19 [allowed] §aYou donated your §r§aProspector's Outfit §r§ato the Museum! §r§b+3 SkyBlock XP
09:05:31 [allowed] §7Warping...
09:05:34 [allowed] §7Warping you to your SkyBlock island...
09:05:34 [allowed] §7Sending to server mini193AM...
09:08:24 [allowed] §5Rabbit Uncle §r§7has been promoted to §r§7[132§r§7] §r§5Manager§r§7!
09:08:27 [allowed] §cThe Time Tower is already active!
09:08:28 [allowed] §5Rabbit Dog §r§7has been promoted to §r§7[129§r§7] §r§5Manager§r§7!
09:08:29 [allowed] §5Rabbit Bro §r§7has been promoted to §r§7[170§r§7] §r§5Manager§r§7!
09:08:59 [allowed] §aWarped from the §r§9Blue Teleport Pad§r§a to the §r§a‎ Teleport Pad§r§a!
09:09:06 [allowed] §eTeleport pad name changed!
09:09:10 [allowed] §aWarped from the §r§amusume Teleport Pad§r§a to the §r§9Blue Teleport Pad§r§a!
09:10:24 [allowed] §2Guild > §a[VIP§6+§a] himej0shi§f: §r184 combo wombo combo
09:10:30 [allowed] §2Guild > §b[MVP§3+§b] catholicschool§f: §rwoahh nicee
09:10:31 [allowed] §2Guild > §b[MVP§3+§b] catholicschool§f: §rgogogo!!
09:10:42 [allowed] §2Guild > §a[VIP§6+§a] himej0shi§f: §rnaomi.. can i come
09:10:47 [allowed] §2Guild > §b[MVP§3+§b] catholicschool§f: §rsSDITPwhjaa
09:10:55 [allowed] §2Guild > §a[VIP§6+§a] himej0shi§f: §rhkdhjgfddhf nii nnunnnuuuuuuuuuuuuuuuuuu
09:11:12 [allowed] §5Rabbit Bro §r§7has been promoted to §r§7[171§r§7] §r§5Manager§r§7!
09:11:39 [allowed] §e[SkyHanni] You have gained §b357 §eBits.
09:14:51 [allowed]  §9§l» §ahimej0shi §eis traveling to §aHub §e§lFOLLOW
09:15:16 [allowed]  §9§l» §ahimej0shi §eis traveling to §aPrivate Island §e§lFOLLOW
09:15:27 [allowed] §e[SkyHanni] §cYour Time Tower just expired and has 2 charges remaining. Click here to open the Chocolate Factory Menu.
09:16:29 [allowed]  §9§l» §ahimej0shi §eis traveling to §aThe End §e§lFOLLOW
09:16:32 [allowed] §bhimej0shi joined SkyBlock.
09:16:39 [allowed] §d§lTIME TOWER! §r§7Your §r§6Chocolate Factory §r§7production has increased by §r§6+1.2x §r§7for §r§a1h§r§7!
09:16:40 [allowed] §5Rabbit Bro §r§7has been promoted to §r§7[172§r§7] §r§5Manager§r§7!
09:19:03 [allowed] §7Warping...
09:19:03 [allowed] §7Sending to server mini28AD...
09:19:12 [allowed] §dWarped to §r§bElection Room§r§d!
09:19:29 [allowed] §d-----------------------------------------------------
09:19:29 [allowed] §eYou voted for §r§dDiana §r§ein the §r§bYear 434 Elections§r§e!
09:19:29 [allowed] §eAs a §bPhilanthropist§e, your vote counts for §a5§e.
09:19:29 [allowed] §dDiana §r§enow has §r§d59.3% §r§eof votes with §r§d8,757 votes§r§e!
09:19:29 [allowed] §d-----------------------------------------------------
09:19:33 [allowed] §2Guild > §b[MVP§3+§b] catholicschool§f: §raa diana on jargmine major
09:19:37 [allowed] §2Guild > §b[MVP§3+§b] catholicschool§f: §rpetluck
09:19:40 [allowed] §2Guild > §a[VIP§6+§a] himej0shi§f: §rohhh
09:19:41 [allowed] §2Guild > §a[VIP§6+§a] himej0shi§f: §rnice
09:19:42 [allowed] §2Guild > §b[MVP§3+§b] catholicschool§f: §rso farming enderdragons
09:19:57 [allowed] §2Guild > §b[MVP§3+§b] catholicschool§f: §rand also higher chacne to get legendary enderman fhghf
09:20:02 [allowed] §2Guild > §a[VIP§6+§a] himej0shi§f: §rmhm :DDDd
09:20:05 [allowed] §dWarped to §r§bCommunity Center§r§d!
09:20:12 [allowed] §2Guild > §a[VIP§6+§a] himej0shi§f: §r4 päeva pärast siis
09:20:16 [allowed] §2Guild > §b[MVP§3+§b] catholicschool§f: §ryep
09:20:20 [allowed] §8[§3277§8] §6♔ §r§b[MVP§0+§b] Porsul§f§7 is holding §r§8[§9Flower Minion XII§8]
09:20:22 [allowed] §8[§r§3277§r§8] §r§6♔ §r§b[MVP§0+§b] Porsul§f§r§f: selling
09:20:42 [allowed] §7Finding player...
09:20:43 [allowed] §7Sending a visit request...
09:20:43 [allowed] §7Sending to server mini28CQ...
09:20:44 [allowed] §f§m-----------------------------------------------------
§r§cYou should NEVER enter your Microsoft account details anywhere but on official Microsoft services!

§r§cExternal links from untrusted sources should be avoided.
§r§f§m-----------------------------------------------------
09:20:46 [allowed] §7Sending to server mini79S...
09:20:57 [allowed] §e[NPC] §5Gwendolyn§f: §rGreat! Now hop on into the Minecart and I'll get you on your way!
09:21:01 [allowed] §7Finding player...
09:21:07 [allowed] §e[NPC] §5Gwendolyn§f: §r§cOh no! It looks like you missed the Minecart!
09:21:07 [allowed] §7Warping...
09:21:07 [allowed] §7Sending to server mini100CK...
09:21:08 [allowed] §7[§r§rS§r§rk§r§ry§r§rb§r§rl§r§ro§r§rc§r§rk§r§re§r§rr§r§7] §rReceived a waypoint to Jungle Temple from the Skyblocker WebSocket.
09:21:08 [allowed] §7[§r§rS§r§rk§r§ry§r§rb§r§rl§r§ro§r§rc§r§rk§r§re§r§rr§r§7] §rReceived a waypoint to Mines of Divan from the Skyblocker WebSocket.
09:21:08 [allowed] §7[§r§rS§r§rk§r§ry§r§rb§r§rl§r§ro§r§rc§r§rk§r§re§r§rr§r§7] §rReceived a waypoint to Goblin Queen's Den from the Skyblocker WebSocket.
09:21:08 [allowed] §7[§r§rS§r§rk§r§ry§r§rb§r§rl§r§ro§r§rc§r§rk§r§re§r§rr§r§7] §rReceived a waypoint to Lost Precursor City from the Skyblocker WebSocket.
09:21:08 [allowed] §7[§r§rS§r§rk§r§ry§r§rb§r§rl§r§ro§r§rc§r§rk§r§re§r§rr§r§7] §rReceived a waypoint to Khazad-dûm from the Skyblocker WebSocket.
09:21:08 [allowed] §7[§r§rS§r§rk§r§ry§r§rb§r§rl§r§ro§r§rc§r§rk§r§re§r§rr§r§7] §rReceived a waypoint to King Yolkar from the Skyblocker WebSocket.
09:21:22 [allowed] §2Guild > §a[VIP§6+§a] himej0shi§f: §rhamsterdance
09:22:27 [allowed] §2Guild > §b[MVP§3+§b] catholicschool§f: §rdibadeebadeebadoudou
09:22:43 [allowed] §e§l▬▬▬▬▬▬▬▬▬▬▬▬▬▬▬▬▬▬▬▬▬▬▬▬▬▬▬▬▬▬▬▬▬▬▬▬▬▬▬▬▬▬▬▬▬▬▬▬▬▬▬▬▬▬▬▬▬▬▬▬▬▬▬▬
09:22:43 [allowed]   §r§6§lCOLLECTION LEVEL UP §eHard Stone §8VI➜§eVII
09:22:43 [allowed]   §r§a§lREWARDS
09:22:43 [allowed]     §r§7§5Silex §7Recipe
09:22:43 [allowed]     §r§7§8+§b4 SkyBlock XP
09:22:43 [allowed] §e§l▬▬▬▬▬▬▬▬▬▬▬▬▬▬▬▬▬▬▬▬▬▬▬▬▬▬▬▬▬▬▬▬▬▬▬▬▬▬▬▬▬▬▬▬▬▬▬▬▬▬▬▬▬▬▬▬▬▬▬▬▬▬▬▬
09:22:54 [allowed] §2Guild > §a[VIP§6+§a] himej0shi§f: §roo
09:22:54 [allowed] §2Guild > §a[VIP§6+§a] himej0shi§f: §rty
09:22:55 [allowed] §cYou need a tool with a §r§aBreaking Power §r§cof §r§67§r§c to mine Jade Gemstone Block§r§c! Speak to §r§dFragilis §r§cby the entrance to the Crystal Hollows to learn more!
09:22:58 [allowed] §aYou used your §r§6Pickobulus §r§aPickaxe Ability!
09:22:59 [allowed] §7Your §r§aPickobulus §r§7destroyed §r§e71 §r§7blocks!
09:23:03 [allowed] §2Guild > §b[MVP§3+§b] catholicschool§f: §rgfhgf np
09:23:08 [allowed] §2Guild > §a[VIP§6+§a] himej0shi§f: §rngl peaks ka yog armor grindima
09:23:12 [allowed] §cYou need a tool with a §r§aBreaking Power §r§cof §r§67§r§c to mine Jade Gemstone Block§r§c! Speak to §r§dFragilis §r§cby the entrance to the Crystal Hollows to learn more!
09:23:17 [allowed] §2Guild > §b[MVP§3+§b] catholicschool§f: §rmhm see hea for mining
09:23:26 [allowed] §2Guild > §a[VIP§6+§a] himej0shi§f: §rtulen ka
09:23:32 [allowed]  §9§l» §ahimej0shi §eis traveling to §aPrivate Island §e§lFOLLOW
09:23:55 [allowed] §2Guild > §b[MVP§3+§b] catholicschool§f: §rOMG JAA TULE
09:23:56 [allowed] §8[§r§2171§r§8] §r§7D3sconectad0§7§r§7: corleone coords?
09:24:00 [allowed] §a§r§6Pickobulus §r§ais now available!
09:24:01 [allowed] §2Guild > §a[VIP§6+§a] himej0shi§f: §rCAN I COME EMILY
09:24:10 [allowed] §2Guild > §b[MVP§3+§b] catholicschool§f: §ryes you can sweetie
09:24:15 [allowed] §2Guild > §a[VIP§6+§a] himej0shi§f: §rwhere can i come..
09:24:16 [allowed] §cWe blocked your comment "cum for mommy" because it contains inappropriate content with adult themes. §r§bhttps://www.hypixel.net/rules/
09:24:21 [allowed]  §9§l» §ahimej0shi §eis traveling to §aHub §e§lFOLLOW
09:24:22 [allowed] §2Guild > §b[MVP§3+§b] catholicschool§f: §rcome for mommy
09:24:25 [allowed] §2Guild > §a[VIP§6+§a] himej0shi§f: §rwhere do yo uwant my seed...
09:24:26 [allowed] §2Guild > §b[MVP§3+§b] catholicschool§f: §rmommt
09:24:39 [allowed]  §9§l» §ahimej0shi §eis traveling to §aPrivate Island §e§lFOLLOW
09:24:40 [allowed] §2Guild > §b[MVP§3+§b] catholicschool§f: §ron my tummy!
09:24:44 [allowed] §2Guild > §a[VIP§6+§a] himej0shi§f: §rokayyy! :3
09:24:57 [allowed] §d§l▬▬▬▬▬▬▬▬▬▬▬▬▬▬▬▬▬▬▬▬▬▬▬▬▬▬▬▬▬▬▬▬▬▬▬▬▬▬▬▬▬▬▬▬▬▬▬▬▬▬▬▬▬▬▬▬▬▬▬▬▬▬▬▬
09:24:57 [allowed]   §r§5§lLOOT CHEST COLLECTED 
09:24:57 [allowed]   §r§f§lREWARDS
09:24:57 [allowed]     §r§f☘ Rough Jade Gemstone §r§8x120
09:24:57 [allowed]     §r§dDiamond Essence
09:24:57 [allowed]     §r§dGemstone Powder §r§8x854
09:24:57 [allowed] §d§l▬▬▬▬▬▬▬▬▬▬▬▬▬▬▬▬▬▬▬▬▬▬▬▬▬▬▬▬▬▬▬▬▬▬▬▬▬▬▬▬▬▬▬▬▬▬▬▬▬▬▬▬▬▬▬▬▬▬▬▬▬▬▬▬
09:24:58 [allowed] §a§l▬▬▬▬▬▬▬▬▬▬▬▬▬▬▬▬▬▬▬▬▬▬▬▬▬▬▬▬▬▬▬▬▬▬▬▬▬▬▬▬▬▬▬▬▬▬▬▬▬▬▬▬▬▬▬▬▬▬▬▬▬▬▬▬
09:24:58 [allowed]                            §r§b§l2X POWDER ENDED!
09:24:58 [allowed]                            §r§7Passive Active Event
09:24:58 [allowed]    Powder amount is back to normal, but there will be another
09:24:58 [allowed] §f                                 event soon!
09:24:58 [allowed] §a§l▬▬▬▬▬▬▬▬▬▬▬▬▬▬▬▬▬▬▬▬▬▬▬▬▬▬▬▬▬▬▬▬▬▬▬▬▬▬▬▬▬▬▬▬▬▬▬▬▬▬▬▬▬▬▬▬▬▬▬▬▬▬▬▬
09:25:39 [allowed] ChatPlus§r§8 > §r§cThat message is already translated.
09:25:41 [allowed] ChatPlus§r§8 > §r§cThat message is already translated.
09:26:20 [allowed]  §9§l» §ahimej0shi §eis traveling to §aPrivate Island §e§lFOLLOW
09:26:27 [allowed]  §9§l» §ahimej0shi §eis traveling to §aDwarven Mines §e§lFOLLOW
09:27:02 [allowed]  §9§l» §ahimej0shi §eis traveling to §aCrystal Hollows §e§lFOLLOW
09:27:09 [allowed] §2Guild > §a[VIP§6+§a] himej0shi§f: §rlushfemboythighs
09:27:25 [allowed] §2Guild > §b[MVP§3+§b] catholicschool§f: §ro.o
09:27:29 [allowed] §2Guild > §b[MVP§3+§b] catholicschool§f: §rwow ty
09:27:38 [allowed] §2Guild > §a[VIP§6+§a] himej0shi§f: §rmis
09:27:39 [allowed] §2Guild > §a[VIP§6+§a] himej0shi§f: §rhjfghkgdfgf
09:27:53 [allowed] §2Guild > §b[MVP§3+§b] catholicschool§f: §rrizz time
09:27:55 [allowed] §2Guild > §a[VIP§6+§a] himej0shi§f: §rhdgfdghfhdfg
09:28:22 [allowed] §aYou used your §r§6Pickobulus §r§aPickaxe Ability!
09:28:23 [allowed] §7Your §r§aPickobulus §r§7destroyed §r§e36 §r§7blocks!
09:28:31 [allowed] §aYou uncovered a treasure chest!
09:28:36 [allowed] §2Guild > §a[VIP§6+§a] himej0shi§f: §rso i need like gazillion hardstone
09:28:39 [allowed] §e§l▬▬▬▬▬▬▬▬▬▬▬▬▬▬▬▬▬▬▬▬▬▬▬▬▬▬▬▬▬▬▬▬▬▬▬▬▬▬▬▬▬▬▬▬▬▬▬▬▬▬▬▬▬▬▬▬▬▬▬▬▬▬▬▬
09:28:39 [allowed]   §r§6§lCHEST LOCKPICKED 
09:28:39 [allowed]   §r§a§lREWARDS
09:28:39 [allowed]     §r§f❤ Rough Ruby Gemstone §r§8x16
09:28:39 [allowed]     §r§dGold Essence §r§8x2
09:28:39 [allowed]     §r§dGemstone Powder §r§8x647
09:28:39 [allowed] §e§l▬▬▬▬▬▬▬▬▬▬▬▬▬▬▬▬▬▬▬▬▬▬▬▬▬▬▬▬▬▬▬▬▬▬▬▬▬▬▬▬▬▬▬▬▬▬▬▬▬▬▬▬▬▬▬▬▬▬▬▬▬▬▬▬
09:28:41 [allowed] §2Guild > §b[MVP§3+§b] catholicschool§f: §ryeah
09:28:58 [allowed] §2Guild > §b[MVP§3+§b] catholicschool§f: §ri have some for you too
09:29:11 [allowed] §2Guild > §a[VIP§6+§a] himej0shi§f: §rmfghh
09:29:13 [allowed] §2Guild > §a[VIP§6+§a] himej0shi§f: §ryes please
09:29:18 [allowed]  §d⚑ §eThe §dBetter Together §eevent starts in §a20 §eseconds!
 §eThis is a passive event! §bIt's happening everywhere in the §bCrystal Hollows!
09:29:23 [allowed] §a§r§6Pickobulus §r§ais now available!
09:29:30 [allowed] §aYou summoned your §r§6Skeleton§r§a!
09:29:38 [allowed] §a§l▬▬▬▬▬▬▬▬▬▬▬▬▬▬▬▬▬▬▬▬▬▬▬▬▬▬▬▬▬▬▬▬▬▬▬▬▬▬▬▬▬▬▬▬▬▬▬▬▬▬▬▬▬▬▬▬▬▬▬▬▬▬▬▬
09:29:38 [allowed]                     §r§d§lBETTER TOGETHER STARTED!
09:29:38 [allowed]                            §r§7Passive Active Event
09:29:38 [allowed]   The §r§dBetter Together §r§ffestival is underway! While this event is
09:29:38 [allowed] §f    §r§factive, gain §r§6+250⸕ Mining Speed §r§fand §r§6+20☘ Mining Fortune
09:29:38 [allowed] §6§r§f    §r§f§r§ffor each player in the same zone as you! §r§7(Max 5 players)
09:29:38 [allowed] §a§l▬▬▬▬▬▬▬▬▬▬▬▬▬▬▬▬▬▬▬▬▬▬▬▬▬▬▬▬▬▬▬▬▬▬▬▬▬▬▬▬▬▬▬▬▬▬▬▬▬▬▬▬▬▬▬▬▬▬▬▬▬▬▬▬
09:29:39 [allowed] §7§oYou can hear cooperative chattering coming from town...
09:29:39 [allowed] §7§oThe Better Together festival is active for 20 minutes!
09:30:08 [allowed] §a§l+5 Kill Combo §r§b+3% §r§b✯ Magic Find
09:30:15 [allowed] §cYour Kill Combo has expired! You reached a 6 Kill Combo!
09:30:27 [allowed] §c[BOSS] Bal§r§f: Bah! Come forth my minions! Fly above, take them out!
09:30:27 [allowed] §a§l+5 Kill Combo §r§b+3% §r§b✯ Magic Find
09:30:34 [allowed] §cYour Kill Combo has expired! You reached a 6 Kill Combo!
09:30:55 [allowed] §a§l+5 Kill Combo §r§b+3% §r§b✯ Magic Find
09:31:00 [allowed] §a§l+10 Kill Combo §r§8+§r§610 §r§7coins per kill
09:31:05 [allowed] §cYour Kill Combo has expired! You reached a 10 Kill Combo!
09:31:12 [allowed] §a§l+5 Kill Combo §r§b+3% §r§b✯ Magic Find
09:31:17 [allowed] §c[BOSS] Bal§r§f: Bah! Come forth my minions! Fly above, take them out!
09:31:20 [allowed] §a§l+10 Kill Combo §r§8+§r§610 §r§7coins per kill
09:31:27 [allowed] §cYour Kill Combo has expired! You reached a 13 Kill Combo!
09:31:31 [allowed] §c[BOSS] Bal§r§f: Grrrr! You won't be able to hit my Fire Bats!
09:31:33 [allowed] §c§oHalf way there! The boss is starting to become weaker!
09:31:36 [allowed] §c[BOSS] Bal§r§f: Grrrr! You won't be able to hit my Fire Bats!
09:31:37 [allowed] §a§l+5 Kill Combo §r§b+3% §r§b✯ Magic Find
09:31:42 [allowed] §c[BOSS] Bal§r§f: Bah! Come forth my minions! Fly above, take them out!
09:31:44 [allowed] §c[BOSS] Bal§r§f: Bah! Come forth my minions! Fly above, take them out!
09:31:46 [allowed] §a§l+10 Kill Combo §r§8+§r§610 §r§7coins per kill
09:31:49 [allowed] §9§l+15 Kill Combo §r§b+3% §r§b✯ Magic Find
09:31:51 [allowed] §e[SkyHanni] Low on arrows §e(100 left)
09:31:53 [allowed] §c[BOSS] Bal§r§f: Grrrr! You won't be able to hit my Fire Bats!
09:31:54 [allowed] §cYour Kill Combo has expired! You reached a 17 Kill Combo!
09:31:55 [allowed] §c[BOSS] Bal§r§f: Grrrr! You won't be able to hit my Fire Bats!
09:32:01 [allowed] §a§l+5 Kill Combo §r§b+3% §r§b✯ Magic Find
09:32:09 [allowed] §cYour Kill Combo has expired! You reached a 7 Kill Combo!
09:32:10 [allowed] §c[BOSS] Bal§r§f: Grrrr! You won't be able to hit my Fire Bats!
09:32:12 [allowed] §a§l+5 Kill Combo §r§b+3% §r§b✯ Magic Find
09:32:13 [allowed] §c[BOSS] Bal§r§f: Bah! Come forth my minions! Fly above, take them out!
09:32:15 [allowed] §c[BOSS] Bal§r§f: Bah! Come forth my minions! Fly above, take them out!
09:32:16 [allowed] §a§l+10 Kill Combo §r§8+§r§610 §r§7coins per kill
09:32:21 [allowed] §9§l+15 Kill Combo §r§b+3% §r§b✯ Magic Find
09:32:21 [allowed] §e[SkyHanni] Low on arrows §e(54 left)
09:32:24 [allowed] §c§lQUIVER! §r§cYou only have 50 §r§fFlint Arrows §r§cleft!
09:32:24 [allowed] §5§l+20 Kill Combo §r§8§r§3+15☯ Combat Wisdom
09:32:28 [allowed] §e§lLOOT SHARE §r§r§r§fYou received loot for assisting §r§bSilexem§r§f!
09:32:29 [allowed] §cYour Kill Combo has expired! You reached a 22 Kill Combo!
09:32:43 [allowed] §a§l+5 Kill Combo §r§b+3% §r§b✯ Magic Find
09:32:44 [allowed] §c§lQUIVER! §r§cYou only have 10 §r§fFlint Arrows §r§cleft!
09:32:45 [allowed] §c[BOSS] Bal§r§f: Bah! Come forth my minions! Fly above, take them out!
09:32:47 [allowed] §c[BOSS] Bal§r§f: AGGHHHHHHHHHHH!
09:32:47 [allowed] §c§oThe boss looks weak and tired and retreats into the lava...
09:32:47 [allowed] §aYou gained §r§b+14 Bits §r§afor killing §r§cBal§r§a!
09:32:47 [allowed] §c[BOSS] Bal§r§f: You cannot best me!
09:32:47 [allowed] §e[SkyHanni] You have gained §b14 §eBits.
09:32:49 [allowed] §c§lQUIVER! §r§cYou have run out of §r§fFlint Arrows§r§c!
09:32:49 [allowed] §eYour quiver has switched to shooting §r§aEmerald-tipped Arrow§r§e!
09:32:50 [allowed] §cYour Kill Combo has expired! You reached a 5 Kill Combo!
09:32:52 [allowed] §2Guild > §a[VIP§6+§a] himej0shi§f: §rma mingi 10:30 pesema siis kuskil sellel ajal
09:33:03 [allowed] §e§lLOOT SHARE §r§r§r§fYou received loot for assisting §r§bSilexem§r§f!
09:33:04 [allowed] §e§lLOOT SHARE §r§r§r§fYou received loot for assisting §r§bSilexem§r§f!
09:33:08 [allowed] §cYou have already placed this Crystal in the Nucleus!
09:33:08 [allowed] §cYou have already placed this Crystal in the Nucleus!
09:33:08 [allowed] §cYou have already placed this Crystal in the Nucleus!
09:33:39 [allowed] §c ☠ §r§7You were killed by Yog§r§7§r§7.
09:34:03 [allowed] §2Guild > §b[MVP§3+§b] catholicschool§f: §rary anne
09:34:25 [allowed] §2Guild > §a[VIP§6+§a] himej0shi§f: §rhm?
09:34:38 [allowed] §2Guild > §b[MVP§3+§b] catholicschool§f: §rpony
09:34:43 [allowed] §cYou need a tool with a §r§aBreaking Power §r§cof §r§67§r§c to mine Jade Gemstone Block§r§c! Speak to §r§dFragilis §r§cby the entrance to the Crystal Hollows to learn more!
09:34:53 [allowed] §2Guild > §a[VIP§6+§a] himej0shi§f: §rAWWWWW
09:34:56 [allowed] §2Guild > §b[MVP§3+§b] catholicschool§f: §rma olen mingi random turkey tom sloppi vaadanud viimasel ajal :sob:
09:34:58 [allowed] §2Guild > §b[MVP§3+§b] catholicschool§f: §rofc aww
09:34:58 [allowed] §2Guild > §a[VIP§6+§a] himej0shi§f: §rwaAIT
09:35:00 [allowed] §2Guild > §a[VIP§6+§a] himej0shi§f: §rSEE POLE AWW
09:35:01 [allowed] §2Guild > §a[VIP§6+§a] himej0shi§f: §rGHJFDSHFDG
09:35:04 [allowed] §2Guild > §b[MVP§3+§b] catholicschool§f: §rfhndhagfhaHGFHG
09:35:08 [allowed] §2Guild > §b[MVP§3+§b] catholicschool§f: §rwooow naomi...
09:35:10 [allowed] §2Guild > §b[MVP§3+§b] catholicschool§f: §rfreudian slip
09:35:21 [allowed] §2Guild > §a[VIP§6+§a] himej0shi§f: §rsorry.. im just weak for that colour okayt
09:35:23 [allowed] §2Guild > §a[VIP§6+§a] himej0shi§f: §rSMH
09:35:28 [allowed] §2Guild > §b[MVP§3+§b] catholicschool§f: §rthe aryan color
09:35:31 [allowed] §2Guild > §a[VIP§6+§a] himej0shi§f: §rgfdjhkshjfds
09:35:35 [allowed] §2Guild > §a[VIP§6+§a] himej0shi§f: §raryan doesnt even exist
09:35:42 [allowed] §2Guild > §b[MVP§3+§b] catholicschool§f: §rim aryan
09:35:49 [allowed] §2Guild > §a[VIP§6+§a] himej0shi§f: §rmkm
09:35:51 [allowed] §2Guild > §b[MVP§3+§b] catholicschool§f: §rim aryan ginger latinx
09:36:05 [allowed] §e[SkyHanni] Low on arrows §e(30 left)
09:36:09 [allowed] §2Guild > §b[MVP§3+§b] catholicschool§f: §rlow on arrows!
09:36:10 [allowed] §7Warping...
09:36:10 [allowed] §7Sending to server mini157DS...
09:36:10 [allowed] §cYou were kicked while joining that server!
09:36:10 [allowed] §cYou tried to rejoin too fast, please try again in a moment!
09:36:13 [allowed] §2Guild > §a[VIP§6+§a] himej0shi§f: §rogii
09:36:17 [allowed] §cSomething went wrong! (Warp timeout)
09:36:17 [allowed] §cA kick occurred in your connection, so you were put in the SkyBlock lobby!
09:36:17 [allowed] send:lobby
09:36:17 [allowed] §aYou are still radiating with §bGenerosity§r§a!
09:36:17 [allowed]  §b>§c>§a>§r §r§6[MVP§9++§6] fekz6y§f §6joined the lobby!§r §a<§c<§b<
09:36:18 [allowed] §2Guild > §a[VIP§6+§a] himej0shi§f: §ruhm
09:36:19 [allowed] §b[MVP§c+§b] FemboyRose§f §6joined the lobby!
09:36:20 [allowed]   §r§f§l➤ §r§6You have reached your Hype limit! Add Hype to Prototype Lobby minigames by right-clicking with the Hype Diamond!
09:36:22 [allowed] §b[MVP§c+§b] nicknameDD§f §6joined the lobby!
09:36:22 [allowed] §2Guild > §a[VIP§6+§a] himej0shi§f: §rwhat bow should i use hgjfdhjgdf
09:36:22 [allowed] §7Sending to server mini234R...
09:36:25 [allowed] §eLatest update: §bSkyBlock v0.23.2 §e§lCLICK
09:36:26 [allowed] §8[§r§2185§r§8] §r§a[VIP§6+§a] Rock902§f§r§f: what else would I be doing here?
09:36:26 [allowed] §2Guild > §a[VIP§6+§a] himej0shi§f: §rnow that i dont have one jgfdh
09:36:31 [allowed] §8[§r§a139§r§8] §r§7▒ §r§a[VIP] mteomnd§f§r§f: just do it urself
09:36:31 [allowed] §8[§r§2185§r§8] §r§a[VIP§6+§a] Rock902§f§r§f: xd
09:36:33 [allowed] §2Guild > §b[MVP§3+§b] catholicschool§f: §rjust use a machinegun one
09:36:34 [allowed] §8[§r§76§r§8] §r§7WinterCloudyz§7§r§7: ok
09:36:36 [allowed] §2Guild > §a[VIP§6+§a] himej0shi§f: §raa tru
09:36:37 [allowed] §8[§r§d320§r§8] §r§7✧ §r§b[MVP§c+§b] Blobfish64§f§r§f: Oh wait I forgot yeah nvm lol
09:36:47 [allowed] §8[§r§d320§r§8] §r§7✧ §r§b[MVP§c+§b] Blobfish64§f§r§f: Nice job tho, you're doing it right
09:36:50 [allowed] §2Guild > §b[MVP§3+§b] catholicschool§f: §rit only does like 1k less damage than enderman bow outside the end
09:36:53 [allowed] §8[§r§76§r§8] §r§7WinterCloudyz§7§r§7: ??
09:36:56 [allowed] §2Guild > §b[MVP§3+§b] catholicschool§f: §ri mean dragons.
09:36:58 [allowed] §7Warping...
09:36:59 [allowed] §7Sending to server mini8BR...
09:36:59 [allowed] §8[§r§76§r§8] §r§7WinterCloudyz§7§r§7: nvm
09:37:05 [allowed] §aYou bought §r§fFlint Arrow§r§8 x20 §r§afor §r§6200 Coins§r§a!
09:37:06 [allowed] §8[§r§e107§r§8] §r§7❁ §r§a[VIP] Eddiefung§f§r§f: R ?\
09:37:08 [allowed] §aYou filled your quiver with §r§f2,368 §r§aextra arrows!
09:37:13 [allowed] §8[§r§e107§r§8] §r§7❁ §r§a[VIP] Eddiefung§f§r§f: r ?
09:37:23 [allowed] §9§m-----------------------------------------------------
09:37:23 [allowed] §eThe party was transferred to §r§a[VIP§r§6+§r§a] himej0shi §r§eby §r§b[MVP§r§3+§r§b] catholicschool
09:37:23 [allowed] §9§m-----------------------------------------------------
09:37:27 [allowed] §9§m-----------------------------
09:37:27 [allowed] §eParty Leader, §r§a[VIP§r§6+§r§a] himej0shi§r§e, summoned you to their server.
09:37:27 [allowed] §9§m-----------------------------
09:37:27 [allowed] §cCouldn't warp you! Try again later. §r§7(SERVER_FULL)
09:37:29 [allowed] §9§m-----------------------------
09:37:29 [allowed] §eParty Leader, §r§a[VIP§r§6+§r§a] himej0shi§r§e, summoned you to their server.
09:37:29 [allowed] §9§m-----------------------------
09:37:31 [allowed] §2Guild > §b[MVP§3+§b] catholicschool§f: §rserver full
09:37:33 [allowed] §2Guild > §a[VIP§6+§a] himej0shi§f: §rnot allowed on your server hgjfdkhjg
09:37:37 [allowed] §2Guild > §a[VIP§6+§a] himej0shi§f: §rokii switcheroo
09:37:38 [allowed] §7Warping...
09:37:38 [allowed] §7Sending to server mini1023C...
09:37:38 [allowed] §7[§r§rS§r§rk§r§ry§r§rb§r§rl§r§ro§r§rc§r§rk§r§re§r§rr§r§7] §rReceived a waypoint to Jungle Temple from the Skyblocker WebSocket.
09:37:38 [allowed] §7[§r§rS§r§rk§r§ry§r§rb§r§rl§r§ro§r§rc§r§rk§r§re§r§rr§r§7] §rReceived a waypoint to Mines of Divan from the Skyblocker WebSocket.
09:37:38 [allowed] §7[§r§rS§r§rk§r§ry§r§rb§r§rl§r§ro§r§rc§r§rk§r§re§r§rr§r§7] §rReceived a waypoint to Goblin Queen's Den from the Skyblocker WebSocket.
09:37:38 [allowed] §7[§r§rS§r§rk§r§ry§r§rb§r§rl§r§ro§r§rc§r§rk§r§re§r§rr§r§7] §rReceived a waypoint to Lost Precursor City from the Skyblocker WebSocket.
09:37:38 [allowed] §7[§r§rS§r§rk§r§ry§r§rb§r§rl§r§ro§r§rc§r§rk§r§re§r§rr§r§7] §rReceived a waypoint to Khazad-dûm from the Skyblocker WebSocket.
09:37:38 [allowed] §7[§r§rS§r§rk§r§ry§r§rb§r§rl§r§ro§r§rc§r§rk§r§re§r§rr§r§7] §rReceived a waypoint to Fairy Grotto from the Skyblocker WebSocket.
09:37:38 [allowed] §7[§r§rS§r§rk§r§ry§r§rb§r§rl§r§ro§r§rc§r§rk§r§re§r§rr§r§7] §rReceived a waypoint to King Yolkar from the Skyblocker WebSocket.
09:37:39 [allowed] §2Guild > §a[VIP§6+§a] himej0shi§f: §rvõtan bow ka kodust
09:37:41 [allowed]  §9§l» §ahimej0shi §eis traveling to §aPrivate Island §e§lFOLLOW
09:37:44 [allowed] §2Guild > §b[MVP§3+§b] catholicschool§f: §rglll
09:37:47 [allowed] §9§m-----------------------------------------------------
09:37:47 [allowed] §cYou are not this party's leader!
09:37:47 [allowed] §9§m-----------------------------------------------------
09:38:25 [allowed] §9§m-----------------------------------------------------
09:38:25 [allowed] §eThe party was transferred to §r§b[MVP§r§3+§r§b] catholicschool §r§eby §r§a[VIP§r§6+§r§a] himej0shi
09:38:25 [allowed] §9§m-----------------------------------------------------
09:38:27 [allowed] §9§m-----------------------------
09:38:27 [allowed] §eSkyBlock Party Warp §r§7(1 player)
09:38:27 [allowed] §a✔ §r§a[VIP§r§6+§r§a] himej0shi§r§f §r§awarped to your server
09:38:27 [allowed] §9§m-----------------------------
09:38:29 [allowed] §a§l+5 Kill Combo §r§b+3% §r§b✯ Magic Find
09:38:30 [allowed] §2Guild > §a[VIP§6+§a] himej0shi§f: §rtyy
09:38:32 [allowed] §2Guild > §b[MVP§3+§b] catholicschool§f: §rnp :3
09:38:35 [allowed] §cYour Kill Combo has expired! You reached a 5 Kill Combo!
09:39:08 [allowed] §2Guild > §a[VIP§6+§a] himej0shi§f: §rmul 5.5 mil
09:39:12 [allowed] §a§l+5 Kill Combo §r§b+3% §r§b✯ Magic Find
09:39:13 [allowed] §2Guild > §b[MVP§3+§b] catholicschool§f: §rwow nicee
09:39:26 [allowed] §cYour Kill Combo has expired! You reached a 7 Kill Combo!
09:39:36 [allowed] §aYou used your §r§6Pickobulus §r§aPickaxe Ability!
09:39:37 [allowed] §7Your §r§aPickobulus §r§7destroyed §r§e139 §r§7blocks!
09:39:41 [allowed] §2Guild > §a[VIP§6+§a] himej0shi§f: §rtyyy
09:40:01 [allowed] §cYour Pickaxe ability is on cooldown for 36s.
09:40:37 [allowed] §a§r§6Pickobulus §r§ais now available!
09:42:09 [allowed] §e[SkyHanni] You have gained §b357 §eBits.
09:43:04 [allowed] §cThere are blocks in the way!
09:44:03 [allowed] §2Guild > §a[VIP§6+§a] himej0shi§f: §ri forgive aryanne shes cute
09:44:10 [allowed] §2Guild > §b[MVP§3+§b] catholicschool§f: §rHFGHFGHF
09:44:10 [allowed] §2Guild > §a[VIP§6+§a] himej0shi§f: §rclassic naomi
09:44:12 [allowed] §2Guild > §b[MVP§3+§b] catholicschool§f: §rclassic naomi
09:44:14 [allowed] §2Guild > §a[VIP§6+§a] himej0shi§f: §rhgdfghfdghdffhdg
09:46:07 [allowed] §c ☠ §r§7You were killed by Yog§r§7§r§7.
09:46:51 [allowed] §2Guild > §a[VIP§6+§a] himej0shi§f: §rhea et siin need chestid on ss pole liiga "mõttetu" hardstone mineda imo
09:47:01 [allowed] §2Guild > §b[MVP§3+§b] catholicschool§f: §rmhm jaa see paris crazy gemstone farm
09:48:04 [allowed] §a§l▬▬▬▬▬▬▬▬▬▬▬▬▬▬▬▬▬▬▬▬▬▬▬▬▬▬▬▬▬▬▬▬▬▬▬▬▬▬▬▬▬▬▬▬▬▬▬▬▬▬▬▬▬▬▬▬▬▬▬▬▬▬▬▬
09:48:04 [allowed]                       §r§d§lBETTER TOGETHER ENDED!
09:48:04 [allowed]                            §r§7Passive Active Event
09:48:04 [allowed]    The festival has ended, but the Dwarven cooperative spirit
09:48:04 [allowed] §f                                 never dies.
09:48:04 [allowed] §a§l▬▬▬▬▬▬▬▬▬▬▬▬▬▬▬▬▬▬▬▬▬▬▬▬▬▬▬▬▬▬▬▬▬▬▬▬▬▬▬▬▬▬▬▬▬▬▬▬▬▬▬▬▬▬▬▬▬▬▬▬▬▬▬▬
09:48:49 [allowed] §2Guild > §b[MVP§3+§b] catholicschool§f: §rbrb
09:48:53 [allowed] §2Guild > §b[MVP§3+§b] catholicschool§f: §rpiss
09:49:00 [allowed] §2Guild > §a[VIP§6+§a] himej0shi§f: §rokiiii headisuu
09:49:01 [allowed] §2Guild > §a[VIP§6+§a] himej0shi§f: §raaaah
09:49:33 [allowed]  §d⚑ §eThe §dBetter Together §eevent starts in §a20 §eseconds!
 §eThis is a passive event! §bIt's happening everywhere in the §bCrystal Hollows!
09:49:53 [allowed] §a§l▬▬▬▬▬▬▬▬▬▬▬▬▬▬▬▬▬▬▬▬▬▬▬▬▬▬▬▬▬▬▬▬▬▬▬▬▬▬▬▬▬▬▬▬▬▬▬▬▬▬▬▬▬▬▬▬▬▬▬▬▬▬▬▬
09:49:53 [allowed]                     §r§d§lBETTER TOGETHER STARTED!
09:49:53 [allowed]                            §r§7Passive Active Event
09:49:53 [allowed]   The §r§dBetter Together §r§ffestival is underway! While this event is
09:49:53 [allowed] §f    §r§factive, gain §r§6+250⸕ Mining Speed §r§fand §r§6+20☘ Mining Fortune
09:49:53 [allowed] §6§r§f    §r§f§r§ffor each player in the same zone as you! §r§7(Max 5 players)
09:49:53 [allowed] §a§l▬▬▬▬▬▬▬▬▬▬▬▬▬▬▬▬▬▬▬▬▬▬▬▬▬▬▬▬▬▬▬▬▬▬▬▬▬▬▬▬▬▬▬▬▬▬▬▬▬▬▬▬▬▬▬▬▬▬▬▬▬▬▬▬
09:49:53 [allowed] §7§oYou can hear cooperative chattering coming from town...
09:49:53 [allowed] §7§oThe Better Together festival is active for 20 minutes!
09:58:46 [allowed] §2Guild > §a[VIP§6+§a] himej0shi§f: §rnii hardstone boots r ready
09:58:53 [allowed] §2Guild > §a[VIP§6+§a] himej0shi§f: §roki see ei võta isegi niikaua aega ig see yog värk kauem
10:07:58 [allowed] §a§l▬▬▬▬▬▬▬▬▬▬▬▬▬▬▬▬▬▬▬▬▬▬▬▬▬▬▬▬▬▬▬▬▬▬▬▬▬▬▬▬▬▬▬▬▬▬▬▬▬▬▬▬▬▬▬▬▬▬▬▬▬▬▬▬
10:07:58 [allowed]                       §r§d§lBETTER TOGETHER ENDED!
10:07:58 [allowed]                            §r§7Passive Active Event
10:07:58 [allowed]    The festival has ended, but the Dwarven cooperative spirit
10:07:58 [allowed] §f                                 never dies.
10:07:58 [allowed] §a§l▬▬▬▬▬▬▬▬▬▬▬▬▬▬▬▬▬▬▬▬▬▬▬▬▬▬▬▬▬▬▬▬▬▬▬▬▬▬▬▬▬▬▬▬▬▬▬▬▬▬▬▬▬▬▬▬▬▬▬▬▬▬▬▬
10:09:26 [allowed]  §b⚑ §eThe §b2x Powder §eevent starts in §a20 §eseconds!
 §eThis is a passive event! §bIt's happening everywhere in the §bCrystal Hollows!
10:09:46 [allowed] §a§l▬▬▬▬▬▬▬▬▬▬▬▬▬▬▬▬▬▬▬▬▬▬▬▬▬▬▬▬▬▬▬▬▬▬▬▬▬▬▬▬▬▬▬▬▬▬▬▬▬▬▬▬▬▬▬▬▬▬▬▬▬▬▬▬
10:09:46 [allowed]                           §r§b§l2X POWDER STARTED!
10:09:46 [allowed]                            §r§7Passive Active Event
10:09:46 [allowed]         Everybody gets twice as much powder of all types!
10:09:46 [allowed] §a§l▬▬▬▬▬▬▬▬▬▬▬▬▬▬▬▬▬▬▬▬▬▬▬▬▬▬▬▬▬▬▬▬▬▬▬▬▬▬▬▬▬▬▬▬▬▬▬▬▬▬▬▬▬▬▬▬▬▬▬▬▬▬▬▬
10:10:47 [allowed] §c ☠ §r§7You were killed by Sludge§r§7§r§7.
10:12:16 [allowed] §e[SkyHanni] You have gained §b357 §eBits.
10:13:21 [allowed] §2Guild > §a[VIP§6+§a] himej0shi§f: §rsee map nii suur et ple sind veel näinud :Dd
10:14:59 [allowed] §2Guild > §b[MVP§3+§b] catholicschool§f: §ruti
10:15:01 [allowed] §cYou cannot mine this close to an entrance!
10:15:03 [allowed] §a§l+5 Kill Combo §r§b+3% §r§b✯ Magic Find
10:15:04 [allowed] §cYou cannot mine this close to an entrance!
10:15:04 [allowed] §2Guild > §a[VIP§6+§a] himej0shi§f: §rhaiiiiiiiii
10:15:05 [allowed] §cYou cannot mine this close to an entrance!
10:15:07 [allowed] §cYou cannot mine this close to an entrance!
10:15:08 [allowed] §a§l+10 Kill Combo §r§8+§r§610 §r§7coins per kill
10:15:09 [allowed] §2Guild > §b[MVP§3+§b] catholicschool§f: §rhaiiiiiiiiii
10:15:10 [allowed] §cYou cannot mine this close to an entrance!
10:15:16 [allowed] §cYour Kill Combo has expired! You reached a 13 Kill Combo!
10:15:20 [allowed] §2Guild > §b[MVP§3+§b] catholicschool§f: §rkus sa oled ma voin enda hardstone sulle anda
10:15:20 [allowed] §2Guild > §a[VIP§6+§a] himej0shi§f: §rma suht varsti pesema!
10:15:26 [allowed] §2Guild > §a[VIP§6+§a] himej0shi§f: §raa ma tulen nucleus
10:15:27 [allowed] §2Guild > §b[MVP§3+§b] catholicschool§f: §ro okiii!! glgl
10:15:55 [allowed] §2Guild > §b[MVP§3+§b] catholicschool§f: §rno godpot ma nii aeglane
10:15:56 [allowed] §cYou are entering the jungle temple, your speed is reduced and your jump boost will not work!
10:16:04 [allowed] §2Guild > §a[VIP§6+§a] himej0shi§f: §rgfhsddfsgdfs
10:16:11 [allowed] §2Guild > §a[VIP§6+§a] himej0shi§f: §rmu lläheb ka natuke aega ma kaevandan sinnapooole
10:16:24 [allowed] §2Guild > §b[MVP§3+§b] catholicschool§f: §rokiii ma suht siin
10:16:39 [allowed] §e[SkyHanni] §cYour Time Tower just expired and has 1 charge remaining. Click here to open the Chocolate Factory Menu.
10:16:42 [allowed] §d§lTIME TOWER! §r§7Your §r§6Chocolate Factory §r§7production has increased by §r§6+1.2x §r§7for §r§a1h§r§7!
10:16:43 [allowed] §5Rabbit Granny §r§7has been promoted to §r§7[136§r§7] §r§5Manager§r§7!
10:16:43 [allowed] §5Rabbit Cousin §r§7has been promoted to §r§7[155§r§7] §r§5Manager§r§7!
10:16:44 [allowed] §5Rabbit Daddy §r§7has been promoted to §r§7[141§r§7] §r§5Manager§r§7!
10:16:44 [allowed] §5Rabbit Sis §r§7has been promoted to §r§7[147§r§7] §r§5Manager§r§7!
10:16:45 [allowed] §5Rabbit Cousin §r§7has been promoted to §r§7[156§r§7] §r§5Manager§r§7!
10:16:47 [allowed] §5Rabbit Bro §r§7has been promoted to §r§7[173§r§7] §r§5Manager§r§7!
10:17:32 [allowed] §aYou have sent a trade request to §r§ahimej0shi§r§a.
10:17:44 [allowed] §6Trade completed with §r§a[VIP§r§6+§r§a] himej0shi§r§f§r§6!
10:17:44 [allowed]  §r§a§l+ §r§810x §r§aSludge Juice
10:17:44 [allowed]  §r§c§l- §r§824x §r§aEnchanted Hard Stone
10:17:44 [allowed]  §r§c§l- §r§864x §r§aEnchanted Hard Stone
10:17:44 [allowed]  §r§c§l- §r§864x §r§aEnchanted Hard Stone
10:17:46 [allowed] §2Guild > §b[MVP§3+§b] catholicschool§f: §roh ty
10:17:48 [allowed] §2Guild > §a[VIP§6+§a] himej0shi§f: §rTYYY
10:18:01 [allowed] §2Guild > §a[VIP§6+§a] himej0shi§f: §rbnii pantsud ja head veel
10:18:04 [allowed] §2Guild > §b[MVP§3+§b] catholicschool§f: §rglgll
10:18:09 [allowed] §2Guild > §a[VIP§6+§a] himej0shi§f: §rtyy
10:18:13 [allowed] §2Guild > §a[VIP§6+§a] himej0shi§f: §ra ma lähen nyyd pesema
10:18:17 [allowed] §2Guild > §b[MVP§3+§b] catholicschool§f: §ro oki
10:18:20 [allowed] §2Guild > §a[VIP§6+§a] himej0shi§f: §rmida varem lähen seda kiiremini jälle näeme
10:18:21 [allowed] §2Guild > §a[VIP§6+§a] himej0shi§f: §rheheeh
10:18:23 [allowed] §2Guild > §b[MVP§3+§b] catholicschool§f: §rMHM!!!!
10:18:25 [allowed] §2Guild > §b[MVP§3+§b] catholicschool§f: §rcant waitt
10:18:26 [allowed] §2Guild > §a[VIP§6+§a] himej0shi§f: §rhfdghgfdhfg
10:18:28 [allowed] §2Guild > §a[VIP§6+§a] himej0shi§f: §rarmaaaas
10:18:28 [allowed] §2Guild > §b[MVP§3+§b] catholicschool§f: §rigatsen...
10:18:31 [allowed] §2Guild > §a[VIP§6+§a] himej0shi§f: §raWWWW
10:18:32 [allowed] §2Guild > §a[VIP§6+§a] himej0shi§f: §rma ka
10:18:34 [allowed] §2Guild > §a[VIP§6+§a] himej0shi§f: §rkäin ruttu!!
10:18:44 [allowed] §2Guild > §b[MVP§3+§b] catholicschool§f: §rhfhgf ara kiirustama hakka!
10:18:45 [allowed] §2Guild > §a[VIP§6+§a] himej0shi§f: §rim a lop bunny
10:18:50 [allowed] §2Guild > §b[MVP§3+§b] catholicschool§f: §rOLED JAAA awwww
10:18:54 [allowed] §cA magical force surrounding this area prevents you from breaking blocks!
10:18:56 [allowed] §2Guild > §a[VIP§6+§a] himej0shi§f: §rsdgjdfjfg
10:18:58 [allowed] §2Guild > §a[VIP§6+§a] himej0shi§f: §rokiiii brbb!!!
10:19:07 [allowed] §2Guild > §b[MVP§3+§b] catholicschool§f: §rglll head isuuu!!
10:19:09 [allowed] §2Guild > §b[MVP§3+§b] catholicschool§f: §rah
10:19:12 [allowed] §2Guild > §b[MVP§3+§b] catholicschool§f: §rnii tubli daughter
10:19:15 [allowed] §2Guild > §a[VIP§6+§a] himej0shi§f: §rits a bit sweet
10:19:16 [allowed] §2Guild > §a[VIP§6+§a] himej0shi§f: §r:
10:19:17 [allowed] §2Guild > §a[VIP§6+§a] himej0shi§f: §r3
10:19:19 [allowed] §2Guild > §b[MVP§3+§b] catholicschool§f: §rawww
10:19:32 [allowed] §2Guild > §b[MVP§3+§b] catholicschool§f: §rbody adjusts itself just for you
10:19:37 [allowed] §2Guild > §b[MVP§3+§b] catholicschool§f: §rv midagi sellist
10:19:37 [allowed] §2Guild > §a[VIP§6+§a] himej0shi§f: §ryes!!
10:19:39 [allowed] §2Guild > §b[MVP§3+§b] catholicschool§f: §rdfhgdfghg
10:19:45 [allowed] §2Guild > §a[VIP§6+§a] himej0shi§f: §ri can be elma
10:19:46 [allowed] §2Guild > §b[MVP§3+§b] catholicschool§f: §rscience confimred
10:19:47 [allowed] §2Guild > §a[VIP§6+§a] himej0shi§f: §rif you wnat
10:19:51 [allowed] §2Guild > §b[MVP§3+§b] catholicschool§f: §rbe naomi pleaseee
10:19:55 [allowed] §2Guild > §a[VIP§6+§a] himej0shi§f: §rim elma!
10:19:59 [allowed] §2Guild > §a[VIP§6+§a] himej0shi§f: §relma souls scene
10:20:02 [allowed] §2Guild > §b[MVP§3+§b] catholicschool§f: §rawww elma!! haiii
10:20:09 [allowed] §2Guild > §b[MVP§3+§b] catholicschool§f: §rum so i gotta go buy some milk..
10:20:11 [allowed] §2Guild > §a[VIP§6+§a] himej0shi§f: §ru can be red hood
10:20:14 [allowed] §2Guild > §b[MVP§3+§b] catholicschool§f: §rcan you run my shop for me while im gone?
10:20:17 [allowed] §2Guild > §b[MVP§3+§b] catholicschool§f: §rfhgfh okii!!
10:20:21 [allowed] §2Guild > §a[VIP§6+§a] himej0shi§f: §rokiii
10:20:22 [allowed] §2Guild > §a[VIP§6+§a] himej0shi§f: §rghjfsdhjdfgk
10:20:24 [allowed] §2Guild > §a[VIP§6+§a] himej0shi§f: §rbrbies!
10:20:25 [allowed] §2Guild > §b[MVP§3+§b] catholicschool§f: §rugh r u still here?
10:20:28 [allowed] §2Guild > §a[VIP§6+§a] himej0shi§f: §rghjfksdhjkdfgs
10:20:30 [allowed] §2Guild > §a[VIP§6+§a] himej0shi§f: §rim hard
10:20:36 [allowed] §2Guild > §b[MVP§3+§b] catholicschool§f: §rfine u can use me if you want to
10:20:44 [allowed] §2Guild > §b[MVP§3+§b] catholicschool§f: §rbut lets go somewhere where poro cant see
10:20:45 [allowed] §2Guild > §a[VIP§6+§a] himej0shi§f: §rin need of a unenthusiastic ignored hj
10:20:54 [allowed] §2Guild > §b[MVP§3+§b] catholicschool§f: §r- _ - againnn
10:20:55 [allowed] §2Guild > §a[VIP§6+§a] himej0shi§f: §rwhile watching tiktok
10:21:08 [allowed] §2Guild > §b[MVP§3+§b] catholicschool§f: §rugh fine but dont make a mess
10:21:13 [allowed] §2Guild > §a[VIP§6+§a] himej0shi§f: §rjghdfkjhgdf
10:21:14 [allowed] §2Guild > §b[MVP§3+§b] catholicschool§f: §rand be quiet please
10:21:15 [allowed] §2Guild > §a[VIP§6+§a] himej0shi§f: §rso hot omfg
10:21:17 [allowed] §2Guild > §a[VIP§6+§a] himej0shi§f: §rohh
10:21:17 [allowed] §2Guild > §a[VIP§6+§a] himej0shi§f: §roki
10:21:19 [allowed] §2Guild > §a[VIP§6+§a] himej0shi§f: §ril ltry
10:21:20 [allowed] §2Guild > §a[VIP§6+§a] himej0shi§f: §r:3
10:21:27 [allowed] §2Guild > §b[MVP§3+§b] catholicschool§f: §rFUCKKKKK MY COIN WENT DOWN
10:21:31 [allowed] §2Guild > §a[VIP§6+§a] himej0shi§f: §rGJKFHDLHDFJG
10:21:33 [allowed] §2Guild > §b[MVP§3+§b] catholicschool§f: §rcan you move less??
10:21:33 [allowed] §2Guild > §a[VIP§6+§a] himej0shi§f: §rdjhgfjhg
10:21:36 [allowed] §2Guild > §b[MVP§3+§b] catholicschool§f: §rdfghndfhgf okioki
10:21:36 [allowed] §2Guild > §a[VIP§6+§a] himej0shi§f: §romGFH
10:21:37 [allowed] §2Guild > §b[MVP§3+§b] catholicschool§f: §rogogog
10:21:38 [allowed] §2Guild > §a[VIP§6+§a] himej0shi§f: §rim so
10:21:39 [allowed] §2Guild > §a[VIP§6+§a] himej0shi§f: §rwoah
10:21:41 [allowed] §2Guild > §a[VIP§6+§a] himej0shi§f: §rokii brbb
10:21:42 [allowed] §2Guild > §b[MVP§3+§b] catholicschool§f: §rawwwe
10:21:46 [allowed] §2Guild > §a[VIP§6+§a] himej0shi§f: §rhjskdfghjgdfs
10:21:55 [allowed] §2Guild > §a[VIP§6+§a] himej0shi§f: §ricant go to shower like this..
10:21:58 [allowed] §2Guild > §b[MVP§3+§b] catholicschool§f: §rsaad ikka
10:22:03 [allowed] §2Guild > §r§ahimej0shi §r§eleft.
10:22:03 [allowed] §9§m-----------------------------------------------------
10:22:03 [allowed] §a[VIP§r§6+§r§a] himej0shi §r§ehas disconnected, they have §r§c5 §r§eminutes to rejoin before they are removed from the party.
10:22:03 [allowed] §9§m-----------------------------------------------------
10:24:48 [allowed] §a§l▬▬▬▬▬▬▬▬▬▬▬▬▬▬▬▬▬▬▬▬▬▬▬▬▬▬▬▬▬▬▬▬▬▬▬▬▬▬▬▬▬▬▬▬▬▬▬▬▬▬▬▬▬▬▬▬▬▬▬▬▬▬▬▬
10:24:48 [allowed]                            §r§b§l2X POWDER ENDED!
10:24:48 [allowed]                            §r§7Passive Active Event
10:24:48 [allowed]    Powder amount is back to normal, but there will be another
10:24:48 [allowed] §f                                 event soon!
10:24:48 [allowed] §a§l▬▬▬▬▬▬▬▬▬▬▬▬▬▬▬▬▬▬▬▬▬▬▬▬▬▬▬▬▬▬▬▬▬▬▬▬▬▬▬▬▬▬▬▬▬▬▬▬▬▬▬▬▬▬▬▬▬▬▬▬▬▬▬▬
10:27:04 [allowed] §9§m-----------------------------------------------------
10:27:04 [allowed] §a[VIP§r§6+§r§a] himej0shi §r§ewas removed from your party because they disconnected.
10:27:04 [allowed] §9§m-----------------------------------------------------
10:27:04 [allowed] §9§m-----------------------------------------------------
10:27:04 [allowed] §cThe party was disbanded because all invites expired and the party was empty.
10:27:04 [allowed] §9§m-----------------------------------------------------
10:29:29 [allowed]  §9⚑ §eThe §9Gone with the Wind §eevent starts in §a20 §eseconds!
 §eThis is a passive event! §bIt's happening everywhere in the §bCrystal Hollows!
10:29:49 [allowed] §a§l▬▬▬▬▬▬▬▬▬▬▬▬▬▬▬▬▬▬▬▬▬▬▬▬▬▬▬▬▬▬▬▬▬▬▬▬▬▬▬▬▬▬▬▬▬▬▬▬▬▬▬▬▬▬▬▬▬▬▬▬▬▬▬▬
10:29:49 [allowed]                    §r§9§lGONE WITH THE WIND STARTED!
10:29:49 [allowed]                            §r§7Passive Active Event
10:29:49 [allowed]   The cavern is windy today! Mining in the direction of the wind
10:29:49 [allowed] §f                      will give §r§6+600⸕ Mining Speed§r§f.
10:29:49 [allowed] §a§l▬▬▬▬▬▬▬▬▬▬▬▬▬▬▬▬▬▬▬▬▬▬▬▬▬▬▬▬▬▬▬▬▬▬▬▬▬▬▬▬▬▬▬▬▬▬▬▬▬▬▬▬▬▬▬▬▬▬▬▬▬▬▬▬
10:32:49 [allowed] §aThe wind has changed direction!
10:33:51 [allowed] §cA magical force surrounding this area prevents you from breaking blocks!
10:38:20 [allowed] §aThe wind has changed direction!
10:40:50 [allowed] §aThe wind has changed direction!
10:41:35 [allowed] §aThe wind has changed direction!
10:41:45 [allowed] §aYou uncovered a treasure chest!
10:41:47 [allowed] §aYou used your §r§6Pickobulus §r§aPickaxe Ability!
10:41:48 [allowed] §7Your §r§aPickobulus §r§7destroyed §r§e122 §r§7blocks!
10:41:55 [allowed] §e§l▬▬▬▬▬▬▬▬▬▬▬▬▬▬▬▬▬▬▬▬▬▬▬▬▬▬▬▬▬▬▬▬▬▬▬▬▬▬▬▬▬▬▬▬▬▬▬▬▬▬▬▬▬▬▬▬▬▬▬▬▬▬▬▬
10:41:55 [allowed]   §r§6§lCHEST LOCKPICKED 
10:41:55 [allowed]   §r§a§lREWARDS
10:41:55 [allowed]     §r§f✧ Rough Topaz Gemstone §r§8x32
10:41:55 [allowed]     §r§aYoggie
10:41:55 [allowed] §e§l▬▬▬▬▬▬▬▬▬▬▬▬▬▬▬▬▬▬▬▬▬▬▬▬▬▬▬▬▬▬▬▬▬▬▬▬▬▬▬▬▬▬▬▬▬▬▬▬▬▬▬▬▬▬▬▬▬▬▬▬▬▬▬▬
