08:59:38 [EMPTY] §f §r§r§r§f §r§r§r§1 §r§r§r§0 §r§r§r§2 §r§r§r§f §r§r§r§f §r§r§r§2 §r§r§r§0 §r§r§r§4 §r§r§r§3 §r§r§r§9 §r§r§r§2 §r§r§r§0 §r§r§r§0 §r§r§r§3 §r§r§r§9 §r§r§r§2 §r§r§r§0 §r§r§r§0 §r§r§r§3 §r§r§r§9 §r§r§r§2 §r§r§r§0 §r§r§r§0 
08:59:47 [EMPTY] §8 §r§8 §r§1 §r§3 §r§3 §r§7 §r§8 
08:59:50 [EMPTY] 
08:59:50 [WELCOME] §eWelcome to §r§aHypixel SkyBlock§r§e!
08:59:50 [EMPTY] 
08:59:51 [PROFILE_JOIN] §aYou are playing on profile: §eLemon§b (Co-op)
08:59:51 [PROFILE_JOIN] §8Profile ID: 62b760d8-92b6-4501-ada0-1fd8583f5266
09:01:37 [EMPTY] 
09:01:37 [EMPTY] §c
09:02:02 [EMPTY] §8 §r§8 §r§1 §r§3 §r§3 §r§7 §r§8 
09:02:06 [PROFILE_JOIN] §aYou are playing on profile: §eLemon§b (Co-op)
09:02:06 [PROFILE_JOIN] §8Profile ID: 62b760d8-92b6-4501-ada0-1fd8583f5266
09:03:24 [EMPTY] §8 §r§8 §r§1 §r§3 §r§3 §r§7 §r§8 
09:03:27 [PROFILE_JOIN] §aYou are playing on profile: §eLemon§b (Co-op)
09:03:27 [PROFILE_JOIN] §8Profile ID: 62b760d8-92b6-4501-ada0-1fd8583f5266
09:04:06 [SACKS_CHANGE] §6[Sacks] §r§c-1,216§r§e items§r§e.§r§8 (Last 5s.)
09:04:45 [EMPTY] §8 §r§8 §r§1 §r§3 §r§3 §r§7 §r§8 
09:04:48 [PROFILE_JOIN] §aYou are playing on profile: §eLemon§b (Co-op)
09:04:48 [PROFILE_JOIN] §8Profile ID: 62b760d8-92b6-4501-ada0-1fd8583f5266
09:05:35 [EMPTY] §8 §r§8 §r§1 §r§3 §r§3 §r§7 §r§8 
09:05:38 [PROFILE_JOIN] §aYou are playing on profile: §eLemon§b (Co-op)
09:05:38 [PROFILE_JOIN] §8Profile ID: 62b760d8-92b6-4501-ada0-1fd8583f5266
09:05:59 [SACKS_CHANGE] §6[Sacks] §r§a+33§r§e items§r§e, §r§c-2,717§r§e items§r§e.§r§8 (Last 13s.)
09:06:10 [SACKS_CHANGE] §6[Sacks] §r§a+36§r§e items§r§e.§r§8 (Last 5s.)
09:10:35 [GUILD_EXP] §aYou earned §r§2473 GEXP §r§a+ §r§e1,419 Event EXP §r§afrom playing SkyBlock!
09:15:35 [GUILD_EXP] §aYou earned §r§2120 GEXP §r§a+ §r§e360 Event EXP §r§afrom playing SkyBlock!
09:19:03 [EMPTY] §8 §r§8 §r§1 §r§3 §r§3 §r§7 §r§8 
09:19:07 [PROFILE_JOIN] §aYou are playing on profile: §eLemon§b (Co-op)
09:19:07 [PROFILE_JOIN] §8Profile ID: 62b760d8-92b6-4501-ada0-1fd8583f5266
09:20:43 [EMPTY] §8 §r§8 §r§1 §r§3 §r§3 §r§7 §r§8 
09:20:47 [EMPTY] §8 §r§8 §r§1 §r§3 §r§3 §r§7 §r§8 
09:20:50 [PROFILE_JOIN] §aYou are playing on profile: §eLemon§b (Co-op)
09:20:50 [PROFILE_JOIN] §8Profile ID: 62b760d8-92b6-4501-ada0-1fd8583f5266
09:21:08 [EMPTY] §8 §r§8 §r§1 §r§3 §r§3 §r§7 §r§8 
09:21:11 [PROFILE_JOIN] §aYou are playing on profile: §eLemon§b (Co-op)
09:21:11 [PROFILE_JOIN] §8Profile ID: 62b760d8-92b6-4501-ada0-1fd8583f5266
09:21:24 [SACKS_CHANGE] §6[Sacks] §r§a+101§r§e items§r§e.§r§8 (Last 8s.)
09:22:31 [GUILD_EXP] §aYou earned §r§238 GEXP §r§a+ §r§e114 Event EXP §r§afrom playing SkyBlock!
09:22:43 [EMPTY] 
09:23:05 [SACKS_CHANGE] §6[Sacks] §r§a+1,625§r§e items§r§e.§r§8 (Last 30s.)
09:23:19 [SACKS_CHANGE] §6[Sacks] §r§a+413§r§e items§r§e.§r§8 (Last 13s.)
09:24:02 [SACKS_CHANGE] §6[Sacks] §r§a+11§r§e items§r§e.§r§8 (Last 5s.)
09:24:57 [EMPTY] 
09:24:58 [EMPTY] 
09:25:03 [SACKS_CHANGE] §6[Sacks] §r§a+142§r§e items§r§e.§r§8 (Last 7s.)
09:27:38 [GUILD_EXP] §aYou earned §r§2381 GEXP §r§a+ §r§e1,143 Event EXP §r§afrom playing SkyBlock!
09:28:04 [SACKS_CHANGE] §6[Sacks] §r§a+119§r§e items§r§e.§r§8 (Last 9s.)
09:28:15 [SACKS_CHANGE] §6[Sacks] §r§a+12§r§e items§r§e.§r§8 (Last 5s.)
09:28:38 [SACKS_CHANGE] §6[Sacks] §r§a+320§r§e items§r§e.§r§8 (Last 15s.)
09:28:39 [EMPTY] 
09:28:44 [SACKS_CHANGE] §6[Sacks] §r§a+16§r§e items§r§e.§r§8 (Last 5s.)
09:28:56 [SACKS_CHANGE] §6[Sacks] §r§a+1,600§r§e items§r§e, §r§c-1,600§r§e items§r§e.§r§8 (Last 6s.)
09:29:29 [SACKS_CHANGE] §6[Sacks] §r§a+155§r§e items§r§e.§r§8 (Last 12s.)
09:29:38 [EMPTY]                                         
09:29:46 [SACKS_CHANGE] §6[Sacks] §r§a+23§r§e items§r§e.§r§8 (Last 5s.)
09:30:14 [SACKS_CHANGE] §6[Sacks] §r§a+20§r§e items§r§e.§r§8 (Last 11s.)
09:30:36 [SACKS_CHANGE] §6[Sacks] §r§a+19§r§e items§r§e.§r§8 (Last 8s.)
09:31:05 [SACKS_CHANGE] §6[Sacks] §r§a+24§r§e items§r§e.§r§8 (Last 14s.)
09:31:28 [SACKS_CHANGE] §6[Sacks] §r§a+41§r§e items§r§e.§r§8 (Last 21s.)
09:31:43 [SACKS_CHANGE] §6[Sacks] §r§a+8§r§e items§r§e.§r§8 (Last 7s.)
09:32:15 [SACKS_CHANGE] §6[Sacks] §r§a+86§r§e items§r§e.§r§8 (Last 30s.)
09:32:34 [SACKS_CHANGE] §6[Sacks] §r§a+45§r§e items§r§e.§r§8 (Last 17s.)
09:32:42 [GUILD_EXP] §aYou earned §r§2555 GEXP §r§a+ §r§e1,665 Event EXP §r§afrom playing SkyBlock!
09:32:49 [SACKS_CHANGE] §6[Sacks] §r§a+14§r§e items§r§e.§r§8 (Last 7s.)
09:33:09 [SACKS_CHANGE] §6[Sacks] §r§a+27§r§e items§r§e.§r§8 (Last 13s.)
09:33:36 [SACKS_CHANGE] §6[Sacks] §r§a+23§r§e items§r§e.§r§8 (Last 5s.)
09:33:45 [SACKS_CHANGE] §6[Sacks] §r§a+15§r§e items§r§e.§r§8 (Last 5s.)
09:34:27 [SACKS_CHANGE] §6[Sacks] §r§a+190§r§e items§r§e.§r§8 (Last 8s.)
09:34:51 [SACKS_CHANGE] §6[Sacks] §r§a+75§r§e items§r§e.§r§8 (Last 7s.)
09:35:22 [SACKS_CHANGE] §6[Sacks] §r§a+46§r§e items§r§e.§r§8 (Last 5s.)
09:36:12 [SACKS_CHANGE] §6[Sacks] §r§a+12§r§e items§r§e.§r§8 (Last 5s.)
09:36:17 [EMPTY] §f §r§r§r§f §r§r§r§1 §r§r§r§0 §r§r§r§2 §r§r§r§f §r§r§r§f §r§r§r§2 §r§r§r§0 §r§r§r§4 §r§r§r§3 §r§r§r§9 §r§r§r§2 §r§r§r§0 §r§r§r§0 §r§r§r§3 §r§r§r§9 §r§r§r§2 §r§r§r§0 §r§r§r§0 §r§r§r§3 §r§r§r§9 §r§r§r§2 §r§r§r§0 §r§r§r§0 
09:36:23 [EMPTY] §8 §r§8 §r§1 §r§3 §r§3 §r§7 §r§8 
09:36:25 [EMPTY] 
09:36:25 [WELCOME] §eWelcome to §r§aHypixel SkyBlock§r§e!
09:36:25 [EMPTY] 
09:36:26 [PROFILE_JOIN] §aYou are playing on profile: §eLemon§b (Co-op)
09:36:26 [PROFILE_JOIN] §8Profile ID: 62b760d8-92b6-4501-ada0-1fd8583f5266
09:36:59 [EMPTY] §8 §r§8 §r§1 §r§3 §r§3 §r§7 §r§8 
09:37:02 [PROFILE_JOIN] §aYou are playing on profile: §eLemon§b (Co-op)
09:37:02 [PROFILE_JOIN] §8Profile ID: 62b760d8-92b6-4501-ada0-1fd8583f5266
09:37:38 [EMPTY] §8 §r§8 §r§1 §r§3 §r§3 §r§7 §r§8 
09:37:41 [PROFILE_JOIN] §aYou are playing on profile: §eLemon§b (Co-op)
09:37:41 [PROFILE_JOIN] §8Profile ID: 62b760d8-92b6-4501-ada0-1fd8583f5266
09:39:42 [SACKS_CHANGE] §6[Sacks] §r§a+758§r§e items§r§e.§r§8 (Last 12s.)
09:40:02 [GUILD_EXP] §aYou earned §r§2176 GEXP §r§a+ §r§e528 Event EXP §r§afrom playing SkyBlock!
09:40:15 [SACKS_CHANGE] §6[Sacks] §r§a+15§r§e items§r§e.§r§8 (Last 5s.)
09:41:29 [SACKS_CHANGE] §6[Sacks] §r§a+23§r§e items§r§e.§r§8 (Last 5s.)
09:41:36 [SACKS_CHANGE] §6[Sacks] §r§a+23§r§e items§r§e.§r§8 (Last 5s.)
09:42:15 [SACKS_CHANGE] §6[Sacks] §r§a+15§r§e items§r§e.§r§8 (Last 5s.)
09:42:42 [SACKS_CHANGE] §6[Sacks] §r§a+23§r§e items§r§e.§r§8 (Last 5s.)
09:43:07 [SACKS_CHANGE] §6[Sacks] §r§a+46§r§e items§r§e.§r§8 (Last 10s.)
09:44:02 [SACKS_CHANGE] §6[Sacks] §r§a+15§r§e items§r§e.§r§8 (Last 5s.)
09:44:09 [SACKS_CHANGE] §6[Sacks] §r§a+15§r§e items§r§e.§r§8 (Last 5s.)
09:44:28 [SACKS_CHANGE] §6[Sacks] §r§a+31§r§e items§r§e.§r§8 (Last 10s.)
09:44:43 [SACKS_CHANGE] §6[Sacks] §r§a+15§r§e items§r§e.§r§8 (Last 5s.)
09:45:05 [GUILD_EXP] §aYou earned §r§2601 GEXP §r§a+ §r§e1,803 Event EXP §r§afrom playing SkyBlock!
09:46:13 [SACKS_CHANGE] §6[Sacks] §r§a+35§r§e items§r§e.§r§8 (Last 8s.)
09:48:04 [EMPTY] 
09:49:53 [EMPTY]                                         
09:50:07 [GUILD_EXP] §aYou earned §r§2335 GEXP §r§a+ §r§e1,005 Event EXP §r§afrom playing SkyBlock!
10:07:58 [EMPTY] 
10:09:46 [EMPTY]                                         
10:15:50 [SACKS_CHANGE] §6[Sacks] §r§a+38§r§e items§r§e.§r§8 (Last 5s.)
10:17:08 [SACKS_CHANGE] §6[Sacks] §r§c-1,536§r§e items§r§e.§r§8 (Last 5s.)
10:17:32 [SACKS_CHANGE] §6[Sacks] §r§a+111§r§e items§r§e, §r§c-11,377§r§e items§r§e.§r§8 (Last 16s.)
10:20:13 [GUILD_EXP] §aYou earned §r§2398 GEXP §r§a+ §r§e1,194 Event EXP §r§afrom playing SkyBlock!
10:24:48 [EMPTY] 
10:29:49 [EMPTY]                                         
10:34:13 [SACKS_CHANGE] §6[Sacks] §r§a+318§r§e items§r§e.§r§8 (Last 17s.)
10:34:27 [SACKS_CHANGE] §6[Sacks] §r§a+72§r§e items§r§e.§r§8 (Last 7s.)
10:35:15 [GUILD_EXP] §aYou earned §r§263 GEXP §r§a+ §r§e189 Event EXP §r§afrom playing SkyBlock!
10:38:11 [SACKS_CHANGE] §6[Sacks] §r§a+35§r§e items§r§e.§r§8 (Last 6s.)
10:38:21 [SACKS_CHANGE] §6[Sacks] §r§a+86§r§e items§r§e.§r§8 (Last 8s.)
10:38:37 [SACKS_CHANGE] §6[Sacks] §r§a+39§r§e items§r§e.§r§8 (Last 6s.)
10:39:00 [SACKS_CHANGE] §6[Sacks] §r§a+161§r§e items§r§e.§r§8 (Last 11s.)
10:40:08 [SACKS_CHANGE] §6[Sacks] §r§a+30§r§e items§r§e.§r§8 (Last 6s.)
10:40:15 [GUILD_EXP] §aYou earned §r§2246 GEXP §r§a+ §r§e738 Event EXP §r§afrom playing SkyBlock!
10:40:26 [SACKS_CHANGE] §6[Sacks] §r§a+249§r§e items§r§e.§r§8 (Last 16s.)
10:41:53 [SACKS_CHANGE] §6[Sacks] §r§a+582§r§e items§r§e.§r§8 (Last 13s.)
10:41:55 [EMPTY] 
10:42:01 [SACKS_CHANGE] §6[Sacks] §r§a+32§r§e items§r§e.§r§8 (Last 5s.)
