07:42:54 Reset everything (world change)
07:45:18 Reset everything (world change)
07:45:18 Reset everything (world change)
07:45:18 Reset everything (world change)
07:45:43 Reset everything (world change)
07:45:43 Reset everything (world change)
07:45:43 Reset everything (world change)
07:54:44 Reset everything (world change)
07:54:44 Reset everything (world change)
07:54:44 Reset everything (world change)
08:39:47 Reset everything (world change)
08:39:47 Reset everything (world change)
08:39:47 Reset everything (world change)
08:41:31 Reset everything (world change)
08:41:31 Reset everything (world change)
08:41:31 Reset everything (world change)
08:41:44 Reset everything (world change)
08:41:44 Reset everything (world change)
08:41:44 Reset everything (world change)
08:45:15 Reset everything (world change)
08:45:38 Reset everything (world change)
08:45:38 Reset everything (world change)
08:45:38 Reset everything (world change)
08:46:13 Reset everything (world change)
08:46:13 Reset everything (world change)
08:46:13 Reset everything (world change)
08:46:23 Reset everything (world change)
08:46:23 Reset everything (world change)
08:46:23 Reset everything (world change)
08:47:04 Reset everything (world change)
08:47:04 Reset everything (world change)
08:47:04 Reset everything (world change)
08:47:24 Reset everything (world change)
08:47:24 Reset everything (world change)
08:47:24 Reset everything (world change)
08:47:36 Reset everything (world change)
08:47:36 Reset everything (world change)
08:47:36 Reset everything (world change)
08:49:23 Reset everything (world change)
08:49:23 Reset everything (world change)
08:49:23 Reset everything (world change)
09:23:09 Reset everything (world change)
09:23:09 Reset everything (world change)
09:23:09 Reset everything (world change)
10:02:06 Added enderman with beacon at LorenzVec(x=-534.53125, y=38.0, z=-226.40625)
10:02:08 Added flying beacons at LorenzVec(x=-534.4895833333334, y=37.78125, z=-227.77083333333334)
10:02:08 Replaced flying beacon with sitting beacon at LorenzVec(x=-537.0, y=38.0, z=-236.0)
10:02:09 Removed sitting beacon LorenzVec(x=-537.0, y=38.0, z=-236.0)
10:02:27 Added flying beacons at LorenzVec(x=-528.40625, y=39.15625, z=-226.5)
10:02:28 Replaced flying beacon with sitting beacon at LorenzVec(x=-523.0, y=39.0, z=-225.0)
10:02:29 Removed sitting beacon LorenzVec(x=-523.0, y=39.0, z=-225.0)
10:44:58 Reset everything (world change)
10:44:58 Reset everything (world change)
10:44:58 Reset everything (world change)
10:55:19 Reset everything (world change)
10:55:19 Reset everything (world change)
10:55:19 Reset everything (world change)
10:59:30 Reset everything (world change)
10:59:30 Reset everything (world change)
10:59:30 Reset everything (world change)
11:23:15 Reset everything (world change)
11:23:15 Reset everything (world change)
11:23:15 Reset everything (world change)
11:23:30 Reset everything (world change)
11:23:30 Reset everything (world change)
11:23:30 Reset everything (world change)
11:47:10 Reset everything (world change)
11:47:10 Reset everything (world change)
11:47:10 Reset everything (world change)
11:47:26 Reset everything (world change)
11:47:26 Reset everything (world change)
11:47:26 Reset everything (world change)
11:47:35 Reset everything (world change)
11:47:35 Reset everything (world change)
11:47:35 Reset everything (world change)
11:54:15 Reset everything (world change)
11:54:15 Reset everything (world change)
11:54:15 Reset everything (world change)
12:48:38 Reset everything (world change)
12:48:38 Reset everything (world change)
12:48:38 Reset everything (world change)
12:58:09 Reset everything (world change)
12:58:09 Reset everything (world change)
12:58:09 Reset everything (world change)
13:06:31 Reset everything (world change)
13:06:31 Reset everything (world change)
13:06:31 Reset everything (world change)
13:06:45 Reset everything (world change)
13:06:45 Reset everything (world change)
13:06:45 Reset everything (world change)
13:15:03 Reset everything (world change)
13:15:04 Reset everything (world change)
13:15:04 Reset everything (world change)
13:15:20 Reset everything (world change)
13:15:20 Reset everything (world change)
13:15:20 Reset everything (world change)
13:32:58 Reset everything (world change)
13:32:58 Reset everything (world change)
13:32:58 Reset everything (world change)
13:35:27 Reset everything (world change)
13:35:27 Reset everything (world change)
13:35:27 Reset everything (world change)
13:39:34 Reset everything (world change)
13:39:34 Reset everything (world change)
13:39:34 Reset everything (world change)
13:41:30 Reset everything (world change)
13:41:30 Reset everything (world change)
13:41:30 Reset everything (world change)
13:49:16 Reset everything (world change)
13:49:16 Reset everything (world change)
13:49:16 Reset everything (world change)
13:52:06 Reset everything (world change)
13:52:06 Reset everything (world change)
13:52:06 Reset everything (world change)
