12:49:52 [EMPTY] §f §r§r§r§f §r§r§r§1 §r§r§r§0 §r§r§r§2 §r§r§r§f §r§r§r§f §r§r§r§2 §r§r§r§0 §r§r§r§4 §r§r§r§3 §r§r§r§9 §r§r§r§2 §r§r§r§0 §r§r§r§0 §r§r§r§3 §r§r§r§9 §r§r§r§2 §r§r§r§0 §r§r§r§0 §r§r§r§3 §r§r§r§9 §r§r§r§2 §r§r§r§0 §r§r§r§0 
12:49:58 [EMPTY] §8 §r§8 §r§1 §r§3 §r§3 §r§7 §r§8 
12:50:00 [EMPTY] 
12:50:00 [WELCOME] §eWelcome to §r§aHypixel SkyBlock§r§e!
12:50:00 [EMPTY] 
12:50:00 [PROFILE_JOIN] §aYou are playing on profile: §eLemon§b (Co-op)
12:50:00 [PROFILE_JOIN] §8Profile ID: 62b760d8-92b6-4501-ada0-1fd8583f5266
12:50:02 [LOTTERY] §bNew day! §r§eYour §r§2Lottery §r§ebuff changed!
12:50:02 [LOTTERY] §eNew buff§r§r§r: §r§fGain §r§a+50 §r§6☘ Mangrove Fortune§r§f.
12:50:02 [LOTTERY] §8§oYou can disable this messaging by toggling Lottery in your /hotf!
12:51:38 [EMPTY] §f §r§r§r§f §r§r§r§1 §r§r§r§0 §r§r§r§2 §r§r§r§f §r§r§r§f §r§r§r§2 §r§r§r§0 §r§r§r§4 §r§r§r§3 §r§r§r§9 §r§r§r§2 §r§r§r§0 §r§r§r§0 §r§r§r§3 §r§r§r§9 §r§r§r§2 §r§r§r§0 §r§r§r§0 §r§r§r§3 §r§r§r§9 §r§r§r§2 §r§r§r§0 §r§r§r§0 
12:51:40 [EMPTY] §8 §r§8 §r§1 §r§3 §r§3 §r§7 §r§8 
12:51:42 [EMPTY] 
12:51:42 [WELCOME] §eWelcome to §r§aHypixel SkyBlock§r§e!
12:51:42 [EMPTY] 
12:51:43 [PROFILE_JOIN] §aYou are playing on profile: §eLemon§b (Co-op)
12:51:43 [PROFILE_JOIN] §8Profile ID: 62b760d8-92b6-4501-ada0-1fd8583f5266
12:51:45 [LOTTERY] §bNew day! §r§eYour §r§2Lottery §r§ebuff changed!
12:51:45 [LOTTERY] §eNew buff§r§r§r: §r§fGain §r§a+50 §r§6☘ Mangrove Fortune§r§f.
12:51:45 [LOTTERY] §8§oYou can disable this messaging by toggling Lottery in your /hotf!
