17:30:39 §f §r§r§r§f §r§r§r§1 §r§r§r§0 §r§r§r§2 §r§r§r§f §r§r§r§f §r§r§r§2 §r§r§r§0 §r§r§r§4 §r§r§r§3 §r§r§r§9 §r§r§r§2 §r§r§r§0 §r§r§r§0 §r§r§r§3 §r§r§r§9 §r§r§r§2 §r§r§r§0 §r§r§r§0 §r§r§r§3 §r§r§r§9 §r§r§r§2 §r§r§r§0 §r§r§r§0 
17:32:09 §8 §r§8 §r§1 §r§3 §r§3 §r§7 §r§8 
17:32:11 
17:32:11 
17:32:39 §8 §r§8 §r§1 §r§3 §r§3 §r§7 §r§8 
17:33:32 §8 §r§8 §r§1 §r§3 §r§3 §r§7 §r§8 
17:37:40 §8 §r§8 §r§1 §r§3 §r§3 §r§7 §r§8 
17:38:17 
17:38:17 
17:50:41  
17:50:41   
17:51:42  
17:51:42   
17:52:42  
17:52:42   
17:53:42  
17:53:42   
17:54:42  
17:54:42   
17:55:42  
17:55:42   
17:56:42  
17:56:42   
17:57:42  
17:57:42   
17:58:42  
17:58:42   
17:58:47 
17:58:47 
17:59:43  
17:59:43   
17:59:43  
17:59:43   
18:00:43  
18:00:43   
18:00:43  
18:00:43   
18:01:43  
18:01:43   
18:01:43  
18:01:43   
18:02:43  
18:02:43   
18:02:43  
18:02:43   
18:03:43  
18:03:43   
18:03:43  
18:03:43   
18:04:43  
18:04:43   
18:04:43  
18:04:43   
18:05:43  
18:05:43   
18:05:43  
18:05:43   
18:06:43  
18:06:43   
18:06:43  
18:06:43   
18:07:43  
18:07:43   
18:07:43  
18:07:43   
18:08:44  
18:08:44   
18:08:44  
18:08:44   
18:08:57 
18:08:57 
18:09:44  
18:09:44   
18:09:44  
18:09:44   
18:10:44  
18:10:44   
18:10:44  
18:10:44   
18:11:44  
18:11:44   
18:11:44  
18:11:44   
18:12:44  
18:12:44   
18:12:44  
18:12:44   
18:13:44  
18:13:44   
18:13:44  
18:13:44   
18:14:44  
18:14:44   
18:14:44  
18:14:44   
18:15:44  
18:15:44   
18:15:44  
18:15:44   
18:16:35 §8 §r§8 §r§1 §r§3 §r§3 §r§7 §r§8 
18:16:39  
18:16:39   
18:16:39  
18:16:39   
18:18:40 §8 §r§8 §r§1 §r§3 §r§3 §r§7 §r§8 
18:29:20 
18:29:20 
18:39:12 
18:40:32 
18:40:32 
18:43:13 
18:43:13 
18:54:16  
18:54:16  
18:54:16  
18:55:28 
18:55:28 
19:01:43 
19:01:43 §c
19:04:07 
19:15:18 
19:15:18 
19:19:55  
19:19:55   
19:22:15 
19:22:16 
19:22:16 
19:22:16 
19:22:16 
19:25:33 
19:25:33 
