17:38:22 §6[Sacks] §r§a+2§r§e items§r§e.§r§8 (Last 5s.)
17:38:37 §6[Sacks] §r§a+1,544§r§e items§r§e.§r§8 (Last 14s.)
17:39:12 §6[Sacks] §r§a+2,189§r§e items§r§e.§r§8 (Last 20s.)
17:39:29 §6[Sacks] §r§a+1,458§r§e items§r§e.§r§8 (Last 13s.)
17:40:14 §6[Sacks] §r§a+1,445§r§e items§r§e.§r§8 (Last 10s.)
17:40:26 §6[Sacks] §r§a+1,402§r§e items§r§e.§r§8 (Last 9s.)
17:40:54 §6[Sacks] §r§a+2,221§r§e items§r§e.§r§8 (Last 22s.)
17:41:07 §6[Sacks] §r§a+1,424§r§e items§r§e.§r§8 (Last 10s.)
17:41:29 §6[Sacks] §r§a+294§r§e items§r§e.§r§8 (Last 9s.)
17:41:58 §6[Sacks] §r§a+728§r§e items§r§e.§r§8 (Last 8s.)
17:42:11 §6[Sacks] §r§a+727§r§e items§r§e.§r§8 (Last 7s.)
17:42:20 §6[Sacks] §r§a+768§r§e items§r§e.§r§8 (Last 8s.)
17:42:30 §6[Sacks] §r§a+710§r§e items§r§e.§r§8 (Last 8s.)
17:42:43 §6[Sacks] §r§a+776§r§e items§r§e.§r§8 (Last 7s.)
17:43:09 §6[Sacks] §r§a+2,094§r§e items§r§e.§r§8 (Last 24s.)
17:43:24 §6[Sacks] §r§a+717§r§e items§r§e.§r§8 (Last 10s.)
17:43:34 §6[Sacks] §r§a+756§r§e items§r§e.§r§8 (Last 8s.)
17:43:44 §6[Sacks] §r§a+900§r§e items§r§e.§r§8 (Last 9s.)
17:44:17 §6[Sacks] §r§a+16§r§e items§r§e.§r§8 (Last 15s.)
17:44:56 §6[Sacks] §r§a+37§r§e items§r§e.§r§8 (Last 25s.)
17:45:12 §6[Sacks] §r§a+15§r§e items§r§e.§r§8 (Last 14s.)
17:45:31 §6[Sacks] §r§a+16§r§e items§r§e.§r§8 (Last 17s.)
17:45:40 §6[Sacks] §r§a+7§r§e items§r§e.§r§8 (Last 7s.)
17:46:14 §6[Sacks] §r§a+41§r§e items§r§e.§r§8 (Last 30s.)
17:46:47 §6[Sacks] §r§a+12§r§e items§r§e.§r§8 (Last 16s.)
17:46:58 §6[Sacks] §r§a+10§r§e items§r§e.§r§8 (Last 10s.)
17:47:07 §6[Sacks] §r§a+8§r§e items§r§e.§r§8 (Last 8s.)
17:47:46 §6[Sacks] §r§a+15§r§e items§r§e.§r§8 (Last 19s.)
17:48:10 §6[Sacks] §r§a+20§r§e items§r§e.§r§8 (Last 16s.)
17:48:25 §6[Sacks] §r§a+6§r§e items§r§e.§r§8 (Last 5s.)
17:48:31 §6[Sacks] §r§a+2§r§e items§r§e.§r§8 (Last 5s.)
17:48:42 §6[Sacks] §r§a+2§r§e items§r§e.§r§8 (Last 5s.)
17:49:24 §6[Sacks] §r§a+8§r§e items§r§e.§r§8 (Last 8s.)
17:50:03 §6[Sacks] §r§a+1,068§r§e items§r§e.§r§8 (Last 20s.)
17:50:12 §6[Sacks] §r§a+203§r§e items§r§e.§r§8 (Last 7s.)
17:50:19 §6[Sacks] §r§a+3§r§e items§r§e.§r§8 (Last 5s.)
17:50:43 §6[Sacks] §r§a+4§r§e items§r§e.§r§8 (Last 5s.)
17:51:09 §6[Sacks] §r§a+4§r§e items§r§e.§r§8 (Last 10s.)
17:51:21 §6[Sacks] §r§a+4§r§e items§r§e.§r§8 (Last 6s.)
17:51:31 §6[Sacks] §r§a+3§r§e items§r§e.§r§8 (Last 8s.)
17:51:49 §6[Sacks] §r§a+7§r§e items§r§e.§r§8 (Last 7s.)
17:52:24 §6[Sacks] §r§a+4§r§e items§r§e.§r§8 (Last 10s.)
17:52:51 §6[Sacks] §r§a+8§r§e items§r§e.§r§8 (Last 11s.)
17:53:17 §6[Sacks] §r§a+11§r§e items§r§e.§r§8 (Last 23s.)
17:53:32 §6[Sacks] §r§a+6§r§e items§r§e.§r§8 (Last 12s.)
17:53:52 §6[Sacks] §r§a+11§r§e items§r§e.§r§8 (Last 18s.)
17:54:01 §6[Sacks] §r§a+2§r§e items§r§e.§r§8 (Last 7s.)
17:54:11 §6[Sacks] §r§a+2§r§e items§r§e.§r§8 (Last 9s.)
17:54:22 §6[Sacks] §r§a+8§r§e items§r§e.§r§8 (Last 9s.)
17:54:44 §6[Sacks] §r§a+11§r§e items§r§e.§r§8 (Last 19s.)
17:54:59 §6[Sacks] §r§a+7§r§e items§r§e.§r§8 (Last 14s.)
17:55:24 §6[Sacks] §r§a+12§r§e items§r§e.§r§8 (Last 20s.)
17:55:54 §6[Sacks] §r§a+7§r§e items§r§e.§r§8 (Last 16s.)
17:56:21 §6[Sacks] §r§a+13§r§e items§r§e.§r§8 (Last 24s.)
17:56:38 §6[Sacks] §r§a+7§r§e items§r§e.§r§8 (Last 12s.)
17:57:08 §6[Sacks] §r§a+12§r§e items§r§e.§r§8 (Last 17s.)
17:57:31 §6[Sacks] §r§a+11§r§e items§r§e.§r§8 (Last 20s.)
17:57:45 §6[Sacks] §r§a+7§r§e items§r§e.§r§8 (Last 11s.)
17:57:59 §6[Sacks] §r§a+7§r§e items§r§e.§r§8 (Last 11s.)
17:58:12 §6[Sacks] §r§a+3§r§e items§r§e.§r§8 (Last 9s.)
17:58:26 §6[Sacks] §r§a+10§r§e items§r§e.§r§8 (Last 13s.)
17:58:52 §6[Sacks] §r§a+2§r§e items§r§e.§r§8 (Last 5s.)
17:59:03 §6[Sacks] §r§a+3§r§e items§r§e.§r§8 (Last 5s.)
17:59:13 §6[Sacks] §r§a+5§r§e items§r§e.§r§8 (Last 5s.)
17:59:37 §6[Sacks] §r§a+4§r§e items§r§e.§r§8 (Last 5s.)
18:00:12 §6[Sacks] §r§a+228§r§e items§r§e, §r§c-20,160§r§e items§r§e.§r§8 (Last 21s.)
18:00:35 §6[Sacks] §r§a+270§r§e items§r§e, §r§c-20,160§r§e items§r§e.§r§8 (Last 13s.)
18:01:02 §6[Sacks] §r§a+1,373§r§e items§r§e.§r§8 (Last 26s.)
18:01:16 §6[Sacks] §r§a+701§r§e items§r§e.§r§8 (Last 13s.)
18:01:43 §6[Sacks] §r§a+1,059§r§e items§r§e.§r§8 (Last 24s.)
18:02:01 §6[Sacks] §r§a+688§r§e items§r§e.§r§8 (Last 12s.)
18:02:32 §6[Sacks] §r§a+1,293§r§e items§r§e.§r§8 (Last 24s.)
18:03:01 §6[Sacks] §r§a+1,153§r§e items§r§e.§r§8 (Last 23s.)
18:03:25 §6[Sacks] §r§a+1,116§r§e items§r§e.§r§8 (Last 19s.)
18:03:38 §6[Sacks] §r§a+701§r§e items§r§e.§r§8 (Last 12s.)
18:04:19 §6[Sacks] §r§a+1,197§r§e items§r§e.§r§8 (Last 19s.)
18:04:41 §6[Sacks] §r§a+677§r§e items§r§e.§r§8 (Last 16s.)
18:05:13 §6[Sacks] §r§a+1,681§r§e items§r§e.§r§8 (Last 30s.)
18:05:37 §6[Sacks] §r§a+605§r§e items§r§e.§r§8 (Last 23s.)
18:05:47 §6[Sacks] §r§a+182§r§e items§r§e.§r§8 (Last 5s.)
18:06:00 §6[Sacks] §r§a+511§r§e items§r§e.§r§8 (Last 12s.)
18:06:28 §6[Sacks] §r§a+1,100§r§e items§r§e.§r§8 (Last 21s.)
18:06:59 §6[Sacks] §r§a+734§r§e items§r§e.§r§8 (Last 17s.)
18:07:15 §6[Sacks] §r§a+623§r§e items§r§e.§r§8 (Last 13s.)
18:07:42 §6[Sacks] §r§a+1,108§r§e items§r§e.§r§8 (Last 22s.)
18:08:04 §6[Sacks] §r§a+695§r§e items§r§e.§r§8 (Last 16s.)
18:08:24 §6[Sacks] §r§a+590§r§e items§r§e.§r§8 (Last 17s.)
18:08:36 §6[Sacks] §r§a+572§r§e items§r§e.§r§8 (Last 11s.)
18:09:02 §6[Sacks] §r§a+2§r§e items§r§e.§r§8 (Last 5s.)
18:09:35 §6[Sacks] §r§a+1,114§r§e items§r§e.§r§8 (Last 23s.)
18:10:01 §6[Sacks] §r§a+664§r§e items§r§e.§r§8 (Last 24s.)
18:10:24 §6[Sacks] §r§c-442§r§e items§r§e.§r§8 (Last 5s.)
18:11:45 §6[Sacks] §r§a+293§r§e items§r§e, §r§c-20,286§r§e items§r§e.§r§8 (Last 27s.)
18:12:20 §6[Sacks] §r§a+72§r§e items§r§e.§r§8 (Last 20s.)
18:12:28 §6[Sacks] §r§a+24§r§e items§r§e.§r§8 (Last 5s.)
18:12:48 §6[Sacks] §r§a+48§r§e items§r§e.§r§8 (Last 18s.)
18:13:37 §6[Sacks] §r§a+10§r§e items§r§e.§r§8 (Last 8s.)
18:13:58 §6[Sacks] §r§a+46§r§e items§r§e.§r§8 (Last 18s.)
18:14:12 §6[Sacks] §r§c-200§r§e items§r§e.§r§8 (Last 5s.)
18:14:23 §6[Sacks] §r§a+32§r§e items§r§e.§r§8 (Last 8s.)
18:14:43 §6[Sacks] §r§a+62§r§e items§r§e.§r§8 (Last 19s.)
18:14:52 §6[Sacks] §r§c-94§r§e items§r§e.§r§8 (Last 5s.)
18:16:53 §6[Sacks] §r§a+1§r§e item§r§e.§r§8 (Last 5s.)
18:17:02 §6[Sacks] §r§a+6§r§e items§r§e.§r§8 (Last 7s.)
18:19:43 §6[Sacks] §r§a+711§r§e items§r§e.§r§8 (Last 18s.)
18:20:26 §6[Sacks] §r§a+710§r§e items§r§e.§r§8 (Last 13s.)
18:20:47 §6[Sacks] §r§a+1,305§r§e items§r§e.§r§8 (Last 16s.)
18:21:03 §6[Sacks] §r§a+650§r§e items§r§e.§r§8 (Last 14s.)
18:21:25 §6[Sacks] §r§a+1,237§r§e items§r§e.§r§8 (Last 21s.)
18:21:52 §6[Sacks] §r§a+1,125§r§e items§r§e.§r§8 (Last 24s.)
18:22:12 §6[Sacks] §r§a+700§r§e items§r§e.§r§8 (Last 15s.)
18:22:40 §6[Sacks] §r§a+1,167§r§e items§r§e.§r§8 (Last 25s.)
18:22:53 §6[Sacks] §r§a+668§r§e items§r§e.§r§8 (Last 10s.)
18:23:21 §6[Sacks] §r§a+1,141§r§e items§r§e.§r§8 (Last 23s.)
18:23:36 §6[Sacks] §r§a+705§r§e items§r§e.§r§8 (Last 14s.)
18:23:56 §6[Sacks] §r§a+1,156§r§e items§r§e.§r§8 (Last 18s.)
18:24:11 §6[Sacks] §r§a+665§r§e items§r§e.§r§8 (Last 13s.)
18:24:43 §6[Sacks] §r§a+1,234§r§e items§r§e.§r§8 (Last 23s.)
18:25:03 §6[Sacks] §r§a+630§r§e items§r§e.§r§8 (Last 13s.)
18:25:34 §6[Sacks] §r§a+1,736§r§e items§r§e.§r§8 (Last 30s.)
18:26:05 §6[Sacks] §r§a+1,319§r§e items§r§e.§r§8 (Last 30s.)
18:26:27 §6[Sacks] §r§a+1,227§r§e items§r§e.§r§8 (Last 17s.)
18:28:15 §6[Sacks] §r§a+1,176§r§e items§r§e.§r§8 (Last 23s.)
18:28:39 §6[Sacks] §r§a+901§r§e items§r§e.§r§8 (Last 20s.)
18:29:00 §6[Sacks] §r§a+6§r§e items§r§e.§r§8 (Last 11s.)
18:29:25 §6[Sacks] §r§a+2§r§e items§r§e.§r§8 (Last 5s.)
18:29:53 §6[Sacks] §r§a+11§r§e items§r§e.§r§8 (Last 20s.)
18:30:39 §6[Sacks] §r§a+11§r§e items§r§e.§r§8 (Last 18s.)
18:30:47 §6[Sacks] §r§a+3§r§e items§r§e.§r§8 (Last 8s.)
18:30:58 §6[Sacks] §r§a+9§r§e items§r§e.§r§8 (Last 9s.)
18:31:11 §6[Sacks] §r§a+3§r§e items§r§e.§r§8 (Last 12s.)
18:31:18 §6[Sacks] §r§a+1§r§e item§r§e.§r§8 (Last 5s.)
18:31:38 §6[Sacks] §r§a+4§r§e items§r§e.§r§8 (Last 7s.)
18:32:02 §6[Sacks] §r§a+6§r§e items§r§e.§r§8 (Last 15s.)
18:32:22 §6[Sacks] §r§a+5§r§e items§r§e.§r§8 (Last 5s.)
18:32:43 §6[Sacks] §r§a+3§r§e items§r§e.§r§8 (Last 7s.)
18:32:53 §6[Sacks] §r§a+9§r§e items§r§e.§r§8 (Last 9s.)
18:33:16 §6[Sacks] §r§a+7§r§e items§r§e.§r§8 (Last 14s.)
18:33:25 §6[Sacks] §r§a+2§r§e items§r§e.§r§8 (Last 6s.)
18:33:33 §6[Sacks] §r§a+2§r§e items§r§e.§r§8 (Last 7s.)
18:33:44 §6[Sacks] §r§a+8§r§e items§r§e.§r§8 (Last 9s.)
18:34:09 §6[Sacks] §r§a+12§r§e items§r§e.§r§8 (Last 21s.)
18:34:26 §6[Sacks] §r§a+7§r§e items§r§e.§r§8 (Last 9s.)
18:34:39 §6[Sacks] §r§a+126§r§e items§r§e, §r§c-20,160§r§e items§r§e.§r§8 (Last 10s.)
18:37:19 §6[Sacks] §r§a+750§r§e items§r§e.§r§8 (Last 15s.)
18:37:39 §6[Sacks] §r§a+324§r§e items§r§e.§r§8 (Last 8s.)
18:38:36 §6[Sacks] §r§a+758§r§e items§r§e.§r§8 (Last 11s.)
18:38:57 §6[Sacks] §r§a+737§r§e items§r§e.§r§8 (Last 14s.)
18:39:17 §6[Sacks] §r§a+1,210§r§e items§r§e.§r§8 (Last 15s.)
18:39:46 §6[Sacks] §r§a+1,359§r§e items§r§e.§r§8 (Last 18s.)
18:40:37 §6[Sacks] §r§a+2§r§e items§r§e.§r§8 (Last 5s.)
18:41:08 §6[Sacks] §r§a+1,445§r§e items§r§e.§r§8 (Last 9s.)
18:41:35 §6[Sacks] §r§a+1,142§r§e items§r§e.§r§8 (Last 20s.)
18:41:55 §6[Sacks] §r§a+756§r§e items§r§e.§r§8 (Last 18s.)
18:42:09 §6[Sacks] §r§a+418§r§e items§r§e.§r§8 (Last 7s.)
18:42:27 §6[Sacks] §r§a+755§r§e items§r§e.§r§8 (Last 15s.)
18:42:46 §6[Sacks] §r§a+728§r§e items§r§e.§r§8 (Last 14s.)
18:43:28 §6[Sacks] §r§a+2,077§r§e items§r§e.§r§8 (Last 30s.)
18:44:04 §6[Sacks] §r§a+1,869§r§e items§r§e.§r§8 (Last 30s.)
18:44:35 §6[Sacks] §r§a+1,817§r§e items§r§e.§r§8 (Last 30s.)
18:45:01 §6[Sacks] §r§a+734§r§e items§r§e.§r§8 (Last 16s.)
18:45:23 §6[Sacks] §r§a+1,351§r§e items§r§e.§r§8 (Last 19s.)
18:45:42 §6[Sacks] §r§a+696§r§e items§r§e.§r§8 (Last 14s.)
18:46:19 §6[Sacks] §r§a+1,281§r§e items§r§e.§r§8 (Last 26s.)
18:46:40 §6[Sacks] §r§a+1,201§r§e items§r§e.§r§8 (Last 18s.)
18:47:02 §6[Sacks] §r§a+274§r§e items§r§e.§r§8 (Last 15s.)
18:47:28 §6[Sacks] §r§a+12§r§e items§r§e.§r§8 (Last 21s.)
18:47:53 §6[Sacks] §r§a+13§r§e items§r§e.§r§8 (Last 20s.)
18:48:19 §6[Sacks] §r§a+9§r§e items§r§e.§r§8 (Last 18s.)
18:49:38 §6[Sacks] §r§a+11§r§e items§r§e.§r§8 (Last 19s.)
18:50:15 §6[Sacks] §r§a+7§r§e items§r§e.§r§8 (Last 14s.)
18:50:44 §6[Sacks] §r§a+13§r§e items§r§e.§r§8 (Last 21s.)
18:51:12 §6[Sacks] §r§a+9§r§e items§r§e.§r§8 (Last 16s.)
18:51:37 §6[Sacks] §r§a+13§r§e items§r§e.§r§8 (Last 21s.)
18:52:11 §6[Sacks] §r§a+24§r§e items§r§e.§r§8 (Last 30s.)
18:52:41 §6[Sacks] §r§a+13§r§e items§r§e.§r§8 (Last 18s.)
18:53:04 §6[Sacks] §r§a+145§r§e items§r§e, §r§c-20,160§r§e items§r§e.§r§8 (Last 16s.)
18:53:28 §6[Sacks] §r§c-499§r§e items§r§e.§r§8 (Last 5s.)
18:53:38 §6[Sacks] §r§a+22§r§e items§r§e.§r§8 (Last 5s.)
18:54:04 §6[Sacks] §r§a+1,212§r§e items§r§e.§r§8 (Last 24s.)
18:55:10 §6[Sacks] §r§a+1,333§r§e items§r§e.§r§8 (Last 23s.)
18:55:34 §6[Sacks] §r§a+2§r§e items§r§e.§r§8 (Last 5s.)
18:56:16 §6[Sacks] §r§a+1,189§r§e items§r§e.§r§8 (Last 19s.)
18:56:46 §6[Sacks] §r§a+831§r§e items§r§e.§r§8 (Last 14s.)
18:57:12 §6[Sacks] §r§a+280§r§e items§r§e.§r§8 (Last 7s.)
18:57:32 §6[Sacks] §r§a+704§r§e items§r§e.§r§8 (Last 13s.)
18:58:15 §6[Sacks] §r§a+1,168§r§e items§r§e.§r§8 (Last 22s.)
18:58:37 §6[Sacks] §r§a+1,123§r§e items§r§e.§r§8 (Last 18s.)
18:59:03 §6[Sacks] §r§a+696§r§e items§r§e.§r§8 (Last 14s.)
18:59:19 §6[Sacks] §r§a+667§r§e items§r§e.§r§8 (Last 12s.)
18:59:43 §6[Sacks] §r§a+1,247§r§e items§r§e.§r§8 (Last 22s.)
19:00:02 §6[Sacks] §r§a+711§r§e items§r§e.§r§8 (Last 16s.)
19:00:41 §6[Sacks] §r§a+69§r§e items§r§e, §r§c-11,226§r§e items§r§e.§r§8 (Last 14s.)
19:01:32 §6[Sacks] §r§c-4§r§e items§r§e.§r§8 (Last 5s.)
19:02:48 §6[Sacks] §r§a+124§r§e items§r§e.§r§8 (Last 29s.)
19:04:26 §6[Sacks] §r§a+88§r§e items§r§e.§r§8 (Last 30s.)
19:04:38 §6[Sacks] §r§a+22§r§e items§r§e.§r§8 (Last 10s.)
19:04:53 §6[Sacks] §r§a+18§r§e items§r§e.§r§8 (Last 12s.)
19:05:06 §6[Sacks] §r§a+20§r§e items§r§e.§r§8 (Last 10s.)
19:05:30 §6[Sacks] §r§a+48§r§e items§r§e.§r§8 (Last 19s.)
19:05:59 §6[Sacks] §r§a+44§r§e items§r§e.§r§8 (Last 26s.)
19:06:23 §6[Sacks] §r§a+22§r§e items§r§e, §r§c-386§r§e items§r§e.§r§8 (Last 18s.)
19:07:05 §6[Sacks] §r§a+96§r§e items§r§e.§r§8 (Last 30s.)
19:07:38 §6[Sacks] §r§a+54§r§e items§r§e.§r§8 (Last 30s.)
19:07:46 §6[Sacks] §r§c-150§r§e items§r§e.§r§8 (Last 5s.)
19:08:44 §6[Sacks] §r§a+74§r§e items§r§e.§r§8 (Last 30s.)
19:08:54 §6[Sacks] §r§a+8§r§e items§r§e.§r§8 (Last 7s.)
19:09:12 §6[Sacks] §r§a+44§r§e items§r§e.§r§8 (Last 17s.)
19:09:44 §6[Sacks] §r§a+72§r§e items§r§e.§r§8 (Last 30s.)
19:09:57 §6[Sacks] §r§a+4§r§e items§r§e.§r§8 (Last 8s.)
19:10:05 §6[Sacks] §r§c-202§r§e items§r§e.§r§8 (Last 5s.)
19:14:34 §6[Sacks] §r§a+8§r§e items§r§e.§r§8 (Last 5s.)
19:15:23 §6[Sacks] §r§a+2§r§e items§r§e.§r§8 (Last 5s.)
19:15:47 §6[Sacks] §r§a+2,230§r§e items§r§e.§r§8 (Last 19s.)
19:16:08 §6[Sacks] §r§a+1,535§r§e items§r§e.§r§8 (Last 20s.)
19:16:22 §6[Sacks] §r§a+1,147§r§e items§r§e.§r§8 (Last 13s.)
19:16:54 §6[Sacks] §r§a+976§r§e items§r§e.§r§8 (Last 29s.)
19:17:18 §6[Sacks] §r§a+2,261§r§e items§r§e.§r§8 (Last 19s.)
19:17:37 §6[Sacks] §r§a+1,590§r§e items§r§e.§r§8 (Last 14s.)
19:17:50 §6[Sacks] §r§a+1,479§r§e items§r§e.§r§8 (Last 10s.)
19:18:07 §6[Sacks] §r§a+789§r§e items§r§e.§r§8 (Last 8s.)
19:18:28 §6[Sacks] §r§a+2,244§r§e items§r§e.§r§8 (Last 19s.)
19:18:41 §6[Sacks] §r§a+764§r§e items§r§e.§r§8 (Last 8s.)
19:19:13 §6[Sacks] §r§a+2,223§r§e items§r§e.§r§8 (Last 22s.)
19:19:23 §6[Sacks] §r§a+1,400§r§e items§r§e.§r§8 (Last 9s.)
19:19:47 §6[Sacks] §r§a+40§r§e items§r§e.§r§8 (Last 9s.)
19:19:54 §6[Sacks] §r§a+2§r§e items§r§e.§r§8 (Last 5s.)
19:20:21 §6[Sacks] §r§a+8§r§e items§r§e.§r§8 (Last 6s.)
19:21:47 §6[Sacks] §r§a+9§r§e items§r§e.§r§8 (Last 12s.)
19:22:49 §6[Sacks] §r§a+12§r§e items§r§e.§r§8 (Last 13s.)
19:24:13 §6[Sacks] §r§a+8§r§e items§r§e.§r§8 (Last 7s.)
19:24:38 §6[Sacks] §r§a+7§r§e items§r§e.§r§8 (Last 8s.)
19:24:50 §6[Sacks] §r§a+14§r§e items§r§e.§r§8 (Last 10s.)
19:25:20 §6[Sacks] §r§a+29§r§e items§r§e.§r§8 (Last 19s.)
19:25:39 §6[Sacks] §r§a+2§r§e items§r§e.§r§8 (Last 5s.)
19:25:47 §6[Sacks] §r§a+8§r§e items§r§e.§r§8 (Last 7s.)
19:26:12 §6[Sacks] §r§a+30§r§e items§r§e.§r§8 (Last 23s.)
19:26:22 §6[Sacks] §r§a+14§r§e items§r§e.§r§8 (Last 8s.)
19:26:57 §6[Sacks] §r§a+37§r§e items§r§e.§r§8 (Last 28s.)
19:27:13 §6[Sacks] §r§a+16§r§e items§r§e.§r§8 (Last 14s.)
19:28:52 §6[Sacks] §r§a+126§r§e items§r§e, §r§c-20,160§r§e items§r§e.§r§8 (Last 10s.)
19:29:22 §6[Sacks] §r§c-19§r§e items§r§e.§r§8 (Last 5s.)
19:29:51 §6[Sacks] §r§a+19§r§e items§r§e.§r§8 (Last 5s.)
19:30:03 §6[Sacks] §r§a+32§r§e items§r§e, §r§c-986§r§e items§r§e.§r§8 (Last 10s.)
