17:38:25 §9§l▬▬▬▬▬▬▬▬▬▬▬▬▬▬▬▬▬▬▬▬▬▬▬▬▬▬▬▬▬▬▬▬▬▬▬▬▬▬▬▬▬▬▬▬▬▬▬▬▬▬▬▬▬▬▬▬▬▬▬▬▬▬▬▬
17:38:25                                  §r§9§lTREE GIFT
17:38:25 
17:38:25                  §r§7You helped cut §r§a100% §r§7of the §r§aFig Tree§r§7.
17:38:25 §f                       §e+5 rewards gained! §8(hover)
17:38:25                      §r§7A §r§dPhanflare §r§7fell from the Tree!
17:38:25 §9§l▬▬▬▬▬▬▬▬▬▬▬▬▬▬▬▬▬▬▬▬▬▬▬▬▬▬▬▬▬▬▬▬▬▬▬▬▬▬▬▬▬▬▬▬▬▬▬▬▬▬▬▬▬▬▬▬▬▬▬▬▬▬▬▬
17:38:32 §9§l▬▬▬▬▬▬▬▬▬▬▬▬▬▬▬▬▬▬▬▬▬▬▬▬▬▬▬▬▬▬▬▬▬▬▬▬▬▬▬▬▬▬▬▬▬▬▬▬▬▬▬▬▬▬▬▬▬▬▬▬▬▬▬▬
17:38:32                                  §r§9§lTREE GIFT
17:38:32 
17:38:32                  §r§7You helped cut §r§a100% §r§7of the §r§aFig Tree§r§7.
17:38:32 §f                       §e+5 rewards gained! §8(hover)
17:38:32 
17:38:32                                 §r§d§lBONUS GIFT
17:38:32                           §r§7§r§aStretching Sticks §r§8(§r§a20%§r§8)
17:38:32                      §r§7A §r§dPhanpyre §r§7fell from the Tree!
17:38:32 §9§l▬▬▬▬▬▬▬▬▬▬▬▬▬▬▬▬▬▬▬▬▬▬▬▬▬▬▬▬▬▬▬▬▬▬▬▬▬▬▬▬▬▬▬▬▬▬▬▬▬▬▬▬▬▬▬▬▬▬▬▬▬▬▬▬
17:38:53 §9§l▬▬▬▬▬▬▬▬▬▬▬▬▬▬▬▬▬▬▬▬▬▬▬▬▬▬▬▬▬▬▬▬▬▬▬▬▬▬▬▬▬▬▬▬▬▬▬▬▬▬▬▬▬▬▬▬▬▬▬▬▬▬▬▬
17:38:53                                  §r§9§lTREE GIFT
17:38:53 
17:38:53                  §r§7You helped cut §r§a100% §r§7of the §r§aFig Tree§r§7.
17:38:53 §f                       §e+5 rewards gained! §8(hover)
17:38:53 §9§l▬▬▬▬▬▬▬▬▬▬▬▬▬▬▬▬▬▬▬▬▬▬▬▬▬▬▬▬▬▬▬▬▬▬▬▬▬▬▬▬▬▬▬▬▬▬▬▬▬▬▬▬▬▬▬▬▬▬▬▬▬▬▬▬
17:39:06 §9§l▬▬▬▬▬▬▬▬▬▬▬▬▬▬▬▬▬▬▬▬▬▬▬▬▬▬▬▬▬▬▬▬▬▬▬▬▬▬▬▬▬▬▬▬▬▬▬▬▬▬▬▬▬▬▬▬▬▬▬▬▬▬▬▬
17:39:06                                  §r§9§lTREE GIFT
17:39:06 
17:39:06                  §r§7You helped cut §r§a100% §r§7of the §r§aFig Tree§r§7.
17:39:06 §f                       §e+5 rewards gained! §8(hover)
17:39:06 
17:39:06                                 §r§d§lBONUS GIFT
17:39:06                           §r§7§r§aStretching Sticks §r§8(§r§a20%§r§8)
17:39:06 §9§l▬▬▬▬▬▬▬▬▬▬▬▬▬▬▬▬▬▬▬▬▬▬▬▬▬▬▬▬▬▬▬▬▬▬▬▬▬▬▬▬▬▬▬▬▬▬▬▬▬▬▬▬▬▬▬▬▬▬▬▬▬▬▬▬
17:39:23 §9§l▬▬▬▬▬▬▬▬▬▬▬▬▬▬▬▬▬▬▬▬▬▬▬▬▬▬▬▬▬▬▬▬▬▬▬▬▬▬▬▬▬▬▬▬▬▬▬▬▬▬▬▬▬▬▬▬▬▬▬▬▬▬▬▬
17:39:23                                  §r§9§lTREE GIFT
17:39:23 
17:39:23                  §r§7You helped cut §r§a100% §r§7of the §r§aFig Tree§r§7.
17:39:23 §f                       §e+5 rewards gained! §8(hover)
17:39:23 
17:39:23                                 §r§d§lBONUS GIFT
17:39:23                           §r§7§r§aStretching Sticks §r§8(§r§a20%§r§8)
17:39:23                             §r§7§r§fSweep Booster §r§8(§r§a1%§r§8)
17:39:23                      §r§7A §r§dDreadwing §r§7fell from the Tree!
17:39:23 §9§l▬▬▬▬▬▬▬▬▬▬▬▬▬▬▬▬▬▬▬▬▬▬▬▬▬▬▬▬▬▬▬▬▬▬▬▬▬▬▬▬▬▬▬▬▬▬▬▬▬▬▬▬▬▬▬▬▬▬▬▬▬▬▬▬
17:40:09 §9§l▬▬▬▬▬▬▬▬▬▬▬▬▬▬▬▬▬▬▬▬▬▬▬▬▬▬▬▬▬▬▬▬▬▬▬▬▬▬▬▬▬▬▬▬▬▬▬▬▬▬▬▬▬▬▬▬▬▬▬▬▬▬▬▬
17:40:09                                  §r§9§lTREE GIFT
17:40:09 
17:40:09                  §r§7You helped cut §r§a100% §r§7of the §r§aFig Tree§r§7.
17:40:09 §f                       §e+5 rewards gained! §8(hover)
17:40:09 
17:40:09                                 §r§d§lBONUS GIFT
17:40:09                           §r§7§r§aStretching Sticks §r§8(§r§a20%§r§8)
17:40:09 §9§l▬▬▬▬▬▬▬▬▬▬▬▬▬▬▬▬▬▬▬▬▬▬▬▬▬▬▬▬▬▬▬▬▬▬▬▬▬▬▬▬▬▬▬▬▬▬▬▬▬▬▬▬▬▬▬▬▬▬▬▬▬▬▬▬
17:40:20 §9§l▬▬▬▬▬▬▬▬▬▬▬▬▬▬▬▬▬▬▬▬▬▬▬▬▬▬▬▬▬▬▬▬▬▬▬▬▬▬▬▬▬▬▬▬▬▬▬▬▬▬▬▬▬▬▬▬▬▬▬▬▬▬▬▬
17:40:20                                  §r§9§lTREE GIFT
17:40:20 
17:40:20                  §r§7You helped cut §r§a100% §r§7of the §r§aFig Tree§r§7.
17:40:20 §f                       §e+5 rewards gained! §8(hover)
17:40:20 
17:40:20                                 §r§d§lBONUS GIFT
17:40:20                           §r§7§r§aStretching Sticks §r§8(§r§a20%§r§8)
17:40:20 §9§l▬▬▬▬▬▬▬▬▬▬▬▬▬▬▬▬▬▬▬▬▬▬▬▬▬▬▬▬▬▬▬▬▬▬▬▬▬▬▬▬▬▬▬▬▬▬▬▬▬▬▬▬▬▬▬▬▬▬▬▬▬▬▬▬
17:40:33 §9§l▬▬▬▬▬▬▬▬▬▬▬▬▬▬▬▬▬▬▬▬▬▬▬▬▬▬▬▬▬▬▬▬▬▬▬▬▬▬▬▬▬▬▬▬▬▬▬▬▬▬▬▬▬▬▬▬▬▬▬▬▬▬▬▬
17:40:33                                  §r§9§lTREE GIFT
17:40:33 
17:40:33                  §r§7You helped cut §r§a100% §r§7of the §r§aFig Tree§r§7.
17:40:33 §f                       §e+5 rewards gained! §8(hover)
17:40:33 
17:40:33                                 §r§d§lBONUS GIFT
17:40:33                           §r§7§r§aStretching Sticks §r§8(§r§a20%§r§8)
17:40:33 §9§l▬▬▬▬▬▬▬▬▬▬▬▬▬▬▬▬▬▬▬▬▬▬▬▬▬▬▬▬▬▬▬▬▬▬▬▬▬▬▬▬▬▬▬▬▬▬▬▬▬▬▬▬▬▬▬▬▬▬▬▬▬▬▬▬
17:40:41 §9§l▬▬▬▬▬▬▬▬▬▬▬▬▬▬▬▬▬▬▬▬▬▬▬▬▬▬▬▬▬▬▬▬▬▬▬▬▬▬▬▬▬▬▬▬▬▬▬▬▬▬▬▬▬▬▬▬▬▬▬▬▬▬▬▬
17:40:41                                  §r§9§lTREE GIFT
17:40:41 
17:40:41                  §r§7You helped cut §r§a100% §r§7of the §r§aFig Tree§r§7.
17:40:41 §f                       §e+5 rewards gained! §8(hover)
17:40:41 
17:40:41                                 §r§d§lBONUS GIFT
17:40:41                           §r§7§r§aStretching Sticks §r§8(§r§a20%§r§8)
17:40:41 §9§l▬▬▬▬▬▬▬▬▬▬▬▬▬▬▬▬▬▬▬▬▬▬▬▬▬▬▬▬▬▬▬▬▬▬▬▬▬▬▬▬▬▬▬▬▬▬▬▬▬▬▬▬▬▬▬▬▬▬▬▬▬▬▬▬
17:40:48 §9§l▬▬▬▬▬▬▬▬▬▬▬▬▬▬▬▬▬▬▬▬▬▬▬▬▬▬▬▬▬▬▬▬▬▬▬▬▬▬▬▬▬▬▬▬▬▬▬▬▬▬▬▬▬▬▬▬▬▬▬▬▬▬▬▬
17:40:48                                  §r§9§lTREE GIFT
17:40:48 
17:40:48                  §r§7You helped cut §r§a100% §r§7of the §r§aFig Tree§r§7.
17:40:48 §f                       §e+5 rewards gained! §8(hover)
17:40:48 
17:40:48                                 §r§d§lBONUS GIFT
17:40:48                           §r§7§r§aStretching Sticks §r§8(§r§a20%§r§8)
17:40:48 §9§l▬▬▬▬▬▬▬▬▬▬▬▬▬▬▬▬▬▬▬▬▬▬▬▬▬▬▬▬▬▬▬▬▬▬▬▬▬▬▬▬▬▬▬▬▬▬▬▬▬▬▬▬▬▬▬▬▬▬▬▬▬▬▬▬
17:41:01 §9§l▬▬▬▬▬▬▬▬▬▬▬▬▬▬▬▬▬▬▬▬▬▬▬▬▬▬▬▬▬▬▬▬▬▬▬▬▬▬▬▬▬▬▬▬▬▬▬▬▬▬▬▬▬▬▬▬▬▬▬▬▬▬▬▬
17:41:01                                  §r§9§lTREE GIFT
17:41:01 
17:41:01                  §r§7You helped cut §r§a100% §r§7of the §r§aFig Tree§r§7.
17:41:01 §f                       §e+5 rewards gained! §8(hover)
17:41:01 
17:41:01                                 §r§d§lBONUS GIFT
17:41:01                           §r§7§r§aStretching Sticks §r§8(§r§a20%§r§8)
17:41:01 §9§l▬▬▬▬▬▬▬▬▬▬▬▬▬▬▬▬▬▬▬▬▬▬▬▬▬▬▬▬▬▬▬▬▬▬▬▬▬▬▬▬▬▬▬▬▬▬▬▬▬▬▬▬▬▬▬▬▬▬▬▬▬▬▬▬
17:41:24 §9§l▬▬▬▬▬▬▬▬▬▬▬▬▬▬▬▬▬▬▬▬▬▬▬▬▬▬▬▬▬▬▬▬▬▬▬▬▬▬▬▬▬▬▬▬▬▬▬▬▬▬▬▬▬▬▬▬▬▬▬▬▬▬▬▬
17:41:24                                  §r§9§lTREE GIFT
17:41:24 
17:41:24                  §r§7You helped cut §r§a43.9% §r§7of the §r§aFig Tree§r§7.
17:41:24 §f                       §e+5 rewards gained! §8(hover)
17:41:24 
17:41:24                                 §r§d§lBONUS GIFT
17:41:24                           §r§7§r§aStretching Sticks §r§8(§r§a20%§r§8)
17:41:24                             §r§7§r§fSweep Booster §r§8(§r§a1%§r§8)
17:41:24 §9§l▬▬▬▬▬▬▬▬▬▬▬▬▬▬▬▬▬▬▬▬▬▬▬▬▬▬▬▬▬▬▬▬▬▬▬▬▬▬▬▬▬▬▬▬▬▬▬▬▬▬▬▬▬▬▬▬▬▬▬▬▬▬▬▬
17:41:52 §9§l▬▬▬▬▬▬▬▬▬▬▬▬▬▬▬▬▬▬▬▬▬▬▬▬▬▬▬▬▬▬▬▬▬▬▬▬▬▬▬▬▬▬▬▬▬▬▬▬▬▬▬▬▬▬▬▬▬▬▬▬▬▬▬▬
17:41:52                                  §r§9§lTREE GIFT
17:41:52 
17:41:52                  §r§7You helped cut §r§a100% §r§7of the §r§aFig Tree§r§7.
17:41:52 §f                       §e+5 rewards gained! §8(hover)
17:41:52 
17:41:52                                 §r§d§lBONUS GIFT
17:41:52                           §r§7§r§aStretching Sticks §r§8(§r§a20%§r§8)
17:41:52                      §r§7A §r§dPhanpyre §r§7fell from the Tree!
17:41:52 §9§l▬▬▬▬▬▬▬▬▬▬▬▬▬▬▬▬▬▬▬▬▬▬▬▬▬▬▬▬▬▬▬▬▬▬▬▬▬▬▬▬▬▬▬▬▬▬▬▬▬▬▬▬▬▬▬▬▬▬▬▬▬▬▬▬
17:42:06 §9§l▬▬▬▬▬▬▬▬▬▬▬▬▬▬▬▬▬▬▬▬▬▬▬▬▬▬▬▬▬▬▬▬▬▬▬▬▬▬▬▬▬▬▬▬▬▬▬▬▬▬▬▬▬▬▬▬▬▬▬▬▬▬▬▬
17:42:06                                  §r§9§lTREE GIFT
17:42:06 
17:42:06                  §r§7You helped cut §r§a100% §r§7of the §r§aFig Tree§r§7.
17:42:06 §f                       §e+5 rewards gained! §8(hover)
17:42:06 §9§l▬▬▬▬▬▬▬▬▬▬▬▬▬▬▬▬▬▬▬▬▬▬▬▬▬▬▬▬▬▬▬▬▬▬▬▬▬▬▬▬▬▬▬▬▬▬▬▬▬▬▬▬▬▬▬▬▬▬▬▬▬▬▬▬
17:42:14 §9§l▬▬▬▬▬▬▬▬▬▬▬▬▬▬▬▬▬▬▬▬▬▬▬▬▬▬▬▬▬▬▬▬▬▬▬▬▬▬▬▬▬▬▬▬▬▬▬▬▬▬▬▬▬▬▬▬▬▬▬▬▬▬▬▬
17:42:14                                  §r§9§lTREE GIFT
17:42:14 
17:42:14                  §r§7You helped cut §r§a100% §r§7of the §r§aFig Tree§r§7.
17:42:14 §f                       §e+5 rewards gained! §8(hover)
17:42:14 §9§l▬▬▬▬▬▬▬▬▬▬▬▬▬▬▬▬▬▬▬▬▬▬▬▬▬▬▬▬▬▬▬▬▬▬▬▬▬▬▬▬▬▬▬▬▬▬▬▬▬▬▬▬▬▬▬▬▬▬▬▬▬▬▬▬
17:42:24 §9§l▬▬▬▬▬▬▬▬▬▬▬▬▬▬▬▬▬▬▬▬▬▬▬▬▬▬▬▬▬▬▬▬▬▬▬▬▬▬▬▬▬▬▬▬▬▬▬▬▬▬▬▬▬▬▬▬▬▬▬▬▬▬▬▬
17:42:24                                  §r§9§lTREE GIFT
17:42:24 
17:42:24                  §r§7You helped cut §r§a100% §r§7of the §r§aFig Tree§r§7.
17:42:24 §f                       §e+5 rewards gained! §8(hover)
17:42:24 
17:42:24                                 §r§d§lBONUS GIFT
17:42:24                           §r§7§r§aStretching Sticks §r§8(§r§a20%§r§8)
17:42:24                      §r§7A §r§dPhanpyre §r§7fell from the Tree!
17:42:24 §9§l▬▬▬▬▬▬▬▬▬▬▬▬▬▬▬▬▬▬▬▬▬▬▬▬▬▬▬▬▬▬▬▬▬▬▬▬▬▬▬▬▬▬▬▬▬▬▬▬▬▬▬▬▬▬▬▬▬▬▬▬▬▬▬▬
17:42:38 §9§l▬▬▬▬▬▬▬▬▬▬▬▬▬▬▬▬▬▬▬▬▬▬▬▬▬▬▬▬▬▬▬▬▬▬▬▬▬▬▬▬▬▬▬▬▬▬▬▬▬▬▬▬▬▬▬▬▬▬▬▬▬▬▬▬
17:42:38                                  §r§9§lTREE GIFT
17:42:38 
17:42:38                  §r§7You helped cut §r§a100% §r§7of the §r§aFig Tree§r§7.
17:42:38 §f                       §e+5 rewards gained! §8(hover)
17:42:38 
17:42:38                                 §r§d§lBONUS GIFT
17:42:38                           §r§7§r§aStretching Sticks §r§8(§r§a20%§r§8)
17:42:38 §9§l▬▬▬▬▬▬▬▬▬▬▬▬▬▬▬▬▬▬▬▬▬▬▬▬▬▬▬▬▬▬▬▬▬▬▬▬▬▬▬▬▬▬▬▬▬▬▬▬▬▬▬▬▬▬▬▬▬▬▬▬▬▬▬▬
17:43:03 §9§l▬▬▬▬▬▬▬▬▬▬▬▬▬▬▬▬▬▬▬▬▬▬▬▬▬▬▬▬▬▬▬▬▬▬▬▬▬▬▬▬▬▬▬▬▬▬▬▬▬▬▬▬▬▬▬▬▬▬▬▬▬▬▬▬
17:43:03                                  §r§9§lTREE GIFT
17:43:03 
17:43:03                  §r§7You helped cut §r§a100% §r§7of the §r§aFig Tree§r§7.
17:43:03 §f                       §e+5 rewards gained! §8(hover)
17:43:03 
17:43:03                                 §r§d§lBONUS GIFT
17:43:03                           §r§7§r§aStretching Sticks §r§8(§r§a20%§r§8)
17:43:03 §9§l▬▬▬▬▬▬▬▬▬▬▬▬▬▬▬▬▬▬▬▬▬▬▬▬▬▬▬▬▬▬▬▬▬▬▬▬▬▬▬▬▬▬▬▬▬▬▬▬▬▬▬▬▬▬▬▬▬▬▬▬▬▬▬▬
17:43:17 §9§l▬▬▬▬▬▬▬▬▬▬▬▬▬▬▬▬▬▬▬▬▬▬▬▬▬▬▬▬▬▬▬▬▬▬▬▬▬▬▬▬▬▬▬▬▬▬▬▬▬▬▬▬▬▬▬▬▬▬▬▬▬▬▬▬
17:43:17                                  §r§9§lTREE GIFT
17:43:17 
17:43:17                  §r§7You helped cut §r§a100% §r§7of the §r§aFig Tree§r§7.
17:43:17 §f                       §e+5 rewards gained! §8(hover)
17:43:17 
17:43:17                                 §r§d§lBONUS GIFT
17:43:17                           §r§7§r§aStretching Sticks §r§8(§r§a20%§r§8)
17:43:17 §9§l▬▬▬▬▬▬▬▬▬▬▬▬▬▬▬▬▬▬▬▬▬▬▬▬▬▬▬▬▬▬▬▬▬▬▬▬▬▬▬▬▬▬▬▬▬▬▬▬▬▬▬▬▬▬▬▬▬▬▬▬▬▬▬▬
17:43:29 §9§l▬▬▬▬▬▬▬▬▬▬▬▬▬▬▬▬▬▬▬▬▬▬▬▬▬▬▬▬▬▬▬▬▬▬▬▬▬▬▬▬▬▬▬▬▬▬▬▬▬▬▬▬▬▬▬▬▬▬▬▬▬▬▬▬
17:43:29                                  §r§9§lTREE GIFT
17:43:29 
17:43:29                  §r§7You helped cut §r§a100% §r§7of the §r§aFig Tree§r§7.
17:43:29 §f                       §e+5 rewards gained! §8(hover)
17:43:29 §9§l▬▬▬▬▬▬▬▬▬▬▬▬▬▬▬▬▬▬▬▬▬▬▬▬▬▬▬▬▬▬▬▬▬▬▬▬▬▬▬▬▬▬▬▬▬▬▬▬▬▬▬▬▬▬▬▬▬▬▬▬▬▬▬▬
17:43:39 §9§l▬▬▬▬▬▬▬▬▬▬▬▬▬▬▬▬▬▬▬▬▬▬▬▬▬▬▬▬▬▬▬▬▬▬▬▬▬▬▬▬▬▬▬▬▬▬▬▬▬▬▬▬▬▬▬▬▬▬▬▬▬▬▬▬
17:43:39                                  §r§9§lTREE GIFT
17:43:39 
17:43:39                  §r§7You helped cut §r§a100% §r§7of the §r§aFig Tree§r§7.
17:43:39 §f                       §e+5 rewards gained! §8(hover)
17:43:39 
17:43:39                                 §r§d§lBONUS GIFT
17:43:39                           §r§7§r§aStretching Sticks §r§8(§r§a20%§r§8)
17:43:39 §9§l▬▬▬▬▬▬▬▬▬▬▬▬▬▬▬▬▬▬▬▬▬▬▬▬▬▬▬▬▬▬▬▬▬▬▬▬▬▬▬▬▬▬▬▬▬▬▬▬▬▬▬▬▬▬▬▬▬▬▬▬▬▬▬▬
17:44:05 §9§l▬▬▬▬▬▬▬▬▬▬▬▬▬▬▬▬▬▬▬▬▬▬▬▬▬▬▬▬▬▬▬▬▬▬▬▬▬▬▬▬▬▬▬▬▬▬▬▬▬▬▬▬▬▬▬▬▬▬▬▬▬▬▬▬
17:44:05                                  §r§9§lTREE GIFT
17:44:05 
17:44:05                  §r§7You helped cut §r§a100% §r§7of the §r§aFig Tree§r§7.
17:44:05 §f                       §e+5 rewards gained! §8(hover)
17:44:05 
17:44:05                                 §r§d§lBONUS GIFT
17:44:05                           §r§7§r§aStretching Sticks §r§8(§r§a20%§r§8)
17:44:05 §9§l▬▬▬▬▬▬▬▬▬▬▬▬▬▬▬▬▬▬▬▬▬▬▬▬▬▬▬▬▬▬▬▬▬▬▬▬▬▬▬▬▬▬▬▬▬▬▬▬▬▬▬▬▬▬▬▬▬▬▬▬▬▬▬▬
17:44:12 §9§l▬▬▬▬▬▬▬▬▬▬▬▬▬▬▬▬▬▬▬▬▬▬▬▬▬▬▬▬▬▬▬▬▬▬▬▬▬▬▬▬▬▬▬▬▬▬▬▬▬▬▬▬▬▬▬▬▬▬▬▬▬▬▬▬
17:44:12                                  §r§9§lTREE GIFT
17:44:12 
17:44:12                  §r§7You helped cut §r§a100% §r§7of the §r§aFig Tree§r§7.
17:44:12 §f                       §e+5 rewards gained! §8(hover)
17:44:12 
17:44:12                                 §r§d§lBONUS GIFT
17:44:12                           §r§7§r§aStretching Sticks §r§8(§r§a20%§r§8)
17:44:12 §9§l▬▬▬▬▬▬▬▬▬▬▬▬▬▬▬▬▬▬▬▬▬▬▬▬▬▬▬▬▬▬▬▬▬▬▬▬▬▬▬▬▬▬▬▬▬▬▬▬▬▬▬▬▬▬▬▬▬▬▬▬▬▬▬▬
17:44:35 §9§l▬▬▬▬▬▬▬▬▬▬▬▬▬▬▬▬▬▬▬▬▬▬▬▬▬▬▬▬▬▬▬▬▬▬▬▬▬▬▬▬▬▬▬▬▬▬▬▬▬▬▬▬▬▬▬▬▬▬▬▬▬▬▬▬
17:44:35                                  §r§9§lTREE GIFT
17:44:35 
17:44:35                  §r§7You helped cut §r§a100% §r§7of the §r§aFig Tree§r§7.
17:44:35 §f                       §e+5 rewards gained! §8(hover)
17:44:35 
17:44:35                                 §r§d§lBONUS GIFT
17:44:35                           §r§7§r§aStretching Sticks §r§8(§r§a20%§r§8)
17:44:35                      §r§7§r§fForaging Wisdom Booster §r§8(§r§a0.5%§r§8)
17:44:35 §9§l▬▬▬▬▬▬▬▬▬▬▬▬▬▬▬▬▬▬▬▬▬▬▬▬▬▬▬▬▬▬▬▬▬▬▬▬▬▬▬▬▬▬▬▬▬▬▬▬▬▬▬▬▬▬▬▬▬▬▬▬▬▬▬▬
17:44:51 §9§l▬▬▬▬▬▬▬▬▬▬▬▬▬▬▬▬▬▬▬▬▬▬▬▬▬▬▬▬▬▬▬▬▬▬▬▬▬▬▬▬▬▬▬▬▬▬▬▬▬▬▬▬▬▬▬▬▬▬▬▬▬▬▬▬
17:44:51                                  §r§9§lTREE GIFT
17:44:51 
17:44:51                  §r§7You helped cut §r§a100% §r§7of the §r§aFig Tree§r§7.
17:44:51 §f                       §e+5 rewards gained! §8(hover)
17:44:51 
17:44:51                                 §r§d§lBONUS GIFT
17:44:51                           §r§7§r§aStretching Sticks §r§8(§r§a20%§r§8)
17:44:51 §9§l▬▬▬▬▬▬▬▬▬▬▬▬▬▬▬▬▬▬▬▬▬▬▬▬▬▬▬▬▬▬▬▬▬▬▬▬▬▬▬▬▬▬▬▬▬▬▬▬▬▬▬▬▬▬▬▬▬▬▬▬▬▬▬▬
17:44:59 §9§l▬▬▬▬▬▬▬▬▬▬▬▬▬▬▬▬▬▬▬▬▬▬▬▬▬▬▬▬▬▬▬▬▬▬▬▬▬▬▬▬▬▬▬▬▬▬▬▬▬▬▬▬▬▬▬▬▬▬▬▬▬▬▬▬
17:44:59                                  §r§9§lTREE GIFT
17:44:59 
17:44:59                  §r§7You helped cut §r§a100% §r§7of the §r§aFig Tree§r§7.
17:44:59 §f                       §e+5 rewards gained! §8(hover)
17:44:59 
17:44:59                                 §r§d§lBONUS GIFT
17:44:59                           §r§7§r§aStretching Sticks §r§8(§r§a20%§r§8)
17:44:59 §9§l▬▬▬▬▬▬▬▬▬▬▬▬▬▬▬▬▬▬▬▬▬▬▬▬▬▬▬▬▬▬▬▬▬▬▬▬▬▬▬▬▬▬▬▬▬▬▬▬▬▬▬▬▬▬▬▬▬▬▬▬▬▬▬▬
17:45:06 §9§l▬▬▬▬▬▬▬▬▬▬▬▬▬▬▬▬▬▬▬▬▬▬▬▬▬▬▬▬▬▬▬▬▬▬▬▬▬▬▬▬▬▬▬▬▬▬▬▬▬▬▬▬▬▬▬▬▬▬▬▬▬▬▬▬
17:45:06                                  §r§9§lTREE GIFT
17:45:06 
17:45:06                  §r§7You helped cut §r§a100% §r§7of the §r§aFig Tree§r§7.
17:45:06 §f                       §e+5 rewards gained! §8(hover)
17:45:06 
17:45:06                                 §r§d§lBONUS GIFT
17:45:06                           §r§7§r§aStretching Sticks §r§8(§r§a20%§r§8)
17:45:06 §9§l▬▬▬▬▬▬▬▬▬▬▬▬▬▬▬▬▬▬▬▬▬▬▬▬▬▬▬▬▬▬▬▬▬▬▬▬▬▬▬▬▬▬▬▬▬▬▬▬▬▬▬▬▬▬▬▬▬▬▬▬▬▬▬▬
17:45:16 §9§l▬▬▬▬▬▬▬▬▬▬▬▬▬▬▬▬▬▬▬▬▬▬▬▬▬▬▬▬▬▬▬▬▬▬▬▬▬▬▬▬▬▬▬▬▬▬▬▬▬▬▬▬▬▬▬▬▬▬▬▬▬▬▬▬
17:45:16                                  §r§9§lTREE GIFT
17:45:16 
17:45:16                  §r§7You helped cut §r§a100% §r§7of the §r§aFig Tree§r§7.
17:45:16 §f                       §e+5 rewards gained! §8(hover)
17:45:16 §9§l▬▬▬▬▬▬▬▬▬▬▬▬▬▬▬▬▬▬▬▬▬▬▬▬▬▬▬▬▬▬▬▬▬▬▬▬▬▬▬▬▬▬▬▬▬▬▬▬▬▬▬▬▬▬▬▬▬▬▬▬▬▬▬▬
17:45:25 §9§l▬▬▬▬▬▬▬▬▬▬▬▬▬▬▬▬▬▬▬▬▬▬▬▬▬▬▬▬▬▬▬▬▬▬▬▬▬▬▬▬▬▬▬▬▬▬▬▬▬▬▬▬▬▬▬▬▬▬▬▬▬▬▬▬
17:45:25                                  §r§9§lTREE GIFT
17:45:25 
17:45:25                  §r§7You helped cut §r§a100% §r§7of the §r§aFig Tree§r§7.
17:45:25 §f                       §e+5 rewards gained! §8(hover)
17:45:25 §9§l▬▬▬▬▬▬▬▬▬▬▬▬▬▬▬▬▬▬▬▬▬▬▬▬▬▬▬▬▬▬▬▬▬▬▬▬▬▬▬▬▬▬▬▬▬▬▬▬▬▬▬▬▬▬▬▬▬▬▬▬▬▬▬▬
17:45:34 §9§l▬▬▬▬▬▬▬▬▬▬▬▬▬▬▬▬▬▬▬▬▬▬▬▬▬▬▬▬▬▬▬▬▬▬▬▬▬▬▬▬▬▬▬▬▬▬▬▬▬▬▬▬▬▬▬▬▬▬▬▬▬▬▬▬
17:45:34                                  §r§9§lTREE GIFT
17:45:34 
17:45:34                  §r§7You helped cut §r§a100% §r§7of the §r§aFig Tree§r§7.
17:45:34 §f                       §e+5 rewards gained! §8(hover)
17:45:34 
17:45:34                                 §r§d§lBONUS GIFT
17:45:34                           §r§7§r§aStretching Sticks §r§8(§r§a20%§r§8)
17:45:34                      §r§7A §r§dPhanpyre §r§7fell from the Tree!
17:45:34 §9§l▬▬▬▬▬▬▬▬▬▬▬▬▬▬▬▬▬▬▬▬▬▬▬▬▬▬▬▬▬▬▬▬▬▬▬▬▬▬▬▬▬▬▬▬▬▬▬▬▬▬▬▬▬▬▬▬▬▬▬▬▬▬▬▬
17:45:45 §9§l▬▬▬▬▬▬▬▬▬▬▬▬▬▬▬▬▬▬▬▬▬▬▬▬▬▬▬▬▬▬▬▬▬▬▬▬▬▬▬▬▬▬▬▬▬▬▬▬▬▬▬▬▬▬▬▬▬▬▬▬▬▬▬▬
17:45:45                                  §r§9§lTREE GIFT
17:45:45 
17:45:45                  §r§7You helped cut §r§a100% §r§7of the §r§aFig Tree§r§7.
17:45:45 §f                       §e+5 rewards gained! §8(hover)
17:45:45 
17:45:45                                 §r§d§lBONUS GIFT
17:45:45                           §r§7§r§aStretching Sticks §r§8(§r§a20%§r§8)
17:45:45                      §r§7A §r§dPhanpyre §r§7fell from the Tree!
17:45:45 §9§l▬▬▬▬▬▬▬▬▬▬▬▬▬▬▬▬▬▬▬▬▬▬▬▬▬▬▬▬▬▬▬▬▬▬▬▬▬▬▬▬▬▬▬▬▬▬▬▬▬▬▬▬▬▬▬▬▬▬▬▬▬▬▬▬
17:45:53 §9§l▬▬▬▬▬▬▬▬▬▬▬▬▬▬▬▬▬▬▬▬▬▬▬▬▬▬▬▬▬▬▬▬▬▬▬▬▬▬▬▬▬▬▬▬▬▬▬▬▬▬▬▬▬▬▬▬▬▬▬▬▬▬▬▬
17:45:53                                  §r§9§lTREE GIFT
17:45:53 
17:45:53                  §r§7You helped cut §r§a100% §r§7of the §r§aFig Tree§r§7.
17:45:53 §f                       §e+5 rewards gained! §8(hover)
17:45:53 
17:45:53                                 §r§d§lBONUS GIFT
17:45:53                           §r§7§r§aStretching Sticks §r§8(§r§a20%§r§8)
17:45:53                      §r§7A §r§dPhanpyre §r§7fell from the Tree!
17:45:53 §9§l▬▬▬▬▬▬▬▬▬▬▬▬▬▬▬▬▬▬▬▬▬▬▬▬▬▬▬▬▬▬▬▬▬▬▬▬▬▬▬▬▬▬▬▬▬▬▬▬▬▬▬▬▬▬▬▬▬▬▬▬▬▬▬▬
17:46:02 §9§l▬▬▬▬▬▬▬▬▬▬▬▬▬▬▬▬▬▬▬▬▬▬▬▬▬▬▬▬▬▬▬▬▬▬▬▬▬▬▬▬▬▬▬▬▬▬▬▬▬▬▬▬▬▬▬▬▬▬▬▬▬▬▬▬
17:46:02                                  §r§9§lTREE GIFT
17:46:02 
17:46:02                  §r§7You helped cut §r§a100% §r§7of the §r§aFig Tree§r§7.
17:46:02 §f                       §e+5 rewards gained! §8(hover)
17:46:02 
17:46:02                                 §r§d§lBONUS GIFT
17:46:02                           §r§7§r§aStretching Sticks §r§8(§r§a20%§r§8)
17:46:02 §9§l▬▬▬▬▬▬▬▬▬▬▬▬▬▬▬▬▬▬▬▬▬▬▬▬▬▬▬▬▬▬▬▬▬▬▬▬▬▬▬▬▬▬▬▬▬▬▬▬▬▬▬▬▬▬▬▬▬▬▬▬▬▬▬▬
17:46:09 §9§l▬▬▬▬▬▬▬▬▬▬▬▬▬▬▬▬▬▬▬▬▬▬▬▬▬▬▬▬▬▬▬▬▬▬▬▬▬▬▬▬▬▬▬▬▬▬▬▬▬▬▬▬▬▬▬▬▬▬▬▬▬▬▬▬
17:46:09                                  §r§9§lTREE GIFT
17:46:09 
17:46:09                  §r§7You helped cut §r§a100% §r§7of the §r§aFig Tree§r§7.
17:46:09 §f                       §e+5 rewards gained! §8(hover)
17:46:09 
17:46:09                                 §r§d§lBONUS GIFT
17:46:09                           §r§7§r§aStretching Sticks §r§8(§r§a20%§r§8)
17:46:09                      §r§7A §r§dPhanflare §r§7fell from the Tree!
17:46:09 §9§l▬▬▬▬▬▬▬▬▬▬▬▬▬▬▬▬▬▬▬▬▬▬▬▬▬▬▬▬▬▬▬▬▬▬▬▬▬▬▬▬▬▬▬▬▬▬▬▬▬▬▬▬▬▬▬▬▬▬▬▬▬▬▬▬
17:46:52 §9§l▬▬▬▬▬▬▬▬▬▬▬▬▬▬▬▬▬▬▬▬▬▬▬▬▬▬▬▬▬▬▬▬▬▬▬▬▬▬▬▬▬▬▬▬▬▬▬▬▬▬▬▬▬▬▬▬▬▬▬▬▬▬▬▬
17:46:52                                  §r§9§lTREE GIFT
17:46:52 
17:46:52                  §r§7You helped cut §r§a100% §r§7of the §r§aFig Tree§r§7.
17:46:52 §f                       §e+5 rewards gained! §8(hover)
17:46:52 
17:46:52                                 §r§d§lBONUS GIFT
17:46:52                           §r§7§r§aStretching Sticks §r§8(§r§a20%§r§8)
17:46:52 §9§l▬▬▬▬▬▬▬▬▬▬▬▬▬▬▬▬▬▬▬▬▬▬▬▬▬▬▬▬▬▬▬▬▬▬▬▬▬▬▬▬▬▬▬▬▬▬▬▬▬▬▬▬▬▬▬▬▬▬▬▬▬▬▬▬
17:47:01 §9§l▬▬▬▬▬▬▬▬▬▬▬▬▬▬▬▬▬▬▬▬▬▬▬▬▬▬▬▬▬▬▬▬▬▬▬▬▬▬▬▬▬▬▬▬▬▬▬▬▬▬▬▬▬▬▬▬▬▬▬▬▬▬▬▬
17:47:01                                  §r§9§lTREE GIFT
17:47:01 
17:47:01                  §r§7You helped cut §r§a100% §r§7of the §r§aFig Tree§r§7.
17:47:01 §f                       §e+5 rewards gained! §8(hover)
17:47:01 
17:47:01                                 §r§d§lBONUS GIFT
17:47:01                           §r§7§r§aStretching Sticks §r§8(§r§a20%§r§8)
17:47:01 §9§l▬▬▬▬▬▬▬▬▬▬▬▬▬▬▬▬▬▬▬▬▬▬▬▬▬▬▬▬▬▬▬▬▬▬▬▬▬▬▬▬▬▬▬▬▬▬▬▬▬▬▬▬▬▬▬▬▬▬▬▬▬▬▬▬
17:47:33 §9§l▬▬▬▬▬▬▬▬▬▬▬▬▬▬▬▬▬▬▬▬▬▬▬▬▬▬▬▬▬▬▬▬▬▬▬▬▬▬▬▬▬▬▬▬▬▬▬▬▬▬▬▬▬▬▬▬▬▬▬▬▬▬▬▬
17:47:33                                  §r§9§lTREE GIFT
17:47:33 
17:47:33                  §r§7You helped cut §r§a100% §r§7of the §r§aFig Tree§r§7.
17:47:33 §f                       §e+5 rewards gained! §8(hover)
17:47:33 §9§l▬▬▬▬▬▬▬▬▬▬▬▬▬▬▬▬▬▬▬▬▬▬▬▬▬▬▬▬▬▬▬▬▬▬▬▬▬▬▬▬▬▬▬▬▬▬▬▬▬▬▬▬▬▬▬▬▬▬▬▬▬▬▬▬
17:47:40 §9§l▬▬▬▬▬▬▬▬▬▬▬▬▬▬▬▬▬▬▬▬▬▬▬▬▬▬▬▬▬▬▬▬▬▬▬▬▬▬▬▬▬▬▬▬▬▬▬▬▬▬▬▬▬▬▬▬▬▬▬▬▬▬▬▬
17:47:40                                  §r§9§lTREE GIFT
17:47:40 
17:47:40                  §r§7You helped cut §r§a100% §r§7of the §r§aFig Tree§r§7.
17:47:40 §f                       §e+5 rewards gained! §8(hover)
17:47:40 
17:47:40                                 §r§d§lBONUS GIFT
17:47:40                           §r§7§r§aStretching Sticks §r§8(§r§a20%§r§8)
17:47:40                      §r§7A §r§dPhanpyre §r§7fell from the Tree!
17:47:40 §9§l▬▬▬▬▬▬▬▬▬▬▬▬▬▬▬▬▬▬▬▬▬▬▬▬▬▬▬▬▬▬▬▬▬▬▬▬▬▬▬▬▬▬▬▬▬▬▬▬▬▬▬▬▬▬▬▬▬▬▬▬▬▬▬▬
17:47:55 §9§l▬▬▬▬▬▬▬▬▬▬▬▬▬▬▬▬▬▬▬▬▬▬▬▬▬▬▬▬▬▬▬▬▬▬▬▬▬▬▬▬▬▬▬▬▬▬▬▬▬▬▬▬▬▬▬▬▬▬▬▬▬▬▬▬
17:47:55                                  §r§9§lTREE GIFT
17:47:55 
17:47:55                  §r§7You helped cut §r§a100% §r§7of the §r§aFig Tree§r§7.
17:47:55 §f                       §e+5 rewards gained! §8(hover)
17:47:55 
17:47:55                                 §r§d§lBONUS GIFT
17:47:55                           §r§7§r§aStretching Sticks §r§8(§r§a20%§r§8)
17:47:55 §9§l▬▬▬▬▬▬▬▬▬▬▬▬▬▬▬▬▬▬▬▬▬▬▬▬▬▬▬▬▬▬▬▬▬▬▬▬▬▬▬▬▬▬▬▬▬▬▬▬▬▬▬▬▬▬▬▬▬▬▬▬▬▬▬▬
17:48:04 §9§l▬▬▬▬▬▬▬▬▬▬▬▬▬▬▬▬▬▬▬▬▬▬▬▬▬▬▬▬▬▬▬▬▬▬▬▬▬▬▬▬▬▬▬▬▬▬▬▬▬▬▬▬▬▬▬▬▬▬▬▬▬▬▬▬
17:48:04                                  §r§9§lTREE GIFT
17:48:04 
17:48:04                  §r§7You helped cut §r§a100% §r§7of the §r§aFig Tree§r§7.
17:48:04 §f                       §e+5 rewards gained! §8(hover)
17:48:04 §9§l▬▬▬▬▬▬▬▬▬▬▬▬▬▬▬▬▬▬▬▬▬▬▬▬▬▬▬▬▬▬▬▬▬▬▬▬▬▬▬▬▬▬▬▬▬▬▬▬▬▬▬▬▬▬▬▬▬▬▬▬▬▬▬▬
17:49:19 §9§l▬▬▬▬▬▬▬▬▬▬▬▬▬▬▬▬▬▬▬▬▬▬▬▬▬▬▬▬▬▬▬▬▬▬▬▬▬▬▬▬▬▬▬▬▬▬▬▬▬▬▬▬▬▬▬▬▬▬▬▬▬▬▬▬
17:49:19                                  §r§9§lTREE GIFT
17:49:19 
17:49:19                  §r§7You helped cut §r§a100% §r§7of the §r§aFig Tree§r§7.
17:49:19 §f                       §e+5 rewards gained! §8(hover)
17:49:19 
17:49:19                                 §r§d§lBONUS GIFT
17:49:19                           §r§7§r§aStretching Sticks §r§8(§r§a20%§r§8)
17:49:19 §9§l▬▬▬▬▬▬▬▬▬▬▬▬▬▬▬▬▬▬▬▬▬▬▬▬▬▬▬▬▬▬▬▬▬▬▬▬▬▬▬▬▬▬▬▬▬▬▬▬▬▬▬▬▬▬▬▬▬▬▬▬▬▬▬▬
17:49:58 §9§l▬▬▬▬▬▬▬▬▬▬▬▬▬▬▬▬▬▬▬▬▬▬▬▬▬▬▬▬▬▬▬▬▬▬▬▬▬▬▬▬▬▬▬▬▬▬▬▬▬▬▬▬▬▬▬▬▬▬▬▬▬▬▬▬
17:49:58                                  §r§9§lTREE GIFT
17:49:58 
17:49:58              §r§7You helped cut §r§a100% §r§7of the §r§aMangrove Tree§r§7.
17:49:58 §f                       §e+5 rewards gained! §8(hover)
17:49:58 §9§l▬▬▬▬▬▬▬▬▬▬▬▬▬▬▬▬▬▬▬▬▬▬▬▬▬▬▬▬▬▬▬▬▬▬▬▬▬▬▬▬▬▬▬▬▬▬▬▬▬▬▬▬▬▬▬▬▬▬▬▬▬▬▬▬
17:50:14 §9§l▬▬▬▬▬▬▬▬▬▬▬▬▬▬▬▬▬▬▬▬▬▬▬▬▬▬▬▬▬▬▬▬▬▬▬▬▬▬▬▬▬▬▬▬▬▬▬▬▬▬▬▬▬▬▬▬▬▬▬▬▬▬▬▬
17:50:14                                  §r§9§lTREE GIFT
17:50:14 
17:50:14              §r§7You helped cut §r§a100% §r§7of the §r§aMangrove Tree§r§7.
17:50:14 §f                       §e+5 rewards gained! §8(hover)
17:50:14                      §r§7A §r§dPhanpyre §r§7fell from the Tree!
17:50:14 §9§l▬▬▬▬▬▬▬▬▬▬▬▬▬▬▬▬▬▬▬▬▬▬▬▬▬▬▬▬▬▬▬▬▬▬▬▬▬▬▬▬▬▬▬▬▬▬▬▬▬▬▬▬▬▬▬▬▬▬▬▬▬▬▬▬
17:50:37 §9§l▬▬▬▬▬▬▬▬▬▬▬▬▬▬▬▬▬▬▬▬▬▬▬▬▬▬▬▬▬▬▬▬▬▬▬▬▬▬▬▬▬▬▬▬▬▬▬▬▬▬▬▬▬▬▬▬▬▬▬▬▬▬▬▬
17:50:37                                  §r§9§lTREE GIFT
17:50:37 
17:50:37              §r§7You helped cut §r§a100% §r§7of the §r§aMangrove Tree§r§7.
17:50:37 §f                       §e+5 rewards gained! §8(hover)
17:50:37 
17:50:37                                 §r§d§lBONUS GIFT
17:50:37                                §r§7§r§aDeep Root §r§8(§r§a4%§r§8)
17:50:37                            §r§7§r§fSweep Booster §r§8(§r§a1.5%§r§8)
17:50:37                      §r§7A §r§dPhanflare §r§7fell from the Tree!
17:50:37 §9§l▬▬▬▬▬▬▬▬▬▬▬▬▬▬▬▬▬▬▬▬▬▬▬▬▬▬▬▬▬▬▬▬▬▬▬▬▬▬▬▬▬▬▬▬▬▬▬▬▬▬▬▬▬▬▬▬▬▬▬▬▬▬▬▬
17:51:15 §9§l▬▬▬▬▬▬▬▬▬▬▬▬▬▬▬▬▬▬▬▬▬▬▬▬▬▬▬▬▬▬▬▬▬▬▬▬▬▬▬▬▬▬▬▬▬▬▬▬▬▬▬▬▬▬▬▬▬▬▬▬▬▬▬▬
17:51:15                                  §r§9§lTREE GIFT
17:51:15 
17:51:15              §r§7You helped cut §r§a100% §r§7of the §r§aMangrove Tree§r§7.
17:51:15 §f                       §e+5 rewards gained! §8(hover)
17:51:15 §9§l▬▬▬▬▬▬▬▬▬▬▬▬▬▬▬▬▬▬▬▬▬▬▬▬▬▬▬▬▬▬▬▬▬▬▬▬▬▬▬▬▬▬▬▬▬▬▬▬▬▬▬▬▬▬▬▬▬▬▬▬▬▬▬▬
17:51:44 §9§l▬▬▬▬▬▬▬▬▬▬▬▬▬▬▬▬▬▬▬▬▬▬▬▬▬▬▬▬▬▬▬▬▬▬▬▬▬▬▬▬▬▬▬▬▬▬▬▬▬▬▬▬▬▬▬▬▬▬▬▬▬▬▬▬
17:51:44                                  §r§9§lTREE GIFT
17:51:44 
17:51:44              §r§7You helped cut §r§a100% §r§7of the §r§aMangrove Tree§r§7.
17:51:44 §f                       §e+5 rewards gained! §8(hover)
17:51:44                      §r§7A §r§dPhanflare §r§7fell from the Tree!
17:51:44 §9§l▬▬▬▬▬▬▬▬▬▬▬▬▬▬▬▬▬▬▬▬▬▬▬▬▬▬▬▬▬▬▬▬▬▬▬▬▬▬▬▬▬▬▬▬▬▬▬▬▬▬▬▬▬▬▬▬▬▬▬▬▬▬▬▬
17:52:46 §9§l▬▬▬▬▬▬▬▬▬▬▬▬▬▬▬▬▬▬▬▬▬▬▬▬▬▬▬▬▬▬▬▬▬▬▬▬▬▬▬▬▬▬▬▬▬▬▬▬▬▬▬▬▬▬▬▬▬▬▬▬▬▬▬▬
17:52:46                                  §r§9§lTREE GIFT
17:52:46 
17:52:46              §r§7You helped cut §r§a100% §r§7of the §r§aMangrove Tree§r§7.
17:52:46 §f                       §e+5 rewards gained! §8(hover)
17:52:46 
17:52:46                                 §r§d§lBONUS GIFT
17:52:46                                §r§7§r§aDeep Root §r§8(§r§a4%§r§8)
17:52:46 §9§l▬▬▬▬▬▬▬▬▬▬▬▬▬▬▬▬▬▬▬▬▬▬▬▬▬▬▬▬▬▬▬▬▬▬▬▬▬▬▬▬▬▬▬▬▬▬▬▬▬▬▬▬▬▬▬▬▬▬▬▬▬▬▬▬
17:53:11 §9§l▬▬▬▬▬▬▬▬▬▬▬▬▬▬▬▬▬▬▬▬▬▬▬▬▬▬▬▬▬▬▬▬▬▬▬▬▬▬▬▬▬▬▬▬▬▬▬▬▬▬▬▬▬▬▬▬▬▬▬▬▬▬▬▬
17:53:11                                  §r§9§lTREE GIFT
17:53:11 
17:53:11              §r§7You helped cut §r§a100% §r§7of the §r§aMangrove Tree§r§7.
17:53:11 §f                       §e+5 rewards gained! §8(hover)
17:53:11 §9§l▬▬▬▬▬▬▬▬▬▬▬▬▬▬▬▬▬▬▬▬▬▬▬▬▬▬▬▬▬▬▬▬▬▬▬▬▬▬▬▬▬▬▬▬▬▬▬▬▬▬▬▬▬▬▬▬▬▬▬▬▬▬▬▬
17:53:26 §9§l▬▬▬▬▬▬▬▬▬▬▬▬▬▬▬▬▬▬▬▬▬▬▬▬▬▬▬▬▬▬▬▬▬▬▬▬▬▬▬▬▬▬▬▬▬▬▬▬▬▬▬▬▬▬▬▬▬▬▬▬▬▬▬▬
17:53:26                                  §r§9§lTREE GIFT
17:53:26 
17:53:26              §r§7You helped cut §r§a100% §r§7of the §r§aMangrove Tree§r§7.
17:53:26 §f                       §e+5 rewards gained! §8(hover)
17:53:26                      §r§7A §r§dPhanpyre §r§7fell from the Tree!
17:53:26 §9§l▬▬▬▬▬▬▬▬▬▬▬▬▬▬▬▬▬▬▬▬▬▬▬▬▬▬▬▬▬▬▬▬▬▬▬▬▬▬▬▬▬▬▬▬▬▬▬▬▬▬▬▬▬▬▬▬▬▬▬▬▬▬▬▬
17:53:46 §9§l▬▬▬▬▬▬▬▬▬▬▬▬▬▬▬▬▬▬▬▬▬▬▬▬▬▬▬▬▬▬▬▬▬▬▬▬▬▬▬▬▬▬▬▬▬▬▬▬▬▬▬▬▬▬▬▬▬▬▬▬▬▬▬▬
17:53:46                                  §r§9§lTREE GIFT
17:53:46 
17:53:46              §r§7You helped cut §r§a100% §r§7of the §r§aMangrove Tree§r§7.
17:53:46 §f                       §e+5 rewards gained! §8(hover)
17:53:46 §9§l▬▬▬▬▬▬▬▬▬▬▬▬▬▬▬▬▬▬▬▬▬▬▬▬▬▬▬▬▬▬▬▬▬▬▬▬▬▬▬▬▬▬▬▬▬▬▬▬▬▬▬▬▬▬▬▬▬▬▬▬▬▬▬▬
17:54:17 §9§l▬▬▬▬▬▬▬▬▬▬▬▬▬▬▬▬▬▬▬▬▬▬▬▬▬▬▬▬▬▬▬▬▬▬▬▬▬▬▬▬▬▬▬▬▬▬▬▬▬▬▬▬▬▬▬▬▬▬▬▬▬▬▬▬
17:54:17                                  §r§9§lTREE GIFT
17:54:17 
17:54:17              §r§7You helped cut §r§a100% §r§7of the §r§aMangrove Tree§r§7.
17:54:17 §f                       §e+5 rewards gained! §8(hover)
17:54:17 §9§l▬▬▬▬▬▬▬▬▬▬▬▬▬▬▬▬▬▬▬▬▬▬▬▬▬▬▬▬▬▬▬▬▬▬▬▬▬▬▬▬▬▬▬▬▬▬▬▬▬▬▬▬▬▬▬▬▬▬▬▬▬▬▬▬
17:54:38 §9§l▬▬▬▬▬▬▬▬▬▬▬▬▬▬▬▬▬▬▬▬▬▬▬▬▬▬▬▬▬▬▬▬▬▬▬▬▬▬▬▬▬▬▬▬▬▬▬▬▬▬▬▬▬▬▬▬▬▬▬▬▬▬▬▬
17:54:38                                  §r§9§lTREE GIFT
17:54:38 
17:54:38              §r§7You helped cut §r§a100% §r§7of the §r§aMangrove Tree§r§7.
17:54:38 §f                       §e+5 rewards gained! §8(hover)
17:54:38 
17:54:38                                 §r§d§lBONUS GIFT
17:54:38            §r§7§r§aEnchanted Book (§r§d§lFirst Impression I§r§a) §r§8(§r§a0.5%§r§8)
17:54:38 §9§l▬▬▬▬▬▬▬▬▬▬▬▬▬▬▬▬▬▬▬▬▬▬▬▬▬▬▬▬▬▬▬▬▬▬▬▬▬▬▬▬▬▬▬▬▬▬▬▬▬▬▬▬▬▬▬▬▬▬▬▬▬▬▬▬
17:54:53 §9§l▬▬▬▬▬▬▬▬▬▬▬▬▬▬▬▬▬▬▬▬▬▬▬▬▬▬▬▬▬▬▬▬▬▬▬▬▬▬▬▬▬▬▬▬▬▬▬▬▬▬▬▬▬▬▬▬▬▬▬▬▬▬▬▬
17:54:53                                  §r§9§lTREE GIFT
17:54:53 
17:54:53              §r§7You helped cut §r§a100% §r§7of the §r§aMangrove Tree§r§7.
17:54:53 §f                       §e+5 rewards gained! §8(hover)
17:54:53 §9§l▬▬▬▬▬▬▬▬▬▬▬▬▬▬▬▬▬▬▬▬▬▬▬▬▬▬▬▬▬▬▬▬▬▬▬▬▬▬▬▬▬▬▬▬▬▬▬▬▬▬▬▬▬▬▬▬▬▬▬▬▬▬▬▬
17:55:19 §9§l▬▬▬▬▬▬▬▬▬▬▬▬▬▬▬▬▬▬▬▬▬▬▬▬▬▬▬▬▬▬▬▬▬▬▬▬▬▬▬▬▬▬▬▬▬▬▬▬▬▬▬▬▬▬▬▬▬▬▬▬▬▬▬▬
17:55:19                                  §r§9§lTREE GIFT
17:55:19 
17:55:19              §r§7You helped cut §r§a100% §r§7of the §r§aMangrove Tree§r§7.
17:55:19 §f                       §e+5 rewards gained! §8(hover)
17:55:19                      §r§7A §r§dPhanpyre §r§7fell from the Tree!
17:55:19 §9§l▬▬▬▬▬▬▬▬▬▬▬▬▬▬▬▬▬▬▬▬▬▬▬▬▬▬▬▬▬▬▬▬▬▬▬▬▬▬▬▬▬▬▬▬▬▬▬▬▬▬▬▬▬▬▬▬▬▬▬▬▬▬▬▬
17:55:49 §9§l▬▬▬▬▬▬▬▬▬▬▬▬▬▬▬▬▬▬▬▬▬▬▬▬▬▬▬▬▬▬▬▬▬▬▬▬▬▬▬▬▬▬▬▬▬▬▬▬▬▬▬▬▬▬▬▬▬▬▬▬▬▬▬▬
17:55:49                                  §r§9§lTREE GIFT
17:55:49 
17:55:49              §r§7You helped cut §r§a100% §r§7of the §r§aMangrove Tree§r§7.
17:55:49 §f                       §e+5 rewards gained! §8(hover)
17:55:49                      §r§7A §r§dPhanpyre §r§7fell from the Tree!
17:55:49 §9§l▬▬▬▬▬▬▬▬▬▬▬▬▬▬▬▬▬▬▬▬▬▬▬▬▬▬▬▬▬▬▬▬▬▬▬▬▬▬▬▬▬▬▬▬▬▬▬▬▬▬▬▬▬▬▬▬▬▬▬▬▬▬▬▬
17:56:16 §9§l▬▬▬▬▬▬▬▬▬▬▬▬▬▬▬▬▬▬▬▬▬▬▬▬▬▬▬▬▬▬▬▬▬▬▬▬▬▬▬▬▬▬▬▬▬▬▬▬▬▬▬▬▬▬▬▬▬▬▬▬▬▬▬▬
17:56:16                                  §r§9§lTREE GIFT
17:56:16 
17:56:16              §r§7You helped cut §r§a100% §r§7of the §r§aMangrove Tree§r§7.
17:56:16 §f                       §e+5 rewards gained! §8(hover)
17:56:16 §9§l▬▬▬▬▬▬▬▬▬▬▬▬▬▬▬▬▬▬▬▬▬▬▬▬▬▬▬▬▬▬▬▬▬▬▬▬▬▬▬▬▬▬▬▬▬▬▬▬▬▬▬▬▬▬▬▬▬▬▬▬▬▬▬▬
17:56:33 §9§l▬▬▬▬▬▬▬▬▬▬▬▬▬▬▬▬▬▬▬▬▬▬▬▬▬▬▬▬▬▬▬▬▬▬▬▬▬▬▬▬▬▬▬▬▬▬▬▬▬▬▬▬▬▬▬▬▬▬▬▬▬▬▬▬
17:56:33                                  §r§9§lTREE GIFT
17:56:33 
17:56:33              §r§7You helped cut §r§a100% §r§7of the §r§aMangrove Tree§r§7.
17:56:33 §f                       §e+5 rewards gained! §8(hover)
17:56:33 §9§l▬▬▬▬▬▬▬▬▬▬▬▬▬▬▬▬▬▬▬▬▬▬▬▬▬▬▬▬▬▬▬▬▬▬▬▬▬▬▬▬▬▬▬▬▬▬▬▬▬▬▬▬▬▬▬▬▬▬▬▬▬▬▬▬
17:57:03 §9§l▬▬▬▬▬▬▬▬▬▬▬▬▬▬▬▬▬▬▬▬▬▬▬▬▬▬▬▬▬▬▬▬▬▬▬▬▬▬▬▬▬▬▬▬▬▬▬▬▬▬▬▬▬▬▬▬▬▬▬▬▬▬▬▬
17:57:03                                  §r§9§lTREE GIFT
17:57:03 
17:57:03              §r§7You helped cut §r§a100% §r§7of the §r§aMangrove Tree§r§7.
17:57:03 §f                       §e+5 rewards gained! §8(hover)
17:57:03 §9§l▬▬▬▬▬▬▬▬▬▬▬▬▬▬▬▬▬▬▬▬▬▬▬▬▬▬▬▬▬▬▬▬▬▬▬▬▬▬▬▬▬▬▬▬▬▬▬▬▬▬▬▬▬▬▬▬▬▬▬▬▬▬▬▬
17:57:25 §9§l▬▬▬▬▬▬▬▬▬▬▬▬▬▬▬▬▬▬▬▬▬▬▬▬▬▬▬▬▬▬▬▬▬▬▬▬▬▬▬▬▬▬▬▬▬▬▬▬▬▬▬▬▬▬▬▬▬▬▬▬▬▬▬▬
17:57:25                                  §r§9§lTREE GIFT
17:57:25 
17:57:25              §r§7You helped cut §r§a100% §r§7of the §r§aMangrove Tree§r§7.
17:57:25 §f                       §e+5 rewards gained! §8(hover)
17:57:25 
17:57:25                                 §r§d§lBONUS GIFT
17:57:25                                §r§7§r§aDeep Root §r§8(§r§a4%§r§8)
17:57:25                      §r§7A §r§dPhanpyre §r§7fell from the Tree!
17:57:25 §9§l▬▬▬▬▬▬▬▬▬▬▬▬▬▬▬▬▬▬▬▬▬▬▬▬▬▬▬▬▬▬▬▬▬▬▬▬▬▬▬▬▬▬▬▬▬▬▬▬▬▬▬▬▬▬▬▬▬▬▬▬▬▬▬▬
17:57:39 §9§l▬▬▬▬▬▬▬▬▬▬▬▬▬▬▬▬▬▬▬▬▬▬▬▬▬▬▬▬▬▬▬▬▬▬▬▬▬▬▬▬▬▬▬▬▬▬▬▬▬▬▬▬▬▬▬▬▬▬▬▬▬▬▬▬
17:57:39                                  §r§9§lTREE GIFT
17:57:39 
17:57:39              §r§7You helped cut §r§a100% §r§7of the §r§aMangrove Tree§r§7.
17:57:39 §f                       §e+5 rewards gained! §8(hover)
17:57:39 
17:57:39                                 §r§d§lBONUS GIFT
17:57:39                                §r§7§r§aDeep Root §r§8(§r§a4%§r§8)
17:57:39 §9§l▬▬▬▬▬▬▬▬▬▬▬▬▬▬▬▬▬▬▬▬▬▬▬▬▬▬▬▬▬▬▬▬▬▬▬▬▬▬▬▬▬▬▬▬▬▬▬▬▬▬▬▬▬▬▬▬▬▬▬▬▬▬▬▬
17:57:54 §9§l▬▬▬▬▬▬▬▬▬▬▬▬▬▬▬▬▬▬▬▬▬▬▬▬▬▬▬▬▬▬▬▬▬▬▬▬▬▬▬▬▬▬▬▬▬▬▬▬▬▬▬▬▬▬▬▬▬▬▬▬▬▬▬▬
17:57:54                                  §r§9§lTREE GIFT
17:57:54 
17:57:54              §r§7You helped cut §r§a100% §r§7of the §r§aMangrove Tree§r§7.
17:57:54 §f                       §e+5 rewards gained! §8(hover)
17:57:54 §9§l▬▬▬▬▬▬▬▬▬▬▬▬▬▬▬▬▬▬▬▬▬▬▬▬▬▬▬▬▬▬▬▬▬▬▬▬▬▬▬▬▬▬▬▬▬▬▬▬▬▬▬▬▬▬▬▬▬▬▬▬▬▬▬▬
17:58:20 §9§l▬▬▬▬▬▬▬▬▬▬▬▬▬▬▬▬▬▬▬▬▬▬▬▬▬▬▬▬▬▬▬▬▬▬▬▬▬▬▬▬▬▬▬▬▬▬▬▬▬▬▬▬▬▬▬▬▬▬▬▬▬▬▬▬
17:58:20                                  §r§9§lTREE GIFT
17:58:20 
17:58:20              §r§7You helped cut §r§a100% §r§7of the §r§aMangrove Tree§r§7.
17:58:20 §f                       §e+5 rewards gained! §8(hover)
17:58:20                      §r§7A §r§dPhanpyre §r§7fell from the Tree!
17:58:20 §9§l▬▬▬▬▬▬▬▬▬▬▬▬▬▬▬▬▬▬▬▬▬▬▬▬▬▬▬▬▬▬▬▬▬▬▬▬▬▬▬▬▬▬▬▬▬▬▬▬▬▬▬▬▬▬▬▬▬▬▬▬▬▬▬▬
17:58:58 §9§l▬▬▬▬▬▬▬▬▬▬▬▬▬▬▬▬▬▬▬▬▬▬▬▬▬▬▬▬▬▬▬▬▬▬▬▬▬▬▬▬▬▬▬▬▬▬▬▬▬▬▬▬▬▬▬▬▬▬▬▬▬▬▬▬
17:58:58                                  §r§9§lTREE GIFT
17:58:58 
17:58:58                  §r§7You helped cut §r§a100% §r§7of the §r§aFig Tree§r§7.
17:58:58 §f                       §e+5 rewards gained! §8(hover)
17:58:58 §9§l▬▬▬▬▬▬▬▬▬▬▬▬▬▬▬▬▬▬▬▬▬▬▬▬▬▬▬▬▬▬▬▬▬▬▬▬▬▬▬▬▬▬▬▬▬▬▬▬▬▬▬▬▬▬▬▬▬▬▬▬▬▬▬▬
17:59:08 §9§l▬▬▬▬▬▬▬▬▬▬▬▬▬▬▬▬▬▬▬▬▬▬▬▬▬▬▬▬▬▬▬▬▬▬▬▬▬▬▬▬▬▬▬▬▬▬▬▬▬▬▬▬▬▬▬▬▬▬▬▬▬▬▬▬
17:59:08                                  §r§9§lTREE GIFT
17:59:08 
17:59:08                  §r§7You helped cut §r§a100% §r§7of the §r§aFig Tree§r§7.
17:59:08 §f                       §e+5 rewards gained! §8(hover)
17:59:08 
17:59:08                                 §r§d§lBONUS GIFT
17:59:08                           §r§7§r§aStretching Sticks §r§8(§r§a20%§r§8)
17:59:08 §9§l▬▬▬▬▬▬▬▬▬▬▬▬▬▬▬▬▬▬▬▬▬▬▬▬▬▬▬▬▬▬▬▬▬▬▬▬▬▬▬▬▬▬▬▬▬▬▬▬▬▬▬▬▬▬▬▬▬▬▬▬▬▬▬▬
17:59:31 §9§l▬▬▬▬▬▬▬▬▬▬▬▬▬▬▬▬▬▬▬▬▬▬▬▬▬▬▬▬▬▬▬▬▬▬▬▬▬▬▬▬▬▬▬▬▬▬▬▬▬▬▬▬▬▬▬▬▬▬▬▬▬▬▬▬
17:59:31                                  §r§9§lTREE GIFT
17:59:31 
17:59:31              §r§7You helped cut §r§a100% §r§7of the §r§aMangrove Tree§r§7.
17:59:31 §f                       §e+5 rewards gained! §8(hover)
17:59:31 
17:59:31                                 §r§d§lBONUS GIFT
17:59:31                            §r§7§r§fSweep Booster §r§8(§r§a1.5%§r§8)
17:59:32 §9§l▬▬▬▬▬▬▬▬▬▬▬▬▬▬▬▬▬▬▬▬▬▬▬▬▬▬▬▬▬▬▬▬▬▬▬▬▬▬▬▬▬▬▬▬▬▬▬▬▬▬▬▬▬▬▬▬▬▬▬▬▬▬▬▬
17:59:54 §9§l▬▬▬▬▬▬▬▬▬▬▬▬▬▬▬▬▬▬▬▬▬▬▬▬▬▬▬▬▬▬▬▬▬▬▬▬▬▬▬▬▬▬▬▬▬▬▬▬▬▬▬▬▬▬▬▬▬▬▬▬▬▬▬▬
17:59:54                                  §r§9§lTREE GIFT
17:59:54 
17:59:54              §r§7You helped cut §r§a100% §r§7of the §r§aMangrove Tree§r§7.
17:59:54 §f                       §e+5 rewards gained! §8(hover)
17:59:54 
17:59:54                                 §r§d§lBONUS GIFT
17:59:54                                §r§7§r§aDeep Root §r§8(§r§a4%§r§8)
17:59:54                      §r§7A §r§dPhanflare §r§7fell from the Tree!
17:59:54 §9§l▬▬▬▬▬▬▬▬▬▬▬▬▬▬▬▬▬▬▬▬▬▬▬▬▬▬▬▬▬▬▬▬▬▬▬▬▬▬▬▬▬▬▬▬▬▬▬▬▬▬▬▬▬▬▬▬▬▬▬▬▬▬▬▬
18:00:53 §9§l▬▬▬▬▬▬▬▬▬▬▬▬▬▬▬▬▬▬▬▬▬▬▬▬▬▬▬▬▬▬▬▬▬▬▬▬▬▬▬▬▬▬▬▬▬▬▬▬▬▬▬▬▬▬▬▬▬▬▬▬▬▬▬▬
18:00:53                                  §r§9§lTREE GIFT
18:00:53 
18:00:53              §r§7You helped cut §r§a100% §r§7of the §r§aMangrove Tree§r§7.
18:00:53 §f                       §e+5 rewards gained! §8(hover)
18:00:53 
18:00:53                                 §r§d§lBONUS GIFT
18:00:53                                §r§7§r§aDeep Root §r§8(§r§a4%§r§8)
18:00:53                      §r§7A §r§dPhanpyre §r§7fell from the Tree!
18:00:53 §9§l▬▬▬▬▬▬▬▬▬▬▬▬▬▬▬▬▬▬▬▬▬▬▬▬▬▬▬▬▬▬▬▬▬▬▬▬▬▬▬▬▬▬▬▬▬▬▬▬▬▬▬▬▬▬▬▬▬▬▬▬▬▬▬▬
18:01:10 §9§l▬▬▬▬▬▬▬▬▬▬▬▬▬▬▬▬▬▬▬▬▬▬▬▬▬▬▬▬▬▬▬▬▬▬▬▬▬▬▬▬▬▬▬▬▬▬▬▬▬▬▬▬▬▬▬▬▬▬▬▬▬▬▬▬
18:01:10                                  §r§9§lTREE GIFT
18:01:10 
18:01:10              §r§7You helped cut §r§a100% §r§7of the §r§aMangrove Tree§r§7.
18:01:10 §f                       §e+5 rewards gained! §8(hover)
18:01:10 §9§l▬▬▬▬▬▬▬▬▬▬▬▬▬▬▬▬▬▬▬▬▬▬▬▬▬▬▬▬▬▬▬▬▬▬▬▬▬▬▬▬▬▬▬▬▬▬▬▬▬▬▬▬▬▬▬▬▬▬▬▬▬▬▬▬
18:01:37 §9§l▬▬▬▬▬▬▬▬▬▬▬▬▬▬▬▬▬▬▬▬▬▬▬▬▬▬▬▬▬▬▬▬▬▬▬▬▬▬▬▬▬▬▬▬▬▬▬▬▬▬▬▬▬▬▬▬▬▬▬▬▬▬▬▬
18:01:37                                  §r§9§lTREE GIFT
18:01:37 
18:01:37              §r§7You helped cut §r§a100% §r§7of the §r§aMangrove Tree§r§7.
18:01:37 §f                       §e+5 rewards gained! §8(hover)
18:01:37 §9§l▬▬▬▬▬▬▬▬▬▬▬▬▬▬▬▬▬▬▬▬▬▬▬▬▬▬▬▬▬▬▬▬▬▬▬▬▬▬▬▬▬▬▬▬▬▬▬▬▬▬▬▬▬▬▬▬▬▬▬▬▬▬▬▬
18:01:55 §9§l▬▬▬▬▬▬▬▬▬▬▬▬▬▬▬▬▬▬▬▬▬▬▬▬▬▬▬▬▬▬▬▬▬▬▬▬▬▬▬▬▬▬▬▬▬▬▬▬▬▬▬▬▬▬▬▬▬▬▬▬▬▬▬▬
18:01:55                                  §r§9§lTREE GIFT
18:01:55 
18:01:55              §r§7You helped cut §r§a100% §r§7of the §r§aMangrove Tree§r§7.
18:01:55 §f                       §e+5 rewards gained! §8(hover)
18:01:55 §9§l▬▬▬▬▬▬▬▬▬▬▬▬▬▬▬▬▬▬▬▬▬▬▬▬▬▬▬▬▬▬▬▬▬▬▬▬▬▬▬▬▬▬▬▬▬▬▬▬▬▬▬▬▬▬▬▬▬▬▬▬▬▬▬▬
18:02:26 §9§l▬▬▬▬▬▬▬▬▬▬▬▬▬▬▬▬▬▬▬▬▬▬▬▬▬▬▬▬▬▬▬▬▬▬▬▬▬▬▬▬▬▬▬▬▬▬▬▬▬▬▬▬▬▬▬▬▬▬▬▬▬▬▬▬
18:02:26                                  §r§9§lTREE GIFT
18:02:26 
18:02:26              §r§7You helped cut §r§a100% §r§7of the §r§aMangrove Tree§r§7.
18:02:26 §f                       §e+5 rewards gained! §8(hover)
18:02:26 §9§l▬▬▬▬▬▬▬▬▬▬▬▬▬▬▬▬▬▬▬▬▬▬▬▬▬▬▬▬▬▬▬▬▬▬▬▬▬▬▬▬▬▬▬▬▬▬▬▬▬▬▬▬▬▬▬▬▬▬▬▬▬▬▬▬
18:02:55 §9§l▬▬▬▬▬▬▬▬▬▬▬▬▬▬▬▬▬▬▬▬▬▬▬▬▬▬▬▬▬▬▬▬▬▬▬▬▬▬▬▬▬▬▬▬▬▬▬▬▬▬▬▬▬▬▬▬▬▬▬▬▬▬▬▬
18:02:55                                  §r§9§lTREE GIFT
18:02:55 
18:02:55              §r§7You helped cut §r§a100% §r§7of the §r§aMangrove Tree§r§7.
18:02:55 §f                       §e+5 rewards gained! §8(hover)
18:02:55 §9§l▬▬▬▬▬▬▬▬▬▬▬▬▬▬▬▬▬▬▬▬▬▬▬▬▬▬▬▬▬▬▬▬▬▬▬▬▬▬▬▬▬▬▬▬▬▬▬▬▬▬▬▬▬▬▬▬▬▬▬▬▬▬▬▬
18:03:19 §9§l▬▬▬▬▬▬▬▬▬▬▬▬▬▬▬▬▬▬▬▬▬▬▬▬▬▬▬▬▬▬▬▬▬▬▬▬▬▬▬▬▬▬▬▬▬▬▬▬▬▬▬▬▬▬▬▬▬▬▬▬▬▬▬▬
18:03:19                                  §r§9§lTREE GIFT
18:03:19 
18:03:19              §r§7You helped cut §r§a100% §r§7of the §r§aMangrove Tree§r§7.
18:03:19 §f                       §e+5 rewards gained! §8(hover)
18:03:19 
18:03:19                                 §r§d§lBONUS GIFT
18:03:19                                §r§7§r§aDeep Root §r§8(§r§a4%§r§8)
18:03:19 §9§l▬▬▬▬▬▬▬▬▬▬▬▬▬▬▬▬▬▬▬▬▬▬▬▬▬▬▬▬▬▬▬▬▬▬▬▬▬▬▬▬▬▬▬▬▬▬▬▬▬▬▬▬▬▬▬▬▬▬▬▬▬▬▬▬
18:03:32 §9§l▬▬▬▬▬▬▬▬▬▬▬▬▬▬▬▬▬▬▬▬▬▬▬▬▬▬▬▬▬▬▬▬▬▬▬▬▬▬▬▬▬▬▬▬▬▬▬▬▬▬▬▬▬▬▬▬▬▬▬▬▬▬▬▬
18:03:32                                  §r§9§lTREE GIFT
18:03:32 
18:03:32              §r§7You helped cut §r§a100% §r§7of the §r§aMangrove Tree§r§7.
18:03:32 §f                       §e+5 rewards gained! §8(hover)
18:03:32 
18:03:32                                 §r§d§lBONUS GIFT
18:03:32                            §r§7§r§fSweep Booster §r§8(§r§a1.5%§r§8)
18:03:32                      §r§7A §r§dPhanpyre §r§7fell from the Tree!
18:03:32 §9§l▬▬▬▬▬▬▬▬▬▬▬▬▬▬▬▬▬▬▬▬▬▬▬▬▬▬▬▬▬▬▬▬▬▬▬▬▬▬▬▬▬▬▬▬▬▬▬▬▬▬▬▬▬▬▬▬▬▬▬▬▬▬▬▬
18:04:14 §9§l▬▬▬▬▬▬▬▬▬▬▬▬▬▬▬▬▬▬▬▬▬▬▬▬▬▬▬▬▬▬▬▬▬▬▬▬▬▬▬▬▬▬▬▬▬▬▬▬▬▬▬▬▬▬▬▬▬▬▬▬▬▬▬▬
18:04:14                                  §r§9§lTREE GIFT
18:04:14 
18:04:14              §r§7You helped cut §r§a100% §r§7of the §r§aMangrove Tree§r§7.
18:04:14 §f                       §e+5 rewards gained! §8(hover)
18:04:14 
18:04:14                                 §r§d§lBONUS GIFT
18:04:14                                §r§7§r§aDeep Root §r§8(§r§a4%§r§8)
18:04:14                      §r§7A §r§dPhanflare §r§7fell from the Tree!
18:04:14 §9§l▬▬▬▬▬▬▬▬▬▬▬▬▬▬▬▬▬▬▬▬▬▬▬▬▬▬▬▬▬▬▬▬▬▬▬▬▬▬▬▬▬▬▬▬▬▬▬▬▬▬▬▬▬▬▬▬▬▬▬▬▬▬▬▬
18:04:35 §9§l▬▬▬▬▬▬▬▬▬▬▬▬▬▬▬▬▬▬▬▬▬▬▬▬▬▬▬▬▬▬▬▬▬▬▬▬▬▬▬▬▬▬▬▬▬▬▬▬▬▬▬▬▬▬▬▬▬▬▬▬▬▬▬▬
18:04:35                                  §r§9§lTREE GIFT
18:04:35 
18:04:35              §r§7You helped cut §r§a100% §r§7of the §r§aMangrove Tree§r§7.
18:04:35 §f                       §e+5 rewards gained! §8(hover)
18:04:35 §9§l▬▬▬▬▬▬▬▬▬▬▬▬▬▬▬▬▬▬▬▬▬▬▬▬▬▬▬▬▬▬▬▬▬▬▬▬▬▬▬▬▬▬▬▬▬▬▬▬▬▬▬▬▬▬▬▬▬▬▬▬▬▬▬▬
18:04:58 §9§l▬▬▬▬▬▬▬▬▬▬▬▬▬▬▬▬▬▬▬▬▬▬▬▬▬▬▬▬▬▬▬▬▬▬▬▬▬▬▬▬▬▬▬▬▬▬▬▬▬▬▬▬▬▬▬▬▬▬▬▬▬▬▬▬
18:04:58                                  §r§9§lTREE GIFT
18:04:58 
18:04:58              §r§7You helped cut §r§a100% §r§7of the §r§aMangrove Tree§r§7.
18:04:58 §f                       §e+5 rewards gained! §8(hover)
18:04:58 
18:04:58                                 §r§d§lBONUS GIFT
18:04:58                                §r§7§r§aDeep Root §r§8(§r§a4%§r§8)
18:04:58 §9§l▬▬▬▬▬▬▬▬▬▬▬▬▬▬▬▬▬▬▬▬▬▬▬▬▬▬▬▬▬▬▬▬▬▬▬▬▬▬▬▬▬▬▬▬▬▬▬▬▬▬▬▬▬▬▬▬▬▬▬▬▬▬▬▬
18:05:32 §9§l▬▬▬▬▬▬▬▬▬▬▬▬▬▬▬▬▬▬▬▬▬▬▬▬▬▬▬▬▬▬▬▬▬▬▬▬▬▬▬▬▬▬▬▬▬▬▬▬▬▬▬▬▬▬▬▬▬▬▬▬▬▬▬▬
18:05:32                                  §r§9§lTREE GIFT
18:05:32 
18:05:32              §r§7You helped cut §r§a100% §r§7of the §r§aMangrove Tree§r§7.
18:05:32 §f                       §e+5 rewards gained! §8(hover)
18:05:32 
18:05:32                                 §r§d§lBONUS GIFT
18:05:32                                §r§7§r§aDeep Root §r§8(§r§a4%§r§8)
18:05:32 §9§l▬▬▬▬▬▬▬▬▬▬▬▬▬▬▬▬▬▬▬▬▬▬▬▬▬▬▬▬▬▬▬▬▬▬▬▬▬▬▬▬▬▬▬▬▬▬▬▬▬▬▬▬▬▬▬▬▬▬▬▬▬▬▬▬
18:05:55 §9§l▬▬▬▬▬▬▬▬▬▬▬▬▬▬▬▬▬▬▬▬▬▬▬▬▬▬▬▬▬▬▬▬▬▬▬▬▬▬▬▬▬▬▬▬▬▬▬▬▬▬▬▬▬▬▬▬▬▬▬▬▬▬▬▬
18:05:55                                  §r§9§lTREE GIFT
18:05:55 
18:05:55              §r§7You helped cut §r§a100% §r§7of the §r§aMangrove Tree§r§7.
18:05:55 §f                       §e+5 rewards gained! §8(hover)
18:05:55 §9§l▬▬▬▬▬▬▬▬▬▬▬▬▬▬▬▬▬▬▬▬▬▬▬▬▬▬▬▬▬▬▬▬▬▬▬▬▬▬▬▬▬▬▬▬▬▬▬▬▬▬▬▬▬▬▬▬▬▬▬▬▬▬▬▬
18:06:22 §9§l▬▬▬▬▬▬▬▬▬▬▬▬▬▬▬▬▬▬▬▬▬▬▬▬▬▬▬▬▬▬▬▬▬▬▬▬▬▬▬▬▬▬▬▬▬▬▬▬▬▬▬▬▬▬▬▬▬▬▬▬▬▬▬▬
18:06:22                                  §r§9§lTREE GIFT
18:06:22 
18:06:22              §r§7You helped cut §r§a100% §r§7of the §r§aMangrove Tree§r§7.
18:06:22 §f                       §e+5 rewards gained! §8(hover)
18:06:22 §9§l▬▬▬▬▬▬▬▬▬▬▬▬▬▬▬▬▬▬▬▬▬▬▬▬▬▬▬▬▬▬▬▬▬▬▬▬▬▬▬▬▬▬▬▬▬▬▬▬▬▬▬▬▬▬▬▬▬▬▬▬▬▬▬▬
18:06:53 §9§l▬▬▬▬▬▬▬▬▬▬▬▬▬▬▬▬▬▬▬▬▬▬▬▬▬▬▬▬▬▬▬▬▬▬▬▬▬▬▬▬▬▬▬▬▬▬▬▬▬▬▬▬▬▬▬▬▬▬▬▬▬▬▬▬
18:06:53                                  §r§9§lTREE GIFT
18:06:53 
18:06:53              §r§7You helped cut §r§a100% §r§7of the §r§aMangrove Tree§r§7.
18:06:53 §f                       §e+5 rewards gained! §8(hover)
18:06:53 §9§l▬▬▬▬▬▬▬▬▬▬▬▬▬▬▬▬▬▬▬▬▬▬▬▬▬▬▬▬▬▬▬▬▬▬▬▬▬▬▬▬▬▬▬▬▬▬▬▬▬▬▬▬▬▬▬▬▬▬▬▬▬▬▬▬
18:07:09 §9§l▬▬▬▬▬▬▬▬▬▬▬▬▬▬▬▬▬▬▬▬▬▬▬▬▬▬▬▬▬▬▬▬▬▬▬▬▬▬▬▬▬▬▬▬▬▬▬▬▬▬▬▬▬▬▬▬▬▬▬▬▬▬▬▬
18:07:09                                  §r§9§lTREE GIFT
18:07:09 
18:07:09              §r§7You helped cut §r§a100% §r§7of the §r§aMangrove Tree§r§7.
18:07:09 §f                       §e+5 rewards gained! §8(hover)
18:07:09 §9§l▬▬▬▬▬▬▬▬▬▬▬▬▬▬▬▬▬▬▬▬▬▬▬▬▬▬▬▬▬▬▬▬▬▬▬▬▬▬▬▬▬▬▬▬▬▬▬▬▬▬▬▬▬▬▬▬▬▬▬▬▬▬▬▬
18:07:37 §9§l▬▬▬▬▬▬▬▬▬▬▬▬▬▬▬▬▬▬▬▬▬▬▬▬▬▬▬▬▬▬▬▬▬▬▬▬▬▬▬▬▬▬▬▬▬▬▬▬▬▬▬▬▬▬▬▬▬▬▬▬▬▬▬▬
18:07:37                                  §r§9§lTREE GIFT
18:07:37 
18:07:37              §r§7You helped cut §r§a100% §r§7of the §r§aMangrove Tree§r§7.
18:07:37 §f                       §e+5 rewards gained! §8(hover)
18:07:37 §9§l▬▬▬▬▬▬▬▬▬▬▬▬▬▬▬▬▬▬▬▬▬▬▬▬▬▬▬▬▬▬▬▬▬▬▬▬▬▬▬▬▬▬▬▬▬▬▬▬▬▬▬▬▬▬▬▬▬▬▬▬▬▬▬▬
18:07:59 §9§l▬▬▬▬▬▬▬▬▬▬▬▬▬▬▬▬▬▬▬▬▬▬▬▬▬▬▬▬▬▬▬▬▬▬▬▬▬▬▬▬▬▬▬▬▬▬▬▬▬▬▬▬▬▬▬▬▬▬▬▬▬▬▬▬
18:07:59                                  §r§9§lTREE GIFT
18:07:59 
18:07:59              §r§7You helped cut §r§a100% §r§7of the §r§aMangrove Tree§r§7.
18:07:59 §f                       §e+5 rewards gained! §8(hover)
18:07:59                      §r§7A §r§dPhanpyre §r§7fell from the Tree!
18:07:59 §9§l▬▬▬▬▬▬▬▬▬▬▬▬▬▬▬▬▬▬▬▬▬▬▬▬▬▬▬▬▬▬▬▬▬▬▬▬▬▬▬▬▬▬▬▬▬▬▬▬▬▬▬▬▬▬▬▬▬▬▬▬▬▬▬▬
18:08:31 §9§l▬▬▬▬▬▬▬▬▬▬▬▬▬▬▬▬▬▬▬▬▬▬▬▬▬▬▬▬▬▬▬▬▬▬▬▬▬▬▬▬▬▬▬▬▬▬▬▬▬▬▬▬▬▬▬▬▬▬▬▬▬▬▬▬
18:08:31                                  §r§9§lTREE GIFT
18:08:31 
18:08:31              §r§7You helped cut §r§a100% §r§7of the §r§aMangrove Tree§r§7.
18:08:31 §f                       §e+5 rewards gained! §8(hover)
18:08:31 §9§l▬▬▬▬▬▬▬▬▬▬▬▬▬▬▬▬▬▬▬▬▬▬▬▬▬▬▬▬▬▬▬▬▬▬▬▬▬▬▬▬▬▬▬▬▬▬▬▬▬▬▬▬▬▬▬▬▬▬▬▬▬▬▬▬
18:09:29 §9§l▬▬▬▬▬▬▬▬▬▬▬▬▬▬▬▬▬▬▬▬▬▬▬▬▬▬▬▬▬▬▬▬▬▬▬▬▬▬▬▬▬▬▬▬▬▬▬▬▬▬▬▬▬▬▬▬▬▬▬▬▬▬▬▬
18:09:29                                  §r§9§lTREE GIFT
18:09:29 
18:09:29              §r§7You helped cut §r§a100% §r§7of the §r§aMangrove Tree§r§7.
18:09:29 §f                       §e+5 rewards gained! §8(hover)
18:09:29 
18:09:29                                 §r§d§lBONUS GIFT
18:09:29                                §r§7§r§aDeep Root §r§8(§r§a4%§r§8)
18:09:29 §9§l▬▬▬▬▬▬▬▬▬▬▬▬▬▬▬▬▬▬▬▬▬▬▬▬▬▬▬▬▬▬▬▬▬▬▬▬▬▬▬▬▬▬▬▬▬▬▬▬▬▬▬▬▬▬▬▬▬▬▬▬▬▬▬▬
18:09:55 §9§l▬▬▬▬▬▬▬▬▬▬▬▬▬▬▬▬▬▬▬▬▬▬▬▬▬▬▬▬▬▬▬▬▬▬▬▬▬▬▬▬▬▬▬▬▬▬▬▬▬▬▬▬▬▬▬▬▬▬▬▬▬▬▬▬
18:09:55                                  §r§9§lTREE GIFT
18:09:55 
18:09:55              §r§7You helped cut §r§a100% §r§7of the §r§aMangrove Tree§r§7.
18:09:55 §f                       §e+5 rewards gained! §8(hover)
18:09:55 §9§l▬▬▬▬▬▬▬▬▬▬▬▬▬▬▬▬▬▬▬▬▬▬▬▬▬▬▬▬▬▬▬▬▬▬▬▬▬▬▬▬▬▬▬▬▬▬▬▬▬▬▬▬▬▬▬▬▬▬▬▬▬▬▬▬
18:19:37 §9§l▬▬▬▬▬▬▬▬▬▬▬▬▬▬▬▬▬▬▬▬▬▬▬▬▬▬▬▬▬▬▬▬▬▬▬▬▬▬▬▬▬▬▬▬▬▬▬▬▬▬▬▬▬▬▬▬▬▬▬▬▬▬▬▬
18:19:37                                  §r§9§lTREE GIFT
18:19:37 
18:19:37              §r§7You helped cut §r§a100% §r§7of the §r§aMangrove Tree§r§7.
18:19:37 §f                       §e+5 rewards gained! §8(hover)
18:19:37 §9§l▬▬▬▬▬▬▬▬▬▬▬▬▬▬▬▬▬▬▬▬▬▬▬▬▬▬▬▬▬▬▬▬▬▬▬▬▬▬▬▬▬▬▬▬▬▬▬▬▬▬▬▬▬▬▬▬▬▬▬▬▬▬▬▬
18:20:20 §9§l▬▬▬▬▬▬▬▬▬▬▬▬▬▬▬▬▬▬▬▬▬▬▬▬▬▬▬▬▬▬▬▬▬▬▬▬▬▬▬▬▬▬▬▬▬▬▬▬▬▬▬▬▬▬▬▬▬▬▬▬▬▬▬▬
18:20:20                                  §r§9§lTREE GIFT
18:20:20 
18:20:20              §r§7You helped cut §r§a100% §r§7of the §r§aMangrove Tree§r§7.
18:20:20 §f                       §e+5 rewards gained! §8(hover)
18:20:20 §9§l▬▬▬▬▬▬▬▬▬▬▬▬▬▬▬▬▬▬▬▬▬▬▬▬▬▬▬▬▬▬▬▬▬▬▬▬▬▬▬▬▬▬▬▬▬▬▬▬▬▬▬▬▬▬▬▬▬▬▬▬▬▬▬▬
18:20:42 §9§l▬▬▬▬▬▬▬▬▬▬▬▬▬▬▬▬▬▬▬▬▬▬▬▬▬▬▬▬▬▬▬▬▬▬▬▬▬▬▬▬▬▬▬▬▬▬▬▬▬▬▬▬▬▬▬▬▬▬▬▬▬▬▬▬
18:20:42                                  §r§9§lTREE GIFT
18:20:42 
18:20:42              §r§7You helped cut §r§a100% §r§7of the §r§aMangrove Tree§r§7.
18:20:42 §f                       §e+5 rewards gained! §8(hover)
18:20:42 §9§l▬▬▬▬▬▬▬▬▬▬▬▬▬▬▬▬▬▬▬▬▬▬▬▬▬▬▬▬▬▬▬▬▬▬▬▬▬▬▬▬▬▬▬▬▬▬▬▬▬▬▬▬▬▬▬▬▬▬▬▬▬▬▬▬
18:20:57 §9§l▬▬▬▬▬▬▬▬▬▬▬▬▬▬▬▬▬▬▬▬▬▬▬▬▬▬▬▬▬▬▬▬▬▬▬▬▬▬▬▬▬▬▬▬▬▬▬▬▬▬▬▬▬▬▬▬▬▬▬▬▬▬▬▬
18:20:57                                  §r§9§lTREE GIFT
18:20:57 
18:20:57              §r§7You helped cut §r§a100% §r§7of the §r§aMangrove Tree§r§7.
18:20:57 §f                       §e+5 rewards gained! §8(hover)
18:20:57 §9§l▬▬▬▬▬▬▬▬▬▬▬▬▬▬▬▬▬▬▬▬▬▬▬▬▬▬▬▬▬▬▬▬▬▬▬▬▬▬▬▬▬▬▬▬▬▬▬▬▬▬▬▬▬▬▬▬▬▬▬▬▬▬▬▬
18:21:19 §9§l▬▬▬▬▬▬▬▬▬▬▬▬▬▬▬▬▬▬▬▬▬▬▬▬▬▬▬▬▬▬▬▬▬▬▬▬▬▬▬▬▬▬▬▬▬▬▬▬▬▬▬▬▬▬▬▬▬▬▬▬▬▬▬▬
18:21:19                                  §r§9§lTREE GIFT
18:21:19 
18:21:19              §r§7You helped cut §r§a100% §r§7of the §r§aMangrove Tree§r§7.
18:21:19 §f                       §e+5 rewards gained! §8(hover)
18:21:19 §9§l▬▬▬▬▬▬▬▬▬▬▬▬▬▬▬▬▬▬▬▬▬▬▬▬▬▬▬▬▬▬▬▬▬▬▬▬▬▬▬▬▬▬▬▬▬▬▬▬▬▬▬▬▬▬▬▬▬▬▬▬▬▬▬▬
18:21:46 §9§l▬▬▬▬▬▬▬▬▬▬▬▬▬▬▬▬▬▬▬▬▬▬▬▬▬▬▬▬▬▬▬▬▬▬▬▬▬▬▬▬▬▬▬▬▬▬▬▬▬▬▬▬▬▬▬▬▬▬▬▬▬▬▬▬
18:21:46                                  §r§9§lTREE GIFT
18:21:46 
18:21:46              §r§7You helped cut §r§a100% §r§7of the §r§aMangrove Tree§r§7.
18:21:46 §f                       §e+5 rewards gained! §8(hover)
18:21:46 §9§l▬▬▬▬▬▬▬▬▬▬▬▬▬▬▬▬▬▬▬▬▬▬▬▬▬▬▬▬▬▬▬▬▬▬▬▬▬▬▬▬▬▬▬▬▬▬▬▬▬▬▬▬▬▬▬▬▬▬▬▬▬▬▬▬
18:22:07 §9§l▬▬▬▬▬▬▬▬▬▬▬▬▬▬▬▬▬▬▬▬▬▬▬▬▬▬▬▬▬▬▬▬▬▬▬▬▬▬▬▬▬▬▬▬▬▬▬▬▬▬▬▬▬▬▬▬▬▬▬▬▬▬▬▬
18:22:07                                  §r§9§lTREE GIFT
18:22:07 
18:22:07              §r§7You helped cut §r§a100% §r§7of the §r§aMangrove Tree§r§7.
18:22:07 §f                       §e+5 rewards gained! §8(hover)
18:22:07 §9§l▬▬▬▬▬▬▬▬▬▬▬▬▬▬▬▬▬▬▬▬▬▬▬▬▬▬▬▬▬▬▬▬▬▬▬▬▬▬▬▬▬▬▬▬▬▬▬▬▬▬▬▬▬▬▬▬▬▬▬▬▬▬▬▬
18:22:35 §9§l▬▬▬▬▬▬▬▬▬▬▬▬▬▬▬▬▬▬▬▬▬▬▬▬▬▬▬▬▬▬▬▬▬▬▬▬▬▬▬▬▬▬▬▬▬▬▬▬▬▬▬▬▬▬▬▬▬▬▬▬▬▬▬▬
18:22:35                                  §r§9§lTREE GIFT
18:22:35 
18:22:35              §r§7You helped cut §r§a100% §r§7of the §r§aMangrove Tree§r§7.
18:22:35 §f                       §e+5 rewards gained! §8(hover)
18:22:35 
18:22:35                                 §r§d§lBONUS GIFT
18:22:35                                §r§7§r§aDeep Root §r§8(§r§a4%§r§8)
18:22:35 §9§l▬▬▬▬▬▬▬▬▬▬▬▬▬▬▬▬▬▬▬▬▬▬▬▬▬▬▬▬▬▬▬▬▬▬▬▬▬▬▬▬▬▬▬▬▬▬▬▬▬▬▬▬▬▬▬▬▬▬▬▬▬▬▬▬
18:22:48 §9§l▬▬▬▬▬▬▬▬▬▬▬▬▬▬▬▬▬▬▬▬▬▬▬▬▬▬▬▬▬▬▬▬▬▬▬▬▬▬▬▬▬▬▬▬▬▬▬▬▬▬▬▬▬▬▬▬▬▬▬▬▬▬▬▬
18:22:48                                  §r§9§lTREE GIFT
18:22:48 
18:22:48              §r§7You helped cut §r§a100% §r§7of the §r§aMangrove Tree§r§7.
18:22:48 §f                       §e+5 rewards gained! §8(hover)
18:22:48 
18:22:48                                 §r§d§lBONUS GIFT
18:22:48                                §r§7§r§aDeep Root §r§8(§r§a4%§r§8)
18:22:48                      §r§7A §r§dPhanflare §r§7fell from the Tree!
18:22:48 §9§l▬▬▬▬▬▬▬▬▬▬▬▬▬▬▬▬▬▬▬▬▬▬▬▬▬▬▬▬▬▬▬▬▬▬▬▬▬▬▬▬▬▬▬▬▬▬▬▬▬▬▬▬▬▬▬▬▬▬▬▬▬▬▬▬
18:23:16 §9§l▬▬▬▬▬▬▬▬▬▬▬▬▬▬▬▬▬▬▬▬▬▬▬▬▬▬▬▬▬▬▬▬▬▬▬▬▬▬▬▬▬▬▬▬▬▬▬▬▬▬▬▬▬▬▬▬▬▬▬▬▬▬▬▬
18:23:16                                  §r§9§lTREE GIFT
18:23:16 
18:23:16              §r§7You helped cut §r§a100% §r§7of the §r§aMangrove Tree§r§7.
18:23:16 §f                       §e+5 rewards gained! §8(hover)
18:23:16 
18:23:16                                 §r§d§lBONUS GIFT
18:23:16                   §r§7§r§aEnchanted Book (§r§d§lMissile I§r§a) §r§8(§r§a0.25%§r§8)
18:23:16 §9§l▬▬▬▬▬▬▬▬▬▬▬▬▬▬▬▬▬▬▬▬▬▬▬▬▬▬▬▬▬▬▬▬▬▬▬▬▬▬▬▬▬▬▬▬▬▬▬▬▬▬▬▬▬▬▬▬▬▬▬▬▬▬▬▬
18:23:31 §9§l▬▬▬▬▬▬▬▬▬▬▬▬▬▬▬▬▬▬▬▬▬▬▬▬▬▬▬▬▬▬▬▬▬▬▬▬▬▬▬▬▬▬▬▬▬▬▬▬▬▬▬▬▬▬▬▬▬▬▬▬▬▬▬▬
18:23:31                                  §r§9§lTREE GIFT
18:23:31 
18:23:31              §r§7You helped cut §r§a100% §r§7of the §r§aMangrove Tree§r§7.
18:23:31 §f                       §e+5 rewards gained! §8(hover)
18:23:31 
18:23:31                                 §r§d§lBONUS GIFT
18:23:31                                §r§7§r§aDeep Root §r§8(§r§a4%§r§8)
18:23:31 §9§l▬▬▬▬▬▬▬▬▬▬▬▬▬▬▬▬▬▬▬▬▬▬▬▬▬▬▬▬▬▬▬▬▬▬▬▬▬▬▬▬▬▬▬▬▬▬▬▬▬▬▬▬▬▬▬▬▬▬▬▬▬▬▬▬
18:23:51 §9§l▬▬▬▬▬▬▬▬▬▬▬▬▬▬▬▬▬▬▬▬▬▬▬▬▬▬▬▬▬▬▬▬▬▬▬▬▬▬▬▬▬▬▬▬▬▬▬▬▬▬▬▬▬▬▬▬▬▬▬▬▬▬▬▬
18:23:51                                  §r§9§lTREE GIFT
18:23:51 
18:23:51              §r§7You helped cut §r§a100% §r§7of the §r§aMangrove Tree§r§7.
18:23:51 §f                       §e+5 rewards gained! §8(hover)
18:23:51                      §r§7A §r§dPhanpyre §r§7fell from the Tree!
18:23:51 §9§l▬▬▬▬▬▬▬▬▬▬▬▬▬▬▬▬▬▬▬▬▬▬▬▬▬▬▬▬▬▬▬▬▬▬▬▬▬▬▬▬▬▬▬▬▬▬▬▬▬▬▬▬▬▬▬▬▬▬▬▬▬▬▬▬
18:24:05 §9§l▬▬▬▬▬▬▬▬▬▬▬▬▬▬▬▬▬▬▬▬▬▬▬▬▬▬▬▬▬▬▬▬▬▬▬▬▬▬▬▬▬▬▬▬▬▬▬▬▬▬▬▬▬▬▬▬▬▬▬▬▬▬▬▬
18:24:05                                  §r§9§lTREE GIFT
18:24:05 
18:24:05              §r§7You helped cut §r§a100% §r§7of the §r§aMangrove Tree§r§7.
18:24:05 §f                       §e+5 rewards gained! §8(hover)
18:24:05 §9§l▬▬▬▬▬▬▬▬▬▬▬▬▬▬▬▬▬▬▬▬▬▬▬▬▬▬▬▬▬▬▬▬▬▬▬▬▬▬▬▬▬▬▬▬▬▬▬▬▬▬▬▬▬▬▬▬▬▬▬▬▬▬▬▬
18:24:38 §9§l▬▬▬▬▬▬▬▬▬▬▬▬▬▬▬▬▬▬▬▬▬▬▬▬▬▬▬▬▬▬▬▬▬▬▬▬▬▬▬▬▬▬▬▬▬▬▬▬▬▬▬▬▬▬▬▬▬▬▬▬▬▬▬▬
18:24:38                                  §r§9§lTREE GIFT
18:24:38 
18:24:38              §r§7You helped cut §r§a100% §r§7of the §r§aMangrove Tree§r§7.
18:24:38 §f                       §e+5 rewards gained! §8(hover)
18:24:38                      §r§7A §r§dDreadwing §r§7fell from the Tree!
18:24:38 §9§l▬▬▬▬▬▬▬▬▬▬▬▬▬▬▬▬▬▬▬▬▬▬▬▬▬▬▬▬▬▬▬▬▬▬▬▬▬▬▬▬▬▬▬▬▬▬▬▬▬▬▬▬▬▬▬▬▬▬▬▬▬▬▬▬
18:24:57 §9§l▬▬▬▬▬▬▬▬▬▬▬▬▬▬▬▬▬▬▬▬▬▬▬▬▬▬▬▬▬▬▬▬▬▬▬▬▬▬▬▬▬▬▬▬▬▬▬▬▬▬▬▬▬▬▬▬▬▬▬▬▬▬▬▬
18:24:57                                  §r§9§lTREE GIFT
18:24:57 
18:24:57              §r§7You helped cut §r§a100% §r§7of the §r§aMangrove Tree§r§7.
18:24:57 §f                       §e+5 rewards gained! §8(hover)
18:24:57 §9§l▬▬▬▬▬▬▬▬▬▬▬▬▬▬▬▬▬▬▬▬▬▬▬▬▬▬▬▬▬▬▬▬▬▬▬▬▬▬▬▬▬▬▬▬▬▬▬▬▬▬▬▬▬▬▬▬▬▬▬▬▬▬▬▬
18:25:20 §9§l▬▬▬▬▬▬▬▬▬▬▬▬▬▬▬▬▬▬▬▬▬▬▬▬▬▬▬▬▬▬▬▬▬▬▬▬▬▬▬▬▬▬▬▬▬▬▬▬▬▬▬▬▬▬▬▬▬▬▬▬▬▬▬▬
18:25:20                                  §r§9§lTREE GIFT
18:25:20 
18:25:20              §r§7You helped cut §r§a100% §r§7of the §r§aMangrove Tree§r§7.
18:25:20 §f                       §e+5 rewards gained! §8(hover)
18:25:20 §9§l▬▬▬▬▬▬▬▬▬▬▬▬▬▬▬▬▬▬▬▬▬▬▬▬▬▬▬▬▬▬▬▬▬▬▬▬▬▬▬▬▬▬▬▬▬▬▬▬▬▬▬▬▬▬▬▬▬▬▬▬▬▬▬▬
18:25:47 §9§l▬▬▬▬▬▬▬▬▬▬▬▬▬▬▬▬▬▬▬▬▬▬▬▬▬▬▬▬▬▬▬▬▬▬▬▬▬▬▬▬▬▬▬▬▬▬▬▬▬▬▬▬▬▬▬▬▬▬▬▬▬▬▬▬
18:25:47                                  §r§9§lTREE GIFT
18:25:47 
18:25:47              §r§7You helped cut §r§a100% §r§7of the §r§aMangrove Tree§r§7.
18:25:47 §f                       §e+5 rewards gained! §8(hover)
18:25:47 §9§l▬▬▬▬▬▬▬▬▬▬▬▬▬▬▬▬▬▬▬▬▬▬▬▬▬▬▬▬▬▬▬▬▬▬▬▬▬▬▬▬▬▬▬▬▬▬▬▬▬▬▬▬▬▬▬▬▬▬▬▬▬▬▬▬
18:26:00 §9§l▬▬▬▬▬▬▬▬▬▬▬▬▬▬▬▬▬▬▬▬▬▬▬▬▬▬▬▬▬▬▬▬▬▬▬▬▬▬▬▬▬▬▬▬▬▬▬▬▬▬▬▬▬▬▬▬▬▬▬▬▬▬▬▬
18:26:00                                  §r§9§lTREE GIFT
18:26:00 
18:26:00              §r§7You helped cut §r§a100% §r§7of the §r§aMangrove Tree§r§7.
18:26:00 §f                       §e+5 rewards gained! §8(hover)
18:26:00 §9§l▬▬▬▬▬▬▬▬▬▬▬▬▬▬▬▬▬▬▬▬▬▬▬▬▬▬▬▬▬▬▬▬▬▬▬▬▬▬▬▬▬▬▬▬▬▬▬▬▬▬▬▬▬▬▬▬▬▬▬▬▬▬▬▬
18:26:21 §9§l▬▬▬▬▬▬▬▬▬▬▬▬▬▬▬▬▬▬▬▬▬▬▬▬▬▬▬▬▬▬▬▬▬▬▬▬▬▬▬▬▬▬▬▬▬▬▬▬▬▬▬▬▬▬▬▬▬▬▬▬▬▬▬▬
18:26:21                                  §r§9§lTREE GIFT
18:26:21 
18:26:21              §r§7You helped cut §r§a100% §r§7of the §r§aMangrove Tree§r§7.
18:26:21 §f                       §e+5 rewards gained! §8(hover)
18:26:21 
18:26:21                                 §r§d§lBONUS GIFT
18:26:21                                §r§7§r§aDeep Root §r§8(§r§a4%§r§8)
18:26:21                      §r§7§r§fForaging Wisdom Booster §r§8(§r§a0.8%§r§8)
18:26:21 §9§l▬▬▬▬▬▬▬▬▬▬▬▬▬▬▬▬▬▬▬▬▬▬▬▬▬▬▬▬▬▬▬▬▬▬▬▬▬▬▬▬▬▬▬▬▬▬▬▬▬▬▬▬▬▬▬▬▬▬▬▬▬▬▬▬
18:28:09 §9§l▬▬▬▬▬▬▬▬▬▬▬▬▬▬▬▬▬▬▬▬▬▬▬▬▬▬▬▬▬▬▬▬▬▬▬▬▬▬▬▬▬▬▬▬▬▬▬▬▬▬▬▬▬▬▬▬▬▬▬▬▬▬▬▬
18:28:09                                  §r§9§lTREE GIFT
18:28:09 
18:28:09              §r§7You helped cut §r§a100% §r§7of the §r§aMangrove Tree§r§7.
18:28:09 §f                       §e+5 rewards gained! §8(hover)
18:28:09                      §r§7A §r§dPhanflare §r§7fell from the Tree!
18:28:09 §9§l▬▬▬▬▬▬▬▬▬▬▬▬▬▬▬▬▬▬▬▬▬▬▬▬▬▬▬▬▬▬▬▬▬▬▬▬▬▬▬▬▬▬▬▬▬▬▬▬▬▬▬▬▬▬▬▬▬▬▬▬▬▬▬▬
18:28:33 §9§l▬▬▬▬▬▬▬▬▬▬▬▬▬▬▬▬▬▬▬▬▬▬▬▬▬▬▬▬▬▬▬▬▬▬▬▬▬▬▬▬▬▬▬▬▬▬▬▬▬▬▬▬▬▬▬▬▬▬▬▬▬▬▬▬
18:28:33                                  §r§9§lTREE GIFT
18:28:33 
18:28:33              §r§7You helped cut §r§a100% §r§7of the §r§aMangrove Tree§r§7.
18:28:33 §f                       §e+5 rewards gained! §8(hover)
18:28:33 
18:28:33                                 §r§d§lBONUS GIFT
18:28:33                                §r§7§r§aDeep Root §r§8(§r§a4%§r§8)
18:28:33 §9§l▬▬▬▬▬▬▬▬▬▬▬▬▬▬▬▬▬▬▬▬▬▬▬▬▬▬▬▬▬▬▬▬▬▬▬▬▬▬▬▬▬▬▬▬▬▬▬▬▬▬▬▬▬▬▬▬▬▬▬▬▬▬▬▬
18:28:55 §9§l▬▬▬▬▬▬▬▬▬▬▬▬▬▬▬▬▬▬▬▬▬▬▬▬▬▬▬▬▬▬▬▬▬▬▬▬▬▬▬▬▬▬▬▬▬▬▬▬▬▬▬▬▬▬▬▬▬▬▬▬▬▬▬▬
18:28:55                                  §r§9§lTREE GIFT
18:28:55 
18:28:55              §r§7You helped cut §r§a100% §r§7of the §r§aMangrove Tree§r§7.
18:28:55 §f                       §e+5 rewards gained! §8(hover)
18:28:55 §9§l▬▬▬▬▬▬▬▬▬▬▬▬▬▬▬▬▬▬▬▬▬▬▬▬▬▬▬▬▬▬▬▬▬▬▬▬▬▬▬▬▬▬▬▬▬▬▬▬▬▬▬▬▬▬▬▬▬▬▬▬▬▬▬▬
18:29:48 §9§l▬▬▬▬▬▬▬▬▬▬▬▬▬▬▬▬▬▬▬▬▬▬▬▬▬▬▬▬▬▬▬▬▬▬▬▬▬▬▬▬▬▬▬▬▬▬▬▬▬▬▬▬▬▬▬▬▬▬▬▬▬▬▬▬
18:29:48                                  §r§9§lTREE GIFT
18:29:48 
18:29:48              §r§7You helped cut §r§a100% §r§7of the §r§aMangrove Tree§r§7.
18:29:48 §f                       §e+5 rewards gained! §8(hover)
18:29:48                      §r§7A §r§dDreadwing §r§7fell from the Tree!
18:29:48 §9§l▬▬▬▬▬▬▬▬▬▬▬▬▬▬▬▬▬▬▬▬▬▬▬▬▬▬▬▬▬▬▬▬▬▬▬▬▬▬▬▬▬▬▬▬▬▬▬▬▬▬▬▬▬▬▬▬▬▬▬▬▬▬▬▬
18:30:33 §9§l▬▬▬▬▬▬▬▬▬▬▬▬▬▬▬▬▬▬▬▬▬▬▬▬▬▬▬▬▬▬▬▬▬▬▬▬▬▬▬▬▬▬▬▬▬▬▬▬▬▬▬▬▬▬▬▬▬▬▬▬▬▬▬▬
18:30:33                                  §r§9§lTREE GIFT
18:30:33 
18:30:33              §r§7You helped cut §r§a100% §r§7of the §r§aMangrove Tree§r§7.
18:30:33 §f                       §e+5 rewards gained! §8(hover)
18:30:33 §9§l▬▬▬▬▬▬▬▬▬▬▬▬▬▬▬▬▬▬▬▬▬▬▬▬▬▬▬▬▬▬▬▬▬▬▬▬▬▬▬▬▬▬▬▬▬▬▬▬▬▬▬▬▬▬▬▬▬▬▬▬▬▬▬▬
18:30:53 §9§l▬▬▬▬▬▬▬▬▬▬▬▬▬▬▬▬▬▬▬▬▬▬▬▬▬▬▬▬▬▬▬▬▬▬▬▬▬▬▬▬▬▬▬▬▬▬▬▬▬▬▬▬▬▬▬▬▬▬▬▬▬▬▬▬
18:30:53                                  §r§9§lTREE GIFT
18:30:53 
18:30:53              §r§7You helped cut §r§a100% §r§7of the §r§aMangrove Tree§r§7.
18:30:53 §f                       §e+5 rewards gained! §8(hover)
18:30:53 §9§l▬▬▬▬▬▬▬▬▬▬▬▬▬▬▬▬▬▬▬▬▬▬▬▬▬▬▬▬▬▬▬▬▬▬▬▬▬▬▬▬▬▬▬▬▬▬▬▬▬▬▬▬▬▬▬▬▬▬▬▬▬▬▬▬
18:31:32 §9§l▬▬▬▬▬▬▬▬▬▬▬▬▬▬▬▬▬▬▬▬▬▬▬▬▬▬▬▬▬▬▬▬▬▬▬▬▬▬▬▬▬▬▬▬▬▬▬▬▬▬▬▬▬▬▬▬▬▬▬▬▬▬▬▬
18:31:32                                  §r§9§lTREE GIFT
18:31:32 
18:31:32              §r§7You helped cut §r§a100% §r§7of the §r§aMangrove Tree§r§7.
18:31:32 §f                       §e+5 rewards gained! §8(hover)
18:31:32 §9§l▬▬▬▬▬▬▬▬▬▬▬▬▬▬▬▬▬▬▬▬▬▬▬▬▬▬▬▬▬▬▬▬▬▬▬▬▬▬▬▬▬▬▬▬▬▬▬▬▬▬▬▬▬▬▬▬▬▬▬▬▬▬▬▬
18:32:16 §9§l▬▬▬▬▬▬▬▬▬▬▬▬▬▬▬▬▬▬▬▬▬▬▬▬▬▬▬▬▬▬▬▬▬▬▬▬▬▬▬▬▬▬▬▬▬▬▬▬▬▬▬▬▬▬▬▬▬▬▬▬▬▬▬▬
18:32:16                                  §r§9§lTREE GIFT
18:32:16 
18:32:16              §r§7You helped cut §r§a100% §r§7of the §r§aMangrove Tree§r§7.
18:32:16 §f                       §e+5 rewards gained! §8(hover)
18:32:16 §9§l▬▬▬▬▬▬▬▬▬▬▬▬▬▬▬▬▬▬▬▬▬▬▬▬▬▬▬▬▬▬▬▬▬▬▬▬▬▬▬▬▬▬▬▬▬▬▬▬▬▬▬▬▬▬▬▬▬▬▬▬▬▬▬▬
18:32:48 §9§l▬▬▬▬▬▬▬▬▬▬▬▬▬▬▬▬▬▬▬▬▬▬▬▬▬▬▬▬▬▬▬▬▬▬▬▬▬▬▬▬▬▬▬▬▬▬▬▬▬▬▬▬▬▬▬▬▬▬▬▬▬▬▬▬
18:32:48                                  §r§9§lTREE GIFT
18:32:48 
18:32:48              §r§7You helped cut §r§a100% §r§7of the §r§aMangrove Tree§r§7.
18:32:48 §f                       §e+5 rewards gained! §8(hover)
18:32:48 §9§l▬▬▬▬▬▬▬▬▬▬▬▬▬▬▬▬▬▬▬▬▬▬▬▬▬▬▬▬▬▬▬▬▬▬▬▬▬▬▬▬▬▬▬▬▬▬▬▬▬▬▬▬▬▬▬▬▬▬▬▬▬▬▬▬
18:33:10 §9§l▬▬▬▬▬▬▬▬▬▬▬▬▬▬▬▬▬▬▬▬▬▬▬▬▬▬▬▬▬▬▬▬▬▬▬▬▬▬▬▬▬▬▬▬▬▬▬▬▬▬▬▬▬▬▬▬▬▬▬▬▬▬▬▬
18:33:10                                  §r§9§lTREE GIFT
18:33:10 
18:33:10              §r§7You helped cut §r§a100% §r§7of the §r§aMangrove Tree§r§7.
18:33:10 §f                       §e+5 rewards gained! §8(hover)
18:33:10 §9§l▬▬▬▬▬▬▬▬▬▬▬▬▬▬▬▬▬▬▬▬▬▬▬▬▬▬▬▬▬▬▬▬▬▬▬▬▬▬▬▬▬▬▬▬▬▬▬▬▬▬▬▬▬▬▬▬▬▬▬▬▬▬▬▬
18:33:38 §9§l▬▬▬▬▬▬▬▬▬▬▬▬▬▬▬▬▬▬▬▬▬▬▬▬▬▬▬▬▬▬▬▬▬▬▬▬▬▬▬▬▬▬▬▬▬▬▬▬▬▬▬▬▬▬▬▬▬▬▬▬▬▬▬▬
18:33:38                                  §r§9§lTREE GIFT
18:33:38 
18:33:38              §r§7You helped cut §r§a100% §r§7of the §r§aMangrove Tree§r§7.
18:33:38 §f                       §e+5 rewards gained! §8(hover)
18:33:38 
18:33:38                                 §r§d§lBONUS GIFT
18:33:38                                §r§7§r§aDeep Root §r§8(§r§a4%§r§8)
18:33:38                      §r§7A §r§dPhanpyre §r§7fell from the Tree!
18:33:38 §9§l▬▬▬▬▬▬▬▬▬▬▬▬▬▬▬▬▬▬▬▬▬▬▬▬▬▬▬▬▬▬▬▬▬▬▬▬▬▬▬▬▬▬▬▬▬▬▬▬▬▬▬▬▬▬▬▬▬▬▬▬▬▬▬▬
18:34:03 §9§l▬▬▬▬▬▬▬▬▬▬▬▬▬▬▬▬▬▬▬▬▬▬▬▬▬▬▬▬▬▬▬▬▬▬▬▬▬▬▬▬▬▬▬▬▬▬▬▬▬▬▬▬▬▬▬▬▬▬▬▬▬▬▬▬
18:34:03                                  §r§9§lTREE GIFT
18:34:03 
18:34:03              §r§7You helped cut §r§a100% §r§7of the §r§aMangrove Tree§r§7.
18:34:03 §f                       §e+5 rewards gained! §8(hover)
18:34:03 
18:34:03                                 §r§d§lBONUS GIFT
18:34:03                                §r§7§r§aDeep Root §r§8(§r§a4%§r§8)
18:34:03 §9§l▬▬▬▬▬▬▬▬▬▬▬▬▬▬▬▬▬▬▬▬▬▬▬▬▬▬▬▬▬▬▬▬▬▬▬▬▬▬▬▬▬▬▬▬▬▬▬▬▬▬▬▬▬▬▬▬▬▬▬▬▬▬▬▬
18:34:21 §9§l▬▬▬▬▬▬▬▬▬▬▬▬▬▬▬▬▬▬▬▬▬▬▬▬▬▬▬▬▬▬▬▬▬▬▬▬▬▬▬▬▬▬▬▬▬▬▬▬▬▬▬▬▬▬▬▬▬▬▬▬▬▬▬▬
18:34:21                                  §r§9§lTREE GIFT
18:34:21 
18:34:21              §r§7You helped cut §r§a100% §r§7of the §r§aMangrove Tree§r§7.
18:34:21 §f                       §e+5 rewards gained! §8(hover)
18:34:21 §9§l▬▬▬▬▬▬▬▬▬▬▬▬▬▬▬▬▬▬▬▬▬▬▬▬▬▬▬▬▬▬▬▬▬▬▬▬▬▬▬▬▬▬▬▬▬▬▬▬▬▬▬▬▬▬▬▬▬▬▬▬▬▬▬▬
18:37:14 §9§l▬▬▬▬▬▬▬▬▬▬▬▬▬▬▬▬▬▬▬▬▬▬▬▬▬▬▬▬▬▬▬▬▬▬▬▬▬▬▬▬▬▬▬▬▬▬▬▬▬▬▬▬▬▬▬▬▬▬▬▬▬▬▬▬
18:37:14                                  §r§9§lTREE GIFT
18:37:14 
18:37:14              §r§7You helped cut §r§a100% §r§7of the §r§aMangrove Tree§r§7.
18:37:14 §f                       §e+5 rewards gained! §8(hover)
18:37:14                      §r§7A §r§dPhanpyre §r§7fell from the Tree!
18:37:14 §9§l▬▬▬▬▬▬▬▬▬▬▬▬▬▬▬▬▬▬▬▬▬▬▬▬▬▬▬▬▬▬▬▬▬▬▬▬▬▬▬▬▬▬▬▬▬▬▬▬▬▬▬▬▬▬▬▬▬▬▬▬▬▬▬▬
18:38:30 §9§l▬▬▬▬▬▬▬▬▬▬▬▬▬▬▬▬▬▬▬▬▬▬▬▬▬▬▬▬▬▬▬▬▬▬▬▬▬▬▬▬▬▬▬▬▬▬▬▬▬▬▬▬▬▬▬▬▬▬▬▬▬▬▬▬
18:38:30                                  §r§9§lTREE GIFT
18:38:30 
18:38:30              §r§7You helped cut §r§a85.3% §r§7of the §r§aMangrove Tree§r§7.
18:38:30 §f                       §e+5 rewards gained! §8(hover)
18:38:30 §9§l▬▬▬▬▬▬▬▬▬▬▬▬▬▬▬▬▬▬▬▬▬▬▬▬▬▬▬▬▬▬▬▬▬▬▬▬▬▬▬▬▬▬▬▬▬▬▬▬▬▬▬▬▬▬▬▬▬▬▬▬▬▬▬▬
18:38:51 §9§l▬▬▬▬▬▬▬▬▬▬▬▬▬▬▬▬▬▬▬▬▬▬▬▬▬▬▬▬▬▬▬▬▬▬▬▬▬▬▬▬▬▬▬▬▬▬▬▬▬▬▬▬▬▬▬▬▬▬▬▬▬▬▬▬
18:38:51                                  §r§9§lTREE GIFT
18:38:51 
18:38:51              §r§7You helped cut §r§a100% §r§7of the §r§aMangrove Tree§r§7.
18:38:51 §f                       §e+5 rewards gained! §8(hover)
18:38:51 §9§l▬▬▬▬▬▬▬▬▬▬▬▬▬▬▬▬▬▬▬▬▬▬▬▬▬▬▬▬▬▬▬▬▬▬▬▬▬▬▬▬▬▬▬▬▬▬▬▬▬▬▬▬▬▬▬▬▬▬▬▬▬▬▬▬
18:39:12 §9§l▬▬▬▬▬▬▬▬▬▬▬▬▬▬▬▬▬▬▬▬▬▬▬▬▬▬▬▬▬▬▬▬▬▬▬▬▬▬▬▬▬▬▬▬▬▬▬▬▬▬▬▬▬▬▬▬▬▬▬▬▬▬▬▬
18:39:12                                  §r§9§lTREE GIFT
18:39:12 
18:39:12              §r§7You helped cut §r§a100% §r§7of the §r§aMangrove Tree§r§7.
18:39:12 §f                       §e+5 rewards gained! §8(hover)
18:39:12                      §r§7A §r§dPhanpyre §r§7fell from the Tree!
18:39:12 §9§l▬▬▬▬▬▬▬▬▬▬▬▬▬▬▬▬▬▬▬▬▬▬▬▬▬▬▬▬▬▬▬▬▬▬▬▬▬▬▬▬▬▬▬▬▬▬▬▬▬▬▬▬▬▬▬▬▬▬▬▬▬▬▬▬
18:39:40 §9§l▬▬▬▬▬▬▬▬▬▬▬▬▬▬▬▬▬▬▬▬▬▬▬▬▬▬▬▬▬▬▬▬▬▬▬▬▬▬▬▬▬▬▬▬▬▬▬▬▬▬▬▬▬▬▬▬▬▬▬▬▬▬▬▬
18:39:40                                  §r§9§lTREE GIFT
18:39:40 
18:39:40              §r§7You helped cut §r§a100% §r§7of the §r§aMangrove Tree§r§7.
18:39:40 §f                       §e+5 rewards gained! §8(hover)
18:39:40 §9§l▬▬▬▬▬▬▬▬▬▬▬▬▬▬▬▬▬▬▬▬▬▬▬▬▬▬▬▬▬▬▬▬▬▬▬▬▬▬▬▬▬▬▬▬▬▬▬▬▬▬▬▬▬▬▬▬▬▬▬▬▬▬▬▬
18:41:02 §9§l▬▬▬▬▬▬▬▬▬▬▬▬▬▬▬▬▬▬▬▬▬▬▬▬▬▬▬▬▬▬▬▬▬▬▬▬▬▬▬▬▬▬▬▬▬▬▬▬▬▬▬▬▬▬▬▬▬▬▬▬▬▬▬▬
18:41:02                                  §r§9§lTREE GIFT
18:41:02 
18:41:02                  §r§7You helped cut §r§a100% §r§7of the §r§aFig Tree§r§7.
18:41:02 §f                       §e+5 rewards gained! §8(hover)
18:41:02 
18:41:02                                 §r§d§lBONUS GIFT
18:41:02                           §r§7§r§aStretching Sticks §r§8(§r§a20%§r§8)
18:41:02 §9§l▬▬▬▬▬▬▬▬▬▬▬▬▬▬▬▬▬▬▬▬▬▬▬▬▬▬▬▬▬▬▬▬▬▬▬▬▬▬▬▬▬▬▬▬▬▬▬▬▬▬▬▬▬▬▬▬▬▬▬▬▬▬▬▬
18:41:30 §9§l▬▬▬▬▬▬▬▬▬▬▬▬▬▬▬▬▬▬▬▬▬▬▬▬▬▬▬▬▬▬▬▬▬▬▬▬▬▬▬▬▬▬▬▬▬▬▬▬▬▬▬▬▬▬▬▬▬▬▬▬▬▬▬▬
18:41:30                                  §r§9§lTREE GIFT
18:41:30 
18:41:30              §r§7You helped cut §r§a100% §r§7of the §r§aMangrove Tree§r§7.
18:41:30 §f                       §e+5 rewards gained! §8(hover)
18:41:30 §9§l▬▬▬▬▬▬▬▬▬▬▬▬▬▬▬▬▬▬▬▬▬▬▬▬▬▬▬▬▬▬▬▬▬▬▬▬▬▬▬▬▬▬▬▬▬▬▬▬▬▬▬▬▬▬▬▬▬▬▬▬▬▬▬▬
18:42:04 §9§l▬▬▬▬▬▬▬▬▬▬▬▬▬▬▬▬▬▬▬▬▬▬▬▬▬▬▬▬▬▬▬▬▬▬▬▬▬▬▬▬▬▬▬▬▬▬▬▬▬▬▬▬▬▬▬▬▬▬▬▬▬▬▬▬
18:42:04                                  §r§9§lTREE GIFT
18:42:04 
18:42:04              §r§7You helped cut §r§a100% §r§7of the §r§aMangrove Tree§r§7.
18:42:04 §f                       §e+5 rewards gained! §8(hover)
18:42:04                      §r§7A §r§dPhanflare §r§7fell from the Tree!
18:42:04 §9§l▬▬▬▬▬▬▬▬▬▬▬▬▬▬▬▬▬▬▬▬▬▬▬▬▬▬▬▬▬▬▬▬▬▬▬▬▬▬▬▬▬▬▬▬▬▬▬▬▬▬▬▬▬▬▬▬▬▬▬▬▬▬▬▬
18:42:21 §9§l▬▬▬▬▬▬▬▬▬▬▬▬▬▬▬▬▬▬▬▬▬▬▬▬▬▬▬▬▬▬▬▬▬▬▬▬▬▬▬▬▬▬▬▬▬▬▬▬▬▬▬▬▬▬▬▬▬▬▬▬▬▬▬▬
18:42:21                                  §r§9§lTREE GIFT
18:42:21 
18:42:21              §r§7You helped cut §r§a100% §r§7of the §r§aMangrove Tree§r§7.
18:42:21 §f                       §e+5 rewards gained! §8(hover)
18:42:21 
18:42:21                                 §r§d§lBONUS GIFT
18:42:21            §r§7§r§aEnchanted Book (§r§d§lFirst Impression I§r§a) §r§8(§r§a0.5%§r§8)
18:42:21 §9§l▬▬▬▬▬▬▬▬▬▬▬▬▬▬▬▬▬▬▬▬▬▬▬▬▬▬▬▬▬▬▬▬▬▬▬▬▬▬▬▬▬▬▬▬▬▬▬▬▬▬▬▬▬▬▬▬▬▬▬▬▬▬▬▬
18:42:41 §9§l▬▬▬▬▬▬▬▬▬▬▬▬▬▬▬▬▬▬▬▬▬▬▬▬▬▬▬▬▬▬▬▬▬▬▬▬▬▬▬▬▬▬▬▬▬▬▬▬▬▬▬▬▬▬▬▬▬▬▬▬▬▬▬▬
18:42:41                                  §r§9§lTREE GIFT
18:42:41 
18:42:41              §r§7You helped cut §r§a100% §r§7of the §r§aMangrove Tree§r§7.
18:42:41 §f                       §e+5 rewards gained! §8(hover)
18:42:41 §9§l▬▬▬▬▬▬▬▬▬▬▬▬▬▬▬▬▬▬▬▬▬▬▬▬▬▬▬▬▬▬▬▬▬▬▬▬▬▬▬▬▬▬▬▬▬▬▬▬▬▬▬▬▬▬▬▬▬▬▬▬▬▬▬▬
18:43:13 §9§l▬▬▬▬▬▬▬▬▬▬▬▬▬▬▬▬▬▬▬▬▬▬▬▬▬▬▬▬▬▬▬▬▬▬▬▬▬▬▬▬▬▬▬▬▬▬▬▬▬▬▬▬▬▬▬▬▬▬▬▬▬▬▬▬
18:43:13                                  §r§9§lTREE GIFT
18:43:13 
18:43:13              §r§7You helped cut §r§a100% §r§7of the §r§aMangrove Tree§r§7.
18:43:13 §f                       §e+5 rewards gained! §8(hover)
18:43:13 
18:43:13                                 §r§d§lBONUS GIFT
18:43:13                                §r§7§r§aDeep Root §r§8(§r§a4%§r§8)
18:43:13                      §r§7A §r§dPhanflare §r§7fell from the Tree!
18:43:13 §9§l▬▬▬▬▬▬▬▬▬▬▬▬▬▬▬▬▬▬▬▬▬▬▬▬▬▬▬▬▬▬▬▬▬▬▬▬▬▬▬▬▬▬▬▬▬▬▬▬▬▬▬▬▬▬▬▬▬▬▬▬▬▬▬▬
18:43:24 §9§l▬▬▬▬▬▬▬▬▬▬▬▬▬▬▬▬▬▬▬▬▬▬▬▬▬▬▬▬▬▬▬▬▬▬▬▬▬▬▬▬▬▬▬▬▬▬▬▬▬▬▬▬▬▬▬▬▬▬▬▬▬▬▬▬
18:43:24                                  §r§9§lTREE GIFT
18:43:24 
18:43:24              §r§7You helped cut §r§a100% §r§7of the §r§aMangrove Tree§r§7.
18:43:24 §f                       §e+5 rewards gained! §8(hover)
18:43:24                      §r§7A §r§dPhanflare §r§7fell from the Tree!
18:43:24 §9§l▬▬▬▬▬▬▬▬▬▬▬▬▬▬▬▬▬▬▬▬▬▬▬▬▬▬▬▬▬▬▬▬▬▬▬▬▬▬▬▬▬▬▬▬▬▬▬▬▬▬▬▬▬▬▬▬▬▬▬▬▬▬▬▬
18:44:08 §9§l▬▬▬▬▬▬▬▬▬▬▬▬▬▬▬▬▬▬▬▬▬▬▬▬▬▬▬▬▬▬▬▬▬▬▬▬▬▬▬▬▬▬▬▬▬▬▬▬▬▬▬▬▬▬▬▬▬▬▬▬▬▬▬▬
18:44:08                                  §r§9§lTREE GIFT
18:44:08 
18:44:08              §r§7You helped cut §r§a100% §r§7of the §r§aMangrove Tree§r§7.
18:44:08 §f                       §e+5 rewards gained! §8(hover)
18:44:08                      §r§7A §r§dPhanpyre §r§7fell from the Tree!
18:44:08 §9§l▬▬▬▬▬▬▬▬▬▬▬▬▬▬▬▬▬▬▬▬▬▬▬▬▬▬▬▬▬▬▬▬▬▬▬▬▬▬▬▬▬▬▬▬▬▬▬▬▬▬▬▬▬▬▬▬▬▬▬▬▬▬▬▬
18:44:33 §9§l▬▬▬▬▬▬▬▬▬▬▬▬▬▬▬▬▬▬▬▬▬▬▬▬▬▬▬▬▬▬▬▬▬▬▬▬▬▬▬▬▬▬▬▬▬▬▬▬▬▬▬▬▬▬▬▬▬▬▬▬▬▬▬▬
18:44:33                                  §r§9§lTREE GIFT
18:44:33 
18:44:33              §r§7You helped cut §r§a100% §r§7of the §r§aMangrove Tree§r§7.
18:44:33 §f                       §e+5 rewards gained! §8(hover)
18:44:33 §9§l▬▬▬▬▬▬▬▬▬▬▬▬▬▬▬▬▬▬▬▬▬▬▬▬▬▬▬▬▬▬▬▬▬▬▬▬▬▬▬▬▬▬▬▬▬▬▬▬▬▬▬▬▬▬▬▬▬▬▬▬▬▬▬▬
18:44:55 §9§l▬▬▬▬▬▬▬▬▬▬▬▬▬▬▬▬▬▬▬▬▬▬▬▬▬▬▬▬▬▬▬▬▬▬▬▬▬▬▬▬▬▬▬▬▬▬▬▬▬▬▬▬▬▬▬▬▬▬▬▬▬▬▬▬
18:44:55                                  §r§9§lTREE GIFT
18:44:55 
18:44:55              §r§7You helped cut §r§a100% §r§7of the §r§aMangrove Tree§r§7.
18:44:55 §f                       §e+5 rewards gained! §8(hover)
18:44:55                      §r§7A §r§dPhanpyre §r§7fell from the Tree!
18:44:55 §9§l▬▬▬▬▬▬▬▬▬▬▬▬▬▬▬▬▬▬▬▬▬▬▬▬▬▬▬▬▬▬▬▬▬▬▬▬▬▬▬▬▬▬▬▬▬▬▬▬▬▬▬▬▬▬▬▬▬▬▬▬▬▬▬▬
18:45:18 §9§l▬▬▬▬▬▬▬▬▬▬▬▬▬▬▬▬▬▬▬▬▬▬▬▬▬▬▬▬▬▬▬▬▬▬▬▬▬▬▬▬▬▬▬▬▬▬▬▬▬▬▬▬▬▬▬▬▬▬▬▬▬▬▬▬
18:45:18                                  §r§9§lTREE GIFT
18:45:18 
18:45:18              §r§7You helped cut §r§a100% §r§7of the §r§aMangrove Tree§r§7.
18:45:18 §f                       §e+5 rewards gained! §8(hover)
18:45:18 §9§l▬▬▬▬▬▬▬▬▬▬▬▬▬▬▬▬▬▬▬▬▬▬▬▬▬▬▬▬▬▬▬▬▬▬▬▬▬▬▬▬▬▬▬▬▬▬▬▬▬▬▬▬▬▬▬▬▬▬▬▬▬▬▬▬
18:45:36 §9§l▬▬▬▬▬▬▬▬▬▬▬▬▬▬▬▬▬▬▬▬▬▬▬▬▬▬▬▬▬▬▬▬▬▬▬▬▬▬▬▬▬▬▬▬▬▬▬▬▬▬▬▬▬▬▬▬▬▬▬▬▬▬▬▬
18:45:36                                  §r§9§lTREE GIFT
18:45:36 
18:45:36              §r§7You helped cut §r§a100% §r§7of the §r§aMangrove Tree§r§7.
18:45:36 §f                       §e+5 rewards gained! §8(hover)
18:45:36 §9§l▬▬▬▬▬▬▬▬▬▬▬▬▬▬▬▬▬▬▬▬▬▬▬▬▬▬▬▬▬▬▬▬▬▬▬▬▬▬▬▬▬▬▬▬▬▬▬▬▬▬▬▬▬▬▬▬▬▬▬▬▬▬▬▬
18:46:14 §9§l▬▬▬▬▬▬▬▬▬▬▬▬▬▬▬▬▬▬▬▬▬▬▬▬▬▬▬▬▬▬▬▬▬▬▬▬▬▬▬▬▬▬▬▬▬▬▬▬▬▬▬▬▬▬▬▬▬▬▬▬▬▬▬▬
18:46:14                                  §r§9§lTREE GIFT
18:46:14 
18:46:14              §r§7You helped cut §r§a100% §r§7of the §r§aMangrove Tree§r§7.
18:46:14 §f                       §e+5 rewards gained! §8(hover)
18:46:14                      §r§7A §r§dPhanflare §r§7fell from the Tree!
18:46:14 §9§l▬▬▬▬▬▬▬▬▬▬▬▬▬▬▬▬▬▬▬▬▬▬▬▬▬▬▬▬▬▬▬▬▬▬▬▬▬▬▬▬▬▬▬▬▬▬▬▬▬▬▬▬▬▬▬▬▬▬▬▬▬▬▬▬
18:46:35 §9§l▬▬▬▬▬▬▬▬▬▬▬▬▬▬▬▬▬▬▬▬▬▬▬▬▬▬▬▬▬▬▬▬▬▬▬▬▬▬▬▬▬▬▬▬▬▬▬▬▬▬▬▬▬▬▬▬▬▬▬▬▬▬▬▬
18:46:35                                  §r§9§lTREE GIFT
18:46:35 
18:46:35              §r§7You helped cut §r§a100% §r§7of the §r§aMangrove Tree§r§7.
18:46:35 §f                       §e+5 rewards gained! §8(hover)
18:46:35 §9§l▬▬▬▬▬▬▬▬▬▬▬▬▬▬▬▬▬▬▬▬▬▬▬▬▬▬▬▬▬▬▬▬▬▬▬▬▬▬▬▬▬▬▬▬▬▬▬▬▬▬▬▬▬▬▬▬▬▬▬▬▬▬▬▬
18:46:56 §9§l▬▬▬▬▬▬▬▬▬▬▬▬▬▬▬▬▬▬▬▬▬▬▬▬▬▬▬▬▬▬▬▬▬▬▬▬▬▬▬▬▬▬▬▬▬▬▬▬▬▬▬▬▬▬▬▬▬▬▬▬▬▬▬▬
18:46:56                                  §r§9§lTREE GIFT
18:46:56 
18:46:56              §r§7You helped cut §r§a100% §r§7of the §r§aMangrove Tree§r§7.
18:46:56 §f                       §e+5 rewards gained! §8(hover)
18:46:56 §9§l▬▬▬▬▬▬▬▬▬▬▬▬▬▬▬▬▬▬▬▬▬▬▬▬▬▬▬▬▬▬▬▬▬▬▬▬▬▬▬▬▬▬▬▬▬▬▬▬▬▬▬▬▬▬▬▬▬▬▬▬▬▬▬▬
18:47:23 §9§l▬▬▬▬▬▬▬▬▬▬▬▬▬▬▬▬▬▬▬▬▬▬▬▬▬▬▬▬▬▬▬▬▬▬▬▬▬▬▬▬▬▬▬▬▬▬▬▬▬▬▬▬▬▬▬▬▬▬▬▬▬▬▬▬
18:47:23                                  §r§9§lTREE GIFT
18:47:23 
18:47:23              §r§7You helped cut §r§a100% §r§7of the §r§aMangrove Tree§r§7.
18:47:23 §f                       §e+5 rewards gained! §8(hover)
18:47:23 
18:47:23                                 §r§d§lBONUS GIFT
18:47:23                                §r§7§r§aDeep Root §r§8(§r§a4%§r§8)
18:47:23 §9§l▬▬▬▬▬▬▬▬▬▬▬▬▬▬▬▬▬▬▬▬▬▬▬▬▬▬▬▬▬▬▬▬▬▬▬▬▬▬▬▬▬▬▬▬▬▬▬▬▬▬▬▬▬▬▬▬▬▬▬▬▬▬▬▬
18:47:48 §9§l▬▬▬▬▬▬▬▬▬▬▬▬▬▬▬▬▬▬▬▬▬▬▬▬▬▬▬▬▬▬▬▬▬▬▬▬▬▬▬▬▬▬▬▬▬▬▬▬▬▬▬▬▬▬▬▬▬▬▬▬▬▬▬▬
18:47:48                                  §r§9§lTREE GIFT
18:47:48 
18:47:48              §r§7You helped cut §r§a100% §r§7of the §r§aMangrove Tree§r§7.
18:47:48 §f                       §e+5 rewards gained! §8(hover)
18:47:48                      §r§7A §r§dPhanpyre §r§7fell from the Tree!
18:47:48 §9§l▬▬▬▬▬▬▬▬▬▬▬▬▬▬▬▬▬▬▬▬▬▬▬▬▬▬▬▬▬▬▬▬▬▬▬▬▬▬▬▬▬▬▬▬▬▬▬▬▬▬▬▬▬▬▬▬▬▬▬▬▬▬▬▬
18:48:13 §9§l▬▬▬▬▬▬▬▬▬▬▬▬▬▬▬▬▬▬▬▬▬▬▬▬▬▬▬▬▬▬▬▬▬▬▬▬▬▬▬▬▬▬▬▬▬▬▬▬▬▬▬▬▬▬▬▬▬▬▬▬▬▬▬▬
18:48:13                                  §r§9§lTREE GIFT
18:48:13 
18:48:13              §r§7You helped cut §r§a100% §r§7of the §r§aMangrove Tree§r§7.
18:48:13 §f                       §e+5 rewards gained! §8(hover)
18:48:13 
18:48:13                                 §r§d§lBONUS GIFT
18:48:13                      §r§7§r§fForaging Wisdom Booster §r§8(§r§a0.8%§r§8)
18:48:13 §9§l▬▬▬▬▬▬▬▬▬▬▬▬▬▬▬▬▬▬▬▬▬▬▬▬▬▬▬▬▬▬▬▬▬▬▬▬▬▬▬▬▬▬▬▬▬▬▬▬▬▬▬▬▬▬▬▬▬▬▬▬▬▬▬▬
18:49:33 §9§l▬▬▬▬▬▬▬▬▬▬▬▬▬▬▬▬▬▬▬▬▬▬▬▬▬▬▬▬▬▬▬▬▬▬▬▬▬▬▬▬▬▬▬▬▬▬▬▬▬▬▬▬▬▬▬▬▬▬▬▬▬▬▬▬
18:49:33                                  §r§9§lTREE GIFT
18:49:33 
18:49:33              §r§7You helped cut §r§a100% §r§7of the §r§aMangrove Tree§r§7.
18:49:33 §f                       §e+5 rewards gained! §8(hover)
18:49:33 
18:49:33                                 §r§d§lBONUS GIFT
18:49:33                                §r§7§r§aDeep Root §r§8(§r§a4%§r§8)
18:49:33 §9§l▬▬▬▬▬▬▬▬▬▬▬▬▬▬▬▬▬▬▬▬▬▬▬▬▬▬▬▬▬▬▬▬▬▬▬▬▬▬▬▬▬▬▬▬▬▬▬▬▬▬▬▬▬▬▬▬▬▬▬▬▬▬▬▬
18:50:09 §9§l▬▬▬▬▬▬▬▬▬▬▬▬▬▬▬▬▬▬▬▬▬▬▬▬▬▬▬▬▬▬▬▬▬▬▬▬▬▬▬▬▬▬▬▬▬▬▬▬▬▬▬▬▬▬▬▬▬▬▬▬▬▬▬▬
18:50:09                                  §r§9§lTREE GIFT
18:50:09 
18:50:09              §r§7You helped cut §r§a100% §r§7of the §r§aMangrove Tree§r§7.
18:50:09 §f                       §e+5 rewards gained! §8(hover)
18:50:09 §9§l▬▬▬▬▬▬▬▬▬▬▬▬▬▬▬▬▬▬▬▬▬▬▬▬▬▬▬▬▬▬▬▬▬▬▬▬▬▬▬▬▬▬▬▬▬▬▬▬▬▬▬▬▬▬▬▬▬▬▬▬▬▬▬▬
18:50:38 §9§l▬▬▬▬▬▬▬▬▬▬▬▬▬▬▬▬▬▬▬▬▬▬▬▬▬▬▬▬▬▬▬▬▬▬▬▬▬▬▬▬▬▬▬▬▬▬▬▬▬▬▬▬▬▬▬▬▬▬▬▬▬▬▬▬
18:50:38                                  §r§9§lTREE GIFT
18:50:38 
18:50:38              §r§7You helped cut §r§a100% §r§7of the §r§aMangrove Tree§r§7.
18:50:38 §f                       §e+5 rewards gained! §8(hover)
18:50:38 
18:50:38                                 §r§d§lBONUS GIFT
18:50:38                                §r§7§r§aDeep Root §r§8(§r§a4%§r§8)
18:50:38                            §r§7§r§fSweep Booster §r§8(§r§a1.5%§r§8)
18:50:38                      §r§7A §r§dDreadwing §r§7fell from the Tree!
18:50:38 §9§l▬▬▬▬▬▬▬▬▬▬▬▬▬▬▬▬▬▬▬▬▬▬▬▬▬▬▬▬▬▬▬▬▬▬▬▬▬▬▬▬▬▬▬▬▬▬▬▬▬▬▬▬▬▬▬▬▬▬▬▬▬▬▬▬
18:51:06 §9§l▬▬▬▬▬▬▬▬▬▬▬▬▬▬▬▬▬▬▬▬▬▬▬▬▬▬▬▬▬▬▬▬▬▬▬▬▬▬▬▬▬▬▬▬▬▬▬▬▬▬▬▬▬▬▬▬▬▬▬▬▬▬▬▬
18:51:06                                  §r§9§lTREE GIFT
18:51:06 
18:51:06              §r§7You helped cut §r§a100% §r§7of the §r§aMangrove Tree§r§7.
18:51:06 §f                       §e+5 rewards gained! §8(hover)
18:51:06 
18:51:06                                 §r§d§lBONUS GIFT
18:51:06                                §r§7§r§aDeep Root §r§8(§r§a4%§r§8)
18:51:06 §9§l▬▬▬▬▬▬▬▬▬▬▬▬▬▬▬▬▬▬▬▬▬▬▬▬▬▬▬▬▬▬▬▬▬▬▬▬▬▬▬▬▬▬▬▬▬▬▬▬▬▬▬▬▬▬▬▬▬▬▬▬▬▬▬▬
18:51:32 §9§l▬▬▬▬▬▬▬▬▬▬▬▬▬▬▬▬▬▬▬▬▬▬▬▬▬▬▬▬▬▬▬▬▬▬▬▬▬▬▬▬▬▬▬▬▬▬▬▬▬▬▬▬▬▬▬▬▬▬▬▬▬▬▬▬
18:51:32                                  §r§9§lTREE GIFT
18:51:32 
18:51:32              §r§7You helped cut §r§a100% §r§7of the §r§aMangrove Tree§r§7.
18:51:32 §f                       §e+5 rewards gained! §8(hover)
18:51:32 §9§l▬▬▬▬▬▬▬▬▬▬▬▬▬▬▬▬▬▬▬▬▬▬▬▬▬▬▬▬▬▬▬▬▬▬▬▬▬▬▬▬▬▬▬▬▬▬▬▬▬▬▬▬▬▬▬▬▬▬▬▬▬▬▬▬
18:52:10 §9§l▬▬▬▬▬▬▬▬▬▬▬▬▬▬▬▬▬▬▬▬▬▬▬▬▬▬▬▬▬▬▬▬▬▬▬▬▬▬▬▬▬▬▬▬▬▬▬▬▬▬▬▬▬▬▬▬▬▬▬▬▬▬▬▬
18:52:10                                  §r§9§lTREE GIFT
18:52:10 
18:52:10              §r§7You helped cut §r§a100% §r§7of the §r§aMangrove Tree§r§7.
18:52:10 §f                       §e+5 rewards gained! §8(hover)
18:52:10 §9§l▬▬▬▬▬▬▬▬▬▬▬▬▬▬▬▬▬▬▬▬▬▬▬▬▬▬▬▬▬▬▬▬▬▬▬▬▬▬▬▬▬▬▬▬▬▬▬▬▬▬▬▬▬▬▬▬▬▬▬▬▬▬▬▬
18:52:38 §9§l▬▬▬▬▬▬▬▬▬▬▬▬▬▬▬▬▬▬▬▬▬▬▬▬▬▬▬▬▬▬▬▬▬▬▬▬▬▬▬▬▬▬▬▬▬▬▬▬▬▬▬▬▬▬▬▬▬▬▬▬▬▬▬▬
18:52:38                                  §r§9§lTREE GIFT
18:52:38 
18:52:38              §r§7You helped cut §r§a100% §r§7of the §r§aMangrove Tree§r§7.
18:52:38 §f                       §e+5 rewards gained! §8(hover)
18:52:38 §9§l▬▬▬▬▬▬▬▬▬▬▬▬▬▬▬▬▬▬▬▬▬▬▬▬▬▬▬▬▬▬▬▬▬▬▬▬▬▬▬▬▬▬▬▬▬▬▬▬▬▬▬▬▬▬▬▬▬▬▬▬▬▬▬▬
18:53:58 §9§l▬▬▬▬▬▬▬▬▬▬▬▬▬▬▬▬▬▬▬▬▬▬▬▬▬▬▬▬▬▬▬▬▬▬▬▬▬▬▬▬▬▬▬▬▬▬▬▬▬▬▬▬▬▬▬▬▬▬▬▬▬▬▬▬
18:53:58                                  §r§9§lTREE GIFT
18:53:58 
18:53:58              §r§7You helped cut §r§a100% §r§7of the §r§aMangrove Tree§r§7.
18:53:58 §f                       §e+5 rewards gained! §8(hover)
18:53:58 §9§l▬▬▬▬▬▬▬▬▬▬▬▬▬▬▬▬▬▬▬▬▬▬▬▬▬▬▬▬▬▬▬▬▬▬▬▬▬▬▬▬▬▬▬▬▬▬▬▬▬▬▬▬▬▬▬▬▬▬▬▬▬▬▬▬
18:55:04 §9§l▬▬▬▬▬▬▬▬▬▬▬▬▬▬▬▬▬▬▬▬▬▬▬▬▬▬▬▬▬▬▬▬▬▬▬▬▬▬▬▬▬▬▬▬▬▬▬▬▬▬▬▬▬▬▬▬▬▬▬▬▬▬▬▬
18:55:04                                  §r§9§lTREE GIFT
18:55:04 
18:55:04              §r§7You helped cut §r§a100% §r§7of the §r§aMangrove Tree§r§7.
18:55:04 §f                       §e+5 rewards gained! §8(hover)
18:55:04                      §r§7A §r§dPhanpyre §r§7fell from the Tree!
18:55:04 §9§l▬▬▬▬▬▬▬▬▬▬▬▬▬▬▬▬▬▬▬▬▬▬▬▬▬▬▬▬▬▬▬▬▬▬▬▬▬▬▬▬▬▬▬▬▬▬▬▬▬▬▬▬▬▬▬▬▬▬▬▬▬▬▬▬
18:56:10 §9§l▬▬▬▬▬▬▬▬▬▬▬▬▬▬▬▬▬▬▬▬▬▬▬▬▬▬▬▬▬▬▬▬▬▬▬▬▬▬▬▬▬▬▬▬▬▬▬▬▬▬▬▬▬▬▬▬▬▬▬▬▬▬▬▬
18:56:10                                  §r§9§lTREE GIFT
18:56:10 
18:56:10              §r§7You helped cut §r§a100% §r§7of the §r§aMangrove Tree§r§7.
18:56:10 §f                       §e+5 rewards gained! §8(hover)
18:56:10 §9§l▬▬▬▬▬▬▬▬▬▬▬▬▬▬▬▬▬▬▬▬▬▬▬▬▬▬▬▬▬▬▬▬▬▬▬▬▬▬▬▬▬▬▬▬▬▬▬▬▬▬▬▬▬▬▬▬▬▬▬▬▬▬▬▬
18:57:07 §9§l▬▬▬▬▬▬▬▬▬▬▬▬▬▬▬▬▬▬▬▬▬▬▬▬▬▬▬▬▬▬▬▬▬▬▬▬▬▬▬▬▬▬▬▬▬▬▬▬▬▬▬▬▬▬▬▬▬▬▬▬▬▬▬▬
18:57:07                                  §r§9§lTREE GIFT
18:57:07 
18:57:07              §r§7You helped cut §r§a100% §r§7of the §r§aMangrove Tree§r§7.
18:57:07 §f                       §e+5 rewards gained! §8(hover)
18:57:07 
18:57:07                                 §r§d§lBONUS GIFT
18:57:07                      §r§7§r§fForaging Wisdom Booster §r§8(§r§a0.8%§r§8)
18:57:07 §9§l▬▬▬▬▬▬▬▬▬▬▬▬▬▬▬▬▬▬▬▬▬▬▬▬▬▬▬▬▬▬▬▬▬▬▬▬▬▬▬▬▬▬▬▬▬▬▬▬▬▬▬▬▬▬▬▬▬▬▬▬▬▬▬▬
18:57:27 §9§l▬▬▬▬▬▬▬▬▬▬▬▬▬▬▬▬▬▬▬▬▬▬▬▬▬▬▬▬▬▬▬▬▬▬▬▬▬▬▬▬▬▬▬▬▬▬▬▬▬▬▬▬▬▬▬▬▬▬▬▬▬▬▬▬
18:57:27                                  §r§9§lTREE GIFT
18:57:27 
18:57:27              §r§7You helped cut §r§a100% §r§7of the §r§aMangrove Tree§r§7.
18:57:27 §f                       §e+5 rewards gained! §8(hover)
18:57:27 §9§l▬▬▬▬▬▬▬▬▬▬▬▬▬▬▬▬▬▬▬▬▬▬▬▬▬▬▬▬▬▬▬▬▬▬▬▬▬▬▬▬▬▬▬▬▬▬▬▬▬▬▬▬▬▬▬▬▬▬▬▬▬▬▬▬
18:58:09 §9§l▬▬▬▬▬▬▬▬▬▬▬▬▬▬▬▬▬▬▬▬▬▬▬▬▬▬▬▬▬▬▬▬▬▬▬▬▬▬▬▬▬▬▬▬▬▬▬▬▬▬▬▬▬▬▬▬▬▬▬▬▬▬▬▬
18:58:09                                  §r§9§lTREE GIFT
18:58:09 
18:58:09              §r§7You helped cut §r§a100% §r§7of the §r§aMangrove Tree§r§7.
18:58:09 §f                       §e+5 rewards gained! §8(hover)
18:58:09 §9§l▬▬▬▬▬▬▬▬▬▬▬▬▬▬▬▬▬▬▬▬▬▬▬▬▬▬▬▬▬▬▬▬▬▬▬▬▬▬▬▬▬▬▬▬▬▬▬▬▬▬▬▬▬▬▬▬▬▬▬▬▬▬▬▬
18:58:32 §9§l▬▬▬▬▬▬▬▬▬▬▬▬▬▬▬▬▬▬▬▬▬▬▬▬▬▬▬▬▬▬▬▬▬▬▬▬▬▬▬▬▬▬▬▬▬▬▬▬▬▬▬▬▬▬▬▬▬▬▬▬▬▬▬▬
18:58:32                                  §r§9§lTREE GIFT
18:58:32 
18:58:32              §r§7You helped cut §r§a100% §r§7of the §r§aMangrove Tree§r§7.
18:58:32 §f                       §e+5 rewards gained! §8(hover)
18:58:32                      §r§7A §r§dPhanpyre §r§7fell from the Tree!
18:58:32 §9§l▬▬▬▬▬▬▬▬▬▬▬▬▬▬▬▬▬▬▬▬▬▬▬▬▬▬▬▬▬▬▬▬▬▬▬▬▬▬▬▬▬▬▬▬▬▬▬▬▬▬▬▬▬▬▬▬▬▬▬▬▬▬▬▬
18:58:57 §9§l▬▬▬▬▬▬▬▬▬▬▬▬▬▬▬▬▬▬▬▬▬▬▬▬▬▬▬▬▬▬▬▬▬▬▬▬▬▬▬▬▬▬▬▬▬▬▬▬▬▬▬▬▬▬▬▬▬▬▬▬▬▬▬▬
18:58:57                                  §r§9§lTREE GIFT
18:58:57 
18:58:57              §r§7You helped cut §r§a100% §r§7of the §r§aMangrove Tree§r§7.
18:58:57 §f                       §e+5 rewards gained! §8(hover)
18:58:57 §9§l▬▬▬▬▬▬▬▬▬▬▬▬▬▬▬▬▬▬▬▬▬▬▬▬▬▬▬▬▬▬▬▬▬▬▬▬▬▬▬▬▬▬▬▬▬▬▬▬▬▬▬▬▬▬▬▬▬▬▬▬▬▬▬▬
18:59:14 §9§l▬▬▬▬▬▬▬▬▬▬▬▬▬▬▬▬▬▬▬▬▬▬▬▬▬▬▬▬▬▬▬▬▬▬▬▬▬▬▬▬▬▬▬▬▬▬▬▬▬▬▬▬▬▬▬▬▬▬▬▬▬▬▬▬
18:59:14                                  §r§9§lTREE GIFT
18:59:14 
18:59:14              §r§7You helped cut §r§a100% §r§7of the §r§aMangrove Tree§r§7.
18:59:14 §f                       §e+5 rewards gained! §8(hover)
18:59:14 §9§l▬▬▬▬▬▬▬▬▬▬▬▬▬▬▬▬▬▬▬▬▬▬▬▬▬▬▬▬▬▬▬▬▬▬▬▬▬▬▬▬▬▬▬▬▬▬▬▬▬▬▬▬▬▬▬▬▬▬▬▬▬▬▬▬
18:59:37 §9§l▬▬▬▬▬▬▬▬▬▬▬▬▬▬▬▬▬▬▬▬▬▬▬▬▬▬▬▬▬▬▬▬▬▬▬▬▬▬▬▬▬▬▬▬▬▬▬▬▬▬▬▬▬▬▬▬▬▬▬▬▬▬▬▬
18:59:37                                  §r§9§lTREE GIFT
18:59:37 
18:59:37              §r§7You helped cut §r§a100% §r§7of the §r§aMangrove Tree§r§7.
18:59:38 §f                       §e+5 rewards gained! §8(hover)
18:59:38                      §r§7A §r§dPhanflare §r§7fell from the Tree!
18:59:38 §9§l▬▬▬▬▬▬▬▬▬▬▬▬▬▬▬▬▬▬▬▬▬▬▬▬▬▬▬▬▬▬▬▬▬▬▬▬▬▬▬▬▬▬▬▬▬▬▬▬▬▬▬▬▬▬▬▬▬▬▬▬▬▬▬▬
18:59:57 §9§l▬▬▬▬▬▬▬▬▬▬▬▬▬▬▬▬▬▬▬▬▬▬▬▬▬▬▬▬▬▬▬▬▬▬▬▬▬▬▬▬▬▬▬▬▬▬▬▬▬▬▬▬▬▬▬▬▬▬▬▬▬▬▬▬
18:59:57                                  §r§9§lTREE GIFT
18:59:57 
18:59:57              §r§7You helped cut §r§a100% §r§7of the §r§aMangrove Tree§r§7.
18:59:57 §f                       §e+5 rewards gained! §8(hover)
18:59:57 
18:59:57                                 §r§d§lBONUS GIFT
18:59:57                            §r§7§r§fSweep Booster §r§8(§r§a1.5%§r§8)
18:59:57 §9§l▬▬▬▬▬▬▬▬▬▬▬▬▬▬▬▬▬▬▬▬▬▬▬▬▬▬▬▬▬▬▬▬▬▬▬▬▬▬▬▬▬▬▬▬▬▬▬▬▬▬▬▬▬▬▬▬▬▬▬▬▬▬▬▬
19:15:30 §9§l▬▬▬▬▬▬▬▬▬▬▬▬▬▬▬▬▬▬▬▬▬▬▬▬▬▬▬▬▬▬▬▬▬▬▬▬▬▬▬▬▬▬▬▬▬▬▬▬▬▬▬▬▬▬▬▬▬▬▬▬▬▬▬▬
19:15:30                                  §r§9§lTREE GIFT
19:15:30 
19:15:30                  §r§7You helped cut §r§a100% §r§7of the §r§aFig Tree§r§7.
19:15:30 §f                       §e+5 rewards gained! §8(hover)
19:15:30 
19:15:30                                 §r§d§lBONUS GIFT
19:15:30                           §r§7§r§aStretching Sticks §r§8(§r§a20%§r§8)
19:15:30                      §r§7§r§fForaging Wisdom Booster §r§8(§r§a0.5%§r§8)
19:15:30                      §r§7A §r§dPhanpyre §r§7fell from the Tree!
19:15:30 §9§l▬▬▬▬▬▬▬▬▬▬▬▬▬▬▬▬▬▬▬▬▬▬▬▬▬▬▬▬▬▬▬▬▬▬▬▬▬▬▬▬▬▬▬▬▬▬▬▬▬▬▬▬▬▬▬▬▬▬▬▬▬▬▬▬
19:15:38 §9§l▬▬▬▬▬▬▬▬▬▬▬▬▬▬▬▬▬▬▬▬▬▬▬▬▬▬▬▬▬▬▬▬▬▬▬▬▬▬▬▬▬▬▬▬▬▬▬▬▬▬▬▬▬▬▬▬▬▬▬▬▬▬▬▬
19:15:38                                  §r§9§lTREE GIFT
19:15:38 
19:15:38                  §r§7You helped cut §r§a100% §r§7of the §r§aFig Tree§r§7.
19:15:38 §f                       §e+5 rewards gained! §8(hover)
19:15:38 §9§l▬▬▬▬▬▬▬▬▬▬▬▬▬▬▬▬▬▬▬▬▬▬▬▬▬▬▬▬▬▬▬▬▬▬▬▬▬▬▬▬▬▬▬▬▬▬▬▬▬▬▬▬▬▬▬▬▬▬▬▬▬▬▬▬
19:15:51 §9§l▬▬▬▬▬▬▬▬▬▬▬▬▬▬▬▬▬▬▬▬▬▬▬▬▬▬▬▬▬▬▬▬▬▬▬▬▬▬▬▬▬▬▬▬▬▬▬▬▬▬▬▬▬▬▬▬▬▬▬▬▬▬▬▬
19:15:51                                  §r§9§lTREE GIFT
19:15:51 
19:15:51                  §r§7You helped cut §r§a100% §r§7of the §r§aFig Tree§r§7.
19:15:51 §f                       §e+5 rewards gained! §8(hover)
19:15:51 
19:15:51                                 §r§d§lBONUS GIFT
19:15:51                           §r§7§r§aStretching Sticks §r§8(§r§a20%§r§8)
19:15:51 §9§l▬▬▬▬▬▬▬▬▬▬▬▬▬▬▬▬▬▬▬▬▬▬▬▬▬▬▬▬▬▬▬▬▬▬▬▬▬▬▬▬▬▬▬▬▬▬▬▬▬▬▬▬▬▬▬▬▬▬▬▬▬▬▬▬
19:16:02 §9§l▬▬▬▬▬▬▬▬▬▬▬▬▬▬▬▬▬▬▬▬▬▬▬▬▬▬▬▬▬▬▬▬▬▬▬▬▬▬▬▬▬▬▬▬▬▬▬▬▬▬▬▬▬▬▬▬▬▬▬▬▬▬▬▬
19:16:02                                  §r§9§lTREE GIFT
19:16:02 
19:16:02                  §r§7You helped cut §r§a100% §r§7of the §r§aFig Tree§r§7.
19:16:02 §f                       §e+5 rewards gained! §8(hover)
19:16:02 
19:16:02                                 §r§d§lBONUS GIFT
19:16:02                           §r§7§r§aStretching Sticks §r§8(§r§a20%§r§8)
19:16:02 §9§l▬▬▬▬▬▬▬▬▬▬▬▬▬▬▬▬▬▬▬▬▬▬▬▬▬▬▬▬▬▬▬▬▬▬▬▬▬▬▬▬▬▬▬▬▬▬▬▬▬▬▬▬▬▬▬▬▬▬▬▬▬▬▬▬
19:16:48 §9§l▬▬▬▬▬▬▬▬▬▬▬▬▬▬▬▬▬▬▬▬▬▬▬▬▬▬▬▬▬▬▬▬▬▬▬▬▬▬▬▬▬▬▬▬▬▬▬▬▬▬▬▬▬▬▬▬▬▬▬▬▬▬▬▬
19:16:48                                  §r§9§lTREE GIFT
19:16:48 
19:16:48                  §r§7You helped cut §r§a100% §r§7of the §r§aFig Tree§r§7.
19:16:48 §f                       §e+5 rewards gained! §8(hover)
19:16:48 
19:16:48                                 §r§d§lBONUS GIFT
19:16:48                           §r§7§r§aStretching Sticks §r§8(§r§a20%§r§8)
19:16:48                             §r§7§r§fSweep Booster §r§8(§r§a1%§r§8)
19:16:48 §9§l▬▬▬▬▬▬▬▬▬▬▬▬▬▬▬▬▬▬▬▬▬▬▬▬▬▬▬▬▬▬▬▬▬▬▬▬▬▬▬▬▬▬▬▬▬▬▬▬▬▬▬▬▬▬▬▬▬▬▬▬▬▬▬▬
19:17:01 §9§l▬▬▬▬▬▬▬▬▬▬▬▬▬▬▬▬▬▬▬▬▬▬▬▬▬▬▬▬▬▬▬▬▬▬▬▬▬▬▬▬▬▬▬▬▬▬▬▬▬▬▬▬▬▬▬▬▬▬▬▬▬▬▬▬
19:17:01                                  §r§9§lTREE GIFT
19:17:01 
19:17:01                  §r§7You helped cut §r§a100% §r§7of the §r§aFig Tree§r§7.
19:17:01 §f                       §e+5 rewards gained! §8(hover)
19:17:01 
19:17:01                                 §r§d§lBONUS GIFT
19:17:01                           §r§7§r§aStretching Sticks §r§8(§r§a20%§r§8)
19:17:01 §9§l▬▬▬▬▬▬▬▬▬▬▬▬▬▬▬▬▬▬▬▬▬▬▬▬▬▬▬▬▬▬▬▬▬▬▬▬▬▬▬▬▬▬▬▬▬▬▬▬▬▬▬▬▬▬▬▬▬▬▬▬▬▬▬▬
19:17:12 §9§l▬▬▬▬▬▬▬▬▬▬▬▬▬▬▬▬▬▬▬▬▬▬▬▬▬▬▬▬▬▬▬▬▬▬▬▬▬▬▬▬▬▬▬▬▬▬▬▬▬▬▬▬▬▬▬▬▬▬▬▬▬▬▬▬
19:17:12                                  §r§9§lTREE GIFT
19:17:12 
19:17:12                  §r§7You helped cut §r§a100% §r§7of the §r§aFig Tree§r§7.
19:17:12 §f                       §e+5 rewards gained! §8(hover)
19:17:12 
19:17:12                                 §r§d§lBONUS GIFT
19:17:12                           §r§7§r§aStretching Sticks §r§8(§r§a20%§r§8)
19:17:12                      §r§7A §r§dPhanflare §r§7fell from the Tree!
19:17:12 §9§l▬▬▬▬▬▬▬▬▬▬▬▬▬▬▬▬▬▬▬▬▬▬▬▬▬▬▬▬▬▬▬▬▬▬▬▬▬▬▬▬▬▬▬▬▬▬▬▬▬▬▬▬▬▬▬▬▬▬▬▬▬▬▬▬
19:17:25 §9§l▬▬▬▬▬▬▬▬▬▬▬▬▬▬▬▬▬▬▬▬▬▬▬▬▬▬▬▬▬▬▬▬▬▬▬▬▬▬▬▬▬▬▬▬▬▬▬▬▬▬▬▬▬▬▬▬▬▬▬▬▬▬▬▬
19:17:25                                  §r§9§lTREE GIFT
19:17:25 
19:17:25                  §r§7You helped cut §r§a100% §r§7of the §r§aFig Tree§r§7.
19:17:25 §f                       §e+5 rewards gained! §8(hover)
19:17:25 §9§l▬▬▬▬▬▬▬▬▬▬▬▬▬▬▬▬▬▬▬▬▬▬▬▬▬▬▬▬▬▬▬▬▬▬▬▬▬▬▬▬▬▬▬▬▬▬▬▬▬▬▬▬▬▬▬▬▬▬▬▬▬▬▬▬
19:17:31 §9§l▬▬▬▬▬▬▬▬▬▬▬▬▬▬▬▬▬▬▬▬▬▬▬▬▬▬▬▬▬▬▬▬▬▬▬▬▬▬▬▬▬▬▬▬▬▬▬▬▬▬▬▬▬▬▬▬▬▬▬▬▬▬▬▬
19:17:31                                  §r§9§lTREE GIFT
19:17:31 
19:17:31                  §r§7You helped cut §r§a100% §r§7of the §r§aFig Tree§r§7.
19:17:31 §f                       §e+5 rewards gained! §8(hover)
19:17:31 §9§l▬▬▬▬▬▬▬▬▬▬▬▬▬▬▬▬▬▬▬▬▬▬▬▬▬▬▬▬▬▬▬▬▬▬▬▬▬▬▬▬▬▬▬▬▬▬▬▬▬▬▬▬▬▬▬▬▬▬▬▬▬▬▬▬
19:17:44 §9§l▬▬▬▬▬▬▬▬▬▬▬▬▬▬▬▬▬▬▬▬▬▬▬▬▬▬▬▬▬▬▬▬▬▬▬▬▬▬▬▬▬▬▬▬▬▬▬▬▬▬▬▬▬▬▬▬▬▬▬▬▬▬▬▬
19:17:44                                  §r§9§lTREE GIFT
19:17:44 
19:17:44                  §r§7You helped cut §r§a100% §r§7of the §r§aFig Tree§r§7.
19:17:44 §f                       §e+5 rewards gained! §8(hover)
19:17:44 
19:17:44                                 §r§d§lBONUS GIFT
19:17:44                           §r§7§r§aStretching Sticks §r§8(§r§a20%§r§8)
19:17:44 §9§l▬▬▬▬▬▬▬▬▬▬▬▬▬▬▬▬▬▬▬▬▬▬▬▬▬▬▬▬▬▬▬▬▬▬▬▬▬▬▬▬▬▬▬▬▬▬▬▬▬▬▬▬▬▬▬▬▬▬▬▬▬▬▬▬
19:18:02 §9§l▬▬▬▬▬▬▬▬▬▬▬▬▬▬▬▬▬▬▬▬▬▬▬▬▬▬▬▬▬▬▬▬▬▬▬▬▬▬▬▬▬▬▬▬▬▬▬▬▬▬▬▬▬▬▬▬▬▬▬▬▬▬▬▬
19:18:02                                  §r§9§lTREE GIFT
19:18:02 
19:18:02                  §r§7You helped cut §r§a100% §r§7of the §r§aFig Tree§r§7.
19:18:02 §f                       §e+5 rewards gained! §8(hover)
19:18:02 
19:18:02                                 §r§d§lBONUS GIFT
19:18:02                           §r§7§r§aStretching Sticks §r§8(§r§a20%§r§8)
19:18:02 §9§l▬▬▬▬▬▬▬▬▬▬▬▬▬▬▬▬▬▬▬▬▬▬▬▬▬▬▬▬▬▬▬▬▬▬▬▬▬▬▬▬▬▬▬▬▬▬▬▬▬▬▬▬▬▬▬▬▬▬▬▬▬▬▬▬
19:18:15 §9§l▬▬▬▬▬▬▬▬▬▬▬▬▬▬▬▬▬▬▬▬▬▬▬▬▬▬▬▬▬▬▬▬▬▬▬▬▬▬▬▬▬▬▬▬▬▬▬▬▬▬▬▬▬▬▬▬▬▬▬▬▬▬▬▬
19:18:15                                  §r§9§lTREE GIFT
19:18:15 
19:18:15                  §r§7You helped cut §r§a100% §r§7of the §r§aFig Tree§r§7.
19:18:15 §f                       §e+6 rewards gained! §8(hover)
19:18:15 
19:18:15                                 §r§d§lBONUS GIFT
19:18:15                           §r§7§r§aStretching Sticks §r§8(§r§a20%§r§8)
19:18:15 §9§l▬▬▬▬▬▬▬▬▬▬▬▬▬▬▬▬▬▬▬▬▬▬▬▬▬▬▬▬▬▬▬▬▬▬▬▬▬▬▬▬▬▬▬▬▬▬▬▬▬▬▬▬▬▬▬▬▬▬▬▬▬▬▬▬
19:18:23 §9§l▬▬▬▬▬▬▬▬▬▬▬▬▬▬▬▬▬▬▬▬▬▬▬▬▬▬▬▬▬▬▬▬▬▬▬▬▬▬▬▬▬▬▬▬▬▬▬▬▬▬▬▬▬▬▬▬▬▬▬▬▬▬▬▬
19:18:23                                  §r§9§lTREE GIFT
19:18:23 
19:18:23                  §r§7You helped cut §r§a100% §r§7of the §r§aFig Tree§r§7.
19:18:23 §f                       §e+5 rewards gained! §8(hover)
19:18:23 
19:18:23                                 §r§d§lBONUS GIFT
19:18:23                           §r§7§r§aStretching Sticks §r§8(§r§a20%§r§8)
19:18:23 §9§l▬▬▬▬▬▬▬▬▬▬▬▬▬▬▬▬▬▬▬▬▬▬▬▬▬▬▬▬▬▬▬▬▬▬▬▬▬▬▬▬▬▬▬▬▬▬▬▬▬▬▬▬▬▬▬▬▬▬▬▬▬▬▬▬
19:18:36 §9§l▬▬▬▬▬▬▬▬▬▬▬▬▬▬▬▬▬▬▬▬▬▬▬▬▬▬▬▬▬▬▬▬▬▬▬▬▬▬▬▬▬▬▬▬▬▬▬▬▬▬▬▬▬▬▬▬▬▬▬▬▬▬▬▬
19:18:36                                  §r§9§lTREE GIFT
19:18:36 
19:18:36                  §r§7You helped cut §r§a100% §r§7of the §r§aFig Tree§r§7.
19:18:36 §f                       §e+5 rewards gained! §8(hover)
19:18:36 §9§l▬▬▬▬▬▬▬▬▬▬▬▬▬▬▬▬▬▬▬▬▬▬▬▬▬▬▬▬▬▬▬▬▬▬▬▬▬▬▬▬▬▬▬▬▬▬▬▬▬▬▬▬▬▬▬▬▬▬▬▬▬▬▬▬
19:18:53 §9§l▬▬▬▬▬▬▬▬▬▬▬▬▬▬▬▬▬▬▬▬▬▬▬▬▬▬▬▬▬▬▬▬▬▬▬▬▬▬▬▬▬▬▬▬▬▬▬▬▬▬▬▬▬▬▬▬▬▬▬▬▬▬▬▬
19:18:53                                  §r§9§lTREE GIFT
19:18:53 
19:18:53                  §r§7You helped cut §r§a100% §r§7of the §r§aFig Tree§r§7.
19:18:53 §f                       §e+5 rewards gained! §8(hover)
19:18:53 
19:18:53                                 §r§d§lBONUS GIFT
19:18:53                           §r§7§r§aStretching Sticks §r§8(§r§a20%§r§8)
19:18:53 §9§l▬▬▬▬▬▬▬▬▬▬▬▬▬▬▬▬▬▬▬▬▬▬▬▬▬▬▬▬▬▬▬▬▬▬▬▬▬▬▬▬▬▬▬▬▬▬▬▬▬▬▬▬▬▬▬▬▬▬▬▬▬▬▬▬
19:19:01 §9§l▬▬▬▬▬▬▬▬▬▬▬▬▬▬▬▬▬▬▬▬▬▬▬▬▬▬▬▬▬▬▬▬▬▬▬▬▬▬▬▬▬▬▬▬▬▬▬▬▬▬▬▬▬▬▬▬▬▬▬▬▬▬▬▬
19:19:01                                  §r§9§lTREE GIFT
19:19:01 
19:19:01                  §r§7You helped cut §r§a100% §r§7of the §r§aFig Tree§r§7.
19:19:01 §f                       §e+5 rewards gained! §8(hover)
19:19:01                      §r§7A §r§dPhanflare §r§7fell from the Tree!
19:19:01 §9§l▬▬▬▬▬▬▬▬▬▬▬▬▬▬▬▬▬▬▬▬▬▬▬▬▬▬▬▬▬▬▬▬▬▬▬▬▬▬▬▬▬▬▬▬▬▬▬▬▬▬▬▬▬▬▬▬▬▬▬▬▬▬▬▬
19:19:08 §9§l▬▬▬▬▬▬▬▬▬▬▬▬▬▬▬▬▬▬▬▬▬▬▬▬▬▬▬▬▬▬▬▬▬▬▬▬▬▬▬▬▬▬▬▬▬▬▬▬▬▬▬▬▬▬▬▬▬▬▬▬▬▬▬▬
19:19:08                                  §r§9§lTREE GIFT
19:19:08 
19:19:08                  §r§7You helped cut §r§a100% §r§7of the §r§aFig Tree§r§7.
19:19:08 §f                       §e+5 rewards gained! §8(hover)
19:19:08 
19:19:08                                 §r§d§lBONUS GIFT
19:19:08                           §r§7§r§aStretching Sticks §r§8(§r§a20%§r§8)
19:19:08 §9§l▬▬▬▬▬▬▬▬▬▬▬▬▬▬▬▬▬▬▬▬▬▬▬▬▬▬▬▬▬▬▬▬▬▬▬▬▬▬▬▬▬▬▬▬▬▬▬▬▬▬▬▬▬▬▬▬▬▬▬▬▬▬▬▬
19:19:18 §9§l▬▬▬▬▬▬▬▬▬▬▬▬▬▬▬▬▬▬▬▬▬▬▬▬▬▬▬▬▬▬▬▬▬▬▬▬▬▬▬▬▬▬▬▬▬▬▬▬▬▬▬▬▬▬▬▬▬▬▬▬▬▬▬▬
19:19:18                                  §r§9§lTREE GIFT
19:19:18 
19:19:18                  §r§7You helped cut §r§a100% §r§7of the §r§aFig Tree§r§7.
19:19:18 §f                       §e+5 rewards gained! §8(hover)
19:19:18 
19:19:18                                 §r§d§lBONUS GIFT
19:19:18                           §r§7§r§aStretching Sticks §r§8(§r§a20%§r§8)
19:19:18 §9§l▬▬▬▬▬▬▬▬▬▬▬▬▬▬▬▬▬▬▬▬▬▬▬▬▬▬▬▬▬▬▬▬▬▬▬▬▬▬▬▬▬▬▬▬▬▬▬▬▬▬▬▬▬▬▬▬▬▬▬▬▬▬▬▬
19:19:41 §9§l▬▬▬▬▬▬▬▬▬▬▬▬▬▬▬▬▬▬▬▬▬▬▬▬▬▬▬▬▬▬▬▬▬▬▬▬▬▬▬▬▬▬▬▬▬▬▬▬▬▬▬▬▬▬▬▬▬▬▬▬▬▬▬▬
19:19:41                                  §r§9§lTREE GIFT
19:19:41 
19:19:41                  §r§7You helped cut §r§a100% §r§7of the §r§aFig Tree§r§7.
19:19:41 §f                       §e+5 rewards gained! §8(hover)
19:19:41 
19:19:41                                 §r§d§lBONUS GIFT
19:19:41                           §r§7§r§aStretching Sticks §r§8(§r§a20%§r§8)
19:19:41 §9§l▬▬▬▬▬▬▬▬▬▬▬▬▬▬▬▬▬▬▬▬▬▬▬▬▬▬▬▬▬▬▬▬▬▬▬▬▬▬▬▬▬▬▬▬▬▬▬▬▬▬▬▬▬▬▬▬▬▬▬▬▬▬▬▬
19:19:48 §9§l▬▬▬▬▬▬▬▬▬▬▬▬▬▬▬▬▬▬▬▬▬▬▬▬▬▬▬▬▬▬▬▬▬▬▬▬▬▬▬▬▬▬▬▬▬▬▬▬▬▬▬▬▬▬▬▬▬▬▬▬▬▬▬▬
19:19:48                                  §r§9§lTREE GIFT
19:19:48 
19:19:48                  §r§7You helped cut §r§a100% §r§7of the §r§aFig Tree§r§7.
19:19:48 §f                       §e+5 rewards gained! §8(hover)
19:19:48                      §r§7A §r§dPhanpyre §r§7fell from the Tree!
19:19:48 §9§l▬▬▬▬▬▬▬▬▬▬▬▬▬▬▬▬▬▬▬▬▬▬▬▬▬▬▬▬▬▬▬▬▬▬▬▬▬▬▬▬▬▬▬▬▬▬▬▬▬▬▬▬▬▬▬▬▬▬▬▬▬▬▬▬
19:21:37 §9§l▬▬▬▬▬▬▬▬▬▬▬▬▬▬▬▬▬▬▬▬▬▬▬▬▬▬▬▬▬▬▬▬▬▬▬▬▬▬▬▬▬▬▬▬▬▬▬▬▬▬▬▬▬▬▬▬▬▬▬▬▬▬▬▬
19:21:37                                  §r§9§lTREE GIFT
19:21:37 
19:21:37                  §r§7You helped cut §r§a100% §r§7of the §r§aFig Tree§r§7.
19:21:37 §f                       §e+5 rewards gained! §8(hover)
19:21:37 
19:21:37                                 §r§d§lBONUS GIFT
19:21:37                           §r§7§r§aStretching Sticks §r§8(§r§a20%§r§8)
19:21:37 §9§l▬▬▬▬▬▬▬▬▬▬▬▬▬▬▬▬▬▬▬▬▬▬▬▬▬▬▬▬▬▬▬▬▬▬▬▬▬▬▬▬▬▬▬▬▬▬▬▬▬▬▬▬▬▬▬▬▬▬▬▬▬▬▬▬
19:22:43 §9§l▬▬▬▬▬▬▬▬▬▬▬▬▬▬▬▬▬▬▬▬▬▬▬▬▬▬▬▬▬▬▬▬▬▬▬▬▬▬▬▬▬▬▬▬▬▬▬▬▬▬▬▬▬▬▬▬▬▬▬▬▬▬▬▬
19:22:43                                  §r§9§lTREE GIFT
19:22:43 
19:22:43                  §r§7You helped cut §r§a100% §r§7of the §r§aFig Tree§r§7.
19:22:43 §f                       §e+5 rewards gained! §8(hover)
19:22:43 
19:22:43                                 §r§d§lBONUS GIFT
19:22:43                           §r§7§r§aStretching Sticks §r§8(§r§a20%§r§8)
19:22:43 §9§l▬▬▬▬▬▬▬▬▬▬▬▬▬▬▬▬▬▬▬▬▬▬▬▬▬▬▬▬▬▬▬▬▬▬▬▬▬▬▬▬▬▬▬▬▬▬▬▬▬▬▬▬▬▬▬▬▬▬▬▬▬▬▬▬
19:24:07 §9§l▬▬▬▬▬▬▬▬▬▬▬▬▬▬▬▬▬▬▬▬▬▬▬▬▬▬▬▬▬▬▬▬▬▬▬▬▬▬▬▬▬▬▬▬▬▬▬▬▬▬▬▬▬▬▬▬▬▬▬▬▬▬▬▬
19:24:07                                  §r§9§lTREE GIFT
19:24:07 
19:24:07                  §r§7You helped cut §r§a100% §r§7of the §r§aFig Tree§r§7.
19:24:07 §f                       §e+5 rewards gained! §8(hover)
19:24:07 §9§l▬▬▬▬▬▬▬▬▬▬▬▬▬▬▬▬▬▬▬▬▬▬▬▬▬▬▬▬▬▬▬▬▬▬▬▬▬▬▬▬▬▬▬▬▬▬▬▬▬▬▬▬▬▬▬▬▬▬▬▬▬▬▬▬
19:24:32 §9§l▬▬▬▬▬▬▬▬▬▬▬▬▬▬▬▬▬▬▬▬▬▬▬▬▬▬▬▬▬▬▬▬▬▬▬▬▬▬▬▬▬▬▬▬▬▬▬▬▬▬▬▬▬▬▬▬▬▬▬▬▬▬▬▬
19:24:32                                  §r§9§lTREE GIFT
19:24:32 
19:24:32                  §r§7You helped cut §r§a100% §r§7of the §r§aFig Tree§r§7.
19:24:32 §f                       §e+5 rewards gained! §8(hover)
19:24:32 
19:24:32                                 §r§d§lBONUS GIFT
19:24:32                           §r§7§r§aStretching Sticks §r§8(§r§a20%§r§8)
19:24:32 §9§l▬▬▬▬▬▬▬▬▬▬▬▬▬▬▬▬▬▬▬▬▬▬▬▬▬▬▬▬▬▬▬▬▬▬▬▬▬▬▬▬▬▬▬▬▬▬▬▬▬▬▬▬▬▬▬▬▬▬▬▬▬▬▬▬
19:24:45 §9§l▬▬▬▬▬▬▬▬▬▬▬▬▬▬▬▬▬▬▬▬▬▬▬▬▬▬▬▬▬▬▬▬▬▬▬▬▬▬▬▬▬▬▬▬▬▬▬▬▬▬▬▬▬▬▬▬▬▬▬▬▬▬▬▬
19:24:45                                  §r§9§lTREE GIFT
19:24:45 
19:24:45                  §r§7You helped cut §r§a100% §r§7of the §r§aFig Tree§r§7.
19:24:45 §f                       §e+5 rewards gained! §8(hover)
19:24:45 
19:24:45                                 §r§d§lBONUS GIFT
19:24:45                           §r§7§r§aStretching Sticks §r§8(§r§a20%§r§8)
19:24:45                      §r§7A §r§dPhanflare §r§7fell from the Tree!
19:24:45 §9§l▬▬▬▬▬▬▬▬▬▬▬▬▬▬▬▬▬▬▬▬▬▬▬▬▬▬▬▬▬▬▬▬▬▬▬▬▬▬▬▬▬▬▬▬▬▬▬▬▬▬▬▬▬▬▬▬▬▬▬▬▬▬▬▬
19:25:03 §9§l▬▬▬▬▬▬▬▬▬▬▬▬▬▬▬▬▬▬▬▬▬▬▬▬▬▬▬▬▬▬▬▬▬▬▬▬▬▬▬▬▬▬▬▬▬▬▬▬▬▬▬▬▬▬▬▬▬▬▬▬▬▬▬▬
19:25:03                                  §r§9§lTREE GIFT
19:25:03 
19:25:03                  §r§7You helped cut §r§a100% §r§7of the §r§aFig Tree§r§7.
19:25:03 §f                       §e+5 rewards gained! §8(hover)
19:25:03 
19:25:03                                 §r§d§lBONUS GIFT
19:25:03                           §r§7§r§aStretching Sticks §r§8(§r§a20%§r§8)
19:25:03 §9§l▬▬▬▬▬▬▬▬▬▬▬▬▬▬▬▬▬▬▬▬▬▬▬▬▬▬▬▬▬▬▬▬▬▬▬▬▬▬▬▬▬▬▬▬▬▬▬▬▬▬▬▬▬▬▬▬▬▬▬▬▬▬▬▬
19:25:15 §9§l▬▬▬▬▬▬▬▬▬▬▬▬▬▬▬▬▬▬▬▬▬▬▬▬▬▬▬▬▬▬▬▬▬▬▬▬▬▬▬▬▬▬▬▬▬▬▬▬▬▬▬▬▬▬▬▬▬▬▬▬▬▬▬▬
19:25:15                                  §r§9§lTREE GIFT
19:25:15 
19:25:15                  §r§7You helped cut §r§a100% §r§7of the §r§aFig Tree§r§7.
19:25:15 §f                       §e+5 rewards gained! §8(hover)
19:25:15 
19:25:15                                 §r§d§lBONUS GIFT
19:25:15                           §r§7§r§aStretching Sticks §r§8(§r§a20%§r§8)
19:25:15                             §r§7§r§fSweep Booster §r§8(§r§a1%§r§8)
19:25:15 §9§l▬▬▬▬▬▬▬▬▬▬▬▬▬▬▬▬▬▬▬▬▬▬▬▬▬▬▬▬▬▬▬▬▬▬▬▬▬▬▬▬▬▬▬▬▬▬▬▬▬▬▬▬▬▬▬▬▬▬▬▬▬▬▬▬
19:25:42 §9§l▬▬▬▬▬▬▬▬▬▬▬▬▬▬▬▬▬▬▬▬▬▬▬▬▬▬▬▬▬▬▬▬▬▬▬▬▬▬▬▬▬▬▬▬▬▬▬▬▬▬▬▬▬▬▬▬▬▬▬▬▬▬▬▬
19:25:42                                  §r§9§lTREE GIFT
19:25:42 
19:25:42                  §r§7You helped cut §r§a100% §r§7of the §r§aFig Tree§r§7.
19:25:42 §f                       §e+5 rewards gained! §8(hover)
19:25:42 §9§l▬▬▬▬▬▬▬▬▬▬▬▬▬▬▬▬▬▬▬▬▬▬▬▬▬▬▬▬▬▬▬▬▬▬▬▬▬▬▬▬▬▬▬▬▬▬▬▬▬▬▬▬▬▬▬▬▬▬▬▬▬▬▬▬
19:25:56 §9§l▬▬▬▬▬▬▬▬▬▬▬▬▬▬▬▬▬▬▬▬▬▬▬▬▬▬▬▬▬▬▬▬▬▬▬▬▬▬▬▬▬▬▬▬▬▬▬▬▬▬▬▬▬▬▬▬▬▬▬▬▬▬▬▬
19:25:56                                  §r§9§lTREE GIFT
19:25:56 
19:25:56                  §r§7You helped cut §r§a100% §r§7of the §r§aFig Tree§r§7.
19:25:56 §f                       §e+5 rewards gained! §8(hover)
19:25:56 
19:25:56                                 §r§d§lBONUS GIFT
19:25:56                           §r§7§r§aStretching Sticks §r§8(§r§a20%§r§8)
19:25:56 §9§l▬▬▬▬▬▬▬▬▬▬▬▬▬▬▬▬▬▬▬▬▬▬▬▬▬▬▬▬▬▬▬▬▬▬▬▬▬▬▬▬▬▬▬▬▬▬▬▬▬▬▬▬▬▬▬▬▬▬▬▬▬▬▬▬
19:26:07 §9§l▬▬▬▬▬▬▬▬▬▬▬▬▬▬▬▬▬▬▬▬▬▬▬▬▬▬▬▬▬▬▬▬▬▬▬▬▬▬▬▬▬▬▬▬▬▬▬▬▬▬▬▬▬▬▬▬▬▬▬▬▬▬▬▬
19:26:07                                  §r§9§lTREE GIFT
19:26:07 
19:26:07                  §r§7You helped cut §r§a100% §r§7of the §r§aFig Tree§r§7.
19:26:07 §f                       §e+5 rewards gained! §8(hover)
19:26:07 
19:26:07                                 §r§d§lBONUS GIFT
19:26:07                           §r§7§r§aStretching Sticks §r§8(§r§a20%§r§8)
19:26:07 §9§l▬▬▬▬▬▬▬▬▬▬▬▬▬▬▬▬▬▬▬▬▬▬▬▬▬▬▬▬▬▬▬▬▬▬▬▬▬▬▬▬▬▬▬▬▬▬▬▬▬▬▬▬▬▬▬▬▬▬▬▬▬▬▬▬
19:26:16 §9§l▬▬▬▬▬▬▬▬▬▬▬▬▬▬▬▬▬▬▬▬▬▬▬▬▬▬▬▬▬▬▬▬▬▬▬▬▬▬▬▬▬▬▬▬▬▬▬▬▬▬▬▬▬▬▬▬▬▬▬▬▬▬▬▬
19:26:16                                  §r§9§lTREE GIFT
19:26:16 
19:26:16                  §r§7You helped cut §r§a100% §r§7of the §r§aFig Tree§r§7.
19:26:16 §f                       §e+5 rewards gained! §8(hover)
19:26:16 
19:26:16                                 §r§d§lBONUS GIFT
19:26:16                           §r§7§r§aStretching Sticks §r§8(§r§a20%§r§8)
19:26:16 §9§l▬▬▬▬▬▬▬▬▬▬▬▬▬▬▬▬▬▬▬▬▬▬▬▬▬▬▬▬▬▬▬▬▬▬▬▬▬▬▬▬▬▬▬▬▬▬▬▬▬▬▬▬▬▬▬▬▬▬▬▬▬▬▬▬
19:26:22 §9§l▬▬▬▬▬▬▬▬▬▬▬▬▬▬▬▬▬▬▬▬▬▬▬▬▬▬▬▬▬▬▬▬▬▬▬▬▬▬▬▬▬▬▬▬▬▬▬▬▬▬▬▬▬▬▬▬▬▬▬▬▬▬▬▬
19:26:22                                  §r§9§lTREE GIFT
19:26:22 
19:26:22                    §r§7You helped cut §r§c7% §r§7of the §r§aFig Tree§r§7.
19:26:22                             §r§e+0 rewards gained!
19:26:22 §9§l▬▬▬▬▬▬▬▬▬▬▬▬▬▬▬▬▬▬▬▬▬▬▬▬▬▬▬▬▬▬▬▬▬▬▬▬▬▬▬▬▬▬▬▬▬▬▬▬▬▬▬▬▬▬▬▬▬▬▬▬▬▬▬▬
19:26:30 §9§l▬▬▬▬▬▬▬▬▬▬▬▬▬▬▬▬▬▬▬▬▬▬▬▬▬▬▬▬▬▬▬▬▬▬▬▬▬▬▬▬▬▬▬▬▬▬▬▬▬▬▬▬▬▬▬▬▬▬▬▬▬▬▬▬
19:26:30                                  §r§9§lTREE GIFT
19:26:30 
19:26:30                  §r§7You helped cut §r§a100% §r§7of the §r§aFig Tree§r§7.
19:26:30 §f                       §e+5 rewards gained! §8(hover)
19:26:30 
19:26:30                                 §r§d§lBONUS GIFT
19:26:30                           §r§7§r§aStretching Sticks §r§8(§r§a20%§r§8)
19:26:30                      §r§7A §r§dPhanpyre §r§7fell from the Tree!
19:26:30 §9§l▬▬▬▬▬▬▬▬▬▬▬▬▬▬▬▬▬▬▬▬▬▬▬▬▬▬▬▬▬▬▬▬▬▬▬▬▬▬▬▬▬▬▬▬▬▬▬▬▬▬▬▬▬▬▬▬▬▬▬▬▬▬▬▬
19:26:36 §9§l▬▬▬▬▬▬▬▬▬▬▬▬▬▬▬▬▬▬▬▬▬▬▬▬▬▬▬▬▬▬▬▬▬▬▬▬▬▬▬▬▬▬▬▬▬▬▬▬▬▬▬▬▬▬▬▬▬▬▬▬▬▬▬▬
19:26:36                                  §r§9§lTREE GIFT
19:26:36 
19:26:36                  §r§7You helped cut §r§a100% §r§7of the §r§aFig Tree§r§7.
19:26:36 §f                       §e+5 rewards gained! §8(hover)
19:26:36 
19:26:36                                 §r§d§lBONUS GIFT
19:26:36                           §r§7§r§aStretching Sticks §r§8(§r§a20%§r§8)
19:26:36 §9§l▬▬▬▬▬▬▬▬▬▬▬▬▬▬▬▬▬▬▬▬▬▬▬▬▬▬▬▬▬▬▬▬▬▬▬▬▬▬▬▬▬▬▬▬▬▬▬▬▬▬▬▬▬▬▬▬▬▬▬▬▬▬▬▬
19:26:42 §9§l▬▬▬▬▬▬▬▬▬▬▬▬▬▬▬▬▬▬▬▬▬▬▬▬▬▬▬▬▬▬▬▬▬▬▬▬▬▬▬▬▬▬▬▬▬▬▬▬▬▬▬▬▬▬▬▬▬▬▬▬▬▬▬▬
19:26:42                                  §r§9§lTREE GIFT
19:26:42 
19:26:42                  §r§7You helped cut §r§a100% §r§7of the §r§aFig Tree§r§7.
19:26:42 §f                       §e+5 rewards gained! §8(hover)
19:26:42 §9§l▬▬▬▬▬▬▬▬▬▬▬▬▬▬▬▬▬▬▬▬▬▬▬▬▬▬▬▬▬▬▬▬▬▬▬▬▬▬▬▬▬▬▬▬▬▬▬▬▬▬▬▬▬▬▬▬▬▬▬▬▬▬▬▬
19:26:51 §9§l▬▬▬▬▬▬▬▬▬▬▬▬▬▬▬▬▬▬▬▬▬▬▬▬▬▬▬▬▬▬▬▬▬▬▬▬▬▬▬▬▬▬▬▬▬▬▬▬▬▬▬▬▬▬▬▬▬▬▬▬▬▬▬▬
19:26:51                                  §r§9§lTREE GIFT
19:26:51 
19:26:51                  §r§7You helped cut §r§a100% §r§7of the §r§aFig Tree§r§7.
19:26:51 §f                       §e+5 rewards gained! §8(hover)
19:26:51 
19:26:51                                 §r§d§lBONUS GIFT
19:26:51                           §r§7§r§aStretching Sticks §r§8(§r§a20%§r§8)
19:26:51 §9§l▬▬▬▬▬▬▬▬▬▬▬▬▬▬▬▬▬▬▬▬▬▬▬▬▬▬▬▬▬▬▬▬▬▬▬▬▬▬▬▬▬▬▬▬▬▬▬▬▬▬▬▬▬▬▬▬▬▬▬▬▬▬▬▬
19:27:01 §9§l▬▬▬▬▬▬▬▬▬▬▬▬▬▬▬▬▬▬▬▬▬▬▬▬▬▬▬▬▬▬▬▬▬▬▬▬▬▬▬▬▬▬▬▬▬▬▬▬▬▬▬▬▬▬▬▬▬▬▬▬▬▬▬▬
19:27:01                                  §r§9§lTREE GIFT
19:27:01 
19:27:01                  §r§7You helped cut §r§a100% §r§7of the §r§aFig Tree§r§7.
19:27:01 §f                       §e+5 rewards gained! §8(hover)
19:27:01 §9§l▬▬▬▬▬▬▬▬▬▬▬▬▬▬▬▬▬▬▬▬▬▬▬▬▬▬▬▬▬▬▬▬▬▬▬▬▬▬▬▬▬▬▬▬▬▬▬▬▬▬▬▬▬▬▬▬▬▬▬▬▬▬▬▬
19:27:07 §9§l▬▬▬▬▬▬▬▬▬▬▬▬▬▬▬▬▬▬▬▬▬▬▬▬▬▬▬▬▬▬▬▬▬▬▬▬▬▬▬▬▬▬▬▬▬▬▬▬▬▬▬▬▬▬▬▬▬▬▬▬▬▬▬▬
19:27:07                                  §r§9§lTREE GIFT
19:27:07 
19:27:07                  §r§7You helped cut §r§a100% §r§7of the §r§aFig Tree§r§7.
19:27:07 §f                       §e+5 rewards gained! §8(hover)
19:27:07 
19:27:07                                 §r§d§lBONUS GIFT
19:27:07                           §r§7§r§aStretching Sticks §r§8(§r§a20%§r§8)
19:27:07 §9§l▬▬▬▬▬▬▬▬▬▬▬▬▬▬▬▬▬▬▬▬▬▬▬▬▬▬▬▬▬▬▬▬▬▬▬▬▬▬▬▬▬▬▬▬▬▬▬▬▬▬▬▬▬▬▬▬▬▬▬▬▬▬▬▬
