14:13:31 `h0po43a7o9`228 missed {
 is already Found: false).
 Position: LorenzVec(x=22.0, y=71.0, z=-45.5)
 DistanceC: 7.538825357061885
Relative Position: LorenzVec(x=7.538825357061885, y=-0.16610926093821377, z=1.5626171461021556)
 }
14:13:51 `sea5k9y59c`418 missed {
 is already Found: false).
 Position: LorenzVec(x=14.0, y=72.0, z=-106.0)
 DistanceC: 18.86731238222015
Relative Position: LorenzVec(x=18.86731238222015, y=2.0, z=-18.51809429157727)
 }
14:13:52 `Butcher`365 missed {
 is already Found: false).
 Position: LorenzVec(x=17.5, y=70.0, z=-99.0)
 DistanceC: 22.36731238222015
Relative Position: LorenzVec(x=22.36731238222015, y=0.0, z=-11.51809429157727)
 }
14:14:10 `h0po43a7o9`228 missed {
 is already Found: false).
 Position: LorenzVec(x=22.0, y=71.0, z=-45.5)
 DistanceC: 15.746688704852163
Relative Position: LorenzVec(x=15.746688704852163, y=1.0, z=15.035557795348986)
 }
14:14:11 `5ig7h9q2y4`229 missed {
 is already Found: false).
 Position: LorenzVec(x=25.0, y=65.0, z=-41.0)
 DistanceC: 19.535557795348986
Relative Position: LorenzVec(x=18.74668870485216, y=-5.0, z=19.535557795348986)
 }
14:15:07 `45c65s8c6i`1604 missed {
 is already Found: false).
 Position: LorenzVec(x=-2.5, y=72.0, z=-109.5)
 DistanceC: 23.679222180536563
Relative Position: LorenzVec(x=-23.679222180536563, y=2.0, z=-15.442754110444582)
 }
14:15:43 `r2vag80981`523 missed {
 is already Found: false).
 Position: LorenzVec(x=-6.5, y=55.0, z=-95.5)
 DistanceC: 20.98610325198659
Relative Position: LorenzVec(x=-20.98610325198659, y=-15.0, z=-17.052731757658748)
 }
14:15:45 `Butcher`367 missed {
 is already Found: false).
 Position: LorenzVec(x=-0.5, y=70.0, z=-54.5)
 DistanceC: 23.947268242341252
Relative Position: LorenzVec(x=-14.986103251986592, y=0.0, z=23.947268242341252)
 }
14:17:28 `h0po43a7o9`228 missed {
 is already Found: false).
 Position: LorenzVec(x=22.0, y=71.0, z=-45.5)
 DistanceC: 22.17757203989801
Relative Position: LorenzVec(x=21.059852746094293, y=-4.0, z=22.17757203989801)
 }
14:19:21 `Butcher`365 missed {
 is already Found: false).
 Position: LorenzVec(x=17.5, y=70.0, z=-99.0)
 DistanceC: 21.566952388172545
Relative Position: LorenzVec(x=21.566952388172545, y=0.0, z=-18.265343996034744)
 }
14:19:21 `Cleric`357 missed {
 is already Found: false).
 Position: LorenzVec(x=-25.71875, y=68.0, z=-103.125)
 DistanceC: 22.390343996034744
Relative Position: LorenzVec(x=-21.651797611827455, y=-2.0, z=-22.390343996034744)
 }
14:19:21 `h6e98i5816`19 missed {
 is already Found: false).
 Position: LorenzVec(x=4.5, y=72.0, z=-104.5)
 DistanceC: 23.765343996034744
Relative Position: LorenzVec(x=8.566952388172545, y=2.0, z=-23.765343996034744)
 }
14:21:56 `Butcher`355 missed {
 is already Found: false).
 Position: LorenzVec(x=28.5, y=69.0, z=-57.5)
 DistanceC: 23.689571630593306
Relative Position: LorenzVec(x=23.689571630593306, y=-1.0, z=11.62087456569995)
 }
14:22:11 `Wither Skeleton`690786 missed {
 is already Found: false).
 Position: LorenzVec(x=-379.59375, y=75.0, z=-573.34375)
 DistanceC: 19.042376953014923
Relative Position: LorenzVec(x=-19.042376953014923, y=-11.0, z=17.436734813734688)
 }
14:22:12 `Wither Skeleton`588965 missed {
 is already Found: false).
 Position: LorenzVec(x=-352.5625, y=74.0, z=-569.40625)
 DistanceC: 21.374234813734688
Relative Position: LorenzVec(x=7.988873046985077, y=-12.0, z=21.374234813734688)
 }
14:26:24 `Zombie`2374295 missed {
 is already Found: false).
 Position: LorenzVec(x=4.6875, y=100.0, z=19.5)
 DistanceC: 19.943164345704083
Relative Position: LorenzVec(x=-1.8201212833671638, y=0.0, z=-19.943164345704083)
 }
14:26:24 `Blaze`2374316 missed {
 is already Found: false).
 Position: LorenzVec(x=4.5, y=100.0, z=20.5)
 DistanceC: 18.943164345704083
Relative Position: LorenzVec(x=-2.007621283367164, y=0.0, z=-18.943164345704083)
 }
14:26:24 `Blaze`2374317 missed {
 is already Found: false).
 Position: LorenzVec(x=4.5, y=100.08333333333333, z=20.5)
 DistanceC: 18.943164345704083
Relative Position: LorenzVec(x=-2.007621283367164, y=0.0833333333333286, z=-18.943164345704083)
 }
14:26:24 `Blaze`2374318 missed {
 is already Found: false).
 Position: LorenzVec(x=4.5, y=100.08333333333333, z=20.5)
 DistanceC: 18.943164345704083
Relative Position: LorenzVec(x=-2.007621283367164, y=0.0833333333333286, z=-18.943164345704083)
 }
14:26:24 `Blaze`2374319 missed {
 is already Found: false).
 Position: LorenzVec(x=4.46875, y=100.09375, z=19.625)
 DistanceC: 19.818164345704083
Relative Position: LorenzVec(x=-2.038871283367164, y=0.09375, z=-19.818164345704083)
 }
14:26:24 `Blaze`2374320 missed {
 is already Found: false).
 Position: LorenzVec(x=4.5, y=100.0, z=20.5)
 DistanceC: 18.943164345704083
Relative Position: LorenzVec(x=-2.007621283367164, y=0.0, z=-18.943164345704083)
 }
14:26:25 `Zombie`2374306 missed {
 is already Found: false).
 Position: LorenzVec(x=4.78125, y=100.09375, z=19.5625)
 DistanceC: 21.484718914692202
Relative Position: LorenzVec(x=-1.9581226697710008, y=0.09375, z=-21.484718914692202)
 }
14:26:39 `Zombie`2374297 missed {
 is already Found: false).
 Position: LorenzVec(x=4.6875, y=100.0, z=19.5)
 DistanceC: 21.078066487579868
Relative Position: LorenzVec(x=-1.5312349374935597, y=0.0, z=-21.078066487579868)
 }
14:26:40 `Zombie`2374296 missed {
 is already Found: false).
 Position: LorenzVec(x=4.6875, y=100.0, z=19.5)
 DistanceC: 21.078066487579868
Relative Position: LorenzVec(x=-1.5312349374935597, y=0.0, z=-21.078066487579868)
 }
14:26:40 `Zombie`2374309 missed {
 is already Found: false).
 Position: LorenzVec(x=4.6875, y=100.0, z=19.5)
 DistanceC: 21.078066487579868
Relative Position: LorenzVec(x=-1.5312349374935597, y=0.0, z=-21.078066487579868)
 }
14:26:41 `Zombie`2374305 missed {
 is already Found: false).
 Position: LorenzVec(x=4.6875, y=100.0, z=19.5)
 DistanceC: 21.078066487579868
Relative Position: LorenzVec(x=-1.5312349374935597, y=0.0, z=-21.078066487579868)
 }
14:26:41 `Zombie`2374312 missed {
 is already Found: false).
 Position: LorenzVec(x=4.6875, y=100.0, z=19.5)
 DistanceC: 21.078066487579868
Relative Position: LorenzVec(x=-1.5312349374935597, y=0.0, z=-21.078066487579868)
 }
14:26:43 `Zombie`2377225 missed {
 is already Found: false).
 Position: LorenzVec(x=2.5, y=100.0, z=20.5)
 DistanceC: 15.001177991750517
Relative Position: LorenzVec(x=-6.41484809709786, y=0.0, z=-15.001177991750517)
 }
14:26:43 `Zombie`2376346 missed {
 is already Found: false).
 Position: LorenzVec(x=4.6875, y=100.0, z=19.5)
 DistanceC: 16.001177991750517
Relative Position: LorenzVec(x=-4.22734809709786, y=0.0, z=-16.001177991750517)
 }
14:26:43 `Zombie`2374298 missed {
 is already Found: false).
 Position: LorenzVec(x=1.0, y=100.875, z=18.46875)
 DistanceC: 17.032427991750517
Relative Position: LorenzVec(x=-7.91484809709786, y=0.875, z=-17.032427991750517)
 }
14:26:43 `Cave Spider`2374300 missed {
 is already Found: false).
 Position: LorenzVec(x=3.5, y=100.0, z=18.5)
 DistanceC: 17.001177991750517
Relative Position: LorenzVec(x=-5.41484809709786, y=0.0, z=-17.001177991750517)
 }
14:26:43 `Cave Spider`2374301 missed {
 is already Found: false).
 Position: LorenzVec(x=3.5, y=100.0, z=18.5)
 DistanceC: 17.001177991750517
Relative Position: LorenzVec(x=-5.41484809709786, y=0.0, z=-17.001177991750517)
 }
14:26:43 `Cave Spider`2374302 missed {
 is already Found: false).
 Position: LorenzVec(x=3.5, y=100.0, z=18.5)
 DistanceC: 17.001177991750517
Relative Position: LorenzVec(x=-5.41484809709786, y=0.0, z=-17.001177991750517)
 }
14:26:43 `Cave Spider`2374303 missed {
 is already Found: false).
 Position: LorenzVec(x=3.5, y=100.0, z=18.5)
 DistanceC: 17.001177991750517
Relative Position: LorenzVec(x=-5.41484809709786, y=0.0, z=-17.001177991750517)
 }
14:26:44 `Zombie`2374310 missed {
 is already Found: false).
 Position: LorenzVec(x=4.6875, y=100.0, z=19.5)
 DistanceC: 16.001177991750517
Relative Position: LorenzVec(x=-4.22734809709786, y=0.0, z=-16.001177991750517)
 }
14:26:45 `Zombie`2374315 missed {
 is already Found: false).
 Position: LorenzVec(x=4.125, y=100.0, z=17.59375)
 DistanceC: 17.684950071196916
Relative Position: LorenzVec(x=-9.717967806405484, y=0.0, z=-17.684950071196916)
 }
14:26:45 `Zombie`2374304 missed {
 is already Found: false).
 Position: LorenzVec(x=1.5, y=100.0, z=17.5)
 DistanceC: 17.782926012892943
Relative Position: LorenzVec(x=-12.363901635141573, y=0.0, z=-17.782926012892943)
 }
14:26:45 `Zombie`2374313 missed {
 is already Found: false).
 Position: LorenzVec(x=3.5, y=100.0, z=17.5)
 DistanceC: 17.782926012892943
Relative Position: LorenzVec(x=-10.363901635141573, y=0.0, z=-17.782926012892943)
 }
14:26:45 `Zombie`2374314 missed {
 is already Found: false).
 Position: LorenzVec(x=3.5, y=100.0, z=17.5)
 DistanceC: 17.782926012892943
Relative Position: LorenzVec(x=-10.363901635141573, y=0.0, z=-17.782926012892943)
 }
14:26:46 `Zombie`2374307 missed {
 is already Found: false).
 Position: LorenzVec(x=-0.15625, y=100.0, z=16.75)
 DistanceC: 19.920463200535472
Relative Position: LorenzVec(x=-15.051348846148986, y=-1.0, z=-19.920463200535472)
 }
14:26:46 `Zombie`2374311 missed {
 is already Found: false).
 Position: LorenzVec(x=4.65625, y=100.0, z=19.552083333333336)
 DistanceC: 17.118379867202137
Relative Position: LorenzVec(x=-10.238848846148986, y=-1.0, z=-17.118379867202137)
 }
14:26:47 `Zombie`2375657 missed {
 is already Found: false).
 Position: LorenzVec(x=0.78125, y=100.875, z=18.5)
 DistanceC: 15.326352289510375
Relative Position: LorenzVec(x=-14.805097601678668, y=0.6434762024129839, z=-15.326352289510375)
 }
14:26:48 `Chicken`2374337 missed {
 is already Found: false).
 Position: LorenzVec(x=1.4791666666666667, y=100.47916666666667, z=13.447916666666666)
 DistanceC: 18.28024829860106
Relative Position: LorenzVec(x=-14.395321682812344, y=-0.5208333333333286, z=-18.28024829860106)
 }
14:26:48 `Cow`2374331 missed {
 is already Found: false).
 Position: LorenzVec(x=4.0, y=100.0, z=14.0625)
 DistanceC: 17.665664965267727
Relative Position: LorenzVec(x=-11.87448834947901, y=-1.0, z=-17.665664965267727)
 }
14:26:52 `Chicken`2374338 missed {
 is already Found: false).
 Position: LorenzVec(x=3.5, y=100.875, z=12.59375)
 DistanceC: 17.021002204705606
Relative Position: LorenzVec(x=-9.276710891563924, y=-0.125, z=-17.021002204705606)
 }
14:26:52 `Sheep`2374291 missed {
 is already Found: false).
 Position: LorenzVec(x=-0.5, y=100.0, z=11.5)
 DistanceC: 18.222018336269535
Relative Position: LorenzVec(x=-13.567491630030652, y=-1.0, z=-18.222018336269535)
 }
14:26:52 `Sheep`2374292 missed {
 is already Found: false).
 Position: LorenzVec(x=-0.5, y=100.0, z=11.5)
 DistanceC: 18.222018336269535
Relative Position: LorenzVec(x=-13.567491630030652, y=-1.0, z=-18.222018336269535)
 }
14:26:52 `Chicken`2374339 missed {
 is already Found: false).
 Position: LorenzVec(x=-0.65625, y=100.0, z=10.6875)
 DistanceC: 19.034518336269535
Relative Position: LorenzVec(x=-13.723741630030652, y=-1.0, z=-19.034518336269535)
 }
14:26:52 `Sheep`2374293 missed {
 is already Found: false).
 Position: LorenzVec(x=4.5, y=100.0, z=11.21875)
 DistanceC: 18.546617447021127
Relative Position: LorenzVec(x=-8.685003898371486, y=-1.0, z=-18.546617447021127)
 }
14:26:52 `Sheep`2374817 missed {
 is already Found: false).
 Position: LorenzVec(x=4.5, y=100.0, z=11.1875)
 DistanceC: 18.577867447021127
Relative Position: LorenzVec(x=-8.685003898371486, y=-1.0, z=-18.577867447021127)
 }
14:27:07 `Zombie`2381742 missed {
 is already Found: false).
 Position: LorenzVec(x=3.5, y=100.0, z=18.5)
 DistanceC: 20.795402593153774
Relative Position: LorenzVec(x=-5.711375954071755, y=0.0, z=-20.795402593153774)
 }
14:27:27 `Zombie`2384835 missed {
 is already Found: false).
 Position: LorenzVec(x=3.5, y=100.0, z=18.5)
 DistanceC: 21.086216632058893
Relative Position: LorenzVec(x=-7.823735682472778, y=-2.875, z=-21.086216632058893)
 }
