10:46:59 [allowed] §aYou are still radiating with §bGenerosity§r§a!
10:47:01 [allowed]   §r§f§l➤ §r§6You have reached your Hype limit! Add Hype to Prototype Lobby minigames by right-clicking with the Hype Diamond!
10:47:05 [allowed] §aYou are still radiating with §bGenerosity§r§a!
10:47:09 [allowed] §7Sending to server mini157BE...
10:47:09 [allowed] §aYou gained §r§b5,184.3 Mining §r§aexperience from minions!
10:47:09 [allowed] §aYou gained §r§b6,646.5 Farming §r§aexperience from minions!
10:47:09 [allowed] §aYou gained §r§b6,997.4 Combat §r§aexperience from minions!
10:47:10 [allowed] §2Guild > §a[VIP§6+§a] himej0shi§f: §rhaiiiiiiii
10:47:10 [allowed] §e§l▬▬▬▬▬▬▬▬▬▬▬▬▬▬▬▬▬▬▬▬▬▬▬▬▬▬▬▬▬▬▬▬▬▬▬▬▬▬▬▬▬▬▬▬▬▬▬▬▬▬▬▬▬▬▬▬▬▬▬▬▬▬▬▬
10:47:10 [allowed]   §r§6§lCOLLECTION LEVEL UP §eMutton §8VII➜§eIX
10:47:10 [allowed]    §r§b§lCO-OP » §r§7Unlocked while you were offline
10:47:10 [allowed]   §r§a§lREWARDS
10:47:10 [allowed]     §r§7§5Horns of Torment §7Recipe
10:47:10 [allowed]     §r§7§5Large Husbandry Sack §7Recipe
10:47:10 [allowed]     §r§7§8+§b4 SkyBlock XP
10:47:10 [allowed] §e§l▬▬▬▬▬▬▬▬▬▬▬▬▬▬▬▬▬▬▬▬▬▬▬▬▬▬▬▬▬▬▬▬▬▬▬▬▬▬▬▬▬▬▬▬▬▬▬▬▬▬▬▬▬▬▬▬▬▬▬▬▬▬▬▬
10:47:11 [allowed] §eLatest update: §bSkyBlock v0.23.2 §e§lCLICK
10:47:14 [allowed] §e[SkyHanni] You have gained §b357 §eBits.
10:47:15 [allowed] §2Guild > §b[MVP§3+§b] catholicschool§f: §rhaiiiiii
10:47:21 [allowed] §2Guild > §a[VIP§6+§a] himej0shi§f: §räkki grista saab peti anda
10:47:24 [allowed]  §b§l» §ahimej0shi §eis traveling to §aPrivate Island §e§lFOLLOW
10:48:10 [allowed] §aYou are now in the §r§6SKYBLOCK CO-OP§r§a channel
10:48:12 [allowed] §bCo-op > §b[MVP§3+§b] catholicschool§f: §renderman ept
10:48:16 [allowed]  §b§l» §6nr1pir §eis traveling to §aPrivate Island §e§lFOLLOW
10:48:21 [allowed] §6nr1pir §ahas sent you a trade request. §bClick here §ato accept!
10:48:26 [allowed] §6Trade completed with §r§6[MVP§r§2++§r§6] nr1pir§r§f§r§6!
10:48:26 [allowed]  §r§a§l+ §r§81x §r§7[Lvl 91] §r§6Enderman
10:48:27 [allowed] §aSuccessfully added §r§6Enderman §r§ato your pet menu!
10:48:30 [allowed] §aYou summoned your §r§6Enderman§r§a!
10:48:34 [allowed] §2Guild > §a[VIP§6+§a] himej0shi§f: §rjoon combat 3 poti ka
10:48:39 [allowed] §bCo-op > §6[MVP§2++§6] nr1pir§f: §rim getting sludge
10:48:43 [allowed] §bCo-op > §6[MVP§2++§6] nr1pir§f: §rfor divan
10:48:45 [allowed] §bCo-op > §6[MVP§2++§6] nr1pir§f: §ri need 200 stacks
10:48:51 [allowed] §bCo-op > §b[MVP§3+§b] catholicschool§f: §roki
10:48:51 [allowed] §bCo-op > §a[VIP§6+§a] himej0shi§f: §rgll
10:48:53 [allowed] Unknown command. Type "/help" for help. ('ck')
10:48:54 [allowed] §aYou are now in the §r§6GUILD§r§a channel
10:48:56 [allowed] §2Guild > §b[MVP§3+§b] catholicschool§f: §rmhmm
10:49:01 [allowed] §bCo-op > §6[MVP§2++§6] nr1pir§f: §rand then im gonna have to get scatha
10:49:04 [allowed] §a§lPotion Effect! §r§aCombat XP Boost III
10:49:06 [allowed] §bCo-op > §6[MVP§2++§6] nr1pir§f: §rand then im gonna have to mine gemstones
10:49:20 [allowed] §bCo-op > §a[VIP§6+§a] himej0shi§f: §rbig plans!
10:49:27 [allowed]  §b§l» §ahimej0shi §eis traveling to §aPrivate Island §e§lFOLLOW
10:49:31 [allowed]  §b§l» §ahimej0shi §eis traveling to §aThe End §e§lFOLLOW
10:49:35 [allowed] §7Warping using transfer token...
10:49:35 [allowed] §7Sending to server mini67W...
10:49:40 [allowed] §9§m-----------------------------------------------------§r
§r§a[VIP§r§6+§r§a] himej0shi §r§ehas invited you to join their party!
§r§eYou have §r§c60 §r§eseconds to accept. §r§6Click here to join!§r
§r§9§m-----------------------------------------------------
10:49:42 [allowed] §9§m-----------------------------------------------------
10:49:42 [allowed] §eYou have joined §r§a[VIP§r§6+§r§a] himej0shi's §r§eparty!
10:49:42 [allowed] §9§m-----------------------------------------------------
10:49:44 [allowed] §aYou sold §r§aAgatha's Coupon§r§8 x31 §r§afor §r§6310,000 Coins§r§a!
10:49:45 [allowed]  §b§l» §6nr1pir §eis traveling to §aPrivate Island §e§lFOLLOW
10:49:45 [allowed] §aYou sold §r§aAgatha's Coupon§r§8 x64 §r§afor §r§6640,000 Coins§r§a!
10:49:48 [allowed]  §b§l» §6nr1pir §eis traveling to §aCrystal Hollows §e§lFOLLOW
10:49:52 [allowed] §8Depositing coins...
10:49:52 [allowed] §aDeposited §r§6950k coins§r§a! There's now §r§624.5M coins §r§ain the account!
10:50:05 [allowed] §cThere are blocks in the way!
10:50:14 [allowed] §cThere are blocks in the way!
10:50:14 [allowed] §a§l+5 Kill Combo §r§b+3% §r§b✯ Magic Find
10:50:24 [allowed] §cYour Kill Combo has expired! You reached a 7 Kill Combo!
10:50:25 [allowed] §e§lLOOT SHARE §r§r§r§fYou received loot for assisting §r§bihaveafatcat§r§f!
10:50:31 [allowed]  §b§l» §6nr1pir §eis traveling to §aPrivate Island §e§lFOLLOW
10:50:33 [allowed] §cThere are blocks in the way!
10:50:41 [allowed]  §b§l» §6nr1pir §eis traveling to §aCrystal Hollows §e§lFOLLOW
10:50:43 [allowed] §2Guild > §a[VIP§6+§a] himej0shi§f: §rbig yappers pidid chati mutema ghfjdkjkdhfg
10:50:44 [allowed] §bnr1pir joined SkyBlock.
10:50:54 [allowed]  §b§l» §6nr1pir §eis traveling to §aPrivate Island §e§lFOLLOW
10:50:55 [allowed] §2Guild > §a[VIP§6+§a] himej0shi§f: §rpidi*
10:50:57 [allowed]  §b§l» §6nr1pir §eis traveling to §aCrystal Hollows §e§lFOLLOW
10:51:09 [allowed]  §b§l» §6nr1pir §eis traveling to §aPrivate Island §e§lFOLLOW
10:51:14 [allowed]  §b§l» §6nr1pir §eis traveling to §aCrystal Hollows §e§lFOLLOW
10:51:27 [allowed] §cThere are blocks in the way!
10:51:35 [allowed] §5§lCHARM§7 You charmed a §aBruiser§7 and captured its §9Shard§7.
10:52:30 [allowed] §d§lHOPPITY'S HUNT §r§dA §r§aChocolate Supper Egg §r§dhas appeared!
10:52:31 [allowed] §c§lYou feel a tremor from beneath the earth!
10:52:49 [allowed]  §b§l» §6nr1pir §eis traveling to §aPrivate Island §e§lFOLLOW
10:53:07 [allowed] §2Guild > §a[VIP§6+§a] himej0shi§f: §rjee juba 1 silm
10:53:25 [allowed]  §b§l» §6nr1pir §eis traveling to §aPrivate Island §e§lFOLLOW
10:53:28 [allowed]  §b§l» §6nr1pir §eis traveling to §aCrystal Hollows §e§lFOLLOW
10:53:32 [allowed] §bnr1pir joined SkyBlock.
