10:46:59 [EMPTY] §f §r§r§r§f §r§r§r§1 §r§r§r§0 §r§r§r§2 §r§r§r§f §r§r§r§f §r§r§r§2 §r§r§r§0 §r§r§r§4 §r§r§r§3 §r§r§r§9 §r§r§r§2 §r§r§r§0 §r§r§r§0 §r§r§r§3 §r§r§r§9 §r§r§r§2 §r§r§r§0 §r§r§r§0 §r§r§r§3 §r§r§r§9 §r§r§r§2 §r§r§r§0 §r§r§r§0 
10:47:05 [EMPTY] §f §r§r§r§f §r§r§r§1 §r§r§r§0 §r§r§r§2 §r§r§r§f §r§r§r§f §r§r§r§2 §r§r§r§0 §r§r§r§4 §r§r§r§3 §r§r§r§9 §r§r§r§2 §r§r§r§0 §r§r§r§0 §r§r§r§3 §r§r§r§9 §r§r§r§2 §r§r§r§0 §r§r§r§0 §r§r§r§3 §r§r§r§9 §r§r§r§2 §r§r§r§0 §r§r§r§0 
10:47:09 [EMPTY] §8 §r§8 §r§1 §r§3 §r§3 §r§7 §r§8 
10:47:10 [EMPTY] 
10:47:11 [EMPTY] 
10:47:11 [WELCOME] §eWelcome to §r§aHypixel SkyBlock§r§e!
10:47:11 [EMPTY] 
10:47:13 [PROFILE_JOIN] §aYou are playing on profile: §eLemon§b (Co-op)
10:47:13 [PROFILE_JOIN] §8Profile ID: 62b760d8-92b6-4501-ada0-1fd8583f5266
10:47:14 [LOTTERY] §bNew day! §r§eYour §r§2Lottery §r§ebuff changed!
10:47:14 [LOTTERY] §eNew buff§r§r§r: §r§fGain §r§a+50 §r§6☘ Fig Fortune§r§f.
10:47:14 [LOTTERY] §8§oYou can disable this messaging by toggling Lottery in your /hotf!
10:49:04 [COMPACT_POTION_EFFECT] §a§lBUFF! §fYou have gained §r§aCombat XP Boost III§r§f! Press TAB or type /effects to view your active effects!
10:49:35 [EMPTY] §8 §r§8 §r§1 §r§3 §r§3 §r§7 §r§8 
10:49:39 [PROFILE_JOIN] §aYou are playing on profile: §eLemon§b (Co-op)
10:49:39 [PROFILE_JOIN] §8Profile ID: 62b760d8-92b6-4501-ada0-1fd8583f5266
10:49:40 [LOTTERY] §bNew day! §r§eYour §r§2Lottery §r§ebuff changed!
10:49:40 [LOTTERY] §eNew buff§r§r§r: §r§fGain §r§a+50 §r§6☘ Fig Fortune§r§f.
10:49:40 [LOTTERY] §8§oYou can disable this messaging by toggling Lottery in your /hotf!
10:50:23 [SACKS_CHANGE] §6[Sacks] §r§a+38§r§e items§r§e.§r§8 (Last 17s.)
10:50:31 [SACKS_CHANGE] §6[Sacks] §r§a+1§r§e item§r§e.§r§8 (Last 5s.)
10:50:46 [SACKS_CHANGE] §6[Sacks] §r§a+13§r§e items§r§e.§r§8 (Last 10s.)
10:51:44 [SACKS_CHANGE] §6[Sacks] §r§a+20§r§e items§r§e.§r§8 (Last 12s.)
10:52:14 [SACKS_CHANGE] §6[Sacks] §r§a+4§r§e items§r§e.§r§8 (Last 5s.)
10:52:20 [SACKS_CHANGE] §6[Sacks] §r§a+5§r§e items§r§e.§r§8 (Last 5s.)
10:54:34 [GUILD_EXP] §aYou earned §r§2386 GEXP §r§a+ §r§e1,158 Event EXP §r§afrom playing SkyBlock!
10:55:00 [LOTTERY] §bNew day! §r§eYour §r§2Lottery §r§ebuff changed!
10:55:00 [LOTTERY] §eNew buff§r§r§r: §r§fGain §r§a+50 §r§6☘ Fig Fortune§r§f.
10:55:00 [LOTTERY] §8§oYou can disable this messaging by toggling Lottery in your /hotf!
