06:12:06 HUB
06:13:56 PRIVATE_ISLAND
06:17:07 HUB
06:18:24 PRIVATE_ISLAND
06:36:37 NONE
06:36:38 HUB
06:41:37 HUB
06:44:56 HUB
06:45:30 PRIVATE_ISLAND
06:45:41 NONE
06:45:41 GALATEA
06:46:28 HUB
06:50:46 PRIVATE_ISLAND
06:56:01 NONE
06:56:01 HUB
06:56:29 PRIVATE_ISLAND
06:58:00 NONE
06:58:01 GARDEN
07:07:46 PRIVATE_ISLAND
07:08:18 NONE
07:08:19 GARDEN
07:09:15 PRIVATE_ISLAND
07:13:09 HUB
07:13:30 GARDEN
07:13:50 PRIVATE_ISLAND
07:16:53 NONE
07:16:54 GARDEN
07:17:07 PRIVATE_ISLAND
07:28:50 GARDEN
07:30:40 PRIVATE_ISLAND
07:32:23 NONE
07:32:23 HUB
07:32:33 GARDEN
07:33:32 HUB
07:36:22 THE_FARMING_ISLANDS
07:37:55 HUB
07:48:59 GARDEN
07:49:20 PRIVATE_ISLAND
07:50:06 NONE
07:50:06 HUB
07:52:27 THE_FARMING_ISLANDS
07:53:42 HUB
07:55:36 THE_FARMING_ISLANDS
07:57:28 NONE
07:57:29 HUB
07:59:08 THE_FARMING_ISLANDS
08:00:56 HUB
08:01:10 NONE
08:01:10 PRIVATE_ISLAND
08:01:56 NONE
08:01:56 HUB
08:02:47 NONE
08:02:48 PRIVATE_ISLAND
08:06:50 NONE
08:06:51 HUB
08:08:15 PRIVATE_ISLAND
08:10:13 NONE
08:10:13 HUB
08:11:14 NONE
08:11:15 PRIVATE_ISLAND_GUEST
08:11:30 NONE
08:11:31 DWARVEN_MINES
08:12:10 NONE
08:12:10 CRYSTAL_HOLLOWS
08:13:16 PRIVATE_ISLAND
08:16:02 GARDEN
08:16:19 PRIVATE_ISLAND
08:16:50 NONE
08:16:50 CRYSTAL_HOLLOWS
08:37:56 NONE
08:37:56 PRIVATE_ISLAND_GUEST
08:38:00 DWARVEN_MINES
08:49:12 PRIVATE_ISLAND
08:49:29 HUB
08:50:40 PRIVATE_ISLAND_GUEST
08:50:47 NONE
08:50:48 DEEP_CAVERNS
08:54:18 HUB
08:55:28 PRIVATE_ISLAND_GUEST
08:55:36 NONE
08:55:37 CRYSTAL_HOLLOWS
09:05:43 PRIVATE_ISLAND_GUEST
09:05:46 PRIVATE_ISLAND
09:12:59 PRIVATE_ISLAND_GUEST
09:13:03 THE_END
10:00:52 NONE
10:00:52 HUB
10:01:37 PRIVATE_ISLAND
10:03:08 CRYSTAL_HOLLOWS
10:16:52 PRIVATE_ISLAND
10:18:39 NONE
10:18:39 PRIVATE_ISLAND_GUEST
10:18:42 NONE
10:18:44 DWARVEN_MINES
10:19:32 CRYSTAL_HOLLOWS
10:19:38 NONE
10:19:39 PRIVATE_ISLAND
10:19:44 CRYSTAL_HOLLOWS
10:20:20 PRIVATE_ISLAND
10:21:17 NONE
10:21:18 CRYSTAL_HOLLOWS
10:35:26 PRIVATE_ISLAND_GUEST
10:35:31 CRYSTAL_HOLLOWS
10:43:37 NONE
10:43:37 GALATEA
10:43:46 THE_PARK
10:46:04 HUB
10:46:18 THE_PARK
10:47:04 GALATEA
10:47:13 THE_PARK
10:52:44 NONE
10:52:45 CRYSTAL_HOLLOWS
13:23:59 NONE
13:23:59 PRIVATE_ISLAND_GUEST
13:24:12 DWARVEN_MINES
13:30:04 CRYSTAL_HOLLOWS
13:51:01 NONE
13:51:51 DWARVEN_MINES
14:11:21 DWARVEN_MINES
14:13:06 NONE
14:27:15 DWARVEN_MINES
14:28:00 NONE
17:29:22 DWARVEN_MINES
17:29:56 CRYSTAL_HOLLOWS
17:59:35 PRIVATE_ISLAND
18:53:05 HUB
18:54:59 PRIVATE_ISLAND
19:32:43 CRYSTAL_HOLLOWS
20:04:26 PRIVATE_ISLAND
20:06:48 NONE
20:06:48 CRYSTAL_HOLLOWS
20:07:20 NONE
20:07:21 GALATEA
20:09:50 NONE
20:09:51 PRIVATE_ISLAND_GUEST
20:09:53 NONE
20:09:54 DWARVEN_MINES
20:14:42 NONE
20:14:43 CRYSTAL_HOLLOWS
20:17:02 THE_END
20:17:17 CRYSTAL_HOLLOWS
20:45:17 NONE
20:45:17 THE_END
20:49:30 PRIVATE_ISLAND
