16:04:59 GALATEA
16:05:29 HUB
16:05:39 PRIVATE_ISLAND
17:47:10 PRIVATE_ISLAND
17:50:12 HUB
17:51:07 NONE
17:51:08 THE_END
17:51:52 NONE
17:51:53 PRIVATE_ISLAND
17:52:27 THE_END
17:52:34 SPIDER_DEN
17:52:56 NONE
17:52:56 THE_END
17:53:05 SPIDER_DEN
17:53:11 THE_END
17:53:20 SPIDER_DEN
17:53:24 THE_END
17:53:34 SPIDER_DEN
17:53:54 THE_END
18:01:08 PRIVATE_ISLAND
18:01:21 DUNGEON_HUB
18:01:31 THE_END
18:01:50 PRIVATE_ISLAND
18:03:08 NONE
18:03:09 THE_END
18:08:45 PRIVATE_ISLAND
18:10:56 HUB
18:11:43 PRIVATE_ISLAND
18:12:36 HUB
18:13:12 PRIVATE_ISLAND
18:15:22 HUB
18:15:53 NONE
18:15:54 PRIVATE_ISLAND
18:19:16 THE_END
18:21:00 PRIVATE_ISLAND
18:23:39 DUNGEON_HUB
18:25:11 THE_END
18:42:13 PRIVATE_ISLAND
18:42:22 HUB
18:43:53 PRIVATE_ISLAND
