20:53:09 `Zombie`5924277 missed {
 is already Found: false).
 Position: LorenzVec(x=1.5, y=100.0, z=17.96875)
 DistanceC: 18.189649159934817
Relative Position: LorenzVec(x=-5.438033897999711, y=0.0, z=-18.189649159934817)
 }
20:53:09 `Zombie`5924278 missed {
 is already Found: false).
 Position: LorenzVec(x=1.5, y=100.0, z=18.854166666666664)
 DistanceC: 17.304232493268152
Relative Position: LorenzVec(x=-5.438033897999711, y=0.0, z=-17.304232493268152)
 }
20:53:09 `Zombie`5924279 missed {
 is already Found: false).
 Position: LorenzVec(x=1.4166666666666665, y=100.0, z=19.729166666666664)
 DistanceC: 16.429232493268152
Relative Position: LorenzVec(x=-5.521367231333045, y=0.0, z=-16.429232493268152)
 }
20:53:09 `Zombie`5924280 missed {
 is already Found: false).
 Position: LorenzVec(x=1.5, y=100.0, z=19.75)
 DistanceC: 16.408399159934817
Relative Position: LorenzVec(x=-5.438033897999711, y=0.0, z=-16.408399159934817)
 }
20:53:09 `Zombie`5924281 missed {
 is already Found: false).
 Position: LorenzVec(x=2.572916666666667, y=100.70833333333334, z=20.572916666666664)
 DistanceC: 15.585482493268152
Relative Position: LorenzVec(x=-4.365117231333044, y=0.7083333333333428, z=-15.585482493268152)
 }
20:53:09 `Cave Spider`5924283 missed {
 is already Found: false).
 Position: LorenzVec(x=-0.5, y=100.0, z=19.5)
 DistanceC: 16.658399159934817
Relative Position: LorenzVec(x=-7.438033897999711, y=0.0, z=-16.658399159934817)
 }
20:53:09 `Cave Spider`5924284 missed {
 is already Found: false).
 Position: LorenzVec(x=-0.5, y=100.0, z=19.5)
 DistanceC: 16.658399159934817
Relative Position: LorenzVec(x=-7.438033897999711, y=0.0, z=-16.658399159934817)
 }
20:53:09 `Cave Spider`5924285 missed {
 is already Found: false).
 Position: LorenzVec(x=-0.5, y=100.0, z=19.5)
 DistanceC: 16.658399159934817
Relative Position: LorenzVec(x=-7.438033897999711, y=0.0, z=-16.658399159934817)
 }
20:53:09 `Cave Spider`5924286 missed {
 is already Found: false).
 Position: LorenzVec(x=-0.5, y=100.0, z=19.5)
 DistanceC: 16.658399159934817
Relative Position: LorenzVec(x=-7.438033897999711, y=0.0, z=-16.658399159934817)
 }
20:53:09 `Zombie`5924287 missed {
 is already Found: false).
 Position: LorenzVec(x=-0.5833333333333333, y=100.0, z=20.416666666666664)
 DistanceC: 15.741732493268152
Relative Position: LorenzVec(x=-7.521367231333044, y=0.0, z=-15.741732493268152)
 }
20:53:09 `Zombie`5924288 missed {
 is already Found: false).
 Position: LorenzVec(x=-0.5833333333333333, y=100.0, z=20.4375)
 DistanceC: 15.720899159934817
Relative Position: LorenzVec(x=-7.521367231333044, y=0.0, z=-15.720899159934817)
 }
20:53:09 `Zombie`5924289 missed {
 is already Found: false).
 Position: LorenzVec(x=-0.5833333333333333, y=100.0, z=20.4375)
 DistanceC: 15.720899159934817
Relative Position: LorenzVec(x=-7.521367231333044, y=0.0, z=-15.720899159934817)
 }
20:53:09 `Zombie`5924290 missed {
 is already Found: false).
 Position: LorenzVec(x=-0.5833333333333333, y=100.0, z=20.4375)
 DistanceC: 15.720899159934817
Relative Position: LorenzVec(x=-7.521367231333044, y=0.0, z=-15.720899159934817)
 }
20:53:09 `Zombie`5924291 missed {
 is already Found: false).
 Position: LorenzVec(x=0.09027777777777776, y=100.0, z=20.664351851851855)
 DistanceC: 15.494047308082962
Relative Position: LorenzVec(x=-6.847756120221933, y=0.0, z=-15.494047308082962)
 }
20:53:09 `Zombie`5924292 missed {
 is already Found: false).
 Position: LorenzVec(x=3.5, y=100.875, z=19.5)
 DistanceC: 16.658399159934817
Relative Position: LorenzVec(x=-3.438033897999711, y=0.875, z=-16.658399159934817)
 }
20:53:09 `Zombie`5924293 missed {
 is already Found: false).
 Position: LorenzVec(x=3.5, y=100.875, z=19.5)
 DistanceC: 16.658399159934817
Relative Position: LorenzVec(x=-3.438033897999711, y=0.875, z=-16.658399159934817)
 }
20:53:09 `Zombie`5924294 missed {
 is already Found: false).
 Position: LorenzVec(x=3.5, y=100.875, z=19.5)
 DistanceC: 16.658399159934817
Relative Position: LorenzVec(x=-3.438033897999711, y=0.875, z=-16.658399159934817)
 }
20:53:09 `Zombie`5924295 missed {
 is already Found: false).
 Position: LorenzVec(x=4.6875, y=100.0, z=19.46875)
 DistanceC: 16.689649159934817
Relative Position: LorenzVec(x=-2.250533897999711, y=0.0, z=-16.689649159934817)
 }
20:53:09 `Zombie`5924296 missed {
 is already Found: false).
 Position: LorenzVec(x=2.5, y=100.0, z=16.5)
 DistanceC: 19.658399159934817
Relative Position: LorenzVec(x=-4.438033897999711, y=0.0, z=-19.658399159934817)
 }
20:53:09 `Zombie`5924297 missed {
 is already Found: false).
 Position: LorenzVec(x=2.5, y=100.0, z=16.5)
 DistanceC: 19.658399159934817
Relative Position: LorenzVec(x=-4.438033897999711, y=0.0, z=-19.658399159934817)
 }
20:53:09 `Zombie`5924298 missed {
 is already Found: false).
 Position: LorenzVec(x=2.5, y=100.0, z=16.5)
 DistanceC: 19.658399159934817
Relative Position: LorenzVec(x=-4.438033897999711, y=0.0, z=-19.658399159934817)
 }
20:53:09 `Zombie`5924299 missed {
 is already Found: false).
 Position: LorenzVec(x=4.6875, y=100.0, z=19.5625)
 DistanceC: 16.595899159934817
Relative Position: LorenzVec(x=-2.250533897999711, y=0.0, z=-16.595899159934817)
 }
20:53:09 `Blaze`5924300 missed {
 is already Found: false).
 Position: LorenzVec(x=4.6875, y=100.0, z=20.65625)
 DistanceC: 15.502149159934817
Relative Position: LorenzVec(x=-2.250533897999711, y=0.0, z=-15.502149159934817)
 }
20:53:09 `Blaze`5924301 missed {
 is already Found: false).
 Position: LorenzVec(x=4.6875, y=100.0, z=20.625)
 DistanceC: 15.533399159934817
Relative Position: LorenzVec(x=-2.250533897999711, y=0.0, z=-15.533399159934817)
 }
20:53:09 `Blaze`5924302 missed {
 is already Found: false).
 Position: LorenzVec(x=4.375, y=100.0, z=19.21875)
 DistanceC: 16.939649159934817
Relative Position: LorenzVec(x=-2.563033897999711, y=0.0, z=-16.939649159934817)
 }
20:53:09 `Blaze`5924303 missed {
 is already Found: false).
 Position: LorenzVec(x=4.6875, y=100.0, z=19.885416666666664)
 DistanceC: 16.272982493268152
Relative Position: LorenzVec(x=-2.250533897999711, y=0.0, z=-16.272982493268152)
 }
20:53:09 `Blaze`5924304 missed {
 is already Found: false).
 Position: LorenzVec(x=2.625, y=100.0, z=18.21875)
 DistanceC: 17.939649159934817
Relative Position: LorenzVec(x=-4.313033897999711, y=0.0, z=-17.939649159934817)
 }
20:53:23 `Sheep`5925221 missed {
 is already Found: false).
 Position: LorenzVec(x=0.5, y=100.0, z=14.5)
 DistanceC: 21.548202246956677
Relative Position: LorenzVec(x=4.135201796417342, y=0.0, z=-21.548202246956677)
 }
