07:59:08 PRIVATE_ISLAND
08:04:49 NONE
08:04:50 GALATEA
08:05:33 PRIVATE_ISLAND
08:06:03 HUB
08:06:29 PRIVATE_ISLAND
08:09:54 THE_END
08:10:31 PRIVATE_ISLAND
08:10:39 THE_END
08:11:15 NONE
08:11:16 PRIVATE_ISLAND
08:11:41 NONE
08:11:41 HUB
08:12:17 PRIVATE_ISLAND
08:12:27 NONE
08:12:28 HUB
08:18:20 PRIVATE_ISLAND
08:18:26 NONE
08:18:27 HUB
08:19:16 THE_END
08:19:22 PRIVATE_ISLAND
08:20:51 THE_END
08:26:33 PRIVATE_ISLAND
08:26:42 NONE
08:26:43 THE_END
08:27:43 PRIVATE_ISLAND
08:33:51 NONE
08:33:51 THE_END
08:34:44 PRIVATE_ISLAND
08:41:45 NONE
08:41:45 HUB
08:42:17 PRIVATE_ISLAND_GUEST
08:42:30 DWARVEN_MINES
08:43:17 PRIVATE_ISLAND
08:43:39 THE_END
08:45:45 PRIVATE_ISLAND
08:46:07 THE_END
08:47:40 PRIVATE_ISLAND
08:47:56 NONE
08:47:57 THE_END
09:00:40 PRIVATE_ISLAND
09:04:50 THE_END
09:05:58 PRIVATE_ISLAND
09:06:12 THE_END
09:11:30 PRIVATE_ISLAND
09:27:10 THE_END
09:36:54 PRIVATE_ISLAND
10:08:01 PRIVATE_ISLAND_GUEST
10:09:06 PRIVATE_ISLAND
10:12:00 PRIVATE_ISLAND_GUEST
10:14:22 PRIVATE_ISLAND
10:15:26 NONE
10:15:26 HUB
10:16:14 PRIVATE_ISLAND
10:19:14 THE_END
10:20:49 PRIVATE_ISLAND
10:20:57 THE_END
10:21:28 PRIVATE_ISLAND
10:21:33 THE_END
10:22:16 PRIVATE_ISLAND
10:22:25 THE_END
10:24:05 PRIVATE_ISLAND
10:44:23 PRIVATE_ISLAND_GUEST
10:44:30 DWARVEN_MINES
10:53:36 PRIVATE_ISLAND
10:58:42 PRIVATE_ISLAND_GUEST
10:58:46 DWARVEN_MINES
11:11:11 PRIVATE_ISLAND
11:44:48 NONE
11:44:48 HUB
11:46:25 PRIVATE_ISLAND
11:46:37 NONE
11:46:38 THE_END
11:54:46 PRIVATE_ISLAND
11:55:28 HUB
