09:04:31 §e[SkyHanni] Reloaded 7,559 items in the NEU repo
09:07:15 §e[SkyHanni] You have gained §b357 §eBits.
09:13:34 §cHitman Rabbit! §7Duplicate §fHopper §7(§6+§62.8M §6Chocolate§7)
09:13:34 §cHitman Rabbit! §d§lNEW §5§lEPIC §5Achilles §7(§6+10 §7and §6+0.005x c/s!§7)
09:13:34 §cHitman Rabbit! §d§lNEW §f§lCOMMON §fOlivette §7(§6+1 §7and §6+0.002x c/s!§7)
09:13:34 §cHitman Rabbit! §7Duplicate §aBlueberry §7(§6+§65.3M §6Chocolate§7)
09:23:05 §9Fig Tree Gift. §7You helped cut §a100.0% §7and gained §e5 rewards§a!
09:23:39 §9Fig Tree Gift. §7You helped cut §a100.0% §7and gained §e5 rewards§a!
09:24:00 §9Fig Tree Gift. §7You helped cut §a100.0% §7and gained §e5 rewards§a!
09:24:08 §9Fig Tree Gift. §7You helped cut §a100.0% §7and gained §e5 rewards§a!
09:24:18 §9Fig Tree Gift. §7You helped cut §a100.0% §7and gained §e5 rewards§a!
09:24:25 §9Fig Tree Gift. §7You helped cut §a100.0% §7and gained §e5 rewards§a!
09:24:35 §9Fig Tree Gift. §7You helped cut §a100.0% §7and gained §e5 rewards§a!
09:24:42 §9Fig Tree Gift. §7You helped cut §a100.0% §7and gained §e5 rewards§a!
09:24:54 §9Fig Tree Gift. §7You helped cut §a100.0% §7and gained §e5 rewards§a!
09:25:08 §9Fig Tree Gift. §7You helped cut §a100.0% §7and gained §e5 rewards§a!
09:25:26 §9Fig Tree Gift. §7You helped cut §a100.0% §7and gained §e5 rewards§a!
09:25:37 §9Fig Tree Gift. §7You helped cut §a100.0% §7and gained §e5 rewards§a!
09:25:49 §9Fig Tree Gift. §7You helped cut §a100.0% §7and gained §e5 rewards§a!
09:26:09 §9Fig Tree Gift. §7You helped cut §a100.0% §7and gained §e5 rewards§a!
09:26:20 §9Fig Tree Gift. §7You helped cut §a100.0% §7and gained §e5 rewards§a!
09:26:30 §9Fig Tree Gift. §7You helped cut §a100.0% §7and gained §e5 rewards§a!
09:26:40 §9Fig Tree Gift. §7You helped cut §a100.0% §7and gained §e5 rewards§a!
09:26:51 §9Fig Tree Gift. §7You helped cut §a100.0% §7and gained §e5 rewards§a!
09:27:05 §9Fig Tree Gift. §7You helped cut §a100.0% §7and gained §e5 rewards§a!
09:27:15 §9Fig Tree Gift. §7You helped cut §a100.0% §7and gained §e5 rewards§a!
09:27:24 §9Fig Tree Gift. §7You helped cut §a100.0% §7and gained §e5 rewards§a!
09:27:30 §9Fig Tree Gift. §7You helped cut §a100.0% §7and gained §e5 rewards§a!
09:27:43 §9Fig Tree Gift. §7You helped cut §a100.0% §7and gained §e5 rewards§a!
09:27:52 §9Fig Tree Gift. §7You helped cut §a100.0% §7and gained §e5 rewards§a!
09:27:56 §e[SkyHanni] §bYou have §31.4k §bmaterials in stash, §btotalling §31 type§b. §bClick to §3pickup §byour stash!
09:27:58 §9Fig Tree Gift. §7You helped cut §a100.0% §7and gained §e5 rewards§a!
09:28:10 §9Fig Tree Gift. §7You helped cut §a100.0% §7and gained §e5 rewards§a!
09:28:21 §9Fig Tree Gift. §7You helped cut §a100.0% §7and gained §e5 rewards§a!
09:28:29 §9Fig Tree Gift. §7You helped cut §a100.0% §7and gained §e5 rewards§a!
09:28:29 §f - §fForaging Wisdom Booster
09:28:39 §9Fig Tree Gift. §7You helped cut §a100.0% §7and gained §e5 rewards§a!
09:28:55 §9Fig Tree Gift. §7You helped cut §a100.0% §7and gained §e5 rewards§a!
09:28:56 §e[SkyHanni] §eYou have §61 §eitem in stash. §eClick to §6pickup §eyour stash!
09:28:56 §e[SkyHanni] §bYou have §37.2k §bmaterials in stash, §btotalling §31 type§b. §bClick to §3pickup §byour stash!
09:29:10 §9Fig Tree Gift. §7You helped cut §a100.0% §7and gained §e5 rewards§a!
09:29:18 §9Fig Tree Gift. §7You helped cut §a100.0% §7and gained §e5 rewards§a!
09:29:28 §9Fig Tree Gift. §7You helped cut §a100.0% §7and gained §e5 rewards§a!
09:29:28 §f - §aEnchanted Book (§r§d§lFirst Impression I§r§a)
09:29:40 §9Fig Tree Gift. §7You helped cut §a100.0% §7and gained §e5 rewards§a!
09:29:48 §9Fig Tree Gift. §7You helped cut §a100.0% §7and gained §e5 rewards§a!
09:29:58 §9Fig Tree Gift. §7You helped cut §a100.0% §7and gained §e5 rewards§a!
09:30:03 §9Fig Tree Gift. §7You helped cut §a100.0% §7and gained §e5 rewards§a!
09:30:20 §9Fig Tree Gift. §7You helped cut §a100.0% §7and gained §e5 rewards§a!
09:30:32 §9Fig Tree Gift. §7You helped cut §a100.0% §7and gained §e5 rewards§a!
09:30:49 §9Mangrove Tree Gift. §7You helped cut §a33.8% §7and gained §e5 rewards§a!
09:31:14 §9Mangrove Tree Gift. §7You helped cut §a100.0% §7and gained §e5 rewards§a!
09:31:33 §9Mangrove Tree Gift. §7You helped cut §a100.0% §7and gained §e5 rewards§a!
09:31:48 §9Mangrove Tree Gift. §7You helped cut §a100.0% §7and gained §e5 rewards§a!
09:32:03 §6Breakfast Egg! §d§lNEW §a§lUNCOMMON §aZombie §7(§6+2 §7and §6+0.003x c/s!§7)
09:32:19 §9Mangrove Tree Gift. §7You helped cut §a100.0% §7and gained §e5 rewards§a!
09:32:41 §9Mangrove Tree Gift. §7You helped cut §a100.0% §7and gained §e5 rewards§a!
09:33:10 §9Mangrove Tree Gift. §7You helped cut §a100.0% §7and gained §e5 rewards§a!
09:33:25 §9Mangrove Tree Gift. §7You helped cut §a100.0% §7and gained §e5 rewards§a!
09:33:25 §f - §aEnchanted Book (§r§d§lFirst Impression I§r§a)
09:34:30 §9Mangrove Tree Gift. §7You helped cut §a100.0% §7and gained §e5 rewards§a!
09:34:30 §f - §6Chameleon
09:34:38 §bAgatha's §eContest: You earned §r§b2,077 §epoints, placing you in the §6LEGENDARY §ebracket!
09:35:12 §9Mangrove Tree Gift. §7You helped cut §a100.0% §7and gained §e5 rewards§a!
09:35:35 §9Mangrove Tree Gift. §7You helped cut §a100.0% §7and gained §e5 rewards§a!
09:36:06 §9Mangrove Tree Gift. §7You helped cut §a100.0% §7and gained §e5 rewards§a!
09:36:23 §9Mangrove Tree Gift. §7You helped cut §a100.0% §7and gained §e5 rewards§a!
09:37:00 §9Mangrove Tree Gift. §7You helped cut §a100.0% §7and gained §e5 rewards§a!
09:37:30 §9Mangrove Tree Gift. §7You helped cut §a100.0% §7and gained §e5 rewards§a!
09:37:39 §e[SkyHanni] You have gained §b357 §eBits.
09:37:48 §9Mangrove Tree Gift. §7You helped cut §a100.0% §7and gained §e5 rewards§a!
09:38:26 §9Mangrove Tree Gift. §7You helped cut §a100.0% §7and gained §e5 rewards§a!
09:38:48 §9Mangrove Tree Gift. §7You helped cut §a100.0% §7and gained §e5 rewards§a!
09:39:01 §e[SkyHanni] §eYou have §61 §eitem in stash. §eClick to §6pickup §eyour stash!
09:39:01 §e[SkyHanni] §bYou have §37.2k §bmaterials in stash, §btotalling §31 type§b. §bClick to §3pickup §byour stash!
09:40:01 §e[SkyHanni] §bYou have §35.8k §bmaterials in stash, §btotalling §31 type§b. §bClick to §3pickup §byour stash!
09:40:37 §a§lPotion Effect! §r§aFarming XP Boost III
09:40:40 §a§lPotion Effect! §r§aMining XP Boost II
09:40:45 §a§lPotion Effect! §r§aEnchanting XP Boost II
09:40:47 §a§lPotion Effect! §r§aAlchemy XP Boost II
09:40:53 §a§lPotion Effect! §r§aMining XP Boost II
09:40:56 §a§lPotion Effect! §r§aCombat XP Boost II
09:40:58 §a§lPotion Effect! §r§aFishing XP Boost II
09:42:01 §e[SkyHanni] §eYou have §62 §eitems in stash. §eClick to §6pickup §eyour stash!
09:43:01 §e[SkyHanni] §eYou have §63 §eitems in stash. §eClick to §6pickup §eyour stash!
09:43:01 §e[SkyHanni] §bYou have §35.8k §bmaterials in stash, §btotalling §32 types§b. §bClick to §3pickup §byour stash!
09:44:01 §e[SkyHanni] §eYou have §68 §eitems in stash. §eClick to §6pickup §eyour stash!
09:46:02 §e[SkyHanni] §eYou have §617 §eitems in stash. §eClick to §6pickup §eyour stash!
09:46:02 §e[SkyHanni] §bYou have §35.8k §bmaterials in stash, §btotalling §35 types§b. §bClick to §3pickup §byour stash!
09:47:02 §e[SkyHanni] §eYou have §637 §eitems in stash. §eClick to §6pickup §eyour stash!
09:47:02 §e[SkyHanni] §bYou have §35.8k §bmaterials in stash, §btotalling §36 types§b. §bClick to §3pickup §byour stash!
09:48:02 §e[SkyHanni] §eYou have §648 §eitems in stash. §eClick to §6pickup §eyour stash!
09:48:02 §e[SkyHanni] §bYou have §35.8k §bmaterials in stash, §btotalling §38 types§b. §bClick to §3pickup §byour stash!
09:50:02 §e[SkyHanni] §bYou have §31 §bmaterial in stash, §btotalling §31 type§b. §bClick to §3pickup §byour stash!
09:51:02 §e[SkyHanni] §eYou have §68 §eitems in stash. §eClick to §6pickup §eyour stash!
09:51:02 §e[SkyHanni] §bYou have §34 §bmaterials in stash, §btotalling §33 types§b. §bClick to §3pickup §byour stash!
