22:56:19 §f §r§r§r§f §r§r§r§1 §r§r§r§0 §r§r§r§2 §r§r§r§f §r§r§r§f §r§r§r§2 §r§r§r§0 §r§r§r§4 §r§r§r§3 §r§r§r§9 §r§r§r§2 §r§r§r§0 §r§r§r§0 §r§r§r§3 §r§r§r§9 §r§r§r§2 §r§r§r§0 §r§r§r§0 §r§r§r§3 §r§r§r§9 §r§r§r§2 §r§r§r§0 §r§r§r§0 
22:56:34 §8 §r§8 §r§1 §r§3 §r§3 §r§7 §r§8 
22:56:36 
22:56:36 
22:57:06 §8 §r§8 §r§1 §r§3 §r§3 §r§7 §r§8 
22:59:32 
22:59:42 §8 §r§8 §r§1 §r§3 §r§3 §r§7 §r§8 
22:59:49 §8 §r§8 §r§1 §r§3 §r§3 §r§7 §r§8 
22:59:57 §8 §r§8 §r§1 §r§3 §r§3 §r§7 §r§8 
23:00:05 §8 §r§8 §r§1 §r§3 §r§3 §r§7 §r§8 
23:00:09 §8 §r§8 §r§1 §r§3 §r§3 §r§7 §r§8 
23:01:40 
23:01:40 §c
23:11:34 
23:11:34 
23:11:34 
23:11:34 
23:12:46 §8 §r§8 §r§1 §r§3 §r§3 §r§7 §r§8 
23:12:57 §8 §r§8 §r§1 §r§3 §r§3 §r§7 §r§8 
23:13:03 §8 §r§8 §r§1 §r§3 §r§3 §r§7 §r§8 
23:14:30 §8 §r§8 §r§1 §r§3 §r§3 §r§7 §r§8 
23:14:43 §8 §r§8 §r§1 §r§3 §r§3 §r§7 §r§8 
23:14:50 §8 §r§8 §r§1 §r§3 §r§3 §r§7 §r§8 
23:14:56 §8 §r§8 §r§1 §r§3 §r§3 §r§7 §r§8 
23:15:07 §8 §r§8 §r§1 §r§3 §r§3 §r§7 §r§8 
23:15:13 §8 §r§8 §r§1 §r§3 §r§3 §r§7 §r§8 
23:15:22 §8 §r§8 §r§1 §r§3 §r§3 §r§7 §r§8 
23:16:17 §8 §r§8 §r§1 §r§3 §r§3 §r§7 §r§8 
23:16:24 §8 §r§8 §r§1 §r§3 §r§3 §r§7 §r§8 
23:16:33 §8 §r§8 §r§1 §r§3 §r§3 §r§7 §r§8 
23:16:48 §8 §r§8 §r§1 §r§3 §r§3 §r§7 §r§8 
23:16:55 §8 §r§8 §r§1 §r§3 §r§3 §r§7 §r§8 
23:17:04 §8 §r§8 §r§1 §r§3 §r§3 §r§7 §r§8 
23:17:24 §8 §r§8 §r§1 §r§3 §r§3 §r§7 §r§8 
23:17:32 §8 §r§8 §r§1 §r§3 §r§3 §r§7 §r§8 
23:18:09 §8 §r§8 §r§1 §r§3 §r§3 §r§7 §r§8 
23:18:13 §8 §r§8 §r§1 §r§3 §r§3 §r§7 §r§8 
23:18:24 §8 §r§8 §r§1 §r§3 §r§3 §r§7 §r§8 
23:18:31 §8 §r§8 §r§1 §r§3 §r§3 §r§7 §r§8 
23:19:22 §8 §r§8 §r§1 §r§3 §r§3 §r§7 §r§8 
23:21:32 §8 §r§8 §r§1 §r§3 §r§3 §r§7 §r§8 
23:21:44 §8 §r§8 §r§1 §r§3 §r§3 §r§7 §r§8 
23:22:25 
23:22:25 
23:22:25 
23:22:25 
23:22:33 §8 §r§8 §r§1 §r§3 §r§3 §r§7 §r§8 
23:22:50 §8 §r§8 §r§1 §r§3 §r§3 §r§7 §r§8 
23:23:00 §8 §r§8 §r§1 §r§3 §r§3 §r§7 §r§8 
23:23:08 §8 §r§8 §r§1 §r§3 §r§3 §r§7 §r§8 
23:23:15 §8 §r§8 §r§1 §r§3 §r§3 §r§7 §r§8 
23:23:23 §8 §r§8 §r§1 §r§3 §r§3 §r§7 §r§8 
23:23:31 §8 §r§8 §r§1 §r§3 §r§3 §r§7 §r§8 
23:23:40 §8 §r§8 §r§1 §r§3 §r§3 §r§7 §r§8 
23:24:30 
23:24:32  
23:24:32  
23:24:32  
23:24:53 §8 §r§8 §r§1 §r§3 §r§3 §r§7 §r§8 
23:24:59 §8 §r§8 §r§1 §r§3 §r§3 §r§7 §r§8 
23:25:47 §8 §r§8 §r§1 §r§3 §r§3 §r§7 §r§8 
23:26:03 §8 §r§8 §r§1 §r§3 §r§3 §r§7 §r§8 
23:26:18 §f §r§r§r§f §r§r§r§1 §r§r§r§0 §r§r§r§2 §r§r§r§f §r§r§r§f §r§r§r§2 §r§r§r§0 §r§r§r§4 §r§r§r§3 §r§r§r§9 §r§r§r§2 §r§r§r§0 §r§r§r§0 §r§r§r§3 §r§r§r§9 §r§r§r§2 §r§r§r§0 §r§r§r§0 §r§r§r§3 §r§r§r§9 §r§r§r§2 §r§r§r§0 §r§r§r§0 
23:27:52 §8 §r§8 §r§1 §r§3 §r§3 §r§7 §r§8 
23:27:55 
23:27:55 
23:28:00 §8 §r§8 §r§1 §r§3 §r§3 §r§7 §r§8 
23:28:09 §8 §r§8 §r§1 §r§3 §r§3 §r§7 §r§8 
23:28:20 §8 §r§8 §r§1 §r§3 §r§3 §r§7 §r§8 
23:28:27 §8 §r§8 §r§1 §r§3 §r§3 §r§7 §r§8 
23:28:35 §8 §r§8 §r§1 §r§3 §r§3 §r§7 §r§8 
23:28:43 §8 §r§8 §r§1 §r§3 §r§3 §r§7 §r§8 
23:28:47 §8 §r§8 §r§1 §r§3 §r§3 §r§7 §r§8 
23:28:51 §8 §r§8 §r§1 §r§3 §r§3 §r§7 §r§8 
23:29:04 §8 §r§8 §r§1 §r§3 §r§3 §r§7 §r§8 
23:30:11 §8 §r§8 §r§1 §r§3 §r§3 §r§7 §r§8 
23:30:53 §8 §r§8 §r§1 §r§3 §r§3 §r§7 §r§8 
23:31:19 §8 §r§8 §r§1 §r§3 §r§3 §r§7 §r§8 
23:31:50 §8 §r§8 §r§1 §r§3 §r§3 §r§7 §r§8 
23:32:00 §8 §r§8 §r§1 §r§3 §r§3 §r§7 §r§8 
23:32:11 §8 §r§8 §r§1 §r§3 §r§3 §r§7 §r§8 
23:32:21 §8 §r§8 §r§1 §r§3 §r§3 §r§7 §r§8 
23:32:28 §8 §r§8 §r§1 §r§3 §r§3 §r§7 §r§8 
23:32:35 §8 §r§8 §r§1 §r§3 §r§3 §r§7 §r§8 
23:32:42 §8 §r§8 §r§1 §r§3 §r§3 §r§7 §r§8 
23:32:59 §8 §r§8 §r§1 §r§3 §r§3 §r§7 §r§8 
23:33:06 §8 §r§8 §r§1 §r§3 §r§3 §r§7 §r§8 
23:33:14 §8 §r§8 §r§1 §r§3 §r§3 §r§7 §r§8 
23:33:25 §8 §r§8 §r§1 §r§3 §r§3 §r§7 §r§8 
23:34:23 §8 §r§8 §r§1 §r§3 §r§3 §r§7 §r§8 
23:34:33 §8 §r§8 §r§1 §r§3 §r§3 §r§7 §r§8 
23:34:42 §8 §r§8 §r§1 §r§3 §r§3 §r§7 §r§8 
23:35:01 §8 §r§8 §r§1 §r§3 §r§3 §r§7 §r§8 
23:35:26 §8 §r§8 §r§1 §r§3 §r§3 §r§7 §r§8 
23:35:34 §8 §r§8 §r§1 §r§3 §r§3 §r§7 §r§8 
23:35:42 §8 §r§8 §r§1 §r§3 §r§3 §r§7 §r§8 
23:35:52 §8 §r§8 §r§1 §r§3 §r§3 §r§7 §r§8 
23:36:53 §8 §r§8 §r§1 §r§3 §r§3 §r§7 §r§8 
23:37:15 §8 §r§8 §r§1 §r§3 §r§3 §r§7 §r§8 
23:37:45 §8 §r§8 §r§1 §r§3 §r§3 §r§7 §r§8 
23:38:05 §8 §r§8 §r§1 §r§3 §r§3 §r§7 §r§8 
23:38:25 §8 §r§8 §r§1 §r§3 §r§3 §r§7 §r§8 
23:38:36 §8 §r§8 §r§1 §r§3 §r§3 §r§7 §r§8 
23:39:06 §8 §r§8 §r§1 §r§3 §r§3 §r§7 §r§8 
23:39:46 §8 §r§8 §r§1 §r§3 §r§3 §r§7 §r§8 
23:40:00 §8 §r§8 §r§1 §r§3 §r§3 §r§7 §r§8 
23:42:04 §8 §r§8 §r§1 §r§3 §r§3 §r§7 §r§8 
23:42:22 §8 §r§8 §r§1 §r§3 §r§3 §r§7 §r§8 
23:42:39 §8 §r§8 §r§1 §r§3 §r§3 §r§7 §r§8 
23:42:47 §8 §r§8 §r§1 §r§3 §r§3 §r§7 §r§8 
23:42:56 §8 §r§8 §r§1 §r§3 §r§3 §r§7 §r§8 
23:43:53 §8 §r§8 §r§1 §r§3 §r§3 §r§7 §r§8 
23:45:06 §8 §r§8 §r§1 §r§3 §r§3 §r§7 §r§8 
23:45:38 §8 §r§8 §r§1 §r§3 §r§3 §r§7 §r§8 
23:46:05 §8 §r§8 §r§1 §r§3 §r§3 §r§7 §r§8 
23:46:14 §8 §r§8 §r§1 §r§3 §r§3 §r§7 §r§8 
