21:05:06 [EMPTY] §f §r§r§r§f §r§r§r§1 §r§r§r§0 §r§r§r§2 §r§r§r§f §r§r§r§f §r§r§r§2 §r§r§r§0 §r§r§r§4 §r§r§r§3 §r§r§r§9 §r§r§r§2 §r§r§r§0 §r§r§r§0 §r§r§r§3 §r§r§r§9 §r§r§r§2 §r§r§r§0 §r§r§r§0 §r§r§r§3 §r§r§r§9 §r§r§r§2 §r§r§r§0 §r§r§r§0 
21:05:33 [EMPTY] §8 §r§8 §r§1 §r§3 §r§3 §r§7 §r§8 
21:05:35 [EMPTY] 
21:05:35 [WELCOME] §eWelcome to §r§aHypixel SkyBlock§r§e!
21:05:35 [EMPTY] 
21:05:35 [PROFILE_JOIN] §aYou are playing on profile: §eLemon§b (Co-op)
21:05:35 [PROFILE_JOIN] §8Profile ID: 62b760d8-92b6-4501-ada0-1fd8583f5266
21:08:32 [EMPTY] §8 §r§8 §r§1 §r§3 §r§3 §r§7 §r§8 
21:08:35 [PROFILE_JOIN] §aYou are playing on profile: §eLemon§b (Co-op)
21:08:35 [PROFILE_JOIN] §8Profile ID: 62b760d8-92b6-4501-ada0-1fd8583f5266
21:09:08 [EMPTY] §8 §r§8 §r§1 §r§3 §r§3 §r§7 §r§8 
21:09:12 [PROFILE_JOIN] §aYou are playing on profile: §eLemon§b (Co-op)
21:09:12 [PROFILE_JOIN] §8Profile ID: 62b760d8-92b6-4501-ada0-1fd8583f5266
21:12:32 [EMPTY]  
21:12:32 [BESTIARY] §f                                  §6§lBESTIARY
21:12:32 [BESTIARY] §f                              §b§lCreeper §7§81 §8➡§b §b2
21:12:32 [BESTIARY] 
21:12:32 [BESTIARY]                                   §r§6§lREWARDS
21:12:32 [BESTIARY]                          §r§8+§r§a2 Creeper §r§b✯ Magic Find
21:12:32 [BESTIARY]                          §r§8+§r§a2 Creeper §r§c❁ Strength
21:12:32 [BESTIARY]                              §r§8+§r§62% §r§aCreeper §r§7coins
21:12:32 [BESTIARY]                     §r§8+§r§a50% §r§7chance for extra XP orbs
21:12:32 [BESTIARY]                                §r§8+§r§b1 SkyBlock XP
21:12:32 [BESTIARY] 
21:12:32 [BESTIARY] §3§l▬▬▬▬▬▬▬▬▬▬▬▬▬▬▬▬▬▬▬▬▬▬▬▬▬▬▬▬▬▬▬▬▬▬▬▬▬▬▬▬▬▬▬▬▬▬▬▬▬▬▬▬▬▬▬▬▬▬▬▬▬▬▬▬
21:14:09 [GUILD_EXP] §aYou earned §r§2588 GEXP §r§a+ §r§e1,764 Event EXP §r§afrom playing SkyBlock!
21:15:09 [EVENT] ▬▬▬▬▬▬▬▬▬▬▬▬▬▬▬▬▬▬▬▬▬▬▬▬▬▬▬▬▬▬▬▬▬▬▬▬▬▬▬▬▬▬▬▬▬▬▬▬▬▬▬▬▬▬▬▬▬▬▬▬▬▬▬▬
21:15:09 [EVENT]                                 §r§e§k#§r§6 LEVEL UP! §r§e§k#
21:15:09 [EMPTY] 
21:15:09 [EVENT]                        §r§7You are now §r§eEvent Level §r§680§r§7!
21:15:09 [EVENT]                        §r§7You earned §r§f26 Event Silver§r§7!
21:15:09 [EMPTY] 
21:15:09 [EVENT] ▬▬▬▬▬▬▬▬▬▬▬▬▬▬▬▬▬▬▬▬▬▬▬▬▬▬▬▬▬▬▬▬▬▬▬▬▬▬▬▬▬▬▬▬▬▬▬▬▬▬▬▬▬▬▬▬▬▬▬▬▬▬▬▬
21:18:24 [EMPTY] §8 §r§8 §r§1 §r§3 §r§3 §r§7 §r§8 
21:18:28 [PROFILE_JOIN] §aYou are playing on profile: §eLemon§b (Co-op)
21:18:28 [PROFILE_JOIN] §8Profile ID: 62b760d8-92b6-4501-ada0-1fd8583f5266
21:18:52 [EMPTY] §8 §r§8 §r§1 §r§3 §r§3 §r§7 §r§8 
21:18:55 [PROFILE_JOIN] §aYou are playing on profile: §eLemon§b (Co-op)
21:18:55 [PROFILE_JOIN] §8Profile ID: 62b760d8-92b6-4501-ada0-1fd8583f5266
21:22:54 [EMPTY] §8 §r§8 §r§1 §r§3 §r§3 §r§7 §r§8 
21:22:57 [EMPTY] §8 §r§8 §r§1 §r§3 §r§3 §r§7 §r§8 
21:23:00 [PROFILE_JOIN] §aYou are playing on profile: §eLemon§b (Co-op)
21:23:00 [PROFILE_JOIN] §8Profile ID: 62b760d8-92b6-4501-ada0-1fd8583f5266
21:24:45 [EMPTY] 
21:24:45 [EMPTY] 
21:24:45 [EMPTY] 
21:27:44 [GUILD_EXP] §aYou earned §r§2558 GEXP §r§a+ §r§e1,674 Event EXP §r§afrom playing SkyBlock!
21:27:46 [EMPTY] §8 §r§8 §r§1 §r§3 §r§3 §r§7 §r§8 
21:27:49 [PROFILE_JOIN] §aYou are playing on profile: §eLemon§b (Co-op)
21:27:49 [PROFILE_JOIN] §8Profile ID: 62b760d8-92b6-4501-ada0-1fd8583f5266
21:28:30 [EMPTY] 
21:28:31 [EMPTY] 
21:32:47 [GUILD_EXP] §aYou earned §r§2478 GEXP §r§a+ §r§e1,434 Event EXP §r§afrom playing SkyBlock!
21:35:29 [EMPTY] §8 §r§8 §r§1 §r§3 §r§3 §r§7 §r§8 
21:35:33 [PROFILE_JOIN] §aYou are playing on profile: §eLemon§b (Co-op)
21:35:33 [PROFILE_JOIN] §8Profile ID: 62b760d8-92b6-4501-ada0-1fd8583f5266
21:36:43 [EMPTY] §8 §r§8 §r§1 §r§3 §r§3 §r§7 §r§8 
21:36:46 [PROFILE_JOIN] §aYou are playing on profile: §eLemon§b (Co-op)
21:36:46 [PROFILE_JOIN] §8Profile ID: 62b760d8-92b6-4501-ada0-1fd8583f5266
21:40:34 [EMPTY] §8 §r§8 §r§1 §r§3 §r§3 §r§7 §r§8 
21:40:37 [PROFILE_JOIN] §aYou are playing on profile: §eLemon§b (Co-op)
21:40:37 [PROFILE_JOIN] §8Profile ID: 62b760d8-92b6-4501-ada0-1fd8583f5266
21:42:26 [EMPTY] 
21:44:02 [GUILD_EXP] §aYou earned §r§2231 GEXP §r§a+ §r§e693 Event EXP §r§afrom playing SkyBlock!
21:49:02 [GUILD_EXP] §aYou earned §r§2558 GEXP §r§a+ §r§e1,674 Event EXP §r§afrom playing SkyBlock!
21:50:04 [EMPTY] §8 §r§8 §r§1 §r§3 §r§3 §r§7 §r§8 
21:50:07 [PROFILE_JOIN] §aYou are playing on profile: §eLemon§b (Co-op)
21:50:07 [PROFILE_JOIN] §8Profile ID: 62b760d8-92b6-4501-ada0-1fd8583f5266
21:54:27 [EMPTY] §8 §r§8 §r§1 §r§3 §r§3 §r§7 §r§8 
21:54:30 [PROFILE_JOIN] §aYou are playing on profile: §eLemon§b (Co-op)
21:54:30 [PROFILE_JOIN] §8Profile ID: 62b760d8-92b6-4501-ada0-1fd8583f5266
21:59:05 [GUILD_EXP] §aYou earned §r§2520 GEXP §r§a+ §r§e1,560 Event EXP §r§afrom playing SkyBlock!
22:02:54 [EMPTY] §8 §r§8 §r§1 §r§3 §r§3 §r§7 §r§8 
22:02:57 [PROFILE_JOIN] §aYou are playing on profile: §eLemon§b (Co-op)
22:02:57 [PROFILE_JOIN] §8Profile ID: 62b760d8-92b6-4501-ada0-1fd8583f5266
22:02:59 [EMPTY] §8 §r§8 §r§1 §r§3 §r§3 §r§7 §r§8 
22:03:03 [PROFILE_JOIN] §aYou are playing on profile: §eLemon§b (Co-op)
22:03:03 [PROFILE_JOIN] §8Profile ID: 62b760d8-92b6-4501-ada0-1fd8583f5266
22:04:17 [GUILD_EXP] §aYou earned §r§235 GEXP §r§a+ §r§e105 Event EXP §r§afrom playing SkyBlock!
22:09:23 [GUILD_EXP] §aYou earned §r§2743 GEXP §r§a+ §r§e2,229 Event EXP §r§afrom playing SkyBlock!
22:14:28 [GUILD_EXP] §aYou earned §r§2750 GEXP §r§a+ §r§e2,250 Event EXP §r§afrom playing SkyBlock!
22:19:33 [GUILD_EXP] §aYou earned §r§2123 GEXP §r§a+ §r§e369 Event EXP §r§afrom playing SkyBlock!
22:29:43 [GUILD_EXP] §aYou earned §r§248 GEXP §r§a+ §r§e144 Event EXP §r§afrom playing SkyBlock!
22:30:40 [EMPTY] §8 §r§8 §r§1 §r§3 §r§3 §r§7 §r§8 
22:30:43 [PROFILE_JOIN] §aYou are playing on profile: §eLemon§b (Co-op)
22:30:43 [PROFILE_JOIN] §8Profile ID: 62b760d8-92b6-4501-ada0-1fd8583f5266
22:31:00 [EMPTY] §8 §r§8 §r§1 §r§3 §r§3 §r§7 §r§8 
22:31:04 [PROFILE_JOIN] §aYou are playing on profile: §eLemon§b (Co-op)
22:31:04 [PROFILE_JOIN] §8Profile ID: 62b760d8-92b6-4501-ada0-1fd8583f5266
22:32:52 [EMPTY] §8 §r§8 §r§1 §r§3 §r§3 §r§7 §r§8 
22:32:55 [PROFILE_JOIN] §aYou are playing on profile: §eLemon§b (Co-op)
22:32:55 [PROFILE_JOIN] §8Profile ID: 62b760d8-92b6-4501-ada0-1fd8583f5266
22:33:10 [EMPTY] §8 §r§8 §r§1 §r§3 §r§3 §r§7 §r§8 
22:33:14 [PROFILE_JOIN] §aYou are playing on profile: §eLemon§b (Co-op)
22:33:14 [PROFILE_JOIN] §8Profile ID: 62b760d8-92b6-4501-ada0-1fd8583f5266
22:37:28 [GUILD_EXP] §aYou earned §r§2488 GEXP §r§a+ §r§e1,464 Event EXP §r§afrom playing SkyBlock!
22:42:30 [GUILD_EXP] §aYou earned §r§2441 GEXP §r§a+ §r§e1,323 Event EXP §r§afrom playing SkyBlock!
22:45:29 [EMPTY] §8 §r§8 §r§1 §r§3 §r§3 §r§7 §r§8 
22:45:32 [PROFILE_JOIN] §aYou are playing on profile: §eLemon§b (Co-op)
22:45:32 [PROFILE_JOIN] §8Profile ID: 62b760d8-92b6-4501-ada0-1fd8583f5266
22:47:04 [EMPTY]  
22:47:04 [BESTIARY] §f                                  §6§lBESTIARY
22:47:04 [BESTIARY] §f                              §b§lMosquito §7§83 §8➡§b §b4
22:47:04 [BESTIARY] 
22:47:04 [BESTIARY]                                   §r§6§lREWARDS
22:47:04 [BESTIARY]                           §r§6+0.4☘ Farming Fortune
22:47:04 [BESTIARY]                              §r§8+§r§62% §r§aMosquito §r§7coins
22:47:04 [BESTIARY]                     §r§8+§r§a50% §r§7chance for extra XP orbs
22:47:04 [BESTIARY]                                §r§8+§r§b1 SkyBlock XP
22:47:04 [BESTIARY] 
22:47:04 [BESTIARY] §3§l▬▬▬▬▬▬▬▬▬▬▬▬▬▬▬▬▬▬▬▬▬▬▬▬▬▬▬▬▬▬▬▬▬▬▬▬▬▬▬▬▬▬▬▬▬▬▬▬▬▬▬▬▬▬▬▬▬▬▬▬▬▬▬▬
22:47:04 [PEST_DROP] §eYou received §a5x Enchanted Sugar §efor killing a §2Mosquito§e!
22:47:30 [PEST_DROP] §eYou received §a13x Enchanted Nether Wart §efor killing a §2Beetle§e!
22:47:53 [EMPTY]  
22:47:53 [BESTIARY] §f                                  §6§lBESTIARY
22:47:53 [BESTIARY] §f                                 §b§lSlug §7§83 §8➡§b §b4
22:47:53 [BESTIARY] 
22:47:53 [BESTIARY]                                   §r§6§lREWARDS
22:47:53 [BESTIARY]                           §r§6+0.4☘ Farming Fortune
22:47:53 [BESTIARY]                                §r§8+§r§62% §r§aSlug §r§7coins
22:47:53 [BESTIARY]                     §r§8+§r§a50% §r§7chance for extra XP orbs
22:47:53 [BESTIARY]                                §r§8+§r§b1 SkyBlock XP
22:47:53 [BESTIARY] 
22:47:53 [BESTIARY] §3§l▬▬▬▬▬▬▬▬▬▬▬▬▬▬▬▬▬▬▬▬▬▬▬▬▬▬▬▬▬▬▬▬▬▬▬▬▬▬▬▬▬▬▬▬▬▬▬▬▬▬▬▬▬▬▬▬▬▬▬▬▬▬▬▬
22:47:53 [PEST_DROP] §eYou received §a6x Enchanted Red Mushroom §efor killing a §2Slug§e!
22:48:21 [PEST_DROP] §eYou received §a7x Enchanted Pumpkin §efor killing a §2Rat§e!
22:48:39 [EMPTY]  
22:48:39 [BESTIARY] §f                                  §6§lBESTIARY
22:48:39 [BESTIARY] §f                               §b§lCricket §7§83 §8➡§b §b4
22:48:39 [BESTIARY] 
22:48:39 [BESTIARY]                                   §r§6§lREWARDS
22:48:39 [BESTIARY]                           §r§6+0.4☘ Farming Fortune
22:48:39 [BESTIARY]                               §r§8+§r§62% §r§aCricket §r§7coins
22:48:39 [BESTIARY]                     §r§8+§r§a50% §r§7chance for extra XP orbs
22:48:39 [BESTIARY]                                §r§8+§r§b1 SkyBlock XP
22:48:39 [BESTIARY] 
22:48:39 [BESTIARY] §3§l▬▬▬▬▬▬▬▬▬▬▬▬▬▬▬▬▬▬▬▬▬▬▬▬▬▬▬▬▬▬▬▬▬▬▬▬▬▬▬▬▬▬▬▬▬▬▬▬▬▬▬▬▬▬▬▬▬▬▬▬▬▬▬▬
22:48:39 [PEST_DROP] §eYou received §a24x Enchanted Carrot §efor killing a §2Cricket§e!
22:49:00 [PEST_DROP] §eYou received §a8x Enchanted Brown Mushroom §efor killing a §2Slug§e!
22:49:32 [PEST_DROP] §eYou received §a39x Enchanted Melon §efor killing an §2Earthworm§e!
22:50:30 [GUILD_EXP] §aYou earned §r§2590 GEXP §r§a+ §r§e1,770 Event EXP §r§afrom playing SkyBlock!
22:55:31 [GUILD_EXP] §aYou earned §r§280 GEXP §r§a+ §r§e240 Event EXP §r§afrom playing SkyBlock!
22:56:00 [PESTS_SPAWN] §6§lGROSS! §7A §2Pest §7has appeared in §aPlot §7- §b2§7!
22:56:00 [PESTS_SPAWN]   §r§e§lCLICK HERE §eto teleport to the plot!
22:56:19 [PEST_DROP] §eYou received §a26x Enchanted Carrot §efor killing a §2Cricket§e!
22:56:31 [EVENT] ▬▬▬▬▬▬▬▬▬▬▬▬▬▬▬▬▬▬▬▬▬▬▬▬▬▬▬▬▬▬▬▬▬▬▬▬▬▬▬▬▬▬▬▬▬▬▬▬▬▬▬▬▬▬▬▬▬▬▬▬▬▬▬▬
22:56:31 [EVENT]                                 §r§e§k#§r§6 LEVEL UP! §r§e§k#
22:56:31 [EMPTY] 
22:56:31 [EVENT]                        §r§7You are now §r§eEvent Level §r§681§r§7!
22:56:31 [EVENT]                        §r§7You earned §r§f26 Event Silver§r§7!
22:56:31 [EMPTY] 
22:56:31 [EVENT] ▬▬▬▬▬▬▬▬▬▬▬▬▬▬▬▬▬▬▬▬▬▬▬▬▬▬▬▬▬▬▬▬▬▬▬▬▬▬▬▬▬▬▬▬▬▬▬▬▬▬▬▬▬▬▬▬▬▬▬▬▬▬▬▬
22:56:35 [EMPTY]  
22:56:35 [BESTIARY] §f                                  §6§lBESTIARY
22:56:35 [BESTIARY] §f                                  §b§lRat §7§83 §8➡§b §b4
22:56:35 [BESTIARY] 
22:56:35 [BESTIARY]                                   §r§6§lREWARDS
22:56:35 [BESTIARY]                           §r§6+0.4☘ Farming Fortune
22:56:35 [BESTIARY]                                 §r§8+§r§62% §r§aRat §r§7coins
22:56:35 [BESTIARY]                     §r§8+§r§a50% §r§7chance for extra XP orbs
22:56:35 [BESTIARY]                                §r§8+§r§b1 SkyBlock XP
22:56:35 [BESTIARY] 
22:56:35 [BESTIARY] §3§l▬▬▬▬▬▬▬▬▬▬▬▬▬▬▬▬▬▬▬▬▬▬▬▬▬▬▬▬▬▬▬▬▬▬▬▬▬▬▬▬▬▬▬▬▬▬▬▬▬▬▬▬▬▬▬▬▬▬▬▬▬▬▬▬
22:56:35 [PEST_DROP] §eYou received §a8x Enchanted Pumpkin §efor killing a §2Rat§e!
22:58:47 [EMPTY]  
22:58:47 [BESTIARY] §f                                  §6§lBESTIARY
22:58:47 [BESTIARY] §f                                  §b§lFly §7§82 §8➡§b §b3
22:58:47 [BESTIARY] 
22:58:47 [BESTIARY]                                   §r§6§lREWARDS
22:58:47 [BESTIARY]                           §r§6+0.4☘ Farming Fortune
22:58:47 [BESTIARY]                                 §r§8+§r§62% §r§aFly §r§7coins
22:58:47 [BESTIARY]                     §r§8+§r§a50% §r§7chance for extra XP orbs
22:58:47 [BESTIARY]                                §r§8+§r§b1 SkyBlock XP
22:58:47 [BESTIARY] 
22:58:47 [BESTIARY]   §r§f                         §6§lBESTIARY MILESTONE
22:58:47 [BESTIARY]   §r§f                                    §859➡§e60
22:58:47 [BESTIARY] §6§lBESTIARY MILESTONE §859➡§e60
22:58:47 [BESTIARY] §6§lBESTIARY MILESTONE §859➡§e60
22:58:47 [BESTIARY] §6§lBESTIARY MILESTONE §859➡§e60
22:58:47 [BESTIARY] §6§lBESTIARY MILESTONE §859➡§e60
22:58:47 [BESTIARY] §6§lBESTIARY MILESTONE §859➡§e60
22:58:47 [BESTIARY] 
22:58:47 [PEST_DROP] §eYou received §a8x Enchanted Wheat §efor killing a §2Fly§e!
22:59:08 [EMPTY]  
22:59:08 [BESTIARY] §f                                  §6§lBESTIARY
22:59:08 [BESTIARY] §f                               §b§lBeetle §7§84 §8➡§b §b5
22:59:08 [BESTIARY] 
22:59:08 [BESTIARY]                                   §r§6§lREWARDS
22:59:08 [BESTIARY]                           §r§6+0.4☘ Farming Fortune
22:59:08 [BESTIARY]                               §r§8+§r§62% §r§aBeetle §r§7coins
22:59:08 [BESTIARY]                     §r§8+§r§a50% §r§7chance for extra XP orbs
22:59:08 [BESTIARY]                                §r§8+§r§b1 SkyBlock XP
22:59:08 [BESTIARY] 
22:59:08 [BESTIARY] §3§l▬▬▬▬▬▬▬▬▬▬▬▬▬▬▬▬▬▬▬▬▬▬▬▬▬▬▬▬▬▬▬▬▬▬▬▬▬▬▬▬▬▬▬▬▬▬▬▬▬▬▬▬▬▬▬▬▬▬▬▬▬▬▬▬
22:59:08 [PEST_DROP] §eYou received §a24x Enchanted Nether Wart §efor killing a §2Beetle§e!
23:00:32 [GUILD_EXP] §aYou earned §r§2538 GEXP §r§a+ §r§e1,614 Event EXP §r§afrom playing SkyBlock!
23:01:07 [EMPTY]  
23:01:07 [BESTIARY] §f                                  §6§lBESTIARY
23:01:07 [BESTIARY] §f                                 §b§lSlug §7§84 §8➡§b §b5
23:01:07 [BESTIARY] 
23:01:07 [BESTIARY]                                   §r§6§lREWARDS
23:01:07 [BESTIARY]                           §r§6+0.4☘ Farming Fortune
23:01:07 [BESTIARY]                                §r§8+§r§62% §r§aSlug §r§7coins
23:01:07 [BESTIARY]                     §r§8+§r§a50% §r§7chance for extra XP orbs
23:01:07 [BESTIARY]                                §r§8+§r§b1 SkyBlock XP
23:01:07 [BESTIARY] 
23:01:07 [BESTIARY] §3§l▬▬▬▬▬▬▬▬▬▬▬▬▬▬▬▬▬▬▬▬▬▬▬▬▬▬▬▬▬▬▬▬▬▬▬▬▬▬▬▬▬▬▬▬▬▬▬▬▬▬▬▬▬▬▬▬▬▬▬▬▬▬▬▬
23:01:07 [PEST_DROP] §eYou received §a8x Enchanted Brown Mushroom §efor killing a §2Slug§e!
23:01:26 [PESTS_SPAWN] §6§lGROSS! §7A §2Pest §7has appeared in §aPlot §7- §b7§7!
23:01:26 [PESTS_SPAWN]   §r§e§lCLICK HERE §eto teleport to the plot!
23:01:33 [EMPTY] 
23:01:33 [EMPTY] §c
23:01:42 [PEST_DROP] §eYou received §a24x Enchanted Nether Wart §efor killing a §2Beetle§e!
23:01:53 [EMPTY] §8 §r§8 §r§1 §r§3 §r§3 §r§7 §r§8 
23:01:55 [EMPTY]  
23:01:55 [EMPTY]   
23:01:56 [PROFILE_JOIN] §aYou are playing on profile: §eLemon§b (Co-op)
23:01:56 [PROFILE_JOIN] §8Profile ID: 62b760d8-92b6-4501-ada0-1fd8583f5266
23:01:59 [EMPTY]  
23:01:59 [EMPTY]  
23:01:59 [EMPTY]  
23:02:30 [EMPTY] §8 §r§8 §r§1 §r§3 §r§3 §r§7 §r§8 
23:02:33 [PROFILE_JOIN] §aYou are playing on profile: §eLemon§b (Co-op)
23:02:33 [PROFILE_JOIN] §8Profile ID: 62b760d8-92b6-4501-ada0-1fd8583f5266
23:03:04 [EMPTY] §8 §r§8 §r§1 §r§3 §r§3 §r§7 §r§8 
23:03:09 [PROFILE_JOIN] §aYou are playing on profile: §eLemon§b (Co-op)
23:03:09 [PROFILE_JOIN] §8Profile ID: 62b760d8-92b6-4501-ada0-1fd8583f5266
23:04:44 [EMPTY] §8 §r§8 §r§1 §r§3 §r§3 §r§7 §r§8 
23:04:48 [PROFILE_JOIN] §aYou are playing on profile: §eLemon§b (Co-op)
23:04:48 [PROFILE_JOIN] §8Profile ID: 62b760d8-92b6-4501-ada0-1fd8583f5266
23:09:46 [GUILD_EXP] §aYou earned §r§2473 GEXP §r§a+ §r§e1,419 Event EXP §r§afrom playing SkyBlock!
23:11:42 [EMPTY] §8 §r§8 §r§1 §r§3 §r§3 §r§7 §r§8 
23:11:45 [PROFILE_JOIN] §aYou are playing on profile: §eLemon§b (Co-op)
23:11:45 [PROFILE_JOIN] §8Profile ID: 62b760d8-92b6-4501-ada0-1fd8583f5266
23:14:57 [EMPTY] §8 §r§8 §r§1 §r§3 §r§3 §r§7 §r§8 
23:15:00 [PROFILE_JOIN] §aYou are playing on profile: §eLemon§b (Co-op)
23:15:00 [PROFILE_JOIN] §8Profile ID: 62b760d8-92b6-4501-ada0-1fd8583f5266
23:19:22 [EMPTY] §8 §r§8 §r§1 §r§3 §r§3 §r§7 §r§8 
23:19:25 [PROFILE_JOIN] §aYou are playing on profile: §eLemon§b (Co-op)
23:19:25 [PROFILE_JOIN] §8Profile ID: 62b760d8-92b6-4501-ada0-1fd8583f5266
23:20:14 [EMPTY] §8 §r§8 §r§1 §r§3 §r§3 §r§7 §r§8 
23:20:18 [PROFILE_JOIN] §aYou are playing on profile: §eLemon§b (Co-op)
23:20:18 [PROFILE_JOIN] §8Profile ID: 62b760d8-92b6-4501-ada0-1fd8583f5266
23:25:16 [GUILD_EXP] §aYou earned §r§2528 GEXP §r§a+ §r§e1,584 Event EXP §r§afrom playing SkyBlock!
23:30:17 [GUILD_EXP] §aYou earned §r§2670 GEXP §r§a+ §r§e2,010 Event EXP §r§afrom playing SkyBlock!
23:35:18 [GUILD_EXP] §aYou earned §r§2508 GEXP §r§a+ §r§e1,524 Event EXP §r§afrom playing SkyBlock!
23:40:19 [GUILD_EXP] §aYou earned §r§2451 GEXP §r§a+ §r§e1,353 Event EXP §r§afrom playing SkyBlock!
23:45:19 [GUILD_EXP] §aYou earned §r§2186 GEXP §r§a+ §r§e558 Event EXP §r§afrom playing SkyBlock!
23:49:06 [EMPTY] 
23:50:21 [GUILD_EXP] §aYou earned §r§293 GEXP §r§a+ §r§e279 Event EXP §r§afrom playing SkyBlock!
23:50:49 [EMPTY] §8 §r§8 §r§1 §r§3 §r§3 §r§7 §r§8 
23:50:52 [PROFILE_JOIN] §aYou are playing on profile: §eLemon§b (Co-op)
23:50:52 [PROFILE_JOIN] §8Profile ID: 62b760d8-92b6-4501-ada0-1fd8583f5266
23:51:38 [EMPTY]  
23:51:38 [EMPTY]  
23:51:38 [EMPTY]  
23:52:58 [EMPTY] §8 §r§8 §r§1 §r§3 §r§3 §r§7 §r§8 
23:53:01 [PROFILE_JOIN] §aYou are playing on profile: §eLemon§b (Co-op)
23:53:01 [PROFILE_JOIN] §8Profile ID: 62b760d8-92b6-4501-ada0-1fd8583f5266
23:53:14 [EMPTY] §8 §r§8 §r§1 §r§3 §r§3 §r§7 §r§8 
23:53:18 [PROFILE_JOIN] §aYou are playing on profile: §eLemon§b (Co-op)
23:53:18 [PROFILE_JOIN] §8Profile ID: 62b760d8-92b6-4501-ada0-1fd8583f5266
23:53:18 [EMPTY] §8 §r§8 §r§1 §r§3 §r§3 §r§7 §r§8 
23:53:22 [PROFILE_JOIN] §aYou are playing on profile: §eLemon§b (Co-op)
23:53:22 [PROFILE_JOIN] §8Profile ID: 62b760d8-92b6-4501-ada0-1fd8583f5266
23:53:48 [EMPTY] §8 §r§8 §r§1 §r§3 §r§3 §r§7 §r§8 
23:53:50 [EMPTY] 
23:53:50 [EMPTY]  
23:53:51 [PROFILE_JOIN] §aYou are playing on profile: §eLemon§b (Co-op)
23:53:51 [PROFILE_JOIN] §8Profile ID: 62b760d8-92b6-4501-ada0-1fd8583f5266
23:53:54 [EMPTY] §8 §r§8 §r§1 §r§3 §r§3 §r§7 §r§8 
23:53:57 [PROFILE_JOIN] §aYou are playing on profile: §eLemon§b (Co-op)
23:53:57 [PROFILE_JOIN] §8Profile ID: 62b760d8-92b6-4501-ada0-1fd8583f5266
23:54:34 [EMPTY]  
23:54:34 [EMPTY]  
23:54:34 [EMPTY]  
23:56:37 [GUILD_EXP] §aYou earned §r§2168 GEXP §r§a+ §r§e504 Event EXP §r§afrom playing SkyBlock!
00:10:09 [EMPTY] §f §r§r§r§f §r§r§r§1 §r§r§r§0 §r§r§r§2 §r§r§r§f §r§r§r§f §r§r§r§2 §r§r§r§0 §r§r§r§4 §r§r§r§3 §r§r§r§9 §r§r§r§2 §r§r§r§0 §r§r§r§0 §r§r§r§3 §r§r§r§9 §r§r§r§2 §r§r§r§0 §r§r§r§0 §r§r§r§3 §r§r§r§9 §r§r§r§2 §r§r§r§0 §r§r§r§0 
00:10:11 [EMPTY] 
00:10:11 [EMPTY]  
00:12:15 [EMPTY] §f §r§r§r§f §r§r§r§1 §r§r§r§0 §r§r§r§2 §r§r§r§f §r§r§r§f §r§r§r§2 §r§r§r§0 §r§r§r§4 §r§r§r§3 §r§r§r§9 §r§r§r§2 §r§r§r§0 §r§r§r§0 §r§r§r§3 §r§r§r§9 §r§r§r§2 §r§r§r§0 §r§r§r§0 §r§r§r§3 §r§r§r§9 §r§r§r§2 §r§r§r§0 §r§r§r§0 
00:12:17 [EMPTY] 
00:12:17 [EMPTY]  
00:14:21 [EMPTY] §f §r§r§r§f §r§r§r§1 §r§r§r§0 §r§r§r§2 §r§r§r§f §r§r§r§f §r§r§r§2 §r§r§r§0 §r§r§r§4 §r§r§r§3 §r§r§r§9 §r§r§r§2 §r§r§r§0 §r§r§r§0 §r§r§r§3 §r§r§r§9 §r§r§r§2 §r§r§r§0 §r§r§r§0 §r§r§r§3 §r§r§r§9 §r§r§r§2 §r§r§r§0 §r§r§r§0 
00:14:23 [EMPTY] 
00:14:23 [EMPTY]  
00:16:28 [EMPTY] §f §r§r§r§f §r§r§r§1 §r§r§r§0 §r§r§r§2 §r§r§r§f §r§r§r§f §r§r§r§2 §r§r§r§0 §r§r§r§4 §r§r§r§3 §r§r§r§9 §r§r§r§2 §r§r§r§0 §r§r§r§0 §r§r§r§3 §r§r§r§9 §r§r§r§2 §r§r§r§0 §r§r§r§0 §r§r§r§3 §r§r§r§9 §r§r§r§2 §r§r§r§0 §r§r§r§0 
00:16:30 [EMPTY] 
00:16:30 [EMPTY]  
00:16:32 [EMPTY] 
00:16:32 [EMPTY]  
00:16:48 [EMPTY] §f §r§r§r§f §r§r§r§1 §r§r§r§0 §r§r§r§2 §r§r§r§f §r§r§r§f §r§r§r§2 §r§r§r§0 §r§r§r§4 §r§r§r§3 §r§r§r§9 §r§r§r§2 §r§r§r§0 §r§r§r§0 §r§r§r§3 §r§r§r§9 §r§r§r§2 §r§r§r§0 §r§r§r§0 §r§r§r§3 §r§r§r§9 §r§r§r§2 §r§r§r§0 §r§r§r§0 
00:16:54 [EMPTY] §8 §r§8 §r§1 §r§3 §r§3 §r§7 §r§8 
00:16:56 [EMPTY] 
00:16:56 [WELCOME] §eWelcome to §r§aHypixel SkyBlock§r§e!
00:16:56 [EMPTY] 
00:16:57 [PROFILE_JOIN] §aYou are playing on profile: §eLemon§b (Co-op)
00:16:57 [PROFILE_JOIN] §8Profile ID: 62b760d8-92b6-4501-ada0-1fd8583f5266
00:17:19 [EMPTY] §8 §r§8 §r§1 §r§3 §r§3 §r§7 §r§8 
00:17:22 [PROFILE_JOIN] §aYou are playing on profile: §eLemon§b (Co-op)
00:17:22 [PROFILE_JOIN] §8Profile ID: 62b760d8-92b6-4501-ada0-1fd8583f5266
00:19:41 [GUILD_EXP] §aYou earned §r§2163 GEXP §r§a+ §r§e489 Event EXP §r§afrom playing SkyBlock!
00:22:14 [EMPTY] §8 §r§8 §r§1 §r§3 §r§3 §r§7 §r§8 
00:22:17 [PROFILE_JOIN] §aYou are playing on profile: §eLemon§b (Co-op)
00:22:17 [PROFILE_JOIN] §8Profile ID: 62b760d8-92b6-4501-ada0-1fd8583f5266
00:22:23 [EMPTY] §8 §r§8 §r§1 §r§3 §r§3 §r§7 §r§8 
00:22:26 [PROFILE_JOIN] §aYou are playing on profile: §eLemon§b (Co-op)
00:22:26 [PROFILE_JOIN] §8Profile ID: 62b760d8-92b6-4501-ada0-1fd8583f5266
00:23:48 [EMPTY] §8 §r§8 §r§1 §r§3 §r§3 §r§7 §r§8 
00:23:52 [PROFILE_JOIN] §aYou are playing on profile: §eLemon§b (Co-op)
00:23:52 [PROFILE_JOIN] §8Profile ID: 62b760d8-92b6-4501-ada0-1fd8583f5266
00:25:08 [EMPTY] §8 §r§8 §r§1 §r§3 §r§3 §r§7 §r§8 
00:25:12 [PROFILE_JOIN] §aYou are playing on profile: §eLemon§b (Co-op)
00:25:12 [PROFILE_JOIN] §8Profile ID: 62b760d8-92b6-4501-ada0-1fd8583f5266
00:27:40 [EMPTY] §8 §r§8 §r§1 §r§3 §r§3 §r§7 §r§8 
00:27:43 [PROFILE_JOIN] §aYou are playing on profile: §eLemon§b (Co-op)
00:27:43 [PROFILE_JOIN] §8Profile ID: 62b760d8-92b6-4501-ada0-1fd8583f5266
00:32:41 [GUILD_EXP] §aYou earned §r§2526 GEXP §r§a+ §r§e1,578 Event EXP §r§afrom playing SkyBlock!
00:37:07 [EMPTY] §8 §r§8 §r§1 §r§3 §r§3 §r§7 §r§8 
00:37:11 [PROFILE_JOIN] §aYou are playing on profile: §eLemon§b (Co-op)
00:37:11 [PROFILE_JOIN] §8Profile ID: 62b760d8-92b6-4501-ada0-1fd8583f5266
00:37:12 [EMPTY] §8 §r§8 §r§1 §r§3 §r§3 §r§7 §r§8 
00:37:16 [PROFILE_JOIN] §aYou are playing on profile: §eLemon§b (Co-op)
00:37:16 [PROFILE_JOIN] §8Profile ID: 62b760d8-92b6-4501-ada0-1fd8583f5266
00:37:42 [EMPTY] §8 §r§8 §r§1 §r§3 §r§3 §r§7 §r§8 
00:37:47 [PROFILE_JOIN] §aYou are playing on profile: §eLemon§b (Co-op)
00:37:47 [PROFILE_JOIN] §8Profile ID: 62b760d8-92b6-4501-ada0-1fd8583f5266
00:37:51 [SOLO_CLASS] §6Your §r§aArcher §r§6stats are doubled because you are the only player using this class!
00:37:51 [SOLO_STATS] §a[Archer] §r§fExtra Arrow Chance §r§c65%§r§f -> §r§a115%
00:37:51 [SOLO_STATS] §a[Archer] §r§fArrow Damage §r§c174%§r§f -> §r§a224%
00:38:20 [DUNGEON_KEYS_AND_DOORS] §a[VIP§r§6+§r§a] himej0shi§r§f §r§ehas obtained §r§a§r§6§r§8Wither Key§r§e!
00:38:55 [EMPTY]  
00:38:55 [BESTIARY] §f                                  §6§lBESTIARY
00:38:55 [BESTIARY] §f                          §b§lLonely Spider §7§85 §8➡§b §b6
00:38:55 [BESTIARY] 
00:38:55 [BESTIARY]                                   §r§6§lREWARDS
00:38:55 [BESTIARY]                      §r§8+§r§a3 Lonely Spider §r§b✯ Magic Find
00:38:55 [BESTIARY]                       §r§8+§r§a3 Lonely Spider §r§c❁ Strength
00:38:55 [BESTIARY]                          §r§8+§r§62% §r§aLonely Spider §r§7coins
00:38:55 [BESTIARY]                     §r§8+§r§a50% §r§7chance for extra XP orbs
00:38:55 [BESTIARY]                                §r§8+§r§b1 SkyBlock XP
00:38:55 [BESTIARY] 
00:38:55 [BESTIARY] §3§l▬▬▬▬▬▬▬▬▬▬▬▬▬▬▬▬▬▬▬▬▬▬▬▬▬▬▬▬▬▬▬▬▬▬▬▬▬▬▬▬▬▬▬▬▬▬▬▬▬▬▬▬▬▬▬▬▬▬▬▬▬▬▬▬
00:39:20 [DUNGEON_KEYS_AND_DOORS] §a§r§bcatholicschool§r§a opened a §r§8§lWITHER §r§adoor!
00:39:41 [DUNGEON_KEYS_AND_DOORS] §b[MVP§r§3+§r§b] catholicschool§r§f §r§ehas obtained §r§a§r§6§r§8Wither Key§r§e!
00:41:27 [DUNGEON_KEYS_AND_DOORS] §a§r§ahimej0shi§r§a opened a §r§8§lWITHER §r§adoor!
00:42:54 [GUILD_EXP] §aYou earned §r§2578 GEXP §r§a+ §r§e1,734 Event EXP §r§afrom playing SkyBlock!
00:45:26 [DUNGEON_KEYS_AND_DOORS] §b[MVP§r§3+§r§b] catholicschool§r§f §r§ehas obtained §r§a§r§6§r§8Wither Key§r§e!
00:45:47 [DUNGEON_KEYS_AND_DOORS] §a§r§ahimej0shi§r§a opened a §r§8§lWITHER §r§adoor!
00:47:35 [EMPTY]  
00:47:35 [BESTIARY] §f                                  §6§lBESTIARY
00:47:35 [BESTIARY] §f                          §b§lLonely Spider §7§86 §8➡§b §b7
00:47:35 [BESTIARY] 
00:47:35 [BESTIARY]                                   §r§6§lREWARDS
00:47:35 [BESTIARY]                      §r§8+§r§a3 Lonely Spider §r§b✯ Magic Find
00:47:35 [BESTIARY]                       §r§8+§r§a3 Lonely Spider §r§c❁ Strength
00:47:35 [BESTIARY]                          §r§8+§r§62% §r§aLonely Spider §r§7coins
00:47:35 [BESTIARY]                     §r§8+§r§a50% §r§7chance for extra XP orbs
00:47:35 [BESTIARY]                                §r§8+§r§b1 SkyBlock XP
00:47:35 [BESTIARY] 
00:47:35 [BESTIARY] §3§l▬▬▬▬▬▬▬▬▬▬▬▬▬▬▬▬▬▬▬▬▬▬▬▬▬▬▬▬▬▬▬▬▬▬▬▬▬▬▬▬▬▬▬▬▬▬▬▬▬▬▬▬▬▬▬▬▬▬▬▬▬▬▬▬
00:47:39 [EMPTY]  
00:47:39 [BESTIARY] §f                                  §6§lBESTIARY
00:47:39 [BESTIARY] §f                          §b§lLonely Spider §7§87 §8➡§b §b8
00:47:39 [BESTIARY] 
00:47:39 [BESTIARY]                                   §r§6§lREWARDS
00:47:39 [BESTIARY]                      §r§8+§r§a3 Lonely Spider §r§b✯ Magic Find
00:47:39 [BESTIARY]                       §r§8+§r§a3 Lonely Spider §r§c❁ Strength
00:47:39 [BESTIARY]                          §r§8+§r§62% §r§aLonely Spider §r§7coins
00:47:39 [BESTIARY]                     §r§8+§r§a50% §r§7chance for extra XP orbs
00:47:39 [BESTIARY]                                §r§8+§r§b1 SkyBlock XP
00:47:39 [BESTIARY] 
00:47:39 [BESTIARY] §3§l▬▬▬▬▬▬▬▬▬▬▬▬▬▬▬▬▬▬▬▬▬▬▬▬▬▬▬▬▬▬▬▬▬▬▬▬▬▬▬▬▬▬▬▬▬▬▬▬▬▬▬▬▬▬▬▬▬▬▬▬▬▬▬▬
00:48:07 [GUILD_EXP] §aYou earned §r§2628 GEXP §r§a+ §r§e1,884 Event EXP §r§afrom playing SkyBlock!
00:48:07 [EVENT] ▬▬▬▬▬▬▬▬▬▬▬▬▬▬▬▬▬▬▬▬▬▬▬▬▬▬▬▬▬▬▬▬▬▬▬▬▬▬▬▬▬▬▬▬▬▬▬▬▬▬▬▬▬▬▬▬▬▬▬▬▬▬▬▬
00:48:07 [EVENT]                                 §r§e§k#§r§6 LEVEL UP! §r§e§k#
00:48:07 [EMPTY] 
00:48:07 [EVENT]                        §r§7You are now §r§eEvent Level §r§682§r§7!
00:48:07 [EVENT]                        §r§7You earned §r§f26 Event Silver§r§7!
00:48:07 [EMPTY] 
00:48:07 [EVENT] ▬▬▬▬▬▬▬▬▬▬▬▬▬▬▬▬▬▬▬▬▬▬▬▬▬▬▬▬▬▬▬▬▬▬▬▬▬▬▬▬▬▬▬▬▬▬▬▬▬▬▬▬▬▬▬▬▬▬▬▬▬▬▬▬
00:53:09 [GUILD_EXP] §aYou earned §r§2750 GEXP §r§a+ §r§e2,250 Event EXP §r§afrom playing SkyBlock!
00:54:31 [EMPTY]  
00:54:31 [BESTIARY] §f                                  §6§lBESTIARY
00:54:31 [BESTIARY] §f                            §b§lSkeletor §7§811 §8➡§b §b12
00:54:31 [BESTIARY] 
00:54:31 [BESTIARY]                                   §r§6§lREWARDS
00:54:31 [BESTIARY]                          §r§8+§r§a4 Skeletor §r§b✯ Magic Find
00:54:31 [BESTIARY]                          §r§8+§r§a4 Skeletor §r§c❁ Strength
00:54:31 [BESTIARY]                              §r§8+§r§62% §r§aSkeletor §r§7coins
00:54:31 [BESTIARY]                     §r§8+§r§a50% §r§7chance for extra XP orbs
00:54:31 [BESTIARY]                                §r§8+§r§b1 SkyBlock XP
00:54:31 [BESTIARY] 
00:54:31 [BESTIARY] §3§l▬▬▬▬▬▬▬▬▬▬▬▬▬▬▬▬▬▬▬▬▬▬▬▬▬▬▬▬▬▬▬▬▬▬▬▬▬▬▬▬▬▬▬▬▬▬▬▬▬▬▬▬▬▬▬▬▬▬▬▬▬▬▬▬
00:55:44 [DUNGEON_KEYS_AND_DOORS] §a[VIP§r§6+§r§a] himej0shi§r§f §r§ehas obtained §r§a§r§c§r§cBlood Key§r§e!
00:58:29 [GUILD_EXP] §aYou earned §r§2740 GEXP §r§a+ §r§e2,220 Event EXP §r§afrom playing SkyBlock!
00:59:58 [DUNGEON_COPILOT] §c[BOSS] The Watcher§r§f: You have proven yourself. You may pass.
01:01:33 [EMPTY] 
01:01:33 [EMPTY] §c
01:04:52 [EMPTY] 
01:04:54 [EMPTY] 
01:04:54 [EMPTY] 
01:04:56 [GUILD_EXP] §aYou earned §r§2698 GEXP §r§a+ §r§e2,094 Event EXP §r§afrom playing SkyBlock!
01:05:22 [EMPTY] 
01:05:22 [EMPTY] 
01:05:33 [EMPTY] §8 §r§8 §r§1 §r§3 §r§3 §r§7 §r§8 
01:05:36 [PROFILE_JOIN] §aYou are playing on profile: §eLemon§b (Co-op)
01:05:36 [PROFILE_JOIN] §8Profile ID: 62b760d8-92b6-4501-ada0-1fd8583f5266
01:05:47 [EMPTY] §8 §r§8 §r§1 §r§3 §r§3 §r§7 §r§8 
01:05:50 [PROFILE_JOIN] §aYou are playing on profile: §eLemon§b (Co-op)
01:05:50 [PROFILE_JOIN] §8Profile ID: 62b760d8-92b6-4501-ada0-1fd8583f5266
01:06:32 [EMPTY] §8 §r§8 §r§1 §r§3 §r§3 §r§7 §r§8 
01:06:36 [PROFILE_JOIN] §aYou are playing on profile: §eLemon§b (Co-op)
01:06:36 [PROFILE_JOIN] §8Profile ID: 62b760d8-92b6-4501-ada0-1fd8583f5266
01:06:44 [EMPTY] §f §r§r§r§f §r§r§r§1 §r§r§r§0 §r§r§r§2 §r§r§r§f §r§r§r§f §r§r§r§2 §r§r§r§0 §r§r§r§4 §r§r§r§3 §r§r§r§9 §r§r§r§2 §r§r§r§0 §r§r§r§0 §r§r§r§3 §r§r§r§9 §r§r§r§2 §r§r§r§0 §r§r§r§0 §r§r§r§3 §r§r§r§9 §r§r§r§2 §r§r§r§0 §r§r§r§0 
01:06:47 [EMPTY] §8 §r§8 §r§1 §r§3 §r§3 §r§7 §r§8 
01:06:50 [EMPTY] 
01:06:50 [WELCOME] §eWelcome to §r§aHypixel SkyBlock§r§e!
01:06:50 [EMPTY] 
01:06:50 [PROFILE_JOIN] §aYou are playing on profile: §eLemon§b (Co-op)
01:06:50 [PROFILE_JOIN] §8Profile ID: 62b760d8-92b6-4501-ada0-1fd8583f5266
01:10:11 [EMPTY] §f §r§r§r§f §r§r§r§1 §r§r§r§0 §r§r§r§2 §r§r§r§f §r§r§r§f §r§r§r§2 §r§r§r§0 §r§r§r§4 §r§r§r§3 §r§r§r§9 §r§r§r§2 §r§r§r§0 §r§r§r§0 §r§r§r§3 §r§r§r§9 §r§r§r§2 §r§r§r§0 §r§r§r§0 §r§r§r§3 §r§r§r§9 §r§r§r§2 §r§r§r§0 §r§r§r§0 
01:10:17 [EMPTY] §8 §r§8 §r§1 §r§3 §r§3 §r§7 §r§8 
01:10:20 [EMPTY] 
01:10:20 [WELCOME] §eWelcome to §r§aHypixel SkyBlock§r§e!
01:10:20 [EMPTY] 
01:10:21 [PROFILE_JOIN] §aYou are playing on profile: §eLemon§b (Co-op)
01:10:21 [PROFILE_JOIN] §8Profile ID: 62b760d8-92b6-4501-ada0-1fd8583f5266
01:12:03 [EMPTY] §8 §r§8 §r§1 §r§3 §r§3 §r§7 §r§8 
01:12:07 [PROFILE_JOIN] §aYou are playing on profile: §eLemon§b (Co-op)
01:12:07 [PROFILE_JOIN] §8Profile ID: 62b760d8-92b6-4501-ada0-1fd8583f5266
01:12:44 [EMPTY] §8 §r§8 §r§1 §r§3 §r§3 §r§7 §r§8 
01:12:48 [PROFILE_JOIN] §aYou are playing on profile: §eLemon§b (Co-op)
01:12:48 [PROFILE_JOIN] §8Profile ID: 62b760d8-92b6-4501-ada0-1fd8583f5266
01:13:20 [EMPTY] §8 §r§8 §r§1 §r§3 §r§3 §r§7 §r§8 
01:13:23 [PROFILE_JOIN] §aYou are playing on profile: §eLemon§b (Co-op)
01:13:23 [PROFILE_JOIN] §8Profile ID: 62b760d8-92b6-4501-ada0-1fd8583f5266
01:13:56 [EMPTY] §8 §r§8 §r§1 §r§3 §r§3 §r§7 §r§8 
01:13:59 [PROFILE_JOIN] §aYou are playing on profile: §eLemon§b (Co-op)
01:13:59 [PROFILE_JOIN] §8Profile ID: 62b760d8-92b6-4501-ada0-1fd8583f5266
01:18:57 [GUILD_EXP] §aYou earned §r§2556 GEXP §r§a+ §r§e1,668 Event EXP §r§afrom playing SkyBlock!
01:23:58 [GUILD_EXP] §aYou earned §r§2641 GEXP §r§a+ §r§e1,923 Event EXP §r§afrom playing SkyBlock!
01:28:59 [GUILD_EXP] §aYou earned §r§2748 GEXP §r§a+ §r§e2,244 Event EXP §r§afrom playing SkyBlock!
01:30:08 [EMPTY] §8 §r§8 §r§1 §r§3 §r§3 §r§7 §r§8 
01:30:12 [PROFILE_JOIN] §aYou are playing on profile: §eLemon§b (Co-op)
01:30:12 [PROFILE_JOIN] §8Profile ID: 62b760d8-92b6-4501-ada0-1fd8583f5266
01:30:29 [EMPTY] §8 §r§8 §r§1 §r§3 §r§3 §r§7 §r§8 
01:30:33 [PROFILE_JOIN] §aYou are playing on profile: §eLemon§b (Co-op)
01:30:33 [PROFILE_JOIN] §8Profile ID: 62b760d8-92b6-4501-ada0-1fd8583f5266
01:30:37 [SOLO_CLASS] §6Your §r§aArcher §r§6stats are doubled because you are the only player using this class!
01:30:37 [SOLO_STATS] §a[Archer] §r§fExtra Arrow Chance §r§c65%§r§f -> §r§a115%
01:30:37 [SOLO_STATS] §a[Archer] §r§fArrow Damage §r§c174%§r§f -> §r§a224%
01:30:44 [EMPTY]  
01:30:44 [BESTIARY] §f                                  §6§lBESTIARY
01:30:44 [BESTIARY] §f                         §b§lZombie Soldier §7§85 §8➡§b §b6
01:30:44 [BESTIARY] 
01:30:44 [BESTIARY]                                   §r§6§lREWARDS
01:30:44 [BESTIARY]                      §r§8+§r§a3 Zombie Soldier §r§b✯ Magic Find
01:30:44 [BESTIARY]                       §r§8+§r§a3 Zombie Soldier §r§c❁ Strength
01:30:44 [BESTIARY]                          §r§8+§r§62% §r§aZombie Soldier §r§7coins
01:30:44 [BESTIARY]                     §r§8+§r§a50% §r§7chance for extra XP orbs
01:30:44 [BESTIARY]                                §r§8+§r§b1 SkyBlock XP
01:30:44 [BESTIARY] 
01:30:44 [BESTIARY] §3§l▬▬▬▬▬▬▬▬▬▬▬▬▬▬▬▬▬▬▬▬▬▬▬▬▬▬▬▬▬▬▬▬▬▬▬▬▬▬▬▬▬▬▬▬▬▬▬▬▬▬▬▬▬▬▬▬▬▬▬▬▬▬▬▬
01:30:54 [DUNGEON_KEYS_AND_DOORS] §b[MVP§r§3+§r§b] catholicschool§r§f §r§ehas obtained §r§a§r§6§r§8Wither Key§r§e!
01:30:54 [EMPTY]  
01:30:54 [BESTIARY] §f                                  §6§lBESTIARY
01:30:54 [BESTIARY] §f                          §b§lTank Zombie §7§810 §8➡§b §b11
01:30:54 [BESTIARY] 
01:30:54 [BESTIARY]                                   §r§6§lREWARDS
01:30:54 [BESTIARY]                        §r§8+§r§a4 Tank Zombie §r§b✯ Magic Find
01:30:54 [BESTIARY]                        §r§8+§r§a4 Tank Zombie §r§c❁ Strength
01:30:54 [BESTIARY]                            §r§8+§r§62% §r§aTank Zombie §r§7coins
01:30:54 [BESTIARY]                     §r§8+§r§a50% §r§7chance for extra XP orbs
01:30:54 [BESTIARY]                                §r§8+§r§b1 SkyBlock XP
01:30:54 [BESTIARY] 
01:30:54 [BESTIARY] §3§l▬▬▬▬▬▬▬▬▬▬▬▬▬▬▬▬▬▬▬▬▬▬▬▬▬▬▬▬▬▬▬▬▬▬▬▬▬▬▬▬▬▬▬▬▬▬▬▬▬▬▬▬▬▬▬▬▬▬▬▬▬▬▬▬
01:31:58 [DUNGEON_KEYS_AND_DOORS] §a§r§bcatholicschool§r§a opened a §r§8§lWITHER §r§adoor!
01:32:17 [DUNGEON_KEYS_AND_DOORS] §b[MVP§r§3+§r§b] catholicschool§r§f §r§ehas obtained §r§a§r§6§r§8Wither Key§r§e!
01:35:32 [GUILD_EXP] §aYou earned §r§2578 GEXP §r§a+ §r§e1,734 Event EXP §r§afrom playing SkyBlock!
01:40:34 [GUILD_EXP] §aYou earned §r§2748 GEXP §r§a+ §r§e1,690 Event EXP §r§afrom playing SkyBlock!
01:41:15 [DUNGEON_KEYS_AND_DOORS] §a§r§ahimej0shi§r§a opened a §r§8§lWITHER §r§adoor!
01:41:46 [DUNGEON_KEYS_AND_DOORS] §b[MVP§r§3+§r§b] catholicschool§r§f §r§ehas obtained §r§a§r§6§r§8Wither Key§r§e!
01:41:52 [DUNGEON_KEYS_AND_DOORS] §a§r§bcatholicschool§r§a opened a §r§8§lWITHER §r§adoor!
01:41:56 [FAIRY] §dUssaea the Fairy§r§f: You killed me! Take this §r§6Revive Stone §r§fso that my death is not in vain!
01:45:16 [DUNGEON_KEYS_AND_DOORS] §a[VIP§r§6+§r§a] himej0shi§r§f §r§ehas obtained §r§a§r§c§r§cBlood Key§r§e!
01:45:35 [GUILD_EXP] §aYou earned §r§2713 GEXP §r§afrom playing SkyBlock!
01:47:31 [EMPTY]  
01:47:31 [BESTIARY] §f                                  §6§lBESTIARY
01:47:31 [BESTIARY] §f                                  §b§lBat §7§87 §8➡§b §b8
01:47:31 [BESTIARY] 
01:47:31 [BESTIARY]                                   §r§6§lREWARDS
01:47:31 [BESTIARY]                             §r§8+§r§a3 Bat §r§b✯ Magic Find
01:47:31 [BESTIARY]                              §r§8+§r§a3 Bat §r§c❁ Strength
01:47:31 [BESTIARY]                                 §r§8+§r§62% §r§aBat §r§7coins
01:47:31 [BESTIARY]                     §r§8+§r§a50% §r§7chance for extra XP orbs
01:47:31 [BESTIARY]                                §r§8+§r§b1 SkyBlock XP
01:47:31 [BESTIARY] 
01:47:31 [BESTIARY] §3§l▬▬▬▬▬▬▬▬▬▬▬▬▬▬▬▬▬▬▬▬▬▬▬▬▬▬▬▬▬▬▬▬▬▬▬▬▬▬▬▬▬▬▬▬▬▬▬▬▬▬▬▬▬▬▬▬▬▬▬▬▬▬▬▬
01:50:36 [GUILD_EXP] §aYou earned §r§2359 GEXP §r§afrom playing SkyBlock!
01:51:18 [DUNGEON_COPILOT] §c[BOSS] The Watcher§r§f: You have proven yourself. You may pass.
01:54:24 [EMPTY] 
01:54:26 [EMPTY] 
01:54:26 [EMPTY] 
01:54:52 [EMPTY] 
01:54:52 [EMPTY] 
01:54:59 [EMPTY] §8 §r§8 §r§1 §r§3 §r§3 §r§7 §r§8 
01:55:03 [PROFILE_JOIN] §aYou are playing on profile: §eLemon§b (Co-op)
01:55:03 [PROFILE_JOIN] §8Profile ID: 62b760d8-92b6-4501-ada0-1fd8583f5266
01:57:01 [REFORGE_HIDE] §aYou reforged your §r§9Fine Machine Gun Shortbow §r§ainto a §r§9Unreal Machine Gun Shortbow§r§a!
01:57:01 [REFORGE_HIDE] §aYou reforged your §r§9Unreal Machine Gun Shortbow §r§ainto a §r§9Grand Machine Gun Shortbow§r§a!
01:57:02 [REFORGE_HIDE] §aYou reforged your §r§9Grand Machine Gun Shortbow §r§ainto a §r§9Rich Machine Gun Shortbow§r§a!
01:57:03 [REFORGE_HIDE] §aYou reforged your §r§9Rich Machine Gun Shortbow §r§ainto a §r§9Neat Machine Gun Shortbow§r§a!
01:57:04 [REFORGE_HIDE] §aYou reforged your §r§9Neat Machine Gun Shortbow §r§ainto a §r§9Grand Machine Gun Shortbow§r§a!
01:57:05 [REFORGE_HIDE] §aYou reforged your §r§9Grand Machine Gun Shortbow §r§ainto a §r§9Unreal Machine Gun Shortbow§r§a!
01:57:05 [REFORGE_HIDE] §aYou reforged your §r§9Unreal Machine Gun Shortbow §r§ainto a §r§9Awkward Machine Gun Shortbow§r§a!
01:57:06 [REFORGE_HIDE] §aYou reforged your §r§9Awkward Machine Gun Shortbow §r§ainto a §r§9Unreal Machine Gun Shortbow§r§a!
01:57:06 [REFORGE_HIDE] §aYou reforged your §r§9Unreal Machine Gun Shortbow §r§ainto a §r§9Awkward Machine Gun Shortbow§r§a!
01:57:07 [REFORGE_HIDE] §aYou reforged your §r§9Awkward Machine Gun Shortbow §r§ainto a §r§9Fine Machine Gun Shortbow§r§a!
01:57:07 [REFORGE_HIDE] §aYou reforged your §r§9Fine Machine Gun Shortbow §r§ainto a §r§9Grand Machine Gun Shortbow§r§a!
01:57:08 [REFORGE_HIDE] §aYou reforged your §r§9Grand Machine Gun Shortbow §r§ainto a §r§9Neat Machine Gun Shortbow§r§a!
01:57:08 [REFORGE_HIDE] §aYou reforged your §r§9Neat Machine Gun Shortbow §r§ainto a §r§9Unreal Machine Gun Shortbow§r§a!
01:57:09 [REFORGE_HIDE] §aYou reforged your §r§9Unreal Machine Gun Shortbow §r§ainto a §r§9Neat Machine Gun Shortbow§r§a!
01:57:10 [REFORGE_HIDE] §aYou reforged your §r§9Neat Machine Gun Shortbow §r§ainto a §r§9Hasty Machine Gun Shortbow§r§a!
01:57:10 [REFORGE_HIDE] §aYou reforged your §r§9Hasty Machine Gun Shortbow §r§ainto a §r§9Rich Machine Gun Shortbow§r§a!
01:57:11 [REFORGE_HIDE] §aYou reforged your §r§9Rich Machine Gun Shortbow §r§ainto a §r§9Unreal Machine Gun Shortbow§r§a!
01:57:12 [REFORGE_HIDE] §aYou reforged your §r§9Unreal Machine Gun Shortbow §r§ainto a §r§9Rapid Machine Gun Shortbow§r§a!
01:57:26 [RARE_DROPS] §6§lRARE REWARD! §r§bslayz §r§efound a §r§6Recombobulator 3000 §r§ein their Obsidian Chest§r§e!
01:57:30 [RARE_DROPS] §6§lRARE REWARD! §r§bslayz §r§efound a §r§5Spirit Wing §r§ein their Obsidian Chest§r§e!
01:57:34 [RARE_DROPS] §6§lRARE REWARD! §r§bslayz §r§efound a §r§6Recombobulator 3000 §r§ein their Obsidian Chest§r§e!
01:57:49 [RARE_DROPS] §6§lRARE REWARD! §r§bslayz §r§efound a §r§5Fuming Potato Book §r§ein their Obsidian Chest§r§e!
01:57:53 [RARE_DROPS] §6§lRARE REWARD! §r§bslayz §r§efound a §r§5Spirit Bone §r§ein their Obsidian Chest§r§e!
01:57:56 [RARE_DROPS] §6§lRARE REWARD! §r§bslayz §r§efound a §r§6Recombobulator 3000 §r§ein their Obsidian Chest§r§e!
01:58:02 [EMPTY] §8 §r§8 §r§1 §r§3 §r§3 §r§7 §r§8 
01:58:05 [PROFILE_JOIN] §aYou are playing on profile: §eLemon§b (Co-op)
01:58:05 [PROFILE_JOIN] §8Profile ID: 62b760d8-92b6-4501-ada0-1fd8583f5266
02:44:43 [EMPTY] §f §r§r§r§f §r§r§r§1 §r§r§r§0 §r§r§r§2 §r§r§r§f §r§r§r§f §r§r§r§2 §r§r§r§0 §r§r§r§4 §r§r§r§3 §r§r§r§9 §r§r§r§2 §r§r§r§0 §r§r§r§0 §r§r§r§3 §r§r§r§9 §r§r§r§2 §r§r§r§0 §r§r§r§0 §r§r§r§3 §r§r§r§9 §r§r§r§2 §r§r§r§0 §r§r§r§0 
