21:04:33 §e[SkyHanni] Reloaded 7531 items in the NEU repo
21:05:09 §e[SkyHanni] §aSkyHanni found a new update: 4.7.0. Check §b/sh download update §afor more info.
21:05:09 §e[SkyHanni] §e§lCLICK HERE §r§eto view changes.
21:12:32 §6§lBESTIARY §r§b§lCreeper §7§81 §8➡§b §b2
21:33:16 §e[SkyHanni] Download of update complete. 
21:33:16 §e[SkyHanni] §aThe update will be installed after your next restart.
22:45:30 §e[SkyHanni] Successfully loaded this year's contests from elitebot.dev automatically!
22:45:47 §e[SkyHanni] Loaded Sugar Cane milestone data from tab list!
22:47:04 §6§lBESTIARY §r§b§lMosquito §7§83 §8➡§b §b4
22:47:53 §6§lBESTIARY §r§b§lSlug §7§83 §8➡§b §b4
22:48:39 §6§lBESTIARY §r§b§lCricket §7§83 §8➡§b §b4
22:49:00 §e[SkyHanni] Loaded Mushroom milestone data from tab list!
22:56:00 §e[SkyHanni] §e1 §aPest Spawned in §b2§a!
22:56:35 §6§lBESTIARY §r§b§lRat §7§83 §8➡§b §b4
22:58:47 §6§lBESTIARY MILESTONE §859➡§e60
22:58:47 §6§lBESTIARY MILESTONE §859➡§e60
22:58:47 §6§lBESTIARY MILESTONE §859➡§e60
22:58:47 §6§lBESTIARY MILESTONE §859➡§e60
22:58:47 §6§lBESTIARY MILESTONE §859➡§e60
22:58:47 §6§lBESTIARY MILESTONE §859➡§e60
22:59:08 §6§lBESTIARY §r§b§lFly §7§82 §8➡§b §b3
23:01:07 §6§lBESTIARY §r§b§lSlug §7§84 §8➡§b §b5
23:01:26 §e[SkyHanni] §e1 §aPest Spawned in §b7§a!
00:12:15 §e[SkyHanni] §fYou were in Limbo for §e5s§f.
00:14:21 §e[SkyHanni] §fYou were in Limbo for §e5s§f.
00:16:28 §e[SkyHanni] §fYou were in Limbo for §e5s§f.
00:38:55 §6§lBESTIARY §r§b§lLonely Spider §7§85 §8➡§b §b6
00:47:35 §6§lBESTIARY §r§b§lLonely Spider §7§86 §8➡§b §b7
00:47:39 §6§lBESTIARY §r§b§lLonely Spider §7§87 §8➡§b §b8
00:54:31 §6§lBESTIARY §r§b§lSkeletor §7§811 §8➡§b §b12
01:30:44 §6§lBESTIARY §r§b§lZombie Soldier §7§85 §8➡§b §b6
01:30:54 §6§lBESTIARY §r§b§lTank Zombie §7§810 §8➡§b §b11
01:47:31 §6§lBESTIARY §r§b§lBat §7§87 §8➡§b §b8
