21:30:14 [allowed] §aYou are still radiating with §bGenerosity§r§a!
21:30:26 [allowed] §b[MVP§3+§b] paramoore§f §6joined the lobby!
21:30:34 [allowed] §7Sending to server mini257H...
21:30:35 [allowed] §eProfile ID: §r§a62b760d8-92b6-4501-ada0-1fd8583f5266
21:30:35 [allowed] §e§lCLICK THIS TO SUGGEST IT IN CHAT §7§l[DASHES]
21:30:35 [allowed] §e§lCLICK THIS TO SUGGEST IT IN CHAT §7§l[NO DASHES]
21:30:37 [allowed] §eLatest update: §bSkyBlock v0.23.2 §e§lCLICK
21:30:42 [allowed] §6The sound of pickaxes clashing against the rock has attracted the attention of the §r§lPOWDER GHAST!
21:30:42 [allowed] §eFind the §r§6Powder Ghast§r§e near the §r§bDivan's Gateway§r§e!
21:30:57 [allowed] §e[NPC] Fetchur§f: §rhi i need your help maybe
21:30:59 [allowed] §e[NPC] Fetchur§f: §rim looking for some stuff, dont remember the name tbh
21:31:00 [allowed] §e[NPC] Fetchur§f: §rtheyre yellow and see through
21:31:00 [allowed] §e[NPC] Fetchur§f: Yellow Stained Glass
21:31:02 [allowed] §e[NPC] Fetchur§f: §ri need 20 pls
21:31:06 [allowed] §e[NPC] §5Gwendolyn§f: §rGreat! Now hop on into the Minecart and I'll get you on your way!
21:31:10 [allowed] §7Warping you to your SkyBlock island...
21:31:10 [allowed] §7Sending to server mini68BE...
21:31:11 [allowed] §aYou gained §r§b5,137.6 Mining §r§aexperience from minions!
21:32:17 [allowed] §aYou enchanted your §r§5Pickonimbus 2000 §r§awith Fortune III§r§a!
21:32:20 [allowed] §aYou enchanted your §r§5Pickonimbus 2000 §r§awith Efficiency V§r§a!
21:32:31 [allowed] §aYou enchanted your §r§5Pickonimbus 2000 §r§awith Fortune III§r§a!
21:32:36 [allowed] §aYou enchanted your §r§5Pickonimbus 2000 §r§awith Efficiency V§r§a!
21:32:43 [allowed] §7Warping...
21:32:43 [allowed] §7Sending to server mini29W...
21:32:43 [allowed] §7[§r§rS§r§rk§r§ry§r§rb§r§rl§r§ro§r§rc§r§rk§r§re§r§rr§r§7] §rReceived a waypoint to Jungle Temple from the Skyblocker WebSocket.
21:32:43 [allowed] §7[§r§rS§r§rk§r§ry§r§rb§r§rl§r§ro§r§rc§r§rk§r§re§r§rr§r§7] §rReceived a waypoint to Mines of Divan from the Skyblocker WebSocket.
21:32:43 [allowed] §7[§r§rS§r§rk§r§ry§r§rb§r§rl§r§ro§r§rc§r§rk§r§re§r§rr§r§7] §rReceived a waypoint to Goblin Queen's Den from the Skyblocker WebSocket.
21:32:43 [allowed] §7[§r§rS§r§rk§r§ry§r§rb§r§rl§r§ro§r§rc§r§rk§r§re§r§rr§r§7] §rReceived a waypoint to Lost Precursor City from the Skyblocker WebSocket.
21:32:43 [allowed] §7[§r§rS§r§rk§r§ry§r§rb§r§rl§r§ro§r§rc§r§rk§r§re§r§rr§r§7] §rReceived a waypoint to Khazad-dûm from the Skyblocker WebSocket.
21:32:43 [allowed] §7[§r§rS§r§rk§r§ry§r§rb§r§rl§r§ro§r§rc§r§rk§r§re§r§rr§r§7] §rReceived a waypoint to King Yolkar from the Skyblocker WebSocket.
21:32:43 [allowed] §7[§r§rS§r§rk§r§ry§r§rb§r§rl§r§ro§r§rc§r§rk§r§re§r§rr§r§7] §rReceived a waypoint to Odawa from the Skyblocker WebSocket.
21:33:42 [allowed] §cYou need a tool with a §r§aBreaking Power §r§cof §r§66§r§c to mine Ruby Gemstone Block§r§c! Speak to §r§dFragilis §r§cby the entrance to the Crystal Hollows to learn more!
21:34:55 [allowed] §aYou found §r§a☘ Flawed Jade Gemstone §r§8x2 §r§awith your §r§cMetal Detector§r§a!
21:34:55 [allowed] §6§lPICK IT UP!
21:35:01 [allowed] §aYou found §r§cScavenged Diamond Axe §r§awith your §r§cMetal Detector§r§a!
21:35:05 [allowed] §aYou found §r§cScavenged Emerald Hammer §r§awith your §r§cMetal Detector§r§a!
21:35:08 [allowed] §aYou found §r§cScavenged Lapis Sword §r§awith your §r§cMetal Detector§r§a!
21:35:13 [allowed] §aYou found §r§cScavenged Golden Hammer §r§awith your §r§cMetal Detector§r§a!
21:35:24 [allowed] §e[NPC] §6Keeper of Gold§f: §rExcellent! You have returned the §cScavenged Golden Hammer §rto its rightful place!
21:35:26 [allowed] §e[NPC] §6Keeper of Gold§f: §rUse your §cMetal Detector §rto find the remaining items!
21:35:29 [allowed] §e[NPC] §6Keeper of Emerald§f: §rExcellent! You have returned the §cScavenged Emerald Hammer §rto its rightful place!
21:35:31 [allowed] §e[NPC] §6Keeper of Emerald§f: §rUse your §cMetal Detector §rto find the remaining items!
21:35:34 [allowed] §e[NPC] §6Keeper of Diamond§f: §rExcellent! You have returned the §cScavenged Diamond Axe §rto its rightful place!
21:35:36 [allowed] §e[NPC] §6Keeper of Diamond§f: §rUse your §cMetal Detector §rto find the remaining items!
21:35:39 [allowed] §e[NPC] §6Keeper of Lapis§f: §rYou found all of the items! Behold... the §aJade Crystal§r!
21:35:42 [allowed] §5§l▬▬▬▬▬▬▬▬▬▬▬▬▬▬▬▬▬▬▬▬▬▬▬▬▬▬▬▬▬▬▬▬▬▬▬▬▬▬▬▬▬▬▬▬▬▬▬▬▬▬▬▬▬▬▬▬▬▬▬▬▬▬▬▬
21:35:42 [allowed]                        §r§5§l✦ CRYSTAL FOUND §r§7(1§r§7/5§r§7)
21:35:42 [allowed]                                 §r§aJade Crystal
21:35:42 [allowed]             §r§7Place this Crystal in the §r§5Crystal Nucleus §r§7and
21:35:42 [allowed]              §r§7find all §r§a5 §r§7Crystals in the §r§5Crystal Hollows §r§7to
21:35:42 [allowed]                                §r§7earn §r§6rare loot§r§7!
21:35:42 [allowed] §5§l▬▬▬▬▬▬▬▬▬▬▬▬▬▬▬▬▬▬▬▬▬▬▬▬▬▬▬▬▬▬▬▬▬▬▬▬▬▬▬▬▬▬▬▬▬▬▬▬▬▬▬▬▬▬▬▬▬▬▬▬▬▬▬▬
21:36:15 [allowed] §c[BOSS] Bal§r§f: Grrrr! You won't be able to hit my Fire Bats!
21:36:16 [allowed] §cThere are blocks in the way!
21:36:18 [allowed] §c[BOSS] Bal§r§f: Bah! Come forth my minions! Fly above, take them out!
21:36:19 [allowed] §cThere are blocks in the way!
21:36:26 [allowed] §c[BOSS] Bal§r§f: Bah! Come forth my minions! Fly above, take them out!
21:36:29 [allowed] §c[BOSS] Bal§r§f: Grrrr! You won't be able to hit my Fire Bats!
21:36:29 [allowed] §a§l+5 Kill Combo §r§b+3% §r§b✯ Magic Find
21:36:31 [allowed] §c§oThe boss's outer shell looks to be weakening!
21:36:32 [allowed] §c[BOSS] Bal§r§f: Grrrr! You won't be able to hit my Fire Bats!
21:36:37 [allowed] §c[BOSS] Bal§r§f: Bah! Come forth my minions! Fly above, take them out!
21:36:39 [allowed] §a§l+10 Kill Combo §r§8+§r§610 §r§7coins per kill
21:36:39 [allowed] §9§l+15 Kill Combo §r§b+3% §r§b✯ Magic Find
21:36:40 [allowed] §c[BOSS] Bal§r§f: Grrrr! You won't be able to hit my Fire Bats!
21:36:45 [allowed] §c§oHalf way there! The boss is starting to become weaker!
21:36:45 [allowed] §c[BOSS] Bal§r§f: Bah! Come forth my minions! Fly above, take them out!
21:36:46 [allowed] §5§l+20 Kill Combo §r§8§r§3+15☯ Combat Wisdom
21:36:47 [allowed] §c[BOSS] Bal§r§f: Bah! Come forth my minions! Fly above, take them out!
21:36:47 [allowed] §5§l+25 Kill Combo §r§b+3% §r§b✯ Magic Find
21:36:49 [allowed] §c[BOSS] Bal§r§f: Grrrr! You won't be able to hit my Fire Bats!
21:36:52 [allowed] §c§oNearly there! The boss is shaking, it can't last much longer!
21:36:52 [allowed] §cYour Kill Combo has expired! You reached a 29 Kill Combo!
21:36:57 [allowed] §c[BOSS] Bal§r§f: Bah! Come forth my minions! Fly above, take them out!
21:36:57 [allowed] §a§l+5 Kill Combo §r§b+3% §r§b✯ Magic Find
21:36:59 [allowed] §c[BOSS] Bal§r§f: Bah! Come forth my minions! Fly above, take them out!
21:37:00 [allowed] §a§l+10 Kill Combo §r§8+§r§610 §r§7coins per kill
21:37:01 [allowed] §c[BOSS] Bal§r§f: Bah! Come forth my minions! Fly above, take them out!
21:37:05 [allowed] §c[BOSS] Bal§r§f: AGGHHHHHHHHHHH!
21:37:05 [allowed] §c§oThe boss looks weak and tired and retreats into the lava...
21:37:06 [allowed] §cYour Kill Combo has expired! You reached a 13 Kill Combo!
21:37:13 [allowed] §5§l▬▬▬▬▬▬▬▬▬▬▬▬▬▬▬▬▬▬▬▬▬▬▬▬▬▬▬▬▬▬▬▬▬▬▬▬▬▬▬▬▬▬▬▬▬▬▬▬▬▬▬▬▬▬▬▬▬▬▬▬▬▬▬▬
21:37:13 [allowed]                        §r§5§l✦ CRYSTAL FOUND §r§7(2§r§7/5§r§7)
21:37:13 [allowed]                                 §r§eTopaz Crystal
21:37:13 [allowed]             §r§7Place this Crystal in the §r§5Crystal Nucleus §r§7and
21:37:13 [allowed]              §r§7find all §r§a5 §r§7Crystals in the §r§5Crystal Hollows §r§7to
21:37:13 [allowed]                                §r§7earn §r§6rare loot§r§7!
21:37:13 [allowed] §5§l▬▬▬▬▬▬▬▬▬▬▬▬▬▬▬▬▬▬▬▬▬▬▬▬▬▬▬▬▬▬▬▬▬▬▬▬▬▬▬▬▬▬▬▬▬▬▬▬▬▬▬▬▬▬▬▬▬▬▬▬▬▬▬▬
21:37:48 [allowed] §cThere are blocks in the way!
21:38:13 [allowed] §e[NPC] Professor Robot§f: §rBring me all §a6 §rkey components to the giant so that I can repair it!
21:38:23 [allowed] §a§l▬▬▬▬▬▬▬▬▬▬▬▬▬▬▬▬▬▬▬▬▬▬▬▬▬▬▬▬▬▬▬▬▬▬▬▬▬▬▬▬▬▬▬▬▬▬▬▬▬▬▬▬▬▬▬▬▬▬▬▬▬▬▬▬
21:38:23 [allowed]                            §r§b§l2X POWDER ENDED!
21:38:23 [allowed]                            §r§7Passive Active Event
21:38:23 [allowed]    Powder amount is back to normal, but there will be another
21:38:23 [allowed] §f                                 event soon!
21:38:23 [allowed] §a§l▬▬▬▬▬▬▬▬▬▬▬▬▬▬▬▬▬▬▬▬▬▬▬▬▬▬▬▬▬▬▬▬▬▬▬▬▬▬▬▬▬▬▬▬▬▬▬▬▬▬▬▬▬▬▬▬▬▬▬▬▬▬▬▬
21:38:24 [allowed] §e[NPC] Professor Robot§f: §rThanks for bringing me the §9FTX 3070§r! Bring me 5 more components to fix the giant!
21:38:25 [allowed] §e[NPC] Professor Robot§f: §rThanks for bringing me the §9Superlite Motor§r! Bring me 4 more components to fix the giant!
21:38:26 [allowed] §e[NPC] Professor Robot§f: §rThat's not one of the components I need! Bring me one of the missing components:
21:38:26 [allowed]   §r§9Electron Transmitter
21:38:26 [allowed]   §r§9Robotron Reflector
21:38:26 [allowed]   §r§9Control Switch
21:38:26 [allowed]   §r§9Synthetic Heart
21:38:27 [allowed] §e[NPC] Professor Robot§f: §rThanks for bringing me the §9Electron Transmitter§r! Bring me 3 more components to fix the giant!
21:38:27 [allowed] §e[NPC] Professor Robot§f: §rThat's not one of the components I need! Bring me one of the missing components:
21:38:27 [allowed]   §r§9Robotron Reflector
21:38:27 [allowed]   §r§9Control Switch
21:38:27 [allowed]   §r§9Synthetic Heart
21:38:28 [allowed] §e[NPC] Professor Robot§f: §rThanks for bringing me the §9Control Switch§r! Bring me 2 more components to fix the giant!
21:38:29 [allowed] §e[NPC] Professor Robot§f: §rThanks for bringing me the §9Synthetic Heart§r! Bring me one more component to fix the giant!
21:38:31 [allowed] §e[NPC] Professor Robot§f: §rThat's not the final component! Bring me a §9Robotron Reflector §rto gain access to Automaton Prime's storage container!
21:39:20 [allowed] §a§l+5 Kill Combo §r§b+3% §r§b✯ Magic Find
21:39:28 [allowed] §cThere are blocks in the way!
21:39:28 [allowed] §cThere are blocks in the way!
21:39:28 [allowed] §cThere are blocks in the way!
21:39:45 [allowed] §cYour Kill Combo has expired! You reached a 9 Kill Combo!
21:39:57 [allowed] §cA magical force surrounding this area prevents you from breaking blocks!
21:40:00 [allowed] §e[NPC] Professor Robot§f: §rYou have already delivered that part to me! Bring me a unique robot part!
21:40:00 [allowed] §e[NPC] Professor Robot§f: §rYou have already delivered that part to me! Bring me a unique robot part!
21:40:02 [allowed] §e[NPC] Professor Robot§f: §rThat's not the final component! Bring me a §9Robotron Reflector §rto gain access to Automaton Prime's storage container!
21:40:02 [allowed] §e[NPC] Professor Robot§f: §rThat's not the final component! Bring me a §9Robotron Reflector §rto gain access to Automaton Prime's storage container!
21:40:45 [allowed] §a§l+5 Kill Combo §r§b+3% §r§b✯ Magic Find
21:40:50 [allowed] §d§lHOPPITY'S HUNT §r§dA §r§6Chocolate Breakfast Egg §r§dhas appeared!
21:40:54 [allowed] §a§l+10 Kill Combo §r§8+§r§610 §r§7coins per kill
21:40:59 [allowed] §cYour Kill Combo has expired! You reached a 10 Kill Combo!
21:41:35 [allowed] §a§l+5 Kill Combo §r§b+3% §r§b✯ Magic Find
21:41:42 [allowed] §cYour Kill Combo has expired! You reached a 5 Kill Combo!
21:41:52 [allowed] §cThere are blocks in the way!
21:42:11 [allowed] §a§l+5 Kill Combo §r§b+3% §r§b✯ Magic Find
21:42:19 [allowed] §a§l+10 Kill Combo §r§8+§r§610 §r§7coins per kill
21:42:24 [allowed] §cYour Kill Combo has expired! You reached a 10 Kill Combo!
21:42:31 [allowed] §6§lRARE DROP! §r§9Synthetic Heart §r§b(+§r§b138% §r§b✯ Magic Find§r§b)
21:42:36 [allowed] §a§l+5 Kill Combo §r§b+3% §r§b✯ Magic Find
21:42:53 [allowed] §b[MVP§r§9+§r§b] OnlyHogRider§r§f §r§ehas obtained §r§a§r§7[Lvl 1] §r§5Bal§r§e!
21:42:55 [allowed]  §d⚑ §eThe §dBetter Together §eevent starts in §a20 §eseconds!
 §eThis is a passive event! §bIt's happening everywhere in the §bCrystal Hollows!
21:42:56 [allowed] §a§l+10 Kill Combo §r§8+§r§610 §r§7coins per kill
21:43:07 [allowed] §cYour Kill Combo has expired! You reached a 13 Kill Combo!
21:43:15 [allowed] §a§l▬▬▬▬▬▬▬▬▬▬▬▬▬▬▬▬▬▬▬▬▬▬▬▬▬▬▬▬▬▬▬▬▬▬▬▬▬▬▬▬▬▬▬▬▬▬▬▬▬▬▬▬▬▬▬▬▬▬▬▬▬▬▬▬
21:43:15 [allowed]                     §r§d§lBETTER TOGETHER STARTED!
21:43:15 [allowed]                            §r§7Passive Active Event
21:43:15 [allowed]   The §r§dBetter Together §r§ffestival is underway! While this event is
21:43:15 [allowed] §f    §r§factive, gain §r§6+250⸕ Mining Speed §r§fand §r§6+20☘ Mining Fortune
21:43:15 [allowed] §6§r§f    §r§f§r§ffor each player in the same zone as you! §r§7(Max 5 players)
21:43:15 [allowed] §a§l▬▬▬▬▬▬▬▬▬▬▬▬▬▬▬▬▬▬▬▬▬▬▬▬▬▬▬▬▬▬▬▬▬▬▬▬▬▬▬▬▬▬▬▬▬▬▬▬▬▬▬▬▬▬▬▬▬▬▬▬▬▬▬▬
21:43:15 [allowed] §7§oYou can hear cooperative chattering coming from town...
21:43:15 [allowed] §7§oThe Better Together festival is active for 20 minutes!
21:44:09 [allowed] §a§l+5 Kill Combo §r§b+3% §r§b✯ Magic Find
21:44:17 [allowed] §a§l+10 Kill Combo §r§8+§r§610 §r§7coins per kill
21:44:28 [allowed] §cYour Kill Combo has expired! You reached a 12 Kill Combo!
21:45:00 [allowed] §a§l+5 Kill Combo §r§b+3% §r§b✯ Magic Find
21:45:10 [allowed] §cYour Kill Combo has expired! You reached a 7 Kill Combo!
21:45:20 [allowed] §a§l+5 Kill Combo §r§b+3% §r§b✯ Magic Find
21:45:37 [allowed] §cYour Kill Combo has expired! You reached a 7 Kill Combo!
21:46:10 [allowed] §a§l+5 Kill Combo §r§b+3% §r§b✯ Magic Find
21:46:18 [allowed] §cYour Kill Combo has expired! You reached a 5 Kill Combo!
21:46:40 [allowed] §d§lHOPPITY'S HUNT §r§dA §r§9Chocolate Lunch Egg §r§dhas appeared!
21:46:46 [allowed] §cHitman Rabbit! §d§lNEW §a§lUNCOMMON §aAlexa §7(§6+2 §7and §6+0.003x c/s!§7)
21:46:46 [allowed] §cHitman Rabbit! §d§lNEW §f§lCOMMON §fHeidie §7(§6+1 §7and §6+0.002x c/s!§7)
21:46:46 [allowed] §cHitman Rabbit! §d§lNEW §f§lCOMMON §fOliver §7(§6+1 §7and §6+0.002x c/s!§7)
21:46:46 [allowed] §cHitman Rabbit! §7Duplicate §fMarlow §7(§6+§61.5M §6Chocolate§7)
21:46:46 [allowed] §cHitman Rabbit! §d§lNEW §f§lCOMMON §fRolf §7(§6+1 §7and §6+0.002x c/s!§7)
21:46:46 [allowed] §cHitman Rabbit! §d§lNEW §f§lCOMMON §fBlake §7(§6+1 §7and §6+0.002x c/s!§7)
21:46:49 [allowed] §9Rabbit Daddy §r§7has been promoted to §r§7[121§r§7] §r§9Assistant§r§7!
21:46:49 [allowed] §d§lTIME TOWER! §r§7Your §r§6Chocolate Factory §r§7production has increased by §r§6+0.6x §r§7for §r§a1h§r§7!
21:46:50 [allowed] §5Rabbit Sis §r§7has been promoted to §r§7[127§r§7] §r§5Manager§r§7!
21:46:51 [allowed] §9Rabbit Uncle §r§7has been promoted to §r§7[113§r§7] §r§9Assistant§r§7!
21:46:52 [allowed] §9Rabbit Dog §r§7has been promoted to §r§7[110§r§7] §r§9Assistant§r§7!
21:46:52 [allowed] §9Rabbit Granny §r§7has been promoted to §r§7[117§r§7] §r§9Assistant§r§7!
21:46:53 [allowed] §7You upgraded to §r§dCoach Jackrabbit VII§r§7!
21:46:54 [allowed] §5Rabbit Cousin §r§7has been promoted to §r§7[136§r§7] §r§5Manager§r§7!
21:46:55 [allowed] §9Rabbit Daddy §r§7has been promoted to §r§7[122§r§7] §r§9Assistant§r§7!
21:46:55 [allowed] §5Rabbit Sis §r§7has been promoted to §r§7[128§r§7] §r§5Manager§r§7!
21:46:56 [allowed] §9Rabbit Uncle §r§7has been promoted to §r§7[114§r§7] §r§9Assistant§r§7!
21:46:57 [allowed] §9Rabbit Dog §r§7has been promoted to §r§7[111§r§7] §r§9Assistant§r§7!
21:46:57 [allowed] §5Rabbit Bro §r§7has been promoted to §r§7[151§r§7] §r§5Manager§r§7!
21:46:58 [allowed] §9Rabbit Granny §r§7has been promoted to §r§7[118§r§7] §r§9Assistant§r§7!
21:46:59 [allowed] §5Rabbit Cousin §r§7has been promoted to §r§7[137§r§7] §r§5Manager§r§7!
21:46:59 [allowed] §9Rabbit Daddy §r§7has been promoted to §r§7[123§r§7] §r§9Assistant§r§7!
21:47:00 [allowed] §5Rabbit Sis §r§7has been promoted to §r§7[129§r§7] §r§5Manager§r§7!
21:47:01 [allowed] §9Rabbit Uncle §r§7has been promoted to §r§7[115§r§7] §r§9Assistant§r§7!
21:47:01 [allowed] §9Rabbit Dog §r§7has been promoted to §r§7[112§r§7] §r§9Assistant§r§7!
21:47:02 [allowed] §5Rabbit Bro §r§7has been promoted to §r§7[152§r§7] §r§5Manager§r§7!
21:47:03 [allowed] §9Rabbit Granny §r§7has been promoted to §r§7[119§r§7] §r§9Assistant§r§7!
21:47:04 [allowed] §5Rabbit Cousin §r§7has been promoted to §r§7[138§r§7] §r§5Manager§r§7!
21:47:04 [allowed] §9Rabbit Daddy §r§7has been promoted to §r§7[124§r§7] §r§9Assistant§r§7!
21:47:05 [allowed] §5Rabbit Sis §r§7has been promoted to §r§7[130§r§7] §r§5Manager§r§7!
21:47:05 [allowed] §9Rabbit Uncle §r§7has been promoted to §r§7[116§r§7] §r§9Assistant§r§7!
21:47:06 [allowed] §9Rabbit Dog §r§7has been promoted to §r§7[113§r§7] §r§9Assistant§r§7!
21:47:07 [allowed] §5Rabbit Bro §r§7has been promoted to §r§7[153§r§7] §r§5Manager§r§7!
21:47:21 [allowed] §a§l+5 Kill Combo §r§b+3% §r§b✯ Magic Find
21:47:31 [allowed] §a§l+10 Kill Combo §r§8+§r§610 §r§7coins per kill
21:47:38 [allowed] §9§l+15 Kill Combo §r§b+3% §r§b✯ Magic Find
21:47:42 [allowed] §cYour Kill Combo has expired! You reached a 15 Kill Combo!
21:48:05 [allowed] §a§l+5 Kill Combo §r§b+3% §r§b✯ Magic Find
21:48:18 [allowed] §cYour Kill Combo has expired! You reached a 8 Kill Combo!
21:49:00 [allowed] §a§l+5 Kill Combo §r§b+3% §r§b✯ Magic Find
21:49:07 [allowed] §e§lLOOT SHARE §r§r§r§fYou received loot for assisting §r§baNormalBraixen§r§f!
21:49:13 [allowed] §a§l+10 Kill Combo §r§8+§r§610 §r§7coins per kill
21:49:22 [allowed] §cYour Kill Combo has expired! You reached a 14 Kill Combo!
21:49:53 [allowed] §6§lRARE DROP! §r§9Synthetic Heart §r§b(+§r§b138% §r§b✯ Magic Find§r§b)
21:49:55 [allowed] §a§l+5 Kill Combo §r§b+3% §r§b✯ Magic Find
21:50:02 [allowed] §6§lRARE DROP! §r§9Electron Transmitter §r§b(+§r§b142% §r§b✯ Magic Find§r§b)
21:50:11 [allowed] §cYour Kill Combo has expired! You reached a 8 Kill Combo!
21:50:28 [allowed] §a§l+5 Kill Combo §r§b+3% §r§b✯ Magic Find
21:50:42 [allowed] §cYour Kill Combo has expired! You reached a 6 Kill Combo!
21:51:15 [allowed] §a§l+5 Kill Combo §r§b+3% §r§b✯ Magic Find
21:51:27 [allowed] §cYour Kill Combo has expired! You reached a 6 Kill Combo!
21:51:48 [allowed] §a§l+5 Kill Combo §r§b+3% §r§b✯ Magic Find
21:52:05 [allowed] §a§l+10 Kill Combo §r§8+§r§610 §r§7coins per kill
21:52:10 [allowed] §cYour Kill Combo has expired! You reached a 10 Kill Combo!
21:52:21 [allowed] §a§l+5 Kill Combo §r§b+3% §r§b✯ Magic Find
21:52:28 [allowed] §cYour Kill Combo has expired! You reached a 5 Kill Combo!
21:52:30 [allowed] §d§lHOPPITY'S HUNT §r§dA §r§aChocolate Dinner Egg §r§dhas appeared!
21:53:16 [allowed] §a§l+5 Kill Combo §r§b+3% §r§b✯ Magic Find
21:53:24 [allowed] §cYour Kill Combo has expired! You reached a 6 Kill Combo!
21:53:37 [allowed] §a§l+5 Kill Combo §r§b+3% §r§b✯ Magic Find
21:53:44 [allowed] §cThere are blocks in the way!
21:53:49 [allowed] §a§l+10 Kill Combo §r§8+§r§610 §r§7coins per kill
21:53:54 [allowed] §cYour Kill Combo has expired! You reached a 10 Kill Combo!
21:54:10 [allowed] §cThere are blocks in the way!
21:54:11 [allowed] §6§lRARE DROP! §r§9Control Switch §r§b(+§r§b138% §r§b✯ Magic Find§r§b)
21:54:16 [allowed] §a§l+5 Kill Combo §r§b+3% §r§b✯ Magic Find
21:54:25 [allowed] §cYour Kill Combo has expired! You reached a 6 Kill Combo!
21:54:27 [allowed] §e[NPC] Professor Robot§f: §rThat's not the final component! Bring me a §9Robotron Reflector §rto gain access to Automaton Prime's storage container!
21:54:27 [allowed] §e[NPC] Professor Robot§f: §rThat's not the final component! Bring me a §9Robotron Reflector §rto gain access to Automaton Prime's storage container!
21:55:34 [allowed] §a§l+5 Kill Combo §r§b+3% §r§b✯ Magic Find
21:55:42 [allowed] §7Warping you to your SkyBlock island...
21:55:42 [allowed] §7Sending to server mini88N...
21:56:37 [allowed] §bnr1pir joined SkyBlock.
21:56:40 [allowed]  §b§l» §ahimej0shi §eis traveling to §aPrivate Island §e§lFOLLOW
21:56:45 [allowed] §ahimej0shi §ahas sent you a trade request. §bClick here §ato accept!
21:56:45 [allowed] §ahimej0shi §ahas sent you a trade request. §bClick here §ato accept!
21:56:55 [allowed] §cThe /trade request from §r§a[VIP§r§6+§r§a] himej0shi§r§f §r§cexpired!
21:56:57 [allowed]  §b§l» §6nr1pir §eis traveling to §aHub §e§lFOLLOW
21:57:00 [allowed] §6Trade completed with §r§a[VIP§r§6+§r§a] himej0shi§r§f§r§6!
21:57:00 [allowed]  §r§a§l+ §r§85x §r§5Precursor Apparatus
21:57:00 [allowed]  §r§a§l+ §r§81x §r§9Robotron Reflector
21:57:04 [allowed]  §b§l» §ahimej0shi §eis traveling to §aPrivate Island §e§lFOLLOW
21:57:15 [allowed]  §b§l» §ahimej0shi §eis traveling to §aCrystal Hollows §e§lFOLLOW
21:57:48 [allowed] §bCo-op > §6[MVP§2++§6] nr1pir§f: §rhimej0shi is travelling to Crystal Hollows
21:57:54 [allowed] §7Warping...
21:57:54 [allowed] §7Sending to server mini1011B...
21:58:00 [allowed] §7Warping you to your SkyBlock island...
21:58:00 [allowed] §7Sending to server mini88N...
21:58:03 [allowed] §bCo-op > §6[MVP§2++§6] nr1pir§f: §ryou better not start scatha grinding too
21:58:04 [allowed] §bCo-op > §6[MVP§2++§6] nr1pir§f: §ristg
21:58:06 [allowed] §7Warping...
21:58:06 [allowed] §7Sending to server mini221M...
21:58:06 [allowed] §bCo-op > §a[VIP§6+§a] himej0shi§f: §ryea we both getting scathas rn
21:58:07 [allowed] §7[§r§rS§r§rk§r§ry§r§rb§r§rl§r§ro§r§rc§r§rk§r§re§r§rr§r§7] §rReceived a waypoint to Jungle Temple from the Skyblocker WebSocket.
21:58:07 [allowed] §7[§r§rS§r§rk§r§ry§r§rb§r§rl§r§ro§r§rc§r§rk§r§re§r§rr§r§7] §rReceived a waypoint to Mines of Divan from the Skyblocker WebSocket.
21:58:07 [allowed] §7[§r§rS§r§rk§r§ry§r§rb§r§rl§r§ro§r§rc§r§rk§r§re§r§rr§r§7] §rReceived a waypoint to Goblin Queen's Den from the Skyblocker WebSocket.
21:58:07 [allowed] §7[§r§rS§r§rk§r§ry§r§rb§r§rl§r§ro§r§rc§r§rk§r§re§r§rr§r§7] §rReceived a waypoint to Lost Precursor City from the Skyblocker WebSocket.
21:58:07 [allowed] §7[§r§rS§r§rk§r§ry§r§rb§r§rl§r§ro§r§rc§r§rk§r§re§r§rr§r§7] §rReceived a waypoint to Khazad-dûm from the Skyblocker WebSocket.
21:58:07 [allowed] §7[§r§rS§r§rk§r§ry§r§rb§r§rl§r§ro§r§rc§r§rk§r§re§r§rr§r§7] §rReceived a waypoint to King Yolkar from the Skyblocker WebSocket.
21:58:10 [allowed] §aYou are now in the §r§6SKYBLOCK CO-OP§r§a channel
21:58:15 [allowed] §bCo-op > §b[MVP§3+§b] catholicschool§f: §ri just got 3
21:58:21 [allowed] §cYou cannot mine this close to an entrance!
21:58:22 [allowed] §bCo-op > §6[MVP§2++§6] nr1pir§f: §r2 coins
21:58:35 [allowed] §cThere are blocks in the way!
21:58:41 [allowed] §cThere are blocks in the way!
21:58:50 [allowed] §cYou cannot mine this close to an entrance!
21:58:54 [allowed] §cYou need a tool with a §r§aBreaking Power §r§cof §r§67§r§c to mine Amethyst Gemstone Block§r§c! Speak to §r§dFragilis §r§cby the entrance to the Crystal Hollows to learn more!
21:59:01 [allowed] §aYou used your §r§6Pickobulus §r§aPickaxe Ability!
21:59:01 [allowed] §7Your §r§aPickobulus §r§7destroyed §r§e108 §r§7blocks!
21:59:05 [allowed] §a§l+5 Kill Combo §r§b+3% §r§b✯ Magic Find
21:59:05 [allowed] §a§lTHYST SLAYER §r§eCommission Complete! Visit the King §r§eto claim your rewards!
21:59:12 [allowed] §cYour Kill Combo has expired! You reached a 5 Kill Combo!
22:00:07 [allowed] §aYou used your §r§6Pickobulus §r§aPickaxe Ability!
22:00:08 [allowed] §7Your §r§aPickobulus §r§7destroyed §r§e42 §r§7blocks!
22:00:10 [allowed] §a§r§6Pickobulus §r§ais now available!
22:00:16 [allowed] §bCo-op > §a[VIP§6+§a] himej0shi§f: §rcant wait to concerta scathamine tomorrow
22:00:30 [allowed] §bCo-op > §6[MVP§2++§6] nr1pir§f: §ri cant wait for you to g et a rare scatha
22:00:41 [allowed] §bCo-op > §6[MVP§2++§6] nr1pir§f: §rin a week from now
22:00:45 [allowed] §bCo-op > §a[VIP§6+§a] himej0shi§f: §rill stop with leg
22:00:51 [allowed] §d§lHOPPITY'S HUNT §r§dA §r§6Chocolate Brunch Egg §r§dhas appeared!
22:01:01 [allowed] §bCo-op > §6[MVP§2++§6] nr1pir§f: §rlike its not even cool
22:01:01 [allowed] §cYour Pickaxe ability is on cooldown for 7s.
22:01:05 [allowed] §bCo-op > §6[MVP§2++§6] nr1pir§f: §ryoure just weird
22:01:07 [allowed] §a§lAMETHYST GEMSTONE COLLECTOR §r§eCommission Complete! Visit the King §r§eto claim your rewards!
22:01:08 [allowed] §a§r§6Pickobulus §r§ais now available!
22:01:13 [allowed] §bCo-op > §a[VIP§6+§a] himej0shi§f: §ri know :Sob:
22:01:19 [allowed] §bCo-op > §a[VIP§6+§a] himej0shi§f: §ri never said i was cool gfhdjhgdf
22:01:24 [allowed] §aYou uncovered a treasure chest!
22:01:26 [allowed] §bCo-op > §6[MVP§2++§6] nr1pir§f: §rno the weird part is youre only doing this to try and 1 up me
22:01:32 [allowed] §e§l▬▬▬▬▬▬▬▬▬▬▬▬▬▬▬▬▬▬▬▬▬▬▬▬▬▬▬▬▬▬▬▬▬▬▬▬▬▬▬▬▬▬▬▬▬▬▬▬▬▬▬▬▬▬▬▬▬▬▬▬▬▬▬▬
22:01:32 [allowed]   §r§6§lCHEST LOCKPICKED 
22:01:32 [allowed]   §r§a§lREWARDS
22:01:32 [allowed]     §r§f❤ Rough Ruby Gemstone §r§8x32
22:01:32 [allowed]     §r§dGold Essence §r§8x2
22:01:32 [allowed] §e§l▬▬▬▬▬▬▬▬▬▬▬▬▬▬▬▬▬▬▬▬▬▬▬▬▬▬▬▬▬▬▬▬▬▬▬▬▬▬▬▬▬▬▬▬▬▬▬▬▬▬▬▬▬▬▬▬▬▬▬▬▬▬▬▬
22:01:45 [allowed] §a§l▬▬▬▬▬▬▬▬▬▬▬▬▬▬▬▬▬▬▬▬▬▬▬▬▬▬▬▬▬▬▬▬▬▬▬▬▬▬▬▬▬▬▬▬▬▬▬▬▬▬▬▬▬▬▬▬▬▬▬▬▬▬▬▬
22:01:45 [allowed]                       §r§d§lBETTER TOGETHER ENDED!
22:01:45 [allowed]                            §r§7Passive Active Event
22:01:45 [allowed]    The festival has ended, but the Dwarven cooperative spirit
22:01:45 [allowed] §f                                 never dies.
22:01:45 [allowed] §a§l▬▬▬▬▬▬▬▬▬▬▬▬▬▬▬▬▬▬▬▬▬▬▬▬▬▬▬▬▬▬▬▬▬▬▬▬▬▬▬▬▬▬▬▬▬▬▬▬▬▬▬▬▬▬▬▬▬▬▬▬▬▬▬▬
22:01:49 [allowed]  §d⚑ §eThe §dBetter Together §eevent starts in §a20 §eseconds!
 §eThis is a passive event! §bIt's happening everywhere in the §bCrystal Hollows!
22:01:52 [allowed] §bCo-op > §a[VIP§6+§a] himej0shi§f: §rno hgdfjkgdfhjg wha
22:01:54 [allowed] §cYou need a tool with a §r§aBreaking Power §r§cof §r§67§r§c to mine Amethyst Gemstone Block§r§c! Speak to §r§dFragilis §r§cby the entrance to the Crystal Hollows to learn more!
22:02:00 [allowed] §bCo-op > §6[MVP§2++§6] nr1pir§f: §ryou literally are tho
22:02:01 [allowed] §bCo-op > §b[MVP§3+§b] catholicschool§f: §rshe is having fun bro stop !
22:02:02 [allowed] §aYou uncovered a treasure chest!
22:02:03 [allowed] §bCo-op > §a[VIP§6+§a] himej0shi§f: §ri wanna get one to my collection i told u its like shinyhunting in pokemon
22:02:10 [allowed] §a§l▬▬▬▬▬▬▬▬▬▬▬▬▬▬▬▬▬▬▬▬▬▬▬▬▬▬▬▬▬▬▬▬▬▬▬▬▬▬▬▬▬▬▬▬▬▬▬▬▬▬▬▬▬▬▬▬▬▬▬▬▬▬▬▬
22:02:10 [allowed]                     §r§d§lBETTER TOGETHER STARTED!
22:02:10 [allowed]                            §r§7Passive Active Event
22:02:10 [allowed]   The §r§dBetter Together §r§ffestival is underway! While this event is
22:02:10 [allowed] §f    §r§factive, gain §r§6+250⸕ Mining Speed §r§fand §r§6+20☘ Mining Fortune
22:02:10 [allowed] §6§r§f    §r§f§r§ffor each player in the same zone as you! §r§7(Max 5 players)
22:02:10 [allowed] §a§l▬▬▬▬▬▬▬▬▬▬▬▬▬▬▬▬▬▬▬▬▬▬▬▬▬▬▬▬▬▬▬▬▬▬▬▬▬▬▬▬▬▬▬▬▬▬▬▬▬▬▬▬▬▬▬▬▬▬▬▬▬▬▬▬
22:02:10 [allowed] §7§oYou can hear cooperative chattering coming from town...
22:02:10 [allowed] §7§oThe Better Together festival is active for 20 minutes!
22:02:10 [allowed] §e§l▬▬▬▬▬▬▬▬▬▬▬▬▬▬▬▬▬▬▬▬▬▬▬▬▬▬▬▬▬▬▬▬▬▬▬▬▬▬▬▬▬▬▬▬▬▬▬▬▬▬▬▬▬▬▬▬▬▬▬▬▬▬▬▬
22:02:10 [allowed]   §r§6§lCHEST LOCKPICKED 
22:02:10 [allowed]   §r§a§lREWARDS
22:02:10 [allowed]     §r§f❈ Rough Amethyst Gemstone §r§8x16
22:02:10 [allowed]     §r§dDiamond Essence §r§8x2
22:02:10 [allowed] §e§l▬▬▬▬▬▬▬▬▬▬▬▬▬▬▬▬▬▬▬▬▬▬▬▬▬▬▬▬▬▬▬▬▬▬▬▬▬▬▬▬▬▬▬▬▬▬▬▬▬▬▬▬▬▬▬▬▬▬▬▬▬▬▬▬
22:02:15 [allowed] §bCo-op > §6[MVP§2++§6] nr1pir§f: §rbro go shinyhunt something else
22:02:19 [allowed] §bCo-op > §6[MVP§2++§6] nr1pir§f: §ryoure doing this
22:02:24 [allowed] §bCo-op > §6[MVP§2++§6] nr1pir§f: §rwithout the 2 specific buffs
22:02:29 [allowed] §bCo-op > §6[MVP§2++§6] nr1pir§f: §rto make it a worth it grind
22:02:37 [allowed]  §b§l» §ahimej0shi §eis traveling to §aPrivate Island §e§lFOLLOW
22:02:42 [allowed] §bCo-op > §a[VIP§6+§a] himej0shi§f: §rill continue tomorrow :3
22:02:43 [allowed] §bCo-op > §6[MVP§2++§6] nr1pir§f: §ryou can get like 3 other rare pet drops before you get a scatha
22:02:55 [allowed] §cYou are entering the jungle temple, your speed is reduced and your jump boost will not work!
22:02:55 [allowed] §cThere are blocks in the way!
22:02:55 [allowed] §cYou cannot use this item here!
22:03:04 [allowed] §cYou are entering the jungle temple, your speed is reduced and your jump boost will not work!
22:03:08 [allowed] §cThere are blocks in the way!
22:03:08 [allowed] §cYou cannot use this item here!
22:03:59 [allowed] §cYou are entering the jungle temple, your speed is reduced and your jump boost will not work!
22:04:04 [allowed] §aYou used your §r§6Pickobulus §r§aPickaxe Ability!
22:04:05 [allowed] §7Your §r§aPickobulus §r§7destroyed §r§e205 §r§7blocks!
22:04:38 [allowed] §cYou are entering the jungle temple, your speed is reduced and your jump boost will not work!
22:04:48 [allowed] §cYou are entering the jungle temple, your speed is reduced and your jump boost will not work!
22:04:58 [allowed] §cThere are blocks in the way!
22:05:00 [allowed] §cYou are entering the jungle temple, your speed is reduced and your jump boost will not work!
22:05:04 [allowed] §cThere are blocks in the way!
22:05:04 [allowed] §cThere are blocks in the way!
22:05:04 [allowed] §cThere are blocks in the way!
22:05:06 [allowed] §cYou are entering the jungle temple, your speed is reduced and your jump boost will not work!
22:05:07 [allowed] §cYou are entering the jungle temple, your speed is reduced and your jump boost will not work!
22:05:11 [allowed] §a§r§6Pickobulus §r§ais now available!
22:05:16 [allowed] §cYou cannot use this item here!
22:05:16 [allowed] §cYou cannot use this item here!
22:05:19 [allowed] §cWhoa! Slow down there!
22:05:19 [allowed] §bCo-op > §6[MVP§2++§6] nr1pir§f: §ryou should do your bingos
22:05:21 [allowed] §bCo-op > §6[MVP§2++§6] nr1pir§f: §ractually
22:05:25 [allowed] §bCo-op > §b[MVP§3+§b] catholicschool§f: §rtomrrow
22:05:28 [allowed] §bCo-op > §b[MVP§3+§b] catholicschool§f: §rits really easy
22:05:40 [allowed] §bCo-op > §6[MVP§2++§6] nr1pir§f: §rye i started going it but got giga bored
22:05:43 [allowed] §bCo-op > §6[MVP§2++§6] nr1pir§f: §rso i wont be doing it anymore
22:05:49 [allowed] §bCo-op > §b[MVP§3+§b] catholicschool§f: §rwow oki
22:05:50 [allowed] §e[NPC] §bKalhuiki Door Guardian§f: §rA Jungle Key! I will open the door for you.
22:05:50 [allowed] §aThe door opens!
22:06:42 [allowed] §d§lHOPPITY'S HUNT §r§dA §r§9Chocolate Déjeuner Egg §r§dhas appeared!
22:06:49 [allowed] §5§l▬▬▬▬▬▬▬▬▬▬▬▬▬▬▬▬▬▬▬▬▬▬▬▬▬▬▬▬▬▬▬▬▬▬▬▬▬▬▬▬▬▬▬▬▬▬▬▬▬▬▬▬▬▬▬▬▬▬▬▬▬▬▬▬
22:06:49 [allowed]                        §r§5§l✦ CRYSTAL FOUND §r§7(3§r§7/5§r§7)
22:06:49 [allowed]                               §r§5Amethyst Crystal
22:06:49 [allowed]             §r§7Place this Crystal in the §r§5Crystal Nucleus §r§7and
22:06:49 [allowed]              §r§7find all §r§a5 §r§7Crystals in the §r§5Crystal Hollows §r§7to
22:06:49 [allowed]                                §r§7earn §r§6rare loot§r§7!
22:06:49 [allowed] §5§l▬▬▬▬▬▬▬▬▬▬▬▬▬▬▬▬▬▬▬▬▬▬▬▬▬▬▬▬▬▬▬▬▬▬▬▬▬▬▬▬▬▬▬▬▬▬▬▬▬▬▬▬▬▬▬▬▬▬▬▬▬▬▬▬
22:06:55 [allowed] §d§l▬▬▬▬▬▬▬▬▬▬▬▬▬▬▬▬▬▬▬▬▬▬▬▬▬▬▬▬▬▬▬▬▬▬▬▬▬▬▬▬▬▬▬▬▬▬▬▬▬▬▬▬▬▬▬▬▬▬▬▬▬▬▬▬
22:06:55 [allowed]   §r§5§lLOOT CHEST COLLECTED 
22:06:55 [allowed]   §r§f§lREWARDS
22:06:55 [allowed]     §r§a❈ Flawed Amethyst Gemstone
22:06:55 [allowed]     §r§a❤ Flawed Ruby Gemstone
22:06:55 [allowed]     §r§f❈ Rough Amethyst Gemstone §r§8x32
22:06:55 [allowed]     §r§dGold Essence §r§8x3
22:06:55 [allowed]     §r§dGemstone Powder §r§8x824
22:06:55 [allowed] §d§l▬▬▬▬▬▬▬▬▬▬▬▬▬▬▬▬▬▬▬▬▬▬▬▬▬▬▬▬▬▬▬▬▬▬▬▬▬▬▬▬▬▬▬▬▬▬▬▬▬▬▬▬▬▬▬▬▬▬▬▬▬▬▬▬
22:06:55 [allowed] §cYou do not have an active §r§5Jungle Key §r§cand cannot open the chest!
22:07:00 [allowed] §d§l▬▬▬▬▬▬▬▬▬▬▬▬▬▬▬▬▬▬▬▬▬▬▬▬▬▬▬▬▬▬▬▬▬▬▬▬▬▬▬▬▬▬▬▬▬▬▬▬▬▬▬▬▬▬▬▬▬▬▬▬▬▬▬▬
22:07:00 [allowed]   §r§5§lLOOT CHEST COLLECTED 
22:07:00 [allowed]   §r§f§lREWARDS
22:07:00 [allowed]     §r§a❈ Flawed Amethyst Gemstone §r§8x2
22:07:00 [allowed]     §r§6Jungle Heart
22:07:00 [allowed]     §r§f❈ Rough Amethyst Gemstone §r§8x168
22:07:00 [allowed]     §r§dDiamond Essence §r§8x2
22:07:00 [allowed]     §r§dGold Essence §r§8x2
22:07:00 [allowed]     §r§dGemstone Powder §r§8x459
22:07:00 [allowed] §d§l▬▬▬▬▬▬▬▬▬▬▬▬▬▬▬▬▬▬▬▬▬▬▬▬▬▬▬▬▬▬▬▬▬▬▬▬▬▬▬▬▬▬▬▬▬▬▬▬▬▬▬▬▬▬▬▬▬▬▬▬▬▬▬▬
22:07:03 [allowed] §aYou were teleported out!
22:07:09 [allowed] §cA magical force surrounding this area prevents you from using your grappling hook!
22:08:24 [allowed] §b-----------------------------------------------------
§r§6[MVP§r§2++§r§6] nr1pir §r§eclaimed the §r§aMinion Slots V §r§eupgrade in the community shop!
§r§b-----------------------------------------------------
22:08:31 [allowed] §b-----------------------------------------------------
§r§6[MVP§r§2++§r§6] nr1pir §r§estarted the §r§aCoins Allowance I §r§eupgrade in the community shop!
§r§b-----------------------------------------------------
22:08:33 [allowed]  §b§l» §6nr1pir §eis traveling to §aPrivate Island §e§lFOLLOW
22:08:53 [allowed] §bCo-op > §6[MVP§2++§6] nr1pir§f: §remily
22:08:56 [allowed] §bCo-op > §6[MVP§2++§6] nr1pir§f: §rdo you have extra magma cream
22:11:25 [allowed] §bCo-op > §a[VIP§6+§a] himej0shi§f: §rwhat armor is that
22:12:21 [allowed]  §b§l» §6nr1pir §eis traveling to §aHub §e§lFOLLOW
22:12:27 [allowed]  §b§l» §6nr1pir §eis traveling to §aPrivate Island §e§lFOLLOW
22:12:30 [allowed] §d§lHOPPITY'S HUNT §r§dA §r§aChocolate Supper Egg §r§dhas appeared!
22:12:44 [allowed] §bCo-op > §a[VIP§6+§a] himej0shi§f: §rty very pretty
22:12:46 [allowed] §bCo-op > §6[MVP§2++§6] nr1pir§f: §rfor if you stop scatha grind
22:12:49 [allowed] §bCo-op > §6[MVP§2++§6] nr1pir§f: §ri have gift
22:13:05 [allowed]  §b§l» §6nr1pir §eis traveling to §aHub §e§lFOLLOW
22:13:06 [allowed] §bCo-op > §a[VIP§6+§a] himej0shi§f: §ri cant promise this to you... i hav eto give it back..
22:13:14 [allowed]  §b§l» §6nr1pir §eis traveling to §aHub §e§lFOLLOW
22:13:18 [allowed] §bnr1pir joined SkyBlock.
22:13:18 [allowed] §bCo-op > §6[MVP§2++§6] nr1pir§f: §rjust grind different pet...
22:13:21 [allowed]  §b§l» §6nr1pir §eis traveling to §aHub §e§lFOLLOW
22:13:26 [allowed] §bCo-op > §a[VIP§6+§a] himej0shi§f: §rbut... the urges..
22:13:41 [allowed] §bCo-op > §a[VIP§6+§a] himej0shi§f: §rty btw gfjhkbdghdf nice gift!!
22:13:42 [allowed] §bCo-op > §6[MVP§2++§6] nr1pir§f: §rtheres rarer pets
22:13:45 [allowed] §bCo-op > §6[MVP§2++§6] nr1pir§f: §rfor you to grind
22:13:46 [allowed] §bCo-op > §6[MVP§2++§6] nr1pir§f: §rbtw
22:13:48 [allowed] §bCo-op > §a[VIP§6+§a] himej0shi§f: §rtell me!!!
22:14:01 [allowed] §bCo-op > §6[MVP§2++§6] nr1pir§f: §rhound pet
22:14:03 [allowed] §bCo-op > §6[MVP§2++§6] nr1pir§f: §rghoul pet
22:14:11 [allowed] §bCo-op > §6[MVP§2++§6] nr1pir§f: §rhound pet is 0.003%
22:14:13 [allowed] §bCo-op > §6[MVP§2++§6] nr1pir§f: §ri got it
22:14:34 [allowed] §bCo-op > §6[MVP§2++§6] nr1pir§f: §rghoul is also 0.003%
22:14:36 [allowed] §bCo-op > §6[MVP§2++§6] nr1pir§f: §rthis is for epic
22:14:41 [allowed] §bCo-op > §6[MVP§2++§6] nr1pir§f: §rlegendary is 0.001%
22:14:42 [allowed] §bCo-op > §a[VIP§6+§a] himej0shi§f: §rokaaay, i was gonna do slayer anyway cuz i want autoslayer
22:14:43 [allowed] §bCo-op > §6[MVP§2++§6] nr1pir§f: §rfor both
22:14:51 [allowed] §bCo-op > §a[VIP§6+§a] himej0shi§f: §rokii ill do
22:15:09 [allowed] §bCo-op > §6[MVP§2++§6] nr1pir§f: §rdo zombie slayer
22:16:00 [allowed] §bCo-op > §a[VIP§6+§a] himej0shi§f: §rim eating chocolate muffin
22:16:05 [allowed] §bCo-op > §a[VIP§6+§a] himej0shi§f: §rvery good..
22:17:45 [allowed] §cA magical force surrounding this area prevents you from using your grappling hook!
22:17:49 [allowed] §e[NPC] Tribe Member§r§r§r: Stop that!
22:17:55 [allowed] §e[NPC] Tribe Member§r§r§r: Ough!
22:18:12 [allowed] §cThere are blocks in the way!
22:18:34 [allowed] §e[NPC] §6King Yolkar§f: §r*rumble* *rumble*
22:18:36 [allowed] §e[NPC] §6King Yolkar§f: §rDid ya hear that, catholicschool? That's the sound of an empty stomach.
22:18:39 [allowed] §e[NPC] §6King Yolkar§f: §rI've been so hungry since the §5Goblin Queen §rtossed me aside.
22:18:42 [allowed] §e[NPC] §6King Yolkar§f: §rBring me back a §9Goblin Egg §rof any type and we can teach her a lesson!
22:18:45 [allowed] §e[NPC] §6King Yolkar§f: §rWhere is my §9Goblin Egg§r? My Chef is waiting!
22:18:46 [allowed] §d§l▬▬▬▬▬▬▬▬▬▬▬▬▬▬▬▬▬▬▬▬▬▬▬▬▬▬▬▬▬▬▬▬▬▬▬▬▬▬▬▬▬▬▬▬▬▬▬▬▬▬▬▬▬▬▬▬▬▬▬▬▬▬▬▬
22:18:46 [allowed]   §r§5§lLOOT CHEST COLLECTED 
22:18:46 [allowed]   §r§f§lREWARDS
22:18:46 [allowed]     §r§f⸕ Rough Amber Gemstone §r§8x56
22:18:46 [allowed] §d§l▬▬▬▬▬▬▬▬▬▬▬▬▬▬▬▬▬▬▬▬▬▬▬▬▬▬▬▬▬▬▬▬▬▬▬▬▬▬▬▬▬▬▬▬▬▬▬▬▬▬▬▬▬▬▬▬▬▬▬▬▬▬▬▬
22:18:48 [allowed] §e[NPC] §6King Yolkar§f: §rWell done, catholicschool§r!
22:18:50 [allowed] §e[NPC] §6King Yolkar§f: §rThis egg will help me stomach my pain.
22:18:53 [allowed] §e[NPC] §6King Yolkar§f: §rNow let's hit the Queen where it hurts - by stealing her §6Amber Crystal§r!
22:18:57 [allowed] §e[NPC] §6King Yolkar§f: §rI'm covering you in my §afoul stench §ras we speak. It won't last long before it dissipates!
22:19:00 [allowed] §e[NPC] §6King Yolkar§f: §rGet to the Queen before my stench goes away and you'll be able to sneak past her imbecile Guards!
22:19:18 [allowed] §cThere are blocks in the way!
22:19:30 [allowed] §5§l▬▬▬▬▬▬▬▬▬▬▬▬▬▬▬▬▬▬▬▬▬▬▬▬▬▬▬▬▬▬▬▬▬▬▬▬▬▬▬▬▬▬▬▬▬▬▬▬▬▬▬▬▬▬▬▬▬▬▬▬▬▬▬▬
22:19:30 [allowed]                        §r§5§l✦ CRYSTAL FOUND §r§7(4§r§7/5§r§7)
22:19:30 [allowed]                                 §r§6Amber Crystal
22:19:30 [allowed]             §r§7Place this Crystal in the §r§5Crystal Nucleus §r§7and
22:19:30 [allowed]              §r§7find all §r§a5 §r§7Crystals in the §r§5Crystal Hollows §r§7to
22:19:30 [allowed]                                §r§7earn §r§6rare loot§r§7!
22:19:30 [allowed] §5§l▬▬▬▬▬▬▬▬▬▬▬▬▬▬▬▬▬▬▬▬▬▬▬▬▬▬▬▬▬▬▬▬▬▬▬▬▬▬▬▬▬▬▬▬▬▬▬▬▬▬▬▬▬▬▬▬▬▬▬▬▬▬▬▬
22:19:31 [allowed] §c[GUARD] Tarnik§r§f: §r§eTHEY'RE STEALING THE CRYSTAL! GET THEM!
22:19:31 [allowed] §c[GUARD] Khulak§r§f: §r§eGET BACK HERE!
22:19:32 [allowed] §cThe Goblin King's §r§afoul stench §r§chas dissipated!
22:19:32 [allowed] §c[GUARD] Harog§r§f: §r§eYou do not belong here! Get out while you still can!
22:19:33 [allowed] §8§oWhew! That was a close one, better get out of here...
22:20:10 [allowed] §cYou need a tool with a §r§aBreaking Power §r§cof §r§67§r§c to mine Sapphire Gemstone Block§r§c! Speak to §r§dFragilis §r§cby the entrance to the Crystal Hollows to learn more!
22:20:33 [allowed] §e[NPC] Professor Robot§f: §rYou've brought me all of the components!
22:20:35 [allowed] §5§l▬▬▬▬▬▬▬▬▬▬▬▬▬▬▬▬▬▬▬▬▬▬▬▬▬▬▬▬▬▬▬▬▬▬▬▬▬▬▬▬▬▬▬▬▬▬▬▬▬▬▬▬▬▬▬▬▬▬▬▬▬▬▬▬
22:20:35 [allowed]                        §r§5§l✦ CRYSTAL FOUND §r§7(5§r§7/5§r§7)
22:20:35 [allowed]                               §r§bSapphire Crystal
22:20:35 [allowed]            §r§7You have found all of the Crystals! Good stuff!
22:20:35 [allowed] §5§l▬▬▬▬▬▬▬▬▬▬▬▬▬▬▬▬▬▬▬▬▬▬▬▬▬▬▬▬▬▬▬▬▬▬▬▬▬▬▬▬▬▬▬▬▬▬▬▬▬▬▬▬▬▬▬▬▬▬▬▬▬▬▬▬
22:20:35 [allowed] §cYou have already obtained this Crystal!
22:20:35 [allowed] §e[NPC] Professor Robot§f: §rI have uploaded them to the giant below...it appears it has opened its storage compartment!
22:20:38 [allowed] §e[NPC] Professor Robot§f: §rPerhaps the long-lost §bSapphire Crystal §ris in there!
22:20:47 [allowed]  §b§l» §ahimej0shi §eis traveling to §aPrivate Island §e§lFOLLOW
22:20:49 [allowed] §d§lHOPPITY'S HUNT §r§dA §r§6Chocolate Breakfast Egg §r§dhas appeared!
22:20:53 [allowed]  §b§l» §ahimej0shi §eis traveling to §aThe End §e§lFOLLOW
22:21:12 [allowed] §5§l✦ §r§dYou placed the §r§bSapphire Crystal§r§d!
22:21:12 [allowed]   §r§dKeep exploring the §r§5Crystal Hollows §r§dto find the rest!
22:21:15 [allowed] §5§l✦ §r§dYou placed the §r§aJade Crystal§r§d!
22:21:15 [allowed]   §r§dKeep exploring the §r§5Crystal Hollows §r§dto find the rest!
22:21:16 [allowed] §d§l▬▬▬▬▬▬▬▬▬▬▬▬▬▬▬▬▬▬▬▬▬▬▬▬▬▬▬▬▬▬▬▬▬▬▬▬▬▬▬▬▬▬▬▬▬▬▬▬▬▬▬▬▬▬▬▬▬▬▬▬▬▬▬▬
22:21:16 [allowed]   §r§5§lLOOT CHEST COLLECTED 
22:21:16 [allowed]   §r§f§lREWARDS
22:21:16 [allowed]     §r§f✎ Rough Sapphire Gemstone §r§8x96
22:21:16 [allowed]     §r§aWishing Compass §r§8x3
22:21:16 [allowed]     §r§dGemstone Powder §r§8x476
22:21:16 [allowed] §d§l▬▬▬▬▬▬▬▬▬▬▬▬▬▬▬▬▬▬▬▬▬▬▬▬▬▬▬▬▬▬▬▬▬▬▬▬▬▬▬▬▬▬▬▬▬▬▬▬▬▬▬▬▬▬▬▬▬▬▬▬▬▬▬▬
22:21:17 [allowed] §5§l✦ §r§dYou placed the §r§eTopaz Crystal§r§d!
22:21:17 [allowed]   §r§dKeep exploring the §r§5Crystal Hollows §r§dto find the rest!
22:21:19 [allowed] §5§l✦ §r§dYou placed the §r§5Amethyst Crystal§r§d!
22:21:19 [allowed]   §r§dKeep exploring the §r§5Crystal Hollows §r§dto find the rest!
22:21:23 [allowed] §5§l✦ §r§dYou placed the §r§6Amber Crystal§r§d!
22:21:23 [allowed] §3§l▬▬▬▬▬▬▬▬▬▬▬▬▬▬▬▬▬▬▬▬▬▬▬▬▬▬▬▬▬▬▬▬▬▬▬▬▬▬▬▬▬▬▬▬▬▬▬▬▬▬▬▬▬▬▬▬▬▬▬▬▬▬▬▬
22:21:23 [allowed]   §r§5§lCRYSTAL NUCLEUS LOOT BUNDLE 
22:21:23 [allowed]   §r§a§lREWARDS
22:21:23 [allowed]     §r§9⸕ Fine Amber Gemstone
22:21:23 [allowed]     §r§9❈ Fine Amethyst Gemstone
22:21:23 [allowed]     §r§9☘ Fine Jade Gemstone
22:21:23 [allowed]     §r§9❁ Fine Jasper Gemstone
22:21:23 [allowed]     §r§9❤ Fine Ruby Gemstone
22:21:23 [allowed]     §r§9✎ Fine Sapphire Gemstone
22:21:23 [allowed]     §r§9✧ Fine Topaz Gemstone
22:21:23 [allowed]     §r§a⸕ Flawed Amber Gemstone §r§8x18
22:21:23 [allowed]     §r§a❈ Flawed Amethyst Gemstone §r§8x30
22:21:23 [allowed]     §r§a☘ Flawed Jade Gemstone §r§8x24
22:21:23 [allowed]     §r§a❁ Flawed Jasper Gemstone §r§8x18
22:21:23 [allowed]     §r§a❤ Flawed Ruby Gemstone §r§8x18
22:21:23 [allowed]     §r§a✎ Flawed Sapphire Gemstone §r§8x6
22:21:23 [allowed]     §r§aOil Barrel
22:21:23 [allowed]     §r§5+800 HOTM Exp
22:21:23 [allowed] §e[SkyHanni] Profit for Crystal Nucleus Run§e: §c-620k
22:21:23 [allowed] §3§l▬▬▬▬▬▬▬▬▬▬▬▬▬▬▬▬▬▬▬▬▬▬▬▬▬▬▬▬▬▬▬▬▬▬▬▬▬▬▬▬▬▬▬▬▬▬▬▬▬▬▬▬▬▬▬▬▬▬▬▬▬▬▬▬
22:21:23 [allowed] §7Pick it up near the §r§5Nucleus Vault§r§7!
22:21:42 [allowed] §aYour §r§5Enderman §r§aleveled up to level §r§964§r§a!
22:21:46 [allowed] §cA magical force surrounding this area prevents you from breaking blocks!
22:21:49 [allowed] §cA magical force surrounding this area prevents you from breaking blocks!
22:21:50 [allowed] §cA magical force surrounding this area prevents you from breaking blocks!
22:22:06 [allowed] §9§m-----------------------------------------------------§r
§r§a[VIP§r§6+§r§a] himej0shi §r§ehas invited you to join their party!
§r§eYou have §r§c60 §r§eseconds to accept. §r§6Click here to join!§r
§r§9§m-----------------------------------------------------
22:22:09 [allowed] §9§m-----------------------------------------------------
22:22:09 [allowed] §eYou have joined §r§a[VIP§r§6+§r§a] himej0shi's §r§eparty!
22:22:09 [allowed] §9§m-----------------------------------------------------
22:22:10 [allowed] §9§m-----------------------------
22:22:10 [allowed] §eParty Leader, §r§a[VIP§r§6+§r§a] himej0shi§r§e, summoned you to their server.
22:22:10 [allowed] §9§m-----------------------------
22:22:10 [allowed] §7Sending to server mini203H...
22:22:30 [allowed] §7Warping you to your SkyBlock island...
22:22:30 [allowed] §7Sending to server mini30AA...
22:23:33 [allowed] §a§lPotion Effect! §r§aCombat XP Boost III
22:23:42 [allowed] §aYour pet is now holding §r§aCombat Exp Boost§r§a.
22:23:57 [allowed] §aYou summoned your §r§9Guardian§r§a!
22:25:21 [allowed] §eYou claimed the §r§6Chronomatron §r§erewards!
22:25:21 [allowed]  §r§8+§r§331,500 Enchanting Exp
22:25:21 [allowed] §8 +§r§d2 Superpairs clicks
22:26:03 [allowed] §eYou claimed the §r§cUltrasequencer §r§erewards!
22:26:03 [allowed]  §r§8+§r§340,000 Enchanting Exp
22:26:03 [allowed] §8 +§r§d2 Superpairs clicks
22:26:53 [allowed] §eYou claimed the §r§6Superpairs §r§erewards!
22:26:53 [allowed] §aYour §r§9Guardian §r§aleveled up to level §r§9100§r§a!
22:26:53 [allowed] §8 +§r§3200k Enchanting Exp
22:26:53 [allowed] §3§l▬▬▬▬▬▬▬▬▬▬▬▬▬▬▬▬▬▬▬▬▬▬▬▬▬▬▬▬▬▬▬▬▬▬▬▬▬▬▬▬▬▬▬▬▬▬▬▬▬▬▬▬▬▬▬▬▬▬▬▬▬▬▬▬
22:26:53 [allowed]   §r§b§lSKILL LEVEL UP §3Enchanting §830➜§331
22:26:53 [allowed]   §r§a§lREWARDS
22:26:53 [allowed]    §r§eConjurer 31
22:26:53 [allowed]    §r  §7§fGain §8150➜§a155%§f more experience orbs from any source.
22:26:53 [allowed]    §r§7§8+§a0.5% §c๑ Ability Damage
22:26:53 [allowed]    §r§7§8+§a2 §b✎ Intelligence
22:26:53 [allowed]    §r§7§a§d§lChimera Enchantment
22:26:53 [allowed]    §r§7§8+§6375,000 §7Coins
22:26:53 [allowed]    §r§7§8+§b20 SkyBlock XP
22:26:53 [allowed] §3§l▬▬▬▬▬▬▬▬▬▬▬▬▬▬▬▬▬▬▬▬▬▬▬▬▬▬▬▬▬▬▬▬▬▬▬▬▬▬▬▬▬▬▬▬▬▬▬▬▬▬▬▬▬▬▬▬▬▬▬▬▬▬▬▬
22:26:53 [allowed]  §r§8+§r§3115k Enchanting Exp
22:26:53 [allowed]  §r§8+§r§360k Enchanting Exp
22:26:53 [allowed]  §r§8+§r§360k Enchanting Exp
22:26:53 [allowed]  §r§8+§r§353k Enchanting Exp
22:26:53 [allowed]  §r§8+§r§351k Enchanting Exp
22:27:03 [allowed] §7Warping...
22:27:03 [allowed] §7Sending to server mini235M...
22:27:21 [allowed] §aSuccessfully added §r§9Guardian §r§ato your pet menu!
22:27:24 [allowed] §aYou summoned your §r§5Enderman§r§a!
22:27:55 [allowed]  §9§l» §ahimej0shi §eis traveling to §aPrivate Island §e§lFOLLOW
22:27:58 [allowed] §7Warping...
22:27:58 [allowed] §7Sending to server mini203H...
22:27:58 [allowed]  §9§l» §ahimej0shi §eis traveling to §aThe End §e§lFOLLOW
22:28:11 [allowed] §7Sending to server mini8DR...
22:28:15 [allowed] §e[SkyHanni] The Broodmother was killed!
22:28:22 [allowed] §7Sending to server mini63AN...
22:28:27 [allowed]  §9§l» §ahimej0shi §eis traveling to §aPrivate Island §e§lFOLLOW
22:28:29 [allowed] §9Lunch Egg! §d§lNEW §5§lEPIC §5Kodo §7(§6+10 §7and §6+0.005x c/s!§7)
22:28:34 [allowed]  §9§l» §ahimej0shi §eis traveling to §aPrivate Island §e§lFOLLOW
22:28:37 [allowed]  §9§l» §ahimej0shi §eis traveling to §aThe End §e§lFOLLOW
22:28:47 [allowed] §5☬ §r§aILoveDizi §r§dplaced a Summoning Eye! §r§7(§r§e1§r§7/§r§a8§r§7)
22:28:48 [allowed] §5☬ §r§aILoveDizi §r§dplaced a Summoning Eye! §r§7(§r§e2§r§7/§r§a8§r§7)
22:28:51 [allowed] §5☬ §r§aILoveDizi §r§dplaced a Summoning Eye! §r§7(§r§e3§r§7/§r§a8§r§7)
22:28:53 [allowed] §aDinner Egg! §d§lNEW §a§lUNCOMMON §aBenji §7(§6+2 §7and §6+0.003x c/s!§7)
22:28:53 [allowed] §5☬ §r§aILoveDizi §r§dplaced a Summoning Eye! §r§7(§r§e4§r§7/§r§a8§r§7)
22:28:57 [allowed] §7Warping you to your SkyBlock island...
22:28:57 [allowed] §7Sending to server mini77CE...
22:29:03 [allowed]  §9§l» §ahimej0shi §eis traveling to §aPrivate Island §e§lFOLLOW
22:29:06 [allowed] §7Warping...
22:29:07 [allowed] §7Sending to server mini33V...
22:29:08 [allowed]  §9§l» §ahimej0shi §eis traveling to §aPrivate Island §e§lFOLLOW
22:29:11 [allowed]  §9§l» §ahimej0shi §eis traveling to §aThe End §e§lFOLLOW
22:29:15 [allowed] §bhimej0shi joined SkyBlock.
22:29:39 [allowed] §a§l+5 Kill Combo §r§b+3% §r§b✯ Magic Find
22:29:39 [allowed] §6§lRARE DROP! §r§aEnchanted End Stone
22:29:41 [allowed] §e§lLOOT SHARE §r§r§r§fYou received loot for assisting §r§bZoaf§r§f!
22:29:47 [allowed] §7Warping you to your SkyBlock island...
22:29:47 [allowed] §7Sending to server mini194BG...
22:29:58 [allowed] §7Warping...
22:29:58 [allowed] §7Sending to server mini33V...
22:30:05 [allowed]  §b§l» §6nr1pir §eis traveling to §aDwarven Mines §e§lFOLLOW
22:30:08 [allowed] §7Sending to server mini235E...
22:30:09 [allowed] §bnr1pir joined SkyBlock.
22:30:15 [allowed] §7Sending to server mini33V...
22:30:22 [allowed] §9§m-----------------------------------------------------
22:30:22 [allowed] §eYou left the party.
22:30:22 [allowed] §9§m-----------------------------------------------------
22:30:22 [allowed] §7Sending to server mini235E...
22:30:29 [allowed] §7Sending to server mini33V...
22:30:31 [allowed]  §b§l» §6nr1pir §eis traveling to §aHub §e§lFOLLOW
22:30:35 [allowed]  §b§l» §6nr1pir §eis traveling to §aHub §e§lFOLLOW
22:30:35 [allowed] §7Sending to server mini242S...
22:30:38 [allowed]  §b§l» §6nr1pir §eis traveling to §aHub §e§lFOLLOW
22:30:40 [allowed] §e[SkyHanni] The Broodmother was killed!
22:30:42 [allowed] §bnr1pir left SkyBlock.
22:30:44 [allowed] §eProfile ID: §r§a62b760d8-92b6-4501-ada0-1fd8583f5266
22:30:44 [allowed] §e§lCLICK THIS TO SUGGEST IT IN CHAT §7§l[DASHES]
22:30:44 [allowed] §e§lCLICK THIS TO SUGGEST IT IN CHAT §7§l[NO DASHES]
22:30:44 [allowed] §a§l+5 Kill Combo §r§b+3% §r§b✯ Magic Find
22:30:45 [allowed] §bnr1pir joined SkyBlock.
22:30:52 [allowed] §cYour Kill Combo has expired! You reached a 5 Kill Combo!
22:30:57 [allowed] §7Warping...
22:30:57 [allowed] §7Sending to server mini33V...
22:31:05 [allowed] §7Sending to server mini71AU...
22:31:05 [allowed] §4☄ §r§ageku_green §r§eplaced an §r§9Arachne's Calling§r§e! (§r§a3§r§e/§r§a4§r§e)
22:31:14 [allowed] §7Sending to server mini33V...
22:31:27 [allowed] §e✆ RING... 
22:31:28 [allowed] §e✆ RING... RING... 
22:31:29 [allowed] §e✆ RING... RING... RING... 
22:31:30 [allowed] §e[NPC] §5Maddox§f: §b✆ §f§rYou hear the line pick up...
22:31:32 [allowed]   §r§5§lSLAYER QUEST STARTED!
22:31:32 [allowed]    §5§l» §7Slay §c2,750 Combat XP §7worth of Endermen§7.
22:31:35 [allowed] §e[SkyHanni] It took §b§e2s§e to kill §cVoidgloom Seraph 3.
22:31:35 [allowed]  §b§l» §ahimej0shi §eis traveling to §aPrivate Island §e§lFOLLOW
22:31:39 [allowed]  §b§l» §ahimej0shi §eis traveling to §aThe End §e§lFOLLOW
22:31:42 [allowed] §7Warping you to your SkyBlock island...
22:31:42 [allowed] §7Sending to server mini99DP...
22:31:45 [allowed]  §b§l» §ahimej0shi §eis traveling to §aSpider's Den §e§lFOLLOW
22:31:50 [allowed] §7Warping...
22:31:50 [allowed] §7Sending to server mini33V...
22:31:51 [allowed]  §b§l» §ahimej0shi §eis traveling to §aThe End §e§lFOLLOW
22:31:57 [allowed] §7Sending to server mini193BK...
22:31:58 [allowed]  §b§l» §ahimej0shi §eis traveling to §aSpider's Den §e§lFOLLOW
22:32:00 [allowed] §e[SkyHanni] The Broodmother was killed!
22:32:03 [allowed]  §b§l» §ahimej0shi §eis traveling to §aThe End §e§lFOLLOW
22:32:08 [allowed] §7Warping...
22:32:08 [allowed] §7Sending to server mini158DD...
22:32:13 [allowed]  §b§l» §ahimej0shi §eis traveling to §aSpider's Den §e§lFOLLOW
22:32:19 [allowed]  §b§l» §ahimej0shi §eis traveling to §aThe End §e§lFOLLOW
22:32:30 [allowed]  §b§l» §ahimej0shi §eis traveling to §aSpider's Den §e§lFOLLOW
22:32:30 [allowed] §d§lHOPPITY'S HUNT §r§dA §r§aChocolate Dinner Egg §r§dhas appeared!
22:32:31 [allowed] §a§l+5 Kill Combo §r§b+3% §r§b✯ Magic Find
22:32:34 [allowed] §cYou need to kill Voidgloom Seraph III §r§cto damage this!
22:32:34 [allowed] §eVisit Maddox in the Hub's tavern to complete Slayer quests!
22:32:36 [allowed]  §b§l» §ahimej0shi §eis traveling to §aThe End §e§lFOLLOW
22:32:37 [allowed] §a§l+10 Kill Combo §r§8+§r§610 §r§7coins per kill
22:32:45 [allowed] §6§lRARE DROP! §r§aEnchanted Obsidian
22:32:47 [allowed] §9§l+15 Kill Combo §r§b+3% §r§b✯ Magic Find
22:32:53 [allowed] §cYour Kill Combo has expired! You reached a 16 Kill Combo!
22:32:55 [allowed] §9§m-----------------------------------------------------
22:32:55 [allowed] §b[MVP§r§3+§r§b] catholicschool §r§einvited §r§a[VIP§r§6+§r§a] himej0shi §r§eto the party! They have §r§c60 §r§eseconds to accept.
22:32:55 [allowed] §9§m-----------------------------------------------------
22:32:56 [allowed] §9§m-----------------------------------------------------
22:32:56 [allowed] §a[VIP§r§6+§r§a] himej0shi §r§ejoined the party.
22:32:56 [allowed] §9§m-----------------------------------------------------
22:32:59 [allowed] §9§m-----------------------------
22:32:59 [allowed] §eSkyBlock Party Warp §r§7(1 player)
22:32:59 [allowed] §a✔ §r§a[VIP§r§6+§r§a] himej0shi§r§f §r§awarped to your server
22:32:59 [allowed] §9§m-----------------------------
22:33:03 [allowed] §bhimej0shi joined SkyBlock.
22:33:15 [allowed] §e[SkyHanni] It took §b§e46s§e to kill §cVoidgloom Seraph 3.
22:33:18 [allowed] §e[SkyHanni] It took §b§e14s§e to kill §aVoidgloom Seraph 1.
22:33:19 [allowed]   §r§6§lNICE! SLAYER BOSS SLAIN!
22:33:19 [allowed] §7[§r§rS§r§rk§r§ry§r§rb§r§rl§r§ro§r§rc§r§rk§r§re§r§rr§r§7] §rSlayer has been killed in 15.62s!
22:33:19 [allowed]    §r§5§l» §r§7Talk to Maddox to claim your Enderman Slayer XP!
22:33:28 [allowed] §e§lLOOT SHARE §r§r§r§fYou received loot for assisting §r§ahimej0shi§r§f!
22:33:29 [allowed] §5☬ §r§7DiederBrock §r§dplaced a Summoning Eye! §r§7(§r§e1§r§7/§r§a8§r§7)
22:33:38 [allowed] §e§lLOOT SHARE §r§r§r§fYou received loot for assisting §r§ahimej0shi§r§f!
22:33:49 [allowed] §e✆ RING... 
22:33:50 [allowed] §e✆ RING... RING... 
22:33:51 [allowed] §e✆ RING... RING... RING... 
22:33:52 [allowed] §e[NPC] §5Maddox§f: §b✆ §f§rYou again? What do you want this time?
22:33:53 [allowed] §e[SkyHanni] Slayer quest took §b2m 20s§e to complete.
22:33:53 [allowed]   §r§a§lSLAYER QUEST COMPLETE!
22:33:53 [allowed]    §r§eEnderman Slayer LVL 2 §r§5- §r§7Next LVL in §r§d200 XP§r§7!
22:33:56 [allowed]   §r§5§lSLAYER QUEST STARTED!
22:33:56 [allowed]    §5§l» §7Slay §c2,750 Combat XP §7worth of Endermen§7.
22:34:01 [allowed] §a§l+5 Kill Combo §r§b+3% §r§b✯ Magic Find
22:34:08 [allowed] §a§l+10 Kill Combo §r§8+§r§610 §r§7coins per kill
22:34:13 [allowed] §cYou need to kill Voidgloom Seraph III §r§cto damage this!
22:34:13 [allowed] §eVisit Maddox in the Hub's tavern to complete Slayer quests!
22:34:17 [allowed] §9§l+15 Kill Combo §r§b+3% §r§b✯ Magic Find
22:34:18 [allowed] §6§lRARE DROP! §r§aEnchanted End Stone
22:34:25 [allowed] §cYour Kill Combo has expired! You reached a 18 Kill Combo!
22:34:32 [allowed] §a§l+5 Kill Combo §r§b+3% §r§b✯ Magic Find
22:34:39 [allowed] §cYour Kill Combo has expired! You reached a 5 Kill Combo!
22:34:40 [allowed] §cThis creature is immune to this kind of magic!
22:34:44 [allowed] §e[SkyHanni] It took §b§e12s§e to kill §aVoidgloom Seraph 1.
22:34:45 [allowed]   §r§6§lNICE! SLAYER BOSS SLAIN!
22:34:45 [allowed] §7[§r§rS§r§rk§r§ry§r§rb§r§rl§r§ro§r§rc§r§rk§r§re§r§rr§r§7] §rSlayer has been killed in 14.83s!
22:34:45 [allowed]    §r§5§l» §r§7Talk to Maddox to claim your Enderman Slayer XP!
22:34:54 [allowed] §e✆ RING... 
22:34:55 [allowed] §e✆ RING... RING... 
22:34:56 [allowed] §e✆ RING... RING... RING... 
22:34:57 [allowed] §e[NPC] §5Maddox§f: §b✆ §f§rYou again? What do you want this time?
22:34:58 [allowed] §e[SkyHanni] Slayer quest took §b1m 1s§e to complete.
22:34:58 [allowed]   §r§a§lSLAYER QUEST COMPLETE!
22:34:58 [allowed]    §r§eEnderman Slayer LVL 2 §r§5- §r§7Next LVL in §r§d195 XP§r§7!
22:34:59 [allowed] §e[SkyHanni] It took §b§e39s§e to kill §cVoidgloom Seraph 3.
22:35:00 [allowed]   §r§5§lSLAYER QUEST STARTED!
22:35:00 [allowed]    §5§l» §7Slay §c2,750 Combat XP §7worth of Endermen§7.
22:35:01 [allowed] §a§l+5 Kill Combo §r§b+3% §r§b✯ Magic Find
22:35:04 [allowed] §a§l+10 Kill Combo §r§8+§r§610 §r§7coins per kill
22:35:16 [allowed] §e[SkyHanni] It took §b§e22s§e to kill §4Voidgloom Seraph 4.
22:35:17 [allowed] §9§l+15 Kill Combo §r§b+3% §r§b✯ Magic Find
22:35:21 [allowed] §cYour Kill Combo has expired! You reached a 15 Kill Combo!
22:35:30 [allowed] §a§l+5 Kill Combo §r§b+3% §r§b✯ Magic Find
22:35:40 [allowed] §e[SkyHanni] It took §b§e21s§e to kill §4Voidgloom Seraph 4.
22:35:40 [allowed] §a§l+10 Kill Combo §r§8+§r§610 §r§7coins per kill
22:35:49 [allowed] §cYour Kill Combo has expired! You reached a 12 Kill Combo!
22:35:55 [allowed] §e[SkyHanni] It took §b§e13s§e to kill §aVoidgloom Seraph 1.
22:35:56 [allowed]   §r§6§lNICE! SLAYER BOSS SLAIN!
22:35:56 [allowed] §7[§r§rS§r§rk§r§ry§r§rb§r§rl§r§ro§r§rc§r§rk§r§re§r§rr§r§7] §rSlayer has been killed in 14.63s!
22:35:56 [allowed]    §r§5§l» §r§7Talk to Maddox to claim your Enderman Slayer XP!
22:35:58 [allowed] §a§l+5 Kill Combo §r§b+3% §r§b✯ Magic Find
22:35:59 [allowed] §e✆ RING... 
22:36:00 [allowed] §e✆ RING... RING... 
22:36:01 [allowed] §e✆ RING... RING... RING... 
22:36:02 [allowed] §e[NPC] §5Maddox§f: §b✆ §f§rHow does a lobster answer? Shello!
22:36:03 [allowed] §e[SkyHanni] Slayer quest took §b1m 3s§e to complete.
22:36:03 [allowed]   §r§a§lSLAYER QUEST COMPLETE!
22:36:03 [allowed]    §r§eEnderman Slayer LVL 2 §r§5- §r§7Next LVL in §r§d190 XP§r§7!
22:36:07 [allowed]   §r§6§lSLAYER REWARDS CLAIMED!
22:36:07 [allowed]    §r§5§l» §r§7Enderman Slayer LVL 2
22:36:07 [allowed]   §r§a§lREWARDS
22:36:07 [allowed]     §r§7§b+2✎ Intelligence
22:36:07 [allowed]     §r§7§9Null Ovoid §7Recipe
22:36:07 [allowed]     §r§7§aSoulflow Pile §7Recipe
22:36:07 [allowed]     §r§7§9Lesser Soulflow Engine §7Recipe
22:36:07 [allowed]     §r§7§9Soulflow §7Recipe
22:36:07 [allowed]     §r§7§8+§b25 SkyBlock XP
22:36:09 [allowed] §cYour Kill Combo has expired! You reached a 7 Kill Combo!
22:36:09 [allowed] §e✆ RING... 
22:36:10 [allowed] §e✆ RING... RING... 
22:36:12 [allowed] §e✆ RING... RING... RING... 
22:36:12 [allowed] §e[NPC] §5Maddox§f: §b✆ §f§rSomeone answers!
22:36:16 [allowed]   §r§5§lSLAYER QUEST STARTED!
22:36:16 [allowed]    §5§l» §7Slay §c2,750 Combat XP §7worth of Endermen§7.
22:36:26 [allowed] §a§l+5 Kill Combo §r§b+3% §r§b✯ Magic Find
22:36:29 [allowed] §e[SkyHanni] It took §b§e4s§e to kill §aVoidgloom Seraph 1.
22:36:31 [allowed] §a§l+10 Kill Combo §r§8+§r§610 §r§7coins per kill
22:36:31 [allowed] §cYou need to kill Voidgloom Seraph III §r§cto damage this!
22:36:31 [allowed] §eVisit Maddox in the Hub's tavern to complete Slayer quests!
22:36:35 [allowed] §9§l+15 Kill Combo §r§b+3% §r§b✯ Magic Find
22:36:37 [allowed] §cYou need to kill Voidgloom Seraph III §r§cto damage this!
22:36:37 [allowed] §eVisit Maddox in the Hub's tavern to complete Slayer quests!
22:36:43 [allowed] §5§l+20 Kill Combo §r§8§r§3+15☯ Combat Wisdom
22:36:48 [allowed] §cYour Kill Combo has expired! You reached a 22 Kill Combo!
22:37:02 [allowed] §e[SkyHanni] It took §b§e15s§e to kill §aVoidgloom Seraph 1.
22:37:02 [allowed]   §r§6§lNICE! SLAYER BOSS SLAIN!
22:37:02 [allowed] §7[§r§rS§r§rk§r§ry§r§rb§r§rl§r§ro§r§rc§r§rk§r§re§r§rr§r§7] §rSlayer has been killed in 17.05s!
22:37:02 [allowed]    §r§5§l» §r§7Talk to Maddox to claim your Enderman Slayer XP!
22:37:07 [allowed] §a§l+5 Kill Combo §r§b+3% §r§b✯ Magic Find
22:37:07 [allowed] §6§lRARE DROP! §r§aEnchanted Eye of Ender
22:37:12 [allowed] §e§lLOOT SHARE §r§r§r§fYou received loot for assisting §r§bOneSaltyBoi226§r§f!
22:37:14 [allowed] §5§lCHARM§7 You charmed a §aBruiser§7 and captured its §9Shard§7.
22:37:16 [allowed] §a§l+10 Kill Combo §r§8+§r§610 §r§7coins per kill
22:37:16 [allowed] §e[SkyHanni] It took §b§e49s§e to kill §cVoidgloom Seraph 3.
22:37:21 [allowed] §6§lRARE DROP! §r§aEnchanted Eye of Ender
22:37:31 [allowed] §cYour Kill Combo has expired! You reached a 14 Kill Combo!
22:37:33 [allowed] §e§lLOOT SHARE §r§r§r§fYou received loot for assisting §r§aSjoerd_2005Gamer§r§f!
22:38:37 [allowed] §bCo-op > §a[VIP§6+§a] himej0shi§f: §ri think im going insane i can hear the scatha approaching sound in my brain.
22:38:45 [allowed] §a§l+5 Kill Combo §r§b+3% §r§b✯ Magic Find
22:38:50 [allowed] §a§l+10 Kill Combo §r§8+§r§610 §r§7coins per kill
22:38:53 [allowed] §9§l+15 Kill Combo §r§b+3% §r§b✯ Magic Find
22:38:54 [allowed] §e✆ RING... 
22:38:55 [allowed] §e✆ RING... RING... 
22:38:56 [allowed] §e✆ RING... RING... RING... 
22:38:57 [allowed] §e[NPC] §5Maddox§f: §b✆ §f§rHow does a lobster answer? Shello!
22:38:58 [allowed] §e§lLOOT SHARE §r§r§r§fYou received loot for assisting §r§bBot_1_der_Zweite§r§f!
22:38:58 [allowed] §e[SkyHanni] Slayer quest took §b2m 42s§e to complete.
22:38:58 [allowed]   §r§a§lSLAYER QUEST COMPLETE!
22:38:58 [allowed]    §r§eEnderman Slayer LVL 2 §r§5- §r§7Next LVL in §r§d185 XP§r§7!
22:38:59 [allowed] §cYour Kill Combo has expired! You reached a 16 Kill Combo!
22:39:00 [allowed]   §r§5§lSLAYER QUEST STARTED!
22:39:00 [allowed]    §5§l» §7Slay §c2,750 Combat XP §7worth of Endermen§7.
22:39:03 [allowed] §cYou need to kill Voidgloom Seraph III §r§cto damage this!
22:39:03 [allowed] §eVisit Maddox in the Hub's tavern to complete Slayer quests!
22:39:04 [allowed] §cYou need to kill Voidgloom Seraph III §r§cto damage this!
22:39:04 [allowed] §eVisit Maddox in the Hub's tavern to complete Slayer quests!
22:39:04 [allowed] §cYou need to kill Voidgloom Seraph III §r§cto damage this!
22:39:04 [allowed] §eVisit Maddox in the Hub's tavern to complete Slayer quests!
22:39:06 [allowed] §6§lRARE DROP! §r§5Crystal Fragment
22:39:08 [allowed] §a§l+5 Kill Combo §r§b+3% §r§b✯ Magic Find
22:39:14 [allowed] §cYou need to kill Voidgloom Seraph III §r§cto damage this!
22:39:14 [allowed] §eVisit Maddox in the Hub's tavern to complete Slayer quests!
22:39:16 [allowed] §a§l+10 Kill Combo §r§8+§r§610 §r§7coins per kill
22:39:18 [allowed] §e§lLOOT SHARE §r§r§r§fYou received loot for assisting §r§aSjoerd_2005Gamer§r§f!
22:39:24 [allowed] §cYour Kill Combo has expired! You reached a 13 Kill Combo!
22:39:29 [allowed] §cYou need to kill Voidgloom Seraph III §r§cto damage this!
22:39:29 [allowed] §eVisit Maddox in the Hub's tavern to complete Slayer quests!
22:39:34 [allowed] §a§l+5 Kill Combo §r§b+3% §r§b✯ Magic Find
22:39:43 [allowed] §cYour Kill Combo has expired! You reached a 8 Kill Combo!
22:39:52 [allowed] §e[SkyHanni] It took §b§e14s§e to kill §aVoidgloom Seraph 1.
22:39:53 [allowed]   §r§6§lNICE! SLAYER BOSS SLAIN!
22:39:53 [allowed] §7[§r§rS§r§rk§r§ry§r§rb§r§rl§r§ro§r§rc§r§rk§r§re§r§rr§r§7] §rSlayer has been killed in 15.55s!
22:39:53 [allowed]    §r§5§l» §r§7Talk to Maddox to claim your Enderman Slayer XP!
22:39:55 [allowed] §e✆ RING... 
22:39:56 [allowed] §a§l+5 Kill Combo §r§b+3% §r§b✯ Magic Find
22:39:56 [allowed] §e✆ RING... RING... 
22:39:57 [allowed] §e✆ RING... RING... RING... 
22:39:57 [allowed] §c§lYou feel a tremor from beneath the earth!
22:39:58 [allowed] §e[NPC] §5Maddox§f: §b✆ §f§rYou hear the line pick up...
22:39:59 [allowed] §e[SkyHanni] Slayer quest took §b59s§e to complete.
22:39:59 [allowed]   §r§a§lSLAYER QUEST COMPLETE!
22:39:59 [allowed]    §r§eEnderman Slayer LVL 2 §r§5- §r§7Next LVL in §r§d180 XP§r§7!
22:40:01 [allowed]   §r§5§lSLAYER QUEST STARTED!
22:40:01 [allowed]    §5§l» §7Slay §c2,750 Combat XP §7worth of Endermen§7.
22:40:03 [allowed] §e[SkyHanni] It took §b§e38s§e to kill §cVoidgloom Seraph 3.
22:40:05 [allowed] §a§l+10 Kill Combo §r§8+§r§610 §r§7coins per kill
22:40:11 [allowed] §cThere are blocks in the way!
22:40:12 [allowed] §cThere are blocks in the way!
22:40:15 [allowed] §9§l+15 Kill Combo §r§b+3% §r§b✯ Magic Find
22:40:22 [allowed] §5§l+20 Kill Combo §r§8§r§3+15☯ Combat Wisdom
22:40:23 [allowed] §e[SkyHanni] It took §b§e27s§e to kill §4Voidgloom Seraph 4.
22:40:24 [allowed] §6§lRARE DROP! §r§aEnchanted Ender Pearl
22:40:25 [allowed] §e[SkyHanni] It took §b§e1m 11s§e to kill §cVoidgloom Seraph 3.
22:40:26 [allowed] §5§l+25 Kill Combo §r§b+3% §r§b✯ Magic Find
22:40:27 [allowed] §cYou need to kill Voidgloom Seraph III §r§cto damage this!
22:40:27 [allowed] §eVisit Maddox in the Hub's tavern to complete Slayer quests!
22:40:28 [allowed] §cYou need to kill Voidgloom Seraph III §r§cto damage this!
22:40:28 [allowed] §eVisit Maddox in the Hub's tavern to complete Slayer quests!
22:40:28 [allowed] §cYou need to kill Voidgloom Seraph III §r§cto damage this!
22:40:28 [allowed] §eVisit Maddox in the Hub's tavern to complete Slayer quests!
22:40:28 [allowed] §cYou need to kill Voidgloom Seraph III §r§cto damage this!
22:40:28 [allowed] §eVisit Maddox in the Hub's tavern to complete Slayer quests!
22:40:29 [allowed] §cYou need to kill Voidgloom Seraph III §r§cto damage this!
22:40:29 [allowed] §eVisit Maddox in the Hub's tavern to complete Slayer quests!
22:40:29 [allowed] §cYou need to kill Voidgloom Seraph III §r§cto damage this!
22:40:29 [allowed] §eVisit Maddox in the Hub's tavern to complete Slayer quests!
22:40:30 [allowed] §cYou need to kill Voidgloom Seraph III §r§cto damage this!
22:40:30 [allowed] §eVisit Maddox in the Hub's tavern to complete Slayer quests!
22:40:30 [allowed] §cYou need to kill Voidgloom Seraph III §r§cto damage this!
22:40:30 [allowed] §eVisit Maddox in the Hub's tavern to complete Slayer quests!
22:40:31 [allowed] §cYour Kill Combo has expired! You reached a 28 Kill Combo!
22:40:31 [allowed] §cYou need to kill Voidgloom Seraph III §r§cto damage this!
22:40:31 [allowed] §eVisit Maddox in the Hub's tavern to complete Slayer quests!
22:40:32 [allowed] §cYou need to kill Voidgloom Seraph III §r§cto damage this!
22:40:32 [allowed] §eVisit Maddox in the Hub's tavern to complete Slayer quests!
22:40:44 [allowed] §e[SkyHanni] It took §b§e16s§e to kill §aVoidgloom Seraph 1.
22:40:45 [allowed] §e✆ RING... 
22:40:45 [allowed]   §r§6§lNICE! SLAYER BOSS SLAIN!
22:40:45 [allowed] §7[§r§rS§r§rk§r§ry§r§rb§r§rl§r§ro§r§rc§r§rk§r§re§r§rr§r§7] §rSlayer has been killed in 17.05s!
22:40:45 [allowed]    §r§5§l» §r§7Talk to Maddox to claim your Enderman Slayer XP!
22:40:46 [allowed] §e✆ RING... RING... 
22:40:47 [allowed] §e✆ RING... RING... RING... 
22:40:48 [allowed] §a§l+5 Kill Combo §r§b+3% §r§b✯ Magic Find
22:40:48 [allowed] §e[NPC] §5Maddox§f: §b✆ §f§rHow does a lobster answer? Shello!
22:40:49 [allowed] §bCo-op > §6[MVP§2++§6] nr1pir§f: §ri just got another hound pet
22:40:49 [allowed] §e[SkyHanni] Slayer quest took §b48s§e to complete.
22:40:49 [allowed]   §r§a§lSLAYER QUEST COMPLETE!
22:40:49 [allowed]    §r§eEnderman Slayer LVL 2 §r§5- §r§7Next LVL in §r§d175 XP§r§7!
22:40:50 [allowed] §d§lHOPPITY'S HUNT §r§dA §r§6Chocolate Brunch Egg §r§dhas appeared!
22:40:51 [allowed]   §r§5§lSLAYER QUEST STARTED!
22:40:51 [allowed]    §5§l» §7Slay §c2,750 Combat XP §7worth of Endermen§7.
22:40:59 [allowed] §a§l+10 Kill Combo §r§8+§r§610 §r§7coins per kill
22:40:59 [allowed] §5§lCHARM§7 You charmed a §aBruiser§7 and captured its §9Shard§7.
22:41:05 [allowed] §9§l+15 Kill Combo §r§b+3% §r§b✯ Magic Find
22:41:08 [allowed] §bCo-op > §a[VIP§6+§a] himej0shi§f: §rso that means i dont need to grind those i need to grind scatha
22:41:11 [allowed] §5§l+20 Kill Combo §r§8§r§3+15☯ Combat Wisdom
22:41:14 [allowed] §bCo-op > §6[MVP§2++§6] nr1pir§f: §rgrind ghoul
22:41:18 [allowed] §5§l+25 Kill Combo §r§b+3% §r§b✯ Magic Find
22:41:21 [allowed] §cYour Kill Combo has expired! You reached a 25 Kill Combo!
22:41:29 [allowed] §bCo-op > §a[VIP§6+§a] himej0shi§f: §rdw bro we can share ghoul smh
22:41:35 [allowed] §e[SkyHanni] It took §b§e13s§e to kill §aVoidgloom Seraph 1.
22:41:36 [allowed]   §r§6§lNICE! SLAYER BOSS SLAIN!
22:41:36 [allowed] §7[§r§rS§r§rk§r§ry§r§rb§r§rl§r§ro§r§rc§r§rk§r§re§r§rr§r§7] §rSlayer has been killed in 13.89s!
22:41:36 [allowed]    §r§5§l» §r§7Talk to Maddox to claim your Enderman Slayer XP!
22:41:39 [allowed] §bCo-op > §6[MVP§2++§6] nr1pir§f: §rthats really crazy tho
22:41:40 [allowed] §e[SkyHanni] §eTo edit hidden GUI elements:
 §7- §e1. Set a key in /sh edit.
 §7- §e2. Click that key while the GUI element is visible.
22:41:42 [allowed] §bCo-op > §6[MVP§2++§6] nr1pir§f: §rthat i dropped a 2nd hound pet
22:41:43 [allowed] §e✆ RING... 
22:41:44 [allowed] §e✆ RING... RING... 
22:41:45 [allowed] §bCo-op > §6[MVP§2++§6] nr1pir§f: §ras a 0.003% drop
22:41:45 [allowed] §e✆ RING... RING... RING... 
22:41:46 [allowed] §e[NPC] §5Maddox§f: §b✆ §f§rYou again? What do you want this time?
22:41:48 [allowed] §e[SkyHanni] Slayer quest took §b56s§e to complete.
22:41:48 [allowed]   §r§a§lSLAYER QUEST COMPLETE!
22:41:48 [allowed]    §r§eEnderman Slayer LVL 2 §r§5- §r§7Next LVL in §r§d170 XP§r§7!
22:41:49 [allowed] §e[SkyHanni] It took §b§e1m 23s§e to kill §cVoidgloom Seraph 3.
22:41:50 [allowed]   §r§5§lSLAYER QUEST STARTED!
22:41:50 [allowed]    §5§l» §7Slay §c2,750 Combat XP §7worth of Endermen§7.
22:41:59 [allowed] §e[SkyHanni] It took §b§e41s§e to kill §cVoidgloom Seraph 3.
22:42:01 [allowed] §bCo-op > §a[VIP§6+§a] himej0shi§f: §rya u got good luck going rn
22:42:23 [allowed] §e[SkyHanni] It took §b§e7s§e to kill §aVoidgloom Seraph 1.
22:42:25 [allowed] §bCo-op > §6[MVP§2++§6] nr1pir§f: §roh we need like
22:42:27 [allowed] §bCo-op > §6[MVP§2++§6] nr1pir§f: §r6 bal pets
22:42:30 [allowed] §bCo-op > §6[MVP§2++§6] nr1pir§f: §r3 each
22:42:34 [allowed] §bCo-op > §6[MVP§2++§6] nr1pir§f: §r2 each
22:42:36 [allowed] §bCo-op > §6[MVP§2++§6] nr1pir§f: §rcause 1 to have
22:42:38 [allowed] §a§l+5 Kill Combo §r§b+3% §r§b✯ Magic Find
22:42:39 [allowed] §bCo-op > §6[MVP§2++§6] nr1pir§f: §r1 to sell to george
22:42:45 [allowed] §bCo-op > §a[VIP§6+§a] himej0shi§f: §raneurysm?
22:42:46 [allowed] §bCo-op > §6[MVP§2++§6] nr1pir§f: §rfor taming cap increase
22:42:46 [allowed] §a§l+10 Kill Combo §r§8+§r§610 §r§7coins per kill
22:42:51 [allowed] §cYour Kill Combo has expired! You reached a 10 Kill Combo!
22:42:52 [allowed] §bCo-op > §6[MVP§2++§6] nr1pir§f: §rsorry brain scrambled from 2nd hound pet
22:42:56 [allowed] §a§l+5 Kill Combo §r§b+3% §r§b✯ Magic Find
22:42:57 [allowed] §bCo-op > §a[VIP§6+§a] himej0shi§f: §rhgsdhgfd
22:43:02 [allowed] §a§l+10 Kill Combo §r§8+§r§610 §r§7coins per kill
22:43:08 [allowed] §cYour Kill Combo has expired! You reached a 11 Kill Combo!
22:43:19 [allowed] §e[SkyHanni] It took §b§e14s§e to kill §aVoidgloom Seraph 1.
22:43:20 [allowed]   §r§6§lNICE! SLAYER BOSS SLAIN!
22:43:20 [allowed] §7[§r§rS§r§rk§r§ry§r§rb§r§rl§r§ro§r§rc§r§rk§r§re§r§rr§r§7] §rSlayer has been killed in 16.41s!
22:43:20 [allowed]    §r§5§l» §r§7Talk to Maddox to claim your Enderman Slayer XP!
22:43:22 [allowed] §e✆ RING... 
22:43:23 [allowed] §e✆ RING... RING... 
22:43:24 [allowed] §e✆ RING... RING... RING... 
22:43:24 [allowed] §a§l+5 Kill Combo §r§b+3% §r§b✯ Magic Find
22:43:25 [allowed] §e[NPC] §5Maddox§f: §b✆ §f§rYou again? What do you want this time?
22:43:26 [allowed] §e[SkyHanni] Slayer quest took §b1m 36s§e to complete.
22:43:26 [allowed]   §r§a§lSLAYER QUEST COMPLETE!
22:43:26 [allowed]    §r§eEnderman Slayer LVL 2 §r§5- §r§7Next LVL in §r§d165 XP§r§7!
22:43:31 [allowed] §cYour Kill Combo has expired! You reached a 5 Kill Combo!
22:43:32 [allowed]   §r§5§lSLAYER QUEST STARTED!
22:43:32 [allowed]    §5§l» §7Slay §c2,750 Combat XP §7worth of Endermen§7.
22:43:40 [allowed] §a§l+5 Kill Combo §r§b+3% §r§b✯ Magic Find
22:43:41 [allowed] §d§lSALT§7 You charmed a §aBruiser§7 and captured §92 Shards §7from it.
22:43:45 [allowed] §a§l+10 Kill Combo §r§8+§r§610 §r§7coins per kill
22:43:45 [allowed] §e[SkyHanni] It took §b§e8s§e to kill §aVoidgloom Seraph 1.
22:43:51 [allowed] §9§l+15 Kill Combo §r§b+3% §r§b✯ Magic Find
22:44:00 [allowed] §cYour Kill Combo has expired! You reached a 19 Kill Combo!
22:45:40 [allowed]   §r§6§lNICE! SLAYER BOSS SLAIN!
22:45:40 [allowed] §7[§r§rS§r§rk§r§ry§r§rb§r§rl§r§ro§r§rc§r§rk§r§re§r§rr§r§7] §rSlayer has been killed in 15.62s!
22:45:40 [allowed]    §r§5§l» §r§7Talk to Maddox to claim your Enderman Slayer XP!
22:45:43 [allowed] §a§l+5 Kill Combo §r§b+3% §r§b✯ Magic Find
22:45:44 [allowed] §e✆ RING... 
22:45:45 [allowed] §e✆ RING... RING... 
22:45:46 [allowed] §e✆ RING... RING... RING... 
22:45:47 [allowed] §e[NPC] §5Maddox§f: §b✆ §f§rYou hear the line pick up...
22:45:48 [allowed] §e[SkyHanni] Slayer quest took §b2m 15s§e to complete.
22:45:48 [allowed]   §r§a§lSLAYER QUEST COMPLETE!
22:45:48 [allowed]    §r§eEnderman Slayer LVL 2 §r§5- §r§7Next LVL in §r§d160 XP§r§7!
22:45:50 [allowed]   §r§5§lSLAYER QUEST STARTED!
22:45:50 [allowed]    §5§l» §7Slay §c2,750 Combat XP §7worth of Endermen§7.
22:45:50 [allowed] §cYour Kill Combo has expired! You reached a 5 Kill Combo!
22:45:51 [allowed] §d§lSALT§7 You charmed a §aBruiser§7 and captured its §9Shard§7.
22:46:00 [allowed] §aYour §r§6Grandma Wolf §r§aleveled up to level §r§952§r§a!
22:46:02 [allowed] §a§l+5 Kill Combo §r§b+3% §r§b✯ Magic Find
22:46:11 [allowed] §e§lLOOT SHARE §r§r§r§fYou received loot for assisting §r§aSjoerd_2005Gamer§r§f!
22:46:15 [allowed] §cYour Kill Combo has expired! You reached a 9 Kill Combo!
22:46:20 [allowed] §d§lSALT§7 You charmed a §aBruiser§7 and captured §92 Shards §7from it.
22:46:20 [allowed] §bCo-op > §6[MVP§2++§6] nr1pir§f: §rcan i have the mithril golem back pls
22:46:21 [allowed] §6§lRARE DROP! §r§aEnchanted Eye of Ender
22:46:30 [allowed] §a§l+5 Kill Combo §r§b+3% §r§b✯ Magic Find
22:46:30 [allowed] §6§lRARE DROP! §r§aEnchanted Ender Pearl
22:46:32 [allowed]  §9§l» §ahimej0shi §eis traveling to §aPrivate Island §e§lFOLLOW
22:46:34 [allowed]  §b§l» §6nr1pir §eis traveling to §aPrivate Island §e§lFOLLOW
22:46:36 [allowed] §bhimej0shi joined SkyBlock.
22:46:39 [allowed] §d§lHOPPITY'S HUNT §r§dA §r§9Chocolate Déjeuner Egg §r§dhas appeared!
22:46:40 [allowed] §a§l+10 Kill Combo §r§8+§r§610 §r§7coins per kill
22:46:41 [allowed] §bCo-op > §a[VIP§6+§a] himej0shi§f: §rig ill do scatha tomorrow w endermite
22:46:44 [allowed] §bCo-op > §6[MVP§2++§6] nr1pir§f: §r...
22:46:45 [allowed] §cYour Kill Combo has expired! You reached a 10 Kill Combo!
22:46:50 [allowed] §e[SkyHanni] §cYour Time Tower just expired and has 1 charge remaining. Click here to open the Chocolate Factory Menu.
22:46:55 [allowed] §bCo-op > §6[MVP§2++§6] nr1pir§f: §rendermite doesnt boost drop rate...
22:46:56 [allowed] Unknown command. Type "/help" for help. ('pow')
22:46:57 [allowed] §9§m-----------------------------
22:46:57 [allowed] §eSkyBlock Party Warp §r§7(1 player)
22:46:57 [allowed] §a✔ §r§a[VIP§r§6+§r§a] himej0shi§r§f §r§awarped to your server
22:46:57 [allowed] §9§m-----------------------------
22:46:58 [allowed] §bCo-op > §6[MVP§2++§6] nr1pir§f: §ronly rarity
22:47:04 [allowed]   §r§6§lNICE! SLAYER BOSS SLAIN!
22:47:04 [allowed] §7[§r§rS§r§rk§r§ry§r§rb§r§rl§r§ro§r§rc§r§rk§r§re§r§rr§r§7] §rSlayer has been killed in 16.04s!
22:47:04 [allowed]    §r§5§l» §r§7Talk to Maddox to claim your Enderman Slayer XP!
22:47:09 [allowed] §bCo-op > §a[VIP§6+§a] himej0shi§f: §rye im goin for the best
22:47:17 [allowed] §bCo-op > §6[MVP§2++§6] nr1pir§f: §r...
22:47:21 [allowed] §d§lSALT§7 You charmed a §aBruiser§7 and captured its §9Shard§7.
22:47:26 [allowed] §e✆ RING... 
22:47:26 [allowed] §a§l+5 Kill Combo §r§b+3% §r§b✯ Magic Find
22:47:27 [allowed] §e✆ RING... RING... 
22:47:28 [allowed] §e✆ RING... RING... RING... 
22:47:29 [allowed] §e[NPC] §5Maddox§f: §b✆ §f§rSomeone answers!
22:47:30 [allowed] §e[SkyHanni] Slayer quest took §b1m 40s§e to complete.
22:47:30 [allowed]   §r§a§lSLAYER QUEST COMPLETE!
22:47:30 [allowed]    §r§eEnderman Slayer LVL 2 §r§5- §r§7Next LVL in §r§d155 XP§r§7!
22:47:32 [allowed]   §r§5§lSLAYER QUEST STARTED!
22:47:32 [allowed]    §5§l» §7Slay §c2,750 Combat XP §7worth of Endermen§7.
22:47:36 [allowed] §a§l+10 Kill Combo §r§8+§r§610 §r§7coins per kill
22:47:40 [allowed] §9§l+15 Kill Combo §r§b+3% §r§b✯ Magic Find
22:47:47 [allowed] §aYour §r§5Enderman §r§aleveled up to level §r§965§r§a!
22:47:47 [allowed] §5§l+20 Kill Combo §r§8§r§3+15☯ Combat Wisdom
22:47:50 [allowed] §cYour Kill Combo has expired! You reached a 20 Kill Combo!
22:47:58 [allowed] §a§l+5 Kill Combo §r§b+3% §r§b✯ Magic Find
22:48:03 [allowed] §e§lLOOT SHARE §r§r§r§fYou received loot for assisting §r§aSjoerd_2005Gamer§r§f!
22:48:08 [allowed] §cYour Kill Combo has expired! You reached a 7 Kill Combo!
22:48:13 [allowed]   §r§6§lNICE! SLAYER BOSS SLAIN!
22:48:13 [allowed] §7[§r§rS§r§rk§r§ry§r§rb§r§rl§r§ro§r§rc§r§rk§r§re§r§rr§r§7] §rSlayer has been killed in 11.25s!
22:48:13 [allowed]    §r§5§l» §r§7Talk to Maddox to claim your Enderman Slayer XP!
22:48:13 [allowed] §e§lLOOT SHARE §r§r§r§fYou received loot for assisting §r§aSjoerd_2005Gamer§r§f!
22:48:14 [allowed] §e✆ RING... 
22:48:15 [allowed] §e✆ RING... RING... 
22:48:16 [allowed] §e✆ RING... RING... RING... 
22:48:17 [allowed] §e[NPC] §5Maddox§f: §b✆ §f§rYou hear the line pick up...
22:48:18 [allowed] §e[SkyHanni] Slayer quest took §b46s§e to complete.
22:48:18 [allowed]   §r§a§lSLAYER QUEST COMPLETE!
22:48:18 [allowed]    §r§eEnderman Slayer LVL 2 §r§5- §r§7Next LVL in §r§d150 XP§r§7!
22:48:21 [allowed]   §r§5§lSLAYER QUEST STARTED!
22:48:21 [allowed]    §5§l» §7Slay §c2,750 Combat XP §7worth of Endermen§7.
22:50:50 [allowed]  §b§l» §6nr1pir §eis traveling to §aHub §e§lFOLLOW
22:50:54 [allowed] §bnr1pir joined SkyBlock.
22:50:59 [allowed]  §b§l» §6nr1pir §eis traveling to §aHub §e§lFOLLOW
22:51:03 [allowed] §bnr1pir joined SkyBlock.
22:51:10 [allowed]  §b§l» §6nr1pir §eis traveling to §aPrivate Island §e§lFOLLOW
22:51:34 [allowed]  §b§l» §6nr1pir §eis traveling to §aHub §e§lFOLLOW
22:51:37 [allowed]  §b§l» §6nr1pir §eis traveling to §aHub §e§lFOLLOW
22:51:41 [allowed]  §b§l» §6nr1pir §eis traveling to §aHub §e§lFOLLOW
22:51:51 [allowed] §c§lYou feel a tremor from beneath the earth!
22:51:52 [allowed]  §b§l» §6nr1pir §eis traveling to §aHub §e§lFOLLOW
22:52:30 [allowed] §d§lHOPPITY'S HUNT §r§dA §r§aChocolate Supper Egg §r§dhas appeared!
22:54:53 [allowed] §a§l+5 Kill Combo §r§b+3% §r§b✯ Magic Find
22:54:55 [allowed] §e§lLOOT SHARE §r§r§r§fYou received loot for assisting §r§ahimej0shi§r§f!
22:54:57 [allowed] §e§lLOOT SHARE §r§r§r§fYou received loot for assisting §r§ahimej0shi§r§f!
22:54:57 [allowed] §a§l+10 Kill Combo §r§8+§r§610 §r§7coins per kill
22:55:01 [allowed] §aYour §r§6Mithril Golem §r§aleveled up to level §r§961§r§a!
22:55:06 [allowed] §cThere are blocks in the way!
22:55:07 [allowed] §cYour Kill Combo has expired! You reached a 14 Kill Combo!
22:56:45 [allowed] §a§l+5 Kill Combo §r§b+3% §r§b✯ Magic Find
22:56:55 [allowed] §cYour Kill Combo has expired! You reached a 6 Kill Combo!
22:57:04 [allowed]   §r§6§lNICE! SLAYER BOSS SLAIN!
22:57:04 [allowed] §7[§r§rS§r§rk§r§ry§r§rb§r§rl§r§ro§r§rc§r§rk§r§re§r§rr§r§7] §rSlayer has been killed in 18.08s!
22:57:04 [allowed]    §r§5§l» §r§7Talk to Maddox to claim your Enderman Slayer XP!
22:57:05 [allowed] §e✆ RING... 
22:57:06 [allowed] §e✆ RING... RING... 
22:57:08 [allowed] §e✆ RING... RING... RING... 
22:57:08 [allowed] §e[NPC] §5Maddox§f: §b✆ §f§rHello?
22:57:09 [allowed] §e[SkyHanni] Slayer quest took §b8m 48s§e to complete.
22:57:09 [allowed]   §r§a§lSLAYER QUEST COMPLETE!
22:57:09 [allowed]    §r§eEnderman Slayer LVL 2 §r§5- §r§7Next LVL in §r§d145 XP§r§7!
22:57:13 [allowed]   §r§5§lSLAYER QUEST STARTED!
22:57:13 [allowed]    §5§l» §7Slay §c2,750 Combat XP §7worth of Endermen§7.
22:57:16 [allowed] §a§l+5 Kill Combo §r§b+3% §r§b✯ Magic Find
22:57:20 [allowed] §a§l+10 Kill Combo §r§8+§r§610 §r§7coins per kill
22:57:27 [allowed] §9§l+15 Kill Combo §r§b+3% §r§b✯ Magic Find
22:57:35 [allowed] §5§l+20 Kill Combo §r§8§r§3+15☯ Combat Wisdom
22:57:39 [allowed] §cYour Kill Combo has expired! You reached a 21 Kill Combo!
22:58:09 [allowed]  §b§l» §6nr1pir §eis traveling to §aPrivate Island §e§lFOLLOW
22:58:15 [allowed]  §b§l» §6nr1pir §eis traveling to §aHub §e§lFOLLOW
22:58:18 [allowed]  §b§l» §6nr1pir §eis traveling to §aHub §e§lFOLLOW
22:58:23 [allowed]  §b§l» §6nr1pir §eis traveling to §aHub §e§lFOLLOW
22:58:27 [allowed] §bnr1pir joined SkyBlock.
22:58:47 [allowed] §a§l+5 Kill Combo §r§b+3% §r§b✯ Magic Find
22:58:54 [allowed] §cYour Kill Combo has expired! You reached a 5 Kill Combo!
22:59:03 [allowed]   §r§6§lNICE! SLAYER BOSS SLAIN!
22:59:03 [allowed] §7[§r§rS§r§rk§r§ry§r§rb§r§rl§r§ro§r§rc§r§rk§r§re§r§rr§r§7] §rSlayer has been killed in 16.42s!
22:59:03 [allowed]    §r§5§l» §r§7Talk to Maddox to claim your Enderman Slayer XP!
22:59:04 [allowed] §e✆ RING... 
22:59:05 [allowed] §e✆ RING... RING... 
22:59:06 [allowed] §e✆ RING... RING... RING... 
22:59:07 [allowed] §e[NPC] §5Maddox§f: §b✆ §f§rSomeone answers!
22:59:08 [allowed] §e[SkyHanni] Slayer quest took §b1m 54s§e to complete.
22:59:08 [allowed]   §r§a§lSLAYER QUEST COMPLETE!
22:59:08 [allowed]    §r§eEnderman Slayer LVL 2 §r§5- §r§7Next LVL in §r§d140 XP§r§7!
22:59:09 [allowed]   §r§5§lSLAYER QUEST STARTED!
22:59:09 [allowed]    §5§l» §7Slay §c2,750 Combat XP §7worth of Endermen§7.
22:59:11 [allowed] §a§l+5 Kill Combo §r§b+3% §r§b✯ Magic Find
22:59:18 [allowed] §a§l+10 Kill Combo §r§8+§r§610 §r§7coins per kill
22:59:24 [allowed] §9§l+15 Kill Combo §r§b+3% §r§b✯ Magic Find
22:59:29 [allowed] §cYour Kill Combo has expired! You reached a 16 Kill Combo!
22:59:35 [allowed] §a§l+5 Kill Combo §r§b+3% §r§b✯ Magic Find
22:59:39 [allowed] §a§l+10 Kill Combo §r§8+§r§610 §r§7coins per kill
22:59:46 [allowed] §cYour Kill Combo has expired! You reached a 11 Kill Combo!
22:59:56 [allowed]   §r§6§lNICE! SLAYER BOSS SLAIN!
22:59:56 [allowed] §7[§r§rS§r§rk§r§ry§r§rb§r§rl§r§ro§r§rc§r§rk§r§re§r§rr§r§7] §rSlayer has been killed in 16.16s!
22:59:56 [allowed]    §r§5§l» §r§7Talk to Maddox to claim your Enderman Slayer XP!
22:59:58 [allowed] §e✆ RING... 
22:59:59 [allowed] §e✆ RING... RING... 
23:00:00 [allowed] §e✆ RING... RING... RING... 
23:00:01 [allowed] §e[NPC] §5Maddox§f: §b✆ §f§rYou again? What do you want this time?
23:00:02 [allowed] §e[SkyHanni] Slayer quest took §b52s§e to complete.
23:00:02 [allowed]   §r§a§lSLAYER QUEST COMPLETE!
23:00:02 [allowed]    §r§eEnderman Slayer LVL 2 §r§5- §r§7Next LVL in §r§d135 XP§r§7!
23:00:04 [allowed]   §r§5§lSLAYER QUEST STARTED!
23:00:04 [allowed]    §5§l» §7Slay §c2,750 Combat XP §7worth of Endermen§7.
23:00:08 [allowed] §6§lRARE DROP! §r§aEnchanted End Stone
23:00:10 [allowed] §a§l+5 Kill Combo §r§b+3% §r§b✯ Magic Find
23:00:16 [allowed] §c[Important] §r§eThis server will restart soon: §r§bScheduled Reboot
23:00:16 [allowed] §eYou have §a60 seconds §eto warp out! §a§l§nCLICK§e to warp now!
23:00:16 [allowed] §a§l+10 Kill Combo §r§8+§r§610 §r§7coins per kill
23:00:23 [allowed] §9§l+15 Kill Combo §r§b+3% §r§b✯ Magic Find
23:00:26 [allowed] §5§l+20 Kill Combo §r§8§r§3+15☯ Combat Wisdom
23:00:32 [allowed] §5§l+25 Kill Combo §r§b+3% §r§b✯ Magic Find
23:00:33 [allowed] §6§lRARE DROP! §r§aEnchanted Ender Pearl
23:00:38 [allowed] §6§l+30 Kill Combo §r§8+§r§610 §r§7coins per kill
23:00:44 [allowed] §6§lRARE DROP! §r§aEnchanted Ender Pearl
23:00:49 [allowed] §d§lHOPPITY'S HUNT §r§dA §r§6Chocolate Breakfast Egg §r§dhas appeared!
23:00:51 [allowed] §7Warping you to your SkyBlock island...
23:00:52 [allowed] §7Sending to server mini90B...
23:00:52 [allowed] §aYou gained §r§b579.4 Mining §r§aexperience from minions!
23:01:14 [allowed]  §9§l» §ahimej0shi §eis traveling to §aHub §e§lFOLLOW
23:01:25 [allowed]  §9§l» §ahimej0shi §eis traveling to §aPrivate Island §e§lFOLLOW
23:01:29 [allowed]  §9§l» §ahimej0shi §eis traveling to §aThe End §e§lFOLLOW
23:01:33 [allowed] §bhimej0shi joined SkyBlock.
23:01:50 [allowed] §4[WATCHDOG ANNOUNCEMENT]
23:01:50 [allowed] Watchdog has banned §r§c§l7,865§r§f players in the last 7 days.
23:01:50 [allowed] Staff have banned an additional §r§c§l9,519§r§f in the last 7 days.
23:01:50 [allowed] §cBlacklisted modifications are a bannable offense!
23:03:37 [allowed]  §b§l» §6nr1pir §eis traveling to §aPrivate Island §e§lFOLLOW
23:04:05 [allowed]  §b§l» §6nr1pir §eis traveling to §aHub §e§lFOLLOW
23:04:08 [allowed]  §b§l» §6nr1pir §eis traveling to §aHub §e§lFOLLOW
23:04:15 [allowed] §7Warping...
23:04:15 [allowed] §7Sending to server mini188AU...
23:04:37 [allowed] §cThis creature is immune to this kind of magic!
23:04:44 [allowed] §cThis creature is immune to this kind of magic!
23:04:48 [allowed]   §r§6§lNICE! SLAYER BOSS SLAIN!
23:04:48 [allowed] §7[§r§rS§r§rk§r§ry§r§rb§r§rl§r§ro§r§rc§r§rk§r§re§r§rr§r§7] §rSlayer has been killed in 15.79s!
23:04:48 [allowed]    §r§5§l» §r§7Talk to Maddox to claim your Enderman Slayer XP!
23:04:51 [allowed] §e✆ RING... 
23:04:53 [allowed] §e✆ RING... RING... 
23:04:54 [allowed] §e✆ RING... RING... RING... 
23:04:55 [allowed] §e[NPC] §5Maddox§f: §b✆ §f§rHey, what do you need?
23:04:56 [allowed] §e[SkyHanni] Slayer quest took §b4m 52s§e to complete.
23:04:56 [allowed]   §r§a§lSLAYER QUEST COMPLETE!
23:04:56 [allowed]    §r§eEnderman Slayer LVL 2 §r§5- §r§7Next LVL in §r§d130 XP§r§7!
23:06:05 [allowed] §a§l+5 Kill Combo §r§b+3% §r§b✯ Magic Find
23:06:06 [allowed] §6§lRARE DROP! §r§5Ender Necklace §r§b(+§r§b188% §r§b✯ Magic Find§r§b)
23:06:14 [allowed] §a§l+10 Kill Combo §r§8+§r§610 §r§7coins per kill
23:06:19 [allowed] §cYour Kill Combo has expired! You reached a 10 Kill Combo!
23:06:26 [allowed] §aYou summoned your §r§dEndermite§r§a!
23:06:31 [allowed] §c§lSACRIFICE! §r§eYou turned §r§5Ender Necklace §r§einto §r§d3 Dragon Essence§r§e!
23:06:34 [allowed] §aYou summoned your §r§5Enderman§r§a!
23:06:40 [allowed] §d§lHOPPITY'S HUNT §r§dA §r§9Chocolate Lunch Egg §r§dhas appeared!
23:06:41 [allowed] §d§lTIME TOWER! §r§7Your §r§6Chocolate Factory §r§7production has increased by §r§6+0.6x §r§7for §r§a1h§r§7!
23:06:42 [allowed] §9Rabbit Granny §r§7has been promoted to §r§7[120§r§7] §r§9Assistant§r§7!
23:06:43 [allowed] §5Rabbit Cousin §r§7has been promoted to §r§7[139§r§7] §r§5Manager§r§7!
23:06:44 [allowed] §5Rabbit Daddy §r§7has been promoted to §r§7[125§r§7] §r§5Manager§r§7!
23:06:44 [allowed] §5Rabbit Sis §r§7has been promoted to §r§7[131§r§7] §r§5Manager§r§7!
23:06:45 [allowed] §9Rabbit Uncle §r§7has been promoted to §r§7[117§r§7] §r§9Assistant§r§7!
23:06:46 [allowed] §9Rabbit Dog §r§7has been promoted to §r§7[114§r§7] §r§9Assistant§r§7!
23:06:46 [allowed] §9Rabbit Granny §r§7has been promoted to §r§7[121§r§7] §r§9Assistant§r§7!
23:06:47 [allowed] §5Rabbit Bro §r§7has been promoted to §r§7[154§r§7] §r§5Manager§r§7!
23:06:47 [allowed] §5Rabbit Cousin §r§7has been promoted to §r§7[140§r§7] §r§5Manager§r§7!
23:08:31 [allowed]  §9§l» §ahimej0shi §eis traveling to §aPrivate Island §e§lFOLLOW
23:08:36 [allowed]  §9§l» §ahimej0shi §eis traveling to §aThe End §e§lFOLLOW
