21:29:34 §e[SkyHanni] Reloaded 7,560 items in the NEU repo
21:34:08 §e[SkyHanni] Found a treasure chest location
21:34:57 §e[SkyHanni] Found a treasure chest location
21:35:03 §e[SkyHanni] Found a treasure chest location
21:35:06 §e[SkyHanni] Found a treasure chest location
21:35:08 §e[SkyHanni] Found a treasure chest location
21:35:13 §e[SkyHanni] Found a treasure chest location
21:46:46 §cHitman Rabbit! §d§lNEW §a§lUNCOMMON §aAlexa §7(§6+2 §7and §6+0.003x c/s!§7)
21:46:46 §cHitman Rabbit! §d§lNEW §f§lCOMMON §fHeidie §7(§6+1 §7and §6+0.002x c/s!§7)
21:46:46 §cHitman Rabbit! §d§lNEW §f§lCOMMON §fOliver §7(§6+1 §7and §6+0.002x c/s!§7)
21:46:46 §cHitman Rabbit! §7Duplicate §fMarlow §7(§6+§61.5M §6Chocolate§7)
21:46:46 §cHitman Rabbit! §d§lNEW §f§lCOMMON §fRolf §7(§6+1 §7and §6+0.002x c/s!§7)
21:46:46 §cHitman Rabbit! §d§lNEW §f§lCOMMON §fBlake §7(§6+1 §7and §6+0.002x c/s!§7)
22:21:23 §e[SkyHanni] Profit for Crystal Nucleus Run§e: §c-620k
22:23:33 §a§lPotion Effect! §r§aCombat XP Boost III
22:28:15 §e[SkyHanni] The Broodmother was killed!
22:28:29 §9Lunch Egg! §d§lNEW §5§lEPIC §5Kodo §7(§6+10 §7and §6+0.005x c/s!§7)
22:28:53 §aDinner Egg! §d§lNEW §a§lUNCOMMON §aBenji §7(§6+2 §7and §6+0.003x c/s!§7)
22:30:02 §e[SkyHanni] §eNext egg available in §b2m 27s§e.
22:30:40 §e[SkyHanni] The Broodmother was killed!
22:31:35 §e[SkyHanni] It took §b§e2s§e to kill §cVoidgloom Seraph 3.
22:32:00 §e[SkyHanni] The Broodmother was killed!
22:33:15 §e[SkyHanni] It took §b§e46s§e to kill §cVoidgloom Seraph 3.
22:33:18 §e[SkyHanni] It took §b§e14s§e to kill §aVoidgloom Seraph 1.
22:33:53 §e[SkyHanni] Slayer quest took §b2m 20s§e to complete.
22:34:44 §e[SkyHanni] It took §b§e12s§e to kill §aVoidgloom Seraph 1.
22:34:58 §e[SkyHanni] Slayer quest took §b1m 1s§e to complete.
22:34:59 §e[SkyHanni] It took §b§e39s§e to kill §cVoidgloom Seraph 3.
22:35:16 §e[SkyHanni] It took §b§e22s§e to kill §4Voidgloom Seraph 4.
22:35:40 §e[SkyHanni] It took §b§e21s§e to kill §4Voidgloom Seraph 4.
22:35:55 §e[SkyHanni] It took §b§e13s§e to kill §aVoidgloom Seraph 1.
22:36:03 §e[SkyHanni] Slayer quest took §b1m 3s§e to complete.
22:36:29 §e[SkyHanni] It took §b§e4s§e to kill §aVoidgloom Seraph 1.
22:37:02 §e[SkyHanni] It took §b§e15s§e to kill §aVoidgloom Seraph 1.
22:37:16 §e[SkyHanni] It took §b§e49s§e to kill §cVoidgloom Seraph 3.
22:38:58 §e[SkyHanni] Slayer quest took §b2m 42s§e to complete.
22:39:52 §e[SkyHanni] It took §b§e14s§e to kill §aVoidgloom Seraph 1.
22:39:59 §e[SkyHanni] Slayer quest took §b59s§e to complete.
22:40:03 §e[SkyHanni] It took §b§e38s§e to kill §cVoidgloom Seraph 3.
22:40:23 §e[SkyHanni] It took §b§e27s§e to kill §4Voidgloom Seraph 4.
22:40:25 §e[SkyHanni] It took §b§e1m 11s§e to kill §cVoidgloom Seraph 3.
22:40:44 §e[SkyHanni] It took §b§e16s§e to kill §aVoidgloom Seraph 1.
22:40:49 §e[SkyHanni] Slayer quest took §b48s§e to complete.
22:41:35 §e[SkyHanni] It took §b§e13s§e to kill §aVoidgloom Seraph 1.
22:41:40 §e[SkyHanni] §eTo edit hidden GUI elements:
 §7- §e1. Set a key in /sh edit.
 §7- §e2. Click that key while the GUI element is visible.
22:41:48 §e[SkyHanni] Slayer quest took §b56s§e to complete.
22:41:49 §e[SkyHanni] It took §b§e1m 23s§e to kill §cVoidgloom Seraph 3.
22:41:59 §e[SkyHanni] It took §b§e41s§e to kill §cVoidgloom Seraph 3.
22:42:23 §e[SkyHanni] It took §b§e7s§e to kill §aVoidgloom Seraph 1.
22:43:19 §e[SkyHanni] It took §b§e14s§e to kill §aVoidgloom Seraph 1.
22:43:26 §e[SkyHanni] Slayer quest took §b1m 36s§e to complete.
22:43:45 §e[SkyHanni] It took §b§e8s§e to kill §aVoidgloom Seraph 1.
22:45:48 §e[SkyHanni] Slayer quest took §b2m 15s§e to complete.
22:46:50 §e[SkyHanni] §cYour Time Tower just expired and has 1 charge remaining. Click here to open the Chocolate Factory Menu.
22:47:30 §e[SkyHanni] Slayer quest took §b1m 40s§e to complete.
22:48:18 §e[SkyHanni] Slayer quest took §b46s§e to complete.
22:57:09 §e[SkyHanni] Slayer quest took §b8m 48s§e to complete.
22:59:08 §e[SkyHanni] Slayer quest took §b1m 54s§e to complete.
23:00:02 §e[SkyHanni] Slayer quest took §b52s§e to complete.
23:04:56 §e[SkyHanni] Slayer quest took §b4m 52s§e to complete.
