06:39:58 [allowed] §aYou are still radiating with §bGenerosity§r§a!
06:40:10 [allowed] §b[MVP§2+§b] Spacse§f §6joined the lobby!
06:40:14 [allowed] §b[MVP§3+§b] Bunywabit§f §6joined the lobby!
06:40:14 [allowed]   §r§f§l➤ §r§6You have reached your Hype limit! Add Hype to Prototype Lobby minigames by right-clicking with the Hype Diamond!
06:40:14 [allowed] §b[MVP§c+§b] DJGRILL§f §6joined the lobby!
06:40:14 [allowed] §b[MVP§c+§b] Coopshiesty42069§f §6joined the lobby!
06:40:15 [allowed] §b[MVP§c+§b] JollyJack_§f §6joined the lobby!
06:40:15 [allowed] §a[VIP] Farhan1848§f§r§f: did everyone crash too?
06:40:15 [allowed] §b[MVP§c+§b] DrDuck420§f §6joined the lobby!
06:40:15 [allowed] §b[MVP§c+§b] Remification§f §6joined the lobby!
06:40:15 [allowed] §b[MVP§d+§b] woofPotato§f §6joined the lobby!
06:40:16 [allowed] §b[MVP§c+§b] powie9§f §6joined the lobby!
06:40:16 [allowed] §b[MVP§c+§b] Whatever424§f §6joined the lobby!
06:40:16 [allowed] §b[MVP§8+§b] FishyG§f§r§f: sevrer is ydying
06:40:16 [allowed]  §b>§c>§a>§r §r§6[MVP§0++§6] sosflare§f §6joined the lobby!§r §a<§c<§b<
06:40:16 [allowed] §b[MVP§4+§b] Seansheep106§f §6joined the lobby!
06:40:16 [allowed]  §b>§c>§a>§r §r§6[MVP§0++§6] Atomsplits§f §6joined the lobby!§r §a<§c<§b<
06:40:16 [allowed] §b[MVP§c+§b] Sheimpcake§f §6joined the lobby!
06:40:16 [allowed] §b[MVP§d+§b] BananaEater2468§f §6joined the lobby!
06:40:17 [allowed] §b[MVP§c+§b] StevanPL_45§f §6joined the lobby!
06:40:17 [allowed] §b[MVP§c+§b] efuzz§f §6joined the lobby!
06:40:17 [allowed] §b[MVP§c+§b] B3rent§f §6joined the lobby!
06:40:17 [allowed] §b[MVP§9+§b] UKCatFan§f §6joined the lobby!
06:40:17 [allowed] §b[MVP§e+§b] Youqianren§f §6joined the lobby!
06:40:17 [allowed] §b[MVP§c+§b] Lordendermen§f §6joined the lobby!
06:40:17 [allowed] §b[MVP§c+§b] Illidanfury§f §6joined the lobby!
06:40:17 [allowed] §b[MVP§c+§b] Only__Monika§f§r§f: servers are taking an absolute dump
06:40:17 [allowed] §b[MVP§c+§b] Nighthawk1234§f §6joined the lobby!
06:40:18 [allowed] §a[VIP] Beast_Oggy§f§r§f: yes
06:40:19 [allowed] §b[MVP§c+§b] kayydg§f §6joined the lobby!
06:40:19 [allowed] §b[MVP§9+§b] FinisScarlet§f §6joined the lobby!
06:40:20 [allowed] §b[MVP§c+§b] snoozuuu§f §6joined the lobby!
06:40:20 [allowed] §b[MVP§c+§b] Efun_08§f §6joined the lobby!
06:40:20 [allowed]  §b>§c>§a>§r §r§6[MVP§f++§6] Greenious§f §6joined the lobby!§r §a<§c<§b<
06:41:08 [allowed] §aYou are still radiating with §bGenerosity§r§a!
06:41:10 [allowed] §b[MVP§4+§b] Davisito11§f§r§f: good game fr fr
06:41:10 [allowed] §b[MVP§d+§b] nxxe§f §6joined the lobby!
06:41:10 [allowed] §b[MVP§9+§b] _Tacomelon§f §6joined the lobby!
06:41:11 [allowed]   §r§f§l➤ §r§6You have reached your Hype limit! Add Hype to Prototype Lobby minigames by right-clicking with the Hype Diamond!
06:41:11 [allowed] §b[MVP§c+§b] untimccuts12345§f §6joined the lobby!
06:41:11 [allowed] §b[MVP§c+§b] Conradisbest§f §6joined the lobby!
06:41:11 [allowed] §b[MVP§c+§b] zFizzi§f §6joined the lobby!
06:41:14 [allowed] §9§m-----------------------------------------------------
06:41:14 [allowed] §b[MVP§r§3+§r§b] catholicschool §r§einvited §r§a[VIP§r§6+§r§a] himej0shi §r§eto the party! They have §r§c60 §r§eseconds to accept.
06:41:14 [allowed] §9§m-----------------------------------------------------
06:41:14 [allowed] §b[MVP§9+§b] WeAreIngram§f §6joined the lobby!
06:41:14 [allowed] §b[MVP§c+§b] Pondlady§f §6joined the lobby!
06:41:17 [allowed] §b[MVP§a+§b] SLAPDRAG0N§f §6joined the lobby!
06:41:18 [allowed] §b[MVP§c+§b] Apex_dc§f §6joined the lobby!
06:41:18 [allowed] §9§m-----------------------------------------------------
06:41:18 [allowed] §a[VIP§r§6+§r§a] himej0shi §r§ejoined the party.
06:41:18 [allowed] §9§m-----------------------------------------------------
06:41:20 [allowed]  §b>§c>§a>§r §r§6[MVP§a++§6] predever§f §6joined the lobby!§r §a<§c<§b<
06:41:20 [allowed] §b[MVP§3+§b] Chubby_11§f §6joined the lobby!
06:41:21 [allowed] §b[MVP§d+§b] Derpymerps§f §6joined the lobby!
06:41:22 [allowed] §b[MVP§d+§b] RiceBeast§f §6joined the lobby!
06:41:22 [allowed] §b[MVP§d+§b] FranFu§f §6joined the lobby!
06:41:23 [allowed] §b[MVP§d+§b] BTernaryTau§f §6joined the lobby!
06:41:24 [allowed] §b[MVP§9+§b] Capna§f §6joined the lobby!
06:41:24 [allowed] §b[MVP§d+§b] BadAdd§f §6joined the lobby!
06:41:25 [allowed] §b[MVP§6+§b] Real_OreKk§f §6joined the lobby!
06:41:25 [allowed] §b[MVP§c+§b] imsolosercore§f §6joined the lobby!
06:41:26 [allowed] §b[MVP§2+§b] SovietSol§f §6joined the lobby!
06:41:27 [allowed]  §b>§c>§a>§r §r§6[MVP§1++§6] KyRant§f §6joined the lobby!§r §a<§c<§b<
06:41:27 [allowed] §b[MVP§c+§b] IMadeThisName18§f §6joined the lobby!
06:41:28 [allowed] §aYou are still radiating with §bGenerosity§r§a!
06:41:30 [allowed] §b[MVP§5+§b] CatgirlCybeh§f §6joined the lobby!
06:41:43 [allowed] §9§m-----------------------------------------------------
06:41:43 [allowed] §a[VIP§r§6+§r§a] himej0shi §r§ehas disconnected, they have §r§c5 §r§eminutes to rejoin before they are removed from the party.
06:41:43 [allowed] §9§m-----------------------------------------------------
06:41:43 [allowed] §2Guild > §r§ahimej0shi §r§eleft.
