13:17:01 Trying to load config from config\skyhanni\config.json
13:17:01 load-config-now
13:17:02 Loaded config from file
13:17:02 Trying to load sacks from config\skyhanni\sacks.json
13:17:02 load-sacks-now
13:17:02 Loaded sacks from file
13:17:02 Trying to load friends from config\skyhanni\friends.json
13:17:02 load-friends-now
13:17:02 Loaded friends from file
13:17:02 Trying to load known_features from config\skyhanni\known_features.json
13:17:02 load-known_features-now
13:17:02 Loaded known_features from file
13:17:02 Trying to load jacob_contests from config\skyhanni\jacob_contests.json
13:17:02 load-jacob_contests-now
13:17:02 Loaded jacob_contests from file
13:17:02 Trying to load visual_words from config\skyhanni\visual_words.json
13:17:02 Setting visual_words to be blank as it did not exist. It will be saved once something is written to it
13:17:02 Trying to load pets from config\skyhanni\pets.json
13:17:02 load-pets-now
13:17:02 Loaded pets from file
13:17:02 Trying to load storage from config\skyhanni\storage.json
13:17:02 load-storage-now
13:17:02 Loaded storage from file
13:17:02 Trying to load routes from config\skyhanni\routes.json
13:17:02 load-routes-now
13:17:02 Loaded routes from file
13:17:34 saveConfig: Updated known feature flags
13:17:34 Saving known_features file
13:17:34 Saved known_features file successfully
13:17:34 saveConfig: Updated known feature flags
13:17:34 Saving known_features file
13:17:34 Saved known_features file successfully
13:18:02 saveConfig: auto-save-60s
13:18:02 Saving config file
13:18:02 Saved config file successfully
13:18:02 saveConfig: auto-save-60s
13:18:02 Saving config file
13:18:02 Saved config file successfully
13:18:17 saveConfig: shutdown-hook
13:18:17 Saving config file
13:18:17 Saved config file successfully
13:18:17 saveConfig: shutdown-hook
13:18:17 Saving config file
