06:53:26 Trying to load config from config\skyhanni\config.json
06:53:26 load-config-now
06:53:26 Loaded config from file
06:53:26 Trying to load sacks from config\skyhanni\sacks.json
06:53:26 load-sacks-now
06:53:26 Loaded sacks from file
06:53:26 Trying to load friends from config\skyhanni\friends.json
06:53:26 load-friends-now
06:53:26 Loaded friends from file
06:53:26 Trying to load known_features from config\skyhanni\known_features.json
06:53:26 load-known_features-now
06:53:26 Loaded known_features from file
06:53:26 Trying to load jacob_contests from config\skyhanni\jacob_contests.json
06:53:26 load-jacob_contests-now
06:53:26 Loaded jacob_contests from file
06:53:26 Trying to load visual_words from config\skyhanni\visual_words.json
06:53:26 Setting visual_words to be blank as it did not exist. It will be saved once something is written to it
06:53:26 Trying to load pets from config\skyhanni\pets.json
06:53:26 load-pets-now
06:53:26 Loaded pets from file
06:53:26 Trying to load storage from config\skyhanni\storage.json
06:53:26 load-storage-now
06:53:26 Loaded storage from file
06:53:26 Trying to load routes from config\skyhanni\routes.json
06:53:26 load-routes-now
06:53:26 Loaded routes from file
